20:17:38 : Side: Tiadashi: Im at my base 
20:17:48 : Side: Bolter: kk
20:18:04 : Side: Tiadashi: mission nearby want me to meet elsewhere>?
20:18:20 : Side: Bolter: put a marker
20:18:40 : Side: Tiadashi: k done
20:22:13 : Side: Tiadashi: in
20:26:54 : Side: Tiadashi: chopper below
20:27:04 : Side: Tiadashi: usec?
20:27:33 : Side: Tiadashi: or another mi civ?
20:28:46 : Side: Tiadashi: its gtg
20:28:55 : Side: Bolter: 1 bc
20:29:09 : Side: Tiadashi: want me to go sell it at Naf?
20:29:24 : Side: Bolter: we can lift it I think
20:29:30 : Side: Tiadashi: ahh
20:29:38 : Side: Bolter: is it full?
20:29:50 : Side: Tiadashi: yep
20:29:58 : Side: Bolter: lets use that then
20:30:26 : Side: Bolter: quick bio
20:30:34 : Side: Tiadashi: kk
20:32:16 : Side: Bolter: back
20:32:53 : Side: Tiadashi: saw some callouts b4 i got in chopper but they were trobz n my usec
20:35:59 : Side: Tiadashi: osprey below
20:37:06 : Side: Bolter: doh
20:37:19 : Side: Bolter: didn't meant to do that Xb
20:37:34 : Side: Tiadashi: heh
20:37:45 : Side: Tiadashi: osprey behind and call out at end of strip
20:38:13 : Side: Tiadashi: want me to eject that one?
20:38:29 : Side: Bolter: grab the bubble. I'll sell this
20:38:34 : Side: Tiadashi: kk
20:38:37 : Side: Bolter: mv no good to patrol
20:40:36 : Side: Tiadashi: gpk here yers?
20:40:43 : Side: Bolter: nope
20:42:28 : Side: Tiadashi: got 2 down
20:42:39 : Side: Tiadashi: ones visually sliding on my screen
20:42:44 : Side: Bolter: don't see anymore
20:43:04 : Side: Bolter: i'll take the osprey to the hv
20:43:12 : Side: Tiadashi: kk
20:48:14 : Side: Bolter: missions otw
20:48:21 : Side: Tiadashi: yerp
20:56:43 : Side: Tiadashi: got 2 out there
20:56:44 : Side: Bolter: ur cut
20:56:47 : Side: Tiadashi: kk
20:57:13 : Side: Tiadashi: got em
20:59:02 : Side: Tiadashi: that usec is the same one from friday if you wanna get rid of it
20:59:23 : Side: Bolter: i figured u were storing lewt in it
20:59:41 : Side: Tiadashi: was just f'n around
21:00:26 : Side: Bolter: does the hv buy it?
21:00:27 : Side: Tiadashi: call out earlier tween hero and worb
21:00:38 : Side: Tiadashi: i think so?
21:00:57 : Side: Bolter: i saw an armed suv earlier
21:01:07 : Side: Tiadashi: marked the call out - kk
21:02:45 : Side: Tiadashi: oh yeah i see it
21:03:41 : Side: Bolter: u wana see if we can lift it?
21:03:49 : Side: Bolter: hold on, brb
21:03:50 : Side: Tiadashi: might as welol
21:06:00 : Side: Bolter: nope
21:06:02 : Side: Tiadashi: want me to just drive it?
21:11:33 : Side: Bolter: i gota log. I left a dihskm by the hv if u need it
21:11:46 : Side: Tiadashi: kk o7
21:11:57 : Side: Bolter: sell the usec too. before the next reset
21:12:06 : Side: Tiadashi: aighty
21:12:34 : Side: Bolter: okies maing. good gaming. catcha laters
21:12:45 : Side: Tiadashi: S
