16:43:32 : Side: Tiadashi: Heyo 8)
16:43:50 : Side: Bolter: SUPS
16:44:03 : Side: Tiadashi: u patrolling for choppers?
16:44:36 : Side: Bolter: yeah
16:44:54 : Side: Bolter: an osprey spawned
16:45:51 : Side: Tiadashi: my base is gone 8X
16:46:07 : Side: Bolter: doh
16:46:55 : Side: Bolter: mine was still there
16:47:31 : Side: Tiadashi: ya weird some of it is still here some of the roofing i bullt like 2 days ago but thats it
16:50:02 : Side: Tiadashi: if u want some company on your patrol stop by
16:50:15 : Side: Bolter: almost there
16:51:29 : Side: Tiadashi: in
16:52:36 : Side: Bolter: eject
16:52:49 : Side: Tiadashi: what got us
16:52:54 : Side: Bolter: mossion 50s
16:53:12 : Side: Tiadashi: doh
16:53:17 : Side: Bolter: easy come, easy goes ;b
16:53:21 : Side: Tiadashi: heh
16:53:23 : Side: Bolter: u get the huey?
16:53:37 : Side: Tiadashi: dont think so it was far off
16:53:43 : Side: Bolter: lets take a knee in a bldg. need bio
16:53:52 : Side: Tiadashi: kk
16:54:46 : Side: Bolter: popped just then. were right next
16:54:51 : Side: Bolter: afk, brb
16:54:53 : Side: Tiadashi: yerp
22:33:51 : Side: Tiadashi: Heyo 8)
22:34:07 : Side: Casey: hey dan
