19:00:09 : Side: Shocker329: hey tiadashi your nowhere near Lenzburg right?
19:00:31 : Side: Tiadashi: Heya im muttenz atm
19:00:57 : Side: Shocker329: ok well i was gonna camp AI near trader just a heads up
19:01:11 : Side: Tiadashi: alrighty thxs for the warning 8)
19:01:19 : Side: Shocker329: np
19:04:15 : Side: Shocker329: is it just me, or does the AI show up when you dont want it to, but when you do, it never shows up
19:04:35 : Side: Tiadashi: heh ya that about sums it up half the time
19:05:11 : Side: Tiadashi: I usually farm the airstrips they have constant ai spawns and barracks to lewt
19:06:07 : Side: Shocker329: lewt lol, yea it seemed like yesterday i could never get a break being near the trader, im seeing lots of helis but nothing on the grounds
19:07:11 : Side: Tiadashi: ya it can be really random I just saw like 3 vehicles donw here 8P
19:07:19 : Side: Tiadashi: down"
19:08:39 : Side: Shocker329: yea, but if you get near the trader warn me so i dont...ya know, kill you, although my aim is total shite anyway
19:11:17 : Side: Tiadashi: aighty 8)
19:11:32 : Side: Shocker329: that response time though
19:12:09 : Side: Tiadashi: heh
19:12:33 : Side: Shocker329: well im actually moving on further down the road
19:12:36 : Side: Shocker329: now
19:13:00 : Side: Tiadashi: aight
19:14:53 : Side: Tiadashi: if you need any assistance let me know im in the muttenz area
19:15:05 : Side: Shocker329: ok good to know
19:50:37 : Side: Tiadashi: headin to lenz area fyi
19:50:47 : Side: Shocker329: im at AWOl
19:50:58 : Side: Tiadashi: nice should be good lewts 8)
19:51:08 : Side: Shocker329: yep
20:03:23 : Side: Tiadashi: doh
20:04:50 : Side: Shocker329: the zombies screwed me over in that situation
20:05:11 : Side: Tiadashi: ya they can be annoying as hell 8P
20:05:25 : Side: Shocker329: well i could use a ride
20:07:20 : Side: Tiadashi: where ya at
20:08:11 : Side: Shocker329: sorry zombie problem
20:08:20 : Side: Tiadashi: no worries
20:08:42 : Side: Shocker329: seewen
20:08:54 : Side: Shocker329: near nprdic boats
20:09:36 : Side: Tiadashi: im at the N wholesaler atm I can give ya a lift
20:09:43 : Side: Shocker329: cool
20:09:50 : Side: Shocker329: ill meet you on the main road
20:09:57 : Side: Tiadashi: k
20:12:03 : Side: Shocker329: ill be in abach
20:12:12 : Side: Tiadashi: k omw
20:12:25 : Side: Shocker329: thank you
20:12:48 : Side: Tiadashi: np
20:13:43 : Side: Shocker329: cant tell how much i appreciate this
20:13:46 : Side: Tiadashi: to the airstrip then?
20:13:49 : Side: Shocker329: yea
20:14:04 : Side: Shocker329: or until we find a car
20:14:59 : Side: Shocker329: goin to build a base?
20:15:08 : Side: Tiadashi: yep in the process
20:15:22 : Side: Shocker329: cool i need to get work on ours
20:16:19 : Side: Tiadashi: chopper
20:16:27 : Side: Shocker329: yea see it
20:17:22 : Side: Tiadashi: that one any good?
20:17:33 : Side: Shocker329: its low on fuel but yea it is
20:17:42 : Side: Tiadashi: will it get ya there
20:17:53 : Side: Shocker329: ok thanks ill take it from here it should het me there
20:18:03 : Side: Tiadashi: k great good luck 8)
20:18:10 : Side: Shocker329: thankl you again
20:18:26 : Side: Tiadashi: yep nps 8)
20:23:21 : Side: Shocker329: ok im goin AFK for a second
20:23:25 : Side: Tiadashi: aighty
20:25:17 : Side: Shocker329: ok im back
20:25:23 : Side: Tiadashi: wb 8)
20:28:14 : Side: Shocker329: ok got my stuff im outie
20:28:45 : Side: Tiadashi: nice take care 8)
20:29:20 : Side: Shocker329: ok makin my way back to trader
20:29:53 : Side: Tiadashi: aighty
20:47:33 : Side: Shocker329: hey ima go for a bit but i may be back on tonight just depends
20:47:46 : Side: Tiadashi: okay take care and enjoy your night 8)
20:47:53 : Side: Shocker329: thanks
