01:20:09 : Side: Tiadashi: HEyo i see u
01:22:13 : Side: Bolter: sup maing
01:23:25 : Side: Tiadashi: ai down or up
01:23:40 : Side: Bolter: they're due
01:26:41 : Side: Tiadashi: hanger ai
01:28:24 : Side: Tiadashi: at at gap in wall barracks
01:29:20 : Side: Tiadashi: heh
01:29:37 : Side: Bolter: he got up again?
01:29:41 : Side: Tiadashi: ya 
01:29:51 : Side: Tiadashi: hes down again though
01:30:15 : Side: Tiadashi: i think they are all down
01:30:38 : Side: Tiadashi: whats da planny
01:31:43 : Side: Bolter: lewt while were here
01:31:49 : Side: Tiadashi: kkw
01:36:35 : Side: Bolter: up in the blockhouse. quick afk
01:36:50 : Side: Tiadashi: ai up at blackhouse ens
01:36:53 : Side: Tiadashi: end
01:37:22 : Side: Bolter: radio blockhouse?
01:37:26 : Side: Tiadashi: ya
01:37:29 : Side: Tiadashi: 3
01:39:31 : Side: Tiadashi: k they down
01:40:47 : Side: Tiadashi: afk on roof if u need to
01:41:12 : Side: Bolter: at room w ladder
01:41:28 : Side: Tiadashi: k
21:07:41 : Side: Shocker329: is there night on this server?
21:08:01 : Side: Bolter: nope, but light changes from dawn to dusk
21:08:07 : Side: Shocker329: cool thanls
21:08:11 : Side: Tiadashi: that sucks
21:14:45 : Side: FlueShot: is this PVP?
21:15:13 : Side: Tiadashi: i dont think so but I havent talked to the admin since he put it up
21:15:25 : Side: FlueShot: ok cool thanks
21:15:35 : Side: Tiadashi: u were killed by ai though it says in the upper left corner what people die from
21:15:59 : Side: FlueShot: yeah, i spawned by this mission and dont have a good weapon yet
21:16:08 : Side: Tiadashi: doh
21:16:19 : Side: FlueShot: lol  they going to get rekt! 
21:21:09 : Side: Tiadashi: careful theres also random ai foot and vehicle patrols
21:21:37 : Side: Tiadashi: bastards pop up on foot at the worst times it seems like
21:21:57 : Side: Shocker329: yea we know it all to well
21:22:37 : Side: FlueShot: I learned my leason.....pistol vs AI is not a good idea lol
21:23:09 : Side: Tiadashi: heh 8X
21:42:47 : Side: Tiadashi: good luck yall im a take a break for a bit o7
21:43:01 : Side: FlueShot: ok cool i think i just saw you in a heli?
21:43:13 : Side: Tiadashi: no im down south atm on foot
21:43:31 : Side: FlueShot: oh.....hmmm
21:43:39 : Side: FlueShot: do ai fly heli's
21:43:45 : Side: Tiadashi: yes
21:44:16 : Side: FlueShot: oh crap then......lol see you in a bit :) 
