00:00:01 : Lost Connection!
﻿00:00:01 : Closing socket & exiting!
﻿00:01:15 : Rcon client logging in
﻿00:01:15 : RCon admin #1 (127.0.0.1:61912) logged in
﻿00:41:36 : Player #0 Jose Luis (186.113.155.28:2304) connected
﻿00:41:38 : Player #0 Jose Luis - GUID: d9558a067db2e5932e8a58c619edb83d (unverified)
﻿00:41:39 : Verified GUID (d9558a067db2e5932e8a58c619edb83d) of player #0 Jose Luis
﻿00:41:40 : Player #0 Jose Luis - Legacy GUID: 7beaaf3c723b44978f2c26b96411e08c
﻿01:20:59 : Player #1 Chavito (181.167.243.93:2304) connected
﻿01:21:00 : Player #1 Chavito - GUID: cbea9bdd7db18886dad726406e212d60 (unverified)
﻿01:21:00 : Verified GUID (cbea9bdd7db18886dad726406e212d60) of player #1 Chavito
﻿01:21:01 : Player #1 Chavito - Legacy GUID: 3be9ceea867325de0b8f82971c391ac0
﻿01:23:05 : Player #1 Chavito (cbea9bdd7db18886dad726406e212d60) has been kicked by BattlEye: Client not responding
﻿01:34:04 : Player #0 Jose Luis disconnected
﻿02:45:00 : RCon admin #1: (Global) BEC : This server will restart in 15 minutes
﻿02:55:00 : RCon admin #1: (Global) BEC : This server will restart in 5 minutes
﻿02:59:00 : RCon admin #1: (Global) BEC : This server will restart in 1 minute, Log out now!
﻿03:00:01 : Lost Connection!
﻿03:00:01 : Closing socket & exiting!
﻿03:01:15 : Rcon client logging in
﻿03:01:15 : RCon admin #1 (127.0.0.1:65113) logged in
﻿04:11:54 : Player #0 JF (190.185.192.18:26512) connected
﻿04:11:57 : Player #0 JF - GUID: 93a2a9d9bc7acb34122becec3305fde7 (unverified)
﻿04:11:57 : Verified GUID (93a2a9d9bc7acb34122becec3305fde7) of player #0 JF
﻿04:11:57 : Player #0 JF - Legacy GUID: 1e3460faa1452299ec3b5f220fe797e0
﻿05:43:00 : Player #0 JF disconnected
﻿05:45:00 : RCon admin #1: (Global) BEC : This server will restart in 15 minutes
﻿05:55:00 : RCon admin #1: (Global) BEC : This server will restart in 5 minutes
﻿05:59:00 : RCon admin #1: (Global) BEC : This server will restart in 1 minute, Log out now!
﻿06:00:01 : Lost Connection!
﻿06:00:01 : Closing socket & exiting!
﻿06:01:15 : Rcon client logging in
﻿06:01:15 : RCon admin #1 (127.0.0.1:56115) logged in
﻿08:45:00 : RCon admin #1: (Global) BEC : This server will restart in 15 minutes
﻿08:55:00 : RCon admin #1: (Global) BEC : This server will restart in 5 minutes
﻿08:59:00 : RCon admin #1: (Global) BEC : This server will restart in 1 minute, Log out now!
﻿09:00:01 : Lost Connection!
﻿09:00:01 : Closing socket & exiting!
﻿09:01:06 : Rcon client logging in
﻿09:01:06 : RCon admin #1 (127.0.0.1:64643) logged in
﻿11:45:00 : RCon admin #1: (Global) BEC : This server will restart in 15 minutes
﻿11:55:00 : RCon admin #1: (Global) BEC : This server will restart in 5 minutes
﻿11:59:00 : RCon admin #1: (Global) BEC : This server will restart in 1 minute, Log out now!
﻿12:00:01 : Lost Connection!
﻿12:00:01 : Closing socket & exiting!
﻿12:01:07 : Rcon client logging in
﻿12:01:07 : RCon admin #1 (127.0.0.1:51465) logged in
﻿14:45:00 : RCon admin #1: (Global) BEC : This server will restart in 15 minutes
﻿14:55:00 : RCon admin #1: (Global) BEC : This server will restart in 5 minutes
﻿14:59:00 : RCon admin #1: (Global) BEC : This server will restart in 1 minute, Log out now!
﻿15:00:02 : Lost Connection!
﻿15:00:02 : Closing socket & exiting!
﻿15:01:07 : Rcon client logging in
﻿15:01:07 : RCon admin #1 (127.0.0.1:51950) logged in
﻿17:23:21 : Player #0 [DMN]-Mario (179.60.255.227:2304) connected
﻿17:23:23 : Player #0 [DMN]-Mario - Legacy GUID: 56ac695fcf6c9ba0429307fd875141a4
﻿17:23:23 : Player #0 [DMN]-Mario - GUID: 90efe9555b6c518bdd5ab751845d62ac (unverified)
﻿17:23:23 : Verified GUID (90efe9555b6c518bdd5ab751845d62ac) of player #0 [DMN]-Mario
﻿17:45:00 : RCon admin #1: (Global) BEC : This server will restart in 15 minutes
﻿17:51:05 : Player #0 [DMN]-Mario disconnected
﻿17:55:00 : RCon admin #1: (Global) BEC : This server will restart in 5 minutes
﻿17:55:12 : Player #0 Derek (186.228.63.153:43235) connected
﻿17:55:14 : Player #0 Derek - GUID: ac6dda5a7714a4ec6777731c1def240a (unverified)
﻿17:55:15 : Player #0 Derek - Legacy GUID: efa51632d80cfcde8932fca4e97c35c2
﻿17:55:15 : Verified GUID (ac6dda5a7714a4ec6777731c1def240a) of player #0 Derek
﻿17:59:00 : RCon admin #1: (Global) BEC : This server will restart in 1 minute, Log out now!
﻿18:00:02 : Lost Connection!
﻿18:00:02 : Closing socket & exiting!
﻿18:01:15 : Rcon client logging in
﻿18:01:15 : RCon admin #1 (127.0.0.1:58336) logged in
﻿18:11:04 : Player #0 [DMN]-Mario (179.60.255.227:2304) connected
﻿18:11:09 : Player #0 [DMN]-Mario - GUID: 90efe9555b6c518bdd5ab751845d62ac (unverified)
﻿18:11:09 : Verified GUID (90efe9555b6c518bdd5ab751845d62ac) of player #0 [DMN]-Mario
﻿18:11:12 : Player #0 [DMN]-Mario - Legacy GUID: 56ac695fcf6c9ba0429307fd875141a4
﻿18:38:30 : Player #1 Tio  Chuck (189.26.61.24:2304) connected
﻿18:38:34 : Player #1 Tio  Chuck - Legacy GUID: c870a8c9b20cfc479e46e729b49a443d
﻿18:38:36 : Player #1 Tio  Chuck - GUID: e734115a25c971cbcf8846b4ff771d85 (unverified)
﻿18:38:36 : Verified GUID (e734115a25c971cbcf8846b4ff771d85) of player #1 Tio  Chuck
﻿18:38:37 : Player #1 Tio  Chuck disconnected
﻿18:45:58 : Player #1 Agustin (181.22.15.88:2304) connected
﻿18:45:59 : Player #1 Agustin - GUID: 0b0a46fef1130a3d93b3032a25f2427c (unverified)
﻿18:46:00 : Player #1 Agustin - Legacy GUID: 3ecb37fe4b092a21c8a1c69b5ad2b9d4
﻿18:46:00 : Verified GUID (0b0a46fef1130a3d93b3032a25f2427c) of player #1 Agustin
﻿19:00:14 : Player #1 Agustin disconnected
﻿19:01:06 : Player #0 [DMN]-Mario (90efe9555b6c518bdd5ab751845d62ac) has been kicked by BattlEye: Ping too high (718)
﻿19:05:14 : Player #0 [DMN]-Mario (179.60.255.227:2304) connected
﻿19:05:17 : Player #0 [DMN]-Mario - GUID: 90efe9555b6c518bdd5ab751845d62ac (unverified)
﻿19:05:18 : Verified GUID (90efe9555b6c518bdd5ab751845d62ac) of player #0 [DMN]-Mario
﻿19:05:19 : Player #0 [DMN]-Mario - Legacy GUID: 56ac695fcf6c9ba0429307fd875141a4
﻿19:12:02 : Player #0 [DMN]-Mario (90efe9555b6c518bdd5ab751845d62ac) has been kicked by BattlEye: Ping too high (1420)
﻿19:16:14 : Player #0 [DMN]-Mario (179.60.255.227:2304) connected
﻿19:16:17 : Player #0 [DMN]-Mario - GUID: 90efe9555b6c518bdd5ab751845d62ac (unverified)
﻿19:16:18 : Verified GUID (90efe9555b6c518bdd5ab751845d62ac) of player #0 [DMN]-Mario
﻿19:16:19 : Player #0 [DMN]-Mario - Legacy GUID: 56ac695fcf6c9ba0429307fd875141a4
﻿19:29:50 : Player #1 Nikyta (181.167.218.22:2304) connected
﻿19:29:51 : Player #1 Nikyta - GUID: d18bc2163de1a6abe8924f2e0788680b (unverified)
﻿19:29:52 : Verified GUID (d18bc2163de1a6abe8924f2e0788680b) of player #1 Nikyta
﻿19:29:52 : Player #1 Nikyta - Legacy GUID: d294364f535d1f02da4e01c50aaec207
﻿19:36:01 : Player #1 Nikyta disconnected
﻿20:10:48 : Player #1 Jose Luis (186.115.108.155:2304) connected
﻿20:10:50 : Player #1 Jose Luis - GUID: d9558a067db2e5932e8a58c619edb83d (unverified)
﻿20:10:50 : Player #1 Jose Luis - Legacy GUID: 7beaaf3c723b44978f2c26b96411e08c
﻿20:10:51 : Verified GUID (d9558a067db2e5932e8a58c619edb83d) of player #1 Jose Luis
﻿20:16:54 : Player #0 [DMN]-Mario (90efe9555b6c518bdd5ab751845d62ac) has been kicked by BattlEye: Ping too high (484)
﻿20:26:36 : Player #0 [DMN]-Mario (179.60.255.227:2304) connected
﻿20:27:09 : Player #0 [DMN]-Mario (-) has been kicked by BattlEye: Client not responding
﻿20:45:00 : RCon admin #1: (Global) BEC : This server will restart in 15 minutes
﻿20:55:00 : RCon admin #1: (Global) BEC : This server will restart in 5 minutes
﻿20:59:00 : RCon admin #1: (Global) BEC : Server restart in 1 minute, Log out NOW!
﻿20:59:53 : Player #1 Jose Luis disconnected
﻿21:00:01 : Lost Connection!
﻿21:00:01 : Closing socket & exiting!
﻿21:01:15 : Rcon client logging in
﻿21:01:15 : RCon admin #1 (127.0.0.1:57035) logged in
﻿23:45:00 : RCon admin #1: (Global) BEC : This server will restart in 15 minutes
﻿23:55:00 : RCon admin #1: (Global) BEC : This server will restart in 5 minutes
﻿23:59:00 : RCon admin #1: (Global) BEC : This server will restart in 1 minute, Log out now!
