00:00:02 : Lost Connection!
﻿00:00:02 : Closing socket & exiting!
﻿00:01:15 : Rcon client logging in
﻿00:01:15 : RCon admin #1 (127.0.0.1:61482) logged in
﻿00:02:52 : Player #0 Bad Guy (24.232.71.49:2304) connected
﻿00:02:53 : Player #0 Bad Guy - GUID: dda8f26d97fcb7ca8899f7f65d8536cf (unverified)
﻿00:02:53 : Player #0 Bad Guy - Legacy GUID: e63f5403618860de28c9af75ce0b2365
﻿00:02:54 : Verified GUID (dda8f26d97fcb7ca8899f7f65d8536cf) of player #0 Bad Guy
﻿00:03:15 : Player #1 JF (190.185.192.18:26512) connected
﻿00:03:51 : Player #1 JF - GUID: 93a2a9d9bc7acb34122becec3305fde7 (unverified)
﻿00:03:51 : Player #1 JF - Legacy GUID: 1e3460faa1452299ec3b5f220fe797e0
﻿00:03:52 : Verified GUID (93a2a9d9bc7acb34122becec3305fde7) of player #1 JF
﻿00:10:20 : Player #2 Nikyta (181.167.248.65:2304) connected
﻿00:10:21 : Player #2 Nikyta - GUID: d18bc2163de1a6abe8924f2e0788680b (unverified)
﻿00:10:21 : Verified GUID (d18bc2163de1a6abe8924f2e0788680b) of player #2 Nikyta
﻿00:10:22 : Player #2 Nikyta - Legacy GUID: d294364f535d1f02da4e01c50aaec207
﻿00:13:43 : Player #3 daniel (190.100.255.71:2304) connected
﻿00:13:46 : Player #3 daniel - GUID: 1a8ce1427cec916632291c8068bb484e (unverified)
﻿00:13:46 : Verified GUID (1a8ce1427cec916632291c8068bb484e) of player #3 daniel
﻿00:13:47 : Player #3 daniel - Legacy GUID: c0f5ace24b8f8ea15d263b82c69a09d9
﻿00:13:48 : Player #3 daniel disconnected
﻿00:15:01 : Player #3 daniel (190.100.255.71:2304) connected
﻿00:15:03 : Player #3 daniel - GUID: 1a8ce1427cec916632291c8068bb484e (unverified)
﻿00:15:03 : Verified GUID (1a8ce1427cec916632291c8068bb484e) of player #3 daniel
﻿00:15:04 : Player #3 daniel - Legacy GUID: c0f5ace24b8f8ea15d263b82c69a09d9
﻿00:15:05 : Player #3 daniel disconnected
﻿00:15:09 : Player #3 Nico (190.46.237.226:2304) connected
﻿00:15:10 : Player #3 Nico - GUID: 5a12df22d53a4658db994c10d4e9ba84 (unverified)
﻿00:15:11 : Verified GUID (5a12df22d53a4658db994c10d4e9ba84) of player #3 Nico
﻿00:15:11 : Player #3 Nico - Legacy GUID: 4632db8aa08ba0fc2f073846b4249bbc
﻿00:15:12 : Player #3 Nico disconnected
﻿00:53:51 : Player #3 volkgranadier (189.85.160.73:27016) connected
﻿00:53:52 : Player #3 volkgranadier - GUID: edcd8946a145d4580f2cd0ff63e5e420 (unverified)
﻿00:53:52 : Verified GUID (edcd8946a145d4580f2cd0ff63e5e420) of player #3 volkgranadier
﻿00:53:53 : Player #3 volkgranadier - Legacy GUID: 07e25fb3095e06856474e99759cd37f1
﻿00:53:54 : Player #3 volkgranadier disconnected
﻿01:22:29 : Player #3 SOTOXX (186.156.10.215:2304) connected
﻿01:22:30 : Player #3 SOTOXX - GUID: d81f403eb46091231ec80492f8a37fdc (unverified)
﻿01:22:30 : Verified GUID (d81f403eb46091231ec80492f8a37fdc) of player #3 SOTOXX
﻿01:22:31 : Player #3 SOTOXX - Legacy GUID: ca86e6da65ce5ee357aa695dfc311f03
﻿01:22:31 : Player #3 SOTOXX disconnected
﻿01:30:00 : Player #3 KEVINTHUNDER (200.3.172.35:2304) connected
﻿01:30:01 : Player #3 KEVINTHUNDER - GUID: efd43ab1f11502449a3a92283bd03529 (unverified)
﻿01:30:02 : Player #3 KEVINTHUNDER - Legacy GUID: 63a449e139ce803345d6db2f1c9bf652
﻿01:30:02 : Verified GUID (efd43ab1f11502449a3a92283bd03529) of player #3 KEVINTHUNDER
﻿01:30:02 : Player #3 KEVINTHUNDER disconnected
﻿01:30:13 : Player #3 juan (186.22.173.62:2304) connected
﻿01:30:14 : Player #3 juan - GUID: 3c6c048346652b2441b43e719a05201a (unverified)
﻿01:30:15 : Verified GUID (3c6c048346652b2441b43e719a05201a) of player #3 juan
﻿01:30:15 : Player #3 juan - Legacy GUID: 3913b982b8c60e961ef4fc2d2bc88df7
﻿01:32:00 : Player #4 KEVINTHUNDER (200.3.172.35:2304) connected
﻿01:32:01 : Player #4 KEVINTHUNDER - GUID: efd43ab1f11502449a3a92283bd03529 (unverified)
﻿01:32:02 : Verified GUID (efd43ab1f11502449a3a92283bd03529) of player #4 KEVINTHUNDER
﻿01:32:02 : Player #4 KEVINTHUNDER - Legacy GUID: 63a449e139ce803345d6db2f1c9bf652
﻿01:34:33 : Player #4 KEVINTHUNDER - Legacy GUID: 63a449e139ce803345d6db2f1c9bf652
﻿01:37:47 : Player #4 KEVINTHUNDER disconnected
﻿01:42:19 : Player #2 Nikyta disconnected
﻿01:53:05 : Player #3 juan disconnected
﻿01:54:38 : Player #0 Bad Guy disconnected
﻿02:00:30 : Player #1 JF disconnected
﻿02:04:12 : Player #0 JF (190.185.192.18:26512) connected
﻿02:04:14 : Player #0 JF - GUID: 93a2a9d9bc7acb34122becec3305fde7 (unverified)
﻿02:04:14 : Player #0 JF - Legacy GUID: 1e3460faa1452299ec3b5f220fe797e0
﻿02:04:14 : Verified GUID (93a2a9d9bc7acb34122becec3305fde7) of player #0 JF
﻿02:04:16 : Player #1 A-Gusto (181.95.85.45:2304) connected
﻿02:04:18 : Player #1 A-Gusto - GUID: b3242e53507c0c26bc03e49a518eddd4 (unverified)
﻿02:04:18 : Verified GUID (b3242e53507c0c26bc03e49a518eddd4) of player #1 A-Gusto
﻿02:04:18 : Player #1 A-Gusto - Legacy GUID: af4f485211c601a2929da6a53bccc6ba
﻿02:10:01 : RCon admin #1: (To A-Gusto) BEC : You have about 60 seconds left to join the mission.
﻿02:23:23 : Player #2 Cartonauta (190.192.240.140:2304) connected
﻿02:23:24 : Player #2 Cartonauta - GUID: c92035b4ff453963f118bb7a7b9f57c7 (unverified)
﻿02:23:25 : Verified GUID (c92035b4ff453963f118bb7a7b9f57c7) of player #2 Cartonauta
﻿02:23:25 : Player #2 Cartonauta - Legacy GUID: b4d7ba77d3ce33d958d4bef245ab76cd
﻿02:45:00 : RCon admin #1: (Global) BEC : This server will restart in 15 minutes
﻿02:48:27 : Player #1 A-Gusto disconnected
﻿02:55:00 : RCon admin #1: (Global) BEC : This server will restart in 5 minutes
﻿02:59:00 : RCon admin #1: (Global) BEC : This server will restart in 1 minute, Log out now!
﻿03:00:01 : Lost Connection!
﻿03:00:01 : Closing socket & exiting!
﻿03:01:15 : Rcon client logging in
﻿03:01:17 : RCon admin #1 (127.0.0.1:64564) logged in
﻿03:01:53 : Player #1 JF (190.185.192.18:26512) connected
﻿03:01:54 : Player #1 JF - GUID: 93a2a9d9bc7acb34122becec3305fde7 (unverified)
﻿03:01:56 : Verified GUID (93a2a9d9bc7acb34122becec3305fde7) of player #1 JF
﻿03:01:56 : Player #1 JF - Legacy GUID: 1e3460faa1452299ec3b5f220fe797e0
﻿03:57:14 : Player #0 Cartonauta disconnected
﻿04:07:41 : Player #0 Davi (190.11.112.109:2304) connected
﻿04:07:43 : Player #0 Davi - GUID: df77d315b5a5c9a84d7c1ff837023058 (unverified)
﻿04:07:45 : Player #0 Davi - Legacy GUID: a57008907b09c5041803c401831d6370
﻿04:07:46 : Verified GUID (df77d315b5a5c9a84d7c1ff837023058) of player #0 Davi
﻿04:08:22 : Player #0 Davi (df77d315b5a5c9a84d7c1ff837023058) has been kicked by BattlEye: Client not responding
﻿04:08:27 : Player #0 Davi (190.11.112.109:2304) connected
﻿04:08:28 : Player #0 Davi - GUID: df77d315b5a5c9a84d7c1ff837023058 (unverified)
﻿04:08:29 : Player #0 Davi - Legacy GUID: a57008907b09c5041803c401831d6370
﻿04:08:29 : Verified GUID (df77d315b5a5c9a84d7c1ff837023058) of player #0 Davi
﻿04:09:15 : Player #0 Davi (df77d315b5a5c9a84d7c1ff837023058) has been kicked by BattlEye: Client not responding
﻿04:09:34 : Player #0 Davi (190.11.112.109:2304) connected
﻿04:09:35 : Player #0 Davi - GUID: df77d315b5a5c9a84d7c1ff837023058 (unverified)
﻿04:09:37 : Player #0 Davi - Legacy GUID: a57008907b09c5041803c401831d6370
﻿04:09:37 : Verified GUID (df77d315b5a5c9a84d7c1ff837023058) of player #0 Davi
﻿04:11:46 : Player #2 vodka (186.129.14.157:2304) connected
﻿04:11:47 : Player #2 vodka - GUID: 9d9589c45c3ca41c83bd64095f841d95 (unverified)
﻿04:11:48 : Verified GUID (9d9589c45c3ca41c83bd64095f841d95) of player #2 vodka
﻿04:11:48 : Player #2 vodka - Legacy GUID: 90797abf15f589d7d7c70755938e2998
﻿04:12:44 : Player #0 Davi (df77d315b5a5c9a84d7c1ff837023058) has been kicked by BattlEye: Client not responding
﻿04:12:50 : Player #0 Davi (190.11.112.109:2304) connected
﻿04:12:51 : Player #0 Davi - GUID: df77d315b5a5c9a84d7c1ff837023058 (unverified)
﻿04:12:52 : Player #0 Davi - Legacy GUID: a57008907b09c5041803c401831d6370
﻿04:13:09 : Verified GUID (df77d315b5a5c9a84d7c1ff837023058) of player #0 Davi
﻿04:13:29 : Player #0 Davi disconnected
﻿04:14:18 : Player #2 vodka - Legacy GUID: 90797abf15f589d7d7c70755938e2998
﻿04:19:43 : Player #0 Davi (190.11.112.109:2304) connected
﻿04:20:16 : Player #0 Davi (-) has been kicked by BattlEye: Client not responding
﻿04:21:31 : Player #0 Davi (190.11.112.109:2304) connected
﻿04:21:32 : Player #0 Davi - GUID: df77d315b5a5c9a84d7c1ff837023058 (unverified)
﻿04:21:33 : Player #0 Davi - Legacy GUID: a57008907b09c5041803c401831d6370
﻿04:21:34 : Verified GUID (df77d315b5a5c9a84d7c1ff837023058) of player #0 Davi
﻿04:36:28 : Player #0 Davi (df77d315b5a5c9a84d7c1ff837023058) has been kicked by BattlEye: Client not responding
﻿04:37:18 : Player #0 Davi (190.11.112.109:2304) connected
﻿04:37:22 : Player #0 Davi - GUID: df77d315b5a5c9a84d7c1ff837023058 (unverified)
﻿04:37:24 : Player #0 Davi - Legacy GUID: a57008907b09c5041803c401831d6370
﻿04:37:24 : Verified GUID (df77d315b5a5c9a84d7c1ff837023058) of player #0 Davi
﻿04:37:43 : Player #1 JF disconnected
﻿04:38:25 : Player #0 Davi (df77d315b5a5c9a84d7c1ff837023058) has been kicked by BattlEye: Client not responding
﻿05:19:28 : Player #2 vodka disconnected
﻿05:45:00 : RCon admin #1: (Global) BEC : This server will restart in 15 minutes
﻿05:55:00 : RCon admin #1: (Global) BEC : This server will restart in 5 minutes
﻿05:59:00 : RCon admin #1: (Global) BEC : This server will restart in 1 minute, Log out now!
﻿06:00:01 : Lost Connection!
﻿06:00:01 : Closing socket & exiting!
﻿06:01:15 : Rcon client logging in
﻿06:01:15 : RCon admin #1 (127.0.0.1:61848) logged in
﻿08:11:25 : Player #0 Nikyta (181.167.248.65:2304) connected
﻿08:11:26 : Player #0 Nikyta - Legacy GUID: d294364f535d1f02da4e01c50aaec207
﻿08:11:26 : Player #0 Nikyta - GUID: d18bc2163de1a6abe8924f2e0788680b (unverified)
﻿08:11:27 : Verified GUID (d18bc2163de1a6abe8924f2e0788680b) of player #0 Nikyta
﻿08:27:45 : Player #1 volkgranadier (189.85.160.73:27016) connected
﻿08:27:46 : Player #1 volkgranadier - GUID: edcd8946a145d4580f2cd0ff63e5e420 (unverified)
﻿08:27:47 : Verified GUID (edcd8946a145d4580f2cd0ff63e5e420) of player #1 volkgranadier
﻿08:27:47 : Player #1 volkgranadier - Legacy GUID: 07e25fb3095e06856474e99759cd37f1
﻿08:27:48 : Player #1 volkgranadier disconnected
﻿08:45:00 : RCon admin #1: (Global) BEC : This server will restart in 15 minutes
﻿08:55:00 : RCon admin #1: (Global) BEC : This server will restart in 5 minutes
﻿08:59:00 : RCon admin #1: (Global) BEC : This server will restart in 1 minute, Log out now!
﻿09:00:01 : Lost Connection!
﻿09:00:01 : Closing socket & exiting!
﻿09:01:15 : Rcon client logging in
﻿09:01:15 : RCon admin #1 (127.0.0.1:52897) logged in
﻿09:02:20 : Player #0 Nikyta (181.167.248.65:2304) connected
﻿09:02:21 : Player #0 Nikyta - GUID: d18bc2163de1a6abe8924f2e0788680b (unverified)
﻿09:02:21 : Player #0 Nikyta - Legacy GUID: d294364f535d1f02da4e01c50aaec207
﻿09:02:22 : Verified GUID (d18bc2163de1a6abe8924f2e0788680b) of player #0 Nikyta
﻿10:10:56 : Player #0 Nikyta (d18bc2163de1a6abe8924f2e0788680b) has been kicked by BattlEye: Client not responding
﻿10:26:28 : Player #0 Nikyta (181.167.248.65:2304) connected
﻿10:26:29 : Player #0 Nikyta - GUID: d18bc2163de1a6abe8924f2e0788680b (unverified)
﻿10:26:30 : Verified GUID (d18bc2163de1a6abe8924f2e0788680b) of player #0 Nikyta
﻿10:26:30 : Player #0 Nikyta - Legacy GUID: d294364f535d1f02da4e01c50aaec207
﻿10:32:49 : Player #1 UmAnimal (177.159.199.115:2304) connected
﻿10:32:50 : Player #1 UmAnimal - GUID: 3522e2e9da0149db4f08a480a1c64dda (unverified)
﻿10:32:51 : Verified GUID (3522e2e9da0149db4f08a480a1c64dda) of player #1 UmAnimal
﻿10:32:51 : Player #1 UmAnimal - Legacy GUID: 8e9241603e6456de7a2768694a17ff8f
﻿10:32:54 : Player #1 UmAnimal disconnected
﻿10:43:52 : Player #0 Nikyta disconnected
﻿11:45:00 : RCon admin #1: (Global) BEC : This server will restart in 15 minutes
﻿11:55:00 : RCon admin #1: (Global) BEC : This server will restart in 5 minutes
﻿11:59:00 : RCon admin #1: (Global) BEC : This server will restart in 1 minute, Log out now!
﻿12:00:01 : Lost Connection!
﻿12:00:01 : Closing socket & exiting!
﻿12:01:15 : Rcon client logging in
﻿12:01:15 : RCon admin #1 (127.0.0.1:53580) logged in
﻿12:15:21 : Rcon client logging in
﻿12:15:21 : RCon admin #0 (127.0.0.1:54261) logged in
﻿12:17:04 : Player #0 La culisuelta (190.224.93.39:2304) connected
﻿12:17:06 : Player #0 La culisuelta - GUID: d603844e2f77196bf616245ae360213b (unverified)
﻿12:17:06 : Player #0 La culisuelta - Legacy GUID: a5aa074813dab730e26d67b8a0a0af6c
﻿12:17:06 : Verified GUID (d603844e2f77196bf616245ae360213b) of player #0 La culisuelta
﻿12:20:28 : Lost Connection!
﻿12:20:28 : Closing socket & exiting!
﻿12:25:18 : Rcon client logging in
﻿12:25:32 : RCon admin #0 (127.0.0.1:52172) logged in
﻿12:26:08 : Player #1 JF (190.185.192.18:26512) connected
﻿12:26:09 : Player #1 JF - GUID: 93a2a9d9bc7acb34122becec3305fde7 (unverified)
﻿12:26:11 : Verified GUID (93a2a9d9bc7acb34122becec3305fde7) of player #1 JF
﻿12:26:11 : Player #1 JF - Legacy GUID: 1e3460faa1452299ec3b5f220fe797e0
﻿12:31:57 : Player #1 JF (93a2a9d9bc7acb34122becec3305fde7) has been kicked by BattlEye: Client not responding
﻿12:31:58 : Player #0 La culisuelta (d603844e2f77196bf616245ae360213b) has been kicked by BattlEye: Client not responding
﻿12:34:00 : Player #0 JF (190.185.192.18:1024) connected
﻿12:34:01 : Player #0 JF - GUID: 93a2a9d9bc7acb34122becec3305fde7 (unverified)
﻿12:34:02 : Verified GUID (93a2a9d9bc7acb34122becec3305fde7) of player #0 JF
﻿12:34:02 : Player #0 JF - Legacy GUID: 1e3460faa1452299ec3b5f220fe797e0
﻿13:04:44 : Player #1 juan (201.187.47.112:2304) connected
﻿13:04:45 : Player #1 juan - GUID: 7d911db916010fafd39528124843defd (unverified)
﻿13:04:46 : Verified GUID (7d911db916010fafd39528124843defd) of player #1 juan
﻿13:04:46 : Player #1 juan - Legacy GUID: a028489457472a1ff75a9f691673a222
﻿13:04:47 : Player #1 juan disconnected
﻿13:09:36 : Player #1 por ejemplo juan (181.1.92.169:2304) connected
﻿13:09:37 : Player #1 por ejemplo juan - GUID: 7b6e8d8f3b5169acd8c2f3171816b50c (unverified)
﻿13:09:38 : Verified GUID (7b6e8d8f3b5169acd8c2f3171816b50c) of player #1 por ejemplo juan
﻿13:09:38 : Player #1 por ejemplo juan - Legacy GUID: 7c5cb12c999a9a6d3e02898d7f0284d0
﻿13:09:38 : Player #1 por ejemplo juan disconnected
﻿13:27:12 : Player #1 Juany (181.91.238.253:2304) connected
﻿13:27:14 : Player #1 Juany - GUID: 4531b39e886e9c15c9f1196b3eb50273 (unverified)
﻿13:27:14 : Verified GUID (4531b39e886e9c15c9f1196b3eb50273) of player #1 Juany
﻿13:27:14 : Player #1 Juany - Legacy GUID: 7653204530b058857b5e36cff4eaf8e9
﻿13:29:44 : Player #1 Juany - Legacy GUID: 7653204530b058857b5e36cff4eaf8e9
﻿13:32:02 : Player #2 piwi1485 (190.139.7.110:2304) connected
﻿13:32:03 : Player #2 piwi1485 - GUID: 4aff05e8303061ad85af8f3573c30903 (unverified)
﻿13:32:04 : Player #2 piwi1485 - Legacy GUID: a00c7ee4b10132d3b08f9bdc66027eca
﻿13:32:04 : Verified GUID (4aff05e8303061ad85af8f3573c30903) of player #2 piwi1485
﻿13:32:05 : Player #2 piwi1485 disconnected
﻿13:36:13 : Player #1 Juany disconnected
﻿13:54:43 : Player #0 JF disconnected
﻿14:37:09 : Player #0 JF (190.185.192.18:26512) connected
﻿14:37:11 : Player #0 JF - GUID: 93a2a9d9bc7acb34122becec3305fde7 (unverified)
﻿14:37:11 : Verified GUID (93a2a9d9bc7acb34122becec3305fde7) of player #0 JF
﻿14:37:11 : Player #0 JF - Legacy GUID: 1e3460faa1452299ec3b5f220fe797e0
﻿14:45:00 : RCon admin #0: (Global) BEC : This server will restart in 15 minutes
﻿14:55:00 : RCon admin #0: (Global) BEC : This server will restart in 5 minutes
﻿14:59:00 : RCon admin #0: (Global) BEC : This server will restart in 1 minute, Log out now!
﻿15:00:01 : Lost Connection!
﻿15:00:01 : Closing socket & exiting!
﻿15:01:15 : Rcon client logging in
﻿15:01:15 : RCon admin #0 (127.0.0.1:57674) logged in
﻿15:02:07 : Player #0 JF (190.185.192.18:26512) connected
﻿15:02:09 : Player #0 JF - GUID: 93a2a9d9bc7acb34122becec3305fde7 (unverified)
﻿15:02:10 : Verified GUID (93a2a9d9bc7acb34122becec3305fde7) of player #0 JF
﻿15:02:10 : Player #0 JF - Legacy GUID: 1e3460faa1452299ec3b5f220fe797e0
﻿15:23:39 : Player #1 Tio  Chuck (177.156.23.84:2304) connected
﻿15:23:41 : Player #1 Tio  Chuck - GUID: e734115a25c971cbcf8846b4ff771d85 (unverified)
﻿15:23:41 : Verified GUID (e734115a25c971cbcf8846b4ff771d85) of player #1 Tio  Chuck
﻿15:23:42 : Player #1 Tio  Chuck - Legacy GUID: c870a8c9b20cfc479e46e729b49a443d
﻿15:37:39 : Player #2 por ejemplo juan (181.1.92.169:2304) connected
﻿15:37:40 : Player #2 por ejemplo juan - GUID: 7b6e8d8f3b5169acd8c2f3171816b50c (unverified)
﻿15:37:40 : Verified GUID (7b6e8d8f3b5169acd8c2f3171816b50c) of player #2 por ejemplo juan
﻿15:37:41 : Player #2 por ejemplo juan - Legacy GUID: 7c5cb12c999a9a6d3e02898d7f0284d0
﻿15:44:10 : Player #1 Tio  Chuck disconnected
﻿15:48:28 : Player #2 por ejemplo juan disconnected
﻿15:52:15 : Player #1 FlingeR (181.29.156.37:61980) connected
﻿15:52:18 : Player #1 FlingeR - GUID: 85bd6f13a390f860e1ca7d4f1ba6baa2 (unverified)
﻿15:52:18 : Verified GUID (85bd6f13a390f860e1ca7d4f1ba6baa2) of player #1 FlingeR
﻿15:52:20 : Player #1 FlingeR - Legacy GUID: ff0f9a3e6ff547dfa98e5f42aa5bc6e3
﻿15:57:10 : Player #2 Azrael1x (191.80.246.133:2304) connected
﻿15:57:12 : Player #2 Azrael1x - GUID: f3bbe77e31363319b3378084ddcb86d8 (unverified)
﻿15:57:12 : Verified GUID (f3bbe77e31363319b3378084ddcb86d8) of player #2 Azrael1x
﻿15:57:13 : Player #2 Azrael1x - Legacy GUID: 872394ca0b82ad6e77d13dc8f5141d95
﻿16:02:46 : Player #3 SergioSplinter (190.73.142.187:37027) connected
﻿16:02:48 : Player #3 SergioSplinter - GUID: e3a834b5a7907970671988bafe1bcc19 (unverified)
﻿16:02:49 : Verified GUID (e3a834b5a7907970671988bafe1bcc19) of player #3 SergioSplinter
﻿16:02:50 : Player #3 SergioSplinter - Legacy GUID: 286170a639af82d59bd68df1a1a9d14b
﻿16:02:52 : Player #3 SergioSplinter disconnected
﻿16:07:14 : Player #1 FlingeR (85bd6f13a390f860e1ca7d4f1ba6baa2) has been kicked by BattlEye: Client not responding
﻿16:07:32 : Could not connect to BE Master
﻿16:07:32 : Update attempt failed
﻿16:07:33 : Player #0 JF (93a2a9d9bc7acb34122becec3305fde7) has been kicked by BattlEye: Client not responding
﻿16:07:33 : Player #2 Azrael1x (f3bbe77e31363319b3378084ddcb86d8) has been kicked by BattlEye: Client not responding
﻿16:08:36 : Player #0 Azrael1x (191.80.246.133:1024) connected
﻿16:08:37 : Player #0 Azrael1x - GUID: f3bbe77e31363319b3378084ddcb86d8 (unverified)
﻿16:08:38 : Verified GUID (f3bbe77e31363319b3378084ddcb86d8) of player #0 Azrael1x
﻿16:08:38 : Player #0 Azrael1x - Legacy GUID: 872394ca0b82ad6e77d13dc8f5141d95
﻿16:10:12 : Player #1 JF (190.185.192.18:1024) connected
﻿16:10:13 : Player #1 JF - GUID: 93a2a9d9bc7acb34122becec3305fde7 (unverified)
﻿16:10:13 : Verified GUID (93a2a9d9bc7acb34122becec3305fde7) of player #1 JF
﻿16:10:14 : Player #1 JF - Legacy GUID: 1e3460faa1452299ec3b5f220fe797e0
﻿16:13:29 : Player #2 FlingeR (181.29.156.37:64700) connected
﻿16:13:30 : Player #2 FlingeR - GUID: 85bd6f13a390f860e1ca7d4f1ba6baa2 (unverified)
﻿16:13:30 : Verified GUID (85bd6f13a390f860e1ca7d4f1ba6baa2) of player #2 FlingeR
﻿16:13:31 : Player #2 FlingeR - Legacy GUID: ff0f9a3e6ff547dfa98e5f42aa5bc6e3
﻿16:14:10 : Player #2 FlingeR disconnected
﻿16:15:22 : Player #1 JF (93a2a9d9bc7acb34122becec3305fde7) has been kicked by BattlEye: Client not responding
﻿16:15:43 : Could not connect to BE Master
﻿16:15:43 : Update attempt failed
﻿16:15:44 : Player #0 Azrael1x (f3bbe77e31363319b3378084ddcb86d8) has been kicked by BattlEye: Client not responding
﻿16:26:09 : Player #0 Nikyta (181.167.248.65:2304) connected
﻿16:26:10 : Player #0 Nikyta - GUID: d18bc2163de1a6abe8924f2e0788680b (unverified)
﻿16:26:11 : Verified GUID (d18bc2163de1a6abe8924f2e0788680b) of player #0 Nikyta
﻿16:26:11 : Player #0 Nikyta - Legacy GUID: d294364f535d1f02da4e01c50aaec207
﻿16:26:44 : Player #1 Tio  Chuck (177.156.23.84:2304) connected
﻿16:26:45 : Player #1 Tio  Chuck - GUID: e734115a25c971cbcf8846b4ff771d85 (unverified)
﻿16:26:46 : Verified GUID (e734115a25c971cbcf8846b4ff771d85) of player #1 Tio  Chuck
﻿16:26:46 : Player #1 Tio  Chuck - Legacy GUID: c870a8c9b20cfc479e46e729b49a443d
﻿16:27:49 : Player #1 Tio  Chuck disconnected
﻿16:28:12 : Player #1 Tio  Chuck (177.156.23.84:2304) connected
﻿16:28:13 : Player #1 Tio  Chuck - GUID: e734115a25c971cbcf8846b4ff771d85 (unverified)
﻿16:28:14 : Verified GUID (e734115a25c971cbcf8846b4ff771d85) of player #1 Tio  Chuck
﻿16:28:14 : Player #1 Tio  Chuck - Legacy GUID: c870a8c9b20cfc479e46e729b49a443d
﻿16:30:27 : Could not connect to BE Master
﻿16:30:27 : Update attempt failed
﻿16:30:30 : Player #0 Nikyta (d18bc2163de1a6abe8924f2e0788680b) has been kicked by BattlEye: Client not responding
﻿16:30:31 : Player #1 Tio  Chuck (e734115a25c971cbcf8846b4ff771d85) has been kicked by BattlEye: Client not responding
﻿16:34:45 : Player #0 Nikyta (181.167.248.65:1024) connected
﻿16:34:46 : Player #0 Nikyta - GUID: d18bc2163de1a6abe8924f2e0788680b (unverified)
﻿16:34:47 : Verified GUID (d18bc2163de1a6abe8924f2e0788680b) of player #0 Nikyta
﻿16:34:47 : Player #0 Nikyta - Legacy GUID: d294364f535d1f02da4e01c50aaec207
﻿16:45:12 : Player #1 Max (186.48.127.197:2304) connected
﻿16:45:14 : Player #1 Max - GUID: 35e1128671fa38da7973501bbca83d07 (unverified)
﻿16:45:14 : Verified GUID (35e1128671fa38da7973501bbca83d07) of player #1 Max
﻿16:45:15 : Player #1 Max - Legacy GUID: a3ca80692726031ee192bcdf3aa4ec96
﻿16:45:15 : Player #1 Max disconnected
﻿16:47:52 : Player #1 FlingeR (181.29.156.37:62306) connected
﻿16:47:53 : Player #1 FlingeR - GUID: 85bd6f13a390f860e1ca7d4f1ba6baa2 (unverified)
﻿16:47:54 : Verified GUID (85bd6f13a390f860e1ca7d4f1ba6baa2) of player #1 FlingeR
﻿16:47:54 : Player #1 FlingeR - Legacy GUID: ff0f9a3e6ff547dfa98e5f42aa5bc6e3
﻿16:48:54 : Player #1 FlingeR disconnected
﻿16:53:33 : Player #1 Tio  Chuck (177.156.23.84:2304) connected
﻿16:53:35 : Player #1 Tio  Chuck - Legacy GUID: c870a8c9b20cfc479e46e729b49a443d
﻿16:53:35 : Player #2 FlingeR (181.29.156.37:64633) connected
﻿16:53:36 : Player #2 FlingeR - GUID: 85bd6f13a390f860e1ca7d4f1ba6baa2 (unverified)
﻿16:53:37 : Verified GUID (85bd6f13a390f860e1ca7d4f1ba6baa2) of player #2 FlingeR
﻿16:53:37 : Player #2 FlingeR - Legacy GUID: ff0f9a3e6ff547dfa98e5f42aa5bc6e3
﻿16:53:38 : Player #1 Tio  Chuck - GUID: e734115a25c971cbcf8846b4ff771d85 (unverified)
﻿16:53:39 : Verified GUID (e734115a25c971cbcf8846b4ff771d85) of player #1 Tio  Chuck
﻿16:53:44 : Player #1 Tio  Chuck disconnected
﻿16:54:34 : Player #2 FlingeR disconnected
﻿16:58:06 : Player #1 FlingeR (181.29.156.37:58819) connected
﻿16:58:07 : Player #1 FlingeR - GUID: 85bd6f13a390f860e1ca7d4f1ba6baa2 (unverified)
﻿16:58:07 : Verified GUID (85bd6f13a390f860e1ca7d4f1ba6baa2) of player #1 FlingeR
﻿16:58:08 : Player #1 FlingeR - Legacy GUID: ff0f9a3e6ff547dfa98e5f42aa5bc6e3
﻿16:58:46 : Player #1 FlingeR disconnected
﻿17:35:30 : Player #1 popph (186.23.167.224:2304) connected
﻿17:35:30 : Player #1 popph - GUID: e704b5642ef839477a8bc92894e3c1dd (unverified)
﻿17:35:31 : Verified GUID (e704b5642ef839477a8bc92894e3c1dd) of player #1 popph
﻿17:35:32 : Player #1 popph - Legacy GUID: 7a6860f48f3050e553969243b3b4dccc
﻿17:38:02 : Player #1 popph (e704b5642ef839477a8bc92894e3c1dd) has been kicked by BattlEye: Failed to update
﻿17:38:28 : Player #1 popph (186.23.167.224:2304) connected
﻿17:38:30 : Player #1 popph - GUID: e704b5642ef839477a8bc92894e3c1dd (unverified)
﻿17:38:30 : Player #1 popph - Legacy GUID: 7a6860f48f3050e553969243b3b4dccc
﻿17:38:31 : Verified GUID (e704b5642ef839477a8bc92894e3c1dd) of player #1 popph
﻿17:41:00 : Player #1 popph - Legacy GUID: 7a6860f48f3050e553969243b3b4dccc
﻿17:41:50 : Player #2 BBeast (179.24.68.119:2304) connected
﻿17:41:51 : Player #2 BBeast - GUID: cb5b56213f73e36ecfe608e66aa027f4 (unverified)
﻿17:41:51 : Verified GUID (cb5b56213f73e36ecfe608e66aa027f4) of player #2 BBeast
﻿17:41:52 : Player #2 BBeast - Legacy GUID: 624950948262eb077f5188cb803b93cf
﻿17:41:52 : Player #2 BBeast disconnected
﻿17:42:15 : Player #2 BBeast (179.24.68.119:2304) connected
﻿17:42:16 : Player #2 BBeast - GUID: cb5b56213f73e36ecfe608e66aa027f4 (unverified)
﻿17:42:16 : Verified GUID (cb5b56213f73e36ecfe608e66aa027f4) of player #2 BBeast
﻿17:42:17 : Player #2 BBeast - Legacy GUID: 624950948262eb077f5188cb803b93cf
﻿17:42:17 : Player #2 BBeast disconnected
﻿17:45:00 : RCon admin #0: (Global) BEC : This server will restart in 15 minutes
﻿17:55:00 : RCon admin #0: (Global) BEC : This server will restart in 5 minutes
﻿17:59:00 : RCon admin #0: (Global) BEC : This server will restart in 1 minute, Log out now!
﻿17:59:09 : Player #1 popph disconnected
﻿18:00:01 : Lost Connection!
﻿18:00:01 : Closing socket & exiting!
﻿18:01:15 : Rcon client logging in
﻿18:01:15 : RCon admin #0 (127.0.0.1:57674) logged in
﻿18:33:31 : Player #0 popph (186.23.167.224:2304) connected
﻿18:33:32 : Player #0 popph - GUID: e704b5642ef839477a8bc92894e3c1dd (unverified)
﻿18:33:32 : Player #0 popph - Legacy GUID: 7a6860f48f3050e553969243b3b4dccc
﻿18:33:32 : Verified GUID (e704b5642ef839477a8bc92894e3c1dd) of player #0 popph
﻿19:35:09 : Player #1 [Amish]Churro (201.212.50.146:2304) connected
﻿19:35:10 : Player #1 [Amish]Churro - GUID: dde1966f1dd7e3054e1b1eb0a534628d (unverified)
﻿19:35:11 : Verified GUID (dde1966f1dd7e3054e1b1eb0a534628d) of player #1 [Amish]Churro
﻿19:35:11 : Player #1 [Amish]Churro - Legacy GUID: 400a9b7eb38b0cba4ee0340edd2b0aed
﻿19:35:55 : Player #2 por ejemplo juan (181.1.92.169:2304) connected
﻿19:35:56 : Player #2 por ejemplo juan - GUID: 7b6e8d8f3b5169acd8c2f3171816b50c (unverified)
﻿19:35:56 : Verified GUID (7b6e8d8f3b5169acd8c2f3171816b50c) of player #2 por ejemplo juan
﻿19:35:57 : Player #2 por ejemplo juan - Legacy GUID: 7c5cb12c999a9a6d3e02898d7f0284d0
﻿19:37:40 : RCon admin #1 (127.0.0.1:61252) logged in
﻿19:37:41 : Player #1 [Amish]Churro - Legacy GUID: 400a9b7eb38b0cba4ee0340edd2b0aed
﻿19:41:20 : RCon admin #1: (Global) [juandayz] hola gente, todo bien?
﻿19:43:25 : Player #3 [WG] SnakeGeneral (191.248.203.248:2304) connected
﻿19:43:26 : Player #3 [WG] SnakeGeneral - GUID: 181db932e18c373dea58c91a9b7034bf (unverified)
﻿19:43:27 : Verified GUID (181db932e18c373dea58c91a9b7034bf) of player #3 [WG] SnakeGeneral
﻿19:43:27 : Player #3 [WG] SnakeGeneral - Legacy GUID: 855ed08988c3abe5e44ce3742718c692
﻿19:46:45 : Player #2 por ejemplo juan disconnected
﻿19:49:28 : Player #3 [WG] SnakeGeneral disconnected
﻿19:57:42 : Player #2 JF (190.185.192.18:26512) connected
﻿19:57:44 : Player #2 JF - GUID: 93a2a9d9bc7acb34122becec3305fde7 (unverified)
﻿19:57:45 : Player #2 JF - Legacy GUID: 1e3460faa1452299ec3b5f220fe797e0
﻿19:57:45 : Verified GUID (93a2a9d9bc7acb34122becec3305fde7) of player #2 JF
﻿20:03:03 : Player #3 langenbach35 (201.187.47.112:2304) connected
﻿20:03:04 : Player #3 langenbach35 - GUID: 7d911db916010fafd39528124843defd (unverified)
﻿20:03:04 : Verified GUID (7d911db916010fafd39528124843defd) of player #3 langenbach35
﻿20:03:05 : Player #3 langenbach35 - Legacy GUID: a028489457472a1ff75a9f691673a222
﻿20:03:05 : Player #3 langenbach35 disconnected
﻿20:12:28 : Player #1 [Amish]Churro disconnected
﻿20:13:03 : Player #1 [DMN]-Mario (179.60.255.227:2304) connected
﻿20:13:06 : Player #1 [DMN]-Mario - GUID: 90efe9555b6c518bdd5ab751845d62ac (unverified)
﻿20:13:06 : Verified GUID (90efe9555b6c518bdd5ab751845d62ac) of player #1 [DMN]-Mario
﻿20:13:07 : Player #1 [DMN]-Mario - Legacy GUID: 56ac695fcf6c9ba0429307fd875141a4
﻿20:13:14 : Player #1 [DMN]-Mario disconnected
﻿20:14:00 : RCon admin #1: (To JF) [juandayz] no cambiamos ninguna resolucion JF deja de flayar jaaj
﻿20:15:56 : Player #1 Ignacio (190.105.65.221:2304) connected
﻿20:15:58 : Player #1 Ignacio - GUID: 5dcce83de5e4d2fa4f1e04db18fb2842 (unverified)
﻿20:15:58 : Verified GUID (5dcce83de5e4d2fa4f1e04db18fb2842) of player #1 Ignacio
﻿20:15:58 : Player #1 Ignacio - Legacy GUID: 3d8998e7de3c892c1d1a11dc190eefa8
﻿20:16:07 : Player #1 Ignacio disconnected
﻿20:16:09 : RCon admin #1: (Global) [juandayz] no estaras medio bajo de comida, sin sangre o algo asi?
﻿20:31:33 : Player #1 FlingeR (181.29.156.37:54420) connected
﻿20:31:34 : Player #1 FlingeR - GUID: 85bd6f13a390f860e1ca7d4f1ba6baa2 (unverified)
﻿20:31:35 : Player #1 FlingeR - Legacy GUID: ff0f9a3e6ff547dfa98e5f42aa5bc6e3
﻿20:31:35 : Verified GUID (85bd6f13a390f860e1ca7d4f1ba6baa2) of player #1 FlingeR
﻿20:34:40 : Player #1 FlingeR disconnected
﻿20:42:39 : Player #1 juandayz (190.226.75.139:2304) connected
﻿20:42:42 : Player #1 juandayz - GUID: d603844e2f77196bf616245ae360213b (unverified)
﻿20:42:42 : Verified GUID (d603844e2f77196bf616245ae360213b) of player #1 juandayz
﻿20:42:43 : Player #1 juandayz - Legacy GUID: a5aa074813dab730e26d67b8a0a0af6c
﻿20:44:40 : Player #3 FlingeR (181.29.156.37:59143) connected
﻿20:44:41 : Player #3 FlingeR - GUID: 85bd6f13a390f860e1ca7d4f1ba6baa2 (unverified)
﻿20:44:41 : Verified GUID (85bd6f13a390f860e1ca7d4f1ba6baa2) of player #3 FlingeR
﻿20:44:42 : Player #3 FlingeR - Legacy GUID: ff0f9a3e6ff547dfa98e5f42aa5bc6e3
﻿20:45:00 : RCon admin #0: (Global) BEC : This server will restart in 15 minutes
﻿20:46:16 : Player #3 FlingeR disconnected
﻿20:55:00 : RCon admin #0: (Global) BEC : This server will restart in 5 minutes
﻿20:55:04 : Player #3  Brack (191.177.185.143:4876) connected
﻿20:55:04 : Player #3  Brack (-) has been kicked by BattlEye: Bad Player Name
﻿20:59:00 : RCon admin #0: (Global) BEC : Server restart in 1 minute, Log out NOW!
﻿20:59:55 : Player #0 popph disconnected
﻿21:00:02 : Lost Connection!
﻿21:00:02 : Closing socket & exiting!
﻿21:05:44 : Rcon client logging in
﻿21:05:45 : RCon admin #0 (127.0.0.1:65149) logged in
﻿21:06:06 : Player #0 juandayz (190.226.75.139:2304) connected
﻿21:06:07 : Player #0 juandayz - GUID: d603844e2f77196bf616245ae360213b (unverified)
﻿21:06:07 : Player #0 juandayz - Legacy GUID: a5aa074813dab730e26d67b8a0a0af6c
﻿21:06:08 : Verified GUID (d603844e2f77196bf616245ae360213b) of player #0 juandayz
﻿21:09:33 : Player #0 juandayz disconnected
﻿21:15:40 : Rcon client logging in
﻿21:15:40 : RCon admin #0 (127.0.0.1:62898) logged in
﻿21:16:03 : Player #0 juandayz (190.226.75.139:2304) connected
﻿21:16:05 : Player #0 juandayz - GUID: d603844e2f77196bf616245ae360213b (unverified)
﻿21:16:05 : Player #0 juandayz - Legacy GUID: a5aa074813dab730e26d67b8a0a0af6c
﻿21:16:05 : Verified GUID (d603844e2f77196bf616245ae360213b) of player #0 juandayz
﻿21:17:32 : Player #1 JF (190.185.192.18:26512) connected
﻿21:17:34 : Player #1 JF - GUID: 93a2a9d9bc7acb34122becec3305fde7 (unverified)
﻿21:17:34 : Player #1 JF - Legacy GUID: 1e3460faa1452299ec3b5f220fe797e0
﻿21:17:34 : Verified GUID (93a2a9d9bc7acb34122becec3305fde7) of player #1 JF
﻿21:30:21 : Player #0 juandayz (d603844e2f77196bf616245ae360213b) has been kicked by BattlEye: Client not responding
﻿21:31:31 : Player #0 cleiton (177.44.215.41:2304) connected
﻿21:31:32 : Player #0 cleiton - GUID: 52bc5341f0bdd05e08f7ca28c0c0d738 (unverified)
﻿21:31:33 : Verified GUID (52bc5341f0bdd05e08f7ca28c0c0d738) of player #0 cleiton
﻿21:31:33 : Player #0 cleiton - Legacy GUID: 9f27eea5f963752372202bcc69d68040
﻿21:31:34 : Player #0 cleiton disconnected
﻿21:34:00 : Player #0 IlJhony (167.56.200.86:2304) connected
﻿21:34:01 : Player #0 IlJhony - GUID: 3380bf89579d78ba04991ce0d6502c10 (unverified)
﻿21:34:01 : Verified GUID (3380bf89579d78ba04991ce0d6502c10) of player #0 IlJhony
﻿21:34:02 : Player #0 IlJhony - Legacy GUID: fc694b01c93c9331cb61d189adaeda2c
﻿21:34:02 : Player #0 IlJhony disconnected
﻿21:53:46 : Player #0 Lizzard (190.134.154.251:2304) connected
﻿21:53:47 : Player #0 Lizzard - GUID: e86a95c50fea7dc8ec5f1e2a11595daf (unverified)
﻿21:53:48 : Verified GUID (e86a95c50fea7dc8ec5f1e2a11595daf) of player #0 Lizzard
﻿21:53:48 : Player #0 Lizzard - Legacy GUID: d772478ce94435f1e944f9019190e69d
﻿21:56:34 : Player #2 Max (179.24.180.185:2304) connected
﻿21:56:35 : Player #2 Max - GUID: 35e1128671fa38da7973501bbca83d07 (unverified)
﻿21:56:36 : Verified GUID (35e1128671fa38da7973501bbca83d07) of player #2 Max
﻿21:56:37 : Player #2 Max - Legacy GUID: a3ca80692726031ee192bcdf3aa4ec96
﻿21:56:37 : Player #2 Max disconnected
﻿21:57:11 : Player #2 CptPrice (179.24.97.99:2304) connected
﻿21:57:13 : Player #2 CptPrice - GUID: dad8a88f476920602e0ba8a3ec2233f0 (unverified)
﻿21:57:13 : Player #2 CptPrice - Legacy GUID: 323a7f4bd8042e48a12960b923bdf4f4
﻿21:57:13 : Verified GUID (dad8a88f476920602e0ba8a3ec2233f0) of player #2 CptPrice
﻿21:58:54 : Player #3 Bad Guy (24.232.71.49:2304) connected
﻿21:58:56 : Player #3 Bad Guy - GUID: dda8f26d97fcb7ca8899f7f65d8536cf (unverified)
﻿21:58:56 : Player #3 Bad Guy - Legacy GUID: e63f5403618860de28c9af75ce0b2365
﻿21:58:57 : Verified GUID (dda8f26d97fcb7ca8899f7f65d8536cf) of player #3 Bad Guy
﻿21:58:57 : Player #3 Bad Guy disconnected
﻿22:07:09 : Player #2 CptPrice disconnected
﻿22:07:21 : RCon admin #0: (To Lizzard) BEC : You have about 60 seconds left to join the mission.
﻿22:07:52 : RCon admin #0: (To Lizzard) BEC : You have about 30 seconds left to join the mission.
﻿22:08:07 : RCon admin #0: (To Lizzard) BEC : You have about 15 seconds left to join the mission.
﻿22:08:21 : Player #0 Lizzard (e86a95c50fea7dc8ec5f1e2a11595daf) has been kicked by BattlEye: Admin Kick (BEC : Lobby idling to long)
﻿22:21:44 : Player #0 Nikyta (181.167.248.65:2304) connected
﻿22:21:45 : Player #0 Nikyta - GUID: d18bc2163de1a6abe8924f2e0788680b (unverified)
﻿22:21:46 : Verified GUID (d18bc2163de1a6abe8924f2e0788680b) of player #0 Nikyta
﻿22:21:46 : Player #0 Nikyta - Legacy GUID: d294364f535d1f02da4e01c50aaec207
﻿22:50:56 : Player #2 FlingeR (181.29.156.37:62269) connected
﻿22:50:57 : Player #2 FlingeR - GUID: 85bd6f13a390f860e1ca7d4f1ba6baa2 (unverified)
﻿22:50:57 : Verified GUID (85bd6f13a390f860e1ca7d4f1ba6baa2) of player #2 FlingeR
﻿22:50:58 : Player #2 FlingeR - Legacy GUID: ff0f9a3e6ff547dfa98e5f42aa5bc6e3
﻿22:53:48 : Player #0 Nikyta disconnected
﻿22:54:20 : Player #2 FlingeR disconnected
﻿23:05:24 : Player #1 JF disconnected
﻿23:28:10 : Player #0 popph (186.23.167.224:2304) connected
﻿23:28:11 : Player #0 popph - GUID: e704b5642ef839477a8bc92894e3c1dd (unverified)
﻿23:28:12 : Verified GUID (e704b5642ef839477a8bc92894e3c1dd) of player #0 popph
﻿23:28:12 : Player #0 popph - Legacy GUID: 7a6860f48f3050e553969243b3b4dccc
﻿23:41:48 : Player #0 popph disconnected
﻿23:45:00 : RCon admin #0: (Global) BEC : This server will restart in 15 minutes
﻿23:55:00 : RCon admin #0: (Global) BEC : This server will restart in 5 minutes
﻿23:59:00 : RCon admin #0: (Global) BEC : This server will restart in 1 minute, Log out now!
