00:00:01 : Lost Connection!
﻿00:00:01 : Closing socket & exiting!
﻿00:01:15 : Rcon client logging in
﻿00:01:49 : RCon admin #1 (127.0.0.1:58383) logged in
﻿00:03:55 : Player #1 FIN4LShare (187.63.65.37:2304) connected
﻿00:03:56 : Player #1 FIN4LShare - GUID: d4cd999756c3b7742306dd967dcf9a54 (unverified)
﻿00:03:56 : Verified GUID (d4cd999756c3b7742306dd967dcf9a54) of player #1 FIN4LShare
﻿00:03:57 : Player #1 FIN4LShare - Legacy GUID: cbd67b2c90a885cb5aa8bc1280925a58
﻿00:07:33 : Player #1 FIN4LShare disconnected
﻿00:11:41 : Player #1 JF (190.185.192.18:26512) connected
﻿00:11:42 : Player #1 JF - GUID: 93a2a9d9bc7acb34122becec3305fde7 (unverified)
﻿00:11:42 : Verified GUID (93a2a9d9bc7acb34122becec3305fde7) of player #1 JF
﻿00:11:43 : Player #1 JF - Legacy GUID: 1e3460faa1452299ec3b5f220fe797e0
﻿00:22:17 : Player #2 ZnE alone dragon (179.179.184.199:1458) connected
﻿00:22:18 : Player #2 ZnE alone dragon - GUID: 2e8d06c2e22abf92249055a047a5264e (unverified)
﻿00:22:19 : Verified GUID (2e8d06c2e22abf92249055a047a5264e) of player #2 ZnE alone dragon
﻿00:22:19 : Player #2 ZnE alone dragon - Legacy GUID: 31619a9da9a3bc6fe19d91790069bddf
﻿00:22:50 : Player #2 ZnE alone dragon disconnected
﻿00:23:01 : Player #2 ZnE alone dragon (179.179.184.199:1458) connected
﻿00:23:02 : Player #2 ZnE alone dragon - GUID: 2e8d06c2e22abf92249055a047a5264e (unverified)
﻿00:23:02 : Verified GUID (2e8d06c2e22abf92249055a047a5264e) of player #2 ZnE alone dragon
﻿00:23:03 : Player #2 ZnE alone dragon - Legacy GUID: 31619a9da9a3bc6fe19d91790069bddf
﻿00:23:26 : Player #3 PC (191.251.95.57:2304) connected
﻿00:23:28 : Player #3 PC - GUID: c240b81800cb81bd39e30ef01b6ce2ea (unverified)
﻿00:23:28 : Verified GUID (c240b81800cb81bd39e30ef01b6ce2ea) of player #3 PC
﻿00:23:28 : Player #3 PC - Legacy GUID: 53b94e7bb455f7be6888938d8d0cd1dc
﻿00:23:29 : Player #3 PC disconnected
﻿00:23:42 : Player #3 PC (191.251.95.57:2304) connected
﻿00:23:43 : Player #3 PC - GUID: c240b81800cb81bd39e30ef01b6ce2ea (unverified)
﻿00:23:44 : Verified GUID (c240b81800cb81bd39e30ef01b6ce2ea) of player #3 PC
﻿00:23:44 : Player #3 PC - Legacy GUID: 53b94e7bb455f7be6888938d8d0cd1dc
﻿00:23:45 : Player #3 PC disconnected
﻿00:26:39 : Player #3 PC (191.251.95.57:2304) connected
﻿00:26:41 : Player #3 PC - GUID: c240b81800cb81bd39e30ef01b6ce2ea (unverified)
﻿00:26:41 : Verified GUID (c240b81800cb81bd39e30ef01b6ce2ea) of player #3 PC
﻿00:26:42 : Player #3 PC - Legacy GUID: 53b94e7bb455f7be6888938d8d0cd1dc
﻿00:26:42 : Player #3 PC disconnected
﻿00:29:02 : Player #3 FIN4LShare (187.63.65.37:2304) connected
﻿00:29:03 : Player #3 FIN4LShare - GUID: d4cd999756c3b7742306dd967dcf9a54 (unverified)
﻿00:29:04 : Verified GUID (d4cd999756c3b7742306dd967dcf9a54) of player #3 FIN4LShare
﻿00:29:04 : Player #3 FIN4LShare - Legacy GUID: cbd67b2c90a885cb5aa8bc1280925a58
﻿00:30:26 : Player #3 FIN4LShare disconnected
﻿00:33:07 : Player #3 PC (191.251.95.57:2304) connected
﻿00:33:09 : Player #3 PC - GUID: c240b81800cb81bd39e30ef01b6ce2ea (unverified)
﻿00:33:09 : Verified GUID (c240b81800cb81bd39e30ef01b6ce2ea) of player #3 PC
﻿00:33:10 : Player #3 PC - Legacy GUID: 53b94e7bb455f7be6888938d8d0cd1dc
﻿00:33:10 : Player #3 PC disconnected
﻿00:39:51 : Player #3 PC (191.251.95.57:2304) connected
﻿00:39:52 : Player #3 PC - GUID: c240b81800cb81bd39e30ef01b6ce2ea (unverified)
﻿00:39:53 : Verified GUID (c240b81800cb81bd39e30ef01b6ce2ea) of player #3 PC
﻿00:39:53 : Player #3 PC - Legacy GUID: 53b94e7bb455f7be6888938d8d0cd1dc
﻿00:40:01 : Player #3 PC disconnected
﻿00:40:48 : Player #3 ZnE Zulin (191.251.95.57:2304) connected
﻿00:40:49 : Player #3 ZnE Zulin - GUID: c240b81800cb81bd39e30ef01b6ce2ea (unverified)
﻿00:40:50 : Verified GUID (c240b81800cb81bd39e30ef01b6ce2ea) of player #3 ZnE Zulin
﻿00:40:50 : Player #3 ZnE Zulin - Legacy GUID: 53b94e7bb455f7be6888938d8d0cd1dc
﻿00:43:20 : Player #3 ZnE Zulin - Legacy GUID: 53b94e7bb455f7be6888938d8d0cd1dc
﻿01:04:23 : Player #4 Flips (179.158.97.93:2304) connected
﻿01:04:24 : Player #4 Flips - GUID: 931ce9ef10d80b22dd5b698c11eb8b38 (unverified)
﻿01:04:25 : Verified GUID (931ce9ef10d80b22dd5b698c11eb8b38) of player #4 Flips
﻿01:04:26 : Player #4 Flips - Legacy GUID: 56c5aa55c5bf03fd9ec47f2f6d9ebed7
﻿01:05:46 : Player #4 Flips disconnected
﻿01:10:26 : Player #0 Nikyta disconnected
﻿01:13:33 : Player #3 ZnE Zulin disconnected
﻿01:19:07 : Player #0 LarzuK (186.56.20.108:2304) connected
﻿01:19:08 : Player #0 LarzuK - GUID: 830c029a6ec69a6e0563b0638ebe72b9 (unverified)
﻿01:19:09 : Player #0 LarzuK - Legacy GUID: 36a4a2b1fb2e23467aba15c0a1207080
﻿01:19:11 : Verified GUID (830c029a6ec69a6e0563b0638ebe72b9) of player #0 LarzuK
﻿01:27:08 : Player #0 LarzuK disconnected
﻿01:29:58 : Player #0 ZnE Zulin (191.251.95.57:2304) connected
﻿01:30:00 : Player #0 ZnE Zulin - GUID: c240b81800cb81bd39e30ef01b6ce2ea (unverified)
﻿01:30:00 : Verified GUID (c240b81800cb81bd39e30ef01b6ce2ea) of player #0 ZnE Zulin
﻿01:30:00 : Player #0 ZnE Zulin - Legacy GUID: 53b94e7bb455f7be6888938d8d0cd1dc
﻿01:39:05 : Player #0 ZnE Zulin disconnected
﻿01:41:51 : Player #2 ZnE alone dragon disconnected
﻿02:45:00 : RCon admin #1: (Global) BEC : This server will restart in 15 minutes
﻿02:55:00 : RCon admin #1: (Global) BEC : This server will restart in 5 minutes
﻿02:59:00 : RCon admin #1: (Global) BEC : This server will restart in 1 minute, Log out now!
﻿03:00:01 : Lost Connection!
﻿03:00:01 : Closing socket & exiting!
﻿03:01:15 : Rcon client logging in
﻿03:01:15 : RCon admin #1 (127.0.0.1:63419) logged in
﻿03:18:49 : Player #0 Nikyta (181.167.248.65:2304) connected
﻿03:18:51 : Player #0 Nikyta - GUID: d18bc2163de1a6abe8924f2e0788680b (unverified)
﻿03:18:51 : Player #0 Nikyta - Legacy GUID: d294364f535d1f02da4e01c50aaec207
﻿03:18:51 : Verified GUID (d18bc2163de1a6abe8924f2e0788680b) of player #0 Nikyta
﻿03:29:45 : Player #1 JF (190.185.192.18:26512) connected
﻿03:29:46 : Player #1 JF - GUID: 93a2a9d9bc7acb34122becec3305fde7 (unverified)
﻿03:29:46 : Verified GUID (93a2a9d9bc7acb34122becec3305fde7) of player #1 JF
﻿03:29:47 : Player #1 JF - Legacy GUID: 1e3460faa1452299ec3b5f220fe797e0
﻿03:30:31 : Player #0 Nikyta disconnected
﻿04:26:55 : Player #0 Ozuna (201.209.198.213:2304) connected
﻿04:26:56 : Player #0 Ozuna - GUID: 54062f6bde2b31595e0f79421f0049b1 (unverified)
﻿04:26:57 : Verified GUID (54062f6bde2b31595e0f79421f0049b1) of player #0 Ozuna
﻿04:26:57 : Player #0 Ozuna - Legacy GUID: c05d49776eb9308810b5a85c54e2d58d
﻿04:49:11 : Player #0 Ozuna (54062f6bde2b31595e0f79421f0049b1) has been kicked by BattlEye: Ping too high (406)
﻿04:50:49 : Player #0 Ozuna (201.209.198.213:2304) connected
﻿04:50:51 : Player #0 Ozuna - GUID: 54062f6bde2b31595e0f79421f0049b1 (unverified)
﻿04:50:51 : Verified GUID (54062f6bde2b31595e0f79421f0049b1) of player #0 Ozuna
﻿04:50:52 : Player #0 Ozuna - Legacy GUID: c05d49776eb9308810b5a85c54e2d58d
﻿04:55:19 : Player #2 jecoxs (177.230.93.62:2304) connected
﻿04:55:20 : Player #2 jecoxs - GUID: 1b8d80d957fb3eeef177572126bf67cb (unverified)
﻿04:55:21 : Verified GUID (1b8d80d957fb3eeef177572126bf67cb) of player #2 jecoxs
﻿04:55:22 : Player #2 jecoxs - Legacy GUID: 0160438fc9954a7f002128545ffa9f83
﻿04:58:01 : Player #3 Paez 420 (187.131.30.255:2304) connected
﻿04:58:03 : Player #3 Paez 420 - GUID: ae4f260617b21d4fcbe091d4c1036e80 (unverified)
﻿04:58:04 : Verified GUID (ae4f260617b21d4fcbe091d4c1036e80) of player #3 Paez 420
﻿04:58:04 : Player #3 Paez 420 - Legacy GUID: 7e7f57f88d02d38821dfa06736a3d6df
﻿05:00:34 : Player #3 Paez 420 (ae4f260617b21d4fcbe091d4c1036e80) has been kicked by BattlEye: Failed to update
﻿05:01:29 : Player #1 JF disconnected
﻿05:06:37 : Player #1 Paez 420 (187.131.30.255:2304) connected
﻿05:06:39 : Player #1 Paez 420 - GUID: ae4f260617b21d4fcbe091d4c1036e80 (unverified)
﻿05:06:39 : Verified GUID (ae4f260617b21d4fcbe091d4c1036e80) of player #1 Paez 420
﻿05:06:40 : Player #1 Paez 420 - Legacy GUID: 7e7f57f88d02d38821dfa06736a3d6df
﻿05:09:10 : Player #1 Paez 420 (ae4f260617b21d4fcbe091d4c1036e80) has been kicked by BattlEye: Failed to update
﻿05:12:17 : Player #1 Paez 420 (187.131.30.255:2304) connected
﻿05:12:19 : Player #1 Paez 420 - GUID: ae4f260617b21d4fcbe091d4c1036e80 (unverified)
﻿05:12:19 : Verified GUID (ae4f260617b21d4fcbe091d4c1036e80) of player #1 Paez 420
﻿05:12:20 : Player #1 Paez 420 - Legacy GUID: 7e7f57f88d02d38821dfa06736a3d6df
﻿05:12:56 : Player #0 Ozuna (54062f6bde2b31595e0f79421f0049b1) has been kicked by BattlEye: Ping too high (406)
﻿05:14:50 : Player #1 Paez 420 (ae4f260617b21d4fcbe091d4c1036e80) has been kicked by BattlEye: Failed to update
﻿05:18:48 : Player #0 Paez 420 (187.131.30.255:2304) connected
﻿05:18:50 : Player #0 Paez 420 - Legacy GUID: 7e7f57f88d02d38821dfa06736a3d6df
﻿05:18:50 : Player #0 Paez 420 - GUID: ae4f260617b21d4fcbe091d4c1036e80 (unverified)
﻿05:18:51 : Verified GUID (ae4f260617b21d4fcbe091d4c1036e80) of player #0 Paez 420
﻿05:19:56 : Player #1 Leodagos (186.135.35.66:19584) connected
﻿05:19:57 : Player #1 Leodagos - GUID: 927032c3d7c1139aff0ff09424d46da1 (unverified)
﻿05:19:58 : Verified GUID (927032c3d7c1139aff0ff09424d46da1) of player #1 Leodagos
﻿05:19:58 : Player #1 Leodagos - Legacy GUID: d7639dceb9588d3b0ab85f82e92ff8de
﻿05:39:05 : Player #1 Leodagos disconnected
﻿05:45:00 : RCon admin #1: (Global) BEC : This server will restart in 15 minutes
﻿05:55:00 : RCon admin #1: (Global) BEC : This server will restart in 5 minutes
﻿05:59:00 : RCon admin #1: (Global) BEC : This server will restart in 1 minute, Log out now!
﻿06:00:01 : Lost Connection!
﻿06:00:01 : Closing socket & exiting!
﻿06:01:15 : Rcon client logging in
﻿06:01:15 : RCon admin #1 (127.0.0.1:55722) logged in
﻿06:02:31 : Player #0 jecoxs (177.230.93.62:2304) connected
﻿06:02:32 : Player #0 jecoxs - GUID: 1b8d80d957fb3eeef177572126bf67cb (unverified)
﻿06:02:33 : Player #0 jecoxs - Legacy GUID: 0160438fc9954a7f002128545ffa9f83
﻿06:02:33 : Verified GUID (1b8d80d957fb3eeef177572126bf67cb) of player #0 jecoxs
﻿06:08:14 : Player #1 Paez 420 (187.131.30.255:2304) connected
﻿06:08:15 : Player #1 Paez 420 - GUID: ae4f260617b21d4fcbe091d4c1036e80 (unverified)
﻿06:08:15 : Verified GUID (ae4f260617b21d4fcbe091d4c1036e80) of player #1 Paez 420
﻿06:08:16 : Player #1 Paez 420 - Legacy GUID: 7e7f57f88d02d38821dfa06736a3d6df
﻿07:01:20 : RCon admin #1: (To jecoxs) BEC : You have about 60 seconds left to join the mission.
﻿07:01:51 : RCon admin #1: (To jecoxs) BEC : You have about 30 seconds left to join the mission.
﻿07:02:06 : RCon admin #1: (To jecoxs) BEC : You have about 15 seconds left to join the mission.
﻿07:02:20 : Player #0 jecoxs (1b8d80d957fb3eeef177572126bf67cb) has been kicked by BattlEye: Admin Kick (BEC : Lobby idling to long)
﻿07:07:38 : Player #0 jecoxs (177.230.93.62:2304) connected
﻿07:07:39 : Player #0 jecoxs - GUID: 1b8d80d957fb3eeef177572126bf67cb (unverified)
﻿07:07:39 : Verified GUID (1b8d80d957fb3eeef177572126bf67cb) of player #0 jecoxs
﻿07:07:40 : Player #0 jecoxs - Legacy GUID: 0160438fc9954a7f002128545ffa9f83
﻿08:07:23 : Player #0 jecoxs disconnected
﻿08:08:07 : Player #1 Paez 420 disconnected
﻿08:45:00 : RCon admin #1: (Global) BEC : This server will restart in 15 minutes
﻿08:55:00 : RCon admin #1: (Global) BEC : This server will restart in 5 minutes
﻿08:59:00 : RCon admin #1: (Global) BEC : This server will restart in 1 minute, Log out now!
﻿09:00:01 : Lost Connection!
﻿09:00:01 : Closing socket & exiting!
﻿09:01:15 : Rcon client logging in
﻿09:01:15 : RCon admin #1 (127.0.0.1:61185) logged in
﻿11:45:00 : RCon admin #1: (Global) BEC : This server will restart in 15 minutes
﻿11:55:00 : RCon admin #1: (Global) BEC : This server will restart in 5 minutes
﻿11:59:00 : RCon admin #1: (Global) BEC : This server will restart in 1 minute, Log out now!
﻿12:00:01 : Lost Connection!
﻿12:00:01 : Closing socket & exiting!
﻿12:01:07 : Rcon client logging in
﻿12:01:07 : RCon admin #1 (127.0.0.1:58952) logged in
﻿12:12:17 : Player #0 JF (190.185.192.18:26512) connected
﻿12:12:19 : Player #0 JF - GUID: 93a2a9d9bc7acb34122becec3305fde7 (unverified)
﻿12:12:20 : Verified GUID (93a2a9d9bc7acb34122becec3305fde7) of player #0 JF
﻿12:12:21 : Player #0 JF - Legacy GUID: 1e3460faa1452299ec3b5f220fe797e0
﻿13:02:09 : Player #1 FIN4LShare (187.63.65.37:2304) connected
﻿13:02:10 : Player #1 FIN4LShare - GUID: d4cd999756c3b7742306dd967dcf9a54 (unverified)
﻿13:02:10 : Verified GUID (d4cd999756c3b7742306dd967dcf9a54) of player #1 FIN4LShare
﻿13:02:11 : Player #1 FIN4LShare - Legacy GUID: cbd67b2c90a885cb5aa8bc1280925a58
﻿13:07:13 : Player #1 FIN4LShare disconnected
﻿13:36:30 : Player #1 Nikyta (181.167.248.65:2304) connected
﻿13:36:31 : Player #1 Nikyta - GUID: d18bc2163de1a6abe8924f2e0788680b (unverified)
﻿13:36:32 : Verified GUID (d18bc2163de1a6abe8924f2e0788680b) of player #1 Nikyta
﻿13:36:32 : Player #1 Nikyta - Legacy GUID: d294364f535d1f02da4e01c50aaec207
﻿14:04:47 : Player #1 Nikyta disconnected
﻿14:45:00 : RCon admin #1: (Global) BEC : This server will restart in 15 minutes
﻿14:55:00 : RCon admin #1: (Global) BEC : This server will restart in 5 minutes
﻿14:59:00 : RCon admin #1: (Global) BEC : This server will restart in 1 minute, Log out now!
﻿15:00:02 : Lost Connection!
﻿15:00:02 : Closing socket & exiting!
﻿15:01:15 : Rcon client logging in
﻿15:01:25 : RCon admin #1 (127.0.0.1:50081) logged in
﻿15:13:27 : Player #1 Nikyta (181.167.248.65:2304) connected
﻿15:13:29 : Player #1 Nikyta - GUID: d18bc2163de1a6abe8924f2e0788680b (unverified)
﻿15:13:29 : Verified GUID (d18bc2163de1a6abe8924f2e0788680b) of player #1 Nikyta
﻿15:13:29 : Player #1 Nikyta - Legacy GUID: d294364f535d1f02da4e01c50aaec207
﻿15:36:35 : Player #2 ZnE alone dragon (191.32.67.107:2304) connected
﻿15:36:36 : Player #2 ZnE alone dragon - GUID: 2e8d06c2e22abf92249055a047a5264e (unverified)
﻿15:36:36 : Verified GUID (2e8d06c2e22abf92249055a047a5264e) of player #2 ZnE alone dragon
﻿15:36:37 : Player #2 ZnE alone dragon - Legacy GUID: 31619a9da9a3bc6fe19d91790069bddf
﻿15:38:37 : RCon admin #0: (To ZnE alone dragon) [juandayz] bienvenido dragon
﻿15:46:41 : Player #3 Jej0x |Aspirante| (190.51.219.233:2304) connected
﻿15:46:44 : Player #3 Jej0x |Aspirante| - GUID: f3e3268171736a361f4f08d3aee36558 (unverified)
﻿15:46:45 : Verified GUID (f3e3268171736a361f4f08d3aee36558) of player #3 Jej0x |Aspirante|
﻿15:46:46 : Player #3 Jej0x |Aspirante| - Legacy GUID: 46a8911586c7fdb684a7f7c1fb3da0e5
﻿15:50:57 : Player #0 JF disconnected
﻿15:55:12 : RCon admin #0: (Global) [BEC] Proximo: krasnostav Militarizado, Patrullas de infanteria, Patrullas Aereas, Motorizadas, escuadrones de vigilancia y buen loot militar
﻿16:10:23 : Player #0 FIN4LShare (187.63.65.37:2304) connected
﻿16:10:25 : Player #0 FIN4LShare - GUID: d4cd999756c3b7742306dd967dcf9a54 (unverified)
﻿16:10:25 : Verified GUID (d4cd999756c3b7742306dd967dcf9a54) of player #0 FIN4LShare
﻿16:10:26 : Player #0 FIN4LShare - Legacy GUID: cbd67b2c90a885cb5aa8bc1280925a58
﻿16:10:32 : Player #0 FIN4LShare disconnected
﻿16:34:43 : Player #3 Jej0x |Aspirante| disconnected
﻿16:53:04 : Player #1 Nikyta disconnected
﻿16:59:39 : Player #2 ZnE alone dragon disconnected
﻿17:05:56 : Rcon client logging in
﻿17:05:56 : RCon admin #0 (127.0.0.1:55496) logged in
﻿17:06:35 : Player #0 adm#2 (190.30.169.91:2304) connected
﻿17:06:37 : Player #0 adm#2 - GUID: d603844e2f77196bf616245ae360213b (unverified)
﻿17:06:37 : Verified GUID (d603844e2f77196bf616245ae360213b) of player #0 adm#2
﻿17:06:38 : Player #0 adm#2 - Legacy GUID: a5aa074813dab730e26d67b8a0a0af6c
﻿17:19:01 : Player #1 Davi (190.11.112.109:2304) connected
﻿17:19:03 : Player #1 Davi - GUID: df77d315b5a5c9a84d7c1ff837023058 (unverified)
﻿17:19:05 : Player #1 Davi - Legacy GUID: a57008907b09c5041803c401831d6370
﻿17:19:05 : Verified GUID (df77d315b5a5c9a84d7c1ff837023058) of player #1 Davi
﻿17:31:22 : Player #1 Davi (df77d315b5a5c9a84d7c1ff837023058) has been kicked by BattlEye: Client not responding
﻿17:39:49 : Player #0 adm#2 disconnected
﻿17:39:53 : Player #0 adm#2 (190.30.169.91:2304) connected
﻿17:39:54 : Player #0 adm#2 - GUID: d603844e2f77196bf616245ae360213b (unverified)
﻿17:39:54 : Verified GUID (d603844e2f77196bf616245ae360213b) of player #0 adm#2
﻿17:39:55 : Player #0 adm#2 - Legacy GUID: a5aa074813dab730e26d67b8a0a0af6c
﻿17:44:27 : Lost Connection!
﻿17:44:27 : Closing socket & exiting!
﻿17:45:36 : Rcon client logging in
﻿17:45:36 : RCon admin #0 (127.0.0.1:49266) logged in
﻿17:55:00 : RCon admin #0: (Global) BEC : This server will restart in 5 minutes
﻿17:56:28 : Player #0 FIN4LShare (187.63.65.37:2304) connected
﻿17:56:28 : Player #0 FIN4LShare - GUID: d4cd999756c3b7742306dd967dcf9a54 (unverified)
﻿17:56:29 : Verified GUID (d4cd999756c3b7742306dd967dcf9a54) of player #0 FIN4LShare
﻿17:56:29 : Player #0 FIN4LShare - Legacy GUID: cbd67b2c90a885cb5aa8bc1280925a58
﻿17:59:00 : RCon admin #0: (Global) BEC : This server will restart in 1 minute, Log out now!
﻿18:00:03 : Lost Connection!
﻿18:00:03 : Closing socket & exiting!
﻿18:01:15 : Rcon client logging in
﻿18:01:15 : RCon admin #0 (127.0.0.1:49268) logged in
﻿18:03:36 : Player #1 FIN4LShare (187.63.65.37:2304) connected
﻿18:03:36 : Player #1 FIN4LShare - GUID: d4cd999756c3b7742306dd967dcf9a54 (unverified)
﻿18:03:37 : Verified GUID (d4cd999756c3b7742306dd967dcf9a54) of player #1 FIN4LShare
﻿18:03:38 : Player #1 FIN4LShare - Legacy GUID: cbd67b2c90a885cb5aa8bc1280925a58
﻿18:03:51 : Player #1 FIN4LShare disconnected
﻿18:13:37 : Player #1 Leodagos (186.135.35.66:13926) connected
﻿18:13:38 : Player #1 Leodagos - GUID: 927032c3d7c1139aff0ff09424d46da1 (unverified)
﻿18:13:38 : Verified GUID (927032c3d7c1139aff0ff09424d46da1) of player #1 Leodagos
﻿18:13:39 : Player #1 Leodagos - Legacy GUID: d7639dceb9588d3b0ab85f82e92ff8de
﻿18:23:35 : Player #2 [ARG] Ska-p (186.62.64.189:16169) connected
﻿18:23:37 : Player #2 [ARG] Ska-p - GUID: 7b51249af1fb3d5aa3d6ff141033ca2d (unverified)
﻿18:23:37 : Verified GUID (7b51249af1fb3d5aa3d6ff141033ca2d) of player #2 [ARG] Ska-p
﻿18:23:37 : Player #2 [ARG] Ska-p - Legacy GUID: 5c44369a8357600dadd3f88612b84594
﻿18:23:52 : Player #2 [ARG] Ska-p disconnected
﻿18:26:15 : Player #2 [WG] SnakeGeneral (179.182.112.204:2304) connected
﻿18:26:16 : Player #2 [WG] SnakeGeneral - GUID: 181db932e18c373dea58c91a9b7034bf (unverified)
﻿18:26:17 : Verified GUID (181db932e18c373dea58c91a9b7034bf) of player #2 [WG] SnakeGeneral
﻿18:26:17 : Player #2 [WG] SnakeGeneral - Legacy GUID: 855ed08988c3abe5e44ce3742718c692
﻿18:28:31 : Player #3 FIN4LShare (187.63.65.37:2304) connected
﻿18:28:32 : Player #3 FIN4LShare - GUID: d4cd999756c3b7742306dd967dcf9a54 (unverified)
﻿18:28:32 : Verified GUID (d4cd999756c3b7742306dd967dcf9a54) of player #3 FIN4LShare
﻿18:28:33 : Player #3 FIN4LShare - Legacy GUID: cbd67b2c90a885cb5aa8bc1280925a58
﻿18:34:06 : Player #4 Nikyta (181.167.248.65:2304) connected
﻿18:34:07 : Player #4 Nikyta - GUID: d18bc2163de1a6abe8924f2e0788680b (unverified)
﻿18:34:07 : Verified GUID (d18bc2163de1a6abe8924f2e0788680b) of player #4 Nikyta
﻿18:34:08 : Player #4 Nikyta - Legacy GUID: d294364f535d1f02da4e01c50aaec207
﻿18:38:27 : Player #4 Nikyta (d18bc2163de1a6abe8924f2e0788680b) has been kicked by BattlEye: Client not responding
﻿18:38:48 : Could not connect to BE Master
﻿18:38:48 : Update attempt failed
﻿18:38:48 : Player #0 Azrael1x (f3bbe77e31363319b3378084ddcb86d8) has been kicked by BattlEye: Client not responding
﻿18:38:48 : Player #1 Leodagos (927032c3d7c1139aff0ff09424d46da1) has been kicked by BattlEye: Client not responding
﻿18:38:49 : Player #2 [WG] SnakeGeneral (181db932e18c373dea58c91a9b7034bf) has been kicked by BattlEye: Client not responding
﻿18:38:49 : Player #3 FIN4LShare (d4cd999756c3b7742306dd967dcf9a54) has been kicked by BattlEye: Client not responding
﻿18:39:59 : Player #0 Leodagos (186.135.35.66:1104) connected
﻿18:40:00 : Player #0 Leodagos - GUID: 927032c3d7c1139aff0ff09424d46da1 (unverified)
﻿18:40:00 : Verified GUID (927032c3d7c1139aff0ff09424d46da1) of player #0 Leodagos
﻿18:40:01 : Player #0 Leodagos - Legacy GUID: d7639dceb9588d3b0ab85f82e92ff8de
﻿18:40:05 : Player #1 [WG] SnakeGeneral (179.182.112.204:1104) connected
﻿18:40:05 : Player #1 [WG] SnakeGeneral - GUID: 181db932e18c373dea58c91a9b7034bf (unverified)
﻿18:40:06 : Verified GUID (181db932e18c373dea58c91a9b7034bf) of player #1 [WG] SnakeGeneral
﻿18:40:07 : Player #1 [WG] SnakeGeneral - Legacy GUID: 855ed08988c3abe5e44ce3742718c692
﻿18:40:31 : Player #2 Azrael1x (191.80.190.7:1104) connected
﻿18:40:32 : Player #2 Azrael1x - GUID: f3bbe77e31363319b3378084ddcb86d8 (unverified)
﻿18:40:33 : Verified GUID (f3bbe77e31363319b3378084ddcb86d8) of player #2 Azrael1x
﻿18:40:33 : Player #2 Azrael1x - Legacy GUID: 872394ca0b82ad6e77d13dc8f5141d95
﻿18:40:47 : Player #3 FIN4LShare (187.63.65.37:1104) connected
﻿18:40:48 : Player #3 FIN4LShare - GUID: d4cd999756c3b7742306dd967dcf9a54 (unverified)
﻿18:40:48 : Verified GUID (d4cd999756c3b7742306dd967dcf9a54) of player #3 FIN4LShare
﻿18:40:49 : Player #3 FIN4LShare - Legacy GUID: cbd67b2c90a885cb5aa8bc1280925a58
﻿18:41:35 : Player #4 Nikyta (181.167.248.65:1104) connected
﻿18:41:36 : Player #4 Nikyta - GUID: d18bc2163de1a6abe8924f2e0788680b (unverified)
﻿18:41:37 : Verified GUID (d18bc2163de1a6abe8924f2e0788680b) of player #4 Nikyta
﻿18:41:37 : Player #4 Nikyta - Legacy GUID: d294364f535d1f02da4e01c50aaec207
﻿18:44:17 : Player #3 FIN4LShare (d4cd999756c3b7742306dd967dcf9a54) has been kicked by BattlEye: Client not responding
﻿18:44:20 : Player #0 Leodagos (927032c3d7c1139aff0ff09424d46da1) has been kicked by BattlEye: Client not responding
﻿18:44:20 : Player #1 [WG] SnakeGeneral (181db932e18c373dea58c91a9b7034bf) has been kicked by BattlEye: Client not responding
﻿18:44:20 : Player #2 Azrael1x (f3bbe77e31363319b3378084ddcb86d8) has been kicked by BattlEye: Client not responding
﻿18:44:20 : Player #4 Nikyta (d18bc2163de1a6abe8924f2e0788680b) has been kicked by BattlEye: Client not responding
﻿18:45:29 : Player #0 [WG] SnakeGeneral (179.182.112.204:2304) connected
﻿18:45:30 : Player #0 [WG] SnakeGeneral - GUID: 181db932e18c373dea58c91a9b7034bf (unverified)
﻿18:45:31 : Verified GUID (181db932e18c373dea58c91a9b7034bf) of player #0 [WG] SnakeGeneral
﻿18:45:31 : Player #0 [WG] SnakeGeneral - Legacy GUID: 855ed08988c3abe5e44ce3742718c692
﻿18:45:39 : Player #1 Azrael1x (191.80.190.7:2304) connected
﻿18:45:41 : Player #1 Azrael1x - GUID: f3bbe77e31363319b3378084ddcb86d8 (unverified)
﻿18:45:41 : Verified GUID (f3bbe77e31363319b3378084ddcb86d8) of player #1 Azrael1x
﻿18:45:41 : Player #1 Azrael1x - Legacy GUID: 872394ca0b82ad6e77d13dc8f5141d95
﻿18:45:50 : Player #2 Leodagos (186.135.35.66:15882) connected
﻿18:45:52 : Player #2 Leodagos - GUID: 927032c3d7c1139aff0ff09424d46da1 (unverified)
﻿18:45:53 : Player #2 Leodagos - Legacy GUID: d7639dceb9588d3b0ab85f82e92ff8de
﻿18:45:53 : Verified GUID (927032c3d7c1139aff0ff09424d46da1) of player #2 Leodagos
﻿18:45:58 : Player #3 FIN4LShare (187.63.65.37:2304) connected
﻿18:45:59 : Player #3 FIN4LShare - GUID: d4cd999756c3b7742306dd967dcf9a54 (unverified)
﻿18:46:00 : Verified GUID (d4cd999756c3b7742306dd967dcf9a54) of player #3 FIN4LShare
﻿18:46:01 : Player #3 FIN4LShare - Legacy GUID: cbd67b2c90a885cb5aa8bc1280925a58
﻿18:52:44 : Player #2 Leodagos disconnected
﻿19:05:05 : Player #2 Gerar (190.228.7.49:2304) connected
﻿19:05:06 : Player #2 Gerar - GUID: 6ba05301bd175af604ae7e38f820a05b (unverified)
﻿19:05:07 : Verified GUID (6ba05301bd175af604ae7e38f820a05b) of player #2 Gerar
﻿19:05:08 : Player #2 Gerar - Legacy GUID: e2ec888b7ea6b1432cd9ab29499d41ef
﻿19:05:08 : Player #2 Gerar disconnected
﻿19:05:29 : Player #2 Nikyta (181.167.248.65:2304) connected
﻿19:05:30 : Player #2 Nikyta - GUID: d18bc2163de1a6abe8924f2e0788680b (unverified)
﻿19:05:31 : Verified GUID (d18bc2163de1a6abe8924f2e0788680b) of player #2 Nikyta
﻿19:05:31 : Player #2 Nikyta - Legacy GUID: d294364f535d1f02da4e01c50aaec207
﻿19:07:38 : Player #1 Azrael1x disconnected
﻿19:15:13 : RCon admin #0: (To Nikyta) BEC : You have about 60 seconds left to join the mission.
﻿19:15:44 : RCon admin #0: (To Nikyta) BEC : You have about 30 seconds left to join the mission.
﻿19:15:59 : RCon admin #0: (To Nikyta) BEC : You have about 15 seconds left to join the mission.
﻿19:16:13 : Player #2 Nikyta (d18bc2163de1a6abe8924f2e0788680b) has been kicked by BattlEye: Admin Kick (BEC : Lobby idling to long)
﻿19:31:08 : Player #1 Nikyta (181.167.248.65:2304) connected
﻿19:31:09 : Player #1 Nikyta - GUID: d18bc2163de1a6abe8924f2e0788680b (unverified)
﻿19:31:10 : Verified GUID (d18bc2163de1a6abe8924f2e0788680b) of player #1 Nikyta
﻿19:31:11 : Player #1 Nikyta - Legacy GUID: d294364f535d1f02da4e01c50aaec207
﻿20:16:52 : Player #2 Cloudsp (201.42.193.226:2304) connected
﻿20:16:52 : Player #2 Cloudsp - GUID: ccadd2ade87a3896140f2e5288880114 (unverified)
﻿20:16:53 : Verified GUID (ccadd2ade87a3896140f2e5288880114) of player #2 Cloudsp
﻿20:16:54 : Player #2 Cloudsp - Legacy GUID: 2da63537ca8a0a2c2f2399fc04671995
﻿20:26:53 : RCon admin #1 (127.0.0.1:62270) logged in
﻿20:45:00 : RCon admin #0: (Global) BEC : This server will restart in 15 minutes
﻿20:46:05 : Player #0 [WG] SnakeGeneral disconnected
﻿20:46:26 : Player #3 FIN4LShare disconnected
﻿20:46:43 : Player #0 FIN4LShare (187.63.65.37:2304) connected
﻿20:46:44 : Player #0 FIN4LShare - GUID: d4cd999756c3b7742306dd967dcf9a54 (unverified)
﻿20:46:45 : Verified GUID (d4cd999756c3b7742306dd967dcf9a54) of player #0 FIN4LShare
﻿20:46:45 : Player #0 FIN4LShare - Legacy GUID: cbd67b2c90a885cb5aa8bc1280925a58
﻿20:47:06 : Player #0 FIN4LShare disconnected
﻿20:50:45 : Player #2 Cloudsp disconnected
﻿20:55:00 : RCon admin #0: (Global) BEC : This server will restart in 5 minutes
﻿20:56:12 : Player #1 Nikyta disconnected
﻿20:59:00 : RCon admin #0: (Global) BEC : Server restart in 1 minute, Log out NOW!
﻿21:00:01 : Lost Connection!
﻿21:00:01 : Closing socket & exiting!
﻿21:01:15 : Rcon client logging in
﻿21:01:15 : RCon admin #1 (127.0.0.1:60772) logged in
﻿21:10:24 : Player #0 Nikyta (181.167.248.65:2304) connected
﻿21:10:25 : Player #0 Nikyta - GUID: d18bc2163de1a6abe8924f2e0788680b (unverified)
﻿21:10:25 : Player #0 Nikyta - Legacy GUID: d294364f535d1f02da4e01c50aaec207
﻿21:10:25 : Verified GUID (d18bc2163de1a6abe8924f2e0788680b) of player #0 Nikyta
﻿21:13:44 : Player #1 JF (190.185.192.18:26512) connected
﻿21:13:46 : Player #1 JF - GUID: 93a2a9d9bc7acb34122becec3305fde7 (unverified)
﻿21:13:46 : Verified GUID (93a2a9d9bc7acb34122becec3305fde7) of player #1 JF
﻿21:13:47 : Player #1 JF - Legacy GUID: 1e3460faa1452299ec3b5f220fe797e0
﻿22:22:19 : Player #2 Bad Guy (24.232.71.49:2304) connected
﻿22:22:20 : Player #2 Bad Guy - GUID: dda8f26d97fcb7ca8899f7f65d8536cf (unverified)
﻿22:22:20 : Verified GUID (dda8f26d97fcb7ca8899f7f65d8536cf) of player #2 Bad Guy
﻿22:22:21 : Player #2 Bad Guy - Legacy GUID: e63f5403618860de28c9af75ce0b2365
﻿22:31:18 : Player #2 Bad Guy disconnected
﻿22:33:37 : Player #2 Bad Guy (24.232.71.49:2304) connected
﻿22:33:38 : Player #2 Bad Guy - GUID: dda8f26d97fcb7ca8899f7f65d8536cf (unverified)
﻿22:33:39 : Verified GUID (dda8f26d97fcb7ca8899f7f65d8536cf) of player #2 Bad Guy
﻿22:33:39 : Player #2 Bad Guy - Legacy GUID: e63f5403618860de28c9af75ce0b2365
﻿22:38:42 : Player #3 Leodagos (186.135.35.66:25670) connected
﻿22:38:44 : Player #3 Leodagos - GUID: 927032c3d7c1139aff0ff09424d46da1 (unverified)
﻿22:38:44 : Player #3 Leodagos - Legacy GUID: d7639dceb9588d3b0ab85f82e92ff8de
﻿22:38:47 : Verified GUID (927032c3d7c1139aff0ff09424d46da1) of player #3 Leodagos
﻿22:43:25 : Player #3 Leodagos disconnected
﻿23:02:00 : Player #2 Bad Guy disconnected
﻿23:02:16 : RCon admin #0: (Global) [BEC] Nuevo: Visita El Airfield de Krasnostav para una mision tactica y peligrosa en extremo.
﻿23:15:03 : Player #2 [WG] SnakeGeneral (179.182.112.204:2304) connected
﻿23:15:04 : Player #2 [WG] SnakeGeneral - GUID: 181db932e18c373dea58c91a9b7034bf (unverified)
﻿23:15:05 : Verified GUID (181db932e18c373dea58c91a9b7034bf) of player #2 [WG] SnakeGeneral
﻿23:15:06 : Player #2 [WG] SnakeGeneral - Legacy GUID: 855ed08988c3abe5e44ce3742718c692
﻿23:15:09 : Player #2 [WG] SnakeGeneral disconnected
﻿23:29:15 : Player #2 Bad Guy (24.232.71.49:2304) connected
﻿23:29:16 : Player #2 Bad Guy - GUID: dda8f26d97fcb7ca8899f7f65d8536cf (unverified)
﻿23:29:16 : Verified GUID (dda8f26d97fcb7ca8899f7f65d8536cf) of player #2 Bad Guy
﻿23:29:17 : Player #2 Bad Guy - Legacy GUID: e63f5403618860de28c9af75ce0b2365
﻿23:45:00 : RCon admin #1: (Global) BEC : This server will restart in 15 minutes
﻿23:55:00 : RCon admin #1: (Global) BEC : This server will restart in 5 minutes
﻿23:59:00 : RCon admin #1: (Global) BEC : This server will restart in 1 minute, Log out now!
﻿23:59:22 : Player #1 JF disconnected
﻿23:59:33 : Player #2 Bad Guy disconnected
