00:00:03 : Lost Connection!
﻿00:00:03 : Closing socket & exiting!
﻿00:01:15 : Rcon client logging in
﻿00:01:15 : RCon admin #1 (127.0.0.1:61185) logged in
﻿00:02:04 : Player #0 [Amish]Churro (201.212.50.146:2304) connected
﻿00:02:07 : Player #0 [Amish]Churro - GUID: dde1966f1dd7e3054e1b1eb0a534628d (unverified)
﻿00:02:07 : Verified GUID (dde1966f1dd7e3054e1b1eb0a534628d) of player #0 [Amish]Churro
﻿00:02:08 : Player #0 [Amish]Churro - Legacy GUID: 400a9b7eb38b0cba4ee0340edd2b0aed
﻿00:02:56 : Player #1 JiNX (186.23.167.224:2304) connected
﻿00:02:56 : Player #2 Eugenio (181.231.88.212:2304) connected
﻿00:02:57 : Player #2 Eugenio - GUID: 78dbda88f48754065a0dd9bbbb76354b (unverified)
﻿00:02:57 : Player #1 JiNX - GUID: e704b5642ef839477a8bc92894e3c1dd (unverified)
﻿00:03:31 : Verified GUID (78dbda88f48754065a0dd9bbbb76354b) of player #2 Eugenio
﻿00:03:31 : Verified GUID (e704b5642ef839477a8bc92894e3c1dd) of player #1 JiNX
﻿00:03:31 : Player #2 Eugenio - Legacy GUID: 80b79caba9bb301ca6dd4f760ee62e3c
﻿00:03:31 : Player #1 JiNX - Legacy GUID: 7a6860f48f3050e553969243b3b4dccc
﻿00:03:53 : Player #3 Franco (186.137.41.166:2304) connected
﻿00:03:54 : Player #3 Franco - GUID: 3e238bf3b6be92172d97417e7d91be3d (unverified)
﻿00:03:55 : Verified GUID (3e238bf3b6be92172d97417e7d91be3d) of player #3 Franco
﻿00:03:55 : Player #3 Franco - Legacy GUID: 6fb795df080f434f331160a33a089bf3
﻿00:04:37 : Player #4 Administrador (190.162.66.249:2304) connected
﻿00:04:39 : Player #4 Administrador - GUID: 20105b9e59f442fc66551ead2cbd56ce (unverified)
﻿00:04:39 : Verified GUID (20105b9e59f442fc66551ead2cbd56ce) of player #4 Administrador
﻿00:04:40 : Player #4 Administrador - Legacy GUID: 033b8f996d57de967ab949fec375323e
﻿00:04:40 : Player #4 Administrador disconnected
﻿00:05:11 : Player #4 Administrador (190.162.66.249:2304) connected
﻿00:05:12 : Player #4 Administrador - GUID: 20105b9e59f442fc66551ead2cbd56ce (unverified)
﻿00:05:13 : Verified GUID (20105b9e59f442fc66551ead2cbd56ce) of player #4 Administrador
﻿00:05:13 : Player #4 Administrador - Legacy GUID: 033b8f996d57de967ab949fec375323e
﻿00:05:14 : Player #4 Administrador disconnected
﻿00:06:25 : Player #3 Franco (3e238bf3b6be92172d97417e7d91be3d) has been kicked by BattlEye: Failed to update
﻿00:07:20 : Player #3 Cristian (186.62.11.23:2304) connected
﻿00:07:21 : Player #3 Cristian - GUID: 6d37b795deed253f13e38a79108e517e (unverified)
﻿00:07:21 : Verified GUID (6d37b795deed253f13e38a79108e517e) of player #3 Cristian
﻿00:07:22 : Player #3 Cristian - Legacy GUID: 1d302a64bb6f9b39a68fbac52a4ba458
﻿00:07:22 : Player #3 Cristian disconnected
﻿00:09:42 : Player #3 Franco (186.137.41.166:2304) connected
﻿00:09:43 : Player #3 Franco - GUID: 3e238bf3b6be92172d97417e7d91be3d (unverified)
﻿00:09:44 : Verified GUID (3e238bf3b6be92172d97417e7d91be3d) of player #3 Franco
﻿00:09:44 : Player #3 Franco - Legacy GUID: 6fb795df080f434f331160a33a089bf3
﻿00:12:15 : Player #3 Franco - Legacy GUID: 6fb795df080f434f331160a33a089bf3
﻿00:18:59 : Player #4 StickDark (177.133.105.102:2304) connected
﻿00:19:03 : Player #4 StickDark - GUID: 6ba5d0bc3be283103743b8b216e6772f (unverified)
﻿00:19:03 : Verified GUID (6ba5d0bc3be283103743b8b216e6772f) of player #4 StickDark
﻿00:19:03 : Player #4 StickDark - Legacy GUID: aafcecd1f9a9e6d5da0eb1d0bfa7baea
﻿00:19:04 : Player #4 StickDark disconnected
﻿00:34:04 : Player #3 Franco disconnected
﻿00:34:20 : Player #2 Eugenio disconnected
﻿00:42:00 : Player #2 guilh (177.200.198.46:2344) connected
﻿00:42:01 : Player #2 guilh - GUID: 48ed3e9220563124a004cb5c946f2bc0 (unverified)
﻿00:42:02 : Verified GUID (48ed3e9220563124a004cb5c946f2bc0) of player #2 guilh
﻿00:42:02 : Player #2 guilh - Legacy GUID: 5e9525ac1ca9650a8ac30f415a6eddc1
﻿00:42:03 : Player #2 guilh disconnected
﻿00:45:06 : Player #2 Pedro_Henrique (187.112.6.187:26260) connected
﻿00:45:08 : Player #2 Pedro_Henrique - GUID: 3669e0de7c6643a06b6f4b4c32b02e06 (unverified)
﻿00:45:08 : Player #2 Pedro_Henrique - Legacy GUID: bae014e62c4b34486ab72cc2fa1452d0
﻿00:45:08 : Verified GUID (3669e0de7c6643a06b6f4b4c32b02e06) of player #2 Pedro_Henrique
﻿00:46:07 : Player #3 Administrador (190.162.66.249:2304) connected
﻿00:46:09 : Player #3 Administrador - GUID: 20105b9e59f442fc66551ead2cbd56ce (unverified)
﻿00:46:09 : Player #3 Administrador - Legacy GUID: 033b8f996d57de967ab949fec375323e
﻿00:46:10 : Verified GUID (20105b9e59f442fc66551ead2cbd56ce) of player #3 Administrador
﻿00:46:11 : Player #3 Administrador disconnected
﻿00:49:04 : Player #3 Zorro (179.186.233.18:2304) connected
﻿00:49:05 : Player #3 Zorro - GUID: bc1bcaa7e2d43348cb33e68c9459ae93 (unverified)
﻿00:49:06 : Verified GUID (bc1bcaa7e2d43348cb33e68c9459ae93) of player #3 Zorro
﻿00:49:06 : Player #3 Zorro - Legacy GUID: 936ac367f850e9040905c0239db44180
﻿00:52:00 : Player #4 oviraptor (200.120.129.166:2314) connected
﻿00:52:01 : Player #4 oviraptor - GUID: 6d623be5e74ad101c5f2210ca3c7f975 (unverified)
﻿00:52:02 : Verified GUID (6d623be5e74ad101c5f2210ca3c7f975) of player #4 oviraptor
﻿00:52:03 : Player #4 oviraptor - Legacy GUID: 2bafd2be815931a0ab38b27523ae894d
﻿00:52:03 : Player #4 oviraptor disconnected
﻿00:54:57 : Player #2 Pedro_Henrique disconnected
﻿01:00:33 : Player #2 por ejemplo juan (186.109.126.191:2304) connected
﻿01:00:34 : Player #2 por ejemplo juan - GUID: 7b6e8d8f3b5169acd8c2f3171816b50c (unverified)
﻿01:00:34 : Verified GUID (7b6e8d8f3b5169acd8c2f3171816b50c) of player #2 por ejemplo juan
﻿01:00:35 : Player #2 por ejemplo juan - Legacy GUID: 7c5cb12c999a9a6d3e02898d7f0284d0
﻿01:03:14 : Player #4 FlingeR (181.29.156.37:61155) connected
﻿01:03:15 : Player #4 FlingeR - GUID: 85bd6f13a390f860e1ca7d4f1ba6baa2 (unverified)
﻿01:03:15 : Verified GUID (85bd6f13a390f860e1ca7d4f1ba6baa2) of player #4 FlingeR
﻿01:03:16 : Player #4 FlingeR - Legacy GUID: ff0f9a3e6ff547dfa98e5f42aa5bc6e3
﻿01:05:47 : Player #5 Cartonauta (190.192.240.140:2504) connected
﻿01:05:49 : Player #5 Cartonauta - GUID: c92035b4ff453963f118bb7a7b9f57c7 (unverified)
﻿01:05:49 : Verified GUID (c92035b4ff453963f118bb7a7b9f57c7) of player #5 Cartonauta
﻿01:05:49 : Player #5 Cartonauta - Legacy GUID: b4d7ba77d3ce33d958d4bef245ab76cd
﻿01:11:54 : Player #2 por ejemplo juan disconnected
﻿01:16:21 : Player #2 Monster2016 (191.32.229.103:2304) connected
﻿01:16:23 : Player #2 Monster2016 - Legacy GUID: c159e1e00b60b96db0b40f56d12b9f4f
﻿01:16:23 : Player #2 Monster2016 - GUID: e5d610e7260a48e4275193f7a7e5e42d (unverified)
﻿01:16:24 : Verified GUID (e5d610e7260a48e4275193f7a7e5e42d) of player #2 Monster2016
﻿01:16:25 : Player #2 Monster2016 disconnected
﻿01:22:31 : Player #2 Rodrigo (190.245.12.150:2304) connected
﻿01:22:32 : Player #2 Rodrigo - GUID: 13786f6ea748133126e0af378dc047c4 (unverified)
﻿01:22:33 : Verified GUID (13786f6ea748133126e0af378dc047c4) of player #2 Rodrigo
﻿01:22:33 : Player #2 Rodrigo - Legacy GUID: 54fa851d1b8aa6aa37baca9e2f14b692
﻿01:22:33 : Player #2 Rodrigo disconnected
﻿01:23:14 : Player #2 volkgranadier (189.85.160.73:27016) connected
﻿01:23:15 : Player #2 volkgranadier - GUID: edcd8946a145d4580f2cd0ff63e5e420 (unverified)
﻿01:23:16 : Verified GUID (edcd8946a145d4580f2cd0ff63e5e420) of player #2 volkgranadier
﻿01:23:16 : Player #2 volkgranadier - Legacy GUID: 07e25fb3095e06856474e99759cd37f1
﻿01:23:17 : Player #2 volkgranadier disconnected
﻿01:24:07 : Player #3 Zorro disconnected
﻿01:28:28 : Player #2 Hans (190.49.42.86:2304) connected
﻿01:28:29 : Player #2 Hans - GUID: 4c8a9b2b523906058cc33ffd8af6ee84 (unverified)
﻿01:28:30 : Verified GUID (4c8a9b2b523906058cc33ffd8af6ee84) of player #2 Hans
﻿01:28:30 : Player #2 Hans - Legacy GUID: b8db10e0df20e643b9d2f2513879a2d6
﻿01:28:32 : Player #2 Hans disconnected
﻿01:29:45 : Player #2 Hans (190.49.42.86:2304) connected
﻿01:29:46 : Player #2 Hans - GUID: 4c8a9b2b523906058cc33ffd8af6ee84 (unverified)
﻿01:29:46 : Verified GUID (4c8a9b2b523906058cc33ffd8af6ee84) of player #2 Hans
﻿01:29:47 : Player #2 Hans - Legacy GUID: b8db10e0df20e643b9d2f2513879a2d6
﻿01:29:48 : Player #2 Hans disconnected
﻿01:32:49 : Player #2 Hans (190.49.42.86:2304) connected
﻿01:32:50 : Player #2 Hans - GUID: 4c8a9b2b523906058cc33ffd8af6ee84 (unverified)
﻿01:32:50 : Verified GUID (4c8a9b2b523906058cc33ffd8af6ee84) of player #2 Hans
﻿01:32:51 : Player #2 Hans - Legacy GUID: b8db10e0df20e643b9d2f2513879a2d6
﻿01:35:21 : Player #2 Hans - Legacy GUID: b8db10e0df20e643b9d2f2513879a2d6
﻿01:56:32 : Player #3 volkgranadier (189.85.160.73:27016) connected
﻿01:56:36 : Player #3 volkgranadier disconnected
﻿02:12:29 : Player #4 FlingeR disconnected
﻿02:14:37 : Player #3 Rodrigo (190.245.12.150:2304) connected
﻿02:14:38 : Player #3 Rodrigo - GUID: 13786f6ea748133126e0af378dc047c4 (unverified)
﻿02:14:39 : Verified GUID (13786f6ea748133126e0af378dc047c4) of player #3 Rodrigo
﻿02:14:39 : Player #3 Rodrigo - Legacy GUID: 54fa851d1b8aa6aa37baca9e2f14b692
﻿02:14:39 : Player #3 Rodrigo disconnected
﻿02:15:55 : Player #3 Rodrigo (190.245.12.150:2304) connected
﻿02:15:56 : Player #3 Rodrigo - GUID: 13786f6ea748133126e0af378dc047c4 (unverified)
﻿02:15:57 : Verified GUID (13786f6ea748133126e0af378dc047c4) of player #3 Rodrigo
﻿02:15:58 : Player #3 Rodrigo - Legacy GUID: 54fa851d1b8aa6aa37baca9e2f14b692
﻿02:15:58 : Player #3 Rodrigo disconnected
﻿02:19:20 : Player #3 Rodrigo (190.245.12.150:2304) connected
﻿02:19:22 : Player #3 Rodrigo - GUID: 13786f6ea748133126e0af378dc047c4 (unverified)
﻿02:19:22 : Player #3 Rodrigo - Legacy GUID: 54fa851d1b8aa6aa37baca9e2f14b692
﻿02:19:23 : Verified GUID (13786f6ea748133126e0af378dc047c4) of player #3 Rodrigo
﻿02:19:23 : Player #3 Rodrigo disconnected
﻿02:19:26 : Player #3 Rodrigo (190.245.12.150:2304) connected
﻿02:19:27 : Player #3 Rodrigo - GUID: 13786f6ea748133126e0af378dc047c4 (unverified)
﻿02:19:27 : Verified GUID (13786f6ea748133126e0af378dc047c4) of player #3 Rodrigo
﻿02:19:28 : Player #3 Rodrigo - Legacy GUID: 54fa851d1b8aa6aa37baca9e2f14b692
﻿02:19:28 : Player #3 Rodrigo disconnected
﻿02:19:39 : Player #3 Rodrigo (190.245.12.150:2304) connected
﻿02:19:40 : Player #3 Rodrigo - GUID: 13786f6ea748133126e0af378dc047c4 (unverified)
﻿02:19:41 : Verified GUID (13786f6ea748133126e0af378dc047c4) of player #3 Rodrigo
﻿02:19:41 : Player #3 Rodrigo - Legacy GUID: 54fa851d1b8aa6aa37baca9e2f14b692
﻿02:19:41 : Player #3 Rodrigo disconnected
﻿02:27:20 : Player #3 Administrador (190.162.66.249:2304) connected
﻿02:27:21 : Player #3 Administrador - GUID: 20105b9e59f442fc66551ead2cbd56ce (unverified)
﻿02:27:22 : Verified GUID (20105b9e59f442fc66551ead2cbd56ce) of player #3 Administrador
﻿02:27:22 : Player #3 Administrador - Legacy GUID: 033b8f996d57de967ab949fec375323e
﻿02:27:23 : Player #3 Administrador disconnected
﻿02:40:26 : Player #3 xx (201.252.2.227:2304) connected
﻿02:40:27 : Player #3 xx - GUID: e09bb3357644ed2c195cb16aae6aa80b (unverified)
﻿02:40:28 : Verified GUID (e09bb3357644ed2c195cb16aae6aa80b) of player #3 xx
﻿02:40:28 : Player #3 xx disconnected
﻿02:43:32 : RCon admin #1: (To Cartonauta) BEC : You have about 60 seconds left to join the mission.
﻿02:44:03 : RCon admin #1: (To Cartonauta) BEC : You have about 30 seconds left to join the mission.
﻿02:44:18 : RCon admin #1: (To Cartonauta) BEC : You have about 15 seconds left to join the mission.
﻿02:44:32 : Player #5 Cartonauta (c92035b4ff453963f118bb7a7b9f57c7) has been kicked by BattlEye: Admin Kick (BEC : Lobby idling to long)
﻿02:45:00 : RCon admin #1: (Global) BEC : This server will restart in 15 minutes
﻿02:55:00 : RCon admin #1: (Global) BEC : This server will restart in 5 minutes
﻿02:59:00 : RCon admin #1: (Global) BEC : This server will restart in 1 minute, Log out now!
﻿03:00:01 : Lost Connection!
﻿03:00:01 : Closing socket & exiting!
﻿03:01:15 : Rcon client logging in
﻿03:01:15 : RCon admin #1 (127.0.0.1:63875) logged in
﻿03:01:47 : Player #1 JiNX (186.23.167.224:2304) connected
﻿03:01:48 : Player #1 JiNX - GUID: e704b5642ef839477a8bc92894e3c1dd (unverified)
﻿03:01:49 : Verified GUID (e704b5642ef839477a8bc92894e3c1dd) of player #1 JiNX
﻿03:01:49 : Player #1 JiNX - Legacy GUID: 7a6860f48f3050e553969243b3b4dccc
﻿03:03:34 : Player #2 [Amish]Churro (201.212.50.146:2304) connected
﻿03:03:35 : Player #2 [Amish]Churro - GUID: dde1966f1dd7e3054e1b1eb0a534628d (unverified)
﻿03:03:36 : Verified GUID (dde1966f1dd7e3054e1b1eb0a534628d) of player #2 [Amish]Churro
﻿03:03:36 : Player #2 [Amish]Churro - Legacy GUID: 400a9b7eb38b0cba4ee0340edd2b0aed
﻿03:18:57 : Player #3 Tinchon (186.23.169.175:2304) connected
﻿03:18:58 : Player #3 Tinchon - GUID: 70bf47ca38aa4c29fdd431cd161de7eb (unverified)
﻿03:18:59 : Verified GUID (70bf47ca38aa4c29fdd431cd161de7eb) of player #3 Tinchon
﻿03:18:59 : Player #3 Tinchon - Legacy GUID: b1274725ddc384b369a57288e5a2b274
﻿03:19:00 : Player #3 Tinchon disconnected
﻿03:23:23 : Player #3 Dino (201.215.83.171:2304) connected
﻿03:23:24 : Player #3 Dino - GUID: d7fb1f68603290bfa7c3a6ae809c2900 (unverified)
﻿03:23:25 : Verified GUID (d7fb1f68603290bfa7c3a6ae809c2900) of player #3 Dino
﻿03:23:25 : Player #3 Dino - Legacy GUID: fc977d2eb6ced3e1483fa14fcb92e61b
﻿03:23:26 : Player #3 Dino disconnected
﻿03:23:38 : Player #3 Dino (201.215.83.171:2304) connected
﻿03:23:39 : Player #3 Dino - GUID: d7fb1f68603290bfa7c3a6ae809c2900 (unverified)
﻿03:23:40 : Verified GUID (d7fb1f68603290bfa7c3a6ae809c2900) of player #3 Dino
﻿03:23:40 : Player #3 Dino - Legacy GUID: fc977d2eb6ced3e1483fa14fcb92e61b
﻿03:23:41 : Player #3 Dino disconnected
﻿04:06:10 : Player #2 [Amish]Churro disconnected
﻿04:06:13 : Player #1 JiNX disconnected
﻿04:16:21 : Player #0 Hans disconnected
﻿05:00:23 : Player #0 daniel (190.142.2.107:2304) connected
﻿05:00:24 : Player #0 daniel - GUID: 198f02b51450b8d8977f05c28f086096 (unverified)
﻿05:00:25 : Verified GUID (198f02b51450b8d8977f05c28f086096) of player #0 daniel
﻿05:00:26 : Player #0 daniel - Legacy GUID: f0eca0baf5cabd8b2e140142ee086bdf
﻿05:02:57 : Player #0 daniel - Legacy GUID: f0eca0baf5cabd8b2e140142ee086bdf
﻿05:42:39 : Player #0 daniel disconnected
﻿05:45:00 : RCon admin #1: (Global) BEC : This server will restart in 15 minutes
﻿05:55:00 : RCon admin #1: (Global) BEC : This server will restart in 5 minutes
﻿05:59:00 : RCon admin #1: (Global) BEC : This server will restart in 1 minute, Log out now!
﻿06:00:01 : Lost Connection!
﻿06:00:01 : Closing socket & exiting!
﻿06:01:15 : Rcon client logging in
﻿06:01:15 : RCon admin #1 (127.0.0.1:59701) logged in
﻿08:45:00 : Player #0 volkgranadier (189.85.160.73:27016) connected
﻿08:45:01 : RCon admin #1: (Global) BEC : This server will restart in 15 minutes
﻿08:45:08 : Player #0 volkgranadier disconnected
﻿08:55:00 : RCon admin #1: (Global) BEC : This server will restart in 5 minutes
﻿08:59:00 : RCon admin #1: (Global) BEC : This server will restart in 1 minute, Log out now!
﻿09:00:01 : Lost Connection!
﻿09:00:01 : Closing socket & exiting!
﻿09:01:06 : Rcon client logging in
﻿09:01:06 : RCon admin #1 (127.0.0.1:50355) logged in
﻿09:22:35 : Player #0 daniel (190.142.31.223:2304) connected
﻿09:22:37 : Player #0 daniel - GUID: 198f02b51450b8d8977f05c28f086096 (unverified)
﻿09:22:38 : Verified GUID (198f02b51450b8d8977f05c28f086096) of player #0 daniel
﻿09:22:38 : Player #0 daniel - Legacy GUID: f0eca0baf5cabd8b2e140142ee086bdf
﻿09:25:48 : Player #0 daniel disconnected
﻿09:27:25 : Player #0 daniel (190.142.31.223:2304) connected
﻿09:27:26 : Player #0 daniel - GUID: 198f02b51450b8d8977f05c28f086096 (unverified)
﻿09:27:26 : Verified GUID (198f02b51450b8d8977f05c28f086096) of player #0 daniel
﻿09:27:27 : Player #0 daniel - Legacy GUID: f0eca0baf5cabd8b2e140142ee086bdf
﻿09:36:55 : Player #1 Lostoise (187.112.148.8:2304) connected
﻿09:36:56 : Player #1 Lostoise - GUID: e4b4492561ed019c7e2b2029617fd82b (unverified)
﻿09:36:57 : Verified GUID (e4b4492561ed019c7e2b2029617fd82b) of player #1 Lostoise
﻿09:36:57 : Player #1 Lostoise - Legacy GUID: 53029e945daaa6f3f45c154c53f02252
﻿09:36:57 : Player #1 Lostoise disconnected
﻿10:00:19 : Player #0 daniel (198f02b51450b8d8977f05c28f086096) has been kicked by BattlEye: Client not responding
﻿10:06:23 : Player #0 erick (190.142.31.223:2304) connected
﻿10:06:24 : Player #0 erick - GUID: 198f02b51450b8d8977f05c28f086096 (unverified)
﻿10:06:30 : Player #0 erick - Legacy GUID: f0eca0baf5cabd8b2e140142ee086bdf
﻿10:06:31 : Verified GUID (198f02b51450b8d8977f05c28f086096) of player #0 erick
﻿10:16:23 : Player #1 Rodrigo (190.245.12.150:2339) connected
﻿10:16:24 : Player #1 Rodrigo - GUID: 13786f6ea748133126e0af378dc047c4 (unverified)
﻿10:16:25 : Verified GUID (13786f6ea748133126e0af378dc047c4) of player #1 Rodrigo
﻿10:16:26 : Player #1 Rodrigo disconnected
﻿10:36:08 : Player #0 erick disconnected
﻿10:59:47 : Player #0 erick (190.142.31.223:2304) connected
﻿10:59:48 : Player #0 erick - GUID: 198f02b51450b8d8977f05c28f086096 (unverified)
﻿10:59:49 : Verified GUID (198f02b51450b8d8977f05c28f086096) of player #0 erick
﻿10:59:50 : Player #0 erick - Legacy GUID: f0eca0baf5cabd8b2e140142ee086bdf
﻿11:04:25 : Player #1 Nikyta (181.167.248.65:2304) connected
﻿11:04:26 : Player #1 Nikyta - GUID: d18bc2163de1a6abe8924f2e0788680b (unverified)
﻿11:04:26 : Verified GUID (d18bc2163de1a6abe8924f2e0788680b) of player #1 Nikyta
﻿11:04:27 : Player #1 Nikyta - Legacy GUID: d294364f535d1f02da4e01c50aaec207
﻿11:22:15 : Player #2 JiNX (186.23.167.224:2304) connected
﻿11:22:16 : Player #2 JiNX - GUID: e704b5642ef839477a8bc92894e3c1dd (unverified)
﻿11:22:17 : Verified GUID (e704b5642ef839477a8bc92894e3c1dd) of player #2 JiNX
﻿11:22:17 : Player #2 JiNX - Legacy GUID: 7a6860f48f3050e553969243b3b4dccc
﻿11:41:33 : Player #3 asmodeus (200.83.243.96:2304) connected
﻿11:41:35 : Player #3 asmodeus - GUID: e6106bc0169fa1bcd75553b331699a2a (unverified)
﻿11:41:36 : Verified GUID (e6106bc0169fa1bcd75553b331699a2a) of player #3 asmodeus
﻿11:41:37 : Player #3 asmodeus disconnected
﻿11:45:00 : RCon admin #1: (Global) BEC : This server will restart in 15 minutes
﻿11:54:45 : Player #1 Nikyta disconnected
﻿11:55:00 : RCon admin #1: (Global) BEC : This server will restart in 5 minutes
﻿11:59:00 : RCon admin #1: (Global) BEC : This server will restart in 1 minute, Log out now!
﻿12:00:01 : Lost Connection!
﻿12:00:01 : Closing socket & exiting!
﻿12:01:15 : Rcon client logging in
﻿12:01:15 : RCon admin #1 (127.0.0.1:60588) logged in
﻿12:03:17 : Player #0 erick (190.142.31.223:2304) connected
﻿12:03:18 : Player #0 erick - GUID: 198f02b51450b8d8977f05c28f086096 (unverified)
﻿12:03:19 : Player #0 erick - Legacy GUID: f0eca0baf5cabd8b2e140142ee086bdf
﻿12:03:19 : Verified GUID (198f02b51450b8d8977f05c28f086096) of player #0 erick
﻿12:04:23 : Player #1 JiNX (186.23.167.224:2304) connected
﻿12:04:24 : Player #1 JiNX - GUID: e704b5642ef839477a8bc92894e3c1dd (unverified)
﻿12:04:25 : Verified GUID (e704b5642ef839477a8bc92894e3c1dd) of player #1 JiNX
﻿12:04:26 : Player #1 JiNX - Legacy GUID: 7a6860f48f3050e553969243b3b4dccc
﻿12:09:02 : RCon admin #0: (To erick) [juandayz] bienvenido erick!!! es un gusto tener gente de venezuela!!!!
﻿12:31:58 : Player #2 asmodeus (200.83.243.96:2304) connected
﻿12:31:59 : Player #2 asmodeus - GUID: e6106bc0169fa1bcd75553b331699a2a (unverified)
﻿12:32:00 : Verified GUID (e6106bc0169fa1bcd75553b331699a2a) of player #2 asmodeus
﻿12:32:00 : Player #2 asmodeus - Legacy GUID: 2119b1e5b67fffdc2d073462fcdb9ec4
﻿12:32:01 : Player #2 asmodeus disconnected
﻿12:32:41 : Player #2 asmodeus (200.83.243.96:2304) connected
﻿12:32:42 : Player #2 asmodeus - GUID: e6106bc0169fa1bcd75553b331699a2a (unverified)
﻿12:32:43 : Verified GUID (e6106bc0169fa1bcd75553b331699a2a) of player #2 asmodeus
﻿12:32:43 : Player #2 asmodeus - Legacy GUID: 2119b1e5b67fffdc2d073462fcdb9ec4
﻿12:32:44 : Player #2 asmodeus disconnected
﻿12:33:13 : Player #2 Pedro_Henrique (187.112.6.187:26512) connected
﻿12:33:14 : Player #2 Pedro_Henrique - GUID: 3669e0de7c6643a06b6f4b4c32b02e06 (unverified)
﻿12:33:14 : Verified GUID (3669e0de7c6643a06b6f4b4c32b02e06) of player #2 Pedro_Henrique
﻿12:33:15 : Player #2 Pedro_Henrique - Legacy GUID: bae014e62c4b34486ab72cc2fa1452d0
﻿12:33:21 : Player #2 Pedro_Henrique disconnected
﻿12:39:32 : Player #2 JF (190.185.192.18:26512) connected
﻿12:39:33 : Player #2 JF - GUID: 93a2a9d9bc7acb34122becec3305fde7 (unverified)
﻿12:39:34 : Verified GUID (93a2a9d9bc7acb34122becec3305fde7) of player #2 JF
﻿12:39:34 : Player #2 JF - Legacy GUID: 1e3460faa1452299ec3b5f220fe797e0
﻿12:50:53 : Player #1 JiNX disconnected
﻿12:58:33 : Player #1 asmodeus (200.83.243.96:2304) connected
﻿12:58:34 : Player #1 asmodeus - GUID: e6106bc0169fa1bcd75553b331699a2a (unverified)
﻿12:58:35 : Verified GUID (e6106bc0169fa1bcd75553b331699a2a) of player #1 asmodeus
﻿12:58:35 : Player #1 asmodeus disconnected
﻿13:23:40 : Player #1 Marcelo (200.83.243.96:2304) connected
﻿13:23:41 : Player #1 Marcelo - GUID: a1e7d9cc82388b903ee8c11a53de3e4b (unverified)
﻿13:23:42 : Verified GUID (a1e7d9cc82388b903ee8c11a53de3e4b) of player #1 Marcelo
﻿13:23:42 : Player #1 Marcelo - Legacy GUID: a35e7f9f676255234c42b75101542ce4
﻿13:23:43 : Player #3 LockBR (186.224.176.71:2304) connected
﻿13:23:44 : Player #1 Marcelo disconnected
﻿13:23:44 : Player #3 LockBR - GUID: 78caaedeb07b2cfdd9fb7984f5d4e247 (unverified)
﻿13:23:45 : Player #3 LockBR - Legacy GUID: a0510d770f6232c402108abad271cf5d
﻿13:23:45 : Verified GUID (78caaedeb07b2cfdd9fb7984f5d4e247) of player #3 LockBR
﻿13:26:48 : Player #3 LockBR disconnected
﻿13:36:48 : Player #1 Hans (190.49.42.86:2304) connected
﻿13:36:49 : Player #1 Hans - GUID: 4c8a9b2b523906058cc33ffd8af6ee84 (unverified)
﻿13:36:50 : Verified GUID (4c8a9b2b523906058cc33ffd8af6ee84) of player #1 Hans
﻿13:36:50 : Player #1 Hans - Legacy GUID: b8db10e0df20e643b9d2f2513879a2d6
﻿13:44:50 : Player #3 LockBR (186.224.176.71:2404) connected
﻿13:44:51 : Player #3 LockBR - GUID: 78caaedeb07b2cfdd9fb7984f5d4e247 (unverified)
﻿13:44:51 : Verified GUID (78caaedeb07b2cfdd9fb7984f5d4e247) of player #3 LockBR
﻿13:44:52 : Player #3 LockBR disconnected
﻿13:53:11 : Player #1 Hans disconnected
﻿13:58:33 : Player #1 Bad Guy (24.232.71.49:2304) connected
﻿13:58:34 : Player #1 Bad Guy - GUID: dda8f26d97fcb7ca8899f7f65d8536cf (unverified)
﻿13:58:35 : Verified GUID (dda8f26d97fcb7ca8899f7f65d8536cf) of player #1 Bad Guy
﻿13:58:35 : Player #1 Bad Guy - Legacy GUID: e63f5403618860de28c9af75ce0b2365
﻿14:15:49 : Player #3 JiNX (186.23.167.224:2304) connected
﻿14:15:50 : Player #3 JiNX - GUID: e704b5642ef839477a8bc92894e3c1dd (unverified)
﻿14:15:51 : Verified GUID (e704b5642ef839477a8bc92894e3c1dd) of player #3 JiNX
﻿14:15:51 : Player #3 JiNX - Legacy GUID: 7a6860f48f3050e553969243b3b4dccc
﻿14:18:21 : Player #4 PLAYER 1 (186.54.191.79:56759) connected
﻿14:18:22 : Player #4 PLAYER 1 - GUID: b2ff206840a64d7fa530377b2c3dbfd4 (unverified)
﻿14:18:23 : Player #4 PLAYER 1 - Legacy GUID: 0ff4b43479c9ed317ab10d657c3aea9a
﻿14:18:23 : Verified GUID (b2ff206840a64d7fa530377b2c3dbfd4) of player #4 PLAYER 1
﻿14:24:31 : Player #5 asmodeus (200.83.243.96:2304) connected
﻿14:24:33 : Player #5 asmodeus - GUID: e6106bc0169fa1bcd75553b331699a2a (unverified)
﻿14:24:33 : Verified GUID (e6106bc0169fa1bcd75553b331699a2a) of player #5 asmodeus
﻿14:24:34 : Player #5 asmodeus - Legacy GUID: 2119b1e5b67fffdc2d073462fcdb9ec4
﻿14:24:35 : Player #5 asmodeus disconnected
﻿14:25:09 : Player #5 Erva Venenosa (177.190.183.108:21101) connected
﻿14:25:10 : Player #5 Erva Venenosa - GUID: c8a8464a0c677f6c7db04baf85701039 (unverified)
﻿14:25:11 : Verified GUID (c8a8464a0c677f6c7db04baf85701039) of player #5 Erva Venenosa
﻿14:25:11 : Player #5 Erva Venenosa - Legacy GUID: 60715ba28fa1aa9e05cee23533fb67c0
﻿14:25:20 : Player #5 Erva Venenosa disconnected
﻿14:32:19 : Player #5 ADM PAI (200.158.169.217:2304) connected
﻿14:32:20 : Player #5 ADM PAI - GUID: 648ed1c8059edb8c76de922c5698dad3 (unverified)
﻿14:32:20 : Verified GUID (648ed1c8059edb8c76de922c5698dad3) of player #5 ADM PAI
﻿14:32:21 : Player #5 ADM PAI - Legacy GUID: 87b66a68021a9449c30d9d223ff79bcd
﻿14:32:21 : Player #5 ADM PAI disconnected
﻿14:43:15 : Player #5 Azrael1x (191.80.246.133:2304) connected
﻿14:43:16 : Player #5 Azrael1x - GUID: f3bbe77e31363319b3378084ddcb86d8 (unverified)
﻿14:43:17 : Verified GUID (f3bbe77e31363319b3378084ddcb86d8) of player #5 Azrael1x
﻿14:43:17 : Player #5 Azrael1x - Legacy GUID: 872394ca0b82ad6e77d13dc8f5141d95
﻿14:45:00 : RCon admin #1: (Global) BEC : This server will restart in 15 minutes
﻿14:49:57 : Player #6 FlingeR (181.29.156.37:52753) connected
﻿14:49:58 : Player #6 FlingeR - GUID: 85bd6f13a390f860e1ca7d4f1ba6baa2 (unverified)
﻿14:49:59 : Verified GUID (85bd6f13a390f860e1ca7d4f1ba6baa2) of player #6 FlingeR
﻿14:49:59 : Player #6 FlingeR - Legacy GUID: ff0f9a3e6ff547dfa98e5f42aa5bc6e3
﻿14:51:32 : Player #4 PLAYER 1 disconnected
﻿14:51:57 : Player #4 BIgote (186.54.191.79:56759) connected
﻿14:51:59 : Player #4 BIgote - GUID: b2ff206840a64d7fa530377b2c3dbfd4 (unverified)
﻿14:51:59 : Player #4 BIgote - Legacy GUID: 0ff4b43479c9ed317ab10d657c3aea9a
﻿14:51:59 : Verified GUID (b2ff206840a64d7fa530377b2c3dbfd4) of player #4 BIgote
﻿14:53:33 : Player #6 FlingeR disconnected
﻿14:53:58 : Player #6 FlingeR (181.29.156.37:52753) connected
﻿14:53:59 : Player #6 FlingeR - GUID: 85bd6f13a390f860e1ca7d4f1ba6baa2 (unverified)
﻿14:54:00 : Verified GUID (85bd6f13a390f860e1ca7d4f1ba6baa2) of player #6 FlingeR
﻿14:54:01 : Player #6 FlingeR - Legacy GUID: ff0f9a3e6ff547dfa98e5f42aa5bc6e3
﻿14:55:00 : RCon admin #1: (Global) BEC : This server will restart in 5 minutes
﻿14:55:50 : Player #6 FlingeR disconnected
﻿14:58:17 : RCon admin #1: (To Bad Guy) BEC : You have about 60 seconds left to join the mission.
﻿14:58:41 : Player #2 JF disconnected
﻿14:58:48 : RCon admin #1: (To Bad Guy) BEC : You have about 30 seconds left to join the mission.
﻿14:59:00 : RCon admin #1: (Global) BEC : This server will restart in 1 minute, Log out now!
﻿14:59:02 : RCon admin #1: (To Bad Guy) BEC : You have about 15 seconds left to join the mission.
﻿14:59:17 : Player #1 Bad Guy (dda8f26d97fcb7ca8899f7f65d8536cf) has been kicked by BattlEye: Admin Kick (BEC : Lobby idling to long)
﻿14:59:50 : Player #5 Azrael1x disconnected
﻿15:00:02 : Lost Connection!
﻿15:00:02 : Closing socket & exiting!
﻿15:01:15 : Rcon client logging in
﻿15:01:15 : RCon admin #1 (127.0.0.1:50255) logged in
﻿15:01:17 : Player #0 FlingeR - GUID: 85bd6f13a390f860e1ca7d4f1ba6baa2 (unverified)
﻿15:01:17 : Player #0 FlingeR - Legacy GUID: ff0f9a3e6ff547dfa98e5f42aa5bc6e3
﻿15:01:17 : Verified GUID (85bd6f13a390f860e1ca7d4f1ba6baa2) of player #0 FlingeR
﻿15:02:24 : Player #1 erick (190.142.31.223:2304) connected
﻿15:02:26 : Player #1 erick - GUID: 198f02b51450b8d8977f05c28f086096 (unverified)
﻿15:02:27 : Player #1 erick - Legacy GUID: f0eca0baf5cabd8b2e140142ee086bdf
﻿15:02:27 : Verified GUID (198f02b51450b8d8977f05c28f086096) of player #1 erick
﻿15:02:56 : Player #2 BIgote (186.54.191.79:62413) connected
﻿15:02:57 : Player #2 BIgote - GUID: b2ff206840a64d7fa530377b2c3dbfd4 (unverified)
﻿15:02:58 : Player #2 BIgote - Legacy GUID: 0ff4b43479c9ed317ab10d657c3aea9a
﻿15:02:58 : Verified GUID (b2ff206840a64d7fa530377b2c3dbfd4) of player #2 BIgote
﻿15:04:58 : Player #3 Bad Guy (24.232.71.49:2304) connected
﻿15:04:59 : Player #3 Bad Guy - GUID: dda8f26d97fcb7ca8899f7f65d8536cf (unverified)
﻿15:05:00 : Verified GUID (dda8f26d97fcb7ca8899f7f65d8536cf) of player #3 Bad Guy
﻿15:05:00 : Player #3 Bad Guy - Legacy GUID: e63f5403618860de28c9af75ce0b2365
﻿15:05:28 : Player #4 Azrael1x (191.80.246.133:2304) connected
﻿15:05:29 : Player #4 Azrael1x - GUID: f3bbe77e31363319b3378084ddcb86d8 (unverified)
﻿15:05:30 : Verified GUID (f3bbe77e31363319b3378084ddcb86d8) of player #4 Azrael1x
﻿15:05:30 : Player #4 Azrael1x - Legacy GUID: 872394ca0b82ad6e77d13dc8f5141d95
﻿15:07:38 : Player #1 erick disconnected
﻿15:07:47 : Player #1 erick (190.142.31.223:2304) connected
﻿15:07:48 : Player #1 erick - GUID: 198f02b51450b8d8977f05c28f086096 (unverified)
﻿15:07:49 : Verified GUID (198f02b51450b8d8977f05c28f086096) of player #1 erick
﻿15:07:49 : Player #1 erick - Legacy GUID: f0eca0baf5cabd8b2e140142ee086bdf
﻿15:10:51 : Player #5 pibe (190.137.119.225:2304) connected
﻿15:10:52 : Player #5 pibe - GUID: e134649147d72f396392f3cc67883581 (unverified)
﻿15:10:53 : Verified GUID (e134649147d72f396392f3cc67883581) of player #5 pibe
﻿15:10:55 : Player #5 pibe - Legacy GUID: 9b2942a332a4abdf41928113ab389593
﻿15:12:56 : Player #2 BIgote (b2ff206840a64d7fa530377b2c3dbfd4) has been kicked by BattlEye: Client not responding
﻿15:14:00 : Player #2 BIgote (186.54.47.153:62413) connected
﻿15:14:01 : Player #2 BIgote - GUID: b2ff206840a64d7fa530377b2c3dbfd4 (unverified)
﻿15:14:02 : Verified GUID (b2ff206840a64d7fa530377b2c3dbfd4) of player #2 BIgote
﻿15:14:03 : Player #2 BIgote - Legacy GUID: 0ff4b43479c9ed317ab10d657c3aea9a
﻿15:15:34 : Player #6 Lostoise (187.112.148.8:2304) connected
﻿15:15:35 : Player #6 Lostoise - GUID: e4b4492561ed019c7e2b2029617fd82b (unverified)
﻿15:15:35 : Player #6 Lostoise - Legacy GUID: 53029e945daaa6f3f45c154c53f02252
﻿15:15:36 : Verified GUID (e4b4492561ed019c7e2b2029617fd82b) of player #6 Lostoise
﻿15:18:08 : Player #5 pibe disconnected
﻿15:38:17 : Player #5 PILOTAH (167.56.140.69:25954) connected
﻿15:38:18 : Player #5 PILOTAH - GUID: 170fd4803f93ad9c466366ce3874e8e6 (unverified)
﻿15:38:19 : Verified GUID (170fd4803f93ad9c466366ce3874e8e6) of player #5 PILOTAH
﻿15:38:19 : Player #5 PILOTAH - Owner GUID: 78eabfa40ac04e7ae4e5003dc8204674
﻿15:38:19 : Player #5 PILOTAH - Legacy GUID: 20537a510789289ba160cb29961194c6
﻿15:41:24 : Player #6 Lostoise disconnected
﻿15:45:57 : Player #6 Tomas (181.114.36.250:2304) connected
﻿15:45:58 : Player #6 Tomas - GUID: e6881141a272b1c3ace9cde288ce88a6 (unverified)
﻿15:45:59 : Verified GUID (e6881141a272b1c3ace9cde288ce88a6) of player #6 Tomas
﻿15:45:59 : Player #6 Tomas - Legacy GUID: 7a7b60ff0521a18a6f6dab2ab4f18325
﻿15:46:01 : Player #6 Tomas disconnected
﻿15:55:02 : Player #6 Dragons (186.22.173.62:2304) connected
﻿15:55:03 : Player #6 Dragons - GUID: 3c6c048346652b2441b43e719a05201a (unverified)
﻿15:55:03 : Verified GUID (3c6c048346652b2441b43e719a05201a) of player #6 Dragons
﻿15:55:04 : Player #6 Dragons - Legacy GUID: 3913b982b8c60e961ef4fc2d2bc88df7
﻿15:55:28 : Player #7 nathan (179.176.92.50:2304) connected
﻿15:55:29 : Player #7 nathan - GUID: a5d3dddbb4c7e398d640ab9a366c5d5d (unverified)
﻿15:55:30 : Verified GUID (a5d3dddbb4c7e398d640ab9a366c5d5d) of player #7 nathan
﻿15:55:30 : Player #7 nathan - Legacy GUID: 5adb38ef617b9242bcb5540ce2f2eb47
﻿15:55:31 : Player #7 nathan disconnected
﻿15:56:22 : Player #7 JiNX (186.23.167.224:2304) connected
﻿15:56:23 : Player #7 JiNX - GUID: e704b5642ef839477a8bc92894e3c1dd (unverified)
﻿15:56:23 : Verified GUID (e704b5642ef839477a8bc92894e3c1dd) of player #7 JiNX
﻿15:56:24 : Player #7 JiNX - Legacy GUID: 7a6860f48f3050e553969243b3b4dccc
﻿15:57:04 : Player #1 erick (198f02b51450b8d8977f05c28f086096) has been kicked by BattlEye: Ping too high (1654)
﻿15:58:08 : Player #1 erick (190.142.31.223:2304) connected
﻿15:58:09 : Player #1 erick - GUID: 198f02b51450b8d8977f05c28f086096 (unverified)
﻿15:58:10 : Verified GUID (198f02b51450b8d8977f05c28f086096) of player #1 erick
﻿15:58:10 : Player #1 erick - Legacy GUID: f0eca0baf5cabd8b2e140142ee086bdf
﻿15:58:30 : Player #8 [Amish]Churro (201.212.50.146:2304) connected
﻿15:58:32 : Player #8 [Amish]Churro - GUID: dde1966f1dd7e3054e1b1eb0a534628d (unverified)
﻿15:58:32 : Verified GUID (dde1966f1dd7e3054e1b1eb0a534628d) of player #8 [Amish]Churro
﻿15:58:33 : Player #8 [Amish]Churro - Legacy GUID: 400a9b7eb38b0cba4ee0340edd2b0aed
﻿16:02:30 : Player #9 ADM PAI (200.158.169.217:2304) connected
﻿16:02:33 : Player #9 ADM PAI - GUID: 648ed1c8059edb8c76de922c5698dad3 (unverified)
﻿16:02:34 : Verified GUID (648ed1c8059edb8c76de922c5698dad3) of player #9 ADM PAI
﻿16:02:34 : Player #9 ADM PAI - Legacy GUID: 87b66a68021a9449c30d9d223ff79bcd
﻿16:03:26 : RCon admin #0: (Global) [juandayz] hola gente , como les va!
﻿16:04:22 : RCon admin #0: (Global) [juandayz] Bienvenidos Blgote,PILOTAH,Dragons,PAI
﻿16:05:05 : Player #9 ADM PAI - Legacy GUID: 87b66a68021a9449c30d9d223ff79bcd
﻿16:05:09 : Player #10 NOSTROMO (190.112.198.119:27944) connected
﻿16:05:10 : Player #10 NOSTROMO - GUID: e90de16682e322bd9fde9d86b18679b9 (unverified)
﻿16:05:11 : Player #10 NOSTROMO - Legacy GUID: 9aa1474e4eda0a244bddee3358690a61
﻿16:05:12 : Verified GUID (e90de16682e322bd9fde9d86b18679b9) of player #10 NOSTROMO
﻿16:06:11 : RCon admin #0: (To Bad Guy) [juandayz] ahi aumente los objetos del plot a 250 badguy. avisame despues si lo tomo
﻿16:06:56 : Player #7 JiNX disconnected
﻿16:06:57 : Player #7 PLAYER 1 (200.158.169.217:1029) connected
﻿16:07:06 : Player #7 PLAYER 1 - GUID: 636efde4d9424c57dd9f8842753a8f5d (unverified)
﻿16:07:06 : Player #7 PLAYER 1 - Legacy GUID: 4db5000bfc4d1bd9234a1df1dcaaadef
﻿16:07:06 : Verified GUID (636efde4d9424c57dd9f8842753a8f5d) of player #7 PLAYER 1
﻿16:07:49 : RCon admin #0: (Global) [juandayz] tecla space
﻿16:08:42 : RCon admin #0: (Global) [juandayz] son pequeñas misiones para ayudar a los bots a cambio de humanidad.
﻿16:08:53 : Player #11 [RuralBandits]Masenjager (181.95.19.124:2304) connected
﻿16:08:55 : Player #11 [RuralBandits]Masenjager - Legacy GUID: bf284fffe9e2236b4e5e7bed2e9116e5
﻿16:08:56 : Player #11 [RuralBandits]Masenjager - GUID: 7be6b81af745479f119c562276236bd0 (unverified)
﻿16:08:56 : Verified GUID (7be6b81af745479f119c562276236bd0) of player #11 [RuralBandits]Masenjager
﻿16:09:10 : RCon admin #0: (Global) [juandayz] las paradas, son donde el punto azul que se mueve (trader ambulante) para a comerciar
﻿16:09:58 : RCon admin #0: (Global) [juandayz] Argentino
﻿16:10:23 : Player #12 Roger (190.31.106.159:2304) connected
﻿16:10:24 : Player #12 Roger - GUID: d85cdb1b576befb0802c1e980bbde467 (unverified)
﻿16:10:25 : Verified GUID (d85cdb1b576befb0802c1e980bbde467) of player #12 Roger
﻿16:10:26 : Player #12 Roger - Legacy GUID: 7f8db49ce87ca05211184687935b6bf4
﻿16:10:47 : RCon admin #0: (Global) [juandayz] de todas maneras son todos bienvenidos, la idea es q no se bardee entree brasileros y arg, chilenos y peruanos,, etc
﻿16:12:56 : RCon admin #0: (Global) [juandayz] tambien para los q no entienden un pomo del server, en el scroll menu hay un submenu de Ayuda, Cuando spawnean, en el inventario llevan un libro, si le hacen click derechooo hay varias explicaciones.. 
﻿16:12:56 : Player #12 Roger - Legacy GUID: 7f8db49ce87ca05211184687935b6bf4
﻿16:13:31 : Player #5 PILOTAH disconnected
﻿16:19:09 : Player #5 San (186.22.142.138:5806) connected
﻿16:19:10 : Player #5 San - GUID: 15c76caaac625e90ad2b351ec7d6ffb8 (unverified)
﻿16:19:11 : Verified GUID (15c76caaac625e90ad2b351ec7d6ffb8) of player #5 San
﻿16:19:11 : Player #5 San - Legacy GUID: 759371cc2ec1da02f2a0dbdfd2f53824
﻿16:19:28 : Player #5 San disconnected
﻿16:20:23 : Player #5 pibe (190.137.119.225:2304) connected
﻿16:20:24 : Player #5 pibe - GUID: e134649147d72f396392f3cc67883581 (unverified)
﻿16:20:25 : Verified GUID (e134649147d72f396392f3cc67883581) of player #5 pibe
﻿16:20:25 : Player #5 pibe - Legacy GUID: 9b2942a332a4abdf41928113ab389593
﻿16:22:30 : Player #13 BrixtoN (179.183.247.184:2304) connected
﻿16:22:31 : Player #13 BrixtoN - GUID: 25083b68e1984c2b796bfe84c96bb496 (unverified)
﻿16:22:31 : Player #13 BrixtoN disconnected
﻿16:22:32 : Player #7 PLAYER 1 disconnected
﻿16:25:36 : Player #11 [RuralBandits]Masenjager disconnected
﻿16:26:49 : Player #7 PLAYER 1 (200.158.169.217:1029) connected
﻿16:26:51 : Player #7 PLAYER 1 - GUID: 636efde4d9424c57dd9f8842753a8f5d (unverified)
﻿16:26:52 : Player #7 PLAYER 1 - Legacy GUID: 4db5000bfc4d1bd9234a1df1dcaaadef
﻿16:27:04 : Player #5 pibe disconnected
﻿16:27:09 : Verified GUID (636efde4d9424c57dd9f8842753a8f5d) of player #7 PLAYER 1
﻿16:27:15 : RCon admin #0: (To NOSTROMO) [juandayz] cuando usas un skin de esos customizados de spawn, no te dejaa cambiar la ropa. con los skins normales, policia,roquero, etc si
﻿16:28:03 : Player #5 luis (191.178.103.30:2304) connected
﻿16:28:04 : Player #5 luis - GUID: 2736548caedfd109ed39de4071127f49 (unverified)
﻿16:28:05 : Verified GUID (2736548caedfd109ed39de4071127f49) of player #5 luis
﻿16:28:05 : Player #5 luis - Legacy GUID: 35fd1d9bc97ce224d611f5bff6e999af
﻿16:28:06 : Player #5 luis disconnected
﻿16:30:14 : RCon admin #0: (Global) [BEC] En los humvies Wreck (humvies destruidos) se puede reparar el radio para pedir suministros por paracaidas o un ataque de artilleria a X lugar del mapa.
﻿16:31:29 : Player #12 Roger (d85cdb1b576befb0802c1e980bbde467) has been kicked by BattlEye: Client not responding
﻿16:32:34 : Player #5 Roger (186.109.115.24:2304) connected
﻿16:32:36 : Player #5 Roger - GUID: d85cdb1b576befb0802c1e980bbde467 (unverified)
﻿16:32:36 : Player #5 Roger - Legacy GUID: 7f8db49ce87ca05211184687935b6bf4
﻿16:32:36 : Verified GUID (d85cdb1b576befb0802c1e980bbde467) of player #5 Roger
﻿16:32:52 : Player #11 Niconap (190.192.138.17:2304) connected
﻿16:32:54 : Player #11 Niconap - GUID: 847c36df72aa984242c68807486ece9e (unverified)
﻿16:32:55 : Verified GUID (847c36df72aa984242c68807486ece9e) of player #11 Niconap
﻿16:32:55 : Player #11 Niconap - Legacy GUID: 20f6fe2aa01ea1c70d6abbfe0224d5d3
﻿16:33:19 : Player #5 Roger (d85cdb1b576befb0802c1e980bbde467) has been kicked by BattlEye: Client not responding
﻿16:34:53 : Player #5 Roger (190.231.217.184:2304) connected
﻿16:34:54 : Player #5 Roger - GUID: d85cdb1b576befb0802c1e980bbde467 (unverified)
﻿16:34:55 : Verified GUID (d85cdb1b576befb0802c1e980bbde467) of player #5 Roger
﻿16:34:55 : Player #5 Roger - Legacy GUID: 7f8db49ce87ca05211184687935b6bf4
﻿16:38:15 : Player #12 Jej0x |Aspirante| (190.51.35.169:2304) connected
﻿16:38:18 : Player #12 Jej0x |Aspirante| - GUID: f3e3268171736a361f4f08d3aee36558 (unverified)
﻿16:38:19 : Verified GUID (f3e3268171736a361f4f08d3aee36558) of player #12 Jej0x |Aspirante|
﻿16:38:19 : Player #12 Jej0x |Aspirante| - Legacy GUID: 46a8911586c7fdb684a7f7c1fb3da0e5
﻿16:38:31 : RCon admin #0: (Global) [BEC] En Mercado Central ademas de tradear podes: Estar con una Prostituta,Apostar,Jugar Ruleta Rusa,Comprar Bonos,Practicar Tiro al Blanco,Recibir Misiones,Utilizar el Laboratorio de Alquimia y mas.
﻿16:38:34 : Player #13 xx (201.252.2.227:2304) connected
﻿16:38:35 : Player #13 xx - GUID: e09bb3357644ed2c195cb16aae6aa80b (unverified)
﻿16:38:36 : Verified GUID (e09bb3357644ed2c195cb16aae6aa80b) of player #13 xx
﻿16:38:37 : Player #13 xx - Legacy GUID: 009f250163157e69809eb59a06fc2074
﻿16:38:37 : Player #13 xx disconnected
﻿16:39:00 : Player #13 xx (201.252.2.227:2304) connected
﻿16:39:01 : Player #13 xx - GUID: e09bb3357644ed2c195cb16aae6aa80b (unverified)
﻿16:39:02 : Verified GUID (e09bb3357644ed2c195cb16aae6aa80b) of player #13 xx
﻿16:39:02 : Player #13 xx - Legacy GUID: 009f250163157e69809eb59a06fc2074
﻿16:39:03 : Player #13 xx disconnected
﻿16:39:13 : Player #13 juandayz (190.138.231.195:2304) connected
﻿16:39:14 : Player #13 juandayz - GUID: d603844e2f77196bf616245ae360213b (unverified)
﻿16:39:15 : Verified GUID (d603844e2f77196bf616245ae360213b) of player #13 juandayz
﻿16:39:15 : Player #13 juandayz - Legacy GUID: a5aa074813dab730e26d67b8a0a0af6c
﻿16:41:34 : RCon admin #0: (Global) [juandayz] lugares controlados por bots, como si fueran puestos de frontera
﻿16:43:03 : Player #0 FlingeR disconnected
﻿16:43:48 : RCon admin #0: (To Azrael1x) [juandayz] te voy a spectar azra a ver como te va en el airf
﻿16:48:55 : Player #0 BBeast (186.48.108.12:2304) connected
﻿16:48:57 : Player #0 BBeast - GUID: cb5b56213f73e36ecfe608e66aa027f4 (unverified)
﻿16:48:57 : Verified GUID (cb5b56213f73e36ecfe608e66aa027f4) of player #0 BBeast
﻿16:48:58 : Player #0 BBeast - Legacy GUID: 624950948262eb077f5188cb803b93cf
﻿16:49:07 : Player #14 Real Hawk (179.25.143.138:2304) connected
﻿16:49:09 : Player #14 Real Hawk - GUID: 3a47b961011b3336826f59993fca4cdc (unverified)
﻿16:49:09 : Verified GUID (3a47b961011b3336826f59993fca4cdc) of player #14 Real Hawk
﻿16:49:10 : Player #14 Real Hawk - Legacy GUID: b896cbf357c9c65951591764556ea3cf
﻿16:49:12 : Player #9 ADM PAI (648ed1c8059edb8c76de922c5698dad3) has been kicked by BattlEye: Client not responding
﻿16:49:12 : Player #7 PLAYER 1 disconnected
﻿16:49:14 : RCon admin #0: (To Azrael1x) [juandayz] andate al lado del tanque de la onu
﻿16:49:23 : RCon admin #0: (To Azrael1x) [juandayz] y usa el scroll menu
﻿16:49:24 : Player #7 PLAYER 1 (200.158.169.217:1029) connected
﻿16:49:35 : Player #7 PLAYER 1 - GUID: 636efde4d9424c57dd9f8842753a8f5d (unverified)
﻿16:49:36 : Verified GUID (636efde4d9424c57dd9f8842753a8f5d) of player #7 PLAYER 1
﻿16:49:38 : Player #7 PLAYER 1 - Legacy GUID: 4db5000bfc4d1bd9234a1df1dcaaadef
﻿16:51:01 : Player #7 PLAYER 1 disconnected
﻿16:51:01 : Player #9 ADM PAI (200.158.169.217:1029) connected
﻿16:51:03 : Player #9 ADM PAI - GUID: 648ed1c8059edb8c76de922c5698dad3 (unverified)
﻿16:51:03 : Verified GUID (648ed1c8059edb8c76de922c5698dad3) of player #9 ADM PAI
﻿16:51:16 : Player #9 ADM PAI - Legacy GUID: 87b66a68021a9449c30d9d223ff79bcd
﻿16:51:22 : Player #9 ADM PAI disconnected
﻿16:53:12 : Player #7 Rommel (190.55.73.20:2304) connected
﻿16:53:13 : Player #7 Rommel - GUID: 29a83207389761e3d0de5001adad23ae (unverified)
﻿16:53:14 : Verified GUID (29a83207389761e3d0de5001adad23ae) of player #7 Rommel
﻿16:53:14 : Player #7 Rommel - Legacy GUID: 5f61754db7818be31d8f5ddf89a4c082
﻿16:55:31 : RCon admin #1: (To NOSTROMO) BEC : You have about 60 seconds left to join the mission.
﻿16:56:03 : RCon admin #1: (To NOSTROMO) BEC : You have about 30 seconds left to join the mission.
﻿16:56:17 : RCon admin #1: (To NOSTROMO) BEC : You have about 15 seconds left to join the mission.
﻿16:56:31 : Player #10 NOSTROMO (e90de16682e322bd9fde9d86b18679b9) has been kicked by BattlEye: Admin Kick (BEC : Lobby idling to long)
﻿16:57:38 : Player #9 YONOSERJUDIOS (167.60.59.191:2304) connected
﻿16:57:39 : Player #9 YONOSERJUDIOS - GUID: 905310e6ca9b9f308b847c6be77b2715 (unverified)
﻿16:57:40 : Verified GUID (905310e6ca9b9f308b847c6be77b2715) of player #9 YONOSERJUDIOS
﻿16:57:41 : Player #9 YONOSERJUDIOS - Legacy GUID: 0b3dd53c9d516c597733e9483ece9edb
﻿17:03:56 : Player #10 Sebas (190.112.88.252:2304) connected
﻿17:03:58 : Player #10 Sebas - GUID: 4486946f71b3d301cd4266f605474687 (unverified)
﻿17:03:59 : Player #10 Sebas - Legacy GUID: 3b8bb43f82dfd174c6e9c3449aaabd78
﻿17:03:59 : Verified GUID (4486946f71b3d301cd4266f605474687) of player #10 Sebas
﻿17:04:00 : Player #10 Sebas disconnected
﻿17:04:08 : Player #10 ElMarinE (186.23.191.61:2304) connected
﻿17:04:09 : Player #10 ElMarinE - GUID: 9ec0bd2d50ad2865bda97445f0aa61d2 (unverified)
﻿17:04:09 : Verified GUID (9ec0bd2d50ad2865bda97445f0aa61d2) of player #10 ElMarinE
﻿17:04:10 : Player #10 ElMarinE - Legacy GUID: 0daf6180e5c3d2395988c52c73aabfdf
﻿17:06:01 : Player #1 erick (198f02b51450b8d8977f05c28f086096) has been kicked by BattlEye: Client not responding
﻿17:08:12 : Player #1 NOSTROMO (190.112.198.119:10959) connected
﻿17:08:37 : Player #1 NOSTROMO - GUID: e90de16682e322bd9fde9d86b18679b9 (unverified)
﻿17:08:38 : Player #1 NOSTROMO - Legacy GUID: 9aa1474e4eda0a244bddee3358690a61
﻿17:08:38 : Verified GUID (e90de16682e322bd9fde9d86b18679b9) of player #1 NOSTROMO
﻿17:09:14 : Player #15 Rama (190.1.53.22:2304) connected
﻿17:09:15 : Player #15 Rama - GUID: 92286f4bb15959a53dbad050da5a02c9 (unverified)
﻿17:09:16 : Verified GUID (92286f4bb15959a53dbad050da5a02c9) of player #15 Rama
﻿17:09:17 : Player #15 Rama - Legacy GUID: 7d8c6e6e786b5a83f69ba626fd1d931b
﻿17:09:17 : Player #15 Rama disconnected
﻿17:09:29 : Player #14 Real Hawk (3a47b961011b3336826f59993fca4cdc) has been kicked by BattlEye: Client not responding
﻿17:10:43 : Player #14 Real Hawk (179.26.42.161:2304) connected
﻿17:10:45 : Player #14 Real Hawk - GUID: 3a47b961011b3336826f59993fca4cdc (unverified)
﻿17:10:45 : Verified GUID (3a47b961011b3336826f59993fca4cdc) of player #14 Real Hawk
﻿17:10:46 : Player #14 Real Hawk - Legacy GUID: b896cbf357c9c65951591764556ea3cf
﻿17:15:06 : Player #15 Rama (190.1.53.22:2304) connected
﻿17:15:07 : Player #15 Rama - GUID: 92286f4bb15959a53dbad050da5a02c9 (unverified)
﻿17:15:08 : Player #15 Rama - Legacy GUID: 7d8c6e6e786b5a83f69ba626fd1d931b
﻿17:15:08 : Verified GUID (92286f4bb15959a53dbad050da5a02c9) of player #15 Rama
﻿17:15:10 : Player #15 Rama disconnected
﻿17:19:09 : RCon admin #0: (To Azrael1x) [juandayz] q paso azra?
﻿17:19:34 : RCon admin #0: (Global) [juandayz] ahi t ayudo
﻿17:21:35 : RCon admin #0: (To Azrael1x) [juandayz] el vod medic era?
﻿17:22:41 : Player #9 YONOSERJUDIOS disconnected
﻿17:22:45 : RCon admin #0: (To Azrael1x) [juandayz] veni al trade de vehiculos
﻿17:23:18 : Player #0 BBeast disconnected
﻿17:25:33 : Player #14 Real Hawk disconnected
﻿17:27:35 : Player #12 Jej0x |Aspirante| disconnected
﻿17:28:20 : RCon admin #0: (Global) [juandayz] mmm no rommel, yo casi ni entro al face, pero ahi despues me efijo
﻿17:29:15 : RCon admin #0: (Global) [juandayz] si, tranqui , me gusta leer :D asi q no hay drama
﻿17:30:26 : RCon admin #0: (Global) [juandayz] Con respecto a la bici Marine, no te subas hasta q se termine de armar, si te subis ants te manda al mar.
﻿17:30:44 : Player #0 JuanAKD (190.11.106.136:2304) connected
﻿17:30:46 : Player #0 JuanAKD - GUID: cda74fde8eb2fb45e616a24982b465ec (unverified)
﻿17:30:47 : Verified GUID (cda74fde8eb2fb45e616a24982b465ec) of player #0 JuanAKD
﻿17:30:47 : Player #0 JuanAKD - Legacy GUID: a8ba8dff63815b34bb80a294541f581b
﻿17:32:09 : Player #9 Rama (190.1.53.22:2304) connected
﻿17:32:11 : Player #9 Rama - GUID: 92286f4bb15959a53dbad050da5a02c9 (unverified)
﻿17:32:11 : Verified GUID (92286f4bb15959a53dbad050da5a02c9) of player #9 Rama
﻿17:32:12 : Player #9 Rama - Legacy GUID: 7d8c6e6e786b5a83f69ba626fd1d931b
﻿17:32:13 : Player #9 Rama disconnected
﻿17:34:36 : Player #9 Rama (190.1.53.22:2304) connected
﻿17:34:37 : Player #9 Rama - GUID: 92286f4bb15959a53dbad050da5a02c9 (unverified)
﻿17:34:37 : Verified GUID (92286f4bb15959a53dbad050da5a02c9) of player #9 Rama
﻿17:34:38 : Player #9 Rama - Legacy GUID: 7d8c6e6e786b5a83f69ba626fd1d931b
﻿17:34:38 : Player #9 Rama disconnected
﻿17:37:43 : RCon admin #0: (Global) [juandayz] siii?
﻿17:38:26 : RCon admin #0: (Global) [juandayz] a ver esperate
﻿17:42:04 : Player #0 JuanAKD disconnected
﻿17:42:47 : Player #13 juandayz disconnected
﻿17:42:51 : Player #0 juandayz (190.138.231.195:2304) connected
﻿17:42:52 : Player #0 juandayz - GUID: d603844e2f77196bf616245ae360213b (unverified)
﻿17:42:53 : Verified GUID (d603844e2f77196bf616245ae360213b) of player #0 juandayz
﻿17:42:53 : Player #0 juandayz - Legacy GUID: a5aa074813dab730e26d67b8a0a0af6c
﻿17:45:00 : RCon admin #1: (Global) BEC : This server will restart in 15 minutes
﻿17:46:30 : Player #6 Dragons disconnected
﻿17:48:41 : Player #1 NOSTROMO disconnected
﻿17:50:35 : Player #1 orlando (181.162.143.90:2304) connected
﻿17:50:37 : Player #1 orlando - GUID: 2119857232a60787255b45be9f5006b2 (unverified)
﻿17:50:45 : Player #1 orlando - Legacy GUID: 621155b1bf8729c56e4b03464eef6efe
﻿17:50:45 : Verified GUID (2119857232a60787255b45be9f5006b2) of player #1 orlando
﻿17:51:18 : RCon admin #2 (127.0.0.1:55067) logged in
﻿17:51:39 : Player #6 Usuario (186.19.46.17:2304) connected
﻿17:51:40 : Player #6 Usuario - GUID: cded9d57a1e0d697f8431550bda6ef5a (unverified)
﻿17:51:41 : Verified GUID (cded9d57a1e0d697f8431550bda6ef5a) of player #6 Usuario
﻿17:51:41 : Player #6 Usuario - Legacy GUID: 1109dcee4080b7c6dafbacfac2116732
﻿17:51:42 : Player #6 Usuario disconnected
﻿17:53:37 : Player #1 orlando disconnected
﻿17:55:00 : RCon admin #1: (Global) BEC : This server will restart in 5 minutes
﻿17:58:52 : Player #11 Niconap disconnected
﻿17:59:00 : RCon admin #1: (Global) BEC : This server will restart in 1 minute, Log out now!
﻿17:59:11 : Player #10 ElMarinE disconnected
﻿17:59:18 : Player #7 Rommel disconnected
﻿17:59:21 : Player #3 Bad Guy disconnected
﻿17:59:22 : Player #4 Azrael1x disconnected
﻿18:00:01 : Lost Connection!
﻿18:00:01 : Closing socket & exiting!
﻿18:04:08 : Rcon client logging in
﻿18:04:09 : RCon admin #0 (127.0.0.1:51557) logged in
﻿18:04:42 : Player #3 Roger (190.231.217.184:2304) connected
﻿18:04:42 : Player #2 Azrael1x - GUID: f3bbe77e31363319b3378084ddcb86d8 (unverified)
﻿18:04:42 : Player #2 Azrael1x - Legacy GUID: 872394ca0b82ad6e77d13dc8f5141d95
﻿18:04:42 : Player #4 Rommel (190.55.73.20:2304) connected
﻿18:04:43 : Verified GUID (f3bbe77e31363319b3378084ddcb86d8) of player #2 Azrael1x
﻿18:04:44 : Player #3 Roger - GUID: d85cdb1b576befb0802c1e980bbde467 (unverified)
﻿18:04:45 : Player #4 Rommel - GUID: 29a83207389761e3d0de5001adad23ae (unverified)
﻿18:04:45 : Player #4 Rommel - Legacy GUID: 5f61754db7818be31d8f5ddf89a4c082
﻿18:04:45 : Player #3 Roger - Legacy GUID: 7f8db49ce87ca05211184687935b6bf4
﻿18:04:46 : Verified GUID (d85cdb1b576befb0802c1e980bbde467) of player #3 Roger
﻿18:04:46 : Verified GUID (29a83207389761e3d0de5001adad23ae) of player #4 Rommel
﻿18:07:07 : Player #5 Elpirao (186.139.219.118:2304) connected
﻿18:07:08 : Player #5 Elpirao - GUID: 01d81eb3386236650664ce3818607424 (unverified)
﻿18:07:08 : Verified GUID (01d81eb3386236650664ce3818607424) of player #5 Elpirao
﻿18:07:09 : Player #5 Elpirao - Legacy GUID: 9feacad803057e54e534d65493ba8138
﻿18:07:20 : Player #6 Dallheim (181.46.29.173:2304) connected
﻿18:07:21 : Player #7 [Amish]Churro (201.212.50.146:2304) connected
﻿18:07:21 : Player #6 Dallheim - GUID: dc090b6b8b03c8bb77350fca3718f588 (unverified)
﻿18:07:22 : Verified GUID (dc090b6b8b03c8bb77350fca3718f588) of player #6 Dallheim
﻿18:07:22 : Player #7 [Amish]Churro - GUID: dde1966f1dd7e3054e1b1eb0a534628d (unverified)
﻿18:07:22 : Player #6 Dallheim - Legacy GUID: 0134fada23f8786da3de29b537100a03
﻿18:07:23 : Verified GUID (dde1966f1dd7e3054e1b1eb0a534628d) of player #7 [Amish]Churro
﻿18:07:23 : Player #7 [Amish]Churro - Legacy GUID: 400a9b7eb38b0cba4ee0340edd2b0aed
﻿18:07:31 : Player #8 Niconap (190.192.138.17:2304) connected
﻿18:07:32 : Player #8 Niconap - GUID: 847c36df72aa984242c68807486ece9e (unverified)
﻿18:07:33 : Verified GUID (847c36df72aa984242c68807486ece9e) of player #8 Niconap
﻿18:07:33 : Player #8 Niconap - Legacy GUID: 20f6fe2aa01ea1c70d6abbfe0224d5d3
﻿18:08:39 : RCon admin #1 (127.0.0.1:60308) logged in
﻿18:15:53 : Player #9 Sebas (190.112.88.252:2304) connected
﻿18:15:54 : Player #9 Sebas - GUID: 4486946f71b3d301cd4266f605474687 (unverified)
﻿18:15:54 : Verified GUID (4486946f71b3d301cd4266f605474687) of player #9 Sebas
﻿18:15:55 : Player #9 Sebas - Legacy GUID: 3b8bb43f82dfd174c6e9c3449aaabd78
﻿18:15:56 : Player #9 Sebas disconnected
﻿18:16:49 : Player #3 Roger (d85cdb1b576befb0802c1e980bbde467) has been kicked by BattlEye: Client not responding
﻿18:18:55 : Player #3 Roger (190.224.212.100:2304) connected
﻿18:18:56 : Player #3 Roger - GUID: d85cdb1b576befb0802c1e980bbde467 (unverified)
﻿18:18:56 : Verified GUID (d85cdb1b576befb0802c1e980bbde467) of player #3 Roger
﻿18:18:57 : Player #3 Roger - Legacy GUID: 7f8db49ce87ca05211184687935b6bf4
﻿18:19:44 : Player #9 BIgote (186.54.47.153:5637) connected
﻿18:19:45 : Player #9 BIgote - GUID: b2ff206840a64d7fa530377b2c3dbfd4 (unverified)
﻿18:19:46 : Verified GUID (b2ff206840a64d7fa530377b2c3dbfd4) of player #9 BIgote
﻿18:19:47 : Player #9 BIgote - Legacy GUID: 0ff4b43479c9ed317ab10d657c3aea9a
﻿18:19:47 : Player #9 BIgote disconnected
﻿18:20:06 : RCon admin #1: (Global) [juandayz] ahora en mercado central hay un vago que si le das monedas te sube la humanidad :D
﻿18:21:34 : Player #9 BIgote (186.54.47.153:6818) connected
﻿18:21:36 : Player #9 BIgote - GUID: b2ff206840a64d7fa530377b2c3dbfd4 (unverified)
﻿18:21:36 : Player #9 BIgote - Legacy GUID: 0ff4b43479c9ed317ab10d657c3aea9a
﻿18:21:37 : Verified GUID (b2ff206840a64d7fa530377b2c3dbfd4) of player #9 BIgote
﻿18:27:47 : Player #5 Elpirao disconnected
﻿18:28:27 : Player #4 Rommel disconnected
﻿18:39:11 : Player #4 [DMN]-Mario (179.60.255.227:2304) connected
﻿18:39:13 : Player #4 [DMN]-Mario - GUID: 90efe9555b6c518bdd5ab751845d62ac (unverified)
﻿18:39:14 : Verified GUID (90efe9555b6c518bdd5ab751845d62ac) of player #4 [DMN]-Mario
﻿18:39:15 : Player #4 [DMN]-Mario - Legacy GUID: 56ac695fcf6c9ba0429307fd875141a4
﻿18:43:21 : Player #5 Hijo De Remil (190.16.75.70:2304) connected
﻿18:43:22 : Player #5 Hijo De Remil - GUID: 560e39711234dc3f4177b0368ebfa3f8 (unverified)
﻿18:43:22 : Verified GUID (560e39711234dc3f4177b0368ebfa3f8) of player #5 Hijo De Remil
﻿18:43:23 : Player #5 Hijo De Remil - Legacy GUID: f518322945f41486c4678792ead80bb6
﻿18:43:24 : Player #5 Hijo De Remil disconnected
﻿18:44:11 : Player #5 Hijo De Remil (190.16.75.70:2304) connected
﻿18:44:12 : Player #5 Hijo De Remil - GUID: 560e39711234dc3f4177b0368ebfa3f8 (unverified)
﻿18:44:13 : Verified GUID (560e39711234dc3f4177b0368ebfa3f8) of player #5 Hijo De Remil
﻿18:44:13 : Player #5 Hijo De Remil - Legacy GUID: f518322945f41486c4678792ead80bb6
﻿18:44:13 : Player #5 Hijo De Remil disconnected
﻿18:55:12 : Player #5 Hijo De Remil (190.16.75.70:2304) connected
﻿18:55:14 : Player #5 Hijo De Remil - GUID: 560e39711234dc3f4177b0368ebfa3f8 (unverified)
﻿18:55:14 : Verified GUID (560e39711234dc3f4177b0368ebfa3f8) of player #5 Hijo De Remil
﻿18:55:15 : Player #5 Hijo De Remil - Legacy GUID: f518322945f41486c4678792ead80bb6
﻿18:55:16 : Player #5 Hijo De Remil disconnected
﻿18:59:20 : Player #5 xx (201.252.2.227:2304) connected
﻿18:59:21 : Player #5 xx - GUID: e09bb3357644ed2c195cb16aae6aa80b (unverified)
﻿18:59:22 : Verified GUID (e09bb3357644ed2c195cb16aae6aa80b) of player #5 xx
﻿18:59:22 : Player #5 xx - Legacy GUID: 009f250163157e69809eb59a06fc2074
﻿18:59:22 : Player #5 xx disconnected
﻿19:03:04 : Player #5 Swagger (189.107.44.59:2304) connected
﻿19:03:04 : Player #0 juandayz (d603844e2f77196bf616245ae360213b) has been kicked by BattlEye: Client not responding
﻿19:03:05 : Player #5 Swagger - GUID: af697901eaa665d7b19dd60d5d81f582 (unverified)
﻿19:03:06 : Verified GUID (af697901eaa665d7b19dd60d5d81f582) of player #5 Swagger
﻿19:03:06 : Player #5 Swagger - Legacy GUID: ca652b4eb4a155f505d83d512954defb
﻿19:03:07 : Player #5 Swagger disconnected
﻿19:04:45 : RCon admin #0: (To Roger) BEC : You have about 60 seconds left to join the mission.
﻿19:05:07 : Player #6 Dallheim disconnected
﻿19:05:16 : RCon admin #0: (To Roger) BEC : You have about 30 seconds left to join the mission.
﻿19:05:30 : RCon admin #0: (To Roger) BEC : You have about 15 seconds left to join the mission.
﻿19:05:45 : Player #3 Roger (d85cdb1b576befb0802c1e980bbde467) has been kicked by BattlEye: Admin Kick (BEC : Lobby idling to long)
﻿19:09:26 : Player #0 User (201.239.192.227:2304) connected
﻿19:09:28 : Player #0 User - GUID: 159291f431d17ef5fdd31f47e09f0503 (unverified)
﻿19:09:28 : Player #0 User - Legacy GUID: d873c7592fb197e897dedaa2af11f5c4
﻿19:09:28 : Verified GUID (159291f431d17ef5fdd31f47e09f0503) of player #0 User
﻿19:09:30 : Player #0 User disconnected
﻿19:09:41 : Player #8 Niconap disconnected
﻿19:09:55 : Player #0 User (201.239.192.227:2304) connected
﻿19:09:57 : Player #0 User - GUID: 159291f431d17ef5fdd31f47e09f0503 (unverified)
﻿19:09:57 : Verified GUID (159291f431d17ef5fdd31f47e09f0503) of player #0 User
﻿19:09:58 : Player #0 User - Legacy GUID: d873c7592fb197e897dedaa2af11f5c4
﻿19:09:58 : Player #0 User disconnected
﻿19:17:33 : Player #0 User (201.239.192.227:2304) connected
﻿19:18:06 : Player #0 User (-) has been kicked by BattlEye: Client not responding
﻿19:20:49 : Player #0 User (201.239.192.227:2304) connected
﻿19:20:50 : Player #0 User - GUID: 159291f431d17ef5fdd31f47e09f0503 (unverified)
﻿19:20:51 : Verified GUID (159291f431d17ef5fdd31f47e09f0503) of player #0 User
﻿19:20:51 : Player #0 User - Legacy GUID: d873c7592fb197e897dedaa2af11f5c4
﻿19:20:52 : Player #0 User disconnected
﻿19:22:35 : Player #0 Roger (190.224.212.100:2304) connected
﻿19:22:38 : Player #0 Roger - GUID: d85cdb1b576befb0802c1e980bbde467 (unverified)
﻿19:22:38 : Verified GUID (d85cdb1b576befb0802c1e980bbde467) of player #0 Roger
﻿19:22:39 : Player #0 Roger - Legacy GUID: 7f8db49ce87ca05211184687935b6bf4
﻿19:24:46 : Player #4 [DMN]-Mario disconnected
﻿19:26:43 : Player #3 AugustoZ (190.55.172.40:2304) connected
﻿19:26:44 : Player #3 AugustoZ - GUID: ced643bb55fc911a51644b0bd516282b (unverified)
﻿19:26:45 : Verified GUID (ced643bb55fc911a51644b0bd516282b) of player #3 AugustoZ
﻿19:26:45 : Player #3 AugustoZ - Legacy GUID: eb8e6645d4298c5c94a226d2eb69afa8
﻿19:26:48 : Player #3 AugustoZ disconnected
﻿19:28:21 : Player #3 ThomasGamesMs (189.46.218.118:5806) connected
﻿19:28:23 : Player #3 ThomasGamesMs - GUID: 27a24a7fe33889c85bea57b7d3bf70b7 (unverified)
﻿19:28:24 : Verified GUID (27a24a7fe33889c85bea57b7d3bf70b7) of player #3 ThomasGamesMs
﻿19:28:24 : Player #3 ThomasGamesMs - Owner GUID: 52742214ecaafbf062a775d4f9d5918e
﻿19:28:24 : Player #3 ThomasGamesMs - Legacy GUID: ea80ea599b2710186abc1c19fd4a96b6
﻿19:28:45 : Player #4 max (186.107.49.0:2304) connected
﻿19:28:46 : Player #4 max - GUID: 8bee125b9d82c4c1c33b99e5b6ecdab2 (unverified)
﻿19:28:47 : Verified GUID (8bee125b9d82c4c1c33b99e5b6ecdab2) of player #4 max
﻿19:28:47 : Player #4 max - Legacy GUID: 379e3aaf242e375f5217262cf2965e74
﻿19:28:49 : Player #5 sodero (201.215.83.171:2304) connected
﻿19:28:50 : Player #4 max disconnected
﻿19:28:51 : Player #5 sodero - GUID: d7fb1f68603290bfa7c3a6ae809c2900 (unverified)
﻿19:28:51 : Player #5 sodero - Legacy GUID: fc977d2eb6ced3e1483fa14fcb92e61b
﻿19:28:52 : Verified GUID (d7fb1f68603290bfa7c3a6ae809c2900) of player #5 sodero
﻿19:28:54 : Player #5 sodero disconnected
﻿19:29:22 : Player #4 torabe (190.195.150.4:5806) connected
﻿19:29:23 : Player #4 torabe - GUID: e964b3921006bf92ef98b1a1d3d40bd4 (unverified)
﻿19:29:24 : Verified GUID (e964b3921006bf92ef98b1a1d3d40bd4) of player #4 torabe
﻿19:29:24 : Player #4 torabe - Legacy GUID: 99b7d1a5e7b75a962c55e64eb46aaed3
﻿19:31:27 : Player #5 LockBR (186.224.176.71:2304) connected
﻿19:31:28 : Player #5 LockBR - GUID: 78caaedeb07b2cfdd9fb7984f5d4e247 (unverified)
﻿19:31:28 : Verified GUID (78caaedeb07b2cfdd9fb7984f5d4e247) of player #5 LockBR
﻿19:31:29 : Player #5 LockBR - Legacy GUID: a0510d770f6232c402108abad271cf5d
﻿19:32:09 : Player #3 ThomasGamesMs disconnected
﻿19:32:33 : Player #3 User (201.239.192.227:2304) connected
﻿19:32:34 : Player #3 User - GUID: 159291f431d17ef5fdd31f47e09f0503 (unverified)
﻿19:32:35 : Verified GUID (159291f431d17ef5fdd31f47e09f0503) of player #3 User
﻿19:32:35 : Player #3 User - Legacy GUID: d873c7592fb197e897dedaa2af11f5c4
﻿19:32:36 : Player #3 User disconnected
﻿19:32:41 : Player #3 ThomasGamesMs (189.46.218.118:5806) connected
﻿19:32:42 : Player #3 ThomasGamesMs - GUID: 27a24a7fe33889c85bea57b7d3bf70b7 (unverified)
﻿19:32:43 : Verified GUID (27a24a7fe33889c85bea57b7d3bf70b7) of player #3 ThomasGamesMs
﻿19:32:43 : Player #3 ThomasGamesMs - Owner GUID: 52742214ecaafbf062a775d4f9d5918e
﻿19:32:43 : Player #3 ThomasGamesMs - Legacy GUID: ea80ea599b2710186abc1c19fd4a96b6
﻿19:32:48 : Player #3 ThomasGamesMs disconnected
﻿19:33:21 : Player #3 ThomasGamesMs (189.46.218.118:5806) connected
﻿19:33:22 : Player #3 ThomasGamesMs - GUID: 27a24a7fe33889c85bea57b7d3bf70b7 (unverified)
﻿19:33:23 : Verified GUID (27a24a7fe33889c85bea57b7d3bf70b7) of player #3 ThomasGamesMs
﻿19:33:23 : Player #3 ThomasGamesMs - Owner GUID: 52742214ecaafbf062a775d4f9d5918e
﻿19:33:23 : Player #3 ThomasGamesMs - Legacy GUID: ea80ea599b2710186abc1c19fd4a96b6
﻿19:33:35 : Player #3 ThomasGamesMs disconnected
﻿19:35:41 : Player #3 Agustin (181.229.193.80:2304) connected
﻿19:35:42 : Player #3 Agustin - GUID: 9cd20f3a3ed92b2ae304113d1a898cf1 (unverified)
﻿19:35:43 : Verified GUID (9cd20f3a3ed92b2ae304113d1a898cf1) of player #3 Agustin
﻿19:35:43 : Player #3 Agustin - Legacy GUID: 731b83db9e088d91c332eaa171b3fef2
﻿19:35:44 : Player #3 Agustin disconnected
﻿19:36:02 : Player #4 torabe disconnected
﻿19:36:09 : Player #3 Agustin (181.229.193.80:2304) connected
﻿19:36:10 : Player #3 Agustin - GUID: 9cd20f3a3ed92b2ae304113d1a898cf1 (unverified)
﻿19:36:11 : Verified GUID (9cd20f3a3ed92b2ae304113d1a898cf1) of player #3 Agustin
﻿19:36:11 : Player #3 Agustin - Legacy GUID: 731b83db9e088d91c332eaa171b3fef2
﻿19:36:12 : Player #3 Agustin disconnected
﻿19:36:19 : Player #3 Agustin (181.229.193.80:2304) connected
﻿19:36:20 : Player #3 Agustin - GUID: 9cd20f3a3ed92b2ae304113d1a898cf1 (unverified)
﻿19:36:21 : Verified GUID (9cd20f3a3ed92b2ae304113d1a898cf1) of player #3 Agustin
﻿19:36:21 : Player #3 Agustin - Legacy GUID: 731b83db9e088d91c332eaa171b3fef2
﻿19:36:22 : Player #3 Agustin disconnected
﻿19:39:37 : Player #3 Agustin (181.229.193.80:2304) connected
﻿19:39:38 : Player #3 Agustin - GUID: 9cd20f3a3ed92b2ae304113d1a898cf1 (unverified)
﻿19:39:39 : Verified GUID (9cd20f3a3ed92b2ae304113d1a898cf1) of player #3 Agustin
﻿19:39:39 : Player #3 Agustin - Legacy GUID: 731b83db9e088d91c332eaa171b3fef2
﻿19:39:40 : Player #3 Agustin disconnected
﻿19:43:01 : Player #3 Pedro_Henrique (177.158.100.164:26512) connected
﻿19:43:04 : Player #3 Pedro_Henrique - GUID: 3669e0de7c6643a06b6f4b4c32b02e06 (unverified)
﻿19:43:05 : Verified GUID (3669e0de7c6643a06b6f4b4c32b02e06) of player #3 Pedro_Henrique
﻿19:43:05 : Player #3 Pedro_Henrique - Legacy GUID: bae014e62c4b34486ab72cc2fa1452d0
﻿19:44:04 : Player #5 LockBR disconnected
﻿19:44:11 : Player #3 Pedro_Henrique disconnected
﻿19:45:20 : Player #3 Big dad (177.133.152.127:2304) connected
﻿19:45:21 : Player #3 Big dad - GUID: 89448926c542cd0f66fb8cc9c6deb6c9 (unverified)
﻿19:45:22 : Verified GUID (89448926c542cd0f66fb8cc9c6deb6c9) of player #3 Big dad
﻿19:45:22 : Player #3 Big dad - Legacy GUID: a75bb03778eaa0609f11674accdc99d0
﻿19:45:45 : Player #4 FlingeR (181.29.156.37:56398) connected
﻿19:45:46 : Player #4 FlingeR - GUID: 85bd6f13a390f860e1ca7d4f1ba6baa2 (unverified)
﻿19:45:47 : Verified GUID (85bd6f13a390f860e1ca7d4f1ba6baa2) of player #4 FlingeR
﻿19:45:47 : Player #4 FlingeR - Legacy GUID: ff0f9a3e6ff547dfa98e5f42aa5bc6e3
﻿19:46:52 : Player #3 Big dad disconnected
﻿20:03:59 : Player #0 Roger (d85cdb1b576befb0802c1e980bbde467) has been kicked by BattlEye: Client not responding
﻿20:06:10 : Player #0 JOACOATTACK (181.169.91.65:2304) connected
﻿20:06:11 : Player #0 JOACOATTACK - GUID: bcc533c58d68def9cb4e66fee240f041 (unverified)
﻿20:06:12 : Verified GUID (bcc533c58d68def9cb4e66fee240f041) of player #0 JOACOATTACK
﻿20:06:12 : Player #0 JOACOATTACK - Legacy GUID: 45d659d03d1c22d43a8b996a50f429e4
﻿20:06:12 : Player #0 JOACOATTACK disconnected
﻿20:06:22 : Player #0 JOACOATTACK (181.169.91.65:2304) connected
﻿20:06:23 : Player #0 JOACOATTACK - GUID: bcc533c58d68def9cb4e66fee240f041 (unverified)
﻿20:06:23 : Verified GUID (bcc533c58d68def9cb4e66fee240f041) of player #0 JOACOATTACK
﻿20:06:24 : Player #0 JOACOATTACK disconnected
﻿20:06:49 : Player #0 Roger (190.136.94.194:2304) connected
﻿20:06:51 : Player #0 Roger - GUID: d85cdb1b576befb0802c1e980bbde467 (unverified)
﻿20:06:51 : Verified GUID (d85cdb1b576befb0802c1e980bbde467) of player #0 Roger
﻿20:06:53 : Player #0 Roger - Legacy GUID: 7f8db49ce87ca05211184687935b6bf4
﻿20:07:33 : Player #3 Agustin (181.229.193.80:2304) connected
﻿20:07:35 : Player #3 Agustin - GUID: 9cd20f3a3ed92b2ae304113d1a898cf1 (unverified)
﻿20:07:35 : Verified GUID (9cd20f3a3ed92b2ae304113d1a898cf1) of player #3 Agustin
﻿20:07:36 : Player #3 Agustin - Legacy GUID: 731b83db9e088d91c332eaa171b3fef2
﻿20:07:37 : Player #3 Agustin disconnected
﻿20:12:04 : Player #3 JiNX (186.23.167.224:2304) connected
﻿20:12:07 : Player #3 JiNX - GUID: e704b5642ef839477a8bc92894e3c1dd (unverified)
﻿20:12:07 : Player #3 JiNX - Legacy GUID: 7a6860f48f3050e553969243b3b4dccc
﻿20:12:07 : Verified GUID (e704b5642ef839477a8bc92894e3c1dd) of player #3 JiNX
﻿20:15:08 : Player #5 KaioFernandes (179.177.217.193:2304) connected
﻿20:15:09 : Player #5 KaioFernandes - GUID: 0343f067f27067d8d392ddd2a51ec34f (unverified)
﻿20:15:09 : Verified GUID (0343f067f27067d8d392ddd2a51ec34f) of player #5 KaioFernandes
﻿20:15:10 : Player #5 KaioFernandes - Legacy GUID: 4ec1056db3197d171e70df5532cc374d
﻿20:15:11 : Player #5 KaioFernandes disconnected
﻿20:25:48 : Player #5 Niconap (190.192.138.17:2304) connected
﻿20:25:49 : Player #5 Niconap - GUID: 847c36df72aa984242c68807486ece9e (unverified)
﻿20:25:49 : Verified GUID (847c36df72aa984242c68807486ece9e) of player #5 Niconap
﻿20:25:50 : Player #5 Niconap - Legacy GUID: 20f6fe2aa01ea1c70d6abbfe0224d5d3
﻿20:27:00 : Player #6 erick (190.142.16.116:2304) connected
﻿20:27:01 : Player #6 erick - GUID: 198f02b51450b8d8977f05c28f086096 (unverified)
﻿20:27:02 : Verified GUID (198f02b51450b8d8977f05c28f086096) of player #6 erick
﻿20:27:02 : Player #6 erick - Legacy GUID: f0eca0baf5cabd8b2e140142ee086bdf
﻿20:27:39 : Player #4 FlingeR disconnected
﻿20:28:49 : Player #4 Ignacio (190.105.65.221:2304) connected
﻿20:28:51 : Player #4 Ignacio - GUID: 5dcce83de5e4d2fa4f1e04db18fb2842 (unverified)
﻿20:28:51 : Player #4 Ignacio - Legacy GUID: 3d8998e7de3c892c1d1a11dc190eefa8
﻿20:28:52 : Verified GUID (5dcce83de5e4d2fa4f1e04db18fb2842) of player #4 Ignacio
﻿20:28:56 : Player #8 Dallheim (181.46.29.173:2304) connected
﻿20:28:57 : Player #8 Dallheim - GUID: dc090b6b8b03c8bb77350fca3718f588 (unverified)
﻿20:28:57 : Verified GUID (dc090b6b8b03c8bb77350fca3718f588) of player #8 Dallheim
﻿20:28:58 : Player #8 Dallheim - Legacy GUID: 0134fada23f8786da3de29b537100a03
﻿20:29:00 : Player #4 Ignacio disconnected
﻿20:30:58 : Player #6 erick (198f02b51450b8d8977f05c28f086096) has been kicked by BattlEye: Client not responding
﻿20:34:45 : Player #8 Dallheim disconnected
﻿20:36:57 : Player #4 Dallheim (181.46.29.173:2304) connected
﻿20:36:59 : Player #4 Dallheim - GUID: dc090b6b8b03c8bb77350fca3718f588 (unverified)
﻿20:36:59 : Verified GUID (dc090b6b8b03c8bb77350fca3718f588) of player #4 Dallheim
﻿20:37:00 : Player #4 Dallheim - Legacy GUID: 0134fada23f8786da3de29b537100a03
﻿20:37:07 : Player #4 Dallheim disconnected
﻿20:37:14 : Player #4 Dallheim (181.46.29.173:2304) connected
﻿20:37:15 : Player #4 Dallheim - GUID: dc090b6b8b03c8bb77350fca3718f588 (unverified)
﻿20:37:15 : Verified GUID (dc090b6b8b03c8bb77350fca3718f588) of player #4 Dallheim
﻿20:37:16 : Player #4 Dallheim - Legacy GUID: 0134fada23f8786da3de29b537100a03
﻿20:44:14 : Player #1 Bad Guy disconnected
﻿20:44:26 : Player #1 JIF (138.204.216.149:28391) connected
﻿20:44:28 : Player #1 JIF - GUID: 6fcf32bd24a55c4d2c43f958316eaa68 (unverified)
﻿20:44:29 : Verified GUID (6fcf32bd24a55c4d2c43f958316eaa68) of player #1 JIF
﻿20:44:30 : Player #1 JIF - Legacy GUID: 7de04dd336d5cc99b928eb1c9361c9cd
﻿20:45:00 : RCon admin #0: (Global) BEC : This server will restart in 15 minutes
﻿20:45:50 : Player #2 Azrael1x disconnected
﻿20:47:43 : Player #9 BIgote disconnected
﻿20:51:39 : Player #2 rectodecerdo (191.82.203.237:2304) connected
﻿20:51:40 : Player #2 rectodecerdo - GUID: 7f88a42c528432b1dfa2f6f3ea9be055 (unverified)
﻿20:51:41 : Player #2 rectodecerdo - Legacy GUID: 0972e4b3c81bb7d4b6520d5c6b1cdf49
﻿20:51:41 : Verified GUID (7f88a42c528432b1dfa2f6f3ea9be055) of player #2 rectodecerdo
﻿20:55:00 : RCon admin #0: (Global) BEC : This server will restart in 5 minutes
﻿20:58:24 : Player #1 JIF disconnected
﻿20:58:30 : Player #2 rectodecerdo disconnected
﻿20:59:00 : RCon admin #0: (Global) BEC : Server restart in 1 minute, Log out NOW!
﻿21:00:01 : Lost Connection!
﻿21:00:01 : Closing socket & exiting!
﻿21:01:15 : Rcon client logging in
﻿21:01:15 : RCon admin #1 (127.0.0.1:56118) logged in
﻿21:01:32 : Player #0 erick (190.142.16.116:2304) connected
﻿21:01:34 : Player #0 erick - GUID: 198f02b51450b8d8977f05c28f086096 (unverified)
﻿21:01:35 : Verified GUID (198f02b51450b8d8977f05c28f086096) of player #0 erick
﻿21:01:36 : Player #0 erick - Legacy GUID: f0eca0baf5cabd8b2e140142ee086bdf
﻿21:03:23 : Player #1 Roger (190.136.94.194:2304) connected
﻿21:03:24 : Player #1 Roger - GUID: d85cdb1b576befb0802c1e980bbde467 (unverified)
﻿21:03:25 : Player #1 Roger - Legacy GUID: 7f8db49ce87ca05211184687935b6bf4
﻿21:03:25 : Verified GUID (d85cdb1b576befb0802c1e980bbde467) of player #1 Roger
﻿21:03:34 : Player #2 Dallheim (181.46.29.173:2304) connected
﻿21:03:36 : Player #2 Dallheim - GUID: dc090b6b8b03c8bb77350fca3718f588 (unverified)
﻿21:03:36 : Player #2 Dallheim - Legacy GUID: 0134fada23f8786da3de29b537100a03
﻿21:03:36 : Verified GUID (dc090b6b8b03c8bb77350fca3718f588) of player #2 Dallheim
﻿21:03:38 : Player #3 Niconap (190.192.138.17:2304) connected
﻿21:03:39 : Player #3 Niconap - GUID: 847c36df72aa984242c68807486ece9e (unverified)
﻿21:03:40 : Verified GUID (847c36df72aa984242c68807486ece9e) of player #3 Niconap
﻿21:03:40 : Player #3 Niconap - Legacy GUID: 20f6fe2aa01ea1c70d6abbfe0224d5d3
﻿21:03:59 : Player #0 erick (198f02b51450b8d8977f05c28f086096) has been kicked by BattlEye: Ping too high (640)
﻿21:04:02 : Player #0 JiNX (186.23.167.224:2304) connected
﻿21:04:03 : Player #0 JiNX - GUID: e704b5642ef839477a8bc92894e3c1dd (unverified)
﻿21:04:03 : Verified GUID (e704b5642ef839477a8bc92894e3c1dd) of player #0 JiNX
﻿21:04:04 : Player #0 JiNX - Legacy GUID: 7a6860f48f3050e553969243b3b4dccc
﻿21:04:51 : Player #4 erick (190.142.16.116:2304) connected
﻿21:04:52 : Player #4 erick - GUID: 198f02b51450b8d8977f05c28f086096 (unverified)
﻿21:04:53 : Verified GUID (198f02b51450b8d8977f05c28f086096) of player #4 erick
﻿21:04:54 : Player #4 erick - Legacy GUID: f0eca0baf5cabd8b2e140142ee086bdf
﻿21:06:31 : Player #5 [Amish]Churro (201.212.50.146:2304) connected
﻿21:06:32 : Player #5 [Amish]Churro - GUID: dde1966f1dd7e3054e1b1eb0a534628d (unverified)
﻿21:06:33 : Verified GUID (dde1966f1dd7e3054e1b1eb0a534628d) of player #5 [Amish]Churro
﻿21:06:33 : Player #5 [Amish]Churro - Legacy GUID: 400a9b7eb38b0cba4ee0340edd2b0aed
﻿21:06:36 : Player #4 erick (198f02b51450b8d8977f05c28f086096) has been kicked by BattlEye: Ping too high (609)
﻿21:06:50 : Player #4 erick (190.142.16.116:2304) connected
﻿21:06:52 : Player #4 erick - GUID: 198f02b51450b8d8977f05c28f086096 (unverified)
﻿21:06:53 : Player #4 erick - Legacy GUID: f0eca0baf5cabd8b2e140142ee086bdf
﻿21:06:53 : Verified GUID (198f02b51450b8d8977f05c28f086096) of player #4 erick
﻿21:07:40 : Player #4 erick (198f02b51450b8d8977f05c28f086096) has been kicked by BattlEye: Ping too high (639)
﻿21:07:44 : Player #4 SunCe (187.113.73.242:2304) connected
﻿21:07:45 : Player #4 SunCe - GUID: b84ead6162b8966e04666a9205364c78 (unverified)
﻿21:07:45 : Verified GUID (b84ead6162b8966e04666a9205364c78) of player #4 SunCe
﻿21:07:46 : Player #4 SunCe - Legacy GUID: 28cb8b5c20b240b1f680efc9b7001bcd
﻿21:07:47 : Player #4 SunCe disconnected
﻿21:09:45 : Player #4 erick (190.142.16.116:2304) connected
﻿21:09:47 : Player #4 erick - GUID: 198f02b51450b8d8977f05c28f086096 (unverified)
﻿21:09:47 : Verified GUID (198f02b51450b8d8977f05c28f086096) of player #4 erick
﻿21:09:47 : Player #4 erick - Legacy GUID: f0eca0baf5cabd8b2e140142ee086bdf
﻿21:13:48 : Player #6 SunCe (187.113.73.242:2304) connected
﻿21:13:49 : Player #6 SunCe - GUID: b84ead6162b8966e04666a9205364c78 (unverified)
﻿21:13:49 : Verified GUID (b84ead6162b8966e04666a9205364c78) of player #6 SunCe
﻿21:13:50 : Player #6 SunCe - Legacy GUID: 28cb8b5c20b240b1f680efc9b7001bcd
﻿21:13:51 : Player #6 SunCe disconnected
﻿21:16:11 : Player #4 erick (198f02b51450b8d8977f05c28f086096) has been kicked by BattlEye: Ping too high (905)
﻿21:16:37 : Player #4 erick (190.142.16.116:2304) connected
﻿21:16:38 : Player #4 erick - GUID: 198f02b51450b8d8977f05c28f086096 (unverified)
﻿21:16:39 : Verified GUID (198f02b51450b8d8977f05c28f086096) of player #4 erick
﻿21:16:40 : Player #4 erick - Legacy GUID: f0eca0baf5cabd8b2e140142ee086bdf
﻿21:17:50 : Player #4 erick (198f02b51450b8d8977f05c28f086096) has been kicked by BattlEye: Ping too high (546)
﻿21:21:03 : Player #4 erick (190.142.16.116:2304) connected
﻿21:21:06 : Player #4 erick - GUID: 198f02b51450b8d8977f05c28f086096 (unverified)
﻿21:21:06 : Player #4 erick - Legacy GUID: f0eca0baf5cabd8b2e140142ee086bdf
﻿21:21:06 : Verified GUID (198f02b51450b8d8977f05c28f086096) of player #4 erick
﻿21:21:56 : Player #4 erick (198f02b51450b8d8977f05c28f086096) has been kicked by BattlEye: Ping too high (702)
﻿21:24:25 : Player #4 erick (190.142.16.116:2304) connected
﻿21:24:27 : Player #4 erick - GUID: 198f02b51450b8d8977f05c28f086096 (unverified)
﻿21:24:27 : Player #4 erick - Legacy GUID: f0eca0baf5cabd8b2e140142ee086bdf
﻿21:24:27 : Verified GUID (198f02b51450b8d8977f05c28f086096) of player #4 erick
﻿21:25:35 : Player #4 erick (198f02b51450b8d8977f05c28f086096) has been kicked by BattlEye: Ping too high (359)
﻿21:27:04 : Player #4 Ringo Starr (167.56.10.192:2344) connected
﻿21:27:05 : Player #4 Ringo Starr disconnected
﻿21:27:13 : Player #4 erick (190.142.16.116:2304) connected
﻿21:27:15 : Player #4 erick - GUID: 198f02b51450b8d8977f05c28f086096 (unverified)
﻿21:27:15 : Verified GUID (198f02b51450b8d8977f05c28f086096) of player #4 erick
﻿21:27:16 : Player #4 erick - Legacy GUID: f0eca0baf5cabd8b2e140142ee086bdf
﻿21:28:03 : Player #4 erick (198f02b51450b8d8977f05c28f086096) has been kicked by BattlEye: Ping too high (406)
﻿21:29:08 : Player #4 erick (190.142.16.116:2304) connected
﻿21:29:10 : Player #4 erick - GUID: 198f02b51450b8d8977f05c28f086096 (unverified)
﻿21:29:11 : Verified GUID (198f02b51450b8d8977f05c28f086096) of player #4 erick
﻿21:29:11 : Player #4 erick - Legacy GUID: f0eca0baf5cabd8b2e140142ee086bdf
﻿21:29:24 : Player #4 erick disconnected
﻿21:31:28 : Player #4 erick (190.142.16.116:2304) connected
﻿21:31:30 : Player #4 erick - GUID: 198f02b51450b8d8977f05c28f086096 (unverified)
﻿21:31:30 : Player #4 erick - Legacy GUID: f0eca0baf5cabd8b2e140142ee086bdf
﻿21:31:31 : Verified GUID (198f02b51450b8d8977f05c28f086096) of player #4 erick
﻿21:33:05 : Player #4 erick disconnected
﻿21:35:19 : Player #4 erick (190.142.16.116:2304) connected
﻿21:35:22 : Player #4 erick - GUID: 198f02b51450b8d8977f05c28f086096 (unverified)
﻿21:35:22 : Player #4 erick - Legacy GUID: f0eca0baf5cabd8b2e140142ee086bdf
﻿21:35:22 : Verified GUID (198f02b51450b8d8977f05c28f086096) of player #4 erick
﻿21:36:09 : Player #4 erick (198f02b51450b8d8977f05c28f086096) has been kicked by BattlEye: Ping too high (624)
﻿21:37:01 : Player #4 elodin (179.8.57.219:2304) connected
﻿21:37:02 : Player #4 elodin - GUID: 7ea34c1cac6af2ced6afc462738e6e62 (unverified)
﻿21:37:03 : Verified GUID (7ea34c1cac6af2ced6afc462738e6e62) of player #4 elodin
﻿21:37:03 : Player #4 elodin - Legacy GUID: 1a368165f516c7c5e3e9ecd1de189e20
﻿21:37:04 : Player #4 elodin disconnected
﻿21:38:11 : Player #4 erick (190.142.16.116:2304) connected
﻿21:38:15 : Player #4 erick - GUID: 198f02b51450b8d8977f05c28f086096 (unverified)
﻿21:38:16 : Verified GUID (198f02b51450b8d8977f05c28f086096) of player #4 erick
﻿21:38:16 : Player #4 erick - Legacy GUID: f0eca0baf5cabd8b2e140142ee086bdf
﻿21:39:04 : Player #4 erick (198f02b51450b8d8977f05c28f086096) has been kicked by BattlEye: Ping too high (624)
﻿21:40:38 : Player #3 Niconap disconnected
﻿21:41:52 : Player #3 cuervo (186.137.47.243:2304) connected
﻿21:41:53 : Player #3 cuervo - GUID: 109d39d93841e64a05d349c4c2e2dfcc (unverified)
﻿21:41:53 : Verified GUID (109d39d93841e64a05d349c4c2e2dfcc) of player #3 cuervo
﻿21:41:54 : Player #3 cuervo disconnected
﻿21:45:11 : Player #1 Roger (d85cdb1b576befb0802c1e980bbde467) has been kicked by BattlEye: Client not responding
﻿21:45:49 : Player #0 JiNX disconnected
﻿21:48:12 : Player #0 erick (190.142.16.116:2304) connected
﻿21:48:14 : Player #0 erick - GUID: 198f02b51450b8d8977f05c28f086096 (unverified)
﻿21:48:15 : Player #0 erick - Legacy GUID: f0eca0baf5cabd8b2e140142ee086bdf
﻿21:48:15 : Verified GUID (198f02b51450b8d8977f05c28f086096) of player #0 erick
﻿21:49:03 : Player #0 erick (198f02b51450b8d8977f05c28f086096) has been kicked by BattlEye: Ping too high (608)
﻿21:49:42 : Player #0 Hans (190.49.42.86:2304) connected
﻿21:49:43 : Player #0 Hans - GUID: 4c8a9b2b523906058cc33ffd8af6ee84 (unverified)
﻿21:49:44 : Verified GUID (4c8a9b2b523906058cc33ffd8af6ee84) of player #0 Hans
﻿21:49:44 : Player #0 Hans - Legacy GUID: b8db10e0df20e643b9d2f2513879a2d6
﻿21:49:48 : Player #1 erick (190.142.16.116:2304) connected
﻿21:49:51 : Player #1 erick - GUID: 198f02b51450b8d8977f05c28f086096 (unverified)
﻿21:49:51 : Player #1 erick - Legacy GUID: f0eca0baf5cabd8b2e140142ee086bdf
﻿21:49:51 : Verified GUID (198f02b51450b8d8977f05c28f086096) of player #1 erick
﻿21:50:41 : Player #1 erick (198f02b51450b8d8977f05c28f086096) has been kicked by BattlEye: Ping too high (920)
﻿21:53:05 : Player #1 torabe (190.195.150.4:2304) connected
﻿21:53:06 : Player #1 torabe - GUID: e964b3921006bf92ef98b1a1d3d40bd4 (unverified)
﻿21:53:06 : Verified GUID (e964b3921006bf92ef98b1a1d3d40bd4) of player #1 torabe
﻿21:53:07 : Player #1 torabe - Legacy GUID: 99b7d1a5e7b75a962c55e64eb46aaed3
﻿21:53:09 : Player #1 torabe disconnected
﻿22:03:47 : RCon admin #1: (To Hans) BEC : You have about 60 seconds left to join the mission.
﻿22:04:18 : RCon admin #1: (To Hans) BEC : You have about 30 seconds left to join the mission.
﻿22:04:32 : RCon admin #1: (To Hans) BEC : You have about 15 seconds left to join the mission.
﻿22:04:47 : Player #0 Hans (4c8a9b2b523906058cc33ffd8af6ee84) has been kicked by BattlEye: Admin Kick (BEC : Lobby idling to long)
﻿22:05:19 : Player #2 Dallheim disconnected
﻿22:05:41 : Player #5 [Amish]Churro disconnected
﻿22:21:56 : Player #0 Natrham (190.162.46.125:2304) connected
﻿22:21:57 : Player #0 Natrham - GUID: aa24051e4db0d6d5bd74164e831bd8a6 (unverified)
﻿22:21:58 : Verified GUID (aa24051e4db0d6d5bd74164e831bd8a6) of player #0 Natrham
﻿22:21:58 : Player #0 Natrham - Legacy GUID: ae89611c9c09f3467ecb363a67801c3f
﻿22:22:00 : Player #0 Natrham disconnected
﻿22:23:01 : Player #0 Natrham (190.162.46.125:2304) connected
﻿22:23:02 : Player #0 Natrham - GUID: aa24051e4db0d6d5bd74164e831bd8a6 (unverified)
﻿22:23:03 : Verified GUID (aa24051e4db0d6d5bd74164e831bd8a6) of player #0 Natrham
﻿22:23:03 : Player #0 Natrham disconnected
﻿22:23:42 : Player #0 Natrham (190.162.46.125:2304) connected
﻿22:23:43 : Player #0 Natrham - GUID: aa24051e4db0d6d5bd74164e831bd8a6 (unverified)
﻿22:23:44 : Verified GUID (aa24051e4db0d6d5bd74164e831bd8a6) of player #0 Natrham
﻿22:23:44 : Player #0 Natrham - Legacy GUID: ae89611c9c09f3467ecb363a67801c3f
﻿22:23:45 : Player #0 Natrham disconnected
﻿22:32:46 : Player #0 Natrham (190.162.46.125:2304) connected
﻿22:32:47 : Player #0 Natrham - GUID: aa24051e4db0d6d5bd74164e831bd8a6 (unverified)
﻿22:32:47 : Verified GUID (aa24051e4db0d6d5bd74164e831bd8a6) of player #0 Natrham
﻿22:32:48 : Player #0 Natrham - Legacy GUID: ae89611c9c09f3467ecb363a67801c3f
﻿22:32:53 : Player #0 Natrham disconnected
﻿22:33:03 : Player #0 FlingeR (181.29.156.37:54791) connected
﻿22:33:05 : Player #0 FlingeR - Legacy GUID: ff0f9a3e6ff547dfa98e5f42aa5bc6e3
﻿22:33:05 : Player #0 FlingeR - GUID: 85bd6f13a390f860e1ca7d4f1ba6baa2 (unverified)
﻿22:33:06 : Verified GUID (85bd6f13a390f860e1ca7d4f1ba6baa2) of player #0 FlingeR
﻿22:38:21 : Player #1 erick (190.142.18.30:2304) connected
﻿22:38:25 : Player #1 erick - GUID: 198f02b51450b8d8977f05c28f086096 (unverified)
﻿22:38:25 : Verified GUID (198f02b51450b8d8977f05c28f086096) of player #1 erick
﻿22:38:26 : Player #1 erick - Legacy GUID: f0eca0baf5cabd8b2e140142ee086bdf
﻿22:41:33 : Player #1 erick (198f02b51450b8d8977f05c28f086096) has been kicked by BattlEye: Ping too high (967)
﻿22:41:48 : Player #1 erick (190.142.18.30:2304) connected
﻿22:41:50 : Player #1 erick - GUID: 198f02b51450b8d8977f05c28f086096 (unverified)
﻿22:41:50 : Verified GUID (198f02b51450b8d8977f05c28f086096) of player #1 erick
﻿22:41:50 : Player #1 erick - Legacy GUID: f0eca0baf5cabd8b2e140142ee086bdf
﻿22:44:44 : Player #2 High Wine (24.232.15.189:2304) connected
﻿22:44:45 : Player #2 High Wine disconnected
﻿22:45:27 : Player #1 erick (198f02b51450b8d8977f05c28f086096) has been kicked by BattlEye: Ping too high (453)
﻿22:45:39 : Player #1 erick (190.142.18.30:2304) connected
﻿22:45:40 : Player #1 erick - GUID: 198f02b51450b8d8977f05c28f086096 (unverified)
﻿22:45:40 : Verified GUID (198f02b51450b8d8977f05c28f086096) of player #1 erick
﻿22:45:41 : Player #1 erick - Legacy GUID: f0eca0baf5cabd8b2e140142ee086bdf
﻿22:49:01 : Player #1 erick (198f02b51450b8d8977f05c28f086096) has been kicked by BattlEye: Ping too high (671)
﻿22:49:17 : Player #1 erick (190.142.18.30:2304) connected
﻿22:49:19 : Player #1 erick - GUID: 198f02b51450b8d8977f05c28f086096 (unverified)
﻿22:49:19 : Verified GUID (198f02b51450b8d8977f05c28f086096) of player #1 erick
﻿22:49:20 : Player #1 erick - Legacy GUID: f0eca0baf5cabd8b2e140142ee086bdf
﻿22:51:24 : Player #1 erick (198f02b51450b8d8977f05c28f086096) has been kicked by BattlEye: Ping too high (717)
﻿22:51:47 : Player #1 erick (190.142.18.30:2304) connected
﻿22:51:49 : Player #1 erick - GUID: 198f02b51450b8d8977f05c28f086096 (unverified)
﻿22:51:49 : Verified GUID (198f02b51450b8d8977f05c28f086096) of player #1 erick
﻿22:51:50 : Player #1 erick - Legacy GUID: f0eca0baf5cabd8b2e140142ee086bdf
﻿22:54:56 : Player #0 FlingeR disconnected
﻿22:57:49 : Player #1 erick (198f02b51450b8d8977f05c28f086096) has been kicked by BattlEye: Ping too high (780)
﻿22:58:02 : Player #0 erick (190.142.18.30:2304) connected
﻿22:58:04 : Player #0 erick - GUID: 198f02b51450b8d8977f05c28f086096 (unverified)
﻿22:58:04 : Verified GUID (198f02b51450b8d8977f05c28f086096) of player #0 erick
﻿22:58:05 : Player #0 erick - Legacy GUID: f0eca0baf5cabd8b2e140142ee086bdf
﻿22:58:43 : Player #1 Natrham (190.162.46.125:2304) connected
﻿22:58:44 : Player #1 Natrham - GUID: aa24051e4db0d6d5bd74164e831bd8a6 (unverified)
﻿22:58:44 : Verified GUID (aa24051e4db0d6d5bd74164e831bd8a6) of player #1 Natrham
﻿22:58:45 : Player #1 Natrham - Legacy GUID: ae89611c9c09f3467ecb363a67801c3f
﻿23:00:51 : Player #0 erick disconnected
﻿23:00:59 : Player #0 erick (190.142.18.30:2304) connected
﻿23:01:01 : Player #0 erick - GUID: 198f02b51450b8d8977f05c28f086096 (unverified)
﻿23:01:01 : Verified GUID (198f02b51450b8d8977f05c28f086096) of player #0 erick
﻿23:01:01 : Player #0 erick - Legacy GUID: f0eca0baf5cabd8b2e140142ee086bdf
﻿23:02:34 : Player #0 erick (198f02b51450b8d8977f05c28f086096) has been kicked by BattlEye: Ping too high (671)
﻿23:02:46 : Player #0 erick (190.142.18.30:2304) connected
﻿23:02:48 : Player #0 erick - GUID: 198f02b51450b8d8977f05c28f086096 (unverified)
﻿23:02:48 : Player #0 erick - Legacy GUID: f0eca0baf5cabd8b2e140142ee086bdf
﻿23:02:49 : Verified GUID (198f02b51450b8d8977f05c28f086096) of player #0 erick
﻿23:03:35 : Player #0 erick (198f02b51450b8d8977f05c28f086096) has been kicked by BattlEye: Ping too high (421)
﻿23:03:54 : Player #0 erick (190.142.18.30:2304) connected
﻿23:03:56 : Player #0 erick - GUID: 198f02b51450b8d8977f05c28f086096 (unverified)
﻿23:03:56 : Player #0 erick - Legacy GUID: f0eca0baf5cabd8b2e140142ee086bdf
﻿23:03:56 : Verified GUID (198f02b51450b8d8977f05c28f086096) of player #0 erick
﻿23:06:04 : Player #0 erick (198f02b51450b8d8977f05c28f086096) has been kicked by BattlEye: Ping too high (577)
﻿23:07:58 : Player #0 [Amish]Churro (201.212.50.146:2304) connected
﻿23:07:59 : Player #0 [Amish]Churro - GUID: dde1966f1dd7e3054e1b1eb0a534628d (unverified)
﻿23:08:00 : Verified GUID (dde1966f1dd7e3054e1b1eb0a534628d) of player #0 [Amish]Churro
﻿23:08:00 : Player #0 [Amish]Churro - Legacy GUID: 400a9b7eb38b0cba4ee0340edd2b0aed
﻿23:08:57 : Player #0 [Amish]Churro disconnected
﻿23:10:40 : Player #0 Hans (190.49.42.86:2304) connected
﻿23:10:43 : Player #0 Hans - GUID: 4c8a9b2b523906058cc33ffd8af6ee84 (unverified)
﻿23:10:44 : Verified GUID (4c8a9b2b523906058cc33ffd8af6ee84) of player #0 Hans
﻿23:10:45 : Player #0 Hans - Legacy GUID: b8db10e0df20e643b9d2f2513879a2d6
﻿23:12:21 : Player #0 Hans (4c8a9b2b523906058cc33ffd8af6ee84) has been kicked by BattlEye: Client not responding
﻿23:37:12 : Player #0 \SWAT/\SGT/Sanchez (190.137.217.113:2304) connected
﻿23:37:13 : Player #0 \SWAT/\SGT/Sanchez - GUID: e073940dc282f3e9722228e75ac6891e (unverified)
﻿23:37:13 : Verified GUID (e073940dc282f3e9722228e75ac6891e) of player #0 \SWAT/\SGT/Sanchez
﻿23:37:14 : Player #0 \SWAT/\SGT/Sanchez disconnected
﻿23:38:11 : Player #0 Dallheim (181.46.29.173:2304) connected
﻿23:38:13 : Player #0 Dallheim - GUID: dc090b6b8b03c8bb77350fca3718f588 (unverified)
﻿23:38:13 : Verified GUID (dc090b6b8b03c8bb77350fca3718f588) of player #0 Dallheim
﻿23:38:14 : Player #0 Dallheim - Legacy GUID: 0134fada23f8786da3de29b537100a03
﻿23:39:54 : Player #0 Dallheim disconnected
﻿23:40:46 : Player #0 Leodagos (186.135.61.14:15632) connected
﻿23:40:47 : Player #0 Leodagos - GUID: 927032c3d7c1139aff0ff09424d46da1 (unverified)
﻿23:40:48 : Verified GUID (927032c3d7c1139aff0ff09424d46da1) of player #0 Leodagos
﻿23:40:48 : Player #0 Leodagos - Legacy GUID: d7639dceb9588d3b0ab85f82e92ff8de
﻿23:41:59 : Player #0 Leodagos (927032c3d7c1139aff0ff09424d46da1) has been kicked by BattlEye: Ping too high (562)
﻿23:45:00 : RCon admin #1: (Global) BEC : This server will restart in 15 minutes
﻿23:49:19 : Player #0 LarzuK (186.56.20.108:2304) connected
﻿23:49:20 : Player #0 LarzuK - GUID: 830c029a6ec69a6e0563b0638ebe72b9 (unverified)
﻿23:49:21 : Player #0 LarzuK - Legacy GUID: 36a4a2b1fb2e23467aba15c0a1207080
﻿23:49:30 : Verified GUID (830c029a6ec69a6e0563b0638ebe72b9) of player #0 LarzuK
﻿23:52:34 : Player #1 Natrham disconnected
﻿23:55:00 : RCon admin #1: (Global) BEC : This server will restart in 5 minutes
﻿23:59:00 : RCon admin #1: (Global) BEC : This server will restart in 1 minute, Log out now!
﻿23:59:17 : Player #0 LarzuK disconnected
