00:00:03 : Lost Connection!
﻿00:00:03 : Closing socket & exiting!
﻿00:03:13 : Rcon client logging in
﻿00:03:17 : RCon admin #0 (127.0.0.1:55289) logged in
﻿00:03:18 : Player #0 ADMIN - GUID: d603844e2f77196bf616245ae360213b (unverified)
﻿00:03:19 : Verified GUID (d603844e2f77196bf616245ae360213b) of player #0 ADMIN
﻿00:03:19 : Player #0 ADMIN - Legacy GUID: a5aa074813dab730e26d67b8a0a0af6c
﻿00:05:04 : Player #1 User (189.38.229.155:2304) connected
﻿00:05:06 : Player #1 User - GUID: 684484760df46ae11da42d9708399437 (unverified)
﻿00:05:06 : Verified GUID (684484760df46ae11da42d9708399437) of player #1 User
﻿00:05:06 : Player #1 User - Legacy GUID: a4189ad65f3643b0047a7dbb026ed82d
﻿00:11:53 : Player #2 Daniel (190.164.29.235:2304) connected
﻿00:11:54 : Player #2 Daniel - GUID: dfffce7aa0929f1123367cf965d1a37e (unverified)
﻿00:11:54 : Verified GUID (dfffce7aa0929f1123367cf965d1a37e) of player #2 Daniel
﻿00:11:55 : Player #2 Daniel - Legacy GUID: 3eb17a4048c0b454575fdad083e49ad6
﻿00:12:35 : Player #2 Daniel disconnected
﻿00:33:59 : Player #0 ADMIN (d603844e2f77196bf616245ae360213b) has been kicked by BattlEye: Client not responding
﻿00:39:15 : Player #0 N1c077 (186.108.228.38:2304) connected
﻿00:39:16 : Player #0 N1c077 - GUID: 4ebbb18b17ed7230e9692e4fa507e18d (unverified)
﻿00:39:16 : Verified GUID (4ebbb18b17ed7230e9692e4fa507e18d) of player #0 N1c077
﻿00:39:17 : Player #0 N1c077 - Legacy GUID: 935a4be98d0120a842a537239d459b24
﻿00:39:50 : Player #2 Fedex (186.153.203.218:2304) connected
﻿00:39:52 : Player #2 Fedex - GUID: db2355f3739608dfeaebb250b56196e9 (unverified)
﻿00:39:52 : Verified GUID (db2355f3739608dfeaebb250b56196e9) of player #2 Fedex
﻿00:39:52 : Player #2 Fedex - Legacy GUID: 4a73f29fe09810ec5f2073b73454a4b9
﻿01:09:53 : Player #3 vodka (186.129.9.25:2304) connected
﻿01:09:55 : Player #3 vodka - GUID: 9d9589c45c3ca41c83bd64095f841d95 (unverified)
﻿01:09:55 : Player #3 vodka - Legacy GUID: 90797abf15f589d7d7c70755938e2998
﻿01:09:57 : Verified GUID (9d9589c45c3ca41c83bd64095f841d95) of player #3 vodka
﻿01:41:54 : Player #4 kecho (190.55.6.14:2304) connected
﻿01:41:55 : Player #4 kecho - GUID: 59014b13efc33910ce0c46607f1da7b4 (unverified)
﻿01:41:56 : Verified GUID (59014b13efc33910ce0c46607f1da7b4) of player #4 kecho
﻿01:41:56 : Player #4 kecho - Legacy GUID: 93fa090c7367465b9d42b9922584e1b4
﻿02:02:47 : Player #0 N1c077 (4ebbb18b17ed7230e9692e4fa507e18d) has been kicked by BattlEye: Client not responding
﻿02:06:49 : Player #0 N1c077 (181.110.115.206:2304) connected
﻿02:06:50 : Player #0 N1c077 - GUID: 4ebbb18b17ed7230e9692e4fa507e18d (unverified)
﻿02:06:51 : Verified GUID (4ebbb18b17ed7230e9692e4fa507e18d) of player #0 N1c077
﻿02:06:52 : Player #0 N1c077 - Legacy GUID: 935a4be98d0120a842a537239d459b24
﻿02:17:54 : Player #2 Fedex disconnected
﻿02:18:46 : Player #0 N1c077 disconnected
﻿02:45:00 : RCon admin #0: (Global) BEC : This server will restart in 15 minutes
﻿02:55:00 : RCon admin #0: (Global) BEC : This server will restart in 5 minutes
﻿02:58:16 : Player #4 kecho disconnected
﻿02:59:00 : RCon admin #0: (Global) BEC : This server will restart in 1 minute, Log out now!
﻿03:00:01 : Lost Connection!
﻿03:00:01 : Closing socket & exiting!
﻿03:01:14 : Rcon client logging in
﻿03:01:14 : RCon admin #0 (127.0.0.1:50577) logged in
﻿03:01:25 : Player #0 User (189.38.229.155:2304) connected
﻿03:01:27 : Player #0 User - GUID: 684484760df46ae11da42d9708399437 (unverified)
﻿03:01:28 : Player #0 User - Legacy GUID: a4189ad65f3643b0047a7dbb026ed82d
﻿03:01:28 : Verified GUID (684484760df46ae11da42d9708399437) of player #0 User
﻿04:08:55 : Player #1 vodka (186.129.9.25:2304) connected
﻿04:08:57 : Player #1 vodka - GUID: 9d9589c45c3ca41c83bd64095f841d95 (unverified)
﻿04:08:57 : Player #1 vodka - Legacy GUID: 90797abf15f589d7d7c70755938e2998
﻿04:08:59 : Verified GUID (9d9589c45c3ca41c83bd64095f841d95) of player #1 vodka
﻿04:49:22 : RCon admin #0: (To User) BEC : You have about 60 seconds left to join the mission.
﻿04:49:53 : RCon admin #0: (To User) BEC : You have about 30 seconds left to join the mission.
﻿04:50:07 : RCon admin #0: (To User) BEC : You have about 15 seconds left to join the mission.
﻿04:50:22 : Player #0 User (684484760df46ae11da42d9708399437) has been kicked by BattlEye: Admin Kick (BEC : Lobby idling to long)
﻿05:11:37 : Player #0 User (189.38.229.155:2304) connected
﻿05:11:38 : Player #0 User - GUID: 684484760df46ae11da42d9708399437 (unverified)
﻿05:11:39 : Verified GUID (684484760df46ae11da42d9708399437) of player #0 User
﻿05:11:39 : Player #0 User - Legacy GUID: a4189ad65f3643b0047a7dbb026ed82d
﻿05:12:30 : Player #0 User (684484760df46ae11da42d9708399437) has been kicked by BattlEye: Client not responding
﻿05:14:55 : Player #0 User (189.38.229.155:2304) connected
﻿05:14:56 : Player #0 User - GUID: 684484760df46ae11da42d9708399437 (unverified)
﻿05:14:57 : Verified GUID (684484760df46ae11da42d9708399437) of player #0 User
﻿05:14:57 : Player #0 User - Legacy GUID: a4189ad65f3643b0047a7dbb026ed82d
﻿05:45:00 : RCon admin #0: (Global) BEC : This server will restart in 15 minutes
﻿05:55:00 : RCon admin #0: (Global) BEC : This server will restart in 5 minutes
﻿05:56:38 : Player #1 vodka disconnected
﻿05:59:00 : RCon admin #0: (Global) BEC : This server will restart in 1 minute, Log out now!
﻿06:00:02 : Lost Connection!
﻿06:00:02 : Closing socket & exiting!
﻿06:01:14 : Rcon client logging in
﻿06:01:14 : RCon admin #0 (127.0.0.1:56730) logged in
﻿06:04:07 : Player #0 User (189.38.229.155:2304) connected
﻿06:04:09 : Player #0 User - Legacy GUID: a4189ad65f3643b0047a7dbb026ed82d
﻿06:04:09 : Player #0 User - GUID: 684484760df46ae11da42d9708399437 (unverified)
﻿06:04:09 : Verified GUID (684484760df46ae11da42d9708399437) of player #0 User
﻿06:05:28 : Player #1 vodka (186.129.9.25:2304) connected
﻿06:05:29 : Player #1 vodka - GUID: 9d9589c45c3ca41c83bd64095f841d95 (unverified)
﻿06:05:30 : Player #1 vodka - Legacy GUID: 90797abf15f589d7d7c70755938e2998
﻿06:05:31 : Verified GUID (9d9589c45c3ca41c83bd64095f841d95) of player #1 vodka
﻿06:26:06 : Player #2 Nico (186.153.109.173:2304) connected
﻿06:26:07 : Player #2 Nico - GUID: ebb837569acab21424289d01a184d917 (unverified)
﻿06:26:08 : Verified GUID (ebb837569acab21424289d01a184d917) of player #2 Nico
﻿06:26:08 : Player #2 Nico - Owner GUID: 45894ad3eeda17c05316f5675e18e3ae
﻿06:26:08 : Player #2 Nico - Legacy GUID: d3aa8eaac3546abcece2227eb8801d33
﻿06:26:11 : Player #2 Nico disconnected
﻿06:27:42 : Player #2 Nico (186.153.109.173:2304) connected
﻿06:27:43 : Player #2 Nico - GUID: ebb837569acab21424289d01a184d917 (unverified)
﻿06:27:43 : Verified GUID (ebb837569acab21424289d01a184d917) of player #2 Nico
﻿06:27:43 : Player #2 Nico - Owner GUID: 45894ad3eeda17c05316f5675e18e3ae
﻿06:27:44 : Player #2 Nico - Legacy GUID: d3aa8eaac3546abcece2227eb8801d33
﻿06:27:46 : Player #2 Nico disconnected
﻿06:40:22 : Player #2 Nico (186.153.109.173:2304) connected
﻿06:40:23 : Player #2 Nico - GUID: ebb837569acab21424289d01a184d917 (unverified)
﻿06:40:24 : Verified GUID (ebb837569acab21424289d01a184d917) of player #2 Nico
﻿06:40:24 : Player #2 Nico - Owner GUID: 45894ad3eeda17c05316f5675e18e3ae
﻿06:40:24 : Player #2 Nico - Legacy GUID: d3aa8eaac3546abcece2227eb8801d33
﻿06:40:27 : Player #2 Nico disconnected
﻿06:45:43 : Player #1 vodka disconnected
﻿06:51:56 : Player #1 Franco (186.62.68.30:13585) connected
﻿06:51:57 : Player #1 Franco - GUID: 08e71233276990337b46bc62f42ad72f (unverified)
﻿06:51:57 : Verified GUID (08e71233276990337b46bc62f42ad72f) of player #1 Franco
﻿06:51:58 : Player #1 Franco - Legacy GUID: 98fd592a671e0475d750927fdd9ae033
﻿06:55:38 : Player #2 SKA-P (186.62.68.30:27282) connected
﻿06:55:39 : Player #2 SKA-P - GUID: 7b51249af1fb3d5aa3d6ff141033ca2d (unverified)
﻿06:55:40 : Player #2 SKA-P - Legacy GUID: 5c44369a8357600dadd3f88612b84594
﻿06:55:40 : Verified GUID (7b51249af1fb3d5aa3d6ff141033ca2d) of player #2 SKA-P
﻿06:56:47 : Player #3 Leodagos (186.135.19.72:27031) connected
﻿06:56:48 : Player #3 Leodagos - GUID: 927032c3d7c1139aff0ff09424d46da1 (unverified)
﻿06:56:48 : Verified GUID (927032c3d7c1139aff0ff09424d46da1) of player #3 Leodagos
﻿06:56:49 : Player #3 Leodagos - Legacy GUID: d7639dceb9588d3b0ab85f82e92ff8de
﻿06:57:10 : Player #3 Leodagos disconnected
﻿07:00:20 : Player #0 User disconnected
﻿07:11:25 : Player #2 SKA-P disconnected
﻿07:13:40 : Player #1 Franco disconnected
﻿08:45:00 : RCon admin #0: (Global) BEC : This server will restart in 15 minutes
﻿08:55:00 : RCon admin #0: (Global) BEC : This server will restart in 5 minutes
﻿08:59:00 : RCon admin #0: (Global) BEC : This server will restart in 1 minute, Log out now!
﻿09:00:02 : Lost Connection!
﻿09:00:02 : Closing socket & exiting!
﻿09:01:14 : Rcon client logging in
﻿09:01:14 : RCon admin #0 (127.0.0.1:61769) logged in
﻿10:41:33 : Player #0 Dexter (200.89.154.130:11916) connected
﻿10:41:36 : Player #0 Dexter - GUID: e84a7c2f0f444a8fa6bff7df557360c8 (unverified)
﻿10:41:36 : Player #0 Dexter - Legacy GUID: 1db2d3b9de40f70681e8a27940355628
﻿10:41:36 : Verified GUID (e84a7c2f0f444a8fa6bff7df557360c8) of player #0 Dexter
﻿11:45:00 : RCon admin #0: (Global) BEC : This server will restart in 15 minutes
﻿11:55:00 : RCon admin #0: (Global) BEC : This server will restart in 5 minutes
﻿11:59:00 : RCon admin #0: (Global) BEC : This server will restart in 1 minute, Log out now!
﻿11:59:37 : Player #0 Dexter disconnected
﻿12:00:02 : Lost Connection!
﻿12:00:02 : Closing socket & exiting!
﻿12:01:14 : Rcon client logging in
﻿12:01:14 : RCon admin #0 (127.0.0.1:60074) logged in
﻿13:19:03 : Player #0 User (189.38.229.155:2304) connected
﻿13:19:06 : Player #0 User - GUID: 684484760df46ae11da42d9708399437 (unverified)
﻿13:19:06 : Verified GUID (684484760df46ae11da42d9708399437) of player #0 User
﻿13:19:08 : Player #0 User - Legacy GUID: a4189ad65f3643b0047a7dbb026ed82d
﻿13:24:20 : Player #1 Dexter (200.89.154.130:13359) connected
﻿13:24:21 : Player #1 Dexter - GUID: e84a7c2f0f444a8fa6bff7df557360c8 (unverified)
﻿13:24:22 : Verified GUID (e84a7c2f0f444a8fa6bff7df557360c8) of player #1 Dexter
﻿13:24:22 : Player #1 Dexter - Legacy GUID: 1db2d3b9de40f70681e8a27940355628
﻿13:24:59 : Player #1 Dexter disconnected
﻿13:27:09 : Player #1 Dexter (200.89.154.130:13359) connected
﻿13:27:11 : Player #1 Dexter - GUID: e84a7c2f0f444a8fa6bff7df557360c8 (unverified)
﻿13:27:11 : Verified GUID (e84a7c2f0f444a8fa6bff7df557360c8) of player #1 Dexter
﻿13:27:12 : Player #1 Dexter - Legacy GUID: 1db2d3b9de40f70681e8a27940355628
﻿13:58:41 : RCon admin #1 (181.14.141.62:64680) logged in
﻿13:59:01 : RCon admin #1: (Global) [[Juandayz]] dexter, te pregunto el servidor esta de dia en este momento¿?
﻿14:00:24 : RCon admin #0: (To User) BEC : You have about 60 seconds left to join the mission.
﻿14:00:55 : RCon admin #0: (To User) BEC : You have about 30 seconds left to join the mission.
﻿14:01:09 : RCon admin #0: (To User) BEC : You have about 15 seconds left to join the mission.
﻿14:01:24 : Player #0 User (684484760df46ae11da42d9708399437) has been kicked by BattlEye: Admin Kick (BEC : Lobby idling to long)
﻿14:05:14 : Player #0 ADMIN (181.14.141.62:2304) connected
﻿14:05:15 : Player #0 ADMIN - GUID: d603844e2f77196bf616245ae360213b (unverified)
﻿14:05:15 : Verified GUID (d603844e2f77196bf616245ae360213b) of player #0 ADMIN
﻿14:05:16 : Player #0 ADMIN - Legacy GUID: a5aa074813dab730e26d67b8a0a0af6c
﻿14:20:02 : RCon admin #0: (To Dexter) BEC : You have about 60 seconds left to join the mission.
﻿14:20:33 : RCon admin #0: (To Dexter) BEC : You have about 30 seconds left to join the mission.
﻿14:20:34 : Player #2 User (189.38.229.155:2304) connected
﻿14:20:35 : Player #2 User - GUID: 684484760df46ae11da42d9708399437 (unverified)
﻿14:20:35 : Verified GUID (684484760df46ae11da42d9708399437) of player #2 User
﻿14:20:36 : Player #2 User - Legacy GUID: a4189ad65f3643b0047a7dbb026ed82d
﻿14:20:48 : RCon admin #0: (To Dexter) BEC : You have about 15 seconds left to join the mission.
﻿14:21:02 : Player #1 Dexter (e84a7c2f0f444a8fa6bff7df557360c8) has been kicked by BattlEye: Admin Kick (BEC : Lobby idling to long)
﻿14:25:51 : Player #1 Dexter (200.89.154.130:13937) connected
﻿14:25:53 : Player #1 Dexter - GUID: e84a7c2f0f444a8fa6bff7df557360c8 (unverified)
﻿14:25:53 : Player #1 Dexter - Legacy GUID: 1db2d3b9de40f70681e8a27940355628
﻿14:25:53 : Verified GUID (e84a7c2f0f444a8fa6bff7df557360c8) of player #1 Dexter
﻿14:26:54 : Player #1 Dexter disconnected
﻿14:28:24 : Player #1 Dexter (200.89.154.130:13937) connected
﻿14:28:25 : Player #1 Dexter - GUID: e84a7c2f0f444a8fa6bff7df557360c8 (unverified)
﻿14:28:26 : Verified GUID (e84a7c2f0f444a8fa6bff7df557360c8) of player #1 Dexter
﻿14:28:26 : Player #1 Dexter - Legacy GUID: 1db2d3b9de40f70681e8a27940355628
﻿14:32:40 : Player #3 Nachen (186.125.82.210:2304) connected
﻿14:32:43 : Player #3 Nachen - GUID: eeec5bbcd7d2f83c3d76398f0ad13c76 (unverified)
﻿14:32:44 : Verified GUID (eeec5bbcd7d2f83c3d76398f0ad13c76) of player #3 Nachen
﻿14:32:45 : Player #3 Nachen - Legacy GUID: 6b301ff66ed135e5a6fe9099000d96d2
﻿14:36:32 : Player #4 LarzuK (186.56.20.115:2304) connected
﻿14:36:34 : Player #4 LarzuK - GUID: 830c029a6ec69a6e0563b0638ebe72b9 (unverified)
﻿14:36:34 : Player #4 LarzuK - Legacy GUID: 36a4a2b1fb2e23467aba15c0a1207080
﻿14:36:41 : Verified GUID (830c029a6ec69a6e0563b0638ebe72b9) of player #4 LarzuK
﻿14:37:21 : Player #1 Dexter (e84a7c2f0f444a8fa6bff7df557360c8) has been kicked by BattlEye: Ping too high (484)
﻿14:37:46 : Player #1 Dexter (200.89.154.130:1044) connected
﻿14:37:50 : Player #1 Dexter - Legacy GUID: 1db2d3b9de40f70681e8a27940355628
﻿14:37:51 : Player #1 Dexter - GUID: e84a7c2f0f444a8fa6bff7df557360c8 (unverified)
﻿14:37:52 : Player #1 Dexter - Legacy GUID: 1db2d3b9de40f70681e8a27940355628
﻿14:37:53 : Verified GUID (e84a7c2f0f444a8fa6bff7df557360c8) of player #1 Dexter
﻿14:39:00 : Player #1 Dexter disconnected
﻿14:40:28 : Player #1 Dexter (200.89.154.130:1044) connected
﻿14:40:30 : Player #1 Dexter - GUID: e84a7c2f0f444a8fa6bff7df557360c8 (unverified)
﻿14:40:31 : Player #1 Dexter - Legacy GUID: 1db2d3b9de40f70681e8a27940355628
﻿14:40:33 : Verified GUID (e84a7c2f0f444a8fa6bff7df557360c8) of player #1 Dexter
﻿14:41:39 : Player #1 Dexter disconnected
﻿14:41:59 : Player #1 Safadão (191.54.95.154:2304) connected
﻿14:42:01 : Player #1 Safadão - GUID: b257c502a6080afa2eebdc0af7a72417 (unverified)
﻿14:42:01 : Verified GUID (b257c502a6080afa2eebdc0af7a72417) of player #1 Safadão
﻿14:42:02 : Player #1 Safadão - Legacy GUID: 170465fd7e5aba797d99434e69259b92
﻿14:43:41 : Player #5 Dexter (200.89.154.130:1109) connected
﻿14:43:44 : Player #5 Dexter - GUID: e84a7c2f0f444a8fa6bff7df557360c8 (unverified)
﻿14:43:47 : Verified GUID (e84a7c2f0f444a8fa6bff7df557360c8) of player #5 Dexter
﻿14:43:47 : Player #5 Dexter - Legacy GUID: 1db2d3b9de40f70681e8a27940355628
﻿14:45:00 : RCon admin #0: (Global) BEC : This server will restart in 15 minutes
﻿14:45:06 : Player #5 Dexter disconnected
﻿14:46:32 : Player #5 Axel (200.117.221.23:2304) connected
﻿14:46:33 : Player #5 Axel - GUID: 4cc578ad81444ae5ca97e23200e31b11 (unverified)
﻿14:46:34 : Verified GUID (4cc578ad81444ae5ca97e23200e31b11) of player #5 Axel
﻿14:46:34 : Player #5 Axel - Legacy GUID: 1d0bac0697e1d755455265efd2d7f4e2
﻿14:47:32 : Player #6 Dexter (200.89.154.130:1210) connected
﻿14:47:33 : Player #6 Dexter - GUID: e84a7c2f0f444a8fa6bff7df557360c8 (unverified)
﻿14:47:34 : Verified GUID (e84a7c2f0f444a8fa6bff7df557360c8) of player #6 Dexter
﻿14:47:34 : Player #7 GableTerr (189.41.203.132:2304) connected
﻿14:47:35 : Player #6 Dexter - Legacy GUID: 1db2d3b9de40f70681e8a27940355628
﻿14:47:35 : Player #7 GableTerr - GUID: 6b8dc8b9f5e41af4b76835c6b485cbbd (unverified)
﻿14:47:36 : Verified GUID (6b8dc8b9f5e41af4b76835c6b485cbbd) of player #7 GableTerr
﻿14:47:37 : Player #6 Dexter - Legacy GUID: 1db2d3b9de40f70681e8a27940355628
﻿14:47:37 : Player #7 GableTerr - Legacy GUID: c0998c360c370b09776abf8697367e82
﻿14:47:42 : Player #5 Axel disconnected
﻿14:48:02 : Player #5 Vercingetorix (191.81.64.111:11566) connected
﻿14:48:03 : Player #5 Vercingetorix - GUID: 19c26c3b79411428d31cf77c6a433f29 (unverified)
﻿14:48:03 : Verified GUID (19c26c3b79411428d31cf77c6a433f29) of player #5 Vercingetorix
﻿14:48:04 : Player #5 Vercingetorix - Legacy GUID: 8067374cc7c3df0e36bef415e5bd1abf
﻿14:48:46 : Player #6 Dexter disconnected
﻿14:48:47 : Player #7 GableTerr disconnected
﻿14:50:27 : Player #6 GableTerr (189.41.203.132:2304) connected
﻿14:50:28 : Player #6 GableTerr - GUID: 6b8dc8b9f5e41af4b76835c6b485cbbd (unverified)
﻿14:50:29 : Player #6 GableTerr - Legacy GUID: c0998c360c370b09776abf8697367e82
﻿14:50:29 : Verified GUID (6b8dc8b9f5e41af4b76835c6b485cbbd) of player #6 GableTerr
﻿14:51:05 : Player #7 Axel (200.117.221.23:2304) connected
﻿14:51:06 : Player #7 Axel - GUID: 4cc578ad81444ae5ca97e23200e31b11 (unverified)
﻿14:51:07 : Verified GUID (4cc578ad81444ae5ca97e23200e31b11) of player #7 Axel
﻿14:51:07 : Player #7 Axel - Legacy GUID: 1d0bac0697e1d755455265efd2d7f4e2
﻿14:51:53 : Player #7 Axel disconnected
﻿14:55:00 : RCon admin #0: (Global) BEC : This server will restart in 5 minutes
﻿14:56:10 : RCon admin #0: (To User) BEC : You have about 60 seconds left to join the mission.
﻿14:56:24 : Player #5 Vercingetorix disconnected
﻿14:56:41 : RCon admin #0: (To User) BEC : You have about 30 seconds left to join the mission.
﻿14:56:49 : Player #2 User disconnected
﻿14:57:22 : Player #6 GableTerr (6b8dc8b9f5e41af4b76835c6b485cbbd) has been kicked by BattlEye: Ping too high (4094)
﻿14:57:50 : Could not connect to BE Master
﻿14:57:50 : Update attempt failed
﻿14:58:57 : Player #3 Nachen disconnected
﻿14:59:00 : RCon admin #0: (Global) BEC : This server will restart in 1 minute, Log out now!
﻿14:59:22 : Player #2 Axel (200.117.221.23:2304) connected
﻿14:59:23 : Player #2 Axel - GUID: 4cc578ad81444ae5ca97e23200e31b11 (unverified)
﻿14:59:23 : Verified GUID (4cc578ad81444ae5ca97e23200e31b11) of player #2 Axel
﻿14:59:24 : Player #2 Axel - Legacy GUID: 1d0bac0697e1d755455265efd2d7f4e2
﻿14:59:47 : Could not connect to BE Master
﻿14:59:47 : Update attempt failed
﻿15:00:02 : Lost Connection!
﻿15:00:02 : Closing socket & exiting!
﻿15:01:14 : Rcon client logging in
﻿15:01:14 : RCon admin #1 (127.0.0.1:65445) logged in
﻿15:08:31 : Player #0 LarzuK (186.56.20.115:2304) connected
﻿15:08:32 : Player #0 LarzuK - GUID: 830c029a6ec69a6e0563b0638ebe72b9 (unverified)
﻿15:08:34 : Verified GUID (830c029a6ec69a6e0563b0638ebe72b9) of player #0 LarzuK
﻿15:08:36 : Player #0 LarzuK - Legacy GUID: 36a4a2b1fb2e23467aba15c0a1207080
﻿15:09:25 : Player #1 User (189.38.229.155:2304) connected
﻿15:09:26 : Player #1 User - GUID: 684484760df46ae11da42d9708399437 (unverified)
﻿15:09:26 : Verified GUID (684484760df46ae11da42d9708399437) of player #1 User
﻿15:09:30 : Player #1 User disconnected
﻿15:14:17 : Player #1 User (189.38.229.155:2304) connected
﻿15:14:18 : Player #1 User - GUID: 684484760df46ae11da42d9708399437 (unverified)
﻿15:14:18 : Verified GUID (684484760df46ae11da42d9708399437) of player #1 User
﻿15:14:19 : Player #1 User - Legacy GUID: a4189ad65f3643b0047a7dbb026ed82d
﻿15:17:48 : Player #2 Axel (200.117.221.23:2304) connected
﻿15:17:49 : Player #2 Axel - GUID: 4cc578ad81444ae5ca97e23200e31b11 (unverified)
﻿15:17:50 : Verified GUID (4cc578ad81444ae5ca97e23200e31b11) of player #2 Axel
﻿15:17:50 : Player #2 Axel - Legacy GUID: 1d0bac0697e1d755455265efd2d7f4e2
﻿15:24:34 : Player #0 LarzuK disconnected
﻿15:27:01 : Player #2 Axel disconnected
﻿15:33:27 : Player #0 LarzuK (186.56.20.115:2304) connected
﻿15:33:29 : Player #0 LarzuK - GUID: 830c029a6ec69a6e0563b0638ebe72b9 (unverified)
﻿15:33:29 : Player #0 LarzuK - Legacy GUID: 36a4a2b1fb2e23467aba15c0a1207080
﻿15:33:30 : Verified GUID (830c029a6ec69a6e0563b0638ebe72b9) of player #0 LarzuK
﻿15:59:44 : Player #2 Dexter (200.89.154.130:3318) connected
﻿15:59:47 : Player #2 Dexter - Legacy GUID: 1db2d3b9de40f70681e8a27940355628
﻿15:59:49 : Player #2 Dexter - GUID: e84a7c2f0f444a8fa6bff7df557360c8 (unverified)
﻿15:59:50 : Verified GUID (e84a7c2f0f444a8fa6bff7df557360c8) of player #2 Dexter
﻿16:00:45 : Player #2 Dexter disconnected
﻿16:03:11 : Player #0 LarzuK (830c029a6ec69a6e0563b0638ebe72b9) has been kicked by BattlEye: Client not responding
﻿16:03:11 : Player #1 User (684484760df46ae11da42d9708399437) has been kicked by BattlEye: Client not responding
﻿16:05:37 : Player #0 User (189.38.229.155:1024) connected
﻿16:05:39 : Player #0 User - GUID: 684484760df46ae11da42d9708399437 (unverified)
﻿16:05:39 : Verified GUID (684484760df46ae11da42d9708399437) of player #0 User
﻿16:05:39 : Player #0 User - Legacy GUID: a4189ad65f3643b0047a7dbb026ed82d
﻿16:07:33 : Player #0 User (684484760df46ae11da42d9708399437) has been kicked by BattlEye: Client not responding
﻿16:09:46 : Player #0 User (189.38.229.155:2304) connected
﻿16:09:47 : Player #0 User - GUID: 684484760df46ae11da42d9708399437 (unverified)
﻿16:09:48 : Verified GUID (684484760df46ae11da42d9708399437) of player #0 User
﻿16:09:48 : Player #0 User - Legacy GUID: a4189ad65f3643b0047a7dbb026ed82d
﻿16:24:15 : Player #1 vodka (186.129.34.22:2304) connected
﻿16:24:16 : Player #1 vodka - GUID: 9d9589c45c3ca41c83bd64095f841d95 (unverified)
﻿16:24:17 : Player #1 vodka - Legacy GUID: 90797abf15f589d7d7c70755938e2998
﻿16:24:21 : Player #1 vodka disconnected
﻿16:37:26 : Player #1 Dexter (200.89.154.130:3884) connected
﻿16:37:27 : Player #1 Dexter - GUID: e84a7c2f0f444a8fa6bff7df557360c8 (unverified)
﻿16:37:28 : Verified GUID (e84a7c2f0f444a8fa6bff7df557360c8) of player #1 Dexter
﻿16:37:28 : Player #1 Dexter - Legacy GUID: 1db2d3b9de40f70681e8a27940355628
﻿16:38:44 : Player #1 Dexter disconnected
﻿16:40:42 : Player #1 Dexter (200.89.154.130:3884) connected
﻿16:40:44 : Player #1 Dexter - Legacy GUID: 1db2d3b9de40f70681e8a27940355628
﻿16:40:45 : Player #1 Dexter - GUID: e84a7c2f0f444a8fa6bff7df557360c8 (unverified)
﻿16:40:46 : Player #1 Dexter - Legacy GUID: 1db2d3b9de40f70681e8a27940355628
﻿16:40:48 : Verified GUID (e84a7c2f0f444a8fa6bff7df557360c8) of player #1 Dexter
﻿16:40:48 : Player #1 Dexter - Legacy GUID: 1db2d3b9de40f70681e8a27940355628
﻿16:41:37 : Player #2 vodka (186.129.34.22:2304) connected
﻿16:41:38 : Player #2 vodka - GUID: 9d9589c45c3ca41c83bd64095f841d95 (unverified)
﻿16:41:39 : Player #2 vodka - Legacy GUID: 90797abf15f589d7d7c70755938e2998
﻿16:41:40 : Verified GUID (9d9589c45c3ca41c83bd64095f841d95) of player #2 vodka
﻿16:41:54 : Player #1 Dexter disconnected
﻿16:44:10 : Player #2 vodka disconnected
﻿16:45:27 : Player #1 Dexter (200.89.154.130:3922) connected
﻿16:45:30 : Player #1 Dexter - GUID: e84a7c2f0f444a8fa6bff7df557360c8 (unverified)
﻿16:45:30 : Verified GUID (e84a7c2f0f444a8fa6bff7df557360c8) of player #1 Dexter
﻿16:45:32 : Player #1 Dexter - Legacy GUID: 1db2d3b9de40f70681e8a27940355628
﻿16:45:39 : Player #1 Dexter disconnected
﻿16:45:42 : Player #2 Dexter (200.89.154.130:3922) connected
﻿16:45:44 : Player #2 Dexter - GUID: e84a7c2f0f444a8fa6bff7df557360c8 (unverified)
﻿16:45:44 : Verified GUID (e84a7c2f0f444a8fa6bff7df557360c8) of player #2 Dexter
﻿16:45:44 : Player #2 Dexter - Legacy GUID: 1db2d3b9de40f70681e8a27940355628
﻿16:45:53 : Player #3 vodka (186.129.34.22:2304) connected
﻿16:45:54 : Player #3 vodka - GUID: 9d9589c45c3ca41c83bd64095f841d95 (unverified)
﻿16:45:55 : Player #3 vodka - Legacy GUID: 90797abf15f589d7d7c70755938e2998
﻿16:46:14 : Player #3 vodka disconnected
﻿16:46:56 : Player #1 vodka (186.129.34.22:2304) connected
﻿16:46:57 : Player #1 vodka - GUID: 9d9589c45c3ca41c83bd64095f841d95 (unverified)
﻿16:46:58 : Player #1 vodka - Legacy GUID: 90797abf15f589d7d7c70755938e2998
﻿16:46:58 : Verified GUID (9d9589c45c3ca41c83bd64095f841d95) of player #1 vodka
﻿16:46:58 : Player #2 Dexter disconnected
﻿16:49:28 : Player #2 Dexter (200.89.154.130:1256) connected
﻿16:49:30 : Player #2 Dexter - GUID: e84a7c2f0f444a8fa6bff7df557360c8 (unverified)
﻿16:49:30 : Verified GUID (e84a7c2f0f444a8fa6bff7df557360c8) of player #2 Dexter
﻿16:49:32 : Player #2 Dexter - Legacy GUID: 1db2d3b9de40f70681e8a27940355628
﻿16:50:48 : Player #2 Dexter disconnected
﻿16:52:33 : Player #2 Dexter (200.89.154.130:1256) connected
﻿16:52:36 : Player #2 Dexter - Legacy GUID: 1db2d3b9de40f70681e8a27940355628
﻿16:52:36 : Player #2 Dexter - GUID: e84a7c2f0f444a8fa6bff7df557360c8 (unverified)
﻿16:52:36 : Verified GUID (e84a7c2f0f444a8fa6bff7df557360c8) of player #2 Dexter
﻿16:53:51 : Player #2 Dexter disconnected
﻿16:56:34 : Player #2 Dexter (200.89.154.130:4664) connected
﻿16:56:35 : Player #2 Dexter - GUID: e84a7c2f0f444a8fa6bff7df557360c8 (unverified)
﻿16:56:36 : Verified GUID (e84a7c2f0f444a8fa6bff7df557360c8) of player #2 Dexter
﻿16:56:38 : Player #2 Dexter - Legacy GUID: 1db2d3b9de40f70681e8a27940355628
﻿16:57:45 : Player #2 Dexter disconnected
﻿17:15:07 : Player #0 User disconnected
﻿17:16:03 : Player #0 User (189.38.229.155:2304) connected
﻿17:16:04 : Player #0 User - GUID: 684484760df46ae11da42d9708399437 (unverified)
﻿17:16:05 : Verified GUID (684484760df46ae11da42d9708399437) of player #0 User
﻿17:16:05 : Player #0 User - Legacy GUID: a4189ad65f3643b0047a7dbb026ed82d
﻿17:17:58 : Player #0 User (684484760df46ae11da42d9708399437) has been kicked by BattlEye: Client not responding
﻿17:20:15 : Player #0 yiyi (187.250.177.16:2304) connected
﻿17:20:18 : Player #0 yiyi - Legacy GUID: c03da6e79db7ba83f4e8b9faf35e4a6c
﻿17:20:20 : Player #0 yiyi disconnected
﻿17:22:04 : Player #0 yiyi (187.250.177.16:2304) connected
﻿17:22:06 : Player #0 yiyi - Legacy GUID: c03da6e79db7ba83f4e8b9faf35e4a6c
﻿17:22:08 : Player #0 yiyi disconnected
﻿17:23:58 : Player #0 yiyi (187.250.177.16:2304) connected
﻿17:24:01 : Player #0 yiyi - Legacy GUID: c03da6e79db7ba83f4e8b9faf35e4a6c
﻿17:24:02 : Player #0 yiyi disconnected
﻿17:25:23 : Player #0 Dexter (200.89.154.130:6933) connected
﻿17:25:24 : Player #0 Dexter - GUID: e84a7c2f0f444a8fa6bff7df557360c8 (unverified)
﻿17:25:24 : Verified GUID (e84a7c2f0f444a8fa6bff7df557360c8) of player #0 Dexter
﻿17:25:25 : Player #0 Dexter - Legacy GUID: 1db2d3b9de40f70681e8a27940355628
﻿17:26:37 : Player #0 Dexter disconnected
﻿17:33:14 : Player #0 User (189.38.229.155:2304) connected
﻿17:33:15 : Player #0 User - GUID: 684484760df46ae11da42d9708399437 (unverified)
﻿17:33:16 : Verified GUID (684484760df46ae11da42d9708399437) of player #0 User
﻿17:33:16 : Player #0 User - Legacy GUID: a4189ad65f3643b0047a7dbb026ed82d
﻿17:33:28 : Player #2 Black96_ARG (190.226.190.220:2304) connected
﻿17:33:29 : Player #2 Black96_ARG - GUID: 40d38f087597d9b100909fa1bb3f8b72 (unverified)
﻿17:33:29 : Verified GUID (40d38f087597d9b100909fa1bb3f8b72) of player #2 Black96_ARG
﻿17:33:30 : Player #2 Black96_ARG - Legacy GUID: cb14f33d8164a2fc474ee72d89d3ffb3
﻿17:34:04 : Player #3 yiyi (187.250.177.16:2304) connected
﻿17:34:06 : Player #3 yiyi - Legacy GUID: c03da6e79db7ba83f4e8b9faf35e4a6c
﻿17:34:09 : Player #3 yiyi disconnected
﻿17:35:03 : Could not connect to BE Master
﻿17:35:03 : Update attempt failed
﻿17:35:03 : Player #0 User (684484760df46ae11da42d9708399437) has been kicked by BattlEye: Client not responding
﻿17:35:03 : Player #1 vodka (9d9589c45c3ca41c83bd64095f841d95) has been kicked by BattlEye: Client not responding
﻿17:35:03 : Player #2 Black96_ARG (40d38f087597d9b100909fa1bb3f8b72) has been kicked by BattlEye: Client not responding
﻿17:38:52 : Player #0 Black96_ARG (190.226.190.220:1024) connected
﻿17:38:53 : Player #0 Black96_ARG - GUID: 40d38f087597d9b100909fa1bb3f8b72 (unverified)
﻿17:38:54 : Verified GUID (40d38f087597d9b100909fa1bb3f8b72) of player #0 Black96_ARG
﻿17:38:54 : Player #0 Black96_ARG - Legacy GUID: cb14f33d8164a2fc474ee72d89d3ffb3
﻿17:40:41 : Player #0 Black96_ARG (40d38f087597d9b100909fa1bb3f8b72) has been kicked by BattlEye: Client not responding
﻿17:45:00 : RCon admin #1: (Global) BEC : This server will restart in 15 minutes
﻿17:47:22 : Player #0 User (189.38.229.155:2304) connected
﻿17:47:24 : Player #0 User - Legacy GUID: a4189ad65f3643b0047a7dbb026ed82d
﻿17:47:24 : Player #0 User - GUID: 684484760df46ae11da42d9708399437 (unverified)
﻿17:47:24 : Verified GUID (684484760df46ae11da42d9708399437) of player #0 User
﻿17:52:22 : Player #1 Dexter (200.89.154.130:7303) connected
﻿17:52:23 : Player #1 Dexter - GUID: e84a7c2f0f444a8fa6bff7df557360c8 (unverified)
﻿17:52:24 : Verified GUID (e84a7c2f0f444a8fa6bff7df557360c8) of player #1 Dexter
﻿17:52:24 : Player #1 Dexter - Legacy GUID: 1db2d3b9de40f70681e8a27940355628
﻿17:53:36 : Player #1 Dexter disconnected
﻿17:55:00 : RCon admin #1: (Global) BEC : This server will restart in 5 minutes
﻿17:59:00 : RCon admin #1: (Global) BEC : This server will restart in 1 minute, Log out now!
﻿18:00:02 : Lost Connection!
﻿18:00:02 : Closing socket & exiting!
﻿18:01:14 : Rcon client logging in
﻿18:01:14 : RCon admin #0 (127.0.0.1:62954) logged in
﻿18:01:42 : Player #0 User (189.38.229.155:2304) connected
﻿18:01:44 : Player #0 User - GUID: 684484760df46ae11da42d9708399437 (unverified)
﻿18:01:44 : Verified GUID (684484760df46ae11da42d9708399437) of player #0 User
﻿18:01:44 : Player #0 User - Legacy GUID: a4189ad65f3643b0047a7dbb026ed82d
﻿18:02:52 : Player #1 Dexter (200.89.154.130:7471) connected
﻿18:02:53 : Player #1 Dexter - GUID: e84a7c2f0f444a8fa6bff7df557360c8 (unverified)
﻿18:02:53 : Verified GUID (e84a7c2f0f444a8fa6bff7df557360c8) of player #1 Dexter
﻿18:02:54 : Player #1 Dexter - Legacy GUID: 1db2d3b9de40f70681e8a27940355628
﻿18:04:17 : Player #1 Dexter disconnected
﻿18:05:19 : Player #1 Dexter (200.89.154.130:7471) connected
﻿18:05:20 : Player #1 Dexter - GUID: e84a7c2f0f444a8fa6bff7df557360c8 (unverified)
﻿18:05:21 : Verified GUID (e84a7c2f0f444a8fa6bff7df557360c8) of player #1 Dexter
﻿18:05:21 : Player #1 Dexter - Legacy GUID: 1db2d3b9de40f70681e8a27940355628
﻿18:25:41 : Player #2 yiyi (187.250.177.16:2304) connected
﻿18:25:43 : Player #2 yiyi - Legacy GUID: c03da6e79db7ba83f4e8b9faf35e4a6c
﻿18:25:44 : Player #2 yiyi disconnected
﻿18:32:17 : Player #1 Dexter (e84a7c2f0f444a8fa6bff7df557360c8) has been kicked by BattlEye: Client not responding
﻿18:32:31 : Player #0 User (684484760df46ae11da42d9708399437) has been kicked by BattlEye: Client not responding
﻿18:38:04 : Player #0 Dexter (200.89.154.130:8097) connected
﻿18:38:10 : Player #0 Dexter - GUID: e84a7c2f0f444a8fa6bff7df557360c8 (unverified)
﻿18:38:10 : Verified GUID (e84a7c2f0f444a8fa6bff7df557360c8) of player #0 Dexter
﻿18:38:11 : Player #0 Dexter - Legacy GUID: 1db2d3b9de40f70681e8a27940355628
﻿18:40:08 : Player #1 yiyi (187.250.177.16:2304) connected
﻿18:40:10 : Player #1 yiyi - GUID: eab22850fdd8c03689d3cf62197b27a8 (unverified)
﻿18:40:10 : Verified GUID (eab22850fdd8c03689d3cf62197b27a8) of player #1 yiyi
﻿18:40:11 : Player #1 yiyi - Legacy GUID: 42220cbb688c4a3748630ff8eb1117dd
﻿18:45:20 : Player #1 yiyi disconnected
﻿18:48:08 : Player #1 User (189.38.229.155:2304) connected
﻿18:48:10 : Player #1 User - GUID: 684484760df46ae11da42d9708399437 (unverified)
﻿18:48:10 : Verified GUID (684484760df46ae11da42d9708399437) of player #1 User
﻿18:48:11 : Player #1 User - Legacy GUID: a4189ad65f3643b0047a7dbb026ed82d
﻿18:49:41 : Player #1 User (684484760df46ae11da42d9708399437) has been kicked by BattlEye: Client not responding
﻿18:50:08 : Player #1 yiyi (187.250.177.16:2304) connected
﻿18:50:12 : Player #1 yiyi - GUID: eab22850fdd8c03689d3cf62197b27a8 (unverified)
﻿18:50:12 : Verified GUID (eab22850fdd8c03689d3cf62197b27a8) of player #1 yiyi
﻿18:50:12 : Player #1 yiyi - Legacy GUID: 42220cbb688c4a3748630ff8eb1117dd
﻿18:51:41 : Player #2 User (189.38.229.155:2304) connected
﻿18:51:42 : Player #2 User - GUID: 684484760df46ae11da42d9708399437 (unverified)
﻿18:51:43 : Verified GUID (684484760df46ae11da42d9708399437) of player #2 User
﻿18:51:43 : Player #2 User - Legacy GUID: a4189ad65f3643b0047a7dbb026ed82d
﻿18:53:01 : Player #1 yiyi disconnected
﻿18:54:47 : Player #1 yiyi (187.250.177.16:2304) connected
﻿18:54:50 : Player #1 yiyi - GUID: eab22850fdd8c03689d3cf62197b27a8 (unverified)
﻿18:54:50 : Player #1 yiyi - Legacy GUID: 42220cbb688c4a3748630ff8eb1117dd
﻿18:54:50 : Verified GUID (eab22850fdd8c03689d3cf62197b27a8) of player #1 yiyi
﻿18:57:03 : Player #1 yiyi disconnected
﻿19:31:02 : Player #0 Dexter disconnected
﻿19:44:16 : Player #0 folken (190.100.227.124:2304) connected
﻿19:44:17 : Player #0 folken - GUID: 5a8c4c6e7e56fc375233bf434a443938 (unverified)
﻿19:44:18 : Verified GUID (5a8c4c6e7e56fc375233bf434a443938) of player #0 folken
﻿19:44:18 : Player #0 folken - Legacy GUID: 7dc69f4cb87da60533c1ff48d1bbeba0
﻿19:46:41 : Player #0 folken disconnected
﻿19:48:18 : Player #0 folken (190.100.227.124:2304) connected
﻿19:48:19 : Player #0 folken - GUID: 5a8c4c6e7e56fc375233bf434a443938 (unverified)
﻿19:48:19 : Verified GUID (5a8c4c6e7e56fc375233bf434a443938) of player #0 folken
﻿19:48:20 : Player #0 folken - Legacy GUID: 7dc69f4cb87da60533c1ff48d1bbeba0
﻿19:49:39 : Player #1 Detroxx96 (190.44.17.49:2304) connected
﻿19:49:40 : Player #1 Detroxx96 - GUID: b83fd8a1a5234afbb588d212d3fd855e (unverified)
﻿19:49:40 : Verified GUID (b83fd8a1a5234afbb588d212d3fd855e) of player #1 Detroxx96
﻿19:49:41 : Player #1 Detroxx96 - Legacy GUID: 51149a687cb3e22c31f2bf3dbaabcfd8
﻿20:18:01 : Player #3 Major (177.182.187.114:2304) connected
﻿20:18:02 : Player #3 Major - GUID: 412e64e6a9eb567e921200a8e9b75187 (unverified)
﻿20:18:03 : Verified GUID (412e64e6a9eb567e921200a8e9b75187) of player #3 Major
﻿20:18:03 : Player #3 Major disconnected
﻿20:21:30 : Player #3 Black96_ARG (190.226.190.220:2304) connected
﻿20:21:31 : Player #3 Black96_ARG - GUID: 40d38f087597d9b100909fa1bb3f8b72 (unverified)
﻿20:21:32 : Verified GUID (40d38f087597d9b100909fa1bb3f8b72) of player #3 Black96_ARG
﻿20:21:32 : Player #3 Black96_ARG - Legacy GUID: cb14f33d8164a2fc474ee72d89d3ffb3
﻿20:24:35 : Player #3 Black96_ARG disconnected
﻿20:39:02 : RCon admin #0: (To User) BEC : You have about 60 seconds left to join the mission.
﻿20:39:15 : Player #2 User (684484760df46ae11da42d9708399437) has been kicked by BattlEye: Client not responding
﻿20:45:00 : RCon admin #0: (Global) BEC : This server will restart in 15 minutes
﻿20:52:53 : Player #2 User (189.38.229.155:2304) connected
﻿20:52:54 : Player #2 User - GUID: 684484760df46ae11da42d9708399437 (unverified)
﻿20:52:54 : Verified GUID (684484760df46ae11da42d9708399437) of player #2 User
﻿20:52:55 : Player #2 User - Legacy GUID: a4189ad65f3643b0047a7dbb026ed82d
﻿20:55:00 : RCon admin #0: (Global) BEC : This server will restart in 5 minutes
﻿20:56:39 : Player #1 Detroxx96 disconnected
﻿20:56:43 : Player #0 folken disconnected
﻿20:56:46 : Player #0 dio (186.107.108.203:2304) connected
﻿20:56:48 : Player #0 dio - Legacy GUID: 59c17a25dd1b6e819c13bff633a4e3f6
﻿20:56:48 : Player #0 dio - GUID: f784c6dc1b26883b72f3a32fdd1215fe (unverified)
﻿20:56:48 : Verified GUID (f784c6dc1b26883b72f3a32fdd1215fe) of player #0 dio
﻿20:56:50 : Player #1 Leodagos (186.135.19.72:17648) connected
﻿20:56:51 : Player #1 Leodagos - GUID: 927032c3d7c1139aff0ff09424d46da1 (unverified)
﻿20:56:51 : Verified GUID (927032c3d7c1139aff0ff09424d46da1) of player #1 Leodagos
﻿20:56:52 : Player #1 Leodagos - Legacy GUID: d7639dceb9588d3b0ab85f82e92ff8de
﻿20:56:54 : Player #0 dio disconnected
﻿20:56:55 : Player #1 Leodagos disconnected
﻿20:59:00 : RCon admin #0: (Global) BEC : Server restart in 1 minute, Log out NOW!
﻿21:00:02 : Lost Connection!
﻿21:00:02 : Closing socket & exiting!
﻿21:01:14 : Rcon client logging in
﻿21:01:14 : RCon admin #0 (127.0.0.1:50567) logged in
﻿21:01:44 : Player #0 Leodagos (186.135.19.72:19175) connected
﻿21:01:45 : Player #0 Leodagos - GUID: 927032c3d7c1139aff0ff09424d46da1 (unverified)
﻿21:01:46 : Verified GUID (927032c3d7c1139aff0ff09424d46da1) of player #0 Leodagos
﻿21:01:46 : Player #0 Leodagos - Legacy GUID: d7639dceb9588d3b0ab85f82e92ff8de
﻿21:01:50 : Player #1 User (189.38.229.155:2304) connected
﻿21:01:51 : Player #1 User - GUID: 684484760df46ae11da42d9708399437 (unverified)
﻿21:01:51 : Verified GUID (684484760df46ae11da42d9708399437) of player #1 User
﻿21:01:52 : Player #1 User - Legacy GUID: a4189ad65f3643b0047a7dbb026ed82d
﻿21:02:03 : Player #0 Leodagos disconnected
﻿21:05:49 : Player #0 Detroxx96 (190.44.17.49:2304) connected
﻿21:05:50 : Player #0 Detroxx96 - GUID: b83fd8a1a5234afbb588d212d3fd855e (unverified)
﻿21:05:51 : Verified GUID (b83fd8a1a5234afbb588d212d3fd855e) of player #0 Detroxx96
﻿21:05:51 : Player #0 Detroxx96 - Legacy GUID: 51149a687cb3e22c31f2bf3dbaabcfd8
﻿21:08:27 : Player #2 folken (190.100.227.124:2304) connected
﻿21:08:29 : Player #2 folken - GUID: 5a8c4c6e7e56fc375233bf434a443938 (unverified)
﻿21:08:29 : Verified GUID (5a8c4c6e7e56fc375233bf434a443938) of player #2 folken
﻿21:08:30 : Player #2 folken - Legacy GUID: 7dc69f4cb87da60533c1ff48d1bbeba0
﻿21:10:27 : Player #3 dio (186.107.108.203:2304) connected
﻿21:10:28 : Player #3 dio - GUID: f784c6dc1b26883b72f3a32fdd1215fe (unverified)
﻿21:10:29 : Verified GUID (f784c6dc1b26883b72f3a32fdd1215fe) of player #3 dio
﻿21:10:30 : Player #3 dio - Legacy GUID: 59c17a25dd1b6e819c13bff633a4e3f6
﻿21:13:07 : Player #0 Detroxx96 (b83fd8a1a5234afbb588d212d3fd855e) has been kicked by BattlEye: Client not responding
﻿21:14:50 : Player #0 Detroxx96 (190.44.17.49:2304) connected
﻿21:14:51 : Player #0 Detroxx96 - GUID: b83fd8a1a5234afbb588d212d3fd855e (unverified)
﻿21:14:52 : Verified GUID (b83fd8a1a5234afbb588d212d3fd855e) of player #0 Detroxx96
﻿21:14:53 : Player #0 Detroxx96 - Legacy GUID: 51149a687cb3e22c31f2bf3dbaabcfd8
﻿22:12:14 : Player #4 LarzuK (186.56.20.115:2304) connected
﻿22:12:15 : Player #4 LarzuK - GUID: 830c029a6ec69a6e0563b0638ebe72b9 (unverified)
﻿22:12:16 : Player #4 LarzuK - Legacy GUID: 36a4a2b1fb2e23467aba15c0a1207080
﻿22:12:20 : Verified GUID (830c029a6ec69a6e0563b0638ebe72b9) of player #4 LarzuK
﻿22:12:20 : Player #4 LarzuK disconnected
﻿22:14:29 : Player #4 LarzuK (186.56.20.115:2304) connected
﻿22:14:30 : Player #4 LarzuK - GUID: 830c029a6ec69a6e0563b0638ebe72b9 (unverified)
﻿22:14:31 : Player #4 LarzuK - Legacy GUID: 36a4a2b1fb2e23467aba15c0a1207080
﻿22:14:35 : Verified GUID (830c029a6ec69a6e0563b0638ebe72b9) of player #4 LarzuK
﻿22:17:37 : Player #4 LarzuK disconnected
﻿22:19:23 : Player #4 LarzuK (186.56.20.115:2304) connected
﻿22:19:24 : Player #4 LarzuK - GUID: 830c029a6ec69a6e0563b0638ebe72b9 (unverified)
﻿22:19:25 : Player #4 LarzuK - Legacy GUID: 36a4a2b1fb2e23467aba15c0a1207080
﻿22:19:28 : Verified GUID (830c029a6ec69a6e0563b0638ebe72b9) of player #4 LarzuK
﻿22:22:44 : Player #0 Detroxx96 disconnected
﻿22:24:09 : Player #0 KidKiller (189.6.24.41:15827) connected
﻿22:24:11 : Player #0 KidKiller - GUID: f3fa7b702fc89d7aebc4b27f7a76cbd7 (unverified)
﻿22:24:11 : Verified GUID (f3fa7b702fc89d7aebc4b27f7a76cbd7) of player #0 KidKiller
﻿22:24:12 : Player #0 KidKiller - Legacy GUID: c70bdca9baef980c7c967d08ff9ce7c6
﻿22:30:31 : Player #2 folken disconnected
﻿22:30:33 : Player #0 KidKiller disconnected
﻿22:30:58 : Player #3 dio disconnected
﻿22:51:37 : Player #0 Nico (186.153.109.173:2304) connected
﻿22:51:38 : Player #0 Nico - GUID: ebb837569acab21424289d01a184d917 (unverified)
﻿22:51:38 : Verified GUID (ebb837569acab21424289d01a184d917) of player #0 Nico
﻿22:51:38 : Player #0 Nico - Owner GUID: 45894ad3eeda17c05316f5675e18e3ae
﻿22:51:39 : Player #0 Nico - Legacy GUID: d3aa8eaac3546abcece2227eb8801d33
﻿22:51:41 : Player #0 Nico disconnected
﻿23:12:16 : Player #4 LarzuK disconnected
﻿23:15:40 : Player #0 Fedex (190.220.152.170:2304) connected
﻿23:15:41 : Player #0 Fedex - GUID: db2355f3739608dfeaebb250b56196e9 (unverified)
﻿23:15:42 : Player #0 Fedex - Legacy GUID: 4a73f29fe09810ec5f2073b73454a4b9
﻿23:15:42 : Verified GUID (db2355f3739608dfeaebb250b56196e9) of player #0 Fedex
﻿23:15:47 : Player #0 Fedex disconnected
﻿23:16:42 : Player #0 N1c077 (200.117.206.45:2304) connected
﻿23:16:43 : Player #0 N1c077 - GUID: 4ebbb18b17ed7230e9692e4fa507e18d (unverified)
﻿23:16:44 : Verified GUID (4ebbb18b17ed7230e9692e4fa507e18d) of player #0 N1c077
﻿23:16:44 : Player #0 N1c077 - Legacy GUID: 935a4be98d0120a842a537239d459b24
﻿23:18:41 : Player #2 Fedex (190.220.152.170:2304) connected
﻿23:18:42 : Player #2 Fedex - GUID: db2355f3739608dfeaebb250b56196e9 (unverified)
﻿23:18:43 : Verified GUID (db2355f3739608dfeaebb250b56196e9) of player #2 Fedex
﻿23:18:43 : Player #2 Fedex - Legacy GUID: 4a73f29fe09810ec5f2073b73454a4b9
﻿23:45:00 : RCon admin #0: (Global) BEC : This server will restart in 15 minutes
﻿23:55:00 : RCon admin #0: (Global) BEC : This server will restart in 5 minutes
﻿23:59:00 : RCon admin #0: (Global) BEC : This server will restart in 1 minute, Log out now!
﻿23:59:12 : Player #2 Fedex disconnected
﻿23:59:53 : Player #0 N1c077 disconnected
