00:00:01 : Lost Connection!
﻿00:00:01 : Closing socket & exiting!
﻿00:01:15 : Rcon client logging in
﻿00:01:15 : RCon admin #1 (127.0.0.1:51988) logged in
﻿00:15:13 : Player #0 Agustin (181.22.36.81:2304) connected
﻿00:15:16 : Player #0 Agustin - GUID: 0b0a46fef1130a3d93b3032a25f2427c (unverified)
﻿00:15:16 : Verified GUID (0b0a46fef1130a3d93b3032a25f2427c) of player #0 Agustin
﻿00:15:17 : Player #0 Agustin - Legacy GUID: 3ecb37fe4b092a21c8a1c69b5ad2b9d4
﻿00:51:02 : Player #1 WhiteDead (201.241.200.207:2304) connected
﻿00:51:03 : Player #1 WhiteDead - GUID: 5b7be743f1f23417c94bb10ff974d586 (unverified)
﻿00:51:04 : Verified GUID (5b7be743f1f23417c94bb10ff974d586) of player #1 WhiteDead
﻿00:51:04 : Player #1 WhiteDead - Legacy GUID: 70146858682b80990eabc81535148352
﻿00:52:24 : Player #1 WhiteDead disconnected
﻿00:52:30 : Player #1 Jose Luis (186.113.156.235:2304) connected
﻿00:52:32 : Player #1 Jose Luis - GUID: d9558a067db2e5932e8a58c619edb83d (unverified)
﻿00:52:32 : Player #1 Jose Luis - Legacy GUID: 7beaaf3c723b44978f2c26b96411e08c
﻿00:52:32 : Verified GUID (d9558a067db2e5932e8a58c619edb83d) of player #1 Jose Luis
﻿01:00:45 : Player #1 Jose Luis disconnected
﻿01:00:53 : Player #1 Jose Luis (186.113.156.235:2304) connected
﻿01:00:54 : Player #1 Jose Luis - GUID: d9558a067db2e5932e8a58c619edb83d (unverified)
﻿01:00:55 : Verified GUID (d9558a067db2e5932e8a58c619edb83d) of player #1 Jose Luis
﻿01:00:55 : Player #1 Jose Luis - Legacy GUID: 7beaaf3c723b44978f2c26b96411e08c
﻿01:18:46 : Player #2 Sirfes-AR (186.39.212.73:2304) connected
﻿01:18:47 : Player #2 Sirfes-AR - GUID: 2bb87957999ef128136a91e55814387e (unverified)
﻿01:18:48 : Verified GUID (2bb87957999ef128136a91e55814387e) of player #2 Sirfes-AR
﻿01:18:48 : Player #2 Sirfes-AR - Legacy GUID: 9029f11d17f3e3d0814db86b7e6f7e15
﻿01:41:15 : Player #0 Agustin disconnected
﻿02:45:00 : RCon admin #1: (Global) BEC : This server will restart in 15 minutes
﻿02:55:00 : RCon admin #1: (Global) BEC : This server will restart in 5 minutes
﻿02:59:00 : RCon admin #1: (Global) BEC : This server will restart in 1 minute, Log out now!
﻿03:00:01 : Lost Connection!
﻿03:00:01 : Closing socket & exiting!
﻿03:01:15 : Rcon client logging in
﻿03:01:15 : RCon admin #1 (127.0.0.1:50646) logged in
﻿03:01:16 : Player #0 Jose Luis - Legacy GUID: 7beaaf3c723b44978f2c26b96411e08c
﻿03:03:14 : Player #1 Sirfes-AR (186.39.212.73:2304) connected
﻿03:03:17 : Player #1 Sirfes-AR - GUID: 2bb87957999ef128136a91e55814387e (unverified)
﻿03:03:17 : Verified GUID (2bb87957999ef128136a91e55814387e) of player #1 Sirfes-AR
﻿03:03:19 : Player #1 Sirfes-AR - Legacy GUID: 9029f11d17f3e3d0814db86b7e6f7e15
﻿03:25:51 : No Valid response. Trying to reconnect.!
﻿03:25:51 : Rcon client logging in
﻿03:25:51 : RCon admin #1 (127.0.0.1:50646) logged in
﻿05:45:00 : RCon admin #1: (Global) BEC : This server will restart in 15 minutes
﻿05:55:00 : RCon admin #1: (Global) BEC : This server will restart in 5 minutes
﻿05:59:00 : RCon admin #1: (Global) BEC : This server will restart in 1 minute, Log out now!
﻿06:00:01 : Lost Connection!
﻿06:00:01 : Closing socket & exiting!
﻿06:01:15 : Rcon client logging in
﻿06:01:15 : RCon admin #1 (127.0.0.1:60093) logged in
﻿06:02:16 : Player #1 Sirfes-AR (186.39.212.73:2304) connected
﻿06:02:17 : Player #1 Sirfes-AR - GUID: 2bb87957999ef128136a91e55814387e (unverified)
﻿06:02:18 : Verified GUID (2bb87957999ef128136a91e55814387e) of player #1 Sirfes-AR
﻿06:02:19 : Player #1 Sirfes-AR - Legacy GUID: 9029f11d17f3e3d0814db86b7e6f7e15
﻿06:24:12 : Player #1 Sirfes-AR disconnected
﻿06:25:20 : Player #0 Jose Luis disconnected
﻿08:45:00 : RCon admin #1: (Global) BEC : This server will restart in 15 minutes
﻿08:55:00 : RCon admin #1: (Global) BEC : This server will restart in 5 minutes
﻿08:59:00 : RCon admin #1: (Global) BEC : This server will restart in 1 minute, Log out now!
﻿09:00:01 : Lost Connection!
﻿09:00:01 : Closing socket & exiting!
﻿09:01:15 : Rcon client logging in
﻿09:01:15 : RCon admin #1 (127.0.0.1:54141) logged in
﻿11:45:00 : RCon admin #1: (Global) BEC : This server will restart in 15 minutes
﻿11:55:00 : RCon admin #1: (Global) BEC : This server will restart in 5 minutes
﻿11:59:00 : RCon admin #1: (Global) BEC : This server will restart in 1 minute, Log out now!
﻿12:00:01 : Lost Connection!
﻿12:00:01 : Closing socket & exiting!
﻿12:01:07 : Rcon client logging in
﻿12:01:07 : RCon admin #0 (127.0.0.1:57173) logged in
﻿14:45:00 : RCon admin #0: (Global) BEC : This server will restart in 15 minutes
﻿14:55:00 : RCon admin #0: (Global) BEC : This server will restart in 5 minutes
﻿14:59:00 : RCon admin #0: (Global) BEC : This server will restart in 1 minute, Log out now!
﻿15:00:02 : Lost Connection!
﻿15:00:02 : Closing socket & exiting!
﻿15:01:06 : Rcon client logging in
﻿15:01:06 : RCon admin #0 (127.0.0.1:57132) logged in
﻿15:18:29 : Player #0 [DMN]-Mario (179.60.255.227:2304) connected
﻿15:18:31 : Player #0 [DMN]-Mario - Legacy GUID: 56ac695fcf6c9ba0429307fd875141a4
﻿15:18:32 : Player #0 [DMN]-Mario - GUID: 90efe9555b6c518bdd5ab751845d62ac (unverified)
﻿15:18:33 : Verified GUID (90efe9555b6c518bdd5ab751845d62ac) of player #0 [DMN]-Mario
﻿15:21:48 : Player #0 [DMN]-Mario disconnected
﻿15:26:28 : Player #0 [DMN]-Mario (179.60.255.227:2304) connected
﻿15:26:29 : Player #0 [DMN]-Mario - GUID: 90efe9555b6c518bdd5ab751845d62ac (unverified)
﻿15:26:30 : Verified GUID (90efe9555b6c518bdd5ab751845d62ac) of player #0 [DMN]-Mario
﻿15:26:30 : Player #0 [DMN]-Mario - Legacy GUID: 56ac695fcf6c9ba0429307fd875141a4
﻿15:47:02 : Player #1 Noelia Pompa (190.138.32.100:2304) connected
﻿15:47:04 : Player #1 Noelia Pompa - GUID: d603844e2f77196bf616245ae360213b (unverified)
﻿15:47:05 : Verified GUID (d603844e2f77196bf616245ae360213b) of player #1 Noelia Pompa
﻿15:47:05 : Player #1 Noelia Pompa - Legacy GUID: a5aa074813dab730e26d67b8a0a0af6c
﻿15:47:08 : Player #1 Noelia Pompa disconnected
﻿16:22:06 : Player #0 [DMN]-Mario (90efe9555b6c518bdd5ab751845d62ac) has been kicked by BattlEye: Ping too high (998)
﻿16:26:05 : Player #0 [DMN]-Mario (179.60.255.227:2304) connected
﻿16:26:07 : Player #0 [DMN]-Mario - GUID: 90efe9555b6c518bdd5ab751845d62ac (unverified)
﻿16:26:08 : Verified GUID (90efe9555b6c518bdd5ab751845d62ac) of player #0 [DMN]-Mario
﻿16:26:09 : Player #0 [DMN]-Mario - Legacy GUID: 56ac695fcf6c9ba0429307fd875141a4
﻿17:45:00 : RCon admin #0: (Global) BEC : This server will restart in 15 minutes
﻿17:55:00 : RCon admin #0: (Global) BEC : This server will restart in 5 minutes
﻿17:58:39 : Player #0 [DMN]-Mario disconnected
﻿17:59:00 : RCon admin #0: (Global) BEC : This server will restart in 1 minute, Log out now!
﻿18:00:01 : Lost Connection!
﻿18:00:01 : Closing socket & exiting!
﻿18:01:15 : Rcon client logging in
﻿18:01:15 : RCon admin #0 (127.0.0.1:50349) logged in
﻿18:18:58 : Player #0 Azrael1x (191.80.249.98:2304) connected
﻿18:19:00 : Player #0 Azrael1x - GUID: f3bbe77e31363319b3378084ddcb86d8 (unverified)
﻿18:19:00 : Verified GUID (f3bbe77e31363319b3378084ddcb86d8) of player #0 Azrael1x
﻿18:19:02 : Player #0 Azrael1x - Legacy GUID: 872394ca0b82ad6e77d13dc8f5141d95
﻿18:24:30 : Player #1 [DMN]-Mario (179.60.255.227:2304) connected
﻿18:24:31 : Player #1 [DMN]-Mario - GUID: 90efe9555b6c518bdd5ab751845d62ac (unverified)
﻿18:24:32 : Player #1 [DMN]-Mario - Legacy GUID: 56ac695fcf6c9ba0429307fd875141a4
﻿18:24:32 : Verified GUID (90efe9555b6c518bdd5ab751845d62ac) of player #1 [DMN]-Mario
﻿18:24:43 : Player #1 [DMN]-Mario disconnected
﻿18:24:56 : Player #1 [DMN]-Mario (179.60.255.227:2304) connected
﻿18:24:59 : Player #1 [DMN]-Mario - GUID: 90efe9555b6c518bdd5ab751845d62ac (unverified)
﻿18:24:59 : Verified GUID (90efe9555b6c518bdd5ab751845d62ac) of player #1 [DMN]-Mario
﻿18:25:00 : Player #1 [DMN]-Mario - Legacy GUID: 56ac695fcf6c9ba0429307fd875141a4
﻿18:25:07 : Player #1 [DMN]-Mario disconnected
﻿18:37:27 : Player #1 [DMN]-Mario (179.60.255.227:2304) connected
﻿18:37:29 : Player #1 [DMN]-Mario - GUID: 90efe9555b6c518bdd5ab751845d62ac (unverified)
﻿18:37:29 : Verified GUID (90efe9555b6c518bdd5ab751845d62ac) of player #1 [DMN]-Mario
﻿18:37:29 : Player #1 [DMN]-Mario - Legacy GUID: 56ac695fcf6c9ba0429307fd875141a4
﻿19:05:46 : Player #2 [T1ER]rabbit (181.26.156.55:2304) connected
﻿19:05:48 : Player #2 [T1ER]rabbit - GUID: e23f64b96ab18ba7f762a8bf2e904d77 (unverified)
﻿19:05:48 : Player #2 [T1ER]rabbit - Legacy GUID: f0fc0f1a574488a41a070f20ba99350b
﻿19:05:49 : Verified GUID (e23f64b96ab18ba7f762a8bf2e904d77) of player #2 [T1ER]rabbit
﻿19:20:11 : Player #1 [DMN]-Mario (90efe9555b6c518bdd5ab751845d62ac) has been kicked by BattlEye: Client not responding
﻿19:26:32 : Player #1 [DMN]-Mario (179.60.255.227:2304) connected
﻿19:26:34 : Player #1 [DMN]-Mario - GUID: 90efe9555b6c518bdd5ab751845d62ac (unverified)
﻿19:26:34 : Player #1 [DMN]-Mario - Legacy GUID: 56ac695fcf6c9ba0429307fd875141a4
﻿19:26:34 : Verified GUID (90efe9555b6c518bdd5ab751845d62ac) of player #1 [DMN]-Mario
﻿19:47:33 : Player #3 MR.TURTLE (190.45.91.214:2304) connected
﻿19:47:36 : Player #3 MR.TURTLE - GUID: 038a4366a166a40a33b56edaf140f08b (unverified)
﻿19:47:36 : Verified GUID (038a4366a166a40a33b56edaf140f08b) of player #3 MR.TURTLE
﻿19:47:38 : Player #3 MR.TURTLE - Legacy GUID: 19d73d0adaec5f49ad5e097fa7f45a91
﻿19:47:40 : Player #3 MR.TURTLE disconnected
﻿20:26:22 : Player #3 Private jackson (191.205.118.53:2304) connected
﻿20:26:23 : Player #3 Private jackson - GUID: 969710a8e66729bf7e599ca6db27ae73 (unverified)
﻿20:26:23 : Verified GUID (969710a8e66729bf7e599ca6db27ae73) of player #3 Private jackson
﻿20:26:24 : Player #3 Private jackson - Legacy GUID: 00c3b5bc1e0ceadf06afc1ea758aa1ac
﻿20:26:26 : Player #3 Private jackson disconnected
﻿20:37:22 : Player #3 Rodrigo (181.199.144.69:2504) connected
﻿20:37:23 : Player #3 Rodrigo - GUID: a6e3750909077c8e22fc9ceb56a48dca (unverified)
﻿20:37:23 : Verified GUID (a6e3750909077c8e22fc9ceb56a48dca) of player #3 Rodrigo
﻿20:37:24 : Player #3 Rodrigo - Legacy GUID: 10dd2c6e05466c48ae8ced1e2b94d2f1
﻿20:37:50 : Player #3 Rodrigo disconnected
﻿20:42:19 : Player #3 Rodrigo (185.93.182.134:2504) connected
﻿20:42:21 : Player #3 Rodrigo - GUID: a6e3750909077c8e22fc9ceb56a48dca (unverified)
﻿20:42:21 : Player #3 Rodrigo - Legacy GUID: 10dd2c6e05466c48ae8ced1e2b94d2f1
﻿20:42:22 : Verified GUID (a6e3750909077c8e22fc9ceb56a48dca) of player #3 Rodrigo
﻿20:42:39 : Player #3 Rodrigo disconnected
﻿20:45:00 : RCon admin #0: (Global) BEC : This server will restart in 15 minutes
﻿20:49:24 : Player #3 J.Ramirez (177.158.32.73:2304) connected
﻿20:49:25 : Player #3 J.Ramirez - GUID: fb18689e4563e2bacb686de1f43999d8 (unverified)
﻿20:49:26 : Verified GUID (fb18689e4563e2bacb686de1f43999d8) of player #3 J.Ramirez
﻿20:49:26 : Player #3 J.Ramirez - Legacy GUID: c9fb9dfedbedfe549029b6a99ed4379f
﻿20:55:00 : RCon admin #0: (Global) BEC : This server will restart in 5 minutes
﻿20:59:00 : RCon admin #0: (Global) BEC : Server restart in 1 minute, Log out NOW!
﻿21:00:01 : Lost Connection!
﻿21:00:01 : Closing socket & exiting!
﻿21:01:15 : Rcon client logging in
﻿21:01:15 : RCon admin #0 (127.0.0.1:52840) logged in
﻿21:03:32 : Player #0 Azrael1x (191.80.249.98:2304) connected
﻿21:03:35 : Player #0 Azrael1x - GUID: f3bbe77e31363319b3378084ddcb86d8 (unverified)
﻿21:03:36 : Verified GUID (f3bbe77e31363319b3378084ddcb86d8) of player #0 Azrael1x
﻿21:03:36 : Player #0 Azrael1x - Legacy GUID: 872394ca0b82ad6e77d13dc8f5141d95
﻿21:06:03 : Player #1 [DMN]-Mario (179.60.255.227:2304) connected
﻿21:06:04 : Player #1 [DMN]-Mario - GUID: 90efe9555b6c518bdd5ab751845d62ac (unverified)
﻿21:06:05 : Verified GUID (90efe9555b6c518bdd5ab751845d62ac) of player #1 [DMN]-Mario
﻿21:06:05 : Player #1 [DMN]-Mario - Legacy GUID: 56ac695fcf6c9ba0429307fd875141a4
﻿21:07:01 : Player #2 [T1ER]rabbit (181.26.156.55:2304) connected
﻿21:07:02 : Player #2 [T1ER]rabbit - GUID: e23f64b96ab18ba7f762a8bf2e904d77 (unverified)
﻿21:07:03 : Verified GUID (e23f64b96ab18ba7f762a8bf2e904d77) of player #2 [T1ER]rabbit
﻿21:07:03 : Player #2 [T1ER]rabbit - Legacy GUID: f0fc0f1a574488a41a070f20ba99350b
﻿21:19:01 : Player #1 [DMN]-Mario disconnected
﻿21:21:24 : Player #1 tiro loco  (186.23.67.42:2304) connected
﻿21:21:25 : Player #1 tiro loco  - GUID: ca5c5f28fcd58534a48c1642d4832c0d (unverified)
﻿21:21:25 : Verified GUID (ca5c5f28fcd58534a48c1642d4832c0d) of player #1 tiro loco 
﻿21:21:26 : Player #1 tiro loco  - Legacy GUID: 1c616c9985af4a623d36f303efc75076
﻿21:21:31 : Player #1 tiro loco  disconnected
﻿21:26:39 : Player #1 ChakalMDP (190.50.126.178:2304) connected
﻿21:26:40 : Player #1 ChakalMDP - GUID: 629ae821618e45eb86bb23957ac4998f (unverified)
﻿21:26:41 : Verified GUID (629ae821618e45eb86bb23957ac4998f) of player #1 ChakalMDP
﻿21:26:41 : Player #1 ChakalMDP - Legacy GUID: 69bdc054d03d70bfe9ccde7fb87c0a06
﻿21:28:53 : Player #1 ChakalMDP disconnected
﻿21:29:53 : Player #1 ChakalMDP (190.50.126.178:2304) connected
﻿21:29:54 : Player #1 ChakalMDP - GUID: 629ae821618e45eb86bb23957ac4998f (unverified)
﻿21:29:55 : Verified GUID (629ae821618e45eb86bb23957ac4998f) of player #1 ChakalMDP
﻿21:29:56 : Player #1 ChakalMDP - Legacy GUID: 69bdc054d03d70bfe9ccde7fb87c0a06
﻿21:55:24 : Player #0 Azrael1x disconnected
﻿23:05:31 : Player #0 Azrael1x (191.80.249.98:2304) connected
﻿23:05:32 : Player #0 Azrael1x - GUID: f3bbe77e31363319b3378084ddcb86d8 (unverified)
﻿23:05:32 : Verified GUID (f3bbe77e31363319b3378084ddcb86d8) of player #0 Azrael1x
﻿23:05:33 : Player #0 Azrael1x - Legacy GUID: 872394ca0b82ad6e77d13dc8f5141d95
﻿23:45:00 : RCon admin #0: (Global) BEC : This server will restart in 15 minutes
﻿23:55:00 : RCon admin #0: (Global) BEC : This server will restart in 5 minutes
﻿23:59:00 : RCon admin #0: (Global) BEC : This server will restart in 1 minute, Log out now!
﻿23:59:50 : Player #0 Azrael1x disconnected
