00:00:02 : Lost Connection!
﻿00:00:02 : Closing socket & exiting!
﻿00:01:15 : Rcon client logging in
﻿00:01:15 : RCon admin #1 (127.0.0.1:53273) logged in
﻿00:01:54 : Player #0 Jose Luis (186.117.165.66:2304) connected
﻿00:01:57 : Player #0 Jose Luis - GUID: d9558a067db2e5932e8a58c619edb83d (unverified)
﻿00:01:58 : Verified GUID (d9558a067db2e5932e8a58c619edb83d) of player #0 Jose Luis
﻿00:01:58 : Player #0 Jose Luis - Legacy GUID: 7beaaf3c723b44978f2c26b96411e08c
﻿00:02:56 : Player #1 [WG] SnakeGeneral (191.32.246.103:2304) connected
﻿00:02:56 : Player #2 FIN4LShare (177.154.8.238:2304) connected
﻿00:02:56 : Player #3 Cloudsp (177.189.48.244:2304) connected
﻿00:02:57 : Player #1 [WG] SnakeGeneral - GUID: 181db932e18c373dea58c91a9b7034bf (unverified)
﻿00:02:57 : Player #2 FIN4LShare - GUID: d4cd999756c3b7742306dd967dcf9a54 (unverified)
﻿00:02:57 : Verified GUID (181db932e18c373dea58c91a9b7034bf) of player #1 [WG] SnakeGeneral
﻿00:02:58 : Verified GUID (d4cd999756c3b7742306dd967dcf9a54) of player #2 FIN4LShare
﻿00:02:58 : Player #3 Cloudsp - GUID: ccadd2ade87a3896140f2e5288880114 (unverified)
﻿00:02:59 : Player #3 Cloudsp - Legacy GUID: 2da63537ca8a0a2c2f2399fc04671995
﻿00:02:59 : Player #1 [WG] SnakeGeneral - Legacy GUID: 855ed08988c3abe5e44ce3742718c692
﻿00:02:59 : Player #2 FIN4LShare - Legacy GUID: cbd67b2c90a885cb5aa8bc1280925a58
﻿00:02:59 : Verified GUID (ccadd2ade87a3896140f2e5288880114) of player #3 Cloudsp
﻿00:04:28 : Player #2 FIN4LShare disconnected
﻿00:07:30 : Player #2 FIN4LShare (177.154.8.238:2304) connected
﻿00:07:31 : Player #2 FIN4LShare - GUID: d4cd999756c3b7742306dd967dcf9a54 (unverified)
﻿00:07:32 : Verified GUID (d4cd999756c3b7742306dd967dcf9a54) of player #2 FIN4LShare
﻿00:07:32 : Player #2 FIN4LShare - Legacy GUID: cbd67b2c90a885cb5aa8bc1280925a58
﻿00:11:52 : Player #4 Dr.Kaze (191.191.27.207:2304) connected
﻿00:11:53 : Player #4 Dr.Kaze - GUID: 4cbcba9a2f9791356c00e543649e39b8 (unverified)
﻿00:11:54 : Verified GUID (4cbcba9a2f9791356c00e543649e39b8) of player #4 Dr.Kaze
﻿00:11:54 : Player #4 Dr.Kaze - Legacy GUID: f1f4f542a704d44906c5e81de5447e9a
﻿00:11:55 : Player #4 Dr.Kaze disconnected
﻿00:12:11 : Player #4 Dr.Kaze (191.191.27.207:2304) connected
﻿00:12:12 : Player #4 Dr.Kaze - GUID: 4cbcba9a2f9791356c00e543649e39b8 (unverified)
﻿00:12:13 : Verified GUID (4cbcba9a2f9791356c00e543649e39b8) of player #4 Dr.Kaze
﻿00:12:13 : Player #4 Dr.Kaze - Legacy GUID: f1f4f542a704d44906c5e81de5447e9a
﻿00:12:14 : Player #4 Dr.Kaze disconnected
﻿00:33:03 : Player #4 Friendlyx (181.95.36.112:2304) connected
﻿00:33:05 : Player #4 Friendlyx - GUID: 0c38d50a564677cf680f6092eee55d82 (unverified)
﻿00:33:05 : Verified GUID (0c38d50a564677cf680f6092eee55d82) of player #4 Friendlyx
﻿00:33:05 : Player #4 Friendlyx disconnected
﻿00:36:12 : Player #4 talosque (177.82.81.20:2304) connected
﻿00:36:14 : Player #4 talosque - GUID: 5fc1fabae1d74bde48ee03306c5c80e8 (unverified)
﻿00:36:15 : Verified GUID (5fc1fabae1d74bde48ee03306c5c80e8) of player #4 talosque
﻿00:36:15 : Player #4 talosque - Legacy GUID: ca5e81254e84dd9e208d4020eccc4a81
﻿00:36:30 : Player #4 talosque disconnected
﻿00:46:20 : Player #4 =[666]=Pablo_RC (190.136.101.33:2304) connected
﻿00:46:22 : Player #4 =[666]=Pablo_RC - GUID: 16ebd31255bd18b763ce392730470383 (unverified)
﻿00:46:23 : Player #4 =[666]=Pablo_RC - Legacy GUID: 62092891985ca79d88439c3834084445
﻿00:46:23 : Verified GUID (16ebd31255bd18b763ce392730470383) of player #4 =[666]=Pablo_RC
﻿00:50:14 : Player #5 Dragons (186.22.173.62:2304) connected
﻿00:50:15 : Player #5 Dragons - GUID: 3c6c048346652b2441b43e719a05201a (unverified)
﻿00:50:16 : Verified GUID (3c6c048346652b2441b43e719a05201a) of player #5 Dragons
﻿00:50:16 : Player #5 Dragons - Legacy GUID: 3913b982b8c60e961ef4fc2d2bc88df7
﻿01:14:34 : Player #2 FIN4LShare disconnected
﻿02:06:01 : Player #3 Cloudsp disconnected
﻿02:22:44 : Player #5 Dragons (3c6c048346652b2441b43e719a05201a) has been kicked by BattlEye: Client not responding
﻿02:24:17 : Player #2 Dragons (186.22.173.62:2304) connected
﻿02:24:18 : Player #2 Dragons - GUID: 3c6c048346652b2441b43e719a05201a (unverified)
﻿02:24:18 : Verified GUID (3c6c048346652b2441b43e719a05201a) of player #2 Dragons
﻿02:24:19 : Player #2 Dragons - Legacy GUID: 3913b982b8c60e961ef4fc2d2bc88df7
﻿02:27:07 : Player #1 [WG] SnakeGeneral disconnected
﻿02:40:23 : Player #1 [ARG] Ska-p (186.62.49.72:10749) connected
﻿02:40:24 : Player #1 [ARG] Ska-p - GUID: 7b51249af1fb3d5aa3d6ff141033ca2d (unverified)
﻿02:40:25 : Verified GUID (7b51249af1fb3d5aa3d6ff141033ca2d) of player #1 [ARG] Ska-p
﻿02:40:25 : Player #1 [ARG] Ska-p - Legacy GUID: 5c44369a8357600dadd3f88612b84594
﻿02:40:29 : Player #1 [ARG] Ska-p disconnected
﻿02:45:00 : RCon admin #1: (Global) BEC : This server will restart in 15 minutes
﻿02:50:45 : Player #0 Jose Luis (d9558a067db2e5932e8a58c619edb83d) has been kicked by BattlEye: Client not responding
﻿02:55:00 : RCon admin #1: (Global) BEC : This server will restart in 5 minutes
﻿02:59:00 : RCon admin #1: (Global) BEC : This server will restart in 1 minute, Log out now!
﻿02:59:46 : Player #2 Dragons disconnected
﻿02:59:56 : Player #4 =[666]=Pablo_RC disconnected
﻿03:00:01 : Lost Connection!
﻿03:00:01 : Closing socket & exiting!
﻿03:01:15 : Rcon client logging in
﻿03:01:15 : RCon admin #1 (127.0.0.1:55439) logged in
﻿05:45:00 : RCon admin #1: (Global) BEC : This server will restart in 15 minutes
﻿05:55:00 : RCon admin #1: (Global) BEC : This server will restart in 5 minutes
﻿05:59:00 : RCon admin #1: (Global) BEC : This server will restart in 1 minute, Log out now!
﻿06:00:01 : Lost Connection!
﻿06:00:01 : Closing socket & exiting!
﻿06:01:07 : Rcon client logging in
﻿06:01:07 : RCon admin #1 (127.0.0.1:64303) logged in
﻿08:45:00 : RCon admin #1: (Global) BEC : This server will restart in 15 minutes
﻿08:55:00 : RCon admin #1: (Global) BEC : This server will restart in 5 minutes
﻿08:59:00 : RCon admin #1: (Global) BEC : This server will restart in 1 minute, Log out now!
﻿09:00:02 : Lost Connection!
﻿09:00:02 : Closing socket & exiting!
﻿09:01:07 : Rcon client logging in
﻿09:01:07 : RCon admin #1 (127.0.0.1:56463) logged in
﻿09:40:38 : Player #0 Alan 1 (177.134.173.150:26512) connected
﻿09:40:45 : Player #0 Alan 1 disconnected
﻿10:39:47 : Player #0 Jose Luis (190.255.9.104:2304) connected
﻿10:39:50 : Player #0 Jose Luis - GUID: d9558a067db2e5932e8a58c619edb83d (unverified)
﻿10:39:50 : Verified GUID (d9558a067db2e5932e8a58c619edb83d) of player #0 Jose Luis
﻿10:39:51 : Player #0 Jose Luis - Legacy GUID: 7beaaf3c723b44978f2c26b96411e08c
﻿10:50:16 : Player #1 Leodagos (186.135.47.80:19282) connected
﻿10:50:17 : Player #1 Leodagos - GUID: 927032c3d7c1139aff0ff09424d46da1 (unverified)
﻿10:50:18 : Verified GUID (927032c3d7c1139aff0ff09424d46da1) of player #1 Leodagos
﻿10:50:18 : Player #1 Leodagos - Legacy GUID: d7639dceb9588d3b0ab85f82e92ff8de
﻿11:05:47 : Player #2 Marce (201.212.210.156:2304) connected
﻿11:05:48 : Player #2 Marce - GUID: b66dc87af0eac158f6edbcfcbd7bab77 (unverified)
﻿11:05:48 : Verified GUID (b66dc87af0eac158f6edbcfcbd7bab77) of player #2 Marce
﻿11:05:49 : Player #2 Marce - Legacy GUID: 269fbbed9654a4cbd6dbdda405f1c11e
﻿11:09:57 : Player #2 Marce disconnected
﻿11:11:05 : Player #1 Leodagos disconnected
﻿11:18:39 : Player #0 Jose Luis disconnected
﻿11:45:00 : RCon admin #1: (Global) BEC : This server will restart in 15 minutes
﻿11:47:01 : Player #0 Jose Luis (190.255.9.104:2304) connected
﻿11:47:02 : Player #0 Jose Luis - GUID: d9558a067db2e5932e8a58c619edb83d (unverified)
﻿11:47:03 : Player #0 Jose Luis - Legacy GUID: 7beaaf3c723b44978f2c26b96411e08c
﻿11:47:03 : Verified GUID (d9558a067db2e5932e8a58c619edb83d) of player #0 Jose Luis
﻿11:50:03 : Player #0 Jose Luis (d9558a067db2e5932e8a58c619edb83d) has been kicked by BattlEye: Client not responding
﻿11:51:35 : Player #0 Jose Luis (190.255.9.104:1024) connected
﻿11:51:37 : Player #0 Jose Luis - GUID: d9558a067db2e5932e8a58c619edb83d (unverified)
﻿11:51:37 : Player #0 Jose Luis - Legacy GUID: 7beaaf3c723b44978f2c26b96411e08c
﻿11:51:37 : Verified GUID (d9558a067db2e5932e8a58c619edb83d) of player #0 Jose Luis
﻿11:55:00 : RCon admin #1: (Global) BEC : This server will restart in 5 minutes
﻿11:59:00 : RCon admin #1: (Global) BEC : This server will restart in 1 minute, Log out now!
﻿11:59:27 : Player #0 Jose Luis disconnected
﻿12:00:02 : Lost Connection!
﻿12:00:02 : Closing socket & exiting!
﻿12:01:15 : Rcon client logging in
﻿12:01:15 : RCon admin #1 (127.0.0.1:65098) logged in
﻿12:01:40 : Player #0 Jose Luis (190.255.9.104:1024) connected
﻿12:01:43 : Player #0 Jose Luis - GUID: d9558a067db2e5932e8a58c619edb83d (unverified)
﻿12:01:44 : Verified GUID (d9558a067db2e5932e8a58c619edb83d) of player #0 Jose Luis
﻿12:39:06 : Player #1 UrracK (201.231.225.122:27016) connected
﻿12:39:08 : Player #1 UrracK - GUID: 5fbfe3d9a2c6d34e2b1010bf067cd7fe (unverified)
﻿12:39:09 : Player #1 UrracK - Legacy GUID: 087983fe3e98ad5c389f662b9be12b3d
﻿12:39:09 : Verified GUID (5fbfe3d9a2c6d34e2b1010bf067cd7fe) of player #1 UrracK
﻿12:46:37 : Player #0 Jose Luis (d9558a067db2e5932e8a58c619edb83d) has been kicked by BattlEye: Client not responding
﻿12:46:39 : Player #1 UrracK (5fbfe3d9a2c6d34e2b1010bf067cd7fe) has been kicked by BattlEye: Client not responding
﻿12:48:19 : Player #0 Jose Luis (190.255.9.104:2304) connected
﻿12:48:21 : Player #0 Jose Luis - GUID: d9558a067db2e5932e8a58c619edb83d (unverified)
﻿12:48:22 : Verified GUID (d9558a067db2e5932e8a58c619edb83d) of player #0 Jose Luis
﻿12:48:23 : Player #0 Jose Luis - Legacy GUID: 7beaaf3c723b44978f2c26b96411e08c
﻿12:51:17 : Player #0 Jose Luis (d9558a067db2e5932e8a58c619edb83d) has been kicked by BattlEye: Client not responding
﻿12:54:22 : Player #0 Jose Luis (190.255.9.104:1024) connected
﻿12:54:24 : Player #0 Jose Luis - GUID: d9558a067db2e5932e8a58c619edb83d (unverified)
﻿12:54:24 : Player #0 Jose Luis - Legacy GUID: 7beaaf3c723b44978f2c26b96411e08c
﻿12:54:24 : Verified GUID (d9558a067db2e5932e8a58c619edb83d) of player #0 Jose Luis
﻿12:55:57 : Player #0 Jose Luis (d9558a067db2e5932e8a58c619edb83d) has been kicked by BattlEye: Client not responding
﻿12:59:22 : Player #0 Jose Luis (190.255.9.104:2304) connected
﻿12:59:24 : Player #0 Jose Luis - GUID: d9558a067db2e5932e8a58c619edb83d (unverified)
﻿12:59:24 : Verified GUID (d9558a067db2e5932e8a58c619edb83d) of player #0 Jose Luis
﻿12:59:25 : Player #0 Jose Luis - Legacy GUID: 7beaaf3c723b44978f2c26b96411e08c
﻿13:00:07 : Player #0 Jose Luis (d9558a067db2e5932e8a58c619edb83d) has been kicked by BattlEye: Client not responding
﻿13:01:57 : Player #0 Jose Luis (190.255.9.104:1024) connected
﻿13:02:00 : Player #0 Jose Luis - GUID: d9558a067db2e5932e8a58c619edb83d (unverified)
﻿13:02:00 : Verified GUID (d9558a067db2e5932e8a58c619edb83d) of player #0 Jose Luis
﻿13:02:01 : Player #0 Jose Luis - Legacy GUID: 7beaaf3c723b44978f2c26b96411e08c
﻿13:02:32 : Player #0 Jose Luis disconnected
﻿13:12:04 : Player #0 Jose Luis (190.255.9.104:2304) connected
﻿13:12:05 : Player #0 Jose Luis - GUID: d9558a067db2e5932e8a58c619edb83d (unverified)
﻿13:12:06 : Verified GUID (d9558a067db2e5932e8a58c619edb83d) of player #0 Jose Luis
﻿13:12:06 : Player #0 Jose Luis - Legacy GUID: 7beaaf3c723b44978f2c26b96411e08c
﻿13:20:18 : Could not connect to BE Master
﻿13:20:18 : Update attempt failed
﻿13:20:19 : Player #0 Jose Luis (d9558a067db2e5932e8a58c619edb83d) has been kicked by BattlEye: Client not responding
﻿13:22:43 : Player #0 Jose Luis (190.255.9.104:1024) connected
﻿13:22:44 : Player #0 Jose Luis - GUID: d9558a067db2e5932e8a58c619edb83d (unverified)
﻿13:22:44 : Verified GUID (d9558a067db2e5932e8a58c619edb83d) of player #0 Jose Luis
﻿13:22:45 : Player #0 Jose Luis - Legacy GUID: 7beaaf3c723b44978f2c26b96411e08c
﻿13:54:55 : Player #1 LarzuK (186.56.20.108:2304) connected
﻿13:54:56 : Player #1 LarzuK - GUID: 830c029a6ec69a6e0563b0638ebe72b9 (unverified)
﻿13:54:57 : Player #1 LarzuK - Legacy GUID: 36a4a2b1fb2e23467aba15c0a1207080
﻿13:55:04 : Verified GUID (830c029a6ec69a6e0563b0638ebe72b9) of player #1 LarzuK
﻿13:56:50 : Player #1 LarzuK (830c029a6ec69a6e0563b0638ebe72b9) has been kicked by BattlEye: Client not responding
﻿14:00:04 : Player #1 Agustin (201.231.225.122:26260) connected
﻿14:00:05 : Player #1 Agustin - GUID: 78006834142072274efd27b6a639e6ae (unverified)
﻿14:00:05 : Verified GUID (78006834142072274efd27b6a639e6ae) of player #1 Agustin
﻿14:00:06 : Player #1 Agustin - Legacy GUID: b7a841b6b6bfe43f88c81e33cd11cf61
﻿14:03:09 : Player #2 UrracK (201.231.225.122:27016) connected
﻿14:03:10 : Player #2 UrracK - GUID: 5fbfe3d9a2c6d34e2b1010bf067cd7fe (unverified)
﻿14:03:11 : Verified GUID (5fbfe3d9a2c6d34e2b1010bf067cd7fe) of player #2 UrracK
﻿14:03:11 : Player #2 UrracK - Legacy GUID: 087983fe3e98ad5c389f662b9be12b3d
﻿14:11:07 : Player #0 Jose Luis disconnected
﻿14:14:01 : Player #0 Jose Luis (190.255.9.104:1024) connected
﻿14:14:02 : Player #0 Jose Luis - GUID: d9558a067db2e5932e8a58c619edb83d (unverified)
﻿14:14:02 : Verified GUID (d9558a067db2e5932e8a58c619edb83d) of player #0 Jose Luis
﻿14:14:03 : Player #0 Jose Luis - Legacy GUID: 7beaaf3c723b44978f2c26b96411e08c
﻿14:37:25 : Player #1 Agustin disconnected
﻿14:40:16 : Player #1 Agustin (201.231.225.122:26260) connected
﻿14:40:18 : Player #1 Agustin - GUID: 78006834142072274efd27b6a639e6ae (unverified)
﻿14:40:18 : Player #1 Agustin - Legacy GUID: b7a841b6b6bfe43f88c81e33cd11cf61
﻿14:40:19 : Verified GUID (78006834142072274efd27b6a639e6ae) of player #1 Agustin
﻿14:42:31 : Player #3 LarzuK (186.56.20.108:2304) connected
﻿14:42:32 : Player #3 LarzuK - GUID: 830c029a6ec69a6e0563b0638ebe72b9 (unverified)
﻿14:42:33 : Player #3 LarzuK - Legacy GUID: 36a4a2b1fb2e23467aba15c0a1207080
﻿14:42:40 : Verified GUID (830c029a6ec69a6e0563b0638ebe72b9) of player #3 LarzuK
﻿14:45:00 : RCon admin #1: (Global) BEC : This server will restart in 15 minutes
﻿14:45:52 : Player #4 [DMN] NICOLASMARTIN (190.193.138.100:2304) connected
﻿14:45:53 : Player #4 [DMN] NICOLASMARTIN - GUID: d42fb83e094df67b9d61b11a4c4e8c79 (unverified)
﻿14:45:54 : Verified GUID (d42fb83e094df67b9d61b11a4c4e8c79) of player #4 [DMN] NICOLASMARTIN
﻿14:45:55 : Player #4 [DMN] NICOLASMARTIN - Legacy GUID: 84c010ac034452938f3a1437e285862d
﻿14:46:01 : Player #4 [DMN] NICOLASMARTIN disconnected
﻿14:49:57 : Player #3 LarzuK disconnected
﻿14:55:00 : RCon admin #1: (Global) BEC : This server will restart in 5 minutes
﻿14:59:00 : RCon admin #1: (Global) BEC : This server will restart in 1 minute, Log out now!
﻿14:59:27 : Player #2 UrracK disconnected
﻿14:59:28 : Player #1 Agustin disconnected
﻿14:59:37 : Player #0 Jose Luis disconnected
﻿15:00:01 : Lost Connection!
﻿15:00:01 : Closing socket & exiting!
﻿15:01:15 : Rcon client logging in
﻿15:01:15 : RCon admin #1 (127.0.0.1:63725) logged in
﻿15:03:30 : Player #0 Jose Luis (190.255.9.104:1024) connected
﻿15:03:32 : Player #0 Jose Luis - GUID: d9558a067db2e5932e8a58c619edb83d (unverified)
﻿15:03:32 : Verified GUID (d9558a067db2e5932e8a58c619edb83d) of player #0 Jose Luis
﻿15:03:33 : Player #0 Jose Luis - Legacy GUID: 7beaaf3c723b44978f2c26b96411e08c
﻿15:09:24 : Player #0 Jose Luis disconnected
﻿15:28:27 : Player #0 [WG] SnakeGeneral (191.32.246.103:2304) connected
﻿15:28:28 : Player #0 [WG] SnakeGeneral - GUID: 181db932e18c373dea58c91a9b7034bf (unverified)
﻿15:28:29 : Verified GUID (181db932e18c373dea58c91a9b7034bf) of player #0 [WG] SnakeGeneral
﻿15:28:30 : Player #0 [WG] SnakeGeneral - Legacy GUID: 855ed08988c3abe5e44ce3742718c692
﻿15:42:38 : Player #1 [DMN]-Mario (179.60.255.227:2304) connected
﻿15:42:39 : Player #1 [DMN]-Mario - GUID: 90efe9555b6c518bdd5ab751845d62ac (unverified)
﻿15:42:40 : Verified GUID (90efe9555b6c518bdd5ab751845d62ac) of player #1 [DMN]-Mario
﻿15:42:40 : Player #1 [DMN]-Mario - Legacy GUID: 56ac695fcf6c9ba0429307fd875141a4
﻿16:07:06 : Player #0 [WG] SnakeGeneral disconnected
﻿16:08:22 : Player #0 [WG] SnakeGeneral (191.32.246.103:2304) connected
﻿16:08:23 : Player #0 [WG] SnakeGeneral - GUID: 181db932e18c373dea58c91a9b7034bf (unverified)
﻿16:08:23 : Verified GUID (181db932e18c373dea58c91a9b7034bf) of player #0 [WG] SnakeGeneral
﻿16:08:24 : Player #0 [WG] SnakeGeneral - Legacy GUID: 855ed08988c3abe5e44ce3742718c692
﻿16:13:27 : Player #2 FelipeGarcia (191.5.233.6:2304) connected
﻿16:13:27 : Player #2 FelipeGarcia - GUID: 2254bd222111e5d49371457c2a528415 (unverified)
﻿16:13:28 : Verified GUID (2254bd222111e5d49371457c2a528415) of player #2 FelipeGarcia
﻿16:13:29 : Player #2 FelipeGarcia - Legacy GUID: e352e3995ef33a508220ba155b42202a
﻿16:47:23 : Player #3 koki (190.194.88.193:2304) connected
﻿16:47:24 : Player #3 koki - GUID: 653c1616d6214661d1409fe5956fa685 (unverified)
﻿16:47:24 : Verified GUID (653c1616d6214661d1409fe5956fa685) of player #3 koki
﻿16:47:25 : Player #3 koki - Legacy GUID: 7adb46605a25c7e919cbee4ae17c796a
﻿16:47:25 : Player #3 koki disconnected
﻿16:48:37 : Player #3 koki (190.194.88.193:2304) connected
﻿16:48:38 : Player #3 koki - GUID: 653c1616d6214661d1409fe5956fa685 (unverified)
﻿16:48:39 : Verified GUID (653c1616d6214661d1409fe5956fa685) of player #3 koki
﻿16:48:39 : Player #3 koki - Legacy GUID: 7adb46605a25c7e919cbee4ae17c796a
﻿16:48:39 : Player #3 koki disconnected
﻿16:54:29 : Player #3 FIN4LShare (177.154.8.238:2304) connected
﻿16:54:30 : Player #3 FIN4LShare - GUID: d4cd999756c3b7742306dd967dcf9a54 (unverified)
﻿16:54:31 : Verified GUID (d4cd999756c3b7742306dd967dcf9a54) of player #3 FIN4LShare
﻿16:54:31 : Player #3 FIN4LShare - Legacy GUID: cbd67b2c90a885cb5aa8bc1280925a58
﻿16:55:22 : Player #4 Ristoldo's (201.95.100.107:2304) connected
﻿16:55:23 : Player #4 Ristoldo's - GUID: e063abf9817167dcf510e94cc8b0b902 (unverified)
﻿16:55:24 : Verified GUID (e063abf9817167dcf510e94cc8b0b902) of player #4 Ristoldo's
﻿16:55:24 : Player #4 Ristoldo's - Legacy GUID: 0269b29555e84de33cedee875d41853c
﻿17:12:40 : Player #5 Sirfes-AR (186.39.211.79:2304) connected
﻿17:12:42 : Player #5 Sirfes-AR - GUID: 2bb87957999ef128136a91e55814387e (unverified)
﻿17:12:42 : Verified GUID (2bb87957999ef128136a91e55814387e) of player #5 Sirfes-AR
﻿17:12:42 : Player #5 Sirfes-AR - Legacy GUID: 9029f11d17f3e3d0814db86b7e6f7e15
﻿17:37:38 : Player #4 Ristoldo's disconnected
﻿17:40:13 : Player #2 FelipeGarcia disconnected
﻿17:45:00 : RCon admin #1: (Global) BEC : This server will restart in 15 minutes
﻿17:55:00 : RCon admin #1: (Global) BEC : This server will restart in 5 minutes
﻿17:59:00 : RCon admin #1: (Global) BEC : This server will restart in 1 minute, Log out now!
﻿18:00:01 : Lost Connection!
﻿18:00:01 : Closing socket & exiting!
﻿18:01:15 : Rcon client logging in
﻿18:01:15 : RCon admin #1 (127.0.0.1:57776) logged in
﻿18:01:17 : Player #0 Jej0x |Aspirante| - Legacy GUID: 46a8911586c7fdb684a7f7c1fb3da0e5
﻿18:01:17 : Player #0 Jej0x |Aspirante| - GUID: f3e3268171736a361f4f08d3aee36558 (unverified)
﻿18:01:18 : Verified GUID (f3e3268171736a361f4f08d3aee36558) of player #0 Jej0x |Aspirante|
﻿18:02:25 : Player #1 Sirfes-AR (186.39.211.79:2304) connected
﻿18:02:26 : Player #1 Sirfes-AR - GUID: 2bb87957999ef128136a91e55814387e (unverified)
﻿18:02:28 : Verified GUID (2bb87957999ef128136a91e55814387e) of player #1 Sirfes-AR
﻿18:02:28 : Player #1 Sirfes-AR - Legacy GUID: 9029f11d17f3e3d0814db86b7e6f7e15
﻿18:03:02 : Player #2 [DMN]-Mario (179.60.255.227:2304) connected
﻿18:03:04 : Player #2 [DMN]-Mario - GUID: 90efe9555b6c518bdd5ab751845d62ac (unverified)
﻿18:03:05 : Verified GUID (90efe9555b6c518bdd5ab751845d62ac) of player #2 [DMN]-Mario
﻿18:03:06 : Player #2 [DMN]-Mario - Legacy GUID: 56ac695fcf6c9ba0429307fd875141a4
﻿18:03:34 : Player #3 [WG] SnakeGeneral (191.32.246.103:2304) connected
﻿18:03:36 : Player #3 [WG] SnakeGeneral - GUID: 181db932e18c373dea58c91a9b7034bf (unverified)
﻿18:03:37 : Player #3 [WG] SnakeGeneral - Legacy GUID: 855ed08988c3abe5e44ce3742718c692
﻿18:03:38 : Verified GUID (181db932e18c373dea58c91a9b7034bf) of player #3 [WG] SnakeGeneral
﻿18:07:32 : Player #0 Jej0x |Aspirante| disconnected
﻿18:19:40 : Player #0 FIN4LShare (177.154.8.238:2304) connected
﻿18:19:41 : Player #0 FIN4LShare - GUID: d4cd999756c3b7742306dd967dcf9a54 (unverified)
﻿18:19:42 : Verified GUID (d4cd999756c3b7742306dd967dcf9a54) of player #0 FIN4LShare
﻿18:19:42 : Player #0 FIN4LShare - Legacy GUID: cbd67b2c90a885cb5aa8bc1280925a58
﻿19:01:37 : Player #4 Ristoldo's (201.95.100.107:2304) connected
﻿19:01:38 : Player #4 Ristoldo's - GUID: e063abf9817167dcf510e94cc8b0b902 (unverified)
﻿19:01:39 : Verified GUID (e063abf9817167dcf510e94cc8b0b902) of player #4 Ristoldo's
﻿19:01:39 : Player #4 Ristoldo's - Legacy GUID: 0269b29555e84de33cedee875d41853c
﻿19:01:42 : Player #4 Ristoldo's disconnected
﻿20:16:20 : Player #2 [DMN]-Mario disconnected
﻿20:17:56 : Player #1 Sirfes-AR disconnected
﻿20:28:09 : Player #1 Cloudsp (177.189.48.244:2304) connected
﻿20:28:10 : Player #1 Cloudsp - GUID: ccadd2ade87a3896140f2e5288880114 (unverified)
﻿20:28:11 : Verified GUID (ccadd2ade87a3896140f2e5288880114) of player #1 Cloudsp
﻿20:28:11 : Player #1 Cloudsp - Legacy GUID: 2da63537ca8a0a2c2f2399fc04671995
﻿20:45:00 : RCon admin #1: (Global) BEC : This server will restart in 15 minutes
﻿20:55:00 : RCon admin #1: (Global) BEC : This server will restart in 5 minutes
﻿20:59:00 : RCon admin #1: (Global) BEC : Server restart in 1 minute, Log out NOW!
﻿21:00:01 : Lost Connection!
﻿21:00:01 : Closing socket & exiting!
﻿21:01:15 : Rcon client logging in
﻿21:01:15 : RCon admin #1 (127.0.0.1:57093) logged in
﻿21:01:18 : Player #0 [WG] SnakeGeneral (191.32.246.103:2304) connected
﻿21:01:20 : Player #0 [WG] SnakeGeneral - Legacy GUID: 855ed08988c3abe5e44ce3742718c692
﻿21:01:20 : Player #0 [WG] SnakeGeneral - GUID: 181db932e18c373dea58c91a9b7034bf (unverified)
﻿21:01:21 : Verified GUID (181db932e18c373dea58c91a9b7034bf) of player #0 [WG] SnakeGeneral
﻿21:01:24 : Player #1 Dromsito (190.48.165.70:2304) connected
﻿21:01:25 : Player #1 Dromsito - GUID: a28691e3b8de5b6290cb77c4cf8a4a55 (unverified)
﻿21:01:26 : Verified GUID (a28691e3b8de5b6290cb77c4cf8a4a55) of player #1 Dromsito
﻿21:01:26 : Player #1 Dromsito - Legacy GUID: 8916210343111f5bd06931debdd291cb
﻿21:01:44 : Player #1 Dromsito disconnected
﻿21:01:47 : Player #1 Dromsito (190.48.165.70:2304) connected
﻿21:01:48 : Player #1 Dromsito - GUID: a28691e3b8de5b6290cb77c4cf8a4a55 (unverified)
﻿21:01:48 : Verified GUID (a28691e3b8de5b6290cb77c4cf8a4a55) of player #1 Dromsito
﻿21:01:49 : Player #1 Dromsito - Legacy GUID: 8916210343111f5bd06931debdd291cb
﻿21:02:18 : Player #2 FIN4LShare (177.154.8.238:2304) connected
﻿21:02:20 : Player #2 FIN4LShare - GUID: d4cd999756c3b7742306dd967dcf9a54 (unverified)
﻿21:02:21 : Verified GUID (d4cd999756c3b7742306dd967dcf9a54) of player #2 FIN4LShare
﻿21:02:22 : Player #2 FIN4LShare - Legacy GUID: cbd67b2c90a885cb5aa8bc1280925a58
﻿21:04:34 : Player #3 User (200.152.94.140:28276) connected
﻿21:04:35 : Player #3 User - GUID: 64c55c83ca47ce962769ec67ea17d10f (unverified)
﻿21:04:36 : Player #3 User - Legacy GUID: 8e5a72efcf06e79e44584e022a474ece
﻿21:04:36 : Verified GUID (64c55c83ca47ce962769ec67ea17d10f) of player #3 User
﻿21:04:37 : Player #3 User disconnected
﻿21:09:54 : Player #3 Cloudsp (177.189.48.244:2304) connected
﻿21:09:56 : Player #3 Cloudsp - GUID: ccadd2ade87a3896140f2e5288880114 (unverified)
﻿21:09:56 : Player #3 Cloudsp - Legacy GUID: 2da63537ca8a0a2c2f2399fc04671995
﻿21:09:57 : Verified GUID (ccadd2ade87a3896140f2e5288880114) of player #3 Cloudsp
﻿21:24:38 : Player #1 Dromsito disconnected
﻿21:29:47 : Player #0 [WG] SnakeGeneral (181db932e18c373dea58c91a9b7034bf) has been kicked by BattlEye: Client not responding
﻿21:31:11 : Player #0 [WG] SnakeGeneral (191.32.139.182:2304) connected
﻿21:31:12 : Player #0 [WG] SnakeGeneral - GUID: 181db932e18c373dea58c91a9b7034bf (unverified)
﻿21:31:12 : Verified GUID (181db932e18c373dea58c91a9b7034bf) of player #0 [WG] SnakeGeneral
﻿21:31:13 : Player #0 [WG] SnakeGeneral - Legacy GUID: 855ed08988c3abe5e44ce3742718c692
﻿22:12:34 : Player #1 Ristoldo's (201.95.100.107:2304) connected
﻿22:12:35 : Player #1 Ristoldo's - GUID: e063abf9817167dcf510e94cc8b0b902 (unverified)
﻿22:12:36 : Verified GUID (e063abf9817167dcf510e94cc8b0b902) of player #1 Ristoldo's
﻿22:12:36 : Player #1 Ristoldo's - Legacy GUID: 0269b29555e84de33cedee875d41853c
﻿22:27:11 : Player #4 Agustin (181.22.34.116:2304) connected
﻿22:27:13 : Player #4 Agustin - GUID: 0b0a46fef1130a3d93b3032a25f2427c (unverified)
﻿22:27:13 : Player #4 Agustin - Legacy GUID: 3ecb37fe4b092a21c8a1c69b5ad2b9d4
﻿22:27:14 : Verified GUID (0b0a46fef1130a3d93b3032a25f2427c) of player #4 Agustin
﻿22:50:33 : Player #1 Ristoldo's disconnected
﻿23:10:06 : Player #4 Agustin (0b0a46fef1130a3d93b3032a25f2427c) has been kicked by BattlEye: Ping too high (2031)
﻿23:28:53 : Player #3 Cloudsp (ccadd2ade87a3896140f2e5288880114) has been kicked by BattlEye: Client not responding
﻿23:29:11 : Could not connect to BE Master
﻿23:29:11 : Update attempt failed
﻿23:29:12 : Player #0 [WG] SnakeGeneral (181db932e18c373dea58c91a9b7034bf) has been kicked by BattlEye: Client not responding
﻿23:29:12 : Player #2 FIN4LShare (d4cd999756c3b7742306dd967dcf9a54) has been kicked by BattlEye: Client not responding
﻿23:30:23 : Player #0 [WG] SnakeGeneral (191.32.139.182:1024) connected
﻿23:30:24 : Player #0 [WG] SnakeGeneral - GUID: 181db932e18c373dea58c91a9b7034bf (unverified)
﻿23:30:24 : Verified GUID (181db932e18c373dea58c91a9b7034bf) of player #0 [WG] SnakeGeneral
﻿23:30:25 : Player #0 [WG] SnakeGeneral - Legacy GUID: 855ed08988c3abe5e44ce3742718c692
﻿23:30:38 : Player #0 [WG] SnakeGeneral disconnected
﻿23:32:27 : Player #0 [WG] SnakeGeneral (191.32.139.182:1024) connected
﻿23:32:27 : Player #0 [WG] SnakeGeneral - GUID: 181db932e18c373dea58c91a9b7034bf (unverified)
﻿23:32:28 : Verified GUID (181db932e18c373dea58c91a9b7034bf) of player #0 [WG] SnakeGeneral
﻿23:32:29 : Player #0 [WG] SnakeGeneral - Legacy GUID: 855ed08988c3abe5e44ce3742718c692
﻿23:35:00 : Player #1 Cloudsp (177.189.48.244:2304) connected
﻿23:35:02 : Player #1 Cloudsp - GUID: ccadd2ade87a3896140f2e5288880114 (unverified)
﻿23:35:03 : Player #1 Cloudsp - Legacy GUID: 2da63537ca8a0a2c2f2399fc04671995
﻿23:35:03 : Verified GUID (ccadd2ade87a3896140f2e5288880114) of player #1 Cloudsp
﻿23:45:00 : RCon admin #1: (Global) BEC : This server will restart in 15 minutes
﻿23:47:12 : Player #1 Cloudsp disconnected
﻿23:54:55 : Player #0 [WG] SnakeGeneral disconnected
﻿23:55:00 : RCon admin #1: (Global) BEC : This server will restart in 5 minutes
﻿23:59:00 : RCon admin #1: (Global) BEC : This server will restart in 1 minute, Log out now!
