00:00:01 : Lost Connection!
﻿00:00:01 : Closing socket & exiting!
﻿00:01:15 : Rcon client logging in
﻿00:01:15 : RCon admin #1 (127.0.0.1:53696) logged in
﻿00:03:19 : Player #0 santiago (181.138.108.114:26517) connected
﻿00:03:21 : Player #0 santiago - GUID: 5f72597ccf11380055e35a403a02fb81 (unverified)
﻿00:03:21 : Verified GUID (5f72597ccf11380055e35a403a02fb81) of player #0 santiago
﻿00:03:22 : Player #0 santiago - Legacy GUID: f8c8299b0a688de480efb946d670fbbd
﻿00:05:05 : Player #1 ChakalMDP (190.50.126.178:2304) connected
﻿00:05:06 : Player #1 ChakalMDP - GUID: 629ae821618e45eb86bb23957ac4998f (unverified)
﻿00:05:07 : Verified GUID (629ae821618e45eb86bb23957ac4998f) of player #1 ChakalMDP
﻿00:05:07 : Player #1 ChakalMDP - Legacy GUID: 69bdc054d03d70bfe9ccde7fb87c0a06
﻿00:41:33 : Player #2 MR.TURTLE (190.45.91.214:2316) connected
﻿00:41:34 : Player #2 MR.TURTLE - GUID: 038a4366a166a40a33b56edaf140f08b (unverified)
﻿00:41:35 : Verified GUID (038a4366a166a40a33b56edaf140f08b) of player #2 MR.TURTLE
﻿00:41:35 : Player #2 MR.TURTLE - Legacy GUID: 19d73d0adaec5f49ad5e097fa7f45a91
﻿00:41:37 : Player #2 MR.TURTLE disconnected
﻿01:15:04 : Player #0 santiago disconnected
﻿02:06:14 : Player #0 =[666]=Pablo_RC (190.224.82.118:2304) connected
﻿02:06:16 : Player #0 =[666]=Pablo_RC - GUID: 16ebd31255bd18b763ce392730470383 (unverified)
﻿02:06:16 : Player #0 =[666]=Pablo_RC - Legacy GUID: 62092891985ca79d88439c3834084445
﻿02:06:16 : Verified GUID (16ebd31255bd18b763ce392730470383) of player #0 =[666]=Pablo_RC
﻿02:10:39 : Player #0 =[666]=Pablo_RC (16ebd31255bd18b763ce392730470383) has been kicked by BattlEye: Client not responding
﻿02:11:47 : Player #0 =[666]=Pablo_RC (186.153.113.131:2304) connected
﻿02:11:49 : Player #0 =[666]=Pablo_RC - GUID: 16ebd31255bd18b763ce392730470383 (unverified)
﻿02:11:50 : Player #0 =[666]=Pablo_RC - Legacy GUID: 62092891985ca79d88439c3834084445
﻿02:11:50 : Verified GUID (16ebd31255bd18b763ce392730470383) of player #0 =[666]=Pablo_RC
﻿02:16:26 : Player #0 =[666]=Pablo_RC disconnected
﻿02:25:35 : Player #0 =[666]=Pablo_RC (186.108.120.188:2304) connected
﻿02:25:36 : Player #0 =[666]=Pablo_RC - GUID: 16ebd31255bd18b763ce392730470383 (unverified)
﻿02:25:37 : Verified GUID (16ebd31255bd18b763ce392730470383) of player #0 =[666]=Pablo_RC
﻿02:25:37 : Player #0 =[666]=Pablo_RC - Legacy GUID: 62092891985ca79d88439c3834084445
﻿02:35:03 : Player #2 Mr. Escroto (200.125.120.255:2304) connected
﻿02:35:04 : Player #2 Mr. Escroto - GUID: 6583a472f7c32a2efd4d945dd559ea05 (unverified)
﻿02:35:05 : Verified GUID (6583a472f7c32a2efd4d945dd559ea05) of player #2 Mr. Escroto
﻿02:35:05 : Player #2 Mr. Escroto - Legacy GUID: d477414110b2d33143c8be3233dcc817
﻿02:35:06 : Player #2 Mr. Escroto disconnected
﻿02:45:00 : RCon admin #1: (Global) BEC : This server will restart in 15 minutes
﻿02:55:00 : RCon admin #1: (Global) BEC : This server will restart in 5 minutes
﻿02:55:32 : Player #0 =[666]=Pablo_RC disconnected
﻿02:55:58 : Player #1 ChakalMDP disconnected
﻿02:59:00 : RCon admin #1: (Global) BEC : This server will restart in 1 minute, Log out now!
﻿03:00:01 : Lost Connection!
﻿03:00:01 : Closing socket & exiting!
﻿03:01:15 : Rcon client logging in
﻿03:01:15 : RCon admin #1 (127.0.0.1:55563) logged in
﻿03:07:20 : Player #0 =[666]=Pablo_RC (186.108.120.188:2304) connected
﻿03:07:22 : Player #0 =[666]=Pablo_RC - GUID: 16ebd31255bd18b763ce392730470383 (unverified)
﻿03:07:23 : Verified GUID (16ebd31255bd18b763ce392730470383) of player #0 =[666]=Pablo_RC
﻿03:07:24 : Player #0 =[666]=Pablo_RC - Legacy GUID: 62092891985ca79d88439c3834084445
﻿03:10:06 : Player #1 ChakalMDP (190.50.126.178:2304) connected
﻿03:10:07 : Player #1 ChakalMDP - GUID: 629ae821618e45eb86bb23957ac4998f (unverified)
﻿03:10:08 : Verified GUID (629ae821618e45eb86bb23957ac4998f) of player #1 ChakalMDP
﻿03:10:08 : Player #1 ChakalMDP - Legacy GUID: 69bdc054d03d70bfe9ccde7fb87c0a06
﻿03:34:43 : No Valid response. Trying to reconnect.!
﻿03:34:43 : Rcon client logging in
﻿03:34:44 : RCon admin #1 (127.0.0.1:55563) logged in
﻿04:17:46 : Player #1 ChakalMDP (629ae821618e45eb86bb23957ac4998f) has been kicked by BattlEye: Client not responding
﻿04:18:49 : Player #1 ChakalMDP (190.50.126.178:2304) connected
﻿04:18:50 : Player #1 ChakalMDP - GUID: 629ae821618e45eb86bb23957ac4998f (unverified)
﻿04:18:50 : Verified GUID (629ae821618e45eb86bb23957ac4998f) of player #1 ChakalMDP
﻿04:18:51 : Player #1 ChakalMDP - Legacy GUID: 69bdc054d03d70bfe9ccde7fb87c0a06
﻿04:40:53 : Player #0 =[666]=Pablo_RC disconnected
﻿05:40:42 : Player #1 ChakalMDP disconnected
﻿05:41:56 : Player #0 ChakalMDP (190.50.126.178:2304) connected
﻿05:41:58 : Player #0 ChakalMDP - GUID: 629ae821618e45eb86bb23957ac4998f (unverified)
﻿05:41:59 : Verified GUID (629ae821618e45eb86bb23957ac4998f) of player #0 ChakalMDP
﻿05:41:59 : Player #0 ChakalMDP - Legacy GUID: 69bdc054d03d70bfe9ccde7fb87c0a06
﻿05:45:00 : RCon admin #1: (Global) BEC : This server will restart in 15 minutes
﻿05:51:33 : Player #0 ChakalMDP disconnected
﻿05:55:00 : RCon admin #1: (Global) BEC : This server will restart in 5 minutes
﻿05:59:00 : RCon admin #1: (Global) BEC : This server will restart in 1 minute, Log out now!
﻿06:00:01 : Lost Connection!
﻿06:00:01 : Closing socket & exiting!
﻿06:01:15 : Rcon client logging in
﻿06:01:15 : RCon admin #1 (127.0.0.1:54719) logged in
﻿08:45:00 : RCon admin #1: (Global) BEC : This server will restart in 15 minutes
﻿08:55:00 : RCon admin #1: (Global) BEC : This server will restart in 5 minutes
﻿08:59:00 : RCon admin #1: (Global) BEC : This server will restart in 1 minute, Log out now!
﻿09:00:01 : Lost Connection!
﻿09:00:01 : Closing socket & exiting!
﻿09:01:07 : Rcon client logging in
﻿09:01:07 : RCon admin #1 (127.0.0.1:61618) logged in
﻿11:14:15 : Player #0 santiago (181.138.108.114:10780) connected
﻿11:14:18 : Player #0 santiago - GUID: 5f72597ccf11380055e35a403a02fb81 (unverified)
﻿11:14:18 : Verified GUID (5f72597ccf11380055e35a403a02fb81) of player #0 santiago
﻿11:14:19 : Player #0 santiago - Legacy GUID: f8c8299b0a688de480efb946d670fbbd
﻿11:34:16 : Player #1 [DMN]-Mario (179.60.255.227:2304) connected
﻿11:34:18 : Player #1 [DMN]-Mario - GUID: 90efe9555b6c518bdd5ab751845d62ac (unverified)
﻿11:34:18 : Player #1 [DMN]-Mario - Legacy GUID: 56ac695fcf6c9ba0429307fd875141a4
﻿11:34:19 : Verified GUID (90efe9555b6c518bdd5ab751845d62ac) of player #1 [DMN]-Mario
﻿11:45:00 : RCon admin #1: (Global) BEC : This server will restart in 15 minutes
﻿11:48:46 : Player #1 [DMN]-Mario disconnected
﻿11:55:00 : RCon admin #1: (Global) BEC : This server will restart in 5 minutes
﻿11:59:00 : RCon admin #1: (Global) BEC : This server will restart in 1 minute, Log out now!
﻿12:00:02 : Lost Connection!
﻿12:00:02 : Closing socket & exiting!
﻿12:01:15 : Rcon client logging in
﻿12:01:15 : RCon admin #1 (127.0.0.1:60822) logged in
﻿12:02:03 : Player #0 santiago (181.138.108.114:10780) connected
﻿12:02:06 : Player #0 santiago - GUID: 5f72597ccf11380055e35a403a02fb81 (unverified)
﻿12:02:06 : Verified GUID (5f72597ccf11380055e35a403a02fb81) of player #0 santiago
﻿12:02:07 : Player #0 santiago - Legacy GUID: f8c8299b0a688de480efb946d670fbbd
﻿12:05:24 : Player #1 [DMN]-Mario (179.60.255.227:2304) connected
﻿12:05:25 : Player #1 [DMN]-Mario - GUID: 90efe9555b6c518bdd5ab751845d62ac (unverified)
﻿12:05:25 : Verified GUID (90efe9555b6c518bdd5ab751845d62ac) of player #1 [DMN]-Mario
﻿12:05:26 : Player #1 [DMN]-Mario - Legacy GUID: 56ac695fcf6c9ba0429307fd875141a4
﻿12:10:54 : Player #1 [DMN]-Mario (90efe9555b6c518bdd5ab751845d62ac) has been kicked by BattlEye: Client not responding
﻿12:10:59 : Player #0 santiago (5f72597ccf11380055e35a403a02fb81) has been kicked by BattlEye: Client not responding
﻿14:00:27 : Player #0 [DMN]-Mario (179.60.255.227:2304) connected
﻿14:02:06 : Player #0 [DMN]-Mario disconnected
﻿14:45:00 : RCon admin #1: (Global) BEC : This server will restart in 15 minutes
﻿14:55:00 : RCon admin #1: (Global) BEC : This server will restart in 5 minutes
﻿14:59:00 : RCon admin #1: (Global) BEC : This server will restart in 1 minute, Log out now!
﻿15:00:03 : Lost Connection!
﻿15:00:03 : Closing socket & exiting!
﻿15:01:15 : Rcon client logging in
﻿15:01:15 : RCon admin #1 (127.0.0.1:60255) logged in
﻿16:43:02 : Player #0 Acei7una (167.57.52.1:2304) connected
﻿16:43:07 : Player #0 Acei7una disconnected
﻿17:41:43 : Player #0 Cristian (186.62.39.29:2304) connected
﻿17:41:50 : Player #0 Cristian disconnected
﻿17:45:00 : RCon admin #1: (Global) BEC : This server will restart in 15 minutes
﻿17:55:00 : RCon admin #1: (Global) BEC : This server will restart in 5 minutes
﻿17:59:00 : RCon admin #1: (Global) BEC : This server will restart in 1 minute, Log out now!
﻿18:00:01 : Lost Connection!
﻿18:00:01 : Closing socket & exiting!
﻿18:01:06 : Rcon client logging in
﻿18:01:06 : RCon admin #1 (127.0.0.1:50027) logged in
﻿18:23:44 : Player #0 Sld.Jiménez (190.5.48.58:1412) connected
﻿18:23:46 : Player #0 Sld.Jiménez - GUID: 1eb29ec07b49e5e7d6b018d6467814d2 (unverified)
﻿18:23:46 : Verified GUID (1eb29ec07b49e5e7d6b018d6467814d2) of player #0 Sld.Jiménez
﻿18:23:47 : Player #0 Sld.Jiménez - Legacy GUID: 97dcff171ab9396b2d6848ebfb5bdc69
﻿18:23:51 : Player #0 Sld.Jiménez disconnected
﻿18:26:04 : Player #0 Hans (190.49.49.185:2304) connected
﻿18:26:06 : Player #0 Hans - Legacy GUID: b8db10e0df20e643b9d2f2513879a2d6
﻿18:26:06 : Player #0 Hans - GUID: 4c8a9b2b523906058cc33ffd8af6ee84 (unverified)
﻿18:26:06 : Verified GUID (4c8a9b2b523906058cc33ffd8af6ee84) of player #0 Hans
﻿18:28:29 : Player #0 Hans disconnected
﻿20:45:00 : RCon admin #1: (Global) BEC : This server will restart in 15 minutes
﻿20:55:00 : RCon admin #1: (Global) BEC : This server will restart in 5 minutes
﻿20:59:00 : RCon admin #1: (Global) BEC : Server restart in 1 minute, Log out NOW!
﻿21:00:01 : Lost Connection!
﻿21:00:01 : Closing socket & exiting!
﻿21:01:15 : Rcon client logging in
﻿21:01:15 : RCon admin #1 (127.0.0.1:52907) logged in
﻿21:10:04 : Player #0 NightdeadBCE (179.60.255.133:2304) connected
﻿21:10:05 : Player #0 NightdeadBCE - GUID: 72a59a89ede6f3de4385238017ea1962 (unverified)
﻿21:10:05 : Player #0 NightdeadBCE - Legacy GUID: c1ba06f51bfa403cdb1d7c96b7452034
﻿21:10:06 : Verified GUID (72a59a89ede6f3de4385238017ea1962) of player #0 NightdeadBCE
﻿21:12:05 : Player #1 SabryBCE (190.188.53.119:2304) connected
﻿21:12:07 : Player #1 SabryBCE - GUID: 217382261bf7f6f846292a363b8cbf33 (unverified)
﻿21:12:07 : Player #1 SabryBCE - Legacy GUID: 1beccf3f34413a8a64d54a064c7f909a
﻿21:12:08 : Verified GUID (217382261bf7f6f846292a363b8cbf33) of player #1 SabryBCE
﻿21:12:09 : Player #2 Agustin (181.22.36.81:2304) connected
﻿21:12:11 : Player #2 Agustin - Legacy GUID: 3ecb37fe4b092a21c8a1c69b5ad2b9d4
﻿21:12:11 : Player #2 Agustin - GUID: 0b0a46fef1130a3d93b3032a25f2427c (unverified)
﻿21:12:12 : Verified GUID (0b0a46fef1130a3d93b3032a25f2427c) of player #2 Agustin
﻿21:32:58 : Player #3 Lautaro (181.24.42.152:2304) connected
﻿21:32:59 : Player #3 Lautaro - GUID: e1398ed8cf4d702640043a83fbf8256d (unverified)
﻿21:33:00 : Verified GUID (e1398ed8cf4d702640043a83fbf8256d) of player #3 Lautaro
﻿21:33:00 : Player #3 Lautaro - Legacy GUID: 2587179ec3417d6be0d5a657f97c32c9
﻿21:33:02 : Player #3 Lautaro disconnected
﻿21:33:11 : Player #3 Lautaro (181.24.42.152:2304) connected
﻿21:33:13 : Player #3 Lautaro - GUID: e1398ed8cf4d702640043a83fbf8256d (unverified)
﻿21:33:13 : Player #3 Lautaro - Legacy GUID: 2587179ec3417d6be0d5a657f97c32c9
﻿21:33:13 : Verified GUID (e1398ed8cf4d702640043a83fbf8256d) of player #3 Lautaro
﻿21:33:15 : Player #3 Lautaro disconnected
﻿21:33:31 : Player #3 Lautaro (181.24.42.152:2304) connected
﻿21:33:32 : Player #3 Lautaro - GUID: e1398ed8cf4d702640043a83fbf8256d (unverified)
﻿21:33:33 : Verified GUID (e1398ed8cf4d702640043a83fbf8256d) of player #3 Lautaro
﻿21:33:33 : Player #3 Lautaro - Legacy GUID: 2587179ec3417d6be0d5a657f97c32c9
﻿21:33:34 : Player #3 Lautaro disconnected
﻿21:34:51 : Player #3 Lautaro (181.24.42.152:2304) connected
﻿21:34:52 : Player #3 Lautaro - GUID: e1398ed8cf4d702640043a83fbf8256d (unverified)
﻿21:34:53 : Verified GUID (e1398ed8cf4d702640043a83fbf8256d) of player #3 Lautaro
﻿21:34:53 : Player #3 Lautaro - Legacy GUID: 2587179ec3417d6be0d5a657f97c32c9
﻿21:34:54 : Player #3 Lautaro disconnected
﻿21:38:37 : RCon admin #1: (To Agustin) BEC : You have about 60 seconds left to join the mission.
﻿21:39:08 : RCon admin #1: (To Agustin) BEC : You have about 30 seconds left to join the mission.
﻿21:39:23 : RCon admin #1: (To Agustin) BEC : You have about 15 seconds left to join the mission.
﻿21:39:37 : Player #2 Agustin (0b0a46fef1130a3d93b3032a25f2427c) has been kicked by BattlEye: Admin Kick (BEC : Lobby idling to long)
﻿21:42:53 : Player #2 Lautaro (181.24.42.152:2304) connected
﻿21:42:54 : Player #2 Lautaro - GUID: e1398ed8cf4d702640043a83fbf8256d (unverified)
﻿21:42:55 : Verified GUID (e1398ed8cf4d702640043a83fbf8256d) of player #2 Lautaro
﻿21:42:55 : Player #2 Lautaro - Legacy GUID: 2587179ec3417d6be0d5a657f97c32c9
﻿21:42:57 : Player #2 Lautaro disconnected
﻿21:45:15 : Player #2 Lautaro (181.24.42.152:2304) connected
﻿21:45:16 : Player #2 Lautaro - GUID: e1398ed8cf4d702640043a83fbf8256d (unverified)
﻿21:45:17 : Player #2 Lautaro - Legacy GUID: 2587179ec3417d6be0d5a657f97c32c9
﻿21:45:17 : Verified GUID (e1398ed8cf4d702640043a83fbf8256d) of player #2 Lautaro
﻿21:45:18 : Player #2 Lautaro disconnected
﻿21:47:06 : Player #2 Lautaro (181.24.42.152:2304) connected
﻿21:47:08 : Player #2 Lautaro - GUID: e1398ed8cf4d702640043a83fbf8256d (unverified)
﻿21:47:08 : Verified GUID (e1398ed8cf4d702640043a83fbf8256d) of player #2 Lautaro
﻿21:47:08 : Player #2 Lautaro - Legacy GUID: 2587179ec3417d6be0d5a657f97c32c9
﻿21:47:20 : Player #2 Lautaro disconnected
﻿21:49:09 : Player #2 Lautaro (181.24.42.152:2304) connected
﻿21:49:12 : Player #2 Lautaro - GUID: e1398ed8cf4d702640043a83fbf8256d (unverified)
﻿21:49:12 : Verified GUID (e1398ed8cf4d702640043a83fbf8256d) of player #2 Lautaro
﻿21:49:13 : Player #2 Lautaro - Legacy GUID: 2587179ec3417d6be0d5a657f97c32c9
﻿21:49:37 : Player #2 Lautaro disconnected
﻿21:51:12 : Player #2 Lautaro (181.24.42.152:2304) connected
﻿21:51:14 : Player #2 Lautaro - GUID: e1398ed8cf4d702640043a83fbf8256d (unverified)
﻿21:51:14 : Verified GUID (e1398ed8cf4d702640043a83fbf8256d) of player #2 Lautaro
﻿21:51:14 : Player #2 Lautaro - Legacy GUID: 2587179ec3417d6be0d5a657f97c32c9
﻿21:51:36 : Player #2 Lautaro disconnected
﻿21:53:25 : Player #2 Lautaro (181.24.42.152:2304) connected
﻿21:53:26 : Player #2 Lautaro - GUID: e1398ed8cf4d702640043a83fbf8256d (unverified)
﻿21:53:27 : Verified GUID (e1398ed8cf4d702640043a83fbf8256d) of player #2 Lautaro
﻿21:53:29 : Player #2 Lautaro - Legacy GUID: 2587179ec3417d6be0d5a657f97c32c9
﻿21:53:49 : Player #2 Lautaro disconnected
﻿21:53:56 : Player #2 Lautaro (181.24.42.152:2304) connected
﻿21:53:58 : Player #2 Lautaro - GUID: e1398ed8cf4d702640043a83fbf8256d (unverified)
﻿21:53:58 : Verified GUID (e1398ed8cf4d702640043a83fbf8256d) of player #2 Lautaro
﻿21:53:58 : Player #2 Lautaro - Legacy GUID: 2587179ec3417d6be0d5a657f97c32c9
﻿21:54:12 : Player #3 Agustin (181.22.36.81:2304) connected
﻿21:54:13 : Player #3 Agustin - GUID: 0b0a46fef1130a3d93b3032a25f2427c (unverified)
﻿21:54:14 : Player #3 Agustin - Legacy GUID: 3ecb37fe4b092a21c8a1c69b5ad2b9d4
﻿21:54:16 : Verified GUID (0b0a46fef1130a3d93b3032a25f2427c) of player #3 Agustin
﻿21:54:20 : Player #2 Lautaro disconnected
﻿22:00:24 : Player #2 Lautaro (181.24.42.152:2304) connected
﻿22:00:26 : Player #2 Lautaro - GUID: e1398ed8cf4d702640043a83fbf8256d (unverified)
﻿22:00:26 : Player #2 Lautaro - Legacy GUID: 2587179ec3417d6be0d5a657f97c32c9
﻿22:00:26 : Verified GUID (e1398ed8cf4d702640043a83fbf8256d) of player #2 Lautaro
﻿22:00:48 : Player #2 Lautaro disconnected
﻿22:01:06 : Player #2 Lautaro (181.24.42.152:2304) connected
﻿22:01:07 : Player #2 Lautaro - GUID: e1398ed8cf4d702640043a83fbf8256d (unverified)
﻿22:01:08 : Verified GUID (e1398ed8cf4d702640043a83fbf8256d) of player #2 Lautaro
﻿22:01:08 : Player #2 Lautaro - Legacy GUID: 2587179ec3417d6be0d5a657f97c32c9
﻿22:01:29 : Player #2 Lautaro disconnected
﻿22:03:06 : Player #2 Lautaro (181.24.42.152:2304) connected
﻿22:03:07 : Player #2 Lautaro - GUID: e1398ed8cf4d702640043a83fbf8256d (unverified)
﻿22:03:08 : Verified GUID (e1398ed8cf4d702640043a83fbf8256d) of player #2 Lautaro
﻿22:03:08 : Player #2 Lautaro - Legacy GUID: 2587179ec3417d6be0d5a657f97c32c9
﻿22:03:30 : Player #2 Lautaro disconnected
﻿22:05:53 : Player #2 Lautaro (181.24.42.152:2304) connected
﻿22:05:55 : Player #2 Lautaro - GUID: e1398ed8cf4d702640043a83fbf8256d (unverified)
﻿22:05:56 : Player #2 Lautaro - Legacy GUID: 2587179ec3417d6be0d5a657f97c32c9
﻿22:05:56 : Verified GUID (e1398ed8cf4d702640043a83fbf8256d) of player #2 Lautaro
﻿22:06:20 : Player #2 Lautaro disconnected
﻿22:12:35 : Player #2 Lautaro (181.24.42.152:2304) connected
﻿22:12:36 : Player #2 Lautaro - GUID: e1398ed8cf4d702640043a83fbf8256d (unverified)
﻿22:12:37 : Player #2 Lautaro - Legacy GUID: 2587179ec3417d6be0d5a657f97c32c9
﻿22:12:37 : Verified GUID (e1398ed8cf4d702640043a83fbf8256d) of player #2 Lautaro
﻿22:12:49 : Player #2 Lautaro disconnected
﻿22:49:57 : Player #2 Lautaro (181.24.42.152:2304) connected
﻿22:49:58 : Player #2 Lautaro - GUID: e1398ed8cf4d702640043a83fbf8256d (unverified)
﻿22:49:58 : Verified GUID (e1398ed8cf4d702640043a83fbf8256d) of player #2 Lautaro
﻿22:49:59 : Player #2 Lautaro - Legacy GUID: 2587179ec3417d6be0d5a657f97c32c9
﻿22:50:22 : Player #2 Lautaro disconnected
﻿23:21:04 : Player #2 ComandanteH (179.106.62.58:2304) connected
﻿23:21:05 : Player #2 ComandanteH - GUID: a0903f234226200d89a84e260afe9730 (unverified)
﻿23:21:06 : Player #2 ComandanteH - Legacy GUID: 66eddb591a8df99b2e3d02aa88c258c4
﻿23:21:06 : Verified GUID (a0903f234226200d89a84e260afe9730) of player #2 ComandanteH
﻿23:25:20 : Player #0 NightdeadBCE disconnected
﻿23:27:30 : Player #1 SabryBCE disconnected
﻿23:36:42 : Player #2 ComandanteH disconnected
﻿23:45:00 : RCon admin #1: (Global) BEC : This server will restart in 15 minutes
﻿23:55:00 : RCon admin #1: (Global) BEC : This server will restart in 5 minutes
﻿23:55:37 : Player #3 Agustin disconnected
﻿23:59:00 : RCon admin #1: (Global) BEC : This server will restart in 1 minute, Log out now!
