00:00:01 : Lost Connection!
﻿00:00:01 : Closing socket & exiting!
﻿00:01:15 : Rcon client logging in
﻿00:01:15 : RCon admin #1 (127.0.0.1:60203) logged in
﻿00:01:15 : Player #0 Jose Luis - GUID: d9558a067db2e5932e8a58c619edb83d (unverified)
﻿00:01:16 : Verified GUID (d9558a067db2e5932e8a58c619edb83d) of player #0 Jose Luis
﻿00:01:17 : Player #0 Jose Luis - Legacy GUID: 7beaaf3c723b44978f2c26b96411e08c
﻿00:03:03 : Player #1 Javier (201.214.30.200:2304) connected
﻿00:03:04 : Player #1 Javier - GUID: f567e3f759d7a50ebf85e6352899ac3d (unverified)
﻿00:03:05 : Verified GUID (f567e3f759d7a50ebf85e6352899ac3d) of player #1 Javier
﻿00:03:05 : Player #1 Javier - Legacy GUID: 506275391ea03aeb5ea6d6af0d67e0ea
﻿00:03:52 : Player #2 ChakalMDP (190.50.126.178:2304) connected
﻿00:03:53 : Player #2 ChakalMDP - GUID: 629ae821618e45eb86bb23957ac4998f (unverified)
﻿00:03:54 : Verified GUID (629ae821618e45eb86bb23957ac4998f) of player #2 ChakalMDP
﻿00:03:54 : Player #2 ChakalMDP - Legacy GUID: 69bdc054d03d70bfe9ccde7fb87c0a06
﻿00:06:24 : Player #2 ChakalMDP (629ae821618e45eb86bb23957ac4998f) has been kicked by BattlEye: Failed to update
﻿00:08:48 : Player #2 NightdeadBCE (179.60.255.133:2304) connected
﻿00:08:49 : Player #2 NightdeadBCE - GUID: 72a59a89ede6f3de4385238017ea1962 (unverified)
﻿00:08:50 : Verified GUID (72a59a89ede6f3de4385238017ea1962) of player #2 NightdeadBCE
﻿00:08:50 : Player #2 NightdeadBCE - Legacy GUID: c1ba06f51bfa403cdb1d7c96b7452034
﻿00:12:36 : Player #3 Malmsteen (186.91.245.69:2304) connected
﻿00:12:38 : Player #3 Malmsteen - GUID: 70d898d24e09807e6b3045cb7402514e (unverified)
﻿00:12:38 : Verified GUID (70d898d24e09807e6b3045cb7402514e) of player #3 Malmsteen
﻿00:12:39 : Player #3 Malmsteen - Legacy GUID: ce2a1e66e3fdb15a9b43a92a413d4a9c
﻿00:14:20 : Player #4 SabryBCE (190.188.53.119:2304) connected
﻿00:14:21 : Player #4 SabryBCE - GUID: 217382261bf7f6f846292a363b8cbf33 (unverified)
﻿00:14:21 : Verified GUID (217382261bf7f6f846292a363b8cbf33) of player #4 SabryBCE
﻿00:14:22 : Player #4 SabryBCE - Legacy GUID: 1beccf3f34413a8a64d54a064c7f909a
﻿00:15:23 : Player #5 ChakalMDP (190.50.126.178:2304) connected
﻿00:15:25 : Player #5 ChakalMDP - GUID: 629ae821618e45eb86bb23957ac4998f (unverified)
﻿00:15:25 : Verified GUID (629ae821618e45eb86bb23957ac4998f) of player #5 ChakalMDP
﻿00:15:26 : Player #5 ChakalMDP - Legacy GUID: 69bdc054d03d70bfe9ccde7fb87c0a06
﻿00:17:56 : Player #5 ChakalMDP (629ae821618e45eb86bb23957ac4998f) has been kicked by BattlEye: Failed to update
﻿00:25:59 : Player #5 ChakalMDP (190.50.126.178:2304) connected
﻿00:26:00 : Player #5 ChakalMDP - GUID: 629ae821618e45eb86bb23957ac4998f (unverified)
﻿00:26:01 : Verified GUID (629ae821618e45eb86bb23957ac4998f) of player #5 ChakalMDP
﻿00:26:01 : Player #5 ChakalMDP - Legacy GUID: 69bdc054d03d70bfe9ccde7fb87c0a06
﻿00:28:31 : Player #5 ChakalMDP (629ae821618e45eb86bb23957ac4998f) has been kicked by BattlEye: Failed to update
﻿00:32:40 : Player #5 ChakalMDP (190.50.126.178:2304) connected
﻿00:32:41 : Player #5 ChakalMDP - GUID: 629ae821618e45eb86bb23957ac4998f (unverified)
﻿00:32:42 : Verified GUID (629ae821618e45eb86bb23957ac4998f) of player #5 ChakalMDP
﻿00:32:42 : Player #5 ChakalMDP - Legacy GUID: 69bdc054d03d70bfe9ccde7fb87c0a06
﻿00:35:13 : Player #5 ChakalMDP (629ae821618e45eb86bb23957ac4998f) has been kicked by BattlEye: Failed to update
﻿00:36:07 : Player #5 WhiteDead (201.241.188.15:2304) connected
﻿00:36:09 : Player #5 WhiteDead - GUID: 5b7be743f1f23417c94bb10ff974d586 (unverified)
﻿00:36:09 : Verified GUID (5b7be743f1f23417c94bb10ff974d586) of player #5 WhiteDead
﻿00:36:10 : Player #5 WhiteDead - Legacy GUID: 70146858682b80990eabc81535148352
﻿00:36:11 : Player #5 WhiteDead disconnected
﻿00:45:41 : Player #5 ChakalMDP (190.50.126.178:2304) connected
﻿00:45:43 : Player #5 ChakalMDP - GUID: 629ae821618e45eb86bb23957ac4998f (unverified)
﻿00:45:43 : Verified GUID (629ae821618e45eb86bb23957ac4998f) of player #5 ChakalMDP
﻿00:45:44 : Player #5 ChakalMDP - Legacy GUID: 69bdc054d03d70bfe9ccde7fb87c0a06
﻿00:48:14 : Player #5 ChakalMDP (629ae821618e45eb86bb23957ac4998f) has been kicked by BattlEye: Failed to update
﻿01:00:19 : Player #5 ChakalMDP (190.50.126.178:2304) connected
﻿01:00:20 : Player #5 ChakalMDP - GUID: 629ae821618e45eb86bb23957ac4998f (unverified)
﻿01:00:21 : Verified GUID (629ae821618e45eb86bb23957ac4998f) of player #5 ChakalMDP
﻿01:00:21 : Player #5 ChakalMDP - Legacy GUID: 69bdc054d03d70bfe9ccde7fb87c0a06
﻿01:02:55 : Player #5 ChakalMDP (629ae821618e45eb86bb23957ac4998f) has been kicked by BattlEye: Failed to update
﻿01:03:55 : Player #1 Javier disconnected
﻿01:05:12 : Player #1 ChakalMDP (190.50.126.178:2304) connected
﻿01:05:13 : Player #1 ChakalMDP - GUID: 629ae821618e45eb86bb23957ac4998f (unverified)
﻿01:05:14 : Verified GUID (629ae821618e45eb86bb23957ac4998f) of player #1 ChakalMDP
﻿01:05:14 : Player #1 ChakalMDP - Legacy GUID: 69bdc054d03d70bfe9ccde7fb87c0a06
﻿01:05:58 : Player #1 ChakalMDP disconnected
﻿01:07:32 : Player #1 ChakalMDP (190.50.126.178:2304) connected
﻿01:07:34 : Player #1 ChakalMDP - GUID: 629ae821618e45eb86bb23957ac4998f (unverified)
﻿01:07:34 : Player #1 ChakalMDP - Legacy GUID: 69bdc054d03d70bfe9ccde7fb87c0a06
﻿01:07:34 : Verified GUID (629ae821618e45eb86bb23957ac4998f) of player #1 ChakalMDP
﻿01:22:23 : Player #0 Jose Luis (d9558a067db2e5932e8a58c619edb83d) has been kicked by BattlEye: Client not responding
﻿01:29:37 : Player #0 Jose Luis (186.118.41.203:2304) connected
﻿01:29:39 : Player #0 Jose Luis - GUID: d9558a067db2e5932e8a58c619edb83d (unverified)
﻿01:29:39 : Verified GUID (d9558a067db2e5932e8a58c619edb83d) of player #0 Jose Luis
﻿01:29:40 : Player #0 Jose Luis - Legacy GUID: 7beaaf3c723b44978f2c26b96411e08c
﻿02:10:28 : Player #3 Malmsteen disconnected
﻿02:35:31 : Player #2 NightdeadBCE disconnected
﻿02:37:30 : Player #4 SabryBCE disconnected
﻿02:45:00 : RCon admin #1: (Global) BEC : This server will restart in 15 minutes
﻿02:55:00 : RCon admin #1: (Global) BEC : This server will restart in 5 minutes
﻿02:59:00 : RCon admin #1: (Global) BEC : This server will restart in 1 minute, Log out now!
﻿02:59:41 : Player #0 Jose Luis disconnected
﻿02:59:55 : Player #1 ChakalMDP disconnected
﻿03:00:01 : Lost Connection!
﻿03:00:01 : Closing socket & exiting!
﻿03:01:15 : Rcon client logging in
﻿03:01:23 : RCon admin #1 (127.0.0.1:60261) logged in
﻿03:04:50 : Player #1 ChakalMDP (190.50.126.178:2304) connected
﻿03:04:52 : Player #1 ChakalMDP - GUID: 629ae821618e45eb86bb23957ac4998f (unverified)
﻿03:04:52 : Player #1 ChakalMDP - Legacy GUID: 69bdc054d03d70bfe9ccde7fb87c0a06
﻿03:04:52 : Verified GUID (629ae821618e45eb86bb23957ac4998f) of player #1 ChakalMDP
﻿04:30:31 : Player #0 Jose Luis disconnected
﻿04:30:36 : Player #2 Jose Luis (186.113.156.235:2304) connected
﻿04:30:38 : Player #2 Jose Luis - GUID: d9558a067db2e5932e8a58c619edb83d (unverified)
﻿04:30:38 : Player #2 Jose Luis - Legacy GUID: 7beaaf3c723b44978f2c26b96411e08c
﻿04:30:38 : Verified GUID (d9558a067db2e5932e8a58c619edb83d) of player #2 Jose Luis
﻿05:31:06 : Player #2 Jose Luis disconnected
﻿05:45:00 : RCon admin #1: (Global) BEC : This server will restart in 15 minutes
﻿05:55:00 : RCon admin #1: (Global) BEC : This server will restart in 5 minutes
﻿05:56:18 : Player #1 ChakalMDP disconnected
﻿05:59:00 : RCon admin #1: (Global) BEC : This server will restart in 1 minute, Log out now!
﻿06:00:01 : Lost Connection!
﻿06:00:01 : Closing socket & exiting!
﻿06:01:15 : Rcon client logging in
﻿06:01:15 : RCon admin #1 (127.0.0.1:62402) logged in
﻿08:45:00 : RCon admin #1: (Global) BEC : This server will restart in 15 minutes
﻿08:55:00 : RCon admin #1: (Global) BEC : This server will restart in 5 minutes
﻿08:59:00 : RCon admin #1: (Global) BEC : This server will restart in 1 minute, Log out now!
﻿09:00:01 : Lost Connection!
﻿09:00:01 : Closing socket & exiting!
﻿09:01:06 : Rcon client logging in
﻿09:01:06 : RCon admin #1 (127.0.0.1:65360) logged in
﻿11:45:00 : RCon admin #1: (Global) BEC : This server will restart in 15 minutes
﻿11:55:00 : RCon admin #1: (Global) BEC : This server will restart in 5 minutes
﻿11:59:00 : RCon admin #1: (Global) BEC : This server will restart in 1 minute, Log out now!
﻿12:00:01 : Lost Connection!
﻿12:00:01 : Closing socket & exiting!
﻿12:01:06 : Rcon client logging in
﻿12:01:06 : RCon admin #1 (127.0.0.1:57751) logged in
﻿12:10:27 : RCon admin #2 (127.0.0.1:54931) logged in
﻿12:46:38 : Player #0 Jose Luis (186.113.156.235:2304) connected
﻿12:46:41 : Player #0 Jose Luis - GUID: d9558a067db2e5932e8a58c619edb83d (unverified)
﻿12:46:41 : Verified GUID (d9558a067db2e5932e8a58c619edb83d) of player #0 Jose Luis
﻿12:46:42 : Player #0 Jose Luis - Legacy GUID: 7beaaf3c723b44978f2c26b96411e08c
﻿12:48:58 : Could not connect to BE Master
﻿12:48:58 : Update attempt failed
﻿12:48:58 : Player #0 Jose Luis (d9558a067db2e5932e8a58c619edb83d) has been kicked by BattlEye: Client not responding
﻿12:50:47 : Player #0 Jose Luis (186.113.156.235:2304) connected
﻿12:50:49 : Player #0 Jose Luis - GUID: d9558a067db2e5932e8a58c619edb83d (unverified)
﻿12:50:49 : Player #0 Jose Luis - Legacy GUID: 7beaaf3c723b44978f2c26b96411e08c
﻿12:50:50 : Verified GUID (d9558a067db2e5932e8a58c619edb83d) of player #0 Jose Luis
﻿13:17:55 : Player #0 Jose Luis (d9558a067db2e5932e8a58c619edb83d) has been kicked by BattlEye: Client not responding
﻿13:19:37 : Player #0 Jose Luis (186.113.156.235:1024) connected
﻿13:19:38 : Player #0 Jose Luis - GUID: d9558a067db2e5932e8a58c619edb83d (unverified)
﻿13:19:39 : Player #0 Jose Luis - Legacy GUID: 7beaaf3c723b44978f2c26b96411e08c
﻿13:19:39 : Verified GUID (d9558a067db2e5932e8a58c619edb83d) of player #0 Jose Luis
﻿13:25:51 : Player #1 [DMN]-Mario (179.60.255.227:2304) connected
﻿13:25:52 : Player #1 [DMN]-Mario - GUID: 90efe9555b6c518bdd5ab751845d62ac (unverified)
﻿13:25:53 : Verified GUID (90efe9555b6c518bdd5ab751845d62ac) of player #1 [DMN]-Mario
﻿13:25:53 : Player #1 [DMN]-Mario - Legacy GUID: 56ac695fcf6c9ba0429307fd875141a4
﻿13:58:23 : Player #1 [DMN]-Mario (90efe9555b6c518bdd5ab751845d62ac) has been kicked by BattlEye: Client not responding
﻿13:58:24 : Player #0 Jose Luis (d9558a067db2e5932e8a58c619edb83d) has been kicked by BattlEye: Client not responding
﻿14:01:22 : Player #0 Jose Luis (186.113.156.235:2304) connected
﻿14:01:24 : Player #0 Jose Luis - GUID: d9558a067db2e5932e8a58c619edb83d (unverified)
﻿14:01:25 : Player #0 Jose Luis - Legacy GUID: 7beaaf3c723b44978f2c26b96411e08c
﻿14:01:25 : Verified GUID (d9558a067db2e5932e8a58c619edb83d) of player #0 Jose Luis
﻿14:02:21 : Player #1 [DMN]-Mario (179.60.255.227:1024) connected
﻿14:02:22 : Player #1 [DMN]-Mario - GUID: 90efe9555b6c518bdd5ab751845d62ac (unverified)
﻿14:02:23 : Verified GUID (90efe9555b6c518bdd5ab751845d62ac) of player #1 [DMN]-Mario
﻿14:02:23 : Player #1 [DMN]-Mario - Legacy GUID: 56ac695fcf6c9ba0429307fd875141a4
﻿14:08:25 : Player #1 [DMN]-Mario (90efe9555b6c518bdd5ab751845d62ac) has been kicked by BattlEye: Client not responding
﻿14:08:26 : Player #0 Jose Luis (d9558a067db2e5932e8a58c619edb83d) has been kicked by BattlEye: Client not responding
﻿14:09:22 : Player #0 Jose Luis (186.113.156.235:1024) connected
﻿14:09:24 : Player #0 Jose Luis - GUID: d9558a067db2e5932e8a58c619edb83d (unverified)
﻿14:09:24 : Verified GUID (d9558a067db2e5932e8a58c619edb83d) of player #0 Jose Luis
﻿14:09:24 : Player #0 Jose Luis - Legacy GUID: 7beaaf3c723b44978f2c26b96411e08c
﻿14:09:36 : Player #1 [DMN]-Mario (179.60.255.227:2304) connected
﻿14:09:38 : Player #1 [DMN]-Mario - GUID: 90efe9555b6c518bdd5ab751845d62ac (unverified)
﻿14:09:38 : Player #1 [DMN]-Mario - Legacy GUID: 56ac695fcf6c9ba0429307fd875141a4
﻿14:09:39 : Verified GUID (90efe9555b6c518bdd5ab751845d62ac) of player #1 [DMN]-Mario
﻿14:45:00 : RCon admin #1: (Global) BEC : This server will restart in 15 minutes
﻿14:51:42 : Player #2 NightdeadBCE (179.60.255.133:5806) connected
﻿14:51:43 : Player #2 NightdeadBCE - GUID: 72a59a89ede6f3de4385238017ea1962 (unverified)
﻿14:51:44 : Verified GUID (72a59a89ede6f3de4385238017ea1962) of player #2 NightdeadBCE
﻿14:51:45 : Player #2 NightdeadBCE - Legacy GUID: c1ba06f51bfa403cdb1d7c96b7452034
﻿14:54:15 : Player #3 Scoppunheta (177.125.33.123:2304) connected
﻿14:54:16 : Player #3 Scoppunheta - GUID: 44c6276af6bfe9a79d00ddc02b047b70 (unverified)
﻿14:54:17 : Verified GUID (44c6276af6bfe9a79d00ddc02b047b70) of player #3 Scoppunheta
﻿14:54:17 : Player #3 Scoppunheta - Legacy GUID: 3af3e9adb5f0664d05caff4775709e02
﻿14:55:00 : RCon admin #1: (Global) BEC : This server will restart in 5 minutes
﻿14:59:00 : RCon admin #1: (Global) BEC : This server will restart in 1 minute, Log out now!
﻿14:59:24 : Player #4 Starlord (190.134.163.119:28089) connected
﻿14:59:25 : Player #4 Starlord - GUID: daf2da9a406eee3abf46fb5b0b07c815 (unverified)
﻿14:59:26 : Verified GUID (daf2da9a406eee3abf46fb5b0b07c815) of player #4 Starlord
﻿14:59:26 : Player #4 Starlord - Legacy GUID: 5f2efd799d5afddde014d170e63fa6d3
﻿14:59:28 : Player #0 Jose Luis disconnected
﻿15:00:01 : Lost Connection!
﻿15:00:01 : Closing socket & exiting!
﻿15:01:15 : Rcon client logging in
﻿15:01:15 : RCon admin #1 (127.0.0.1:49500) logged in
﻿15:03:22 : Player #0 Starlord (190.134.163.119:29650) connected
﻿15:03:24 : Player #0 Starlord - GUID: daf2da9a406eee3abf46fb5b0b07c815 (unverified)
﻿15:03:24 : Verified GUID (daf2da9a406eee3abf46fb5b0b07c815) of player #0 Starlord
﻿15:03:25 : Player #0 Starlord - Legacy GUID: 5f2efd799d5afddde014d170e63fa6d3
﻿15:06:00 : Player #1 NightdeadBCE (179.60.255.133:2304) connected
﻿15:06:01 : Player #1 NightdeadBCE - GUID: 72a59a89ede6f3de4385238017ea1962 (unverified)
﻿15:06:02 : Verified GUID (72a59a89ede6f3de4385238017ea1962) of player #1 NightdeadBCE
﻿15:06:03 : Player #1 NightdeadBCE - Legacy GUID: c1ba06f51bfa403cdb1d7c96b7452034
﻿15:06:05 : Player #1 NightdeadBCE disconnected
﻿15:07:11 : Player #1 [DMN]-Mario (179.60.255.227:2304) connected
﻿15:07:13 : Player #1 [DMN]-Mario - GUID: 90efe9555b6c518bdd5ab751845d62ac (unverified)
﻿15:07:13 : Verified GUID (90efe9555b6c518bdd5ab751845d62ac) of player #1 [DMN]-Mario
﻿15:07:14 : Player #1 [DMN]-Mario - Legacy GUID: 56ac695fcf6c9ba0429307fd875141a4
﻿15:07:26 : Player #2 NightdeadBCE (179.60.255.133:2304) connected
﻿15:07:27 : Player #2 NightdeadBCE - GUID: 72a59a89ede6f3de4385238017ea1962 (unverified)
﻿15:07:27 : Verified GUID (72a59a89ede6f3de4385238017ea1962) of player #2 NightdeadBCE
﻿15:07:28 : Player #2 NightdeadBCE - Legacy GUID: c1ba06f51bfa403cdb1d7c96b7452034
﻿15:13:29 : Player #0 Starlord disconnected
﻿15:15:47 : Player #1 [DMN]-Mario (90efe9555b6c518bdd5ab751845d62ac) has been kicked by BattlEye: Ping too high (1092)
﻿15:18:59 : Player #0 Jose Luis (186.113.156.235:2304) connected
﻿15:19:01 : Player #0 Jose Luis - GUID: d9558a067db2e5932e8a58c619edb83d (unverified)
﻿15:19:02 : Player #0 Jose Luis - Legacy GUID: 7beaaf3c723b44978f2c26b96411e08c
﻿15:19:02 : Verified GUID (d9558a067db2e5932e8a58c619edb83d) of player #0 Jose Luis
﻿15:21:00 : Player #1 [DMN]-Mario (179.60.255.227:2304) connected
﻿15:21:03 : Player #1 [DMN]-Mario - GUID: 90efe9555b6c518bdd5ab751845d62ac (unverified)
﻿15:21:04 : Verified GUID (90efe9555b6c518bdd5ab751845d62ac) of player #1 [DMN]-Mario
﻿15:21:05 : Player #1 [DMN]-Mario - Legacy GUID: 56ac695fcf6c9ba0429307fd875141a4
﻿15:32:10 : Player #1 [DMN]-Mario (90efe9555b6c518bdd5ab751845d62ac) has been kicked by BattlEye: Ping too high (2249)
﻿15:35:52 : Player #1 [DMN]-Mario (179.60.255.227:2304) connected
﻿15:35:56 : Player #1 [DMN]-Mario - Legacy GUID: 56ac695fcf6c9ba0429307fd875141a4
﻿15:35:56 : Player #1 [DMN]-Mario - GUID: 90efe9555b6c518bdd5ab751845d62ac (unverified)
﻿15:35:57 : Verified GUID (90efe9555b6c518bdd5ab751845d62ac) of player #1 [DMN]-Mario
﻿15:48:31 : Player #2 NightdeadBCE disconnected
﻿15:53:03 : Player #0 Jose Luis disconnected
﻿16:35:24 : Player #0 Jose Luis (186.113.156.235:2304) connected
﻿16:35:26 : Player #0 Jose Luis - GUID: d9558a067db2e5932e8a58c619edb83d (unverified)
﻿16:35:26 : Player #0 Jose Luis - Legacy GUID: 7beaaf3c723b44978f2c26b96411e08c
﻿16:35:26 : Verified GUID (d9558a067db2e5932e8a58c619edb83d) of player #0 Jose Luis
﻿16:58:55 : Player #1 [DMN]-Mario (90efe9555b6c518bdd5ab751845d62ac) has been kicked by BattlEye: Ping too high (1450)
﻿17:04:23 : Player #1 [DMN]-Mario (179.60.255.227:2304) connected
﻿17:04:25 : Player #1 [DMN]-Mario - GUID: 90efe9555b6c518bdd5ab751845d62ac (unverified)
﻿17:04:26 : Verified GUID (90efe9555b6c518bdd5ab751845d62ac) of player #1 [DMN]-Mario
﻿17:04:27 : Player #1 [DMN]-Mario - Legacy GUID: 56ac695fcf6c9ba0429307fd875141a4
﻿17:24:08 : Player #2 Malmsteen (186.91.245.69:2304) connected
﻿17:24:09 : Player #2 Malmsteen - GUID: 70d898d24e09807e6b3045cb7402514e (unverified)
﻿17:24:10 : Verified GUID (70d898d24e09807e6b3045cb7402514e) of player #2 Malmsteen
﻿17:24:10 : Player #2 Malmsteen - Legacy GUID: ce2a1e66e3fdb15a9b43a92a413d4a9c
﻿17:45:00 : RCon admin #1: (Global) BEC : This server will restart in 15 minutes
﻿17:55:00 : RCon admin #1: (Global) BEC : This server will restart in 5 minutes
﻿17:59:00 : RCon admin #1: (Global) BEC : This server will restart in 1 minute, Log out now!
﻿18:00:01 : Lost Connection!
﻿18:00:01 : Closing socket & exiting!
﻿18:01:15 : Rcon client logging in
﻿18:01:15 : RCon admin #1 (127.0.0.1:51922) logged in
﻿18:06:42 : Player #2 [DMN]-Mario (179.60.255.227:2304) connected
﻿18:06:45 : Player #2 [DMN]-Mario - GUID: 90efe9555b6c518bdd5ab751845d62ac (unverified)
﻿18:06:45 : Verified GUID (90efe9555b6c518bdd5ab751845d62ac) of player #2 [DMN]-Mario
﻿18:06:46 : Player #2 [DMN]-Mario - Legacy GUID: 56ac695fcf6c9ba0429307fd875141a4
﻿18:46:40 : Player #2 [DMN]-Mario (90efe9555b6c518bdd5ab751845d62ac) has been kicked by BattlEye: Ping too high (1170)
﻿18:47:31 : Player #2 Azrael1x (191.80.249.98:2304) connected
﻿18:47:32 : Player #2 Azrael1x - GUID: f3bbe77e31363319b3378084ddcb86d8 (unverified)
﻿18:47:33 : Verified GUID (f3bbe77e31363319b3378084ddcb86d8) of player #2 Azrael1x
﻿18:47:33 : Player #2 Azrael1x - Legacy GUID: 872394ca0b82ad6e77d13dc8f5141d95
﻿18:53:48 : Player #3 [DMN]-Mario (179.60.255.227:2304) connected
﻿18:53:51 : Player #3 [DMN]-Mario - GUID: 90efe9555b6c518bdd5ab751845d62ac (unverified)
﻿18:53:52 : Verified GUID (90efe9555b6c518bdd5ab751845d62ac) of player #3 [DMN]-Mario
﻿18:53:52 : Player #3 [DMN]-Mario - Legacy GUID: 56ac695fcf6c9ba0429307fd875141a4
﻿19:27:38 : Player #0 Jose Luis disconnected
﻿19:31:45 : Player #2 Azrael1x disconnected
﻿19:41:21 : Player #3 [DMN]-Mario disconnected
﻿19:44:39 : Player #1 Malmsteen disconnected
﻿20:12:15 : Player #0 Azrael1x (191.80.249.98:2304) connected
﻿20:12:17 : Player #0 Azrael1x - GUID: f3bbe77e31363319b3378084ddcb86d8 (unverified)
﻿20:12:18 : Player #0 Azrael1x - Legacy GUID: 872394ca0b82ad6e77d13dc8f5141d95
﻿20:12:18 : Verified GUID (f3bbe77e31363319b3378084ddcb86d8) of player #0 Azrael1x
﻿20:20:26 : Player #0 Azrael1x disconnected
﻿20:45:00 : RCon admin #1: (Global) BEC : This server will restart in 15 minutes
﻿20:55:00 : RCon admin #1: (Global) BEC : This server will restart in 5 minutes
﻿20:59:00 : RCon admin #1: (Global) BEC : Server restart in 1 minute, Log out NOW!
﻿21:00:01 : Lost Connection!
﻿21:00:01 : Closing socket & exiting!
﻿21:01:15 : Rcon client logging in
﻿21:01:15 : RCon admin #1 (127.0.0.1:60307) logged in
﻿21:01:50 : Player #0 santiago (181.138.108.114:20834) connected
﻿21:01:51 : Player #0 santiago - GUID: 5f72597ccf11380055e35a403a02fb81 (unverified)
﻿21:01:52 : Verified GUID (5f72597ccf11380055e35a403a02fb81) of player #0 santiago
﻿21:01:53 : Player #0 santiago - Legacy GUID: f8c8299b0a688de480efb946d670fbbd
﻿21:53:19 : Player #1 Marce (201.212.210.156:2304) connected
﻿21:53:20 : Player #1 Marce - GUID: b66dc87af0eac158f6edbcfcbd7bab77 (unverified)
﻿21:53:21 : Verified GUID (b66dc87af0eac158f6edbcfcbd7bab77) of player #1 Marce
﻿21:53:21 : Player #1 Marce - Legacy GUID: 269fbbed9654a4cbd6dbdda405f1c11e
﻿21:59:14 : Player #1 Marce disconnected
﻿22:31:44 : Player #1 Javier (201.214.30.200:2304) connected
﻿22:31:45 : Player #1 Javier - GUID: f567e3f759d7a50ebf85e6352899ac3d (unverified)
﻿22:31:46 : Player #1 Javier - Legacy GUID: 506275391ea03aeb5ea6d6af0d67e0ea
﻿22:31:46 : Verified GUID (f567e3f759d7a50ebf85e6352899ac3d) of player #1 Javier
﻿22:41:25 : Player #1 Javier disconnected
﻿22:51:38 : Player #1 Javier (201.214.30.200:2304) connected
﻿22:51:39 : Player #1 Javier - GUID: f567e3f759d7a50ebf85e6352899ac3d (unverified)
﻿22:51:40 : Verified GUID (f567e3f759d7a50ebf85e6352899ac3d) of player #1 Javier
﻿22:51:40 : Player #1 Javier - Legacy GUID: 506275391ea03aeb5ea6d6af0d67e0ea
﻿23:10:40 : Player #2 ChakalMDP (190.50.126.178:2304) connected
﻿23:10:42 : Player #2 ChakalMDP - GUID: 629ae821618e45eb86bb23957ac4998f (unverified)
﻿23:10:42 : Verified GUID (629ae821618e45eb86bb23957ac4998f) of player #2 ChakalMDP
﻿23:10:43 : Player #2 ChakalMDP - Legacy GUID: 69bdc054d03d70bfe9ccde7fb87c0a06
﻿23:25:50 : Player #0 santiago (5f72597ccf11380055e35a403a02fb81) has been kicked by BattlEye: Client not responding
﻿23:32:38 : Player #0 Hans (190.49.49.185:2304) connected
﻿23:32:39 : Player #0 Hans - GUID: 4c8a9b2b523906058cc33ffd8af6ee84 (unverified)
﻿23:32:40 : Verified GUID (4c8a9b2b523906058cc33ffd8af6ee84) of player #0 Hans
﻿23:32:40 : Player #0 Hans - Legacy GUID: b8db10e0df20e643b9d2f2513879a2d6
﻿23:35:00 : Player #3 santiago (181.138.108.114:25578) connected
﻿23:35:02 : Player #3 santiago - Legacy GUID: f8c8299b0a688de480efb946d670fbbd
﻿23:35:03 : Player #3 santiago - GUID: 5f72597ccf11380055e35a403a02fb81 (unverified)
﻿23:35:04 : Verified GUID (5f72597ccf11380055e35a403a02fb81) of player #3 santiago
﻿23:35:28 : Player #3 santiago disconnected
﻿23:45:00 : RCon admin #1: (Global) BEC : This server will restart in 15 minutes
﻿23:45:53 : Player #0 Hans disconnected
﻿23:55:00 : RCon admin #1: (Global) BEC : This server will restart in 5 minutes
﻿23:57:08 : Player #2 ChakalMDP disconnected
﻿23:59:00 : RCon admin #1: (Global) BEC : This server will restart in 1 minute, Log out now!
