01:31:49 : Rcon client logging in
﻿01:31:49 : RCon admin #0 (127.0.0.1:56560) logged in
﻿01:32:51 : Player #0 juandayz (190.30.168.204:2304) connected
﻿01:32:52 : Player #0 juandayz - GUID: d603844e2f77196bf616245ae360213b (unverified)
﻿01:32:53 : Player #0 juandayz - Legacy GUID: a5aa074813dab730e26d67b8a0a0af6c
﻿01:32:53 : Verified GUID (d603844e2f77196bf616245ae360213b) of player #0 juandayz
﻿01:41:31 : Player #0 juandayz (d603844e2f77196bf616245ae360213b) has been kicked by BattlEye: Client not responding
﻿02:04:05 : Player #0 Repus (187.60.110.223:58768) connected
﻿02:04:06 : Player #0 Repus - GUID: 92d3929abd4e540b58a1d9c7cc76e344 (unverified)
﻿02:04:06 : Verified GUID (92d3929abd4e540b58a1d9c7cc76e344) of player #0 Repus
﻿02:04:07 : Player #0 Repus - Legacy GUID: da462235cf4287a7ba4a53bb64590698
﻿02:07:47 : Player #0 Repus disconnected
﻿02:41:58 : Player #0 vodka (186.129.1.125:2304) connected
﻿02:41:59 : Player #0 vodka - GUID: 9d9589c45c3ca41c83bd64095f841d95 (unverified)
﻿02:42:00 : Player #0 vodka - Legacy GUID: 90797abf15f589d7d7c70755938e2998
﻿02:42:01 : Verified GUID (9d9589c45c3ca41c83bd64095f841d95) of player #0 vodka
﻿02:43:52 : Player #0 vodka (9d9589c45c3ca41c83bd64095f841d95) has been kicked by BattlEye: Client not responding
﻿02:45:00 : RCon admin #0: (Global) BEC : This server will restart in 15 minutes
﻿02:50:15 : Player #0 vodka (186.129.1.125:2304) connected
﻿02:50:16 : Player #0 vodka - GUID: 9d9589c45c3ca41c83bd64095f841d95 (unverified)
﻿02:50:17 : Verified GUID (9d9589c45c3ca41c83bd64095f841d95) of player #0 vodka
﻿02:50:17 : Player #0 vodka - Legacy GUID: 90797abf15f589d7d7c70755938e2998
﻿02:55:00 : RCon admin #0: (Global) BEC : This server will restart in 5 minutes
﻿02:59:00 : RCon admin #0: (Global) BEC : This server will restart in 1 minute, Log out now!
﻿03:00:01 : Lost Connection!
﻿03:00:01 : Closing socket & exiting!
﻿03:01:15 : Rcon client logging in
﻿03:01:15 : RCon admin #0 (127.0.0.1:50051) logged in
﻿03:03:21 : Player #0 vodka (186.129.1.125:2304) connected
﻿03:03:22 : Player #0 vodka - GUID: 9d9589c45c3ca41c83bd64095f841d95 (unverified)
﻿03:03:22 : Player #0 vodka - Legacy GUID: 90797abf15f589d7d7c70755938e2998
﻿03:03:24 : Verified GUID (9d9589c45c3ca41c83bd64095f841d95) of player #0 vodka
﻿05:45:00 : RCon admin #0: (Global) BEC : This server will restart in 15 minutes
﻿05:47:01 : Player #1 Retro21 (75.143.204.85:2304) connected
﻿05:47:02 : Player #1 Retro21 - GUID: 46549a80af055b9dff56bee9762cd38c (unverified)
﻿05:47:02 : Verified GUID (46549a80af055b9dff56bee9762cd38c) of player #1 Retro21
﻿05:47:03 : Player #1 Retro21 - Legacy GUID: 4abf467c03e4530250d0246def10bf04
﻿05:52:34 : Player #1 Retro21 disconnected
﻿05:55:00 : RCon admin #0: (Global) BEC : This server will restart in 5 minutes
﻿05:59:00 : RCon admin #0: (Global) BEC : This server will restart in 1 minute, Log out now!
﻿05:59:42 : Player #0 vodka disconnected
﻿06:00:01 : Lost Connection!
﻿06:00:01 : Closing socket & exiting!
﻿06:01:15 : Rcon client logging in
﻿06:01:15 : RCon admin #0 (127.0.0.1:56337) logged in
﻿08:45:00 : RCon admin #0: (Global) BEC : This server will restart in 15 minutes
﻿08:55:00 : RCon admin #0: (Global) BEC : This server will restart in 5 minutes
﻿08:59:00 : RCon admin #0: (Global) BEC : This server will restart in 1 minute, Log out now!
﻿09:00:01 : Lost Connection!
﻿09:00:01 : Closing socket & exiting!
﻿09:01:07 : Rcon client logging in
﻿09:01:07 : RCon admin #0 (127.0.0.1:56969) logged in
