00:10:10 : Rcon client logging in
﻿00:10:10 : RCon admin #0 (127.0.0.1:62142) logged in
﻿00:37:30 : Rcon client logging in
﻿00:37:30 : RCon admin #0 (127.0.0.1:62144) logged in
﻿00:39:22 : Player #0 juandayz (190.226.78.137:2304) connected
﻿00:39:23 : Player #0 juandayz - GUID: d603844e2f77196bf616245ae360213b (unverified)
﻿00:39:24 : Verified GUID (d603844e2f77196bf616245ae360213b) of player #0 juandayz
﻿00:39:24 : Player #0 juandayz - Legacy GUID: a5aa074813dab730e26d67b8a0a0af6c
﻿00:46:45 : Rcon client logging in
﻿00:46:45 : RCon admin #0 (127.0.0.1:62146) logged in
﻿00:46:58 : Player #0 juandayz (190.226.78.137:2304) connected
﻿00:46:59 : Player #0 juandayz - GUID: d603844e2f77196bf616245ae360213b (unverified)
﻿00:47:00 : Verified GUID (d603844e2f77196bf616245ae360213b) of player #0 juandayz
﻿00:47:00 : Player #0 juandayz - Legacy GUID: a5aa074813dab730e26d67b8a0a0af6c
﻿01:00:06 : Player #1 =ARG=Malvinas (191.82.9.22:19029) connected
﻿01:00:08 : Player #1 =ARG=Malvinas - Legacy GUID: c51842b862435fad752f51fe0a97a9ff
﻿01:00:08 : Player #1 =ARG=Malvinas - GUID: 343a9ab4a67235bb03df665e901387f3 (unverified)
﻿01:00:09 : Verified GUID (343a9ab4a67235bb03df665e901387f3) of player #1 =ARG=Malvinas
﻿01:02:21 : RCon admin #0: (To juandayz) BEC : You have about 60 seconds left to join the mission.
﻿01:02:52 : RCon admin #0: (To juandayz) BEC : You have about 30 seconds left to join the mission.
﻿01:03:07 : RCon admin #0: (To juandayz) BEC : You have about 15 seconds left to join the mission.
﻿01:03:21 : Player #0 juandayz (d603844e2f77196bf616245ae360213b) has been kicked by BattlEye: Admin Kick (BEC : Lobby idling to long)
﻿01:07:29 : Player #1 =ARG=Malvinas disconnected
﻿01:08:31 : Player #0 reconnect (181.31.146.206:2304) connected
﻿01:08:32 : Player #0 reconnect - GUID: bce9001abea802948b7f28a9f2de533e (unverified)
﻿01:08:32 : Verified GUID (bce9001abea802948b7f28a9f2de533e) of player #0 reconnect
﻿01:08:33 : Player #0 reconnect - Legacy GUID: 30e1b7957008270cda72e13e47f13b54
﻿01:16:37 : Player #1 G4V1 (190.30.141.173:12793) connected
﻿01:16:40 : Player #1 G4V1 - GUID: c0d2fe34341d6c000335606aa67f30b4 (unverified)
﻿01:16:41 : Player #1 G4V1 - Legacy GUID: 0b0f4cb9668cc17178a8fce71546f578
﻿01:16:43 : Player #1 G4V1 disconnected
﻿01:40:49 : Player #0 reconnect disconnected
﻿02:45:00 : RCon admin #0: (Global) BEC : This server will restart in 15 minutes
﻿02:55:00 : RCon admin #0: (Global) BEC : This server will restart in 5 minutes
﻿02:59:00 : RCon admin #0: (Global) BEC : This server will restart in 1 minute, Log out now!
﻿03:00:02 : Lost Connection!
﻿03:00:02 : Closing socket & exiting!
﻿03:01:15 : Rcon client logging in
﻿03:01:15 : RCon admin #0 (127.0.0.1:54689) logged in
﻿04:14:52 : Player #0 vodka (186.129.8.63:2304) connected
﻿04:14:54 : Player #0 vodka - GUID: 9d9589c45c3ca41c83bd64095f841d95 (unverified)
﻿04:14:54 : Player #0 vodka - Legacy GUID: 90797abf15f589d7d7c70755938e2998
﻿04:14:56 : Verified GUID (9d9589c45c3ca41c83bd64095f841d95) of player #0 vodka
﻿05:45:00 : RCon admin #0: (Global) BEC : This server will restart in 15 minutes
﻿05:50:45 : Player #0 vodka disconnected
﻿05:55:00 : RCon admin #0: (Global) BEC : This server will restart in 5 minutes
﻿05:59:00 : RCon admin #0: (Global) BEC : This server will restart in 1 minute, Log out now!
﻿06:00:01 : Lost Connection!
﻿06:00:01 : Closing socket & exiting!
﻿06:01:15 : Rcon client logging in
﻿06:01:15 : RCon admin #0 (127.0.0.1:60636) logged in
﻿08:45:00 : RCon admin #0: (Global) BEC : This server will restart in 15 minutes
﻿08:55:00 : RCon admin #0: (Global) BEC : This server will restart in 5 minutes
﻿08:59:00 : RCon admin #0: (Global) BEC : This server will restart in 1 minute, Log out now!
﻿09:00:01 : Lost Connection!
﻿09:00:01 : Closing socket & exiting!
﻿09:01:07 : Rcon client logging in
﻿09:01:07 : RCon admin #0 (127.0.0.1:51926) logged in
﻿11:28:03 : Player #0 Ariel (186.18.50.27:2304) connected
﻿11:28:07 : Player #0 Ariel - GUID: c5b74f7036e53b63fbb69767a2d1c503 (unverified)
﻿11:28:07 : Verified GUID (c5b74f7036e53b63fbb69767a2d1c503) of player #0 Ariel
﻿11:28:08 : Player #0 Ariel - Legacy GUID: 34a62f101c2878b9f38e63f1164828b8
﻿11:45:00 : RCon admin #0: (Global) BEC : This server will restart in 15 minutes
﻿11:49:39 : Player #0 Ariel disconnected
﻿11:55:00 : RCon admin #0: (Global) BEC : This server will restart in 5 minutes
﻿11:59:00 : RCon admin #0: (Global) BEC : This server will restart in 1 minute, Log out now!
﻿12:00:02 : Lost Connection!
﻿12:00:02 : Closing socket & exiting!
﻿12:01:15 : Rcon client logging in
﻿12:01:15 : RCon admin #0 (127.0.0.1:55616) logged in
﻿12:20:47 : Player #0 Ariel (186.18.50.27:2304) connected
﻿12:20:49 : Player #0 Ariel - GUID: c5b74f7036e53b63fbb69767a2d1c503 (unverified)
﻿12:20:50 : Player #0 Ariel - Legacy GUID: 34a62f101c2878b9f38e63f1164828b8
﻿12:20:50 : Verified GUID (c5b74f7036e53b63fbb69767a2d1c503) of player #0 Ariel
﻿12:25:51 : Player #0 Ariel disconnected
﻿15:51:49 : Rcon client logging in
﻿15:51:49 : RCon admin #0 (127.0.0.1:51209) logged in
﻿15:52:56 : Player #0 juandayz (200.117.62.61:2304) connected
﻿15:52:56 : Player #0 juandayz - GUID: d603844e2f77196bf616245ae360213b (unverified)
﻿15:52:57 : Verified GUID (d603844e2f77196bf616245ae360213b) of player #0 juandayz
﻿15:52:58 : Player #0 juandayz - Legacy GUID: a5aa074813dab730e26d67b8a0a0af6c
﻿15:57:36 : Player #0 juandayz (d603844e2f77196bf616245ae360213b) has been kicked by BattlEye: Client not responding
﻿16:32:23 : Player #0 davidgarcia15rb (186.125.16.40:2304) connected
﻿16:32:24 : Player #0 davidgarcia15rb - GUID: ac4acedd9d698fdd5afa21fbe102cb09 (unverified)
﻿16:32:25 : Verified GUID (ac4acedd9d698fdd5afa21fbe102cb09) of player #0 davidgarcia15rb
﻿16:32:26 : Player #0 davidgarcia15rb - Legacy GUID: cd746fe79641c458c272e3ebe07600a8
﻿16:49:53 : Player #0 davidgarcia15rb (ac4acedd9d698fdd5afa21fbe102cb09) has been kicked by BattlEye: Ping too high (1763)
﻿17:00:28 : Player #0 davidgarcia15rb (186.125.16.40:2304) connected
﻿17:00:29 : Player #0 davidgarcia15rb - GUID: ac4acedd9d698fdd5afa21fbe102cb09 (unverified)
﻿17:00:30 : Player #0 davidgarcia15rb - Legacy GUID: cd746fe79641c458c272e3ebe07600a8
﻿17:00:30 : Verified GUID (ac4acedd9d698fdd5afa21fbe102cb09) of player #0 davidgarcia15rb
﻿17:03:08 : Player #0 davidgarcia15rb disconnected
﻿17:24:39 : Player #0 AvnirDulluss (186.125.16.40:2304) connected
﻿17:24:40 : Player #0 AvnirDulluss - GUID: ac4acedd9d698fdd5afa21fbe102cb09 (unverified)
﻿17:24:41 : Verified GUID (ac4acedd9d698fdd5afa21fbe102cb09) of player #0 AvnirDulluss
﻿17:24:41 : Player #0 AvnirDulluss - Legacy GUID: cd746fe79641c458c272e3ebe07600a8
﻿17:45:00 : RCon admin #0: (Global) BEC : This server will restart in 15 minutes
﻿17:55:00 : RCon admin #0: (Global) BEC : This server will restart in 5 minutes
﻿17:59:00 : RCon admin #0: (Global) BEC : This server will restart in 1 minute, Log out now!
﻿18:00:01 : Lost Connection!
﻿18:00:01 : Closing socket & exiting!
﻿18:01:15 : Rcon client logging in
﻿18:01:15 : RCon admin #0 (127.0.0.1:49807) logged in
﻿18:34:11 : Player #0 Javi (186.1.226.159:2304) connected
﻿18:34:12 : Player #0 Javi - GUID: a1c852b4599ec4599534deabdbc72738 (unverified)
﻿18:34:13 : Verified GUID (a1c852b4599ec4599534deabdbc72738) of player #0 Javi
﻿18:34:13 : Player #0 Javi - Legacy GUID: ce29cf82d34372cc667d758c0a082f7a
﻿18:34:13 : Player #0 Javi disconnected
﻿18:34:38 : Player #0 Javi (186.1.226.159:2304) connected
﻿18:34:39 : Player #0 Javi - GUID: a1c852b4599ec4599534deabdbc72738 (unverified)
﻿18:34:39 : Player #0 Javi - Legacy GUID: ce29cf82d34372cc667d758c0a082f7a
﻿18:34:39 : Verified GUID (a1c852b4599ec4599534deabdbc72738) of player #0 Javi
﻿18:34:40 : Player #0 Javi disconnected
﻿18:37:42 : Player #0 AvnirDulluss (190.227.44.13:2304) connected
﻿18:37:43 : Player #0 AvnirDulluss - Legacy GUID: cd746fe79641c458c272e3ebe07600a8
﻿18:37:43 : Player #0 AvnirDulluss - GUID: ac4acedd9d698fdd5afa21fbe102cb09 (unverified)
﻿18:37:44 : Verified GUID (ac4acedd9d698fdd5afa21fbe102cb09) of player #0 AvnirDulluss
﻿18:46:46 : Player #1 Javi (186.1.226.159:2304) connected
﻿18:46:47 : Player #1 Javi - GUID: a1c852b4599ec4599534deabdbc72738 (unverified)
﻿18:46:47 : Verified GUID (a1c852b4599ec4599534deabdbc72738) of player #1 Javi
﻿18:46:48 : Player #1 Javi - Legacy GUID: ce29cf82d34372cc667d758c0a082f7a
﻿18:48:31 : Player #0 AvnirDulluss (ac4acedd9d698fdd5afa21fbe102cb09) has been kicked by BattlEye: Ping too high (406)
﻿18:59:38 : Player #0 reconnect (181.31.146.206:2304) connected
﻿18:59:39 : Player #0 reconnect - GUID: bce9001abea802948b7f28a9f2de533e (unverified)
﻿18:59:40 : Verified GUID (bce9001abea802948b7f28a9f2de533e) of player #0 reconnect
﻿18:59:40 : Player #0 reconnect - Legacy GUID: 30e1b7957008270cda72e13e47f13b54
﻿19:17:48 : Player #2 AvnirDulluss (190.227.44.13:2304) connected
﻿19:17:49 : Player #2 AvnirDulluss - GUID: ac4acedd9d698fdd5afa21fbe102cb09 (unverified)
﻿19:17:49 : Verified GUID (ac4acedd9d698fdd5afa21fbe102cb09) of player #2 AvnirDulluss
﻿19:17:50 : Player #2 AvnirDulluss - Legacy GUID: cd746fe79641c458c272e3ebe07600a8
﻿19:18:22 : Player #2 AvnirDulluss disconnected
﻿19:40:14 : Player #2 =ARG=Malvinas (191.82.9.22:25681) connected
﻿19:40:16 : Player #2 =ARG=Malvinas - GUID: 343a9ab4a67235bb03df665e901387f3 (unverified)
﻿19:40:16 : Verified GUID (343a9ab4a67235bb03df665e901387f3) of player #2 =ARG=Malvinas
﻿19:40:16 : Player #2 =ARG=Malvinas - Legacy GUID: c51842b862435fad752f51fe0a97a9ff
﻿19:41:46 : Player #3 AvnirDulluss (190.227.44.13:2304) connected
﻿19:41:47 : Player #3 AvnirDulluss - GUID: ac4acedd9d698fdd5afa21fbe102cb09 (unverified)
﻿19:41:47 : Verified GUID (ac4acedd9d698fdd5afa21fbe102cb09) of player #3 AvnirDulluss
﻿19:41:48 : Player #3 AvnirDulluss - Legacy GUID: cd746fe79641c458c272e3ebe07600a8
﻿19:43:33 : Player #4 PABLOL (186.1.226.159:1026) connected
﻿19:43:35 : Player #4 PABLOL - GUID: 04673d0b5c26c7a2edf8990296a97787 (unverified)
﻿19:43:35 : Verified GUID (04673d0b5c26c7a2edf8990296a97787) of player #4 PABLOL
﻿19:43:35 : Player #4 PABLOL - Legacy GUID: 93292891937b0f11d72b255bd8c0eaa1
﻿19:51:38 : Player #5 vodka (186.129.4.75:2304) connected
﻿19:51:39 : Player #5 vodka - GUID: 9d9589c45c3ca41c83bd64095f841d95 (unverified)
﻿19:51:40 : Player #5 vodka - Legacy GUID: 90797abf15f589d7d7c70755938e2998
﻿19:51:51 : Verified GUID (9d9589c45c3ca41c83bd64095f841d95) of player #5 vodka
﻿19:54:40 : Player #6 Dexter (200.89.154.130:7894) connected
﻿19:54:41 : Player #6 Dexter - GUID: e84a7c2f0f444a8fa6bff7df557360c8 (unverified)
﻿19:54:42 : Verified GUID (e84a7c2f0f444a8fa6bff7df557360c8) of player #6 Dexter
﻿19:54:42 : Player #6 Dexter - Legacy GUID: 1db2d3b9de40f70681e8a27940355628
﻿19:54:53 : Player #6 Dexter disconnected
﻿19:55:01 : Player #6 Dexter (200.89.154.130:7894) connected
﻿19:55:02 : Player #6 Dexter - GUID: e84a7c2f0f444a8fa6bff7df557360c8 (unverified)
﻿19:55:03 : Verified GUID (e84a7c2f0f444a8fa6bff7df557360c8) of player #6 Dexter
﻿19:55:03 : Player #6 Dexter - Legacy GUID: 1db2d3b9de40f70681e8a27940355628
﻿19:57:28 : RCon admin #1 (127.0.0.1:58595) logged in
﻿19:58:25 : RCon admin #1: (Global) [ANTENA 4] hola gente
﻿19:58:54 : RCon admin #1: (Global) [ANTENA 4] todo bien!!
﻿20:01:13 : RCon admin #1: (Global) [ANTENA 4] siip
﻿20:01:40 : RCon admin #1: (Global) [ANTENA 4] lei por ahi q preguntaban sobre stary y los trades. Estan agrupados todos en mercado central
﻿20:02:22 : RCon admin #1: (Global) [ANTENA 4] desde el wholesaler hasta el airdealer y hero y bandit trade ;)
﻿20:08:03 : RCon admin #1: (Global) [ANTENA 4] buenisimo reco
﻿20:11:48 : RCon admin #1: (Global) [ANTENA 4] si dale, pasamela por skype juandayzeta  es mi skype
﻿20:12:55 : RCon admin #1: (Global) [ANTENA 4] si querido christian :P
﻿20:14:50 : RCon admin #1: (To Dexter) [ANTENA 4] jajja na rehize el server de 0
﻿20:15:30 : RCon admin #1: (Global) [ANTENA 4] por eso y por q hay varias zonas de loot militar (iconos en amarillo en el map) 
﻿20:15:44 : RCon admin #1: (To AvnirDulluss) [ANTENA 4] gracias ahi la veo!!
﻿20:22:15 : Player #3 AvnirDulluss disconnected
﻿20:23:06 : RCon admin #1: (To Dexter) [ANTENA 4] el trade esta en MERCADO CENTRAL,
﻿20:23:38 : Player #3 juandayz (200.117.62.61:2304) connected
﻿20:23:39 : Player #3 juandayz - GUID: d603844e2f77196bf616245ae360213b (unverified)
﻿20:23:40 : Verified GUID (d603844e2f77196bf616245ae360213b) of player #3 juandayz
﻿20:23:40 : Player #3 juandayz - Legacy GUID: a5aa074813dab730e26d67b8a0a0af6c
﻿20:24:20 : Player #4 PABLOL disconnected
﻿20:28:54 : Player #0 reconnect disconnected
﻿20:44:58 : Player #6 Dexter (e84a7c2f0f444a8fa6bff7df557360c8) has been kicked by BattlEye: Ping too high (671)
﻿20:45:00 : RCon admin #0: (Global) BEC : This server will restart in 15 minutes
﻿20:55:00 : RCon admin #0: (Global) BEC : This server will restart in 5 minutes
﻿20:58:07 : Player #0 juan p (189.223.146.110:2304) connected
﻿20:58:11 : Player #0 juan p - GUID: eab22850fdd8c03689d3cf62197b27a8 (unverified)
﻿20:58:11 : Verified GUID (eab22850fdd8c03689d3cf62197b27a8) of player #0 juan p
﻿20:58:12 : Player #0 juan p - Legacy GUID: 42220cbb688c4a3748630ff8eb1117dd
﻿20:58:15 : Player #0 juan p disconnected
﻿20:59:00 : RCon admin #0: (Global) BEC : Server restart in 1 minute, Log out NOW!
﻿20:59:20 : Player #5 vodka disconnected
﻿20:59:58 : Player #2 =ARG=Malvinas disconnected
﻿21:00:01 : Lost Connection!
﻿21:00:01 : Closing socket & exiting!
﻿21:02:10 : Rcon client logging in
﻿21:02:17 : RCon admin #0 (127.0.0.1:60336) logged in
﻿21:02:17 : Player #1 juandayz (200.117.62.61:2304) connected
﻿21:02:18 : Player #1 juandayz - GUID: d603844e2f77196bf616245ae360213b (unverified)
﻿21:02:54 : Player #1 juandayz disconnected
﻿21:02:54 : Player #1 juandayz (200.117.62.61:2304) connected
﻿21:02:54 : Player #1 juandayz - GUID: d603844e2f77196bf616245ae360213b (unverified)
﻿21:02:55 : Verified GUID (d603844e2f77196bf616245ae360213b) of player #1 juandayz
﻿21:02:57 : Player #1 juandayz - Legacy GUID: a5aa074813dab730e26d67b8a0a0af6c
﻿21:17:17 : Player #2 vodka (186.129.4.75:2304) connected
﻿21:17:18 : Player #2 vodka - GUID: 9d9589c45c3ca41c83bd64095f841d95 (unverified)
﻿21:17:19 : Player #2 vodka - Legacy GUID: 90797abf15f589d7d7c70755938e2998
﻿21:17:21 : Verified GUID (9d9589c45c3ca41c83bd64095f841d95) of player #2 vodka
﻿21:28:38 : Player #3 =ARG=Malvinas (191.82.9.22:29074) connected
﻿21:28:40 : Player #3 =ARG=Malvinas - GUID: 343a9ab4a67235bb03df665e901387f3 (unverified)
﻿21:28:40 : Verified GUID (343a9ab4a67235bb03df665e901387f3) of player #3 =ARG=Malvinas
﻿21:28:40 : Player #3 =ARG=Malvinas - Legacy GUID: c51842b862435fad752f51fe0a97a9ff
﻿21:29:46 : Player #3 =ARG=Malvinas disconnected
﻿21:29:57 : Player #0 juan p disconnected
﻿21:31:15 : Player #0 =ARG=Malvinas (191.82.9.22:29074) connected
﻿21:31:16 : Player #0 =ARG=Malvinas - GUID: 343a9ab4a67235bb03df665e901387f3 (unverified)
﻿21:31:17 : Verified GUID (343a9ab4a67235bb03df665e901387f3) of player #0 =ARG=Malvinas
﻿21:31:17 : Player #0 =ARG=Malvinas - Legacy GUID: c51842b862435fad752f51fe0a97a9ff
﻿21:50:19 : Player #3 Mijael (181.21.151.15:2304) connected
﻿21:50:21 : Player #3 Mijael - GUID: 833caf0072fe4a88969deb7ac4176eac (unverified)
﻿21:50:22 : Verified GUID (833caf0072fe4a88969deb7ac4176eac) of player #3 Mijael
﻿21:50:23 : Player #3 Mijael - Legacy GUID: 2671fd875c34e4359ab450e81bf514c3
﻿22:04:34 : Player #3 Mijael disconnected
﻿22:20:34 : Player #2 vodka (9d9589c45c3ca41c83bd64095f841d95) has been kicked by BattlEye: Client not responding
﻿22:56:08 : RCon admin #1 (179.25.23.238:62696) logged in
﻿22:56:30 : Player #1 juandayz (d603844e2f77196bf616245ae360213b) has been kicked by BattlEye: Admin Kick ([ChukyN] Admin Kick - fak u)
﻿23:27:36 : Player #1 [HAMAS]Turco (201.26.23.210:30332) connected
﻿23:27:37 : Player #1 [HAMAS]Turco - GUID: daf4e99d7f2cf00136e3c852c25b34c2 (unverified)
﻿23:27:37 : Verified GUID (daf4e99d7f2cf00136e3c852c25b34c2) of player #1 [HAMAS]Turco
﻿23:27:38 : Player #1 [HAMAS]Turco - Legacy GUID: eaffb505f4778e6ed4fbdd47cdc455f4
﻿23:27:43 : Player #1 [HAMAS]Turco disconnected
﻿23:31:10 : RCon admin #1 (127.0.0.1:56132) logged in
﻿23:40:29 : Player #1 juandayz (200.117.62.61:2304) connected
﻿23:40:31 : Player #1 juandayz - GUID: d603844e2f77196bf616245ae360213b (unverified)
﻿23:40:31 : Verified GUID (d603844e2f77196bf616245ae360213b) of player #1 juandayz
﻿23:40:31 : Player #1 juandayz - Legacy GUID: a5aa074813dab730e26d67b8a0a0af6c
﻿23:45:00 : RCon admin #0: (Global) BEC : This server will restart in 15 minutes
﻿23:51:37 : RCon admin #0: (To juandayz) BEC : You have about 60 seconds left to join the mission.
﻿23:52:08 : RCon admin #0: (To juandayz) BEC : You have about 30 seconds left to join the mission.
﻿23:52:22 : RCon admin #0: (To juandayz) BEC : You have about 15 seconds left to join the mission.
﻿23:52:37 : Player #1 juandayz (d603844e2f77196bf616245ae360213b) has been kicked by BattlEye: Admin Kick (BEC : Lobby idling to long)
﻿23:54:12 : Player #0 =ARG=Malvinas disconnected
﻿23:55:00 : RCon admin #0: (Global) BEC : This server will restart in 5 minutes
﻿23:59:00 : RCon admin #0: (Global) BEC : This server will restart in 1 minute, Log out now!
