00:00:01 : Lost Connection!
﻿00:00:01 : Closing socket & exiting!
﻿00:01:15 : Rcon client logging in
﻿00:01:15 : RCon admin #1 (127.0.0.1:53653) logged in
﻿02:04:18 : Player #0 LoneBlackWolf (181.174.106.45:39890) connected
﻿02:04:22 : Player #0 LoneBlackWolf disconnected
﻿02:04:29 : Player #0 LoneBlackWolf (181.174.106.45:39890) connected
﻿02:04:32 : Player #0 LoneBlackWolf disconnected
﻿02:45:00 : RCon admin #1: (Global) BEC : This server will restart in 15 minutes
﻿02:55:00 : RCon admin #1: (Global) BEC : This server will restart in 5 minutes
﻿02:59:00 : RCon admin #1: (Global) BEC : This server will restart in 1 minute, Log out now!
﻿03:00:01 : Lost Connection!
﻿03:00:01 : Closing socket & exiting!
﻿03:01:06 : Rcon client logging in
﻿03:01:06 : RCon admin #1 (127.0.0.1:51949) logged in
﻿04:26:51 : Player #0 Leodagos (186.135.70.74:16186) connected
﻿04:26:53 : Player #0 Leodagos - GUID: 927032c3d7c1139aff0ff09424d46da1 (unverified)
﻿04:26:53 : Verified GUID (927032c3d7c1139aff0ff09424d46da1) of player #0 Leodagos
﻿04:26:54 : Player #0 Leodagos - Legacy GUID: d7639dceb9588d3b0ab85f82e92ff8de
﻿04:31:23 : Player #0 Leodagos disconnected
﻿05:45:00 : RCon admin #1: (Global) BEC : This server will restart in 15 minutes
﻿05:55:00 : RCon admin #1: (Global) BEC : This server will restart in 5 minutes
﻿05:59:00 : RCon admin #1: (Global) BEC : This server will restart in 1 minute, Log out now!
﻿06:00:01 : Lost Connection!
﻿06:00:01 : Closing socket & exiting!
﻿06:01:15 : Rcon client logging in
﻿06:01:15 : RCon admin #1 (127.0.0.1:61108) logged in
﻿06:19:19 : Player #0 Leodagos (186.135.70.74:20506) connected
﻿06:19:21 : Player #0 Leodagos - Legacy GUID: d7639dceb9588d3b0ab85f82e92ff8de
﻿06:19:21 : Player #0 Leodagos - GUID: 927032c3d7c1139aff0ff09424d46da1 (unverified)
﻿06:19:21 : Verified GUID (927032c3d7c1139aff0ff09424d46da1) of player #0 Leodagos
﻿06:23:10 : Player #1 Braian |Aspirante| (181.229.193.90:2304) connected
﻿06:23:11 : Player #1 Braian |Aspirante| - GUID: cdc618df2d54ca997288fcc87121f76b (unverified)
﻿06:23:11 : Verified GUID (cdc618df2d54ca997288fcc87121f76b) of player #1 Braian |Aspirante|
﻿06:23:12 : Player #1 Braian |Aspirante| - Legacy GUID: c895084244afc06486ae6d81b381fd7e
﻿08:05:53 : Player #2 JF (190.185.192.18:26512) connected
﻿08:05:54 : Player #2 JF - GUID: 93a2a9d9bc7acb34122becec3305fde7 (unverified)
﻿08:05:55 : Verified GUID (93a2a9d9bc7acb34122becec3305fde7) of player #2 JF
﻿08:05:55 : Player #2 JF - Legacy GUID: 1e3460faa1452299ec3b5f220fe797e0
﻿08:45:00 : RCon admin #1: (Global) BEC : This server will restart in 15 minutes
﻿08:55:00 : RCon admin #1: (Global) BEC : This server will restart in 5 minutes
﻿08:59:00 : RCon admin #1: (Global) BEC : This server will restart in 1 minute, Log out now!
﻿08:59:27 : Player #2 JF disconnected
﻿08:59:44 : Player #1 Braian |Aspirante| disconnected
﻿09:00:01 : Lost Connection!
﻿09:00:01 : Closing socket & exiting!
﻿09:01:15 : Rcon client logging in
﻿09:01:15 : RCon admin #1 (127.0.0.1:56730) logged in
﻿09:03:25 : Player #1 JF (190.185.192.18:26512) connected
﻿09:03:26 : Player #1 JF - GUID: 93a2a9d9bc7acb34122becec3305fde7 (unverified)
﻿09:03:27 : Verified GUID (93a2a9d9bc7acb34122becec3305fde7) of player #1 JF
﻿09:03:27 : Player #1 JF - Legacy GUID: 1e3460faa1452299ec3b5f220fe797e0
﻿09:04:33 : Player #2 Negan (190.49.219.37:2304) connected
﻿09:04:34 : Player #2 Negan - GUID: 878559c08331528bf72b11fc05e46717 (unverified)
﻿09:04:35 : Verified GUID (878559c08331528bf72b11fc05e46717) of player #2 Negan
﻿09:04:35 : Player #2 Negan - Legacy GUID: 6c201842922856d4b8fd2e94e906ddee
﻿09:22:29 : Player #2 Negan disconnected
﻿09:28:52 : Player #2 Braian |Aspirante| (181.229.193.90:2304) connected
﻿09:29:03 : Player #2 Braian |Aspirante| - GUID: cdc618df2d54ca997288fcc87121f76b (unverified)
﻿09:29:04 : Verified GUID (cdc618df2d54ca997288fcc87121f76b) of player #2 Braian |Aspirante|
﻿09:29:04 : Player #2 Braian |Aspirante| - Legacy GUID: c895084244afc06486ae6d81b381fd7e
﻿09:50:18 : Player #3 RemiX (190.137.95.68:2304) connected
﻿09:50:20 : Player #3 RemiX - GUID: c4aa153e80dc334efbd81679021001e8 (unverified)
﻿09:50:20 : Verified GUID (c4aa153e80dc334efbd81679021001e8) of player #3 RemiX
﻿09:50:21 : Player #3 RemiX - Legacy GUID: 0df9e6c57e6cbc49236fa47c69861473
﻿10:01:05 : Player #2 Braian |Aspirante| disconnected
﻿10:01:28 : Player #2 Braian |Aspirante| (181.229.193.90:2304) connected
﻿10:01:31 : Player #2 Braian |Aspirante| - GUID: cdc618df2d54ca997288fcc87121f76b (unverified)
﻿10:01:32 : Verified GUID (cdc618df2d54ca997288fcc87121f76b) of player #2 Braian |Aspirante|
﻿10:01:32 : Player #2 Braian |Aspirante| - Legacy GUID: c895084244afc06486ae6d81b381fd7e
﻿10:26:18 : Player #4 Jej0x |Aspirante| (190.51.228.69:2304) connected
﻿10:26:22 : Player #4 Jej0x |Aspirante| - GUID: f3e3268171736a361f4f08d3aee36558 (unverified)
﻿10:26:22 : Verified GUID (f3e3268171736a361f4f08d3aee36558) of player #4 Jej0x |Aspirante|
﻿10:26:22 : Player #4 Jej0x |Aspirante| - Legacy GUID: 46a8911586c7fdb684a7f7c1fb3da0e5
﻿10:27:12 : Player #5 r (181.197.224.193:2304) connected
﻿10:27:14 : Player #5 r - GUID: 3cc1be2152078545e663be88a3f8be66 (unverified)
﻿10:27:14 : Player #5 r - Legacy GUID: 1a4fb19af784859d133cb2880537c845
﻿10:27:15 : Verified GUID (3cc1be2152078545e663be88a3f8be66) of player #5 r
﻿10:27:16 : Player #5 r disconnected
﻿10:29:46 : Player #5 r (181.197.224.193:2304) connected
﻿10:29:47 : Player #5 r - GUID: 3cc1be2152078545e663be88a3f8be66 (unverified)
﻿10:29:47 : Verified GUID (3cc1be2152078545e663be88a3f8be66) of player #5 r
﻿10:29:48 : Player #5 r - Legacy GUID: 1a4fb19af784859d133cb2880537c845
﻿10:29:48 : Player #5 r disconnected
﻿10:45:26 : Player #5 r (181.197.224.193:2304) connected
﻿10:45:27 : Player #5 r - GUID: 3cc1be2152078545e663be88a3f8be66 (unverified)
﻿10:45:28 : Verified GUID (3cc1be2152078545e663be88a3f8be66) of player #5 r
﻿10:45:28 : Player #5 r - Legacy GUID: 1a4fb19af784859d133cb2880537c845
﻿10:45:28 : Player #5 r disconnected
﻿10:48:14 : Player #5 Issor (181.197.224.193:2304) connected
﻿10:48:16 : Player #5 Issor - GUID: 3cc1be2152078545e663be88a3f8be66 (unverified)
﻿10:48:16 : Verified GUID (3cc1be2152078545e663be88a3f8be66) of player #5 Issor
﻿10:48:17 : Player #5 Issor - Legacy GUID: 1a4fb19af784859d133cb2880537c845
﻿10:48:17 : Player #5 Issor disconnected
﻿11:32:02 : Player #3 RemiX disconnected
﻿11:45:00 : RCon admin #1: (Global) BEC : This server will restart in 15 minutes
﻿11:55:00 : RCon admin #1: (Global) BEC : This server will restart in 5 minutes
﻿11:59:00 : RCon admin #1: (Global) BEC : This server will restart in 1 minute, Log out now!
﻿11:59:14 : Player #4 Jej0x |Aspirante| disconnected
﻿11:59:35 : Player #1 JF disconnected
﻿12:00:01 : Lost Connection!
﻿12:00:01 : Closing socket & exiting!
﻿12:01:15 : Rcon client logging in
﻿12:01:15 : RCon admin #1 (127.0.0.1:63495) logged in
﻿12:03:21 : Player #1 Jej0x |Aspirante| (190.51.228.69:2304) connected
﻿12:03:26 : Player #1 Jej0x |Aspirante| - GUID: f3e3268171736a361f4f08d3aee36558 (unverified)
﻿12:03:27 : Verified GUID (f3e3268171736a361f4f08d3aee36558) of player #1 Jej0x |Aspirante|
﻿12:03:27 : Player #1 Jej0x |Aspirante| - Legacy GUID: 46a8911586c7fdb684a7f7c1fb3da0e5
﻿12:12:31 : Player #2 JF (190.185.192.18:26512) connected
﻿12:12:32 : Player #2 JF - GUID: 93a2a9d9bc7acb34122becec3305fde7 (unverified)
﻿12:12:32 : Verified GUID (93a2a9d9bc7acb34122becec3305fde7) of player #2 JF
﻿12:12:33 : Player #2 JF - Legacy GUID: 1e3460faa1452299ec3b5f220fe797e0
﻿12:31:22 : Player #3 Ratatatatatatata (201.212.210.156:2304) connected
﻿12:31:23 : Player #3 Ratatatatatatata - GUID: b66dc87af0eac158f6edbcfcbd7bab77 (unverified)
﻿12:31:23 : Verified GUID (b66dc87af0eac158f6edbcfcbd7bab77) of player #3 Ratatatatatatata
﻿12:31:24 : Player #3 Ratatatatatatata - Legacy GUID: 269fbbed9654a4cbd6dbdda405f1c11e
﻿12:45:27 : Player #3 Ratatatatatatata disconnected
﻿12:54:21 : Player #3 Tio  Chuck (200.146.8.92:2304) connected
﻿12:54:22 : Player #3 Tio  Chuck - GUID: e734115a25c971cbcf8846b4ff771d85 (unverified)
﻿12:54:23 : Verified GUID (e734115a25c971cbcf8846b4ff771d85) of player #3 Tio  Chuck
﻿12:54:23 : Player #3 Tio  Chuck - Legacy GUID: c870a8c9b20cfc479e46e729b49a443d
﻿12:57:39 : Player #4 RemiX (190.137.95.68:2304) connected
﻿12:57:40 : Player #4 RemiX - GUID: c4aa153e80dc334efbd81679021001e8 (unverified)
﻿12:57:40 : Verified GUID (c4aa153e80dc334efbd81679021001e8) of player #4 RemiX
﻿12:57:41 : Player #4 RemiX - Legacy GUID: 0df9e6c57e6cbc49236fa47c69861473
﻿12:58:21 : Player #3 Tio  Chuck disconnected
﻿12:58:30 : Player #3 Tio  Chuck (200.146.8.92:2304) connected
﻿12:58:33 : Player #3 Tio  Chuck - Legacy GUID: c870a8c9b20cfc479e46e729b49a443d
﻿12:58:38 : Player #3 Tio  Chuck - GUID: e734115a25c971cbcf8846b4ff771d85 (unverified)
﻿12:58:39 : Verified GUID (e734115a25c971cbcf8846b4ff771d85) of player #3 Tio  Chuck
﻿13:03:23 : RCon admin #1: (To RemiX) BEC : You have about 60 seconds left to join the mission.
﻿13:03:54 : RCon admin #1: (To RemiX) BEC : You have about 30 seconds left to join the mission.
﻿13:04:08 : RCon admin #1: (To RemiX) BEC : You have about 15 seconds left to join the mission.
﻿13:04:23 : Player #4 RemiX (c4aa153e80dc334efbd81679021001e8) has been kicked by BattlEye: Admin Kick (BEC : Lobby idling to long)
﻿13:07:40 : Player #4 RemiX (190.137.95.68:2304) connected
﻿13:07:41 : Player #4 RemiX - GUID: c4aa153e80dc334efbd81679021001e8 (unverified)
﻿13:07:42 : Verified GUID (c4aa153e80dc334efbd81679021001e8) of player #4 RemiX
﻿13:07:42 : Player #4 RemiX - Legacy GUID: 0df9e6c57e6cbc49236fa47c69861473
﻿13:12:44 : Player #5 Nikyta (190.244.45.71:2304) connected
﻿13:12:45 : Player #5 Nikyta - GUID: d18bc2163de1a6abe8924f2e0788680b (unverified)
﻿13:12:46 : Verified GUID (d18bc2163de1a6abe8924f2e0788680b) of player #5 Nikyta
﻿13:12:47 : Player #5 Nikyta - Legacy GUID: d294364f535d1f02da4e01c50aaec207
﻿13:29:17 : RCon admin #0: (Global) [juandayz] hola chicos,,, y nikita  ¬¬
﻿13:31:05 : RCon admin #0: (Global) [juandayz] jajaja cayate jf
﻿13:32:24 : RCon admin #0: (Global) [juandayz] paula ponete a baldear la base, no jodas :D
﻿13:32:55 : RCon admin #0: (Global) [juandayz] dale
﻿13:34:13 : RCon admin #0: (To RemiX) [juandayz] bienvenido :)
﻿13:34:38 : Player #6 NeedAmmo (190.23.193.24:21467) connected
﻿13:34:40 : Player #6 NeedAmmo - Legacy GUID: ca2ccd9af586c0cc2cbd6fdfd719871d
﻿13:34:41 : Player #6 NeedAmmo - GUID: 4a3bc4cc45eb4a966e7773327fe0f850 (unverified)
﻿13:34:41 : Verified GUID (4a3bc4cc45eb4a966e7773327fe0f850) of player #6 NeedAmmo
﻿13:35:01 : Player #7 juandayz (201.252.202.27:2304) connected
﻿13:35:02 : Player #7 juandayz - GUID: d603844e2f77196bf616245ae360213b (unverified)
﻿13:35:03 : Verified GUID (d603844e2f77196bf616245ae360213b) of player #7 juandayz
﻿13:35:03 : Player #7 juandayz - Legacy GUID: a5aa074813dab730e26d67b8a0a0af6c
﻿13:35:16 : Player #6 NeedAmmo (4a3bc4cc45eb4a966e7773327fe0f850) has been kicked by BattlEye: Client not responding
﻿13:38:22 : Player #0 Leodagos disconnected
﻿13:45:57 : Player #0 Bad Guy (24.232.71.49:2304) connected
﻿13:45:59 : Player #0 Bad Guy - GUID: dda8f26d97fcb7ca8899f7f65d8536cf (unverified)
﻿13:45:59 : Player #0 Bad Guy - Legacy GUID: e63f5403618860de28c9af75ce0b2365
﻿13:46:00 : Verified GUID (dda8f26d97fcb7ca8899f7f65d8536cf) of player #0 Bad Guy
﻿13:59:23 : Player #5 Nikyta disconnected
﻿14:07:01 : Player #1 Jej0x |Aspirante| disconnected
﻿14:23:32 : Player #1 Alan (181.90.121.122:2304) connected
﻿14:23:33 : Player #1 Alan - GUID: 0f58f0f7cbcc27bdd669ddb2ba67dec1 (unverified)
﻿14:23:34 : Player #1 Alan - Legacy GUID: e4693e16704daa1c5c15a058786df292
﻿14:23:34 : Verified GUID (0f58f0f7cbcc27bdd669ddb2ba67dec1) of player #1 Alan
﻿14:25:48 : Player #5 Nikyta (190.244.45.71:2304) connected
﻿14:25:49 : Player #5 Nikyta - GUID: d18bc2163de1a6abe8924f2e0788680b (unverified)
﻿14:25:49 : Verified GUID (d18bc2163de1a6abe8924f2e0788680b) of player #5 Nikyta
﻿14:25:50 : Player #5 Nikyta - Legacy GUID: d294364f535d1f02da4e01c50aaec207
﻿14:26:03 : RCon admin #0: (Global) [juandayz] q paso bad guy?
﻿14:26:44 : RCon admin #0: (Global) [juandayz] no, decime
﻿14:30:23 : RCon admin #0: (Global) [juandayz] jajaja no se por q me suena q eso de "luna de miel" es sacada de cuero de chuky :D
﻿14:31:53 : Player #6 Tano (186.62.157.120:5806) connected
﻿14:31:54 : Player #6 Tano - GUID: 78441bb53332cb34abaf9c84860b5735 (unverified)
﻿14:31:54 : Verified GUID (78441bb53332cb34abaf9c84860b5735) of player #6 Tano
﻿14:31:55 : Player #6 Tano - Legacy GUID: 259976d9d922dd204bfc730130db772a
﻿14:32:13 : RCon admin #0: (Global) [juandayz] JF esta feliz desde q esta paula, ya no le dan tanto a su prostituta del mercado central
﻿14:32:29 : RCon admin #0: (To Nikyta) [juandayz] no pasa nada
﻿14:34:11 : RCon admin #0: (To Bad Guy) [juandayz] ahi despues le digo a chuky q veo eso q el configuro las misiones..debe saber q cagada se mando
﻿14:34:36 : RCon admin #0: (Global) [juandayz] hay sory.. origins... pfff
﻿14:40:24 : Player #1 Alan disconnected
﻿14:42:35 : Player #1 Alan (181.90.121.122:2304) connected
﻿14:42:36 : Player #1 Alan - GUID: 0f58f0f7cbcc27bdd669ddb2ba67dec1 (unverified)
﻿14:42:37 : Verified GUID (0f58f0f7cbcc27bdd669ddb2ba67dec1) of player #1 Alan
﻿14:42:37 : Player #1 Alan - Legacy GUID: e4693e16704daa1c5c15a058786df292
﻿14:42:52 : Player #1 Alan disconnected
﻿14:45:00 : RCon admin #1: (Global) BEC : This server will restart in 15 minutes
﻿14:48:35 : RCon admin #1: (To Tio  Chuck) BEC : You have about 60 seconds left to join the mission.
﻿14:49:06 : RCon admin #1: (To Tio  Chuck) BEC : You have about 30 seconds left to join the mission.
﻿14:49:07 : RCon admin #0: (Global) [juandayz] che los demas tambien tienen pocos fps, si no le saco el pasto al servidor y ahi suben banda
﻿14:49:20 : RCon admin #1: (To Tio  Chuck) BEC : You have about 15 seconds left to join the mission.
﻿14:49:35 : Player #3 Tio  Chuck (e734115a25c971cbcf8846b4ff771d85) has been kicked by BattlEye: Admin Kick (BEC : Lobby idling to long)
﻿14:49:48 : Player #1 Alan (181.90.121.122:2304) connected
﻿14:49:49 : Player #1 Alan - GUID: 0f58f0f7cbcc27bdd669ddb2ba67dec1 (unverified)
﻿14:49:49 : Verified GUID (0f58f0f7cbcc27bdd669ddb2ba67dec1) of player #1 Alan
﻿14:49:50 : Player #1 Alan - Legacy GUID: e4693e16704daa1c5c15a058786df292
﻿14:51:15 : RCon admin #0: (Global) [juandayz] si se ve horrible ademas, tambien se podria hacer  q cada uno elija si quiere o no el pasto, pero el q no usa pasto tiene ventaja
﻿14:54:59 : RCon admin #0: (Global) [juandayz] enchufa el cpu a un i phone este alan, eso uso de monitor el rata
﻿14:55:00 : RCon admin #1: (Global) BEC : This server will restart in 5 minutes
﻿14:58:58 : Player #4 RemiX disconnected
﻿14:59:00 : RCon admin #1: (Global) BEC : This server will restart in 1 minute, Log out now!
﻿14:59:18 : Player #5 Nikyta disconnected
﻿15:00:01 : Lost Connection!
﻿15:00:01 : Closing socket & exiting!
﻿15:01:15 : Rcon client logging in
﻿15:01:15 : RCon admin #1 (127.0.0.1:56628) logged in
﻿15:02:20 : Player #0 juandayz (201.252.202.27:2304) connected
﻿15:02:22 : Player #0 juandayz - GUID: d603844e2f77196bf616245ae360213b (unverified)
﻿15:02:22 : Verified GUID (d603844e2f77196bf616245ae360213b) of player #0 juandayz
﻿15:02:24 : Player #0 juandayz - Legacy GUID: a5aa074813dab730e26d67b8a0a0af6c
﻿15:02:43 : Player #1 JF (190.185.192.18:26512) connected
﻿15:02:43 : Player #1 JF - GUID: 93a2a9d9bc7acb34122becec3305fde7 (unverified)
﻿15:03:18 : Verified GUID (93a2a9d9bc7acb34122becec3305fde7) of player #1 JF
﻿15:03:19 : Player #1 JF - Legacy GUID: 1e3460faa1452299ec3b5f220fe797e0
﻿15:05:01 : Player #2 Alan (181.90.121.122:2304) connected
﻿15:05:02 : Player #2 Alan - GUID: 0f58f0f7cbcc27bdd669ddb2ba67dec1 (unverified)
﻿15:05:02 : Verified GUID (0f58f0f7cbcc27bdd669ddb2ba67dec1) of player #2 Alan
﻿15:05:03 : Player #2 Alan - Legacy GUID: e4693e16704daa1c5c15a058786df292
﻿15:05:12 : Player #3 Bad Guy (24.232.71.49:2304) connected
﻿15:05:14 : Player #3 Bad Guy - GUID: dda8f26d97fcb7ca8899f7f65d8536cf (unverified)
﻿15:05:14 : Verified GUID (dda8f26d97fcb7ca8899f7f65d8536cf) of player #3 Bad Guy
﻿15:05:15 : Player #3 Bad Guy - Legacy GUID: e63f5403618860de28c9af75ce0b2365
﻿15:05:40 : Player #4 RemiX (190.137.95.68:2304) connected
﻿15:05:41 : Player #4 RemiX - GUID: c4aa153e80dc334efbd81679021001e8 (unverified)
﻿15:05:42 : Verified GUID (c4aa153e80dc334efbd81679021001e8) of player #4 RemiX
﻿15:05:42 : Player #3 Bad Guy disconnected
﻿15:05:42 : Player #4 RemiX - Legacy GUID: 0df9e6c57e6cbc49236fa47c69861473
﻿15:07:07 : Player #3 Tio  Chuck (200.146.8.92:2304) connected
﻿15:07:09 : Player #3 Tio  Chuck - Legacy GUID: c870a8c9b20cfc479e46e729b49a443d
﻿15:07:09 : Player #3 Tio  Chuck - GUID: e734115a25c971cbcf8846b4ff771d85 (unverified)
﻿15:07:09 : Verified GUID (e734115a25c971cbcf8846b4ff771d85) of player #3 Tio  Chuck
﻿15:07:19 : Player #3 Tio  Chuck disconnected
﻿15:07:50 : Player #3 Nikyta (190.244.45.71:2304) connected
﻿15:07:51 : Player #3 Nikyta - GUID: d18bc2163de1a6abe8924f2e0788680b (unverified)
﻿15:07:52 : Verified GUID (d18bc2163de1a6abe8924f2e0788680b) of player #3 Nikyta
﻿15:07:53 : Player #3 Nikyta - Legacy GUID: d294364f535d1f02da4e01c50aaec207
﻿15:12:32 : Player #5 Bad Guy (24.232.71.49:2304) connected
﻿15:12:33 : Player #5 Bad Guy - GUID: dda8f26d97fcb7ca8899f7f65d8536cf (unverified)
﻿15:12:34 : Player #5 Bad Guy - Legacy GUID: e63f5403618860de28c9af75ce0b2365
﻿15:12:34 : Verified GUID (dda8f26d97fcb7ca8899f7f65d8536cf) of player #5 Bad Guy
﻿15:47:01 : Player #6 Jej0x |Aspirante| (190.51.228.69:2304) connected
﻿15:47:04 : Player #6 Jej0x |Aspirante| - GUID: f3e3268171736a361f4f08d3aee36558 (unverified)
﻿15:47:05 : Verified GUID (f3e3268171736a361f4f08d3aee36558) of player #6 Jej0x |Aspirante|
﻿15:47:06 : Player #6 Jej0x |Aspirante| - Legacy GUID: 46a8911586c7fdb684a7f7c1fb3da0e5
﻿15:55:42 : RCon admin #1: (To Nikyta) BEC : You have about 60 seconds left to join the mission.
﻿15:56:13 : RCon admin #1: (To Nikyta) BEC : You have about 30 seconds left to join the mission.
﻿15:56:27 : RCon admin #1: (To Nikyta) BEC : You have about 15 seconds left to join the mission.
﻿15:56:42 : Player #3 Nikyta (d18bc2163de1a6abe8924f2e0788680b) has been kicked by BattlEye: Admin Kick (BEC : Lobby idling to long)
﻿16:26:05 : Player #4 RemiX disconnected
﻿16:50:39 : RCon admin #1: (To juandayz) BEC : You have about 60 seconds left to join the mission.
﻿16:51:10 : RCon admin #1: (To juandayz) BEC : You have about 30 seconds left to join the mission.
﻿16:51:25 : RCon admin #1: (To juandayz) BEC : You have about 15 seconds left to join the mission.
﻿16:51:39 : Player #0 juandayz (d603844e2f77196bf616245ae360213b) has been kicked by BattlEye: Admin Kick (BEC : Lobby idling to long)
﻿16:52:44 : Player #0 juandayz (201.252.202.27:2304) connected
﻿16:52:46 : Player #0 juandayz - GUID: d603844e2f77196bf616245ae360213b (unverified)
﻿16:52:46 : Verified GUID (d603844e2f77196bf616245ae360213b) of player #0 juandayz
﻿16:52:46 : Player #0 juandayz - Legacy GUID: a5aa074813dab730e26d67b8a0a0af6c
﻿16:59:44 : Player #6 Jej0x |Aspirante| (f3e3268171736a361f4f08d3aee36558) has been kicked by BattlEye: Ping too high (499)
﻿17:00:24 : Player #3 Jej0x |Aspirante| (190.51.228.69:2304) connected
﻿17:00:34 : Player #3 Jej0x |Aspirante| - GUID: f3e3268171736a361f4f08d3aee36558 (unverified)
﻿17:00:34 : Verified GUID (f3e3268171736a361f4f08d3aee36558) of player #3 Jej0x |Aspirante|
﻿17:00:34 : Player #3 Jej0x |Aspirante| - Legacy GUID: 46a8911586c7fdb684a7f7c1fb3da0e5
﻿17:12:25 : RCon admin #0: (Global) [juandayz] voy perate
﻿17:16:12 : Player #4 Nikyta (190.244.45.71:2304) connected
﻿17:16:13 : Player #4 Nikyta - GUID: d18bc2163de1a6abe8924f2e0788680b (unverified)
﻿17:16:13 : Verified GUID (d18bc2163de1a6abe8924f2e0788680b) of player #4 Nikyta
﻿17:16:14 : Player #4 Nikyta - Legacy GUID: d294364f535d1f02da4e01c50aaec207
﻿17:20:55 : Player #0 juandayz disconnected
﻿17:21:38 : Player #3 Jej0x |Aspirante| disconnected
﻿17:22:16 : Player #0 juandayz (201.252.202.27:2304) connected
﻿17:22:18 : Player #0 juandayz - GUID: d603844e2f77196bf616245ae360213b (unverified)
﻿17:22:18 : Verified GUID (d603844e2f77196bf616245ae360213b) of player #0 juandayz
﻿17:22:18 : Player #0 juandayz - Legacy GUID: a5aa074813dab730e26d67b8a0a0af6c
﻿17:25:10 : Player #4 Nikyta disconnected
﻿17:25:15 : Player #0 juandayz disconnected
﻿17:26:55 : Player #5 Bad Guy disconnected
﻿17:30:40 : Player #2 Alan disconnected
﻿17:33:40 : Player #0 Alan (181.90.121.122:2304) connected
﻿17:33:43 : Player #0 Alan - GUID: 0f58f0f7cbcc27bdd669ddb2ba67dec1 (unverified)
﻿17:33:43 : Verified GUID (0f58f0f7cbcc27bdd669ddb2ba67dec1) of player #0 Alan
﻿17:33:45 : Player #0 Alan - Legacy GUID: e4693e16704daa1c5c15a058786df292
﻿17:45:00 : RCon admin #1: (Global) BEC : This server will restart in 15 minutes
﻿17:55:00 : RCon admin #1: (Global) BEC : This server will restart in 5 minutes
﻿17:59:00 : RCon admin #1: (Global) BEC : This server will restart in 1 minute, Log out now!
﻿17:59:47 : Player #0 Alan disconnected
﻿18:00:01 : Lost Connection!
﻿18:00:01 : Closing socket & exiting!
﻿18:20:52 : Rcon client logging in
﻿18:21:09 : RCon admin #1 (127.0.0.1:54109) logged in
﻿18:26:15 : Player #0 juandayz (d603844e2f77196bf616245ae360213b) has been kicked by BattlEye: Client not responding
﻿18:37:52 : Player #0 juandayz (190.226.88.97:2304) connected
﻿18:37:53 : Player #0 juandayz - GUID: d603844e2f77196bf616245ae360213b (unverified)
﻿18:37:54 : Verified GUID (d603844e2f77196bf616245ae360213b) of player #0 juandayz
﻿18:37:54 : Player #0 juandayz - Legacy GUID: a5aa074813dab730e26d67b8a0a0af6c
﻿18:40:11 : Could not connect to BE Master
﻿18:40:11 : Update attempt failed
﻿18:40:11 : Player #0 juandayz (d603844e2f77196bf616245ae360213b) has been kicked by BattlEye: Client not responding
﻿18:54:45 : Player #0 juandayz (190.226.88.97:2304) connected
﻿18:54:46 : Player #0 juandayz - GUID: d603844e2f77196bf616245ae360213b (unverified)
﻿18:54:47 : Verified GUID (d603844e2f77196bf616245ae360213b) of player #0 juandayz
﻿18:54:48 : Player #0 juandayz - Legacy GUID: a5aa074813dab730e26d67b8a0a0af6c
﻿19:09:39 : Rcon client logging in
﻿19:09:47 : RCon admin #1 (127.0.0.1:51168) logged in
﻿19:12:57 : Lost Connection!
﻿19:12:57 : Closing socket & exiting!
﻿19:14:28 : Rcon client logging in
﻿19:14:28 : RCon admin #1 (127.0.0.1:51181) logged in
﻿19:14:47 : Player #0 juandayz (190.226.88.97:2304) connected
﻿19:14:49 : Player #0 juandayz - GUID: d603844e2f77196bf616245ae360213b (unverified)
﻿19:14:49 : Player #0 juandayz - Legacy GUID: a5aa074813dab730e26d67b8a0a0af6c
﻿19:14:49 : Verified GUID (d603844e2f77196bf616245ae360213b) of player #0 juandayz
﻿19:27:38 : Rcon client logging in
﻿19:27:38 : RCon admin #1 (127.0.0.1:65227) logged in
﻿19:40:12 : Player #1 Alan (181.90.121.122:2304) connected
﻿19:40:13 : Player #1 Alan - GUID: 0f58f0f7cbcc27bdd669ddb2ba67dec1 (unverified)
﻿19:40:14 : Verified GUID (0f58f0f7cbcc27bdd669ddb2ba67dec1) of player #1 Alan
﻿19:40:14 : Player #1 Alan - Legacy GUID: e4693e16704daa1c5c15a058786df292
﻿19:51:01 : Player #0 juandayz (d603844e2f77196bf616245ae360213b) has been kicked by BattlEye: Client not responding
﻿19:58:12 : Player #0 juandayz (200.117.62.77:2304) connected
﻿19:58:13 : Player #0 juandayz - GUID: d603844e2f77196bf616245ae360213b (unverified)
﻿19:58:14 : Verified GUID (d603844e2f77196bf616245ae360213b) of player #0 juandayz
﻿19:58:14 : Player #0 juandayz - Legacy GUID: a5aa074813dab730e26d67b8a0a0af6c
﻿20:04:26 : Player #0 juandayz (d603844e2f77196bf616245ae360213b) has been kicked by BattlEye: Client not responding
﻿20:14:09 : Player #0 JF (190.185.192.18:26512) connected
﻿20:14:10 : Player #0 JF - GUID: 93a2a9d9bc7acb34122becec3305fde7 (unverified)
﻿20:14:11 : Verified GUID (93a2a9d9bc7acb34122becec3305fde7) of player #0 JF
﻿20:14:11 : Player #0 JF - Legacy GUID: 1e3460faa1452299ec3b5f220fe797e0
﻿20:22:01 : Player #2 Nikyta (190.244.45.71:2304) connected
﻿20:22:02 : Player #2 Nikyta - GUID: d18bc2163de1a6abe8924f2e0788680b (unverified)
﻿20:22:03 : Player #2 Nikyta - Legacy GUID: d294364f535d1f02da4e01c50aaec207
﻿20:23:36 : Player #2 Nikyta disconnected
﻿20:23:43 : Player #2 Nikyta (190.244.45.71:2304) connected
﻿20:23:44 : Player #2 Nikyta - GUID: d18bc2163de1a6abe8924f2e0788680b (unverified)
﻿20:23:46 : Player #2 Nikyta - Legacy GUID: d294364f535d1f02da4e01c50aaec207
﻿20:24:06 : Verified GUID (d18bc2163de1a6abe8924f2e0788680b) of player #2 Nikyta
﻿20:27:59 : Player #2 Nikyta disconnected
﻿20:45:00 : RCon admin #1: (Global) BEC : This server will restart in 15 minutes
﻿20:55:00 : RCon admin #1: (Global) BEC : This server will restart in 5 minutes
﻿20:55:42 : Player #2 FIN4LShare (187.63.77.182:2304) connected
﻿20:55:44 : Player #2 FIN4LShare - GUID: d4cd999756c3b7742306dd967dcf9a54 (unverified)
﻿20:55:44 : Verified GUID (d4cd999756c3b7742306dd967dcf9a54) of player #2 FIN4LShare
﻿20:55:45 : Player #2 FIN4LShare - Legacy GUID: cbd67b2c90a885cb5aa8bc1280925a58
﻿20:57:24 : Player #2 FIN4LShare disconnected
﻿20:57:49 : Player #1 Alan disconnected
﻿20:59:00 : RCon admin #1: (Global) BEC : Server restart in 1 minute, Log out NOW!
﻿21:00:02 : Lost Connection!
﻿21:00:02 : Closing socket & exiting!
﻿21:01:15 : Rcon client logging in
﻿21:01:15 : RCon admin #1 (127.0.0.1:64212) logged in
﻿21:08:58 : Player #0 FIN4LShare (187.63.77.182:2304) connected
﻿21:08:59 : Player #0 FIN4LShare - GUID: d4cd999756c3b7742306dd967dcf9a54 (unverified)
﻿21:08:59 : Verified GUID (d4cd999756c3b7742306dd967dcf9a54) of player #0 FIN4LShare
﻿21:08:59 : Player #0 FIN4LShare - Legacy GUID: cbd67b2c90a885cb5aa8bc1280925a58
﻿21:17:21 : RCon admin #0: (Global) [juandayz] como está você share
﻿21:22:50 : Player #1 JF (190.185.192.18:26512) connected
﻿21:22:51 : Player #1 JF - GUID: 93a2a9d9bc7acb34122becec3305fde7 (unverified)
﻿21:22:52 : Verified GUID (93a2a9d9bc7acb34122becec3305fde7) of player #1 JF
﻿21:22:52 : Player #1 JF - Legacy GUID: 1e3460faa1452299ec3b5f220fe797e0
﻿21:27:34 : RCon admin #1: (To FIN4LShare) BEC : You have about 60 seconds left to join the mission.
﻿21:28:06 : RCon admin #1: (To FIN4LShare) BEC : You have about 30 seconds left to join the mission.
﻿21:28:20 : RCon admin #1: (To FIN4LShare) BEC : You have about 15 seconds left to join the mission.
﻿21:28:34 : Player #0 FIN4LShare (d4cd999756c3b7742306dd967dcf9a54) has been kicked by BattlEye: Admin Kick (BEC : Lobby idling to long)
﻿21:50:29 : Player #0 Jonathan (186.79.159.255:2304) connected
﻿21:50:31 : Player #0 Jonathan - Legacy GUID: 9c7cc2916fbf65e45a61ba50930c56e0
﻿21:50:31 : Player #0 Jonathan - GUID: fdeb814c56f95c65313968c2487ce969 (unverified)
﻿21:50:32 : Verified GUID (fdeb814c56f95c65313968c2487ce969) of player #0 Jonathan
﻿21:50:33 : Player #0 Jonathan disconnected
﻿21:51:41 : RCon admin #0: (Global) [juandayz] jf como va
﻿22:22:34 : Player #0 Alan (181.90.121.122:2304) connected
﻿22:22:36 : Player #0 Alan - GUID: 0f58f0f7cbcc27bdd669ddb2ba67dec1 (unverified)
﻿22:22:36 : Player #0 Alan - Legacy GUID: e4693e16704daa1c5c15a058786df292
﻿22:22:36 : Verified GUID (0f58f0f7cbcc27bdd669ddb2ba67dec1) of player #0 Alan
﻿22:24:48 : RCon admin #0: (Global) [juandayz] con la puta, donde va a estar
﻿22:25:55 : RCon admin #0: (Global) [juandayz] siiiii
﻿22:34:13 : RCon admin #0: (Global) [juandayz] sacate el arma principal
﻿22:34:19 : RCon admin #0: (Global) [juandayz] tirala al piso o guardala
﻿22:34:37 : RCon admin #0: (Global) [juandayz] despues le haces click derecho al arma y elegis "remove from toolbet"
﻿22:35:03 : RCon admin #0: (Global) [juandayz] click derecho al hacha, no al arma.
﻿22:51:36 : Player #2 Nikyta (190.244.45.71:2304) connected
﻿22:51:37 : Player #2 Nikyta - GUID: d18bc2163de1a6abe8924f2e0788680b (unverified)
﻿22:51:37 : Verified GUID (d18bc2163de1a6abe8924f2e0788680b) of player #2 Nikyta
﻿22:51:38 : Player #2 Nikyta - Legacy GUID: d294364f535d1f02da4e01c50aaec207
﻿23:18:31 : Player #3 Leodagos (186.135.70.74:17281) connected
﻿23:18:32 : Player #3 Leodagos - GUID: 927032c3d7c1139aff0ff09424d46da1 (unverified)
﻿23:18:33 : Verified GUID (927032c3d7c1139aff0ff09424d46da1) of player #3 Leodagos
﻿23:18:33 : Player #3 Leodagos - Legacy GUID: d7639dceb9588d3b0ab85f82e92ff8de
﻿23:20:33 : Player #4 Braian |Aspirante| (181.229.193.90:2304) connected
﻿23:20:34 : Player #4 Braian |Aspirante| - GUID: cdc618df2d54ca997288fcc87121f76b (unverified)
﻿23:20:35 : Verified GUID (cdc618df2d54ca997288fcc87121f76b) of player #4 Braian |Aspirante|
﻿23:20:35 : Player #4 Braian |Aspirante| - Legacy GUID: c895084244afc06486ae6d81b381fd7e
﻿23:45:00 : RCon admin #1: (Global) BEC : This server will restart in 15 minutes
﻿23:52:48 : Player #2 Nikyta disconnected
﻿23:55:00 : RCon admin #1: (Global) BEC : This server will restart in 5 minutes
﻿23:56:37 : RCon admin #1: (To Alan) BEC : You have about 60 seconds left to join the mission.
﻿23:57:08 : RCon admin #1: (To Alan) BEC : You have about 30 seconds left to join the mission.
﻿23:57:15 : Player #1 JF disconnected
﻿23:57:22 : RCon admin #1: (To Alan) BEC : You have about 15 seconds left to join the mission.
﻿23:57:37 : Player #0 Alan (0f58f0f7cbcc27bdd669ddb2ba67dec1) has been kicked by BattlEye: Admin Kick (BEC : Lobby idling to long)
﻿23:59:00 : RCon admin #1: (Global) BEC : This server will restart in 1 minute, Log out now!
