00:00:02 : Lost Connection!
﻿00:00:02 : Closing socket & exiting!
﻿00:01:15 : Rcon client logging in
﻿00:01:30 : RCon admin #1 (127.0.0.1:58183) logged in
﻿00:01:30 : Player #1 Alan (181.95.224.222:2304) connected
﻿00:02:06 : Player #2 reconnect (181.31.146.206:2304) connected
﻿00:02:06 : Player #1 Alan - GUID: 0f58f0f7cbcc27bdd669ddb2ba67dec1 (unverified)
﻿00:02:06 : Player #1 Alan - Legacy GUID: e4693e16704daa1c5c15a058786df292
﻿00:02:07 : Verified GUID (0f58f0f7cbcc27bdd669ddb2ba67dec1) of player #1 Alan
﻿00:02:07 : Player #2 reconnect - GUID: bce9001abea802948b7f28a9f2de533e (unverified)
﻿00:02:09 : Verified GUID (bce9001abea802948b7f28a9f2de533e) of player #2 reconnect
﻿00:02:09 : Player #2 reconnect - Legacy GUID: 30e1b7957008270cda72e13e47f13b54
﻿00:09:49 : Player #3 Gustavo (179.40.83.50:2304) connected
﻿00:09:50 : Player #3 Gustavo - GUID: 7b7aad0a3f48c6d424ab96e2b7693d1a (unverified)
﻿00:09:50 : Verified GUID (7b7aad0a3f48c6d424ab96e2b7693d1a) of player #3 Gustavo
﻿00:09:51 : Player #3 Gustavo disconnected
﻿00:16:40 : Player #3 |CTU| Marco |Asp| (186.157.210.99:2304) connected
﻿00:16:41 : Player #3 |CTU| Marco |Asp| - GUID: 934f026755287e75c1ed1a4dd92a4a85 (unverified)
﻿00:16:41 : Verified GUID (934f026755287e75c1ed1a4dd92a4a85) of player #3 |CTU| Marco |Asp|
﻿00:16:42 : Player #3 |CTU| Marco |Asp| - Legacy GUID: 6852db643ba04a62b80233d875a5fc1e
﻿00:16:50 : Player #3 |CTU| Marco |Asp| disconnected
﻿02:14:55 : RCon admin #2 (179.25.141.67:62364) logged in
﻿02:45:00 : RCon admin #1: (Global) BEC : This server will restart in 15 minutes
﻿02:47:49 : Player #3 Kamui (190.179.217.21:26192) connected
﻿02:47:50 : Player #3 Kamui - GUID: 4a6ccac842613306096aa9a43d2b5a97 (unverified)
﻿02:47:51 : Verified GUID (4a6ccac842613306096aa9a43d2b5a97) of player #3 Kamui
﻿02:47:51 : Player #3 Kamui - Legacy GUID: f0ca0e170bf174c58fb92c7d379e8b7a
﻿02:49:21 : Player #3 Kamui disconnected
﻿02:51:58 : Player #3 Kamui (190.179.217.21:26198) connected
﻿02:51:59 : Player #3 Kamui - GUID: 4a6ccac842613306096aa9a43d2b5a97 (unverified)
﻿02:52:00 : Verified GUID (4a6ccac842613306096aa9a43d2b5a97) of player #3 Kamui
﻿02:52:00 : Player #3 Kamui - Legacy GUID: f0ca0e170bf174c58fb92c7d379e8b7a
﻿02:52:38 : Player #3 Kamui (4a6ccac842613306096aa9a43d2b5a97) has been kicked by BattlEye: Client not responding
﻿02:55:00 : RCon admin #1: (Global) BEC : This server will restart in 5 minutes
﻿02:55:03 : Player #2 reconnect disconnected
﻿02:56:38 : Player #2 THE JUAN (186.109.102.102:2304) connected
﻿02:56:39 : Player #2 THE JUAN - GUID: 3893537d2d90e9974b94cf548930a2e4 (unverified)
﻿02:56:40 : Verified GUID (3893537d2d90e9974b94cf548930a2e4) of player #2 THE JUAN
﻿02:56:40 : Player #2 THE JUAN - Legacy GUID: 176afb168a427f3a57eb950bcae46057
﻿02:57:10 : Player #0 juandayz disconnected
﻿02:57:35 : RCon admin #2 (127.0.0.1:49758) logged in
﻿02:58:32 : RCon admin #2: (Global) [ANTENA4] eyyy
﻿02:59:00 : RCon admin #1: (Global) BEC : This server will restart in 1 minute, Log out now!
﻿02:59:29 : Player #0 BrianNN (190.57.235.185:2304) connected
﻿02:59:31 : Player #0 BrianNN - GUID: 69b870ba0fd64f0b1a9c613c5df798db (unverified)
﻿02:59:31 : Player #0 BrianNN - Legacy GUID: 657d8dae1ae441b8aadfab45dda4d3f8
﻿02:59:32 : Verified GUID (69b870ba0fd64f0b1a9c613c5df798db) of player #0 BrianNN
﻿02:59:41 : Player #1 Alan disconnected
﻿03:00:02 : Lost Connection!
﻿03:00:02 : Closing socket & exiting!
﻿03:05:36 : Rcon client logging in
﻿03:05:36 : RCon admin #0 (127.0.0.1:56079) logged in
﻿03:06:44 : Player #0 BrianNN (190.57.235.185:2304) connected
﻿03:06:46 : Player #0 BrianNN - GUID: 69b870ba0fd64f0b1a9c613c5df798db (unverified)
﻿03:06:46 : Verified GUID (69b870ba0fd64f0b1a9c613c5df798db) of player #0 BrianNN
﻿03:06:47 : Player #0 BrianNN - Legacy GUID: 657d8dae1ae441b8aadfab45dda4d3f8
﻿03:06:47 : Player #1 THE JUAN (186.109.102.102:2304) connected
﻿03:06:48 : Player #1 THE JUAN - GUID: 3893537d2d90e9974b94cf548930a2e4 (unverified)
﻿03:07:08 : Verified GUID (3893537d2d90e9974b94cf548930a2e4) of player #1 THE JUAN
﻿03:07:08 : Player #1 THE JUAN - Legacy GUID: 176afb168a427f3a57eb950bcae46057
﻿03:08:41 : Player #2 Alan (181.95.224.222:2304) connected
﻿03:08:44 : Player #2 Alan - GUID: 0f58f0f7cbcc27bdd669ddb2ba67dec1 (unverified)
﻿03:08:45 : Verified GUID (0f58f0f7cbcc27bdd669ddb2ba67dec1) of player #2 Alan
﻿03:08:45 : Player #2 Alan - Legacy GUID: e4693e16704daa1c5c15a058786df292
﻿03:08:48 : (Unknown) Alan: No entry 'bin\config.bin/CfgMagazines.460Rnd_762x51_M240_ACR'.
﻿03:08:48 : Player #3 reconnect (181.31.146.206:2304) connected
﻿03:08:49 : Player #3 reconnect - GUID: bce9001abea802948b7f28a9f2de533e (unverified)
﻿03:08:49 : Verified GUID (bce9001abea802948b7f28a9f2de533e) of player #3 reconnect
﻿03:08:50 : (Unknown) reconnect: No entry 'bin\config.bin/CfgMagazines.460Rnd_762x51_M240_ACR'.
﻿03:08:50 : Player #3 reconnect - Legacy GUID: 30e1b7957008270cda72e13e47f13b54
﻿03:16:42 : RCon admin #1 (127.0.0.1:61641) logged in
﻿03:26:24 : Player #4 Sylvester Stanag (200.117.60.132:2304) connected
﻿03:26:25 : Player #4 Sylvester Stanag - GUID: d603844e2f77196bf616245ae360213b (unverified)
﻿03:26:26 : Verified GUID (d603844e2f77196bf616245ae360213b) of player #4 Sylvester Stanag
﻿03:26:26 : Player #4 Sylvester Stanag - Legacy GUID: a5aa074813dab730e26d67b8a0a0af6c
﻿03:32:32 : RCon admin #1: (Global) [juandayz] hola brian, bienvenido
﻿03:32:46 : RCon admin #1: (Global) [juandayz] los autos, los conseguis en el mercado central
﻿03:33:25 : RCon admin #1: (Global) [juandayz] la zona ifectada de stary, es un lugar de looteo militar. pero tenes que salir en meonos de 3 min si no moris infectado
﻿03:33:57 : RCon admin #1: (Global) [juandayz] hay cosas, si. pero fijate el mapa, antes de ir ahi tenes otras opciones.
﻿03:34:35 : RCon admin #1: (Global) [juandayz] si el mercado central te queda lejos. Podes comprar una moto o un atv, en ANTENA4. si no click derecho a tu caja de herramientas y construis una bici
﻿03:35:55 : RCon admin #1: (Global) [juandayz] ts5.freets3.net:10113  ese es el ts
﻿03:45:45 : Player #4 Sylvester Stanag disconnected
﻿03:53:22 : RCon admin #1: (To BrianNN) [juandayz] estan bloqueados los vehiculos por q tienen dueño XD
﻿03:53:40 : RCon admin #1: (Global) [juandayz] jugaste alguna vez epoch?
﻿03:59:13 : Player #4 CptPrice (179.25.147.159:2304) connected
﻿03:59:14 : Player #4 CptPrice - GUID: dad8a88f476920602e0ba8a3ec2233f0 (unverified)
﻿03:59:14 : Verified GUID (dad8a88f476920602e0ba8a3ec2233f0) of player #4 CptPrice
﻿03:59:15 : Player #4 CptPrice - Legacy GUID: 323a7f4bd8042e48a12960b923bdf4f4
﻿04:03:48 : RCon admin #1: (To reconnect) [juandayz] jajaja deja de enseñarle al pibe a explotar los bugs
﻿04:04:13 : RCon admin #1: (To CptPrice) [juandayz] hola price
﻿04:04:32 : RCon admin #1: (To CptPrice) [juandayz] bien!!!
﻿04:05:33 : Player #0 BrianNN disconnected
﻿04:05:35 : Player #1 THE JUAN disconnected
﻿04:05:51 : Player #0 Sylvester Stanag (200.117.60.132:2304) connected
﻿04:05:52 : Player #0 Sylvester Stanag - GUID: d603844e2f77196bf616245ae360213b (unverified)
﻿04:05:53 : Verified GUID (d603844e2f77196bf616245ae360213b) of player #0 Sylvester Stanag
﻿04:05:53 : Player #0 Sylvester Stanag - Legacy GUID: a5aa074813dab730e26d67b8a0a0af6c
﻿04:08:54 : Player #4 CptPrice disconnected
﻿04:20:56 : Player #0 Sylvester Stanag disconnected
﻿05:06:12 : Player #0 Adrix1999 (189.244.165.65:2304) connected
﻿05:06:14 : Player #0 Adrix1999 - GUID: 7dd502b891041a979a7c0727e9515c86 (unverified)
﻿05:06:14 : Verified GUID (7dd502b891041a979a7c0727e9515c86) of player #0 Adrix1999
﻿05:06:14 : Player #0 Adrix1999 - Legacy GUID: e93d6b5f6bfb63cc0e9e4924baf8c741
﻿05:06:15 : Player #0 Adrix1999 disconnected
﻿05:06:30 : Player #0 Adrix1999 (189.244.165.65:2304) connected
﻿05:06:31 : Player #0 Adrix1999 - GUID: 7dd502b891041a979a7c0727e9515c86 (unverified)
﻿05:06:32 : Verified GUID (7dd502b891041a979a7c0727e9515c86) of player #0 Adrix1999
﻿05:06:32 : Player #0 Adrix1999 - Legacy GUID: e93d6b5f6bfb63cc0e9e4924baf8c741
﻿05:06:32 : Player #0 Adrix1999 disconnected
﻿05:08:05 : Player #0 Adrix1999 (189.244.165.65:2304) connected
﻿05:08:06 : Player #0 Adrix1999 - GUID: 7dd502b891041a979a7c0727e9515c86 (unverified)
﻿05:08:07 : Verified GUID (7dd502b891041a979a7c0727e9515c86) of player #0 Adrix1999
﻿05:08:07 : Player #0 Adrix1999 - Legacy GUID: e93d6b5f6bfb63cc0e9e4924baf8c741
﻿05:35:07 : Player #3 reconnect disconnected
﻿05:45:00 : RCon admin #0: (Global) BEC : This server will restart in 15 minutes
﻿05:55:00 : RCon admin #0: (Global) BEC : This server will restart in 5 minutes
﻿05:59:00 : RCon admin #0: (Global) BEC : This server will restart in 1 minute, Log out now!
﻿06:00:02 : Lost Connection!
﻿06:00:02 : Closing socket & exiting!
﻿06:01:15 : Rcon client logging in
﻿06:01:15 : RCon admin #1 (127.0.0.1:53832) logged in
﻿06:01:21 : Player #0 Adrix1999 (189.244.165.65:2304) connected
﻿06:01:23 : Player #0 Adrix1999 - Legacy GUID: e93d6b5f6bfb63cc0e9e4924baf8c741
﻿06:01:24 : Player #0 Adrix1999 - GUID: 7dd502b891041a979a7c0727e9515c86 (unverified)
﻿06:01:25 : Verified GUID (7dd502b891041a979a7c0727e9515c86) of player #0 Adrix1999
﻿06:13:53 : Player #0 Adrix1999 (7dd502b891041a979a7c0727e9515c86) has been kicked by BattlEye: Client not responding
﻿06:14:58 : Player #0 Adrix1999 (189.244.165.65:2304) connected
﻿06:14:59 : Player #0 Adrix1999 - GUID: 7dd502b891041a979a7c0727e9515c86 (unverified)
﻿06:15:00 : Player #0 Adrix1999 - Legacy GUID: e93d6b5f6bfb63cc0e9e4924baf8c741
﻿06:15:53 : Player #0 Adrix1999 disconnected
﻿06:15:57 : Player #0 Adrix1999 (189.244.165.65:2304) connected
﻿06:15:58 : Player #0 Adrix1999 - GUID: 7dd502b891041a979a7c0727e9515c86 (unverified)
﻿06:15:59 : Player #0 Adrix1999 - Legacy GUID: e93d6b5f6bfb63cc0e9e4924baf8c741
﻿06:16:51 : Player #0 Adrix1999 disconnected
﻿06:16:55 : Player #0 Adrix1999 (189.244.165.65:2304) connected
﻿06:16:56 : Player #0 Adrix1999 - GUID: 7dd502b891041a979a7c0727e9515c86 (unverified)
﻿06:16:57 : Player #0 Adrix1999 - Legacy GUID: e93d6b5f6bfb63cc0e9e4924baf8c741
﻿06:17:45 : Player #0 Adrix1999 disconnected
﻿06:18:11 : Player #0 Adrix1999 (189.244.165.65:2304) connected
﻿06:18:12 : Player #0 Adrix1999 - GUID: 7dd502b891041a979a7c0727e9515c86 (unverified)
﻿06:18:13 : Player #0 Adrix1999 - Legacy GUID: e93d6b5f6bfb63cc0e9e4924baf8c741
﻿06:18:20 : Player #0 Adrix1999 disconnected
﻿06:23:07 : Player #0 Adrix1999 (189.244.165.65:2304) connected
﻿06:23:08 : Player #0 Adrix1999 - GUID: 7dd502b891041a979a7c0727e9515c86 (unverified)
﻿06:23:09 : Verified GUID (7dd502b891041a979a7c0727e9515c86) of player #0 Adrix1999
﻿06:23:09 : Player #0 Adrix1999 - Legacy GUID: e93d6b5f6bfb63cc0e9e4924baf8c741
﻿06:34:48 : Player #0 Adrix1999 disconnected
﻿06:34:52 : Player #0 Adrix1999 (189.244.165.65:2304) connected
﻿06:34:54 : Player #0 Adrix1999 - GUID: 7dd502b891041a979a7c0727e9515c86 (unverified)
﻿06:34:54 : Verified GUID (7dd502b891041a979a7c0727e9515c86) of player #0 Adrix1999
﻿06:34:55 : Player #0 Adrix1999 - Legacy GUID: e93d6b5f6bfb63cc0e9e4924baf8c741
﻿06:57:09 : Player #0 Adrix1999 (7dd502b891041a979a7c0727e9515c86) has been kicked by BattlEye: Client not responding
﻿08:45:00 : RCon admin #1: (Global) BEC : This server will restart in 15 minutes
﻿08:55:00 : RCon admin #1: (Global) BEC : This server will restart in 5 minutes
﻿08:59:00 : RCon admin #1: (Global) BEC : This server will restart in 1 minute, Log out now!
﻿09:00:01 : Lost Connection!
﻿09:00:01 : Closing socket & exiting!
﻿09:01:15 : Rcon client logging in
﻿09:01:15 : RCon admin #1 (127.0.0.1:51029) logged in
﻿11:41:43 : Player #0 Maximo (200.127.228.94:2304) connected
﻿11:41:45 : Player #0 Maximo - GUID: b28621363083db575f9dd6272b784d26 (unverified)
﻿11:41:45 : Verified GUID (b28621363083db575f9dd6272b784d26) of player #0 Maximo
﻿11:41:46 : Player #0 Maximo - Legacy GUID: f493384dda0ef5d77d1ba851820e9965
﻿11:43:17 : Player #0 Maximo (b28621363083db575f9dd6272b784d26) has been kicked by BattlEye: Client not responding
﻿11:45:00 : RCon admin #1: (Global) BEC : This server will restart in 15 minutes
﻿11:55:00 : RCon admin #1: (Global) BEC : This server will restart in 5 minutes
﻿11:59:00 : RCon admin #1: (Global) BEC : This server will restart in 1 minute, Log out now!
﻿12:00:01 : Lost Connection!
﻿12:00:01 : Closing socket & exiting!
﻿12:01:15 : Rcon client logging in
﻿12:01:15 : RCon admin #1 (127.0.0.1:62108) logged in
﻿13:59:42 : Player #0 j0HNS0N'S (190.22.51.53:14307) connected
﻿13:59:44 : Player #0 j0HNS0N'S - GUID: 8f7d571eefd35fae1cb55420f7b1b815 (unverified)
﻿13:59:44 : Verified GUID (8f7d571eefd35fae1cb55420f7b1b815) of player #0 j0HNS0N'S
﻿13:59:45 : Player #0 j0HNS0N'S - Legacy GUID: 49d7cb762be4075a2ac96b6e5a627708
﻿14:00:32 : Player #1 LarzuK (186.56.20.115:2304) connected
﻿14:01:08 : Player #1 LarzuK - GUID: 830c029a6ec69a6e0563b0638ebe72b9 (unverified)
﻿14:01:08 : Player #1 LarzuK - Legacy GUID: 36a4a2b1fb2e23467aba15c0a1207080
﻿14:02:02 : Verified GUID (830c029a6ec69a6e0563b0638ebe72b9) of player #1 LarzuK
﻿14:04:25 : Player #2 Gustavo (190.138.129.191:2304) connected
﻿14:04:26 : Player #2 Gustavo - GUID: a03ff6af57cd8ae718c1b355071e6811 (unverified)
﻿14:04:26 : Verified GUID (a03ff6af57cd8ae718c1b355071e6811) of player #2 Gustavo
﻿14:04:27 : Player #2 Gustavo - Legacy GUID: 30cc89fdad70965e25c6bcd2709879dd
﻿14:04:29 : Player #2 Gustavo disconnected
﻿14:06:30 : Player #1 LarzuK (830c029a6ec69a6e0563b0638ebe72b9) has been kicked by BattlEye: Client not responding
﻿14:06:42 : Player #0 j0HNS0N'S (8f7d571eefd35fae1cb55420f7b1b815) has been kicked by BattlEye: Client not responding
﻿14:11:06 : Player #0 j0HNS0N'S (190.22.51.53:1024) connected
﻿14:11:07 : Player #0 j0HNS0N'S - GUID: 8f7d571eefd35fae1cb55420f7b1b815 (unverified)
﻿14:11:08 : Verified GUID (8f7d571eefd35fae1cb55420f7b1b815) of player #0 j0HNS0N'S
﻿14:11:08 : Player #0 j0HNS0N'S - Legacy GUID: 49d7cb762be4075a2ac96b6e5a627708
﻿14:11:32 : Player #1 Gustavo (190.138.129.191:2304) connected
﻿14:11:33 : Player #1 Gustavo - GUID: a03ff6af57cd8ae718c1b355071e6811 (unverified)
﻿14:11:33 : Verified GUID (a03ff6af57cd8ae718c1b355071e6811) of player #1 Gustavo
﻿14:11:34 : Player #1 Gustavo disconnected
﻿14:24:40 : Player #1 sebastian (152.172.184.199:2304) connected
﻿14:24:41 : Player #1 sebastian - GUID: c953df4744f2f6840b5bc2cde9ebfd50 (unverified)
﻿14:24:42 : Verified GUID (c953df4744f2f6840b5bc2cde9ebfd50) of player #1 sebastian
﻿14:24:42 : Player #1 sebastian - Legacy GUID: 5759984b6184489b63a98879c9bcf268
﻿14:26:09 : Player #2 Azrael1x (191.80.200.125:2304) connected
﻿14:26:10 : Player #2 Azrael1x - GUID: f3bbe77e31363319b3378084ddcb86d8 (unverified)
﻿14:26:10 : Verified GUID (f3bbe77e31363319b3378084ddcb86d8) of player #2 Azrael1x
﻿14:26:11 : Player #2 Azrael1x - Legacy GUID: 872394ca0b82ad6e77d13dc8f5141d95
﻿14:26:15 : Player #3 LarzuK (186.56.20.115:2304) connected
﻿14:26:16 : Player #3 LarzuK - GUID: 830c029a6ec69a6e0563b0638ebe72b9 (unverified)
﻿14:26:17 : Player #3 LarzuK - Legacy GUID: 36a4a2b1fb2e23467aba15c0a1207080
﻿14:26:17 : Verified GUID (830c029a6ec69a6e0563b0638ebe72b9) of player #3 LarzuK
﻿14:30:33 : Player #2 Azrael1x disconnected
﻿14:33:01 : Player #1 sebastian disconnected
﻿14:36:27 : Player #1 sebastian (152.172.184.199:2304) connected
﻿14:36:28 : Player #1 sebastian - GUID: c953df4744f2f6840b5bc2cde9ebfd50 (unverified)
﻿14:36:28 : Verified GUID (c953df4744f2f6840b5bc2cde9ebfd50) of player #1 sebastian
﻿14:36:29 : Player #1 sebastian - Legacy GUID: 5759984b6184489b63a98879c9bcf268
﻿14:45:00 : RCon admin #1: (Global) BEC : This server will restart in 15 minutes
﻿14:55:00 : RCon admin #1: (Global) BEC : This server will restart in 5 minutes
﻿14:59:00 : RCon admin #1: (Global) BEC : This server will restart in 1 minute, Log out now!
﻿15:00:01 : Lost Connection!
﻿15:00:01 : Closing socket & exiting!
﻿15:04:17 : Rcon client logging in
﻿15:04:17 : RCon admin #1 (127.0.0.1:50398) logged in
﻿15:26:26 : No Valid response. Trying to reconnect.!
﻿15:26:26 : Rcon client logging in
﻿15:31:42 : Rcon client logging in
﻿15:31:42 : RCon admin #0 (127.0.0.1:49643) logged in
﻿15:33:10 : Player #0 Sylvester Stanag (181.14.147.250:2304) connected
﻿15:33:11 : Player #0 Sylvester Stanag - GUID: d603844e2f77196bf616245ae360213b (unverified)
﻿15:33:12 : Verified GUID (d603844e2f77196bf616245ae360213b) of player #0 Sylvester Stanag
﻿15:33:13 : Player #0 Sylvester Stanag - Legacy GUID: a5aa074813dab730e26d67b8a0a0af6c
﻿15:36:24 : Player #1 shiji01 (190.176.143.26:2304) connected
﻿15:36:25 : Player #1 shiji01 - GUID: c7645c61bff283bba70a1cbafd3eaff2 (unverified)
﻿15:36:25 : Verified GUID (c7645c61bff283bba70a1cbafd3eaff2) of player #1 shiji01
﻿15:36:26 : Player #1 shiji01 - Legacy GUID: b4c60b72fb6fd983a148848276bf060d
﻿15:36:29 : Player #2 BrianNN (190.57.235.185:2304) connected
﻿15:36:31 : Player #2 BrianNN - GUID: 69b870ba0fd64f0b1a9c613c5df798db (unverified)
﻿15:36:31 : Verified GUID (69b870ba0fd64f0b1a9c613c5df798db) of player #2 BrianNN
﻿15:36:31 : Player #2 BrianNN - Legacy GUID: 657d8dae1ae441b8aadfab45dda4d3f8
﻿15:36:49 : Player #1 shiji01 disconnected
﻿15:37:21 : Player #1 shiji01 (190.176.143.26:2304) connected
﻿15:37:22 : Player #1 shiji01 - GUID: c7645c61bff283bba70a1cbafd3eaff2 (unverified)
﻿15:37:23 : Verified GUID (c7645c61bff283bba70a1cbafd3eaff2) of player #1 shiji01
﻿15:37:23 : Player #1 shiji01 - Legacy GUID: b4c60b72fb6fd983a148848276bf060d
﻿15:37:46 : Player #1 shiji01 disconnected
﻿15:38:33 : Player #1 shiji01 (190.176.143.26:2304) connected
﻿15:38:34 : Player #1 shiji01 - GUID: c7645c61bff283bba70a1cbafd3eaff2 (unverified)
﻿15:38:35 : Verified GUID (c7645c61bff283bba70a1cbafd3eaff2) of player #1 shiji01
﻿15:38:35 : Player #1 shiji01 - Legacy GUID: b4c60b72fb6fd983a148848276bf060d
﻿15:38:57 : Player #1 shiji01 disconnected
﻿15:40:03 : Player #1 shiji01 (190.176.143.26:2304) connected
﻿15:40:04 : Player #1 shiji01 - GUID: c7645c61bff283bba70a1cbafd3eaff2 (unverified)
﻿15:40:04 : Verified GUID (c7645c61bff283bba70a1cbafd3eaff2) of player #1 shiji01
﻿15:40:05 : Player #1 shiji01 - Legacy GUID: b4c60b72fb6fd983a148848276bf060d
﻿15:40:27 : Player #1 shiji01 disconnected
﻿15:41:50 : Player #1 LarzuK (186.56.20.115:2304) connected
﻿15:41:51 : Player #1 LarzuK - GUID: 830c029a6ec69a6e0563b0638ebe72b9 (unverified)
﻿15:41:52 : Player #1 LarzuK - Legacy GUID: 36a4a2b1fb2e23467aba15c0a1207080
﻿15:41:53 : Verified GUID (830c029a6ec69a6e0563b0638ebe72b9) of player #1 LarzuK
﻿15:44:32 : Player #1 LarzuK disconnected
﻿15:44:47 : Player #1 shiji01 (190.176.143.26:2304) connected
﻿15:44:48 : Player #1 shiji01 - GUID: c7645c61bff283bba70a1cbafd3eaff2 (unverified)
﻿15:44:48 : Verified GUID (c7645c61bff283bba70a1cbafd3eaff2) of player #1 shiji01
﻿15:44:49 : Player #1 shiji01 - Legacy GUID: b4c60b72fb6fd983a148848276bf060d
﻿15:45:00 : Player #1 shiji01 disconnected
﻿15:46:58 : Player #1 LarzuK (186.56.20.115:2304) connected
﻿15:46:59 : Player #1 LarzuK - GUID: 830c029a6ec69a6e0563b0638ebe72b9 (unverified)
﻿15:47:00 : Verified GUID (830c029a6ec69a6e0563b0638ebe72b9) of player #1 LarzuK
﻿15:47:00 : Player #1 LarzuK - Legacy GUID: 36a4a2b1fb2e23467aba15c0a1207080
﻿15:52:40 : RCon admin #0: (To LarzuK) BEC : You have about 60 seconds left to join the mission.
﻿15:53:11 : RCon admin #0: (To LarzuK) BEC : You have about 30 seconds left to join the mission.
﻿15:53:26 : RCon admin #0: (To LarzuK) BEC : You have about 15 seconds left to join the mission.
﻿15:53:40 : Player #1 LarzuK (830c029a6ec69a6e0563b0638ebe72b9) has been kicked by BattlEye: Admin Kick (BEC : Lobby idling to long)
﻿15:55:43 : Player #1 LarzuK (186.56.20.115:2304) connected
﻿15:55:46 : Player #1 LarzuK - GUID: 830c029a6ec69a6e0563b0638ebe72b9 (unverified)
﻿15:55:47 : Verified GUID (830c029a6ec69a6e0563b0638ebe72b9) of player #1 LarzuK
﻿15:55:48 : Player #1 LarzuK - Legacy GUID: 36a4a2b1fb2e23467aba15c0a1207080
﻿16:04:20 : Player #0 Sylvester Stanag disconnected
﻿16:04:53 : Player #0 juandayz (181.14.147.250:2304) connected
﻿16:04:54 : Player #0 juandayz - GUID: d603844e2f77196bf616245ae360213b (unverified)
﻿16:04:54 : Verified GUID (d603844e2f77196bf616245ae360213b) of player #0 juandayz
﻿16:04:55 : Player #0 juandayz - Legacy GUID: a5aa074813dab730e26d67b8a0a0af6c
﻿16:34:18 : RCon admin #0: (To LarzuK) BEC : You have about 60 seconds left to join the mission.
﻿16:34:50 : RCon admin #0: (To LarzuK) BEC : You have about 30 seconds left to join the mission.
﻿16:35:04 : RCon admin #0: (To LarzuK) BEC : You have about 15 seconds left to join the mission.
﻿16:35:18 : Player #1 LarzuK (830c029a6ec69a6e0563b0638ebe72b9) has been kicked by BattlEye: Admin Kick (BEC : Lobby idling to long)
﻿16:42:19 : Player #1 Nah44 (181.230.54.29:2304) connected
﻿16:42:20 : Player #1 Nah44 - GUID: 3b8d625d929bc895b0de0b46e2d13e33 (unverified)
﻿16:42:21 : Verified GUID (3b8d625d929bc895b0de0b46e2d13e33) of player #1 Nah44
﻿16:42:21 : Player #1 Nah44 - Legacy GUID: fb1a030952d993797290c2c1dc81077e
﻿16:49:55 : Player #2 BrianNN disconnected
﻿17:06:09 : Player #2 Alan (181.95.224.222:2304) connected
﻿17:06:10 : Player #2 Alan - GUID: 0f58f0f7cbcc27bdd669ddb2ba67dec1 (unverified)
﻿17:06:11 : Verified GUID (0f58f0f7cbcc27bdd669ddb2ba67dec1) of player #2 Alan
﻿17:06:11 : Player #2 Alan - Legacy GUID: e4693e16704daa1c5c15a058786df292
﻿17:06:12 : Player #2 Alan disconnected
﻿17:07:01 : Player #2 Alan (181.95.224.222:2304) connected
﻿17:07:02 : Player #2 Alan - GUID: 0f58f0f7cbcc27bdd669ddb2ba67dec1 (unverified)
﻿17:07:03 : Verified GUID (0f58f0f7cbcc27bdd669ddb2ba67dec1) of player #2 Alan
﻿17:07:03 : Player #2 Alan disconnected
﻿17:07:27 : Player #2 Alan (181.95.224.222:2304) connected
﻿17:07:28 : Player #2 Alan - GUID: 0f58f0f7cbcc27bdd669ddb2ba67dec1 (unverified)
﻿17:07:28 : Verified GUID (0f58f0f7cbcc27bdd669ddb2ba67dec1) of player #2 Alan
﻿17:07:29 : Player #2 Alan disconnected
﻿17:09:51 : Player #2 Alan (181.95.224.222:2304) connected
﻿17:09:52 : Player #2 Alan - GUID: 0f58f0f7cbcc27bdd669ddb2ba67dec1 (unverified)
﻿17:09:53 : Verified GUID (0f58f0f7cbcc27bdd669ddb2ba67dec1) of player #2 Alan
﻿17:09:53 : Player #2 Alan - Legacy GUID: e4693e16704daa1c5c15a058786df292
﻿17:10:23 : Player #3 LarzuK (186.56.20.115:2304) connected
﻿17:10:27 : Player #3 LarzuK - GUID: 830c029a6ec69a6e0563b0638ebe72b9 (unverified)
﻿17:10:27 : Player #3 LarzuK - Legacy GUID: 36a4a2b1fb2e23467aba15c0a1207080
﻿17:12:07 : Verified GUID (830c029a6ec69a6e0563b0638ebe72b9) of player #3 LarzuK
﻿17:16:09 : RCon admin #0: (To LarzuK) BEC : You have about 60 seconds left to join the mission.
﻿17:16:40 : RCon admin #0: (To LarzuK) BEC : You have about 30 seconds left to join the mission.
﻿17:16:54 : RCon admin #0: (To LarzuK) BEC : You have about 15 seconds left to join the mission.
﻿17:17:09 : Player #3 LarzuK (830c029a6ec69a6e0563b0638ebe72b9) has been kicked by BattlEye: Admin Kick (BEC : Lobby idling to long)
﻿17:21:36 : Player #3 LarzuK (186.56.20.115:2304) connected
﻿17:21:38 : Player #3 LarzuK - GUID: 830c029a6ec69a6e0563b0638ebe72b9 (unverified)
﻿17:21:38 : Player #3 LarzuK - Legacy GUID: 36a4a2b1fb2e23467aba15c0a1207080
﻿17:21:39 : Verified GUID (830c029a6ec69a6e0563b0638ebe72b9) of player #3 LarzuK
﻿17:34:35 : RCon admin #0: (To LarzuK) BEC : You have about 60 seconds left to join the mission.
﻿17:35:06 : RCon admin #0: (To LarzuK) BEC : You have about 30 seconds left to join the mission.
﻿17:35:21 : RCon admin #0: (To LarzuK) BEC : You have about 15 seconds left to join the mission.
﻿17:35:26 : RCon admin #1 (127.0.0.1:56220) logged in
﻿17:35:35 : Player #3 LarzuK (830c029a6ec69a6e0563b0638ebe72b9) has been kicked by BattlEye: Admin Kick (BEC : Lobby idling to long)
﻿17:37:08 : RCon admin #2 (167.56.125.70:60053) logged in
﻿17:37:20 : RCon admin #3 (167.56.125.70:50854) logged in
﻿17:38:10 : Player #3 LarzuK (186.56.20.115:2304) connected
﻿17:38:11 : Player #3 LarzuK - GUID: 830c029a6ec69a6e0563b0638ebe72b9 (unverified)
﻿17:38:12 : Verified GUID (830c029a6ec69a6e0563b0638ebe72b9) of player #3 LarzuK
﻿17:38:12 : Player #3 LarzuK - Legacy GUID: 36a4a2b1fb2e23467aba15c0a1207080
﻿17:40:57 : Player #4 Seba (200.89.154.130:2442) connected
﻿17:40:59 : Player #4 Seba - GUID: e84a7c2f0f444a8fa6bff7df557360c8 (unverified)
﻿17:41:00 : Verified GUID (e84a7c2f0f444a8fa6bff7df557360c8) of player #4 Seba
﻿17:41:01 : Player #4 Seba - Legacy GUID: 1db2d3b9de40f70681e8a27940355628
﻿17:45:00 : RCon admin #0: (Global) BEC : This server will restart in 15 minutes
﻿17:46:42 : RCon admin #0: (To Seba) BEC : You have about 60 seconds left to join the mission.
﻿17:47:14 : RCon admin #0: (To Seba) BEC : You have about 30 seconds left to join the mission.
﻿17:47:28 : RCon admin #0: (To Seba) BEC : You have about 15 seconds left to join the mission.
﻿17:47:42 : Player #4 Seba (e84a7c2f0f444a8fa6bff7df557360c8) has been kicked by BattlEye: Admin Kick (BEC : Lobby idling to long)
﻿17:55:00 : RCon admin #0: (Global) BEC : This server will restart in 5 minutes
﻿17:59:00 : RCon admin #0: (Global) BEC : This server will restart in 1 minute, Log out now!
﻿17:59:25 : Player #2 Alan disconnected
﻿18:00:01 : Lost Connection!
﻿18:00:01 : Closing socket & exiting!
﻿18:04:29 : Rcon client logging in
﻿18:07:23 : Rcon client logging in
﻿18:07:24 : RCon admin #2 (127.0.0.1:59877) logged in
﻿18:10:21 : Rcon client logging in
﻿18:10:56 : RCon admin #2 (127.0.0.1:59899) logged in
﻿18:12:32 : Player #1 Alan (181.95.224.222:2304) connected
﻿18:12:34 : Player #1 Alan - GUID: 0f58f0f7cbcc27bdd669ddb2ba67dec1 (unverified)
﻿18:12:34 : Verified GUID (0f58f0f7cbcc27bdd669ddb2ba67dec1) of player #1 Alan
﻿18:12:34 : Player #1 Alan - Legacy GUID: e4693e16704daa1c5c15a058786df292
﻿18:13:57 : Player #2 Nah44 (181.230.54.29:2304) connected
﻿18:13:58 : Player #2 Nah44 - GUID: 3b8d625d929bc895b0de0b46e2d13e33 (unverified)
﻿18:13:58 : Verified GUID (3b8d625d929bc895b0de0b46e2d13e33) of player #2 Nah44
﻿18:13:59 : Player #2 Nah44 - Legacy GUID: fb1a030952d993797290c2c1dc81077e
﻿18:20:05 : RCon admin #2: (To juandayz) BEC : You have about 60 seconds left to join the mission.
﻿18:20:36 : RCon admin #2: (To juandayz) BEC : You have about 30 seconds left to join the mission.
﻿18:20:50 : RCon admin #2: (To juandayz) BEC : You have about 15 seconds left to join the mission.
﻿18:21:05 : Player #0 juandayz (d603844e2f77196bf616245ae360213b) has been kicked by BattlEye: Admin Kick (BEC : Lobby idling to long)
﻿18:28:10 : Player #0 reconnect (181.31.146.206:2304) connected
﻿18:28:12 : Player #0 reconnect - GUID: bce9001abea802948b7f28a9f2de533e (unverified)
﻿18:28:12 : Player #0 reconnect - Legacy GUID: 30e1b7957008270cda72e13e47f13b54
﻿18:28:13 : Verified GUID (bce9001abea802948b7f28a9f2de533e) of player #0 reconnect
﻿18:35:34 : Player #3 CHQN (186.55.162.10:2304) connected
﻿18:35:35 : Player #3 CHQN - GUID: 38b2efb7de36b05ba3255561e99fafa4 (unverified)
﻿18:35:36 : Verified GUID (38b2efb7de36b05ba3255561e99fafa4) of player #3 CHQN
﻿18:35:36 : Player #3 CHQN - Legacy GUID: f3f4b58f3f68d9b50b00670969ff4c0a
﻿18:37:25 : Player #4 Ultra-mamon (186.48.79.194:2304) connected
﻿18:37:26 : Player #4 Ultra-mamon - GUID: bd5c5a93244887e34cb6fe027f6ae7ed (unverified)
﻿18:37:26 : Verified GUID (bd5c5a93244887e34cb6fe027f6ae7ed) of player #4 Ultra-mamon
﻿18:37:27 : Player #4 Ultra-mamon - Legacy GUID: 57572a2739a316a653aef97c1ccbb4e7
﻿18:47:19 : Player #5 LarzuK (186.56.20.115:2304) connected
﻿18:47:22 : Player #5 LarzuK - GUID: 830c029a6ec69a6e0563b0638ebe72b9 (unverified)
﻿18:47:23 : Player #5 LarzuK - Legacy GUID: 36a4a2b1fb2e23467aba15c0a1207080
﻿18:47:24 : Verified GUID (830c029a6ec69a6e0563b0638ebe72b9) of player #5 LarzuK
﻿18:49:36 : RCon admin #1: (Global) [ChukyN] ????
﻿18:50:28 : RCon admin #1: (Global) [ChukyN] Como que no activa
﻿18:51:06 : RCon admin #1: (Global) [ChukyN] tenes que matar mas del 70 % 
﻿18:51:10 : RCon admin #1: (Global) [ChukyN] asi que hay vivos todavia
﻿18:51:39 : RCon admin #1: (Global) [ChukyN] Te estan campeando de lejos y riendose de vos
﻿18:54:58 : RCon admin #0: (To Nah44) [BEC] el bandit trade esta en mercado central
﻿19:00:19 : Player #6 NoUseForaName (181.14.147.250:2304) connected
﻿19:00:20 : Player #6 NoUseForaName - GUID: d603844e2f77196bf616245ae360213b (unverified)
﻿19:00:21 : Verified GUID (d603844e2f77196bf616245ae360213b) of player #6 NoUseForaName
﻿19:00:22 : Player #6 NoUseForaName - Legacy GUID: a5aa074813dab730e26d67b8a0a0af6c
﻿19:02:14 : Player #7 Cololaucha (186.137.37.134:2304) connected
﻿19:02:15 : Player #7 Cololaucha - GUID: d49e38305d82ca36199ed2470f6f1a58 (unverified)
﻿19:02:16 : Verified GUID (d49e38305d82ca36199ed2470f6f1a58) of player #7 Cololaucha
﻿19:02:16 : Player #7 Cololaucha - Legacy GUID: c9ab14dfb9c618cd64cc88d1f1e1de42
﻿19:05:40 : RCon admin #0: (Global) [BEC] es la salada misma en dayz
﻿19:11:34 : Player #8 Seba (200.89.154.130:3866) connected
﻿19:11:36 : Player #8 Seba - GUID: e84a7c2f0f444a8fa6bff7df557360c8 (unverified)
﻿19:11:37 : Verified GUID (e84a7c2f0f444a8fa6bff7df557360c8) of player #8 Seba
﻿19:11:38 : Player #8 Seba - Legacy GUID: 1db2d3b9de40f70681e8a27940355628
﻿19:14:10 : RCon admin #0: (Global) [BEC] click derecho al libro para aprender: Cria de animales-Agricultura-Cocina.
﻿19:14:56 : Player #9 shiji01 (190.176.143.26:2304) connected
﻿19:14:57 : Player #9 shiji01 - GUID: c7645c61bff283bba70a1cbafd3eaff2 (unverified)
﻿19:14:58 : Verified GUID (c7645c61bff283bba70a1cbafd3eaff2) of player #9 shiji01
﻿19:14:58 : Player #9 shiji01 - Legacy GUID: b4c60b72fb6fd983a148848276bf060d
﻿19:15:07 : Player #9 shiji01 disconnected
﻿19:15:22 : RCon admin #0: (To Nah44) [BEC] viene de spawn el libro, o lo encontras en el basurero
﻿19:18:02 : RCon admin #0: (To Nah44) [BEC] lo acabo de meter a las 6 de la tarde al libro en el spawn. si no moriste todabia, no lo tenes.
﻿19:19:24 : Player #9 shiji01 (190.176.143.26:2304) connected
﻿19:19:25 : Player #9 shiji01 - GUID: c7645c61bff283bba70a1cbafd3eaff2 (unverified)
﻿19:19:26 : Verified GUID (c7645c61bff283bba70a1cbafd3eaff2) of player #9 shiji01
﻿19:19:26 : Player #9 shiji01 - Legacy GUID: b4c60b72fb6fd983a148848276bf060d
﻿19:19:34 : Player #9 shiji01 disconnected
﻿19:19:52 : Player #3 CHQN disconnected
﻿19:20:29 : Player #3 shiji01 (190.176.143.26:2304) connected
﻿19:20:30 : Player #3 shiji01 - GUID: c7645c61bff283bba70a1cbafd3eaff2 (unverified)
﻿19:20:30 : Verified GUID (c7645c61bff283bba70a1cbafd3eaff2) of player #3 shiji01
﻿19:20:31 : Player #3 shiji01 - Legacy GUID: b4c60b72fb6fd983a148848276bf060d
﻿19:20:39 : Player #3 shiji01 disconnected
﻿19:20:51 : Player #3 shiji01 (190.176.143.26:2304) connected
﻿19:20:52 : Player #3 shiji01 - GUID: c7645c61bff283bba70a1cbafd3eaff2 (unverified)
﻿19:20:52 : Player #4 Ultra-mamon (bd5c5a93244887e34cb6fe027f6ae7ed) has been kicked by BattlEye: Client not responding
﻿19:20:53 : Verified GUID (c7645c61bff283bba70a1cbafd3eaff2) of player #3 shiji01
﻿19:20:53 : Player #3 shiji01 - Legacy GUID: b4c60b72fb6fd983a148848276bf060d
﻿19:21:01 : Player #3 shiji01 disconnected
﻿19:21:04 : Player #3 shiji01 (190.176.143.26:2304) connected
﻿19:21:05 : Player #3 shiji01 - GUID: c7645c61bff283bba70a1cbafd3eaff2 (unverified)
﻿19:21:05 : Verified GUID (c7645c61bff283bba70a1cbafd3eaff2) of player #3 shiji01
﻿19:21:06 : Player #3 shiji01 - Legacy GUID: b4c60b72fb6fd983a148848276bf060d
﻿19:21:13 : Player #3 shiji01 disconnected
﻿19:23:24 : Player #3 shiji01 (190.176.143.26:2304) connected
﻿19:23:26 : Player #3 shiji01 - GUID: c7645c61bff283bba70a1cbafd3eaff2 (unverified)
﻿19:23:27 : Verified GUID (c7645c61bff283bba70a1cbafd3eaff2) of player #3 shiji01
﻿19:23:28 : Player #3 shiji01 - Legacy GUID: b4c60b72fb6fd983a148848276bf060d
﻿19:23:35 : Player #3 shiji01 disconnected
﻿19:24:37 : RCon admin #0: (To Seba) [BEC] casi pegado a la ruta esta el black m
﻿19:40:26 : RCon admin #2: (To NoUseForaName) BEC : You have about 60 seconds left to join the mission.
﻿19:40:57 : RCon admin #2: (To NoUseForaName) BEC : You have about 30 seconds left to join the mission.
﻿19:41:11 : RCon admin #0: (To Seba) [juandayz] jajaaj cuales precios?
﻿19:41:12 : RCon admin #2: (To NoUseForaName) BEC : You have about 15 seconds left to join the mission.
﻿19:41:26 : Player #6 NoUseForaName (d603844e2f77196bf616245ae360213b) has been kicked by BattlEye: Admin Kick (BEC : Lobby idling to long)
﻿19:51:13 : Player #3 Toro (190.16.55.243:2304) connected
﻿19:51:14 : Player #3 Toro - GUID: 02460896f9689ebbe828930342827a4d (unverified)
﻿19:51:14 : Verified GUID (02460896f9689ebbe828930342827a4d) of player #3 Toro
﻿19:51:14 : Player #3 Toro disconnected
﻿20:02:03 : Player #5 LarzuK disconnected
﻿20:05:32 : Player #3 LarzuK (186.56.20.115:2304) connected
﻿20:05:34 : Player #3 LarzuK - GUID: 830c029a6ec69a6e0563b0638ebe72b9 (unverified)
﻿20:05:35 : Player #3 LarzuK - Legacy GUID: 36a4a2b1fb2e23467aba15c0a1207080
﻿20:05:35 : Verified GUID (830c029a6ec69a6e0563b0638ebe72b9) of player #3 LarzuK
﻿20:09:32 : Player #8 Seba disconnected
﻿20:21:35 : Player #4 [BrZ]-Rafael (179.223.175.50:2304) connected
﻿20:21:36 : Player #4 [BrZ]-Rafael - GUID: 7c73e8a27c9f47d450743876c063a4a9 (unverified)
﻿20:21:36 : Verified GUID (7c73e8a27c9f47d450743876c063a4a9) of player #4 [BrZ]-Rafael
﻿20:21:37 : Player #4 [BrZ]-Rafael - Legacy GUID: be58b9cee471344b6dbb0a6473fb6e84
﻿20:23:01 : Player #5 TaLLeS- (191.5.29.190:25168) connected
﻿20:23:02 : Player #5 TaLLeS- - GUID: 0e821407074ee85459af514349fec22f (unverified)
﻿20:23:03 : Player #5 TaLLeS- - Legacy GUID: cae9b566f1adabfc708e7ca3637a029c
﻿20:23:18 : Verified GUID (0e821407074ee85459af514349fec22f) of player #5 TaLLeS-
﻿20:25:41 : RCon admin #0: (To Nah44) [juandayz] sabes qie pasa nah, que si vas a la cantera o al chatarrero, los tnes gratis a los materiales
﻿20:26:19 : Player #3 LarzuK (830c029a6ec69a6e0563b0638ebe72b9) has been kicked by BattlEye: Client not responding
﻿20:27:28 : Player #3 NoUseForaName (181.92.54.74:2304) connected
﻿20:27:29 : Player #3 NoUseForaName - GUID: d603844e2f77196bf616245ae360213b (unverified)
﻿20:27:29 : Verified GUID (d603844e2f77196bf616245ae360213b) of player #3 NoUseForaName
﻿20:27:30 : Player #3 NoUseForaName - Legacy GUID: a5aa074813dab730e26d67b8a0a0af6c
﻿20:29:20 : RCon admin #0: (Global) [juandayz] habla con el ministro de economia de chernarus sobre  los precios :D
﻿20:29:41 : RCon admin #0: (Global) [juandayz] .......
﻿20:30:08 : RCon admin #0: (Global) [juandayz] ess un sarcasmo con buena onda ;)
﻿20:30:37 : Player #6 LarzuK (186.56.20.115:2304) connected
﻿20:30:39 : Player #6 LarzuK - GUID: 830c029a6ec69a6e0563b0638ebe72b9 (unverified)
﻿20:30:40 : Player #6 LarzuK - Legacy GUID: 36a4a2b1fb2e23467aba15c0a1207080
﻿20:30:41 : Verified GUID (830c029a6ec69a6e0563b0638ebe72b9) of player #6 LarzuK
﻿20:31:00 : RCon admin #0: (To Nah44) [juandayz] jajajaaj dios q no se vuelva una guerra de sarcasmos
﻿20:33:58 : Player #0 reconnect disconnected
﻿20:35:20 : RCon admin #0: (To LarzuK) [juandayz] ves loco le buscan el pelo al huevo ajajajaaaaa
﻿20:36:01 : Player #6 LarzuK (830c029a6ec69a6e0563b0638ebe72b9) has been kicked by BattlEye: Client not responding
﻿20:38:51 : Player #0 LarzuK (186.56.20.115:2304) connected
﻿20:38:53 : Player #0 LarzuK - GUID: 830c029a6ec69a6e0563b0638ebe72b9 (unverified)
﻿20:38:53 : Player #0 LarzuK - Legacy GUID: 36a4a2b1fb2e23467aba15c0a1207080
﻿20:38:54 : Verified GUID (830c029a6ec69a6e0563b0638ebe72b9) of player #0 LarzuK
﻿20:39:04 : Player #6 Agus (186.18.196.79:2304) connected
﻿20:39:08 : Player #6 Agus - GUID: 08691f770b29683e6b129393453981ba (unverified)
﻿20:39:09 : Verified GUID (08691f770b29683e6b129393453981ba) of player #6 Agus
﻿20:39:10 : Player #6 Agus - Legacy GUID: 1807e041744930e4f2b5b2f15a39c5a2
﻿20:39:10 : Player #6 Agus (08691f770b29683e6b129393453981ba) has been kicked by BattlEye: Global Ban #1807e0
﻿20:41:52 : RCon admin #2: (To NoUseForaName) BEC : You have about 60 seconds left to join the mission.
﻿20:42:23 : RCon admin #2: (To NoUseForaName) BEC : You have about 30 seconds left to join the mission.
﻿20:42:38 : RCon admin #2: (To NoUseForaName) BEC : You have about 15 seconds left to join the mission.
﻿20:42:52 : Player #3 NoUseForaName (d603844e2f77196bf616245ae360213b) has been kicked by BattlEye: Admin Kick (BEC : Lobby idling to long)
﻿20:44:49 : Player #2 Nah44 disconnected
﻿20:45:00 : RCon admin #2: (Global) BEC : This server will restart in 15 minutes
﻿20:48:43 : Player #4 [BrZ]-Rafael disconnected
﻿20:48:47 : Player #5 TaLLeS- disconnected
﻿20:51:09 : Player #0 LarzuK disconnected
﻿20:55:00 : RCon admin #2: (Global) BEC : This server will restart in 5 minutes
﻿20:56:18 : Player #1 Alan disconnected
﻿20:59:00 : RCon admin #2: (Global) BEC : Server restart in 1 minute, Log out NOW!
﻿20:59:47 : Player #0 Nah44 (181.230.54.29:2304) connected
﻿20:59:48 : Player #0 Nah44 - GUID: 3b8d625d929bc895b0de0b46e2d13e33 (unverified)
﻿20:59:49 : Verified GUID (3b8d625d929bc895b0de0b46e2d13e33) of player #0 Nah44
﻿20:59:49 : Player #0 Nah44 - Legacy GUID: fb1a030952d993797290c2c1dc81077e
﻿21:00:02 : Lost Connection!
﻿21:00:02 : Closing socket & exiting!
﻿21:06:19 : Rcon client logging in
﻿21:06:33 : RCon admin #1 (127.0.0.1:50651) logged in
﻿21:07:33 : Player #1 NachoxD (190.185.153.30:13267) connected
﻿21:07:35 : Player #1 NachoxD - GUID: 50e31ccddd93a1fc10d0270633721fba (unverified)
﻿21:07:35 : Player #1 NachoxD - Legacy GUID: f9e03e556ad67c88e73aad2ea9e57690
﻿21:07:35 : Verified GUID (50e31ccddd93a1fc10d0270633721fba) of player #1 NachoxD
﻿21:11:57 : Player #2 Alan (181.95.224.222:2304) connected
﻿21:12:00 : Player #2 Alan - GUID: 0f58f0f7cbcc27bdd669ddb2ba67dec1 (unverified)
﻿21:12:01 : Verified GUID (0f58f0f7cbcc27bdd669ddb2ba67dec1) of player #2 Alan
﻿21:12:01 : Player #2 Alan - Legacy GUID: e4693e16704daa1c5c15a058786df292
﻿21:13:25 : Player #1 NachoxD disconnected
﻿21:16:20 : Player #0 NoUseForaName disconnected
﻿21:16:23 : Player #0 NoUseForaName (181.92.54.74:2304) connected
﻿21:16:24 : Player #0 NoUseForaName - GUID: d603844e2f77196bf616245ae360213b (unverified)
﻿21:16:24 : Verified GUID (d603844e2f77196bf616245ae360213b) of player #0 NoUseForaName
﻿21:16:25 : Player #0 NoUseForaName - Legacy GUID: a5aa074813dab730e26d67b8a0a0af6c
﻿21:26:44 : Player #1 Nah44 (181.230.54.29:2304) connected
﻿21:26:45 : Player #1 Nah44 - GUID: 3b8d625d929bc895b0de0b46e2d13e33 (unverified)
﻿21:26:45 : Verified GUID (3b8d625d929bc895b0de0b46e2d13e33) of player #1 Nah44
﻿21:26:46 : Player #1 Nah44 - Legacy GUID: fb1a030952d993797290c2c1dc81077e
﻿21:36:18 : Player #2 Alan disconnected
﻿22:09:32 : Player #0 NoUseForaName (d603844e2f77196bf616245ae360213b) has been kicked by BattlEye: Ping too high (515)
﻿22:30:20 : Player #0 NoUseForaName (181.92.54.74:2304) connected
﻿22:30:21 : Player #0 NoUseForaName - GUID: d603844e2f77196bf616245ae360213b (unverified)
﻿22:30:21 : Verified GUID (d603844e2f77196bf616245ae360213b) of player #0 NoUseForaName
﻿22:30:22 : Player #0 NoUseForaName - Legacy GUID: a5aa074813dab730e26d67b8a0a0af6c
﻿22:42:00 : Player #2 Adrix1999 (189.244.165.65:2304) connected
﻿22:42:01 : Player #3 TaLLeS- (191.5.29.190:33698) connected
﻿22:42:02 : Player #2 Adrix1999 - GUID: 7dd502b891041a979a7c0727e9515c86 (unverified)
﻿22:42:02 : Verified GUID (7dd502b891041a979a7c0727e9515c86) of player #2 Adrix1999
﻿22:42:02 : Player #2 Adrix1999 - Legacy GUID: e93d6b5f6bfb63cc0e9e4924baf8c741
﻿22:42:03 : Player #3 TaLLeS- - Legacy GUID: cae9b566f1adabfc708e7ca3637a029c
﻿22:42:03 : Player #3 TaLLeS- - GUID: 0e821407074ee85459af514349fec22f (unverified)
﻿22:42:07 : Verified GUID (0e821407074ee85459af514349fec22f) of player #3 TaLLeS-
﻿22:42:40 : Player #4 LALO (177.245.2.181:2304) connected
﻿22:42:41 : Player #4 LALO - GUID: da6f67f3889513eec37f7aa475185926 (unverified)
﻿22:42:42 : Verified GUID (da6f67f3889513eec37f7aa475185926) of player #4 LALO
﻿22:42:42 : Player #4 LALO - Legacy GUID: b12360f5462c40701c5393e6deb75a49
﻿22:42:43 : Player #4 LALO disconnected
﻿22:44:23 : Player #4 LALO (177.245.2.181:2304) connected
﻿22:44:24 : Player #4 LALO - GUID: da6f67f3889513eec37f7aa475185926 (unverified)
﻿22:44:25 : Player #4 LALO - Legacy GUID: b12360f5462c40701c5393e6deb75a49
﻿22:44:27 : Verified GUID (da6f67f3889513eec37f7aa475185926) of player #4 LALO
﻿22:44:34 : Player #5 GusTavoR- (186.251.248.161:2304) connected
﻿22:44:36 : Player #5 GusTavoR- - GUID: b8520fb4a4f1b56fe3865af38dc10f60 (unverified)
﻿22:44:36 : Player #5 GusTavoR- - Legacy GUID: 1d61591943cbc4de3b297aca6c5eba66
﻿22:45:31 : Player #5 GusTavoR- disconnected
﻿22:45:37 : Player #5 GusTavoR- (186.251.248.161:2304) connected
﻿22:45:39 : Player #5 GusTavoR- - GUID: b8520fb4a4f1b56fe3865af38dc10f60 (unverified)
﻿22:45:40 : Player #5 GusTavoR- - Legacy GUID: 1d61591943cbc4de3b297aca6c5eba66
﻿22:46:13 : Player #5 GusTavoR- disconnected
﻿22:46:19 : Player #5 GusTavoR- (186.251.248.161:2304) connected
﻿22:46:20 : Player #5 GusTavoR- - GUID: b8520fb4a4f1b56fe3865af38dc10f60 (unverified)
﻿22:46:21 : Player #5 GusTavoR- - Legacy GUID: 1d61591943cbc4de3b297aca6c5eba66
﻿22:46:42 : Verified GUID (b8520fb4a4f1b56fe3865af38dc10f60) of player #5 GusTavoR-
﻿22:54:24 : RCon admin #2 (167.56.125.70:51940) logged in
﻿22:54:44 : RCon admin #0 (127.0.0.1:53004) logged in
﻿22:55:20 : RCon admin #0: (To LALO) [ADM] Bienvenido! un gusto tener gente de Mexico!
﻿22:55:29 : RCon admin #0: (To Adrix1999) [ADM] Bienvenido!
﻿22:57:39 : RCon admin #0: (To Adrix1999) [ADM] Me alegro que te guste, juegan otros chicos de mexico aca tambien
﻿22:59:15 : RCon admin #0: (To Adrix1999) [ADM] Fijate que para la vida en la base, tenes un libro en el inv, q te explicaa sobre cria de animales, agricultura etc
﻿23:08:36 : Player #6 Craig (75.143.204.85:2304) connected
﻿23:08:37 : Player #6 Craig - GUID: 46549a80af055b9dff56bee9762cd38c (unverified)
﻿23:08:38 : Verified GUID (46549a80af055b9dff56bee9762cd38c) of player #6 Craig
﻿23:08:39 : Player #6 Craig - Legacy GUID: 4abf467c03e4530250d0246def10bf04
﻿23:12:19 : RCon admin #0: (To Craig) [juandayz] welcome craig. 
﻿23:12:54 : Player #3 TaLLeS- disconnected
﻿23:14:05 : RCon admin #0: (To GusTavoR-) [juandayz] hola gustavo!
﻿23:14:50 : Player #2 Adrix1999 (7dd502b891041a979a7c0727e9515c86) has been kicked by BattlEye: Client not responding
﻿23:16:20 : Player #2 Adrix1999 (189.244.165.65:2304) connected
﻿23:16:22 : Player #2 Adrix1999 - GUID: 7dd502b891041a979a7c0727e9515c86 (unverified)
﻿23:16:22 : Verified GUID (7dd502b891041a979a7c0727e9515c86) of player #2 Adrix1999
﻿23:17:41 : Player #0 NoUseForaName disconnected
﻿23:17:48 : Player #4 LALO disconnected
﻿23:17:58 : Player #0 juandayz (181.92.54.74:2304) connected
﻿23:17:59 : Player #0 juandayz - GUID: d603844e2f77196bf616245ae360213b (unverified)
﻿23:17:59 : Verified GUID (d603844e2f77196bf616245ae360213b) of player #0 juandayz
﻿23:18:00 : Player #0 juandayz - Legacy GUID: a5aa074813dab730e26d67b8a0a0af6c
﻿23:19:55 : Player #3 TaLLeS- (191.5.29.190:37848) connected
﻿23:19:57 : Player #3 TaLLeS- - GUID: 0e821407074ee85459af514349fec22f (unverified)
﻿23:19:59 : Player #3 TaLLeS- - Legacy GUID: cae9b566f1adabfc708e7ca3637a029c
﻿23:19:59 : Verified GUID (0e821407074ee85459af514349fec22f) of player #3 TaLLeS-
﻿23:26:27 : Player #2 Adrix1999 disconnected
﻿23:27:48 : Player #3 TaLLeS- disconnected
﻿23:28:01 : Player #2 TaLLeS- (191.5.29.190:37848) connected
﻿23:28:04 : Player #2 TaLLeS- - GUID: 0e821407074ee85459af514349fec22f (unverified)
﻿23:28:05 : Verified GUID (0e821407074ee85459af514349fec22f) of player #2 TaLLeS-
﻿23:28:08 : Player #2 TaLLeS- - Legacy GUID: cae9b566f1adabfc708e7ca3637a029c
﻿23:29:11 : Player #6 Craig disconnected
﻿23:32:06 : RCon admin #2 (167.56.125.70:57423) logged in
﻿23:42:04 : Player #3 Alan (181.95.224.222:2304) connected
﻿23:42:05 : Player #3 Alan - GUID: 0f58f0f7cbcc27bdd669ddb2ba67dec1 (unverified)
﻿23:42:06 : Verified GUID (0f58f0f7cbcc27bdd669ddb2ba67dec1) of player #3 Alan
﻿23:42:06 : Player #3 Alan - Legacy GUID: e4693e16704daa1c5c15a058786df292
﻿23:45:00 : RCon admin #1: (Global) BEC : This server will restart in 15 minutes
﻿23:55:00 : RCon admin #1: (Global) BEC : This server will restart in 5 minutes
﻿23:57:34 : Player #4 Seba (200.89.154.130:11178) connected
﻿23:57:42 : Player #4 Seba - GUID: e84a7c2f0f444a8fa6bff7df557360c8 (unverified)
﻿23:57:42 : Verified GUID (e84a7c2f0f444a8fa6bff7df557360c8) of player #4 Seba
﻿23:57:44 : Player #4 Seba - Legacy GUID: 1db2d3b9de40f70681e8a27940355628
﻿23:58:25 : Player #4 Seba disconnected
﻿23:59:00 : RCon admin #1: (Global) BEC : This server will restart in 1 minute, Log out now!
﻿23:59:01 : Player #1 Nah44 disconnected
