00:00:01 : Lost Connection!
﻿00:00:01 : Closing socket & exiting!
﻿00:01:14 : Rcon client logging in
﻿00:01:14 : RCon admin #0 (127.0.0.1:55168) logged in
﻿00:34:55 : Rcon client logging in
﻿00:34:55 : RCon admin #0 (127.0.0.1:57719) logged in
﻿00:38:46 : Player #0 juandayz (190.231.22.18:2304) connected
﻿00:38:48 : Player #0 juandayz - GUID: d603844e2f77196bf616245ae360213b (unverified)
﻿00:38:48 : Player #0 juandayz - Legacy GUID: a5aa074813dab730e26d67b8a0a0af6c
﻿00:38:49 : Verified GUID (d603844e2f77196bf616245ae360213b) of player #0 juandayz
﻿00:42:25 : Player #0 juandayz (d603844e2f77196bf616245ae360213b) has been kicked by BattlEye: Client not responding
﻿02:41:32 : Player #0 Leodagos (186.135.82.9:24318) connected
﻿02:41:34 : Player #0 Leodagos - GUID: 927032c3d7c1139aff0ff09424d46da1 (unverified)
﻿02:41:34 : Player #0 Leodagos - Legacy GUID: d7639dceb9588d3b0ab85f82e92ff8de
﻿02:41:34 : Verified GUID (927032c3d7c1139aff0ff09424d46da1) of player #0 Leodagos
﻿02:41:46 : Player #1 Mijael (181.21.138.48:2304) connected
﻿02:41:49 : Player #1 Mijael - GUID: 833caf0072fe4a88969deb7ac4176eac (unverified)
﻿02:41:49 : Verified GUID (833caf0072fe4a88969deb7ac4176eac) of player #1 Mijael
﻿02:41:50 : Player #1 Mijael - Legacy GUID: 2671fd875c34e4359ab450e81bf514c3
﻿02:45:00 : RCon admin #0: (Global) BEC : This server will restart in 15 minutes
﻿02:47:17 : RCon admin #0: (To Leodagos) BEC : You have about 60 seconds left to join the mission.
﻿02:47:48 : RCon admin #0: (To Leodagos) BEC : You have about 30 seconds left to join the mission.
﻿02:48:02 : RCon admin #0: (To Leodagos) BEC : You have about 15 seconds left to join the mission.
﻿02:48:17 : Player #0 Leodagos (927032c3d7c1139aff0ff09424d46da1) has been kicked by BattlEye: Admin Kick (BEC : Lobby idling to long)
﻿02:49:43 : Player #0 Leodagos (186.135.82.9:24318) connected
﻿02:49:44 : Player #0 Leodagos - GUID: 927032c3d7c1139aff0ff09424d46da1 (unverified)
﻿02:49:44 : Verified GUID (927032c3d7c1139aff0ff09424d46da1) of player #0 Leodagos
﻿02:49:45 : Player #0 Leodagos - Legacy GUID: d7639dceb9588d3b0ab85f82e92ff8de
﻿02:50:57 : Player #0 Leodagos disconnected
﻿02:55:00 : RCon admin #0: (Global) BEC : This server will restart in 5 minutes
﻿02:59:00 : RCon admin #0: (Global) BEC : This server will restart in 1 minute, Log out now!
﻿03:00:02 : Lost Connection!
﻿03:00:02 : Closing socket & exiting!
﻿03:01:14 : Rcon client logging in
﻿03:01:14 : RCon admin #0 (127.0.0.1:58692) logged in
﻿03:46:38 : Player #0 Leodagos (186.135.82.9:25816) connected
﻿03:46:40 : Player #0 Leodagos - GUID: 927032c3d7c1139aff0ff09424d46da1 (unverified)
﻿03:46:40 : Verified GUID (927032c3d7c1139aff0ff09424d46da1) of player #0 Leodagos
﻿03:46:41 : Player #0 Leodagos - Legacy GUID: d7639dceb9588d3b0ab85f82e92ff8de
﻿03:49:46 : Player #0 Leodagos disconnected
﻿04:11:19 : Player #0 Tuipapia (190.161.60.16:2304) connected
﻿04:11:20 : Player #0 Tuipapia - GUID: 5e20313a211449b9f9a225d058a0f262 (unverified)
﻿04:11:21 : Verified GUID (5e20313a211449b9f9a225d058a0f262) of player #0 Tuipapia
﻿04:11:21 : Player #0 Tuipapia disconnected
﻿04:11:21 : Player #0 Andres (190.46.193.193:2304) connected
﻿04:11:23 : Player #0 Andres - GUID: 212b302dac17a31e03658144b6b77a54 (unverified)
﻿04:11:23 : Verified GUID (212b302dac17a31e03658144b6b77a54) of player #0 Andres
﻿04:11:24 : Player #0 Andres - Legacy GUID: aef61c43165acf4cc43b2091f6bf041c
﻿04:11:24 : Player #0 Andres disconnected
﻿04:21:57 : Player #0 Leodagos (186.135.82.9:26814) connected
﻿04:21:58 : Player #0 Leodagos - GUID: 927032c3d7c1139aff0ff09424d46da1 (unverified)
﻿04:21:58 : Verified GUID (927032c3d7c1139aff0ff09424d46da1) of player #0 Leodagos
﻿04:21:59 : Player #0 Leodagos - Legacy GUID: d7639dceb9588d3b0ab85f82e92ff8de
﻿04:44:05 : Player #1 Andres (190.46.193.193:2304) connected
﻿04:44:06 : Player #1 Andres - GUID: 212b302dac17a31e03658144b6b77a54 (unverified)
﻿04:44:06 : Verified GUID (212b302dac17a31e03658144b6b77a54) of player #1 Andres
﻿04:44:07 : Player #1 Andres - Legacy GUID: aef61c43165acf4cc43b2091f6bf041c
﻿04:44:27 : Player #1 Andres disconnected
﻿05:17:34 : Player #1 Mijael (181.21.138.48:2304) connected
﻿05:17:37 : Player #1 Mijael - GUID: 833caf0072fe4a88969deb7ac4176eac (unverified)
﻿05:17:37 : Verified GUID (833caf0072fe4a88969deb7ac4176eac) of player #1 Mijael
﻿05:17:39 : Player #1 Mijael - Legacy GUID: 2671fd875c34e4359ab450e81bf514c3
﻿05:21:39 : Player #2 xTetex (186.109.211.149:2304) connected
﻿05:21:40 : Player #2 xTetex - GUID: 15f33cd582da60792c3fa1902bafc340 (unverified)
﻿05:21:41 : Verified GUID (15f33cd582da60792c3fa1902bafc340) of player #2 xTetex
﻿05:21:41 : Player #2 xTetex - Legacy GUID: b9c4320f34a8a019d2f2fabc6714972e
﻿05:23:27 : Player #0 Leodagos disconnected
﻿05:45:00 : RCon admin #0: (Global) BEC : This server will restart in 15 minutes
﻿05:45:10 : Player #2 xTetex (15f33cd582da60792c3fa1902bafc340) has been kicked by BattlEye: Client not responding
﻿05:48:06 : Player #0 xTetex (181.1.91.168:2304) connected
﻿05:48:07 : Player #0 xTetex - GUID: 15f33cd582da60792c3fa1902bafc340 (unverified)
﻿05:48:07 : Verified GUID (15f33cd582da60792c3fa1902bafc340) of player #0 xTetex
﻿05:48:08 : Player #0 xTetex - Legacy GUID: b9c4320f34a8a019d2f2fabc6714972e
﻿05:55:00 : RCon admin #0: (Global) BEC : This server will restart in 5 minutes
﻿05:59:00 : RCon admin #0: (Global) BEC : This server will restart in 1 minute, Log out now!
﻿06:00:02 : Lost Connection!
﻿06:00:02 : Closing socket & exiting!
﻿06:01:14 : Rcon client logging in
﻿06:01:14 : RCon admin #0 (127.0.0.1:61518) logged in
﻿06:01:15 : Player #1 xTetex - GUID: 15f33cd582da60792c3fa1902bafc340 (unverified)
﻿06:01:16 : Verified GUID (15f33cd582da60792c3fa1902bafc340) of player #1 xTetex
﻿06:01:16 : Player #1 xTetex - Legacy GUID: b9c4320f34a8a019d2f2fabc6714972e
﻿06:01:17 : Player #0 Mijael - GUID: 833caf0072fe4a88969deb7ac4176eac (unverified)
﻿06:01:17 : Verified GUID (833caf0072fe4a88969deb7ac4176eac) of player #0 Mijael
﻿06:01:18 : Player #0 Mijael - Legacy GUID: 2671fd875c34e4359ab450e81bf514c3
﻿06:15:25 : Player #2 Sebastian (190.19.230.60:2304) connected
﻿06:15:27 : Player #2 Sebastian - GUID: cc86f002c42027cc055c55f6be91c4bb (unverified)
﻿06:15:27 : Player #2 Sebastian - Legacy GUID: 2ddf97d0048631b30f491e9db384a278
﻿06:15:27 : Verified GUID (cc86f002c42027cc055c55f6be91c4bb) of player #2 Sebastian
﻿06:15:28 : Player #2 Sebastian disconnected
﻿06:19:17 : Player #1 xTetex disconnected
﻿06:21:40 : Player #0 Mijael disconnected
﻿08:45:00 : RCon admin #0: (Global) BEC : This server will restart in 15 minutes
﻿08:55:00 : RCon admin #0: (Global) BEC : This server will restart in 5 minutes
﻿08:59:00 : RCon admin #0: (Global) BEC : This server will restart in 1 minute, Log out now!
﻿09:00:02 : Lost Connection!
﻿09:00:02 : Closing socket & exiting!
﻿09:01:14 : Rcon client logging in
﻿09:01:14 : RCon admin #0 (127.0.0.1:49196) logged in
﻿10:59:51 : Rcon client logging in
﻿10:59:51 : RCon admin #0 (127.0.0.1:61084) logged in
﻿11:45:00 : RCon admin #0: (Global) BEC : This server will restart in 15 minutes
﻿11:55:00 : RCon admin #0: (Global) BEC : This server will restart in 5 minutes
﻿11:59:00 : RCon admin #0: (Global) BEC : This server will restart in 1 minute, Log out now!
﻿12:00:01 : Lost Connection!
﻿12:00:01 : Closing socket & exiting!
﻿12:01:07 : Rcon client logging in
﻿12:01:07 : RCon admin #0 (127.0.0.1:58594) logged in
﻿14:45:00 : RCon admin #0: (Global) BEC : This server will restart in 15 minutes
﻿14:55:00 : RCon admin #0: (Global) BEC : This server will restart in 5 minutes
﻿14:59:00 : RCon admin #0: (Global) BEC : This server will restart in 1 minute, Log out now!
﻿15:00:02 : Lost Connection!
﻿15:00:02 : Closing socket & exiting!
﻿15:01:07 : Rcon client logging in
﻿15:01:07 : RCon admin #0 (127.0.0.1:53666) logged in
﻿16:16:57 : Player #0 Ariel (186.18.50.27:2304) connected
﻿16:16:58 : Player #0 Ariel - GUID: c5b74f7036e53b63fbb69767a2d1c503 (unverified)
﻿16:16:59 : Player #0 Ariel - Legacy GUID: 34a62f101c2878b9f38e63f1164828b8
﻿16:17:00 : Verified GUID (c5b74f7036e53b63fbb69767a2d1c503) of player #0 Ariel
﻿16:19:50 : Player #0 Ariel (c5b74f7036e53b63fbb69767a2d1c503) has been kicked by BattlEye: Client not responding
﻿16:37:53 : Player #0 Ariel (186.18.50.27:2304) connected
﻿16:37:54 : Player #0 Ariel - GUID: c5b74f7036e53b63fbb69767a2d1c503 (unverified)
﻿16:37:55 : Verified GUID (c5b74f7036e53b63fbb69767a2d1c503) of player #0 Ariel
﻿16:37:56 : Player #0 Ariel - Legacy GUID: 34a62f101c2878b9f38e63f1164828b8
﻿16:39:04 : Player #1 Mijael (181.21.138.48:2304) connected
﻿16:39:07 : Player #1 Mijael - GUID: 833caf0072fe4a88969deb7ac4176eac (unverified)
﻿16:39:07 : Verified GUID (833caf0072fe4a88969deb7ac4176eac) of player #1 Mijael
﻿16:39:08 : Player #1 Mijael - Legacy GUID: 2671fd875c34e4359ab450e81bf514c3
﻿16:40:10 : Player #0 Ariel disconnected
﻿16:41:50 : Player #1 Mijael disconnected
﻿16:42:32 : Player #0 Ariel (186.18.50.27:2304) connected
﻿16:42:33 : Player #0 Ariel - GUID: c5b74f7036e53b63fbb69767a2d1c503 (unverified)
﻿16:42:33 : Verified GUID (c5b74f7036e53b63fbb69767a2d1c503) of player #0 Ariel
﻿16:42:34 : Player #0 Ariel - Legacy GUID: 34a62f101c2878b9f38e63f1164828b8
﻿16:44:14 : Player #1 Mijael (181.21.138.48:2304) connected
﻿16:44:19 : Player #1 Mijael - GUID: 833caf0072fe4a88969deb7ac4176eac (unverified)
﻿16:44:19 : Verified GUID (833caf0072fe4a88969deb7ac4176eac) of player #1 Mijael
﻿16:44:21 : Player #1 Mijael - Legacy GUID: 2671fd875c34e4359ab450e81bf514c3
﻿16:47:48 : Player #1 Mijael disconnected
﻿16:54:21 : Player #1 Mijael (181.21.138.48:2304) connected
﻿16:54:22 : Player #1 Mijael - GUID: 833caf0072fe4a88969deb7ac4176eac (unverified)
﻿16:54:22 : Verified GUID (833caf0072fe4a88969deb7ac4176eac) of player #1 Mijael
﻿16:54:23 : Player #1 Mijael - Legacy GUID: 2671fd875c34e4359ab450e81bf514c3
﻿16:56:24 : Player #1 Mijael disconnected
﻿17:08:24 : Player #1 Mijael (181.21.138.48:2304) connected
﻿17:08:27 : Player #1 Mijael - GUID: 833caf0072fe4a88969deb7ac4176eac (unverified)
﻿17:08:28 : Verified GUID (833caf0072fe4a88969deb7ac4176eac) of player #1 Mijael
﻿17:08:28 : Player #1 Mijael - Legacy GUID: 2671fd875c34e4359ab450e81bf514c3
﻿17:10:20 : Player #1 Mijael disconnected
﻿17:18:19 : Player #1 Mijael (181.21.138.48:2304) connected
﻿17:18:20 : Player #1 Mijael - GUID: 833caf0072fe4a88969deb7ac4176eac (unverified)
﻿17:18:20 : Verified GUID (833caf0072fe4a88969deb7ac4176eac) of player #1 Mijael
﻿17:18:21 : Player #1 Mijael - Legacy GUID: 2671fd875c34e4359ab450e81bf514c3
﻿17:19:46 : Player #1 Mijael disconnected
﻿17:39:07 : Player #0 Ariel disconnected
﻿17:45:00 : RCon admin #0: (Global) BEC : This server will restart in 15 minutes
﻿17:50:00 : Player #0 Leodagos (186.135.84.120:15814) connected
﻿17:50:02 : Player #0 Leodagos - GUID: 927032c3d7c1139aff0ff09424d46da1 (unverified)
﻿17:50:02 : Player #0 Leodagos - Legacy GUID: d7639dceb9588d3b0ab85f82e92ff8de
﻿17:50:02 : Verified GUID (927032c3d7c1139aff0ff09424d46da1) of player #0 Leodagos
﻿17:51:29 : Player #1 Ariel (186.18.50.27:2304) connected
﻿17:51:31 : Player #1 Ariel - GUID: c5b74f7036e53b63fbb69767a2d1c503 (unverified)
﻿17:51:31 : Player #1 Ariel - Legacy GUID: 34a62f101c2878b9f38e63f1164828b8
﻿17:51:31 : Verified GUID (c5b74f7036e53b63fbb69767a2d1c503) of player #1 Ariel
﻿17:51:33 : Player #0 Leodagos disconnected
﻿17:51:35 : Player #0 Rodrigo (24.232.83.70:2304) connected
﻿17:51:36 : Player #0 Rodrigo - GUID: 34321dfa00b4c33640fa89cc833de558 (unverified)
﻿17:51:36 : Verified GUID (34321dfa00b4c33640fa89cc833de558) of player #0 Rodrigo
﻿17:51:37 : Player #0 Rodrigo disconnected
﻿17:51:43 : Player #1 Ariel disconnected
﻿17:53:51 : Player #0 Leodagos (186.135.84.120:15814) connected
﻿17:53:52 : Player #0 Leodagos - GUID: 927032c3d7c1139aff0ff09424d46da1 (unverified)
﻿17:53:52 : Verified GUID (927032c3d7c1139aff0ff09424d46da1) of player #0 Leodagos
﻿17:53:53 : Player #0 Leodagos - Legacy GUID: d7639dceb9588d3b0ab85f82e92ff8de
﻿17:55:00 : RCon admin #0: (Global) BEC : This server will restart in 5 minutes
﻿17:57:24 : Player #0 Leodagos disconnected
﻿17:59:00 : RCon admin #0: (Global) BEC : This server will restart in 1 minute, Log out now!
﻿18:00:02 : Lost Connection!
﻿18:00:02 : Closing socket & exiting!
﻿18:01:14 : Rcon client logging in
﻿18:01:14 : RCon admin #0 (127.0.0.1:52512) logged in
﻿18:01:49 : Player #0 Ariel (186.18.50.27:2304) connected
﻿18:01:52 : Player #0 Ariel - GUID: c5b74f7036e53b63fbb69767a2d1c503 (unverified)
﻿18:01:53 : Verified GUID (c5b74f7036e53b63fbb69767a2d1c503) of player #0 Ariel
﻿18:01:53 : Player #0 Ariel - Legacy GUID: 34a62f101c2878b9f38e63f1164828b8
﻿18:02:19 : Player #1 panchoo (190.163.127.67:2304) connected
﻿18:02:39 : Player #1 panchoo - GUID: a82e101187941f88cdc8d03f6994e408 (unverified)
﻿18:02:39 : Player #1 panchoo - Legacy GUID: f1664179f0d27e866d17d062224fdbb6
﻿18:02:40 : Verified GUID (a82e101187941f88cdc8d03f6994e408) of player #1 panchoo
﻿18:02:41 : Player #1 panchoo disconnected
﻿18:04:27 : Player #1 Leodagos (186.135.84.120:16969) connected
﻿18:04:28 : Player #1 Leodagos - GUID: 927032c3d7c1139aff0ff09424d46da1 (unverified)
﻿18:04:29 : Verified GUID (927032c3d7c1139aff0ff09424d46da1) of player #1 Leodagos
﻿18:04:30 : Player #1 Leodagos - Legacy GUID: d7639dceb9588d3b0ab85f82e92ff8de
﻿18:04:39 : Player #0 Ariel disconnected
﻿18:04:42 : Player #1 Leodagos disconnected
﻿18:07:11 : Player #0 Ariel (186.18.50.27:2304) connected
﻿18:07:12 : Player #0 Ariel - GUID: c5b74f7036e53b63fbb69767a2d1c503 (unverified)
﻿18:07:12 : Verified GUID (c5b74f7036e53b63fbb69767a2d1c503) of player #0 Ariel
﻿18:07:13 : Player #0 Ariel - Legacy GUID: 34a62f101c2878b9f38e63f1164828b8
﻿18:26:04 : Player #1 PUCHO (190.14.33.244:2304) connected
﻿18:26:05 : Player #1 PUCHO - GUID: 38361dcba1a32f895097b383727d5a6a (unverified)
﻿18:26:05 : Verified GUID (38361dcba1a32f895097b383727d5a6a) of player #1 PUCHO
﻿18:26:06 : Player #1 PUCHO - Legacy GUID: de8975eba02f637f00dae95e4df3bd65
﻿18:30:00 : Player #2 juandayz (190.226.90.115:2304) connected
﻿18:30:01 : Player #2 juandayz - GUID: d603844e2f77196bf616245ae360213b (unverified)
﻿18:30:01 : Verified GUID (d603844e2f77196bf616245ae360213b) of player #2 juandayz
﻿18:30:02 : Player #2 juandayz - Legacy GUID: a5aa074813dab730e26d67b8a0a0af6c
﻿18:42:25 : Player #1 PUCHO disconnected
﻿18:48:48 : Player #1 Axel (186.0.138.34:2304) connected
﻿18:48:49 : Player #1 Axel - GUID: 18b2de4387abbf68a7c3ec99b6de0b36 (unverified)
﻿18:48:49 : Verified GUID (18b2de4387abbf68a7c3ec99b6de0b36) of player #1 Axel
﻿18:48:50 : Player #1 Axel - Legacy GUID: d1a20c062aebb1e3fa0919615e1eae3c
﻿18:48:51 : Player #1 Axel disconnected
﻿18:49:09 : Player #1 Axel (186.0.138.34:2304) connected
﻿18:49:10 : Player #1 Axel - GUID: 18b2de4387abbf68a7c3ec99b6de0b36 (unverified)
﻿18:49:10 : Verified GUID (18b2de4387abbf68a7c3ec99b6de0b36) of player #1 Axel
﻿18:49:11 : Player #1 Axel - Legacy GUID: d1a20c062aebb1e3fa0919615e1eae3c
﻿18:49:12 : Player #1 Axel disconnected
﻿18:50:03 : Player #1 Axel (186.0.138.34:2304) connected
﻿18:50:04 : Player #1 Axel - GUID: 18b2de4387abbf68a7c3ec99b6de0b36 (unverified)
﻿18:50:05 : Verified GUID (18b2de4387abbf68a7c3ec99b6de0b36) of player #1 Axel
﻿18:50:06 : Player #1 Axel disconnected
﻿18:51:16 : Player #2 juandayz disconnected
﻿19:19:00 : Player #1 juandayz (190.137.238.231:2304) connected
﻿19:19:02 : Player #1 juandayz - GUID: d603844e2f77196bf616245ae360213b (unverified)
﻿19:19:02 : Verified GUID (d603844e2f77196bf616245ae360213b) of player #1 juandayz
﻿19:19:02 : Player #1 juandayz - Legacy GUID: a5aa074813dab730e26d67b8a0a0af6c
﻿19:21:10 : Player #2 Niculin (189.41.33.243:2304) connected
﻿19:21:12 : Player #2 Niculin - GUID: a02b9db7c2c00474d36c7931264575c4 (unverified)
﻿19:21:12 : Player #2 Niculin - Legacy GUID: 6d650efd69f0e6fc7ba2286bf42a68c0
﻿19:21:13 : Verified GUID (a02b9db7c2c00474d36c7931264575c4) of player #2 Niculin
﻿19:21:14 : Player #2 Niculin disconnected
﻿19:28:22 : Could not connect to BE Master
﻿19:28:22 : Update attempt failed
﻿19:28:25 : Player #1 juandayz (d603844e2f77196bf616245ae360213b) has been kicked by BattlEye: Client not responding
﻿19:28:25 : Player #0 Ariel (c5b74f7036e53b63fbb69767a2d1c503) has been kicked by BattlEye: Client not responding
﻿19:33:50 : Player #0 Mijael (181.21.138.48:2304) connected
﻿19:33:52 : Player #0 Mijael - GUID: 833caf0072fe4a88969deb7ac4176eac (unverified)
﻿19:33:53 : Verified GUID (833caf0072fe4a88969deb7ac4176eac) of player #0 Mijael
﻿19:33:54 : Player #0 Mijael - Legacy GUID: 2671fd875c34e4359ab450e81bf514c3
﻿19:33:57 : Player #0 Mijael disconnected
﻿19:34:01 : Player #1 Mijael (181.21.138.48:2304) connected
﻿19:34:02 : Player #1 Mijael - GUID: 833caf0072fe4a88969deb7ac4176eac (unverified)
﻿19:34:02 : Verified GUID (833caf0072fe4a88969deb7ac4176eac) of player #1 Mijael
﻿19:34:03 : Player #1 Mijael - Legacy GUID: 2671fd875c34e4359ab450e81bf514c3
﻿19:34:17 : Player #2 Ariel (186.18.50.27:2304) connected
﻿19:34:18 : Player #2 Ariel - GUID: c5b74f7036e53b63fbb69767a2d1c503 (unverified)
﻿19:34:18 : Verified GUID (c5b74f7036e53b63fbb69767a2d1c503) of player #2 Ariel
﻿19:34:19 : Player #2 Ariel - Legacy GUID: 34a62f101c2878b9f38e63f1164828b8
﻿19:36:44 : Player #2 Ariel (c5b74f7036e53b63fbb69767a2d1c503) has been kicked by BattlEye: Client not responding
﻿19:36:49 : Player #1 Mijael (833caf0072fe4a88969deb7ac4176eac) has been kicked by BattlEye: Client not responding
﻿19:40:16 : Player #0 Ariel (186.18.50.27:1024) connected
﻿19:40:18 : Player #0 Ariel - GUID: c5b74f7036e53b63fbb69767a2d1c503 (unverified)
﻿19:40:18 : Verified GUID (c5b74f7036e53b63fbb69767a2d1c503) of player #0 Ariel
﻿19:40:19 : Player #0 Ariel - Legacy GUID: 34a62f101c2878b9f38e63f1164828b8
﻿19:47:36 : Player #1 Niculin (189.41.33.243:2304) connected
﻿19:47:37 : Player #1 Niculin - GUID: a02b9db7c2c00474d36c7931264575c4 (unverified)
﻿19:47:37 : Verified GUID (a02b9db7c2c00474d36c7931264575c4) of player #1 Niculin
﻿19:47:38 : Player #1 Niculin - Legacy GUID: 6d650efd69f0e6fc7ba2286bf42a68c0
﻿19:47:39 : Player #1 Niculin disconnected
﻿20:17:23 : Player #1 Mijael (181.21.138.48:2304) connected
﻿20:17:24 : Player #1 Mijael - GUID: 833caf0072fe4a88969deb7ac4176eac (unverified)
﻿20:17:24 : Verified GUID (833caf0072fe4a88969deb7ac4176eac) of player #1 Mijael
﻿20:17:25 : Player #1 Mijael - Legacy GUID: 2671fd875c34e4359ab450e81bf514c3
﻿20:19:15 : Player #1 Mijael disconnected
﻿20:28:15 : Player #1 juandayz (190.137.238.231:2304) connected
﻿20:28:16 : Player #1 juandayz - GUID: d603844e2f77196bf616245ae360213b (unverified)
﻿20:28:16 : Verified GUID (d603844e2f77196bf616245ae360213b) of player #1 juandayz
﻿20:28:17 : Player #1 juandayz - Legacy GUID: a5aa074813dab730e26d67b8a0a0af6c
﻿20:42:10 : Player #2 Vassili ZaitseV (190.174.130.4:2304) connected
﻿20:42:11 : Player #2 Vassili ZaitseV - GUID: 02ea080dbafe11dd0b0e461a17cbf776 (unverified)
﻿20:42:12 : Verified GUID (02ea080dbafe11dd0b0e461a17cbf776) of player #2 Vassili ZaitseV
﻿20:42:13 : Player #2 Vassili ZaitseV - Legacy GUID: b16114ecce6c3d748d4432f8bd08e22e
﻿20:44:00 : Player #3 Mades (186.136.128.39:2304) connected
﻿20:44:02 : Player #3 Mades - GUID: 3c5b53000017cc8888b896a16e2bda78 (unverified)
﻿20:44:02 : Player #3 Mades - Legacy GUID: de309febc01024ceb3453372331d1ec6
﻿20:44:02 : Verified GUID (3c5b53000017cc8888b896a16e2bda78) of player #3 Mades
﻿20:45:00 : RCon admin #0: (Global) BEC : This server will restart in 15 minutes
﻿20:46:19 : Player #2 Vassili ZaitseV disconnected
﻿20:46:58 : Player #2 Vassili ZaitseV (190.174.130.4:2304) connected
﻿20:46:59 : Player #2 Vassili ZaitseV - GUID: 02ea080dbafe11dd0b0e461a17cbf776 (unverified)
﻿20:47:00 : Verified GUID (02ea080dbafe11dd0b0e461a17cbf776) of player #2 Vassili ZaitseV
﻿20:47:00 : Player #2 Vassili ZaitseV - Legacy GUID: b16114ecce6c3d748d4432f8bd08e22e
﻿20:51:21 : Player #2 Vassili ZaitseV disconnected
﻿20:55:00 : RCon admin #0: (Global) BEC : This server will restart in 5 minutes
﻿20:58:41 : Player #0 Ariel disconnected
﻿20:59:00 : RCon admin #0: (Global) BEC : Server restart in 1 minute, Log out NOW!
﻿21:00:02 : Lost Connection!
﻿21:00:02 : Closing socket & exiting!
﻿21:01:14 : Rcon client logging in
﻿21:01:14 : RCon admin #0 (127.0.0.1:52875) logged in
﻿21:03:34 : Player #0 GeleiaBR (187.112.128.121:2304) connected
﻿21:03:40 : Player #0 GeleiaBR disconnected
﻿21:06:00 : Player #0 Mijael (181.21.138.48:2304) connected
﻿21:06:05 : Player #0 Mijael - GUID: 833caf0072fe4a88969deb7ac4176eac (unverified)
﻿21:06:06 : Verified GUID (833caf0072fe4a88969deb7ac4176eac) of player #0 Mijael
﻿21:06:06 : Player #0 Mijael - Legacy GUID: 2671fd875c34e4359ab450e81bf514c3
﻿21:06:56 : Player #1 Mades (186.136.128.39:2304) connected
﻿21:06:56 : Player #2 Ariel (186.18.50.27:2304) connected
﻿21:06:58 : Player #1 Mades - GUID: 3c5b53000017cc8888b896a16e2bda78 (unverified)
﻿21:06:59 : Player #1 Mades - Legacy GUID: de309febc01024ceb3453372331d1ec6
﻿21:06:59 : Player #2 Ariel - Legacy GUID: 34a62f101c2878b9f38e63f1164828b8
﻿21:06:59 : Verified GUID (3c5b53000017cc8888b896a16e2bda78) of player #1 Mades
﻿21:06:59 : Player #2 Ariel - GUID: c5b74f7036e53b63fbb69767a2d1c503 (unverified)
﻿21:07:00 : Verified GUID (c5b74f7036e53b63fbb69767a2d1c503) of player #2 Ariel
﻿21:08:12 : Player #1 Mades disconnected
﻿21:09:44 : Player #1 Vassili ZaitseV (190.174.130.4:2304) connected
﻿21:09:45 : Player #1 Vassili ZaitseV - GUID: 02ea080dbafe11dd0b0e461a17cbf776 (unverified)
﻿21:09:46 : Verified GUID (02ea080dbafe11dd0b0e461a17cbf776) of player #1 Vassili ZaitseV
﻿21:09:47 : Player #1 Vassili ZaitseV - Legacy GUID: b16114ecce6c3d748d4432f8bd08e22e
﻿21:10:36 : Player #3 Mades (186.136.128.39:2304) connected
﻿21:10:38 : Player #3 Mades - GUID: 3c5b53000017cc8888b896a16e2bda78 (unverified)
﻿21:10:39 : Verified GUID (3c5b53000017cc8888b896a16e2bda78) of player #3 Mades
﻿21:10:40 : Player #3 Mades - Legacy GUID: de309febc01024ceb3453372331d1ec6
﻿21:12:42 : Player #1 Vassili ZaitseV disconnected
﻿21:13:09 : Player #3 Mades disconnected
﻿21:13:51 : Player #1 Mades (186.136.128.39:2304) connected
﻿21:13:52 : Player #1 Mades - GUID: 3c5b53000017cc8888b896a16e2bda78 (unverified)
﻿21:13:52 : Verified GUID (3c5b53000017cc8888b896a16e2bda78) of player #1 Mades
﻿21:13:53 : Player #1 Mades - Legacy GUID: de309febc01024ceb3453372331d1ec6
﻿21:14:16 : Player #3 Vassili ZaitseV (190.174.130.4:2304) connected
﻿21:14:17 : Player #3 Vassili ZaitseV - GUID: 02ea080dbafe11dd0b0e461a17cbf776 (unverified)
﻿21:14:17 : Verified GUID (02ea080dbafe11dd0b0e461a17cbf776) of player #3 Vassili ZaitseV
﻿21:14:18 : Player #3 Vassili ZaitseV - Legacy GUID: b16114ecce6c3d748d4432f8bd08e22e
﻿21:15:19 : Player #3 Vassili ZaitseV disconnected
﻿21:15:55 : Player #3 Vassili ZaitseV (190.174.130.4:2304) connected
﻿21:15:56 : Player #3 Vassili ZaitseV - GUID: 02ea080dbafe11dd0b0e461a17cbf776 (unverified)
﻿21:15:56 : Verified GUID (02ea080dbafe11dd0b0e461a17cbf776) of player #3 Vassili ZaitseV
﻿21:15:57 : Player #3 Vassili ZaitseV - Legacy GUID: b16114ecce6c3d748d4432f8bd08e22e
﻿21:16:28 : Player #1 Mades disconnected
﻿21:19:08 : Player #3 Vassili ZaitseV disconnected
﻿21:24:24 : Player #2 Ariel disconnected
﻿21:57:21 : Player #0 Mijael disconnected
﻿21:59:57 : Player #0 Mijael (181.21.138.48:2304) connected
﻿22:00:00 : Player #0 Mijael - GUID: 833caf0072fe4a88969deb7ac4176eac (unverified)
﻿22:00:01 : Verified GUID (833caf0072fe4a88969deb7ac4176eac) of player #0 Mijael
﻿22:00:02 : Player #0 Mijael - Legacy GUID: 2671fd875c34e4359ab450e81bf514c3
﻿22:01:41 : Player #0 Mijael disconnected
﻿22:03:30 : Player #0 Mijael (181.21.138.48:2304) connected
﻿22:03:32 : Player #0 Mijael - GUID: 833caf0072fe4a88969deb7ac4176eac (unverified)
﻿22:03:32 : Verified GUID (833caf0072fe4a88969deb7ac4176eac) of player #0 Mijael
﻿22:03:32 : Player #0 Mijael - Legacy GUID: 2671fd875c34e4359ab450e81bf514c3
﻿22:05:02 : Player #0 Mijael disconnected
﻿22:05:24 : Player #0 Mijael (181.21.138.48:1024) connected
﻿22:05:26 : Player #0 Mijael - GUID: 833caf0072fe4a88969deb7ac4176eac (unverified)
﻿22:05:26 : Verified GUID (833caf0072fe4a88969deb7ac4176eac) of player #0 Mijael
﻿22:05:28 : Player #0 Mijael - Legacy GUID: 2671fd875c34e4359ab450e81bf514c3
﻿22:06:59 : Player #0 Mijael disconnected
﻿22:10:54 : Player #0 Mijael (181.21.138.48:2304) connected
﻿22:10:56 : Player #0 Mijael - GUID: 833caf0072fe4a88969deb7ac4176eac (unverified)
﻿22:10:56 : Verified GUID (833caf0072fe4a88969deb7ac4176eac) of player #0 Mijael
﻿22:10:56 : Player #0 Mijael - Legacy GUID: 2671fd875c34e4359ab450e81bf514c3
﻿22:14:38 : Player #0 Mijael disconnected
﻿22:16:27 : Player #0 Mijael (181.21.138.48:1024) connected
﻿22:16:29 : Player #0 Mijael - GUID: 833caf0072fe4a88969deb7ac4176eac (unverified)
﻿22:16:29 : Player #0 Mijael - Legacy GUID: 2671fd875c34e4359ab450e81bf514c3
﻿22:16:29 : Verified GUID (833caf0072fe4a88969deb7ac4176eac) of player #0 Mijael
﻿22:20:27 : RCon admin #1 (127.0.0.1:53911) logged in
﻿22:23:08 : Player #0 Mijael disconnected
﻿22:24:58 : Player #0 Mijael (181.21.138.48:2304) connected
﻿22:24:59 : Player #0 Mijael - GUID: 833caf0072fe4a88969deb7ac4176eac (unverified)
﻿22:25:00 : Verified GUID (833caf0072fe4a88969deb7ac4176eac) of player #0 Mijael
﻿22:25:00 : Player #0 Mijael - Legacy GUID: 2671fd875c34e4359ab450e81bf514c3
﻿22:26:18 : Player #0 Mijael disconnected
﻿22:30:14 : Player #0 Mijael (181.21.138.48:2304) connected
﻿22:30:15 : Player #0 Mijael - GUID: 833caf0072fe4a88969deb7ac4176eac (unverified)
﻿22:30:16 : Player #0 Mijael - Legacy GUID: 2671fd875c34e4359ab450e81bf514c3
﻿22:30:16 : Verified GUID (833caf0072fe4a88969deb7ac4176eac) of player #0 Mijael
﻿22:32:14 : Player #0 Mijael disconnected
﻿22:34:44 : Player #0 Mijael (181.21.138.48:2304) connected
﻿22:34:45 : Player #0 Mijael - GUID: 833caf0072fe4a88969deb7ac4176eac (unverified)
﻿22:34:45 : Verified GUID (833caf0072fe4a88969deb7ac4176eac) of player #0 Mijael
﻿22:34:46 : Player #0 Mijael - Legacy GUID: 2671fd875c34e4359ab450e81bf514c3
﻿23:45:00 : RCon admin #0: (Global) BEC : This server will restart in 15 minutes
﻿23:55:00 : RCon admin #0: (Global) BEC : This server will restart in 5 minutes
﻿23:59:00 : RCon admin #0: (Global) BEC : This server will restart in 1 minute, Log out now!
