02:18:10 : Rcon client logging in
﻿02:18:10 : RCon admin #0 (127.0.0.1:54640) logged in
﻿02:31:28 : Player #0 [Sucios]Juandayz (190.31.1.106:2304) connected
﻿02:31:29 : Player #0 [Sucios]Juandayz - GUID: d603844e2f77196bf616245ae360213b (unverified)
﻿02:31:30 : Verified GUID (d603844e2f77196bf616245ae360213b) of player #0 [Sucios]Juandayz
﻿02:31:30 : Player #0 [Sucios]Juandayz - Legacy GUID: a5aa074813dab730e26d67b8a0a0af6c
﻿02:41:48 : Player #0 [Sucios]Juandayz (d603844e2f77196bf616245ae360213b) has been kicked by BattlEye: Client not responding
﻿02:45:00 : RCon admin #0: (Global) BEC : This server will restart in 15 minutes
﻿02:55:00 : RCon admin #0: (Global) BEC : This server will restart in 5 minutes
﻿02:59:00 : RCon admin #0: (Global) BEC : This server will restart in 1 minute, Log out now!
﻿03:00:00 : Lost Connection!
﻿03:00:00 : Closing socket & exiting!
﻿03:00:45 : Rcon client logging in
﻿03:00:45 : RCon admin #0 (127.0.0.1:51342) logged in
﻿05:45:00 : RCon admin #0: (Global) BEC : This server will restart in 15 minutes
﻿05:55:00 : RCon admin #0: (Global) BEC : This server will restart in 5 minutes
﻿05:59:00 : RCon admin #0: (Global) BEC : This server will restart in 1 minute, Log out now!
﻿06:00:02 : Lost Connection!
﻿06:00:02 : Closing socket & exiting!
﻿06:00:37 : Rcon client logging in
﻿06:00:37 : RCon admin #0 (127.0.0.1:51538) logged in
﻿08:45:00 : RCon admin #0: (Global) BEC : This server will restart in 15 minutes
﻿08:55:00 : RCon admin #0: (Global) BEC : This server will restart in 5 minutes
﻿08:59:00 : RCon admin #0: (Global) BEC : This server will restart in 1 minute, Log out now!
﻿09:00:01 : Lost Connection!
﻿09:00:01 : Closing socket & exiting!
﻿09:00:37 : Rcon client logging in
﻿09:00:37 : RCon admin #0 (127.0.0.1:51831) logged in
﻿10:56:29 : Player #0 Ew (190.230.239.230:2304) connected
﻿10:56:30 : Player #0 Ew - GUID: cf0b984beb695f6a1509c1352c7143e6 (unverified)
﻿10:56:30 : Verified GUID (cf0b984beb695f6a1509c1352c7143e6) of player #0 Ew
﻿10:56:31 : Player #0 Ew - Legacy GUID: 797dcee85139da3550d13b4b5683dcad
﻿11:40:59 : Player #0 Ew disconnected
﻿11:45:00 : RCon admin #0: (Global) BEC : This server will restart in 15 minutes
﻿11:55:00 : RCon admin #0: (Global) BEC : This server will restart in 5 minutes
﻿11:59:00 : RCon admin #0: (Global) BEC : This server will restart in 1 minute, Log out now!
﻿12:00:01 : Lost Connection!
﻿12:00:01 : Closing socket & exiting!
﻿12:00:45 : Rcon client logging in
﻿12:00:45 : RCon admin #0 (127.0.0.1:56805) logged in
﻿12:15:06 : Player #0 Ew (190.230.239.230:2304) connected
﻿12:15:09 : Player #0 Ew - GUID: cf0b984beb695f6a1509c1352c7143e6 (unverified)
﻿12:15:10 : Verified GUID (cf0b984beb695f6a1509c1352c7143e6) of player #0 Ew
﻿12:15:10 : Player #0 Ew - Legacy GUID: 797dcee85139da3550d13b4b5683dcad
﻿12:33:16 : RCon admin #1 (127.0.0.1:57150) logged in
﻿12:34:13 : RCon admin #1: (Global) [ANTENA 4] estas testeanteando gaby?
﻿13:22:53 : Player #0 Ew disconnected
﻿14:45:00 : RCon admin #0: (Global) BEC : This server will restart in 15 minutes
﻿14:55:00 : RCon admin #0: (Global) BEC : This server will restart in 5 minutes
﻿14:59:00 : RCon admin #0: (Global) BEC : This server will restart in 1 minute, Log out now!
﻿15:00:01 : Lost Connection!
﻿15:00:01 : Closing socket & exiting!
﻿15:00:45 : Rcon client logging in
﻿15:00:45 : RCon admin #0 (127.0.0.1:57134) logged in
﻿15:00:46 : RCon admin #1 (127.0.0.1:57135) logged in
﻿19:30:11 : Rcon client logging in
﻿19:30:11 : RCon admin #0 (127.0.0.1:49770) logged in
﻿20:45:00 : RCon admin #0: (Global) BEC : This server will restart in 15 minutes
﻿20:55:00 : RCon admin #0: (Global) BEC : This server will restart in 5 minutes
﻿20:59:00 : RCon admin #0: (Global) BEC : Server restart in 1 minute, Log out NOW!
﻿21:00:01 : Lost Connection!
﻿21:00:01 : Closing socket & exiting!
﻿21:00:36 : Rcon client logging in
﻿21:00:36 : RCon admin #0 (127.0.0.1:53661) logged in
﻿21:44:00 : Lost Connection!
﻿21:44:00 : Closing socket & exiting!
