00:00:01 : Lost Connection!
﻿00:00:01 : Closing socket & exiting!
﻿00:01:15 : Rcon client logging in
﻿00:01:15 : RCon admin #1 (127.0.0.1:62781) logged in
﻿00:02:06 : Player #0 Malmsteen (186.91.245.69:2304) connected
﻿00:02:08 : Player #0 Malmsteen - GUID: 70d898d24e09807e6b3045cb7402514e (unverified)
﻿00:02:09 : Verified GUID (70d898d24e09807e6b3045cb7402514e) of player #0 Malmsteen
﻿00:02:10 : Player #0 Malmsteen - Legacy GUID: ce2a1e66e3fdb15a9b43a92a413d4a9c
﻿00:02:32 : Player #1 NightdeadBCE (179.60.255.133:2304) connected
﻿00:02:33 : Player #1 NightdeadBCE - GUID: 72a59a89ede6f3de4385238017ea1962 (unverified)
﻿00:03:08 : Player #1 NightdeadBCE disconnected
﻿00:03:08 : Player #1 NightdeadBCE (179.60.255.133:2304) connected
﻿00:03:10 : Player #1 NightdeadBCE - GUID: 72a59a89ede6f3de4385238017ea1962 (unverified)
﻿00:03:10 : Player #1 NightdeadBCE - Legacy GUID: c1ba06f51bfa403cdb1d7c96b7452034
﻿00:03:12 : Verified GUID (72a59a89ede6f3de4385238017ea1962) of player #1 NightdeadBCE
﻿00:04:58 : Player #2 SabryBCE (190.188.53.119:2304) connected
﻿00:04:59 : Player #2 SabryBCE - GUID: 217382261bf7f6f846292a363b8cbf33 (unverified)
﻿00:05:00 : Player #2 SabryBCE - Legacy GUID: 1beccf3f34413a8a64d54a064c7f909a
﻿00:05:00 : Verified GUID (217382261bf7f6f846292a363b8cbf33) of player #2 SabryBCE
﻿00:06:25 : Player #3 =[666]=Pablo_RC (181.91.134.13:2304) connected
﻿00:06:26 : Player #3 =[666]=Pablo_RC - GUID: 16ebd31255bd18b763ce392730470383 (unverified)
﻿00:06:27 : Player #3 =[666]=Pablo_RC - Legacy GUID: 62092891985ca79d88439c3834084445
﻿00:06:27 : Verified GUID (16ebd31255bd18b763ce392730470383) of player #3 =[666]=Pablo_RC
﻿00:10:50 : Player #4 Jose Luis (186.113.156.235:2304) connected
﻿00:10:52 : Player #4 Jose Luis - GUID: d9558a067db2e5932e8a58c619edb83d (unverified)
﻿00:10:52 : Player #4 Jose Luis - Legacy GUID: 7beaaf3c723b44978f2c26b96411e08c
﻿00:10:52 : Verified GUID (d9558a067db2e5932e8a58c619edb83d) of player #4 Jose Luis
﻿01:03:01 : Player #5 JF (190.185.192.18:26512) connected
﻿01:03:03 : Player #5 JF - GUID: 93a2a9d9bc7acb34122becec3305fde7 (unverified)
﻿01:03:03 : Verified GUID (93a2a9d9bc7acb34122becec3305fde7) of player #5 JF
﻿01:03:04 : Player #5 JF - Legacy GUID: 1e3460faa1452299ec3b5f220fe797e0
﻿01:53:08 : Player #1 NightdeadBCE disconnected
﻿01:57:25 : Player #2 SabryBCE (217382261bf7f6f846292a363b8cbf33) has been kicked by BattlEye: Client not responding
﻿02:07:25 : Player #1 SabryBCE (190.188.53.119:2304) connected
﻿02:07:27 : Player #1 SabryBCE - GUID: 217382261bf7f6f846292a363b8cbf33 (unverified)
﻿02:07:28 : Verified GUID (217382261bf7f6f846292a363b8cbf33) of player #1 SabryBCE
﻿02:07:29 : Player #1 SabryBCE - Legacy GUID: 1beccf3f34413a8a64d54a064c7f909a
﻿02:29:07 : Player #0 Malmsteen disconnected
﻿02:45:00 : RCon admin #1: (Global) BEC : This server will restart in 15 minutes
﻿02:49:40 : Player #0 CT-Chimia (201.177.41.219:20363) connected
﻿02:49:41 : Player #0 CT-Chimia - GUID: 90c3fad8f40c31b6eba9e62f152338c3 (unverified)
﻿02:49:42 : Player #0 CT-Chimia - Legacy GUID: 8abe3453f7e79ba437d4d7418550afc8
﻿02:49:42 : Verified GUID (90c3fad8f40c31b6eba9e62f152338c3) of player #0 CT-Chimia
﻿02:49:50 : Player #1 SabryBCE disconnected
﻿02:55:00 : RCon admin #1: (Global) BEC : This server will restart in 5 minutes
﻿02:56:02 : Player #3 =[666]=Pablo_RC (16ebd31255bd18b763ce392730470383) has been kicked by BattlEye: Client not responding
﻿02:59:00 : RCon admin #1: (Global) BEC : This server will restart in 1 minute, Log out now!
﻿03:00:01 : Lost Connection!
﻿03:00:01 : Closing socket & exiting!
﻿03:01:15 : Rcon client logging in
﻿03:01:15 : RCon admin #1 (127.0.0.1:52697) logged in
﻿03:01:53 : Player #0 Jose Luis (186.113.156.235:2304) connected
﻿03:01:54 : Player #0 Jose Luis - Legacy GUID: 7beaaf3c723b44978f2c26b96411e08c
﻿03:01:55 : Player #0 Jose Luis - GUID: d9558a067db2e5932e8a58c619edb83d (unverified)
﻿03:01:55 : Verified GUID (d9558a067db2e5932e8a58c619edb83d) of player #0 Jose Luis
﻿03:03:05 : Player #1 JF (190.185.192.18:26512) connected
﻿03:03:07 : Player #1 JF - GUID: 93a2a9d9bc7acb34122becec3305fde7 (unverified)
﻿03:03:08 : Player #1 JF - Legacy GUID: 1e3460faa1452299ec3b5f220fe797e0
﻿03:03:08 : Verified GUID (93a2a9d9bc7acb34122becec3305fde7) of player #1 JF
﻿03:27:47 : Player #2 CT-Chimia (201.177.41.219:21179) connected
﻿03:27:48 : Player #2 CT-Chimia - GUID: 90c3fad8f40c31b6eba9e62f152338c3 (unverified)
﻿03:27:49 : Player #2 CT-Chimia - Legacy GUID: 8abe3453f7e79ba437d4d7418550afc8
﻿03:27:49 : Verified GUID (90c3fad8f40c31b6eba9e62f152338c3) of player #2 CT-Chimia
﻿04:31:09 : Player #2 CT-Chimia disconnected
﻿04:31:19 : Player #2 CT-Chimia (201.177.41.219:21179) connected
﻿04:31:20 : Player #2 CT-Chimia - GUID: 90c3fad8f40c31b6eba9e62f152338c3 (unverified)
﻿04:31:21 : Player #2 CT-Chimia - Legacy GUID: 8abe3453f7e79ba437d4d7418550afc8
﻿04:31:21 : Verified GUID (90c3fad8f40c31b6eba9e62f152338c3) of player #2 CT-Chimia
﻿04:58:00 : Player #3 Lautaro (181.24.79.202:2304) connected
﻿04:58:01 : Player #3 Lautaro - GUID: e1398ed8cf4d702640043a83fbf8256d (unverified)
﻿04:58:02 : Verified GUID (e1398ed8cf4d702640043a83fbf8256d) of player #3 Lautaro
﻿04:58:02 : Player #3 Lautaro - Legacy GUID: 2587179ec3417d6be0d5a657f97c32c9
﻿04:58:29 : Player #3 Lautaro disconnected
﻿05:40:07 : Player #0 Jose Luis disconnected
﻿05:45:00 : RCon admin #1: (Global) BEC : This server will restart in 15 minutes
﻿05:54:39 : Player #1 JF disconnected
﻿05:55:00 : RCon admin #1: (Global) BEC : This server will restart in 5 minutes
﻿05:59:00 : RCon admin #1: (Global) BEC : This server will restart in 1 minute, Log out now!
﻿06:00:01 : Lost Connection!
﻿06:00:01 : Closing socket & exiting!
﻿06:01:15 : Rcon client logging in
﻿06:01:15 : RCon admin #1 (127.0.0.1:60142) logged in
﻿06:02:21 : Player #0 CT-Chimia (201.177.41.219:10271) connected
﻿06:02:24 : Player #0 CT-Chimia - GUID: 90c3fad8f40c31b6eba9e62f152338c3 (unverified)
﻿06:02:25 : Verified GUID (90c3fad8f40c31b6eba9e62f152338c3) of player #0 CT-Chimia
﻿06:02:25 : Player #0 CT-Chimia - Legacy GUID: 8abe3453f7e79ba437d4d7418550afc8
﻿08:45:00 : RCon admin #1: (Global) BEC : This server will restart in 15 minutes
﻿08:55:00 : RCon admin #1: (Global) BEC : This server will restart in 5 minutes
﻿08:58:53 : Player #0 CT-Chimia disconnected
﻿08:59:00 : RCon admin #1: (Global) BEC : This server will restart in 1 minute, Log out now!
﻿09:00:01 : Lost Connection!
﻿09:00:01 : Closing socket & exiting!
﻿09:01:15 : Rcon client logging in
﻿09:01:15 : RCon admin #1 (127.0.0.1:60938) logged in
﻿09:08:59 : Player #0 CT-Chimia (201.177.41.219:12420) connected
﻿09:09:01 : Player #0 CT-Chimia - GUID: 90c3fad8f40c31b6eba9e62f152338c3 (unverified)
﻿09:09:01 : Verified GUID (90c3fad8f40c31b6eba9e62f152338c3) of player #0 CT-Chimia
﻿09:09:02 : Player #0 CT-Chimia - Legacy GUID: 8abe3453f7e79ba437d4d7418550afc8
﻿09:21:19 : Player #1 Kehl (179.127.143.35:7186) connected
﻿09:21:20 : Player #1 Kehl - GUID: 076c1374cbe3eb12dfcb2658cbbea2fa (unverified)
﻿09:21:20 : Verified GUID (076c1374cbe3eb12dfcb2658cbbea2fa) of player #1 Kehl
﻿09:21:21 : Player #1 Kehl - Legacy GUID: 22f135dc7d09273ed3ef4bc9e1aafc8c
﻿09:21:22 : Player #1 Kehl disconnected
﻿11:42:19 : Player #0 CT-Chimia disconnected
﻿11:43:00 : Player #0 Jose Luis (186.113.156.235:2304) connected
﻿11:43:03 : Player #0 Jose Luis - GUID: d9558a067db2e5932e8a58c619edb83d (unverified)
﻿11:43:03 : Verified GUID (d9558a067db2e5932e8a58c619edb83d) of player #0 Jose Luis
﻿11:43:05 : Player #0 Jose Luis - Legacy GUID: 7beaaf3c723b44978f2c26b96411e08c
﻿11:45:00 : RCon admin #1: (Global) BEC : This server will restart in 15 minutes
﻿11:55:00 : RCon admin #1: (Global) BEC : This server will restart in 5 minutes
﻿11:59:00 : RCon admin #1: (Global) BEC : This server will restart in 1 minute, Log out now!
﻿11:59:25 : Player #0 Jose Luis disconnected
﻿12:00:01 : Lost Connection!
﻿12:00:01 : Closing socket & exiting!
﻿12:01:15 : Rcon client logging in
﻿12:01:15 : RCon admin #1 (127.0.0.1:64544) logged in
﻿13:49:12 : Player #1 Rodrigo (181.199.144.69:2304) connected
﻿13:49:14 : Player #1 Rodrigo - GUID: a6e3750909077c8e22fc9ceb56a48dca (unverified)
﻿13:49:14 : Verified GUID (a6e3750909077c8e22fc9ceb56a48dca) of player #1 Rodrigo
﻿13:49:14 : Player #1 Rodrigo - Legacy GUID: 10dd2c6e05466c48ae8ced1e2b94d2f1
﻿13:49:15 : Player #1 Rodrigo disconnected
﻿14:05:51 : Player #0 Jose Luis disconnected
﻿14:45:00 : RCon admin #1: (Global) BEC : This server will restart in 15 minutes
