00:00:01 : Lost Connection!
﻿00:00:01 : Closing socket & exiting!
﻿00:01:15 : Rcon client logging in
﻿00:01:15 : RCon admin #2 (127.0.0.1:49303) logged in
﻿00:01:19 : Player #0 [WG] SnakeGeneral (191.249.209.72:2304) connected
﻿00:01:20 : Player #0 [WG] SnakeGeneral - GUID: 181db932e18c373dea58c91a9b7034bf (unverified)
﻿00:01:21 : Player #0 [WG] SnakeGeneral - Legacy GUID: 855ed08988c3abe5e44ce3742718c692
﻿00:01:21 : Verified GUID (181db932e18c373dea58c91a9b7034bf) of player #0 [WG] SnakeGeneral
﻿00:01:30 : Player #1 Cloudsp (191.19.209.176:2304) connected
﻿00:01:31 : Player #1 Cloudsp - GUID: ccadd2ade87a3896140f2e5288880114 (unverified)
﻿00:01:31 : Verified GUID (ccadd2ade87a3896140f2e5288880114) of player #1 Cloudsp
﻿00:01:32 : Player #1 Cloudsp - Legacy GUID: 2da63537ca8a0a2c2f2399fc04671995
﻿00:03:52 : Player #1 Cloudsp disconnected
﻿00:04:45 : Player #1 FIN4LShare (187.63.77.182:2304) connected
﻿00:04:47 : Player #1 FIN4LShare - GUID: d4cd999756c3b7742306dd967dcf9a54 (unverified)
﻿00:04:47 : Player #1 FIN4LShare - Legacy GUID: cbd67b2c90a885cb5aa8bc1280925a58
﻿00:04:47 : Verified GUID (d4cd999756c3b7742306dd967dcf9a54) of player #1 FIN4LShare
﻿00:08:12 : Player #2 Nikyta (190.244.45.71:2304) connected
﻿00:08:13 : Player #2 Nikyta - GUID: d18bc2163de1a6abe8924f2e0788680b (unverified)
﻿00:08:13 : Verified GUID (d18bc2163de1a6abe8924f2e0788680b) of player #2 Nikyta
﻿00:08:14 : Player #2 Nikyta - Legacy GUID: d294364f535d1f02da4e01c50aaec207
﻿00:14:09 : Player #3 Cloudsp (191.19.209.176:2304) connected
﻿00:14:10 : Player #3 Cloudsp - GUID: ccadd2ade87a3896140f2e5288880114 (unverified)
﻿00:14:10 : Verified GUID (ccadd2ade87a3896140f2e5288880114) of player #3 Cloudsp
﻿00:14:11 : Player #3 Cloudsp - Legacy GUID: 2da63537ca8a0a2c2f2399fc04671995
﻿00:25:11 : Player #4 JF (190.185.192.18:26512) connected
﻿00:25:12 : Player #4 JF - GUID: 93a2a9d9bc7acb34122becec3305fde7 (unverified)
﻿00:25:13 : Verified GUID (93a2a9d9bc7acb34122becec3305fde7) of player #4 JF
﻿00:25:13 : Player #4 JF - Legacy GUID: 1e3460faa1452299ec3b5f220fe797e0
﻿00:50:27 : Player #4 JF disconnected
﻿00:52:37 : Player #0 [WG] SnakeGeneral (181db932e18c373dea58c91a9b7034bf) has been kicked by BattlEye: Client not responding
﻿00:53:47 : Player #0 JF (190.185.192.18:26512) connected
﻿00:53:48 : Player #0 JF - GUID: 93a2a9d9bc7acb34122becec3305fde7 (unverified)
﻿00:53:49 : Verified GUID (93a2a9d9bc7acb34122becec3305fde7) of player #0 JF
﻿00:53:49 : Player #0 JF - Legacy GUID: 1e3460faa1452299ec3b5f220fe797e0
﻿00:54:08 : Player #1 FIN4LShare disconnected
﻿00:54:40 : Player #1 FIN4LShare (187.63.77.182:2304) connected
﻿00:54:41 : Player #1 FIN4LShare - GUID: d4cd999756c3b7742306dd967dcf9a54 (unverified)
﻿00:54:41 : Verified GUID (d4cd999756c3b7742306dd967dcf9a54) of player #1 FIN4LShare
﻿00:54:42 : Player #1 FIN4LShare - Legacy GUID: cbd67b2c90a885cb5aa8bc1280925a58
﻿00:55:22 : Player #4 [WG] SnakeGeneral (191.249.209.72:2304) connected
﻿00:55:23 : Player #4 [WG] SnakeGeneral - GUID: 181db932e18c373dea58c91a9b7034bf (unverified)
﻿00:55:23 : Verified GUID (181db932e18c373dea58c91a9b7034bf) of player #4 [WG] SnakeGeneral
﻿00:55:24 : Player #4 [WG] SnakeGeneral - Legacy GUID: 855ed08988c3abe5e44ce3742718c692
﻿01:11:01 : Player #5 Jej0x |Aspirante| (190.51.222.175:2304) connected
﻿01:11:04 : Player #5 Jej0x |Aspirante| - GUID: f3e3268171736a361f4f08d3aee36558 (unverified)
﻿01:11:05 : Verified GUID (f3e3268171736a361f4f08d3aee36558) of player #5 Jej0x |Aspirante|
﻿01:11:05 : Player #5 Jej0x |Aspirante| - Legacy GUID: 46a8911586c7fdb684a7f7c1fb3da0e5
﻿01:23:11 : Player #1 FIN4LShare disconnected
﻿01:25:32 : Player #3 Cloudsp disconnected
﻿01:43:33 : Player #5 Jej0x |Aspirante| disconnected
﻿01:46:55 : RCon admin #1: (Global) [ChukyN] [2016-04-29 | 01:42:55] (Side) Jej0x |Aspirante|: bue me aburrio el sv este medio flashero
﻿01:47:07 : RCon admin #1: (Global) [ChukyN] wtf!!
﻿01:48:43 : RCon admin #1: (Global) [ChukyN] Nikyta mira que Juan hizo un script que si no trapeas los pisos te kickea
﻿01:48:44 : RCon admin #1: (Global) [ChukyN] te aviso
﻿01:49:19 : RCon admin #1: (Global) [ChukyN] Juan esta de pollerudo
﻿01:49:22 : RCon admin #1: (Global) [ChukyN] le pega la mujer si juega
﻿01:49:23 : RCon admin #1: (Global) [ChukyN] no lo deja
﻿01:51:36 : RCon admin #1: (Global) [ChukyN] Es la pura verdad
﻿01:51:41 : RCon admin #1: (Global) [ChukyN] preguntale a cualquiera de los viejos
﻿01:51:46 : RCon admin #1: (Global) [ChukyN] ni al TS lo dejo conectrase
﻿01:52:01 : RCon admin #1: (Global) [ChukyN] lo debe tener de delantal todo el dia
﻿01:52:06 : RCon admin #1: (Global) [ChukyN] haciendo las tareas de la casa
﻿01:52:16 : RCon admin #1: (Global) [ChukyN] mientras la mina mira netflix
﻿01:52:24 : RCon admin #1: (Global) [ChukyN] Juan Saludos cuando leas esto mañana
﻿01:53:32 : RCon admin #1: (Global) [ChukyN] bue me fui a dormir
﻿01:53:34 : RCon admin #1: (Global) [ChukyN] nos vemo gente
﻿01:53:39 : RCon admin #1: (Global) [ChukyN] hay que laburar mañana
﻿02:14:17 : Player #2 Nikyta disconnected
﻿02:45:00 : RCon admin #2: (Global) BEC : This server will restart in 15 minutes
﻿02:55:00 : RCon admin #2: (Global) BEC : This server will restart in 5 minutes
﻿02:59:00 : RCon admin #2: (Global) BEC : This server will restart in 1 minute, Log out now!
﻿03:00:01 : Lost Connection!
﻿03:00:01 : Closing socket & exiting!
﻿03:01:15 : Rcon client logging in
﻿03:01:15 : RCon admin #1 (127.0.0.1:56037) logged in
﻿03:05:49 : Player #0 JF (190.185.192.18:26512) connected
﻿03:05:52 : Player #0 JF - GUID: 93a2a9d9bc7acb34122becec3305fde7 (unverified)
﻿03:05:52 : Verified GUID (93a2a9d9bc7acb34122becec3305fde7) of player #0 JF
﻿03:05:53 : Player #0 JF - Legacy GUID: 1e3460faa1452299ec3b5f220fe797e0
﻿03:25:49 : Player #1 [WG] SnakeGeneral (191.249.209.72:2304) connected
﻿03:25:50 : Player #1 [WG] SnakeGeneral - GUID: 181db932e18c373dea58c91a9b7034bf (unverified)
﻿03:25:50 : Verified GUID (181db932e18c373dea58c91a9b7034bf) of player #1 [WG] SnakeGeneral
﻿03:25:51 : Player #1 [WG] SnakeGeneral - Legacy GUID: 855ed08988c3abe5e44ce3742718c692
﻿05:11:14 : Player #0 JF disconnected
﻿05:19:47 : Player #1 [WG] SnakeGeneral disconnected
﻿05:45:00 : RCon admin #1: (Global) BEC : This server will restart in 15 minutes
﻿05:55:00 : RCon admin #1: (Global) BEC : This server will restart in 5 minutes
﻿05:59:00 : RCon admin #1: (Global) BEC : This server will restart in 1 minute, Log out now!
﻿06:00:01 : Lost Connection!
﻿06:00:01 : Closing socket & exiting!
﻿06:01:15 : Rcon client logging in
﻿06:01:15 : RCon admin #1 (127.0.0.1:58282) logged in
﻿08:45:00 : RCon admin #1: (Global) BEC : This server will restart in 15 minutes
﻿08:55:00 : RCon admin #1: (Global) BEC : This server will restart in 5 minutes
﻿08:59:00 : RCon admin #1: (Global) BEC : This server will restart in 1 minute, Log out now!
﻿09:00:01 : Lost Connection!
﻿09:00:01 : Closing socket & exiting!
﻿09:01:07 : Rcon client logging in
﻿09:01:07 : RCon admin #1 (127.0.0.1:55801) logged in
﻿11:45:00 : RCon admin #1: (Global) BEC : This server will restart in 15 minutes
﻿11:55:00 : RCon admin #1: (Global) BEC : This server will restart in 5 minutes
﻿11:59:00 : RCon admin #1: (Global) BEC : This server will restart in 1 minute, Log out now!
﻿12:00:02 : Lost Connection!
﻿12:00:02 : Closing socket & exiting!
﻿12:01:06 : Rcon client logging in
﻿12:01:06 : RCon admin #1 (127.0.0.1:62637) logged in
﻿12:24:37 : Player #0 JF (190.185.192.18:26512) connected
﻿12:24:39 : Player #0 JF - GUID: 93a2a9d9bc7acb34122becec3305fde7 (unverified)
﻿12:24:40 : Verified GUID (93a2a9d9bc7acb34122becec3305fde7) of player #0 JF
﻿12:24:40 : Player #0 JF - Legacy GUID: 1e3460faa1452299ec3b5f220fe797e0
﻿13:36:57 : Player #1 IAAK7 (167.56.101.88:26764) connected
﻿13:36:58 : Player #1 IAAK7 - GUID: 2efbc33efca5f4baf7ced859f24a946f (unverified)
﻿13:36:58 : Verified GUID (2efbc33efca5f4baf7ced859f24a946f) of player #1 IAAK7
﻿13:36:59 : Player #1 IAAK7 - Legacy GUID: 184f21359529fbbbd438acc3b9219e26
﻿13:50:50 : Player #1 IAAK7 disconnected
﻿13:55:42 : Player #1 Matias (190.230.20.198:2304) connected
﻿13:55:43 : Player #1 Matias disconnected
﻿13:55:46 : Player #1 Matias (190.230.20.198:2304) connected
﻿13:55:47 : Player #1 Matias disconnected
﻿14:12:09 : Player #1 Nikyta (190.244.45.71:2304) connected
﻿14:12:10 : Player #1 Nikyta - GUID: d18bc2163de1a6abe8924f2e0788680b (unverified)
﻿14:12:10 : Verified GUID (d18bc2163de1a6abe8924f2e0788680b) of player #1 Nikyta
﻿14:12:11 : Player #1 Nikyta - Legacy GUID: d294364f535d1f02da4e01c50aaec207
﻿14:37:08 : No Valid response. Trying to reconnect.!
﻿14:37:08 : Rcon client logging in
﻿14:37:08 : RCon admin #1 (127.0.0.1:62637) logged in
﻿14:42:45 : Player #2 [WG] SnakeGeneral (191.249.209.72:2304) connected
﻿14:42:46 : Player #2 [WG] SnakeGeneral - GUID: 181db932e18c373dea58c91a9b7034bf (unverified)
﻿14:42:47 : Verified GUID (181db932e18c373dea58c91a9b7034bf) of player #2 [WG] SnakeGeneral
﻿14:42:47 : Player #2 [WG] SnakeGeneral - Legacy GUID: 855ed08988c3abe5e44ce3742718c692
﻿14:44:48 : Player #2 [WG] SnakeGeneral disconnected
﻿14:45:00 : RCon admin #1: (Global) BEC : This server will restart in 15 minutes
﻿14:55:00 : RCon admin #1: (Global) BEC : This server will restart in 5 minutes
﻿14:59:00 : RCon admin #1: (Global) BEC : This server will restart in 1 minute, Log out now!
﻿14:59:20 : Player #0 JF disconnected
﻿14:59:56 : Player #1 Nikyta disconnected
﻿15:00:01 : Lost Connection!
﻿15:00:01 : Closing socket & exiting!
﻿15:01:15 : Rcon client logging in
﻿15:01:15 : RCon admin #1 (127.0.0.1:65399) logged in
﻿15:10:20 : Player #0 Matias (186.124.34.240:2304) connected
﻿15:10:22 : Player #0 Matias - GUID: 2b39df7c7d122eb63fcfab92fec65f1e (unverified)
﻿15:10:22 : Player #0 Matias - Legacy GUID: 4e68408dd46379a79a043acd9ce2d722
﻿15:10:22 : Verified GUID (2b39df7c7d122eb63fcfab92fec65f1e) of player #0 Matias
﻿15:12:51 : Player #1 Nikyta (190.244.45.71:2304) connected
﻿15:12:52 : Player #1 Nikyta - GUID: d18bc2163de1a6abe8924f2e0788680b (unverified)
﻿15:12:52 : Verified GUID (d18bc2163de1a6abe8924f2e0788680b) of player #1 Nikyta
﻿15:12:53 : Player #1 Nikyta - Legacy GUID: d294364f535d1f02da4e01c50aaec207
﻿15:19:49 : Player #2 [WG] SnakeGeneral (191.249.209.72:2304) connected
﻿15:19:50 : Player #2 [WG] SnakeGeneral - GUID: 181db932e18c373dea58c91a9b7034bf (unverified)
﻿15:19:50 : Verified GUID (181db932e18c373dea58c91a9b7034bf) of player #2 [WG] SnakeGeneral
﻿15:19:51 : Player #2 [WG] SnakeGeneral - Legacy GUID: 855ed08988c3abe5e44ce3742718c692
﻿15:24:46 : Player #3 FIN4LShare (187.63.77.182:2304) connected
﻿15:24:48 : Player #3 FIN4LShare - GUID: d4cd999756c3b7742306dd967dcf9a54 (unverified)
﻿15:24:48 : Verified GUID (d4cd999756c3b7742306dd967dcf9a54) of player #3 FIN4LShare
﻿15:24:48 : Player #3 FIN4LShare - Legacy GUID: cbd67b2c90a885cb5aa8bc1280925a58
﻿15:42:27 : Player #0 Matias disconnected
﻿15:56:14 : Player #2 [WG] SnakeGeneral disconnected
﻿15:57:26 : Player #0 [WG] SnakeGeneral (191.249.209.72:2304) connected
﻿15:57:27 : Player #0 [WG] SnakeGeneral - GUID: 181db932e18c373dea58c91a9b7034bf (unverified)
﻿15:57:28 : Verified GUID (181db932e18c373dea58c91a9b7034bf) of player #0 [WG] SnakeGeneral
﻿15:57:29 : Player #0 [WG] SnakeGeneral - Legacy GUID: 855ed08988c3abe5e44ce3742718c692
﻿15:57:36 : Player #2 Tio  Chuck (177.16.171.45:2304) connected
﻿15:57:37 : Player #2 Tio  Chuck - GUID: e734115a25c971cbcf8846b4ff771d85 (unverified)
﻿15:57:38 : Verified GUID (e734115a25c971cbcf8846b4ff771d85) of player #2 Tio  Chuck
﻿15:57:38 : Player #2 Tio  Chuck - Legacy GUID: c870a8c9b20cfc479e46e729b49a443d
﻿16:21:07 : Player #4 Capitoo (186.23.75.215:2304) connected
﻿16:21:08 : Player #4 Capitoo disconnected
﻿16:39:04 : Player #0 [WG] SnakeGeneral disconnected
﻿16:40:18 : Player #0 [WG] SnakeGeneral (191.249.209.72:2304) connected
﻿16:40:19 : Player #0 [WG] SnakeGeneral - GUID: 181db932e18c373dea58c91a9b7034bf (unverified)
﻿16:40:20 : Player #0 [WG] SnakeGeneral - Legacy GUID: 855ed08988c3abe5e44ce3742718c692
﻿16:40:20 : Verified GUID (181db932e18c373dea58c91a9b7034bf) of player #0 [WG] SnakeGeneral
﻿16:40:24 : Player #4 hitziquer (181.231.177.216:19332) connected
﻿16:40:26 : Player #4 hitziquer - GUID: bd5c559d22136d17ec04a08945e4890e (unverified)
﻿16:40:26 : Verified GUID (bd5c559d22136d17ec04a08945e4890e) of player #4 hitziquer
﻿16:40:26 : Player #4 hitziquer - Legacy GUID: 7bb4213c17e8aa8dc9dbfde0c8c2f9ba
﻿16:55:11 : RCon admin #1: (To Tio  Chuck) BEC : You have about 60 seconds left to join the mission.
﻿16:55:42 : RCon admin #1: (To Tio  Chuck) BEC : You have about 30 seconds left to join the mission.
﻿16:55:56 : RCon admin #1: (To Tio  Chuck) BEC : You have about 15 seconds left to join the mission.
﻿16:56:11 : Player #2 Tio  Chuck (e734115a25c971cbcf8846b4ff771d85) has been kicked by BattlEye: Admin Kick (BEC : Lobby idling to long)
﻿17:08:59 : Player #2 Jej0x |Aspirante| (190.51.253.103:2304) connected
﻿17:09:03 : Player #2 Jej0x |Aspirante| - GUID: f3e3268171736a361f4f08d3aee36558 (unverified)
﻿17:09:03 : Verified GUID (f3e3268171736a361f4f08d3aee36558) of player #2 Jej0x |Aspirante|
﻿17:09:04 : Player #2 Jej0x |Aspirante| - Legacy GUID: 46a8911586c7fdb684a7f7c1fb3da0e5
﻿17:18:46 : Player #5 Leodagos (186.135.40.24:10337) connected
﻿17:18:47 : Player #5 Leodagos - GUID: 927032c3d7c1139aff0ff09424d46da1 (unverified)
﻿17:18:47 : Verified GUID (927032c3d7c1139aff0ff09424d46da1) of player #5 Leodagos
﻿17:18:48 : Player #5 Leodagos - Legacy GUID: d7639dceb9588d3b0ab85f82e92ff8de
﻿17:19:15 : Player #5 Leodagos disconnected
﻿17:23:13 : Player #5 [L]eoZ1nn (177.148.237.146:55009) connected
﻿17:23:14 : Player #5 [L]eoZ1nn - GUID: 5c9ab98a7a55d147eae710e756180257 (unverified)
﻿17:23:14 : Verified GUID (5c9ab98a7a55d147eae710e756180257) of player #5 [L]eoZ1nn
﻿17:23:15 : Player #5 [L]eoZ1nn - Legacy GUID: 33d6e0d5f1f0c5cd0895f204d6d64e5d
﻿17:25:30 : Player #0 [WG] SnakeGeneral disconnected
﻿17:27:02 : Player #0 [WG] SnakeGeneral (191.249.209.72:2304) connected
﻿17:27:03 : Player #0 [WG] SnakeGeneral - GUID: 181db932e18c373dea58c91a9b7034bf (unverified)
﻿17:27:04 : Verified GUID (181db932e18c373dea58c91a9b7034bf) of player #0 [WG] SnakeGeneral
﻿17:27:04 : Player #0 [WG] SnakeGeneral - Legacy GUID: 855ed08988c3abe5e44ce3742718c692
﻿17:45:00 : RCon admin #1: (Global) BEC : This server will restart in 15 minutes
﻿17:55:00 : RCon admin #1: (Global) BEC : This server will restart in 5 minutes
﻿17:59:00 : RCon admin #1: (Global) BEC : This server will restart in 1 minute, Log out now!
﻿17:59:38 : Player #2 Jej0x |Aspirante| disconnected
﻿17:59:38 : Player #3 FIN4LShare disconnected
﻿18:00:01 : Lost Connection!
﻿18:00:01 : Closing socket & exiting!
﻿18:01:15 : Rcon client logging in
﻿18:01:15 : RCon admin #1 (127.0.0.1:64147) logged in
﻿18:01:29 : Player #0 [WG] SnakeGeneral (191.249.209.72:2304) connected
﻿18:01:30 : Player #0 [WG] SnakeGeneral - GUID: 181db932e18c373dea58c91a9b7034bf (unverified)
﻿18:01:31 : Verified GUID (181db932e18c373dea58c91a9b7034bf) of player #0 [WG] SnakeGeneral
﻿18:01:31 : Player #0 [WG] SnakeGeneral - Legacy GUID: 855ed08988c3abe5e44ce3742718c692
﻿18:01:36 : Player #1 Nikyta (190.244.45.71:2304) connected
﻿18:01:37 : Player #1 Nikyta - GUID: d18bc2163de1a6abe8924f2e0788680b (unverified)
﻿18:01:37 : Verified GUID (d18bc2163de1a6abe8924f2e0788680b) of player #1 Nikyta
﻿18:01:38 : Player #1 Nikyta - Legacy GUID: d294364f535d1f02da4e01c50aaec207
﻿18:04:50 : Player #2 FIN4LShare (187.63.77.182:2304) connected
﻿18:04:52 : Player #2 FIN4LShare - GUID: d4cd999756c3b7742306dd967dcf9a54 (unverified)
﻿18:04:53 : Verified GUID (d4cd999756c3b7742306dd967dcf9a54) of player #2 FIN4LShare
﻿18:04:53 : Player #2 FIN4LShare - Legacy GUID: cbd67b2c90a885cb5aa8bc1280925a58
﻿18:05:52 : Player #3 hitziquer (181.231.177.216:19757) connected
﻿18:05:53 : Player #3 hitziquer - GUID: bd5c559d22136d17ec04a08945e4890e (unverified)
﻿18:05:54 : Verified GUID (bd5c559d22136d17ec04a08945e4890e) of player #3 hitziquer
﻿18:05:54 : Player #3 hitziquer - Legacy GUID: 7bb4213c17e8aa8dc9dbfde0c8c2f9ba
﻿18:13:37 : Player #4 Jej0x |Aspirante| (190.51.253.103:2304) connected
﻿18:13:41 : Player #4 Jej0x |Aspirante| - GUID: f3e3268171736a361f4f08d3aee36558 (unverified)
﻿18:13:42 : Player #4 Jej0x |Aspirante| - Legacy GUID: 46a8911586c7fdb684a7f7c1fb3da0e5
﻿18:13:45 : Verified GUID (f3e3268171736a361f4f08d3aee36558) of player #4 Jej0x |Aspirante|
﻿18:30:11 : Player #5 Leodagos (186.135.40.24:12937) connected
﻿18:30:12 : Player #5 Leodagos - GUID: 927032c3d7c1139aff0ff09424d46da1 (unverified)
﻿18:30:13 : Verified GUID (927032c3d7c1139aff0ff09424d46da1) of player #5 Leodagos
﻿18:30:13 : Player #5 Leodagos - Legacy GUID: d7639dceb9588d3b0ab85f82e92ff8de
﻿18:48:04 : Player #1 Nikyta disconnected
﻿18:51:09 : Player #3 hitziquer disconnected
﻿18:58:05 : Player #1 hitziquer (181.231.177.216:20229) connected
﻿18:58:07 : Player #1 hitziquer - GUID: bd5c559d22136d17ec04a08945e4890e (unverified)
﻿18:58:07 : Player #1 hitziquer - Legacy GUID: 7bb4213c17e8aa8dc9dbfde0c8c2f9ba
﻿18:58:07 : Verified GUID (bd5c559d22136d17ec04a08945e4890e) of player #1 hitziquer
﻿19:02:20 : Player #1 hitziquer disconnected
﻿19:04:19 : Player #1 Javier-Pc (179.7.138.50:24322) connected
﻿19:04:21 : Player #1 Javier-Pc - GUID: 01a0a435c3f914a5e4dd94412a491477 (unverified)
﻿19:04:21 : Verified GUID (01a0a435c3f914a5e4dd94412a491477) of player #1 Javier-Pc
﻿19:04:22 : Player #1 Javier-Pc - Legacy GUID: b1b5cd9a9af18c7d7a109e15058e26b2
﻿19:05:58 : Player #3 hitziquer (181.231.177.216:20676) connected
﻿19:05:59 : Player #3 hitziquer - GUID: bd5c559d22136d17ec04a08945e4890e (unverified)
﻿19:05:59 : Verified GUID (bd5c559d22136d17ec04a08945e4890e) of player #3 hitziquer
﻿19:06:00 : Player #3 hitziquer - Legacy GUID: 7bb4213c17e8aa8dc9dbfde0c8c2f9ba
﻿19:18:50 : Player #3 hitziquer disconnected
﻿19:21:27 : Player #3 hitziquer (181.231.177.216:21494) connected
﻿19:21:28 : Player #3 hitziquer - GUID: bd5c559d22136d17ec04a08945e4890e (unverified)
﻿19:21:29 : Verified GUID (bd5c559d22136d17ec04a08945e4890e) of player #3 hitziquer
﻿19:21:29 : Player #3 hitziquer - Legacy GUID: 7bb4213c17e8aa8dc9dbfde0c8c2f9ba
﻿19:22:34 : Player #1 Javier-Pc disconnected
﻿19:27:15 : Player #3 hitziquer disconnected
﻿19:29:23 : Player #1 hitziquer (181.231.177.216:21635) connected
﻿19:29:24 : Player #1 hitziquer - GUID: bd5c559d22136d17ec04a08945e4890e (unverified)
﻿19:29:25 : Verified GUID (bd5c559d22136d17ec04a08945e4890e) of player #1 hitziquer
﻿19:29:25 : Player #1 hitziquer - Legacy GUID: 7bb4213c17e8aa8dc9dbfde0c8c2f9ba
﻿19:57:11 : Player #1 hitziquer disconnected
﻿19:58:57 : Player #1 hitziquer (181.231.177.216:21635) connected
﻿19:58:58 : Player #1 hitziquer - GUID: bd5c559d22136d17ec04a08945e4890e (unverified)
﻿19:58:58 : Verified GUID (bd5c559d22136d17ec04a08945e4890e) of player #1 hitziquer
﻿19:58:59 : Player #1 hitziquer - Legacy GUID: 7bb4213c17e8aa8dc9dbfde0c8c2f9ba
﻿20:00:21 : Player #5 Leodagos disconnected
﻿20:00:24 : Player #4 Jej0x |Aspirante| disconnected
﻿20:11:44 : Player #3 Tio  Chuck (177.16.171.45:2304) connected
﻿20:11:45 : Player #3 Tio  Chuck - GUID: e734115a25c971cbcf8846b4ff771d85 (unverified)
﻿20:11:46 : Player #3 Tio  Chuck - Legacy GUID: c870a8c9b20cfc479e46e729b49a443d
﻿20:11:48 : Verified GUID (e734115a25c971cbcf8846b4ff771d85) of player #3 Tio  Chuck
﻿20:32:40 : Player #4 Jej0x |Aspirante| (190.51.253.103:2304) connected
﻿20:32:48 : Player #4 Jej0x |Aspirante| - GUID: f3e3268171736a361f4f08d3aee36558 (unverified)
﻿20:32:49 : Player #4 Jej0x |Aspirante| - Legacy GUID: 46a8911586c7fdb684a7f7c1fb3da0e5
﻿20:32:49 : Verified GUID (f3e3268171736a361f4f08d3aee36558) of player #4 Jej0x |Aspirante|
﻿20:35:48 : Player #4 Jej0x |Aspirante| disconnected
﻿20:37:30 : Player #4 Cloudsp (191.19.209.176:2304) connected
﻿20:37:31 : Player #4 Cloudsp - GUID: ccadd2ade87a3896140f2e5288880114 (unverified)
﻿20:37:32 : Verified GUID (ccadd2ade87a3896140f2e5288880114) of player #4 Cloudsp
﻿20:37:32 : Player #5 Leodagos (186.135.40.24:14566) connected
﻿20:37:32 : Player #4 Cloudsp - Legacy GUID: 2da63537ca8a0a2c2f2399fc04671995
﻿20:37:33 : Player #5 Leodagos - GUID: 927032c3d7c1139aff0ff09424d46da1 (unverified)
﻿20:37:33 : Verified GUID (927032c3d7c1139aff0ff09424d46da1) of player #5 Leodagos
﻿20:37:34 : Player #5 Leodagos - Legacy GUID: d7639dceb9588d3b0ab85f82e92ff8de
﻿20:39:26 : Player #6 Jej0x |Aspirante| (190.51.253.103:2304) connected
﻿20:39:28 : Player #6 Jej0x |Aspirante| - GUID: f3e3268171736a361f4f08d3aee36558 (unverified)
﻿20:39:28 : Player #6 Jej0x |Aspirante| - Legacy GUID: 46a8911586c7fdb684a7f7c1fb3da0e5
﻿20:39:28 : Verified GUID (f3e3268171736a361f4f08d3aee36558) of player #6 Jej0x |Aspirante|
﻿20:45:00 : RCon admin #1: (Global) BEC : This server will restart in 15 minutes
﻿20:50:13 : RCon admin #1: (To Cloudsp) BEC : You have about 60 seconds left to join the mission.
﻿20:50:44 : RCon admin #1: (To Cloudsp) BEC : You have about 30 seconds left to join the mission.
﻿20:50:58 : RCon admin #1: (To Cloudsp) BEC : You have about 15 seconds left to join the mission.
﻿20:51:13 : Player #4 Cloudsp (ccadd2ade87a3896140f2e5288880114) has been kicked by BattlEye: Admin Kick (BEC : Lobby idling to long)
﻿20:51:41 : Player #4 Cloudsp (191.19.209.176:2304) connected
﻿20:51:42 : Player #4 Cloudsp - GUID: ccadd2ade87a3896140f2e5288880114 (unverified)
﻿20:51:42 : Verified GUID (ccadd2ade87a3896140f2e5288880114) of player #4 Cloudsp
﻿20:51:43 : Player #4 Cloudsp - Legacy GUID: 2da63537ca8a0a2c2f2399fc04671995
﻿20:53:06 : Player #5 Leodagos disconnected
﻿20:55:00 : RCon admin #1: (Global) BEC : This server will restart in 5 minutes
﻿20:56:03 : Player #0 [WG] SnakeGeneral disconnected
﻿20:59:00 : RCon admin #1: (Global) BEC : Server restart in 1 minute, Log out NOW!
﻿21:00:01 : Lost Connection!
﻿21:00:01 : Closing socket & exiting!
﻿21:01:15 : Rcon client logging in
﻿21:01:15 : RCon admin #1 (127.0.0.1:52306) logged in
﻿21:02:59 : Player #0 Leodagos (186.135.40.24:15781) connected
﻿21:03:00 : Player #0 Leodagos - GUID: 927032c3d7c1139aff0ff09424d46da1 (unverified)
﻿21:03:01 : Verified GUID (927032c3d7c1139aff0ff09424d46da1) of player #0 Leodagos
﻿21:03:02 : Player #0 Leodagos - Legacy GUID: d7639dceb9588d3b0ab85f82e92ff8de
﻿21:05:58 : Player #1 hitziquer (181.231.177.216:23888) connected
﻿21:05:59 : Player #1 hitziquer - GUID: bd5c559d22136d17ec04a08945e4890e (unverified)
﻿21:05:59 : Verified GUID (bd5c559d22136d17ec04a08945e4890e) of player #1 hitziquer
﻿21:06:00 : Player #1 hitziquer - Legacy GUID: 7bb4213c17e8aa8dc9dbfde0c8c2f9ba
﻿21:06:27 : Player #2 FIN4LShare (187.63.77.182:2304) connected
﻿21:06:29 : Player #2 FIN4LShare - GUID: d4cd999756c3b7742306dd967dcf9a54 (unverified)
﻿21:06:29 : Verified GUID (d4cd999756c3b7742306dd967dcf9a54) of player #2 FIN4LShare
﻿21:06:29 : Player #2 FIN4LShare - Legacy GUID: cbd67b2c90a885cb5aa8bc1280925a58
﻿21:06:32 : Player #3 Cloudsp (191.19.209.176:2304) connected
﻿21:06:33 : Player #3 Cloudsp - GUID: ccadd2ade87a3896140f2e5288880114 (unverified)
﻿21:06:33 : Verified GUID (ccadd2ade87a3896140f2e5288880114) of player #3 Cloudsp
﻿21:06:34 : Player #3 Cloudsp - Legacy GUID: 2da63537ca8a0a2c2f2399fc04671995
﻿21:08:02 : Player #4 Jej0x |Aspirante| (190.51.253.103:2304) connected
﻿21:08:03 : Player #4 Jej0x |Aspirante| - GUID: f3e3268171736a361f4f08d3aee36558 (unverified)
﻿21:08:03 : Verified GUID (f3e3268171736a361f4f08d3aee36558) of player #4 Jej0x |Aspirante|
﻿21:08:04 : Player #4 Jej0x |Aspirante| - Legacy GUID: 46a8911586c7fdb684a7f7c1fb3da0e5
﻿21:08:07 : Player #4 Jej0x |Aspirante| disconnected
﻿21:10:33 : Player #4 [WG] SnakeGeneral (191.249.209.72:2304) connected
﻿21:10:34 : Player #4 [WG] SnakeGeneral - GUID: 181db932e18c373dea58c91a9b7034bf (unverified)
﻿21:10:35 : Verified GUID (181db932e18c373dea58c91a9b7034bf) of player #4 [WG] SnakeGeneral
﻿21:10:36 : Player #4 [WG] SnakeGeneral - Legacy GUID: 855ed08988c3abe5e44ce3742718c692
﻿21:12:26 : Player #5 Jej0x |Aspirante| (190.51.253.103:2304) connected
﻿21:12:35 : Player #5 Jej0x |Aspirante| - GUID: f3e3268171736a361f4f08d3aee36558 (unverified)
﻿21:12:35 : Verified GUID (f3e3268171736a361f4f08d3aee36558) of player #5 Jej0x |Aspirante|
﻿21:12:35 : Player #5 Jej0x |Aspirante| - Legacy GUID: 46a8911586c7fdb684a7f7c1fb3da0e5
﻿21:17:13 : Player #5 Jej0x |Aspirante| disconnected
﻿21:17:46 : Player #5 Jej0x |Aspirante| (190.51.253.103:2304) connected
﻿21:17:52 : Player #5 Jej0x |Aspirante| - GUID: f3e3268171736a361f4f08d3aee36558 (unverified)
﻿21:17:53 : Verified GUID (f3e3268171736a361f4f08d3aee36558) of player #5 Jej0x |Aspirante|
﻿21:17:54 : Player #5 Jej0x |Aspirante| - Legacy GUID: 46a8911586c7fdb684a7f7c1fb3da0e5
﻿21:20:52 : Player #5 Jej0x |Aspirante| disconnected
﻿21:23:01 : Player #0 Leodagos disconnected
﻿21:27:52 : Player #0 Jej0x |Aspirante| (190.51.253.103:2304) connected
﻿21:27:58 : Player #0 Jej0x |Aspirante| - GUID: f3e3268171736a361f4f08d3aee36558 (unverified)
﻿21:27:59 : Verified GUID (f3e3268171736a361f4f08d3aee36558) of player #0 Jej0x |Aspirante|
﻿21:28:00 : Player #0 Jej0x |Aspirante| - Legacy GUID: 46a8911586c7fdb684a7f7c1fb3da0e5
﻿21:28:07 : Player #0 Jej0x |Aspirante| disconnected
﻿21:29:00 : Player #0 Jej0x |Aspirante| (190.51.253.103:2304) connected
﻿21:29:06 : Player #0 Jej0x |Aspirante| - GUID: f3e3268171736a361f4f08d3aee36558 (unverified)
﻿21:29:07 : Verified GUID (f3e3268171736a361f4f08d3aee36558) of player #0 Jej0x |Aspirante|
﻿21:29:08 : Player #0 Jej0x |Aspirante| - Legacy GUID: 46a8911586c7fdb684a7f7c1fb3da0e5
﻿21:29:12 : Player #0 Jej0x |Aspirante| disconnected
﻿21:32:11 : Player #0 Leodagos (186.135.40.24:16651) connected
﻿21:32:12 : Player #0 Leodagos - GUID: 927032c3d7c1139aff0ff09424d46da1 (unverified)
﻿21:32:13 : Verified GUID (927032c3d7c1139aff0ff09424d46da1) of player #0 Leodagos
﻿21:32:13 : Player #0 Leodagos - Legacy GUID: d7639dceb9588d3b0ab85f82e92ff8de
﻿21:32:31 : Player #5 Nikyta (190.244.45.71:2304) connected
﻿21:32:32 : Player #5 Nikyta - GUID: d18bc2163de1a6abe8924f2e0788680b (unverified)
﻿21:32:33 : Verified GUID (d18bc2163de1a6abe8924f2e0788680b) of player #5 Nikyta
﻿21:32:33 : Player #5 Nikyta - Legacy GUID: d294364f535d1f02da4e01c50aaec207
﻿21:34:11 : Player #3 Cloudsp (ccadd2ade87a3896140f2e5288880114) has been kicked by BattlEye: Client not responding
﻿21:36:09 : Player #3 Cloudsp (191.19.209.176:2304) connected
﻿21:36:10 : Player #6 Jej0x |Aspirante| (190.51.253.103:2304) connected
﻿21:36:10 : Player #3 Cloudsp - GUID: ccadd2ade87a3896140f2e5288880114 (unverified)
﻿21:36:11 : Verified GUID (ccadd2ade87a3896140f2e5288880114) of player #3 Cloudsp
﻿21:36:11 : Player #3 Cloudsp - Legacy GUID: 2da63537ca8a0a2c2f2399fc04671995
﻿21:36:16 : Player #6 Jej0x |Aspirante| - GUID: f3e3268171736a361f4f08d3aee36558 (unverified)
﻿21:36:17 : Verified GUID (f3e3268171736a361f4f08d3aee36558) of player #6 Jej0x |Aspirante|
﻿21:36:18 : Player #6 Jej0x |Aspirante| - Legacy GUID: 46a8911586c7fdb684a7f7c1fb3da0e5
﻿21:37:16 : Player #3 Cloudsp disconnected
﻿21:37:24 : Player #3 Cloudsp (191.19.209.176:2304) connected
﻿21:37:25 : Player #3 Cloudsp - GUID: ccadd2ade87a3896140f2e5288880114 (unverified)
﻿21:37:26 : Verified GUID (ccadd2ade87a3896140f2e5288880114) of player #3 Cloudsp
﻿21:37:27 : Player #3 Cloudsp - Legacy GUID: 2da63537ca8a0a2c2f2399fc04671995
﻿21:38:52 : Player #0 Leodagos disconnected
﻿21:40:49 : Player #6 Jej0x |Aspirante| disconnected
﻿21:41:42 : Player #0 Jej0x |Aspirante| (190.51.253.103:2304) connected
﻿21:41:49 : Player #0 Jej0x |Aspirante| - GUID: f3e3268171736a361f4f08d3aee36558 (unverified)
﻿21:41:50 : Verified GUID (f3e3268171736a361f4f08d3aee36558) of player #0 Jej0x |Aspirante|
﻿21:41:50 : Player #0 Jej0x |Aspirante| - Legacy GUID: 46a8911586c7fdb684a7f7c1fb3da0e5
﻿21:44:54 : Player #0 Jej0x |Aspirante| disconnected
﻿21:48:47 : Player #0 Leodagos (186.135.40.24:17203) connected
﻿21:48:48 : Player #0 Leodagos - GUID: 927032c3d7c1139aff0ff09424d46da1 (unverified)
﻿21:48:48 : Verified GUID (927032c3d7c1139aff0ff09424d46da1) of player #0 Leodagos
﻿21:48:49 : Player #0 Leodagos - Legacy GUID: d7639dceb9588d3b0ab85f82e92ff8de
﻿21:52:51 : Player #0 Leodagos disconnected
﻿21:55:11 : Player #4 [WG] SnakeGeneral disconnected
﻿21:57:16 : Player #0 [WG] SnakeGeneral (191.249.209.72:2304) connected
﻿21:57:17 : Player #0 [WG] SnakeGeneral - GUID: 181db932e18c373dea58c91a9b7034bf (unverified)
﻿21:57:18 : Verified GUID (181db932e18c373dea58c91a9b7034bf) of player #0 [WG] SnakeGeneral
﻿21:57:18 : Player #0 [WG] SnakeGeneral - Legacy GUID: 855ed08988c3abe5e44ce3742718c692
﻿22:21:21 : Player #2 FIN4LShare (d4cd999756c3b7742306dd967dcf9a54) has been kicked by BattlEye: Client not responding
﻿22:25:08 : Player #2 FIN4LShare (187.63.77.182:2304) connected
﻿22:25:10 : Player #2 FIN4LShare - GUID: d4cd999756c3b7742306dd967dcf9a54 (unverified)
﻿22:25:10 : Verified GUID (d4cd999756c3b7742306dd967dcf9a54) of player #2 FIN4LShare
﻿22:25:10 : Player #2 FIN4LShare - Legacy GUID: cbd67b2c90a885cb5aa8bc1280925a58
﻿22:34:57 : Player #1 hitziquer disconnected
﻿22:37:59 : RCon admin #2 (179.25.142.103:55849) logged in
﻿22:38:35 : RCon admin #3 (179.25.142.103:65471) logged in
﻿23:01:16 : Player #1 Bad Guy (24.232.71.49:2304) connected
﻿23:01:17 : Player #1 Bad Guy - GUID: dda8f26d97fcb7ca8899f7f65d8536cf (unverified)
﻿23:01:18 : Verified GUID (dda8f26d97fcb7ca8899f7f65d8536cf) of player #1 Bad Guy
﻿23:01:18 : Player #1 Bad Guy - Legacy GUID: e63f5403618860de28c9af75ce0b2365
﻿23:03:51 : Player #4 hitziquer (181.231.177.216:25799) connected
﻿23:03:52 : Player #4 hitziquer - GUID: bd5c559d22136d17ec04a08945e4890e (unverified)
﻿23:03:53 : Verified GUID (bd5c559d22136d17ec04a08945e4890e) of player #4 hitziquer
﻿23:03:54 : Player #4 hitziquer - Legacy GUID: 7bb4213c17e8aa8dc9dbfde0c8c2f9ba
﻿23:28:29 : RCon admin #3: (Global) [ChukyN] No ningun admin on
﻿23:29:50 : RCon admin #3: (Global) [ChukyN] Nikyta estabas de fantasia hoy, vos sola en el server con tres brazucas, tu fantasia sexual.
﻿23:30:12 : RCon admin #3: (Global) [ChukyN] jajaja
﻿23:30:25 : RCon admin #3: (Global) [ChukyN] che good boy que precisas
﻿23:31:00 : RCon admin #3: (Global) [ChukyN] No le entro a mujeres con hijos Nikyta
﻿23:31:27 : RCon admin #3: (Global) [ChukyN] En realidad si, pero no me hago carog
﻿23:31:36 : RCon admin #3: (Global) [ChukyN] Y bue gil mejor
﻿23:31:42 : RCon admin #3: (Global) [ChukyN] asi no pasan frio los chanchos
﻿23:32:18 : RCon admin #3: (Global) [ChukyN] como no vas a queres chanchos en la base
﻿23:32:23 : RCon admin #3: (Global) [ChukyN] es un apocalipsis zombies
﻿23:32:26 : RCon admin #3: (Global) [ChukyN] y podes tener tocino
﻿23:32:31 : RCon admin #3: (Global) [ChukyN] acabas de perder todo mi respeto
﻿23:33:01 : RCon admin #3: (Global) [ChukyN] ok good boy aguanta que ahi loggeo
﻿23:35:15 : RCon admin #3: (Global) [ChukyN] anda hacia tu base asi borro eso
﻿23:36:01 : Player #6 ChukyN (179.25.142.103:2304) connected
﻿23:36:03 : Player #6 ChukyN - GUID: 7722b37782b63ac5e8d338480fc6e78d (unverified)
﻿23:36:03 : Verified GUID (7722b37782b63ac5e8d338480fc6e78d) of player #6 ChukyN
﻿23:36:03 : Player #6 ChukyN - Legacy GUID: 927c488179d03fcf9aa55e882ca86653
﻿23:38:16 : RCon admin #3: (Global) [ChukyN] No, lavas los pisos vaga
﻿23:45:00 : RCon admin #1: (Global) BEC : This server will restart in 15 minutes
﻿23:55:00 : RCon admin #1: (Global) BEC : This server will restart in 5 minutes
﻿23:59:00 : RCon admin #1: (Global) BEC : This server will restart in 1 minute, Log out now!
﻿23:59:17 : Player #0 [WG] SnakeGeneral disconnected
﻿23:59:32 : Player #4 hitziquer disconnected
