00:00:01 : Lost Connection!
﻿00:00:01 : Closing socket & exiting!
﻿00:01:15 : Rcon client logging in
﻿00:01:15 : RCon admin #1 (127.0.0.1:61609) logged in
﻿00:11:36 : Player #0 =[666]=Pablo_RC (181.110.60.246:2304) connected
﻿00:11:38 : Player #0 =[666]=Pablo_RC - GUID: 16ebd31255bd18b763ce392730470383 (unverified)
﻿00:11:39 : Verified GUID (16ebd31255bd18b763ce392730470383) of player #0 =[666]=Pablo_RC
﻿00:11:39 : Player #0 =[666]=Pablo_RC - Legacy GUID: 62092891985ca79d88439c3834084445
﻿00:13:38 : Player #1 Sirfes-AR (186.39.211.122:2304) connected
﻿00:13:39 : Player #1 Sirfes-AR - GUID: 2bb87957999ef128136a91e55814387e (unverified)
﻿00:13:41 : Verified GUID (2bb87957999ef128136a91e55814387e) of player #1 Sirfes-AR
﻿00:13:41 : Player #1 Sirfes-AR - Legacy GUID: 9029f11d17f3e3d0814db86b7e6f7e15
﻿00:25:50 : Player #2 Jose Luis (186.116.62.169:2304) connected
﻿00:25:51 : Player #2 Jose Luis - GUID: d9558a067db2e5932e8a58c619edb83d (unverified)
﻿00:25:52 : Player #2 Jose Luis - Legacy GUID: 7beaaf3c723b44978f2c26b96411e08c
﻿00:25:52 : Verified GUID (d9558a067db2e5932e8a58c619edb83d) of player #2 Jose Luis
﻿01:49:27 : Player #0 =[666]=Pablo_RC disconnected
﻿01:54:00 : Player #0 =[666]=Pablo_RC (186.109.145.88:2304) connected
﻿01:54:01 : Player #0 =[666]=Pablo_RC - GUID: 16ebd31255bd18b763ce392730470383 (unverified)
﻿01:54:01 : Verified GUID (16ebd31255bd18b763ce392730470383) of player #0 =[666]=Pablo_RC
﻿01:54:02 : Player #0 =[666]=Pablo_RC - Legacy GUID: 62092891985ca79d88439c3834084445
﻿01:58:09 : Player #0 =[666]=Pablo_RC disconnected
﻿02:08:27 : Player #0 =[666]=Pablo_RC (186.109.145.88:2304) connected
﻿02:08:29 : Player #0 =[666]=Pablo_RC - GUID: 16ebd31255bd18b763ce392730470383 (unverified)
﻿02:08:29 : Player #0 =[666]=Pablo_RC - Legacy GUID: 62092891985ca79d88439c3834084445
﻿02:08:30 : Verified GUID (16ebd31255bd18b763ce392730470383) of player #0 =[666]=Pablo_RC
﻿02:26:54 : Player #3 Deivisson jose (189.15.225.31:2304) connected
﻿02:26:56 : Player #3 Deivisson jose - GUID: 92e793a88212f2ce44d395df11c6ff0b (unverified)
﻿02:26:56 : Verified GUID (92e793a88212f2ce44d395df11c6ff0b) of player #3 Deivisson jose
﻿02:26:57 : Player #3 Deivisson jose - Legacy GUID: dec68ec365bba9073e20d87115d26d20
﻿02:26:57 : Player #3 Deivisson jose disconnected
﻿02:45:00 : RCon admin #1: (Global) BEC : This server will restart in 15 minutes
﻿02:55:00 : RCon admin #1: (Global) BEC : This server will restart in 5 minutes
﻿02:55:47 : Player #0 =[666]=Pablo_RC disconnected
﻿02:59:00 : RCon admin #1: (Global) BEC : This server will restart in 1 minute, Log out now!
﻿03:00:01 : Lost Connection!
﻿03:00:01 : Closing socket & exiting!
﻿03:01:15 : Rcon client logging in
﻿03:01:15 : RCon admin #1 (127.0.0.1:49546) logged in
﻿03:01:34 : Player #0 Jose Luis (186.116.62.169:2304) connected
﻿03:01:37 : Player #0 Jose Luis - GUID: d9558a067db2e5932e8a58c619edb83d (unverified)
﻿03:01:37 : Verified GUID (d9558a067db2e5932e8a58c619edb83d) of player #0 Jose Luis
﻿03:01:38 : Player #0 Jose Luis - Legacy GUID: 7beaaf3c723b44978f2c26b96411e08c
﻿03:03:24 : Player #1 Sirfes-AR (186.39.211.122:2304) connected
﻿03:03:27 : Player #1 Sirfes-AR - GUID: 2bb87957999ef128136a91e55814387e (unverified)
﻿03:03:27 : Verified GUID (2bb87957999ef128136a91e55814387e) of player #1 Sirfes-AR
﻿03:03:28 : Player #1 Sirfes-AR - Legacy GUID: 9029f11d17f3e3d0814db86b7e6f7e15
﻿04:55:51 : Player #0 Jose Luis (d9558a067db2e5932e8a58c619edb83d) has been kicked by BattlEye: Client not responding
﻿04:56:54 : Player #0 Jose Luis (186.113.153.102:2304) connected
﻿04:56:56 : Player #0 Jose Luis - GUID: d9558a067db2e5932e8a58c619edb83d (unverified)
﻿04:56:57 : Verified GUID (d9558a067db2e5932e8a58c619edb83d) of player #0 Jose Luis
﻿04:56:58 : Player #0 Jose Luis - Legacy GUID: 7beaaf3c723b44978f2c26b96411e08c
﻿05:02:34 : Player #0 Jose Luis (d9558a067db2e5932e8a58c619edb83d) has been kicked by BattlEye: Client not responding
﻿05:03:46 : Player #0 Jose Luis (186.115.108.156:2304) connected
﻿05:03:48 : Player #0 Jose Luis - GUID: d9558a067db2e5932e8a58c619edb83d (unverified)
﻿05:03:49 : Player #0 Jose Luis - Legacy GUID: 7beaaf3c723b44978f2c26b96411e08c
﻿05:03:49 : Verified GUID (d9558a067db2e5932e8a58c619edb83d) of player #0 Jose Luis
﻿05:45:00 : RCon admin #1: (Global) BEC : This server will restart in 15 minutes
﻿05:51:08 : Player #0 Jose Luis disconnected
﻿05:55:00 : RCon admin #1: (Global) BEC : This server will restart in 5 minutes
﻿05:59:00 : RCon admin #1: (Global) BEC : This server will restart in 1 minute, Log out now!
﻿06:00:01 : Lost Connection!
﻿06:00:01 : Closing socket & exiting!
﻿06:01:15 : Rcon client logging in
﻿06:01:15 : RCon admin #1 (127.0.0.1:58040) logged in
﻿06:47:33 : Player #0 sebarandom (186.153.99.223:2304) connected
﻿06:47:35 : Player #0 sebarandom - Legacy GUID: aacb5210641b230632f613d88d7d0460
﻿06:47:35 : Player #0 sebarandom - GUID: 483adb088c51579e49b2fdbadba604f7 (unverified)
﻿06:47:35 : Verified GUID (483adb088c51579e49b2fdbadba604f7) of player #0 sebarandom
﻿07:01:33 : Player #0 sebarandom disconnected
﻿08:45:00 : RCon admin #1: (Global) BEC : This server will restart in 15 minutes
﻿08:55:00 : RCon admin #1: (Global) BEC : This server will restart in 5 minutes
﻿08:59:00 : RCon admin #1: (Global) BEC : This server will restart in 1 minute, Log out now!
﻿09:00:01 : Lost Connection!
﻿09:00:01 : Closing socket & exiting!
﻿09:01:15 : Rcon client logging in
﻿09:01:15 : RCon admin #1 (127.0.0.1:64045) logged in
﻿11:45:00 : RCon admin #1: (Global) BEC : This server will restart in 15 minutes
﻿11:55:00 : RCon admin #1: (Global) BEC : This server will restart in 5 minutes
﻿11:59:00 : RCon admin #1: (Global) BEC : This server will restart in 1 minute, Log out now!
﻿12:00:01 : Lost Connection!
﻿12:00:01 : Closing socket & exiting!
﻿12:01:07 : Rcon client logging in
﻿12:01:07 : RCon admin #1 (127.0.0.1:63875) logged in
﻿12:47:44 : Player #0 [DMN] Kostia (181.29.33.46:2304) connected
﻿12:47:46 : Player #0 [DMN] Kostia - GUID: 4bd080feb9dc4ff46effb0ff0b50008d (unverified)
﻿12:47:46 : Player #0 [DMN] Kostia - Legacy GUID: 5aa78dd92e5c0b343e5604a97acf3a4e
﻿12:47:46 : Verified GUID (4bd080feb9dc4ff46effb0ff0b50008d) of player #0 [DMN] Kostia
﻿12:51:45 : Player #0 [DMN] Kostia (4bd080feb9dc4ff46effb0ff0b50008d) has been kicked by BattlEye: Client not responding
﻿14:31:02 : Player #0 Sirfes-AR (186.39.211.122:2304) connected
﻿14:31:04 : Player #0 Sirfes-AR - GUID: 2bb87957999ef128136a91e55814387e (unverified)
﻿14:31:04 : Player #0 Sirfes-AR - Legacy GUID: 9029f11d17f3e3d0814db86b7e6f7e15
﻿14:31:04 : Verified GUID (2bb87957999ef128136a91e55814387e) of player #0 Sirfes-AR
﻿14:45:00 : RCon admin #1: (Global) BEC : This server will restart in 15 minutes
﻿14:48:38 : Player #1 [DMN]Nevik (190.244.182.201:2304) connected
﻿14:48:40 : Player #1 [DMN]Nevik - GUID: aeb16259019917471088fab2d3dcbc21 (unverified)
﻿14:48:40 : Player #1 [DMN]Nevik - Legacy GUID: a81481fac7543e5a1260a87a0e917156
﻿14:48:40 : Verified GUID (aeb16259019917471088fab2d3dcbc21) of player #1 [DMN]Nevik
﻿14:50:38 : Player #1 [DMN]Nevik disconnected
﻿14:55:00 : RCon admin #1: (Global) BEC : This server will restart in 5 minutes
﻿14:59:00 : RCon admin #1: (Global) BEC : This server will restart in 1 minute, Log out now!
﻿15:00:02 : Lost Connection!
﻿15:00:02 : Closing socket & exiting!
﻿15:01:15 : Rcon client logging in
﻿15:01:15 : RCon admin #1 (127.0.0.1:59237) logged in
﻿15:46:45 : Player #0 santiago (181.138.108.114:12904) connected
﻿15:46:47 : Player #0 santiago - GUID: 5f72597ccf11380055e35a403a02fb81 (unverified)
﻿15:46:47 : Verified GUID (5f72597ccf11380055e35a403a02fb81) of player #0 santiago
﻿15:46:48 : Player #0 santiago - Legacy GUID: f8c8299b0a688de480efb946d670fbbd
﻿15:47:07 : Player #1 Sirfes-AR (186.39.211.122:2304) connected
﻿15:47:08 : Player #1 Sirfes-AR - GUID: 2bb87957999ef128136a91e55814387e (unverified)
﻿15:47:08 : Verified GUID (2bb87957999ef128136a91e55814387e) of player #1 Sirfes-AR
﻿15:47:09 : Player #1 Sirfes-AR - Legacy GUID: 9029f11d17f3e3d0814db86b7e6f7e15
﻿15:47:35 : Player #1 Sirfes-AR disconnected
﻿15:49:15 : Player #1 Sirfes-AR (186.39.211.122:2304) connected
﻿15:49:17 : Player #1 Sirfes-AR - GUID: 2bb87957999ef128136a91e55814387e (unverified)
﻿15:49:17 : Player #1 Sirfes-AR - Legacy GUID: 9029f11d17f3e3d0814db86b7e6f7e15
﻿15:49:18 : Verified GUID (2bb87957999ef128136a91e55814387e) of player #1 Sirfes-AR
﻿16:52:42 : Player #1 Sirfes-AR disconnected
﻿17:45:00 : RCon admin #1: (Global) BEC : This server will restart in 15 minutes
﻿17:55:00 : RCon admin #1: (Global) BEC : This server will restart in 5 minutes
﻿17:55:19 : Player #0 santiago disconnected
﻿17:59:00 : RCon admin #1: (Global) BEC : This server will restart in 1 minute, Log out now!
﻿18:00:01 : Lost Connection!
﻿18:00:01 : Closing socket & exiting!
﻿18:01:15 : Rcon client logging in
﻿18:01:15 : RCon admin #1 (127.0.0.1:61124) logged in
﻿18:09:52 : Player #0 santiago (181.138.108.114:13587) connected
﻿18:09:54 : Player #0 santiago - GUID: 5f72597ccf11380055e35a403a02fb81 (unverified)
﻿18:09:55 : Verified GUID (5f72597ccf11380055e35a403a02fb81) of player #0 santiago
﻿18:09:56 : Player #0 santiago - Legacy GUID: f8c8299b0a688de480efb946d670fbbd
﻿18:10:54 : Player #1 Azrael1x (191.80.140.74:2304) connected
﻿18:10:55 : Player #1 Azrael1x - GUID: f3bbe77e31363319b3378084ddcb86d8 (unverified)
﻿18:10:57 : Verified GUID (f3bbe77e31363319b3378084ddcb86d8) of player #1 Azrael1x
﻿18:10:57 : Player #1 Azrael1x - Legacy GUID: 872394ca0b82ad6e77d13dc8f5141d95
﻿18:28:40 : Player #2 [DMN]-Mario (179.60.255.227:2304) connected
﻿18:28:41 : Player #2 [DMN]-Mario - GUID: 90efe9555b6c518bdd5ab751845d62ac (unverified)
﻿18:28:42 : Verified GUID (90efe9555b6c518bdd5ab751845d62ac) of player #2 [DMN]-Mario
﻿18:28:42 : Player #2 [DMN]-Mario - Legacy GUID: 56ac695fcf6c9ba0429307fd875141a4
﻿18:38:27 : Player #3 [DMN] Kostia (181.29.33.46:2304) connected
﻿18:38:28 : Player #3 [DMN] Kostia - GUID: 4bd080feb9dc4ff46effb0ff0b50008d (unverified)
﻿18:38:29 : Player #3 [DMN] Kostia - Legacy GUID: 5aa78dd92e5c0b343e5604a97acf3a4e
﻿18:38:29 : Verified GUID (4bd080feb9dc4ff46effb0ff0b50008d) of player #3 [DMN] Kostia
﻿18:56:18 : Player #4 Arthur (201.22.173.88:2304) connected
﻿18:56:20 : Player #4 Arthur - GUID: d848dfac0e1ec47034610f184d6efe75 (unverified)
﻿18:56:20 : Verified GUID (d848dfac0e1ec47034610f184d6efe75) of player #4 Arthur
﻿18:56:21 : Player #4 Arthur - Owner GUID: 4a063f98f36249b5e9eec749fdc8895f
﻿18:56:21 : Player #4 Arthur - Legacy GUID: 87588e300c30806e1c2e78b5cdd529a4
﻿18:56:25 : Player #4 Arthur disconnected
﻿19:07:10 : Player #4 Gerar (190.228.7.49:2304) connected
﻿19:07:12 : Player #4 Gerar - GUID: 6ba05301bd175af604ae7e38f820a05b (unverified)
﻿19:07:12 : Player #4 Gerar - Legacy GUID: e2ec888b7ea6b1432cd9ab29499d41ef
﻿19:07:12 : Verified GUID (6ba05301bd175af604ae7e38f820a05b) of player #4 Gerar
﻿19:07:38 : Player #0 santiago disconnected
﻿19:09:36 : Player #2 [DMN]-Mario (90efe9555b6c518bdd5ab751845d62ac) has been kicked by BattlEye: Client not responding
﻿19:10:29 : Player #0 sebarandom (186.153.99.223:2304) connected
﻿19:10:30 : Player #0 sebarandom - GUID: 483adb088c51579e49b2fdbadba604f7 (unverified)
﻿19:10:31 : Verified GUID (483adb088c51579e49b2fdbadba604f7) of player #0 sebarandom
﻿19:10:31 : Player #0 sebarandom - Legacy GUID: aacb5210641b230632f613d88d7d0460
﻿19:18:06 : Player #2 [DMN]-Mario (179.60.255.227:2304) connected
﻿19:18:08 : Player #2 [DMN]-Mario - GUID: 90efe9555b6c518bdd5ab751845d62ac (unverified)
﻿19:18:08 : Verified GUID (90efe9555b6c518bdd5ab751845d62ac) of player #2 [DMN]-Mario
﻿19:18:09 : Player #2 [DMN]-Mario - Legacy GUID: 56ac695fcf6c9ba0429307fd875141a4
﻿19:28:49 : Player #0 sebarandom disconnected
﻿19:37:14 : Player #2 [DMN]-Mario (90efe9555b6c518bdd5ab751845d62ac) has been kicked by BattlEye: Ping too high (998)
﻿19:37:18 : Player #0 BIgote (186.55.65.251:24811) connected
﻿19:37:20 : Player #0 BIgote - GUID: b2ff206840a64d7fa530377b2c3dbfd4 (unverified)
﻿19:37:20 : Player #0 BIgote - Legacy GUID: 0ff4b43479c9ed317ab10d657c3aea9a
﻿19:37:20 : Verified GUID (b2ff206840a64d7fa530377b2c3dbfd4) of player #0 BIgote
﻿19:42:56 : Player #2 [DMN]-Mario (179.60.255.227:2304) connected
﻿19:42:57 : Player #2 [DMN]-Mario - GUID: 90efe9555b6c518bdd5ab751845d62ac (unverified)
﻿19:42:58 : Verified GUID (90efe9555b6c518bdd5ab751845d62ac) of player #2 [DMN]-Mario
﻿19:42:58 : Player #2 [DMN]-Mario - Legacy GUID: 56ac695fcf6c9ba0429307fd875141a4
﻿19:55:09 : Player #3 [DMN] Kostia disconnected
﻿19:56:46 : Player #2 [DMN]-Mario disconnected
﻿19:57:11 : Player #2 [DMN] Kostia (181.29.33.46:2304) connected
﻿19:57:12 : Player #2 [DMN] Kostia - GUID: 4bd080feb9dc4ff46effb0ff0b50008d (unverified)
﻿19:57:12 : Verified GUID (4bd080feb9dc4ff46effb0ff0b50008d) of player #2 [DMN] Kostia
﻿19:57:13 : Player #2 [DMN] Kostia - Legacy GUID: 5aa78dd92e5c0b343e5604a97acf3a4e
﻿19:57:25 : Player #2 [DMN] Kostia disconnected
﻿20:21:30 : Player #2 [T1ER]rabbit (181.26.205.111:2304) connected
﻿20:21:31 : Player #2 [T1ER]rabbit - GUID: e23f64b96ab18ba7f762a8bf2e904d77 (unverified)
﻿20:21:32 : Verified GUID (e23f64b96ab18ba7f762a8bf2e904d77) of player #2 [T1ER]rabbit
﻿20:21:32 : Player #2 [T1ER]rabbit - Legacy GUID: f0fc0f1a574488a41a070f20ba99350b
﻿20:21:34 : Player #2 [T1ER]rabbit disconnected
﻿20:23:04 : Player #2 [T1ER]rabbit (181.26.205.111:2304) connected
﻿20:23:05 : Player #2 [T1ER]rabbit - GUID: e23f64b96ab18ba7f762a8bf2e904d77 (unverified)
﻿20:23:06 : Verified GUID (e23f64b96ab18ba7f762a8bf2e904d77) of player #2 [T1ER]rabbit
﻿20:23:06 : Player #2 [T1ER]rabbit - Legacy GUID: f0fc0f1a574488a41a070f20ba99350b
﻿20:23:06 : Player #2 [T1ER]rabbit disconnected
﻿20:24:03 : Player #2 [T1ER]rabbit (181.26.205.111:2304) connected
﻿20:24:05 : Player #2 [T1ER]rabbit - GUID: e23f64b96ab18ba7f762a8bf2e904d77 (unverified)
﻿20:24:05 : Player #2 [T1ER]rabbit - Legacy GUID: f0fc0f1a574488a41a070f20ba99350b
﻿20:24:05 : Verified GUID (e23f64b96ab18ba7f762a8bf2e904d77) of player #2 [T1ER]rabbit
﻿20:24:07 : Player #2 [T1ER]rabbit disconnected
﻿20:25:08 : Player #2 [T1ER]rabbit (181.26.205.111:2304) connected
﻿20:25:09 : Player #2 [T1ER]rabbit - GUID: e23f64b96ab18ba7f762a8bf2e904d77 (unverified)
﻿20:25:09 : Verified GUID (e23f64b96ab18ba7f762a8bf2e904d77) of player #2 [T1ER]rabbit
﻿20:25:10 : Player #2 [T1ER]rabbit disconnected
﻿20:25:13 : Player #2 [T1ER]rabbit (181.26.205.111:2304) connected
﻿20:25:14 : Player #2 [T1ER]rabbit - GUID: e23f64b96ab18ba7f762a8bf2e904d77 (unverified)
﻿20:25:15 : Verified GUID (e23f64b96ab18ba7f762a8bf2e904d77) of player #2 [T1ER]rabbit
﻿20:25:15 : Player #2 [T1ER]rabbit disconnected
﻿20:25:15 : Player #2 [T1ER]rabbit - Legacy GUID: f0fc0f1a574488a41a070f20ba99350b
﻿20:26:01 : Player #2 [T1ER]rabbit (181.26.205.111:2304) connected
﻿20:26:02 : Player #2 [T1ER]rabbit - GUID: e23f64b96ab18ba7f762a8bf2e904d77 (unverified)
﻿20:26:02 : Verified GUID (e23f64b96ab18ba7f762a8bf2e904d77) of player #2 [T1ER]rabbit
﻿20:26:03 : Player #2 [T1ER]rabbit - Legacy GUID: f0fc0f1a574488a41a070f20ba99350b
﻿20:29:54 : Player #4 Gerar disconnected
﻿20:45:00 : RCon admin #1: (Global) BEC : This server will restart in 15 minutes
﻿20:53:04 : Player #3 Sirfes-AR (186.39.211.122:2304) connected
﻿20:53:05 : Player #3 Sirfes-AR - GUID: 2bb87957999ef128136a91e55814387e (unverified)
﻿20:53:06 : Verified GUID (2bb87957999ef128136a91e55814387e) of player #3 Sirfes-AR
﻿20:53:06 : Player #3 Sirfes-AR - Legacy GUID: 9029f11d17f3e3d0814db86b7e6f7e15
﻿20:53:25 : Player #3 Sirfes-AR disconnected
﻿20:54:18 : Player #1 Azrael1x disconnected
﻿20:55:00 : RCon admin #1: (Global) BEC : This server will restart in 5 minutes
﻿20:56:14 : Player #1 Wilfred (186.39.211.122:2304) connected
﻿20:56:16 : Player #1 Wilfred - GUID: 2bb87957999ef128136a91e55814387e (unverified)
﻿20:56:16 : Verified GUID (2bb87957999ef128136a91e55814387e) of player #1 Wilfred
﻿20:56:17 : Player #1 Wilfred - Legacy GUID: 9029f11d17f3e3d0814db86b7e6f7e15
﻿20:56:43 : Player #3 Igor Lopes (179.186.250.224:2304) connected
﻿20:56:44 : Player #3 Igor Lopes - GUID: e9363de9ba160f1e8364fea64540f449 (unverified)
﻿20:56:45 : Verified GUID (e9363de9ba160f1e8364fea64540f449) of player #3 Igor Lopes
﻿20:56:45 : Player #3 Igor Lopes - Legacy GUID: 9af71f1464d640aa11f0e45d93ad8849
﻿20:57:56 : Player #2 [T1ER]rabbit disconnected
﻿20:58:06 : Player #1 Wilfred disconnected
﻿20:59:00 : RCon admin #1: (Global) BEC : Server restart in 1 minute, Log out NOW!
﻿21:00:01 : Lost Connection!
﻿21:00:01 : Closing socket & exiting!
﻿21:01:15 : Rcon client logging in
﻿21:01:15 : RCon admin #1 (127.0.0.1:53105) logged in
﻿21:10:22 : Player #0 Sirfes-AR (186.39.211.122:2304) connected
﻿21:10:24 : Player #0 Sirfes-AR - GUID: 2bb87957999ef128136a91e55814387e (unverified)
﻿21:10:25 : Verified GUID (2bb87957999ef128136a91e55814387e) of player #0 Sirfes-AR
﻿21:10:26 : Player #0 Sirfes-AR - Legacy GUID: 9029f11d17f3e3d0814db86b7e6f7e15
﻿22:20:59 : Player #0 Sirfes-AR disconnected
﻿22:31:15 : Player #0 Sirfes-AR (186.39.211.122:2304) connected
﻿22:31:17 : Player #0 Sirfes-AR - GUID: 2bb87957999ef128136a91e55814387e (unverified)
﻿22:31:17 : Player #0 Sirfes-AR - Legacy GUID: 9029f11d17f3e3d0814db86b7e6f7e15
﻿22:31:18 : Verified GUID (2bb87957999ef128136a91e55814387e) of player #0 Sirfes-AR
﻿22:41:12 : Player #1 [DMN] NICOLASMARTIN (190.193.138.100:2304) connected
﻿22:41:13 : Player #1 [DMN] NICOLASMARTIN - GUID: d42fb83e094df67b9d61b11a4c4e8c79 (unverified)
﻿22:41:14 : Verified GUID (d42fb83e094df67b9d61b11a4c4e8c79) of player #1 [DMN] NICOLASMARTIN
﻿22:41:14 : Player #1 [DMN] NICOLASMARTIN - Legacy GUID: 84c010ac034452938f3a1437e285862d
﻿22:41:21 : Player #1 [DMN] NICOLASMARTIN disconnected
﻿22:59:52 : Player #1 Jose Luis (186.117.165.78:2304) connected
﻿22:59:54 : Player #1 Jose Luis - GUID: d9558a067db2e5932e8a58c619edb83d (unverified)
﻿22:59:54 : Player #1 Jose Luis - Legacy GUID: 7beaaf3c723b44978f2c26b96411e08c
﻿22:59:54 : Verified GUID (d9558a067db2e5932e8a58c619edb83d) of player #1 Jose Luis
﻿23:02:42 : Player #2 Sharpy (186.78.164.75:2304) connected
﻿23:02:44 : Player #2 Sharpy - GUID: 6a03f6bb7966a6aed89046e65bb1c393 (unverified)
﻿23:02:44 : Verified GUID (6a03f6bb7966a6aed89046e65bb1c393) of player #2 Sharpy
﻿23:02:45 : Player #2 Sharpy - Legacy GUID: 1349083ead31c257b4b6d521124f2dff
﻿23:03:21 : Player #2 Sharpy (6a03f6bb7966a6aed89046e65bb1c393) has been kicked by BattlEye: Client not responding
﻿23:07:21 : Player #2 Sharpy (186.78.164.75:2304) connected
﻿23:07:42 : Player #2 Sharpy - GUID: 6a03f6bb7966a6aed89046e65bb1c393 (unverified)
﻿23:07:42 : Player #2 Sharpy - Legacy GUID: 1349083ead31c257b4b6d521124f2dff
﻿23:07:42 : Verified GUID (6a03f6bb7966a6aed89046e65bb1c393) of player #2 Sharpy
﻿23:07:59 : Player #2 Sharpy disconnected
﻿23:14:12 : Player #2 Sharpy (186.78.164.75:2304) connected
﻿23:14:45 : Player #2 Sharpy (-) has been kicked by BattlEye: Client not responding
﻿23:20:28 : Player #2 santiago (181.138.108.114:18546) connected
﻿23:20:30 : Player #2 santiago - GUID: 5f72597ccf11380055e35a403a02fb81 (unverified)
﻿23:20:30 : Player #2 santiago - Legacy GUID: f8c8299b0a688de480efb946d670fbbd
﻿23:20:30 : Verified GUID (5f72597ccf11380055e35a403a02fb81) of player #2 santiago
﻿23:45:00 : RCon admin #1: (Global) BEC : This server will restart in 15 minutes
﻿23:50:55 : Player #3 Malmsteen (186.91.182.61:2304) connected
﻿23:50:57 : Player #3 Malmsteen - GUID: 70d898d24e09807e6b3045cb7402514e (unverified)
﻿23:50:57 : Player #3 Malmsteen - Legacy GUID: ce2a1e66e3fdb15a9b43a92a413d4a9c
﻿23:50:57 : Verified GUID (70d898d24e09807e6b3045cb7402514e) of player #3 Malmsteen
﻿23:55:00 : RCon admin #1: (Global) BEC : This server will restart in 5 minutes
﻿23:59:00 : RCon admin #1: (Global) BEC : This server will restart in 1 minute, Log out now!
﻿23:59:33 : Player #0 Sirfes-AR disconnected
﻿23:59:45 : Player #1 Jose Luis disconnected
