00:00:01 : Lost Connection!
﻿00:00:01 : Closing socket & exiting!
﻿00:01:15 : Rcon client logging in
﻿00:01:15 : RCon admin #1 (127.0.0.1:50854) logged in
﻿00:14:21 : Player #0 Jose Luis (190.255.9.104:2304) connected
﻿00:14:23 : Player #0 Jose Luis - GUID: d9558a067db2e5932e8a58c619edb83d (unverified)
﻿00:14:24 : Verified GUID (d9558a067db2e5932e8a58c619edb83d) of player #0 Jose Luis
﻿00:14:24 : Player #0 Jose Luis - Legacy GUID: 7beaaf3c723b44978f2c26b96411e08c
﻿00:27:09 : Player #1 ELV3rdug0 (201.212.52.110:2304) connected
﻿00:27:10 : Player #1 ELV3rdug0 - GUID: 2ebfb2bca0f23489ed1c52ffcb3d53a0 (unverified)
﻿00:27:11 : Verified GUID (2ebfb2bca0f23489ed1c52ffcb3d53a0) of player #1 ELV3rdug0
﻿00:27:11 : Player #1 ELV3rdug0 - Legacy GUID: 851c266370f43560ed1039a1d055ccf9
﻿00:27:13 : Player #1 ELV3rdug0 disconnected
﻿00:42:17 : Player #1 Sirfes-AR (186.39.211.79:2304) connected
﻿00:42:19 : Player #1 Sirfes-AR - GUID: 2bb87957999ef128136a91e55814387e (unverified)
﻿00:42:19 : Verified GUID (2bb87957999ef128136a91e55814387e) of player #1 Sirfes-AR
﻿00:42:19 : Player #1 Sirfes-AR - Legacy GUID: 9029f11d17f3e3d0814db86b7e6f7e15
﻿01:38:12 : Player #2 XxNicoChettixX (201.212.52.110:2304) connected
﻿01:38:13 : Player #2 XxNicoChettixX - GUID: 2ebfb2bca0f23489ed1c52ffcb3d53a0 (unverified)
﻿01:38:14 : Verified GUID (2ebfb2bca0f23489ed1c52ffcb3d53a0) of player #2 XxNicoChettixX
﻿01:38:14 : Player #2 XxNicoChettixX - Legacy GUID: 851c266370f43560ed1039a1d055ccf9
﻿01:38:15 : Player #2 XxNicoChettixX disconnected
﻿02:12:02 : Player #2 Lesnik (83.220.239.192:21947) connected
﻿02:12:04 : Player #2 Lesnik - GUID: fa58834f6fca9e6eae94f9aef6fb5bf3 (unverified)
﻿02:12:04 : Verified GUID (fa58834f6fca9e6eae94f9aef6fb5bf3) of player #2 Lesnik
﻿02:12:05 : Player #2 Lesnik - Legacy GUID: 1a0d2d3834605a6d0b9a2ded42ab6342
﻿02:12:06 : Player #2 Lesnik disconnected
﻿02:22:25 : Player #2 Usuario (201.212.52.110:61401) connected
﻿02:22:26 : Player #2 Usuario - GUID: 317bb719dc8e380d83b4be432ab10fb3 (unverified)
﻿02:22:27 : Verified GUID (317bb719dc8e380d83b4be432ab10fb3) of player #2 Usuario
﻿02:22:28 : Player #2 Usuario - Legacy GUID: f7dd2772e6e494665c64d82660cc1d26
﻿02:22:29 : Player #2 Usuario disconnected
﻿02:45:00 : RCon admin #1: (Global) BEC : This server will restart in 15 minutes
﻿02:55:00 : RCon admin #1: (Global) BEC : This server will restart in 5 minutes
﻿02:59:00 : RCon admin #1: (Global) BEC : This server will restart in 1 minute, Log out now!
﻿02:59:28 : Player #0 Jose Luis disconnected
﻿02:59:33 : Player #1 Sirfes-AR disconnected
﻿03:00:01 : Lost Connection!
﻿03:00:01 : Closing socket & exiting!
﻿03:01:15 : Rcon client logging in
﻿03:01:29 : RCon admin #1 (127.0.0.1:57489) logged in
﻿03:50:16 : Player #0 Jose Luis disconnected
﻿05:45:00 : RCon admin #1: (Global) BEC : This server will restart in 15 minutes
﻿05:55:00 : RCon admin #1: (Global) BEC : This server will restart in 5 minutes
﻿05:59:00 : RCon admin #1: (Global) BEC : This server will restart in 1 minute, Log out now!
﻿06:00:01 : Lost Connection!
﻿06:00:01 : Closing socket & exiting!
﻿06:01:15 : Rcon client logging in
﻿06:01:15 : RCon admin #1 (127.0.0.1:53350) logged in
﻿08:45:00 : RCon admin #1: (Global) BEC : This server will restart in 15 minutes
﻿08:55:00 : RCon admin #1: (Global) BEC : This server will restart in 5 minutes
﻿08:59:00 : RCon admin #1: (Global) BEC : This server will restart in 1 minute, Log out now!
﻿09:00:01 : Lost Connection!
﻿09:00:01 : Closing socket & exiting!
﻿09:01:06 : Rcon client logging in
﻿09:01:06 : RCon admin #1 (127.0.0.1:57674) logged in
﻿09:58:33 : Player #0 Jose Luis (190.255.9.104:2304) connected
﻿09:58:36 : Player #0 Jose Luis - GUID: d9558a067db2e5932e8a58c619edb83d (unverified)
﻿09:58:37 : Verified GUID (d9558a067db2e5932e8a58c619edb83d) of player #0 Jose Luis
﻿09:58:37 : Player #0 Jose Luis - Legacy GUID: 7beaaf3c723b44978f2c26b96411e08c
﻿10:16:50 : Could not connect to BE Master
﻿10:16:50 : Update attempt failed
﻿10:16:50 : Player #0 Jose Luis (d9558a067db2e5932e8a58c619edb83d) has been kicked by BattlEye: Client not responding
﻿10:17:50 : Player #0 Jose Luis (190.255.9.104:1024) connected
﻿10:17:52 : Player #0 Jose Luis - GUID: d9558a067db2e5932e8a58c619edb83d (unverified)
﻿10:17:53 : Verified GUID (d9558a067db2e5932e8a58c619edb83d) of player #0 Jose Luis
﻿10:17:54 : Player #0 Jose Luis - Legacy GUID: 7beaaf3c723b44978f2c26b96411e08c
﻿10:23:03 : Could not connect to BE Master
﻿10:23:03 : Update attempt failed
﻿10:23:03 : Player #0 Jose Luis (d9558a067db2e5932e8a58c619edb83d) has been kicked by BattlEye: Client not responding
﻿10:27:18 : Player #0 Jose Luis (190.255.9.104:2304) connected
﻿10:27:21 : Player #0 Jose Luis - GUID: d9558a067db2e5932e8a58c619edb83d (unverified)
﻿10:27:21 : Verified GUID (d9558a067db2e5932e8a58c619edb83d) of player #0 Jose Luis
﻿10:27:23 : Player #0 Jose Luis - Legacy GUID: 7beaaf3c723b44978f2c26b96411e08c
﻿11:00:55 : Player #1 santiago (181.128.47.242:14916) connected
﻿11:00:57 : Player #1 santiago - GUID: 5f72597ccf11380055e35a403a02fb81 (unverified)
﻿11:00:57 : Verified GUID (5f72597ccf11380055e35a403a02fb81) of player #1 santiago
﻿11:00:58 : Player #1 santiago - Legacy GUID: f8c8299b0a688de480efb946d670fbbd
﻿11:13:33 : Player #2 [Amish]Churro (152.169.156.156:2304) connected
﻿11:13:35 : Player #2 [Amish]Churro - GUID: dde1966f1dd7e3054e1b1eb0a534628d (unverified)
﻿11:13:35 : Verified GUID (dde1966f1dd7e3054e1b1eb0a534628d) of player #2 [Amish]Churro
﻿11:13:36 : Player #2 [Amish]Churro - Legacy GUID: 400a9b7eb38b0cba4ee0340edd2b0aed
﻿11:13:58 : Player #2 [Amish]Churro disconnected
﻿11:45:00 : RCon admin #1: (Global) BEC : This server will restart in 15 minutes
﻿11:55:00 : RCon admin #1: (Global) BEC : This server will restart in 5 minutes
﻿11:59:00 : RCon admin #1: (Global) BEC : This server will restart in 1 minute, Log out now!
﻿11:59:23 : Player #0 Jose Luis disconnected
﻿12:00:01 : Lost Connection!
﻿12:00:01 : Closing socket & exiting!
﻿12:01:15 : Rcon client logging in
﻿12:01:15 : RCon admin #1 (127.0.0.1:58389) logged in
﻿12:01:59 : Player #0 Jose Luis (190.255.9.104:2304) connected
﻿12:02:01 : Player #0 Jose Luis - GUID: d9558a067db2e5932e8a58c619edb83d (unverified)
﻿12:02:01 : Verified GUID (d9558a067db2e5932e8a58c619edb83d) of player #0 Jose Luis
﻿12:02:03 : Player #0 Jose Luis - Legacy GUID: 7beaaf3c723b44978f2c26b96411e08c
﻿12:07:38 : Player #1 rectodecerdo (201.179.52.42:2304) connected
﻿12:07:40 : Player #1 rectodecerdo - GUID: 7f88a42c528432b1dfa2f6f3ea9be055 (unverified)
﻿12:07:40 : Verified GUID (7f88a42c528432b1dfa2f6f3ea9be055) of player #1 rectodecerdo
﻿12:07:41 : Player #1 rectodecerdo - Legacy GUID: 0972e4b3c81bb7d4b6520d5c6b1cdf49
﻿12:11:24 : Player #2 santiago (181.128.47.242:15832) connected
﻿12:11:25 : Player #2 santiago - GUID: 5f72597ccf11380055e35a403a02fb81 (unverified)
﻿12:11:26 : Verified GUID (5f72597ccf11380055e35a403a02fb81) of player #2 santiago
﻿12:11:26 : Player #2 santiago - Legacy GUID: f8c8299b0a688de480efb946d670fbbd
﻿12:16:20 : Player #1 rectodecerdo disconnected
﻿12:56:20 : Player #1 [WG] SnakeGeneral (191.32.139.182:2304) connected
﻿12:56:21 : Player #1 [WG] SnakeGeneral - GUID: 181db932e18c373dea58c91a9b7034bf (unverified)
﻿12:56:21 : Verified GUID (181db932e18c373dea58c91a9b7034bf) of player #1 [WG] SnakeGeneral
﻿12:56:22 : Player #1 [WG] SnakeGeneral - Legacy GUID: 855ed08988c3abe5e44ce3742718c692
﻿13:00:59 : Player #0 Jose Luis disconnected
﻿13:13:02 : Player #1 [WG] SnakeGeneral disconnected
﻿13:14:20 : Player #0 [WG] SnakeGeneral (191.32.139.182:2304) connected
﻿13:14:21 : Player #0 [WG] SnakeGeneral - GUID: 181db932e18c373dea58c91a9b7034bf (unverified)
﻿13:14:21 : Verified GUID (181db932e18c373dea58c91a9b7034bf) of player #0 [WG] SnakeGeneral
﻿13:14:22 : Player #0 [WG] SnakeGeneral - Legacy GUID: 855ed08988c3abe5e44ce3742718c692
﻿13:25:38 : Player #1 Jose Luis (190.255.9.104:2304) connected
﻿13:25:40 : Player #1 Jose Luis - GUID: d9558a067db2e5932e8a58c619edb83d (unverified)
﻿13:25:40 : Player #1 Jose Luis - Legacy GUID: 7beaaf3c723b44978f2c26b96411e08c
﻿13:25:40 : Verified GUID (d9558a067db2e5932e8a58c619edb83d) of player #1 Jose Luis
﻿14:04:58 : Player #0 [WG] SnakeGeneral disconnected
﻿14:39:05 : Player #0 PadreMavi (190.15.214.78:2304) connected
﻿14:39:07 : Player #0 PadreMavi - GUID: b2f3cb9cb6686ec7d04e8b5fb9a49179 (unverified)
﻿14:39:07 : Verified GUID (b2f3cb9cb6686ec7d04e8b5fb9a49179) of player #0 PadreMavi
﻿14:39:08 : Player #0 PadreMavi - Legacy GUID: 62417a2d9a85da833b7daaf5d95da818
﻿14:39:17 : Player #0 PadreMavi disconnected
﻿14:45:00 : RCon admin #1: (Global) BEC : This server will restart in 15 minutes
﻿14:55:00 : RCon admin #1: (Global) BEC : This server will restart in 5 minutes
﻿14:59:00 : RCon admin #1: (Global) BEC : This server will restart in 1 minute, Log out now!
﻿14:59:25 : Player #1 Jose Luis disconnected
﻿15:00:03 : Lost Connection!
﻿15:00:03 : Closing socket & exiting!
﻿15:01:15 : Rcon client logging in
﻿15:01:15 : RCon admin #1 (127.0.0.1:60968) logged in
﻿15:01:36 : Player #0 Jose Luis (190.255.9.104:2304) connected
﻿15:01:38 : Player #0 Jose Luis - GUID: d9558a067db2e5932e8a58c619edb83d (unverified)
﻿15:01:39 : Verified GUID (d9558a067db2e5932e8a58c619edb83d) of player #0 Jose Luis
﻿15:01:39 : Player #0 Jose Luis - Legacy GUID: 7beaaf3c723b44978f2c26b96411e08c
﻿15:07:02 : Player #1 santiago (181.128.47.242:16160) connected
﻿15:07:04 : Player #1 santiago - GUID: 5f72597ccf11380055e35a403a02fb81 (unverified)
﻿15:07:04 : Verified GUID (5f72597ccf11380055e35a403a02fb81) of player #1 santiago
﻿15:07:05 : Player #1 santiago - Legacy GUID: f8c8299b0a688de480efb946d670fbbd
﻿15:14:36 : Player #0 Jose Luis (d9558a067db2e5932e8a58c619edb83d) has been kicked by BattlEye: Client not responding
﻿15:16:12 : Player #1 santiago (5f72597ccf11380055e35a403a02fb81) has been kicked by BattlEye: Client not responding
﻿15:17:27 : Player #0 santiago (181.128.47.242:1024) connected
﻿15:17:28 : Player #0 santiago - GUID: 5f72597ccf11380055e35a403a02fb81 (unverified)
﻿15:17:29 : Verified GUID (5f72597ccf11380055e35a403a02fb81) of player #0 santiago
﻿15:17:29 : Player #0 santiago - Legacy GUID: f8c8299b0a688de480efb946d670fbbd
﻿15:19:07 : Player #1 Jose Luis (186.116.51.196:1024) connected
﻿15:19:09 : Player #1 Jose Luis - GUID: d9558a067db2e5932e8a58c619edb83d (unverified)
﻿15:19:10 : Verified GUID (d9558a067db2e5932e8a58c619edb83d) of player #1 Jose Luis
﻿15:19:10 : Player #1 Jose Luis - Legacy GUID: 7beaaf3c723b44978f2c26b96411e08c
﻿15:20:22 : Player #1 Jose Luis disconnected
﻿15:20:35 : Player #1 Jose Luis (186.116.51.196:1024) connected
﻿15:20:36 : Player #1 Jose Luis - GUID: d9558a067db2e5932e8a58c619edb83d (unverified)
﻿15:20:37 : Verified GUID (d9558a067db2e5932e8a58c619edb83d) of player #1 Jose Luis
﻿15:20:38 : Player #1 Jose Luis - Legacy GUID: 7beaaf3c723b44978f2c26b96411e08c
﻿15:26:21 : Player #1 Jose Luis (d9558a067db2e5932e8a58c619edb83d) has been kicked by BattlEye: Client not responding
﻿15:26:21 : Player #0 santiago (5f72597ccf11380055e35a403a02fb81) has been kicked by BattlEye: Client not responding
﻿15:28:16 : Player #0 Jose Luis (186.116.51.196:2304) connected
﻿15:28:19 : Player #0 Jose Luis - GUID: d9558a067db2e5932e8a58c619edb83d (unverified)
﻿15:28:19 : Player #0 Jose Luis - Legacy GUID: 7beaaf3c723b44978f2c26b96411e08c
﻿15:28:19 : Verified GUID (d9558a067db2e5932e8a58c619edb83d) of player #0 Jose Luis
﻿15:31:18 : Player #0 Jose Luis (d9558a067db2e5932e8a58c619edb83d) has been kicked by BattlEye: Client not responding
﻿15:33:18 : Player #0 santiago (181.128.47.242:16758) connected
﻿15:33:20 : Player #0 santiago - GUID: 5f72597ccf11380055e35a403a02fb81 (unverified)
﻿15:33:20 : Verified GUID (5f72597ccf11380055e35a403a02fb81) of player #0 santiago
﻿15:33:21 : Player #0 santiago - Legacy GUID: f8c8299b0a688de480efb946d670fbbd
﻿15:39:24 : Player #1 Jose Luis (186.116.51.196:2304) connected
﻿15:39:25 : Player #1 Jose Luis - GUID: d9558a067db2e5932e8a58c619edb83d (unverified)
﻿15:39:26 : Verified GUID (d9558a067db2e5932e8a58c619edb83d) of player #1 Jose Luis
﻿15:39:26 : Player #1 Jose Luis - Legacy GUID: 7beaaf3c723b44978f2c26b96411e08c
﻿15:52:01 : Player #2 [WG] SnakeGeneral (191.32.139.182:2304) connected
﻿15:52:02 : Player #2 [WG] SnakeGeneral - GUID: 181db932e18c373dea58c91a9b7034bf (unverified)
﻿15:52:03 : Verified GUID (181db932e18c373dea58c91a9b7034bf) of player #2 [WG] SnakeGeneral
﻿15:52:04 : Player #2 [WG] SnakeGeneral - Legacy GUID: 855ed08988c3abe5e44ce3742718c692
﻿15:53:48 : Player #3 Azrael1x (191.80.145.38:2304) connected
﻿15:53:49 : Player #3 Azrael1x - GUID: f3bbe77e31363319b3378084ddcb86d8 (unverified)
﻿15:53:50 : Verified GUID (f3bbe77e31363319b3378084ddcb86d8) of player #3 Azrael1x
﻿15:53:50 : Player #3 Azrael1x - Legacy GUID: 872394ca0b82ad6e77d13dc8f5141d95
﻿16:13:47 : Player #4 M1ST3Я (191.209.0.23:2304) connected
﻿16:13:48 : Player #4 M1ST3Я - GUID: b7014a3caeaee427a7fd4ecc3867c1d2 (unverified)
﻿16:13:49 : Verified GUID (b7014a3caeaee427a7fd4ecc3867c1d2) of player #4 M1ST3Я
﻿16:13:49 : Player #4 M1ST3Я - Legacy GUID: be8b18c41bfec999fcf0c9ce11829a7b
﻿16:15:17 : Could not connect to BE Master
﻿16:15:17 : Update attempt failed
﻿16:15:18 : Player #0 santiago (5f72597ccf11380055e35a403a02fb81) has been kicked by BattlEye: Client not responding
﻿16:15:18 : Player #1 Jose Luis (d9558a067db2e5932e8a58c619edb83d) has been kicked by BattlEye: Client not responding
﻿16:15:18 : Player #2 [WG] SnakeGeneral (181db932e18c373dea58c91a9b7034bf) has been kicked by BattlEye: Client not responding
﻿16:15:18 : Player #3 Azrael1x (f3bbe77e31363319b3378084ddcb86d8) has been kicked by BattlEye: Client not responding
﻿16:15:18 : Player #4 M1ST3Я (b7014a3caeaee427a7fd4ecc3867c1d2) has been kicked by BattlEye: Client not responding
﻿16:16:20 : Player #0 Jose Luis (186.116.51.196:1024) connected
﻿16:16:22 : Player #0 Jose Luis - GUID: d9558a067db2e5932e8a58c619edb83d (unverified)
﻿16:16:23 : Verified GUID (d9558a067db2e5932e8a58c619edb83d) of player #0 Jose Luis
﻿16:16:23 : Player #0 Jose Luis - Legacy GUID: 7beaaf3c723b44978f2c26b96411e08c
﻿16:17:29 : Player #1 Azrael1x (191.80.145.38:1024) connected
﻿16:17:31 : Player #1 Azrael1x - GUID: f3bbe77e31363319b3378084ddcb86d8 (unverified)
﻿16:17:32 : Verified GUID (f3bbe77e31363319b3378084ddcb86d8) of player #1 Azrael1x
﻿16:17:33 : Player #1 Azrael1x - Legacy GUID: 872394ca0b82ad6e77d13dc8f5141d95
﻿16:20:19 : Player #2 [WG] SnakeGeneral (191.32.139.182:2304) connected
﻿16:20:20 : Player #2 [WG] SnakeGeneral - GUID: 181db932e18c373dea58c91a9b7034bf (unverified)
﻿16:20:20 : Verified GUID (181db932e18c373dea58c91a9b7034bf) of player #2 [WG] SnakeGeneral
﻿16:20:21 : Player #2 [WG] SnakeGeneral - Legacy GUID: 855ed08988c3abe5e44ce3742718c692
﻿16:20:41 : Player #3 santiago (181.128.47.242:17038) connected
﻿16:20:43 : Player #3 santiago - GUID: 5f72597ccf11380055e35a403a02fb81 (unverified)
﻿16:20:43 : Player #3 santiago - Legacy GUID: f8c8299b0a688de480efb946d670fbbd
﻿16:20:43 : Verified GUID (5f72597ccf11380055e35a403a02fb81) of player #3 santiago
﻿16:23:14 : Player #4 koki (190.194.88.193:2304) connected
﻿16:23:16 : Player #4 koki - GUID: 653c1616d6214661d1409fe5956fa685 (unverified)
﻿16:23:16 : Verified GUID (653c1616d6214661d1409fe5956fa685) of player #4 koki
﻿16:23:17 : Player #4 koki - Legacy GUID: 7adb46605a25c7e919cbee4ae17c796a
﻿16:23:17 : Player #4 koki disconnected
﻿16:25:28 : RCon admin #2 (181.14.142.221:64066) logged in
﻿16:53:03 : Player #2 [WG] SnakeGeneral disconnected
﻿17:14:20 : Player #2 [Amish]Churro (152.169.156.156:2304) connected
﻿17:14:22 : Player #2 [Amish]Churro - GUID: dde1966f1dd7e3054e1b1eb0a534628d (unverified)
﻿17:14:22 : Verified GUID (dde1966f1dd7e3054e1b1eb0a534628d) of player #2 [Amish]Churro
﻿17:14:22 : Player #2 [Amish]Churro - Legacy GUID: 400a9b7eb38b0cba4ee0340edd2b0aed
﻿17:18:00 : Player #2 [Amish]Churro disconnected
﻿17:19:04 : Player #2 Rodrigo (181.199.144.69:2304) connected
﻿17:19:05 : Player #2 Rodrigo - GUID: a6e3750909077c8e22fc9ceb56a48dca (unverified)
﻿17:19:06 : Verified GUID (a6e3750909077c8e22fc9ceb56a48dca) of player #2 Rodrigo
﻿17:19:06 : Player #2 Rodrigo - Legacy GUID: 10dd2c6e05466c48ae8ced1e2b94d2f1
﻿17:19:07 : Player #2 Rodrigo disconnected
﻿17:22:41 : Player #2 Agustin (181.22.10.227:2304) connected
﻿17:22:43 : Player #2 Agustin - GUID: 0b0a46fef1130a3d93b3032a25f2427c (unverified)
﻿17:22:43 : Verified GUID (0b0a46fef1130a3d93b3032a25f2427c) of player #2 Agustin
﻿17:22:44 : Player #2 Agustin - Legacy GUID: 3ecb37fe4b092a21c8a1c69b5ad2b9d4
﻿17:29:06 : Player #4 killer (177.17.72.35:2304) connected
﻿17:29:07 : Player #4 killer - GUID: 305caf533a463e80fae7951f6a88e1ef (unverified)
﻿17:29:07 : Verified GUID (305caf533a463e80fae7951f6a88e1ef) of player #4 killer
﻿17:29:08 : Player #4 killer - Legacy GUID: 91cada608492e9051d969e7c217b03a2
﻿17:31:05 : Player #4 killer (305caf533a463e80fae7951f6a88e1ef) has been kicked by BattlEye: Client not responding
﻿17:45:00 : RCon admin #1: (Global) BEC : This server will restart in 15 minutes
﻿17:46:05 : Player #0 Jose Luis disconnected
﻿17:47:37 : Player #2 Agustin (0b0a46fef1130a3d93b3032a25f2427c) has been kicked by BattlEye: Ping too high (1201)
﻿17:48:28 : Player #0 Agustin (181.22.10.227:2304) connected
﻿17:48:29 : Player #0 Agustin - GUID: 0b0a46fef1130a3d93b3032a25f2427c (unverified)
﻿17:48:30 : Player #0 Agustin - Legacy GUID: 3ecb37fe4b092a21c8a1c69b5ad2b9d4
﻿17:48:30 : Verified GUID (0b0a46fef1130a3d93b3032a25f2427c) of player #0 Agustin
﻿17:49:56 : Player #0 Agustin disconnected
﻿17:50:50 : Player #0 Agustin (181.22.10.227:2304) connected
﻿17:50:51 : Player #0 Agustin - GUID: 0b0a46fef1130a3d93b3032a25f2427c (unverified)
﻿17:50:52 : Verified GUID (0b0a46fef1130a3d93b3032a25f2427c) of player #0 Agustin
﻿17:50:53 : Player #0 Agustin - Legacy GUID: 3ecb37fe4b092a21c8a1c69b5ad2b9d4
﻿17:53:59 : Player #0 Agustin (0b0a46fef1130a3d93b3032a25f2427c) has been kicked by BattlEye: Ping too high (858)
﻿17:55:00 : RCon admin #1: (Global) BEC : This server will restart in 5 minutes
﻿17:55:37 : Player #1 Azrael1x disconnected
﻿17:59:00 : RCon admin #1: (Global) BEC : This server will restart in 1 minute, Log out now!
﻿18:00:01 : Lost Connection!
﻿18:00:01 : Closing socket & exiting!
﻿18:01:15 : Rcon client logging in
﻿18:01:15 : RCon admin #1 (127.0.0.1:64673) logged in
﻿18:14:24 : Player #0 santiago (181.128.47.242:20168) connected
﻿18:14:26 : Player #0 santiago - GUID: 5f72597ccf11380055e35a403a02fb81 (unverified)
﻿18:14:27 : Verified GUID (5f72597ccf11380055e35a403a02fb81) of player #0 santiago
﻿18:14:28 : Player #0 santiago - Legacy GUID: f8c8299b0a688de480efb946d670fbbd
﻿18:15:58 : Player #1 Azrael1x (191.80.145.38:2304) connected
﻿18:16:00 : Player #1 Azrael1x - GUID: f3bbe77e31363319b3378084ddcb86d8 (unverified)
﻿18:16:01 : Player #1 Azrael1x - Legacy GUID: 872394ca0b82ad6e77d13dc8f5141d95
﻿18:16:01 : Verified GUID (f3bbe77e31363319b3378084ddcb86d8) of player #1 Azrael1x
﻿18:21:27 : Player #2 Alahide (186.124.151.95:58850) connected
﻿18:21:28 : Player #2 Alahide - GUID: a03ff6af57cd8ae718c1b355071e6811 (unverified)
﻿18:21:29 : Verified GUID (a03ff6af57cd8ae718c1b355071e6811) of player #2 Alahide
﻿18:21:30 : Player #2 Alahide - Legacy GUID: 30cc89fdad70965e25c6bcd2709879dd
﻿18:21:32 : Player #2 Alahide disconnected
﻿18:21:37 : Player #2 Alahide (186.124.151.95:58850) connected
﻿18:21:38 : Player #2 Alahide - GUID: a03ff6af57cd8ae718c1b355071e6811 (unverified)
﻿18:21:39 : Verified GUID (a03ff6af57cd8ae718c1b355071e6811) of player #2 Alahide
﻿18:21:39 : Player #2 Alahide - Legacy GUID: 30cc89fdad70965e25c6bcd2709879dd
﻿18:21:39 : Player #2 Alahide disconnected
﻿18:44:01 : Player #2 Dromsito (190.48.162.147:2304) connected
﻿18:44:02 : Player #2 Dromsito - GUID: a28691e3b8de5b6290cb77c4cf8a4a55 (unverified)
﻿18:44:03 : Verified GUID (a28691e3b8de5b6290cb77c4cf8a4a55) of player #2 Dromsito
﻿18:44:03 : Player #2 Dromsito - Legacy GUID: 8916210343111f5bd06931debdd291cb
﻿18:52:34 : Player #3 Paladin (189.129.72.185:56223) connected
﻿18:52:36 : Player #3 Paladin - GUID: 9cc2b3e61b4f41eba94eee408e0063b3 (unverified)
﻿18:52:37 : Verified GUID (9cc2b3e61b4f41eba94eee408e0063b3) of player #3 Paladin
﻿18:52:37 : Player #3 Paladin - Legacy GUID: 512af83a801ac33e7d6e05fbb915d32d
﻿18:57:44 : Player #4 paidefamilia (143.208.14.121:2304) connected
﻿18:57:45 : Player #4 paidefamilia - GUID: 1d401e38a481bbc39b6351f3bddcfda7 (unverified)
﻿18:57:45 : Verified GUID (1d401e38a481bbc39b6351f3bddcfda7) of player #4 paidefamilia
﻿18:57:46 : Player #4 paidefamilia - Legacy GUID: 2e2d9bf2888b7ee763bf5cc120f07cb4
﻿19:00:16 : Player #4 paidefamilia - Legacy GUID: 2e2d9bf2888b7ee763bf5cc120f07cb4
﻿19:04:40 : Player #5 rectodecerdo (191.82.145.161:2304) connected
﻿19:04:41 : Player #6 PadreMavi (190.15.214.78:2304) connected
﻿19:04:41 : Player #5 rectodecerdo - GUID: 7f88a42c528432b1dfa2f6f3ea9be055 (unverified)
﻿19:04:42 : Verified GUID (7f88a42c528432b1dfa2f6f3ea9be055) of player #5 rectodecerdo
﻿19:04:42 : Player #5 rectodecerdo - Legacy GUID: 0972e4b3c81bb7d4b6520d5c6b1cdf49
﻿19:04:43 : Player #6 PadreMavi - GUID: b2f3cb9cb6686ec7d04e8b5fb9a49179 (unverified)
﻿19:04:43 : Player #6 PadreMavi - Legacy GUID: 62417a2d9a85da833b7daaf5d95da818
﻿19:04:43 : Verified GUID (b2f3cb9cb6686ec7d04e8b5fb9a49179) of player #6 PadreMavi
﻿19:11:26 : Player #7 FIN4LShare (177.154.8.238:2304) connected
﻿19:11:29 : Player #7 FIN4LShare - GUID: d4cd999756c3b7742306dd967dcf9a54 (unverified)
﻿19:11:29 : Player #7 FIN4LShare - Legacy GUID: cbd67b2c90a885cb5aa8bc1280925a58
﻿19:11:29 : Verified GUID (d4cd999756c3b7742306dd967dcf9a54) of player #7 FIN4LShare
﻿19:11:45 : Player #7 FIN4LShare disconnected
﻿19:13:30 : Player #7 [WG] SnakeGeneral (191.32.139.182:2304) connected
﻿19:13:31 : Player #7 [WG] SnakeGeneral - GUID: 181db932e18c373dea58c91a9b7034bf (unverified)
﻿19:13:32 : Verified GUID (181db932e18c373dea58c91a9b7034bf) of player #7 [WG] SnakeGeneral
﻿19:13:32 : Player #7 [WG] SnakeGeneral - Legacy GUID: 855ed08988c3abe5e44ce3742718c692
﻿19:14:48 : Player #1 Azrael1x disconnected
﻿19:15:20 : Player #3 Paladin disconnected
﻿19:17:18 : Player #5 rectodecerdo disconnected
﻿19:18:03 : Player #1 cruzado26 (179.57.189.162:19416) connected
﻿19:18:05 : Player #1 cruzado26 - GUID: eb9fc5ef81ee8241f85965535d93c261 (unverified)
﻿19:18:05 : Player #1 cruzado26 - Legacy GUID: 108747b07afe745eae1a19d5e43a8b5e
﻿19:18:05 : Verified GUID (eb9fc5ef81ee8241f85965535d93c261) of player #1 cruzado26
﻿19:18:23 : Player #6 PadreMavi disconnected
﻿19:18:52 : Player #1 cruzado26 disconnected
﻿19:22:34 : Player #7 [WG] SnakeGeneral disconnected
﻿19:26:46 : Player #2 Dromsito disconnected
﻿19:29:04 : Player #4 paidefamilia disconnected
﻿19:52:35 : Player #1 FaiveL (186.19.141.144:5304) connected
﻿19:52:36 : Player #1 FaiveL - GUID: b8c5eba569120dbff3a7258b79969f5c (unverified)
﻿19:52:36 : Verified GUID (b8c5eba569120dbff3a7258b79969f5c) of player #1 FaiveL
﻿19:52:37 : Player #1 FaiveL - Legacy GUID: e8b29dda3c871c01d375e16def30919e
﻿19:52:40 : Player #1 FaiveL disconnected
﻿19:54:07 : Player #1 SirGalahaD (190.215.140.32:2304) connected
﻿19:54:08 : Player #1 SirGalahaD - GUID: 5369777c929e54e6aa5d3b0eea275719 (unverified)
﻿19:54:09 : Player #1 SirGalahaD - Legacy GUID: b62d4fdb987b67d3cef4c86b66cd4ed5
﻿19:54:09 : Verified GUID (5369777c929e54e6aa5d3b0eea275719) of player #1 SirGalahaD
﻿20:07:38 : Player #2 Emanuel (186.78.223.178:56582) connected
﻿20:07:39 : Player #2 Emanuel - GUID: 6a03f6bb7966a6aed89046e65bb1c393 (unverified)
﻿20:07:40 : Verified GUID (6a03f6bb7966a6aed89046e65bb1c393) of player #2 Emanuel
﻿20:07:40 : Player #2 Emanuel - Legacy GUID: 1349083ead31c257b4b6d521124f2dff
﻿20:07:40 : Player #2 Emanuel disconnected
﻿20:21:05 : Player #2 Azrael1x (191.80.145.38:2304) connected
﻿20:21:06 : Player #2 Azrael1x - GUID: f3bbe77e31363319b3378084ddcb86d8 (unverified)
﻿20:21:06 : Verified GUID (f3bbe77e31363319b3378084ddcb86d8) of player #2 Azrael1x
﻿20:21:07 : Player #2 Azrael1x - Legacy GUID: 872394ca0b82ad6e77d13dc8f5141d95
﻿20:21:34 : Player #3 Emanuel (186.78.223.178:54877) connected
﻿20:21:35 : Player #3 Emanuel - GUID: 6a03f6bb7966a6aed89046e65bb1c393 (unverified)
﻿20:21:36 : Verified GUID (6a03f6bb7966a6aed89046e65bb1c393) of player #3 Emanuel
﻿20:21:36 : Player #3 Emanuel - Legacy GUID: 1349083ead31c257b4b6d521124f2dff
﻿20:21:37 : Player #3 Emanuel disconnected
﻿20:29:03 : Player #2 Azrael1x disconnected
﻿20:30:28 : Player #2 Azrael1x (191.80.145.38:2304) connected
﻿20:30:29 : Player #2 Azrael1x - GUID: f3bbe77e31363319b3378084ddcb86d8 (unverified)
﻿20:30:30 : Verified GUID (f3bbe77e31363319b3378084ddcb86d8) of player #2 Azrael1x
﻿20:30:30 : Player #2 Azrael1x - Legacy GUID: 872394ca0b82ad6e77d13dc8f5141d95
﻿20:33:38 : Player #3 Emanuel (186.78.223.178:62128) connected
﻿20:33:39 : Player #3 Emanuel - GUID: 6a03f6bb7966a6aed89046e65bb1c393 (unverified)
﻿20:33:39 : Verified GUID (6a03f6bb7966a6aed89046e65bb1c393) of player #3 Emanuel
﻿20:33:40 : Player #3 Emanuel - Legacy GUID: 1349083ead31c257b4b6d521124f2dff
﻿20:33:40 : Player #3 Emanuel disconnected
﻿20:35:31 : Player #3 Emanuel (186.78.223.178:56388) connected
﻿20:35:32 : Player #3 Emanuel - GUID: 6a03f6bb7966a6aed89046e65bb1c393 (unverified)
﻿20:35:33 : Verified GUID (6a03f6bb7966a6aed89046e65bb1c393) of player #3 Emanuel
﻿20:35:33 : Player #3 Emanuel - Legacy GUID: 1349083ead31c257b4b6d521124f2dff
﻿20:35:34 : Player #3 Emanuel disconnected
﻿20:35:54 : Player #3 wilson (191.179.175.100:2304) connected
﻿20:35:56 : Player #3 wilson - GUID: f2177c6434528874190cc4d178e09d33 (unverified)
﻿20:35:56 : Verified GUID (f2177c6434528874190cc4d178e09d33) of player #3 wilson
﻿20:35:57 : Player #3 wilson - Legacy GUID: de7c0639bbaea2d3ab1a2873cd33ee47
﻿20:38:30 : Player #4 [WG] SnakeGeneral (191.32.139.182:2304) connected
﻿20:38:31 : Player #4 [WG] SnakeGeneral - GUID: 181db932e18c373dea58c91a9b7034bf (unverified)
﻿20:38:32 : Verified GUID (181db932e18c373dea58c91a9b7034bf) of player #4 [WG] SnakeGeneral
﻿20:38:32 : Player #4 [WG] SnakeGeneral - Legacy GUID: 855ed08988c3abe5e44ce3742718c692
﻿20:44:45 : RCon admin #2 (179.26.215.198:49627) logged in
﻿20:45:00 : RCon admin #1: (Global) BEC : This server will restart in 15 minutes
﻿20:47:21 : RCon admin #2: (Global) [ChukyN] ????
﻿20:47:53 : RCon admin #2: (Global) [ChukyN] define plot bug
﻿20:49:03 : RCon admin #2: (Global) [ChukyN] howm any objetc are really
﻿20:49:09 : RCon admin #2: (Global) [ChukyN] 250 is the limit
﻿20:49:14 : RCon admin #2: (Global) [ChukyN] and even sandbags count
﻿20:50:09 : RCon admin #2: (Global) [ChukyN] well 250 is the limit.
﻿20:52:06 : Player #2 Azrael1x disconnected
﻿20:53:05 : Player #3 wilson disconnected
﻿20:53:06 : Player #2 EmilioLatino (200.104.219.194:2344) connected
﻿20:53:07 : Player #2 EmilioLatino - GUID: 798581a016f7a45ef93f335789bb37a8 (unverified)
﻿20:53:08 : Verified GUID (798581a016f7a45ef93f335789bb37a8) of player #2 EmilioLatino
﻿20:53:09 : Player #2 EmilioLatino - Legacy GUID: b9563948a46fe43c1d6e40bb4cc93c6e
﻿20:53:20 : Player #2 EmilioLatino disconnected
﻿20:54:03 : Player #1 SirGalahaD disconnected
﻿20:55:00 : RCon admin #1: (Global) BEC : This server will restart in 5 minutes
﻿20:59:00 : RCon admin #1: (Global) BEC : Server restart in 1 minute, Log out NOW!
﻿20:59:42 : Player #4 [WG] SnakeGeneral disconnected
﻿21:00:01 : Lost Connection!
﻿21:00:01 : Closing socket & exiting!
﻿21:01:15 : Rcon client logging in
﻿21:01:15 : RCon admin #2 (127.0.0.1:53812) logged in
﻿21:01:54 : Player #0 santiago (181.128.47.242:20168) connected
﻿21:01:57 : Player #0 santiago - GUID: 5f72597ccf11380055e35a403a02fb81 (unverified)
﻿21:01:57 : Verified GUID (5f72597ccf11380055e35a403a02fb81) of player #0 santiago
﻿21:01:58 : Player #0 santiago - Legacy GUID: f8c8299b0a688de480efb946d670fbbd
﻿21:04:18 : Player #0 santiago disconnected
﻿21:06:25 : Player #0 santiago (181.128.47.242:20168) connected
﻿21:06:26 : Player #0 santiago - Legacy GUID: f8c8299b0a688de480efb946d670fbbd
﻿21:06:26 : Player #0 santiago - GUID: 5f72597ccf11380055e35a403a02fb81 (unverified)
﻿21:06:27 : Verified GUID (5f72597ccf11380055e35a403a02fb81) of player #0 santiago
﻿21:08:14 : Player #1 Emanuel (186.78.223.178:52587) connected
﻿21:08:16 : Player #1 Emanuel - GUID: 6a03f6bb7966a6aed89046e65bb1c393 (unverified)
﻿21:08:16 : Verified GUID (6a03f6bb7966a6aed89046e65bb1c393) of player #1 Emanuel
﻿21:08:17 : Player #1 Emanuel - Legacy GUID: 1349083ead31c257b4b6d521124f2dff
﻿21:10:47 : Player #1 Emanuel (6a03f6bb7966a6aed89046e65bb1c393) has been kicked by BattlEye: Failed to update
﻿21:18:53 : Player #1 Soublette (186.78.223.178:50990) connected
﻿21:18:55 : Player #1 Soublette - GUID: 6a03f6bb7966a6aed89046e65bb1c393 (unverified)
﻿21:18:55 : Verified GUID (6a03f6bb7966a6aed89046e65bb1c393) of player #1 Soublette
﻿21:18:56 : Player #1 Soublette - Legacy GUID: 1349083ead31c257b4b6d521124f2dff
﻿21:21:26 : Player #1 Soublette (6a03f6bb7966a6aed89046e65bb1c393) has been kicked by BattlEye: Failed to update
﻿21:26:52 : Player #1 Selinger (177.66.142.114:2304) connected
﻿21:26:55 : Player #1 Selinger - GUID: 8ce7e2236e441323373cb008086c8679 (unverified)
﻿21:26:55 : Verified GUID (8ce7e2236e441323373cb008086c8679) of player #1 Selinger
﻿21:26:56 : Player #1 Selinger disconnected
﻿21:27:37 : Player #1 Soublette (186.78.223.178:52996) connected
﻿21:27:38 : Player #1 Soublette - GUID: 6a03f6bb7966a6aed89046e65bb1c393 (unverified)
﻿21:27:39 : Verified GUID (6a03f6bb7966a6aed89046e65bb1c393) of player #1 Soublette
﻿21:27:39 : Player #1 Soublette - Legacy GUID: 1349083ead31c257b4b6d521124f2dff
﻿21:30:09 : Player #1 Soublette (6a03f6bb7966a6aed89046e65bb1c393) has been kicked by BattlEye: Failed to update
﻿21:51:31 : Player #1 Soublette (186.78.223.178:58156) connected
﻿21:51:32 : Player #1 Soublette - GUID: 6a03f6bb7966a6aed89046e65bb1c393 (unverified)
﻿21:51:33 : Verified GUID (6a03f6bb7966a6aed89046e65bb1c393) of player #1 Soublette
﻿21:51:33 : Player #1 Soublette - Legacy GUID: 1349083ead31c257b4b6d521124f2dff
﻿21:53:32 : Player #1 Soublette disconnected
﻿22:22:13 : Player #1 Sirfes-AR (186.39.211.79:2304) connected
﻿22:22:15 : Player #1 Sirfes-AR - GUID: 2bb87957999ef128136a91e55814387e (unverified)
﻿22:22:15 : Verified GUID (2bb87957999ef128136a91e55814387e) of player #1 Sirfes-AR
﻿22:22:15 : Player #1 Sirfes-AR - Legacy GUID: 9029f11d17f3e3d0814db86b7e6f7e15
﻿22:51:35 : RCon admin #2: (To Sirfes-AR) BEC : You have about 60 seconds left to join the mission.
﻿22:52:06 : RCon admin #2: (To Sirfes-AR) BEC : You have about 30 seconds left to join the mission.
﻿22:52:20 : RCon admin #2: (To Sirfes-AR) BEC : You have about 15 seconds left to join the mission.
﻿22:52:35 : Player #1 Sirfes-AR (2bb87957999ef128136a91e55814387e) has been kicked by BattlEye: Admin Kick (BEC : Lobby idling to long)
﻿23:05:02 : Player #1 Sirfes-AR (186.39.211.79:2304) connected
﻿23:05:04 : Player #1 Sirfes-AR - GUID: 2bb87957999ef128136a91e55814387e (unverified)
﻿23:05:04 : Player #1 Sirfes-AR - Legacy GUID: 9029f11d17f3e3d0814db86b7e6f7e15
﻿23:05:05 : Verified GUID (2bb87957999ef128136a91e55814387e) of player #1 Sirfes-AR
﻿23:16:47 : Player #2 Nicooo (181.28.154.238:2314) connected
﻿23:16:48 : Player #2 Nicooo - GUID: 24fc4516f29fce9ca5c8d94c6e5e6928 (unverified)
﻿23:16:49 : Verified GUID (24fc4516f29fce9ca5c8d94c6e5e6928) of player #2 Nicooo
﻿23:16:49 : Player #2 Nicooo - Legacy GUID: c299e7aa43e691f373287c1ab2d4a584
﻿23:16:49 : Player #2 Nicooo disconnected
﻿23:17:05 : Player #2 Nicooo (181.28.154.238:2314) connected
﻿23:17:06 : Player #2 Nicooo - GUID: 24fc4516f29fce9ca5c8d94c6e5e6928 (unverified)
﻿23:17:06 : Verified GUID (24fc4516f29fce9ca5c8d94c6e5e6928) of player #2 Nicooo
﻿23:17:07 : Player #2 Nicooo disconnected
﻿23:19:56 : Player #2 =[666]=Pablo_RC (190.136.101.33:2304) connected
﻿23:19:57 : Player #2 =[666]=Pablo_RC - GUID: 16ebd31255bd18b763ce392730470383 (unverified)
﻿23:19:58 : Verified GUID (16ebd31255bd18b763ce392730470383) of player #2 =[666]=Pablo_RC
﻿23:19:58 : Player #2 =[666]=Pablo_RC - Legacy GUID: 62092891985ca79d88439c3834084445
﻿23:45:00 : RCon admin #2: (Global) BEC : This server will restart in 15 minutes
﻿23:55:00 : RCon admin #2: (Global) BEC : This server will restart in 5 minutes
﻿23:59:00 : RCon admin #2: (Global) BEC : This server will restart in 1 minute, Log out now!
