00:00:01 : Lost Connection!
﻿00:00:01 : Closing socket & exiting!
﻿00:01:15 : Rcon client logging in
﻿00:01:15 : RCon admin #1 (127.0.0.1:54464) logged in
﻿00:01:34 : Player #0 Jose Luis (186.117.165.78:2304) connected
﻿00:01:36 : Player #0 Jose Luis - GUID: d9558a067db2e5932e8a58c619edb83d (unverified)
﻿00:01:36 : Verified GUID (d9558a067db2e5932e8a58c619edb83d) of player #0 Jose Luis
﻿00:01:37 : Player #0 Jose Luis - Legacy GUID: 7beaaf3c723b44978f2c26b96411e08c
﻿00:04:15 : Player #1 Sirfes-AR (186.39.211.122:2304) connected
﻿00:04:17 : Player #1 Sirfes-AR - GUID: 2bb87957999ef128136a91e55814387e (unverified)
﻿00:04:17 : Player #1 Sirfes-AR - Legacy GUID: 9029f11d17f3e3d0814db86b7e6f7e15
﻿00:04:18 : Verified GUID (2bb87957999ef128136a91e55814387e) of player #1 Sirfes-AR
﻿00:42:04 : Player #2 santiago (181.138.108.114:20735) connected
﻿00:42:05 : Player #2 santiago - GUID: 5f72597ccf11380055e35a403a02fb81 (unverified)
﻿00:42:06 : Verified GUID (5f72597ccf11380055e35a403a02fb81) of player #2 santiago
﻿00:42:06 : Player #2 santiago - Legacy GUID: f8c8299b0a688de480efb946d670fbbd
﻿00:44:41 : Player #3 MR.TURTLE (190.45.91.214:2304) connected
﻿00:44:42 : Player #3 MR.TURTLE - GUID: 038a4366a166a40a33b56edaf140f08b (unverified)
﻿00:44:43 : Verified GUID (038a4366a166a40a33b56edaf140f08b) of player #3 MR.TURTLE
﻿00:44:43 : Player #3 MR.TURTLE - Legacy GUID: 19d73d0adaec5f49ad5e097fa7f45a91
﻿00:44:46 : Player #3 MR.TURTLE disconnected
﻿00:44:57 : Player #3 MR.TURTLE (190.45.91.214:2304) connected
﻿00:44:59 : Player #3 MR.TURTLE - GUID: 038a4366a166a40a33b56edaf140f08b (unverified)
﻿00:44:59 : Verified GUID (038a4366a166a40a33b56edaf140f08b) of player #3 MR.TURTLE
﻿00:44:59 : Player #3 MR.TURTLE - Legacy GUID: 19d73d0adaec5f49ad5e097fa7f45a91
﻿00:45:03 : Player #3 MR.TURTLE disconnected
﻿00:46:10 : Player #2 santiago disconnected
﻿00:48:40 : Player #2 MR.TURTLE (190.45.91.214:2304) connected
﻿00:48:41 : Player #2 MR.TURTLE - GUID: 038a4366a166a40a33b56edaf140f08b (unverified)
﻿00:48:42 : Verified GUID (038a4366a166a40a33b56edaf140f08b) of player #2 MR.TURTLE
﻿00:48:42 : Player #2 MR.TURTLE - Legacy GUID: 19d73d0adaec5f49ad5e097fa7f45a91
﻿00:48:44 : Player #2 MR.TURTLE disconnected
﻿00:49:04 : Player #2 MR.TURTLE (190.45.91.214:2304) connected
﻿00:49:05 : Player #2 MR.TURTLE - GUID: 038a4366a166a40a33b56edaf140f08b (unverified)
﻿00:49:06 : Verified GUID (038a4366a166a40a33b56edaf140f08b) of player #2 MR.TURTLE
﻿00:49:06 : Player #2 MR.TURTLE - Legacy GUID: 19d73d0adaec5f49ad5e097fa7f45a91
﻿00:49:09 : Player #2 MR.TURTLE disconnected
﻿00:50:46 : Player #2 MR.TURTLE (190.45.91.214:2304) connected
﻿00:50:48 : Player #2 MR.TURTLE - GUID: 038a4366a166a40a33b56edaf140f08b (unverified)
﻿00:50:49 : Player #2 MR.TURTLE - Legacy GUID: 19d73d0adaec5f49ad5e097fa7f45a91
﻿00:50:49 : Verified GUID (038a4366a166a40a33b56edaf140f08b) of player #2 MR.TURTLE
﻿00:50:55 : Player #2 MR.TURTLE disconnected
﻿01:14:18 : Player #2 =[666]=Pablo_RC (186.109.145.88:2304) connected
﻿01:14:19 : Player #2 =[666]=Pablo_RC - GUID: 16ebd31255bd18b763ce392730470383 (unverified)
﻿01:14:20 : Verified GUID (16ebd31255bd18b763ce392730470383) of player #2 =[666]=Pablo_RC
﻿01:14:20 : Player #2 =[666]=Pablo_RC - Legacy GUID: 62092891985ca79d88439c3834084445
﻿01:14:56 : Player #3 MR.TURTLE (190.45.91.214:2304) connected
﻿01:14:58 : Player #3 MR.TURTLE - GUID: 038a4366a166a40a33b56edaf140f08b (unverified)
﻿01:14:58 : Player #3 MR.TURTLE - Legacy GUID: 19d73d0adaec5f49ad5e097fa7f45a91
﻿01:14:58 : Verified GUID (038a4366a166a40a33b56edaf140f08b) of player #3 MR.TURTLE
﻿01:15:06 : Player #3 MR.TURTLE disconnected
﻿02:45:00 : RCon admin #1: (Global) BEC : This server will restart in 15 minutes
﻿02:46:48 : Player #2 =[666]=Pablo_RC disconnected
﻿02:55:00 : RCon admin #1: (Global) BEC : This server will restart in 5 minutes
﻿02:59:00 : RCon admin #1: (Global) BEC : This server will restart in 1 minute, Log out now!
﻿02:59:39 : Player #0 Jose Luis disconnected
﻿02:59:50 : Player #1 Sirfes-AR disconnected
﻿03:00:01 : Lost Connection!
﻿03:00:01 : Closing socket & exiting!
﻿03:01:15 : Rcon client logging in
﻿03:01:25 : RCon admin #1 (127.0.0.1:59903) logged in
﻿03:03:38 : Player #1 Sirfes-AR (186.39.211.122:2304) connected
﻿03:03:39 : Player #1 Sirfes-AR - GUID: 2bb87957999ef128136a91e55814387e (unverified)
﻿03:03:39 : Verified GUID (2bb87957999ef128136a91e55814387e) of player #1 Sirfes-AR
﻿03:03:40 : Player #1 Sirfes-AR - Legacy GUID: 9029f11d17f3e3d0814db86b7e6f7e15
﻿03:09:28 : Player #1 Sirfes-AR disconnected
﻿03:10:02 : Player #0 Jose Luis disconnected
﻿03:38:43 : Player #0 lechu (190.193.90.28:2304) connected
﻿03:38:44 : Player #0 lechu - GUID: 75e3c484d5572101ca8752ee60f6c3f8 (unverified)
﻿03:38:45 : Verified GUID (75e3c484d5572101ca8752ee60f6c3f8) of player #0 lechu
﻿03:38:45 : Player #0 lechu - Legacy GUID: b2aff26425902245d2ac42fed459eafe
﻿04:10:38 : Player #1 [DMN]-Mario (179.60.255.227:2304) connected
﻿04:10:39 : Player #1 [DMN]-Mario - GUID: 90efe9555b6c518bdd5ab751845d62ac (unverified)
﻿04:10:39 : Verified GUID (90efe9555b6c518bdd5ab751845d62ac) of player #1 [DMN]-Mario
﻿04:10:40 : Player #1 [DMN]-Mario - Legacy GUID: 56ac695fcf6c9ba0429307fd875141a4
﻿04:52:45 : Player #0 lechu disconnected
﻿05:07:14 : Player #0 Bruno (177.23.207.181:2304) connected
﻿05:07:15 : Player #0 Bruno - GUID: 790861f96de9f8395ac2e87789cb80dd (unverified)
﻿05:07:15 : Verified GUID (790861f96de9f8395ac2e87789cb80dd) of player #0 Bruno
﻿05:07:16 : Player #0 Bruno - Legacy GUID: 37bb0ccca993c80a966da09b9854f8a5
﻿05:07:17 : Player #0 Bruno disconnected
﻿05:25:03 : Player #1 [DMN]-Mario disconnected
﻿05:45:00 : RCon admin #1: (Global) BEC : This server will restart in 15 minutes
﻿05:55:00 : RCon admin #1: (Global) BEC : This server will restart in 5 minutes
﻿05:59:00 : RCon admin #1: (Global) BEC : This server will restart in 1 minute, Log out now!
﻿06:00:01 : Lost Connection!
﻿06:00:01 : Closing socket & exiting!
﻿06:01:15 : Rcon client logging in
﻿06:01:15 : RCon admin #1 (127.0.0.1:59781) logged in
﻿08:09:31 : Player #0 [DMN] Kostia (181.29.33.46:2304) connected
﻿08:09:33 : Player #0 [DMN] Kostia - GUID: 4bd080feb9dc4ff46effb0ff0b50008d (unverified)
﻿08:09:34 : Verified GUID (4bd080feb9dc4ff46effb0ff0b50008d) of player #0 [DMN] Kostia
﻿08:09:34 : Player #0 [DMN] Kostia - Legacy GUID: 5aa78dd92e5c0b343e5604a97acf3a4e
﻿08:13:56 : Player #1 Darknes (179.35.0.197:58428) connected
﻿08:13:57 : Player #1 Darknes - GUID: ee568bcf68e008ab6029df413970df7f (unverified)
﻿08:13:57 : Verified GUID (ee568bcf68e008ab6029df413970df7f) of player #1 Darknes
﻿08:13:58 : Player #1 Darknes - Legacy GUID: 12acc7566ebb75d43f21347611d1f592
﻿08:14:01 : Player #1 Darknes disconnected
﻿08:14:52 : Player #1 Darknes (179.35.0.197:58428) connected
﻿08:14:53 : Player #1 Darknes - GUID: ee568bcf68e008ab6029df413970df7f (unverified)
﻿08:14:54 : Verified GUID (ee568bcf68e008ab6029df413970df7f) of player #1 Darknes
﻿08:14:55 : Player #1 Darknes - Legacy GUID: 12acc7566ebb75d43f21347611d1f592
﻿08:27:59 : Player #0 [DMN] Kostia disconnected
﻿08:29:05 : Player #1 Darknes disconnected
﻿08:45:00 : RCon admin #1: (Global) BEC : This server will restart in 15 minutes
﻿08:55:00 : RCon admin #1: (Global) BEC : This server will restart in 5 minutes
﻿08:59:00 : RCon admin #1: (Global) BEC : This server will restart in 1 minute, Log out now!
﻿09:00:01 : Lost Connection!
﻿09:00:01 : Closing socket & exiting!
﻿09:01:15 : Rcon client logging in
﻿09:01:15 : RCon admin #1 (127.0.0.1:56172) logged in
﻿10:09:15 : Player #0 [DMN] Kostia (181.29.33.46:2304) connected
﻿10:09:17 : Player #0 [DMN] Kostia - GUID: 4bd080feb9dc4ff46effb0ff0b50008d (unverified)
﻿10:09:17 : Verified GUID (4bd080feb9dc4ff46effb0ff0b50008d) of player #0 [DMN] Kostia
﻿10:09:19 : Player #0 [DMN] Kostia - Legacy GUID: 5aa78dd92e5c0b343e5604a97acf3a4e
﻿10:13:02 : Player #0 [DMN] Kostia disconnected
﻿10:43:41 : Player #0 [DMN]-Mario (179.60.255.227:2304) connected
﻿10:43:42 : Player #0 [DMN]-Mario - GUID: 90efe9555b6c518bdd5ab751845d62ac (unverified)
﻿10:43:43 : Verified GUID (90efe9555b6c518bdd5ab751845d62ac) of player #0 [DMN]-Mario
﻿10:43:43 : Player #0 [DMN]-Mario - Legacy GUID: 56ac695fcf6c9ba0429307fd875141a4
﻿10:53:04 : Player #1 Jose Luis (179.32.200.25:2304) connected
﻿10:53:06 : Player #1 Jose Luis - GUID: d9558a067db2e5932e8a58c619edb83d (unverified)
﻿10:53:07 : Verified GUID (d9558a067db2e5932e8a58c619edb83d) of player #1 Jose Luis
﻿10:53:07 : Player #1 Jose Luis - Legacy GUID: 7beaaf3c723b44978f2c26b96411e08c
﻿11:03:14 : Player #2 Dragons (186.22.173.62:2304) connected
﻿11:03:15 : Player #2 Dragons - GUID: 3c6c048346652b2441b43e719a05201a (unverified)
﻿11:03:16 : Verified GUID (3c6c048346652b2441b43e719a05201a) of player #2 Dragons
﻿11:03:16 : Player #2 Dragons - Legacy GUID: 3913b982b8c60e961ef4fc2d2bc88df7
﻿11:25:09 : Player #1 Jose Luis disconnected
﻿11:31:01 : Player #2 Dragons disconnected
﻿11:45:00 : RCon admin #1: (Global) BEC : This server will restart in 15 minutes
﻿11:55:00 : RCon admin #1: (Global) BEC : This server will restart in 5 minutes
﻿11:59:00 : RCon admin #1: (Global) BEC : This server will restart in 1 minute, Log out now!
﻿12:00:01 : Lost Connection!
﻿12:00:01 : Closing socket & exiting!
﻿12:01:15 : Rcon client logging in
﻿12:01:15 : RCon admin #1 (127.0.0.1:63889) logged in
﻿14:45:00 : RCon admin #1: (Global) BEC : This server will restart in 15 minutes
﻿14:55:00 : RCon admin #1: (Global) BEC : This server will restart in 5 minutes
﻿14:59:00 : RCon admin #1: (Global) BEC : This server will restart in 1 minute, Log out now!
﻿15:00:01 : Lost Connection!
﻿15:00:01 : Closing socket & exiting!
﻿15:01:07 : Rcon client logging in
﻿15:01:07 : RCon admin #1 (127.0.0.1:61168) logged in
﻿17:27:07 : Player #0 santiago (181.138.108.114:23602) connected
﻿17:27:08 : Player #0 santiago - GUID: 5f72597ccf11380055e35a403a02fb81 (unverified)
﻿17:27:08 : Player #0 santiago - Legacy GUID: f8c8299b0a688de480efb946d670fbbd
﻿17:27:09 : Verified GUID (5f72597ccf11380055e35a403a02fb81) of player #0 santiago
﻿17:40:14 : Player #1 Agustin (181.22.15.88:2304) connected
﻿17:40:17 : Player #1 Agustin - Legacy GUID: 3ecb37fe4b092a21c8a1c69b5ad2b9d4
﻿17:40:17 : Player #1 Agustin - GUID: 0b0a46fef1130a3d93b3032a25f2427c (unverified)
﻿17:40:17 : Verified GUID (0b0a46fef1130a3d93b3032a25f2427c) of player #1 Agustin
﻿17:44:40 : Player #1 Agustin (0b0a46fef1130a3d93b3032a25f2427c) has been kicked by BattlEye: Client not responding
﻿17:45:00 : RCon admin #1: (Global) BEC : This server will restart in 15 minutes
﻿17:54:22 : Player #0 santiago disconnected
﻿17:55:00 : RCon admin #1: (Global) BEC : This server will restart in 5 minutes
﻿17:55:36 : Player #0 [DMN]-Mario (179.60.255.227:2304) connected
﻿17:55:37 : Player #0 [DMN]-Mario - GUID: 90efe9555b6c518bdd5ab751845d62ac (unverified)
﻿17:55:38 : Verified GUID (90efe9555b6c518bdd5ab751845d62ac) of player #0 [DMN]-Mario
﻿17:55:38 : Player #0 [DMN]-Mario - Legacy GUID: 56ac695fcf6c9ba0429307fd875141a4
﻿17:59:00 : RCon admin #1: (Global) BEC : This server will restart in 1 minute, Log out now!
﻿18:00:02 : Lost Connection!
﻿18:00:02 : Closing socket & exiting!
﻿18:01:15 : Rcon client logging in
﻿18:01:15 : RCon admin #1 (127.0.0.1:60142) logged in
﻿18:09:44 : Player #0 Azrael1x (191.80.140.74:2304) connected
﻿18:09:46 : Player #0 Azrael1x - Legacy GUID: 872394ca0b82ad6e77d13dc8f5141d95
﻿18:09:46 : Player #0 Azrael1x - GUID: f3bbe77e31363319b3378084ddcb86d8 (unverified)
﻿18:09:46 : Verified GUID (f3bbe77e31363319b3378084ddcb86d8) of player #0 Azrael1x
﻿18:10:08 : Player #1 santiago (181.138.108.114:23952) connected
﻿18:10:44 : Player #1 santiago - GUID: 5f72597ccf11380055e35a403a02fb81 (unverified)
﻿18:10:45 : Player #1 santiago - Legacy GUID: f8c8299b0a688de480efb946d670fbbd
﻿18:10:45 : Verified GUID (5f72597ccf11380055e35a403a02fb81) of player #1 santiago
﻿18:11:14 : Player #2 [DMN]-Mario (179.60.255.227:2304) connected
﻿18:11:16 : Player #2 [DMN]-Mario - GUID: 90efe9555b6c518bdd5ab751845d62ac (unverified)
﻿18:11:16 : Player #2 [DMN]-Mario - Legacy GUID: 56ac695fcf6c9ba0429307fd875141a4
﻿18:11:17 : Verified GUID (90efe9555b6c518bdd5ab751845d62ac) of player #2 [DMN]-Mario
﻿18:13:00 : Player #1 santiago (5f72597ccf11380055e35a403a02fb81) has been kicked by BattlEye: Ping too high (670)
﻿18:13:12 : Player #1 santiago (181.138.108.114:23952) connected
﻿18:13:14 : Player #1 santiago - GUID: 5f72597ccf11380055e35a403a02fb81 (unverified)
﻿18:13:14 : Verified GUID (5f72597ccf11380055e35a403a02fb81) of player #1 santiago
﻿18:13:14 : Player #1 santiago - Legacy GUID: f8c8299b0a688de480efb946d670fbbd
﻿18:20:10 : Player #1 santiago disconnected
﻿18:31:24 : Player #1 Jose Luis (179.32.200.25:2304) connected
﻿18:31:25 : Player #1 Jose Luis - GUID: d9558a067db2e5932e8a58c619edb83d (unverified)
﻿18:31:26 : Verified GUID (d9558a067db2e5932e8a58c619edb83d) of player #1 Jose Luis
﻿18:31:26 : Player #1 Jose Luis - Legacy GUID: 7beaaf3c723b44978f2c26b96411e08c
﻿18:32:14 : Player #3 MR.TURTLE (190.45.91.214:2304) connected
﻿18:32:16 : Player #3 MR.TURTLE - GUID: 038a4366a166a40a33b56edaf140f08b (unverified)
﻿18:32:17 : Player #3 MR.TURTLE - Legacy GUID: 19d73d0adaec5f49ad5e097fa7f45a91
﻿18:32:17 : Verified GUID (038a4366a166a40a33b56edaf140f08b) of player #3 MR.TURTLE
﻿18:32:17 : Player #3 MR.TURTLE disconnected
﻿18:37:29 : Player #3 BIgote (186.49.253.151:35305) connected
﻿18:37:30 : Player #3 BIgote - GUID: b2ff206840a64d7fa530377b2c3dbfd4 (unverified)
﻿18:37:31 : Verified GUID (b2ff206840a64d7fa530377b2c3dbfd4) of player #3 BIgote
﻿18:37:31 : Player #3 BIgote - Legacy GUID: 0ff4b43479c9ed317ab10d657c3aea9a
﻿18:45:16 : Player #1 Jose Luis (d9558a067db2e5932e8a58c619edb83d) has been kicked by BattlEye: Client not responding
﻿18:46:23 : Player #1 Jose Luis (186.113.163.36:2304) connected
﻿18:46:24 : Player #1 Jose Luis - GUID: d9558a067db2e5932e8a58c619edb83d (unverified)
﻿18:46:25 : Verified GUID (d9558a067db2e5932e8a58c619edb83d) of player #1 Jose Luis
﻿18:46:25 : Player #1 Jose Luis - Legacy GUID: 7beaaf3c723b44978f2c26b96411e08c
﻿18:56:28 : Player #4 [T1ER]rabbit (181.26.154.111:2304) connected
﻿18:56:29 : Player #4 [T1ER]rabbit - GUID: e23f64b96ab18ba7f762a8bf2e904d77 (unverified)
﻿18:56:30 : Verified GUID (e23f64b96ab18ba7f762a8bf2e904d77) of player #4 [T1ER]rabbit
﻿18:56:30 : Player #4 [T1ER]rabbit - Legacy GUID: f0fc0f1a574488a41a070f20ba99350b
﻿19:16:37 : Player #5 marcus (179.111.44.50:2304) connected
﻿19:16:38 : Player #5 marcus - GUID: 56442c12b2d5fe81af9b933dbcdbc23f (unverified)
﻿19:16:38 : Verified GUID (56442c12b2d5fe81af9b933dbcdbc23f) of player #5 marcus
﻿19:16:39 : Player #5 marcus - Legacy GUID: a2107e1dfcaa19c90640fea410176064
﻿19:16:39 : Player #5 marcus (56442c12b2d5fe81af9b933dbcdbc23f) has been kicked by BattlEye: Global Ban #a2107e
﻿19:17:24 : Player #5 Jonny Bravo (181.110.75.105:2304) connected
﻿19:17:25 : Player #5 Jonny Bravo - GUID: 913b39b17254f42b00ea6b77f6073e03 (unverified)
﻿19:17:25 : Verified GUID (913b39b17254f42b00ea6b77f6073e03) of player #5 Jonny Bravo
﻿19:17:26 : Player #5 Jonny Bravo - Legacy GUID: 01217e9601e6bab57c854ab87e8d121c
﻿19:21:33 : Player #2 [DMN]-Mario (90efe9555b6c518bdd5ab751845d62ac) has been kicked by BattlEye: Ping too high (936)
﻿19:27:10 : Player #2 [DMN]-Mario (179.60.255.227:2304) connected
﻿19:27:13 : Player #2 [DMN]-Mario - GUID: 90efe9555b6c518bdd5ab751845d62ac (unverified)
﻿19:27:14 : Verified GUID (90efe9555b6c518bdd5ab751845d62ac) of player #2 [DMN]-Mario
﻿19:27:14 : Player #2 [DMN]-Mario - Legacy GUID: 56ac695fcf6c9ba0429307fd875141a4
﻿19:27:22 : Player #2 [DMN]-Mario disconnected
﻿19:53:08 : Player #4 [T1ER]rabbit (e23f64b96ab18ba7f762a8bf2e904d77) has been kicked by BattlEye: Ping too high (920)
﻿19:53:21 : Player #2 [T1ER]rabbit (181.26.154.111:2304) connected
﻿19:53:23 : Player #2 [T1ER]rabbit - GUID: e23f64b96ab18ba7f762a8bf2e904d77 (unverified)
﻿19:53:24 : Verified GUID (e23f64b96ab18ba7f762a8bf2e904d77) of player #2 [T1ER]rabbit
﻿19:53:24 : Player #2 [T1ER]rabbit - Legacy GUID: f0fc0f1a574488a41a070f20ba99350b
﻿19:54:38 : Player #2 [T1ER]rabbit (e23f64b96ab18ba7f762a8bf2e904d77) has been kicked by BattlEye: Ping too high (967)
﻿19:57:03 : Player #2 [T1ER]rabbit (181.26.154.111:2304) connected
﻿19:57:04 : Player #2 [T1ER]rabbit - GUID: e23f64b96ab18ba7f762a8bf2e904d77 (unverified)
﻿19:57:05 : Verified GUID (e23f64b96ab18ba7f762a8bf2e904d77) of player #2 [T1ER]rabbit
﻿19:57:05 : Player #2 [T1ER]rabbit - Legacy GUID: f0fc0f1a574488a41a070f20ba99350b
﻿20:01:52 : Player #5 Jonny Bravo disconnected
﻿20:16:10 : Player #4 santiago (181.138.108.114:26687) connected
﻿20:16:12 : Player #4 santiago - GUID: 5f72597ccf11380055e35a403a02fb81 (unverified)
﻿20:16:12 : Verified GUID (5f72597ccf11380055e35a403a02fb81) of player #4 santiago
﻿20:16:13 : Player #4 santiago - Legacy GUID: f8c8299b0a688de480efb946d670fbbd
﻿20:18:02 : Player #2 [T1ER]rabbit (e23f64b96ab18ba7f762a8bf2e904d77) has been kicked by BattlEye: Client not responding
﻿20:18:36 : Player #4 santiago disconnected
﻿20:30:46 : Player #2 santiago (181.138.108.114:26862) connected
﻿20:30:48 : Player #2 santiago - GUID: 5f72597ccf11380055e35a403a02fb81 (unverified)
﻿20:30:48 : Verified GUID (5f72597ccf11380055e35a403a02fb81) of player #2 santiago
﻿20:30:49 : Player #2 santiago - Legacy GUID: f8c8299b0a688de480efb946d670fbbd
﻿20:30:54 : Player #4 TOTO (167.61.113.210:2304) connected
﻿20:30:56 : Player #4 TOTO - GUID: 35faa5268b09cf8234a02c31f6e0ae45 (unverified)
﻿20:30:57 : Player #4 TOTO - Legacy GUID: 07da1bb179741905ea9f63d4b4dc0bce
﻿20:30:57 : Verified GUID (35faa5268b09cf8234a02c31f6e0ae45) of player #4 TOTO
﻿20:30:57 : Player #4 TOTO disconnected
﻿20:33:44 : Player #2 santiago disconnected
﻿20:41:57 : Player #2 TOTO (167.61.113.210:2304) connected
﻿20:41:58 : Player #2 TOTO - GUID: 35faa5268b09cf8234a02c31f6e0ae45 (unverified)
﻿20:41:58 : Verified GUID (35faa5268b09cf8234a02c31f6e0ae45) of player #2 TOTO
﻿20:41:59 : Player #2 TOTO - Legacy GUID: 07da1bb179741905ea9f63d4b4dc0bce
﻿20:41:59 : Player #2 TOTO disconnected
﻿20:45:00 : RCon admin #1: (Global) BEC : This server will restart in 15 minutes
﻿20:55:00 : RCon admin #1: (Global) BEC : This server will restart in 5 minutes
﻿20:56:08 : Player #2 santiago (181.138.108.114:27843) connected
﻿20:56:09 : Player #2 santiago - GUID: 5f72597ccf11380055e35a403a02fb81 (unverified)
﻿20:56:10 : Verified GUID (5f72597ccf11380055e35a403a02fb81) of player #2 santiago
﻿20:56:10 : Player #2 santiago - Legacy GUID: f8c8299b0a688de480efb946d670fbbd
﻿20:59:00 : RCon admin #1: (Global) BEC : Server restart in 1 minute, Log out NOW!
﻿21:00:01 : Lost Connection!
﻿21:00:01 : Closing socket & exiting!
﻿21:01:15 : Rcon client logging in
﻿21:01:27 : RCon admin #1 (127.0.0.1:49586) logged in
﻿21:02:24 : Player #1 santiago (181.138.108.114:27843) connected
﻿21:02:26 : Player #1 santiago - GUID: 5f72597ccf11380055e35a403a02fb81 (unverified)
﻿21:02:27 : Player #1 santiago - Legacy GUID: f8c8299b0a688de480efb946d670fbbd
﻿21:02:27 : Verified GUID (5f72597ccf11380055e35a403a02fb81) of player #1 santiago
﻿21:10:02 : Player #2 Sirfes-AR (186.39.211.122:2304) connected
﻿21:10:04 : Player #2 Sirfes-AR - GUID: 2bb87957999ef128136a91e55814387e (unverified)
﻿21:10:04 : Player #2 Sirfes-AR - Legacy GUID: 9029f11d17f3e3d0814db86b7e6f7e15
﻿21:10:05 : Verified GUID (2bb87957999ef128136a91e55814387e) of player #2 Sirfes-AR
﻿21:25:36 : Player #2 Sirfes-AR (2bb87957999ef128136a91e55814387e) has been kicked by BattlEye: Client not responding
﻿21:26:07 : Player #0 Jose Luis (d9558a067db2e5932e8a58c619edb83d) has been kicked by BattlEye: Client not responding
﻿21:26:29 : Player #0 Jose Luis (186.116.60.109:2304) connected
﻿21:26:32 : Player #0 Jose Luis - GUID: d9558a067db2e5932e8a58c619edb83d (unverified)
﻿21:26:32 : Verified GUID (d9558a067db2e5932e8a58c619edb83d) of player #0 Jose Luis
﻿21:26:34 : Player #0 Jose Luis - Legacy GUID: 7beaaf3c723b44978f2c26b96411e08c
﻿21:26:43 : Player #2 Sirfes-AR (186.39.218.18:2304) connected
﻿21:26:44 : Player #2 Sirfes-AR - GUID: 2bb87957999ef128136a91e55814387e (unverified)
﻿21:26:44 : Verified GUID (2bb87957999ef128136a91e55814387e) of player #2 Sirfes-AR
﻿21:26:45 : Player #2 Sirfes-AR - Legacy GUID: 9029f11d17f3e3d0814db86b7e6f7e15
﻿21:30:44 : Player #1 santiago disconnected
﻿21:34:15 : Player #1 Igor Lopes (177.135.42.153:2304) connected
﻿21:34:17 : Player #1 Igor Lopes - GUID: e9363de9ba160f1e8364fea64540f449 (unverified)
﻿21:34:17 : Verified GUID (e9363de9ba160f1e8364fea64540f449) of player #1 Igor Lopes
﻿21:34:18 : Player #1 Igor Lopes - Legacy GUID: 9af71f1464d640aa11f0e45d93ad8849
﻿21:37:25 : Player #1 Igor Lopes disconnected
﻿21:38:34 : Player #1 Rhicardo (177.96.30.178:2304) connected
﻿21:38:35 : Player #1 Rhicardo - GUID: aa6ddb2566aa2c06d52e29b6319e6fae (unverified)
﻿21:38:35 : Verified GUID (aa6ddb2566aa2c06d52e29b6319e6fae) of player #1 Rhicardo
﻿21:38:36 : Player #1 Rhicardo - Legacy GUID: 5531f7ff47ef10d5e5785c1686011768
﻿21:38:38 : Player #1 Rhicardo disconnected
﻿21:39:39 : Player #1 santiago (181.138.108.114:29990) connected
﻿21:39:40 : Player #1 santiago - GUID: 5f72597ccf11380055e35a403a02fb81 (unverified)
﻿21:39:41 : Verified GUID (5f72597ccf11380055e35a403a02fb81) of player #1 santiago
﻿21:39:41 : Player #1 santiago - Legacy GUID: f8c8299b0a688de480efb946d670fbbd
﻿21:43:53 : Player #1 santiago disconnected
﻿21:44:01 : Player #1 Rhicardo (177.96.30.178:2304) connected
﻿21:44:03 : Player #1 Rhicardo - GUID: aa6ddb2566aa2c06d52e29b6319e6fae (unverified)
﻿21:44:03 : Player #1 Rhicardo - Legacy GUID: 5531f7ff47ef10d5e5785c1686011768
﻿21:44:04 : Verified GUID (aa6ddb2566aa2c06d52e29b6319e6fae) of player #1 Rhicardo
﻿21:44:06 : Player #1 Rhicardo disconnected
﻿21:51:27 : Player #1 MaddWalkerBR (200.240.252.9:2304) connected
﻿21:51:28 : Player #1 MaddWalkerBR - GUID: 692c3095e35ef7b719caef363349a471 (unverified)
﻿21:51:29 : Verified GUID (692c3095e35ef7b719caef363349a471) of player #1 MaddWalkerBR
﻿21:51:29 : Player #1 MaddWalkerBR - Legacy GUID: c8b41fd961522b870f3db0831c0a5f2f
﻿21:54:44 : Player #3 Client Support (177.11.92.126:26150) connected
﻿21:54:47 : Player #3 Client Support - GUID: 2e0406dab782eb9f62f583468d19cdf5 (unverified)
﻿21:54:47 : Verified GUID (2e0406dab782eb9f62f583468d19cdf5) of player #3 Client Support
﻿21:54:48 : Player #3 Client Support - Legacy GUID: 305086f72795fc803494d508e009cde4
﻿21:55:00 : Player #3 Client Support disconnected
﻿21:57:10 : RCon admin #1: (To MaddWalkerBR) BEC : You have about 60 seconds left to join the mission.
﻿21:57:42 : RCon admin #1: (To MaddWalkerBR) BEC : You have about 30 seconds left to join the mission.
﻿21:57:56 : RCon admin #1: (To MaddWalkerBR) BEC : You have about 15 seconds left to join the mission.
﻿21:58:11 : Player #1 MaddWalkerBR (692c3095e35ef7b719caef363349a471) has been kicked by BattlEye: Admin Kick (BEC : Lobby idling to long)
﻿22:06:22 : Player #1 MaddWalkerBR (200.240.252.9:2304) connected
﻿22:06:25 : Player #1 MaddWalkerBR - GUID: 692c3095e35ef7b719caef363349a471 (unverified)
﻿22:06:26 : Verified GUID (692c3095e35ef7b719caef363349a471) of player #1 MaddWalkerBR
﻿22:06:27 : Player #1 MaddWalkerBR - Legacy GUID: c8b41fd961522b870f3db0831c0a5f2f
﻿22:07:57 : Player #2 Sirfes-AR disconnected
﻿22:08:17 : Player #0 Jose Luis disconnected
﻿22:15:27 : Player #0 Sirfes-AR (186.39.218.18:2304) connected
﻿22:15:28 : Player #0 Sirfes-AR - GUID: 2bb87957999ef128136a91e55814387e (unverified)
﻿22:15:29 : Verified GUID (2bb87957999ef128136a91e55814387e) of player #0 Sirfes-AR
﻿22:15:29 : Player #0 Sirfes-AR - Legacy GUID: 9029f11d17f3e3d0814db86b7e6f7e15
﻿22:28:07 : Player #1 MaddWalkerBR disconnected
﻿22:47:45 : Player #0 Sirfes-AR disconnected
﻿23:45:00 : RCon admin #1: (Global) BEC : This server will restart in 15 minutes
﻿23:55:00 : RCon admin #1: (Global) BEC : This server will restart in 5 minutes
﻿23:59:00 : RCon admin #1: (Global) BEC : This server will restart in 1 minute, Log out now!
