00:00:01 : Lost Connection!
﻿00:00:01 : Closing socket & exiting!
﻿00:01:15 : Rcon client logging in
﻿00:01:15 : RCon admin #1 (127.0.0.1:58698) logged in
﻿00:07:35 : Player #0 Braian |Aspirante| (181.229.193.90:2304) connected
﻿00:07:37 : Player #0 Braian |Aspirante| - GUID: cdc618df2d54ca997288fcc87121f76b (unverified)
﻿00:07:37 : Player #0 Braian |Aspirante| - Legacy GUID: c895084244afc06486ae6d81b381fd7e
﻿00:07:37 : Verified GUID (cdc618df2d54ca997288fcc87121f76b) of player #0 Braian |Aspirante|
﻿00:10:50 : Player #1 Leodagos (186.135.70.74:19775) connected
﻿00:10:51 : Player #1 Leodagos - GUID: 927032c3d7c1139aff0ff09424d46da1 (unverified)
﻿00:10:52 : Verified GUID (927032c3d7c1139aff0ff09424d46da1) of player #1 Leodagos
﻿00:10:52 : Player #1 Leodagos - Legacy GUID: d7639dceb9588d3b0ab85f82e92ff8de
﻿00:18:28 : Player #2 JF (190.185.192.18:26512) connected
﻿00:18:28 : Player #2 JF - GUID: 93a2a9d9bc7acb34122becec3305fde7 (unverified)
﻿00:18:29 : Verified GUID (93a2a9d9bc7acb34122becec3305fde7) of player #2 JF
﻿00:18:30 : Player #2 JF - Legacy GUID: 1e3460faa1452299ec3b5f220fe797e0
﻿01:08:23 : Player #1 Leodagos (927032c3d7c1139aff0ff09424d46da1) has been kicked by BattlEye: Client not responding
﻿01:35:44 : Player #1 Leodagos (186.135.39.194:10701) connected
﻿01:35:45 : Player #1 Leodagos - GUID: 927032c3d7c1139aff0ff09424d46da1 (unverified)
﻿01:35:46 : Verified GUID (927032c3d7c1139aff0ff09424d46da1) of player #1 Leodagos
﻿01:35:46 : Player #1 Leodagos - Legacy GUID: d7639dceb9588d3b0ab85f82e92ff8de
﻿02:45:00 : RCon admin #1: (Global) BEC : This server will restart in 15 minutes
﻿02:55:00 : RCon admin #1: (Global) BEC : This server will restart in 5 minutes
﻿02:59:00 : RCon admin #1: (Global) BEC : This server will restart in 1 minute, Log out now!
﻿03:00:01 : Lost Connection!
﻿03:00:01 : Closing socket & exiting!
﻿03:01:15 : Rcon client logging in
﻿03:01:15 : RCon admin #1 (127.0.0.1:65191) logged in
﻿03:05:17 : Player #0 JF (190.185.192.18:26512) connected
﻿03:05:18 : Player #0 JF - GUID: 93a2a9d9bc7acb34122becec3305fde7 (unverified)
﻿03:05:19 : Player #0 JF - Legacy GUID: 1e3460faa1452299ec3b5f220fe797e0
﻿03:05:19 : Verified GUID (93a2a9d9bc7acb34122becec3305fde7) of player #0 JF
﻿03:06:17 : Player #1 Leodagos (186.135.39.194:12034) connected
﻿03:06:17 : Player #2 Braian |Aspirante| (181.229.193.90:2304) connected
﻿03:06:19 : Player #1 Leodagos - GUID: 927032c3d7c1139aff0ff09424d46da1 (unverified)
﻿03:06:20 : Player #1 Leodagos - Legacy GUID: d7639dceb9588d3b0ab85f82e92ff8de
﻿03:06:21 : Verified GUID (927032c3d7c1139aff0ff09424d46da1) of player #1 Leodagos
﻿03:06:21 : Player #2 Braian |Aspirante| - GUID: cdc618df2d54ca997288fcc87121f76b (unverified)
﻿03:06:22 : Verified GUID (cdc618df2d54ca997288fcc87121f76b) of player #2 Braian |Aspirante|
﻿03:06:24 : Player #2 Braian |Aspirante| - Legacy GUID: c895084244afc06486ae6d81b381fd7e
﻿03:10:02 : Player #1 Leodagos disconnected
﻿03:12:15 : Player #1 Leodagos (186.135.39.194:12034) connected
﻿03:12:16 : Player #1 Leodagos - GUID: 927032c3d7c1139aff0ff09424d46da1 (unverified)
﻿03:12:17 : Verified GUID (927032c3d7c1139aff0ff09424d46da1) of player #1 Leodagos
﻿03:12:17 : Player #1 Leodagos - Legacy GUID: d7639dceb9588d3b0ab85f82e92ff8de
﻿03:13:09 : Player #3 The Kid (181.164.80.190:2304) connected
﻿03:13:11 : Player #3 The Kid - GUID: 1e835140ad66a4d2b0f949657327ac2d (unverified)
﻿03:13:12 : Verified GUID (1e835140ad66a4d2b0f949657327ac2d) of player #3 The Kid
﻿03:13:12 : Player #3 The Kid - Legacy GUID: 73b4427ffb897f361537f082d54dadbe
﻿04:09:21 : Player #3 The Kid disconnected
﻿04:37:28 : Player #0 JF (93a2a9d9bc7acb34122becec3305fde7) has been kicked by BattlEye: Ping too high (421)
﻿04:44:18 : Player #0 JF (190.185.192.18:26512) connected
﻿04:44:20 : Player #0 JF - GUID: 93a2a9d9bc7acb34122becec3305fde7 (unverified)
﻿04:44:20 : Verified GUID (93a2a9d9bc7acb34122becec3305fde7) of player #0 JF
﻿04:44:21 : Player #0 JF - Legacy GUID: 1e3460faa1452299ec3b5f220fe797e0
﻿04:49:30 : Player #2 Braian |Aspirante| disconnected
﻿04:55:36 : Player #1 Leodagos disconnected
﻿04:57:45 : Player #1 Leodagos (186.135.39.194:12034) connected
﻿04:57:46 : Player #1 Leodagos - GUID: 927032c3d7c1139aff0ff09424d46da1 (unverified)
﻿04:57:47 : Verified GUID (927032c3d7c1139aff0ff09424d46da1) of player #1 Leodagos
﻿04:57:47 : Player #1 Leodagos - Legacy GUID: d7639dceb9588d3b0ab85f82e92ff8de
﻿05:22:00 : Player #2 jecoxs (177.230.93.62:2304) connected
﻿05:22:02 : Player #2 jecoxs - GUID: 1b8d80d957fb3eeef177572126bf67cb (unverified)
﻿05:22:03 : Player #2 jecoxs - Legacy GUID: 0160438fc9954a7f002128545ffa9f83
﻿05:22:03 : Verified GUID (1b8d80d957fb3eeef177572126bf67cb) of player #2 jecoxs
﻿05:22:06 : Player #2 jecoxs disconnected
﻿05:25:33 : Player #2 jecoxs (177.230.93.62:2304) connected
﻿05:25:35 : Player #2 jecoxs - GUID: 1b8d80d957fb3eeef177572126bf67cb (unverified)
﻿05:25:35 : Verified GUID (1b8d80d957fb3eeef177572126bf67cb) of player #2 jecoxs
﻿05:25:35 : Player #2 jecoxs - Legacy GUID: 0160438fc9954a7f002128545ffa9f83
﻿05:25:36 : Player #2 jecoxs disconnected
﻿05:26:54 : Player #0 JF disconnected
﻿05:29:36 : Player #0 jecoxs (177.230.93.62:2304) connected
﻿05:29:38 : Player #0 jecoxs - GUID: 1b8d80d957fb3eeef177572126bf67cb (unverified)
﻿05:29:38 : Verified GUID (1b8d80d957fb3eeef177572126bf67cb) of player #0 jecoxs
﻿05:29:39 : Player #0 jecoxs - Legacy GUID: 0160438fc9954a7f002128545ffa9f83
﻿05:29:47 : Player #0 jecoxs disconnected
﻿05:40:36 : Player #0 jecoxs (177.230.93.62:2304) connected
﻿05:40:38 : Player #0 jecoxs - Legacy GUID: 0160438fc9954a7f002128545ffa9f83
﻿05:40:38 : Player #0 jecoxs - GUID: 1b8d80d957fb3eeef177572126bf67cb (unverified)
﻿05:40:39 : Verified GUID (1b8d80d957fb3eeef177572126bf67cb) of player #0 jecoxs
﻿05:42:10 : Player #0 jecoxs disconnected
﻿05:45:00 : RCon admin #1: (Global) BEC : This server will restart in 15 minutes
﻿05:48:57 : Player #0 jecoxs (177.230.93.62:2304) connected
﻿05:48:59 : Player #0 jecoxs - GUID: 1b8d80d957fb3eeef177572126bf67cb (unverified)
﻿05:48:59 : Verified GUID (1b8d80d957fb3eeef177572126bf67cb) of player #0 jecoxs
﻿05:49:00 : Player #0 jecoxs - Legacy GUID: 0160438fc9954a7f002128545ffa9f83
﻿05:49:07 : Player #0 jecoxs disconnected
﻿05:51:20 : Player #1 Leodagos disconnected
﻿05:53:31 : Player #0 jecoxs (177.230.93.62:2304) connected
﻿05:53:32 : Player #0 jecoxs - GUID: 1b8d80d957fb3eeef177572126bf67cb (unverified)
﻿05:53:32 : Verified GUID (1b8d80d957fb3eeef177572126bf67cb) of player #0 jecoxs
﻿05:53:33 : Player #0 jecoxs - Legacy GUID: 0160438fc9954a7f002128545ffa9f83
﻿05:53:44 : Player #0 jecoxs disconnected
﻿05:53:52 : Player #0 jecoxs (177.230.93.62:2304) connected
﻿05:53:53 : Player #0 jecoxs - GUID: 1b8d80d957fb3eeef177572126bf67cb (unverified)
﻿05:53:54 : Verified GUID (1b8d80d957fb3eeef177572126bf67cb) of player #0 jecoxs
﻿05:53:55 : Player #0 jecoxs - Legacy GUID: 0160438fc9954a7f002128545ffa9f83
﻿05:54:16 : Player #0 jecoxs disconnected
﻿05:55:00 : RCon admin #1: (Global) BEC : This server will restart in 5 minutes
﻿05:59:00 : RCon admin #1: (Global) BEC : This server will restart in 1 minute, Log out now!
﻿06:00:01 : Lost Connection!
﻿06:00:01 : Closing socket & exiting!
﻿06:01:15 : Rcon client logging in
﻿06:01:15 : RCon admin #1 (127.0.0.1:50426) logged in
﻿06:06:33 : Player #0 jecoxs (177.230.93.62:2304) connected
﻿06:06:34 : Player #0 jecoxs - GUID: 1b8d80d957fb3eeef177572126bf67cb (unverified)
﻿06:06:34 : Player #0 jecoxs - Legacy GUID: 0160438fc9954a7f002128545ffa9f83
﻿06:06:35 : Verified GUID (1b8d80d957fb3eeef177572126bf67cb) of player #0 jecoxs
﻿06:09:07 : Player #0 jecoxs - Legacy GUID: 0160438fc9954a7f002128545ffa9f83
﻿06:10:50 : Player #1 Leodagos (186.135.39.194:20992) connected
﻿06:10:51 : Player #1 Leodagos - GUID: 927032c3d7c1139aff0ff09424d46da1 (unverified)
﻿06:10:51 : Verified GUID (927032c3d7c1139aff0ff09424d46da1) of player #1 Leodagos
﻿06:10:52 : Player #1 Leodagos - Legacy GUID: d7639dceb9588d3b0ab85f82e92ff8de
﻿06:12:17 : Player #1 Leodagos disconnected
﻿06:12:24 : Player #1 Leodagos (186.135.39.194:20992) connected
﻿06:12:25 : Player #1 Leodagos - GUID: 927032c3d7c1139aff0ff09424d46da1 (unverified)
﻿06:12:25 : Verified GUID (927032c3d7c1139aff0ff09424d46da1) of player #1 Leodagos
﻿06:12:26 : Player #1 Leodagos - Legacy GUID: d7639dceb9588d3b0ab85f82e92ff8de
﻿06:32:43 : Player #2 Braian |Aspirante| (181.229.193.90:2304) connected
﻿06:32:44 : Player #2 Braian |Aspirante| - GUID: cdc618df2d54ca997288fcc87121f76b (unverified)
﻿06:32:45 : Verified GUID (cdc618df2d54ca997288fcc87121f76b) of player #2 Braian |Aspirante|
﻿06:32:46 : Player #2 Braian |Aspirante| - Legacy GUID: c895084244afc06486ae6d81b381fd7e
﻿06:41:35 : Player #0 jecoxs disconnected
﻿06:50:24 : No Valid response. Trying to reconnect.!
﻿06:50:24 : Rcon client logging in
﻿06:50:24 : RCon admin #1 (127.0.0.1:50426) logged in
﻿08:45:00 : RCon admin #1: (Global) BEC : This server will restart in 15 minutes
﻿08:55:00 : RCon admin #1: (Global) BEC : This server will restart in 5 minutes
﻿08:59:00 : RCon admin #1: (Global) BEC : This server will restart in 1 minute, Log out now!
﻿09:00:00 : Lost Connection!
﻿09:00:00 : Closing socket & exiting!
﻿09:01:15 : Rcon client logging in
﻿09:01:15 : RCon admin #1 (127.0.0.1:61786) logged in
﻿09:02:20 : Player #0 Leodagos (186.135.39.194:28897) connected
﻿09:02:23 : Player #0 Leodagos - GUID: 927032c3d7c1139aff0ff09424d46da1 (unverified)
﻿09:02:24 : Verified GUID (927032c3d7c1139aff0ff09424d46da1) of player #0 Leodagos
﻿09:02:24 : Player #0 Leodagos - Legacy GUID: d7639dceb9588d3b0ab85f82e92ff8de
﻿09:04:53 : Player #1 Braian |Aspirante| (181.229.193.90:2304) connected
﻿09:04:54 : Player #1 Braian |Aspirante| - GUID: cdc618df2d54ca997288fcc87121f76b (unverified)
﻿09:04:55 : Verified GUID (cdc618df2d54ca997288fcc87121f76b) of player #1 Braian |Aspirante|
﻿09:04:55 : Player #1 Braian |Aspirante| - Legacy GUID: c895084244afc06486ae6d81b381fd7e
﻿09:50:59 : Player #0 Leodagos disconnected
﻿10:05:43 : Player #1 Braian |Aspirante| disconnected
﻿11:45:00 : RCon admin #1: (Global) BEC : This server will restart in 15 minutes
﻿11:50:54 : Player #0 Jej0x |Aspirante| (190.51.228.69:2304) connected
﻿11:50:57 : Player #0 Jej0x |Aspirante| - GUID: f3e3268171736a361f4f08d3aee36558 (unverified)
﻿11:50:57 : Verified GUID (f3e3268171736a361f4f08d3aee36558) of player #0 Jej0x |Aspirante|
﻿11:50:58 : Player #0 Jej0x |Aspirante| - Legacy GUID: 46a8911586c7fdb684a7f7c1fb3da0e5
﻿11:55:00 : RCon admin #1: (Global) BEC : This server will restart in 5 minutes
﻿11:59:00 : RCon admin #1: (Global) BEC : This server will restart in 1 minute, Log out now!
﻿11:59:29 : Player #0 Jej0x |Aspirante| disconnected
﻿12:00:01 : Lost Connection!
﻿12:00:01 : Closing socket & exiting!
﻿12:01:15 : Rcon client logging in
﻿12:01:15 : RCon admin #1 (127.0.0.1:57585) logged in
﻿12:07:40 : Player #0 Jej0x |Aspirante| (190.51.228.69:2304) connected
﻿12:07:45 : Player #0 Jej0x |Aspirante| - GUID: f3e3268171736a361f4f08d3aee36558 (unverified)
﻿12:07:45 : Verified GUID (f3e3268171736a361f4f08d3aee36558) of player #0 Jej0x |Aspirante|
﻿12:07:45 : Player #0 Jej0x |Aspirante| - Legacy GUID: 46a8911586c7fdb684a7f7c1fb3da0e5
﻿12:14:12 : Player #1 JF (190.185.192.18:26512) connected
﻿12:14:13 : Player #1 JF - GUID: 93a2a9d9bc7acb34122becec3305fde7 (unverified)
﻿12:14:13 : Verified GUID (93a2a9d9bc7acb34122becec3305fde7) of player #1 JF
﻿12:14:14 : Player #1 JF - Legacy GUID: 1e3460faa1452299ec3b5f220fe797e0
﻿12:27:01 : RCon admin #0: (Global) [juandayz] haciendole click derecho a la pala y con una cantimplora en el inventario, podes buscar partes de zombie en la tierra. El server las toma como bolsas de gusanos y semillas
﻿12:27:30 : RCon admin #0: (Global) [juandayz] no es q te quiera cagar el negocio jejox :D
﻿12:27:37 : RCon admin #0: (Global) [juandayz] que necesitas?=
﻿12:30:08 : Player #2 juandayz (190.139.29.245:2304) connected
﻿12:30:09 : Player #2 juandayz - GUID: d603844e2f77196bf616245ae360213b (unverified)
﻿12:30:10 : Verified GUID (d603844e2f77196bf616245ae360213b) of player #2 juandayz
﻿12:30:10 : Player #2 juandayz - Legacy GUID: a5aa074813dab730e26d67b8a0a0af6c
﻿12:34:43 : Player #2 juandayz disconnected
﻿12:43:00 : Player #2 juandayz (190.139.29.245:2304) connected
﻿12:43:02 : Player #2 juandayz - GUID: d603844e2f77196bf616245ae360213b (unverified)
﻿12:43:02 : Player #2 juandayz - Legacy GUID: a5aa074813dab730e26d67b8a0a0af6c
﻿12:43:02 : Verified GUID (d603844e2f77196bf616245ae360213b) of player #2 juandayz
﻿12:50:12 : Player #3 [WG] SnakeGeneral (179.176.137.175:2304) connected
﻿12:50:12 : Player #3 [WG] SnakeGeneral - GUID: 181db932e18c373dea58c91a9b7034bf (unverified)
﻿12:50:13 : Verified GUID (181db932e18c373dea58c91a9b7034bf) of player #3 [WG] SnakeGeneral
﻿12:50:14 : Player #3 [WG] SnakeGeneral - Legacy GUID: 855ed08988c3abe5e44ce3742718c692
﻿12:55:54 : RCon admin #1: (To [WG] SnakeGeneral) BEC : You have about 60 seconds left to join the mission.
﻿12:56:25 : RCon admin #1: (To [WG] SnakeGeneral) BEC : You have about 30 seconds left to join the mission.
﻿12:56:39 : RCon admin #1: (To [WG] SnakeGeneral) BEC : You have about 15 seconds left to join the mission.
﻿12:56:54 : Player #3 [WG] SnakeGeneral (181db932e18c373dea58c91a9b7034bf) has been kicked by BattlEye: Admin Kick (BEC : Lobby idling to long)
﻿13:01:04 : RCon admin #0: (Global) [juandayz] agarra de mi cuerpo la pala y la bolsa de arnena, hacele click derecho a la pala y armate una trinchera
﻿13:02:59 : Player #2 juandayz disconnected
﻿13:09:18 : Player #2 juandayz (190.139.29.245:2304) connected
﻿13:09:19 : Player #2 juandayz - GUID: d603844e2f77196bf616245ae360213b (unverified)
﻿13:09:20 : Verified GUID (d603844e2f77196bf616245ae360213b) of player #2 juandayz
﻿13:09:20 : Player #2 juandayz - Legacy GUID: a5aa074813dab730e26d67b8a0a0af6c
﻿13:13:23 : RCon admin #0: (Global) [juandayz] la artilleria tenes q pedir
﻿13:13:28 : RCon admin #0: (Global) [juandayz] en los wreck
﻿13:16:59 : Player #2 juandayz disconnected
﻿13:17:06 : Player #2 juandayz (190.139.29.245:2304) connected
﻿13:17:08 : Player #2 juandayz - GUID: d603844e2f77196bf616245ae360213b (unverified)
﻿13:17:08 : Verified GUID (d603844e2f77196bf616245ae360213b) of player #2 juandayz
﻿13:17:09 : Player #2 juandayz - Legacy GUID: a5aa074813dab730e26d67b8a0a0af6c
﻿13:24:50 : Player #3 Bad Guy (24.232.71.49:2304) connected
﻿13:24:51 : Player #3 Bad Guy - GUID: dda8f26d97fcb7ca8899f7f65d8536cf (unverified)
﻿13:24:51 : Verified GUID (dda8f26d97fcb7ca8899f7f65d8536cf) of player #3 Bad Guy
﻿13:24:52 : Player #3 Bad Guy - Legacy GUID: e63f5403618860de28c9af75ce0b2365
﻿13:25:23 : Player #4 finisterre (190.14.33.244:2304) connected
﻿13:25:24 : Player #4 finisterre - GUID: 38361dcba1a32f895097b383727d5a6a (unverified)
﻿13:25:24 : Verified GUID (38361dcba1a32f895097b383727d5a6a) of player #4 finisterre
﻿13:25:25 : Player #4 finisterre - Legacy GUID: de8975eba02f637f00dae95e4df3bd65
﻿13:31:06 : RCon admin #1: (To finisterre) BEC : You have about 60 seconds left to join the mission.
﻿13:31:37 : RCon admin #1: (To finisterre) BEC : You have about 30 seconds left to join the mission.
﻿13:31:52 : RCon admin #1: (To finisterre) BEC : You have about 15 seconds left to join the mission.
﻿13:32:06 : Player #4 finisterre (38361dcba1a32f895097b383727d5a6a) has been kicked by BattlEye: Admin Kick (BEC : Lobby idling to long)
﻿13:39:12 : Player #4 finisterre (190.14.33.244:2304) connected
﻿13:39:13 : Player #4 finisterre - GUID: 38361dcba1a32f895097b383727d5a6a (unverified)
﻿13:39:13 : Verified GUID (38361dcba1a32f895097b383727d5a6a) of player #4 finisterre
﻿13:39:14 : Player #4 finisterre - Legacy GUID: de8975eba02f637f00dae95e4df3bd65
﻿13:42:30 : Player #4 finisterre disconnected
﻿14:45:00 : RCon admin #1: (Global) BEC : This server will restart in 15 minutes
﻿14:55:00 : RCon admin #1: (Global) BEC : This server will restart in 5 minutes
﻿14:59:00 : RCon admin #1: (Global) BEC : This server will restart in 1 minute, Log out now!
﻿14:59:18 : Player #1 JF disconnected
﻿14:59:58 : Player #3 Bad Guy disconnected
﻿15:00:01 : Lost Connection!
﻿15:00:01 : Closing socket & exiting!
﻿15:01:15 : Rcon client logging in
﻿15:01:15 : RCon admin #1 (127.0.0.1:62139) logged in
﻿15:05:07 : Player #0 Bad Guy (24.232.71.49:2304) connected
﻿15:05:10 : Player #0 Bad Guy - GUID: dda8f26d97fcb7ca8899f7f65d8536cf (unverified)
﻿15:05:10 : Verified GUID (dda8f26d97fcb7ca8899f7f65d8536cf) of player #0 Bad Guy
﻿15:05:11 : Player #0 Bad Guy - Legacy GUID: e63f5403618860de28c9af75ce0b2365
﻿15:07:25 : Player #1 JF (190.185.192.18:26512) connected
﻿15:07:26 : Player #1 JF - GUID: 93a2a9d9bc7acb34122becec3305fde7 (unverified)
﻿15:07:26 : Verified GUID (93a2a9d9bc7acb34122becec3305fde7) of player #1 JF
﻿15:07:27 : Player #1 JF - Legacy GUID: 1e3460faa1452299ec3b5f220fe797e0
﻿15:09:25 : Player #2 Jej0x |Aspirante| (190.51.228.69:2304) connected
﻿15:09:28 : Player #3 Tio  Chuck (200.146.8.92:2304) connected
﻿15:09:29 : Player #3 Tio  Chuck - GUID: e734115a25c971cbcf8846b4ff771d85 (unverified)
﻿15:09:29 : Verified GUID (e734115a25c971cbcf8846b4ff771d85) of player #3 Tio  Chuck
﻿15:09:30 : Player #3 Tio  Chuck - Legacy GUID: c870a8c9b20cfc479e46e729b49a443d
﻿15:09:35 : Player #2 Jej0x |Aspirante| - Legacy GUID: 46a8911586c7fdb684a7f7c1fb3da0e5
﻿15:09:35 : Player #2 Jej0x |Aspirante| - GUID: f3e3268171736a361f4f08d3aee36558 (unverified)
﻿15:09:36 : Verified GUID (f3e3268171736a361f4f08d3aee36558) of player #2 Jej0x |Aspirante|
﻿15:21:44 : Player #4 [WG] SnakeGeneral (179.176.137.175:2304) connected
﻿15:21:45 : Player #4 [WG] SnakeGeneral - GUID: 181db932e18c373dea58c91a9b7034bf (unverified)
﻿15:21:46 : Verified GUID (181db932e18c373dea58c91a9b7034bf) of player #4 [WG] SnakeGeneral
﻿15:21:47 : Player #4 [WG] SnakeGeneral - Legacy GUID: 855ed08988c3abe5e44ce3742718c692
﻿15:27:28 : Player #5 FIN4LShare (187.63.77.182:2304) connected
﻿15:27:30 : Player #5 FIN4LShare - GUID: d4cd999756c3b7742306dd967dcf9a54 (unverified)
﻿15:27:30 : Verified GUID (d4cd999756c3b7742306dd967dcf9a54) of player #5 FIN4LShare
﻿15:27:31 : Player #5 FIN4LShare - Legacy GUID: cbd67b2c90a885cb5aa8bc1280925a58
﻿16:04:00 : Player #1 JF disconnected
﻿16:19:48 : Player #1 Kirito (196.32.86.94:2304) connected
﻿16:19:49 : Player #1 Kirito - GUID: 858244a2ee2221eb81dbdf5625fd3698 (unverified)
﻿16:19:49 : Verified GUID (858244a2ee2221eb81dbdf5625fd3698) of player #1 Kirito
﻿16:19:50 : Player #1 Kirito - Legacy GUID: 0fb6176f8cfc71eeb2aeace2cc0e68c1
﻿16:23:30 : Player #6 MTSL_000 (191.115.83.117:2304) connected
﻿16:23:32 : Player #6 MTSL_000 - GUID: e0e711b4e823fd8775397da5ae720872 (unverified)
﻿16:23:32 : Player #6 MTSL_000 - Legacy GUID: 5a70882cbb0a91392c20d8d25780334a
﻿16:23:33 : Verified GUID (e0e711b4e823fd8775397da5ae720872) of player #6 MTSL_000
﻿16:30:49 : Player #1 Kirito disconnected
﻿16:39:53 : Player #1 AnarKo (200.74.86.199:2304) connected
﻿16:39:56 : Player #1 AnarKo - GUID: 70a3adbfb65b8161c8460538762f4ebf (unverified)
﻿16:39:56 : Verified GUID (70a3adbfb65b8161c8460538762f4ebf) of player #1 AnarKo
﻿16:39:57 : Player #1 AnarKo - Legacy GUID: 64ec26d7137e026155374a040e6b06a8
﻿16:40:44 : Player #0 Bad Guy disconnected
﻿16:44:12 : Player #6 MTSL_000 disconnected
﻿16:52:38 : Player #2 Jej0x |Aspirante| disconnected
﻿16:56:22 : RCon admin #1: (To Tio  Chuck) BEC : You have about 60 seconds left to join the mission.
﻿16:56:54 : RCon admin #1: (To Tio  Chuck) BEC : You have about 30 seconds left to join the mission.
﻿16:57:08 : RCon admin #1: (To Tio  Chuck) BEC : You have about 15 seconds left to join the mission.
﻿16:57:22 : Player #3 Tio  Chuck (e734115a25c971cbcf8846b4ff771d85) has been kicked by BattlEye: Admin Kick (BEC : Lobby idling to long)
﻿17:16:19 : Player #0 chilesito (190.139.29.245:2304) connected
﻿17:16:20 : Player #0 chilesito - GUID: d603844e2f77196bf616245ae360213b (unverified)
﻿17:16:21 : Verified GUID (d603844e2f77196bf616245ae360213b) of player #0 chilesito
﻿17:16:22 : Player #0 chilesito - Legacy GUID: a5aa074813dab730e26d67b8a0a0af6c
﻿17:19:16 : Player #1 AnarKo disconnected
﻿17:19:46 : RCon admin #0: (Global) [juandayz] que paso snake,share
﻿17:21:48 : RCon admin #0: (Global) [juandayz] okkk
﻿17:23:53 : Player #5 FIN4LShare (d4cd999756c3b7742306dd967dcf9a54) has been kicked by BattlEye: Client not responding
﻿17:23:54 : Player #0 chilesito (d603844e2f77196bf616245ae360213b) has been kicked by BattlEye: Client not responding
﻿17:23:55 : Player #4 [WG] SnakeGeneral (181db932e18c373dea58c91a9b7034bf) has been kicked by BattlEye: Client not responding
﻿17:32:50 : Player #0 [WG] SnakeGeneral (179.176.137.175:2304) connected
﻿17:32:51 : Player #0 [WG] SnakeGeneral - GUID: 181db932e18c373dea58c91a9b7034bf (unverified)
﻿17:32:51 : Verified GUID (181db932e18c373dea58c91a9b7034bf) of player #0 [WG] SnakeGeneral
﻿17:32:52 : Player #0 [WG] SnakeGeneral - Legacy GUID: 855ed08988c3abe5e44ce3742718c692
﻿17:37:58 : Player #1 FIN4LShare (187.63.77.182:2304) connected
﻿17:38:00 : Player #1 FIN4LShare - GUID: d4cd999756c3b7742306dd967dcf9a54 (unverified)
﻿17:38:00 : Player #1 FIN4LShare - Legacy GUID: cbd67b2c90a885cb5aa8bc1280925a58
﻿17:38:00 : Verified GUID (d4cd999756c3b7742306dd967dcf9a54) of player #1 FIN4LShare
﻿17:45:00 : RCon admin #1: (Global) BEC : This server will restart in 15 minutes
﻿17:55:00 : RCon admin #1: (Global) BEC : This server will restart in 5 minutes
﻿17:59:00 : RCon admin #1: (Global) BEC : This server will restart in 1 minute, Log out now!
﻿18:00:01 : Lost Connection!
﻿18:00:01 : Closing socket & exiting!
﻿18:01:15 : Rcon client logging in
﻿18:01:15 : RCon admin #1 (127.0.0.1:50110) logged in
﻿18:02:12 : Player #0 [WG] SnakeGeneral (179.176.137.175:2304) connected
﻿18:02:13 : Player #0 [WG] SnakeGeneral - GUID: 181db932e18c373dea58c91a9b7034bf (unverified)
﻿18:02:13 : Player #0 [WG] SnakeGeneral - Legacy GUID: 855ed08988c3abe5e44ce3742718c692
﻿18:02:13 : Verified GUID (181db932e18c373dea58c91a9b7034bf) of player #0 [WG] SnakeGeneral
﻿18:06:31 : Player #1 FIN4LShare (187.63.77.182:2304) connected
﻿18:06:32 : Player #1 FIN4LShare - GUID: d4cd999756c3b7742306dd967dcf9a54 (unverified)
﻿18:06:32 : Verified GUID (d4cd999756c3b7742306dd967dcf9a54) of player #1 FIN4LShare
﻿18:06:33 : Player #1 FIN4LShare - Legacy GUID: cbd67b2c90a885cb5aa8bc1280925a58
﻿18:07:35 : Player #1 FIN4LShare disconnected
﻿18:10:08 : Player #1 FIN4LShare (187.63.77.182:2304) connected
﻿18:10:09 : Player #1 FIN4LShare - GUID: d4cd999756c3b7742306dd967dcf9a54 (unverified)
﻿18:10:10 : Verified GUID (d4cd999756c3b7742306dd967dcf9a54) of player #1 FIN4LShare
﻿18:10:11 : Player #1 FIN4LShare - Legacy GUID: cbd67b2c90a885cb5aa8bc1280925a58
﻿18:14:13 : Player #0 [WG] SnakeGeneral disconnected
﻿18:15:30 : Player #0 [WG] SnakeGeneral (179.176.137.175:2304) connected
﻿18:15:31 : Player #0 [WG] SnakeGeneral - GUID: 181db932e18c373dea58c91a9b7034bf (unverified)
﻿18:15:31 : Verified GUID (181db932e18c373dea58c91a9b7034bf) of player #0 [WG] SnakeGeneral
﻿18:15:32 : Player #0 [WG] SnakeGeneral - Legacy GUID: 855ed08988c3abe5e44ce3742718c692
﻿19:30:01 : Player #2 Jej0x |Aspirante| (190.51.228.69:2304) connected
﻿19:30:04 : Player #2 Jej0x |Aspirante| - GUID: f3e3268171736a361f4f08d3aee36558 (unverified)
﻿19:30:04 : Verified GUID (f3e3268171736a361f4f08d3aee36558) of player #2 Jej0x |Aspirante|
﻿19:30:05 : Player #2 Jej0x |Aspirante| - Legacy GUID: 46a8911586c7fdb684a7f7c1fb3da0e5
﻿20:03:23 : Player #3 JF (190.185.192.18:26512) connected
﻿20:03:24 : Player #3 JF - GUID: 93a2a9d9bc7acb34122becec3305fde7 (unverified)
﻿20:03:24 : Verified GUID (93a2a9d9bc7acb34122becec3305fde7) of player #3 JF
﻿20:03:25 : Player #3 JF - Legacy GUID: 1e3460faa1452299ec3b5f220fe797e0
﻿20:19:30 : RCon admin #1: (To FIN4LShare) BEC : You have about 60 seconds left to join the mission.
﻿20:20:01 : RCon admin #1: (To FIN4LShare) BEC : You have about 30 seconds left to join the mission.
﻿20:20:15 : RCon admin #1: (To FIN4LShare) BEC : You have about 15 seconds left to join the mission.
﻿20:20:30 : Player #1 FIN4LShare (d4cd999756c3b7742306dd967dcf9a54) has been kicked by BattlEye: Admin Kick (BEC : Lobby idling to long)
﻿20:23:03 : Player #1 Alan (181.90.121.122:2304) connected
﻿20:23:04 : Player #1 Alan - GUID: 0f58f0f7cbcc27bdd669ddb2ba67dec1 (unverified)
﻿20:23:05 : Verified GUID (0f58f0f7cbcc27bdd669ddb2ba67dec1) of player #1 Alan
﻿20:23:05 : Player #1 Alan - Legacy GUID: e4693e16704daa1c5c15a058786df292
﻿20:28:26 : Player #4 Cloudsp (189.68.227.89:2304) connected
﻿20:28:27 : Player #4 Cloudsp - GUID: ccadd2ade87a3896140f2e5288880114 (unverified)
﻿20:28:27 : Verified GUID (ccadd2ade87a3896140f2e5288880114) of player #4 Cloudsp
﻿20:28:28 : Player #4 Cloudsp - Legacy GUID: 2da63537ca8a0a2c2f2399fc04671995
﻿20:29:42 : Player #5 Ringo Starr (167.57.184.175:5304) connected
﻿20:29:43 : Player #5 Ringo Starr - GUID: 36b55e027535ab0acad4724848248035 (unverified)
﻿20:29:43 : Verified GUID (36b55e027535ab0acad4724848248035) of player #5 Ringo Starr
﻿20:29:44 : Player #5 Ringo Starr - Legacy GUID: c04a3a8340ed92db6feaced8abe9ce77
﻿20:29:44 : Player #5 Ringo Starr disconnected
﻿20:30:17 : Player #5 FIN4LShare (187.63.77.182:2304) connected
﻿20:30:19 : Player #5 FIN4LShare - GUID: d4cd999756c3b7742306dd967dcf9a54 (unverified)
﻿20:30:19 : Player #5 FIN4LShare - Legacy GUID: cbd67b2c90a885cb5aa8bc1280925a58
﻿20:30:19 : Verified GUID (d4cd999756c3b7742306dd967dcf9a54) of player #5 FIN4LShare
﻿20:31:18 : Player #6 DoomPedro (179.179.245.53:2304) connected
﻿20:31:19 : Player #6 DoomPedro - GUID: 3f4249c16a95e7071401343d190bb031 (unverified)
﻿20:31:20 : Verified GUID (3f4249c16a95e7071401343d190bb031) of player #6 DoomPedro
﻿20:31:20 : Player #6 DoomPedro - Legacy GUID: fe2f2d844d478bce6b8fa3e10b3e52e4
﻿20:42:14 : RCon admin #0: (To DoomPedro) [juandayz] bienvenido pedro
﻿20:42:41 : RCon admin #0: (Global) [juandayz] buenas, como andan
﻿20:43:22 : RCon admin #0: (Global) [juandayz] bien alan!
﻿20:43:59 : RCon admin #0: (Global) [juandayz] ahi te ayudo
﻿20:44:16 : Player #7 juandayz (190.138.29.168:2304) connected
﻿20:44:17 : Player #7 juandayz - GUID: d603844e2f77196bf616245ae360213b (unverified)
﻿20:44:18 : Verified GUID (d603844e2f77196bf616245ae360213b) of player #7 juandayz
﻿20:44:18 : Player #7 juandayz - Legacy GUID: a5aa074813dab730e26d67b8a0a0af6c
﻿20:45:00 : RCon admin #1: (Global) BEC : This server will restart in 15 minutes
﻿20:45:20 : RCon admin #0: (To Jej0x |Aspirante|) [juandayz] estas cerca de la safe?
﻿20:49:40 : Player #8 Leodagos (186.135.9.30:15728) connected
﻿20:49:41 : Player #8 Leodagos - GUID: 927032c3d7c1139aff0ff09424d46da1 (unverified)
﻿20:49:42 : Verified GUID (927032c3d7c1139aff0ff09424d46da1) of player #8 Leodagos
﻿20:49:42 : Player #8 Leodagos - Legacy GUID: d7639dceb9588d3b0ab85f82e92ff8de
﻿20:53:35 : Player #9 Fravilml (190.121.77.88:2304) connected
﻿20:53:37 : Player #9 Fravilml - GUID: 8c4038cef981ea80001e445fbb3ead6c (unverified)
﻿20:53:37 : Verified GUID (8c4038cef981ea80001e445fbb3ead6c) of player #9 Fravilml
﻿20:53:37 : Player #9 Fravilml - Legacy GUID: 76ac254807dcc141f8e8ff6a49954df4
﻿20:54:54 : RCon admin #0: (Global) [juandayz] 150 me parece q era
﻿20:55:00 : RCon admin #1: (Global) BEC : This server will restart in 5 minutes
﻿20:59:00 : RCon admin #1: (Global) BEC : Server restart in 1 minute, Log out NOW!
﻿20:59:21 : Player #9 Fravilml disconnected
﻿21:00:01 : Lost Connection!
﻿21:00:01 : Closing socket & exiting!
﻿21:01:39 : Rcon client logging in
﻿21:01:52 : RCon admin #0 (127.0.0.1:50670) logged in
﻿21:01:52 : Player #1 Jej0x |Aspirante| (190.51.228.69:2304) connected
﻿21:02:28 : Player #2 [WG] SnakeGeneral (179.176.137.175:2304) connected
﻿21:02:28 : Player #3 Cloudsp (189.68.227.89:2304) connected
﻿21:02:28 : Player #1 Jej0x |Aspirante| - GUID: f3e3268171736a361f4f08d3aee36558 (unverified)
﻿21:02:28 : Player #1 Jej0x |Aspirante| - Legacy GUID: 46a8911586c7fdb684a7f7c1fb3da0e5
﻿21:02:29 : Verified GUID (f3e3268171736a361f4f08d3aee36558) of player #1 Jej0x |Aspirante|
﻿21:02:29 : Player #3 Cloudsp - GUID: ccadd2ade87a3896140f2e5288880114 (unverified)
﻿21:02:29 : Player #2 [WG] SnakeGeneral - GUID: 181db932e18c373dea58c91a9b7034bf (unverified)
﻿21:02:29 : Verified GUID (ccadd2ade87a3896140f2e5288880114) of player #3 Cloudsp
﻿21:02:31 : Verified GUID (181db932e18c373dea58c91a9b7034bf) of player #2 [WG] SnakeGeneral
﻿21:02:31 : Player #2 [WG] SnakeGeneral - Legacy GUID: 855ed08988c3abe5e44ce3742718c692
﻿21:02:31 : Player #3 Cloudsp - Legacy GUID: 2da63537ca8a0a2c2f2399fc04671995
﻿21:02:38 : Player #4 FIN4LShare (187.63.77.182:2304) connected
﻿21:02:39 : Player #4 FIN4LShare - GUID: d4cd999756c3b7742306dd967dcf9a54 (unverified)
﻿21:02:39 : Verified GUID (d4cd999756c3b7742306dd967dcf9a54) of player #4 FIN4LShare
﻿21:02:40 : Player #4 FIN4LShare - Legacy GUID: cbd67b2c90a885cb5aa8bc1280925a58
﻿21:03:00 : Player #5 Leodagos (186.135.9.30:16606) connected
﻿21:03:01 : Player #5 Leodagos - GUID: 927032c3d7c1139aff0ff09424d46da1 (unverified)
﻿21:03:01 : Verified GUID (927032c3d7c1139aff0ff09424d46da1) of player #5 Leodagos
﻿21:03:02 : Player #5 Leodagos - Legacy GUID: d7639dceb9588d3b0ab85f82e92ff8de
﻿21:04:53 : Player #6 Alan (181.90.121.122:2304) connected
﻿21:04:54 : Player #6 Alan - GUID: 0f58f0f7cbcc27bdd669ddb2ba67dec1 (unverified)
﻿21:04:55 : Verified GUID (0f58f0f7cbcc27bdd669ddb2ba67dec1) of player #6 Alan
﻿21:04:55 : Player #6 Alan - Legacy GUID: e4693e16704daa1c5c15a058786df292
﻿21:05:34 : RCon admin #1 (127.0.0.1:50672) logged in
﻿21:06:30 : RCon admin #1: (Global) [juandayz] En olsha hay una nueva zona "regimiento de montañas" , hay bots militares y cajas de armas.  
﻿21:11:09 : Player #4 FIN4LShare disconnected
﻿21:13:22 : Player #4 FIN4LShare (187.63.77.182:2304) connected
﻿21:13:23 : Player #4 FIN4LShare - GUID: d4cd999756c3b7742306dd967dcf9a54 (unverified)
﻿21:13:24 : Verified GUID (d4cd999756c3b7742306dd967dcf9a54) of player #4 FIN4LShare
﻿21:13:25 : Player #4 FIN4LShare - Legacy GUID: cbd67b2c90a885cb5aa8bc1280925a58
﻿21:23:02 : Player #6 Alan disconnected
﻿21:28:21 : Player #6 Alan (181.90.121.122:2304) connected
﻿21:28:23 : Player #6 Alan - GUID: 0f58f0f7cbcc27bdd669ddb2ba67dec1 (unverified)
﻿21:28:23 : Verified GUID (0f58f0f7cbcc27bdd669ddb2ba67dec1) of player #6 Alan
﻿21:28:24 : Player #6 Alan - Legacy GUID: e4693e16704daa1c5c15a058786df292
﻿21:44:20 : RCon admin #0: (To Alan) BEC : You have about 60 seconds left to join the mission.
﻿21:44:51 : RCon admin #0: (To Alan) BEC : You have about 30 seconds left to join the mission.
﻿21:45:06 : RCon admin #0: (To Alan) BEC : You have about 15 seconds left to join the mission.
﻿21:45:20 : Player #6 Alan (0f58f0f7cbcc27bdd669ddb2ba67dec1) has been kicked by BattlEye: Admin Kick (BEC : Lobby idling to long)
﻿21:53:32 : RCon admin #0: (To Jej0x |Aspirante|) BEC : You have about 60 seconds left to join the mission.
﻿21:54:03 : RCon admin #0: (To Jej0x |Aspirante|) BEC : You have about 30 seconds left to join the mission.
﻿21:54:11 : Player #1 Jej0x |Aspirante| (f3e3268171736a361f4f08d3aee36558) has been kicked by BattlEye: Admin Kick ([juandayz] Admin Kick)
﻿21:56:50 : Player #0 juandayz disconnected
﻿22:03:36 : Player #0 Alan (181.90.121.122:2304) connected
﻿22:03:38 : Player #0 Alan - GUID: 0f58f0f7cbcc27bdd669ddb2ba67dec1 (unverified)
﻿22:03:39 : Verified GUID (0f58f0f7cbcc27bdd669ddb2ba67dec1) of player #0 Alan
﻿22:03:39 : Player #0 Alan - Legacy GUID: e4693e16704daa1c5c15a058786df292
﻿22:05:45 : Player #0 Alan disconnected
﻿22:20:34 : Player #0 JF (190.185.192.18:26512) connected
﻿22:20:35 : Player #0 JF - GUID: 93a2a9d9bc7acb34122becec3305fde7 (unverified)
﻿22:20:36 : Verified GUID (93a2a9d9bc7acb34122becec3305fde7) of player #0 JF
﻿22:20:37 : Player #0 JF - Legacy GUID: 1e3460faa1452299ec3b5f220fe797e0
﻿22:39:50 : Player #1 juandayz (190.138.29.168:2304) connected
﻿22:39:51 : Player #1 juandayz - GUID: d603844e2f77196bf616245ae360213b (unverified)
﻿22:39:52 : Verified GUID (d603844e2f77196bf616245ae360213b) of player #1 juandayz
﻿22:39:52 : Player #1 juandayz - Legacy GUID: a5aa074813dab730e26d67b8a0a0af6c
﻿22:42:26 : Player #6 Frushe! (181.1.144.133:2304) connected
﻿22:42:28 : Player #6 Frushe! - GUID: c5994fd229d707d43c889c4a105fa22b (unverified)
﻿22:42:28 : Verified GUID (c5994fd229d707d43c889c4a105fa22b) of player #6 Frushe!
﻿22:42:28 : Player #6 Frushe! - Legacy GUID: 7b5020462e868a47562be2f8aafe2f6a
﻿22:44:58 : Player #6 Frushe! - Legacy GUID: 7b5020462e868a47562be2f8aafe2f6a
﻿22:45:35 : RCon admin #0: (To juandayz) BEC : You have about 60 seconds left to join the mission.
﻿22:45:55 : Player #5 Leodagos disconnected
﻿22:46:06 : RCon admin #0: (To juandayz) BEC : You have about 30 seconds left to join the mission.
﻿22:46:20 : RCon admin #0: (To juandayz) BEC : You have about 15 seconds left to join the mission.
﻿22:46:35 : Player #1 juandayz (d603844e2f77196bf616245ae360213b) has been kicked by BattlEye: Admin Kick (BEC : Lobby idling to long)
﻿22:47:59 : Player #1 Crovax (201.255.31.117:2304) connected
﻿22:48:00 : Player #1 Crovax - GUID: 2ba1e65db0703259553166289580afb1 (unverified)
﻿22:48:01 : Verified GUID (2ba1e65db0703259553166289580afb1) of player #1 Crovax
﻿22:48:02 : Player #1 Crovax disconnected
﻿22:49:16 : Player #6 Frushe! disconnected
﻿22:59:59 : Player #1 Jej0x |Aspirante| (190.51.228.69:2304) connected
﻿23:00:07 : Player #1 Jej0x |Aspirante| - GUID: f3e3268171736a361f4f08d3aee36558 (unverified)
﻿23:00:08 : Player #1 Jej0x |Aspirante| - Legacy GUID: 46a8911586c7fdb684a7f7c1fb3da0e5
﻿23:00:08 : Verified GUID (f3e3268171736a361f4f08d3aee36558) of player #1 Jej0x |Aspirante|
﻿23:09:34 : No Valid response. Trying to reconnect.!
﻿23:09:34 : Rcon client logging in
﻿23:09:34 : RCon admin #0 (127.0.0.1:50670) logged in
﻿23:09:59 : Player #0 Jej0x |Aspirante| (190.51.228.69:1056) connected
﻿23:10:01 : Player #0 Jej0x |Aspirante| - GUID: f3e3268171736a361f4f08d3aee36558 (unverified)
﻿23:10:02 : Verified GUID (f3e3268171736a361f4f08d3aee36558) of player #0 Jej0x |Aspirante|
﻿23:10:03 : Player #0 Jej0x |Aspirante| - Legacy GUID: 46a8911586c7fdb684a7f7c1fb3da0e5
﻿23:10:04 : Player #1 [WG] SnakeGeneral (179.176.137.175:1056) connected
﻿23:10:05 : Player #1 [WG] SnakeGeneral - GUID: 181db932e18c373dea58c91a9b7034bf (unverified)
﻿23:10:05 : Verified GUID (181db932e18c373dea58c91a9b7034bf) of player #1 [WG] SnakeGeneral
﻿23:10:06 : Player #1 [WG] SnakeGeneral - Legacy GUID: 855ed08988c3abe5e44ce3742718c692
﻿23:10:15 : Player #2 JF (190.185.192.18:1056) connected
﻿23:10:16 : Player #2 JF - GUID: 93a2a9d9bc7acb34122becec3305fde7 (unverified)
﻿23:10:17 : Verified GUID (93a2a9d9bc7acb34122becec3305fde7) of player #2 JF
﻿23:10:17 : Player #2 JF - Legacy GUID: 1e3460faa1452299ec3b5f220fe797e0
﻿23:16:32 : Player #3 FIN4LShare (187.63.77.182:2304) connected
﻿23:16:34 : Player #3 FIN4LShare - GUID: d4cd999756c3b7742306dd967dcf9a54 (unverified)
﻿23:16:34 : Player #3 FIN4LShare - Legacy GUID: cbd67b2c90a885cb5aa8bc1280925a58
﻿23:16:34 : Verified GUID (d4cd999756c3b7742306dd967dcf9a54) of player #3 FIN4LShare
﻿23:22:42 : RCon admin #1: (Global) [adm#3] buenas noches gente 
﻿23:23:52 : RCon admin #1: (Global) [adm#3] was a shutdown on vps  snake
﻿23:25:30 : RCon admin #1: (To JF) [adm#3] hola jf
﻿23:29:42 : Player #4 hychy (186.124.164.94:5806) connected
﻿23:29:44 : Player #4 hychy - GUID: 2867f2a1032101fae424057f5ac8f68c (unverified)
﻿23:29:44 : Player #4 hychy - Legacy GUID: eb4fae245a30aff762273c887026c603
﻿23:29:45 : Verified GUID (2867f2a1032101fae424057f5ac8f68c) of player #4 hychy
﻿23:35:49 : Player #5 Cloudsp (189.68.227.89:2304) connected
﻿23:35:50 : Player #5 Cloudsp - GUID: ccadd2ade87a3896140f2e5288880114 (unverified)
﻿23:35:51 : Verified GUID (ccadd2ade87a3896140f2e5288880114) of player #5 Cloudsp
﻿23:35:51 : Player #5 Cloudsp - Legacy GUID: 2da63537ca8a0a2c2f2399fc04671995
﻿23:39:04 : Player #0 Jej0x |Aspirante| (f3e3268171736a361f4f08d3aee36558) has been kicked by BattlEye: Client not responding
﻿23:39:58 : Player #0 Alan (181.90.121.122:2304) connected
﻿23:40:00 : Player #0 Alan - Legacy GUID: e4693e16704daa1c5c15a058786df292
﻿23:40:02 : Player #0 Alan - GUID: 0f58f0f7cbcc27bdd669ddb2ba67dec1 (unverified)
﻿23:40:02 : Verified GUID (0f58f0f7cbcc27bdd669ddb2ba67dec1) of player #0 Alan
﻿23:43:18 : Player #4 hychy disconnected
﻿23:45:00 : RCon admin #0: (Global) BEC : This server will restart in 15 minutes
﻿23:54:19 : Player #4 irlieldo442 (177.207.69.26:27016) connected
﻿23:54:21 : Player #4 irlieldo442 - GUID: e378c86a37e0694caa9e24f97c3c5fe5 (unverified)
﻿23:54:21 : Verified GUID (e378c86a37e0694caa9e24f97c3c5fe5) of player #4 irlieldo442
﻿23:54:22 : Player #4 irlieldo442 - Legacy GUID: fa67dd1198db1ba4da490e3f3b6b7d33
﻿23:54:23 : Player #4 irlieldo442 disconnected
﻿23:55:00 : RCon admin #0: (Global) BEC : This server will restart in 5 minutes
﻿23:59:00 : RCon admin #0: (Global) BEC : This server will restart in 1 minute, Log out now!
