00:00:01 : Lost Connection!
﻿00:00:01 : Closing socket & exiting!
﻿00:01:15 : Rcon client logging in
﻿00:01:15 : RCon admin #1 (127.0.0.1:50909) logged in
﻿00:01:39 : Player #1 JF (190.185.192.18:1056) connected
﻿00:01:40 : Player #1 JF - GUID: 93a2a9d9bc7acb34122becec3305fde7 (unverified)
﻿00:01:41 : Verified GUID (93a2a9d9bc7acb34122becec3305fde7) of player #1 JF
﻿00:01:41 : Player #1 JF - Legacy GUID: 1e3460faa1452299ec3b5f220fe797e0
﻿00:02:23 : Player #2 Cloudsp (189.68.227.89:2304) connected
﻿00:02:24 : Player #2 Cloudsp - GUID: ccadd2ade87a3896140f2e5288880114 (unverified)
﻿00:02:25 : Verified GUID (ccadd2ade87a3896140f2e5288880114) of player #2 Cloudsp
﻿00:02:25 : Player #2 Cloudsp - Legacy GUID: 2da63537ca8a0a2c2f2399fc04671995
﻿00:03:38 : Player #3 FIN4LShare (187.63.77.182:2304) connected
﻿00:03:39 : Player #3 FIN4LShare - GUID: d4cd999756c3b7742306dd967dcf9a54 (unverified)
﻿00:03:39 : Verified GUID (d4cd999756c3b7742306dd967dcf9a54) of player #3 FIN4LShare
﻿00:03:40 : Player #3 FIN4LShare - Legacy GUID: cbd67b2c90a885cb5aa8bc1280925a58
﻿00:05:09 : Player #3 FIN4LShare disconnected
﻿00:08:10 : Player #3 FIN4LShare (187.63.77.182:2304) connected
﻿00:08:11 : Player #3 FIN4LShare - GUID: d4cd999756c3b7742306dd967dcf9a54 (unverified)
﻿00:08:11 : Verified GUID (d4cd999756c3b7742306dd967dcf9a54) of player #3 FIN4LShare
﻿00:08:12 : Player #3 FIN4LShare - Legacy GUID: cbd67b2c90a885cb5aa8bc1280925a58
﻿00:15:26 : Player #4 Alan (181.90.121.122:2304) connected
﻿00:15:27 : Player #4 Alan - GUID: 0f58f0f7cbcc27bdd669ddb2ba67dec1 (unverified)
﻿00:15:27 : Verified GUID (0f58f0f7cbcc27bdd669ddb2ba67dec1) of player #4 Alan
﻿00:15:28 : Player #4 Alan - Legacy GUID: e4693e16704daa1c5c15a058786df292
﻿00:21:24 : Player #5 Nikyta (190.244.45.71:2304) connected
﻿00:21:25 : Player #5 Nikyta - GUID: d18bc2163de1a6abe8924f2e0788680b (unverified)
﻿00:21:26 : Verified GUID (d18bc2163de1a6abe8924f2e0788680b) of player #5 Nikyta
﻿00:21:26 : Player #5 Nikyta - Legacy GUID: d294364f535d1f02da4e01c50aaec207
﻿00:49:15 : Player #3 FIN4LShare (d4cd999756c3b7742306dd967dcf9a54) has been kicked by BattlEye: Client not responding
﻿01:15:45 : Player #5 Nikyta disconnected
﻿01:20:44 : Player #3 Admin (189.110.243.149:2304) connected
﻿01:20:45 : Player #3 Admin - GUID: e550b04a0e1884960fccf58e8d5ab69b (unverified)
﻿01:20:46 : Verified GUID (e550b04a0e1884960fccf58e8d5ab69b) of player #3 Admin
﻿01:20:46 : Player #3 Admin - Owner GUID: b9873b84c0f0f6d2d433e70777cfcfbb
﻿01:20:46 : Player #3 Admin - Legacy GUID: dee7afffaad63fc08a0ac1f95d5d6ef4
﻿01:20:47 : Player #3 Admin disconnected
﻿01:21:29 : Player #3 Admin (189.110.243.149:2304) connected
﻿01:21:30 : Player #3 Admin - GUID: e550b04a0e1884960fccf58e8d5ab69b (unverified)
﻿01:21:30 : Verified GUID (e550b04a0e1884960fccf58e8d5ab69b) of player #3 Admin
﻿01:21:30 : Player #3 Admin - Owner GUID: b9873b84c0f0f6d2d433e70777cfcfbb
﻿01:21:31 : Player #3 Admin - Legacy GUID: dee7afffaad63fc08a0ac1f95d5d6ef4
﻿01:21:31 : Player #3 Admin disconnected
﻿01:21:42 : Player #3 Admin (189.110.243.149:2304) connected
﻿01:21:44 : Player #3 Admin - GUID: e550b04a0e1884960fccf58e8d5ab69b (unverified)
﻿01:21:45 : Player #3 Admin - Legacy GUID: dee7afffaad63fc08a0ac1f95d5d6ef4
﻿01:21:45 : Verified GUID (e550b04a0e1884960fccf58e8d5ab69b) of player #3 Admin
﻿01:21:45 : Player #3 Admin - Owner GUID: b9873b84c0f0f6d2d433e70777cfcfbb
﻿01:21:46 : Player #3 Admin disconnected
﻿01:22:44 : Player #3 Admin (189.110.243.149:2304) connected
﻿01:22:45 : Player #3 Admin - GUID: e550b04a0e1884960fccf58e8d5ab69b (unverified)
﻿01:22:46 : Verified GUID (e550b04a0e1884960fccf58e8d5ab69b) of player #3 Admin
﻿01:22:46 : Player #3 Admin - Owner GUID: b9873b84c0f0f6d2d433e70777cfcfbb
﻿01:22:46 : Player #3 Admin - Legacy GUID: dee7afffaad63fc08a0ac1f95d5d6ef4
﻿01:22:47 : Player #3 Admin disconnected
﻿01:23:50 : Player #3 Admin (189.110.243.149:2304) connected
﻿01:23:51 : Player #3 Admin - GUID: e550b04a0e1884960fccf58e8d5ab69b (unverified)
﻿01:23:52 : Verified GUID (e550b04a0e1884960fccf58e8d5ab69b) of player #3 Admin
﻿01:23:52 : Player #3 Admin - Owner GUID: b9873b84c0f0f6d2d433e70777cfcfbb
﻿01:23:52 : Player #3 Admin - Legacy GUID: dee7afffaad63fc08a0ac1f95d5d6ef4
﻿01:23:53 : Player #3 Admin disconnected
﻿01:24:28 : Player #3 Admin (189.110.243.149:2304) connected
﻿01:24:29 : Player #3 Admin - GUID: e550b04a0e1884960fccf58e8d5ab69b (unverified)
﻿01:24:30 : Verified GUID (e550b04a0e1884960fccf58e8d5ab69b) of player #3 Admin
﻿01:24:30 : Player #3 Admin - Owner GUID: b9873b84c0f0f6d2d433e70777cfcfbb
﻿01:24:30 : Player #3 Admin - Legacy GUID: dee7afffaad63fc08a0ac1f95d5d6ef4
﻿01:24:31 : Player #3 Admin disconnected
﻿01:25:42 : Player #3 Admin (189.110.243.149:2304) connected
﻿01:25:43 : Player #3 Admin - GUID: e550b04a0e1884960fccf58e8d5ab69b (unverified)
﻿01:25:44 : Verified GUID (e550b04a0e1884960fccf58e8d5ab69b) of player #3 Admin
﻿01:25:44 : Player #3 Admin - Owner GUID: b9873b84c0f0f6d2d433e70777cfcfbb
﻿01:25:44 : Player #3 Admin - Legacy GUID: dee7afffaad63fc08a0ac1f95d5d6ef4
﻿01:25:45 : Player #3 Admin disconnected
﻿01:25:48 : Player #3 Admin (189.110.243.149:2304) connected
﻿01:25:49 : Player #3 Admin - GUID: e550b04a0e1884960fccf58e8d5ab69b (unverified)
﻿01:25:50 : Verified GUID (e550b04a0e1884960fccf58e8d5ab69b) of player #3 Admin
﻿01:25:50 : Player #3 Admin - Owner GUID: b9873b84c0f0f6d2d433e70777cfcfbb
﻿01:25:50 : Player #3 Admin - Legacy GUID: dee7afffaad63fc08a0ac1f95d5d6ef4
﻿01:25:51 : Player #3 Admin disconnected
﻿01:33:51 : Player #3 Admin (189.110.243.149:2304) connected
﻿01:33:53 : Player #3 Admin - GUID: e550b04a0e1884960fccf58e8d5ab69b (unverified)
﻿01:33:53 : Player #3 Admin - Legacy GUID: dee7afffaad63fc08a0ac1f95d5d6ef4
﻿01:33:54 : Verified GUID (e550b04a0e1884960fccf58e8d5ab69b) of player #3 Admin
﻿01:33:54 : Player #3 Admin - Owner GUID: b9873b84c0f0f6d2d433e70777cfcfbb
﻿01:33:55 : Player #3 Admin disconnected
﻿01:35:21 : Player #3 Admin (189.110.243.149:2304) connected
﻿01:35:22 : Player #3 Admin - GUID: e550b04a0e1884960fccf58e8d5ab69b (unverified)
﻿01:35:23 : Verified GUID (e550b04a0e1884960fccf58e8d5ab69b) of player #3 Admin
﻿01:35:23 : Player #3 Admin - Owner GUID: b9873b84c0f0f6d2d433e70777cfcfbb
﻿01:35:23 : Player #3 Admin - Legacy GUID: dee7afffaad63fc08a0ac1f95d5d6ef4
﻿01:35:24 : Player #3 Admin disconnected
﻿01:47:03 : Player #3 Admin (189.110.243.149:2304) connected
﻿01:47:04 : Player #3 Admin - GUID: e550b04a0e1884960fccf58e8d5ab69b (unverified)
﻿01:47:05 : Verified GUID (e550b04a0e1884960fccf58e8d5ab69b) of player #3 Admin
﻿01:47:05 : Player #3 Admin - Owner GUID: b9873b84c0f0f6d2d433e70777cfcfbb
﻿01:47:06 : Player #3 Admin - Legacy GUID: dee7afffaad63fc08a0ac1f95d5d6ef4
﻿01:49:36 : Player #3 Admin - Legacy GUID: dee7afffaad63fc08a0ac1f95d5d6ef4
﻿01:54:26 : Player #3 Admin disconnected
﻿02:00:33 : Player #3 bastardo (189.110.243.149:2304) connected
﻿02:00:34 : Player #3 bastardo - GUID: e550b04a0e1884960fccf58e8d5ab69b (unverified)
﻿02:00:35 : Verified GUID (e550b04a0e1884960fccf58e8d5ab69b) of player #3 bastardo
﻿02:00:35 : Player #3 bastardo - Owner GUID: b9873b84c0f0f6d2d433e70777cfcfbb
﻿02:00:35 : Player #3 bastardo - Legacy GUID: dee7afffaad63fc08a0ac1f95d5d6ef4
﻿02:45:00 : RCon admin #1: (Global) BEC : This server will restart in 15 minutes
﻿02:50:58 : Player #4 Alan disconnected
﻿02:52:32 : Player #0 [WG] SnakeGeneral disconnected
﻿02:52:50 : Player #2 Cloudsp disconnected
﻿02:55:00 : RCon admin #1: (Global) BEC : This server will restart in 5 minutes
﻿02:58:28 : Player #3 bastardo disconnected
﻿02:59:00 : RCon admin #1: (Global) BEC : This server will restart in 1 minute, Log out now!
﻿03:00:01 : Lost Connection!
﻿03:00:01 : Closing socket & exiting!
﻿03:01:15 : Rcon client logging in
﻿03:01:15 : RCon admin #1 (127.0.0.1:59982) logged in
﻿03:02:31 : Player #0 JF (190.185.192.18:1056) connected
﻿03:02:33 : Player #0 JF - GUID: 93a2a9d9bc7acb34122becec3305fde7 (unverified)
﻿03:02:34 : Verified GUID (93a2a9d9bc7acb34122becec3305fde7) of player #0 JF
﻿03:02:35 : Player #0 JF - Legacy GUID: 1e3460faa1452299ec3b5f220fe797e0
﻿03:07:55 : Player #1 Bruno (177.23.204.2:2304) connected
﻿03:07:56 : Player #1 Bruno - GUID: 790861f96de9f8395ac2e87789cb80dd (unverified)
﻿03:07:56 : Verified GUID (790861f96de9f8395ac2e87789cb80dd) of player #1 Bruno
﻿03:07:57 : Player #1 Bruno - Legacy GUID: 37bb0ccca993c80a966da09b9854f8a5
﻿03:07:58 : Player #1 Bruno disconnected
﻿03:58:47 : Player #1 Leodagos (186.135.9.30:23315) connected
﻿03:58:48 : Player #1 Leodagos - GUID: 927032c3d7c1139aff0ff09424d46da1 (unverified)
﻿03:58:48 : Verified GUID (927032c3d7c1139aff0ff09424d46da1) of player #1 Leodagos
﻿03:58:49 : Player #1 Leodagos - Legacy GUID: d7639dceb9588d3b0ab85f82e92ff8de
﻿04:03:15 : Player #1 Leodagos disconnected
﻿05:20:36 : Player #0 JF disconnected
﻿05:45:00 : RCon admin #1: (Global) BEC : This server will restart in 15 minutes
﻿05:55:00 : RCon admin #1: (Global) BEC : This server will restart in 5 minutes
﻿05:59:00 : RCon admin #1: (Global) BEC : This server will restart in 1 minute, Log out now!
﻿06:00:01 : Lost Connection!
﻿06:00:01 : Closing socket & exiting!
﻿06:01:15 : Rcon client logging in
﻿06:01:15 : RCon admin #1 (127.0.0.1:57880) logged in
﻿06:44:13 : Player #0 Leodagos (186.135.9.30:29826) connected
﻿06:44:15 : Player #0 Leodagos - GUID: 927032c3d7c1139aff0ff09424d46da1 (unverified)
﻿06:44:16 : Verified GUID (927032c3d7c1139aff0ff09424d46da1) of player #0 Leodagos
﻿06:44:16 : Player #0 Leodagos - Legacy GUID: d7639dceb9588d3b0ab85f82e92ff8de
﻿06:57:33 : Player #1 Jej0x |Aspirante| (190.51.228.69:2304) connected
﻿06:57:37 : Player #1 Jej0x |Aspirante| - GUID: f3e3268171736a361f4f08d3aee36558 (unverified)
﻿06:57:37 : Verified GUID (f3e3268171736a361f4f08d3aee36558) of player #1 Jej0x |Aspirante|
﻿06:57:38 : Player #1 Jej0x |Aspirante| - Legacy GUID: 46a8911586c7fdb684a7f7c1fb3da0e5
﻿07:06:12 : Player #2 intenso (177.106.62.247:22933) connected
﻿07:06:13 : Player #2 intenso - GUID: 338de419720437604cb5a898c5d77c48 (unverified)
﻿07:06:13 : Verified GUID (338de419720437604cb5a898c5d77c48) of player #2 intenso
﻿07:06:14 : Player #2 intenso - Legacy GUID: c5d787f0a382adfeed7dec6fa71e9a8b
﻿07:06:21 : Player #2 intenso disconnected
﻿08:05:50 : Player #0 Leodagos disconnected
﻿08:22:40 : Player #1 Jej0x |Aspirante| disconnected
﻿08:45:00 : RCon admin #1: (Global) BEC : This server will restart in 15 minutes
﻿08:55:00 : RCon admin #1: (Global) BEC : This server will restart in 5 minutes
﻿08:59:00 : RCon admin #1: (Global) BEC : This server will restart in 1 minute, Log out now!
﻿09:00:01 : Lost Connection!
﻿09:00:01 : Closing socket & exiting!
﻿09:01:15 : Rcon client logging in
﻿09:01:15 : RCon admin #1 (127.0.0.1:50638) logged in
﻿10:01:20 : Player #0 Jej0x |Aspirante| (190.51.228.69:2304) connected
﻿10:01:24 : Player #0 Jej0x |Aspirante| - GUID: f3e3268171736a361f4f08d3aee36558 (unverified)
﻿10:01:24 : Verified GUID (f3e3268171736a361f4f08d3aee36558) of player #0 Jej0x |Aspirante|
﻿10:01:25 : Player #0 Jej0x |Aspirante| - Legacy GUID: 46a8911586c7fdb684a7f7c1fb3da0e5
﻿10:53:52 : Player #1 Nikyta (190.244.45.71:2304) connected
﻿10:53:53 : Player #1 Nikyta - GUID: d18bc2163de1a6abe8924f2e0788680b (unverified)
﻿10:53:54 : Player #1 Nikyta - Legacy GUID: d294364f535d1f02da4e01c50aaec207
﻿10:53:54 : Verified GUID (d18bc2163de1a6abe8924f2e0788680b) of player #1 Nikyta
﻿11:00:53 : Player #0 Jej0x |Aspirante| disconnected
﻿11:01:56 : Player #0 Issor (181.197.224.193:2304) connected
﻿11:01:57 : Player #0 Issor - GUID: 3cc1be2152078545e663be88a3f8be66 (unverified)
﻿11:01:58 : Verified GUID (3cc1be2152078545e663be88a3f8be66) of player #0 Issor
﻿11:01:58 : Player #0 Issor - Legacy GUID: 1a4fb19af784859d133cb2880537c845
﻿11:01:59 : Player #0 Issor disconnected
﻿11:45:00 : RCon admin #1: (Global) BEC : This server will restart in 15 minutes
﻿11:55:00 : RCon admin #1: (Global) BEC : This server will restart in 5 minutes
﻿11:56:35 : Player #1 Nikyta disconnected
﻿11:59:00 : RCon admin #1: (Global) BEC : This server will restart in 1 minute, Log out now!
﻿11:59:46 : Player #0 Nikyta (190.244.45.71:2304) connected
﻿11:59:47 : Player #0 Nikyta - GUID: d18bc2163de1a6abe8924f2e0788680b (unverified)
﻿11:59:48 : Verified GUID (d18bc2163de1a6abe8924f2e0788680b) of player #0 Nikyta
﻿11:59:48 : Player #0 Nikyta - Legacy GUID: d294364f535d1f02da4e01c50aaec207
﻿12:00:01 : Lost Connection!
﻿12:00:01 : Closing socket & exiting!
﻿12:01:15 : Rcon client logging in
﻿12:01:16 : RCon admin #1 (127.0.0.1:52283) logged in
﻿12:10:42 : Player #0 Nikyta disconnected
﻿12:24:01 : Rcon client logging in
﻿12:24:01 : RCon admin #0 (127.0.0.1:63917) logged in
﻿12:37:11 : Player #0 juandayz (190.137.170.2:2304) connected
﻿12:37:13 : Player #0 juandayz - GUID: d603844e2f77196bf616245ae360213b (unverified)
﻿12:37:13 : Verified GUID (d603844e2f77196bf616245ae360213b) of player #0 juandayz
﻿12:37:13 : Player #0 juandayz - Legacy GUID: a5aa074813dab730e26d67b8a0a0af6c
﻿12:39:16 : Player #0 juandayz (d603844e2f77196bf616245ae360213b) has been kicked by BattlEye: Client not responding
﻿12:45:20 : RCon admin #1 (127.0.0.1:54314) logged in
﻿12:45:32 : Lost Connection!
﻿12:45:32 : Closing socket & exiting!
﻿12:46:40 : Rcon client logging in
﻿12:46:40 : RCon admin #0 (127.0.0.1:57526) logged in
﻿12:47:08 : Player #0 juandayz (190.231.241.134:2304) connected
﻿12:47:09 : Player #0 juandayz - GUID: d603844e2f77196bf616245ae360213b (unverified)
﻿12:47:10 : Player #0 juandayz - Legacy GUID: a5aa074813dab730e26d67b8a0a0af6c
﻿12:47:10 : Verified GUID (d603844e2f77196bf616245ae360213b) of player #0 juandayz
﻿12:48:06 : RCon admin #1 (127.0.0.1:57527) logged in
﻿12:49:13 : Player #1 JF (190.185.192.18:26512) connected
﻿12:49:15 : Player #1 JF - GUID: 93a2a9d9bc7acb34122becec3305fde7 (unverified)
﻿12:49:15 : Verified GUID (93a2a9d9bc7acb34122becec3305fde7) of player #1 JF
﻿12:49:15 : Player #1 JF - Legacy GUID: 1e3460faa1452299ec3b5f220fe797e0
﻿12:56:39 : Player #2 Dan (179.197.153.106:2304) connected
﻿12:56:40 : Player #2 Dan - GUID: 8c463fa19301414f1bfd0b170c9aa88e (unverified)
﻿12:56:41 : Verified GUID (8c463fa19301414f1bfd0b170c9aa88e) of player #2 Dan
﻿12:56:41 : Player #2 Dan - Legacy GUID: 6faeb0908cbc9cc577b01ce86906925d
﻿12:59:47 : Player #3 Jej0x |Aspirante| (190.51.228.69:2304) connected
﻿12:59:50 : Player #3 Jej0x |Aspirante| - GUID: f3e3268171736a361f4f08d3aee36558 (unverified)
﻿12:59:51 : Verified GUID (f3e3268171736a361f4f08d3aee36558) of player #3 Jej0x |Aspirante|
﻿12:59:51 : Player #3 Jej0x |Aspirante| - Legacy GUID: 46a8911586c7fdb684a7f7c1fb3da0e5
﻿13:05:33 : RCon admin #0: (To Jej0x |Aspirante|) BEC : You have about 60 seconds left to join the mission.
﻿13:06:04 : RCon admin #0: (To Jej0x |Aspirante|) BEC : You have about 30 seconds left to join the mission.
﻿13:06:19 : RCon admin #0: (To Jej0x |Aspirante|) BEC : You have about 15 seconds left to join the mission.
﻿13:06:33 : Player #3 Jej0x |Aspirante| (f3e3268171736a361f4f08d3aee36558) has been kicked by BattlEye: Admin Kick (BEC : Lobby idling to long)
﻿13:08:30 : Player #3 Jej0x |Aspirante| (190.51.228.69:2304) connected
﻿13:08:34 : Player #3 Jej0x |Aspirante| - GUID: f3e3268171736a361f4f08d3aee36558 (unverified)
﻿13:08:34 : Verified GUID (f3e3268171736a361f4f08d3aee36558) of player #3 Jej0x |Aspirante|
﻿13:08:34 : Player #3 Jej0x |Aspirante| - Legacy GUID: 46a8911586c7fdb684a7f7c1fb3da0e5
﻿13:36:20 : RCon admin #1: (Global) [juandayz] pozo agua : "CinderBlocks","CinderBlocks","CinderBlocks","PartWoodPile","PartWoodLumber","PartWoodLumber","MortarBucket","PartGeneric"
﻿13:37:08 : RCon admin #1: (Global) [juandayz] "CinderBlocks","CinderBlocks","CinderBlocks","PartWoodPile","PartWoodLumber","PartWoodLumber","MortarBucket","PartGeneric"
﻿13:37:13 : Player #2 Dan disconnected
﻿13:37:32 : RCon admin #1: (Global) [juandayz] scrapt metal
﻿13:38:22 : RCon admin #1: (Global) [juandayz] seria 3x cinder  1 tronquito de madera   2x tablas de madera  1x scrapt metal y 1 x mortero
﻿13:48:36 : RCon admin #1: (Global) [juandayz] si, el tanque de pesca, q paso
﻿13:48:58 : RCon admin #1: (Global) [juandayz] si, es verdad
﻿13:56:03 : Player #0 juandayz disconnected
﻿13:59:55 : Player #0 Tio  Chuck (187.112.127.137:2304) connected
﻿13:59:57 : Player #0 Tio  Chuck - GUID: e734115a25c971cbcf8846b4ff771d85 (unverified)
﻿13:59:57 : Verified GUID (e734115a25c971cbcf8846b4ff771d85) of player #0 Tio  Chuck
﻿13:59:57 : Player #0 Tio  Chuck - Legacy GUID: c870a8c9b20cfc479e46e729b49a443d
﻿14:11:28 : Player #3 Jej0x |Aspirante| disconnected
﻿14:45:00 : RCon admin #0: (Global) BEC : This server will restart in 15 minutes
﻿14:55:00 : RCon admin #0: (Global) BEC : This server will restart in 5 minutes
﻿14:59:00 : RCon admin #0: (Global) BEC : This server will restart in 1 minute, Log out now!
﻿14:59:26 : Player #1 JF disconnected
﻿15:00:02 : Lost Connection!
﻿15:00:02 : Closing socket & exiting!
﻿15:01:15 : Rcon client logging in
﻿15:01:15 : RCon admin #1 (127.0.0.1:52985) logged in
﻿15:03:40 : Player #0 Nikyta (190.244.45.71:2304) connected
﻿15:03:42 : Player #0 Nikyta - GUID: d18bc2163de1a6abe8924f2e0788680b (unverified)
﻿15:03:42 : Verified GUID (d18bc2163de1a6abe8924f2e0788680b) of player #0 Nikyta
﻿15:03:44 : Player #0 Nikyta - Legacy GUID: d294364f535d1f02da4e01c50aaec207
﻿15:04:36 : Player #1 Jej0x |Aspirante| (190.51.228.69:2304) connected
﻿15:04:39 : Player #1 Jej0x |Aspirante| - GUID: f3e3268171736a361f4f08d3aee36558 (unverified)
﻿15:04:40 : Verified GUID (f3e3268171736a361f4f08d3aee36558) of player #1 Jej0x |Aspirante|
﻿15:04:40 : Player #1 Jej0x |Aspirante| - Legacy GUID: 46a8911586c7fdb684a7f7c1fb3da0e5
﻿15:18:14 : Player #2 JF (190.185.192.18:26512) connected
﻿15:18:15 : Player #2 JF - GUID: 93a2a9d9bc7acb34122becec3305fde7 (unverified)
﻿15:18:15 : Verified GUID (93a2a9d9bc7acb34122becec3305fde7) of player #2 JF
﻿15:18:16 : Player #2 JF - Legacy GUID: 1e3460faa1452299ec3b5f220fe797e0
﻿16:03:17 : Player #2 JF disconnected
﻿16:07:37 : Player #1 Jej0x |Aspirante| disconnected
﻿16:54:44 : RCon admin #0: (Global) [juandayz] nikiya
﻿17:04:50 : Player #1 Alan (186.153.190.99:6735) connected
﻿17:04:51 : Player #1 Alan - GUID: 0f58f0f7cbcc27bdd669ddb2ba67dec1 (unverified)
﻿17:04:52 : Verified GUID (0f58f0f7cbcc27bdd669ddb2ba67dec1) of player #1 Alan
﻿17:04:52 : Player #1 Alan - Legacy GUID: e4693e16704daa1c5c15a058786df292
﻿17:04:52 : Player #1 Alan disconnected
﻿17:16:59 : Rcon client logging in
﻿17:16:59 : RCon admin #0 (127.0.0.1:51422) logged in
﻿17:17:23 : Player #0 juandayz (190.231.241.134:2304) connected
﻿17:17:24 : Player #0 juandayz - GUID: d603844e2f77196bf616245ae360213b (unverified)
﻿17:17:24 : Verified GUID (d603844e2f77196bf616245ae360213b) of player #0 juandayz
﻿17:17:24 : Player #0 juandayz - Legacy GUID: a5aa074813dab730e26d67b8a0a0af6c
﻿17:19:48 : Player #0 juandayz (d603844e2f77196bf616245ae360213b) has been kicked by BattlEye: Client not responding
﻿17:23:28 : Player #0 juandayz (190.231.241.134:2304) connected
﻿17:23:29 : Player #0 juandayz - GUID: d603844e2f77196bf616245ae360213b (unverified)
﻿17:23:30 : Verified GUID (d603844e2f77196bf616245ae360213b) of player #0 juandayz
﻿17:23:30 : Player #0 juandayz - Legacy GUID: a5aa074813dab730e26d67b8a0a0af6c
﻿17:26:38 : Player #0 juandayz (d603844e2f77196bf616245ae360213b) has been kicked by BattlEye: Client not responding
﻿17:27:47 : Player #0 juandayz (190.227.170.161:2304) connected
﻿17:27:48 : Player #0 juandayz - GUID: d603844e2f77196bf616245ae360213b (unverified)
﻿17:27:49 : Verified GUID (d603844e2f77196bf616245ae360213b) of player #0 juandayz
﻿17:27:49 : Player #0 juandayz - Legacy GUID: a5aa074813dab730e26d67b8a0a0af6c
﻿17:28:48 : Player #1 Jej0x |Aspirante| (190.51.228.69:2304) connected
﻿17:28:51 : Player #1 Jej0x |Aspirante| - GUID: f3e3268171736a361f4f08d3aee36558 (unverified)
﻿17:28:51 : Verified GUID (f3e3268171736a361f4f08d3aee36558) of player #1 Jej0x |Aspirante|
﻿17:28:52 : Player #1 Jej0x |Aspirante| - Legacy GUID: 46a8911586c7fdb684a7f7c1fb3da0e5
﻿17:29:01 : Player #0 juandayz (d603844e2f77196bf616245ae360213b) has been kicked by BattlEye: Client not responding
﻿17:29:35 : Player #0 juandayz (190.138.228.167:2304) connected
﻿17:29:36 : Player #0 juandayz - GUID: d603844e2f77196bf616245ae360213b (unverified)
﻿17:29:37 : Verified GUID (d603844e2f77196bf616245ae360213b) of player #0 juandayz
﻿17:29:37 : Player #0 juandayz - Legacy GUID: a5aa074813dab730e26d67b8a0a0af6c
﻿17:32:02 : Player #0 juandayz (d603844e2f77196bf616245ae360213b) has been kicked by BattlEye: Client not responding
﻿17:45:00 : RCon admin #0: (Global) BEC : This server will restart in 15 minutes
﻿17:51:43 : Player #0 Alan (190.230.111.69:2304) connected
﻿17:51:44 : Player #0 Alan - GUID: 0f58f0f7cbcc27bdd669ddb2ba67dec1 (unverified)
﻿17:51:44 : Verified GUID (0f58f0f7cbcc27bdd669ddb2ba67dec1) of player #0 Alan
﻿17:51:45 : Player #0 Alan - Legacy GUID: e4693e16704daa1c5c15a058786df292
﻿17:55:00 : RCon admin #0: (Global) BEC : This server will restart in 5 minutes
﻿17:56:24 : Player #0 Alan disconnected
﻿17:59:00 : RCon admin #0: (Global) BEC : This server will restart in 1 minute, Log out now!
﻿18:00:01 : Lost Connection!
﻿18:00:01 : Closing socket & exiting!
﻿18:01:15 : Rcon client logging in
﻿18:01:15 : RCon admin #0 (127.0.0.1:51424) logged in
﻿18:03:21 : Player #0 Jej0x |Aspirante| (190.51.228.69:2304) connected
﻿18:03:28 : Player #0 Jej0x |Aspirante| - GUID: f3e3268171736a361f4f08d3aee36558 (unverified)
﻿18:03:28 : Verified GUID (f3e3268171736a361f4f08d3aee36558) of player #0 Jej0x |Aspirante|
﻿18:03:29 : Player #0 Jej0x |Aspirante| - Legacy GUID: 46a8911586c7fdb684a7f7c1fb3da0e5
﻿18:05:36 : Player #1 [DMN]-Mario (179.60.255.227:1026) connected
﻿18:05:38 : Player #1 [DMN]-Mario - GUID: 90efe9555b6c518bdd5ab751845d62ac (unverified)
﻿18:05:39 : Verified GUID (90efe9555b6c518bdd5ab751845d62ac) of player #1 [DMN]-Mario
﻿18:05:40 : Player #1 [DMN]-Mario - Legacy GUID: 56ac695fcf6c9ba0429307fd875141a4
﻿18:05:49 : Player #1 [DMN]-Mario disconnected
﻿18:06:38 : Player #1 [DMN]-Mario (179.60.255.227:1026) connected
﻿18:06:41 : Player #1 [DMN]-Mario - Legacy GUID: 56ac695fcf6c9ba0429307fd875141a4
﻿18:06:43 : Player #1 [DMN]-Mario - GUID: 90efe9555b6c518bdd5ab751845d62ac (unverified)
﻿18:06:44 : Verified GUID (90efe9555b6c518bdd5ab751845d62ac) of player #1 [DMN]-Mario
﻿18:27:15 : Player #0 Jej0x |Aspirante| disconnected
﻿18:28:45 : Player #0 Leodagos (186.135.9.30:21798) connected
﻿18:28:46 : Player #0 Leodagos - GUID: 927032c3d7c1139aff0ff09424d46da1 (unverified)
﻿18:28:47 : Verified GUID (927032c3d7c1139aff0ff09424d46da1) of player #0 Leodagos
﻿18:28:47 : Player #0 Leodagos - Legacy GUID: d7639dceb9588d3b0ab85f82e92ff8de
﻿18:54:08 : Player #0 Leodagos disconnected
﻿18:56:11 : Player #0 Leodagos (186.135.9.30:21798) connected
﻿18:56:13 : Player #0 Leodagos - GUID: 927032c3d7c1139aff0ff09424d46da1 (unverified)
﻿18:56:13 : Player #0 Leodagos - Legacy GUID: d7639dceb9588d3b0ab85f82e92ff8de
﻿18:56:14 : Verified GUID (927032c3d7c1139aff0ff09424d46da1) of player #0 Leodagos
﻿19:03:20 : Player #2 Edreth (190.44.185.3:2304) connected
﻿19:03:21 : Player #2 Edreth - GUID: 966f188304e70bf8a0e91fa8c60dcfc3 (unverified)
﻿19:03:22 : Verified GUID (966f188304e70bf8a0e91fa8c60dcfc3) of player #2 Edreth
﻿19:03:23 : Player #2 Edreth - Legacy GUID: 0acf394f7100253e34d6e7b5925ac2ee
﻿19:05:24 : Player #1 [DMN]-Mario (90efe9555b6c518bdd5ab751845d62ac) has been kicked by BattlEye: Client not responding
﻿19:22:41 : Player #1 [DMN]-Mario (179.60.255.227:2304) connected
﻿19:22:45 : Player #1 [DMN]-Mario - GUID: 90efe9555b6c518bdd5ab751845d62ac (unverified)
﻿19:22:45 : Verified GUID (90efe9555b6c518bdd5ab751845d62ac) of player #1 [DMN]-Mario
﻿19:22:46 : Player #1 [DMN]-Mario - Legacy GUID: 56ac695fcf6c9ba0429307fd875141a4
﻿19:23:28 : Player #1 [DMN]-Mario disconnected
﻿19:23:33 : Player #1 [DMN]-Mario (179.60.255.227:2304) connected
﻿19:23:34 : Player #1 [DMN]-Mario - GUID: 90efe9555b6c518bdd5ab751845d62ac (unverified)
﻿19:23:35 : Verified GUID (90efe9555b6c518bdd5ab751845d62ac) of player #1 [DMN]-Mario
﻿19:23:35 : Player #1 [DMN]-Mario - Legacy GUID: 56ac695fcf6c9ba0429307fd875141a4
﻿19:32:36 : Player #1 [DMN]-Mario (90efe9555b6c518bdd5ab751845d62ac) has been kicked by BattlEye: Ping too high (515)
﻿19:34:11 : Player #1 juandayz (201.252.82.211:2304) connected
﻿19:34:12 : Player #1 juandayz - GUID: d603844e2f77196bf616245ae360213b (unverified)
﻿19:34:13 : Verified GUID (d603844e2f77196bf616245ae360213b) of player #1 juandayz
﻿19:34:13 : Player #1 juandayz - Legacy GUID: a5aa074813dab730e26d67b8a0a0af6c
﻿19:51:59 : Player #1 juandayz (d603844e2f77196bf616245ae360213b) has been kicked by BattlEye: Client not responding
﻿20:09:24 : Player #0 Leodagos (927032c3d7c1139aff0ff09424d46da1) has been kicked by BattlEye: Client not responding
﻿20:09:26 : Player #2 Edreth (966f188304e70bf8a0e91fa8c60dcfc3) has been kicked by BattlEye: Client not responding
﻿20:13:36 : Player #0 Leodagos (186.135.9.30:1072) connected
﻿20:13:37 : Player #0 Leodagos - GUID: 927032c3d7c1139aff0ff09424d46da1 (unverified)
﻿20:13:38 : Verified GUID (927032c3d7c1139aff0ff09424d46da1) of player #0 Leodagos
﻿20:13:38 : Player #0 Leodagos - Legacy GUID: d7639dceb9588d3b0ab85f82e92ff8de
﻿20:45:00 : RCon admin #0: (Global) BEC : This server will restart in 15 minutes
﻿20:55:00 : RCon admin #0: (Global) BEC : This server will restart in 5 minutes
﻿20:59:00 : RCon admin #0: (Global) BEC : Server restart in 1 minute, Log out NOW!
﻿21:00:01 : Lost Connection!
﻿21:00:01 : Closing socket & exiting!
﻿21:01:15 : Rcon client logging in
﻿21:01:15 : RCon admin #0 (127.0.0.1:58264) logged in
﻿21:07:03 : Player #1 FIN4LShare (187.63.65.37:2304) connected
﻿21:07:03 : Player #1 FIN4LShare - GUID: d4cd999756c3b7742306dd967dcf9a54 (unverified)
﻿21:07:04 : Verified GUID (d4cd999756c3b7742306dd967dcf9a54) of player #1 FIN4LShare
﻿21:07:05 : Player #1 FIN4LShare - Legacy GUID: cbd67b2c90a885cb5aa8bc1280925a58
﻿21:12:15 : Player #1 FIN4LShare disconnected
﻿21:16:51 : Player #1 [WG] SnakeGeneral (191.248.194.206:2304) connected
﻿21:16:53 : Player #1 [WG] SnakeGeneral - GUID: 181db932e18c373dea58c91a9b7034bf (unverified)
﻿21:16:53 : Player #1 [WG] SnakeGeneral - Legacy GUID: 855ed08988c3abe5e44ce3742718c692
﻿21:16:53 : Verified GUID (181db932e18c373dea58c91a9b7034bf) of player #1 [WG] SnakeGeneral
﻿21:31:17 : Player #1 [WG] SnakeGeneral disconnected
﻿22:08:07 : Player #1 Max (201.252.160.218:2304) connected
﻿22:08:08 : Player #1 Max - GUID: 60cb85137445db8d37fd151191795c00 (unverified)
﻿22:08:08 : Verified GUID (60cb85137445db8d37fd151191795c00) of player #1 Max
﻿22:08:09 : Player #1 Max - Legacy GUID: a7c0d91af275897a4ffdbcc20c4cdb3e
﻿22:08:09 : Player #1 Max disconnected
﻿23:45:00 : RCon admin #0: (Global) BEC : This server will restart in 15 minutes
﻿23:55:00 : RCon admin #0: (Global) BEC : This server will restart in 5 minutes
﻿23:56:55 : Player #0 Leodagos disconnected
﻿23:59:00 : RCon admin #0: (Global) BEC : This server will restart in 1 minute, Log out now!
