00:00:01 : Lost Connection!
﻿00:00:01 : Closing socket & exiting!
﻿00:01:15 : Rcon client logging in
﻿00:01:15 : RCon admin #1 (127.0.0.1:63811) logged in
﻿00:01:52 : Player #1 Azrael1x (191.80.211.27:2304) connected
﻿00:01:53 : Player #1 Azrael1x - GUID: f3bbe77e31363319b3378084ddcb86d8 (unverified)
﻿00:01:54 : Verified GUID (f3bbe77e31363319b3378084ddcb86d8) of player #1 Azrael1x
﻿00:01:54 : Player #1 Azrael1x - Legacy GUID: 872394ca0b82ad6e77d13dc8f5141d95
﻿00:02:15 : Player #2 ecekielx (186.182.27.131:2304) connected
﻿00:02:17 : Player #2 ecekielx - GUID: a9ec1ff8706920f6575cce1ba9efce6e (unverified)
﻿00:02:17 : Player #2 ecekielx - Legacy GUID: 1489e041071c82288c3dc6532b6186d4
﻿00:02:17 : Verified GUID (a9ec1ff8706920f6575cce1ba9efce6e) of player #2 ecekielx
﻿00:03:16 : Player #3 Sonic (181.45.95.254:2304) connected
﻿00:03:16 : Player #4 [Amish]Churro (152.169.156.156:2304) connected
﻿00:03:17 : Player #3 Sonic - GUID: 3a25293ef952e282224022912621c3a7 (unverified)
﻿00:03:17 : Verified GUID (3a25293ef952e282224022912621c3a7) of player #3 Sonic
﻿00:03:17 : Player #4 [Amish]Churro - GUID: dde1966f1dd7e3054e1b1eb0a534628d (unverified)
﻿00:03:19 : Verified GUID (dde1966f1dd7e3054e1b1eb0a534628d) of player #4 [Amish]Churro
﻿00:03:19 : Player #3 Sonic - Legacy GUID: 2d596c07df28e5d15ee2fd943641c8b5
﻿00:03:19 : Player #4 [Amish]Churro - Legacy GUID: 400a9b7eb38b0cba4ee0340edd2b0aed
﻿00:04:09 : Player #4 [Amish]Churro disconnected
﻿00:06:06 : Player #4 [Amish]Churro (152.169.156.156:2304) connected
﻿00:06:07 : Player #4 [Amish]Churro - GUID: dde1966f1dd7e3054e1b1eb0a534628d (unverified)
﻿00:06:08 : Verified GUID (dde1966f1dd7e3054e1b1eb0a534628d) of player #4 [Amish]Churro
﻿00:06:09 : Player #4 [Amish]Churro - Legacy GUID: 400a9b7eb38b0cba4ee0340edd2b0aed
﻿00:06:36 : Player #5 JiNX (181.44.217.18:2304) connected
﻿00:06:37 : Player #5 JiNX - GUID: e704b5642ef839477a8bc92894e3c1dd (unverified)
﻿00:06:38 : Verified GUID (e704b5642ef839477a8bc92894e3c1dd) of player #5 JiNX
﻿00:06:38 : Player #5 JiNX - Legacy GUID: 7a6860f48f3050e553969243b3b4dccc
﻿00:08:01 : Player #6 Roger (190.229.34.218:2304) connected
﻿00:08:03 : Player #6 Roger - GUID: d85cdb1b576befb0802c1e980bbde467 (unverified)
﻿00:08:04 : Verified GUID (d85cdb1b576befb0802c1e980bbde467) of player #6 Roger
﻿00:08:05 : Player #6 Roger - Legacy GUID: 7f8db49ce87ca05211184687935b6bf4
﻿00:13:02 : Player #0 Leyva disconnected
﻿00:18:45 : Player #0 Dragons (186.22.173.62:2304) connected
﻿00:18:46 : Player #0 Dragons - GUID: 3c6c048346652b2441b43e719a05201a (unverified)
﻿00:18:47 : Verified GUID (3c6c048346652b2441b43e719a05201a) of player #0 Dragons
﻿00:18:47 : Player #0 Dragons - Legacy GUID: 3913b982b8c60e961ef4fc2d2bc88df7
﻿00:20:44 : Player #7 santiago (181.138.126.217:13314) connected
﻿00:20:45 : Player #7 santiago - GUID: 5f72597ccf11380055e35a403a02fb81 (unverified)
﻿00:20:46 : Verified GUID (5f72597ccf11380055e35a403a02fb81) of player #7 santiago
﻿00:20:46 : Player #7 santiago - Legacy GUID: f8c8299b0a688de480efb946d670fbbd
﻿00:27:18 : Player #8 Jose Luis (186.113.153.77:2304) connected
﻿00:27:20 : Player #8 Jose Luis - GUID: d9558a067db2e5932e8a58c619edb83d (unverified)
﻿00:27:21 : Player #8 Jose Luis - Legacy GUID: 7beaaf3c723b44978f2c26b96411e08c
﻿00:27:21 : Verified GUID (d9558a067db2e5932e8a58c619edb83d) of player #8 Jose Luis
﻿00:37:06 : Player #9 Leyva (177.230.79.226:2304) connected
﻿00:37:08 : Player #9 Leyva - GUID: 50ce278bbec370b1dd0fd8a8770643b6 (unverified)
﻿00:37:08 : Verified GUID (50ce278bbec370b1dd0fd8a8770643b6) of player #9 Leyva
﻿00:37:09 : Player #9 Leyva - Legacy GUID: c5581512eb773844116e836fbd4370a2
﻿00:38:04 : Player #10 Fidelo (189.176.35.173:2304) connected
﻿00:38:05 : Player #10 Fidelo - GUID: 8c8ac97fe5ddb2c80bcdbbfde594a69c (unverified)
﻿00:38:06 : Verified GUID (8c8ac97fe5ddb2c80bcdbbfde594a69c) of player #10 Fidelo
﻿00:38:06 : Player #10 Fidelo - Legacy GUID: 65de53aeee9befe0ecf3b4838c2698c6
﻿00:39:54 : Player #11 hande (191.7.212.251:30891) connected
﻿00:39:55 : Player #11 hande - GUID: 5a3bd9e9c9dfc1d059f4d4cab9d31b01 (unverified)
﻿00:39:56 : Verified GUID (5a3bd9e9c9dfc1d059f4d4cab9d31b01) of player #11 hande
﻿00:39:56 : Player #11 hande - Legacy GUID: 422a4e90562a3eace8f3a115a641eab8
﻿00:39:58 : Player #11 hande disconnected
﻿00:42:51 : RCon admin #1: (To Leyva) BEC : You have about 60 seconds left to join the mission.
﻿00:43:23 : RCon admin #1: (To Leyva) BEC : You have about 30 seconds left to join the mission.
﻿00:43:37 : RCon admin #1: (To Leyva) BEC : You have about 15 seconds left to join the mission.
﻿00:43:51 : Player #9 Leyva (50ce278bbec370b1dd0fd8a8770643b6) has been kicked by BattlEye: Admin Kick (BEC : Lobby idling to long)
﻿00:51:06 : Player #9 JF (190.185.192.18:26512) connected
﻿00:51:08 : Player #9 JF - GUID: 93a2a9d9bc7acb34122becec3305fde7 (unverified)
﻿00:51:08 : Player #9 JF - Legacy GUID: 1e3460faa1452299ec3b5f220fe797e0
﻿00:51:08 : Verified GUID (93a2a9d9bc7acb34122becec3305fde7) of player #9 JF
﻿00:53:35 : Player #11 Leyva (177.230.79.226:2304) connected
﻿00:53:37 : Player #11 Leyva - GUID: 50ce278bbec370b1dd0fd8a8770643b6 (unverified)
﻿00:53:37 : Player #11 Leyva - Legacy GUID: c5581512eb773844116e836fbd4370a2
﻿00:53:38 : Verified GUID (50ce278bbec370b1dd0fd8a8770643b6) of player #11 Leyva
﻿01:07:52 : RCon admin #1: (To Fidelo) BEC : You have about 60 seconds left to join the mission.
﻿01:08:06 : RCon admin #1: (To Leyva) BEC : You have about 60 seconds left to join the mission.
﻿01:08:23 : RCon admin #1: (To Fidelo) BEC : You have about 30 seconds left to join the mission.
﻿01:08:37 : RCon admin #1: (To Fidelo) BEC : You have about 15 seconds left to join the mission.
﻿01:08:37 : RCon admin #1: (To Leyva) BEC : You have about 30 seconds left to join the mission.
﻿01:08:52 : Player #10 Fidelo (8c8ac97fe5ddb2c80bcdbbfde594a69c) has been kicked by BattlEye: Admin Kick (BEC : Lobby idling to long)
﻿01:08:52 : RCon admin #1: (To Leyva) BEC : You have about 15 seconds left to join the mission.
﻿01:08:59 : Player #10 Fidelo (189.176.35.173:2304) connected
﻿01:09:00 : Player #10 Fidelo - GUID: 8c8ac97fe5ddb2c80bcdbbfde594a69c (unverified)
﻿01:09:01 : Verified GUID (8c8ac97fe5ddb2c80bcdbbfde594a69c) of player #10 Fidelo
﻿01:09:01 : Player #10 Fidelo - Legacy GUID: 65de53aeee9befe0ecf3b4838c2698c6
﻿01:09:06 : Player #11 Leyva (50ce278bbec370b1dd0fd8a8770643b6) has been kicked by BattlEye: Admin Kick (BEC : Lobby idling to long)
﻿01:11:44 : Player #11 Leyva (177.230.79.226:2304) connected
﻿01:11:46 : Player #11 Leyva - GUID: 50ce278bbec370b1dd0fd8a8770643b6 (unverified)
﻿01:11:47 : Verified GUID (50ce278bbec370b1dd0fd8a8770643b6) of player #11 Leyva
﻿01:11:49 : Player #11 Leyva - Legacy GUID: c5581512eb773844116e836fbd4370a2
﻿01:15:19 : Player #12 Paez 420 (189.176.251.6:2304) connected
﻿01:15:21 : Player #12 Paez 420 - GUID: ae4f260617b21d4fcbe091d4c1036e80 (unverified)
﻿01:15:21 : Verified GUID (ae4f260617b21d4fcbe091d4c1036e80) of player #12 Paez 420
﻿01:15:21 : Player #12 Paez 420 - Legacy GUID: 7e7f57f88d02d38821dfa06736a3d6df
﻿01:16:17 : Player #3 Sonic disconnected
﻿01:16:30 : Player #2 ecekielx disconnected
﻿01:20:18 : Player #1 Azrael1x disconnected
﻿01:20:21 : Player #11 Leyva disconnected
﻿01:23:41 : Player #1 Leyva (177.230.79.226:2304) connected
﻿01:23:43 : Player #1 Leyva - GUID: 50ce278bbec370b1dd0fd8a8770643b6 (unverified)
﻿01:23:44 : Verified GUID (50ce278bbec370b1dd0fd8a8770643b6) of player #1 Leyva
﻿01:23:44 : Player #1 Leyva - Legacy GUID: c5581512eb773844116e836fbd4370a2
﻿01:43:48 : Player #6 Roger (d85cdb1b576befb0802c1e980bbde467) has been kicked by BattlEye: Client not responding
﻿01:47:21 : Player #2 Roger (186.108.212.117:2304) connected
﻿01:47:23 : Player #2 Roger - GUID: d85cdb1b576befb0802c1e980bbde467 (unverified)
﻿01:47:23 : Verified GUID (d85cdb1b576befb0802c1e980bbde467) of player #2 Roger
﻿01:47:24 : Player #2 Roger - Legacy GUID: 7f8db49ce87ca05211184687935b6bf4
﻿01:52:42 : Player #0 Dragons (3c6c048346652b2441b43e719a05201a) has been kicked by BattlEye: Ping too high (468)
﻿01:58:56 : Player #1 Leyva (50ce278bbec370b1dd0fd8a8770643b6) has been kicked by BattlEye: Client not responding
﻿02:13:52 : Player #0 Leyva (177.230.79.226:2304) connected
﻿02:13:53 : Player #0 Leyva - GUID: 50ce278bbec370b1dd0fd8a8770643b6 (unverified)
﻿02:13:54 : Verified GUID (50ce278bbec370b1dd0fd8a8770643b6) of player #0 Leyva
﻿02:13:54 : Player #0 Leyva - Legacy GUID: c5581512eb773844116e836fbd4370a2
﻿02:22:29 : Player #2 Roger disconnected
﻿02:33:57 : Player #12 Paez 420 (ae4f260617b21d4fcbe091d4c1036e80) has been kicked by BattlEye: Client not responding
﻿02:35:20 : Player #1 Paez 420 (187.131.57.35:2304) connected
﻿02:35:22 : Player #1 Paez 420 - GUID: ae4f260617b21d4fcbe091d4c1036e80 (unverified)
﻿02:35:22 : Player #1 Paez 420 - Legacy GUID: 7e7f57f88d02d38821dfa06736a3d6df
﻿02:35:22 : Verified GUID (ae4f260617b21d4fcbe091d4c1036e80) of player #1 Paez 420
﻿02:41:59 : Player #5 JiNX disconnected
﻿02:44:03 : Player #4 [Amish]Churro disconnected
﻿02:45:00 : RCon admin #1: (Global) BEC : This server will restart in 15 minutes
﻿02:55:00 : RCon admin #1: (Global) BEC : This server will restart in 5 minutes
﻿02:58:57 : Player #8 Jose Luis disconnected
﻿02:59:00 : RCon admin #1: (Global) BEC : This server will restart in 1 minute, Log out now!
﻿02:59:33 : Player #7 santiago disconnected
﻿03:00:01 : Lost Connection!
﻿03:00:01 : Closing socket & exiting!
﻿03:01:15 : Rcon client logging in
﻿03:01:15 : RCon admin #1 (127.0.0.1:60202) logged in
﻿03:01:58 : Player #0 Leyva (177.230.79.226:2304) connected
﻿03:02:01 : Player #0 Leyva - GUID: 50ce278bbec370b1dd0fd8a8770643b6 (unverified)
﻿03:02:01 : Verified GUID (50ce278bbec370b1dd0fd8a8770643b6) of player #0 Leyva
﻿03:02:02 : Player #0 Leyva - Legacy GUID: c5581512eb773844116e836fbd4370a2
﻿03:03:01 : Player #1 Paez 420 (187.131.57.35:2304) connected
﻿03:03:02 : Player #1 Paez 420 - GUID: ae4f260617b21d4fcbe091d4c1036e80 (unverified)
﻿03:03:03 : Verified GUID (ae4f260617b21d4fcbe091d4c1036e80) of player #1 Paez 420
﻿03:03:05 : Player #1 Paez 420 - Legacy GUID: 7e7f57f88d02d38821dfa06736a3d6df
﻿03:04:09 : Player #2 santiago (181.138.126.217:14085) connected
﻿03:04:10 : Player #2 santiago - GUID: 5f72597ccf11380055e35a403a02fb81 (unverified)
﻿03:04:11 : Verified GUID (5f72597ccf11380055e35a403a02fb81) of player #2 santiago
﻿03:04:11 : Player #2 santiago - Legacy GUID: f8c8299b0a688de480efb946d670fbbd
﻿03:04:34 : Player #3 Fidelo (189.176.35.173:2304) connected
﻿03:04:35 : Player #3 Fidelo - GUID: 8c8ac97fe5ddb2c80bcdbbfde594a69c (unverified)
﻿03:04:36 : Verified GUID (8c8ac97fe5ddb2c80bcdbbfde594a69c) of player #3 Fidelo
﻿03:04:36 : Player #3 Fidelo - Legacy GUID: 65de53aeee9befe0ecf3b4838c2698c6
﻿03:28:26 : Player #3 Fidelo (8c8ac97fe5ddb2c80bcdbbfde594a69c) has been kicked by BattlEye: Ping too high (515)
﻿03:28:35 : Player #3 Fidelo (189.176.35.173:2304) connected
﻿03:28:38 : Player #3 Fidelo - GUID: 8c8ac97fe5ddb2c80bcdbbfde594a69c (unverified)
﻿03:28:38 : Player #3 Fidelo - Legacy GUID: 65de53aeee9befe0ecf3b4838c2698c6
﻿03:28:38 : Verified GUID (8c8ac97fe5ddb2c80bcdbbfde594a69c) of player #3 Fidelo
﻿03:45:09 : Player #2 santiago disconnected
﻿03:49:14 : Player #3 Fidelo (8c8ac97fe5ddb2c80bcdbbfde594a69c) has been kicked by BattlEye: Ping too high (546)
﻿03:49:24 : Player #2 Fidelo (189.176.35.173:2304) connected
﻿03:49:26 : Player #2 Fidelo - GUID: 8c8ac97fe5ddb2c80bcdbbfde594a69c (unverified)
﻿03:49:27 : Verified GUID (8c8ac97fe5ddb2c80bcdbbfde594a69c) of player #2 Fidelo
﻿03:49:29 : Player #2 Fidelo - Legacy GUID: 65de53aeee9befe0ecf3b4838c2698c6
﻿04:10:23 : Player #2 Fidelo (8c8ac97fe5ddb2c80bcdbbfde594a69c) has been kicked by BattlEye: Ping too high (531)
﻿04:10:38 : Player #2 Fidelo (189.176.35.173:2304) connected
﻿04:10:39 : Player #2 Fidelo - GUID: 8c8ac97fe5ddb2c80bcdbbfde594a69c (unverified)
﻿04:10:40 : Verified GUID (8c8ac97fe5ddb2c80bcdbbfde594a69c) of player #2 Fidelo
﻿04:10:40 : Player #2 Fidelo - Legacy GUID: 65de53aeee9befe0ecf3b4838c2698c6
﻿04:21:47 : Player #2 Fidelo (8c8ac97fe5ddb2c80bcdbbfde594a69c) has been kicked by BattlEye: Ping too high (624)
﻿04:22:15 : Player #2 Fidelo (189.176.35.173:2304) connected
﻿04:22:23 : Player #2 Fidelo - GUID: 8c8ac97fe5ddb2c80bcdbbfde594a69c (unverified)
﻿04:22:23 : Verified GUID (8c8ac97fe5ddb2c80bcdbbfde594a69c) of player #2 Fidelo
﻿04:22:28 : Player #2 Fidelo - Legacy GUID: 65de53aeee9befe0ecf3b4838c2698c6
﻿04:23:24 : Player #2 Fidelo (8c8ac97fe5ddb2c80bcdbbfde594a69c) has been kicked by BattlEye: Ping too high (796)
﻿04:23:43 : Player #2 Fidelo (189.176.35.173:2304) connected
﻿04:23:55 : Player #2 Fidelo - GUID: 8c8ac97fe5ddb2c80bcdbbfde594a69c (unverified)
﻿04:23:55 : Verified GUID (8c8ac97fe5ddb2c80bcdbbfde594a69c) of player #2 Fidelo
﻿04:23:56 : Player #2 Fidelo - Legacy GUID: 65de53aeee9befe0ecf3b4838c2698c6
﻿04:24:52 : Player #2 Fidelo (8c8ac97fe5ddb2c80bcdbbfde594a69c) has been kicked by BattlEye: Ping too high (593)
﻿04:25:01 : Player #2 Fidelo (189.176.35.173:2304) connected
﻿04:25:12 : Player #2 Fidelo - GUID: 8c8ac97fe5ddb2c80bcdbbfde594a69c (unverified)
﻿04:25:12 : Player #2 Fidelo - Legacy GUID: 65de53aeee9befe0ecf3b4838c2698c6
﻿04:25:12 : Verified GUID (8c8ac97fe5ddb2c80bcdbbfde594a69c) of player #2 Fidelo
﻿04:26:04 : Player #2 Fidelo (8c8ac97fe5ddb2c80bcdbbfde594a69c) has been kicked by BattlEye: Ping too high (500)
﻿04:28:28 : Player #2 Fidelo (189.176.35.173:2304) connected
﻿04:28:31 : Player #2 Fidelo - GUID: 8c8ac97fe5ddb2c80bcdbbfde594a69c (unverified)
﻿04:28:32 : Verified GUID (8c8ac97fe5ddb2c80bcdbbfde594a69c) of player #2 Fidelo
﻿04:28:33 : Player #2 Fidelo - Legacy GUID: 65de53aeee9befe0ecf3b4838c2698c6
﻿04:28:47 : Player #2 Fidelo disconnected
﻿05:16:07 : Player #1 Paez 420 disconnected
﻿05:17:08 : Player #0 Leyva disconnected
﻿05:45:00 : RCon admin #1: (Global) BEC : This server will restart in 15 minutes
﻿05:55:00 : RCon admin #1: (Global) BEC : This server will restart in 5 minutes
﻿05:59:00 : RCon admin #1: (Global) BEC : This server will restart in 1 minute, Log out now!
﻿06:00:01 : Lost Connection!
﻿06:00:01 : Closing socket & exiting!
﻿06:01:15 : Rcon client logging in
﻿06:01:15 : RCon admin #1 (127.0.0.1:55838) logged in
﻿08:45:00 : RCon admin #1: (Global) BEC : This server will restart in 15 minutes
﻿08:55:00 : RCon admin #1: (Global) BEC : This server will restart in 5 minutes
﻿08:59:00 : RCon admin #1: (Global) BEC : This server will restart in 1 minute, Log out now!
﻿09:00:01 : Lost Connection!
﻿09:00:01 : Closing socket & exiting!
﻿09:01:07 : Rcon client logging in
﻿09:01:07 : RCon admin #1 (127.0.0.1:63754) logged in
﻿10:28:37 : Player #0 JiNX (181.44.217.18:2304) connected
﻿10:28:39 : Player #0 JiNX - GUID: e704b5642ef839477a8bc92894e3c1dd (unverified)
﻿10:28:39 : Verified GUID (e704b5642ef839477a8bc92894e3c1dd) of player #0 JiNX
﻿10:28:40 : Player #0 JiNX - Legacy GUID: 7a6860f48f3050e553969243b3b4dccc
﻿11:02:03 : Player #0 JiNX (e704b5642ef839477a8bc92894e3c1dd) has been kicked by BattlEye: Client not responding
﻿11:06:03 : Player #0 santiago (181.138.126.217:17481) connected
﻿11:06:04 : Player #0 santiago - GUID: 5f72597ccf11380055e35a403a02fb81 (unverified)
﻿11:06:05 : Verified GUID (5f72597ccf11380055e35a403a02fb81) of player #0 santiago
﻿11:06:05 : Player #0 santiago - Legacy GUID: f8c8299b0a688de480efb946d670fbbd
﻿11:10:06 : Player #1 JiNX (181.44.217.18:2304) connected
﻿11:10:07 : Player #1 JiNX - GUID: e704b5642ef839477a8bc92894e3c1dd (unverified)
﻿11:10:08 : Verified GUID (e704b5642ef839477a8bc92894e3c1dd) of player #1 JiNX
﻿11:10:08 : Player #1 JiNX - Legacy GUID: 7a6860f48f3050e553969243b3b4dccc
﻿11:16:26 : Player #2 Jose Luis (186.113.167.215:2304) connected
﻿11:16:28 : Player #2 Jose Luis - GUID: d9558a067db2e5932e8a58c619edb83d (unverified)
﻿11:16:28 : Player #2 Jose Luis - Legacy GUID: 7beaaf3c723b44978f2c26b96411e08c
﻿11:16:29 : Verified GUID (d9558a067db2e5932e8a58c619edb83d) of player #2 Jose Luis
﻿11:26:34 : Player #1 JiNX (e704b5642ef839477a8bc92894e3c1dd) has been kicked by BattlEye: Client not responding
﻿11:26:36 : Player #0 santiago (5f72597ccf11380055e35a403a02fb81) has been kicked by BattlEye: Client not responding
﻿11:26:37 : Player #2 Jose Luis (d9558a067db2e5932e8a58c619edb83d) has been kicked by BattlEye: Client not responding
﻿11:28:03 : Player #0 JiNX (181.44.217.18:1025) connected
﻿11:28:05 : Player #0 JiNX - GUID: e704b5642ef839477a8bc92894e3c1dd (unverified)
﻿11:28:05 : Player #0 JiNX - Legacy GUID: 7a6860f48f3050e553969243b3b4dccc
﻿11:28:05 : Verified GUID (e704b5642ef839477a8bc92894e3c1dd) of player #0 JiNX
﻿11:28:22 : Player #1 Jose Luis (186.113.167.215:1025) connected
﻿11:28:24 : Player #1 Jose Luis - GUID: d9558a067db2e5932e8a58c619edb83d (unverified)
﻿11:28:25 : Player #1 Jose Luis - Legacy GUID: 7beaaf3c723b44978f2c26b96411e08c
﻿11:28:25 : Verified GUID (d9558a067db2e5932e8a58c619edb83d) of player #1 Jose Luis
﻿11:28:50 : Player #2 santiago (181.138.126.217:1025) connected
﻿11:28:52 : Player #2 santiago - GUID: 5f72597ccf11380055e35a403a02fb81 (unverified)
﻿11:28:52 : Player #2 santiago - Legacy GUID: f8c8299b0a688de480efb946d670fbbd
﻿11:28:52 : Verified GUID (5f72597ccf11380055e35a403a02fb81) of player #2 santiago
﻿11:30:23 : Could not connect to BE Master
﻿11:30:23 : Update attempt failed
﻿11:30:29 : Player #0 JiNX (e704b5642ef839477a8bc92894e3c1dd) has been kicked by BattlEye: Client not responding
﻿11:30:29 : Player #2 santiago (5f72597ccf11380055e35a403a02fb81) has been kicked by BattlEye: Client not responding
﻿11:30:32 : Player #1 Jose Luis (d9558a067db2e5932e8a58c619edb83d) has been kicked by BattlEye: Client not responding
﻿11:31:52 : Player #0 JiNX (181.44.217.18:2304) connected
﻿11:31:53 : Player #0 JiNX - GUID: e704b5642ef839477a8bc92894e3c1dd (unverified)
﻿11:31:53 : Verified GUID (e704b5642ef839477a8bc92894e3c1dd) of player #0 JiNX
﻿11:31:54 : Player #0 JiNX - Legacy GUID: 7a6860f48f3050e553969243b3b4dccc
﻿11:32:06 : Player #1 Jose Luis (186.113.167.215:2304) connected
﻿11:32:07 : Player #1 Jose Luis - GUID: d9558a067db2e5932e8a58c619edb83d (unverified)
﻿11:32:07 : Verified GUID (d9558a067db2e5932e8a58c619edb83d) of player #1 Jose Luis
﻿11:32:08 : Player #1 Jose Luis - Legacy GUID: 7beaaf3c723b44978f2c26b96411e08c
﻿11:33:34 : Player #2 santiago (181.138.126.217:17481) connected
﻿11:33:36 : Player #2 santiago - GUID: 5f72597ccf11380055e35a403a02fb81 (unverified)
﻿11:33:36 : Verified GUID (5f72597ccf11380055e35a403a02fb81) of player #2 santiago
﻿11:33:37 : Player #2 santiago - Legacy GUID: f8c8299b0a688de480efb946d670fbbd
﻿11:37:18 : Player #1 Jose Luis disconnected
﻿11:45:00 : RCon admin #1: (Global) BEC : This server will restart in 15 minutes
﻿11:45:47 : Player #1 Dragons (186.22.173.62:2304) connected
﻿11:45:48 : Player #1 Dragons - GUID: 3c6c048346652b2441b43e719a05201a (unverified)
﻿11:45:48 : Verified GUID (3c6c048346652b2441b43e719a05201a) of player #1 Dragons
﻿11:45:49 : Player #1 Dragons - Legacy GUID: 3913b982b8c60e961ef4fc2d2bc88df7
﻿11:55:00 : RCon admin #1: (Global) BEC : This server will restart in 5 minutes
﻿11:59:00 : RCon admin #1: (Global) BEC : This server will restart in 1 minute, Log out now!
﻿12:00:02 : Lost Connection!
﻿12:00:02 : Closing socket & exiting!
﻿12:01:15 : Rcon client logging in
﻿12:01:15 : RCon admin #1 (127.0.0.1:52576) logged in
﻿12:02:23 : Player #0 JiNX (181.44.217.18:2304) connected
﻿12:02:25 : Player #0 JiNX - GUID: e704b5642ef839477a8bc92894e3c1dd (unverified)
﻿12:02:26 : Verified GUID (e704b5642ef839477a8bc92894e3c1dd) of player #0 JiNX
﻿12:02:27 : Player #0 JiNX - Legacy GUID: 7a6860f48f3050e553969243b3b4dccc
﻿12:02:52 : Player #1 santiago (181.138.126.217:17603) connected
﻿12:03:28 : Player #1 santiago - GUID: 5f72597ccf11380055e35a403a02fb81 (unverified)
﻿12:03:28 : Player #1 santiago - Legacy GUID: f8c8299b0a688de480efb946d670fbbd
﻿12:03:29 : Verified GUID (5f72597ccf11380055e35a403a02fb81) of player #1 santiago
﻿12:04:07 : Player #2 Dragons (186.22.173.62:2304) connected
﻿12:04:08 : Player #2 Dragons - GUID: 3c6c048346652b2441b43e719a05201a (unverified)
﻿12:04:09 : Verified GUID (3c6c048346652b2441b43e719a05201a) of player #2 Dragons
﻿12:04:09 : Player #2 Dragons - Legacy GUID: 3913b982b8c60e961ef4fc2d2bc88df7
﻿12:07:54 : Player #3 Dallheim (186.23.160.35:2304) connected
﻿12:07:56 : Player #3 Dallheim - GUID: dc090b6b8b03c8bb77350fca3718f588 (unverified)
﻿12:07:57 : Verified GUID (dc090b6b8b03c8bb77350fca3718f588) of player #3 Dallheim
﻿12:07:59 : Player #3 Dallheim - Legacy GUID: 0134fada23f8786da3de29b537100a03
﻿12:31:43 : Player #4 adm#2 (200.117.113.36:2304) connected
﻿12:31:44 : Player #4 adm#2 - GUID: d603844e2f77196bf616245ae360213b (unverified)
﻿12:31:45 : Verified GUID (d603844e2f77196bf616245ae360213b) of player #4 adm#2
﻿12:31:45 : Player #4 adm#2 - Legacy GUID: a5aa074813dab730e26d67b8a0a0af6c
﻿12:35:12 : RCon admin #0: (Global) [juandayz] hola gente. Dallheim el camion q perdiste era de mision o lo compraste?
﻿12:36:11 : RCon admin #0: (Global) [juandayz] ahh perdon
﻿12:36:25 : RCon admin #0: (Global) [juandayz] ah jaja ok
﻿12:39:14 : Player #5 JF (190.185.192.18:26512) connected
﻿12:39:15 : Player #5 JF - GUID: 93a2a9d9bc7acb34122becec3305fde7 (unverified)
﻿12:39:16 : Verified GUID (93a2a9d9bc7acb34122becec3305fde7) of player #5 JF
﻿12:39:16 : Player #5 JF - Legacy GUID: 1e3460faa1452299ec3b5f220fe797e0
﻿12:39:22 : RCon admin #0: (Global) [juandayz] jajaja no desesperes q siempre q se pueda se ayuda
﻿12:39:41 : RCon admin #0: (Global) [juandayz] -jinx, sabes donde esta e offroad?
﻿12:40:50 : RCon admin #0: (Global) [juandayz] el rojo?
﻿12:42:10 : RCon admin #0: (Global) [juandayz] te lo llevo a vos jinx
﻿12:44:17 : RCon admin #0: (Global) [juandayz] si anda medio mal el set view, tengo q cambiarlo por el del clickk derecho en los binoculares, gracias por hacerme acordar
﻿12:48:39 : RCon admin #0: (Global) [juandayz] hola JF
﻿12:53:06 : RCon admin #0: (To santiago) [juandayz] santiago vos estas en grupo con JF no?
﻿12:53:43 : RCon admin #0: (Global) [juandayz] ok, les voy a hacer un regalo a cada grupo hasta el restart para q aprovechen a hacer misiones. :D
﻿12:59:22 : RCon admin #0: (Global) [juandayz] bueno gente ahi cada grupo tiene un heli hasta el restart. suerte!
﻿13:14:41 : Player #6 killer (177.17.76.97:2304) connected
﻿13:14:42 : Player #6 killer - GUID: 305caf533a463e80fae7951f6a88e1ef (unverified)
﻿13:14:42 : Verified GUID (305caf533a463e80fae7951f6a88e1ef) of player #6 killer
﻿13:14:43 : Player #6 killer - Legacy GUID: 91cada608492e9051d969e7c217b03a2
﻿13:16:15 : RCon admin #0: (Global) [juandayz] las ovejas y los aniimales Jf tardan X tiempo en crecer
﻿13:16:30 : Player #6 killer disconnected
﻿13:19:16 : Player #6 killer (177.17.76.97:2304) connected
﻿13:19:17 : Player #6 killer - GUID: 305caf533a463e80fae7951f6a88e1ef (unverified)
﻿13:19:18 : Verified GUID (305caf533a463e80fae7951f6a88e1ef) of player #6 killer
﻿13:19:18 : Player #6 killer - Legacy GUID: 91cada608492e9051d969e7c217b03a2
﻿13:20:21 : Player #4 adm#2 (d603844e2f77196bf616245ae360213b) has been kicked by BattlEye: Client not responding
﻿13:20:25 : Player #6 killer (305caf533a463e80fae7951f6a88e1ef) has been kicked by BattlEye: Client not responding
﻿13:26:06 : RCon admin #0: (Global) [juandayz] no pero para jaja, los animales crecen sobre q el server esta up.. la obeja tarda 3 minutos en crecer
﻿13:26:21 : RCon admin #0: (Global) [juandayz] una vez q resetea, chau tu oveja
﻿13:26:42 : RCon admin #0: (Global) [juandayz] no se por q escribi oveja con B
﻿13:27:17 : Player #4 ErikArnt (186.251.248.3:2304) connected
﻿13:27:19 : Player #4 ErikArnt - GUID: 5d972feee877147b3c772c5418ce7ed5 (unverified)
﻿13:27:19 : Player #4 ErikArnt - Legacy GUID: ec12d7cec95abcc7e52b4853fcf055af
﻿13:27:19 : Verified GUID (5d972feee877147b3c772c5418ce7ed5) of player #4 ErikArnt
﻿13:27:20 : Player #4 ErikArnt disconnected
﻿13:27:40 : Player #4 Jose Luis (186.113.167.215:2304) connected
﻿13:27:42 : Player #4 Jose Luis - GUID: d9558a067db2e5932e8a58c619edb83d (unverified)
﻿13:27:42 : Verified GUID (d9558a067db2e5932e8a58c619edb83d) of player #4 Jose Luis
﻿13:27:43 : Player #4 Jose Luis - Legacy GUID: 7beaaf3c723b44978f2c26b96411e08c
﻿13:27:58 : RCon admin #0: (Global) [juandayz] pone otra :D la casa te sirve todabiaa
﻿13:28:00 : Player #6 ErikArnt (186.251.248.3:2304) connected
﻿13:28:01 : Player #6 ErikArnt - GUID: 5d972feee877147b3c772c5418ce7ed5 (unverified)
﻿13:28:02 : Verified GUID (5d972feee877147b3c772c5418ce7ed5) of player #6 ErikArnt
﻿13:28:02 : Player #6 ErikArnt - Legacy GUID: ec12d7cec95abcc7e52b4853fcf055af
﻿13:28:02 : Player #6 ErikArnt disconnected
﻿13:28:15 : Player #6 adm#2 (190.226.79.148:2304) connected
﻿13:28:17 : Player #7 ErikArnt (186.251.248.3:2304) connected
﻿13:28:17 : Player #6 adm#2 - GUID: d603844e2f77196bf616245ae360213b (unverified)
﻿13:28:18 : Player #7 ErikArnt - GUID: 5d972feee877147b3c772c5418ce7ed5 (unverified)
﻿13:28:18 : Verified GUID (d603844e2f77196bf616245ae360213b) of player #6 adm#2
﻿13:28:18 : Verified GUID (5d972feee877147b3c772c5418ce7ed5) of player #7 ErikArnt
﻿13:28:19 : Player #7 ErikArnt - Legacy GUID: ec12d7cec95abcc7e52b4853fcf055af
﻿13:28:19 : Player #7 ErikArnt disconnected
﻿13:28:19 : Player #6 adm#2 - Legacy GUID: a5aa074813dab730e26d67b8a0a0af6c
﻿13:29:11 : Player #7 ErikArnt (186.251.248.3:2304) connected
﻿13:29:12 : Player #7 ErikArnt - GUID: 5d972feee877147b3c772c5418ce7ed5 (unverified)
﻿13:29:13 : Verified GUID (5d972feee877147b3c772c5418ce7ed5) of player #7 ErikArnt
﻿13:29:14 : Player #7 ErikArnt - Legacy GUID: ec12d7cec95abcc7e52b4853fcf055af
﻿13:29:14 : Player #7 ErikArnt disconnected
﻿13:29:43 : RCon admin #0: (Global) [juandayz] no, la casa te sirve 
﻿13:30:09 : RCon admin #0: (Global) [juandayz] como andas super chango
﻿13:30:11 : Player #7 ErikArnt (186.251.248.3:2304) connected
﻿13:30:12 : Player #7 ErikArnt - GUID: 5d972feee877147b3c772c5418ce7ed5 (unverified)
﻿13:30:13 : Verified GUID (5d972feee877147b3c772c5418ce7ed5) of player #7 ErikArnt
﻿13:30:13 : Player #7 ErikArnt - Legacy GUID: ec12d7cec95abcc7e52b4853fcf055af
﻿13:30:13 : Player #7 ErikArnt disconnected
﻿13:30:28 : RCon admin #0: (Global) [juandayz] tiene caidas el vps
﻿13:44:55 : Player #7 Roger (190.231.216.55:2304) connected
﻿13:44:56 : Player #7 Roger - GUID: d85cdb1b576befb0802c1e980bbde467 (unverified)
﻿13:44:57 : Verified GUID (d85cdb1b576befb0802c1e980bbde467) of player #7 Roger
﻿13:44:57 : Player #7 Roger - Legacy GUID: 7f8db49ce87ca05211184687935b6bf4
﻿13:45:29 : Player #3 Dallheim disconnected
﻿13:56:09 : Player #4 Jose Luis disconnected
﻿14:06:32 : RCon admin #0: (Global) [juandayz] SANTIAGO! que te pasooooo :O
﻿14:07:59 : Player #3 Leyva (177.230.79.226:2304) connected
﻿14:08:02 : Player #3 Leyva - GUID: 50ce278bbec370b1dd0fd8a8770643b6 (unverified)
﻿14:08:02 : Verified GUID (50ce278bbec370b1dd0fd8a8770643b6) of player #3 Leyva
﻿14:08:04 : Player #3 Leyva - Legacy GUID: c5581512eb773844116e836fbd4370a2
﻿14:08:13 : RCon admin #0: (Global) [juandayz] bueno pero ...... osea :D quien te manda a chocar jaja
﻿14:09:32 : Player #3 Leyva disconnected
﻿14:18:44 : RCon admin #0: (Global) [juandayz] te aparecio la opcion?
﻿14:18:51 : RCon admin #0: (Global) [juandayz] es con la rueda del mouse
﻿14:18:54 : Player #2 Dragons (3c6c048346652b2441b43e719a05201a) has been kicked by BattlEye: Client not responding
﻿14:24:26 : Player #2 Dragons (186.22.173.62:2304) connected
﻿14:24:27 : Player #2 Dragons - GUID: 3c6c048346652b2441b43e719a05201a (unverified)
﻿14:24:28 : Verified GUID (3c6c048346652b2441b43e719a05201a) of player #2 Dragons
﻿14:24:28 : Player #2 Dragons - Legacy GUID: 3913b982b8c60e961ef4fc2d2bc88df7
﻿14:24:44 : Player #3 luiz296 (201.50.93.213:2304) connected
﻿14:24:45 : Player #3 luiz296 - GUID: 725eac50af904ab1e50bccd3c7429761 (unverified)
﻿14:24:46 : Player #3 luiz296 - Legacy GUID: 7cbffd7f9c52302d6d0f83a236c28492
﻿14:24:46 : Verified GUID (725eac50af904ab1e50bccd3c7429761) of player #3 luiz296
﻿14:24:47 : Player #3 luiz296 disconnected
﻿14:34:50 : Player #6 adm#2 disconnected
﻿14:34:54 : Player #3 adm#2 (190.226.79.148:2304) connected
﻿14:34:55 : Player #3 adm#2 - GUID: d603844e2f77196bf616245ae360213b (unverified)
﻿14:34:56 : Verified GUID (d603844e2f77196bf616245ae360213b) of player #3 adm#2
﻿14:34:56 : Player #3 adm#2 - Legacy GUID: a5aa074813dab730e26d67b8a0a0af6c
﻿14:42:59 : Player #7 Roger disconnected
﻿14:45:00 : RCon admin #1: (Global) BEC : This server will restart in 15 minutes
﻿14:52:23 : Player #0 JiNX disconnected
﻿14:55:00 : RCon admin #1: (Global) BEC : This server will restart in 5 minutes
﻿14:56:34 : Player #0 Davi (190.11.112.109:2304) connected
﻿14:56:35 : Player #0 Davi - GUID: df77d315b5a5c9a84d7c1ff837023058 (unverified)
﻿14:56:36 : Player #0 Davi - Legacy GUID: a57008907b09c5041803c401831d6370
﻿14:56:46 : Verified GUID (df77d315b5a5c9a84d7c1ff837023058) of player #0 Davi
﻿14:59:00 : RCon admin #1: (Global) BEC : This server will restart in 1 minute, Log out now!
﻿14:59:57 : Player #2 Dragons disconnected
﻿15:00:01 : Lost Connection!
﻿15:00:01 : Closing socket & exiting!
﻿15:01:15 : Rcon client logging in
﻿15:01:15 : RCon admin #0 (127.0.0.1:56493) logged in
﻿15:01:21 : Player #1 adm#2 (190.226.79.148:2304) connected
﻿15:01:24 : Player #1 adm#2 - GUID: d603844e2f77196bf616245ae360213b (unverified)
﻿15:01:24 : Verified GUID (d603844e2f77196bf616245ae360213b) of player #1 adm#2
﻿15:01:26 : Player #1 adm#2 - Legacy GUID: a5aa074813dab730e26d67b8a0a0af6c
﻿15:09:04 : Player #2 Bad Guy (24.232.71.49:2304) connected
﻿15:09:06 : Player #2 Bad Guy - GUID: dda8f26d97fcb7ca8899f7f65d8536cf (unverified)
﻿15:09:06 : Verified GUID (dda8f26d97fcb7ca8899f7f65d8536cf) of player #2 Bad Guy
﻿15:09:06 : Player #2 Bad Guy - Legacy GUID: e63f5403618860de28c9af75ce0b2365
﻿15:10:04 : Player #3 Dragons (186.22.173.62:2304) connected
﻿15:10:05 : Player #3 Dragons - GUID: 3c6c048346652b2441b43e719a05201a (unverified)
﻿15:10:05 : Verified GUID (3c6c048346652b2441b43e719a05201a) of player #3 Dragons
﻿15:10:06 : Player #3 Dragons - Legacy GUID: 3913b982b8c60e961ef4fc2d2bc88df7
﻿15:11:54 : Player #4 JF (190.185.192.18:26512) connected
﻿15:11:55 : Player #4 JF - GUID: 93a2a9d9bc7acb34122becec3305fde7 (unverified)
﻿15:11:56 : Verified GUID (93a2a9d9bc7acb34122becec3305fde7) of player #4 JF
﻿15:11:56 : Player #4 JF - Legacy GUID: 1e3460faa1452299ec3b5f220fe797e0
﻿15:21:39 : Player #5 BerserkMajor (181.122.46.152:2304) connected
﻿15:21:40 : Player #5 BerserkMajor - GUID: 39f205ce4271a334ab163b5b8574035c (unverified)
﻿15:21:40 : Verified GUID (39f205ce4271a334ab163b5b8574035c) of player #5 BerserkMajor
﻿15:21:41 : Player #5 BerserkMajor - Legacy GUID: 21b4e4358be36fbc1d69bb9446d09a37
﻿15:43:01 : Player #2 Bad Guy disconnected
﻿15:50:37 : Player #2 Santiago (2) (181.162.83.69:60496) connected
﻿15:50:38 : Player #2 Santiago (2) - GUID: 9656bd9568e0bdbc3f3c1a7a912b4ac2 (unverified)
﻿15:50:38 : Verified GUID (9656bd9568e0bdbc3f3c1a7a912b4ac2) of player #2 Santiago (2)
﻿15:50:39 : Player #2 Santiago (2) - Legacy GUID: aee6a02d49b8ba700b0ffc76afb84ffd
﻿15:50:41 : Player #2 Santiago (2) disconnected
﻿15:51:42 : RCon admin #1 (127.0.0.1:52560) logged in
﻿15:52:31 : RCon admin #1: (Global) [juandayz] Bienvenido BersekMajor un gusto tener gente de paraguay!
﻿16:27:35 : Player #4 JF disconnected
﻿16:37:07 : Player #5 BerserkMajor disconnected
﻿16:54:15 : Player #0 santiago (5f72597ccf11380055e35a403a02fb81) has been kicked by BattlEye: Ping too high (718)
﻿16:54:33 : Player #0 santiago (181.138.126.217:17603) connected
﻿16:54:35 : Player #0 santiago - GUID: 5f72597ccf11380055e35a403a02fb81 (unverified)
﻿16:54:35 : Player #0 santiago - Legacy GUID: f8c8299b0a688de480efb946d670fbbd
﻿16:54:36 : Verified GUID (5f72597ccf11380055e35a403a02fb81) of player #0 santiago
﻿17:03:16 : Player #2 Dallheim (186.23.160.35:2304) connected
﻿17:03:19 : Player #2 Dallheim - GUID: dc090b6b8b03c8bb77350fca3718f588 (unverified)
﻿17:03:19 : Player #2 Dallheim - Legacy GUID: 0134fada23f8786da3de29b537100a03
﻿17:03:19 : Verified GUID (dc090b6b8b03c8bb77350fca3718f588) of player #2 Dallheim
﻿17:04:08 : Player #4 Marcos (181.121.17.52:2304) connected
﻿17:04:10 : Player #4 Marcos - GUID: 89487a1d59073e3901a861b2e672c8a4 (unverified)
﻿17:04:10 : Verified GUID (89487a1d59073e3901a861b2e672c8a4) of player #4 Marcos
﻿17:04:10 : Player #4 Marcos disconnected
﻿17:04:11 : Player #4 Marcos - Legacy GUID: 63157d3a612d304830b703c94a8ef6a3
﻿17:12:32 : Player #3 Dragons disconnected
﻿17:15:01 : Player #3 Dragons (186.22.173.62:2304) connected
﻿17:15:02 : Player #3 Dragons - GUID: 3c6c048346652b2441b43e719a05201a (unverified)
﻿17:15:03 : Player #3 Dragons - Legacy GUID: 3913b982b8c60e961ef4fc2d2bc88df7
﻿17:15:03 : Verified GUID (3c6c048346652b2441b43e719a05201a) of player #3 Dragons
﻿17:16:18 : RCon admin #0: (To adm#2) BEC : You have about 60 seconds left to join the mission.
﻿17:16:49 : RCon admin #0: (To adm#2) BEC : You have about 30 seconds left to join the mission.
﻿17:17:03 : RCon admin #0: (To adm#2) BEC : You have about 15 seconds left to join the mission.
﻿17:17:18 : Player #1 adm#2 (d603844e2f77196bf616245ae360213b) has been kicked by BattlEye: Admin Kick (BEC : Lobby idling to long)
﻿17:27:22 : RCon admin #1: (Global) [juandayz] dragons, el fall no se puede vender. pero ahora lo agrego para el proximo restart
﻿17:27:59 : Player #1 adm#2 (190.226.79.148:2304) connected
﻿17:28:00 : Player #1 adm#2 - GUID: d603844e2f77196bf616245ae360213b (unverified)
﻿17:28:01 : Verified GUID (d603844e2f77196bf616245ae360213b) of player #1 adm#2
﻿17:28:01 : Player #1 adm#2 - Legacy GUID: a5aa074813dab730e26d67b8a0a0af6c
﻿17:28:26 : RCon admin #1: (Global) [juandayz] mmm entonces capaz q ya los habia agregado :D
﻿17:29:28 : RCon admin #1: (Global) [juandayz] la idea del 107 de q no este en el trade era para solo conseguirla en misiones
﻿17:39:52 : Player #4 Dromsito (190.48.162.136:2304) connected
﻿17:39:54 : Player #4 Dromsito - GUID: a28691e3b8de5b6290cb77c4cf8a4a55 (unverified)
﻿17:39:54 : Verified GUID (a28691e3b8de5b6290cb77c4cf8a4a55) of player #4 Dromsito
﻿17:39:54 : Player #4 Dromsito - Legacy GUID: 8916210343111f5bd06931debdd291cb
﻿17:45:00 : RCon admin #0: (Global) BEC : This server will restart in 15 minutes
﻿17:46:51 : Player #2 Dallheim disconnected
﻿17:47:08 : Player #2 Dallheim (186.23.160.35:2304) connected
﻿17:47:09 : Player #2 Dallheim - GUID: dc090b6b8b03c8bb77350fca3718f588 (unverified)
﻿17:47:10 : Verified GUID (dc090b6b8b03c8bb77350fca3718f588) of player #2 Dallheim
﻿17:47:10 : Player #2 Dallheim - Legacy GUID: 0134fada23f8786da3de29b537100a03
﻿17:47:36 : RCon admin #1: (Global) [juandayz] para hacer la copia necesitas 1x tin bar, una fogota a menos de 3m y un keymaker
﻿17:47:58 : RCon admin #1: (Global) [juandayz] hola dromsito, como estas
﻿17:50:34 : Player #2 Dallheim disconnected
﻿17:51:00 : Player #5 Dallheim (186.23.160.35:2304) connected
﻿17:51:01 : Player #5 Dallheim - GUID: dc090b6b8b03c8bb77350fca3718f588 (unverified)
﻿17:51:01 : Verified GUID (dc090b6b8b03c8bb77350fca3718f588) of player #5 Dallheim
﻿17:51:02 : Player #5 Dallheim - Legacy GUID: 0134fada23f8786da3de29b537100a03
﻿17:55:00 : RCon admin #0: (Global) BEC : This server will restart in 5 minutes
﻿17:59:00 : RCon admin #0: (Global) BEC : This server will restart in 1 minute, Log out now!
﻿17:59:17 : Player #3 Dragons disconnected
﻿18:00:01 : Lost Connection!
﻿18:00:01 : Closing socket & exiting!
﻿18:01:15 : Rcon client logging in
﻿18:01:15 : RCon admin #1 (127.0.0.1:52804) logged in
﻿18:01:25 : Player #0 santiago (181.138.126.217:17603) connected
﻿18:01:29 : Player #0 santiago - GUID: 5f72597ccf11380055e35a403a02fb81 (unverified)
﻿18:01:29 : Verified GUID (5f72597ccf11380055e35a403a02fb81) of player #0 santiago
﻿18:01:29 : Player #0 santiago - Legacy GUID: f8c8299b0a688de480efb946d670fbbd
﻿18:01:37 : Player #1 Dromsito (190.48.162.136:2304) connected
﻿18:01:38 : Player #1 Dromsito - GUID: a28691e3b8de5b6290cb77c4cf8a4a55 (unverified)
﻿18:01:39 : Verified GUID (a28691e3b8de5b6290cb77c4cf8a4a55) of player #1 Dromsito
﻿18:01:39 : Player #1 Dromsito - Legacy GUID: 8916210343111f5bd06931debdd291cb
﻿18:02:00 : Player #2 Dallheim (186.23.160.35:2304) connected
﻿18:02:36 : Player #2 Dallheim - GUID: dc090b6b8b03c8bb77350fca3718f588 (unverified)
﻿18:02:36 : Player #2 Dallheim - Legacy GUID: 0134fada23f8786da3de29b537100a03
﻿18:02:36 : Verified GUID (dc090b6b8b03c8bb77350fca3718f588) of player #2 Dallheim
﻿18:04:47 : Player #3 Azrael1x (191.80.211.27:2304) connected
﻿18:04:48 : Player #3 Azrael1x - GUID: f3bbe77e31363319b3378084ddcb86d8 (unverified)
﻿18:04:49 : Verified GUID (f3bbe77e31363319b3378084ddcb86d8) of player #3 Azrael1x
﻿18:04:49 : Player #3 Azrael1x - Legacy GUID: 872394ca0b82ad6e77d13dc8f5141d95
﻿18:05:14 : Player #3 Azrael1x disconnected
﻿18:08:58 : Player #1 Dromsito disconnected
﻿18:12:52 : Player #1 Dromsito (190.48.162.136:2304) connected
﻿18:12:53 : Player #1 Dromsito - GUID: a28691e3b8de5b6290cb77c4cf8a4a55 (unverified)
﻿18:12:54 : Player #1 Dromsito - Legacy GUID: 8916210343111f5bd06931debdd291cb
﻿18:12:54 : Verified GUID (a28691e3b8de5b6290cb77c4cf8a4a55) of player #1 Dromsito
﻿18:13:56 : Player #3 Azrael1x (191.80.211.27:2304) connected
﻿18:13:57 : Player #3 Azrael1x - GUID: f3bbe77e31363319b3378084ddcb86d8 (unverified)
﻿18:13:57 : Verified GUID (f3bbe77e31363319b3378084ddcb86d8) of player #3 Azrael1x
﻿18:13:58 : Player #3 Azrael1x - Legacy GUID: 872394ca0b82ad6e77d13dc8f5141d95
﻿18:22:59 : Player #4 ujsi (190.50.223.18:2304) connected
﻿18:23:00 : Player #4 ujsi - GUID: acf1e48db18bb416e8449fdbaa214ce2 (unverified)
﻿18:23:01 : Player #4 ujsi - Legacy GUID: 4c46de59723894acc5089bcfcd0aa8d8
﻿18:23:03 : Verified GUID (acf1e48db18bb416e8449fdbaa214ce2) of player #4 ujsi
﻿18:23:37 : Player #4 ujsi disconnected
﻿18:24:31 : Player #4 ujsi (190.50.223.18:2304) connected
﻿18:24:32 : Player #4 ujsi - GUID: acf1e48db18bb416e8449fdbaa214ce2 (unverified)
﻿18:24:33 : Verified GUID (acf1e48db18bb416e8449fdbaa214ce2) of player #4 ujsi
﻿18:24:33 : Player #4 ujsi - Legacy GUID: 4c46de59723894acc5089bcfcd0aa8d8
﻿18:34:56 : Player #3 Azrael1x disconnected
﻿18:43:40 : Player #3 adm#2 (190.226.79.148:2304) connected
﻿18:43:41 : Player #3 adm#2 - GUID: d603844e2f77196bf616245ae360213b (unverified)
﻿18:43:42 : Player #3 adm#2 - Legacy GUID: a5aa074813dab730e26d67b8a0a0af6c
﻿18:43:42 : Verified GUID (d603844e2f77196bf616245ae360213b) of player #3 adm#2
﻿18:47:28 : Player #4 ujsi (acf1e48db18bb416e8449fdbaa214ce2) has been kicked by BattlEye: Client not responding
﻿18:48:29 : Player #4 ujsi (190.50.234.156:2304) connected
﻿18:48:30 : Player #4 ujsi - GUID: acf1e48db18bb416e8449fdbaa214ce2 (unverified)
﻿18:48:31 : Verified GUID (acf1e48db18bb416e8449fdbaa214ce2) of player #4 ujsi
﻿18:48:31 : Player #4 ujsi - Legacy GUID: 4c46de59723894acc5089bcfcd0aa8d8
﻿18:51:40 : Player #4 ujsi disconnected
﻿18:59:39 : Player #4 JiNX (181.44.217.18:2304) connected
﻿18:59:40 : Player #4 JiNX - GUID: e704b5642ef839477a8bc92894e3c1dd (unverified)
﻿18:59:41 : Verified GUID (e704b5642ef839477a8bc92894e3c1dd) of player #4 JiNX
﻿18:59:41 : Player #4 JiNX - Legacy GUID: 7a6860f48f3050e553969243b3b4dccc
﻿19:01:37 : Player #5 Bad Guy (24.232.71.49:2304) connected
﻿19:01:38 : Player #5 Bad Guy - GUID: dda8f26d97fcb7ca8899f7f65d8536cf (unverified)
﻿19:01:39 : Verified GUID (dda8f26d97fcb7ca8899f7f65d8536cf) of player #5 Bad Guy
﻿19:01:39 : Player #5 Bad Guy - Legacy GUID: e63f5403618860de28c9af75ce0b2365
﻿19:02:07 : Player #6 Azrael1x (191.80.211.27:2304) connected
﻿19:02:09 : Player #6 Azrael1x - GUID: f3bbe77e31363319b3378084ddcb86d8 (unverified)
﻿19:02:09 : Verified GUID (f3bbe77e31363319b3378084ddcb86d8) of player #6 Azrael1x
﻿19:02:09 : Player #6 Azrael1x - Legacy GUID: 872394ca0b82ad6e77d13dc8f5141d95
﻿19:03:44 : Player #5 Bad Guy disconnected
﻿19:04:20 : Player #5 BIgote (190.134.145.36:9884) connected
﻿19:04:22 : Player #5 BIgote - Legacy GUID: 0ff4b43479c9ed317ab10d657c3aea9a
﻿19:04:22 : Player #5 BIgote - GUID: b2ff206840a64d7fa530377b2c3dbfd4 (unverified)
﻿19:04:23 : Verified GUID (b2ff206840a64d7fa530377b2c3dbfd4) of player #5 BIgote
﻿19:05:34 : Player #7 Bad Guy (24.232.71.49:2304) connected
﻿19:05:36 : Player #7 Bad Guy - GUID: dda8f26d97fcb7ca8899f7f65d8536cf (unverified)
﻿19:05:36 : Verified GUID (dda8f26d97fcb7ca8899f7f65d8536cf) of player #7 Bad Guy
﻿19:05:37 : Player #7 Bad Guy - Legacy GUID: e63f5403618860de28c9af75ce0b2365
﻿19:05:47 : RCon admin #0: (Global) [juandayz] q paso dallheim
﻿19:07:31 : Player #8 ujsi (190.50.234.156:2304) connected
﻿19:07:32 : Player #8 ujsi - GUID: acf1e48db18bb416e8449fdbaa214ce2 (unverified)
﻿19:07:33 : Verified GUID (acf1e48db18bb416e8449fdbaa214ce2) of player #8 ujsi
﻿19:07:33 : Player #8 ujsi - Legacy GUID: 4c46de59723894acc5089bcfcd0aa8d8
﻿19:07:41 : Player #3 adm#2 disconnected
﻿19:07:49 : Player #3 adm#2 (190.226.79.148:2304) connected
﻿19:07:50 : Player #3 adm#2 - GUID: d603844e2f77196bf616245ae360213b (unverified)
﻿19:07:51 : Verified GUID (d603844e2f77196bf616245ae360213b) of player #3 adm#2
﻿19:07:51 : Player #3 adm#2 - Legacy GUID: a5aa074813dab730e26d67b8a0a0af6c
﻿19:07:52 : Player #4 JiNX disconnected
﻿19:08:05 : Player #7 Bad Guy disconnected
﻿19:08:28 : Player #6 Azrael1x disconnected
﻿19:08:40 : RCon admin #0: (To Dallheim) [juandayz] dale ahi te lo devuelvo
﻿19:09:34 : Player #3 adm#2 (d603844e2f77196bf616245ae360213b) has been kicked by BattlEye: Client not responding
﻿19:09:34 : Player #5 BIgote (b2ff206840a64d7fa530377b2c3dbfd4) has been kicked by BattlEye: Client not responding
﻿19:09:36 : Player #0 santiago (5f72597ccf11380055e35a403a02fb81) has been kicked by BattlEye: Client not responding
﻿19:09:37 : Player #1 Dromsito (a28691e3b8de5b6290cb77c4cf8a4a55) has been kicked by BattlEye: Client not responding
﻿19:09:37 : Player #2 Dallheim (dc090b6b8b03c8bb77350fca3718f588) has been kicked by BattlEye: Client not responding
﻿19:09:37 : Player #8 ujsi (acf1e48db18bb416e8449fdbaa214ce2) has been kicked by BattlEye: Client not responding
﻿19:10:11 : Player #0 JiNX (181.44.217.18:1025) connected
﻿19:10:12 : Player #0 JiNX - GUID: e704b5642ef839477a8bc92894e3c1dd (unverified)
﻿19:10:13 : Player #0 JiNX - Legacy GUID: 7a6860f48f3050e553969243b3b4dccc
﻿19:10:15 : Verified GUID (e704b5642ef839477a8bc92894e3c1dd) of player #0 JiNX
﻿19:10:22 : Player #1 Azrael1x (191.80.211.27:1025) connected
﻿19:10:23 : Player #1 Azrael1x - GUID: f3bbe77e31363319b3378084ddcb86d8 (unverified)
﻿19:10:24 : Verified GUID (f3bbe77e31363319b3378084ddcb86d8) of player #1 Azrael1x
﻿19:10:25 : Player #1 Azrael1x - Legacy GUID: 872394ca0b82ad6e77d13dc8f5141d95
﻿19:10:26 : Player #2 Dallheim (186.23.160.35:1025) connected
﻿19:10:30 : Player #2 Dallheim - GUID: dc090b6b8b03c8bb77350fca3718f588 (unverified)
﻿19:10:32 : Verified GUID (dc090b6b8b03c8bb77350fca3718f588) of player #2 Dallheim
﻿19:10:33 : Player #2 Dallheim - Legacy GUID: 0134fada23f8786da3de29b537100a03
﻿19:11:52 : Player #3 Bad Guy (24.232.71.49:1025) connected
﻿19:11:53 : Player #3 Bad Guy - GUID: dda8f26d97fcb7ca8899f7f65d8536cf (unverified)
﻿19:11:53 : Verified GUID (dda8f26d97fcb7ca8899f7f65d8536cf) of player #3 Bad Guy
﻿19:11:54 : Player #3 Bad Guy - Legacy GUID: e63f5403618860de28c9af75ce0b2365
﻿19:11:55 : Player #4 adm#2 (190.226.79.148:1025) connected
﻿19:11:56 : Player #4 adm#2 - GUID: d603844e2f77196bf616245ae360213b (unverified)
﻿19:11:56 : Verified GUID (d603844e2f77196bf616245ae360213b) of player #4 adm#2
﻿19:11:57 : Player #4 adm#2 - Legacy GUID: a5aa074813dab730e26d67b8a0a0af6c
﻿19:12:02 : Player #2 Dallheim disconnected
﻿19:12:17 : Player #2 Dromsito (190.48.162.136:1025) connected
﻿19:12:18 : Player #2 Dromsito - GUID: a28691e3b8de5b6290cb77c4cf8a4a55 (unverified)
﻿19:12:19 : Verified GUID (a28691e3b8de5b6290cb77c4cf8a4a55) of player #2 Dromsito
﻿19:12:19 : Player #2 Dromsito - Legacy GUID: 8916210343111f5bd06931debdd291cb
﻿19:13:28 : Player #4 adm#2 disconnected
﻿19:13:42 : Player #4 [Amish]Churro (152.169.156.156:2304) connected
﻿19:13:44 : Player #4 [Amish]Churro - GUID: dde1966f1dd7e3054e1b1eb0a534628d (unverified)
﻿19:13:45 : Verified GUID (dde1966f1dd7e3054e1b1eb0a534628d) of player #4 [Amish]Churro
﻿19:13:45 : Player #4 [Amish]Churro - Legacy GUID: 400a9b7eb38b0cba4ee0340edd2b0aed
﻿19:13:54 : RCon admin #2 (167.56.116.209:61271) logged in
﻿19:15:25 : Player #2 Dromsito disconnected
﻿19:15:29 : Player #5 adm#2 (190.226.79.148:1025) connected
﻿19:15:30 : Player #5 adm#2 - GUID: d603844e2f77196bf616245ae360213b (unverified)
﻿19:15:31 : Verified GUID (d603844e2f77196bf616245ae360213b) of player #5 adm#2
﻿19:15:31 : Player #5 adm#2 - Legacy GUID: a5aa074813dab730e26d67b8a0a0af6c
﻿19:15:52 : Player #2 Nathan (177.125.169.125:2304) connected
﻿19:15:54 : Player #2 Nathan - GUID: d652abd78b3b14c938c773b09f646c63 (unverified)
﻿19:15:54 : Verified GUID (d652abd78b3b14c938c773b09f646c63) of player #2 Nathan
﻿19:15:55 : Player #2 Nathan - Legacy GUID: 07fa1cf2cf0a2a7b150f9a136c61a688
﻿19:15:55 : Player #2 Nathan disconnected
﻿19:17:18 : Player #1 Azrael1x disconnected
﻿19:19:33 : Player #0 JiNX disconnected
﻿19:20:08 : Player #4 [Amish]Churro disconnected
﻿19:20:44 : Player #0 [Amish]Churro (152.169.156.156:2304) connected
﻿19:20:46 : Player #0 [Amish]Churro - GUID: dde1966f1dd7e3054e1b1eb0a534628d (unverified)
﻿19:20:47 : Verified GUID (dde1966f1dd7e3054e1b1eb0a534628d) of player #0 [Amish]Churro
﻿19:20:48 : Player #0 [Amish]Churro - Legacy GUID: 400a9b7eb38b0cba4ee0340edd2b0aed
﻿19:21:42 : Player #1 Dallheim (186.23.160.35:2304) connected
﻿19:21:44 : Player #1 Dallheim - GUID: dc090b6b8b03c8bb77350fca3718f588 (unverified)
﻿19:21:45 : Verified GUID (dc090b6b8b03c8bb77350fca3718f588) of player #1 Dallheim
﻿19:21:45 : Player #1 Dallheim - Legacy GUID: 0134fada23f8786da3de29b537100a03
﻿19:21:50 : Player #2 JiNX (181.44.217.18:1025) connected
﻿19:21:51 : Player #2 JiNX - GUID: e704b5642ef839477a8bc92894e3c1dd (unverified)
﻿19:21:52 : Verified GUID (e704b5642ef839477a8bc92894e3c1dd) of player #2 JiNX
﻿19:21:53 : Player #2 JiNX - Legacy GUID: 7a6860f48f3050e553969243b3b4dccc
﻿19:23:33 : Player #5 adm#2 disconnected
﻿19:23:37 : Player #4 adm#2 (190.226.79.148:1025) connected
﻿19:23:39 : Player #4 adm#2 - GUID: d603844e2f77196bf616245ae360213b (unverified)
﻿19:23:39 : Verified GUID (d603844e2f77196bf616245ae360213b) of player #4 adm#2
﻿19:25:17 : Player #3 Bad Guy disconnected
﻿19:25:28 : Player #3 Bad Guy (24.232.71.49:1025) connected
﻿19:25:30 : Player #3 Bad Guy - GUID: dda8f26d97fcb7ca8899f7f65d8536cf (unverified)
﻿19:25:30 : Player #4 adm#2 disconnected
﻿19:25:30 : Player #3 Bad Guy - Legacy GUID: e63f5403618860de28c9af75ce0b2365
﻿19:25:31 : Verified GUID (dda8f26d97fcb7ca8899f7f65d8536cf) of player #3 Bad Guy
﻿19:27:01 : Player #4 Azrael1x (191.80.211.27:2304) connected
﻿19:27:03 : Player #4 Azrael1x - GUID: f3bbe77e31363319b3378084ddcb86d8 (unverified)
﻿19:27:04 : Player #4 Azrael1x - Legacy GUID: 872394ca0b82ad6e77d13dc8f5141d95
﻿19:27:06 : Verified GUID (f3bbe77e31363319b3378084ddcb86d8) of player #4 Azrael1x
﻿19:27:30 : Player #5 santiago (181.138.126.217:19110) connected
﻿19:27:34 : Player #5 santiago - GUID: 5f72597ccf11380055e35a403a02fb81 (unverified)
﻿19:27:35 : Verified GUID (5f72597ccf11380055e35a403a02fb81) of player #5 santiago
﻿19:27:35 : Player #5 santiago - Legacy GUID: f8c8299b0a688de480efb946d670fbbd
﻿19:29:06 : Player #6 adm#2 (190.226.79.148:1025) connected
﻿19:29:08 : Player #6 adm#2 - GUID: d603844e2f77196bf616245ae360213b (unverified)
﻿19:29:08 : Player #6 adm#2 - Legacy GUID: a5aa074813dab730e26d67b8a0a0af6c
﻿19:29:09 : Verified GUID (d603844e2f77196bf616245ae360213b) of player #6 adm#2
﻿19:29:47 : Player #3 Bad Guy disconnected
﻿19:31:14 : Player #0 [Amish]Churro disconnected
﻿19:31:32 : Player #4 Azrael1x disconnected
﻿19:31:38 : Player #2 JiNX disconnected
﻿19:32:48 : RCon admin #0: (Global) [BEC] restart en 2 min para solucionar inconvenientes.
﻿19:32:58 : Player #6 adm#2 disconnected
﻿19:33:07 : Player #1 Dallheim disconnected
﻿19:33:52 : RCon admin #0: (Global) [BEC] restart please log out
﻿19:34:34 : Lost Connection!
﻿19:34:34 : Closing socket & exiting!
﻿19:38:12 : Rcon client logging in
﻿19:38:13 : RCon admin #0 (127.0.0.1:49877) logged in
﻿19:39:08 : RCon admin #1 (127.0.0.1:52101) logged in
﻿19:40:10 : Player #1 Ecommerce1 (50.250.122.30:5806) connected
﻿19:40:11 : Player #1 Ecommerce1 - GUID: 198f02b51450b8d8977f05c28f086096 (unverified)
﻿19:40:11 : Verified GUID (198f02b51450b8d8977f05c28f086096) of player #1 Ecommerce1
﻿19:40:12 : Player #1 Ecommerce1 - Legacy GUID: f0eca0baf5cabd8b2e140142ee086bdf
﻿19:40:13 : Player #1 Ecommerce1 disconnected
﻿19:40:39 : Player #1 Ecommerce1 (50.250.122.30:5806) connected
﻿19:40:40 : Player #1 Ecommerce1 - GUID: 198f02b51450b8d8977f05c28f086096 (unverified)
﻿19:40:41 : Verified GUID (198f02b51450b8d8977f05c28f086096) of player #1 Ecommerce1
﻿19:40:41 : Player #1 Ecommerce1 - Legacy GUID: f0eca0baf5cabd8b2e140142ee086bdf
﻿19:40:42 : Player #1 Ecommerce1 disconnected
﻿19:41:43 : Player #1 santiago (181.138.126.217:19141) connected
﻿19:41:45 : Player #1 santiago - GUID: 5f72597ccf11380055e35a403a02fb81 (unverified)
﻿19:41:45 : Verified GUID (5f72597ccf11380055e35a403a02fb81) of player #1 santiago
﻿19:41:46 : Player #1 santiago - Legacy GUID: f8c8299b0a688de480efb946d670fbbd
﻿19:45:55 : Player #2 [Amish]Churro (152.169.156.156:2304) connected
﻿19:45:56 : Player #2 [Amish]Churro - GUID: dde1966f1dd7e3054e1b1eb0a534628d (unverified)
﻿19:45:56 : Verified GUID (dde1966f1dd7e3054e1b1eb0a534628d) of player #2 [Amish]Churro
﻿19:45:57 : Player #2 [Amish]Churro - Legacy GUID: 400a9b7eb38b0cba4ee0340edd2b0aed
﻿19:46:48 : Player #2 [Amish]Churro disconnected
﻿19:51:56 : Player #2 [Amish]Churro (152.169.156.156:2304) connected
﻿19:51:58 : Player #2 [Amish]Churro - GUID: dde1966f1dd7e3054e1b1eb0a534628d (unverified)
﻿19:51:58 : Player #2 [Amish]Churro - Legacy GUID: 400a9b7eb38b0cba4ee0340edd2b0aed
﻿19:51:59 : Verified GUID (dde1966f1dd7e3054e1b1eb0a534628d) of player #2 [Amish]Churro
﻿19:52:30 : Player #2 [Amish]Churro disconnected
﻿19:56:39 : RCon admin #1: (Global) [BEC] para talar madera tenes 2 formas santiago
﻿19:56:51 : RCon admin #1: (Global) [BEC] 1 con un hacha, la 2da con motosierra
﻿19:57:09 : RCon admin #1: (Global) [BEC] si usas el hacha, sacate el arma de las manos
﻿19:57:30 : RCon admin #1: (Global) [BEC] y le haces click derecho al hacha, remove from toolbelt
﻿19:57:37 : RCon admin #1: (Global) [BEC] una vez q la tenes en mano
﻿19:57:53 : RCon admin #1: (Global) [BEC] te paras frente a un arbol y le pagas al tronco
﻿19:58:05 : RCon admin #1: (Global) [BEC] hasta q caigaa el arbol
﻿20:19:24 : Player #2 Dedson (177.129.25.57:2304) connected
﻿20:19:25 : Player #2 Dedson - GUID: 90692518256813b579d4121129d7074d (unverified)
﻿20:19:26 : Verified GUID (90692518256813b579d4121129d7074d) of player #2 Dedson
﻿20:19:26 : Player #2 Dedson - Owner GUID: ab256a1cc67722eb60ae4d33645baa56
﻿20:19:26 : Player #2 Dedson - Legacy GUID: d8918dacd52c0a468858a1add6bcb85f
﻿20:19:27 : Player #2 Dedson disconnected
﻿20:41:23 : Player #2 wallace (190.176.209.68:2304) connected
﻿20:41:24 : Player #2 wallace - GUID: fc9bb4041d9b3feb5340fbad120fe497 (unverified)
﻿20:41:25 : Verified GUID (fc9bb4041d9b3feb5340fbad120fe497) of player #2 wallace
﻿20:41:26 : Player #2 wallace disconnected
﻿20:45:00 : RCon admin #0: (Global) BEC : This server will restart in 15 minutes
﻿20:55:00 : RCon admin #0: (Global) BEC : This server will restart in 5 minutes
﻿20:59:00 : RCon admin #0: (Global) BEC : Server restart in 1 minute, Log out NOW!
﻿21:00:03 : Lost Connection!
﻿21:00:03 : Closing socket & exiting!
﻿21:01:15 : Rcon client logging in
﻿21:01:15 : RCon admin #1 (127.0.0.1:57522) logged in
﻿21:01:17 : Player #0 santiago - GUID: 5f72597ccf11380055e35a403a02fb81 (unverified)
﻿21:01:18 : Verified GUID (5f72597ccf11380055e35a403a02fb81) of player #0 santiago
﻿21:01:19 : Player #0 santiago - Legacy GUID: f8c8299b0a688de480efb946d670fbbd
﻿21:01:42 : Player #1 Bad Guy (24.232.71.49:2304) connected
﻿21:01:42 : Player #1 Bad Guy - GUID: dda8f26d97fcb7ca8899f7f65d8536cf (unverified)
﻿21:02:16 : Verified GUID (dda8f26d97fcb7ca8899f7f65d8536cf) of player #1 Bad Guy
﻿21:02:16 : Player #1 Bad Guy - Legacy GUID: e63f5403618860de28c9af75ce0b2365
﻿21:02:56 : Player #2 Dromsito (190.48.162.136:2304) connected
﻿21:02:57 : Player #2 Dromsito - GUID: a28691e3b8de5b6290cb77c4cf8a4a55 (unverified)
﻿21:02:57 : Verified GUID (a28691e3b8de5b6290cb77c4cf8a4a55) of player #2 Dromsito
﻿21:02:58 : Player #2 Dromsito - Legacy GUID: 8916210343111f5bd06931debdd291cb
﻿21:07:01 : Player #3 Sirfes-AR (186.39.140.141:2304) connected
﻿21:07:02 : Player #3 Sirfes-AR - GUID: 2bb87957999ef128136a91e55814387e (unverified)
﻿21:07:03 : Verified GUID (2bb87957999ef128136a91e55814387e) of player #3 Sirfes-AR
﻿21:07:03 : Player #3 Sirfes-AR - Legacy GUID: 9029f11d17f3e3d0814db86b7e6f7e15
﻿21:08:19 : Player #4 BIgote (190.134.145.36:12830) connected
﻿21:08:20 : Player #4 BIgote - GUID: b2ff206840a64d7fa530377b2c3dbfd4 (unverified)
﻿21:08:21 : Verified GUID (b2ff206840a64d7fa530377b2c3dbfd4) of player #4 BIgote
﻿21:08:21 : Player #4 BIgote - Legacy GUID: 0ff4b43479c9ed317ab10d657c3aea9a
﻿21:09:31 : Player #5 FoxMonter (138.121.162.212:2304) connected
﻿21:09:33 : Player #5 FoxMonter - GUID: 5a30a70c53613ceaa1d934355f4929a9 (unverified)
﻿21:09:34 : Verified GUID (5a30a70c53613ceaa1d934355f4929a9) of player #5 FoxMonter
﻿21:09:35 : Player #5 FoxMonter - Legacy GUID: e41b53a41874a4bcdc759793edb448fa
﻿21:09:37 : Player #5 FoxMonter disconnected
﻿21:10:46 : Player #5 FoxMonter (138.121.162.212:2304) connected
﻿21:10:47 : Player #5 FoxMonter - GUID: 5a30a70c53613ceaa1d934355f4929a9 (unverified)
﻿21:10:47 : Verified GUID (5a30a70c53613ceaa1d934355f4929a9) of player #5 FoxMonter
﻿21:10:48 : Player #5 FoxMonter - Legacy GUID: e41b53a41874a4bcdc759793edb448fa
﻿21:10:50 : Player #5 FoxMonter disconnected
﻿21:11:43 : Player #4 BIgote disconnected
﻿21:12:50 : Player #1 Bad Guy disconnected
﻿21:14:01 : Player #1 FoxMonter (138.121.162.212:2304) connected
﻿21:14:02 : Player #1 FoxMonter - GUID: 5a30a70c53613ceaa1d934355f4929a9 (unverified)
﻿21:14:03 : Player #1 FoxMonter - Legacy GUID: e41b53a41874a4bcdc759793edb448fa
﻿21:14:03 : Verified GUID (5a30a70c53613ceaa1d934355f4929a9) of player #1 FoxMonter
﻿21:14:06 : Player #1 FoxMonter disconnected
﻿21:17:00 : Player #1 Azrael1x (191.80.211.27:2304) connected
﻿21:17:01 : Player #1 Azrael1x - GUID: f3bbe77e31363319b3378084ddcb86d8 (unverified)
﻿21:17:02 : Verified GUID (f3bbe77e31363319b3378084ddcb86d8) of player #1 Azrael1x
﻿21:17:02 : Player #1 Azrael1x - Legacy GUID: 872394ca0b82ad6e77d13dc8f5141d95
﻿21:22:09 : Player #3 Sirfes-AR disconnected
﻿21:26:12 : Player #3 Ecommerce1 (50.250.122.30:2304) connected
﻿21:26:13 : Player #3 Ecommerce1 - GUID: 198f02b51450b8d8977f05c28f086096 (unverified)
﻿21:26:13 : Verified GUID (198f02b51450b8d8977f05c28f086096) of player #3 Ecommerce1
﻿21:26:14 : Player #3 Ecommerce1 - Legacy GUID: f0eca0baf5cabd8b2e140142ee086bdf
﻿21:26:14 : Player #3 Ecommerce1 disconnected
﻿21:26:23 : Player #3 Bad Guy (24.232.71.49:2304) connected
﻿21:26:24 : Player #3 Bad Guy - GUID: dda8f26d97fcb7ca8899f7f65d8536cf (unverified)
﻿21:26:25 : Verified GUID (dda8f26d97fcb7ca8899f7f65d8536cf) of player #3 Bad Guy
﻿21:26:25 : Player #3 Bad Guy - Legacy GUID: e63f5403618860de28c9af75ce0b2365
﻿21:35:46 : Player #4 Ecommerce1 (50.250.122.30:2304) connected
﻿21:35:47 : Player #4 Ecommerce1 - GUID: 198f02b51450b8d8977f05c28f086096 (unverified)
﻿21:35:48 : Verified GUID (198f02b51450b8d8977f05c28f086096) of player #4 Ecommerce1
﻿21:35:48 : Player #4 Ecommerce1 - Legacy GUID: f0eca0baf5cabd8b2e140142ee086bdf
﻿21:35:49 : Player #4 Ecommerce1 disconnected
﻿21:38:18 : Player #4 Ismael Borsoi (143.202.219.17:18851) connected
﻿21:38:19 : Player #4 Ismael Borsoi - GUID: b63b7e0ca3ccb0221d9ff2d4f92cebce (unverified)
﻿21:38:20 : Player #4 Ismael Borsoi - Legacy GUID: b85de4183ee9255b60b1cb810bce54ac
﻿21:38:20 : Verified GUID (b63b7e0ca3ccb0221d9ff2d4f92cebce) of player #4 Ismael Borsoi
﻿21:38:43 : Player #4 Ismael Borsoi disconnected
﻿21:59:15 : RCon admin #1: (To Dromsito) BEC : You have about 60 seconds left to join the mission.
﻿21:59:47 : RCon admin #1: (To Dromsito) BEC : You have about 30 seconds left to join the mission.
﻿22:00:01 : RCon admin #1: (To Dromsito) BEC : You have about 15 seconds left to join the mission.
﻿22:00:15 : Player #2 Dromsito (a28691e3b8de5b6290cb77c4cf8a4a55) has been kicked by BattlEye: Admin Kick (BEC : Lobby idling to long)
﻿22:00:49 : Player #2 BIgote (190.134.145.36:19662) connected
﻿22:00:50 : Player #2 BIgote - GUID: b2ff206840a64d7fa530377b2c3dbfd4 (unverified)
﻿22:00:51 : Player #2 BIgote - Legacy GUID: 0ff4b43479c9ed317ab10d657c3aea9a
﻿22:00:51 : Verified GUID (b2ff206840a64d7fa530377b2c3dbfd4) of player #2 BIgote
﻿22:08:12 : Player #4 Ecommerce1 (50.250.122.30:2304) connected
﻿22:08:13 : Player #4 Ecommerce1 - GUID: 198f02b51450b8d8977f05c28f086096 (unverified)
﻿22:08:14 : Verified GUID (198f02b51450b8d8977f05c28f086096) of player #4 Ecommerce1
﻿22:08:14 : Player #4 Ecommerce1 - Legacy GUID: f0eca0baf5cabd8b2e140142ee086bdf
﻿22:08:23 : Player #4 Ecommerce1 disconnected
﻿22:09:47 : Player #4 erick (50.250.122.30:2304) connected
﻿22:09:49 : Player #4 erick - GUID: 198f02b51450b8d8977f05c28f086096 (unverified)
﻿22:09:49 : Verified GUID (198f02b51450b8d8977f05c28f086096) of player #4 erick
﻿22:09:50 : Player #4 erick - Legacy GUID: f0eca0baf5cabd8b2e140142ee086bdf
﻿22:12:20 : Player #4 erick - Legacy GUID: f0eca0baf5cabd8b2e140142ee086bdf
﻿22:13:39 : Player #5 FoxMonter (138.121.162.212:2304) connected
﻿22:13:40 : Player #5 FoxMonter - GUID: 5a30a70c53613ceaa1d934355f4929a9 (unverified)
﻿22:13:41 : Verified GUID (5a30a70c53613ceaa1d934355f4929a9) of player #5 FoxMonter
﻿22:13:41 : Player #5 FoxMonter - Legacy GUID: e41b53a41874a4bcdc759793edb448fa
﻿22:13:43 : Player #5 FoxMonter disconnected
﻿22:14:20 : Player #5 Dromsito (190.48.162.136:2304) connected
﻿22:14:21 : Player #5 Dromsito - GUID: a28691e3b8de5b6290cb77c4cf8a4a55 (unverified)
﻿22:14:21 : Verified GUID (a28691e3b8de5b6290cb77c4cf8a4a55) of player #5 Dromsito
﻿22:14:22 : Player #5 Dromsito - Legacy GUID: 8916210343111f5bd06931debdd291cb
﻿22:16:01 : Player #6 Sirfes-AR (186.39.140.141:2304) connected
﻿22:16:03 : Player #6 Sirfes-AR - GUID: 2bb87957999ef128136a91e55814387e (unverified)
﻿22:16:04 : Player #6 Sirfes-AR - Legacy GUID: 9029f11d17f3e3d0814db86b7e6f7e15
﻿22:16:04 : Verified GUID (2bb87957999ef128136a91e55814387e) of player #6 Sirfes-AR
﻿22:16:33 : Player #2 BIgote (b2ff206840a64d7fa530377b2c3dbfd4) has been kicked by BattlEye: Client not responding
﻿22:17:52 : Player #2 BIgote (190.133.234.85:19662) connected
﻿22:17:53 : Player #2 BIgote - GUID: b2ff206840a64d7fa530377b2c3dbfd4 (unverified)
﻿22:17:54 : Verified GUID (b2ff206840a64d7fa530377b2c3dbfd4) of player #2 BIgote
﻿22:17:54 : Player #2 BIgote - Legacy GUID: 0ff4b43479c9ed317ab10d657c3aea9a
﻿22:24:38 : Player #4 erick disconnected
﻿22:29:15 : Player #1 Azrael1x disconnected
﻿22:33:23 : Player #6 Sirfes-AR disconnected
﻿22:33:37 : Player #1 Lucky-Strik3Py (190.55.216.205:2304) connected
﻿22:33:38 : Player #1 Lucky-Strik3Py - GUID: 7c727762492a262502d5ebe3267e72ef (unverified)
﻿22:33:38 : Verified GUID (7c727762492a262502d5ebe3267e72ef) of player #1 Lucky-Strik3Py
﻿22:33:39 : Player #1 Lucky-Strik3Py - Legacy GUID: d0ef8c14113ec1b4c3b2ffc764c615cd
﻿22:33:44 : Player #1 Lucky-Strik3Py disconnected
﻿22:48:38 : Player #1 Sirfes-AR (186.39.140.141:2304) connected
﻿22:48:39 : Player #1 Sirfes-AR - GUID: 2bb87957999ef128136a91e55814387e (unverified)
﻿22:48:40 : Verified GUID (2bb87957999ef128136a91e55814387e) of player #1 Sirfes-AR
﻿22:48:40 : Player #1 Sirfes-AR - Legacy GUID: 9029f11d17f3e3d0814db86b7e6f7e15
﻿23:01:55 : Player #4 Paladin (189.129.47.62:59608) connected
﻿23:01:57 : Player #4 Paladin - GUID: 9cc2b3e61b4f41eba94eee408e0063b3 (unverified)
﻿23:01:58 : Verified GUID (9cc2b3e61b4f41eba94eee408e0063b3) of player #4 Paladin
﻿23:01:58 : Player #4 Paladin - Legacy GUID: 512af83a801ac33e7d6e05fbb915d32d
﻿23:02:59 : Player #1 Sirfes-AR disconnected
﻿23:07:33 : Player #1 Dallheim (186.23.160.35:2304) connected
﻿23:07:35 : Player #1 Dallheim - GUID: dc090b6b8b03c8bb77350fca3718f588 (unverified)
﻿23:07:36 : Verified GUID (dc090b6b8b03c8bb77350fca3718f588) of player #1 Dallheim
﻿23:07:36 : Player #1 Dallheim - Legacy GUID: 0134fada23f8786da3de29b537100a03
﻿23:07:45 : Player #1 Dallheim disconnected
﻿23:10:59 : Player #1 Dallheim (186.23.160.35:2304) connected
﻿23:11:00 : Player #1 Dallheim - GUID: dc090b6b8b03c8bb77350fca3718f588 (unverified)
﻿23:11:01 : Verified GUID (dc090b6b8b03c8bb77350fca3718f588) of player #1 Dallheim
﻿23:11:02 : Player #1 Dallheim - Legacy GUID: 0134fada23f8786da3de29b537100a03
﻿23:11:06 : Player #1 Dallheim disconnected
﻿23:11:23 : Player #1 NICOLASMARTIN (190.193.138.100:2304) connected
﻿23:11:25 : Player #1 NICOLASMARTIN - GUID: d42fb83e094df67b9d61b11a4c4e8c79 (unverified)
﻿23:11:25 : Verified GUID (d42fb83e094df67b9d61b11a4c4e8c79) of player #1 NICOLASMARTIN
﻿23:11:26 : Player #1 NICOLASMARTIN - Legacy GUID: 84c010ac034452938f3a1437e285862d
﻿23:11:31 : Player #1 NICOLASMARTIN disconnected
﻿23:14:23 : Player #1 Sirfes-AR (186.39.140.141:2304) connected
﻿23:14:24 : Player #1 Sirfes-AR - GUID: 2bb87957999ef128136a91e55814387e (unverified)
﻿23:14:25 : Player #1 Sirfes-AR - Legacy GUID: 9029f11d17f3e3d0814db86b7e6f7e15
﻿23:14:25 : Verified GUID (2bb87957999ef128136a91e55814387e) of player #1 Sirfes-AR
﻿23:14:46 : Player #1 Sirfes-AR disconnected
﻿23:16:13 : Player #1 Sirfes-AR (186.39.140.141:2304) connected
﻿23:16:14 : Player #1 Sirfes-AR - GUID: 2bb87957999ef128136a91e55814387e (unverified)
﻿23:16:15 : Verified GUID (2bb87957999ef128136a91e55814387e) of player #1 Sirfes-AR
﻿23:16:15 : Player #1 Sirfes-AR - Legacy GUID: 9029f11d17f3e3d0814db86b7e6f7e15
﻿23:18:55 : RCon admin #0: (To Paladin) [ADM] Bienvenido oPaladin!
﻿23:25:14 : Player #1 Sirfes-AR disconnected
﻿23:27:12 : Player #1 Sirfes-AR (186.39.140.141:2304) connected
﻿23:27:14 : Player #1 Sirfes-AR - GUID: 2bb87957999ef128136a91e55814387e (unverified)
﻿23:27:15 : Player #1 Sirfes-AR - Legacy GUID: 9029f11d17f3e3d0814db86b7e6f7e15
﻿23:27:15 : Verified GUID (2bb87957999ef128136a91e55814387e) of player #1 Sirfes-AR
﻿23:32:47 : Player #6 torabe (190.195.150.4:2304) connected
﻿23:32:48 : Player #6 torabe - GUID: e964b3921006bf92ef98b1a1d3d40bd4 (unverified)
﻿23:32:49 : Verified GUID (e964b3921006bf92ef98b1a1d3d40bd4) of player #6 torabe
﻿23:32:49 : Player #6 torabe - Legacy GUID: 99b7d1a5e7b75a962c55e64eb46aaed3
﻿23:33:40 : Player #7 Jose Luis (186.113.167.215:2304) connected
﻿23:33:42 : Player #7 Jose Luis - GUID: d9558a067db2e5932e8a58c619edb83d (unverified)
﻿23:33:42 : Verified GUID (d9558a067db2e5932e8a58c619edb83d) of player #7 Jose Luis
﻿23:33:43 : Player #7 Jose Luis - Legacy GUID: 7beaaf3c723b44978f2c26b96411e08c
﻿23:38:25 : Player #4 Paladin disconnected
﻿23:45:00 : RCon admin #1: (Global) BEC : This server will restart in 15 minutes
﻿23:49:51 : Player #4 amplexo (186.125.124.109:2304) connected
﻿23:49:53 : Player #4 amplexo - GUID: e09bb3357644ed2c195cb16aae6aa80b (unverified)
﻿23:49:54 : Player #4 amplexo - Legacy GUID: 009f250163157e69809eb59a06fc2074
﻿23:49:54 : Verified GUID (e09bb3357644ed2c195cb16aae6aa80b) of player #4 amplexo
﻿23:49:57 : Player #4 amplexo disconnected
﻿23:50:24 : Player #8 amplexo (186.125.124.109:2304) connected
﻿23:50:25 : Player #8 amplexo - GUID: e09bb3357644ed2c195cb16aae6aa80b (unverified)
﻿23:50:26 : Verified GUID (e09bb3357644ed2c195cb16aae6aa80b) of player #8 amplexo
﻿23:50:26 : Player #8 amplexo - Legacy GUID: 009f250163157e69809eb59a06fc2074
﻿23:50:27 : Player #8 amplexo disconnected
﻿23:51:19 : Player #4 amplexo (186.125.124.109:2304) connected
﻿23:51:21 : Player #4 amplexo - GUID: e09bb3357644ed2c195cb16aae6aa80b (unverified)
﻿23:51:21 : Player #4 amplexo - Legacy GUID: 009f250163157e69809eb59a06fc2074
﻿23:51:22 : Verified GUID (e09bb3357644ed2c195cb16aae6aa80b) of player #4 amplexo
﻿23:51:22 : Player #4 amplexo disconnected
﻿23:53:04 : Player #6 torabe disconnected
﻿23:53:39 : Player #5 Dromsito disconnected
﻿23:55:00 : RCon admin #1: (Global) BEC : This server will restart in 5 minutes
﻿23:58:50 : Player #1 Sirfes-AR disconnected
﻿23:59:00 : RCon admin #1: (Global) BEC : This server will restart in 1 minute, Log out now!
