00:00:00 : Lost Connection!
﻿00:00:00 : Closing socket & exiting!
﻿00:01:15 : Rcon client logging in
﻿00:01:15 : RCon admin #0 (127.0.0.1:58320) logged in
﻿01:42:22 : Player #0 LarzuK (186.56.20.108:2304) connected
﻿01:42:23 : Player #0 LarzuK - GUID: 830c029a6ec69a6e0563b0638ebe72b9 (unverified)
﻿01:42:24 : Player #0 LarzuK - Legacy GUID: 36a4a2b1fb2e23467aba15c0a1207080
﻿01:42:25 : Verified GUID (830c029a6ec69a6e0563b0638ebe72b9) of player #0 LarzuK
﻿01:42:26 : Player #0 LarzuK disconnected
﻿01:45:57 : Player #0 Bad Guy (24.232.71.49:2304) connected
﻿01:45:58 : Player #0 Bad Guy - GUID: dda8f26d97fcb7ca8899f7f65d8536cf (unverified)
﻿01:45:59 : Verified GUID (dda8f26d97fcb7ca8899f7f65d8536cf) of player #0 Bad Guy
﻿01:45:59 : Player #0 Bad Guy - Legacy GUID: e63f5403618860de28c9af75ce0b2365
﻿01:54:33 : Player #1 Merlock16 (143.137.2.177:5806) connected
﻿01:54:34 : Player #1 Merlock16 - GUID: cb6582ffedb484d90a42d18da89e8fbd (unverified)
﻿01:54:34 : Verified GUID (cb6582ffedb484d90a42d18da89e8fbd) of player #1 Merlock16
﻿01:54:35 : Player #1 Merlock16 - Legacy GUID: 9daeb42ce98b2a008d5dbed3fbb76194
﻿01:54:37 : Player #1 Merlock16 disconnected
﻿02:08:59 : Player #0 Bad Guy disconnected
﻿02:45:00 : RCon admin #0: (Global) BEC : This server will restart in 15 minutes
﻿02:55:00 : RCon admin #0: (Global) BEC : This server will restart in 5 minutes
﻿02:59:00 : RCon admin #0: (Global) BEC : This server will restart in 1 minute, Log out now!
﻿03:00:01 : Lost Connection!
﻿03:00:01 : Closing socket & exiting!
﻿03:01:15 : Rcon client logging in
﻿03:01:15 : RCon admin #0 (127.0.0.1:58296) logged in
﻿05:45:00 : RCon admin #0: (Global) BEC : This server will restart in 15 minutes
﻿05:55:00 : RCon admin #0: (Global) BEC : This server will restart in 5 minutes
﻿05:59:00 : RCon admin #0: (Global) BEC : This server will restart in 1 minute, Log out now!
﻿06:00:01 : Lost Connection!
﻿06:00:01 : Closing socket & exiting!
﻿06:01:07 : Rcon client logging in
﻿06:01:07 : RCon admin #0 (127.0.0.1:64635) logged in
﻿08:45:00 : RCon admin #0: (Global) BEC : This server will restart in 15 minutes
﻿08:55:00 : RCon admin #0: (Global) BEC : This server will restart in 5 minutes
﻿08:59:00 : RCon admin #0: (Global) BEC : This server will restart in 1 minute, Log out now!
﻿09:00:02 : Lost Connection!
﻿09:00:02 : Closing socket & exiting!
﻿09:01:07 : Rcon client logging in
﻿09:01:07 : RCon admin #0 (127.0.0.1:52765) logged in
﻿11:45:00 : RCon admin #0: (Global) BEC : This server will restart in 15 minutes
﻿11:55:00 : RCon admin #0: (Global) BEC : This server will restart in 5 minutes
﻿11:59:00 : RCon admin #0: (Global) BEC : This server will restart in 1 minute, Log out now!
﻿12:00:02 : Lost Connection!
﻿12:00:02 : Closing socket & exiting!
﻿12:01:06 : Rcon client logging in
﻿12:01:06 : RCon admin #0 (127.0.0.1:59827) logged in
﻿12:39:11 : Player #0 usuario (181.16.31.221:2304) connected
﻿12:39:13 : Player #0 usuario disconnected
﻿12:48:42 : Player #0 JF (190.185.192.18:26512) connected
﻿12:48:43 : Player #0 JF - GUID: 93a2a9d9bc7acb34122becec3305fde7 (unverified)
﻿12:48:43 : Verified GUID (93a2a9d9bc7acb34122becec3305fde7) of player #0 JF
﻿12:48:44 : Player #0 JF - Legacy GUID: 1e3460faa1452299ec3b5f220fe797e0
﻿13:03:48 : Player #1 Sonom4n (186.122.138.156:2304) connected
﻿13:03:49 : Player #1 Sonom4n - GUID: ebc39b64287d29e679423ae9f1843ba4 (unverified)
﻿13:03:50 : Verified GUID (ebc39b64287d29e679423ae9f1843ba4) of player #1 Sonom4n
﻿13:03:50 : Player #1 Sonom4n - Legacy GUID: e2641d530445c8f6330d3d1f8098ada0
﻿13:19:58 : Player #0 JF disconnected
﻿13:28:37 : Player #0 JF (190.185.192.18:26512) connected
﻿13:28:38 : Player #0 JF - GUID: 93a2a9d9bc7acb34122becec3305fde7 (unverified)
﻿13:28:38 : Verified GUID (93a2a9d9bc7acb34122becec3305fde7) of player #0 JF
﻿13:28:39 : Player #0 JF - Legacy GUID: 1e3460faa1452299ec3b5f220fe797e0
﻿13:43:58 : Player #1 Sonom4n disconnected
﻿14:02:26 : Player #1 LarzuK (186.56.20.108:2304) connected
﻿14:02:28 : Player #1 LarzuK - GUID: 830c029a6ec69a6e0563b0638ebe72b9 (unverified)
﻿14:02:28 : Player #1 LarzuK - Legacy GUID: 36a4a2b1fb2e23467aba15c0a1207080
﻿14:02:31 : Verified GUID (830c029a6ec69a6e0563b0638ebe72b9) of player #1 LarzuK
﻿14:02:36 : Player #1 LarzuK disconnected
﻿14:21:48 : Player #1 Bad Guy (24.232.71.49:2304) connected
﻿14:21:49 : Player #1 Bad Guy - GUID: dda8f26d97fcb7ca8899f7f65d8536cf (unverified)
﻿14:21:50 : Verified GUID (dda8f26d97fcb7ca8899f7f65d8536cf) of player #1 Bad Guy
﻿14:21:50 : Player #1 Bad Guy - Legacy GUID: e63f5403618860de28c9af75ce0b2365
﻿14:29:36 : Player #0 JF disconnected
﻿14:31:39 : Player #0 Lukas (179.4.168.182:2304) connected
﻿14:31:40 : Player #0 Lukas - GUID: c95397784d2deedf0cdb56ef96d7cc0a (unverified)
﻿14:31:40 : Verified GUID (c95397784d2deedf0cdb56ef96d7cc0a) of player #0 Lukas
﻿14:31:41 : Player #0 Lukas - Legacy GUID: c7c0b957dcc76a7f519fb9475c936d48
﻿14:32:27 : Player #0 Lukas (c95397784d2deedf0cdb56ef96d7cc0a) has been kicked by BattlEye: Ping too high (359)
﻿14:38:55 : Player #0 Lukas (179.4.168.182:2304) connected
﻿14:38:56 : Player #0 Lukas - GUID: c95397784d2deedf0cdb56ef96d7cc0a (unverified)
﻿14:38:57 : Verified GUID (c95397784d2deedf0cdb56ef96d7cc0a) of player #0 Lukas
﻿14:38:57 : Player #0 Lukas - Legacy GUID: c7c0b957dcc76a7f519fb9475c936d48
﻿14:39:44 : Player #0 Lukas (c95397784d2deedf0cdb56ef96d7cc0a) has been kicked by BattlEye: Ping too high (359)
﻿14:42:12 : Player #0 Juan (190.18.65.228:2304) connected
﻿14:42:26 : Player #0 Juan - GUID: 93ec5561bccfebb468c17db46ae3eef0 (unverified)
﻿14:42:27 : Verified GUID (93ec5561bccfebb468c17db46ae3eef0) of player #0 Juan
﻿14:42:28 : Player #0 Juan - Legacy GUID: 7c47c6a574b7dccc3603961b7ae85e6d
﻿14:45:00 : RCon admin #0: (Global) BEC : This server will restart in 15 minutes
﻿14:55:00 : RCon admin #0: (Global) BEC : This server will restart in 5 minutes
﻿14:55:18 : Player #2 Juani (167.56.161.245:2304) connected
﻿14:55:19 : Player #2 Juani - GUID: 1bcb2715c2d82063e04ab142db1ddd1b (unverified)
﻿14:55:19 : Verified GUID (1bcb2715c2d82063e04ab142db1ddd1b) of player #2 Juani
﻿14:55:20 : Player #2 Juani disconnected
﻿14:55:28 : Player #2 Juani (167.56.161.245:2304) connected
﻿14:55:29 : Player #2 Juani - GUID: 1bcb2715c2d82063e04ab142db1ddd1b (unverified)
﻿14:55:30 : Verified GUID (1bcb2715c2d82063e04ab142db1ddd1b) of player #2 Juani
﻿14:55:31 : Player #2 Juani disconnected
﻿14:59:00 : RCon admin #0: (Global) BEC : This server will restart in 1 minute, Log out now!
﻿14:59:43 : Player #1 Bad Guy disconnected
﻿15:00:01 : Lost Connection!
﻿15:00:01 : Closing socket & exiting!
﻿15:01:15 : Rcon client logging in
﻿15:01:15 : RCon admin #0 (127.0.0.1:60830) logged in
﻿15:12:51 : Player #0 JF (190.185.192.18:26512) connected
﻿15:12:52 : Player #0 JF - Legacy GUID: 1e3460faa1452299ec3b5f220fe797e0
﻿15:12:53 : Player #0 JF - GUID: 93a2a9d9bc7acb34122becec3305fde7 (unverified)
﻿15:12:53 : Verified GUID (93a2a9d9bc7acb34122becec3305fde7) of player #0 JF
﻿15:14:27 : Player #1 Juan (190.18.65.228:2304) connected
﻿15:14:28 : Player #1 Juan - GUID: 93ec5561bccfebb468c17db46ae3eef0 (unverified)
﻿15:14:29 : Verified GUID (93ec5561bccfebb468c17db46ae3eef0) of player #1 Juan
﻿15:14:29 : Player #1 Juan - Legacy GUID: 7c47c6a574b7dccc3603961b7ae85e6d
﻿15:33:07 : Player #2 CorlexHD (190.121.89.40:2304) connected
﻿15:33:08 : Player #2 CorlexHD - GUID: c99121a576b1ded57270ab2a88c266ef (unverified)
﻿15:33:09 : Verified GUID (c99121a576b1ded57270ab2a88c266ef) of player #2 CorlexHD
﻿15:33:09 : Player #2 CorlexHD - Legacy GUID: e7d29596d615e20d303c3ea93e44d7a2
﻿15:36:00 : RCon admin #1 (179.24.229.173:62692) logged in
﻿16:08:56 : Player #2 CorlexHD disconnected
﻿16:20:37 : RCon admin #2 (179.24.229.173:62143) logged in
﻿16:25:27 : Player #2 Kehl (179.127.143.35:6261) connected
﻿16:25:28 : Player #2 Kehl - GUID: 076c1374cbe3eb12dfcb2658cbbea2fa (unverified)
﻿16:25:29 : Verified GUID (076c1374cbe3eb12dfcb2658cbbea2fa) of player #2 Kehl
﻿16:25:29 : Player #2 Kehl - Legacy GUID: 22f135dc7d09273ed3ef4bc9e1aafc8c
﻿16:25:32 : Player #2 Kehl disconnected
﻿17:05:43 : Player #2 |CTU| Marco |Asp| (186.157.211.103:2304) connected
﻿17:05:44 : Player #2 |CTU| Marco |Asp| - GUID: 934f026755287e75c1ed1a4dd92a4a85 (unverified)
﻿17:05:45 : Verified GUID (934f026755287e75c1ed1a4dd92a4a85) of player #2 |CTU| Marco |Asp|
﻿17:05:45 : Player #2 |CTU| Marco |Asp| - Legacy GUID: 6852db643ba04a62b80233d875a5fc1e
﻿17:05:46 : Player #2 |CTU| Marco |Asp| disconnected
﻿17:33:45 : Player #1 Juan disconnected
﻿17:39:14 : Player #1 Carlos (190.191.1.142:2316) connected
﻿17:39:15 : Player #1 Carlos - GUID: 86626d2dc5e47aab650c9c5d64715237 (unverified)
﻿17:39:16 : Verified GUID (86626d2dc5e47aab650c9c5d64715237) of player #1 Carlos
﻿17:39:16 : Player #1 Carlos disconnected
﻿17:45:00 : RCon admin #0: (Global) BEC : This server will restart in 15 minutes
﻿17:45:23 : Player #1 Carlos (190.191.1.142:2316) connected
﻿17:45:24 : Player #1 Carlos - GUID: 86626d2dc5e47aab650c9c5d64715237 (unverified)
﻿17:45:24 : Verified GUID (86626d2dc5e47aab650c9c5d64715237) of player #1 Carlos
﻿17:45:25 : Player #1 Carlos disconnected
﻿17:55:00 : RCon admin #0: (Global) BEC : This server will restart in 5 minutes
﻿17:55:07 : Player #0 JF disconnected
﻿17:59:00 : RCon admin #0: (Global) BEC : This server will restart in 1 minute, Log out now!
﻿18:00:01 : Lost Connection!
﻿18:00:01 : Closing socket & exiting!
﻿18:01:15 : Rcon client logging in
﻿18:01:15 : RCon admin #0 (127.0.0.1:56139) logged in
﻿18:27:56 : Player #0 SINGL3 (190.122.45.141:28954) connected
﻿18:27:58 : Player #0 SINGL3 - GUID: bf3f768fba711aa3f77f78b82431698a (unverified)
﻿18:27:58 : Player #0 SINGL3 - Legacy GUID: e7f030a6a5a2d739658bd9c77da6cd7b
﻿18:27:58 : Verified GUID (bf3f768fba711aa3f77f78b82431698a) of player #0 SINGL3
﻿18:28:30 : Player #0 SINGL3 (bf3f768fba711aa3f77f78b82431698a) has been kicked by BattlEye: Client not responding
﻿18:37:20 : Player #0 JF (190.185.192.18:26512) connected
﻿18:37:21 : Player #0 JF - GUID: 93a2a9d9bc7acb34122becec3305fde7 (unverified)
﻿18:37:21 : Verified GUID (93a2a9d9bc7acb34122becec3305fde7) of player #0 JF
﻿18:37:21 : Player #0 JF - Legacy GUID: 1e3460faa1452299ec3b5f220fe797e0
﻿18:59:21 : Player #1 SINGL3 (190.122.45.141:28955) connected
﻿18:59:22 : Player #1 SINGL3 - GUID: bf3f768fba711aa3f77f78b82431698a (unverified)
﻿18:59:23 : Player #1 SINGL3 - Legacy GUID: e7f030a6a5a2d739658bd9c77da6cd7b
﻿18:59:23 : Verified GUID (bf3f768fba711aa3f77f78b82431698a) of player #1 SINGL3
﻿19:00:55 : Player #2 reconnect (181.31.146.206:2304) connected
﻿19:00:56 : Player #2 reconnect - GUID: bce9001abea802948b7f28a9f2de533e (unverified)
﻿19:00:56 : Verified GUID (bce9001abea802948b7f28a9f2de533e) of player #2 reconnect
﻿19:00:57 : Player #2 reconnect - Legacy GUID: 30e1b7957008270cda72e13e47f13b54
﻿19:03:07 : Player #3 Raptor98 (190.122.46.178:16965) connected
﻿19:03:09 : Player #3 Raptor98 - GUID: 2d205b8a24ec31f8bc159365ddad2264 (unverified)
﻿19:03:09 : Verified GUID (2d205b8a24ec31f8bc159365ddad2264) of player #3 Raptor98
﻿19:03:09 : Player #3 Raptor98 - Legacy GUID: 7ce653f254406bb03b2ec7c7f791728b
﻿19:03:41 : Player #3 Raptor98 (2d205b8a24ec31f8bc159365ddad2264) has been kicked by BattlEye: Client not responding
﻿19:07:40 : Player #3 Alan (190.31.33.235:2304) connected
﻿19:07:41 : Player #3 Alan - GUID: 0f58f0f7cbcc27bdd669ddb2ba67dec1 (unverified)
﻿19:07:42 : Verified GUID (0f58f0f7cbcc27bdd669ddb2ba67dec1) of player #3 Alan
﻿19:07:42 : Player #3 Alan - Legacy GUID: e4693e16704daa1c5c15a058786df292
﻿19:15:45 : Player #1 SINGL3 disconnected
﻿19:16:57 : RCon admin #1 (127.0.0.1:56989) logged in
﻿19:17:23 : Player #1 Raptor98 (190.122.46.178:18202) connected
﻿19:17:24 : Player #1 Raptor98 - GUID: 2d205b8a24ec31f8bc159365ddad2264 (unverified)
﻿19:17:25 : Verified GUID (2d205b8a24ec31f8bc159365ddad2264) of player #1 Raptor98
﻿19:17:25 : Player #1 Raptor98 - Legacy GUID: 7ce653f254406bb03b2ec7c7f791728b
﻿19:18:01 : Player #1 Raptor98 (2d205b8a24ec31f8bc159365ddad2264) has been kicked by BattlEye: Client not responding
﻿19:21:03 : Player #3 Alan disconnected
﻿19:21:12 : Player #1 Raptor98 (190.122.46.178:18207) connected
﻿19:21:13 : Player #1 Raptor98 - GUID: 2d205b8a24ec31f8bc159365ddad2264 (unverified)
﻿19:21:14 : Player #1 Raptor98 - Legacy GUID: 7ce653f254406bb03b2ec7c7f791728b
﻿19:21:22 : Verified GUID (2d205b8a24ec31f8bc159365ddad2264) of player #1 Raptor98
﻿19:21:49 : Player #1 Raptor98 (2d205b8a24ec31f8bc159365ddad2264) has been kicked by BattlEye: Client not responding
﻿19:33:12 : Player #1 Alan (190.31.33.235:2304) connected
﻿19:33:14 : Player #1 Alan - GUID: 0f58f0f7cbcc27bdd669ddb2ba67dec1 (unverified)
﻿19:33:14 : Verified GUID (0f58f0f7cbcc27bdd669ddb2ba67dec1) of player #1 Alan
﻿19:33:14 : Player #1 Alan - Legacy GUID: e4693e16704daa1c5c15a058786df292
﻿19:45:19 : Player #3 Gsanti (201.253.240.7:2304) connected
﻿19:45:21 : Player #3 Gsanti - GUID: b5fa7a9573ed20935089741d940cfbf2 (unverified)
﻿19:45:21 : Verified GUID (b5fa7a9573ed20935089741d940cfbf2) of player #3 Gsanti
﻿19:45:21 : Player #3 Gsanti - Legacy GUID: e75a878849e059ab8b704eee4d3b7c0f
﻿19:45:22 : Player #3 Gsanti disconnected
﻿20:05:09 : Player #2 reconnect disconnected
﻿20:24:45 : RCon admin #1: (Global) [juandayz] hay sory el juega origins pffffffffffff ¬¬ jaajaj
﻿20:25:01 : RCon admin #1: (Global) [juandayz] jajajjaajaj
﻿20:26:01 : RCon admin #1: (Global) [juandayz] jajaaj cayate q el otro dia se calento uno por q lo mataron y me mando a jugar con el verdulero que se la pasa todo el dia en la carpa de la puta jajaja
﻿20:26:18 : RCon admin #1: (Global) [juandayz] con larz??? nada q yo sepa, q paso?
﻿20:27:02 : RCon admin #1: (Global) [juandayz] jajaja ni idea ahi le pregunto.. hola jf
﻿20:28:04 : RCon admin #1: (Global) [juandayz] naa dice q no lo banearon flayaste alan
﻿20:30:01 : RCon admin #1: (Global) [juandayz] nada jf q uno se calento por q lo mato otro vago,, y me dijo q el server era una verga q me quede jugando con el verdulero q se la pasa en la carpa con la puta
﻿20:30:04 : RCon admin #1: (Global) [juandayz] osea vos jajaja
﻿20:30:57 : Player #2 ulises (190.191.211.151:5806) connected
﻿20:30:58 : Player #2 ulises - GUID: 610b141e1463b4189526b7077ebfab64 (unverified)
﻿20:30:58 : RCon admin #1: (Global) [juandayz] jajajaj lo q no entiendo por q se la agarro conmigo o con jf :D
﻿20:30:59 : Verified GUID (610b141e1463b4189526b7077ebfab64) of player #2 ulises
﻿20:30:59 : Player #2 ulises - Legacy GUID: 62b23f0fdce732b007722a31740f2b64
﻿20:31:21 : RCon admin #1: (Global) [juandayz] m14 aim
﻿20:33:30 : Player #3 Hijo De Remil (190.16.75.70:2304) connected
﻿20:33:32 : Player #3 Hijo De Remil - GUID: 560e39711234dc3f4177b0368ebfa3f8 (unverified)
﻿20:33:32 : Player #3 Hijo De Remil - Legacy GUID: f518322945f41486c4678792ead80bb6
﻿20:33:32 : Verified GUID (560e39711234dc3f4177b0368ebfa3f8) of player #3 Hijo De Remil
﻿20:35:15 : RCon admin #1: (To Alan) [juandayz] probaste la compra de bonos y acciones?
﻿20:36:43 : RCon admin #1: (To Alan) [juandayz] si bola te hablo solo a vos, habla por directo :D
﻿20:44:46 : Player #4 CorlexHD (190.121.89.40:2304) connected
﻿20:44:48 : Player #4 CorlexHD - GUID: c99121a576b1ded57270ab2a88c266ef (unverified)
﻿20:44:48 : Verified GUID (c99121a576b1ded57270ab2a88c266ef) of player #4 CorlexHD
﻿20:44:50 : Player #4 CorlexHD - Legacy GUID: e7d29596d615e20d303c3ea93e44d7a2
﻿20:45:00 : RCon admin #0: (Global) BEC : This server will restart in 15 minutes
﻿20:47:47 : Player #4 CorlexHD disconnected
﻿20:49:09 : Player #4 CorlexHD (190.121.89.40:2304) connected
﻿20:49:10 : Player #4 CorlexHD - GUID: c99121a576b1ded57270ab2a88c266ef (unverified)
﻿20:49:11 : Verified GUID (c99121a576b1ded57270ab2a88c266ef) of player #4 CorlexHD
﻿20:49:11 : Player #4 CorlexHD - Legacy GUID: e7d29596d615e20d303c3ea93e44d7a2
﻿20:49:42 : RCon admin #1: (To CorlexHD) [juandayz] bienvenido
﻿20:55:00 : RCon admin #0: (Global) BEC : This server will restart in 5 minutes
﻿20:59:00 : RCon admin #0: (Global) BEC : Server restart in 1 minute, Log out NOW!
﻿20:59:24 : Player #1 Alan disconnected
﻿20:59:42 : Player #0 JF disconnected
﻿21:00:01 : Lost Connection!
﻿21:00:01 : Closing socket & exiting!
﻿21:07:10 : Rcon client logging in
﻿21:07:10 : RCon admin #1 (127.0.0.1:61616) logged in
﻿21:07:54 : Player #0 juandayz (190.231.23.76:2304) connected
﻿21:07:55 : Player #0 juandayz - GUID: d603844e2f77196bf616245ae360213b (unverified)
﻿21:07:56 : Verified GUID (d603844e2f77196bf616245ae360213b) of player #0 juandayz
﻿21:07:56 : Player #0 juandayz - Legacy GUID: a5aa074813dab730e26d67b8a0a0af6c
﻿21:08:52 : Player #1 ulises (190.191.211.151:5806) connected
﻿21:08:53 : Player #1 ulises - GUID: 610b141e1463b4189526b7077ebfab64 (unverified)
﻿21:08:54 : Verified GUID (610b141e1463b4189526b7077ebfab64) of player #1 ulises
﻿21:08:54 : Player #1 ulises - Legacy GUID: 62b23f0fdce732b007722a31740f2b64
﻿21:09:08 : Player #2 MaxBraian (181.229.193.90:2304) connected
﻿21:09:09 : Player #2 MaxBraian - GUID: cdc618df2d54ca997288fcc87121f76b (unverified)
﻿21:09:10 : Verified GUID (cdc618df2d54ca997288fcc87121f76b) of player #2 MaxBraian
﻿21:09:10 : Player #2 MaxBraian - Legacy GUID: c895084244afc06486ae6d81b381fd7e
﻿21:09:11 : Player #3 Alan (190.31.33.235:2304) connected
﻿21:09:23 : Player #3 Alan - GUID: 0f58f0f7cbcc27bdd669ddb2ba67dec1 (unverified)
﻿21:09:23 : Player #3 Alan - Legacy GUID: e4693e16704daa1c5c15a058786df292
﻿21:09:23 : Verified GUID (0f58f0f7cbcc27bdd669ddb2ba67dec1) of player #3 Alan
﻿21:09:27 : (Unknown) Alan: No entry 'bin\config.bin/CfgWeapons.'.
﻿21:10:53 : Player #3 Alan disconnected
﻿21:16:08 : Player #3 Alan (190.31.33.235:2304) connected
﻿21:16:09 : Player #3 Alan - GUID: 0f58f0f7cbcc27bdd669ddb2ba67dec1 (unverified)
﻿21:16:10 : Verified GUID (0f58f0f7cbcc27bdd669ddb2ba67dec1) of player #3 Alan
﻿21:16:10 : Player #3 Alan - Legacy GUID: e4693e16704daa1c5c15a058786df292
﻿21:21:51 : RCon admin #1: (To Alan) BEC : You have about 60 seconds left to join the mission.
﻿21:22:22 : RCon admin #1: (To Alan) BEC : You have about 30 seconds left to join the mission.
﻿21:22:37 : RCon admin #1: (To Alan) BEC : You have about 15 seconds left to join the mission.
﻿21:22:51 : Player #3 Alan (0f58f0f7cbcc27bdd669ddb2ba67dec1) has been kicked by BattlEye: Admin Kick (BEC : Lobby idling to long)
﻿21:23:52 : Player #3 Alan (190.31.33.235:2304) connected
﻿21:23:53 : Player #3 Alan - GUID: 0f58f0f7cbcc27bdd669ddb2ba67dec1 (unverified)
﻿21:23:54 : Verified GUID (0f58f0f7cbcc27bdd669ddb2ba67dec1) of player #3 Alan
﻿21:23:54 : Player #3 Alan - Legacy GUID: e4693e16704daa1c5c15a058786df292
﻿21:25:15 : Player #4 Polaco86 (186.158.214.31:2304) connected
﻿21:25:20 : Player #4 Polaco86 - GUID: 360db09649bb288cc773570b310c2689 (unverified)
﻿21:25:20 : Verified GUID (360db09649bb288cc773570b310c2689) of player #4 Polaco86
﻿21:25:21 : Player #4 Polaco86 - Legacy GUID: aedec632013fae29a2eaca7d0f1301d7
﻿21:38:46 : Player #3 Alan disconnected
﻿21:45:42 : RCon admin #2 (179.25.18.170:65478) logged in
﻿21:46:24 : RCon admin #2: (Global) [ChukyN] Buen dia
﻿21:46:29 : RCon admin #2: (Global) [ChukyN] Si recien me despierto de la siesta
﻿21:48:51 : Player #1 ulises disconnected
﻿21:57:15 : Player #1 Babs Johnson (167.58.59.119:2304) connected
﻿21:57:17 : Player #1 Babs Johnson - GUID: 0954074c0e54df4268c7e8a9aeccd834 (unverified)
﻿21:57:17 : Verified GUID (0954074c0e54df4268c7e8a9aeccd834) of player #1 Babs Johnson
﻿21:57:17 : Player #1 Babs Johnson - Legacy GUID: 691fb4ae2c260407f919bbb6dfc781af
﻿21:58:18 : Player #1 Babs Johnson (0954074c0e54df4268c7e8a9aeccd834) has been kicked by BattlEye: Client not responding
﻿22:13:03 : Player #1 Ivo (190.193.44.30:5806) connected
﻿22:13:04 : Player #1 Ivo - GUID: 1657b9a9ed2efdc37bba9c22613b8505 (unverified)
﻿22:13:05 : Verified GUID (1657b9a9ed2efdc37bba9c22613b8505) of player #1 Ivo
﻿22:13:06 : Player #1 Ivo - Legacy GUID: 79f0ddc6cfaabe556a7956f1105b1416
﻿22:15:15 : RCon admin #0: (To MaxBraian) [juandayz] que me preguntabas braian?
﻿22:20:59 : Player #3 Loser (190.162.242.124:2304) connected
﻿22:21:00 : Player #3 Loser - GUID: a9d6659762f14cee41c89f5900fedcd9 (unverified)
﻿22:21:00 : Verified GUID (a9d6659762f14cee41c89f5900fedcd9) of player #3 Loser
﻿22:21:01 : Player #3 Loser - Legacy GUID: 33b770d67c96d4833e15f1ae8af11b40
﻿22:27:25 : Player #5 Alan (190.31.33.235:2304) connected
﻿22:27:27 : Player #5 Alan - GUID: 0f58f0f7cbcc27bdd669ddb2ba67dec1 (unverified)
﻿22:27:27 : Verified GUID (0f58f0f7cbcc27bdd669ddb2ba67dec1) of player #5 Alan
﻿22:27:27 : Player #5 Alan - Legacy GUID: e4693e16704daa1c5c15a058786df292
﻿22:36:45 : RCon admin #0: (To Polaco86) [juandayz] queres vender ese heli?
﻿22:37:07 : Player #6 DarkDeadBR (187.102.44.58:61752) connected
﻿22:37:08 : Player #6 DarkDeadBR - GUID: ca8b50f74a53b3749ffeec9275279529 (unverified)
﻿22:37:08 : Verified GUID (ca8b50f74a53b3749ffeec9275279529) of player #6 DarkDeadBR
﻿22:37:10 : Player #6 DarkDeadBR disconnected
﻿22:37:16 : Player #6 sebastian (152.172.153.75:2304) connected
﻿22:37:17 : Player #6 sebastian - GUID: c953df4744f2f6840b5bc2cde9ebfd50 (unverified)
﻿22:37:18 : Verified GUID (c953df4744f2f6840b5bc2cde9ebfd50) of player #6 sebastian
﻿22:37:18 : Player #6 sebastian - Legacy GUID: 5759984b6184489b63a98879c9bcf268
﻿22:37:56 : RCon admin #0: (To Polaco86) [juandayz] bajalo q te lo compro yo por esta vez por q no hay trade q te lo compre y desaparece con el restart por q es de mision :)
﻿22:37:59 : Player #7 Lukas (179.4.168.182:2304) connected
﻿22:38:01 : Player #7 Lukas - GUID: c95397784d2deedf0cdb56ef96d7cc0a (unverified)
﻿22:38:01 : Verified GUID (c95397784d2deedf0cdb56ef96d7cc0a) of player #7 Lukas
﻿22:38:02 : Player #7 Lukas - Legacy GUID: c7c0b957dcc76a7f519fb9475c936d48
﻿22:38:48 : Player #7 Lukas (c95397784d2deedf0cdb56ef96d7cc0a) has been kicked by BattlEye: Ping too high (515)
﻿22:39:16 : Player #1 Ivo disconnected
﻿22:39:33 : Player #1 Lukas (179.4.168.182:2304) connected
﻿22:39:35 : Player #1 Lukas - GUID: c95397784d2deedf0cdb56ef96d7cc0a (unverified)
﻿22:39:36 : Player #1 Lukas - Legacy GUID: c7c0b957dcc76a7f519fb9475c936d48
﻿22:39:36 : Verified GUID (c95397784d2deedf0cdb56ef96d7cc0a) of player #1 Lukas
﻿22:40:22 : Player #1 Lukas (c95397784d2deedf0cdb56ef96d7cc0a) has been kicked by BattlEye: Ping too high (421)
﻿22:42:21 : No Valid response. Trying to reconnect.!
﻿22:42:21 : Rcon client logging in
﻿22:42:22 : RCon admin #0 (127.0.0.1:61616) logged in
﻿22:43:22 : No Valid response. Trying to reconnect.!
﻿22:43:22 : No Valid response. Trying to reconnect.!
﻿22:43:22 : Rcon client logging in
﻿22:43:22 : Rcon client logging in
﻿22:44:07 : No Valid response. Trying to reconnect.!
﻿22:44:07 : Rcon client logging in
﻿22:44:07 : RCon admin #2 (127.0.0.1:61616) logged in
﻿22:44:20 : Player #0 Babs Johnson (167.58.86.117:2304) connected
﻿22:44:22 : Player #0 Babs Johnson - GUID: 0954074c0e54df4268c7e8a9aeccd834 (unverified)
﻿22:44:23 : Player #0 Babs Johnson - Legacy GUID: 691fb4ae2c260407f919bbb6dfc781af
﻿22:44:23 : Verified GUID (0954074c0e54df4268c7e8a9aeccd834) of player #0 Babs Johnson
﻿22:45:02 : Player #1 Lukas (179.4.168.182:2304) connected
﻿22:45:03 : Player #1 Lukas - GUID: c95397784d2deedf0cdb56ef96d7cc0a (unverified)
﻿22:45:04 : Verified GUID (c95397784d2deedf0cdb56ef96d7cc0a) of player #1 Lukas
﻿22:45:04 : Player #1 Lukas - Legacy GUID: c7c0b957dcc76a7f519fb9475c936d48
﻿22:45:51 : Player #1 Lukas (c95397784d2deedf0cdb56ef96d7cc0a) has been kicked by BattlEye: Ping too high (453)
﻿22:50:17 : Player #6 sebastian disconnected
﻿22:50:32 : RCon admin #0: (To Babs Johnson) [juandayz] bienvenido
﻿22:50:56 : Player #1 juandayz (190.226.78.51:2304) connected
﻿22:50:57 : Player #1 juandayz - GUID: d603844e2f77196bf616245ae360213b (unverified)
﻿22:50:58 : Verified GUID (d603844e2f77196bf616245ae360213b) of player #1 juandayz
﻿22:50:59 : Player #1 juandayz - Legacy GUID: a5aa074813dab730e26d67b8a0a0af6c
﻿22:52:58 : Player #6 TWC Torabe (190.195.150.4:2304) connected
﻿22:52:59 : Player #6 TWC Torabe - GUID: e964b3921006bf92ef98b1a1d3d40bd4 (unverified)
﻿22:53:00 : Verified GUID (e964b3921006bf92ef98b1a1d3d40bd4) of player #6 TWC Torabe
﻿22:53:00 : Player #6 TWC Torabe - Legacy GUID: 99b7d1a5e7b75a962c55e64eb46aaed3
﻿23:13:07 : RCon admin #0: (Global) [juandayz] hay una marca en el mapa "EVENTO" coor 69 arriba 60 izquierda. El primero q llegue encontrara una caja de madera con buenas armas e items y dinero.
﻿23:15:19 : Player #2 MaxBraian disconnected
﻿23:19:23 : RCon admin #0: (To Alan) [juandayz] ya el tiene q venir en su camion jajajaj guarda q no te boleteen
﻿23:21:47 : RCon admin #0: (To Alan) [juandayz] en camion viene al evento el muy croto... nunca en un heli jjaja
﻿23:24:31 : Player #0 Babs Johnson disconnected
﻿23:30:01 : Player #0 Xection (190.51.124.20:2304) connected
﻿23:30:02 : Player #0 Xection - GUID: 06a2e6c148f8c41ea17307164a9d09ca (unverified)
﻿23:30:02 : Verified GUID (06a2e6c148f8c41ea17307164a9d09ca) of player #0 Xection
﻿23:30:03 : Player #0 Xection - Legacy GUID: af4294cf22de262a2cb849e586bcef8e
﻿23:43:26 : Player #3 Loser disconnected
﻿23:45:00 : RCon admin #2: (Global) BEC : This server will restart in 15 minutes
﻿23:47:00 : Player #4 Polaco86 disconnected
﻿23:54:38 : Player #0 Xection disconnected
﻿23:55:00 : RCon admin #2: (Global) BEC : This server will restart in 5 minutes
﻿23:58:21 : RCon admin #1: (Global) [BEC] JUANDAYZ SE LA COME
﻿23:58:37 : RCon admin #1: (Global) [ChukyN] Hasta el BEC lo sabe
﻿23:59:00 : RCon admin #2: (Global) BEC : This server will restart in 1 minute, Log out now!
﻿23:59:10 : RCon admin #0: (Global) [juandayz] anda a jugar dot admin trucho
﻿23:59:35 : RCon admin #1: (Global) [ChukyN] Estaba jugando takistan life
﻿23:59:41 : RCon admin #1: (Global) [ChukyN] Matando terroristas
﻿23:59:43 : RCon admin #1: (Global) [ChukyN] Me adoian
﻿23:59:45 : RCon admin #1: (Global) [ChukyN] odian
