00:00:01 : Lost Connection!
﻿00:00:01 : Closing socket & exiting!
﻿00:01:15 : Rcon client logging in
﻿00:01:15 : RCon admin #1 (127.0.0.1:59387) logged in
﻿00:22:45 : Player #0 AnarKo (200.74.86.199:2304) connected
﻿00:22:46 : Player #0 AnarKo - GUID: 70a3adbfb65b8161c8460538762f4ebf (unverified)
﻿00:22:46 : Player #0 AnarKo - Legacy GUID: 64ec26d7137e026155374a040e6b06a8
﻿00:22:47 : Verified GUID (70a3adbfb65b8161c8460538762f4ebf) of player #0 AnarKo
﻿00:28:30 : Player #0 AnarKo disconnected
﻿00:43:01 : Player #0 JF (190.185.192.18:26512) connected
﻿00:43:02 : Player #0 JF - GUID: 93a2a9d9bc7acb34122becec3305fde7 (unverified)
﻿00:43:03 : Verified GUID (93a2a9d9bc7acb34122becec3305fde7) of player #0 JF
﻿00:43:03 : Player #0 JF - Legacy GUID: 1e3460faa1452299ec3b5f220fe797e0
﻿01:38:15 : Player #1 Leodagos (186.135.72.194:16338) connected
﻿01:38:16 : Player #1 Leodagos - GUID: 927032c3d7c1139aff0ff09424d46da1 (unverified)
﻿01:38:17 : Verified GUID (927032c3d7c1139aff0ff09424d46da1) of player #1 Leodagos
﻿01:38:17 : Player #1 Leodagos - Legacy GUID: d7639dceb9588d3b0ab85f82e92ff8de
﻿02:04:26 : Player #1 Leodagos disconnected
﻿02:45:00 : RCon admin #1: (Global) BEC : This server will restart in 15 minutes
﻿02:55:00 : RCon admin #1: (Global) BEC : This server will restart in 5 minutes
﻿02:59:00 : RCon admin #1: (Global) BEC : This server will restart in 1 minute, Log out now!
﻿02:59:39 : Player #0 JF disconnected
﻿03:00:01 : Lost Connection!
﻿03:00:01 : Closing socket & exiting!
﻿03:01:15 : Rcon client logging in
﻿03:01:15 : RCon admin #1 (127.0.0.1:58170) logged in
﻿05:38:26 : Player #0 Leodagos (186.135.72.194:23596) connected
﻿05:38:28 : Player #0 Leodagos - GUID: 927032c3d7c1139aff0ff09424d46da1 (unverified)
﻿05:38:28 : Verified GUID (927032c3d7c1139aff0ff09424d46da1) of player #0 Leodagos
﻿05:38:29 : Player #0 Leodagos - Legacy GUID: d7639dceb9588d3b0ab85f82e92ff8de
﻿05:45:00 : RCon admin #1: (Global) BEC : This server will restart in 15 minutes
﻿05:55:00 : RCon admin #1: (Global) BEC : This server will restart in 5 minutes
﻿05:58:29 : Player #0 Leodagos disconnected
﻿05:58:41 : Player #0 Leodagos (186.135.72.194:23596) connected
﻿05:58:42 : Player #0 Leodagos - GUID: 927032c3d7c1139aff0ff09424d46da1 (unverified)
﻿05:58:43 : Player #0 Leodagos - Legacy GUID: d7639dceb9588d3b0ab85f82e92ff8de
﻿05:58:43 : Verified GUID (927032c3d7c1139aff0ff09424d46da1) of player #0 Leodagos
﻿05:59:00 : RCon admin #1: (Global) BEC : This server will restart in 1 minute, Log out now!
﻿05:59:24 : Player #0 Leodagos disconnected
﻿06:00:01 : Lost Connection!
﻿06:00:01 : Closing socket & exiting!
﻿06:01:15 : Rcon client logging in
﻿06:01:15 : RCon admin #1 (127.0.0.1:60149) logged in
﻿06:03:29 : Player #0 Leodagos (186.135.72.194:25393) connected
﻿06:03:30 : Player #0 Leodagos - GUID: 927032c3d7c1139aff0ff09424d46da1 (unverified)
﻿06:03:30 : Player #0 Leodagos - Legacy GUID: d7639dceb9588d3b0ab85f82e92ff8de
﻿06:03:31 : Verified GUID (927032c3d7c1139aff0ff09424d46da1) of player #0 Leodagos
﻿06:06:14 : Player #0 Leodagos disconnected
﻿06:08:24 : Player #0 Leodagos (186.135.72.194:26423) connected
﻿06:08:25 : Player #0 Leodagos - GUID: 927032c3d7c1139aff0ff09424d46da1 (unverified)
﻿06:08:25 : Verified GUID (927032c3d7c1139aff0ff09424d46da1) of player #0 Leodagos
﻿06:08:26 : Player #0 Leodagos - Legacy GUID: d7639dceb9588d3b0ab85f82e92ff8de
﻿06:31:09 : Player #0 Leodagos disconnected
﻿08:45:00 : RCon admin #1: (Global) BEC : This server will restart in 15 minutes
﻿08:53:53 : Player #0 Nikyta (190.244.45.71:2304) connected
﻿08:53:54 : Player #0 Nikyta - GUID: d18bc2163de1a6abe8924f2e0788680b (unverified)
﻿08:53:55 : Verified GUID (d18bc2163de1a6abe8924f2e0788680b) of player #0 Nikyta
﻿08:53:55 : Player #0 Nikyta - Legacy GUID: d294364f535d1f02da4e01c50aaec207
﻿08:55:00 : RCon admin #1: (Global) BEC : This server will restart in 5 minutes
﻿08:59:00 : RCon admin #1: (Global) BEC : This server will restart in 1 minute, Log out now!
﻿09:00:01 : Lost Connection!
﻿09:00:01 : Closing socket & exiting!
﻿09:01:15 : Rcon client logging in
﻿09:01:15 : RCon admin #1 (127.0.0.1:51831) logged in
﻿09:05:23 : Player #0 Nikyta (190.244.45.71:2304) connected
﻿09:05:24 : Player #0 Nikyta - GUID: d18bc2163de1a6abe8924f2e0788680b (unverified)
﻿09:05:25 : Verified GUID (d18bc2163de1a6abe8924f2e0788680b) of player #0 Nikyta
﻿09:05:25 : Player #0 Nikyta - Legacy GUID: d294364f535d1f02da4e01c50aaec207
﻿10:45:42 : Player #0 Nikyta disconnected
﻿11:45:00 : RCon admin #1: (Global) BEC : This server will restart in 15 minutes
﻿11:55:00 : RCon admin #1: (Global) BEC : This server will restart in 5 minutes
﻿11:59:00 : RCon admin #1: (Global) BEC : This server will restart in 1 minute, Log out now!
﻿12:00:01 : Lost Connection!
﻿12:00:01 : Closing socket & exiting!
﻿12:01:15 : Rcon client logging in
﻿12:01:15 : RCon admin #1 (127.0.0.1:50884) logged in
﻿12:27:49 : Player #0 RemiX (181.1.242.132:2304) connected
﻿12:27:51 : Player #0 RemiX - GUID: c4aa153e80dc334efbd81679021001e8 (unverified)
﻿12:27:52 : Verified GUID (c4aa153e80dc334efbd81679021001e8) of player #0 RemiX
﻿12:27:53 : Player #0 RemiX - Legacy GUID: 0df9e6c57e6cbc49236fa47c69861473
﻿12:52:38 : Player #1 JF (190.185.192.18:26512) connected
﻿12:52:38 : Player #1 JF - GUID: 93a2a9d9bc7acb34122becec3305fde7 (unverified)
﻿12:52:39 : Verified GUID (93a2a9d9bc7acb34122becec3305fde7) of player #1 JF
﻿12:52:40 : Player #1 JF - Legacy GUID: 1e3460faa1452299ec3b5f220fe797e0
﻿13:20:04 : Player #2 Nikyta (190.244.45.71:2304) connected
﻿13:20:05 : Player #2 Nikyta - GUID: d18bc2163de1a6abe8924f2e0788680b (unverified)
﻿13:20:05 : Verified GUID (d18bc2163de1a6abe8924f2e0788680b) of player #2 Nikyta
﻿13:20:06 : Player #2 Nikyta - Legacy GUID: d294364f535d1f02da4e01c50aaec207
﻿13:56:01 : Player #0 RemiX disconnected
﻿13:59:19 : Player #0 Juan (190.18.65.228:2304) connected
﻿13:59:22 : Player #0 Juan - GUID: 93ec5561bccfebb468c17db46ae3eef0 (unverified)
﻿13:59:22 : Verified GUID (93ec5561bccfebb468c17db46ae3eef0) of player #0 Juan
﻿13:59:23 : Player #0 Juan - Legacy GUID: 7c47c6a574b7dccc3603961b7ae85e6d
﻿13:59:48 : Player #3 Totoasd (190.190.107.90:2304) connected
﻿13:59:51 : Player #3 Totoasd - GUID: 7a51fa2e7de439e4cacdb83c08cdabab (unverified)
﻿13:59:51 : Verified GUID (7a51fa2e7de439e4cacdb83c08cdabab) of player #3 Totoasd
﻿13:59:53 : Player #3 Totoasd - Legacy GUID: b69609a893669d87ed97c35ff833edf5
﻿14:03:11 : Player #4 Loly (186.183.112.10:2304) connected
﻿14:03:13 : Player #4 Loly - GUID: d54c56b3fbf6cf811669c09204356e51 (unverified)
﻿14:03:13 : Verified GUID (d54c56b3fbf6cf811669c09204356e51) of player #4 Loly
﻿14:03:13 : Player #4 Loly - Legacy GUID: 103cf7cba156b13401d8aede66d3fcc1
﻿14:05:07 : Player #5 Dotterkletch (190.244.120.230:2304) connected
﻿14:05:08 : Player #5 Dotterkletch - GUID: dbc9544f4fafd3d5eea2be4f9b7d9d98 (unverified)
﻿14:05:08 : Verified GUID (dbc9544f4fafd3d5eea2be4f9b7d9d98) of player #5 Dotterkletch
﻿14:05:09 : Player #5 Dotterkletch - Legacy GUID: bf4ca101439e197588f857d0e8790ca1
﻿14:43:13 : Player #4 Loly (d54c56b3fbf6cf811669c09204356e51) has been kicked by BattlEye: Client not responding
﻿14:45:00 : RCon admin #1: (Global) BEC : This server will restart in 15 minutes
﻿14:46:53 : Player #3 Totoasd disconnected
﻿14:50:17 : Player #1 JF (93a2a9d9bc7acb34122becec3305fde7) has been kicked by BattlEye: Client not responding
﻿14:51:51 : Player #1 Tio  Chuck (177.16.175.158:2304) connected
﻿14:51:52 : Player #1 Tio  Chuck - GUID: e734115a25c971cbcf8846b4ff771d85 (unverified)
﻿14:51:52 : Verified GUID (e734115a25c971cbcf8846b4ff771d85) of player #1 Tio  Chuck
﻿14:51:53 : Player #1 Tio  Chuck - Legacy GUID: c870a8c9b20cfc479e46e729b49a443d
﻿14:54:07 : Player #3 JF (190.185.192.18:26512) connected
﻿14:54:13 : Player #3 JF - GUID: 93a2a9d9bc7acb34122becec3305fde7 (unverified)
﻿14:54:13 : Verified GUID (93a2a9d9bc7acb34122becec3305fde7) of player #3 JF
﻿14:54:14 : Player #3 JF - Legacy GUID: 1e3460faa1452299ec3b5f220fe797e0
﻿14:55:00 : RCon admin #1: (Global) BEC : This server will restart in 5 minutes
﻿14:55:59 : Player #5 Dotterkletch disconnected
﻿14:56:28 : Player #0 Juan disconnected
﻿14:57:35 : RCon admin #1: (To Tio  Chuck) BEC : You have about 60 seconds left to join the mission.
﻿14:58:06 : RCon admin #1: (To Tio  Chuck) BEC : You have about 30 seconds left to join the mission.
﻿14:59:00 : RCon admin #1: (Global) BEC : This server will restart in 1 minute, Log out now!
﻿15:00:01 : Lost Connection!
﻿15:00:01 : Closing socket & exiting!
﻿15:01:15 : Rcon client logging in
﻿15:01:15 : RCon admin #1 (127.0.0.1:51209) logged in
﻿15:03:25 : Player #0 JF (190.185.192.18:26512) connected
﻿15:03:34 : Player #0 JF - GUID: 93a2a9d9bc7acb34122becec3305fde7 (unverified)
﻿15:03:34 : Verified GUID (93a2a9d9bc7acb34122becec3305fde7) of player #0 JF
﻿15:03:35 : Player #0 JF - Legacy GUID: 1e3460faa1452299ec3b5f220fe797e0
﻿15:04:02 : Player #1 Nikyta (190.244.45.71:2304) connected
﻿15:04:37 : Player #1 Nikyta - GUID: d18bc2163de1a6abe8924f2e0788680b (unverified)
﻿15:04:37 : Player #1 Nikyta - Legacy GUID: d294364f535d1f02da4e01c50aaec207
﻿15:04:38 : Verified GUID (d18bc2163de1a6abe8924f2e0788680b) of player #1 Nikyta
﻿15:05:50 : Player #2 Tio  Chuck (177.16.175.158:2304) connected
﻿15:05:52 : Player #2 Tio  Chuck - Legacy GUID: c870a8c9b20cfc479e46e729b49a443d
﻿15:05:55 : Player #2 Tio  Chuck - GUID: e734115a25c971cbcf8846b4ff771d85 (unverified)
﻿15:05:56 : Verified GUID (e734115a25c971cbcf8846b4ff771d85) of player #2 Tio  Chuck
﻿15:06:28 : Player #0 JF disconnected
﻿15:06:49 : Player #0 JF (190.185.192.18:26512) connected
﻿15:06:53 : Player #0 JF - GUID: 93a2a9d9bc7acb34122becec3305fde7 (unverified)
﻿15:06:54 : Verified GUID (93a2a9d9bc7acb34122becec3305fde7) of player #0 JF
﻿15:06:55 : Player #0 JF - Legacy GUID: 1e3460faa1452299ec3b5f220fe797e0
﻿15:09:40 : Player #2 Tio  Chuck disconnected
﻿15:13:17 : Player #2 Tio  Chuck (177.16.175.158:2304) connected
﻿15:13:18 : Player #2 Tio  Chuck - GUID: e734115a25c971cbcf8846b4ff771d85 (unverified)
﻿15:13:18 : Verified GUID (e734115a25c971cbcf8846b4ff771d85) of player #2 Tio  Chuck
﻿15:13:19 : Player #2 Tio  Chuck - Legacy GUID: c870a8c9b20cfc479e46e729b49a443d
﻿15:16:31 : Player #2 Tio  Chuck disconnected
﻿15:16:48 : Player #2 Tio  Chuck (177.16.175.158:2304) connected
﻿15:16:49 : Player #2 Tio  Chuck - GUID: e734115a25c971cbcf8846b4ff771d85 (unverified)
﻿15:16:50 : Verified GUID (e734115a25c971cbcf8846b4ff771d85) of player #2 Tio  Chuck
﻿15:16:50 : Player #2 Tio  Chuck - Legacy GUID: c870a8c9b20cfc479e46e729b49a443d
﻿15:17:21 : Player #2 Tio  Chuck disconnected
﻿15:17:38 : Player #2 Tio  Chuck (177.16.175.158:2304) connected
﻿15:17:39 : Player #2 Tio  Chuck - GUID: e734115a25c971cbcf8846b4ff771d85 (unverified)
﻿15:17:40 : Verified GUID (e734115a25c971cbcf8846b4ff771d85) of player #2 Tio  Chuck
﻿15:17:41 : Player #2 Tio  Chuck - Legacy GUID: c870a8c9b20cfc479e46e729b49a443d
﻿15:17:42 : Player #3 Bad Guy (24.232.71.49:2304) connected
﻿15:17:44 : Player #3 Bad Guy - GUID: dda8f26d97fcb7ca8899f7f65d8536cf (unverified)
﻿15:17:44 : Verified GUID (dda8f26d97fcb7ca8899f7f65d8536cf) of player #3 Bad Guy
﻿15:17:45 : Player #3 Bad Guy - Legacy GUID: e63f5403618860de28c9af75ce0b2365
﻿15:18:21 : Player #2 Tio  Chuck disconnected
﻿15:40:45 : Player #2 Tio  Chuck (177.16.175.158:2304) connected
﻿15:40:47 : Player #2 Tio  Chuck - GUID: e734115a25c971cbcf8846b4ff771d85 (unverified)
﻿15:40:47 : Player #2 Tio  Chuck - Legacy GUID: c870a8c9b20cfc479e46e729b49a443d
﻿15:40:47 : Verified GUID (e734115a25c971cbcf8846b4ff771d85) of player #2 Tio  Chuck
﻿15:56:03 : Player #4 WeslleiGames (177.92.23.34:2304) connected
﻿15:56:04 : Player #4 WeslleiGames - GUID: eaf0dc493f8bed03d0b2a8ba3f8de5a7 (unverified)
﻿15:56:04 : Verified GUID (eaf0dc493f8bed03d0b2a8ba3f8de5a7) of player #4 WeslleiGames
﻿15:56:05 : Player #4 WeslleiGames - Legacy GUID: 9498ea568488e2289228b3249d252ef9
﻿16:03:11 : RCon admin #1: (To Tio  Chuck) BEC : You have about 60 seconds left to join the mission.
﻿16:03:42 : RCon admin #1: (To Tio  Chuck) BEC : You have about 30 seconds left to join the mission.
﻿16:03:56 : RCon admin #1: (To Tio  Chuck) BEC : You have about 15 seconds left to join the mission.
﻿16:04:11 : Player #2 Tio  Chuck (e734115a25c971cbcf8846b4ff771d85) has been kicked by BattlEye: Admin Kick (BEC : Lobby idling to long)
﻿16:12:54 : Player #2 hitziquer (181.231.177.216:1118) connected
﻿16:12:56 : Player #2 hitziquer - Legacy GUID: 7bb4213c17e8aa8dc9dbfde0c8c2f9ba
﻿16:12:56 : Player #2 hitziquer - GUID: bd5c559d22136d17ec04a08945e4890e (unverified)
﻿16:12:56 : Verified GUID (bd5c559d22136d17ec04a08945e4890e) of player #2 hitziquer
﻿16:17:12 : Player #2 hitziquer disconnected
﻿16:18:34 : Player #2 hitziquer (181.231.177.216:1118) connected
﻿16:18:36 : Player #2 hitziquer - GUID: bd5c559d22136d17ec04a08945e4890e (unverified)
﻿16:18:36 : Player #2 hitziquer - Legacy GUID: 7bb4213c17e8aa8dc9dbfde0c8c2f9ba
﻿16:18:36 : Verified GUID (bd5c559d22136d17ec04a08945e4890e) of player #2 hitziquer
﻿16:24:28 : Player #0 JF disconnected
﻿16:25:36 : Player #0 FIN4LShare (187.63.77.182:2304) connected
﻿16:25:37 : Player #0 FIN4LShare - GUID: d4cd999756c3b7742306dd967dcf9a54 (unverified)
﻿16:25:38 : Verified GUID (d4cd999756c3b7742306dd967dcf9a54) of player #0 FIN4LShare
﻿16:25:38 : Player #0 FIN4LShare - Legacy GUID: cbd67b2c90a885cb5aa8bc1280925a58
﻿16:28:51 : Player #4 WeslleiGames disconnected
﻿16:31:30 : RCon admin #1: (To Bad Guy) BEC : You have about 60 seconds left to join the mission.
﻿16:32:01 : RCon admin #1: (To Bad Guy) BEC : You have about 30 seconds left to join the mission.
﻿16:32:08 : Player #2 hitziquer disconnected
﻿16:32:15 : RCon admin #1: (To Bad Guy) BEC : You have about 15 seconds left to join the mission.
﻿16:32:30 : Player #3 Bad Guy (dda8f26d97fcb7ca8899f7f65d8536cf) has been kicked by BattlEye: Admin Kick (BEC : Lobby idling to long)
﻿16:33:19 : Player #2 hitziquer (181.231.177.216:1118) connected
﻿16:33:20 : Player #2 hitziquer - GUID: bd5c559d22136d17ec04a08945e4890e (unverified)
﻿16:33:21 : Verified GUID (bd5c559d22136d17ec04a08945e4890e) of player #2 hitziquer
﻿16:33:21 : Player #2 hitziquer - Legacy GUID: 7bb4213c17e8aa8dc9dbfde0c8c2f9ba
﻿16:39:01 : Player #3 Leodagos (186.135.72.194:22797) connected
﻿16:39:02 : Player #3 Leodagos - GUID: 927032c3d7c1139aff0ff09424d46da1 (unverified)
﻿16:39:03 : Verified GUID (927032c3d7c1139aff0ff09424d46da1) of player #3 Leodagos
﻿16:39:03 : Player #3 Leodagos - Legacy GUID: d7639dceb9588d3b0ab85f82e92ff8de
﻿16:50:42 : RCon admin #1: (To FIN4LShare) BEC : You have about 60 seconds left to join the mission.
﻿16:51:13 : RCon admin #1: (To FIN4LShare) BEC : You have about 30 seconds left to join the mission.
﻿16:51:27 : RCon admin #1: (To FIN4LShare) BEC : You have about 15 seconds left to join the mission.
﻿16:51:42 : Player #0 FIN4LShare (d4cd999756c3b7742306dd967dcf9a54) has been kicked by BattlEye: Admin Kick (BEC : Lobby idling to long)
﻿16:58:57 : Player #2 hitziquer disconnected
﻿17:00:08 : Player #0 hitziquer (181.231.177.216:1118) connected
﻿17:00:09 : Player #0 hitziquer - GUID: bd5c559d22136d17ec04a08945e4890e (unverified)
﻿17:00:10 : Verified GUID (bd5c559d22136d17ec04a08945e4890e) of player #0 hitziquer
﻿17:00:10 : Player #0 hitziquer - Legacy GUID: 7bb4213c17e8aa8dc9dbfde0c8c2f9ba
﻿17:20:22 : Player #2 Giuliano (186.108.205.78:5806) connected
﻿17:20:25 : Player #2 Giuliano - GUID: d82d9b410898465fd61bfe254f6a65b0 (unverified)
﻿17:20:25 : Player #2 Giuliano disconnected
﻿17:29:16 : Player #3 Leodagos disconnected
﻿17:45:00 : RCon admin #1: (Global) BEC : This server will restart in 15 minutes
﻿17:46:22 : Player #2 Bad Guy (24.232.71.49:2304) connected
﻿17:46:23 : Player #2 Bad Guy - GUID: dda8f26d97fcb7ca8899f7f65d8536cf (unverified)
﻿17:46:23 : Verified GUID (dda8f26d97fcb7ca8899f7f65d8536cf) of player #2 Bad Guy
﻿17:46:24 : Player #2 Bad Guy - Legacy GUID: e63f5403618860de28c9af75ce0b2365
﻿17:55:00 : RCon admin #1: (Global) BEC : This server will restart in 5 minutes
﻿17:59:00 : RCon admin #1: (Global) BEC : This server will restart in 1 minute, Log out now!
﻿17:59:20 : Player #2 Bad Guy disconnected
﻿17:59:29 : Player #0 hitziquer disconnected
﻿18:00:01 : Lost Connection!
﻿18:00:01 : Closing socket & exiting!
﻿18:01:15 : Rcon client logging in
﻿18:01:15 : RCon admin #1 (127.0.0.1:62677) logged in
﻿18:01:18 : Player #0 Nikyta (190.244.45.71:2304) connected
﻿18:01:20 : Player #0 Nikyta - Legacy GUID: d294364f535d1f02da4e01c50aaec207
﻿18:01:20 : Player #0 Nikyta - GUID: d18bc2163de1a6abe8924f2e0788680b (unverified)
﻿18:01:20 : Verified GUID (d18bc2163de1a6abe8924f2e0788680b) of player #0 Nikyta
﻿18:01:36 : Player #0 Nikyta disconnected
﻿18:03:12 : Player #0 Nikyta (190.244.45.71:2304) connected
﻿18:03:13 : Player #1 Bad Guy (24.232.71.49:2304) connected
﻿18:03:13 : Player #0 Nikyta - GUID: d18bc2163de1a6abe8924f2e0788680b (unverified)
﻿18:03:14 : Player #0 Nikyta - Legacy GUID: d294364f535d1f02da4e01c50aaec207
﻿18:03:14 : Verified GUID (d18bc2163de1a6abe8924f2e0788680b) of player #0 Nikyta
﻿18:03:14 : Player #1 Bad Guy - GUID: dda8f26d97fcb7ca8899f7f65d8536cf (unverified)
﻿18:03:15 : Verified GUID (dda8f26d97fcb7ca8899f7f65d8536cf) of player #1 Bad Guy
﻿18:03:15 : Player #1 Bad Guy - Legacy GUID: e63f5403618860de28c9af75ce0b2365
﻿18:08:29 : Player #2 hitziquer (181.231.177.216:3648) connected
﻿18:08:30 : Player #2 hitziquer - GUID: bd5c559d22136d17ec04a08945e4890e (unverified)
﻿18:08:30 : Verified GUID (bd5c559d22136d17ec04a08945e4890e) of player #2 hitziquer
﻿18:08:31 : Player #2 hitziquer - Legacy GUID: 7bb4213c17e8aa8dc9dbfde0c8c2f9ba
﻿18:09:44 : Player #3 painful (190.176.200.236:2304) connected
﻿18:09:46 : Player #3 painful - GUID: ec001a362bbe563fe15e2a379f7b4658 (unverified)
﻿18:09:46 : Verified GUID (ec001a362bbe563fe15e2a379f7b4658) of player #3 painful
﻿18:09:46 : Player #3 painful - Legacy GUID: a79bb2e77b8f096cc080a3cf3facf265
﻿18:11:40 : Player #4 Recoil (82.26.80.233:2304) connected
﻿18:11:43 : Player #4 Recoil - GUID: 8d37a36567704da3bb2ba5199864490f (unverified)
﻿18:11:43 : Verified GUID (8d37a36567704da3bb2ba5199864490f) of player #4 Recoil
﻿18:11:44 : Player #4 Recoil - Legacy GUID: 6d3f4705b992c915522001493ef36a2d
﻿18:11:48 : Player #4 Recoil disconnected
﻿18:38:05 : Player #4 NeedAmmo (190.23.193.24:19715) connected
﻿18:38:06 : Player #4 NeedAmmo - GUID: 4a3bc4cc45eb4a966e7773327fe0f850 (unverified)
﻿18:38:06 : Verified GUID (4a3bc4cc45eb4a966e7773327fe0f850) of player #4 NeedAmmo
﻿18:38:07 : Player #4 NeedAmmo - Legacy GUID: ca2ccd9af586c0cc2cbd6fdfd719871d
﻿18:38:16 : Player #4 NeedAmmo disconnected
﻿18:43:01 : Player #4 Leodagos (186.135.72.194:25908) connected
﻿18:43:02 : Player #4 Leodagos - GUID: 927032c3d7c1139aff0ff09424d46da1 (unverified)
﻿18:43:02 : Verified GUID (927032c3d7c1139aff0ff09424d46da1) of player #4 Leodagos
﻿18:43:03 : Player #4 Leodagos - Legacy GUID: d7639dceb9588d3b0ab85f82e92ff8de
﻿18:49:09 : Player #5 NeedAmmo (190.23.193.24:21448) connected
﻿18:49:10 : Player #5 NeedAmmo - GUID: 4a3bc4cc45eb4a966e7773327fe0f850 (unverified)
﻿18:49:11 : Verified GUID (4a3bc4cc45eb4a966e7773327fe0f850) of player #5 NeedAmmo
﻿18:49:11 : Player #5 NeedAmmo - Legacy GUID: ca2ccd9af586c0cc2cbd6fdfd719871d
﻿18:49:16 : Player #5 NeedAmmo disconnected
﻿18:51:22 : Player #5 NeedAmmo (190.23.193.24:21452) connected
﻿18:51:31 : Player #6 Jej0x |Aspirante| (190.51.254.14:2304) connected
﻿18:51:34 : Player #6 Jej0x |Aspirante| - GUID: f3e3268171736a361f4f08d3aee36558 (unverified)
﻿18:51:34 : Verified GUID (f3e3268171736a361f4f08d3aee36558) of player #6 Jej0x |Aspirante|
﻿18:51:35 : Player #6 Jej0x |Aspirante| - Legacy GUID: 46a8911586c7fdb684a7f7c1fb3da0e5
﻿18:51:55 : Player #5 NeedAmmo (-) has been kicked by BattlEye: Client not responding
﻿18:53:52 : Player #2 hitziquer disconnected
﻿18:57:15 : RCon admin #1: (To Jej0x |Aspirante|) BEC : You have about 60 seconds left to join the mission.
﻿18:57:46 : RCon admin #1: (To Jej0x |Aspirante|) BEC : You have about 30 seconds left to join the mission.
﻿18:58:01 : RCon admin #1: (To Jej0x |Aspirante|) BEC : You have about 15 seconds left to join the mission.
﻿18:58:15 : Player #6 Jej0x |Aspirante| (f3e3268171736a361f4f08d3aee36558) has been kicked by BattlEye: Admin Kick (BEC : Lobby idling to long)
﻿19:06:14 : Player #3 painful (ec001a362bbe563fe15e2a379f7b4658) has been kicked by BattlEye: Client not responding
﻿19:11:07 : Player #1 Bad Guy disconnected
﻿19:30:53 : Player #1 painful (190.176.200.236:2304) connected
﻿19:30:55 : Player #1 painful - GUID: ec001a362bbe563fe15e2a379f7b4658 (unverified)
﻿19:30:55 : Player #1 painful - Legacy GUID: a79bb2e77b8f096cc080a3cf3facf265
﻿19:30:55 : Verified GUID (ec001a362bbe563fe15e2a379f7b4658) of player #1 painful
﻿19:33:49 : RCon admin #1: (To Leodagos) BEC : You have about 60 seconds left to join the mission.
﻿19:34:20 : RCon admin #1: (To Leodagos) BEC : You have about 30 seconds left to join the mission.
﻿19:34:34 : RCon admin #1: (To Leodagos) BEC : You have about 15 seconds left to join the mission.
﻿19:34:49 : Player #4 Leodagos (927032c3d7c1139aff0ff09424d46da1) has been kicked by BattlEye: Admin Kick (BEC : Lobby idling to long)
﻿19:49:12 : Player #2 Leodagos (186.135.72.194:27207) connected
﻿19:49:14 : Player #2 Leodagos - GUID: 927032c3d7c1139aff0ff09424d46da1 (unverified)
﻿19:49:14 : Player #2 Leodagos - Legacy GUID: d7639dceb9588d3b0ab85f82e92ff8de
﻿19:49:14 : Verified GUID (927032c3d7c1139aff0ff09424d46da1) of player #2 Leodagos
﻿19:50:09 : Player #0 Nikyta (d18bc2163de1a6abe8924f2e0788680b) has been kicked by BattlEye: Client not responding
﻿19:50:10 : Player #2 Leodagos (927032c3d7c1139aff0ff09424d46da1) has been kicked by BattlEye: Client not responding
﻿19:50:14 : Player #1 painful (ec001a362bbe563fe15e2a379f7b4658) has been kicked by BattlEye: Client not responding
﻿20:26:34 : Player #0 JF (190.185.192.18:26512) connected
﻿20:26:35 : Player #0 JF - GUID: 93a2a9d9bc7acb34122becec3305fde7 (unverified)
﻿20:26:36 : Verified GUID (93a2a9d9bc7acb34122becec3305fde7) of player #0 JF
﻿20:26:36 : Player #0 JF - Legacy GUID: 1e3460faa1452299ec3b5f220fe797e0
﻿20:45:00 : RCon admin #1: (Global) BEC : This server will restart in 15 minutes
﻿20:46:04 : Player #1 Nikyta (190.244.45.71:2304) connected
﻿20:46:05 : Player #1 Nikyta - GUID: d18bc2163de1a6abe8924f2e0788680b (unverified)
﻿20:46:05 : Verified GUID (d18bc2163de1a6abe8924f2e0788680b) of player #1 Nikyta
﻿20:46:06 : Player #1 Nikyta - Legacy GUID: d294364f535d1f02da4e01c50aaec207
﻿20:55:00 : RCon admin #1: (Global) BEC : This server will restart in 5 minutes
﻿20:59:00 : RCon admin #1: (Global) BEC : Server restart in 1 minute, Log out NOW!
﻿20:59:33 : Player #0 JF disconnected
﻿21:00:01 : Lost Connection!
﻿21:00:01 : Closing socket & exiting!
﻿21:01:15 : Rcon client logging in
﻿21:01:26 : RCon admin #1 (127.0.0.1:64446) logged in
﻿21:02:04 : Player #1 JF (190.185.192.18:26512) connected
﻿21:02:06 : Player #1 JF - GUID: 93a2a9d9bc7acb34122becec3305fde7 (unverified)
﻿21:02:06 : Player #1 JF - Legacy GUID: 1e3460faa1452299ec3b5f220fe797e0
﻿21:02:06 : Verified GUID (93a2a9d9bc7acb34122becec3305fde7) of player #1 JF
﻿21:05:06 : Player #2 Leodagos (186.135.72.194:11212) connected
﻿21:05:07 : Player #2 Leodagos - GUID: 927032c3d7c1139aff0ff09424d46da1 (unverified)
﻿21:05:07 : Verified GUID (927032c3d7c1139aff0ff09424d46da1) of player #2 Leodagos
﻿21:05:08 : Player #2 Leodagos - Legacy GUID: d7639dceb9588d3b0ab85f82e92ff8de
﻿22:08:38 : Player #3 PC (200.59.241.134:29711) connected
﻿22:08:39 : Player #3 PC - GUID: 57e2f0ead545277747a0d1544a73713d (unverified)
﻿22:08:39 : Verified GUID (57e2f0ead545277747a0d1544a73713d) of player #3 PC
﻿22:08:40 : Player #3 PC disconnected
﻿22:35:09 : Player #0 Nikyta disconnected
﻿22:36:18 : Player #2 Leodagos disconnected
﻿22:37:01 : Player #0 Nikyta (190.244.45.71:2304) connected
﻿22:37:02 : Player #0 Nikyta - GUID: d18bc2163de1a6abe8924f2e0788680b (unverified)
﻿22:37:02 : Verified GUID (d18bc2163de1a6abe8924f2e0788680b) of player #0 Nikyta
﻿22:37:03 : Player #0 Nikyta - Legacy GUID: d294364f535d1f02da4e01c50aaec207
﻿23:02:28 : Player #1 JF disconnected
﻿23:05:04 : Player #1 Marc4623 (186.48.37.245:2304) connected
﻿23:05:05 : Player #1 Marc4623 - GUID: 7a7c550f20fbdceb7d76764a5bb82870 (unverified)
﻿23:05:06 : Verified GUID (7a7c550f20fbdceb7d76764a5bb82870) of player #1 Marc4623
﻿23:05:06 : Player #1 Marc4623 - Legacy GUID: 0437dda1aae63c3893b26365d7f82f97
﻿23:05:09 : Player #1 Marc4623 disconnected
﻿23:08:32 : Player #1 juan p (189.223.6.102:2304) connected
﻿23:08:36 : Player #1 juan p - GUID: eab22850fdd8c03689d3cf62197b27a8 (unverified)
﻿23:08:36 : Player #1 juan p - Legacy GUID: 42220cbb688c4a3748630ff8eb1117dd
﻿23:08:36 : Verified GUID (eab22850fdd8c03689d3cf62197b27a8) of player #1 juan p
﻿23:14:48 : Player #1 juan p disconnected
﻿23:16:40 : Player #1 juan p (189.223.6.102:2304) connected
﻿23:16:42 : Player #1 juan p - GUID: eab22850fdd8c03689d3cf62197b27a8 (unverified)
﻿23:16:42 : Verified GUID (eab22850fdd8c03689d3cf62197b27a8) of player #1 juan p
﻿23:16:43 : Player #1 juan p - Legacy GUID: 42220cbb688c4a3748630ff8eb1117dd
﻿23:32:56 : RCon admin #1: (To juan p) BEC : You have about 60 seconds left to join the mission.
﻿23:33:27 : RCon admin #1: (To juan p) BEC : You have about 30 seconds left to join the mission.
﻿23:33:42 : RCon admin #1: (To juan p) BEC : You have about 15 seconds left to join the mission.
﻿23:33:56 : Player #1 juan p (eab22850fdd8c03689d3cf62197b27a8) has been kicked by BattlEye: Admin Kick (BEC : Lobby idling to long)
﻿23:45:00 : RCon admin #1: (Global) BEC : This server will restart in 15 minutes
﻿23:55:00 : RCon admin #1: (Global) BEC : This server will restart in 5 minutes
﻿23:58:23 : Player #0 Nikyta disconnected
﻿23:59:00 : RCon admin #1: (Global) BEC : This server will restart in 1 minute, Log out now!
