00:00:02 : Lost Connection!
﻿00:00:02 : Closing socket & exiting!
﻿00:01:15 : Rcon client logging in
﻿00:01:15 : RCon admin #2 (127.0.0.1:58534) logged in
﻿00:12:52 : Player #0 Nah44 (181.230.54.29:2304) connected
﻿00:12:54 : Player #0 Nah44 - GUID: 3b8d625d929bc895b0de0b46e2d13e33 (unverified)
﻿00:12:54 : Player #0 Nah44 - Legacy GUID: fb1a030952d993797290c2c1dc81077e
﻿00:12:54 : Verified GUID (3b8d625d929bc895b0de0b46e2d13e33) of player #0 Nah44
﻿00:13:52 : Player #1 GusTavoR- (186.251.248.161:2304) connected
﻿00:13:52 : Player #2 TaLLeS- (191.5.29.190:46363) connected
﻿00:13:53 : Player #2 TaLLeS- - GUID: 0e821407074ee85459af514349fec22f (unverified)
﻿00:13:55 : Player #1 GusTavoR- - GUID: b8520fb4a4f1b56fe3865af38dc10f60 (unverified)
﻿00:13:55 : Player #2 TaLLeS- - Legacy GUID: cae9b566f1adabfc708e7ca3637a029c
﻿00:13:55 : Player #1 GusTavoR- - Legacy GUID: 1d61591943cbc4de3b297aca6c5eba66
﻿00:13:56 : Verified GUID (b8520fb4a4f1b56fe3865af38dc10f60) of player #1 GusTavoR-
﻿00:13:56 : Verified GUID (0e821407074ee85459af514349fec22f) of player #2 TaLLeS-
﻿00:16:46 : Player #3 Alan (181.95.224.222:2304) connected
﻿00:16:47 : Player #3 Alan - GUID: 0f58f0f7cbcc27bdd669ddb2ba67dec1 (unverified)
﻿00:16:48 : Player #3 Alan - Legacy GUID: e4693e16704daa1c5c15a058786df292
﻿00:16:48 : Verified GUID (0f58f0f7cbcc27bdd669ddb2ba67dec1) of player #3 Alan
﻿00:22:27 : Player #4 Seba (200.89.154.130:11860) connected
﻿00:22:33 : Player #4 Seba - Legacy GUID: 1db2d3b9de40f70681e8a27940355628
﻿00:22:33 : Player #4 Seba - GUID: e84a7c2f0f444a8fa6bff7df557360c8 (unverified)
﻿00:22:33 : Verified GUID (e84a7c2f0f444a8fa6bff7df557360c8) of player #4 Seba
﻿00:23:09 : Player #4 Seba disconnected
﻿00:23:12 : Player #4 Seba (200.89.154.130:11860) connected
﻿00:23:25 : Player #4 Seba - GUID: e84a7c2f0f444a8fa6bff7df557360c8 (unverified)
﻿00:23:26 : Verified GUID (e84a7c2f0f444a8fa6bff7df557360c8) of player #4 Seba
﻿00:23:26 : Player #4 Seba - Legacy GUID: 1db2d3b9de40f70681e8a27940355628
﻿00:29:08 : RCon admin #2: (To Seba) BEC : You have about 60 seconds left to join the mission.
﻿00:29:39 : RCon admin #2: (To Seba) BEC : You have about 30 seconds left to join the mission.
﻿00:29:54 : RCon admin #2: (To Seba) BEC : You have about 15 seconds left to join the mission.
﻿00:30:08 : Player #4 Seba (e84a7c2f0f444a8fa6bff7df557360c8) has been kicked by BattlEye: Admin Kick (BEC : Lobby idling to long)
﻿00:30:22 : Player #4 Seba (200.89.154.130:11860) connected
﻿00:30:25 : Player #4 Seba - GUID: e84a7c2f0f444a8fa6bff7df557360c8 (unverified)
﻿00:30:25 : Verified GUID (e84a7c2f0f444a8fa6bff7df557360c8) of player #4 Seba
﻿00:30:26 : Player #4 Seba - Legacy GUID: 1db2d3b9de40f70681e8a27940355628
﻿00:30:53 : Player #4 Seba disconnected
﻿00:35:21 : Player #4 edgar (189.194.23.186:2304) connected
﻿00:35:23 : Player #4 edgar - GUID: f437a82e55f1e066995fbf75e961723e (unverified)
﻿00:35:23 : Player #4 edgar - Legacy GUID: 34a707cdfc6309ba56617169fdf6b2d9
﻿00:35:23 : Verified GUID (f437a82e55f1e066995fbf75e961723e) of player #4 edgar
﻿01:02:04 : Player #0 Nah44 disconnected
﻿01:20:32 : Player #0 CptPrice (179.25.108.112:2304) connected
﻿01:20:33 : Player #0 CptPrice - GUID: dad8a88f476920602e0ba8a3ec2233f0 (unverified)
﻿01:20:34 : Verified GUID (dad8a88f476920602e0ba8a3ec2233f0) of player #0 CptPrice
﻿01:20:34 : Player #0 CptPrice - Legacy GUID: 323a7f4bd8042e48a12960b923bdf4f4
﻿01:20:37 : Player #3 Alan disconnected
﻿01:26:42 : Player #0 CptPrice disconnected
﻿01:34:07 : Player #0 sebastian (152.172.179.51:2304) connected
﻿01:34:08 : Player #0 sebastian - GUID: c953df4744f2f6840b5bc2cde9ebfd50 (unverified)
﻿01:34:09 : Verified GUID (c953df4744f2f6840b5bc2cde9ebfd50) of player #0 sebastian
﻿01:34:10 : Player #0 sebastian - Legacy GUID: 5759984b6184489b63a98879c9bcf268
﻿01:39:13 : RCon admin #3 (181.92.54.74:49637) logged in
﻿02:00:38 : Player #0 sebastian disconnected
﻿02:06:56 : RCon admin #2: (To edgar) BEC : You have about 60 seconds left to join the mission.
﻿02:15:02 : RCon admin #0 (167.56.117.38:51927) logged in
﻿02:31:19 : Player #0 Alan (181.95.224.222:2304) connected
﻿02:31:20 : Player #0 Alan - GUID: 0f58f0f7cbcc27bdd669ddb2ba67dec1 (unverified)
﻿02:31:21 : Verified GUID (0f58f0f7cbcc27bdd669ddb2ba67dec1) of player #0 Alan
﻿02:31:21 : Player #0 Alan - Legacy GUID: e4693e16704daa1c5c15a058786df292
﻿02:37:03 : RCon admin #2: (To Alan) BEC : You have about 60 seconds left to join the mission.
﻿02:37:34 : RCon admin #2: (To Alan) BEC : You have about 30 seconds left to join the mission.
﻿02:37:49 : RCon admin #2: (To Alan) BEC : You have about 15 seconds left to join the mission.
﻿02:38:03 : Player #0 Alan (0f58f0f7cbcc27bdd669ddb2ba67dec1) has been kicked by BattlEye: Admin Kick (BEC : Lobby idling to long)
﻿02:41:35 : Player #0 Alan (181.95.224.222:2304) connected
﻿02:41:36 : Player #0 Alan - GUID: 0f58f0f7cbcc27bdd669ddb2ba67dec1 (unverified)
﻿02:41:36 : Verified GUID (0f58f0f7cbcc27bdd669ddb2ba67dec1) of player #0 Alan
﻿02:41:37 : Player #0 Alan - Legacy GUID: e4693e16704daa1c5c15a058786df292
﻿02:43:22 : RCon admin #0 (167.56.117.38:58707) logged in
﻿02:45:00 : RCon admin #2: (Global) BEC : This server will restart in 15 minutes
﻿02:55:00 : RCon admin #2: (Global) BEC : This server will restart in 5 minutes
﻿02:59:00 : RCon admin #2: (Global) BEC : This server will restart in 1 minute, Log out now!
﻿02:59:42 : Player #4 edgar disconnected
﻿02:59:42 : Player #0 Alan disconnected
﻿03:00:01 : Lost Connection!
﻿03:00:01 : Closing socket & exiting!
﻿03:01:15 : Rcon client logging in
﻿03:01:15 : RCon admin #1 (127.0.0.1:51404) logged in
﻿03:05:31 : Player #0 Alan (181.95.224.222:2304) connected
﻿03:05:33 : Player #0 Alan - Legacy GUID: e4693e16704daa1c5c15a058786df292
﻿03:05:33 : Player #0 Alan - GUID: 0f58f0f7cbcc27bdd669ddb2ba67dec1 (unverified)
﻿03:05:33 : Verified GUID (0f58f0f7cbcc27bdd669ddb2ba67dec1) of player #0 Alan
﻿03:06:42 : Player #1 edgar (189.194.23.186:2304) connected
﻿03:06:42 : Player #2 -RutaK- Anibal Fernandez (190.136.194.110:4588) connected
﻿03:06:43 : Player #2 -RutaK- Anibal Fernandez - GUID: 975f64f9366d6ff6545b15cbfe9c0671 (unverified)
﻿03:06:43 : Player #1 edgar disconnected
﻿03:06:44 : Verified GUID (975f64f9366d6ff6545b15cbfe9c0671) of player #2 -RutaK- Anibal Fernandez
﻿03:06:46 : Player #2 -RutaK- Anibal Fernandez - Legacy GUID: b5fe4be73694c3d5340cc487fe6d3ba4
﻿03:06:55 : Player #1 edgar (189.194.23.186:2304) connected
﻿03:06:58 : Player #1 edgar - GUID: f437a82e55f1e066995fbf75e961723e (unverified)
﻿03:06:59 : Verified GUID (f437a82e55f1e066995fbf75e961723e) of player #1 edgar
﻿03:07:00 : Player #1 edgar - Legacy GUID: 34a707cdfc6309ba56617169fdf6b2d9
﻿03:08:22 : Player #3 TaLLeS- (191.5.29.190:51022) connected
﻿03:08:24 : Player #3 TaLLeS- - GUID: 0e821407074ee85459af514349fec22f (unverified)
﻿03:08:25 : Player #3 TaLLeS- - Legacy GUID: cae9b566f1adabfc708e7ca3637a029c
﻿03:08:27 : Verified GUID (0e821407074ee85459af514349fec22f) of player #3 TaLLeS-
﻿03:09:39 : Player #4 GusTavoR- (186.251.248.161:2304) connected
﻿03:09:43 : Player #4 GusTavoR- - GUID: b8520fb4a4f1b56fe3865af38dc10f60 (unverified)
﻿03:09:43 : Player #4 GusTavoR- - Legacy GUID: 1d61591943cbc4de3b297aca6c5eba66
﻿03:09:44 : Verified GUID (b8520fb4a4f1b56fe3865af38dc10f60) of player #4 GusTavoR-
﻿03:15:34 : Player #5 Cololaucha (186.137.37.134:2304) connected
﻿03:15:35 : Player #5 Cololaucha - GUID: d49e38305d82ca36199ed2470f6f1a58 (unverified)
﻿03:15:35 : Verified GUID (d49e38305d82ca36199ed2470f6f1a58) of player #5 Cololaucha
﻿03:15:36 : Player #5 Cololaucha - Legacy GUID: c9ab14dfb9c618cd64cc88d1f1e1de42
﻿03:24:42 : RCon admin #0: (Global) [ChukyN] REMEMBER IM ALWAYS WATCHING ÑAJAJAJAJA 
﻿03:25:45 : RCon admin #0: (Global) [ChukyN] es peor que gran hermano esto, admins por todos lados
﻿03:26:24 : RCon admin #0: (Global) [ChukyN] hay 2 mas, pero nose muestran, bue 3 en realidad, somos 5
﻿03:26:58 : RCon admin #0: (Global) [ChukyN] ahora no mas yo veo 3 admins conectados a la consola y a Juan le debe estar pegando la mujer, asi que no es uno
﻿03:28:26 : RCon admin #0: (Global) [ChukyN] Bue me voy a dormir, se comportan que despues leo el log
﻿03:43:44 : Player #6 [K.O] Polaco (190.178.152.253:2304) connected
﻿03:43:45 : Player #6 [K.O] Polaco - GUID: 879f843eb74d48458e43ed89dd4aeda0 (unverified)
﻿03:43:46 : Verified GUID (879f843eb74d48458e43ed89dd4aeda0) of player #6 [K.O] Polaco
﻿03:43:46 : Player #6 [K.O] Polaco - Legacy GUID: 61035659353b605ee7bfc05a6e10fa29
﻿03:43:48 : Player #6 [K.O] Polaco disconnected
﻿03:45:31 : Player #6 [K.O] Polaco (190.178.152.253:2304) connected
﻿03:45:33 : Player #6 [K.O] Polaco - GUID: 879f843eb74d48458e43ed89dd4aeda0 (unverified)
﻿03:45:33 : Verified GUID (879f843eb74d48458e43ed89dd4aeda0) of player #6 [K.O] Polaco
﻿03:45:34 : Player #6 [K.O] Polaco - Legacy GUID: 61035659353b605ee7bfc05a6e10fa29
﻿03:46:20 : Player #7 mathi_000 (179.24.76.145:2304) connected
﻿03:46:21 : Player #7 mathi_000 - GUID: 8728bab4ae6aaf5ffab980c3fc59531b (unverified)
﻿03:46:21 : Verified GUID (8728bab4ae6aaf5ffab980c3fc59531b) of player #7 mathi_000
﻿03:46:22 : Player #7 mathi_000 - Legacy GUID: 991aa4a51781b0ef210f31668919ec03
﻿03:46:22 : Player #7 mathi_000 disconnected
﻿03:48:12 : Player #2 -RutaK- Anibal Fernandez disconnected
﻿03:51:46 : Player #2 -RutaK- Anibal Fernandez (190.136.194.110:4588) connected
﻿03:51:47 : Player #2 -RutaK- Anibal Fernandez - GUID: 975f64f9366d6ff6545b15cbfe9c0671 (unverified)
﻿03:51:48 : Verified GUID (975f64f9366d6ff6545b15cbfe9c0671) of player #2 -RutaK- Anibal Fernandez
﻿03:51:48 : Player #2 -RutaK- Anibal Fernandez - Legacy GUID: b5fe4be73694c3d5340cc487fe6d3ba4
﻿03:52:05 : Player #2 -RutaK- Anibal Fernandez disconnected
﻿03:52:16 : RCon admin #0 (127.0.0.1:56433) logged in
﻿03:53:34 : RCon admin #2 (127.0.0.1:60285) logged in
﻿03:54:37 : Player #2 -RutaK- Lazaro Baez (190.136.194.110:4084) connected
﻿03:54:38 : Player #2 -RutaK- Lazaro Baez - GUID: 2b673f6d3f8457bc6d3f811ee7b298cd (unverified)
﻿03:54:38 : Verified GUID (2b673f6d3f8457bc6d3f811ee7b298cd) of player #2 -RutaK- Lazaro Baez
﻿03:54:39 : Player #2 -RutaK- Lazaro Baez - Legacy GUID: e1ae19780babd1a52cb4d02f0ec342a3
﻿03:58:51 : RCon admin #0: (Global) [ANTENA4] RADIOSEÑAL DE EMERGENCIA EMITIENDO: Se Busca "GustTavoR-" por vender caipirña en los trades. $100.000 recompenza.
﻿04:02:01 : RCon admin #0: (Global) [BEC] Click Derecho Sobre el Libro en tu inventario para aprender sobre Agricultura/Ganaderia/Cocina
﻿04:07:41 : RCon admin #0: (Global) [BEC] Proximamente Puestos de Control Fronterizos del Ejercito de Chernarus.
﻿04:10:10 : Player #5 Cololaucha disconnected
﻿04:10:58 : Player #5 Daryl (190.229.205.26:2304) connected
﻿04:10:59 : Player #5 Daryl - GUID: cf0b984beb695f6a1509c1352c7143e6 (unverified)
﻿04:11:00 : Verified GUID (cf0b984beb695f6a1509c1352c7143e6) of player #5 Daryl
﻿04:11:00 : Player #5 Daryl - Legacy GUID: 797dcee85139da3550d13b4b5683dcad
﻿04:14:20 : RCon admin #0: (To [K.O] Polaco) [ADM] ts5.freets3.net:10113   este pertenece al servidor por si lo queres usar.
﻿04:16:42 : RCon admin #1: (To Daryl) BEC : You have about 60 seconds left to join the mission.
﻿04:17:13 : RCon admin #1: (To Daryl) BEC : You have about 30 seconds left to join the mission.
﻿04:17:27 : RCon admin #1: (To Daryl) BEC : You have about 15 seconds left to join the mission.
﻿04:17:42 : Player #5 Daryl (cf0b984beb695f6a1509c1352c7143e6) has been kicked by BattlEye: Admin Kick (BEC : Lobby idling to long)
﻿04:21:27 : Player #5 Daryl (190.229.205.26:2304) connected
﻿04:21:28 : Player #5 Daryl - GUID: cf0b984beb695f6a1509c1352c7143e6 (unverified)
﻿04:21:28 : Verified GUID (cf0b984beb695f6a1509c1352c7143e6) of player #5 Daryl
﻿04:21:29 : Player #5 Daryl - Legacy GUID: 797dcee85139da3550d13b4b5683dcad
﻿04:24:20 : Player #1 edgar disconnected
﻿04:38:43 : No Valid response. Trying to reconnect.!
﻿04:38:43 : Rcon client logging in
﻿04:38:44 : RCon admin #1 (127.0.0.1:51404) logged in
﻿04:38:55 : Player #2 -RutaK- Lazaro Baez disconnected
﻿04:50:11 : Player #5 Daryl disconnected
﻿04:53:47 : Player #0 Alan disconnected
﻿05:19:30 : Player #6 [K.O] Polaco disconnected
﻿05:21:28 : Player #0 Ralokoo (179.222.171.137:2304) connected
﻿05:21:29 : Player #0 Ralokoo - GUID: c4532d33f98fd5bfa6b58a5046c49f31 (unverified)
﻿05:21:30 : Verified GUID (c4532d33f98fd5bfa6b58a5046c49f31) of player #0 Ralokoo
﻿05:21:30 : Player #0 Ralokoo - Legacy GUID: 0b7b7578a0ade8fa6d4a7eda33b711e0
﻿05:21:31 : Player #0 Ralokoo disconnected
﻿05:33:36 : Player #0 -RutaK- Lazaro Baez (190.136.194.110:4084) connected
﻿05:33:37 : Player #0 -RutaK- Lazaro Baez - GUID: 2b673f6d3f8457bc6d3f811ee7b298cd (unverified)
﻿05:33:38 : Verified GUID (2b673f6d3f8457bc6d3f811ee7b298cd) of player #0 -RutaK- Lazaro Baez
﻿05:33:38 : Player #0 -RutaK- Lazaro Baez - Legacy GUID: e1ae19780babd1a52cb4d02f0ec342a3
﻿05:45:00 : RCon admin #1: (Global) BEC : This server will restart in 15 minutes
﻿05:55:00 : RCon admin #1: (Global) BEC : This server will restart in 5 minutes
﻿05:59:00 : RCon admin #1: (Global) BEC : This server will restart in 1 minute, Log out now!
﻿05:59:17 : Player #0 -RutaK- Lazaro Baez disconnected
﻿06:00:01 : Lost Connection!
﻿06:00:01 : Closing socket & exiting!
﻿06:01:15 : Rcon client logging in
﻿06:01:15 : RCon admin #0 (127.0.0.1:56745) logged in
﻿08:45:00 : RCon admin #0: (Global) BEC : This server will restart in 15 minutes
﻿08:55:00 : RCon admin #0: (Global) BEC : This server will restart in 5 minutes
﻿08:59:00 : RCon admin #0: (Global) BEC : This server will restart in 1 minute, Log out now!
﻿09:00:01 : Lost Connection!
﻿09:00:01 : Closing socket & exiting!
﻿09:01:07 : Rcon client logging in
﻿09:01:07 : RCon admin #0 (127.0.0.1:54853) logged in
﻿09:53:24 : Lost Connection!
﻿09:53:24 : Closing socket & exiting!
﻿09:54:59 : Rcon client logging in
﻿09:54:59 : RCon admin #0 (127.0.0.1:57078) logged in
﻿11:13:02 : Player #0 shiji01 (190.176.143.26:2304) connected
﻿11:13:04 : Player #0 shiji01 - GUID: c7645c61bff283bba70a1cbafd3eaff2 (unverified)
﻿11:13:04 : Verified GUID (c7645c61bff283bba70a1cbafd3eaff2) of player #0 shiji01
﻿11:13:06 : Player #0 shiji01 - Legacy GUID: b4c60b72fb6fd983a148848276bf060d
﻿11:13:14 : Player #0 shiji01 disconnected
﻿11:45:00 : RCon admin #0: (Global) BEC : This server will restart in 15 minutes
﻿11:55:00 : RCon admin #0: (Global) BEC : This server will restart in 5 minutes
﻿11:59:00 : RCon admin #0: (Global) BEC : This server will restart in 1 minute, Log out now!
﻿12:00:02 : Lost Connection!
﻿12:00:02 : Closing socket & exiting!
﻿12:01:06 : Rcon client logging in
﻿12:01:06 : RCon admin #0 (127.0.0.1:64716) logged in
﻿12:40:40 : Player #0 JF (190.185.192.18:26512) connected
﻿12:40:42 : Player #0 JF - GUID: 93a2a9d9bc7acb34122becec3305fde7 (unverified)
﻿12:40:43 : Verified GUID (93a2a9d9bc7acb34122becec3305fde7) of player #0 JF
﻿12:40:44 : Player #0 JF - Legacy GUID: 1e3460faa1452299ec3b5f220fe797e0
﻿13:28:20 : Player #1 Arlequinno Xablau (189.26.148.245:2304) connected
﻿13:28:21 : Player #1 Arlequinno Xablau - GUID: 74f71516d7fcce5a4e4e59c9d9f8fe14 (unverified)
﻿13:28:22 : Verified GUID (74f71516d7fcce5a4e4e59c9d9f8fe14) of player #1 Arlequinno Xablau
﻿13:28:23 : Player #1 Arlequinno Xablau - Legacy GUID: 3a84f69a4e7acb12daf829f05b2154ef
﻿13:32:57 : Player #1 Arlequinno Xablau disconnected
﻿13:34:36 : Player #1 Alan (181.95.224.222:2304) connected
﻿13:34:37 : Player #1 Alan - GUID: 0f58f0f7cbcc27bdd669ddb2ba67dec1 (unverified)
﻿13:34:38 : Verified GUID (0f58f0f7cbcc27bdd669ddb2ba67dec1) of player #1 Alan
﻿13:34:38 : Player #1 Alan - Legacy GUID: e4693e16704daa1c5c15a058786df292
﻿13:46:44 : Player #2 Vercingetorix (191.81.44.179:19036) connected
﻿13:46:46 : Player #2 Vercingetorix - GUID: 19c26c3b79411428d31cf77c6a433f29 (unverified)
﻿13:46:46 : Verified GUID (19c26c3b79411428d31cf77c6a433f29) of player #2 Vercingetorix
﻿13:46:46 : Player #2 Vercingetorix - Legacy GUID: 8067374cc7c3df0e36bef415e5bd1abf
﻿13:47:07 : Player #2 Vercingetorix disconnected
﻿13:47:51 : Player #2 Vercingetorix (191.81.44.179:19043) connected
﻿13:47:52 : Player #2 Vercingetorix - GUID: 19c26c3b79411428d31cf77c6a433f29 (unverified)
﻿13:47:52 : Verified GUID (19c26c3b79411428d31cf77c6a433f29) of player #2 Vercingetorix
﻿13:47:53 : Player #2 Vercingetorix - Legacy GUID: 8067374cc7c3df0e36bef415e5bd1abf
﻿13:49:02 : Player #3 SKIDROW (191.80.221.253:2304) connected
﻿13:49:03 : Player #3 SKIDROW - GUID: b4a0b684baefb28122c1c2ef68be6775 (unverified)
﻿13:49:04 : Verified GUID (b4a0b684baefb28122c1c2ef68be6775) of player #3 SKIDROW
﻿13:49:05 : Player #3 SKIDROW disconnected
﻿14:11:43 : Player #2 Vercingetorix disconnected
﻿14:12:05 : Player #1 Alan disconnected
﻿14:24:24 : Player #1 Cololaucha (186.137.37.134:2304) connected
﻿14:24:25 : Player #1 Cololaucha - GUID: d49e38305d82ca36199ed2470f6f1a58 (unverified)
﻿14:24:25 : Verified GUID (d49e38305d82ca36199ed2470f6f1a58) of player #1 Cololaucha
﻿14:24:26 : Player #1 Cololaucha - Legacy GUID: c9ab14dfb9c618cd64cc88d1f1e1de42
﻿14:32:05 : Player #2 -RutaK- Anibal Fernandez (190.136.194.110:4588) connected
﻿14:32:07 : Player #2 -RutaK- Anibal Fernandez - Legacy GUID: b5fe4be73694c3d5340cc487fe6d3ba4
﻿14:32:07 : Player #2 -RutaK- Anibal Fernandez - GUID: 975f64f9366d6ff6545b15cbfe9c0671 (unverified)
﻿14:32:07 : Verified GUID (975f64f9366d6ff6545b15cbfe9c0671) of player #2 -RutaK- Anibal Fernandez
﻿14:35:56 : Player #3 -RutaK- Lazaro Baez (190.136.194.110:4084) connected
﻿14:35:57 : Player #3 -RutaK- Lazaro Baez - GUID: 2b673f6d3f8457bc6d3f811ee7b298cd (unverified)
﻿14:35:58 : Verified GUID (2b673f6d3f8457bc6d3f811ee7b298cd) of player #3 -RutaK- Lazaro Baez
﻿14:35:58 : Player #3 -RutaK- Lazaro Baez - Legacy GUID: e1ae19780babd1a52cb4d02f0ec342a3
﻿14:45:00 : RCon admin #0: (Global) BEC : This server will restart in 15 minutes
﻿14:47:59 : RCon admin #0: (To -RutaK- Anibal Fernandez) BEC : You have about 60 seconds left to join the mission.
﻿14:48:30 : RCon admin #0: (To -RutaK- Anibal Fernandez) BEC : You have about 30 seconds left to join the mission.
﻿14:48:45 : RCon admin #0: (To -RutaK- Anibal Fernandez) BEC : You have about 15 seconds left to join the mission.
﻿14:48:59 : Player #2 -RutaK- Anibal Fernandez (975f64f9366d6ff6545b15cbfe9c0671) has been kicked by BattlEye: Admin Kick (BEC : Lobby idling to long)
﻿14:55:00 : RCon admin #0: (Global) BEC : This server will restart in 5 minutes
﻿14:59:00 : RCon admin #0: (Global) BEC : This server will restart in 1 minute, Log out now!
﻿15:00:01 : Lost Connection!
﻿15:00:01 : Closing socket & exiting!
﻿15:01:15 : Rcon client logging in
﻿15:01:16 : RCon admin #0 (127.0.0.1:52325) logged in
﻿15:10:03 : Player #1 Nah44 (181.230.54.29:2304) connected
﻿15:10:05 : Player #1 Nah44 - GUID: 3b8d625d929bc895b0de0b46e2d13e33 (unverified)
﻿15:10:05 : Player #1 Nah44 - Legacy GUID: fb1a030952d993797290c2c1dc81077e
﻿15:10:05 : Verified GUID (3b8d625d929bc895b0de0b46e2d13e33) of player #1 Nah44
﻿15:11:21 : Player #1 Nah44 (3b8d625d929bc895b0de0b46e2d13e33) has been kicked by BattlEye: Client not responding
﻿15:11:24 : Player #0 Cololaucha (d49e38305d82ca36199ed2470f6f1a58) has been kicked by BattlEye: Client not responding
﻿15:13:16 : Player #0 Nah44 (181.230.54.29:1024) connected
﻿15:13:17 : Player #0 Nah44 - GUID: 3b8d625d929bc895b0de0b46e2d13e33 (unverified)
﻿15:13:18 : Verified GUID (3b8d625d929bc895b0de0b46e2d13e33) of player #0 Nah44
﻿15:13:19 : Player #0 Nah44 - Legacy GUID: fb1a030952d993797290c2c1dc81077e
﻿15:16:55 : Player #1 -RutaK- Lazaro Baez (190.136.194.110:4084) connected
﻿15:16:57 : Player #1 -RutaK- Lazaro Baez - GUID: 2b673f6d3f8457bc6d3f811ee7b298cd (unverified)
﻿15:16:57 : Player #1 -RutaK- Lazaro Baez - Legacy GUID: e1ae19780babd1a52cb4d02f0ec342a3
﻿15:16:57 : Verified GUID (2b673f6d3f8457bc6d3f811ee7b298cd) of player #1 -RutaK- Lazaro Baez
﻿15:17:29 : Player #2 Daryl (190.229.205.26:2304) connected
﻿15:17:30 : Player #2 Daryl - GUID: cf0b984beb695f6a1509c1352c7143e6 (unverified)
﻿15:17:31 : Verified GUID (cf0b984beb695f6a1509c1352c7143e6) of player #2 Daryl
﻿15:17:31 : Player #2 Daryl - Legacy GUID: 797dcee85139da3550d13b4b5683dcad
﻿15:21:27 : Player #3 marc (190.177.223.86:28931) connected
﻿15:21:28 : Player #3 marc - GUID: 46e16e6f1d3acdac044150865d6fbd9a (unverified)
﻿15:21:29 : Verified GUID (46e16e6f1d3acdac044150865d6fbd9a) of player #3 marc
﻿15:21:29 : Player #3 marc - Legacy GUID: bc5c9cf2a168da04b78b88a995a643a8
﻿15:26:56 : Player #3 marc disconnected
﻿15:36:54 : RCon admin #1 (179.24.179.69:63938) logged in
﻿15:43:09 : Player #3 Cololaucha (186.137.37.134:2304) connected
﻿15:43:11 : Player #3 Cololaucha - GUID: d49e38305d82ca36199ed2470f6f1a58 (unverified)
﻿15:43:11 : Verified GUID (d49e38305d82ca36199ed2470f6f1a58) of player #3 Cololaucha
﻿15:43:11 : Player #3 Cololaucha - Legacy GUID: c9ab14dfb9c618cd64cc88d1f1e1de42
﻿15:44:17 : Player #2 Daryl disconnected
﻿15:44:36 : Player #2 LBDT-14 (181.41.227.196:17315) connected
﻿15:44:39 : Player #2 LBDT-14 disconnected
﻿15:44:49 : Player #2 LBDT-14 (181.41.227.196:17320) connected
﻿15:45:21 : Player #2 LBDT-14 (-) has been kicked by BattlEye: Client not responding
﻿16:06:52 : Player #1 -RutaK- Lazaro Baez disconnected
﻿16:18:53 : Player #1 sebastian (152.172.179.51:2304) connected
﻿16:18:54 : Player #1 sebastian - GUID: c953df4744f2f6840b5bc2cde9ebfd50 (unverified)
﻿16:18:54 : Verified GUID (c953df4744f2f6840b5bc2cde9ebfd50) of player #1 sebastian
﻿16:18:55 : Player #1 sebastian - Legacy GUID: 5759984b6184489b63a98879c9bcf268
﻿16:22:55 : Player #2 TaLLeS- (191.5.29.190:62118) connected
﻿16:22:56 : Player #2 TaLLeS- - GUID: 0e821407074ee85459af514349fec22f (unverified)
﻿16:22:57 : Player #2 TaLLeS- - Legacy GUID: cae9b566f1adabfc708e7ca3637a029c
﻿16:23:00 : Verified GUID (0e821407074ee85459af514349fec22f) of player #2 TaLLeS-
﻿16:23:27 : Player #4 GusTavoR- (186.251.248.161:2304) connected
﻿16:23:29 : Player #4 GusTavoR- - GUID: b8520fb4a4f1b56fe3865af38dc10f60 (unverified)
﻿16:23:30 : Verified GUID (b8520fb4a4f1b56fe3865af38dc10f60) of player #4 GusTavoR-
﻿16:23:32 : Player #4 GusTavoR- - Legacy GUID: 1d61591943cbc4de3b297aca6c5eba66
﻿16:26:45 : Player #1 sebastian (c953df4744f2f6840b5bc2cde9ebfd50) has been kicked by BattlEye: Ping too high (1077)
﻿16:27:00 : Player #1 sebastian (152.172.179.51:2304) connected
﻿16:27:03 : Player #1 sebastian - GUID: c953df4744f2f6840b5bc2cde9ebfd50 (unverified)
﻿16:27:03 : Verified GUID (c953df4744f2f6840b5bc2cde9ebfd50) of player #1 sebastian
﻿16:27:04 : Player #1 sebastian - Legacy GUID: 5759984b6184489b63a98879c9bcf268
﻿16:31:57 : Player #1 sebastian (c953df4744f2f6840b5bc2cde9ebfd50) has been kicked by BattlEye: Ping too high (468)
﻿16:35:50 : Player #1 -RutaK- Lazaro Baez (190.136.194.110:4084) connected
﻿16:35:51 : Player #1 -RutaK- Lazaro Baez - GUID: 2b673f6d3f8457bc6d3f811ee7b298cd (unverified)
﻿16:35:52 : Verified GUID (2b673f6d3f8457bc6d3f811ee7b298cd) of player #1 -RutaK- Lazaro Baez
﻿16:35:52 : Player #1 -RutaK- Lazaro Baez - Legacy GUID: e1ae19780babd1a52cb4d02f0ec342a3
﻿16:37:51 : Player #3 Cololaucha disconnected
﻿16:43:24 : Player #3 Alvaro 2 (190.44.50.187:2304) connected
﻿16:43:27 : Player #3 Alvaro 2 - GUID: d87e4584073053468a87dd266055e9aa (unverified)
﻿16:43:28 : Verified GUID (d87e4584073053468a87dd266055e9aa) of player #3 Alvaro 2
﻿16:43:29 : Player #3 Alvaro 2 - Legacy GUID: 21c1d58b70ed518947af177aba199722
﻿16:43:54 : Player #1 -RutaK- Lazaro Baez disconnected
﻿16:47:43 : Player #1 Silvester Stanag (190.30.169.50:2304) connected
﻿16:47:44 : Player #1 Silvester Stanag - GUID: d603844e2f77196bf616245ae360213b (unverified)
﻿16:47:45 : Verified GUID (d603844e2f77196bf616245ae360213b) of player #1 Silvester Stanag
﻿16:47:45 : Player #1 Silvester Stanag - Legacy GUID: a5aa074813dab730e26d67b8a0a0af6c
﻿16:50:11 : Player #3 Alvaro 2 disconnected
﻿16:51:22 : Player #3 LarzuK (186.56.20.115:2304) connected
﻿16:51:23 : Player #3 LarzuK - GUID: 830c029a6ec69a6e0563b0638ebe72b9 (unverified)
﻿16:51:24 : Player #3 LarzuK - Legacy GUID: 36a4a2b1fb2e23467aba15c0a1207080
﻿16:51:25 : Verified GUID (830c029a6ec69a6e0563b0638ebe72b9) of player #3 LarzuK
﻿16:53:44 : Player #5 sRulo (190.220.167.223:2304) connected
﻿16:53:46 : Player #5 sRulo - GUID: 60d55c3e00228c1b597f4d7debdbd1f2 (unverified)
﻿16:53:46 : Verified GUID (60d55c3e00228c1b597f4d7debdbd1f2) of player #5 sRulo
﻿16:53:48 : Player #5 sRulo - Legacy GUID: 7b3a366f20f83ed0340255c2fe5fcb81
﻿16:58:03 : Player #6 Augusto (179.155.134.224:2304) connected
﻿16:58:04 : Player #6 Augusto - GUID: 2add744f8b79c7ce0bffdae436ad81a1 (unverified)
﻿16:58:05 : Verified GUID (2add744f8b79c7ce0bffdae436ad81a1) of player #6 Augusto
﻿16:58:05 : Player #6 Augusto - Owner GUID: b4db1d6f8b8aa117ba3fb4aed5f1505e
﻿16:58:05 : Player #6 Augusto - Legacy GUID: 118d570481893adbf1e85324366d6690
﻿16:58:08 : Player #6 Augusto disconnected
﻿17:02:08 : RCon admin #0: (To Silvester Stanag) BEC : You have about 60 seconds left to join the mission.
﻿17:02:39 : RCon admin #0: (To Silvester Stanag) BEC : You have about 30 seconds left to join the mission.
﻿17:02:54 : RCon admin #0: (To Silvester Stanag) BEC : You have about 15 seconds left to join the mission.
﻿17:03:08 : Player #1 Silvester Stanag (d603844e2f77196bf616245ae360213b) has been kicked by BattlEye: Admin Kick (BEC : Lobby idling to long)
﻿17:11:45 : Player #1 galle (186.128.20.68:28527) connected
﻿17:11:47 : Player #1 galle - GUID: 627f419ef44cbe111b1db01473d750e1 (unverified)
﻿17:11:48 : Player #1 galle - Legacy GUID: accd0093faa6cb12f25643b3ba86bfc2
﻿17:11:48 : Verified GUID (627f419ef44cbe111b1db01473d750e1) of player #1 galle
﻿17:16:50 : Player #1 galle disconnected
﻿17:21:35 : Player #0 Nah44 (3b8d625d929bc895b0de0b46e2d13e33) has been kicked by BattlEye: Ping too high (561)
﻿17:25:57 : RCon admin #2 (127.0.0.1:53306) logged in
﻿17:27:53 : Player #0 Nah44 (181.230.54.29:2304) connected
﻿17:27:54 : Player #0 Nah44 - GUID: 3b8d625d929bc895b0de0b46e2d13e33 (unverified)
﻿17:27:54 : Verified GUID (3b8d625d929bc895b0de0b46e2d13e33) of player #0 Nah44
﻿17:27:55 : Player #0 Nah44 - Legacy GUID: fb1a030952d993797290c2c1dc81077e
﻿17:38:08 : RCon admin #2 (127.0.0.1:62077) logged in
﻿17:39:01 : Player #1 Turderkat (190.44.50.187:2304) connected
﻿17:39:03 : Player #6 canallin (186.107.71.132:2304) connected
﻿17:39:03 : Player #1 Turderkat - GUID: d87e4584073053468a87dd266055e9aa (unverified)
﻿17:39:03 : Verified GUID (d87e4584073053468a87dd266055e9aa) of player #1 Turderkat
﻿17:39:04 : Player #1 Turderkat - Legacy GUID: 21c1d58b70ed518947af177aba199722
﻿17:39:04 : Player #6 canallin - GUID: af439ea3080e2425d9352496e4613e8f (unverified)
﻿17:39:05 : Verified GUID (af439ea3080e2425d9352496e4613e8f) of player #6 canallin
﻿17:39:05 : Player #6 canallin - Legacy GUID: 78b011720aafb06f0b4d5770404a7e65
﻿17:39:05 : Player #6 canallin disconnected
﻿17:39:14 : Player #1 Turderkat disconnected
﻿17:39:29 : Player #1 facuelpro (200.126.184.174:2304) connected
﻿17:39:31 : Player #1 facuelpro - GUID: 855aad1c14cec99bfd26f10127cd07ca (unverified)
﻿17:39:31 : Player #1 facuelpro - Legacy GUID: a406364b22ea6559472d7aa6e71717bf
﻿17:39:31 : Verified GUID (855aad1c14cec99bfd26f10127cd07ca) of player #1 facuelpro
﻿17:39:34 : Player #1 facuelpro disconnected
﻿17:40:46 : Player #1 Turderkat (190.44.50.187:2304) connected
﻿17:40:47 : Player #1 Turderkat - GUID: d87e4584073053468a87dd266055e9aa (unverified)
﻿17:40:47 : Verified GUID (d87e4584073053468a87dd266055e9aa) of player #1 Turderkat
﻿17:40:48 : Player #1 Turderkat - Legacy GUID: 21c1d58b70ed518947af177aba199722
﻿17:41:04 : Player #6 canallin (186.107.71.132:2304) connected
﻿17:41:05 : Player #6 canallin - GUID: af439ea3080e2425d9352496e4613e8f (unverified)
﻿17:41:05 : Verified GUID (af439ea3080e2425d9352496e4613e8f) of player #6 canallin
﻿17:41:06 : Player #6 canallin disconnected
﻿17:41:18 : Player #1 Turderkat disconnected
﻿17:42:52 : Player #3 LarzuK (830c029a6ec69a6e0563b0638ebe72b9) has been kicked by BattlEye: Client not responding
﻿17:45:00 : RCon admin #0: (Global) BEC : This server will restart in 15 minutes
﻿17:49:28 : Could not connect to BE Master
﻿17:49:28 : Update attempt failed
﻿17:49:28 : Player #0 Nah44 (3b8d625d929bc895b0de0b46e2d13e33) has been kicked by BattlEye: Client not responding
﻿17:49:28 : Player #2 TaLLeS- (0e821407074ee85459af514349fec22f) has been kicked by BattlEye: Client not responding
﻿17:49:28 : Player #4 GusTavoR- (b8520fb4a4f1b56fe3865af38dc10f60) has been kicked by BattlEye: Client not responding
﻿17:49:28 : Player #5 sRulo (60d55c3e00228c1b597f4d7debdbd1f2) has been kicked by BattlEye: Client not responding
﻿17:55:00 : RCon admin #0: (Global) BEC : This server will restart in 5 minutes
﻿17:56:18 : Player #0 TaLLeS- (191.5.29.190:1898) connected
﻿17:56:20 : Player #0 TaLLeS- - GUID: 0e821407074ee85459af514349fec22f (unverified)
﻿17:56:22 : Verified GUID (0e821407074ee85459af514349fec22f) of player #0 TaLLeS-
﻿17:56:22 : Player #0 TaLLeS- - Legacy GUID: cae9b566f1adabfc708e7ca3637a029c
﻿17:57:09 : Player #1 GusTavoR- (186.251.248.161:2304) connected
﻿17:57:12 : Player #1 GusTavoR- - GUID: b8520fb4a4f1b56fe3865af38dc10f60 (unverified)
﻿17:57:13 : Player #1 GusTavoR- - Legacy GUID: 1d61591943cbc4de3b297aca6c5eba66
﻿17:57:47 : Verified GUID (b8520fb4a4f1b56fe3865af38dc10f60) of player #1 GusTavoR-
﻿17:59:00 : RCon admin #0: (Global) BEC : This server will restart in 1 minute, Log out now!
﻿18:00:01 : Lost Connection!
﻿18:00:01 : Closing socket & exiting!
﻿18:01:15 : Rcon client logging in
﻿18:01:15 : RCon admin #0 (127.0.0.1:61732) logged in
﻿18:20:05 : Player #0 Nah44 (181.230.54.29:2304) connected
﻿18:20:06 : Player #0 Nah44 - GUID: 3b8d625d929bc895b0de0b46e2d13e33 (unverified)
﻿18:20:07 : Verified GUID (3b8d625d929bc895b0de0b46e2d13e33) of player #0 Nah44
﻿18:20:07 : Player #0 Nah44 - Legacy GUID: fb1a030952d993797290c2c1dc81077e
﻿18:44:43 : Player #1 sRulo (190.220.167.223:2304) connected
﻿18:44:45 : Player #1 sRulo - GUID: 60d55c3e00228c1b597f4d7debdbd1f2 (unverified)
﻿18:44:45 : Verified GUID (60d55c3e00228c1b597f4d7debdbd1f2) of player #1 sRulo
﻿18:44:46 : Player #1 sRulo - Legacy GUID: 7b3a366f20f83ed0340255c2fe5fcb81
﻿18:50:51 : Player #2 LBDT-14 (181.41.227.196:25611) connected
﻿18:51:23 : Player #2 LBDT-14 (-) has been kicked by BattlEye: Client not responding
﻿18:52:23 : Player #2 LBDT-14 (181.41.227.196:25698) connected
﻿18:52:24 : Player #2 LBDT-14 - GUID: c858593a63c82271c5339824d074bc36 (unverified)
﻿18:52:25 : Verified GUID (c858593a63c82271c5339824d074bc36) of player #2 LBDT-14
﻿18:52:25 : Player #2 LBDT-14 disconnected
﻿19:01:06 : Player #2 LBDT-14 (181.41.227.196:26780) connected
﻿19:01:08 : Player #2 LBDT-14 - GUID: c858593a63c82271c5339824d074bc36 (unverified)
﻿19:01:08 : Verified GUID (c858593a63c82271c5339824d074bc36) of player #2 LBDT-14
﻿19:01:08 : Player #2 LBDT-14 - Legacy GUID: e1a8e8d66bed7aeb40020ad793020a5b
﻿19:01:08 : Player #2 LBDT-14 disconnected
﻿19:01:19 : Player #2 LBDT-14 (181.41.227.196:26780) connected
﻿19:01:20 : Player #2 LBDT-14 - GUID: c858593a63c82271c5339824d074bc36 (unverified)
﻿19:01:20 : Verified GUID (c858593a63c82271c5339824d074bc36) of player #2 LBDT-14
﻿19:01:20 : Player #2 LBDT-14 disconnected
﻿19:20:50 : Player #2 LBDT-14 (181.41.227.196:28074) connected
﻿19:21:22 : Player #2 LBDT-14 (-) has been kicked by BattlEye: Client not responding
﻿19:21:33 : Player #2 LBDT-14 (181.41.227.196:28100) connected
﻿19:22:05 : Player #2 LBDT-14 (-) has been kicked by BattlEye: Client not responding
﻿19:25:43 : Player #2 LBDT-14 (181.41.227.196:28101) connected
﻿19:26:15 : Player #2 LBDT-14 (-) has been kicked by BattlEye: Client not responding
﻿19:32:21 : Player #2 reconnect (181.31.146.206:2304) connected
﻿19:32:22 : Player #2 reconnect - GUID: bce9001abea802948b7f28a9f2de533e (unverified)
﻿19:32:23 : Verified GUID (bce9001abea802948b7f28a9f2de533e) of player #2 reconnect
﻿19:32:23 : Player #2 reconnect - Legacy GUID: 30e1b7957008270cda72e13e47f13b54
﻿19:36:11 : Player #3 [K.O] Polaco (190.178.152.253:2304) connected
﻿19:36:12 : Player #3 [K.O] Polaco - GUID: 879f843eb74d48458e43ed89dd4aeda0 (unverified)
﻿19:36:12 : Verified GUID (879f843eb74d48458e43ed89dd4aeda0) of player #3 [K.O] Polaco
﻿19:36:13 : Player #3 [K.O] Polaco - Legacy GUID: 61035659353b605ee7bfc05a6e10fa29
﻿19:36:15 : Player #3 [K.O] Polaco disconnected
﻿19:38:36 : Player #3 [K.O] Polaco (190.178.152.253:2304) connected
﻿19:38:37 : Player #3 [K.O] Polaco - GUID: 879f843eb74d48458e43ed89dd4aeda0 (unverified)
﻿19:38:38 : Verified GUID (879f843eb74d48458e43ed89dd4aeda0) of player #3 [K.O] Polaco
﻿19:38:38 : Player #3 [K.O] Polaco - Legacy GUID: 61035659353b605ee7bfc05a6e10fa29
﻿19:54:09 : RCon admin #1 (179.24.179.69:60717) logged in
﻿19:55:07 : RCon admin #1: (Global) [ChukyN] Que rompieron giles
﻿19:55:07 : RCon admin #1: (Global) [ChukyN] Que rompieron giles
﻿19:56:26 : RCon admin #1: (Global) [ChukyN] m134 es para la suv armored
﻿19:56:37 : RCon admin #1: (Global) [ChukyN] dhskm para todo los bandits que tienen .50
﻿19:56:47 : RCon admin #1: (Global) [ChukyN] m2 para el humvee con .50
﻿19:57:01 : RCon admin #1: (Global) [ChukyN] m240 para lo que no es .50
﻿19:57:30 : RCon admin #1: (Global) [ChukyN] vendelas
﻿19:57:43 : RCon admin #1: (Global) [ChukyN] el bandit trader las tiene
﻿19:57:48 : RCon admin #1: (Global) [ChukyN] el de atras creo
﻿19:58:28 : RCon admin #1: (Global) [ChukyN] proba desde el trader comun, no desde el trader rapido
﻿19:58:33 : RCon admin #1: (Global) [ChukyN] las otras las tiene el heroe trader
﻿19:59:47 : RCon admin #1: (Global) [ChukyN] es rarp
﻿19:59:47 : RCon admin #2 (127.0.0.1:61554) logged in
﻿20:00:03 : RCon admin #1: (Global) [ChukyN] no debe haber usado los traderes que yo le pase Juan
﻿20:00:45 : RCon admin #1: (Global) [ChukyN] Si Nah44, sabemos como fijarnos... hasta hacemos nuestros propios mods por si no lo notaste..
﻿20:01:03 : RCon admin #2: (Global) [ADM] bandit trade: class 50Rnd_127x107_DSHKM {type = "trade_items";buy[] ={100000,"Coins"};sell[] ={50000,"Coins"};};
﻿20:01:25 : RCon admin #1: (Global) [ChukyN] Ahi esta
﻿20:01:39 : RCon admin #2: (Global) [ADM] en antenta 4 tambien te lo compran reco
﻿20:01:41 : RCon admin #1: (Global) [ChukyN] el de 100 es
﻿20:01:47 : RCon admin #1: (Global) [ChukyN] el default
﻿20:01:49 : RCon admin #1: (Global) [ChukyN] Juan
﻿20:01:49 : RCon admin #1: (Global) [ChukyN] Juan
﻿20:02:38 : RCon admin #2: (Global) [ADM] hero trade: class 50Rnd_127x107_DSHKM {
		type = "trade_items";
		buy[] = {100000,"Coins"};
		sell[] = {50000,"Coins"};
    };
﻿20:02:38 : RCon admin #2: (Global) [ADM] hero trade: class 50Rnd_127x107_DSHKM {
		type = "trade_items";
		buy[] = {100000,"Coins"};
		sell[] = {50000,"Coins"};
    };
﻿20:02:38 : RCon admin #2: (Global) [ADM] hero trade: class 50Rnd_127x107_DSHKM {
		type = "trade_items";
		buy[] = {100000,"Coins"};
		sell[] = {50000,"Coins"};
    };
﻿20:02:38 : RCon admin #2: (Global) [ADM] hero trade: class 50Rnd_127x107_DSHKM {
		type = "trade_items";
		buy[] = {100000,"Coins"};
		sell[] = {50000,"Coins"};
    };
﻿20:02:38 : RCon admin #2: (Global) [ADM] hero trade: class 50Rnd_127x107_DSHKM {
		type = "trade_items";
		buy[] = {100000,"Coins"};
		sell[] = {50000,"Coins"};
    };
﻿20:03:25 : RCon admin #1: (Global) [ChukyN] Reco aguanta que loggeo
﻿20:03:30 : RCon admin #2: (Global) [ADM] vendelo en antena 4 reco, yo los vendi ahi varias veces
﻿20:03:30 : RCon admin #1: (Global) [ChukyN] y me fijo algo
﻿20:04:51 : Player #4 ChukyN (179.24.179.69:2304) connected
﻿20:04:52 : Player #4 ChukyN - GUID: 7722b37782b63ac5e8d338480fc6e78d (unverified)
﻿20:04:53 : Verified GUID (7722b37782b63ac5e8d338480fc6e78d) of player #4 ChukyN
﻿20:04:53 : Player #4 ChukyN - Legacy GUID: 927c488179d03fcf9aa55e882ca86653
﻿20:05:25 : RCon admin #2: (Global) [ADM] aca tenes los de antena 4.  Para survivors.  class Category_2009 {
	class 100Rnd_127x99_M2 {
		type = "trade_items";
		buy[] ={300000,"Coins"};
		sell[] ={50000,"Coins"};
	};
class 50Rnd_127x107_DSHKM {
		type = "trade_items";
		buy[] = {300000,"Coins"};
		sell[] = {50000,"Coins"};
﻿20:05:25 : RCon admin #2: (Global) [ADM] aca tenes los de antena 4.  Para survivors.  class Category_2009 {
	class 100Rnd_127x99_M2 {
		type = "trade_items";
		buy[] ={300000,"Coins"};
		sell[] ={50000,"Coins"};
	};
class 50Rnd_127x107_DSHKM {
		type = "trade_items";
		buy[] = {300000,"Coins"};
		sell[] = {50000,"Coins"};
﻿20:05:25 : RCon admin #2: (Global) [ADM] aca tenes los de antena 4.  Para survivors.  class Category_2009 {
	class 100Rnd_127x99_M2 {
		type = "trade_items";
		buy[] ={300000,"Coins"};
		sell[] ={50000,"Coins"};
	};
class 50Rnd_127x107_DSHKM {
		type = "trade_items";
		buy[] = {300000,"Coins"};
		sell[] = {50000,"Coins"};
﻿20:05:25 : RCon admin #2: (Global) [ADM] aca tenes los de antena 4.  Para survivors.  class Category_2009 {
	class 100Rnd_127x99_M2 {
		type = "trade_items";
		buy[] ={300000,"Coins"};
		sell[] ={50000,"Coins"};
	};
class 50Rnd_127x107_DSHKM {
		type = "trade_items";
		buy[] = {300000,"Coins"};
		sell[] = {50000,"Coins"};
﻿20:05:25 : RCon admin #2: (Global) [ADM] aca tenes los de antena 4.  Para survivors.  class Category_2009 {
	class 100Rnd_127x99_M2 {
		type = "trade_items";
		buy[] ={300000,"Coins"};
		sell[] ={50000,"Coins"};
	};
class 50Rnd_127x107_DSHKM {
		type = "trade_items";
		buy[] = {300000,"Coins"};
		sell[] = {50000,"Coins"};
﻿20:05:25 : RCon admin #2: (Global) [ADM] aca tenes los de antena 4.  Para survivors.  class Category_2009 {
	class 100Rnd_127x99_M2 {
		type = "trade_items";
		buy[] ={300000,"Coins"};
		sell[] ={50000,"Coins"};
	};
class 50Rnd_127x107_DSHKM {
		type = "trade_items";
		buy[] = {300000,"Coins"};
		sell[] = {50000,"Coins"};
﻿20:05:25 : RCon admin #2: (Global) [ADM] aca tenes los de antena 4.  Para survivors.  class Category_2009 {
	class 100Rnd_127x99_M2 {
		type = "trade_items";
		buy[] ={300000,"Coins"};
		sell[] ={50000,"Coins"};
	};
class 50Rnd_127x107_DSHKM {
		type = "trade_items";
		buy[] = {300000,"Coins"};
		sell[] = {50000,"Coins"};
﻿20:05:25 : RCon admin #2: (Global) [ADM] aca tenes los de antena 4.  Para survivors.  class Category_2009 {
	class 100Rnd_127x99_M2 {
		type = "trade_items";
		buy[] ={300000,"Coins"};
		sell[] ={50000,"Coins"};
	};
class 50Rnd_127x107_DSHKM {
		type = "trade_items";
		buy[] = {300000,"Coins"};
		sell[] = {50000,"Coins"};
﻿20:05:25 : RCon admin #2: (Global) [ADM] aca tenes los de antena 4.  Para survivors.  class Category_2009 {
	class 100Rnd_127x99_M2 {
		type = "trade_items";
		buy[] ={300000,"Coins"};
		sell[] ={50000,"Coins"};
	};
class 50Rnd_127x107_DSHKM {
		type = "trade_items";
		buy[] = {300000,"Coins"};
		sell[] = {50000,"Coins"};
﻿20:05:25 : RCon admin #2: (Global) [ADM] aca tenes los de antena 4.  Para survivors.  class Category_2009 {
	class 100Rnd_127x99_M2 {
		type = "trade_items";
		buy[] ={300000,"Coins"};
		sell[] ={50000,"Coins"};
	};
class 50Rnd_127x107_DSHKM {
		type = "trade_items";
		buy[] = {300000,"Coins"};
		sell[] = {50000,"Coins"};
﻿20:06:49 : RCon admin #1: (Global) [ChukyN] el de 100 rounds es m2
﻿20:06:51 : RCon admin #1: (Global) [ChukyN] humvee
﻿20:06:55 : RCon admin #2: (Global) [ADM] la cuestion es: si precisas vender dshkm x50 es en antena o en hero trade.
﻿20:06:55 : RCon admin #1: (Global) [ChukyN] no dshkm
﻿20:07:12 : RCon admin #2: (Global) [ADM] si necesitas x100 Bandit trade
﻿20:07:25 : RCon admin #0: (To sRulo) BEC : You have about 60 seconds left to join the mission.
﻿20:07:32 : RCon admin #2: (Global) [ADM] el de mision es 50
﻿20:07:56 : RCon admin #0: (To sRulo) BEC : You have about 30 seconds left to join the mission.
﻿20:08:10 : RCon admin #0: (To sRulo) BEC : You have about 15 seconds left to join the mission.
﻿20:08:17 : RCon admin #2: (Global) [ADM] entonces por que estmos discuentiendo q tipo es , si vos lo sabias? :S
﻿20:08:25 : Player #1 sRulo (60d55c3e00228c1b597f4d7debdbd1f2) has been kicked by BattlEye: Admin Kick (BEC : Lobby idling to long)
﻿20:08:33 : RCon admin #2: (Global) [ADM] ah ok
﻿20:09:02 : RCon admin #2: (Global) [ADM] en antena4  yo las eh vendido a las ds de mision
﻿20:09:41 : RCon admin #2: (Global) [ADM] vos tenes para vender tambien nah?
﻿20:10:40 : Player #1 ADM (190.30.169.50:2304) connected
﻿20:10:41 : Player #1 ADM - GUID: d603844e2f77196bf616245ae360213b (unverified)
﻿20:10:42 : Verified GUID (d603844e2f77196bf616245ae360213b) of player #1 ADM
﻿20:10:42 : Player #1 ADM - Legacy GUID: a5aa074813dab730e26d67b8a0a0af6c
﻿20:13:19 : Player #5 Alan (181.95.224.222:2304) connected
﻿20:13:21 : Player #5 Alan - GUID: 0f58f0f7cbcc27bdd669ddb2ba67dec1 (unverified)
﻿20:13:21 : Verified GUID (0f58f0f7cbcc27bdd669ddb2ba67dec1) of player #5 Alan
﻿20:13:21 : Player #5 Alan - Legacy GUID: e4693e16704daa1c5c15a058786df292
﻿20:15:10 : Player #4 ChukyN disconnected
﻿20:16:27 : RCon admin #2: (Global) [ADM] reco, aca esta el problema, la mision tira dos tipos de dsh, el que juntaste vos es este: 150Rnd_127x107_DSHKM
﻿20:16:38 : RCon admin #2: (Global) [ADM] ahora voy y te lo compro yo.
﻿20:16:49 : RCon admin #2: (Global) [ADM] despues lo agregamos al trade
﻿20:18:14 : Player #4 G4V1 (190.139.141.117:10181) connected
﻿20:18:16 : Player #4 G4V1 - GUID: c0d2fe34341d6c000335606aa67f30b4 (unverified)
﻿20:18:16 : Player #4 G4V1 - Legacy GUID: 0b0f4cb9668cc17178a8fce71546f578
﻿20:18:34 : Player #4 G4V1 disconnected
﻿20:19:32 : RCon admin #2: (To reconnect) [ADM] aterriza cuando puedas asi te doy la plata del ds
﻿20:19:47 : Player #4 sRulo (190.220.167.223:2304) connected
﻿20:19:49 : Player #4 sRulo - GUID: 60d55c3e00228c1b597f4d7debdbd1f2 (unverified)
﻿20:19:49 : Player #4 sRulo - Legacy GUID: 7b3a366f20f83ed0340255c2fe5fcb81
﻿20:19:49 : Verified GUID (60d55c3e00228c1b597f4d7debdbd1f2) of player #4 sRulo
﻿20:20:43 : Player #6 G4V1 (190.139.141.117:10181) connected
﻿20:20:47 : Player #6 G4V1 - Legacy GUID: 0b0f4cb9668cc17178a8fce71546f578
﻿20:20:48 : Player #6 G4V1 - GUID: c0d2fe34341d6c000335606aa67f30b4 (unverified)
﻿20:21:01 : Verified GUID (c0d2fe34341d6c000335606aa67f30b4) of player #6 G4V1
﻿20:23:14 : Player #7 LarzuK (186.56.20.115:2304) connected
﻿20:23:15 : Player #7 LarzuK - GUID: 830c029a6ec69a6e0563b0638ebe72b9 (unverified)
﻿20:23:16 : Player #7 LarzuK - Legacy GUID: 36a4a2b1fb2e23467aba15c0a1207080
﻿20:24:05 : Verified GUID (830c029a6ec69a6e0563b0638ebe72b9) of player #7 LarzuK
﻿20:28:19 : Player #6 G4V1 (c0d2fe34341d6c000335606aa67f30b4) has been kicked by BattlEye: Ping too high (702)
﻿20:38:32 : Player #6 Lostoise (187.59.77.66:2304) connected
﻿20:38:33 : Player #6 Lostoise - GUID: e4b4492561ed019c7e2b2029617fd82b (unverified)
﻿20:38:34 : Verified GUID (e4b4492561ed019c7e2b2029617fd82b) of player #6 Lostoise
﻿20:38:34 : Player #6 Lostoise - Legacy GUID: 53029e945daaa6f3f45c154c53f02252
﻿20:38:36 : Player #6 Lostoise disconnected
﻿20:44:10 : Player #6 Dotterkletch (190.244.120.230:2304) connected
﻿20:44:11 : Player #6 Dotterkletch - GUID: dbc9544f4fafd3d5eea2be4f9b7d9d98 (unverified)
﻿20:44:12 : Verified GUID (dbc9544f4fafd3d5eea2be4f9b7d9d98) of player #6 Dotterkletch
﻿20:44:12 : Player #6 Dotterkletch - Legacy GUID: bf4ca101439e197588f857d0e8790ca1
﻿20:45:00 : RCon admin #0: (Global) BEC : This server will restart in 15 minutes
﻿20:46:29 : Player #4 sRulo disconnected
﻿20:46:43 : Player #6 Dotterkletch - Legacy GUID: bf4ca101439e197588f857d0e8790ca1
﻿20:48:03 : Player #4 Godoy (190.229.166.32:2304) connected
﻿20:48:05 : Player #4 Godoy - GUID: 9a19a5ffe48907808dd5948273a62479 (unverified)
﻿20:48:05 : Verified GUID (9a19a5ffe48907808dd5948273a62479) of player #4 Godoy
﻿20:48:05 : Player #4 Godoy - Legacy GUID: f551ed63a0a2758727643ac78b15603d
﻿20:48:07 : Player #4 Godoy disconnected
﻿20:49:28 : Player #3 [K.O] Polaco disconnected
﻿20:50:43 : RCon admin #2 (127.0.0.1:61926) logged in
﻿20:51:58 : Player #3 [K.O] Polaco (190.178.152.253:2304) connected
﻿20:51:59 : Player #3 [K.O] Polaco - GUID: 879f843eb74d48458e43ed89dd4aeda0 (unverified)
﻿20:52:00 : Verified GUID (879f843eb74d48458e43ed89dd4aeda0) of player #3 [K.O] Polaco
﻿20:52:00 : Player #3 [K.O] Polaco - Legacy GUID: 61035659353b605ee7bfc05a6e10fa29
﻿20:52:02 : Player #3 [K.O] Polaco disconnected
﻿20:53:41 : Player #3 [K.O] Polaco (190.178.152.253:2304) connected
﻿20:53:42 : Player #3 [K.O] Polaco - GUID: 879f843eb74d48458e43ed89dd4aeda0 (unverified)
﻿20:53:43 : Player #4 sRulo (190.220.167.223:2304) connected
﻿20:53:43 : Verified GUID (879f843eb74d48458e43ed89dd4aeda0) of player #3 [K.O] Polaco
﻿20:53:43 : Player #3 [K.O] Polaco - Legacy GUID: 61035659353b605ee7bfc05a6e10fa29
﻿20:53:45 : Player #4 sRulo - GUID: 60d55c3e00228c1b597f4d7debdbd1f2 (unverified)
﻿20:53:46 : Verified GUID (60d55c3e00228c1b597f4d7debdbd1f2) of player #4 sRulo
﻿20:53:47 : Player #4 sRulo - Legacy GUID: 7b3a366f20f83ed0340255c2fe5fcb81
﻿20:55:00 : RCon admin #0: (Global) BEC : This server will restart in 5 minutes
﻿20:57:15 : Player #4 sRulo disconnected
﻿20:59:00 : RCon admin #0: (Global) BEC : Server restart in 1 minute, Log out NOW!
﻿20:59:36 : Player #7 LarzuK disconnected
﻿20:59:51 : Player #0 Nah44 disconnected
﻿21:00:01 : Lost Connection!
﻿21:00:01 : Closing socket & exiting!
﻿21:01:26 : Rcon client logging in
﻿21:01:26 : RCon admin #1 (127.0.0.1:56222) logged in
﻿21:01:35 : Player #0 reconnect (181.31.146.206:2304) connected
﻿21:01:37 : Player #0 reconnect - GUID: bce9001abea802948b7f28a9f2de533e (unverified)
﻿21:01:37 : Verified GUID (bce9001abea802948b7f28a9f2de533e) of player #0 reconnect
﻿21:01:39 : Player #0 reconnect - Legacy GUID: 30e1b7957008270cda72e13e47f13b54
﻿21:02:05 : Player #0 reconnect disconnected
﻿21:02:05 : Player #1 ADM (190.30.169.50:2304) connected
﻿21:02:41 : Player #1 ADM - GUID: d603844e2f77196bf616245ae360213b (unverified)
﻿21:02:41 : Player #1 ADM - Legacy GUID: a5aa074813dab730e26d67b8a0a0af6c
﻿21:02:41 : Verified GUID (d603844e2f77196bf616245ae360213b) of player #1 ADM
﻿21:03:08 : RCon admin #2 (127.0.0.1:58271) logged in
﻿21:03:28 : Player #0 Alan (181.95.224.222:2304) connected
﻿21:03:30 : Player #0 Alan - GUID: 0f58f0f7cbcc27bdd669ddb2ba67dec1 (unverified)
﻿21:03:30 : Verified GUID (0f58f0f7cbcc27bdd669ddb2ba67dec1) of player #0 Alan
﻿21:03:30 : Player #0 Alan - Legacy GUID: e4693e16704daa1c5c15a058786df292
﻿21:03:32 : Player #2 reconnect (181.31.146.206:2304) connected
﻿21:03:34 : Player #2 reconnect - GUID: bce9001abea802948b7f28a9f2de533e (unverified)
﻿21:03:34 : Verified GUID (bce9001abea802948b7f28a9f2de533e) of player #2 reconnect
﻿21:03:34 : Player #2 reconnect - Legacy GUID: 30e1b7957008270cda72e13e47f13b54
﻿21:08:14 : Player #3 Dotterkletch (190.244.120.230:2304) connected
﻿21:08:15 : Player #3 Dotterkletch - GUID: dbc9544f4fafd3d5eea2be4f9b7d9d98 (unverified)
﻿21:08:16 : Verified GUID (dbc9544f4fafd3d5eea2be4f9b7d9d98) of player #3 Dotterkletch
﻿21:08:16 : Player #3 Dotterkletch - Legacy GUID: bf4ca101439e197588f857d0e8790ca1
﻿21:13:20 : RCon admin #2: (To Dotterkletch) [ADM] Bienvenido!
﻿21:14:10 : Player #4 LarzuK (186.56.20.115:2304) connected
﻿21:14:12 : Player #4 LarzuK - GUID: 830c029a6ec69a6e0563b0638ebe72b9 (unverified)
﻿21:14:12 : Player #4 LarzuK - Legacy GUID: 36a4a2b1fb2e23467aba15c0a1207080
﻿21:14:14 : Verified GUID (830c029a6ec69a6e0563b0638ebe72b9) of player #4 LarzuK
﻿21:27:26 : Player #5 sRulo (190.220.167.223:2304) connected
﻿21:27:28 : Player #5 sRulo - GUID: 60d55c3e00228c1b597f4d7debdbd1f2 (unverified)
﻿21:27:29 : Verified GUID (60d55c3e00228c1b597f4d7debdbd1f2) of player #5 sRulo
﻿21:27:30 : Player #5 sRulo - Legacy GUID: 7b3a366f20f83ed0340255c2fe5fcb81
﻿21:35:02 : RCon admin #2: (Global) [ADM] voz global no please
﻿21:35:28 : RCon admin #2: (Global) [ADM] -no hay drama ;)
﻿21:36:21 : RCon admin #2: (To Dotterkletch) [ADM] hay misiones
﻿22:01:51 : Player #6 Daryl (190.229.205.246:2304) connected
﻿22:01:52 : Player #6 Daryl - GUID: cf0b984beb695f6a1509c1352c7143e6 (unverified)
﻿22:01:52 : Verified GUID (cf0b984beb695f6a1509c1352c7143e6) of player #6 Daryl
﻿22:01:53 : Player #6 Daryl - Legacy GUID: 797dcee85139da3550d13b4b5683dcad
﻿22:02:00 : Player #7 [K.O] Polaco (190.178.152.253:2304) connected
﻿22:02:00 : Player #7 [K.O] Polaco - GUID: 879f843eb74d48458e43ed89dd4aeda0 (unverified)
﻿22:02:01 : Verified GUID (879f843eb74d48458e43ed89dd4aeda0) of player #7 [K.O] Polaco
﻿22:02:02 : Player #7 [K.O] Polaco - Legacy GUID: 61035659353b605ee7bfc05a6e10fa29
﻿22:02:04 : Player #7 [K.O] Polaco disconnected
﻿22:02:28 : Player #7 Godoy (190.229.166.32:2304) connected
﻿22:02:29 : Player #7 Godoy - GUID: 9a19a5ffe48907808dd5948273a62479 (unverified)
﻿22:02:29 : Verified GUID (9a19a5ffe48907808dd5948273a62479) of player #7 Godoy
﻿22:02:30 : Player #7 Godoy - Legacy GUID: f551ed63a0a2758727643ac78b15603d
﻿22:02:31 : Player #7 Godoy disconnected
﻿22:03:44 : Player #7 [K.O] Polaco (190.178.152.253:2304) connected
﻿22:03:45 : Player #7 [K.O] Polaco - GUID: 879f843eb74d48458e43ed89dd4aeda0 (unverified)
﻿22:03:45 : Verified GUID (879f843eb74d48458e43ed89dd4aeda0) of player #7 [K.O] Polaco
﻿22:03:46 : RCon admin #1: (To LarzuK) BEC : You have about 60 seconds left to join the mission.
﻿22:03:46 : Player #7 [K.O] Polaco - Legacy GUID: 61035659353b605ee7bfc05a6e10fa29
﻿22:04:14 : Player #3 Dotterkletch disconnected
﻿22:04:17 : RCon admin #1: (To LarzuK) BEC : You have about 30 seconds left to join the mission.
﻿22:04:31 : RCon admin #1: (To LarzuK) BEC : You have about 15 seconds left to join the mission.
﻿22:04:46 : Player #4 LarzuK (830c029a6ec69a6e0563b0638ebe72b9) has been kicked by BattlEye: Admin Kick (BEC : Lobby idling to long)
﻿22:16:53 : Player #6 Daryl disconnected
﻿22:17:19 : Player #3 Correntino (190.229.205.246:2304) connected
﻿22:17:20 : Player #3 Correntino - GUID: cf0b984beb695f6a1509c1352c7143e6 (unverified)
﻿22:17:21 : Verified GUID (cf0b984beb695f6a1509c1352c7143e6) of player #3 Correntino
﻿22:17:21 : Player #3 Correntino - Legacy GUID: 797dcee85139da3550d13b4b5683dcad
﻿22:21:59 : Player #3 Correntino disconnected
﻿22:23:12 : Player #3 TWC Torabe (190.195.150.4:5806) connected
﻿22:23:13 : Player #3 TWC Torabe - GUID: e964b3921006bf92ef98b1a1d3d40bd4 (unverified)
﻿22:23:14 : Verified GUID (e964b3921006bf92ef98b1a1d3d40bd4) of player #3 TWC Torabe
﻿22:23:14 : Player #3 TWC Torabe - Legacy GUID: 99b7d1a5e7b75a962c55e64eb46aaed3
﻿22:27:49 : Player #4 LarzuK (186.56.20.115:2304) connected
﻿22:27:51 : Player #4 LarzuK - Legacy GUID: 36a4a2b1fb2e23467aba15c0a1207080
﻿22:27:51 : Player #4 LarzuK - GUID: 830c029a6ec69a6e0563b0638ebe72b9 (unverified)
﻿22:27:53 : Verified GUID (830c029a6ec69a6e0563b0638ebe72b9) of player #4 LarzuK
﻿22:43:20 : Player #2 reconnect disconnected
﻿22:47:47 : RCon admin #2: (To TWC Torabe) [ADM] Benvenido!
﻿22:48:58 : RCon admin #2: (To Alan) [ADM] que problema tuviste con la lockbox?
﻿22:51:39 : Player #0 Alan disconnected
﻿22:52:10 : Player #5 sRulo disconnected
﻿22:58:33 : Player #7 [K.O] Polaco disconnected
﻿22:59:37 : Player #3 TWC Torabe disconnected
﻿23:16:26 : Player #0 BillyCobra (179.25.146.166:2304) connected
﻿23:16:27 : Player #0 BillyCobra - GUID: c7da8102492179c679ac9271a98b78ec (unverified)
﻿23:16:28 : Verified GUID (c7da8102492179c679ac9271a98b78ec) of player #0 BillyCobra
﻿23:16:28 : Player #0 BillyCobra - Legacy GUID: 302edbd8fbf71dc9fa75063fdcbb512b
﻿23:22:10 : RCon admin #1: (To BillyCobra) BEC : You have about 60 seconds left to join the mission.
﻿23:22:41 : RCon admin #1: (To BillyCobra) BEC : You have about 30 seconds left to join the mission.
﻿23:22:55 : RCon admin #1: (To BillyCobra) BEC : You have about 15 seconds left to join the mission.
﻿23:23:10 : Player #0 BillyCobra (c7da8102492179c679ac9271a98b78ec) has been kicked by BattlEye: Admin Kick (BEC : Lobby idling to long)
﻿23:37:06 : Player #0 BillyCobra (179.25.146.166:2304) connected
﻿23:37:07 : Player #0 BillyCobra - GUID: c7da8102492179c679ac9271a98b78ec (unverified)
﻿23:37:07 : Verified GUID (c7da8102492179c679ac9271a98b78ec) of player #0 BillyCobra
﻿23:37:08 : Player #0 BillyCobra - Legacy GUID: 302edbd8fbf71dc9fa75063fdcbb512b
﻿23:37:37 : Player #1 ADM disconnected
﻿23:45:00 : RCon admin #1: (Global) BEC : This server will restart in 15 minutes
﻿23:54:33 : Player #0 BillyCobra disconnected
﻿23:55:00 : RCon admin #1: (Global) BEC : This server will restart in 5 minutes
﻿23:58:16 : Player #0 LaPutaMadre (177.95.253.193:2304) connected
﻿23:58:17 : Player #0 LaPutaMadre - GUID: 5761be145efb57f0b88e879c9a11af65 (unverified)
﻿23:58:17 : Verified GUID (5761be145efb57f0b88e879c9a11af65) of player #0 LaPutaMadre
﻿23:58:18 : Player #0 LaPutaMadre - Legacy GUID: a31b07610f5f87ae060f242e1a4bcd9b
﻿23:58:19 : Player #0 LaPutaMadre disconnected
﻿23:59:00 : RCon admin #1: (Global) BEC : This server will restart in 1 minute, Log out now!
﻿23:59:46 : Player #4 LarzuK disconnected
