00:00:01 : Lost Connection!
﻿00:00:01 : Closing socket & exiting!
﻿00:05:09 : Rcon client logging in
﻿00:05:40 : RCon admin #0 (127.0.0.1:65436) logged in
﻿00:06:45 : Player #1 JF (190.185.192.18:26512) connected
﻿00:06:46 : Player #1 JF - GUID: 93a2a9d9bc7acb34122becec3305fde7 (unverified)
﻿00:06:46 : Verified GUID (93a2a9d9bc7acb34122becec3305fde7) of player #1 JF
﻿00:06:47 : Player #1 JF - Legacy GUID: 1e3460faa1452299ec3b5f220fe797e0
﻿00:07:31 : Lost Connection!
﻿00:07:31 : Closing socket & exiting!
﻿00:14:42 : Rcon client logging in
﻿00:14:42 : RCon admin #0 (127.0.0.1:65437) logged in
﻿00:15:23 : Player #0 JF (190.185.192.18:26512) connected
﻿00:15:24 : Player #0 JF - GUID: 93a2a9d9bc7acb34122becec3305fde7 (unverified)
﻿00:15:25 : Verified GUID (93a2a9d9bc7acb34122becec3305fde7) of player #0 JF
﻿00:15:25 : Player #0 JF - Legacy GUID: 1e3460faa1452299ec3b5f220fe797e0
﻿00:15:47 : Player #1 juandayz (190.139.31.160:2304) connected
﻿00:15:48 : Player #1 juandayz - GUID: d603844e2f77196bf616245ae360213b (unverified)
﻿00:16:23 : Verified GUID (d603844e2f77196bf616245ae360213b) of player #1 juandayz
﻿00:16:23 : Player #1 juandayz - Legacy GUID: a5aa074813dab730e26d67b8a0a0af6c
﻿00:16:29 : Player #2 Kamui (190.113.138.45:2304) connected
﻿00:16:32 : Player #2 Kamui - GUID: 4a6ccac842613306096aa9a43d2b5a97 (unverified)
﻿00:16:32 : Verified GUID (4a6ccac842613306096aa9a43d2b5a97) of player #2 Kamui
﻿00:16:33 : Player #2 Kamui - Legacy GUID: f0ca0e170bf174c58fb92c7d379e8b7a
﻿00:16:35 : Player #2 Kamui disconnected
﻿00:20:08 : Player #2 Gera (179.37.66.139:22571) connected
﻿00:20:09 : Player #2 Gera - GUID: c7645c61bff283bba70a1cbafd3eaff2 (unverified)
﻿00:20:10 : Verified GUID (c7645c61bff283bba70a1cbafd3eaff2) of player #2 Gera
﻿00:20:10 : Player #2 Gera - Legacy GUID: b4c60b72fb6fd983a148848276bf060d
﻿00:20:44 : Player #2 Gera disconnected
﻿00:21:34 : Player #2 Kamui (190.113.138.45:2304) connected
﻿00:21:36 : Player #2 Kamui - GUID: 4a6ccac842613306096aa9a43d2b5a97 (unverified)
﻿00:21:36 : Verified GUID (4a6ccac842613306096aa9a43d2b5a97) of player #2 Kamui
﻿00:21:37 : Player #2 Kamui - Legacy GUID: f0ca0e170bf174c58fb92c7d379e8b7a
﻿00:21:39 : Player #2 Kamui disconnected
﻿00:26:21 : Player #2 Serendar (190.113.138.45:2304) connected
﻿00:26:23 : Player #2 Serendar - GUID: 8c64e4b0120bb2fe77bf89227f0a8dfc (unverified)
﻿00:26:23 : Verified GUID (8c64e4b0120bb2fe77bf89227f0a8dfc) of player #2 Serendar
﻿00:26:24 : Player #2 Serendar - Legacy GUID: ac1a7ee206c1fd7df2b4c47cc1d122a5
﻿00:26:25 : Player #3 Kamui (190.113.138.45:55377) connected
﻿00:26:26 : Player #3 Kamui - GUID: 4a6ccac842613306096aa9a43d2b5a97 (unverified)
﻿00:26:26 : Verified GUID (4a6ccac842613306096aa9a43d2b5a97) of player #3 Kamui
﻿00:26:27 : Player #3 Kamui - Legacy GUID: f0ca0e170bf174c58fb92c7d379e8b7a
﻿00:26:30 : Player #3 Kamui disconnected
﻿00:26:38 : Player #2 Serendar disconnected
﻿00:29:08 : Player #2 Kamui (190.113.138.45:55377) connected
﻿00:29:09 : Player #2 Kamui - GUID: 4a6ccac842613306096aa9a43d2b5a97 (unverified)
﻿00:29:10 : Verified GUID (4a6ccac842613306096aa9a43d2b5a97) of player #2 Kamui
﻿00:29:10 : Player #2 Kamui - Legacy GUID: f0ca0e170bf174c58fb92c7d379e8b7a
﻿00:29:15 : Player #2 Kamui disconnected
﻿00:34:50 : Player #2 Serendar (190.113.138.45:2304) connected
﻿00:34:52 : Player #2 Serendar - GUID: 8c64e4b0120bb2fe77bf89227f0a8dfc (unverified)
﻿00:34:53 : Player #2 Serendar - Legacy GUID: ac1a7ee206c1fd7df2b4c47cc1d122a5
﻿00:34:53 : Verified GUID (8c64e4b0120bb2fe77bf89227f0a8dfc) of player #2 Serendar
﻿00:35:07 : Player #2 Serendar disconnected
﻿00:42:20 : Player #2 Serendar (190.113.138.45:2304) connected
﻿00:42:21 : Player #2 Serendar - GUID: 8c64e4b0120bb2fe77bf89227f0a8dfc (unverified)
﻿00:42:21 : Verified GUID (8c64e4b0120bb2fe77bf89227f0a8dfc) of player #2 Serendar
﻿00:42:22 : Player #2 Serendar - Legacy GUID: ac1a7ee206c1fd7df2b4c47cc1d122a5
﻿00:42:24 : Player #2 Serendar disconnected
﻿00:43:01 : Player #2 Serendar (190.113.138.45:2304) connected
﻿00:43:02 : Player #2 Serendar - GUID: 8c64e4b0120bb2fe77bf89227f0a8dfc (unverified)
﻿00:43:03 : Verified GUID (8c64e4b0120bb2fe77bf89227f0a8dfc) of player #2 Serendar
﻿00:43:03 : Player #2 Serendar - Legacy GUID: ac1a7ee206c1fd7df2b4c47cc1d122a5
﻿00:43:17 : Player #2 Serendar disconnected
﻿00:49:20 : Player #2 Kamui (190.113.138.45:2304) connected
﻿00:49:22 : Player #2 Kamui - GUID: 4a6ccac842613306096aa9a43d2b5a97 (unverified)
﻿00:49:22 : Player #2 Kamui - Legacy GUID: f0ca0e170bf174c58fb92c7d379e8b7a
﻿00:49:22 : Verified GUID (4a6ccac842613306096aa9a43d2b5a97) of player #2 Kamui
﻿00:49:25 : Player #2 Kamui disconnected
﻿00:49:34 : Player #1 juandayz (d603844e2f77196bf616245ae360213b) has been kicked by BattlEye: Client not responding
﻿01:01:30 : Player #1 Serendar (190.113.138.45:2304) connected
﻿01:01:31 : Player #1 Serendar - GUID: 8c64e4b0120bb2fe77bf89227f0a8dfc (unverified)
﻿01:01:31 : Verified GUID (8c64e4b0120bb2fe77bf89227f0a8dfc) of player #1 Serendar
﻿01:01:32 : Player #1 Serendar disconnected
﻿01:01:47 : Player #1 Serendar (190.113.138.45:2304) connected
﻿01:01:48 : Player #1 Serendar - GUID: 8c64e4b0120bb2fe77bf89227f0a8dfc (unverified)
﻿01:01:49 : Verified GUID (8c64e4b0120bb2fe77bf89227f0a8dfc) of player #1 Serendar
﻿01:01:49 : Player #1 Serendar disconnected
﻿01:15:51 : Player #1 Serendar (190.113.138.45:2304) connected
﻿01:15:52 : Player #1 Serendar - GUID: 8c64e4b0120bb2fe77bf89227f0a8dfc (unverified)
﻿01:15:53 : Verified GUID (8c64e4b0120bb2fe77bf89227f0a8dfc) of player #1 Serendar
﻿01:15:53 : Player #1 Serendar - Legacy GUID: ac1a7ee206c1fd7df2b4c47cc1d122a5
﻿01:16:10 : Player #1 Serendar disconnected
﻿01:31:45 : Player #1 Serendar (190.113.138.45:2304) connected
﻿01:31:46 : Player #1 Serendar - GUID: 8c64e4b0120bb2fe77bf89227f0a8dfc (unverified)
﻿01:31:46 : Verified GUID (8c64e4b0120bb2fe77bf89227f0a8dfc) of player #1 Serendar
﻿01:31:47 : Player #1 Serendar - Legacy GUID: ac1a7ee206c1fd7df2b4c47cc1d122a5
﻿01:32:03 : Player #1 Serendar disconnected
﻿01:53:29 : Player #1 Gera (190.179.194.57:12916) connected
﻿01:53:31 : Player #1 Gera - GUID: c7645c61bff283bba70a1cbafd3eaff2 (unverified)
﻿01:53:31 : Verified GUID (c7645c61bff283bba70a1cbafd3eaff2) of player #1 Gera
﻿01:53:31 : Player #1 Gera - Legacy GUID: b4c60b72fb6fd983a148848276bf060d
﻿01:53:55 : Player #1 Gera disconnected
﻿01:54:17 : Player #1 Gera (190.179.194.57:12916) connected
﻿01:54:18 : Player #1 Gera - GUID: c7645c61bff283bba70a1cbafd3eaff2 (unverified)
﻿01:54:19 : Player #1 Gera - Legacy GUID: b4c60b72fb6fd983a148848276bf060d
﻿01:54:21 : Verified GUID (c7645c61bff283bba70a1cbafd3eaff2) of player #1 Gera
﻿01:54:44 : Player #1 Gera disconnected
﻿01:54:57 : Player #1 Gera (190.179.194.57:12916) connected
﻿01:54:58 : Player #1 Gera - GUID: c7645c61bff283bba70a1cbafd3eaff2 (unverified)
﻿01:54:59 : Verified GUID (c7645c61bff283bba70a1cbafd3eaff2) of player #1 Gera
﻿01:54:59 : Player #1 Gera - Legacy GUID: b4c60b72fb6fd983a148848276bf060d
﻿01:55:22 : Player #1 Gera disconnected
﻿01:58:09 : Player #1 Gera (190.179.194.57:19062) connected
﻿01:58:12 : Player #1 Gera - GUID: c7645c61bff283bba70a1cbafd3eaff2 (unverified)
﻿01:58:12 : Verified GUID (c7645c61bff283bba70a1cbafd3eaff2) of player #1 Gera
﻿01:58:13 : Player #1 Gera - Legacy GUID: b4c60b72fb6fd983a148848276bf060d
﻿01:58:37 : Player #1 Gera disconnected
﻿02:07:41 : Player #1 Gera (190.179.194.57:21019) connected
﻿02:07:43 : Player #1 Gera - GUID: c7645c61bff283bba70a1cbafd3eaff2 (unverified)
﻿02:07:43 : Player #1 Gera - Legacy GUID: b4c60b72fb6fd983a148848276bf060d
﻿02:07:43 : Verified GUID (c7645c61bff283bba70a1cbafd3eaff2) of player #1 Gera
﻿02:13:33 : Player #1 Gera disconnected
﻿02:17:52 : Player #1 Serendar (190.113.138.45:2304) connected
﻿02:17:53 : Player #1 Serendar - GUID: 8c64e4b0120bb2fe77bf89227f0a8dfc (unverified)
﻿02:17:54 : Verified GUID (8c64e4b0120bb2fe77bf89227f0a8dfc) of player #1 Serendar
﻿02:17:54 : Player #1 Serendar - Legacy GUID: ac1a7ee206c1fd7df2b4c47cc1d122a5
﻿02:19:40 : Player #2 Gera (190.179.194.57:22772) connected
﻿02:19:41 : Player #2 Gera - GUID: c7645c61bff283bba70a1cbafd3eaff2 (unverified)
﻿02:19:42 : Player #2 Gera - Legacy GUID: b4c60b72fb6fd983a148848276bf060d
﻿02:19:42 : Verified GUID (c7645c61bff283bba70a1cbafd3eaff2) of player #2 Gera
﻿02:20:25 : Player #1 Serendar - Legacy GUID: ac1a7ee206c1fd7df2b4c47cc1d122a5
﻿02:30:04 : Player #2 Gera (c7645c61bff283bba70a1cbafd3eaff2) has been kicked by BattlEye: Client not responding
﻿02:32:11 : Player #2 Gera (179.37.66.139:27145) connected
﻿02:32:13 : Player #2 Gera - GUID: c7645c61bff283bba70a1cbafd3eaff2 (unverified)
﻿02:32:14 : Verified GUID (c7645c61bff283bba70a1cbafd3eaff2) of player #2 Gera
﻿02:32:14 : Player #2 Gera - Legacy GUID: b4c60b72fb6fd983a148848276bf060d
﻿02:34:30 : RCon admin #0: (To JF) BEC : You have about 60 seconds left to join the mission.
﻿02:35:02 : RCon admin #0: (To JF) BEC : You have about 30 seconds left to join the mission.
﻿02:35:16 : RCon admin #0: (To JF) BEC : You have about 15 seconds left to join the mission.
﻿02:35:30 : Player #0 JF (93a2a9d9bc7acb34122becec3305fde7) has been kicked by BattlEye: Admin Kick (BEC : Lobby idling to long)
﻿02:39:39 : Player #0 Nicolas (200.112.177.82:2304) connected
﻿02:39:40 : Player #0 Nicolas - GUID: 5cb5d1e026a3e7b42da2837a700a9b65 (unverified)
﻿02:39:41 : Verified GUID (5cb5d1e026a3e7b42da2837a700a9b65) of player #0 Nicolas
﻿02:39:41 : Player #0 Nicolas - Legacy GUID: 1ec5c4805924520039d5285de1f19a2e
﻿02:45:00 : RCon admin #0: (Global) BEC : This server will restart in 15 minutes
﻿02:48:10 : Player #3 Drixen (181.23.52.238:2304) connected
﻿02:48:11 : Player #3 Drixen disconnected
﻿02:48:17 : Player #3 Drixen (181.23.52.238:2304) connected
﻿02:48:17 : Player #3 Drixen - GUID: 2008edaa7107db7e64add5d6453e7761 (unverified)
﻿02:48:18 : Verified GUID (2008edaa7107db7e64add5d6453e7761) of player #3 Drixen
﻿02:48:18 : Player #3 Drixen - Owner GUID: cd124997eccc15b6c69a96c61563b247
﻿02:48:19 : Player #3 Drixen - Legacy GUID: 29abbce3bedb38a0cabb016121500b3c
﻿02:55:00 : RCon admin #0: (Global) BEC : This server will restart in 5 minutes
﻿02:56:06 : Player #3 Drixen disconnected
﻿02:59:00 : RCon admin #0: (Global) BEC : This server will restart in 1 minute, Log out now!
﻿02:59:18 : Player #1 Serendar disconnected
﻿02:59:38 : Player #2 Gera disconnected
﻿03:00:01 : Lost Connection!
﻿03:00:01 : Closing socket & exiting!
﻿03:01:15 : Rcon client logging in
﻿03:01:15 : RCon admin #0 (127.0.0.1:54646) logged in
﻿05:45:00 : RCon admin #0: (Global) BEC : This server will restart in 15 minutes
﻿05:55:00 : RCon admin #0: (Global) BEC : This server will restart in 5 minutes
﻿05:59:00 : RCon admin #0: (Global) BEC : This server will restart in 1 minute, Log out now!
﻿06:00:01 : Lost Connection!
﻿06:00:01 : Closing socket & exiting!
﻿06:01:06 : Rcon client logging in
﻿06:01:06 : RCon admin #0 (127.0.0.1:59131) logged in
﻿07:12:00 : Player #0 Hijo De Remil (190.16.75.70:2304) connected
﻿07:12:04 : Player #0 Hijo De Remil - GUID: 560e39711234dc3f4177b0368ebfa3f8 (unverified)
﻿07:12:04 : Verified GUID (560e39711234dc3f4177b0368ebfa3f8) of player #0 Hijo De Remil
﻿07:12:05 : Player #0 Hijo De Remil - Legacy GUID: f518322945f41486c4678792ead80bb6
﻿08:45:00 : RCon admin #0: (Global) BEC : This server will restart in 15 minutes
﻿08:48:03 : Player #0 Hijo De Remil (560e39711234dc3f4177b0368ebfa3f8) has been kicked by BattlEye: Client not responding
﻿08:55:00 : RCon admin #0: (Global) BEC : This server will restart in 5 minutes
﻿08:59:00 : RCon admin #0: (Global) BEC : This server will restart in 1 minute, Log out now!
﻿09:00:01 : Lost Connection!
﻿09:00:01 : Closing socket & exiting!
﻿09:01:15 : Rcon client logging in
﻿09:01:15 : RCon admin #0 (127.0.0.1:58451) logged in
﻿09:42:17 : Player #0 [DMN]-Mario (179.60.255.227:2304) connected
﻿09:42:18 : Player #0 [DMN]-Mario - Legacy GUID: 56ac695fcf6c9ba0429307fd875141a4
﻿09:42:18 : Player #0 [DMN]-Mario - GUID: 90efe9555b6c518bdd5ab751845d62ac (unverified)
﻿09:42:19 : Verified GUID (90efe9555b6c518bdd5ab751845d62ac) of player #0 [DMN]-Mario
﻿09:50:32 : Could not connect to BE Master
﻿09:50:32 : Update attempt failed
﻿09:50:32 : Player #0 [DMN]-Mario (90efe9555b6c518bdd5ab751845d62ac) has been kicked by BattlEye: Client not responding
﻿10:44:35 : Player #0 [DMN]-Mario (179.60.255.227:2304) connected
﻿10:44:37 : Player #0 [DMN]-Mario - Legacy GUID: 56ac695fcf6c9ba0429307fd875141a4
﻿10:44:38 : Player #0 [DMN]-Mario - GUID: 90efe9555b6c518bdd5ab751845d62ac (unverified)
﻿10:44:38 : Verified GUID (90efe9555b6c518bdd5ab751845d62ac) of player #0 [DMN]-Mario
﻿10:47:51 : Player #0 [DMN]-Mario disconnected
﻿11:45:00 : RCon admin #0: (Global) BEC : This server will restart in 15 minutes
﻿11:46:27 : Player #0 JF (190.185.192.18:26512) connected
﻿11:46:29 : Player #0 JF - GUID: 93a2a9d9bc7acb34122becec3305fde7 (unverified)
﻿11:46:29 : Player #0 JF - Legacy GUID: 1e3460faa1452299ec3b5f220fe797e0
﻿11:46:29 : Verified GUID (93a2a9d9bc7acb34122becec3305fde7) of player #0 JF
﻿11:55:00 : RCon admin #0: (Global) BEC : This server will restart in 5 minutes
﻿11:59:00 : RCon admin #0: (Global) BEC : This server will restart in 1 minute, Log out now!
﻿12:00:01 : Lost Connection!
﻿12:00:01 : Closing socket & exiting!
﻿12:01:15 : Rcon client logging in
﻿12:01:15 : RCon admin #0 (127.0.0.1:57574) logged in
﻿12:01:42 : Player #0 JF (190.185.192.18:26512) connected
﻿12:01:43 : Player #0 JF - GUID: 93a2a9d9bc7acb34122becec3305fde7 (unverified)
﻿12:01:44 : Verified GUID (93a2a9d9bc7acb34122becec3305fde7) of player #0 JF
﻿12:01:44 : Player #0 JF - Legacy GUID: 1e3460faa1452299ec3b5f220fe797e0
﻿13:34:59 : Player #1 Leodagos (186.135.48.223:11876) connected
﻿13:35:00 : Player #1 Leodagos - GUID: 927032c3d7c1139aff0ff09424d46da1 (unverified)
﻿13:35:00 : Verified GUID (927032c3d7c1139aff0ff09424d46da1) of player #1 Leodagos
﻿13:35:01 : Player #1 Leodagos - Legacy GUID: d7639dceb9588d3b0ab85f82e92ff8de
﻿13:35:17 : Player #1 Leodagos disconnected
﻿13:40:59 : RCon admin #1 (127.0.0.1:54402) logged in
﻿13:41:06 : RCon admin #1: (Global) [admin#2] hola JF
﻿13:48:42 : Player #1 juandayz (190.226.76.0:2304) connected
﻿13:48:43 : Player #1 juandayz - GUID: d603844e2f77196bf616245ae360213b (unverified)
﻿13:48:43 : Verified GUID (d603844e2f77196bf616245ae360213b) of player #1 juandayz
﻿13:48:44 : Player #1 juandayz - Legacy GUID: a5aa074813dab730e26d67b8a0a0af6c
﻿13:51:18 : Player #2 Leodagos (186.135.48.223:13017) connected
﻿13:51:19 : Player #2 Leodagos - GUID: 927032c3d7c1139aff0ff09424d46da1 (unverified)
﻿13:51:20 : Verified GUID (927032c3d7c1139aff0ff09424d46da1) of player #2 Leodagos
﻿13:51:20 : Player #2 Leodagos - Legacy GUID: d7639dceb9588d3b0ab85f82e92ff8de
﻿14:10:05 : No Valid response. Trying to reconnect.!
﻿14:10:05 : Rcon client logging in
﻿14:10:05 : RCon admin #0 (127.0.0.1:57574) logged in
﻿14:17:48 : Player #3 MaxBraian (181.229.193.90:2304) connected
﻿14:17:50 : Player #3 MaxBraian - GUID: cdc618df2d54ca997288fcc87121f76b (unverified)
﻿14:17:50 : Player #3 MaxBraian - Legacy GUID: c895084244afc06486ae6d81b381fd7e
﻿14:17:50 : Verified GUID (cdc618df2d54ca997288fcc87121f76b) of player #3 MaxBraian
﻿14:22:03 : Player #4 Lukas (179.4.168.182:2304) connected
﻿14:22:04 : Player #4 Lukas - GUID: c95397784d2deedf0cdb56ef96d7cc0a (unverified)
﻿14:22:05 : Verified GUID (c95397784d2deedf0cdb56ef96d7cc0a) of player #4 Lukas
﻿14:22:05 : Player #4 Lukas - Legacy GUID: c7c0b957dcc76a7f519fb9475c936d48
﻿14:28:38 : Player #4 Lukas disconnected
﻿14:42:14 : Player #4 douglasbrf (191.223.136.167:2304) connected
﻿14:42:16 : Player #4 douglasbrf - GUID: 1c7a46f68d9fa11a48ac0d1f2d63287c (unverified)
﻿14:42:16 : Verified GUID (1c7a46f68d9fa11a48ac0d1f2d63287c) of player #4 douglasbrf
﻿14:42:16 : Player #4 douglasbrf - Legacy GUID: d9530fd61333145e912863f3626b9eb1
﻿14:43:44 : Player #4 douglasbrf disconnected
﻿14:45:00 : RCon admin #0: (Global) BEC : This server will restart in 15 minutes
﻿14:49:21 : RCon admin #1: (To Leodagos) [admin#2] no leo no se vende el m22
﻿14:53:25 : RCon admin #1: (To Leodagos) [admin#2] 93 arriba 37 izq
﻿14:55:00 : RCon admin #0: (Global) BEC : This server will restart in 5 minutes
﻿14:57:45 : Player #4 sebastian (152.172.154.33:2304) connected
﻿14:57:46 : Player #4 sebastian - GUID: c953df4744f2f6840b5bc2cde9ebfd50 (unverified)
﻿14:57:47 : Verified GUID (c953df4744f2f6840b5bc2cde9ebfd50) of player #4 sebastian
﻿14:57:47 : Player #4 sebastian - Legacy GUID: 5759984b6184489b63a98879c9bcf268
﻿14:58:47 : Player #2 Leodagos disconnected
﻿14:59:00 : RCon admin #0: (Global) BEC : This server will restart in 1 minute, Log out now!
﻿14:59:18 : Player #0 JF disconnected
﻿15:00:01 : Lost Connection!
﻿15:00:01 : Closing socket & exiting!
﻿15:02:08 : Rcon client logging in
﻿15:02:43 : RCon admin #0 (127.0.0.1:55867) logged in
﻿15:02:47 : Player #1 sebastian (152.172.154.33:2304) connected
﻿15:02:48 : Player #1 sebastian - GUID: c953df4744f2f6840b5bc2cde9ebfd50 (unverified)
﻿15:02:48 : Verified GUID (c953df4744f2f6840b5bc2cde9ebfd50) of player #1 sebastian
﻿15:02:50 : Player #1 sebastian - Legacy GUID: 5759984b6184489b63a98879c9bcf268
﻿15:03:25 : Player #2 MaxBraian (181.229.193.90:2304) connected
﻿15:03:26 : Player #2 MaxBraian - GUID: cdc618df2d54ca997288fcc87121f76b (unverified)
﻿15:03:27 : Verified GUID (cdc618df2d54ca997288fcc87121f76b) of player #2 MaxBraian
﻿15:03:27 : Player #2 MaxBraian - Legacy GUID: c895084244afc06486ae6d81b381fd7e
﻿15:03:28 : Player #3 Lukas (179.4.168.182:2304) connected
﻿15:03:29 : Player #3 Lukas - GUID: c95397784d2deedf0cdb56ef96d7cc0a (unverified)
﻿15:03:30 : Verified GUID (c95397784d2deedf0cdb56ef96d7cc0a) of player #3 Lukas
﻿15:03:30 : Player #3 Lukas - Legacy GUID: c7c0b957dcc76a7f519fb9475c936d48
﻿15:11:06 : RCon admin #1 (127.0.0.1:55869) logged in
﻿15:15:53 : No Valid response. Trying to reconnect.!
﻿15:15:53 : Rcon client logging in
﻿15:15:53 : RCon admin #0 (127.0.0.1:55867) logged in
﻿15:17:13 : Player #4 Leodagos (186.135.48.223:14738) connected
﻿15:17:15 : Player #4 Leodagos - Legacy GUID: d7639dceb9588d3b0ab85f82e92ff8de
﻿15:17:15 : Player #4 Leodagos - GUID: 927032c3d7c1139aff0ff09424d46da1 (unverified)
﻿15:17:16 : Verified GUID (927032c3d7c1139aff0ff09424d46da1) of player #4 Leodagos
﻿15:23:04 : Player #5 Weff (190.215.141.163:2304) connected
﻿15:23:07 : Player #5 Weff - GUID: 85dc62f3bd9f731cea605fa6ab947e0d (unverified)
﻿15:23:07 : Verified GUID (85dc62f3bd9f731cea605fa6ab947e0d) of player #5 Weff
﻿15:23:08 : Player #5 Weff - Legacy GUID: 931920edeb0a90828fb008ec23c4b612
﻿15:23:09 : Player #5 Weff disconnected
﻿15:25:39 : Player #5 Weff (190.215.141.163:2304) connected
﻿15:25:40 : Player #5 Weff - GUID: 85dc62f3bd9f731cea605fa6ab947e0d (unverified)
﻿15:25:41 : Verified GUID (85dc62f3bd9f731cea605fa6ab947e0d) of player #5 Weff
﻿15:25:41 : Player #5 Weff - Legacy GUID: 931920edeb0a90828fb008ec23c4b612
﻿15:25:42 : Player #5 Weff disconnected
﻿15:26:45 : Player #5 Weff (190.215.141.163:2304) connected
﻿15:26:45 : RCon admin #1: (To Leodagos) [admin#2] ok, por ahi haga aguna votacion en el face,, para dia/noche  
﻿15:26:46 : Player #5 Weff - GUID: 85dc62f3bd9f731cea605fa6ab947e0d (unverified)
﻿15:26:46 : Verified GUID (85dc62f3bd9f731cea605fa6ab947e0d) of player #5 Weff
﻿15:26:47 : Player #5 Weff - Legacy GUID: 931920edeb0a90828fb008ec23c4b612
﻿15:26:48 : Player #5 Weff disconnected
﻿15:26:52 : Player #5 Weff (190.215.141.163:2304) connected
﻿15:26:53 : Player #5 Weff - GUID: 85dc62f3bd9f731cea605fa6ab947e0d (unverified)
﻿15:26:54 : Verified GUID (85dc62f3bd9f731cea605fa6ab947e0d) of player #5 Weff
﻿15:26:54 : Player #5 Weff - Legacy GUID: 931920edeb0a90828fb008ec23c4b612
﻿15:26:56 : Player #5 Weff disconnected
﻿15:28:01 : RCon admin #1: (To Leodagos) [admin#2] estooy armando una compra de acciones del mercado central. cosa q le puedas comprar una parte del negocio a algun trader y q te dinero cada 30 minutoso. pero poco dinero
﻿15:30:23 : RCon admin #1: (To Leodagos) [admin#2] si estaria bueno tambien
﻿15:32:15 : RCon admin #1: (Global) [admin#2] hacer un pequeño fuerte en el centro del mapa, en novy sobor por ej, y mantener ese fuerte a cambio de dinero. seria un lugar con mucho pvp. buena idea
﻿15:38:12 : Player #5 Drixen (181.23.59.81:2374) connected
﻿15:38:14 : Player #5 Drixen - GUID: 2008edaa7107db7e64add5d6453e7761 (unverified)
﻿15:38:15 : Player #5 Drixen - Legacy GUID: 29abbce3bedb38a0cabb016121500b3c
﻿15:38:15 : Verified GUID (2008edaa7107db7e64add5d6453e7761) of player #5 Drixen
﻿15:38:15 : Player #5 Drixen - Owner GUID: cd124997eccc15b6c69a96c61563b247
﻿15:39:44 : Player #5 Drixen disconnected
﻿15:54:12 : Player #3 Lukas disconnected
﻿15:54:54 : Player #1 sebastian disconnected
﻿16:00:00 : Player #0 juandayz disconnected
﻿16:02:30 : Player #0 Juan (190.18.65.228:2304) connected
﻿16:02:32 : Player #0 Juan - GUID: 93ec5561bccfebb468c17db46ae3eef0 (unverified)
﻿16:02:33 : Player #0 Juan - Legacy GUID: 7c47c6a574b7dccc3603961b7ae85e6d
﻿16:02:33 : Verified GUID (93ec5561bccfebb468c17db46ae3eef0) of player #0 Juan
﻿16:30:18 : Player #4 Leodagos disconnected
﻿16:34:49 : Player #1 Leodagos (186.135.48.223:16258) connected
﻿16:34:50 : Player #1 Leodagos - GUID: 927032c3d7c1139aff0ff09424d46da1 (unverified)
﻿16:34:51 : Verified GUID (927032c3d7c1139aff0ff09424d46da1) of player #1 Leodagos
﻿16:34:51 : Player #1 Leodagos - Legacy GUID: d7639dceb9588d3b0ab85f82e92ff8de
﻿16:34:59 : RCon admin #1: (Global) [admin#2] si braian?
﻿16:35:36 : RCon admin #1: (To Juan) [admin#2] juan en el invetario tenes un libro, hacele click derecho y te va a explicar las areas de trabajo
﻿16:36:21 : RCon admin #1: (Global) [admin#2] dale, bancame que tengo q entrar al juego. por cierto en los arboles se bugean siempre. es propio del juego 
﻿16:37:29 : Player #3 juandayz (190.226.76.0:2304) connected
﻿16:37:30 : Player #3 juandayz - GUID: d603844e2f77196bf616245ae360213b (unverified)
﻿16:37:30 : Verified GUID (d603844e2f77196bf616245ae360213b) of player #3 juandayz
﻿16:37:31 : Player #3 juandayz - Legacy GUID: a5aa074813dab730e26d67b8a0a0af6c
﻿16:40:04 : Player #4 sRulo (190.220.167.223:2304) connected
﻿16:40:06 : Player #4 sRulo - GUID: 60d55c3e00228c1b597f4d7debdbd1f2 (unverified)
﻿16:40:06 : Player #4 sRulo - Legacy GUID: 7b3a366f20f83ed0340255c2fe5fcb81
﻿16:40:06 : Verified GUID (60d55c3e00228c1b597f4d7debdbd1f2) of player #4 sRulo
﻿16:41:27 : Player #5 galle (186.128.16.45:16001) connected
﻿16:41:29 : Player #5 galle - GUID: 627f419ef44cbe111b1db01473d750e1 (unverified)
﻿16:41:29 : Player #5 galle - Legacy GUID: accd0093faa6cb12f25643b3ba86bfc2
﻿16:41:30 : Verified GUID (627f419ef44cbe111b1db01473d750e1) of player #5 galle
﻿17:16:47 : Player #0 Juan (93ec5561bccfebb468c17db46ae3eef0) has been kicked by BattlEye: Client not responding
﻿17:17:50 : Player #0 Juan (190.18.65.228:2304) connected
﻿17:17:51 : Player #0 Juan - GUID: 93ec5561bccfebb468c17db46ae3eef0 (unverified)
﻿17:17:51 : Verified GUID (93ec5561bccfebb468c17db46ae3eef0) of player #0 Juan
﻿17:17:52 : Player #0 Juan - Legacy GUID: 7c47c6a574b7dccc3603961b7ae85e6d
﻿17:24:54 : RCon admin #1: (Global) [Admin Cubo] Por favor no usen la voz en el canal global. :)
﻿17:35:22 : RCon admin #1: (To galle) [juandayz] la alaquimia es para hacer esmeraldas a partir de determinados items. Cada grado de alquimia tiene mas posibilidades que el otro de obtener la esmeralda, pero a su vez a mas chances mas items necesarios
﻿17:36:19 : Player #1 Leodagos disconnected
﻿17:38:57 : Player #1 Leodagos (186.135.48.223:16258) connected
﻿17:39:00 : Player #1 Leodagos - Legacy GUID: d7639dceb9588d3b0ab85f82e92ff8de
﻿17:39:00 : Player #1 Leodagos - GUID: 927032c3d7c1139aff0ff09424d46da1 (unverified)
﻿17:39:00 : Verified GUID (927032c3d7c1139aff0ff09424d46da1) of player #1 Leodagos
﻿17:42:25 : Player #2 MaxBraian disconnected
﻿17:45:00 : RCon admin #0: (Global) BEC : This server will restart in 15 minutes
﻿17:49:53 : Player #1 Leodagos disconnected
﻿17:49:59 : Player #1 Leodagos (186.135.48.223:16258) connected
﻿17:50:00 : Player #1 Leodagos - GUID: 927032c3d7c1139aff0ff09424d46da1 (unverified)
﻿17:50:01 : Verified GUID (927032c3d7c1139aff0ff09424d46da1) of player #1 Leodagos
﻿17:50:01 : Player #1 Leodagos - Legacy GUID: d7639dceb9588d3b0ab85f82e92ff8de
﻿17:52:36 : Player #3 juandayz (d603844e2f77196bf616245ae360213b) has been kicked by BattlEye: Client not responding
﻿17:55:00 : RCon admin #0: (Global) BEC : This server will restart in 5 minutes
﻿17:57:17 : Player #0 Juan disconnected
﻿17:59:00 : RCon admin #0: (Global) BEC : This server will restart in 1 minute, Log out now!
﻿18:00:01 : Lost Connection!
﻿18:00:01 : Closing socket & exiting!
﻿18:01:15 : Rcon client logging in
﻿18:01:15 : RCon admin #1 (127.0.0.1:61204) logged in
﻿18:01:15 : Player #0 sRulo - GUID: 60d55c3e00228c1b597f4d7debdbd1f2 (unverified)
﻿18:01:16 : Player #0 sRulo - Legacy GUID: 7b3a366f20f83ed0340255c2fe5fcb81
﻿18:01:16 : Verified GUID (60d55c3e00228c1b597f4d7debdbd1f2) of player #0 sRulo
﻿18:04:22 : Player #1 Leodagos (186.135.48.223:18892) connected
﻿18:04:23 : Player #1 Leodagos - GUID: 927032c3d7c1139aff0ff09424d46da1 (unverified)
﻿18:04:23 : Verified GUID (927032c3d7c1139aff0ff09424d46da1) of player #1 Leodagos
﻿18:04:24 : Player #1 Leodagos - Legacy GUID: d7639dceb9588d3b0ab85f82e92ff8de
﻿18:05:02 : Player #2 galle (186.128.16.45:17642) connected
﻿18:05:03 : Player #2 galle - GUID: 627f419ef44cbe111b1db01473d750e1 (unverified)
﻿18:05:04 : Verified GUID (627f419ef44cbe111b1db01473d750e1) of player #2 galle
﻿18:05:04 : Player #2 galle - Legacy GUID: accd0093faa6cb12f25643b3ba86bfc2
﻿18:06:35 : Player #3 Juan (190.18.65.228:2304) connected
﻿18:06:36 : Player #3 Juan - GUID: 93ec5561bccfebb468c17db46ae3eef0 (unverified)
﻿18:06:37 : Verified GUID (93ec5561bccfebb468c17db46ae3eef0) of player #3 Juan
﻿18:06:37 : Player #3 Juan - Legacy GUID: 7c47c6a574b7dccc3603961b7ae85e6d
﻿18:16:13 : Player #4 Fedequeso (167.56.208.89:23157) connected
﻿18:16:14 : Player #4 Fedequeso - GUID: 62316b054581b2bcf2fb402c103e1e21 (unverified)
﻿18:16:14 : Verified GUID (62316b054581b2bcf2fb402c103e1e21) of player #4 Fedequeso
﻿18:16:15 : Player #4 Fedequeso - Legacy GUID: d0e2adc9034332e96bd0c3fb6c246660
﻿18:31:02 : Player #3 Juan (93ec5561bccfebb468c17db46ae3eef0) has been kicked by BattlEye: Client not responding
﻿18:31:22 : Player #3 Seba (167.63.32.65:13918) connected
﻿18:31:23 : Player #3 Seba - GUID: 1443088cf48306dc89674a6923a3e1dc (unverified)
﻿18:31:24 : Verified GUID (1443088cf48306dc89674a6923a3e1dc) of player #3 Seba
﻿18:31:24 : Player #3 Seba - Owner GUID: 878559c08331528bf72b11fc05e46717
﻿18:31:24 : Player #3 Seba - Legacy GUID: 6c201842922856d4b8fd2e94e906ddee
﻿18:32:00 : Player #3 Seba (878559c08331528bf72b11fc05e46717) has been kicked by BattlEye: Client not responding
﻿18:32:36 : Player #3 Juan (190.18.65.228:2304) connected
﻿18:32:40 : Player #3 Juan - GUID: 93ec5561bccfebb468c17db46ae3eef0 (unverified)
﻿18:32:40 : Player #3 Juan - Legacy GUID: 7c47c6a574b7dccc3603961b7ae85e6d
﻿18:32:41 : Verified GUID (93ec5561bccfebb468c17db46ae3eef0) of player #3 Juan
﻿18:34:02 : Player #5 Seba (167.63.32.65:13925) connected
﻿18:34:03 : Player #5 Seba - GUID: 1443088cf48306dc89674a6923a3e1dc (unverified)
﻿18:34:04 : Verified GUID (1443088cf48306dc89674a6923a3e1dc) of player #5 Seba
﻿18:34:04 : Player #5 Seba - Owner GUID: 878559c08331528bf72b11fc05e46717
﻿18:34:04 : Player #5 Seba - Legacy GUID: 6c201842922856d4b8fd2e94e906ddee
﻿18:34:40 : Player #5 Seba (878559c08331528bf72b11fc05e46717) has been kicked by BattlEye: Client not responding
﻿18:35:45 : Player #5 Seba (167.63.32.65:13980) connected
﻿18:35:46 : Player #5 Seba - GUID: 1443088cf48306dc89674a6923a3e1dc (unverified)
﻿18:35:46 : Verified GUID (1443088cf48306dc89674a6923a3e1dc) of player #5 Seba
﻿18:35:46 : Player #5 Seba - Owner GUID: 878559c08331528bf72b11fc05e46717
﻿18:35:47 : Player #5 Seba - Legacy GUID: 6c201842922856d4b8fd2e94e906ddee
﻿18:36:22 : Player #5 Seba (878559c08331528bf72b11fc05e46717) has been kicked by BattlEye: Client not responding
﻿18:42:44 : Player #5 Seba (167.63.32.65:14446) connected
﻿18:42:46 : Player #5 Seba - GUID: 1443088cf48306dc89674a6923a3e1dc (unverified)
﻿18:42:46 : Verified GUID (1443088cf48306dc89674a6923a3e1dc) of player #5 Seba
﻿18:42:46 : Player #5 Seba - Owner GUID: 878559c08331528bf72b11fc05e46717
﻿18:42:46 : Player #5 Seba - Legacy GUID: 6c201842922856d4b8fd2e94e906ddee
﻿18:43:05 : Player #6 juandayz (190.138.33.197:2304) connected
﻿18:43:07 : Player #6 juandayz - GUID: d603844e2f77196bf616245ae360213b (unverified)
﻿18:43:07 : Verified GUID (d603844e2f77196bf616245ae360213b) of player #6 juandayz
﻿18:43:08 : Player #6 juandayz - Legacy GUID: a5aa074813dab730e26d67b8a0a0af6c
﻿18:43:22 : Player #5 Seba (878559c08331528bf72b11fc05e46717) has been kicked by BattlEye: Client not responding
﻿18:45:39 : Player #4 Fedequeso disconnected
﻿18:48:14 : Player #0 sRulo (60d55c3e00228c1b597f4d7debdbd1f2) has been kicked by BattlEye: Client not responding
﻿18:48:14 : Player #1 Leodagos (927032c3d7c1139aff0ff09424d46da1) has been kicked by BattlEye: Client not responding
﻿18:48:14 : Player #6 juandayz (d603844e2f77196bf616245ae360213b) has been kicked by BattlEye: Client not responding
﻿18:48:14 : Player #3 Juan (93ec5561bccfebb468c17db46ae3eef0) has been kicked by BattlEye: Client not responding
﻿18:48:16 : Player #2 galle (627f419ef44cbe111b1db01473d750e1) has been kicked by BattlEye: Client not responding
﻿18:51:34 : Player #0 Leodagos (186.135.48.223:21248) connected
﻿18:51:35 : Player #0 Leodagos - GUID: 927032c3d7c1139aff0ff09424d46da1 (unverified)
﻿18:51:36 : Verified GUID (927032c3d7c1139aff0ff09424d46da1) of player #0 Leodagos
﻿18:51:36 : Player #0 Leodagos - Legacy GUID: d7639dceb9588d3b0ab85f82e92ff8de
﻿18:52:05 : Player #1 sRulo (190.220.167.223:1024) connected
﻿18:52:06 : Player #1 sRulo - GUID: 60d55c3e00228c1b597f4d7debdbd1f2 (unverified)
﻿18:52:06 : Verified GUID (60d55c3e00228c1b597f4d7debdbd1f2) of player #1 sRulo
﻿18:52:07 : Player #1 sRulo - Legacy GUID: 7b3a366f20f83ed0340255c2fe5fcb81
﻿18:52:31 : Player #2 Juan (190.18.65.228:1024) connected
﻿18:52:32 : Player #2 Juan - GUID: 93ec5561bccfebb468c17db46ae3eef0 (unverified)
﻿18:52:33 : Player #2 Juan - Legacy GUID: 7c47c6a574b7dccc3603961b7ae85e6d
﻿18:52:35 : Verified GUID (93ec5561bccfebb468c17db46ae3eef0) of player #2 Juan
﻿18:56:08 : Player #3 galle (186.128.16.45:19602) connected
﻿18:56:09 : Player #3 galle - GUID: 627f419ef44cbe111b1db01473d750e1 (unverified)
﻿18:56:10 : Verified GUID (627f419ef44cbe111b1db01473d750e1) of player #3 galle
﻿18:56:11 : Player #3 galle - Legacy GUID: accd0093faa6cb12f25643b3ba86bfc2
﻿19:01:49 : Player #4 admin#2 (190.138.33.197:2304) connected
﻿19:01:50 : Player #4 admin#2 - GUID: d603844e2f77196bf616245ae360213b (unverified)
﻿19:01:51 : Verified GUID (d603844e2f77196bf616245ae360213b) of player #4 admin#2
﻿19:01:51 : Player #4 admin#2 - Legacy GUID: a5aa074813dab730e26d67b8a0a0af6c
﻿19:16:28 : Player #4 admin#2 disconnected
﻿19:39:33 : Player #4 [TR] Myth (177.105.214.5:4588) connected
﻿19:39:35 : Player #4 [TR] Myth - GUID: a4f66982e3898ad64f2d1914b76ffbd6 (unverified)
﻿19:39:36 : Player #4 [TR] Myth - Legacy GUID: b585842e85d82f7d1ccbcb26b610e076
﻿19:39:36 : Verified GUID (a4f66982e3898ad64f2d1914b76ffbd6) of player #4 [TR] Myth
﻿19:40:34 : Player #5 admin#2 (190.138.33.197:2304) connected
﻿19:40:36 : Player #5 admin#2 - GUID: d603844e2f77196bf616245ae360213b (unverified)
﻿19:40:36 : Player #5 admin#2 - Legacy GUID: a5aa074813dab730e26d67b8a0a0af6c
﻿19:40:36 : Verified GUID (d603844e2f77196bf616245ae360213b) of player #5 admin#2
﻿19:40:59 : RCon admin #0: (To [TR] Myth) [juandayz] Bienvenido!
﻿19:41:20 : Player #4 [TR] Myth disconnected
﻿19:41:26 : Player #4 luan (200.141.109.168:53703) connected
﻿19:41:27 : Player #4 luan - GUID: 55456620475a49cdc5a3072340e052dd (unverified)
﻿19:41:28 : Verified GUID (55456620475a49cdc5a3072340e052dd) of player #4 luan
﻿19:41:28 : Player #4 luan - Legacy GUID: 7bf22b83a718a43ae18344cd93b93f96
﻿19:41:34 : Player #4 luan disconnected
﻿20:10:08 : Player #0 Leodagos (927032c3d7c1139aff0ff09424d46da1) has been kicked by BattlEye: Client not responding
﻿20:11:07 : Player #0 Leodagos (186.135.4.42:22000) connected
﻿20:11:08 : Player #0 Leodagos - GUID: 927032c3d7c1139aff0ff09424d46da1 (unverified)
﻿20:11:09 : Player #0 Leodagos - Legacy GUID: d7639dceb9588d3b0ab85f82e92ff8de
﻿20:11:12 : Verified GUID (927032c3d7c1139aff0ff09424d46da1) of player #0 Leodagos
﻿20:16:56 : Player #4 Alan (190.31.33.235:6735) connected
﻿20:16:59 : Player #4 Alan - GUID: 0f58f0f7cbcc27bdd669ddb2ba67dec1 (unverified)
﻿20:17:00 : Verified GUID (0f58f0f7cbcc27bdd669ddb2ba67dec1) of player #4 Alan
﻿20:17:00 : Player #4 Alan - Legacy GUID: e4693e16704daa1c5c15a058786df292
﻿20:17:02 : Player #4 Alan disconnected
﻿20:20:08 : RCon admin #1: (To admin#2) BEC : You have about 60 seconds left to join the mission.
﻿20:20:39 : RCon admin #1: (To admin#2) BEC : You have about 30 seconds left to join the mission.
﻿20:20:54 : RCon admin #1: (To admin#2) BEC : You have about 15 seconds left to join the mission.
﻿20:21:08 : Player #5 admin#2 (d603844e2f77196bf616245ae360213b) has been kicked by BattlEye: Admin Kick (BEC : Lobby idling to long)
﻿20:22:39 : Player #0 Leodagos disconnected
﻿20:24:28 : Player #0 Alan (190.31.33.235:2304) connected
﻿20:24:29 : Player #0 Alan - GUID: 0f58f0f7cbcc27bdd669ddb2ba67dec1 (unverified)
﻿20:24:30 : Verified GUID (0f58f0f7cbcc27bdd669ddb2ba67dec1) of player #0 Alan
﻿20:24:30 : Player #0 Alan - Legacy GUID: e4693e16704daa1c5c15a058786df292
﻿20:29:32 : Player #2 Juan disconnected
﻿20:29:33 : Player #2 admin#2 (190.138.33.197:2304) connected
﻿20:29:34 : Player #2 admin#2 - GUID: d603844e2f77196bf616245ae360213b (unverified)
﻿20:29:34 : Verified GUID (d603844e2f77196bf616245ae360213b) of player #2 admin#2
﻿20:29:35 : Player #2 admin#2 - Legacy GUID: a5aa074813dab730e26d67b8a0a0af6c
﻿20:30:10 : RCon admin #1: (To Alan) BEC : You have about 60 seconds left to join the mission.
﻿20:30:42 : RCon admin #1: (To Alan) BEC : You have about 30 seconds left to join the mission.
﻿20:30:56 : RCon admin #1: (To Alan) BEC : You have about 15 seconds left to join the mission.
﻿20:31:11 : Player #0 Alan (0f58f0f7cbcc27bdd669ddb2ba67dec1) has been kicked by BattlEye: Admin Kick (BEC : Lobby idling to long)
﻿20:31:19 : Player #0 Alan (190.31.33.235:2304) connected
﻿20:31:20 : Player #0 Alan - GUID: 0f58f0f7cbcc27bdd669ddb2ba67dec1 (unverified)
﻿20:31:20 : Verified GUID (0f58f0f7cbcc27bdd669ddb2ba67dec1) of player #0 Alan
﻿20:31:21 : Player #0 Alan - Legacy GUID: e4693e16704daa1c5c15a058786df292
﻿20:35:07 : Player #4 Juan (190.18.65.228:2304) connected
﻿20:35:10 : Player #4 Juan - GUID: 93ec5561bccfebb468c17db46ae3eef0 (unverified)
﻿20:35:10 : Verified GUID (93ec5561bccfebb468c17db46ae3eef0) of player #4 Juan
﻿20:35:12 : Player #4 Juan - Legacy GUID: 7c47c6a574b7dccc3603961b7ae85e6d
﻿20:35:15 : RCon admin #1: (To admin#2) BEC : You have about 60 seconds left to join the mission.
﻿20:35:47 : RCon admin #1: (To admin#2) BEC : You have about 30 seconds left to join the mission.
﻿20:35:55 : Player #5 Totoasd (190.190.107.90:2304) connected
﻿20:35:57 : Player #5 Totoasd - GUID: 7a51fa2e7de439e4cacdb83c08cdabab (unverified)
﻿20:35:58 : Verified GUID (7a51fa2e7de439e4cacdb83c08cdabab) of player #5 Totoasd
﻿20:35:59 : Player #5 Totoasd - Legacy GUID: b69609a893669d87ed97c35ff833edf5
﻿20:36:01 : RCon admin #1: (To admin#2) BEC : You have about 15 seconds left to join the mission.
﻿20:36:15 : Player #2 admin#2 (d603844e2f77196bf616245ae360213b) has been kicked by BattlEye: Admin Kick (BEC : Lobby idling to long)
﻿20:40:49 : Player #2 WinterS (190.0.186.128:2304) connected
﻿20:40:50 : Player #2 WinterS - GUID: 39f33c90cfbc91a95f4aea543e344f4b (unverified)
﻿20:40:50 : Verified GUID (39f33c90cfbc91a95f4aea543e344f4b) of player #2 WinterS
﻿20:40:51 : Player #2 WinterS disconnected
﻿20:40:56 : Player #2 WinterS (190.0.186.128:2304) connected
﻿20:40:57 : Player #2 WinterS - GUID: 39f33c90cfbc91a95f4aea543e344f4b (unverified)
﻿20:40:57 : Verified GUID (39f33c90cfbc91a95f4aea543e344f4b) of player #2 WinterS
﻿20:40:58 : Player #2 WinterS disconnected
﻿20:45:00 : RCon admin #1: (Global) BEC : This server will restart in 15 minutes
﻿20:48:57 : Player #0 Alan disconnected
﻿20:51:03 : Player #0 Bad Guy (24.232.71.49:2304) connected
﻿20:51:04 : Player #0 Bad Guy - GUID: dda8f26d97fcb7ca8899f7f65d8536cf (unverified)
﻿20:51:04 : Verified GUID (dda8f26d97fcb7ca8899f7f65d8536cf) of player #0 Bad Guy
﻿20:51:05 : Player #0 Bad Guy - Legacy GUID: e63f5403618860de28c9af75ce0b2365
﻿20:53:09 : Player #2 Alan (190.31.33.235:2304) connected
﻿20:53:11 : Player #2 Alan - GUID: 0f58f0f7cbcc27bdd669ddb2ba67dec1 (unverified)
﻿20:53:11 : Verified GUID (0f58f0f7cbcc27bdd669ddb2ba67dec1) of player #2 Alan
﻿20:53:11 : Player #2 Alan - Legacy GUID: e4693e16704daa1c5c15a058786df292
﻿20:55:00 : RCon admin #1: (Global) BEC : This server will restart in 5 minutes
﻿20:57:31 : Player #0 Bad Guy disconnected
﻿20:59:00 : RCon admin #1: (Global) BEC : Server restart in 1 minute, Log out NOW!
﻿20:59:16 : Player #2 Alan disconnected
﻿20:59:50 : Player #3 galle disconnected
﻿21:00:01 : Lost Connection!
﻿21:00:01 : Closing socket & exiting!
﻿21:03:33 : Rcon client logging in
﻿21:03:33 : RCon admin #1 (127.0.0.1:59923) logged in
﻿21:07:40 : Player #0 admin#2 (190.138.33.197:2304) connected
﻿21:07:42 : Player #0 admin#2 - GUID: d603844e2f77196bf616245ae360213b (unverified)
﻿21:07:42 : Player #0 admin#2 - Legacy GUID: a5aa074813dab730e26d67b8a0a0af6c
﻿21:07:43 : Verified GUID (d603844e2f77196bf616245ae360213b) of player #0 admin#2
﻿21:08:04 : Player #1 Totoasd (190.190.107.90:2304) connected
﻿21:08:40 : Player #1 Totoasd - GUID: 7a51fa2e7de439e4cacdb83c08cdabab (unverified)
﻿21:08:40 : Player #1 Totoasd - Legacy GUID: b69609a893669d87ed97c35ff833edf5
﻿21:08:40 : Verified GUID (7a51fa2e7de439e4cacdb83c08cdabab) of player #1 Totoasd
﻿21:11:51 : Player #0 admin#2 (d603844e2f77196bf616245ae360213b) has been kicked by BattlEye: Ping too high (1903)
﻿21:13:52 : Player #0 admin#2 (190.226.75.123:2304) connected
﻿21:13:53 : Player #0 admin#2 - GUID: d603844e2f77196bf616245ae360213b (unverified)
﻿21:13:54 : Verified GUID (d603844e2f77196bf616245ae360213b) of player #0 admin#2
﻿21:13:54 : Player #0 admin#2 - Legacy GUID: a5aa074813dab730e26d67b8a0a0af6c
﻿21:27:29 : Player #2 Alan (190.31.33.235:2304) connected
﻿21:27:31 : Player #2 Alan - GUID: 0f58f0f7cbcc27bdd669ddb2ba67dec1 (unverified)
﻿21:27:31 : Player #2 Alan - Legacy GUID: e4693e16704daa1c5c15a058786df292
﻿21:27:31 : Verified GUID (0f58f0f7cbcc27bdd669ddb2ba67dec1) of player #2 Alan
﻿21:29:11 : RCon admin #0: (Global) [admin#2] hola alan
﻿21:31:10 : RCon admin #0: (Global) [admin#2] okkk
﻿21:39:21 : Player #3 Juan (190.18.65.228:2304) connected
﻿21:39:22 : Player #3 Juan - GUID: 93ec5561bccfebb468c17db46ae3eef0 (unverified)
﻿21:39:22 : Verified GUID (93ec5561bccfebb468c17db46ae3eef0) of player #3 Juan
﻿21:39:23 : Player #3 Juan - Legacy GUID: 7c47c6a574b7dccc3603961b7ae85e6d
﻿21:41:42 : RCon admin #2 (179.26.65.118:62208) logged in
﻿21:46:39 : Player #0 admin#2 (d603844e2f77196bf616245ae360213b) has been kicked by BattlEye: Client not responding
﻿21:46:39 : Player #1 Totoasd (7a51fa2e7de439e4cacdb83c08cdabab) has been kicked by BattlEye: Client not responding
﻿21:46:39 : Player #2 Alan (0f58f0f7cbcc27bdd669ddb2ba67dec1) has been kicked by BattlEye: Client not responding
﻿21:46:40 : Player #3 Juan (93ec5561bccfebb468c17db46ae3eef0) has been kicked by BattlEye: Client not responding
﻿21:48:00 : Player #0 Alan (190.31.33.235:1024) connected
﻿21:48:02 : Player #0 Alan - GUID: 0f58f0f7cbcc27bdd669ddb2ba67dec1 (unverified)
﻿21:48:02 : Verified GUID (0f58f0f7cbcc27bdd669ddb2ba67dec1) of player #0 Alan
﻿21:48:03 : Player #0 Alan - Legacy GUID: e4693e16704daa1c5c15a058786df292
﻿21:48:20 : Player #1 Juan (190.18.65.228:1024) connected
﻿21:48:22 : Player #1 Juan - GUID: 93ec5561bccfebb468c17db46ae3eef0 (unverified)
﻿21:48:22 : Verified GUID (93ec5561bccfebb468c17db46ae3eef0) of player #1 Juan
﻿21:48:23 : Player #1 Juan - Legacy GUID: 7c47c6a574b7dccc3603961b7ae85e6d
﻿21:50:08 : Player #2 Loly (186.183.59.246:2304) connected
﻿21:50:12 : Player #2 Loly - GUID: d54c56b3fbf6cf811669c09204356e51 (unverified)
﻿21:50:12 : Verified GUID (d54c56b3fbf6cf811669c09204356e51) of player #2 Loly
﻿21:50:13 : Player #2 Loly - Legacy GUID: 103cf7cba156b13401d8aede66d3fcc1
﻿21:52:31 : Player #3 admin#2 (190.226.75.123:1024) connected
﻿21:52:32 : Player #3 admin#2 - GUID: d603844e2f77196bf616245ae360213b (unverified)
﻿21:52:33 : Verified GUID (d603844e2f77196bf616245ae360213b) of player #3 admin#2
﻿21:52:33 : Player #3 admin#2 - Legacy GUID: a5aa074813dab730e26d67b8a0a0af6c
﻿22:05:52 : Player #4 Totoasd (190.190.107.90:2304) connected
﻿22:05:53 : Player #4 Totoasd - GUID: 7a51fa2e7de439e4cacdb83c08cdabab (unverified)
﻿22:05:54 : Verified GUID (7a51fa2e7de439e4cacdb83c08cdabab) of player #4 Totoasd
﻿22:05:54 : Player #4 Totoasd - Legacy GUID: b69609a893669d87ed97c35ff833edf5
﻿22:27:53 : Player #5 Fedequeso (167.56.208.89:12986) connected
﻿22:27:54 : Player #5 Fedequeso - GUID: 62316b054581b2bcf2fb402c103e1e21 (unverified)
﻿22:27:55 : Verified GUID (62316b054581b2bcf2fb402c103e1e21) of player #5 Fedequeso
﻿22:27:55 : Player #5 Fedequeso - Legacy GUID: d0e2adc9034332e96bd0c3fb6c246660
﻿22:28:31 : RCon admin #0: (To Totoasd) [admin#2] ahi te doy la safe
﻿22:32:22 : RCon admin #0: (To Fedequeso) [admin#2] bienvenido fede
﻿22:35:21 : RCon admin #1: (To Alan) BEC : You have about 60 seconds left to join the mission.
﻿22:35:52 : RCon admin #1: (To Alan) BEC : You have about 30 seconds left to join the mission.
﻿22:36:07 : RCon admin #1: (To Alan) BEC : You have about 15 seconds left to join the mission.
﻿22:36:21 : Player #0 Alan (0f58f0f7cbcc27bdd669ddb2ba67dec1) has been kicked by BattlEye: Admin Kick (BEC : Lobby idling to long)
﻿22:39:33 : Player #0 Alan (190.31.33.235:1024) connected
﻿22:39:35 : Player #0 Alan - GUID: 0f58f0f7cbcc27bdd669ddb2ba67dec1 (unverified)
﻿22:39:35 : Player #0 Alan - Legacy GUID: e4693e16704daa1c5c15a058786df292
﻿22:39:35 : Verified GUID (0f58f0f7cbcc27bdd669ddb2ba67dec1) of player #0 Alan
﻿22:41:05 : Player #0 Alan disconnected
﻿22:42:32 : Player #5 Fedequeso (62316b054581b2bcf2fb402c103e1e21) has been kicked by BattlEye: Ping too high (999)
﻿22:43:42 : RCon admin #0: (Global) [admin#2] si por ahi si, por lo pronto se puede hacer por horario local la noche. osea que apartir de las 7pm hasta las 7am sea de noche
﻿22:43:59 : RCon admin #0: (Global) [admin#2] pero seria mejor repartirlo dentro de las 3hs del server
﻿22:44:37 : RCon admin #0: (Global) [admin#2] exacto.. o 1.5 hs dia 1.5hs nche
﻿22:48:09 : RCon admin #0: (To Totoasd) [admin#2] es algo q todabia no funciona. proximamente va a ser un lugar pvp donde hay q mantener la posicion para recibir dinero.. mientras mas te apropies mas dinero
﻿22:51:34 : Player #0 Alan (190.31.33.235:1024) connected
﻿22:51:35 : Player #0 Alan - GUID: 0f58f0f7cbcc27bdd669ddb2ba67dec1 (unverified)
﻿22:51:36 : Verified GUID (0f58f0f7cbcc27bdd669ddb2ba67dec1) of player #0 Alan
﻿22:51:36 : Player #0 Alan - Legacy GUID: e4693e16704daa1c5c15a058786df292
﻿22:53:20 : Player #4 Totoasd disconnected
﻿22:53:24 : Could not connect to BE Master
﻿22:53:24 : Update attempt failed
﻿22:53:24 : Player #0 Alan (0f58f0f7cbcc27bdd669ddb2ba67dec1) has been kicked by BattlEye: Client not responding
﻿22:53:24 : Player #1 Juan (93ec5561bccfebb468c17db46ae3eef0) has been kicked by BattlEye: Client not responding
﻿22:53:24 : Player #2 Loly (d54c56b3fbf6cf811669c09204356e51) has been kicked by BattlEye: Client not responding
﻿22:53:24 : Player #3 admin#2 (d603844e2f77196bf616245ae360213b) has been kicked by BattlEye: Client not responding
﻿22:59:45 : RCon admin #2 (127.0.0.1:63228) logged in
﻿22:59:51 : Lost Connection!
﻿22:59:51 : Closing socket & exiting!
﻿23:09:31 : Rcon client logging in
﻿23:09:31 : RCon admin #0 (127.0.0.1:64920) logged in
﻿23:11:52 : Rcon client logging in
﻿23:11:52 : RCon admin #0 (127.0.0.1:64921) logged in
﻿23:14:27 : RCon admin #1 (127.0.0.1:64923) logged in
﻿23:18:51 : Player #0 Fedequeso (167.56.208.105:13871) connected
﻿23:18:52 : Player #0 Fedequeso - GUID: 62316b054581b2bcf2fb402c103e1e21 (unverified)
﻿23:18:53 : Verified GUID (62316b054581b2bcf2fb402c103e1e21) of player #0 Fedequeso
﻿23:18:53 : Player #0 Fedequeso - Legacy GUID: d0e2adc9034332e96bd0c3fb6c246660
﻿23:19:02 : Player #1 Loly (186.183.59.246:2304) connected
﻿23:19:07 : Player #1 Loly - GUID: d54c56b3fbf6cf811669c09204356e51 (unverified)
﻿23:19:08 : Player #1 Loly - Legacy GUID: 103cf7cba156b13401d8aede66d3fcc1
﻿23:19:10 : Verified GUID (d54c56b3fbf6cf811669c09204356e51) of player #1 Loly
﻿23:19:25 : Player #2 Juan (190.18.65.228:2304) connected
﻿23:19:26 : Player #2 Juan - GUID: 93ec5561bccfebb468c17db46ae3eef0 (unverified)
﻿23:19:27 : Verified GUID (93ec5561bccfebb468c17db46ae3eef0) of player #2 Juan
﻿23:19:27 : Player #2 Juan - Legacy GUID: 7c47c6a574b7dccc3603961b7ae85e6d
﻿23:19:45 : Player #2 Juan disconnected
﻿23:19:57 : Player #0 Fedequeso disconnected
﻿23:20:13 : Player #1 Loly disconnected
﻿23:20:20 : Player #0 Fedequeso (167.56.208.105:13871) connected
﻿23:20:21 : Player #0 Fedequeso - GUID: 62316b054581b2bcf2fb402c103e1e21 (unverified)
﻿23:20:21 : Verified GUID (62316b054581b2bcf2fb402c103e1e21) of player #0 Fedequeso
﻿23:20:21 : Player #0 Fedequeso - Legacy GUID: d0e2adc9034332e96bd0c3fb6c246660
﻿23:20:48 : Player #0 Fedequeso disconnected
﻿23:20:48 : Player #1 Totoasd (190.190.107.90:2304) connected
﻿23:21:25 : Player #1 Totoasd - GUID: 7a51fa2e7de439e4cacdb83c08cdabab (unverified)
﻿23:21:25 : Player #1 Totoasd - Legacy GUID: b69609a893669d87ed97c35ff833edf5
﻿23:21:26 : Verified GUID (7a51fa2e7de439e4cacdb83c08cdabab) of player #1 Totoasd
﻿23:22:19 : Player #0 Loly (186.183.59.246:2304) connected
﻿23:22:20 : Player #0 Loly - GUID: d54c56b3fbf6cf811669c09204356e51 (unverified)
﻿23:22:21 : Verified GUID (d54c56b3fbf6cf811669c09204356e51) of player #0 Loly
﻿23:22:21 : Player #0 Loly - Legacy GUID: 103cf7cba156b13401d8aede66d3fcc1
﻿23:22:47 : Player #2 Fedequeso (167.56.208.105:13871) connected
﻿23:22:48 : Player #2 Fedequeso - GUID: 62316b054581b2bcf2fb402c103e1e21 (unverified)
﻿23:22:49 : Verified GUID (62316b054581b2bcf2fb402c103e1e21) of player #2 Fedequeso
﻿23:22:49 : Player #2 Fedequeso - Legacy GUID: d0e2adc9034332e96bd0c3fb6c246660
﻿23:23:45 : Could not connect to BE Master
﻿23:23:45 : Update attempt failed
﻿23:24:00 : Player #0 Loly (d54c56b3fbf6cf811669c09204356e51) has been kicked by BattlEye: Client not responding
﻿23:24:02 : Player #1 Totoasd (7a51fa2e7de439e4cacdb83c08cdabab) has been kicked by BattlEye: Client not responding
﻿23:24:04 : Player #2 Fedequeso (62316b054581b2bcf2fb402c103e1e21) has been kicked by BattlEye: Client not responding
﻿23:26:49 : RCon admin #1 (127.0.0.1:57221) logged in
﻿23:30:06 : Lost Connection!
﻿23:30:06 : Closing socket & exiting!
﻿23:34:35 : Rcon client logging in
﻿23:34:35 : RCon admin #0 (127.0.0.1:57971) logged in
﻿23:35:10 : RCon admin #1 (127.0.0.1:50442) logged in
﻿23:42:25 : Rcon client logging in
﻿23:42:25 : RCon admin #0 (127.0.0.1:50207) logged in
﻿23:43:28 : Lost Connection!
﻿23:43:28 : Closing socket & exiting!
