00:00:01 : Lost Connection!
﻿00:00:01 : Closing socket & exiting!
﻿00:01:15 : Rcon client logging in
﻿00:01:15 : RCon admin #1 (127.0.0.1:61559) logged in
﻿00:03:29 : Player #0 [WG] SnakeGeneral (191.32.246.103:2304) connected
﻿00:03:31 : Player #0 [WG] SnakeGeneral - GUID: 181db932e18c373dea58c91a9b7034bf (unverified)
﻿00:03:31 : Player #0 [WG] SnakeGeneral - Legacy GUID: 855ed08988c3abe5e44ce3742718c692
﻿00:03:31 : Verified GUID (181db932e18c373dea58c91a9b7034bf) of player #0 [WG] SnakeGeneral
﻿00:04:38 : Player #1 FIN4LShare (177.154.8.238:2304) connected
﻿00:05:14 : Player #1 FIN4LShare - GUID: d4cd999756c3b7742306dd967dcf9a54 (unverified)
﻿00:05:14 : Player #1 FIN4LShare - Legacy GUID: cbd67b2c90a885cb5aa8bc1280925a58
﻿00:05:14 : Verified GUID (d4cd999756c3b7742306dd967dcf9a54) of player #1 FIN4LShare
﻿00:46:49 : Player #2 Derek (186.228.88.66:31673) connected
﻿00:46:50 : Player #2 Derek - GUID: ac6dda5a7714a4ec6777731c1def240a (unverified)
﻿00:46:51 : Verified GUID (ac6dda5a7714a4ec6777731c1def240a) of player #2 Derek
﻿00:46:51 : Player #2 Derek - Legacy GUID: efa51632d80cfcde8932fca4e97c35c2
﻿00:46:53 : Player #2 Derek disconnected
﻿00:52:39 : Player #2 Dragons (186.22.173.62:2304) connected
﻿00:52:40 : Player #2 Dragons - GUID: 3c6c048346652b2441b43e719a05201a (unverified)
﻿00:52:40 : Verified GUID (3c6c048346652b2441b43e719a05201a) of player #2 Dragons
﻿00:52:41 : Player #2 Dragons - Legacy GUID: 3913b982b8c60e961ef4fc2d2bc88df7
﻿00:56:46 : Player #3 =[666]=Pablo_RC (181.90.92.66:2304) connected
﻿00:56:48 : Player #3 =[666]=Pablo_RC - GUID: 16ebd31255bd18b763ce392730470383 (unverified)
﻿00:56:49 : Player #3 =[666]=Pablo_RC - Legacy GUID: 62092891985ca79d88439c3834084445
﻿00:56:49 : Verified GUID (16ebd31255bd18b763ce392730470383) of player #3 =[666]=Pablo_RC
﻿01:02:17 : Player #4 Gabriel (186.216.203.4:26260) connected
﻿01:02:18 : Player #4 Gabriel - GUID: ebc80534d9b16a4fe1efac57ef0d3393 (unverified)
﻿01:02:19 : Verified GUID (ebc80534d9b16a4fe1efac57ef0d3393) of player #4 Gabriel
﻿01:02:19 : Player #4 Gabriel - Legacy GUID: cf39bf3b635dd4725f0321933f854795
﻿01:03:40 : Player #4 Gabriel disconnected
﻿01:24:59 : Player #4 Lucky-Strik3Py (190.55.216.205:2304) connected
﻿01:25:00 : Player #4 Lucky-Strik3Py - GUID: 7c727762492a262502d5ebe3267e72ef (unverified)
﻿01:25:01 : Verified GUID (7c727762492a262502d5ebe3267e72ef) of player #4 Lucky-Strik3Py
﻿01:25:01 : Player #4 Lucky-Strik3Py - Legacy GUID: d0ef8c14113ec1b4c3b2ffc764c615cd
﻿01:25:56 : Player #5 Derek (186.228.88.66:35858) connected
﻿01:25:57 : Player #5 Derek - GUID: ac6dda5a7714a4ec6777731c1def240a (unverified)
﻿01:25:57 : Verified GUID (ac6dda5a7714a4ec6777731c1def240a) of player #5 Derek
﻿01:25:58 : Player #5 Derek - Legacy GUID: efa51632d80cfcde8932fca4e97c35c2
﻿01:25:58 : Player #5 Derek disconnected
﻿01:38:21 : Player #1 FIN4LShare disconnected
﻿01:39:17 : Player #0 [WG] SnakeGeneral disconnected
﻿01:57:27 : Player #0 Silveira (179.156.168.198:2304) connected
﻿01:57:28 : Player #0 Silveira - GUID: 32b0d78191018b1db8bb55a8b9972ed7 (unverified)
﻿01:57:29 : Player #0 Silveira - Legacy GUID: c1a9c0666339f7223a2aebb1a4e00366
﻿01:57:43 : Verified GUID (32b0d78191018b1db8bb55a8b9972ed7) of player #0 Silveira
﻿01:57:44 : Player #0 Silveira disconnected
﻿02:38:36 : Player #3 =[666]=Pablo_RC disconnected
﻿02:45:00 : RCon admin #1: (Global) BEC : This server will restart in 15 minutes
﻿02:45:44 : Player #4 Lucky-Strik3Py disconnected
﻿02:55:00 : RCon admin #1: (Global) BEC : This server will restart in 5 minutes
﻿02:59:00 : RCon admin #1: (Global) BEC : This server will restart in 1 minute, Log out now!
﻿02:59:28 : Player #2 Dragons disconnected
﻿03:00:01 : Lost Connection!
﻿03:00:01 : Closing socket & exiting!
﻿03:01:15 : Rcon client logging in
﻿03:01:15 : RCon admin #1 (127.0.0.1:54575) logged in
﻿05:45:00 : RCon admin #1: (Global) BEC : This server will restart in 15 minutes
﻿05:55:00 : RCon admin #1: (Global) BEC : This server will restart in 5 minutes
﻿05:59:00 : RCon admin #1: (Global) BEC : This server will restart in 1 minute, Log out now!
﻿06:00:01 : Lost Connection!
﻿06:00:01 : Closing socket & exiting!
﻿06:01:06 : Rcon client logging in
﻿06:01:06 : RCon admin #1 (127.0.0.1:57138) logged in
﻿08:45:00 : RCon admin #1: (Global) BEC : This server will restart in 15 minutes
﻿08:55:00 : RCon admin #1: (Global) BEC : This server will restart in 5 minutes
﻿08:59:00 : RCon admin #1: (Global) BEC : This server will restart in 1 minute, Log out now!
﻿09:00:01 : Lost Connection!
﻿09:00:01 : Closing socket & exiting!
﻿09:01:06 : Rcon client logging in
﻿09:01:06 : RCon admin #1 (127.0.0.1:55261) logged in
﻿09:19:26 : Player #0 Dromsito (190.48.148.236:2304) connected
﻿09:19:29 : Player #0 Dromsito - GUID: a28691e3b8de5b6290cb77c4cf8a4a55 (unverified)
﻿09:19:29 : Verified GUID (a28691e3b8de5b6290cb77c4cf8a4a55) of player #0 Dromsito
﻿09:19:30 : Player #0 Dromsito - Legacy GUID: 8916210343111f5bd06931debdd291cb
﻿09:50:16 : Player #0 Dromsito disconnected
﻿10:13:23 : Player #0 Leodagos (186.135.47.80:22399) connected
﻿10:13:24 : Player #0 Leodagos - GUID: 927032c3d7c1139aff0ff09424d46da1 (unverified)
﻿10:13:25 : Verified GUID (927032c3d7c1139aff0ff09424d46da1) of player #0 Leodagos
﻿10:13:25 : Player #0 Leodagos - Legacy GUID: d7639dceb9588d3b0ab85f82e92ff8de
﻿10:18:07 : Failed to receive from BE Master (3)
﻿10:18:07 : Update attempt failed
﻿10:18:07 : Player #0 Leodagos (927032c3d7c1139aff0ff09424d46da1) has been kicked by BattlEye: Client not responding
﻿10:19:16 : Player #0 Leodagos (186.135.47.80:23321) connected
﻿10:19:18 : Player #0 Leodagos - GUID: 927032c3d7c1139aff0ff09424d46da1 (unverified)
﻿10:19:18 : Player #0 Leodagos - Legacy GUID: d7639dceb9588d3b0ab85f82e92ff8de
﻿10:19:19 : Verified GUID (927032c3d7c1139aff0ff09424d46da1) of player #0 Leodagos
﻿10:22:59 : Player #0 Leodagos disconnected
﻿18:54:33 : Rcon client logging in
﻿18:54:33 : RCon admin #1 (127.0.0.1:52511) logged in
﻿18:58:14 : Player #6 Rich (189.114.205.106:2304) connected
﻿18:58:15 : Player #6 Rich - GUID: 1af690fae6a791af198b971febe77370 (unverified)
﻿18:58:16 : Verified GUID (1af690fae6a791af198b971febe77370) of player #6 Rich
﻿18:58:16 : Player #6 Rich - Legacy GUID: 6df47bf8796616a26e73d2dc500a2b22
﻿18:59:11 : Player #6 Rich disconnected
﻿19:03:00 : RCon admin #0: (Global) [BEC] Server Restart in 2 hours...
﻿19:04:19 : RCon admin #0: (Global) [BEC] Player Jose Luis will be banned in 2 hours. "jajaja".
﻿19:13:03 : Player #4 [DMN]-Mario disconnected
﻿19:15:37 : Player #4 [DMN]-Mario (179.60.255.227:2304) connected
﻿19:15:40 : Player #4 [DMN]-Mario - GUID: 90efe9555b6c518bdd5ab751845d62ac (unverified)
﻿19:15:41 : Verified GUID (90efe9555b6c518bdd5ab751845d62ac) of player #4 [DMN]-Mario
﻿19:15:42 : Player #4 [DMN]-Mario - Legacy GUID: 56ac695fcf6c9ba0429307fd875141a4
﻿19:27:17 : Player #10 Noelia Pompa disconnected
﻿19:34:56 : Player #3 Jose Luis disconnected
﻿19:36:18 : Player #3 Ale (200.104.235.194:3804) connected
﻿19:36:19 : Player #3 Ale - GUID: 48843052305b9195632d8303b9068b01 (unverified)
﻿19:36:20 : Player #3 Ale disconnected
﻿19:37:03 : Player #3 [DMN] Kostia (181.29.33.46:2304) connected
﻿19:37:04 : Player #3 [DMN] Kostia - GUID: 4bd080feb9dc4ff46effb0ff0b50008d (unverified)
﻿19:37:05 : Verified GUID (4bd080feb9dc4ff46effb0ff0b50008d) of player #3 [DMN] Kostia
﻿19:37:05 : Player #3 [DMN] Kostia - Legacy GUID: 5aa78dd92e5c0b343e5604a97acf3a4e
﻿19:47:24 : Player #8 [Amish]Churro disconnected
﻿19:48:15 : Player #2 Cloudsp disconnected
﻿20:00:34 : Player #2 -Noviceeeex (201.37.147.214:2304) connected
﻿20:00:35 : Player #2 -Noviceeeex - GUID: 49491c76f8c8f9d07b9010d560b7047a (unverified)
﻿20:00:35 : Verified GUID (49491c76f8c8f9d07b9010d560b7047a) of player #2 -Noviceeeex
﻿20:00:36 : Player #2 -Noviceeeex - Legacy GUID: 3460acda2a89a6aad0987d6cc80e86ea
﻿20:00:37 : Player #2 -Noviceeeex disconnected
﻿20:04:04 : Player #5 Azrael1x disconnected
﻿20:08:48 : Player #2 Cloudsp (177.189.48.244:2304) connected
﻿20:08:49 : Player #2 Cloudsp - GUID: ccadd2ade87a3896140f2e5288880114 (unverified)
﻿20:08:50 : Player #2 Cloudsp - Legacy GUID: 2da63537ca8a0a2c2f2399fc04671995
﻿20:08:50 : Verified GUID (ccadd2ade87a3896140f2e5288880114) of player #2 Cloudsp
﻿20:10:14 : Player #0 [WG] SnakeGeneral disconnected
﻿20:11:16 : Player #0 Dromsito (190.48.148.236:2304) connected
﻿20:11:17 : Player #0 Dromsito - GUID: a28691e3b8de5b6290cb77c4cf8a4a55 (unverified)
﻿20:11:18 : Verified GUID (a28691e3b8de5b6290cb77c4cf8a4a55) of player #0 Dromsito
﻿20:11:18 : Player #0 Dromsito - Legacy GUID: 8916210343111f5bd06931debdd291cb
﻿20:17:36 : Player #5 Dragons (186.22.173.62:2304) connected
﻿20:17:37 : Player #5 Dragons - GUID: 3c6c048346652b2441b43e719a05201a (unverified)
﻿20:17:37 : Verified GUID (3c6c048346652b2441b43e719a05201a) of player #5 Dragons
﻿20:17:38 : Player #5 Dragons - Legacy GUID: 3913b982b8c60e961ef4fc2d2bc88df7
﻿20:20:02 : Player #6 Jose Luis (186.117.165.66:2304) connected
﻿20:20:04 : Player #6 Jose Luis - GUID: d9558a067db2e5932e8a58c619edb83d (unverified)
﻿20:20:04 : Verified GUID (d9558a067db2e5932e8a58c619edb83d) of player #6 Jose Luis
﻿20:20:05 : Player #6 Jose Luis - Legacy GUID: 7beaaf3c723b44978f2c26b96411e08c
﻿20:21:08 : Player #0 Dromsito disconnected
﻿20:22:38 : Player #0 Dromsito (190.48.148.236:2304) connected
﻿20:22:39 : Player #0 Dromsito - GUID: a28691e3b8de5b6290cb77c4cf8a4a55 (unverified)
﻿20:22:40 : Verified GUID (a28691e3b8de5b6290cb77c4cf8a4a55) of player #0 Dromsito
﻿20:22:40 : Player #0 Dromsito - Legacy GUID: 8916210343111f5bd06931debdd291cb
﻿20:24:16 : Player #8 [WG] SnakeGeneral (191.32.246.103:2304) connected
﻿20:24:17 : Player #8 [WG] SnakeGeneral - GUID: 181db932e18c373dea58c91a9b7034bf (unverified)
﻿20:24:17 : Verified GUID (181db932e18c373dea58c91a9b7034bf) of player #8 [WG] SnakeGeneral
﻿20:24:18 : Player #8 [WG] SnakeGeneral - Legacy GUID: 855ed08988c3abe5e44ce3742718c692
﻿20:30:30 : Player #0 Dromsito disconnected
﻿20:33:05 : Player #0 Kenobi (167.58.18.38:5806) connected
﻿20:33:06 : Player #0 Kenobi - GUID: 7185abfcd74b9b43164f9d75aa6271f3 (unverified)
﻿20:33:07 : Verified GUID (7185abfcd74b9b43164f9d75aa6271f3) of player #0 Kenobi
﻿20:33:07 : Player #0 Kenobi - Legacy GUID: e81bf6a466377c3cf6a58959c3cc0c98
﻿20:33:22 : Player #0 Kenobi disconnected
﻿20:33:46 : Player #0 Kenobi (167.58.18.38:5806) connected
﻿20:33:47 : Player #0 Kenobi - GUID: 7185abfcd74b9b43164f9d75aa6271f3 (unverified)
﻿20:33:47 : Verified GUID (7185abfcd74b9b43164f9d75aa6271f3) of player #0 Kenobi
﻿20:33:48 : Player #0 Kenobi - Legacy GUID: e81bf6a466377c3cf6a58959c3cc0c98
﻿20:34:02 : Player #5 Dragons disconnected
﻿20:45:00 : RCon admin #1: (Global) BEC : This server will restart in 15 minutes
﻿20:45:10 : Player #5 Dallheim (186.23.160.35:2304) connected
﻿20:45:11 : Player #5 Dallheim - GUID: dc090b6b8b03c8bb77350fca3718f588 (unverified)
﻿20:45:12 : Verified GUID (dc090b6b8b03c8bb77350fca3718f588) of player #5 Dallheim
﻿20:45:12 : Player #5 Dallheim - Legacy GUID: 0134fada23f8786da3de29b537100a03
﻿20:45:20 : Player #5 Dallheim disconnected
﻿20:45:55 : RCon admin #1: (To Jose Luis) BEC : You have about 60 seconds left to join the mission.
﻿20:46:26 : RCon admin #1: (To Jose Luis) BEC : You have about 30 seconds left to join the mission.
﻿20:46:41 : RCon admin #1: (To Jose Luis) BEC : You have about 15 seconds left to join the mission.
﻿20:46:55 : Player #6 Jose Luis (d9558a067db2e5932e8a58c619edb83d) has been kicked by BattlEye: Admin Kick (BEC : Lobby idling to long)
﻿20:52:28 : Player #0 Kenobi disconnected
﻿20:54:19 : Player #3 [DMN] Kostia disconnected
﻿20:55:00 : RCon admin #1: (Global) BEC : This server will restart in 5 minutes
﻿20:58:13 : Player #7 [DMN] NICOLASMARTIN disconnected
﻿20:59:00 : RCon admin #1: (Global) BEC : Server restart in 1 minute, Log out NOW!
﻿21:00:02 : Lost Connection!
﻿21:00:02 : Closing socket & exiting!
﻿21:01:16 : Rcon client logging in
﻿21:01:16 : RCon admin #1 (127.0.0.1:59843) logged in
﻿21:05:05 : Player #0 [WG] SnakeGeneral (191.32.246.103:2304) connected
﻿21:05:06 : Player #0 [WG] SnakeGeneral - Legacy GUID: 855ed08988c3abe5e44ce3742718c692
﻿21:05:07 : Player #0 [WG] SnakeGeneral - GUID: 181db932e18c373dea58c91a9b7034bf (unverified)
﻿21:05:07 : Verified GUID (181db932e18c373dea58c91a9b7034bf) of player #0 [WG] SnakeGeneral
﻿21:08:56 : Player #1 Cloudsp (177.189.48.244:2304) connected
﻿21:08:58 : Player #1 Cloudsp - GUID: ccadd2ade87a3896140f2e5288880114 (unverified)
﻿21:08:58 : Verified GUID (ccadd2ade87a3896140f2e5288880114) of player #1 Cloudsp
﻿21:08:58 : Player #1 Cloudsp - Legacy GUID: 2da63537ca8a0a2c2f2399fc04671995
﻿21:10:07 : Player #2 FIN4LShare (177.154.8.238:2304) connected
﻿21:10:09 : Player #2 FIN4LShare - GUID: d4cd999756c3b7742306dd967dcf9a54 (unverified)
﻿21:10:09 : Player #2 FIN4LShare - Legacy GUID: cbd67b2c90a885cb5aa8bc1280925a58
﻿21:10:10 : Verified GUID (d4cd999756c3b7742306dd967dcf9a54) of player #2 FIN4LShare
﻿21:23:38 : Player #3 10kPLAY (187.59.32.235:2304) connected
﻿21:23:39 : Player #3 10kPLAY - GUID: 719906e56dffd9fc202fefcc5fccd9c2 (unverified)
﻿21:23:40 : Verified GUID (719906e56dffd9fc202fefcc5fccd9c2) of player #3 10kPLAY
﻿21:23:41 : Player #3 10kPLAY - Legacy GUID: 4a96490df42ffec8e16fb7ce2db18b79
﻿21:26:19 : Player #4 Pablo (181.167.253.71:2304) connected
﻿21:26:20 : Player #4 Pablo - GUID: b95eaf021b41a0aca5a469db1ef13a56 (unverified)
﻿21:26:20 : Verified GUID (b95eaf021b41a0aca5a469db1ef13a56) of player #4 Pablo
﻿21:26:21 : Player #4 Pablo - Legacy GUID: f7aaf3711e8f58b15b80093bc66082f4
﻿21:26:31 : Player #4 Pablo disconnected
﻿21:30:06 : Player #4 Pablo (181.167.253.71:2304) connected
﻿21:30:07 : Player #4 Pablo - GUID: b95eaf021b41a0aca5a469db1ef13a56 (unverified)
﻿21:30:07 : Verified GUID (b95eaf021b41a0aca5a469db1ef13a56) of player #4 Pablo
﻿21:30:08 : Player #4 Pablo - Legacy GUID: f7aaf3711e8f58b15b80093bc66082f4
﻿21:30:17 : Player #4 Pablo disconnected
﻿21:30:32 : Player #4 Gladius (191.19.207.84:2304) connected
﻿21:30:33 : Player #4 Gladius - GUID: 03bd84b31a5c466022ac5f24c5809f4a (unverified)
﻿21:30:34 : Player #4 Gladius - Legacy GUID: 25313fcd41e66ca7b66cd15a037ec712
﻿21:30:37 : Verified GUID (03bd84b31a5c466022ac5f24c5809f4a) of player #4 Gladius
﻿21:30:45 : Player #4 Gladius disconnected
﻿21:31:30 : Player #3 10kPLAY disconnected
﻿21:35:09 : Player #3 Blitzkrieg (186.212.61.16:2304) connected
﻿21:35:10 : Player #3 Blitzkrieg - GUID: 72e47b70e7c9cb08584a8b443180716b (unverified)
﻿21:35:11 : Verified GUID (72e47b70e7c9cb08584a8b443180716b) of player #3 Blitzkrieg
﻿21:35:11 : Player #3 Blitzkrieg - Legacy GUID: 9491354e9a98df09fa5287c4a557e66a
﻿21:42:28 : Player #4 Gladius (191.19.207.84:2304) connected
﻿21:42:30 : Player #4 Gladius - GUID: 03bd84b31a5c466022ac5f24c5809f4a (unverified)
﻿21:42:30 : Player #4 Gladius - Legacy GUID: 25313fcd41e66ca7b66cd15a037ec712
﻿21:42:32 : Verified GUID (03bd84b31a5c466022ac5f24c5809f4a) of player #4 Gladius
﻿21:54:15 : Player #4 Gladius disconnected
﻿21:54:30 : Player #3 Blitzkrieg disconnected
﻿22:05:41 : Player #3 Pablo (181.167.253.71:2304) connected
﻿22:05:42 : Player #3 Pablo - GUID: b95eaf021b41a0aca5a469db1ef13a56 (unverified)
﻿22:05:43 : Verified GUID (b95eaf021b41a0aca5a469db1ef13a56) of player #3 Pablo
﻿22:05:43 : Player #3 Pablo - Legacy GUID: f7aaf3711e8f58b15b80093bc66082f4
﻿22:05:52 : Player #3 Pablo disconnected
﻿22:07:02 : RCon admin #0: (Global) [ADM] When you died, u need to remove your plot pole and  put it again. Then the plot its yours again.
﻿22:43:28 : Player #3 Dragons (186.22.173.62:2304) connected
﻿22:43:29 : Player #3 Dragons - GUID: 3c6c048346652b2441b43e719a05201a (unverified)
﻿22:43:30 : Verified GUID (3c6c048346652b2441b43e719a05201a) of player #3 Dragons
﻿22:43:30 : Player #3 Dragons - Legacy GUID: 3913b982b8c60e961ef4fc2d2bc88df7
﻿22:48:59 : Player #3 Dragons disconnected
﻿23:33:32 : Player #3 Ale (181.231.0.4:2304) connected
﻿23:33:33 : Player #3 Ale - GUID: 05380edd1c99d2fe89af01e2497d0bb9 (unverified)
﻿23:33:34 : Verified GUID (05380edd1c99d2fe89af01e2497d0bb9) of player #3 Ale
﻿23:33:34 : Player #3 Ale - Legacy GUID: 8a1e646a727f16293e870226bceb7cf9
﻿23:33:35 : Player #3 Ale disconnected
﻿23:37:34 : Player #3 Jose Luis (186.117.165.66:2304) connected
﻿23:37:36 : Player #3 Jose Luis - GUID: d9558a067db2e5932e8a58c619edb83d (unverified)
﻿23:37:36 : Player #3 Jose Luis - Legacy GUID: 7beaaf3c723b44978f2c26b96411e08c
﻿23:37:36 : Verified GUID (d9558a067db2e5932e8a58c619edb83d) of player #3 Jose Luis
﻿23:45:00 : RCon admin #1: (Global) BEC : This server will restart in 15 minutes
﻿23:55:00 : RCon admin #1: (Global) BEC : This server will restart in 5 minutes
﻿23:58:48 : Player #0 [WG] SnakeGeneral disconnected
﻿23:59:00 : RCon admin #1: (Global) BEC : This server will restart in 1 minute, Log out now!
﻿23:59:23 : Player #3 Jose Luis disconnected
﻿23:59:34 : Player #1 Cloudsp disconnected
