00:00:01 : Lost Connection!
﻿00:00:01 : Closing socket & exiting!
﻿00:01:15 : Rcon client logging in
﻿00:01:15 : RCon admin #1 (127.0.0.1:58586) logged in
﻿00:17:05 : Player #0 =[666]=Pablo_RC (186.108.155.113:2304) connected
﻿00:17:06 : Player #0 =[666]=Pablo_RC - GUID: 16ebd31255bd18b763ce392730470383 (unverified)
﻿00:17:07 : Verified GUID (16ebd31255bd18b763ce392730470383) of player #0 =[666]=Pablo_RC
﻿00:17:08 : Player #0 =[666]=Pablo_RC - Legacy GUID: 62092891985ca79d88439c3834084445
﻿00:19:07 : Player #1 santiago (181.128.47.242:24156) connected
﻿00:19:10 : Player #1 santiago - GUID: 5f72597ccf11380055e35a403a02fb81 (unverified)
﻿00:19:11 : Verified GUID (5f72597ccf11380055e35a403a02fb81) of player #1 santiago
﻿00:19:11 : Player #1 santiago - Legacy GUID: f8c8299b0a688de480efb946d670fbbd
﻿00:46:43 : Player #2 Jose Luis (186.116.51.196:2304) connected
﻿00:46:45 : Player #2 Jose Luis - GUID: d9558a067db2e5932e8a58c619edb83d (unverified)
﻿00:46:46 : Player #2 Jose Luis - Legacy GUID: 7beaaf3c723b44978f2c26b96411e08c
﻿00:46:46 : Verified GUID (d9558a067db2e5932e8a58c619edb83d) of player #2 Jose Luis
﻿01:18:03 : Player #3 Avner (177.205.126.89:3804) connected
﻿01:18:05 : Player #3 Avner - GUID: e22288b0632cd109318cf72725428117 (unverified)
﻿01:18:05 : Verified GUID (e22288b0632cd109318cf72725428117) of player #3 Avner
﻿01:18:06 : Player #3 Avner - Legacy GUID: 4b5eb4b47f5dd3fe0ed873e798fa3c87
﻿01:18:07 : Player #3 Avner disconnected
﻿01:29:22 : Player #3 Sirfes-AR (186.39.211.79:2304) connected
﻿01:29:24 : Player #3 Sirfes-AR - GUID: 2bb87957999ef128136a91e55814387e (unverified)
﻿01:29:24 : Verified GUID (2bb87957999ef128136a91e55814387e) of player #3 Sirfes-AR
﻿01:29:25 : Player #3 Sirfes-AR - Legacy GUID: 9029f11d17f3e3d0814db86b7e6f7e15
﻿01:40:38 : Player #4 Nikolaidys (190.16.74.91:2304) connected
﻿01:40:40 : Player #4 Nikolaidys - GUID: a332046dd65cfeb5c31a12074f0368b7 (unverified)
﻿01:40:40 : Player #4 Nikolaidys - Legacy GUID: ccaeabfb0875d9adad29bf24bf5f5596
﻿01:40:40 : Verified GUID (a332046dd65cfeb5c31a12074f0368b7) of player #4 Nikolaidys
﻿01:49:54 : Player #5 cristian (186.107.131.190:65497) connected
﻿01:49:55 : Player #5 cristian - GUID: c7c4d00b2a4fe3df0d85e40bd48fb3f5 (unverified)
﻿01:49:56 : Verified GUID (c7c4d00b2a4fe3df0d85e40bd48fb3f5) of player #5 cristian
﻿01:49:56 : Player #5 cristian - Legacy GUID: ff29925939c46c1f2104facf8547741f
﻿01:49:57 : Player #5 cristian disconnected
﻿01:52:11 : Player #5 Jabed (181.121.120.196:5304) connected
﻿01:52:12 : Player #5 Jabed - GUID: 4219ced4c8fde6991d9de602141dc342 (unverified)
﻿01:52:13 : Verified GUID (4219ced4c8fde6991d9de602141dc342) of player #5 Jabed
﻿01:52:14 : Player #5 Jabed - Legacy GUID: baf708a2df2ee62554fde3844282d2a2
﻿01:52:14 : Player #5 Jabed disconnected
﻿02:00:31 : Player #5 Jabed (181.121.120.196:5304) connected
﻿02:00:32 : Player #5 Jabed - GUID: 4219ced4c8fde6991d9de602141dc342 (unverified)
﻿02:00:32 : Verified GUID (4219ced4c8fde6991d9de602141dc342) of player #5 Jabed
﻿02:00:33 : Player #5 Jabed - Legacy GUID: baf708a2df2ee62554fde3844282d2a2
﻿02:00:33 : Player #5 Jabed disconnected
﻿02:27:00 : Player #5 Azrael1x (191.80.145.38:2304) connected
﻿02:27:01 : Player #5 Azrael1x - GUID: f3bbe77e31363319b3378084ddcb86d8 (unverified)
﻿02:27:02 : Verified GUID (f3bbe77e31363319b3378084ddcb86d8) of player #5 Azrael1x
﻿02:27:02 : Player #5 Azrael1x - Legacy GUID: 872394ca0b82ad6e77d13dc8f5141d95
﻿02:32:35 : Player #6 Dromsito (190.48.162.147:2304) connected
﻿02:32:36 : Player #6 Dromsito - GUID: a28691e3b8de5b6290cb77c4cf8a4a55 (unverified)
﻿02:32:37 : Verified GUID (a28691e3b8de5b6290cb77c4cf8a4a55) of player #6 Dromsito
﻿02:32:37 : Player #6 Dromsito - Legacy GUID: 8916210343111f5bd06931debdd291cb
﻿02:39:24 : Player #6 Dromsito disconnected
﻿02:44:25 : Player #6 Dragons (186.22.173.62:2304) connected
﻿02:44:26 : Player #6 Dragons - GUID: 3c6c048346652b2441b43e719a05201a (unverified)
﻿02:44:27 : Verified GUID (3c6c048346652b2441b43e719a05201a) of player #6 Dragons
﻿02:44:27 : Player #6 Dragons - Legacy GUID: 3913b982b8c60e961ef4fc2d2bc88df7
﻿02:45:00 : RCon admin #1: (Global) BEC : This server will restart in 15 minutes
﻿02:55:00 : RCon admin #1: (Global) BEC : This server will restart in 5 minutes
﻿02:57:53 : Player #7 sebarandom (186.153.99.223:2304) connected
﻿02:57:54 : Player #7 sebarandom - GUID: 483adb088c51579e49b2fdbadba604f7 (unverified)
﻿02:57:55 : Verified GUID (483adb088c51579e49b2fdbadba604f7) of player #7 sebarandom
﻿02:57:55 : Player #7 sebarandom - Legacy GUID: aacb5210641b230632f613d88d7d0460
﻿02:59:00 : RCon admin #1: (Global) BEC : This server will restart in 1 minute, Log out now!
﻿02:59:28 : Player #0 =[666]=Pablo_RC disconnected
﻿02:59:36 : Player #4 Nikolaidys disconnected
﻿03:00:01 : Lost Connection!
﻿03:00:01 : Closing socket & exiting!
﻿03:01:15 : Rcon client logging in
﻿03:01:15 : RCon admin #1 (127.0.0.1:61279) logged in
﻿03:01:32 : Player #0 Jose Luis (186.116.51.196:2304) connected
﻿03:01:34 : Player #0 Jose Luis - GUID: d9558a067db2e5932e8a58c619edb83d (unverified)
﻿03:01:34 : Verified GUID (d9558a067db2e5932e8a58c619edb83d) of player #0 Jose Luis
﻿03:01:35 : Player #0 Jose Luis - Legacy GUID: 7beaaf3c723b44978f2c26b96411e08c
﻿03:01:36 : Player #1 Azrael1x (191.80.145.38:2304) connected
﻿03:01:38 : Player #1 Azrael1x - GUID: f3bbe77e31363319b3378084ddcb86d8 (unverified)
﻿03:01:39 : Verified GUID (f3bbe77e31363319b3378084ddcb86d8) of player #1 Azrael1x
﻿03:01:40 : Player #1 Azrael1x - Legacy GUID: 872394ca0b82ad6e77d13dc8f5141d95
﻿03:02:38 : Player #2 santiago (181.128.47.242:24156) connected
﻿03:02:40 : Player #2 santiago - GUID: 5f72597ccf11380055e35a403a02fb81 (unverified)
﻿03:02:42 : Player #2 santiago - Legacy GUID: f8c8299b0a688de480efb946d670fbbd
﻿03:02:42 : Verified GUID (5f72597ccf11380055e35a403a02fb81) of player #2 santiago
﻿03:04:21 : Player #3 Dragons (186.22.173.62:2304) connected
﻿03:04:23 : Player #3 Dragons - GUID: 3c6c048346652b2441b43e719a05201a (unverified)
﻿03:04:23 : Player #3 Dragons - Legacy GUID: 3913b982b8c60e961ef4fc2d2bc88df7
﻿03:04:24 : Verified GUID (3c6c048346652b2441b43e719a05201a) of player #3 Dragons
﻿03:09:08 : Player #4 Sirfes-AR (186.39.211.79:2304) connected
﻿03:09:10 : Player #4 Sirfes-AR - GUID: 2bb87957999ef128136a91e55814387e (unverified)
﻿03:09:11 : Verified GUID (2bb87957999ef128136a91e55814387e) of player #4 Sirfes-AR
﻿03:09:12 : Player #4 Sirfes-AR - Legacy GUID: 9029f11d17f3e3d0814db86b7e6f7e15
﻿03:12:17 : Player #5 =[666]=Pablo_RC (181.90.87.10:2304) connected
﻿03:12:18 : Player #5 =[666]=Pablo_RC - GUID: 16ebd31255bd18b763ce392730470383 (unverified)
﻿03:12:18 : Verified GUID (16ebd31255bd18b763ce392730470383) of player #5 =[666]=Pablo_RC
﻿03:12:19 : Player #5 =[666]=Pablo_RC - Legacy GUID: 62092891985ca79d88439c3834084445
﻿03:15:56 : Player #6 Nikolaidys (190.16.74.91:2304) connected
﻿03:15:57 : Player #6 Nikolaidys - GUID: a332046dd65cfeb5c31a12074f0368b7 (unverified)
﻿03:15:58 : Verified GUID (a332046dd65cfeb5c31a12074f0368b7) of player #6 Nikolaidys
﻿03:15:59 : Player #6 Nikolaidys - Legacy GUID: ccaeabfb0875d9adad29bf24bf5f5596
﻿04:01:42 : Player #1 Azrael1x disconnected
﻿04:08:44 : Player #0 Jose Luis disconnected
﻿04:22:06 : Player #0 Sangre (190.55.194.164:2304) connected
﻿04:22:07 : Player #0 Sangre - GUID: 5c760f8c7f08dacc0e34a41cc0a71e1e (unverified)
﻿04:22:08 : Verified GUID (5c760f8c7f08dacc0e34a41cc0a71e1e) of player #0 Sangre
﻿04:22:08 : Player #0 Sangre - Legacy GUID: 9b5ed85eeeca035506d6e16c2e0b685b
﻿04:22:27 : Player #1 FlingeR (181.29.156.37:61413) connected
﻿04:22:28 : Player #1 FlingeR - GUID: 85bd6f13a390f860e1ca7d4f1ba6baa2 (unverified)
﻿04:22:29 : Verified GUID (85bd6f13a390f860e1ca7d4f1ba6baa2) of player #1 FlingeR
﻿04:22:29 : Player #1 FlingeR - Legacy GUID: ff0f9a3e6ff547dfa98e5f42aa5bc6e3
﻿04:24:10 : Player #7 Nig Noghsson (190.19.113.127:2304) connected
﻿04:24:11 : Player #7 Nig Noghsson - GUID: 9f4867460f97216fb80f619c68258abc (unverified)
﻿04:24:11 : Verified GUID (9f4867460f97216fb80f619c68258abc) of player #7 Nig Noghsson
﻿04:24:12 : Player #7 Nig Noghsson - Legacy GUID: f2d3fe41ab0742b255defbba907fd457
﻿04:25:10 : Player #5 =[666]=Pablo_RC disconnected
﻿04:25:46 : Player #2 santiago disconnected
﻿04:27:33 : Player #6 Nikolaidys disconnected
﻿04:56:11 : Player #2 sebarandom (186.153.99.223:2304) connected
﻿04:56:12 : Player #2 sebarandom - GUID: 483adb088c51579e49b2fdbadba604f7 (unverified)
﻿04:56:13 : Verified GUID (483adb088c51579e49b2fdbadba604f7) of player #2 sebarandom
﻿04:56:13 : Player #2 sebarandom - Legacy GUID: aacb5210641b230632f613d88d7d0460
﻿05:05:56 : Player #4 Sirfes-AR disconnected
﻿05:45:00 : RCon admin #1: (Global) BEC : This server will restart in 15 minutes
﻿05:49:25 : Player #2 sebarandom disconnected
﻿05:55:00 : RCon admin #1: (Global) BEC : This server will restart in 5 minutes
﻿05:58:19 : Player #1 FlingeR disconnected
﻿05:59:00 : RCon admin #1: (Global) BEC : This server will restart in 1 minute, Log out now!
﻿05:59:04 : Player #7 Nig Noghsson disconnected
﻿05:59:07 : Player #0 Sangre disconnected
﻿05:59:32 : Player #3 Dragons disconnected
﻿05:59:42 : Player #0 Sangre (190.55.194.164:2304) connected
﻿05:59:44 : Player #0 Sangre - GUID: 5c760f8c7f08dacc0e34a41cc0a71e1e (unverified)
﻿05:59:44 : Verified GUID (5c760f8c7f08dacc0e34a41cc0a71e1e) of player #0 Sangre
﻿05:59:44 : Player #0 Sangre - Legacy GUID: 9b5ed85eeeca035506d6e16c2e0b685b
﻿06:00:01 : Lost Connection!
﻿06:00:01 : Closing socket & exiting!
﻿06:01:15 : Rcon client logging in
﻿06:01:15 : RCon admin #1 (127.0.0.1:59262) logged in
﻿06:04:08 : Player #0 FlingeR (181.29.156.37:64340) connected
﻿06:04:11 : Player #0 FlingeR - GUID: 85bd6f13a390f860e1ca7d4f1ba6baa2 (unverified)
﻿06:04:11 : Verified GUID (85bd6f13a390f860e1ca7d4f1ba6baa2) of player #0 FlingeR
﻿06:04:11 : Player #0 FlingeR - Legacy GUID: ff0f9a3e6ff547dfa98e5f42aa5bc6e3
﻿06:04:17 : Player #1 Sangre (190.55.194.164:2304) connected
﻿06:04:18 : Player #1 Sangre - GUID: 5c760f8c7f08dacc0e34a41cc0a71e1e (unverified)
﻿06:04:19 : Verified GUID (5c760f8c7f08dacc0e34a41cc0a71e1e) of player #1 Sangre
﻿06:04:37 : Player #1 Sangre - Legacy GUID: 9b5ed85eeeca035506d6e16c2e0b685b
﻿06:12:21 : Player #2 Nig Noghsson (190.19.113.127:2304) connected
﻿06:12:22 : Player #2 Nig Noghsson - GUID: 9f4867460f97216fb80f619c68258abc (unverified)
﻿06:12:22 : Verified GUID (9f4867460f97216fb80f619c68258abc) of player #2 Nig Noghsson
﻿06:12:23 : Player #2 Nig Noghsson - Legacy GUID: f2d3fe41ab0742b255defbba907fd457
﻿06:28:41 : Player #0 FlingeR disconnected
﻿06:28:44 : Player #0 FlingeR (181.29.156.37:64340) connected
﻿06:28:46 : Player #0 FlingeR - GUID: 85bd6f13a390f860e1ca7d4f1ba6baa2 (unverified)
﻿06:28:47 : Player #0 FlingeR - Legacy GUID: ff0f9a3e6ff547dfa98e5f42aa5bc6e3
﻿06:28:47 : Verified GUID (85bd6f13a390f860e1ca7d4f1ba6baa2) of player #0 FlingeR
﻿07:10:56 : Player #0 FlingeR disconnected
﻿07:20:34 : Player #0 FlingeR (181.29.156.37:59510) connected
﻿07:20:36 : Player #0 FlingeR - GUID: 85bd6f13a390f860e1ca7d4f1ba6baa2 (unverified)
﻿07:20:36 : Verified GUID (85bd6f13a390f860e1ca7d4f1ba6baa2) of player #0 FlingeR
﻿07:20:37 : Player #0 FlingeR - Legacy GUID: ff0f9a3e6ff547dfa98e5f42aa5bc6e3
﻿07:44:08 : Player #0 FlingeR disconnected
﻿07:48:30 : Player #2 Nig Noghsson disconnected
﻿08:04:04 : Player #1 Sangre disconnected
﻿08:45:00 : RCon admin #1: (Global) BEC : This server will restart in 15 minutes
﻿08:55:00 : RCon admin #1: (Global) BEC : This server will restart in 5 minutes
﻿08:59:00 : RCon admin #1: (Global) BEC : This server will restart in 1 minute, Log out now!
﻿09:00:01 : Lost Connection!
﻿09:00:01 : Closing socket & exiting!
﻿09:01:15 : Rcon client logging in
﻿09:01:15 : RCon admin #1 (127.0.0.1:55492) logged in
﻿09:55:04 : Player #0 Boribuilder (191.248.27.78:2304) connected
﻿09:55:10 : Player #0 Boribuilder disconnected
﻿10:51:12 : Player #0 [DMN]Nevik (190.244.182.201:2304) connected
﻿10:51:13 : Player #0 [DMN]Nevik - GUID: aeb16259019917471088fab2d3dcbc21 (unverified)
﻿10:51:14 : Verified GUID (aeb16259019917471088fab2d3dcbc21) of player #0 [DMN]Nevik
﻿10:51:14 : Player #0 [DMN]Nevik - Legacy GUID: a81481fac7543e5a1260a87a0e917156
﻿10:52:17 : Player #0 [DMN]Nevik disconnected
﻿11:02:00 : Player #0 [DMN]Nevik (190.244.182.201:2304) connected
﻿11:02:03 : Player #0 [DMN]Nevik - GUID: aeb16259019917471088fab2d3dcbc21 (unverified)
﻿11:02:03 : Verified GUID (aeb16259019917471088fab2d3dcbc21) of player #0 [DMN]Nevik
﻿11:02:04 : Player #0 [DMN]Nevik - Legacy GUID: a81481fac7543e5a1260a87a0e917156
﻿11:20:07 : Player #1 [DMN]-Mario (179.60.255.227:2304) connected
﻿11:20:11 : Player #1 [DMN]-Mario - GUID: 90efe9555b6c518bdd5ab751845d62ac (unverified)
﻿11:20:12 : Player #1 [DMN]-Mario - Legacy GUID: 56ac695fcf6c9ba0429307fd875141a4
﻿11:20:12 : Verified GUID (90efe9555b6c518bdd5ab751845d62ac) of player #1 [DMN]-Mario
﻿11:27:55 : Player #0 [DMN]Nevik disconnected
﻿11:34:00 : Player #1 [DMN]-Mario disconnected
﻿11:45:00 : RCon admin #1: (Global) BEC : This server will restart in 15 minutes
﻿11:55:00 : RCon admin #1: (Global) BEC : This server will restart in 5 minutes
﻿11:59:00 : RCon admin #1: (Global) BEC : This server will restart in 1 minute, Log out now!
﻿12:00:01 : Lost Connection!
﻿12:00:01 : Closing socket & exiting!
﻿12:01:15 : Rcon client logging in
﻿12:01:15 : RCon admin #1 (127.0.0.1:55910) logged in
﻿12:29:31 : Player #0 santiago (181.128.47.242:27422) connected
﻿12:29:33 : Player #0 santiago - GUID: 5f72597ccf11380055e35a403a02fb81 (unverified)
﻿12:29:34 : Verified GUID (5f72597ccf11380055e35a403a02fb81) of player #0 santiago
﻿12:29:35 : Player #0 santiago - Legacy GUID: f8c8299b0a688de480efb946d670fbbd
﻿12:38:48 : Player #0 santiago (5f72597ccf11380055e35a403a02fb81) has been kicked by BattlEye: Client not responding
﻿12:55:27 : Player #0 santiago (181.138.117.56:27528) connected
﻿12:55:29 : Player #0 santiago - GUID: 5f72597ccf11380055e35a403a02fb81 (unverified)
﻿12:55:29 : Player #0 santiago - Legacy GUID: f8c8299b0a688de480efb946d670fbbd
﻿12:55:29 : Verified GUID (5f72597ccf11380055e35a403a02fb81) of player #0 santiago
﻿13:28:39 : Player #1 JP (190.45.96.15:2344) connected
﻿13:28:40 : Player #1 JP - GUID: 3de71e84e8ec270795ba04025f9fb248 (unverified)
﻿13:28:41 : Verified GUID (3de71e84e8ec270795ba04025f9fb248) of player #1 JP
﻿13:28:41 : Player #1 JP - Legacy GUID: f13cfee76886e4bfba15aec9fb24b391
﻿13:41:27 : Player #1 JP disconnected
﻿13:42:45 : Player #1 JP (190.45.96.15:2344) connected
﻿13:42:46 : Player #1 JP - GUID: 3de71e84e8ec270795ba04025f9fb248 (unverified)
﻿13:42:46 : Verified GUID (3de71e84e8ec270795ba04025f9fb248) of player #1 JP
﻿13:42:47 : Player #1 JP - Legacy GUID: f13cfee76886e4bfba15aec9fb24b391
﻿13:44:09 : Player #1 JP disconnected
﻿13:49:27 : Player #1 JP (190.45.96.15:2344) connected
﻿13:49:28 : Player #1 JP - GUID: 3de71e84e8ec270795ba04025f9fb248 (unverified)
﻿13:49:29 : Verified GUID (3de71e84e8ec270795ba04025f9fb248) of player #1 JP
﻿13:49:29 : Player #1 JP - Legacy GUID: f13cfee76886e4bfba15aec9fb24b391
﻿13:50:51 : Player #1 JP disconnected
﻿13:52:10 : Player #1 JP (190.45.96.15:2344) connected
﻿13:52:11 : Player #1 JP - GUID: 3de71e84e8ec270795ba04025f9fb248 (unverified)
﻿13:52:12 : Verified GUID (3de71e84e8ec270795ba04025f9fb248) of player #1 JP
﻿13:52:12 : Player #1 JP - Legacy GUID: f13cfee76886e4bfba15aec9fb24b391
﻿13:54:37 : Player #1 JP disconnected
﻿13:57:32 : Player #1 Sonom4n (186.122.138.156:2304) connected
﻿13:57:33 : Player #1 Sonom4n - GUID: ebc39b64287d29e679423ae9f1843ba4 (unverified)
﻿13:57:34 : Verified GUID (ebc39b64287d29e679423ae9f1843ba4) of player #1 Sonom4n
﻿13:57:34 : Player #1 Sonom4n - Legacy GUID: e2641d530445c8f6330d3d1f8098ada0
﻿13:57:34 : Player #1 Sonom4n disconnected
﻿14:14:08 : Player #1 Sonom4n (186.122.138.156:2304) connected
﻿14:14:10 : Player #1 Sonom4n - GUID: ebc39b64287d29e679423ae9f1843ba4 (unverified)
﻿14:14:10 : Player #1 Sonom4n - Legacy GUID: e2641d530445c8f6330d3d1f8098ada0
﻿14:14:10 : Verified GUID (ebc39b64287d29e679423ae9f1843ba4) of player #1 Sonom4n
﻿14:18:11 : Player #1 Sonom4n disconnected
﻿14:45:00 : RCon admin #1: (Global) BEC : This server will restart in 15 minutes
﻿14:48:11 : Player #1 [DMN]-Mario (179.60.255.227:2304) connected
﻿14:48:15 : Player #1 [DMN]-Mario - GUID: 90efe9555b6c518bdd5ab751845d62ac (unverified)
﻿14:48:15 : Verified GUID (90efe9555b6c518bdd5ab751845d62ac) of player #1 [DMN]-Mario
﻿14:48:16 : Player #1 [DMN]-Mario - Legacy GUID: 56ac695fcf6c9ba0429307fd875141a4
﻿14:55:00 : RCon admin #1: (Global) BEC : This server will restart in 5 minutes
﻿14:59:00 : RCon admin #1: (Global) BEC : This server will restart in 1 minute, Log out now!
﻿15:00:01 : Lost Connection!
﻿15:00:01 : Closing socket & exiting!
﻿15:01:15 : Rcon client logging in
﻿15:01:15 : RCon admin #1 (127.0.0.1:60944) logged in
﻿15:01:59 : Player #0 santiago (181.138.117.56:27528) connected
﻿15:02:02 : Player #0 santiago - GUID: 5f72597ccf11380055e35a403a02fb81 (unverified)
﻿15:02:02 : Verified GUID (5f72597ccf11380055e35a403a02fb81) of player #0 santiago
﻿15:02:03 : Player #0 santiago - Legacy GUID: f8c8299b0a688de480efb946d670fbbd
﻿15:08:31 : Player #1 Noddles (190.229.13.138:2304) connected
﻿15:08:33 : Player #1 Noddles - Legacy GUID: 77cbc356f2d7a4cf4c599f4de7c80fc1
﻿15:08:33 : Player #1 Noddles - GUID: 974f5b86ce2691e954561b1cabd33ffc (unverified)
﻿15:08:36 : Verified GUID (974f5b86ce2691e954561b1cabd33ffc) of player #1 Noddles
﻿15:08:36 : Player #1 Noddles disconnected
﻿15:12:13 : Could not connect to BE Master
﻿15:12:13 : Update attempt failed
﻿15:12:13 : Player #0 santiago (5f72597ccf11380055e35a403a02fb81) has been kicked by BattlEye: Client not responding
﻿15:13:45 : Player #0 santiago (181.138.117.56:1024) connected
﻿15:13:47 : Player #0 santiago - GUID: 5f72597ccf11380055e35a403a02fb81 (unverified)
﻿15:13:47 : Verified GUID (5f72597ccf11380055e35a403a02fb81) of player #0 santiago
﻿15:13:48 : Player #0 santiago - Legacy GUID: f8c8299b0a688de480efb946d670fbbd
﻿15:45:32 : Player #1 [DMN]-Mario (179.60.255.227:2304) connected
﻿15:45:35 : Player #1 [DMN]-Mario - GUID: 90efe9555b6c518bdd5ab751845d62ac (unverified)
﻿15:45:35 : Verified GUID (90efe9555b6c518bdd5ab751845d62ac) of player #1 [DMN]-Mario
﻿15:46:08 : Player #2 Azrael1x (191.80.140.227:2304) connected
﻿15:46:09 : Player #2 Azrael1x - GUID: f3bbe77e31363319b3378084ddcb86d8 (unverified)
﻿15:46:10 : Verified GUID (f3bbe77e31363319b3378084ddcb86d8) of player #2 Azrael1x
﻿15:46:10 : Player #2 Azrael1x - Legacy GUID: 872394ca0b82ad6e77d13dc8f5141d95
﻿15:51:46 : Player #3 Bad Guy (190.246.28.151:2304) connected
﻿15:51:47 : Player #3 Bad Guy - GUID: dda8f26d97fcb7ca8899f7f65d8536cf (unverified)
﻿15:51:47 : Verified GUID (dda8f26d97fcb7ca8899f7f65d8536cf) of player #3 Bad Guy
﻿15:51:48 : Player #3 Bad Guy - Legacy GUID: e63f5403618860de28c9af75ce0b2365
﻿16:08:47 : Player #1 [DMN]-Mario (90efe9555b6c518bdd5ab751845d62ac) has been kicked by BattlEye: Client not responding
﻿16:08:47 : Player #3 Bad Guy (dda8f26d97fcb7ca8899f7f65d8536cf) has been kicked by BattlEye: Client not responding
﻿16:08:47 : Player #0 santiago (5f72597ccf11380055e35a403a02fb81) has been kicked by BattlEye: Client not responding
﻿16:08:47 : Player #2 Azrael1x (f3bbe77e31363319b3378084ddcb86d8) has been kicked by BattlEye: Client not responding
﻿16:10:01 : Player #0 santiago (181.138.117.56:27528) connected
﻿16:10:03 : Player #0 santiago - GUID: 5f72597ccf11380055e35a403a02fb81 (unverified)
﻿16:10:03 : Verified GUID (5f72597ccf11380055e35a403a02fb81) of player #0 santiago
﻿16:10:03 : Player #0 santiago - Legacy GUID: f8c8299b0a688de480efb946d670fbbd
﻿16:10:06 : Player #1 Azrael1x (191.80.140.227:1024) connected
﻿16:10:07 : Player #1 Azrael1x - GUID: f3bbe77e31363319b3378084ddcb86d8 (unverified)
﻿16:10:08 : Player #1 Azrael1x - Legacy GUID: 872394ca0b82ad6e77d13dc8f5141d95
﻿16:10:08 : Verified GUID (f3bbe77e31363319b3378084ddcb86d8) of player #1 Azrael1x
﻿16:10:29 : Player #2 Bad Guy (190.246.28.151:1024) connected
﻿16:10:30 : Player #2 Bad Guy - GUID: dda8f26d97fcb7ca8899f7f65d8536cf (unverified)
﻿16:10:31 : Verified GUID (dda8f26d97fcb7ca8899f7f65d8536cf) of player #2 Bad Guy
﻿16:10:31 : Player #2 Bad Guy - Legacy GUID: e63f5403618860de28c9af75ce0b2365
﻿16:10:36 : Player #3 [DMN]-Mario (179.60.255.227:1024) connected
﻿16:10:41 : Player #3 [DMN]-Mario - Legacy GUID: 56ac695fcf6c9ba0429307fd875141a4
﻿16:10:43 : Player #3 [DMN]-Mario - GUID: 90efe9555b6c518bdd5ab751845d62ac (unverified)
﻿16:10:44 : Verified GUID (90efe9555b6c518bdd5ab751845d62ac) of player #3 [DMN]-Mario
﻿16:12:21 : Could not connect to BE Master
﻿16:12:21 : Update attempt failed
﻿16:12:25 : Player #1 Azrael1x (f3bbe77e31363319b3378084ddcb86d8) has been kicked by BattlEye: Client not responding
﻿16:12:28 : Player #0 santiago (5f72597ccf11380055e35a403a02fb81) has been kicked by BattlEye: Client not responding
﻿16:12:28 : Player #3 [DMN]-Mario (90efe9555b6c518bdd5ab751845d62ac) has been kicked by BattlEye: Client not responding
﻿16:12:29 : Player #2 Bad Guy (dda8f26d97fcb7ca8899f7f65d8536cf) has been kicked by BattlEye: Client not responding
﻿16:14:27 : Player #0 Azrael1x (191.80.140.227:2304) connected
﻿16:14:28 : Player #0 Azrael1x - GUID: f3bbe77e31363319b3378084ddcb86d8 (unverified)
﻿16:14:29 : Verified GUID (f3bbe77e31363319b3378084ddcb86d8) of player #0 Azrael1x
﻿16:14:30 : Player #0 Azrael1x - Legacy GUID: 872394ca0b82ad6e77d13dc8f5141d95
﻿16:16:13 : Player #0 Azrael1x (f3bbe77e31363319b3378084ddcb86d8) has been kicked by BattlEye: Client not responding
﻿16:18:44 : Player #0 santiago (181.138.117.56:28967) connected
﻿16:18:46 : Player #0 santiago - GUID: 5f72597ccf11380055e35a403a02fb81 (unverified)
﻿16:18:46 : Player #0 santiago - Legacy GUID: f8c8299b0a688de480efb946d670fbbd
﻿16:18:46 : Verified GUID (5f72597ccf11380055e35a403a02fb81) of player #0 santiago
﻿16:19:33 : Player #1 Azrael1x (191.80.140.227:1024) connected
﻿16:19:34 : Player #1 Azrael1x - GUID: f3bbe77e31363319b3378084ddcb86d8 (unverified)
﻿16:19:35 : Verified GUID (f3bbe77e31363319b3378084ddcb86d8) of player #1 Azrael1x
﻿16:19:36 : Player #1 Azrael1x - Legacy GUID: 872394ca0b82ad6e77d13dc8f5141d95
﻿16:43:19 : Player #2 David Santos (186.224.177.104:2304) connected
﻿16:43:21 : Player #2 David Santos - GUID: 78caaedeb07b2cfdd9fb7984f5d4e247 (unverified)
﻿16:43:21 : Player #2 David Santos - Legacy GUID: a0510d770f6232c402108abad271cf5d
﻿16:43:21 : Verified GUID (78caaedeb07b2cfdd9fb7984f5d4e247) of player #2 David Santos
﻿16:43:29 : Player #2 David Santos disconnected
﻿17:45:00 : RCon admin #1: (Global) BEC : This server will restart in 15 minutes
﻿17:55:00 : RCon admin #1: (Global) BEC : This server will restart in 5 minutes
﻿17:59:00 : RCon admin #1: (Global) BEC : This server will restart in 1 minute, Log out now!
﻿17:59:30 : Player #1 Azrael1x disconnected
﻿18:00:01 : Lost Connection!
﻿18:00:01 : Closing socket & exiting!
﻿18:01:15 : Rcon client logging in
﻿18:01:15 : RCon admin #1 (127.0.0.1:52549) logged in
﻿18:02:33 : Player #0 [DMN]-Mario (179.60.255.227:2304) connected
﻿18:02:35 : Player #0 [DMN]-Mario - GUID: 90efe9555b6c518bdd5ab751845d62ac (unverified)
﻿18:02:36 : Verified GUID (90efe9555b6c518bdd5ab751845d62ac) of player #0 [DMN]-Mario
﻿18:02:37 : Player #0 [DMN]-Mario - Legacy GUID: 56ac695fcf6c9ba0429307fd875141a4
﻿18:03:59 : Player #1 Azrael1x (191.80.140.227:1024) connected
﻿18:04:01 : Player #1 Azrael1x - GUID: f3bbe77e31363319b3378084ddcb86d8 (unverified)
﻿18:04:02 : Verified GUID (f3bbe77e31363319b3378084ddcb86d8) of player #1 Azrael1x
﻿18:04:03 : Player #1 Azrael1x - Legacy GUID: 872394ca0b82ad6e77d13dc8f5141d95
﻿18:48:32 : Player #1 Azrael1x disconnected
﻿18:48:48 : Player #1 Sirfes-AR (186.39.211.122:2304) connected
﻿18:48:50 : Player #1 Sirfes-AR - GUID: 2bb87957999ef128136a91e55814387e (unverified)
﻿18:48:50 : Verified GUID (2bb87957999ef128136a91e55814387e) of player #1 Sirfes-AR
﻿18:48:50 : Player #1 Sirfes-AR - Legacy GUID: 9029f11d17f3e3d0814db86b7e6f7e15
﻿18:58:33 : Player #2 santiago (181.138.117.56:12251) connected
﻿18:58:35 : Player #2 santiago - GUID: 5f72597ccf11380055e35a403a02fb81 (unverified)
﻿18:58:35 : Verified GUID (5f72597ccf11380055e35a403a02fb81) of player #2 santiago
﻿18:58:36 : Player #2 santiago - Legacy GUID: f8c8299b0a688de480efb946d670fbbd
﻿19:10:36 : Player #1 Sirfes-AR (2bb87957999ef128136a91e55814387e) has been kicked by BattlEye: Client not responding
﻿19:17:55 : Player #1 Sirfes-AR (186.39.211.122:2304) connected
﻿19:17:57 : Player #1 Sirfes-AR - GUID: 2bb87957999ef128136a91e55814387e (unverified)
﻿19:17:57 : Verified GUID (2bb87957999ef128136a91e55814387e) of player #1 Sirfes-AR
﻿19:17:58 : Player #1 Sirfes-AR - Legacy GUID: 9029f11d17f3e3d0814db86b7e6f7e15
﻿19:37:47 : Player #2 santiago (5f72597ccf11380055e35a403a02fb81) has been kicked by BattlEye: Ping too high (671)
﻿19:38:01 : Player #2 santiago (181.138.117.56:12251) connected
﻿19:38:04 : Player #2 santiago - GUID: 5f72597ccf11380055e35a403a02fb81 (unverified)
﻿19:38:04 : Verified GUID (5f72597ccf11380055e35a403a02fb81) of player #2 santiago
﻿19:38:05 : Player #2 santiago - Legacy GUID: f8c8299b0a688de480efb946d670fbbd
﻿20:03:41 : Player #3 [DMN] NICOLASMARTIN (190.193.138.100:2304) connected
﻿20:03:42 : Player #3 [DMN] NICOLASMARTIN - GUID: d42fb83e094df67b9d61b11a4c4e8c79 (unverified)
﻿20:03:43 : Verified GUID (d42fb83e094df67b9d61b11a4c4e8c79) of player #3 [DMN] NICOLASMARTIN
﻿20:03:43 : Player #3 [DMN] NICOLASMARTIN - Legacy GUID: 84c010ac034452938f3a1437e285862d
﻿20:07:10 : Player #4 miche (190.189.31.147:2304) connected
﻿20:07:11 : Player #4 miche - GUID: ffa71e4d8c69929b0afbf089077f7d39 (unverified)
﻿20:07:11 : Verified GUID (ffa71e4d8c69929b0afbf089077f7d39) of player #4 miche
﻿20:07:12 : Player #4 miche - Legacy GUID: ffaf6293d73af5248d9ad882357324dc
﻿20:10:25 : Player #5 Indio (190.97.13.128:2304) connected
﻿20:10:26 : Player #5 Indio - GUID: 8f4e09caba2594897dc024283dd51ea1 (unverified)
﻿20:10:27 : Verified GUID (8f4e09caba2594897dc024283dd51ea1) of player #5 Indio
﻿20:10:27 : Player #5 Indio - Legacy GUID: 0d4f2e23e4d2d96e0980866224c657c1
﻿20:17:54 : Failed to receive from BE Master (4)
﻿20:17:55 : Update attempt failed
﻿20:17:55 : Player #0 [DMN]-Mario (90efe9555b6c518bdd5ab751845d62ac) has been kicked by BattlEye: Client not responding
﻿20:17:55 : Player #1 Sirfes-AR (2bb87957999ef128136a91e55814387e) has been kicked by BattlEye: Client not responding
﻿20:17:55 : Player #2 santiago (5f72597ccf11380055e35a403a02fb81) has been kicked by BattlEye: Client not responding
﻿20:17:55 : Player #3 [DMN] NICOLASMARTIN (d42fb83e094df67b9d61b11a4c4e8c79) has been kicked by BattlEye: Client not responding
﻿20:17:55 : Player #4 miche (ffa71e4d8c69929b0afbf089077f7d39) has been kicked by BattlEye: Client not responding
﻿20:17:55 : Player #5 Indio (8f4e09caba2594897dc024283dd51ea1) has been kicked by BattlEye: Client not responding
﻿20:18:53 : Player #0 Indio (190.97.13.128:1024) connected
﻿20:18:54 : Player #0 Indio - GUID: 8f4e09caba2594897dc024283dd51ea1 (unverified)
﻿20:18:55 : Verified GUID (8f4e09caba2594897dc024283dd51ea1) of player #0 Indio
﻿20:18:55 : Player #0 Indio - Legacy GUID: 0d4f2e23e4d2d96e0980866224c657c1
﻿20:19:05 : Player #1 santiago (181.138.117.56:1024) connected
﻿20:19:07 : Player #1 santiago - GUID: 5f72597ccf11380055e35a403a02fb81 (unverified)
﻿20:19:08 : Player #1 santiago - Legacy GUID: f8c8299b0a688de480efb946d670fbbd
﻿20:19:08 : Verified GUID (5f72597ccf11380055e35a403a02fb81) of player #1 santiago
﻿20:19:10 : Player #2 Sirfes-AR (186.39.211.122:1024) connected
﻿20:19:11 : Player #2 Sirfes-AR - GUID: 2bb87957999ef128136a91e55814387e (unverified)
﻿20:19:11 : Verified GUID (2bb87957999ef128136a91e55814387e) of player #2 Sirfes-AR
﻿20:19:12 : Player #2 Sirfes-AR - Legacy GUID: 9029f11d17f3e3d0814db86b7e6f7e15
﻿20:21:12 : Player #3 [DMN] NICOLASMARTIN (190.193.138.100:1024) connected
﻿20:21:13 : Player #3 [DMN] NICOLASMARTIN - GUID: d42fb83e094df67b9d61b11a4c4e8c79 (unverified)
﻿20:21:14 : Verified GUID (d42fb83e094df67b9d61b11a4c4e8c79) of player #3 [DMN] NICOLASMARTIN
﻿20:21:14 : Player #3 [DMN] NICOLASMARTIN - Legacy GUID: 84c010ac034452938f3a1437e285862d
﻿20:22:25 : Player #1 santiago (5f72597ccf11380055e35a403a02fb81) has been kicked by BattlEye: Client not responding
﻿20:22:26 : Player #3 [DMN] NICOLASMARTIN (d42fb83e094df67b9d61b11a4c4e8c79) has been kicked by BattlEye: Client not responding
﻿20:22:27 : Player #0 Indio (8f4e09caba2594897dc024283dd51ea1) has been kicked by BattlEye: Client not responding
﻿20:22:30 : Player #2 Sirfes-AR (2bb87957999ef128136a91e55814387e) has been kicked by BattlEye: Client not responding
﻿20:24:39 : Player #0 Sirfes-AR (186.39.211.122:2304) connected
﻿20:24:40 : Player #0 Sirfes-AR - GUID: 2bb87957999ef128136a91e55814387e (unverified)
﻿20:24:40 : Verified GUID (2bb87957999ef128136a91e55814387e) of player #0 Sirfes-AR
﻿20:24:41 : Player #0 Sirfes-AR - Legacy GUID: 9029f11d17f3e3d0814db86b7e6f7e15
﻿20:24:44 : Player #1 santiago (181.138.117.56:12251) connected
﻿20:24:46 : Player #1 santiago - GUID: 5f72597ccf11380055e35a403a02fb81 (unverified)
﻿20:24:47 : Verified GUID (5f72597ccf11380055e35a403a02fb81) of player #1 santiago
﻿20:24:47 : Player #1 santiago - Legacy GUID: f8c8299b0a688de480efb946d670fbbd
﻿20:25:45 : Player #2 Indio (190.97.13.128:2304) connected
﻿20:25:46 : Player #2 Indio - GUID: 8f4e09caba2594897dc024283dd51ea1 (unverified)
﻿20:25:47 : Player #2 Indio - Legacy GUID: 0d4f2e23e4d2d96e0980866224c657c1
﻿20:25:47 : Verified GUID (8f4e09caba2594897dc024283dd51ea1) of player #2 Indio
﻿20:33:18 : Player #2 Indio disconnected
﻿20:40:46 : Player #2 zicca (177.156.9.159:2304) connected
﻿20:40:47 : Player #2 zicca - GUID: 9a0ad62feac8c1745c9a2e14e7a11f78 (unverified)
﻿20:40:48 : Player #2 zicca - Legacy GUID: 1c6f19b509bc757e13a7d10ced4602a9
﻿20:40:48 : Verified GUID (9a0ad62feac8c1745c9a2e14e7a11f78) of player #2 zicca
﻿20:45:00 : RCon admin #1: (Global) BEC : This server will restart in 15 minutes
﻿20:48:06 : Player #3 Agustin (181.22.10.227:2304) connected
﻿20:48:08 : Player #3 Agustin - Legacy GUID: 3ecb37fe4b092a21c8a1c69b5ad2b9d4
﻿20:48:08 : Player #3 Agustin - GUID: 0b0a46fef1130a3d93b3032a25f2427c (unverified)
﻿20:48:09 : Verified GUID (0b0a46fef1130a3d93b3032a25f2427c) of player #3 Agustin
﻿20:48:26 : Player #2 zicca disconnected
﻿20:49:44 : Player #3 Agustin disconnected
﻿20:52:40 : Player #1 santiago disconnected
﻿20:55:00 : RCon admin #1: (Global) BEC : This server will restart in 5 minutes
﻿20:59:00 : RCon admin #1: (Global) BEC : Server restart in 1 minute, Log out NOW!
﻿21:00:01 : Lost Connection!
﻿21:00:01 : Closing socket & exiting!
﻿21:01:15 : Rcon client logging in
﻿21:01:15 : RCon admin #1 (127.0.0.1:62525) logged in
﻿21:03:23 : Player #0 High Wine (24.232.15.189:2304) connected
﻿21:03:24 : Player #0 High Wine disconnected
﻿21:10:51 : Player #0 santiago (181.138.117.56:14030) connected
﻿21:10:52 : Player #0 santiago - GUID: 5f72597ccf11380055e35a403a02fb81 (unverified)
﻿21:10:52 : Player #0 santiago - Legacy GUID: f8c8299b0a688de480efb946d670fbbd
﻿21:10:53 : Verified GUID (5f72597ccf11380055e35a403a02fb81) of player #0 santiago
﻿21:42:11 : Player #0 santiago disconnected
﻿22:05:21 : Player #0 Alahide (186.124.151.95:53490) connected
﻿22:05:25 : Player #0 Alahide - GUID: a03ff6af57cd8ae718c1b355071e6811 (unverified)
﻿22:05:25 : Verified GUID (a03ff6af57cd8ae718c1b355071e6811) of player #0 Alahide
﻿22:05:26 : Player #0 Alahide - Legacy GUID: 30cc89fdad70965e25c6bcd2709879dd
﻿23:07:56 : RCon admin #1: (To Alahide) BEC : You have about 60 seconds left to join the mission.
﻿23:08:27 : RCon admin #1: (To Alahide) BEC : You have about 30 seconds left to join the mission.
﻿23:08:42 : RCon admin #1: (To Alahide) BEC : You have about 15 seconds left to join the mission.
﻿23:08:56 : Player #0 Alahide (a03ff6af57cd8ae718c1b355071e6811) has been kicked by BattlEye: Admin Kick (BEC : Lobby idling to long)
﻿23:38:38 : Player #0 santiago (181.138.117.56:15684) connected
﻿23:38:40 : Player #0 santiago - GUID: 5f72597ccf11380055e35a403a02fb81 (unverified)
﻿23:38:40 : Verified GUID (5f72597ccf11380055e35a403a02fb81) of player #0 santiago
﻿23:38:41 : Player #0 santiago - Legacy GUID: f8c8299b0a688de480efb946d670fbbd
﻿23:45:00 : RCon admin #1: (Global) BEC : This server will restart in 15 minutes
﻿23:55:00 : RCon admin #1: (Global) BEC : This server will restart in 5 minutes
﻿23:59:00 : RCon admin #1: (Global) BEC : This server will restart in 1 minute, Log out now!
