00:00:01 : Lost Connection!
﻿00:00:01 : Closing socket & exiting!
﻿00:01:40 : Rcon client logging in
﻿00:02:16 : Player #1 JF (190.185.192.18:26512) connected
﻿00:02:16 : RCon admin #0 (127.0.0.1:50856) logged in
﻿00:02:17 : Player #1 JF - GUID: 93a2a9d9bc7acb34122becec3305fde7 (unverified)
﻿00:02:18 : Verified GUID (93a2a9d9bc7acb34122becec3305fde7) of player #1 JF
﻿00:02:18 : Player #1 JF - Legacy GUID: 1e3460faa1452299ec3b5f220fe797e0
﻿00:02:41 : Player #2 galle (186.128.34.118:15424) connected
﻿00:02:42 : Player #2 galle - GUID: 627f419ef44cbe111b1db01473d750e1 (unverified)
﻿00:02:42 : Verified GUID (627f419ef44cbe111b1db01473d750e1) of player #2 galle
﻿00:02:43 : Player #2 galle - Legacy GUID: accd0093faa6cb12f25643b3ba86bfc2
﻿00:02:56 : Player #3 sRulo (190.220.167.223:2304) connected
﻿00:02:58 : Player #3 sRulo - GUID: 60d55c3e00228c1b597f4d7debdbd1f2 (unverified)
﻿00:02:59 : Player #3 sRulo - Legacy GUID: 7b3a366f20f83ed0340255c2fe5fcb81
﻿00:02:59 : Verified GUID (60d55c3e00228c1b597f4d7debdbd1f2) of player #3 sRulo
﻿00:03:36 : RCon admin #1 (127.0.0.1:63074) logged in
﻿00:13:54 : Player #4 Alan (190.225.10.83:5304) connected
﻿00:13:55 : Player #4 Alan - GUID: 0f58f0f7cbcc27bdd669ddb2ba67dec1 (unverified)
﻿00:13:56 : Player #4 Alan - Legacy GUID: e4693e16704daa1c5c15a058786df292
﻿00:13:56 : Verified GUID (0f58f0f7cbcc27bdd669ddb2ba67dec1) of player #4 Alan
﻿00:24:53 : Player #4 Alan disconnected
﻿00:27:24 : RCon admin #0: (To juandayz) BEC : You have about 60 seconds left to join the mission.
﻿00:27:55 : RCon admin #0: (To juandayz) BEC : You have about 30 seconds left to join the mission.
﻿00:28:09 : RCon admin #0: (To juandayz) BEC : You have about 15 seconds left to join the mission.
﻿00:28:24 : Player #0 juandayz (d603844e2f77196bf616245ae360213b) has been kicked by BattlEye: Admin Kick (BEC : Lobby idling to long)
﻿00:35:29 : Player #0 juandayz (190.226.86.247:2304) connected
﻿00:35:30 : Player #0 juandayz - GUID: d603844e2f77196bf616245ae360213b (unverified)
﻿00:35:30 : Verified GUID (d603844e2f77196bf616245ae360213b) of player #0 juandayz
﻿00:35:31 : Player #0 juandayz - Legacy GUID: a5aa074813dab730e26d67b8a0a0af6c
﻿00:52:55 : Player #1 JF disconnected
﻿00:53:58 : Player #1 JF (190.185.192.18:26512) connected
﻿00:53:59 : Player #1 JF - GUID: 93a2a9d9bc7acb34122becec3305fde7 (unverified)
﻿00:54:00 : Verified GUID (93a2a9d9bc7acb34122becec3305fde7) of player #1 JF
﻿00:54:00 : Player #1 JF - Legacy GUID: 1e3460faa1452299ec3b5f220fe797e0
﻿00:58:21 : RCon admin #2 (179.26.43.117:50629) logged in
﻿01:06:21 : Player #0 juandayz disconnected
﻿01:24:01 : Player #0 daro (181.27.149.44:2304) connected
﻿01:24:03 : Player #0 daro - GUID: dcf4b2cb2dba170b7a31321a37aa95a6 (unverified)
﻿01:24:03 : Verified GUID (dcf4b2cb2dba170b7a31321a37aa95a6) of player #0 daro
﻿01:24:04 : Player #0 daro - Legacy GUID: f751a9cfad044949df7f08cd7c711a0b
﻿01:26:34 : Player #0 daro - Legacy GUID: f751a9cfad044949df7f08cd7c711a0b
﻿01:37:40 : Player #4 Alan (190.225.10.83:5304) connected
﻿01:37:43 : Player #4 Alan - GUID: 0f58f0f7cbcc27bdd669ddb2ba67dec1 (unverified)
﻿01:37:43 : Verified GUID (0f58f0f7cbcc27bdd669ddb2ba67dec1) of player #4 Alan
﻿01:37:44 : Player #4 Alan - Legacy GUID: e4693e16704daa1c5c15a058786df292
﻿01:41:17 : Player #3 sRulo disconnected
﻿01:44:33 : Player #2 galle disconnected
﻿01:44:54 : Player #2 Fekher (186.137.42.41:2304) connected
﻿01:44:55 : Player #2 Fekher - GUID: 2d336daf43519fa813b2d316ba5816f7 (unverified)
﻿01:44:56 : Verified GUID (2d336daf43519fa813b2d316ba5816f7) of player #2 Fekher
﻿01:44:56 : Player #2 Fekher - Legacy GUID: 3e522006659af47536933ceb857b482e
﻿01:47:26 : Player #2 Fekher - Legacy GUID: 3e522006659af47536933ceb857b482e
﻿01:52:07 : Player #3 Pampita (179.26.43.117:2304) connected
﻿01:52:09 : Player #3 Pampita - GUID: 7722b37782b63ac5e8d338480fc6e78d (unverified)
﻿01:52:09 : Verified GUID (7722b37782b63ac5e8d338480fc6e78d) of player #3 Pampita
﻿01:52:09 : Player #3 Pampita - Legacy GUID: 927c488179d03fcf9aa55e882ca86653
﻿01:55:56 : Player #2 Fekher disconnected
﻿01:56:10 : Player #0 daro disconnected
﻿02:05:44 : Player #3 Pampita disconnected
﻿02:16:55 : Player #0 edgar (189.194.23.186:2304) connected
﻿02:16:57 : Player #0 edgar - GUID: f437a82e55f1e066995fbf75e961723e (unverified)
﻿02:16:57 : Verified GUID (f437a82e55f1e066995fbf75e961723e) of player #0 edgar
﻿02:16:57 : Player #0 edgar - Legacy GUID: 34a707cdfc6309ba56617169fdf6b2d9
﻿02:24:35 : RCon admin #2: (Global) [ChukyN] Que feo Alan
﻿02:24:39 : RCon admin #2: (Global) [ChukyN] acusar a una amiga
﻿02:24:40 : RCon admin #2: (Global) [ChukyN] de cheat
﻿02:25:15 : RCon admin #2: (Global) [ChukyN] No es un admin que hablsa
﻿02:25:19 : RCon admin #2: (Global) [ChukyN] es amiga mia
﻿02:25:34 : RCon admin #2: (Global) [ChukyN] estaba en el TS cuando te mato.
﻿02:25:50 : RCon admin #2: (Global) [ChukyN] No es solo su camioneta
﻿02:25:59 : RCon admin #2: (Global) [ChukyN] todas las SUV Pink tienen esa skin
﻿02:26:08 : RCon admin #2: (Global) [ChukyN] debe haber varias en el mapa
﻿02:26:15 : RCon admin #2: (Global) [ChukyN] no, es la SUV pink
﻿02:26:25 : RCon admin #2: (Global) [ChukyN] creo que Juan la saco del mercado igual
﻿02:26:45 : RCon admin #2: (Global) [ChukyN] O sea, lo que hizo Juan fue cambiarle la textura a la suv pink
﻿02:26:57 : RCon admin #2: (Global) [ChukyN] y ella puede comprar cuantas quiera ahi en el trade
﻿02:27:01 : RCon admin #2: (Global) [ChukyN] no es que hay una
﻿02:27:55 : RCon admin #2: (Global) [ChukyN] o sea, si alguien o ella misma compro la SUV Pink en el trader antes que pusieramos el skin ahora lo tiene
﻿02:28:09 : RCon admin #2: (Global) [ChukyN] Ya te digo cuantas suv pinks hay en el mapa
﻿02:29:10 : RCon admin #2: (Global) [ChukyN] hay 5 Suv pinks en el mapa
﻿02:29:17 : RCon admin #2: (Global) [ChukyN] y ponele que dos sean de pampita
﻿02:29:25 : RCon admin #2: (Global) [ChukyN] estaba en el TS conmigo caundo te mato
﻿02:29:31 : RCon admin #2: (Global) [ChukyN] y dijo
﻿02:29:38 : RCon admin #2: (Global) [ChukyN] "esuccho una camioneta"
﻿02:29:52 : RCon admin #2: (Global) [ChukyN] y puteaba porque no te mato de aranque
﻿02:30:41 : RCon admin #2: (Global) [ChukyN] No yo se te estoy jodiendo
﻿02:30:47 : RCon admin #2: (Global) [ChukyN] No es la primera vez que la acusan
﻿02:30:59 : RCon admin #2: (Global) [ChukyN] Y la hemos spectado mas de una vez con Juan
﻿02:31:04 : RCon admin #2: (Global) [ChukyN] es asesina no mas
﻿02:31:10 : RCon admin #2: (Global) [ChukyN] le dispara a todo lo que se mueve
﻿02:31:57 : RCon admin #2: (Global) [ChukyN] yo hago lo mismo, me recorro las rutas que llevan al trader
﻿02:32:01 : RCon admin #2: (Global) [ChukyN] o las misiones
﻿02:32:15 : RCon admin #2: (Global) [ChukyN] no es muy dificil saber donde van a estar los players
﻿02:32:24 : RCon admin #2: (Global) [ChukyN] ahora con la cantera y demas tambien
﻿02:32:27 : RCon admin #2: (Global) [ChukyN] me las recorro
﻿02:33:17 : RCon admin #2: (Global) [ChukyN] igual es re sencillo encontrar en epoch
﻿02:33:23 : RCon admin #2: (Global) [ChukyN] porque todos andan en vehiculo o chopper
﻿02:33:27 : RCon admin #2: (Global) [ChukyN] y los escuchas de 1 km
﻿02:34:32 : RCon admin #2: (Global) [ChukyN] claro, vos nunca llegste a jugar el dayz clasico
﻿02:34:40 : RCon admin #2: (Global) [ChukyN] en el que habia 15 vehiculos en todo el mapa
﻿02:34:47 : RCon admin #2: (Global) [ChukyN] y ahi si tenias que estar dias para cruzarte un player
﻿02:34:50 : RCon admin #2: (Global) [ChukyN] aca es todo mas facil
﻿02:36:09 : RCon admin #2: (Global) [ChukyN] si, eso estaba bueno
﻿02:36:20 : RCon admin #2: (Global) [ChukyN] era bien apocalipsis
﻿02:36:28 : RCon admin #2: (Global) [ChukyN] esto es un minecraft para nenas al lado
﻿02:42:09 : Player #4 Alan disconnected
﻿02:42:54 : Player #2 Alan (190.225.10.83:5304) connected
﻿02:42:56 : Player #2 Alan - GUID: 0f58f0f7cbcc27bdd669ddb2ba67dec1 (unverified)
﻿02:42:57 : Verified GUID (0f58f0f7cbcc27bdd669ddb2ba67dec1) of player #2 Alan
﻿02:42:58 : Player #2 Alan - Legacy GUID: e4693e16704daa1c5c15a058786df292
﻿02:45:00 : RCon admin #0: (Global) BEC : This server will restart in 15 minutes
﻿02:54:23 : Player #0 edgar disconnected
﻿02:55:00 : RCon admin #0: (Global) BEC : This server will restart in 5 minutes
﻿02:55:38 : Player #2 Alan disconnected
﻿02:59:00 : RCon admin #0: (Global) BEC : This server will restart in 1 minute, Log out now!
﻿03:00:02 : Lost Connection!
﻿03:00:02 : Closing socket & exiting!
﻿03:01:15 : Rcon client logging in
﻿03:01:15 : RCon admin #1 (127.0.0.1:60662) logged in
﻿03:01:33 : Player #0 JF (190.185.192.18:26512) connected
﻿03:01:35 : Player #0 JF - GUID: 93a2a9d9bc7acb34122becec3305fde7 (unverified)
﻿03:01:35 : Verified GUID (93a2a9d9bc7acb34122becec3305fde7) of player #0 JF
﻿03:01:35 : Player #0 JF - Legacy GUID: 1e3460faa1452299ec3b5f220fe797e0
﻿04:19:18 : Player #1 Alan (190.225.10.83:5304) connected
﻿04:19:23 : Player #1 Alan - Legacy GUID: e4693e16704daa1c5c15a058786df292
﻿04:19:24 : Player #1 Alan - GUID: 0f58f0f7cbcc27bdd669ddb2ba67dec1 (unverified)
﻿04:19:24 : Verified GUID (0f58f0f7cbcc27bdd669ddb2ba67dec1) of player #1 Alan
﻿04:46:21 : Player #2 Leodagos (186.135.64.41:18917) connected
﻿04:46:22 : Player #2 Leodagos - GUID: 927032c3d7c1139aff0ff09424d46da1 (unverified)
﻿04:46:23 : Verified GUID (927032c3d7c1139aff0ff09424d46da1) of player #2 Leodagos
﻿04:46:23 : Player #2 Leodagos - Legacy GUID: d7639dceb9588d3b0ab85f82e92ff8de
﻿05:07:33 : Player #2 Leodagos disconnected
﻿05:15:05 : Player #1 Alan disconnected
﻿05:45:00 : RCon admin #1: (Global) BEC : This server will restart in 15 minutes
﻿05:55:00 : RCon admin #1: (Global) BEC : This server will restart in 5 minutes
﻿05:59:00 : RCon admin #1: (Global) BEC : This server will restart in 1 minute, Log out now!
﻿06:00:01 : Lost Connection!
﻿06:00:01 : Closing socket & exiting!
﻿06:01:15 : Rcon client logging in
﻿06:01:15 : RCon admin #1 (127.0.0.1:52228) logged in
﻿06:04:57 : Player #0 JF (190.185.192.18:26512) connected
﻿06:04:59 : Player #0 JF - GUID: 93a2a9d9bc7acb34122becec3305fde7 (unverified)
﻿06:04:59 : Verified GUID (93a2a9d9bc7acb34122becec3305fde7) of player #0 JF
﻿06:05:01 : Player #0 JF - Legacy GUID: 1e3460faa1452299ec3b5f220fe797e0
﻿08:13:49 : Player #0 JF disconnected
﻿08:45:00 : RCon admin #1: (Global) BEC : This server will restart in 15 minutes
﻿08:55:00 : RCon admin #1: (Global) BEC : This server will restart in 5 minutes
﻿08:59:00 : RCon admin #1: (Global) BEC : This server will restart in 1 minute, Log out now!
﻿09:00:01 : Lost Connection!
﻿09:00:01 : Closing socket & exiting!
﻿09:01:15 : Rcon client logging in
﻿09:01:15 : RCon admin #1 (127.0.0.1:51390) logged in
﻿11:32:06 : Lost Connection!
﻿11:32:06 : Closing socket & exiting!
﻿11:49:41 : Rcon client logging in
﻿11:49:41 : RCon admin #0 (127.0.0.1:61411) logged in
﻿11:56:25 : Rcon client logging in
﻿11:56:25 : RCon admin #0 (127.0.0.1:56995) logged in
﻿11:59:00 : RCon admin #0: (Global) BEC : This server will restart in 1 minute, Log out now!
﻿12:00:01 : Lost Connection!
﻿12:00:01 : Closing socket & exiting!
﻿12:01:15 : Rcon client logging in
﻿12:01:15 : RCon admin #0 (127.0.0.1:56997) logged in
﻿12:11:24 : Could not connect to BE Master
﻿12:11:24 : Update attempt failed
﻿12:11:33 : Player #0 juandayz (d603844e2f77196bf616245ae360213b) has been kicked by BattlEye: Client not responding
﻿12:19:56 : Rcon client logging in
﻿12:19:56 : RCon admin #0 (127.0.0.1:64670) logged in
﻿12:20:11 : Player #0 juandayz (190.137.171.234:2304) connected
﻿12:20:13 : Player #0 juandayz - GUID: d603844e2f77196bf616245ae360213b (unverified)
﻿12:20:13 : Player #0 juandayz - Legacy GUID: a5aa074813dab730e26d67b8a0a0af6c
﻿12:20:13 : Verified GUID (d603844e2f77196bf616245ae360213b) of player #0 juandayz
﻿12:44:00 : Rcon client logging in
﻿12:44:00 : RCon admin #0 (127.0.0.1:61863) logged in
﻿12:45:51 : Player #0 juandayz (190.137.171.234:2304) connected
﻿12:45:53 : Player #0 juandayz - GUID: d603844e2f77196bf616245ae360213b (unverified)
﻿12:45:53 : Verified GUID (d603844e2f77196bf616245ae360213b) of player #0 juandayz
﻿12:45:53 : Player #0 juandayz - Legacy GUID: a5aa074813dab730e26d67b8a0a0af6c
﻿12:49:39 : Rcon client logging in
﻿12:49:39 : RCon admin #0 (127.0.0.1:61864) logged in
﻿13:00:38 : Player #0 Alan (190.225.10.83:2352) connected
﻿13:00:39 : Player #0 Alan - GUID: 0f58f0f7cbcc27bdd669ddb2ba67dec1 (unverified)
﻿13:00:39 : Verified GUID (0f58f0f7cbcc27bdd669ddb2ba67dec1) of player #0 Alan
﻿13:00:40 : Player #0 Alan - Legacy GUID: e4693e16704daa1c5c15a058786df292
﻿13:03:34 : Player #1 juandayz (190.137.171.234:2304) connected
﻿13:03:35 : Player #1 juandayz - GUID: d603844e2f77196bf616245ae360213b (unverified)
﻿13:03:36 : Verified GUID (d603844e2f77196bf616245ae360213b) of player #1 juandayz
﻿13:03:36 : Player #1 juandayz - Legacy GUID: a5aa074813dab730e26d67b8a0a0af6c
﻿13:08:52 : Could not connect to BE Master
﻿13:08:52 : Update attempt failed
﻿13:08:52 : Player #0 Alan (0f58f0f7cbcc27bdd669ddb2ba67dec1) has been kicked by BattlEye: Client not responding
﻿13:08:52 : Player #1 juandayz (d603844e2f77196bf616245ae360213b) has been kicked by BattlEye: Client not responding
﻿13:10:45 : Player #0 Alan (190.225.10.83:1024) connected
﻿13:10:46 : Player #0 Alan - GUID: 0f58f0f7cbcc27bdd669ddb2ba67dec1 (unverified)
﻿13:10:46 : Verified GUID (0f58f0f7cbcc27bdd669ddb2ba67dec1) of player #0 Alan
﻿13:10:47 : Player #0 Alan - Legacy GUID: e4693e16704daa1c5c15a058786df292
﻿13:13:59 : Player #1 juandayz (190.137.171.234:1024) connected
﻿13:14:00 : Player #1 juandayz - GUID: d603844e2f77196bf616245ae360213b (unverified)
﻿13:14:01 : Verified GUID (d603844e2f77196bf616245ae360213b) of player #1 juandayz
﻿13:14:01 : Player #1 juandayz - Legacy GUID: a5aa074813dab730e26d67b8a0a0af6c
﻿13:17:03 : Could not connect to BE Master
﻿13:17:03 : Update attempt failed
﻿13:17:03 : Player #0 Alan (0f58f0f7cbcc27bdd669ddb2ba67dec1) has been kicked by BattlEye: Client not responding
﻿13:17:03 : Player #1 juandayz (d603844e2f77196bf616245ae360213b) has been kicked by BattlEye: Client not responding
﻿13:18:38 : Player #0 Alan (190.225.10.83:2352) connected
﻿13:18:39 : Player #0 Alan - GUID: 0f58f0f7cbcc27bdd669ddb2ba67dec1 (unverified)
﻿13:18:39 : Verified GUID (0f58f0f7cbcc27bdd669ddb2ba67dec1) of player #0 Alan
﻿13:18:40 : Player #0 Alan - Legacy GUID: e4693e16704daa1c5c15a058786df292
﻿13:20:36 : Player #0 Alan (0f58f0f7cbcc27bdd669ddb2ba67dec1) has been kicked by BattlEye: Client not responding
﻿13:23:01 : Player #0 Alan (190.225.10.83:1024) connected
﻿13:23:02 : Player #0 Alan - GUID: 0f58f0f7cbcc27bdd669ddb2ba67dec1 (unverified)
﻿13:23:03 : Player #0 Alan - Legacy GUID: e4693e16704daa1c5c15a058786df292
﻿13:23:03 : Verified GUID (0f58f0f7cbcc27bdd669ddb2ba67dec1) of player #0 Alan
﻿13:29:16 : Could not connect to BE Master
﻿13:29:16 : Update attempt failed
﻿13:29:16 : Player #0 Alan (0f58f0f7cbcc27bdd669ddb2ba67dec1) has been kicked by BattlEye: Client not responding
﻿13:33:18 : Player #0 Alan (190.225.10.83:2352) connected
﻿13:33:19 : Player #0 Alan - GUID: 0f58f0f7cbcc27bdd669ddb2ba67dec1 (unverified)
﻿13:33:20 : Verified GUID (0f58f0f7cbcc27bdd669ddb2ba67dec1) of player #0 Alan
﻿13:33:20 : Player #0 Alan - Legacy GUID: e4693e16704daa1c5c15a058786df292
﻿14:25:11 : Rcon client logging in
﻿14:25:18 : RCon admin #0 (127.0.0.1:62703) logged in
﻿14:27:21 : Lost Connection!
﻿14:27:21 : Closing socket & exiting!
﻿14:32:01 : Rcon client logging in
﻿14:32:04 : RCon admin #0 (127.0.0.1:62704) logged in
﻿14:34:01 : Could not connect to BE Master
﻿14:34:01 : Update attempt failed
﻿14:34:01 : Player #0 juandayz (d603844e2f77196bf616245ae360213b) has been kicked by BattlEye: Client not responding
﻿14:39:12 : Player #0 juandayz (190.137.171.234:1024) connected
﻿14:39:13 : Player #0 juandayz - GUID: d603844e2f77196bf616245ae360213b (unverified)
﻿14:39:13 : Verified GUID (d603844e2f77196bf616245ae360213b) of player #0 juandayz
﻿14:39:14 : Player #0 juandayz - Legacy GUID: a5aa074813dab730e26d67b8a0a0af6c
﻿14:45:00 : RCon admin #0: (Global) BEC : This server will restart in 15 minutes
﻿14:45:31 : Lost Connection!
﻿14:45:31 : Closing socket & exiting!
﻿14:56:18 : Rcon client logging in
﻿14:56:52 : RCon admin #0 (127.0.0.1:63626) logged in
﻿14:57:29 : Player #1 Alan (190.225.10.83:2352) connected
﻿14:57:32 : Player #1 Alan - GUID: 0f58f0f7cbcc27bdd669ddb2ba67dec1 (unverified)
﻿14:57:32 : Verified GUID (0f58f0f7cbcc27bdd669ddb2ba67dec1) of player #1 Alan
﻿14:57:33 : Player #1 Alan - Legacy GUID: e4693e16704daa1c5c15a058786df292
﻿14:59:00 : RCon admin #0: (Global) BEC : This server will restart in 1 minute, Log out now!
﻿15:00:01 : Lost Connection!
﻿15:00:01 : Closing socket & exiting!
﻿15:01:14 : Rcon client logging in
﻿15:01:14 : RCon admin #0 (127.0.0.1:63627) logged in
﻿15:02:17 : Player #0 Alan (190.225.10.83:2352) connected
﻿15:02:18 : Player #0 Alan - GUID: 0f58f0f7cbcc27bdd669ddb2ba67dec1 (unverified)
﻿15:02:18 : Player #0 Alan - Legacy GUID: e4693e16704daa1c5c15a058786df292
﻿15:02:19 : Verified GUID (0f58f0f7cbcc27bdd669ddb2ba67dec1) of player #0 Alan
﻿15:07:57 : Player #1 juandayz (190.137.171.234:2304) connected
﻿15:07:58 : Player #1 juandayz - GUID: d603844e2f77196bf616245ae360213b (unverified)
﻿15:07:58 : Verified GUID (d603844e2f77196bf616245ae360213b) of player #1 juandayz
﻿15:07:59 : Player #1 juandayz - Legacy GUID: a5aa074813dab730e26d67b8a0a0af6c
﻿15:08:32 : Could not connect to BE Master
﻿15:08:32 : Update attempt failed
﻿15:08:40 : Player #0 Alan (0f58f0f7cbcc27bdd669ddb2ba67dec1) has been kicked by BattlEye: Client not responding
﻿15:08:45 : Player #1 juandayz (d603844e2f77196bf616245ae360213b) has been kicked by BattlEye: Client not responding
﻿15:10:12 : Player #0 Alan (190.225.10.83:1024) connected
﻿15:10:13 : Player #0 Alan - GUID: 0f58f0f7cbcc27bdd669ddb2ba67dec1 (unverified)
﻿15:10:14 : Verified GUID (0f58f0f7cbcc27bdd669ddb2ba67dec1) of player #0 Alan
﻿15:10:15 : Player #0 Alan - Legacy GUID: e4693e16704daa1c5c15a058786df292
﻿15:14:21 : Player #1 juandayz (190.137.171.234:1024) connected
﻿15:14:22 : Player #1 juandayz - GUID: d603844e2f77196bf616245ae360213b (unverified)
﻿15:14:23 : Verified GUID (d603844e2f77196bf616245ae360213b) of player #1 juandayz
﻿15:14:23 : Player #1 juandayz - Legacy GUID: a5aa074813dab730e26d67b8a0a0af6c
﻿15:24:20 : Player #2 sRulo (190.220.167.223:2304) connected
﻿15:24:22 : Player #2 sRulo - GUID: 60d55c3e00228c1b597f4d7debdbd1f2 (unverified)
﻿15:24:22 : Player #2 sRulo - Legacy GUID: 7b3a366f20f83ed0340255c2fe5fcb81
﻿15:24:22 : Verified GUID (60d55c3e00228c1b597f4d7debdbd1f2) of player #2 sRulo
﻿15:25:35 : Player #3 galle (186.128.34.118:25937) connected
﻿15:25:36 : Player #3 galle - GUID: 627f419ef44cbe111b1db01473d750e1 (unverified)
﻿15:25:37 : Verified GUID (627f419ef44cbe111b1db01473d750e1) of player #3 galle
﻿15:25:37 : Player #3 galle - Legacy GUID: accd0093faa6cb12f25643b3ba86bfc2
﻿15:31:00 : RCon admin #1 (127.0.0.1:51134) logged in
﻿15:31:16 : RCon admin #1: (To galle) [admin2] ya estan las putas en el server galle ;)
﻿15:32:00 : RCon admin #1: (To galle) [admin2] busca el burdel en el mercado central
﻿15:33:00 : RCon admin #1: (To galle) [admin2] 500 p 
﻿15:33:50 : RCon admin #1: (To galle) [admin2] vale los 500, alto rubio es :D
﻿15:54:47 : Player #4 Davi (181.114.44.214:2304) connected
﻿15:54:49 : Player #4 Davi - GUID: df77d315b5a5c9a84d7c1ff837023058 (unverified)
﻿15:54:51 : Player #4 Davi - Legacy GUID: a57008907b09c5041803c401831d6370
﻿15:54:54 : Verified GUID (df77d315b5a5c9a84d7c1ff837023058) of player #4 Davi
﻿16:35:51 : Player #4 Davi (df77d315b5a5c9a84d7c1ff837023058) has been kicked by BattlEye: Ping too high (390)
﻿16:48:47 : Player #4 LarzuK (186.56.20.108:2304) connected
﻿16:48:49 : Player #4 LarzuK - GUID: 830c029a6ec69a6e0563b0638ebe72b9 (unverified)
﻿16:48:49 : Player #4 LarzuK - Legacy GUID: 36a4a2b1fb2e23467aba15c0a1207080
﻿16:48:51 : Verified GUID (830c029a6ec69a6e0563b0638ebe72b9) of player #4 LarzuK
﻿16:51:03 : Player #1 juandayz disconnected
﻿16:53:24 : Player #4 LarzuK disconnected
﻿17:00:18 : Player #1 edgar (189.194.23.186:2304) connected
﻿17:00:19 : Player #1 edgar - GUID: f437a82e55f1e066995fbf75e961723e (unverified)
﻿17:00:19 : Verified GUID (f437a82e55f1e066995fbf75e961723e) of player #1 edgar
﻿17:00:20 : Player #1 edgar - Legacy GUID: 34a707cdfc6309ba56617169fdf6b2d9
﻿17:02:06 : Player #1 edgar (f437a82e55f1e066995fbf75e961723e) has been kicked by BattlEye: Client not responding
﻿17:08:09 : Player #1 edgar (189.194.23.186:2304) connected
﻿17:08:11 : Player #1 edgar - GUID: f437a82e55f1e066995fbf75e961723e (unverified)
﻿17:08:11 : Verified GUID (f437a82e55f1e066995fbf75e961723e) of player #1 edgar
﻿17:08:12 : Player #1 edgar - Legacy GUID: 34a707cdfc6309ba56617169fdf6b2d9
﻿17:14:53 : Player #4 juandayz (190.137.171.234:2304) connected
﻿17:14:54 : Player #4 juandayz - GUID: d603844e2f77196bf616245ae360213b (unverified)
﻿17:14:55 : Verified GUID (d603844e2f77196bf616245ae360213b) of player #4 juandayz
﻿17:14:55 : Player #4 juandayz - Legacy GUID: a5aa074813dab730e26d67b8a0a0af6c
﻿17:45:00 : RCon admin #0: (Global) BEC : This server will restart in 15 minutes
﻿17:55:00 : RCon admin #0: (Global) BEC : This server will restart in 5 minutes
﻿17:59:00 : RCon admin #0: (Global) BEC : This server will restart in 1 minute, Log out now!
﻿17:59:12 : Player #4 juandayz (d603844e2f77196bf616245ae360213b) has been kicked by BattlEye: Client not responding
﻿17:59:16 : Player #2 sRulo disconnected
﻿17:59:31 : Player #3 galle disconnected
﻿17:59:45 : Player #1 edgar disconnected
﻿18:00:02 : Lost Connection!
﻿18:00:02 : Closing socket & exiting!
﻿18:01:15 : Rcon client logging in
﻿18:01:15 : RCon admin #1 (127.0.0.1:65516) logged in
﻿18:07:16 : Player #0 Alan (190.225.10.83:2352) connected
﻿18:07:19 : Player #0 Alan - GUID: 0f58f0f7cbcc27bdd669ddb2ba67dec1 (unverified)
﻿18:07:20 : Verified GUID (0f58f0f7cbcc27bdd669ddb2ba67dec1) of player #0 Alan
﻿18:07:20 : Player #0 Alan - Legacy GUID: e4693e16704daa1c5c15a058786df292
﻿18:12:03 : Player #1 edgar (189.194.23.186:2304) connected
﻿18:12:05 : Player #1 edgar - GUID: f437a82e55f1e066995fbf75e961723e (unverified)
﻿18:12:05 : Verified GUID (f437a82e55f1e066995fbf75e961723e) of player #1 edgar
﻿18:12:06 : Player #1 edgar - Legacy GUID: 34a707cdfc6309ba56617169fdf6b2d9
﻿18:35:51 : RCon admin #2 (190.138.35.134:65341) logged in
﻿18:40:01 : Player #2 sebastian (152.172.231.180:2304) connected
﻿18:40:02 : Player #2 sebastian - GUID: c953df4744f2f6840b5bc2cde9ebfd50 (unverified)
﻿18:40:02 : Verified GUID (c953df4744f2f6840b5bc2cde9ebfd50) of player #2 sebastian
﻿18:40:03 : Player #2 sebastian - Legacy GUID: 5759984b6184489b63a98879c9bcf268
﻿19:58:00 : Player #1 edgar disconnected
﻿20:01:03 : Player #0 Alan disconnected
﻿20:22:28 : Player #0 insid (190.139.211.6:2304) connected
﻿20:22:29 : Player #0 insid - GUID: b01dc0e7b11407803b783342e7c4ed3e (unverified)
﻿20:22:29 : Verified GUID (b01dc0e7b11407803b783342e7c4ed3e) of player #0 insid
﻿20:22:30 : Player #0 insid disconnected
﻿20:22:33 : Player #0 insid (190.139.211.6:2304) connected
﻿20:22:34 : Player #0 insid - GUID: b01dc0e7b11407803b783342e7c4ed3e (unverified)
﻿20:22:34 : Verified GUID (b01dc0e7b11407803b783342e7c4ed3e) of player #0 insid
﻿20:22:35 : Player #0 insid disconnected
﻿20:25:15 : Player #0 JF (190.185.192.18:26512) connected
﻿20:25:16 : Player #0 JF - GUID: 93a2a9d9bc7acb34122becec3305fde7 (unverified)
﻿20:25:16 : Verified GUID (93a2a9d9bc7acb34122becec3305fde7) of player #0 JF
﻿20:25:17 : Player #0 JF - Legacy GUID: 1e3460faa1452299ec3b5f220fe797e0
﻿20:28:24 : Player #0 JF disconnected
﻿20:29:08 : Player #0 JF (190.185.192.18:26512) connected
﻿20:29:09 : Player #0 JF - GUID: 93a2a9d9bc7acb34122becec3305fde7 (unverified)
﻿20:29:09 : Verified GUID (93a2a9d9bc7acb34122becec3305fde7) of player #0 JF
﻿20:29:10 : Player #0 JF - Legacy GUID: 1e3460faa1452299ec3b5f220fe797e0
﻿20:42:06 : Player #1 juandayz (190.138.35.134:2304) connected
﻿20:42:07 : Player #1 juandayz - GUID: d603844e2f77196bf616245ae360213b (unverified)
﻿20:42:07 : Verified GUID (d603844e2f77196bf616245ae360213b) of player #1 juandayz
﻿20:42:08 : Player #1 juandayz - Legacy GUID: a5aa074813dab730e26d67b8a0a0af6c
﻿20:45:00 : RCon admin #1: (Global) BEC : This server will restart in 15 minutes
﻿20:48:18 : RCon admin #3 (190.138.35.134:58620) logged in
﻿20:48:58 : Player #1 juandayz (d603844e2f77196bf616245ae360213b) has been kicked by BattlEye: Client not responding
﻿20:49:27 : RCon admin #2 (181.92.55.206:57718) logged in
﻿20:51:29 : Player #2 sebastian (c953df4744f2f6840b5bc2cde9ebfd50) has been kicked by BattlEye: Ping too high (702)
﻿20:51:38 : Player #1 sebastian (152.172.231.180:2304) connected
﻿20:51:39 : Player #1 sebastian - GUID: c953df4744f2f6840b5bc2cde9ebfd50 (unverified)
﻿20:51:40 : Verified GUID (c953df4744f2f6840b5bc2cde9ebfd50) of player #1 sebastian
﻿20:51:40 : Player #1 sebastian - Legacy GUID: 5759984b6184489b63a98879c9bcf268
﻿20:54:26 : Player #1 sebastian disconnected
﻿20:55:00 : RCon admin #1: (Global) BEC : This server will restart in 5 minutes
﻿20:59:00 : RCon admin #1: (Global) BEC : Server restart in 1 minute, Log out NOW!
﻿21:00:00 : Lost Connection!
﻿21:00:00 : Closing socket & exiting!
﻿21:01:39 : Rcon client logging in
﻿21:01:39 : RCon admin #0 (127.0.0.1:62922) logged in
﻿21:02:21 : Player #0 JF (190.185.192.18:26512) connected
﻿21:02:23 : Player #0 JF - GUID: 93a2a9d9bc7acb34122becec3305fde7 (unverified)
﻿21:02:23 : Player #0 JF - Legacy GUID: 1e3460faa1452299ec3b5f220fe797e0
﻿21:02:23 : Verified GUID (93a2a9d9bc7acb34122becec3305fde7) of player #0 JF
﻿21:03:23 : Player #0 JF disconnected
﻿21:04:45 : Player #0 JF (190.185.192.18:26512) connected
﻿21:04:46 : Player #0 JF - GUID: 93a2a9d9bc7acb34122becec3305fde7 (unverified)
﻿21:04:46 : Verified GUID (93a2a9d9bc7acb34122becec3305fde7) of player #0 JF
﻿21:04:46 : Player #0 JF - Legacy GUID: 1e3460faa1452299ec3b5f220fe797e0
﻿21:06:54 : Player #1 Polaco86 (186.158.214.31:2304) connected
﻿21:06:58 : Player #1 Polaco86 - GUID: 360db09649bb288cc773570b310c2689 (unverified)
﻿21:06:59 : Verified GUID (360db09649bb288cc773570b310c2689) of player #1 Polaco86
﻿21:07:02 : Player #1 Polaco86 - Legacy GUID: aedec632013fae29a2eaca7d0f1301d7
﻿21:09:34 : Player #1 Polaco86 - Legacy GUID: aedec632013fae29a2eaca7d0f1301d7
﻿21:16:55 : Player #2 sebastian (152.172.231.180:2304) connected
﻿21:16:56 : Player #2 sebastian - GUID: c953df4744f2f6840b5bc2cde9ebfd50 (unverified)
﻿21:16:57 : Player #3 AbrahamAaron (181.199.110.208:2304) connected
﻿21:16:57 : Verified GUID (c953df4744f2f6840b5bc2cde9ebfd50) of player #2 sebastian
﻿21:16:57 : Player #2 sebastian - Legacy GUID: 5759984b6184489b63a98879c9bcf268
﻿21:16:59 : Player #3 AbrahamAaron - GUID: 230c7c4526753e4569a4cad7648beff2 (unverified)
﻿21:16:59 : Player #3 AbrahamAaron - Legacy GUID: e5cbe33e917d4276e2e7c2d5aaee934e
﻿21:16:59 : Verified GUID (230c7c4526753e4569a4cad7648beff2) of player #3 AbrahamAaron
﻿21:27:04 : Player #4 juandayz (181.92.55.206:2304) connected
﻿21:27:05 : Player #4 juandayz - GUID: d603844e2f77196bf616245ae360213b (unverified)
﻿21:27:05 : Verified GUID (d603844e2f77196bf616245ae360213b) of player #4 juandayz
﻿21:27:06 : Player #4 juandayz - Legacy GUID: a5aa074813dab730e26d67b8a0a0af6c
﻿21:28:31 : Player #3 AbrahamAaron disconnected
﻿21:32:21 : Player #1 Polaco86 disconnected
﻿21:53:14 : Player #1 Juan (190.18.65.228:2304) connected
﻿21:53:16 : Player #1 Juan - GUID: 93ec5561bccfebb468c17db46ae3eef0 (unverified)
﻿21:53:17 : Verified GUID (93ec5561bccfebb468c17db46ae3eef0) of player #1 Juan
﻿21:53:18 : Player #1 Juan - Legacy GUID: 7c47c6a574b7dccc3603961b7ae85e6d
﻿22:00:24 : Player #3 Ivan (181.171.30.87:62183) connected
﻿22:00:26 : Player #3 Ivan - GUID: cba1a8fdf1567d260f9e3d8908e29aa5 (unverified)
﻿22:00:26 : Player #3 Ivan - Legacy GUID: 94085ce37661253c884d92adf9d8356a
﻿22:00:26 : Verified GUID (cba1a8fdf1567d260f9e3d8908e29aa5) of player #3 Ivan
﻿22:00:27 : Player #3 Ivan disconnected
﻿22:01:30 : RCon admin #1 (127.0.0.1:60375) logged in
﻿22:07:24 : Player #3 Totoasd (190.190.107.90:2304) connected
﻿22:07:26 : Player #3 Totoasd - GUID: 7a51fa2e7de439e4cacdb83c08cdabab (unverified)
﻿22:07:26 : Player #3 Totoasd - Legacy GUID: b69609a893669d87ed97c35ff833edf5
﻿22:07:26 : Verified GUID (7a51fa2e7de439e4cacdb83c08cdabab) of player #3 Totoasd
﻿22:07:34 : Player #3 Totoasd disconnected
﻿22:10:15 : Player #1 Juan disconnected
﻿22:45:25 : Player #1 sRulo (190.220.167.223:2304) connected
﻿22:45:26 : Player #1 sRulo - GUID: 60d55c3e00228c1b597f4d7debdbd1f2 (unverified)
﻿22:45:27 : Player #1 sRulo - Legacy GUID: 7b3a366f20f83ed0340255c2fe5fcb81
﻿22:45:27 : Verified GUID (60d55c3e00228c1b597f4d7debdbd1f2) of player #1 sRulo
﻿22:47:23 : Player #3 galle (186.128.34.118:15059) connected
﻿22:47:25 : Player #3 galle - GUID: 627f419ef44cbe111b1db01473d750e1 (unverified)
﻿22:47:25 : Player #3 galle - Legacy GUID: accd0093faa6cb12f25643b3ba86bfc2
﻿22:47:25 : Verified GUID (627f419ef44cbe111b1db01473d750e1) of player #3 galle
﻿22:49:09 : Player #3 galle disconnected
﻿22:55:33 : Player #3 galle (186.128.34.118:15616) connected
﻿22:55:34 : Player #3 galle - GUID: 627f419ef44cbe111b1db01473d750e1 (unverified)
﻿22:55:35 : Verified GUID (627f419ef44cbe111b1db01473d750e1) of player #3 galle
﻿22:55:35 : Player #3 galle - Legacy GUID: accd0093faa6cb12f25643b3ba86bfc2
﻿23:01:15 : RCon admin #0: (To galle) BEC : You have about 60 seconds left to join the mission.
﻿23:01:47 : RCon admin #0: (To galle) BEC : You have about 30 seconds left to join the mission.
﻿23:02:01 : RCon admin #0: (To galle) BEC : You have about 15 seconds left to join the mission.
﻿23:02:15 : Player #3 galle (627f419ef44cbe111b1db01473d750e1) has been kicked by BattlEye: Admin Kick (BEC : Lobby idling to long)
﻿23:04:37 : Player #3 galle (186.128.34.118:15616) connected
﻿23:04:38 : Player #3 galle - GUID: 627f419ef44cbe111b1db01473d750e1 (unverified)
﻿23:04:38 : Verified GUID (627f419ef44cbe111b1db01473d750e1) of player #3 galle
﻿23:04:39 : Player #3 galle - Legacy GUID: accd0093faa6cb12f25643b3ba86bfc2
﻿23:37:23 : Player #5 Totoasd (190.190.107.90:2304) connected
﻿23:37:24 : Player #5 Totoasd - GUID: 7a51fa2e7de439e4cacdb83c08cdabab (unverified)
﻿23:37:25 : Verified GUID (7a51fa2e7de439e4cacdb83c08cdabab) of player #5 Totoasd
﻿23:37:25 : Player #5 Totoasd - Legacy GUID: b69609a893669d87ed97c35ff833edf5
﻿23:39:10 : Player #6 Juan (190.18.65.228:2304) connected
﻿23:39:11 : Player #6 Juan - GUID: 93ec5561bccfebb468c17db46ae3eef0 (unverified)
﻿23:39:11 : Verified GUID (93ec5561bccfebb468c17db46ae3eef0) of player #6 Juan
﻿23:39:12 : Player #6 Juan - Legacy GUID: 7c47c6a574b7dccc3603961b7ae85e6d
﻿23:40:00 : Player #7 Loly (186.183.41.110:2304) connected
﻿23:40:01 : Player #7 Loly - GUID: d54c56b3fbf6cf811669c09204356e51 (unverified)
﻿23:40:02 : Verified GUID (d54c56b3fbf6cf811669c09204356e51) of player #7 Loly
﻿23:40:02 : Player #7 Loly - Legacy GUID: 103cf7cba156b13401d8aede66d3fcc1
﻿23:40:43 : Player #8 Dotterkletch (190.244.120.230:2304) connected
﻿23:40:44 : Player #8 Dotterkletch - GUID: dbc9544f4fafd3d5eea2be4f9b7d9d98 (unverified)
﻿23:40:44 : Verified GUID (dbc9544f4fafd3d5eea2be4f9b7d9d98) of player #8 Dotterkletch
﻿23:40:45 : Player #8 Dotterkletch - Legacy GUID: bf4ca101439e197588f857d0e8790ca1
﻿23:44:05 : RCon admin #1: (To Dotterkletch) [juandayz] bienvenido!
﻿23:45:00 : RCon admin #0: (Global) BEC : This server will restart in 15 minutes
﻿23:46:39 : Player #1 sRulo disconnected
﻿23:47:04 : Player #3 galle disconnected
﻿23:48:40 : Player #1 reconnect (181.31.146.206:2304) connected
﻿23:48:42 : Player #1 reconnect - GUID: bce9001abea802948b7f28a9f2de533e (unverified)
﻿23:48:43 : Verified GUID (bce9001abea802948b7f28a9f2de533e) of player #1 reconnect
﻿23:48:44 : Player #1 reconnect - Legacy GUID: 30e1b7957008270cda72e13e47f13b54
﻿23:51:05 : Player #3 Juan (2) (181.29.50.163:2304) connected
﻿23:51:07 : Player #3 Juan (2) - GUID: 8c0882e5bc1314737bd6688562c8f6f9 (unverified)
﻿23:51:07 : Verified GUID (8c0882e5bc1314737bd6688562c8f6f9) of player #3 Juan (2)
﻿23:51:07 : Player #3 Juan (2) - Legacy GUID: 21609d9aece603847f622d1b61cd0c47
﻿23:51:11 : Player #3 Juan (2) disconnected
﻿23:51:39 : Player #3 Polaco86 (186.158.214.31:2304) connected
﻿23:51:40 : Player #3 Polaco86 - GUID: 360db09649bb288cc773570b310c2689 (unverified)
﻿23:51:41 : Verified GUID (360db09649bb288cc773570b310c2689) of player #3 Polaco86
﻿23:51:42 : Player #3 Polaco86 - Legacy GUID: aedec632013fae29a2eaca7d0f1301d7
﻿23:55:00 : RCon admin #0: (Global) BEC : This server will restart in 5 minutes
﻿23:57:23 : RCon admin #0: (To Polaco86) BEC : You have about 60 seconds left to join the mission.
﻿23:57:54 : RCon admin #0: (To Polaco86) BEC : You have about 30 seconds left to join the mission.
﻿23:58:08 : RCon admin #0: (To Polaco86) BEC : You have about 15 seconds left to join the mission.
﻿23:59:00 : RCon admin #0: (Global) BEC : This server will restart in 1 minute, Log out now!
﻿23:59:29 : Player #7 Loly disconnected
﻿23:59:31 : Player #6 Juan disconnected
﻿23:59:33 : Player #5 Totoasd disconnected
﻿23:59:46 : Player #2 sebastian disconnected
﻿23:59:49 : Player #8 Dotterkletch disconnected
