00:00:01 : Lost Connection!
﻿00:00:01 : Closing socket & exiting!
﻿00:01:07 : Rcon client logging in
﻿00:01:07 : RCon admin #1 (127.0.0.1:55870) logged in
﻿00:01:50 : Player #0 Jose Luis (186.115.108.155:2304) connected
﻿00:01:52 : Player #0 Jose Luis - Legacy GUID: 7beaaf3c723b44978f2c26b96411e08c
﻿00:01:52 : Player #0 Jose Luis - GUID: d9558a067db2e5932e8a58c619edb83d (unverified)
﻿00:01:52 : Verified GUID (d9558a067db2e5932e8a58c619edb83d) of player #0 Jose Luis
﻿00:35:07 : Player #0 Jose Luis disconnected
﻿01:56:05 : Player #0 JF (190.185.192.18:26512) connected
﻿01:56:07 : Player #0 JF - GUID: 93a2a9d9bc7acb34122becec3305fde7 (unverified)
﻿01:56:07 : Player #0 JF - Legacy GUID: 1e3460faa1452299ec3b5f220fe797e0
﻿01:56:07 : Verified GUID (93a2a9d9bc7acb34122becec3305fde7) of player #0 JF
﻿02:43:17 : Player #1 itzMan0Black (177.125.33.123:2304) connected
﻿02:43:18 : Player #1 itzMan0Black - GUID: 44c6276af6bfe9a79d00ddc02b047b70 (unverified)
﻿02:43:19 : Verified GUID (44c6276af6bfe9a79d00ddc02b047b70) of player #1 itzMan0Black
﻿02:43:20 : Player #1 itzMan0Black - Legacy GUID: 3af3e9adb5f0664d05caff4775709e02
﻿02:43:30 : Player #1 itzMan0Black disconnected
﻿02:45:00 : RCon admin #1: (Global) BEC : This server will restart in 15 minutes
﻿02:55:00 : RCon admin #1: (Global) BEC : This server will restart in 5 minutes
﻿02:59:00 : RCon admin #1: (Global) BEC : This server will restart in 1 minute, Log out now!
﻿03:00:02 : Lost Connection!
﻿03:00:02 : Closing socket & exiting!
﻿03:01:15 : Rcon client logging in
﻿03:01:15 : RCon admin #1 (127.0.0.1:59786) logged in
﻿05:45:00 : RCon admin #1: (Global) BEC : This server will restart in 15 minutes
﻿05:55:00 : RCon admin #1: (Global) BEC : This server will restart in 5 minutes
﻿05:59:00 : RCon admin #1: (Global) BEC : This server will restart in 1 minute, Log out now!
﻿06:00:01 : Lost Connection!
﻿06:00:01 : Closing socket & exiting!
﻿06:01:07 : Rcon client logging in
﻿06:01:07 : RCon admin #1 (127.0.0.1:50967) logged in
﻿08:45:00 : RCon admin #1: (Global) BEC : This server will restart in 15 minutes
﻿08:55:00 : RCon admin #1: (Global) BEC : This server will restart in 5 minutes
﻿08:59:00 : RCon admin #1: (Global) BEC : This server will restart in 1 minute, Log out now!
﻿09:00:02 : Lost Connection!
﻿09:00:02 : Closing socket & exiting!
﻿09:01:06 : Rcon client logging in
﻿09:01:06 : RCon admin #1 (127.0.0.1:52908) logged in
﻿11:03:43 : Player #0 santiago (181.138.108.114:29703) connected
﻿11:03:45 : Player #0 santiago - GUID: 5f72597ccf11380055e35a403a02fb81 (unverified)
﻿11:03:46 : Verified GUID (5f72597ccf11380055e35a403a02fb81) of player #0 santiago
﻿11:03:47 : Player #0 santiago - Legacy GUID: f8c8299b0a688de480efb946d670fbbd
﻿11:45:00 : RCon admin #1: (Global) BEC : This server will restart in 15 minutes
﻿11:55:00 : RCon admin #1: (Global) BEC : This server will restart in 5 minutes
﻿11:58:03 : Player #0 santiago disconnected
﻿11:59:00 : RCon admin #1: (Global) BEC : This server will restart in 1 minute, Log out now!
﻿12:00:01 : Lost Connection!
﻿12:00:01 : Closing socket & exiting!
﻿12:01:15 : Rcon client logging in
﻿12:01:15 : RCon admin #1 (127.0.0.1:61144) logged in
﻿13:23:36 : Player #0 Jose Luis (186.116.55.211:2304) connected
﻿13:23:38 : Player #0 Jose Luis - GUID: d9558a067db2e5932e8a58c619edb83d (unverified)
﻿13:23:38 : Verified GUID (d9558a067db2e5932e8a58c619edb83d) of player #0 Jose Luis
﻿13:23:40 : Player #0 Jose Luis - Legacy GUID: 7beaaf3c723b44978f2c26b96411e08c
﻿14:03:09 : Player #1 Skynner (177.53.97.55:53111) connected
﻿14:03:10 : Player #1 Skynner - GUID: 7f2685b2bd1f03f8342e476d64e0f028 (unverified)
﻿14:03:11 : Verified GUID (7f2685b2bd1f03f8342e476d64e0f028) of player #1 Skynner
﻿14:03:11 : Player #1 Skynner - Legacy GUID: 3c8021a1ba00df9addca685a4d66388c
﻿14:03:11 : Player #1 Skynner disconnected
﻿14:04:55 : Player #1 Tio  Chuck (177.156.183.61:2304) connected
﻿14:04:56 : Player #1 Tio  Chuck - GUID: e734115a25c971cbcf8846b4ff771d85 (unverified)
﻿14:04:56 : Verified GUID (e734115a25c971cbcf8846b4ff771d85) of player #1 Tio  Chuck
﻿14:04:57 : Player #1 Tio  Chuck - Legacy GUID: c870a8c9b20cfc479e46e729b49a443d
﻿14:05:22 : Player #1 Tio  Chuck disconnected
﻿14:05:45 : Player #1 Tio  Chuck (177.156.183.61:2304) connected
﻿14:05:47 : Player #1 Tio  Chuck - GUID: e734115a25c971cbcf8846b4ff771d85 (unverified)
﻿14:05:47 : Verified GUID (e734115a25c971cbcf8846b4ff771d85) of player #1 Tio  Chuck
﻿14:06:08 : Player #1 Tio  Chuck disconnected
﻿14:06:24 : Player #1 Tio  Chuck (177.156.183.61:2304) connected
﻿14:06:25 : Player #1 Tio  Chuck - GUID: e734115a25c971cbcf8846b4ff771d85 (unverified)
﻿14:06:26 : Verified GUID (e734115a25c971cbcf8846b4ff771d85) of player #1 Tio  Chuck
﻿14:06:27 : Player #1 Tio  Chuck - Legacy GUID: c870a8c9b20cfc479e46e729b49a443d
﻿14:06:51 : Player #1 Tio  Chuck disconnected
﻿14:06:59 : Player #0 Jose Luis disconnected
﻿14:07:03 : Player #0 Jose Luis (186.116.55.211:2304) connected
﻿14:07:06 : Player #0 Jose Luis - GUID: d9558a067db2e5932e8a58c619edb83d (unverified)
﻿14:07:06 : Verified GUID (d9558a067db2e5932e8a58c619edb83d) of player #0 Jose Luis
﻿14:07:08 : Player #0 Jose Luis - Legacy GUID: 7beaaf3c723b44978f2c26b96411e08c
﻿14:11:51 : Player #0 Jose Luis (d9558a067db2e5932e8a58c619edb83d) has been kicked by BattlEye: Client not responding
﻿14:13:10 : Player #0 Jose Luis (186.116.55.211:1024) connected
﻿14:13:11 : Player #0 Jose Luis - GUID: d9558a067db2e5932e8a58c619edb83d (unverified)
﻿14:13:12 : Verified GUID (d9558a067db2e5932e8a58c619edb83d) of player #0 Jose Luis
﻿14:13:12 : Player #0 Jose Luis - Legacy GUID: 7beaaf3c723b44978f2c26b96411e08c
﻿14:32:12 : Player #1 Glenn (189.35.2.104:2304) connected
﻿14:32:13 : Player #1 Glenn - GUID: e857891e57b49e11d3d82052cd14409d (unverified)
﻿14:32:14 : Verified GUID (e857891e57b49e11d3d82052cd14409d) of player #1 Glenn
﻿14:32:14 : Player #1 Glenn - Legacy GUID: 456deca6d11363999b149e99679c89ca
﻿14:32:15 : Player #1 Glenn disconnected
﻿14:45:00 : RCon admin #1: (Global) BEC : This server will restart in 15 minutes
﻿14:46:54 : Player #1 Glenn (189.35.2.104:2304) connected
﻿14:46:56 : Player #1 Glenn - GUID: e857891e57b49e11d3d82052cd14409d (unverified)
﻿14:46:56 : Verified GUID (e857891e57b49e11d3d82052cd14409d) of player #1 Glenn
﻿14:46:57 : Player #1 Glenn - Legacy GUID: 456deca6d11363999b149e99679c89ca
﻿14:46:57 : Player #1 Glenn disconnected
﻿14:55:00 : RCon admin #1: (Global) BEC : This server will restart in 5 minutes
﻿14:59:00 : RCon admin #1: (Global) BEC : This server will restart in 1 minute, Log out now!
﻿15:00:01 : Lost Connection!
﻿15:00:01 : Closing socket & exiting!
﻿15:01:15 : Rcon client logging in
﻿15:01:15 : RCon admin #1 (127.0.0.1:63063) logged in
﻿15:01:27 : Player #0 Jose Luis (186.116.55.211:1024) connected
﻿15:01:30 : Player #0 Jose Luis - GUID: d9558a067db2e5932e8a58c619edb83d (unverified)
﻿15:01:31 : Verified GUID (d9558a067db2e5932e8a58c619edb83d) of player #0 Jose Luis
﻿15:01:31 : Player #0 Jose Luis - Legacy GUID: 7beaaf3c723b44978f2c26b96411e08c
﻿16:09:26 : Player #1 [DMN]-Mario (179.60.255.227:2304) connected
﻿16:09:27 : Player #1 [DMN]-Mario - GUID: 90efe9555b6c518bdd5ab751845d62ac (unverified)
﻿16:09:28 : Verified GUID (90efe9555b6c518bdd5ab751845d62ac) of player #1 [DMN]-Mario
﻿16:09:28 : Player #1 [DMN]-Mario - Legacy GUID: 56ac695fcf6c9ba0429307fd875141a4
﻿16:09:38 : Player #1 [DMN]-Mario disconnected
﻿16:11:13 : Player #1 [DMN]-Mario (179.60.255.227:2304) connected
﻿16:11:14 : Player #1 [DMN]-Mario - GUID: 90efe9555b6c518bdd5ab751845d62ac (unverified)
﻿16:11:15 : Player #1 [DMN]-Mario - Legacy GUID: 56ac695fcf6c9ba0429307fd875141a4
﻿16:11:15 : Verified GUID (90efe9555b6c518bdd5ab751845d62ac) of player #1 [DMN]-Mario
﻿17:35:30 : Player #2 NightdeadBCE (179.60.255.133:2304) connected
﻿17:35:31 : Player #2 NightdeadBCE - GUID: 72a59a89ede6f3de4385238017ea1962 (unverified)
﻿17:35:32 : Verified GUID (72a59a89ede6f3de4385238017ea1962) of player #2 NightdeadBCE
﻿17:35:32 : Player #2 NightdeadBCE - Legacy GUID: c1ba06f51bfa403cdb1d7c96b7452034
﻿17:35:38 : Player #1 [DMN]-Mario (90efe9555b6c518bdd5ab751845d62ac) has been kicked by BattlEye: Ping too high (1202)
﻿17:38:59 : Player #0 Jose Luis disconnected
﻿17:39:04 : Player #0 Jose Luis (186.116.55.211:1024) connected
﻿17:39:06 : Player #0 Jose Luis - GUID: d9558a067db2e5932e8a58c619edb83d (unverified)
﻿17:39:06 : Verified GUID (d9558a067db2e5932e8a58c619edb83d) of player #0 Jose Luis
﻿17:39:06 : Player #0 Jose Luis - Legacy GUID: 7beaaf3c723b44978f2c26b96411e08c
﻿17:39:16 : Player #1 [DMN]-Mario (179.60.255.227:2304) connected
﻿17:39:18 : Player #1 [DMN]-Mario - GUID: 90efe9555b6c518bdd5ab751845d62ac (unverified)
﻿17:39:18 : Player #1 [DMN]-Mario - Legacy GUID: 56ac695fcf6c9ba0429307fd875141a4
﻿17:39:18 : Verified GUID (90efe9555b6c518bdd5ab751845d62ac) of player #1 [DMN]-Mario
﻿17:45:00 : RCon admin #1: (Global) BEC : This server will restart in 15 minutes
﻿17:55:00 : RCon admin #1: (Global) BEC : This server will restart in 5 minutes
﻿17:56:54 : Player #1 [DMN]-Mario (90efe9555b6c518bdd5ab751845d62ac) has been kicked by BattlEye: Client not responding
﻿17:59:00 : RCon admin #1: (Global) BEC : This server will restart in 1 minute, Log out now!
﻿17:59:35 : Player #0 Jose Luis disconnected
﻿18:00:01 : Lost Connection!
﻿18:00:01 : Closing socket & exiting!
﻿18:01:15 : Rcon client logging in
﻿18:01:15 : RCon admin #1 (127.0.0.1:60486) logged in
﻿18:07:11 : Player #1 NightdeadBCE (179.60.255.133:2304) connected
﻿18:07:13 : Player #1 NightdeadBCE - GUID: 72a59a89ede6f3de4385238017ea1962 (unverified)
﻿18:07:14 : Player #1 NightdeadBCE - Legacy GUID: c1ba06f51bfa403cdb1d7c96b7452034
﻿18:07:14 : Verified GUID (72a59a89ede6f3de4385238017ea1962) of player #1 NightdeadBCE
﻿18:07:43 : Player #2 [DMN]-Mario (179.60.255.227:2304) connected
﻿18:07:44 : Player #2 [DMN]-Mario - GUID: 90efe9555b6c518bdd5ab751845d62ac (unverified)
﻿18:07:45 : Player #2 [DMN]-Mario - Legacy GUID: 56ac695fcf6c9ba0429307fd875141a4
﻿18:07:45 : Verified GUID (90efe9555b6c518bdd5ab751845d62ac) of player #2 [DMN]-Mario
﻿18:10:04 : Player #0 Jose Luis (d9558a067db2e5932e8a58c619edb83d) has been kicked by BattlEye: Ping too high (1576)
﻿18:10:26 : Player #0 Jose Luis (186.116.55.211:1024) connected
﻿18:10:28 : Player #0 Jose Luis - GUID: d9558a067db2e5932e8a58c619edb83d (unverified)
﻿18:10:28 : Player #0 Jose Luis - Legacy GUID: 7beaaf3c723b44978f2c26b96411e08c
﻿18:10:29 : Verified GUID (d9558a067db2e5932e8a58c619edb83d) of player #0 Jose Luis
﻿18:18:42 : Player #2 [DMN]-Mario (90efe9555b6c518bdd5ab751845d62ac) has been kicked by BattlEye: Ping too high (1389)
﻿18:22:28 : Player #2 [DMN]-Mario (179.60.255.227:2304) connected
﻿18:22:32 : Player #2 [DMN]-Mario - GUID: 90efe9555b6c518bdd5ab751845d62ac (unverified)
﻿18:22:32 : Verified GUID (90efe9555b6c518bdd5ab751845d62ac) of player #2 [DMN]-Mario
﻿18:22:33 : Player #2 [DMN]-Mario - Legacy GUID: 56ac695fcf6c9ba0429307fd875141a4
﻿18:23:30 : Player #0 Jose Luis (d9558a067db2e5932e8a58c619edb83d) has been kicked by BattlEye: Ping too high (1497)
﻿18:25:10 : Player #0 Jose Luis (186.116.55.211:1024) connected
﻿18:25:12 : Player #0 Jose Luis - GUID: d9558a067db2e5932e8a58c619edb83d (unverified)
﻿18:25:13 : Player #0 Jose Luis - Legacy GUID: 7beaaf3c723b44978f2c26b96411e08c
﻿18:25:13 : Verified GUID (d9558a067db2e5932e8a58c619edb83d) of player #0 Jose Luis
﻿18:37:07 : Player #2 [DMN]-Mario disconnected
﻿18:37:16 : Player #3 [DMN]-Mario (179.60.255.227:2304) connected
﻿18:37:18 : Player #3 [DMN]-Mario - GUID: 90efe9555b6c518bdd5ab751845d62ac (unverified)
﻿18:37:18 : Player #3 [DMN]-Mario - Legacy GUID: 56ac695fcf6c9ba0429307fd875141a4
﻿18:37:19 : Verified GUID (90efe9555b6c518bdd5ab751845d62ac) of player #3 [DMN]-Mario
﻿19:01:59 : Player #2 [DMN] Kostia (181.29.33.46:2304) connected
﻿19:02:01 : Player #2 [DMN] Kostia - GUID: 4bd080feb9dc4ff46effb0ff0b50008d (unverified)
﻿19:02:01 : Player #2 [DMN] Kostia - Legacy GUID: 5aa78dd92e5c0b343e5604a97acf3a4e
﻿19:02:01 : Verified GUID (4bd080feb9dc4ff46effb0ff0b50008d) of player #2 [DMN] Kostia
﻿19:02:02 : Player #2 [DMN] Kostia disconnected
﻿19:05:55 : Player #2 [DMN] Kostia (181.29.33.46:2304) connected
﻿19:05:57 : Player #2 [DMN] Kostia - GUID: 4bd080feb9dc4ff46effb0ff0b50008d (unverified)
﻿19:05:57 : Verified GUID (4bd080feb9dc4ff46effb0ff0b50008d) of player #2 [DMN] Kostia
﻿19:05:58 : Player #2 [DMN] Kostia - Legacy GUID: 5aa78dd92e5c0b343e5604a97acf3a4e
﻿19:06:40 : Player #4 PLAYER 1 (201.214.30.200:2304) connected
﻿19:06:41 : Player #4 PLAYER 1 - GUID: f567e3f759d7a50ebf85e6352899ac3d (unverified)
﻿19:06:42 : Player #4 PLAYER 1 - Legacy GUID: 506275391ea03aeb5ea6d6af0d67e0ea
﻿19:06:42 : Verified GUID (f567e3f759d7a50ebf85e6352899ac3d) of player #4 PLAYER 1
﻿19:06:43 : Player #4 PLAYER 1 disconnected
﻿19:06:49 : Player #4 PLAYER 1 (201.214.30.200:2304) connected
﻿19:06:50 : Player #4 PLAYER 1 - GUID: f567e3f759d7a50ebf85e6352899ac3d (unverified)
﻿19:06:51 : Verified GUID (f567e3f759d7a50ebf85e6352899ac3d) of player #4 PLAYER 1
﻿19:06:51 : Player #4 PLAYER 1 - Legacy GUID: 506275391ea03aeb5ea6d6af0d67e0ea
﻿19:06:51 : Player #4 PLAYER 1 disconnected
﻿19:07:15 : Player #4 PLAYER 1 (201.214.30.200:2304) connected
﻿19:07:16 : Player #4 PLAYER 1 - GUID: f567e3f759d7a50ebf85e6352899ac3d (unverified)
﻿19:07:16 : Verified GUID (f567e3f759d7a50ebf85e6352899ac3d) of player #4 PLAYER 1
﻿19:07:17 : Player #4 PLAYER 1 disconnected
﻿19:20:51 : Player #4 miche (152.170.105.37:2304) connected
﻿19:20:52 : Player #4 miche - GUID: ffa71e4d8c69929b0afbf089077f7d39 (unverified)
﻿19:20:53 : Verified GUID (ffa71e4d8c69929b0afbf089077f7d39) of player #4 miche
﻿19:20:53 : Player #4 miche - Legacy GUID: ffaf6293d73af5248d9ad882357324dc
﻿19:25:16 : Player #5 Azrael1x (191.80.140.74:2304) connected
﻿19:25:17 : Player #5 Azrael1x - GUID: f3bbe77e31363319b3378084ddcb86d8 (unverified)
﻿19:25:18 : Verified GUID (f3bbe77e31363319b3378084ddcb86d8) of player #5 Azrael1x
﻿19:25:19 : Player #5 Azrael1x - Legacy GUID: 872394ca0b82ad6e77d13dc8f5141d95
﻿19:25:22 : Player #5 Azrael1x disconnected
﻿19:26:56 : Player #5 Azrael1x (191.80.140.74:2304) connected
﻿19:26:57 : Player #5 Azrael1x - GUID: f3bbe77e31363319b3378084ddcb86d8 (unverified)
﻿19:26:58 : Verified GUID (f3bbe77e31363319b3378084ddcb86d8) of player #5 Azrael1x
﻿19:26:58 : Player #5 Azrael1x - Legacy GUID: 872394ca0b82ad6e77d13dc8f5141d95
﻿19:28:39 : Player #6 BIgote (186.55.67.162:47839) connected
﻿19:28:40 : Player #6 BIgote - GUID: b2ff206840a64d7fa530377b2c3dbfd4 (unverified)
﻿19:28:41 : Verified GUID (b2ff206840a64d7fa530377b2c3dbfd4) of player #6 BIgote
﻿19:28:41 : Player #6 BIgote - Legacy GUID: 0ff4b43479c9ed317ab10d657c3aea9a
﻿19:38:02 : Player #2 [DMN] Kostia disconnected
﻿19:39:16 : Player #2 Malmsteen (186.91.245.69:2304) connected
﻿19:39:18 : Player #2 Malmsteen - GUID: 70d898d24e09807e6b3045cb7402514e (unverified)
﻿19:39:18 : Verified GUID (70d898d24e09807e6b3045cb7402514e) of player #2 Malmsteen
﻿19:39:19 : Player #2 Malmsteen - Legacy GUID: ce2a1e66e3fdb15a9b43a92a413d4a9c
﻿19:41:31 : Player #1 NightdeadBCE disconnected
﻿19:42:37 : Player #2 Malmsteen disconnected
﻿19:42:57 : Player #1 NightdeadBCE (179.60.255.133:2304) connected
﻿19:42:58 : Player #1 NightdeadBCE - GUID: 72a59a89ede6f3de4385238017ea1962 (unverified)
﻿19:42:59 : Verified GUID (72a59a89ede6f3de4385238017ea1962) of player #1 NightdeadBCE
﻿19:42:59 : Player #1 NightdeadBCE - Legacy GUID: c1ba06f51bfa403cdb1d7c96b7452034
﻿19:44:59 : Player #2 Malmsteen (186.91.245.69:2304) connected
﻿19:45:01 : Player #2 Malmsteen - GUID: 70d898d24e09807e6b3045cb7402514e (unverified)
﻿19:45:01 : Verified GUID (70d898d24e09807e6b3045cb7402514e) of player #2 Malmsteen
﻿19:45:02 : Player #2 Malmsteen - Legacy GUID: ce2a1e66e3fdb15a9b43a92a413d4a9c
﻿19:45:54 : Player #7 FoxMonter (138.121.162.212:2304) connected
﻿19:45:55 : Player #7 FoxMonter - GUID: 5a30a70c53613ceaa1d934355f4929a9 (unverified)
﻿19:45:55 : Verified GUID (5a30a70c53613ceaa1d934355f4929a9) of player #7 FoxMonter
﻿19:45:56 : Player #7 FoxMonter - Legacy GUID: e41b53a41874a4bcdc759793edb448fa
﻿19:45:58 : Player #7 FoxMonter disconnected
﻿20:13:28 : Player #3 [DMN]-Mario (90efe9555b6c518bdd5ab751845d62ac) has been kicked by BattlEye: Ping too high (1248)
﻿20:22:20 : Player #3 [DMN]-Mario (179.60.255.227:2304) connected
﻿20:22:22 : Player #3 [DMN]-Mario - GUID: 90efe9555b6c518bdd5ab751845d62ac (unverified)
﻿20:22:23 : Verified GUID (90efe9555b6c518bdd5ab751845d62ac) of player #3 [DMN]-Mario
﻿20:22:24 : Player #3 [DMN]-Mario - Legacy GUID: 56ac695fcf6c9ba0429307fd875141a4
﻿20:25:04 : Player #0 Jose Luis disconnected
﻿20:25:29 : Player #7 Agustin (181.22.15.88:2304) connected
﻿20:25:30 : Player #7 Agustin - GUID: 0b0a46fef1130a3d93b3032a25f2427c (unverified)
﻿20:25:31 : Verified GUID (0b0a46fef1130a3d93b3032a25f2427c) of player #7 Agustin
﻿20:25:31 : Player #7 Agustin - Legacy GUID: 3ecb37fe4b092a21c8a1c69b5ad2b9d4
﻿20:32:30 : Player #0 marc (190.177.219.102:24205) connected
﻿20:32:31 : Player #0 marc - GUID: 46e16e6f1d3acdac044150865d6fbd9a (unverified)
﻿20:32:32 : Verified GUID (46e16e6f1d3acdac044150865d6fbd9a) of player #0 marc
﻿20:32:32 : Player #0 marc - Legacy GUID: bc5c9cf2a168da04b78b88a995a643a8
﻿20:32:43 : Player #7 Agustin (0b0a46fef1130a3d93b3032a25f2427c) has been kicked by BattlEye: Client not responding
﻿20:34:52 : Player #7 [MM] Crono (190.134.89.19:49760) connected
﻿20:34:53 : Player #7 [MM] Crono - GUID: c25b2fadb7c752af49821de68becdd54 (unverified)
﻿20:34:54 : Verified GUID (c25b2fadb7c752af49821de68becdd54) of player #7 [MM] Crono
﻿20:34:54 : Player #7 [MM] Crono - Legacy GUID: 52525e1b2b30c98a72c1bc80c96e9fab
﻿20:35:12 : Player #3 [DMN]-Mario disconnected
﻿20:45:00 : RCon admin #1: (Global) BEC : This server will restart in 15 minutes
﻿20:55:00 : RCon admin #1: (Global) BEC : This server will restart in 5 minutes
﻿20:57:16 : Player #6 BIgote disconnected
﻿20:58:27 : Player #0 marc disconnected
﻿20:59:00 : RCon admin #1: (Global) BEC : Server restart in 1 minute, Log out NOW!
﻿20:59:53 : Player #5 Azrael1x disconnected
﻿21:00:01 : Lost Connection!
﻿21:00:01 : Closing socket & exiting!
﻿21:01:15 : Rcon client logging in
﻿21:01:15 : RCon admin #1 (127.0.0.1:60132) logged in
﻿21:01:41 : Player #0 Malmsteen (186.91.245.69:2304) connected
﻿21:01:45 : Player #0 Malmsteen - Legacy GUID: ce2a1e66e3fdb15a9b43a92a413d4a9c
﻿21:01:45 : Player #0 Malmsteen - GUID: 70d898d24e09807e6b3045cb7402514e (unverified)
﻿21:01:47 : Verified GUID (70d898d24e09807e6b3045cb7402514e) of player #0 Malmsteen
﻿21:03:45 : Player #1 NightdeadBCE (179.60.255.133:2304) connected
﻿21:03:47 : Player #1 NightdeadBCE - GUID: 72a59a89ede6f3de4385238017ea1962 (unverified)
﻿21:03:47 : Player #1 NightdeadBCE - Legacy GUID: c1ba06f51bfa403cdb1d7c96b7452034
﻿21:03:47 : Verified GUID (72a59a89ede6f3de4385238017ea1962) of player #1 NightdeadBCE
﻿21:04:23 : Player #2 Agustin (181.22.15.88:2304) connected
﻿21:04:24 : Player #2 Agustin - GUID: 0b0a46fef1130a3d93b3032a25f2427c (unverified)
﻿21:04:25 : Player #2 Agustin - Legacy GUID: 3ecb37fe4b092a21c8a1c69b5ad2b9d4
﻿21:04:27 : Verified GUID (0b0a46fef1130a3d93b3032a25f2427c) of player #2 Agustin
﻿21:04:59 : Player #3 Azrael1x (191.80.140.74:2304) connected
﻿21:05:00 : Player #3 Azrael1x - GUID: f3bbe77e31363319b3378084ddcb86d8 (unverified)
﻿21:05:00 : Verified GUID (f3bbe77e31363319b3378084ddcb86d8) of player #3 Azrael1x
﻿21:05:01 : Player #3 Azrael1x - Legacy GUID: 872394ca0b82ad6e77d13dc8f5141d95
﻿21:05:03 : Player #3 Azrael1x disconnected
﻿21:06:14 : Player #3 [MM] Crono (190.134.89.19:55129) connected
﻿21:06:16 : Player #3 [MM] Crono - GUID: c25b2fadb7c752af49821de68becdd54 (unverified)
﻿21:06:16 : Verified GUID (c25b2fadb7c752af49821de68becdd54) of player #3 [MM] Crono
﻿21:06:17 : Player #3 [MM] Crono - Legacy GUID: 52525e1b2b30c98a72c1bc80c96e9fab
﻿21:07:11 : Player #4 Azrael1x (191.80.140.74:2304) connected
﻿21:07:12 : Player #4 Azrael1x - GUID: f3bbe77e31363319b3378084ddcb86d8 (unverified)
﻿21:07:13 : Verified GUID (f3bbe77e31363319b3378084ddcb86d8) of player #4 Azrael1x
﻿21:07:13 : Player #4 Azrael1x - Legacy GUID: 872394ca0b82ad6e77d13dc8f5141d95
﻿21:07:45 : Player #3 [MM] Crono disconnected
﻿21:07:53 : Player #2 Agustin (0b0a46fef1130a3d93b3032a25f2427c) has been kicked by BattlEye: Client not responding
﻿21:07:59 : Player #3 Loser (190.163.133.35:2304) connected
﻿21:08:00 : Player #3 Loser - GUID: a9d6659762f14cee41c89f5900fedcd9 (unverified)
﻿21:08:01 : Verified GUID (a9d6659762f14cee41c89f5900fedcd9) of player #3 Loser
﻿21:08:01 : Player #3 Loser - Legacy GUID: 33b770d67c96d4833e15f1ae8af11b40
﻿21:11:40 : Player #2 santiago (181.138.108.114:11628) connected
﻿21:11:42 : Player #2 santiago - GUID: 5f72597ccf11380055e35a403a02fb81 (unverified)
﻿21:11:43 : Verified GUID (5f72597ccf11380055e35a403a02fb81) of player #2 santiago
﻿21:11:44 : Player #2 santiago - Legacy GUID: f8c8299b0a688de480efb946d670fbbd
﻿22:02:40 : Player #4 Azrael1x (f3bbe77e31363319b3378084ddcb86d8) has been kicked by BattlEye: Client not responding
﻿22:03:43 : Player #4 Azrael1x (191.80.249.98:2304) connected
﻿22:03:45 : Player #4 Azrael1x - GUID: f3bbe77e31363319b3378084ddcb86d8 (unverified)
﻿22:03:45 : Player #4 Azrael1x - Legacy GUID: 872394ca0b82ad6e77d13dc8f5141d95
﻿22:03:45 : Verified GUID (f3bbe77e31363319b3378084ddcb86d8) of player #4 Azrael1x
﻿22:04:31 : Player #3 Loser disconnected
﻿22:32:16 : Player #4 Azrael1x disconnected
﻿22:38:55 : Player #2 santiago disconnected
﻿23:24:34 : Player #2 ChakalMDP (190.50.126.178:2304) connected
﻿23:24:35 : Player #2 ChakalMDP - GUID: 629ae821618e45eb86bb23957ac4998f (unverified)
﻿23:24:36 : Verified GUID (629ae821618e45eb86bb23957ac4998f) of player #2 ChakalMDP
﻿23:24:36 : Player #2 ChakalMDP - Legacy GUID: 69bdc054d03d70bfe9ccde7fb87c0a06
﻿23:24:42 : Player #3 SabryBCE (190.188.53.119:2304) connected
﻿23:24:43 : Player #3 SabryBCE - GUID: 217382261bf7f6f846292a363b8cbf33 (unverified)
﻿23:24:44 : Verified GUID (217382261bf7f6f846292a363b8cbf33) of player #3 SabryBCE
﻿23:24:44 : Player #3 SabryBCE - Legacy GUID: 1beccf3f34413a8a64d54a064c7f909a
﻿23:27:06 : Player #2 ChakalMDP (629ae821618e45eb86bb23957ac4998f) has been kicked by BattlEye: Failed to update
﻿23:32:20 : Player #2 ChakalMDP (190.50.126.178:2304) connected
﻿23:32:22 : Player #2 ChakalMDP - GUID: 629ae821618e45eb86bb23957ac4998f (unverified)
﻿23:32:22 : Player #2 ChakalMDP - Legacy GUID: 69bdc054d03d70bfe9ccde7fb87c0a06
﻿23:32:22 : Verified GUID (629ae821618e45eb86bb23957ac4998f) of player #2 ChakalMDP
﻿23:34:55 : Player #2 ChakalMDP (629ae821618e45eb86bb23957ac4998f) has been kicked by BattlEye: Failed to update
﻿23:36:11 : Player #2 ChakalMDP (190.50.126.178:2304) connected
﻿23:36:12 : Player #2 ChakalMDP - GUID: 629ae821618e45eb86bb23957ac4998f (unverified)
﻿23:36:13 : Verified GUID (629ae821618e45eb86bb23957ac4998f) of player #2 ChakalMDP
﻿23:36:14 : Player #2 ChakalMDP - Legacy GUID: 69bdc054d03d70bfe9ccde7fb87c0a06
﻿23:38:44 : Player #2 ChakalMDP (629ae821618e45eb86bb23957ac4998f) has been kicked by BattlEye: Failed to update
﻿23:45:00 : RCon admin #1: (Global) BEC : This server will restart in 15 minutes
﻿23:45:28 : Player #3 SabryBCE (217382261bf7f6f846292a363b8cbf33) has been kicked by BattlEye: Ping too high (2094)
﻿23:46:42 : Player #2 ChakalMDP (190.50.126.178:2304) connected
﻿23:46:44 : Player #2 ChakalMDP - GUID: 629ae821618e45eb86bb23957ac4998f (unverified)
﻿23:46:45 : Player #2 ChakalMDP - Legacy GUID: 69bdc054d03d70bfe9ccde7fb87c0a06
﻿23:46:45 : Verified GUID (629ae821618e45eb86bb23957ac4998f) of player #2 ChakalMDP
﻿23:48:40 : Player #3 SabryBCE (190.188.53.119:2304) connected
﻿23:48:43 : Player #3 SabryBCE - GUID: 217382261bf7f6f846292a363b8cbf33 (unverified)
﻿23:48:43 : Player #3 SabryBCE - Legacy GUID: 1beccf3f34413a8a64d54a064c7f909a
﻿23:48:43 : Verified GUID (217382261bf7f6f846292a363b8cbf33) of player #3 SabryBCE
﻿23:49:15 : Player #2 ChakalMDP (629ae821618e45eb86bb23957ac4998f) has been kicked by BattlEye: Failed to update
﻿23:49:32 : Player #3 SabryBCE (217382261bf7f6f846292a363b8cbf33) has been kicked by BattlEye: Ping too high (1732)
﻿23:53:32 : Player #2 SabryBCE (190.188.53.119:2304) connected
﻿23:53:33 : Player #2 SabryBCE - GUID: 217382261bf7f6f846292a363b8cbf33 (unverified)
﻿23:53:34 : Verified GUID (217382261bf7f6f846292a363b8cbf33) of player #2 SabryBCE
﻿23:53:35 : Player #2 SabryBCE - Legacy GUID: 1beccf3f34413a8a64d54a064c7f909a
﻿23:55:00 : RCon admin #1: (Global) BEC : This server will restart in 5 minutes
﻿23:55:56 : Player #3 Jose Luis (186.116.55.211:2304) connected
﻿23:55:58 : Player #3 Jose Luis - GUID: d9558a067db2e5932e8a58c619edb83d (unverified)
﻿23:55:59 : Player #3 Jose Luis - Legacy GUID: 7beaaf3c723b44978f2c26b96411e08c
﻿23:55:59 : Verified GUID (d9558a067db2e5932e8a58c619edb83d) of player #3 Jose Luis
﻿23:59:00 : RCon admin #1: (Global) BEC : This server will restart in 1 minute, Log out now!
﻿23:59:34 : Player #3 Jose Luis disconnected
