00:00:01 : Lost Connection!
﻿00:00:01 : Closing socket & exiting!
﻿00:01:15 : Rcon client logging in
﻿00:01:15 : RCon admin #1 (127.0.0.1:63438) logged in
﻿00:16:40 : Player #0 JF (190.185.192.18:26512) connected
﻿00:16:41 : Player #0 JF - GUID: 93a2a9d9bc7acb34122becec3305fde7 (unverified)
﻿00:16:42 : Player #0 JF - Legacy GUID: 1e3460faa1452299ec3b5f220fe797e0
﻿00:16:42 : Verified GUID (93a2a9d9bc7acb34122becec3305fde7) of player #0 JF
﻿00:23:26 : Player #1 MaX_Turbo (186.78.171.186:2304) connected
﻿00:23:29 : Player #1 MaX_Turbo - GUID: f119d3299e264ba923a0598970840be1 (unverified)
﻿00:23:29 : Verified GUID (f119d3299e264ba923a0598970840be1) of player #1 MaX_Turbo
﻿00:23:30 : Player #1 MaX_Turbo disconnected
﻿00:25:45 : Player #1 Repus (177.155.105.247:2304) connected
﻿00:25:46 : Player #1 Repus - GUID: 92d3929abd4e540b58a1d9c7cc76e344 (unverified)
﻿00:25:47 : Verified GUID (92d3929abd4e540b58a1d9c7cc76e344) of player #1 Repus
﻿00:25:47 : Player #1 Repus - Legacy GUID: da462235cf4287a7ba4a53bb64590698
﻿00:29:22 : Player #2 Adrian (186.128.8.2:2304) connected
﻿00:29:23 : Player #2 Adrian - GUID: 82adfef4f7fb145f72f2c1b5a5fedb05 (unverified)
﻿00:29:24 : Player #2 Adrian - Legacy GUID: c5b8c61fb9055a3a3cbb7c6216bb6916
﻿00:29:24 : Verified GUID (82adfef4f7fb145f72f2c1b5a5fedb05) of player #2 Adrian
﻿00:29:25 : Player #2 Adrian disconnected
﻿00:32:28 : Player #1 Repus disconnected
﻿00:35:20 : Player #1 =[666]=Pablo_RC (190.30.197.50:2304) connected
﻿00:35:21 : Player #1 =[666]=Pablo_RC - GUID: 16ebd31255bd18b763ce392730470383 (unverified)
﻿00:35:22 : Verified GUID (16ebd31255bd18b763ce392730470383) of player #1 =[666]=Pablo_RC
﻿00:35:22 : Player #1 =[666]=Pablo_RC - Legacy GUID: 62092891985ca79d88439c3834084445
﻿00:42:29 : Player #2 volkgranadier (189.85.160.73:27016) connected
﻿00:42:33 : Player #2 volkgranadier - GUID: edcd8946a145d4580f2cd0ff63e5e420 (unverified)
﻿00:42:33 : Player #2 volkgranadier - Legacy GUID: 07e25fb3095e06856474e99759cd37f1
﻿00:42:33 : Verified GUID (edcd8946a145d4580f2cd0ff63e5e420) of player #2 volkgranadier
﻿00:42:41 : Player #2 volkgranadier disconnected
﻿00:47:35 : Player #2 Dragons (186.22.173.62:2304) connected
﻿00:47:36 : Player #2 Dragons - GUID: 3c6c048346652b2441b43e719a05201a (unverified)
﻿00:47:37 : Verified GUID (3c6c048346652b2441b43e719a05201a) of player #2 Dragons
﻿00:47:37 : Player #2 Dragons - Legacy GUID: 3913b982b8c60e961ef4fc2d2bc88df7
﻿01:18:41 : Player #3 LucianoMota (191.32.92.119:2304) connected
﻿01:18:42 : Player #3 LucianoMota - GUID: 0c5c2c292a897b1260d0a18f9730f3e2 (unverified)
﻿01:18:43 : Verified GUID (0c5c2c292a897b1260d0a18f9730f3e2) of player #3 LucianoMota
﻿01:18:43 : Player #3 LucianoMota - Legacy GUID: 9e7cf1b822359792b9b0833424d23809
﻿01:18:43 : Player #3 LucianoMota disconnected
﻿01:27:15 : Player #3 Xelo (190.161.42.222:2304) connected
﻿01:27:16 : Player #3 Xelo - GUID: 54cd1f02ce6966f461e5c2046b8c1d16 (unverified)
﻿01:27:17 : Verified GUID (54cd1f02ce6966f461e5c2046b8c1d16) of player #3 Xelo
﻿01:27:17 : Player #3 Xelo - Legacy GUID: cc4b884cc9538d8c8bc0dc9d6118c1e2
﻿01:27:17 : Player #3 Xelo disconnected
﻿01:31:43 : Player #3 Sirfes-AR (186.39.211.25:2304) connected
﻿01:31:44 : Player #3 Sirfes-AR - GUID: 2bb87957999ef128136a91e55814387e (unverified)
﻿01:31:44 : Verified GUID (2bb87957999ef128136a91e55814387e) of player #3 Sirfes-AR
﻿01:31:45 : Player #3 Sirfes-AR - Legacy GUID: 9029f11d17f3e3d0814db86b7e6f7e15
﻿01:34:52 : Player #3 Sirfes-AR disconnected
﻿01:54:45 : Player #1 =[666]=Pablo_RC disconnected
﻿02:15:15 : Player #1 Sirfes-AR (186.39.211.25:2304) connected
﻿02:15:17 : Player #1 Sirfes-AR - GUID: 2bb87957999ef128136a91e55814387e (unverified)
﻿02:15:17 : Verified GUID (2bb87957999ef128136a91e55814387e) of player #1 Sirfes-AR
﻿02:15:17 : Player #1 Sirfes-AR - Legacy GUID: 9029f11d17f3e3d0814db86b7e6f7e15
﻿02:34:57 : Player #3 Natrham (190.162.46.125:2304) connected
﻿02:34:58 : Player #3 Natrham - GUID: aa24051e4db0d6d5bd74164e831bd8a6 (unverified)
﻿02:34:59 : Verified GUID (aa24051e4db0d6d5bd74164e831bd8a6) of player #3 Natrham
﻿02:34:59 : Player #3 Natrham - Legacy GUID: ae89611c9c09f3467ecb363a67801c3f
﻿02:36:08 : Player #4 Paladin (189.129.47.62:58716) connected
﻿02:36:09 : Player #4 Paladin - GUID: 9cc2b3e61b4f41eba94eee408e0063b3 (unverified)
﻿02:36:10 : Verified GUID (9cc2b3e61b4f41eba94eee408e0063b3) of player #4 Paladin
﻿02:36:10 : Player #4 Paladin - Legacy GUID: 512af83a801ac33e7d6e05fbb915d32d
﻿02:36:35 : Player #1 Sirfes-AR disconnected
﻿02:38:57 : Player #3 Natrham disconnected
﻿02:42:11 : Player #1 DueTheSharks (189.79.173.62:2304) connected
﻿02:42:15 : Player #1 DueTheSharks - GUID: a608a2afa9b88118ac6b56f36b79c272 (unverified)
﻿02:42:16 : Verified GUID (a608a2afa9b88118ac6b56f36b79c272) of player #1 DueTheSharks
﻿02:42:18 : Player #1 DueTheSharks - Legacy GUID: b99dafb79175f6b459cc10a15ca70c21
﻿02:42:19 : Player #1 DueTheSharks - Legacy GUID: b99dafb79175f6b459cc10a15ca70c21
﻿02:42:22 : Player #1 DueTheSharks disconnected
﻿02:45:00 : RCon admin #1: (Global) BEC : This server will restart in 15 minutes
﻿02:47:49 : Player #1 pedro (167.61.203.18:2304) connected
﻿02:47:50 : Player #1 pedro - GUID: 408626e74a92149e91977b58b9c72fdc (unverified)
﻿02:47:51 : Verified GUID (408626e74a92149e91977b58b9c72fdc) of player #1 pedro
﻿02:47:52 : Player #1 pedro disconnected
﻿02:55:00 : RCon admin #1: (Global) BEC : This server will restart in 5 minutes
﻿02:59:00 : RCon admin #1: (Global) BEC : This server will restart in 1 minute, Log out now!
﻿02:59:02 : Player #2 Dragons (3c6c048346652b2441b43e719a05201a) has been kicked by BattlEye: Ping too high (452)
﻿03:00:01 : Lost Connection!
﻿03:00:01 : Closing socket & exiting!
﻿03:01:15 : Rcon client logging in
﻿03:01:15 : RCon admin #1 (127.0.0.1:49324) logged in
﻿03:05:48 : Player #0 JF (190.185.192.18:26512) connected
﻿03:05:50 : Player #0 JF - GUID: 93a2a9d9bc7acb34122becec3305fde7 (unverified)
﻿03:05:50 : Verified GUID (93a2a9d9bc7acb34122becec3305fde7) of player #0 JF
﻿03:05:51 : Player #0 JF - Legacy GUID: 1e3460faa1452299ec3b5f220fe797e0
﻿04:00:20 : Player #1 Paladin (189.129.47.62:62590) connected
﻿04:00:21 : Player #1 Paladin - GUID: 9cc2b3e61b4f41eba94eee408e0063b3 (unverified)
﻿04:00:22 : Verified GUID (9cc2b3e61b4f41eba94eee408e0063b3) of player #1 Paladin
﻿04:00:22 : Player #1 Paladin - Legacy GUID: 512af83a801ac33e7d6e05fbb915d32d
﻿05:26:47 : Player #0 JF disconnected
﻿05:29:35 : Player #1 Paladin disconnected
﻿05:45:00 : RCon admin #1: (Global) BEC : This server will restart in 15 minutes
﻿05:55:00 : RCon admin #1: (Global) BEC : This server will restart in 5 minutes
﻿05:59:00 : RCon admin #1: (Global) BEC : This server will restart in 1 minute, Log out now!
﻿06:00:01 : Lost Connection!
﻿06:00:01 : Closing socket & exiting!
﻿06:01:15 : Rcon client logging in
﻿06:01:15 : RCon admin #1 (127.0.0.1:50913) logged in
﻿06:19:18 : Player #0 erick (190.142.4.45:2304) connected
﻿06:19:21 : Player #0 erick - GUID: 198f02b51450b8d8977f05c28f086096 (unverified)
﻿06:19:21 : Verified GUID (198f02b51450b8d8977f05c28f086096) of player #0 erick
﻿06:19:22 : Player #0 erick - Legacy GUID: f0eca0baf5cabd8b2e140142ee086bdf
﻿06:36:19 : Player #0 erick (198f02b51450b8d8977f05c28f086096) has been kicked by BattlEye: Client not responding
﻿07:44:06 : Player #0 erick (190.142.4.45:2304) connected
﻿07:44:07 : Player #0 erick - GUID: 198f02b51450b8d8977f05c28f086096 (unverified)
﻿07:44:08 : Verified GUID (198f02b51450b8d8977f05c28f086096) of player #0 erick
﻿07:44:08 : Player #0 erick - Legacy GUID: f0eca0baf5cabd8b2e140142ee086bdf
﻿08:00:46 : Player #0 erick disconnected
﻿08:45:00 : RCon admin #1: (Global) BEC : This server will restart in 15 minutes
﻿08:55:00 : RCon admin #1: (Global) BEC : This server will restart in 5 minutes
﻿08:59:00 : RCon admin #1: (Global) BEC : This server will restart in 1 minute, Log out now!
﻿09:00:01 : Lost Connection!
﻿09:00:01 : Closing socket & exiting!
﻿09:01:15 : Rcon client logging in
﻿09:01:15 : RCon admin #1 (127.0.0.1:52361) logged in
﻿09:05:54 : Player #0 Cristian (186.62.74.162:2304) connected
﻿09:05:56 : Could not connect to BE Master
﻿09:05:56 : Update attempt failed
﻿09:06:03 : Player #0 Cristian disconnected
﻿09:06:22 : Player #0 Cristian (186.62.74.162:2304) connected
﻿09:06:23 : Player #0 Cristian disconnected
﻿09:19:22 : Player #0 Punispyer (191.36.196.177:2304) connected
﻿09:19:24 : Could not connect to BE Master
﻿09:19:24 : Update attempt failed
﻿09:19:33 : Player #0 Punispyer disconnected
﻿09:56:47 : Player #0 Dragons (186.22.173.62:2304) connected
﻿09:56:48 : Player #0 Dragons - GUID: 3c6c048346652b2441b43e719a05201a (unverified)
﻿09:56:49 : Verified GUID (3c6c048346652b2441b43e719a05201a) of player #0 Dragons
﻿09:56:49 : Player #0 Dragons - Legacy GUID: 3913b982b8c60e961ef4fc2d2bc88df7
﻿09:56:49 : Could not connect to BE Master
﻿09:56:49 : Update attempt failed
﻿09:58:46 : Could not connect to BE Master
﻿09:58:46 : Update attempt failed
﻿10:00:43 : Could not connect to BE Master
﻿10:00:43 : Update attempt failed
﻿10:02:40 : Could not connect to BE Master
﻿10:02:40 : Update attempt failed
﻿10:04:36 : Could not connect to BE Master
﻿10:04:37 : Update attempt failed
﻿10:06:34 : Could not connect to BE Master
﻿10:06:34 : Update attempt failed
﻿10:08:30 : Could not connect to BE Master
﻿10:08:30 : Update attempt failed
﻿10:10:03 : Player #0 Dragons (3c6c048346652b2441b43e719a05201a) has been kicked by BattlEye: Client not responding
﻿10:11:21 : Player #0 Dragons (186.22.173.62:1024) connected
﻿10:11:22 : Player #0 Dragons - GUID: 3c6c048346652b2441b43e719a05201a (unverified)
﻿10:11:23 : Verified GUID (3c6c048346652b2441b43e719a05201a) of player #0 Dragons
﻿10:11:23 : Could not connect to BE Master
﻿10:11:23 : Update attempt failed
﻿10:11:24 : Player #0 Dragons - Legacy GUID: 3913b982b8c60e961ef4fc2d2bc88df7
﻿10:13:20 : Could not connect to BE Master
﻿10:13:20 : Update attempt failed
﻿10:15:17 : Could not connect to BE Master
﻿10:15:17 : Update attempt failed
﻿10:17:14 : Could not connect to BE Master
﻿10:17:14 : Update attempt failed
﻿10:19:11 : Could not connect to BE Master
﻿10:19:11 : Update attempt failed
﻿10:21:08 : Could not connect to BE Master
﻿10:21:08 : Update attempt failed
﻿10:23:04 : Could not connect to BE Master
﻿10:23:05 : Update attempt failed
﻿10:24:45 : Player #1 xx (201.252.2.227:2304) connected
﻿10:24:46 : Player #1 xx - GUID: e09bb3357644ed2c195cb16aae6aa80b (unverified)
﻿10:24:47 : Verified GUID (e09bb3357644ed2c195cb16aae6aa80b) of player #1 xx
﻿10:24:47 : Player #1 xx - Legacy GUID: 009f250163157e69809eb59a06fc2074
﻿10:24:48 : Player #1 xx disconnected
﻿10:25:01 : Could not connect to BE Master
﻿10:25:01 : Update attempt failed
﻿10:26:58 : Could not connect to BE Master
﻿10:26:58 : Update attempt failed
﻿10:28:55 : Could not connect to BE Master
﻿10:28:55 : Update attempt failed
﻿10:30:52 : Could not connect to BE Master
﻿10:30:52 : Update attempt failed
﻿10:32:49 : Could not connect to BE Master
﻿10:32:49 : Update attempt failed
﻿10:34:45 : Could not connect to BE Master
﻿10:34:46 : Update attempt failed
﻿10:36:42 : Could not connect to BE Master
﻿10:36:43 : Update attempt failed
﻿10:38:39 : Could not connect to BE Master
﻿10:38:39 : Update attempt failed
﻿10:40:36 : Could not connect to BE Master
﻿10:40:36 : Update attempt failed
﻿10:42:33 : Could not connect to BE Master
﻿10:42:33 : Update attempt failed
﻿10:44:30 : Could not connect to BE Master
﻿10:44:30 : Update attempt failed
﻿10:46:27 : Could not connect to BE Master
﻿10:46:27 : Update attempt failed
﻿10:48:23 : Could not connect to BE Master
﻿10:48:24 : Update attempt failed
﻿10:50:20 : Could not connect to BE Master
﻿10:50:20 : Update attempt failed
﻿10:52:17 : Could not connect to BE Master
﻿10:52:17 : Update attempt failed
﻿10:54:14 : Could not connect to BE Master
﻿10:54:14 : Update attempt failed
﻿10:54:49 : RCon admin #1: (To Dragons) BEC : You have about 60 seconds left to join the mission.
﻿10:55:20 : RCon admin #1: (To Dragons) BEC : You have about 30 seconds left to join the mission.
﻿10:55:35 : RCon admin #1: (To Dragons) BEC : You have about 15 seconds left to join the mission.
﻿10:55:49 : Player #0 Dragons (3c6c048346652b2441b43e719a05201a) has been kicked by BattlEye: Admin Kick (BEC : Lobby idling to long)
﻿11:40:34 : Player #0 Dragons (186.22.173.62:2304) connected
﻿11:40:37 : Player #0 Dragons - GUID: 3c6c048346652b2441b43e719a05201a (unverified)
﻿11:40:37 : Could not connect to BE Master
﻿11:40:37 : Update attempt failed
﻿11:40:37 : Verified GUID (3c6c048346652b2441b43e719a05201a) of player #0 Dragons
﻿11:40:38 : Player #0 Dragons - Legacy GUID: 3913b982b8c60e961ef4fc2d2bc88df7
﻿11:42:34 : Could not connect to BE Master
﻿11:42:34 : Update attempt failed
﻿11:44:30 : Could not connect to BE Master
﻿11:44:31 : Update attempt failed
﻿11:45:00 : RCon admin #1: (Global) BEC : This server will restart in 15 minutes
﻿12:04:50 : Rcon client logging in
﻿12:04:50 : RCon admin #0 (127.0.0.1:49627) logged in
﻿12:08:44 : Player #0 Dragons (186.22.173.62:2304) connected
﻿12:08:45 : Player #0 Dragons - GUID: 3c6c048346652b2441b43e719a05201a (unverified)
﻿12:08:45 : Verified GUID (3c6c048346652b2441b43e719a05201a) of player #0 Dragons
﻿12:08:45 : Player #0 Dragons - Legacy GUID: 3913b982b8c60e961ef4fc2d2bc88df7
﻿12:08:46 : Could not connect to BE Master
﻿12:08:46 : Update attempt failed
﻿12:10:43 : Could not connect to BE Master
﻿12:10:43 : Update attempt failed
﻿12:12:40 : Could not connect to BE Master
﻿12:12:40 : Update attempt failed
﻿12:14:36 : Could not connect to BE Master
﻿12:14:37 : Update attempt failed
﻿12:16:33 : Could not connect to BE Master
﻿12:16:33 : Update attempt failed
﻿12:18:30 : Could not connect to BE Master
﻿12:18:30 : Update attempt failed
﻿12:20:27 : Could not connect to BE Master
﻿12:20:27 : Update attempt failed
﻿12:22:24 : Could not connect to BE Master
﻿12:22:24 : Update attempt failed
﻿12:24:21 : Could not connect to BE Master
﻿12:24:21 : Update attempt failed
﻿12:26:18 : Could not connect to BE Master
﻿12:26:18 : Update attempt failed
﻿12:28:15 : Could not connect to BE Master
﻿12:28:15 : Update attempt failed
﻿12:30:12 : Could not connect to BE Master
﻿12:30:12 : Update attempt failed
﻿12:32:08 : Could not connect to BE Master
﻿12:32:09 : Update attempt failed
﻿12:34:05 : Could not connect to BE Master
﻿12:34:05 : Update attempt failed
﻿12:36:02 : Could not connect to BE Master
﻿12:36:02 : Update attempt failed
﻿12:37:59 : Could not connect to BE Master
﻿12:37:59 : Update attempt failed
﻿12:39:56 : Could not connect to BE Master
﻿12:39:56 : Update attempt failed
﻿12:41:53 : Could not connect to BE Master
﻿12:41:53 : Update attempt failed
﻿12:43:50 : Could not connect to BE Master
﻿12:43:50 : Update attempt failed
﻿12:45:46 : Could not connect to BE Master
﻿12:45:47 : Update attempt failed
﻿12:47:43 : Could not connect to BE Master
﻿12:47:43 : Update attempt failed
﻿12:48:07 : Player #1 JF (190.185.192.18:26512) connected
﻿12:48:08 : Player #1 JF - GUID: 93a2a9d9bc7acb34122becec3305fde7 (unverified)
﻿12:48:09 : Verified GUID (93a2a9d9bc7acb34122becec3305fde7) of player #1 JF
﻿12:48:09 : Player #1 JF - Legacy GUID: 1e3460faa1452299ec3b5f220fe797e0
﻿12:49:40 : Could not connect to BE Master
﻿12:49:41 : Update attempt failed
﻿12:51:49 : Could not connect to BE Master
﻿12:51:49 : Update attempt failed
﻿12:53:46 : Could not connect to BE Master
﻿12:53:46 : Update attempt failed
﻿12:55:43 : Could not connect to BE Master
﻿12:55:43 : Update attempt failed
﻿12:57:40 : Could not connect to BE Master
﻿12:57:40 : Update attempt failed
﻿12:59:36 : Could not connect to BE Master
﻿12:59:36 : Update attempt failed
﻿13:01:33 : Could not connect to BE Master
﻿13:01:33 : Update attempt failed
﻿13:02:59 : Player #1 JF (93a2a9d9bc7acb34122becec3305fde7) has been kicked by BattlEye: Client not responding
﻿13:03:01 : Player #0 Dragons (3c6c048346652b2441b43e719a05201a) has been kicked by BattlEye: Client not responding
﻿13:04:33 : Player #0 Dragons (186.22.173.62:1024) connected
﻿13:04:34 : Player #0 Dragons - GUID: 3c6c048346652b2441b43e719a05201a (unverified)
﻿13:04:35 : Could not connect to BE Master
﻿13:04:35 : Update attempt failed
﻿13:04:35 : Verified GUID (3c6c048346652b2441b43e719a05201a) of player #0 Dragons
﻿13:04:35 : Player #0 Dragons - Legacy GUID: 3913b982b8c60e961ef4fc2d2bc88df7
﻿13:04:51 : Player #1 JF (190.185.192.18:1024) connected
﻿13:04:52 : Player #1 JF - GUID: 93a2a9d9bc7acb34122becec3305fde7 (unverified)
﻿13:04:53 : Verified GUID (93a2a9d9bc7acb34122becec3305fde7) of player #1 JF
﻿13:04:53 : Player #1 JF - Legacy GUID: 1e3460faa1452299ec3b5f220fe797e0
﻿13:06:31 : Could not connect to BE Master
﻿13:06:32 : Update attempt failed
﻿13:07:56 : Player #1 JF (93a2a9d9bc7acb34122becec3305fde7) has been kicked by BattlEye: Client not responding
﻿13:07:57 : Player #0 Dragons (3c6c048346652b2441b43e719a05201a) has been kicked by BattlEye: Client not responding
﻿13:09:46 : Player #0 Dragons (186.22.173.62:2304) connected
﻿13:09:47 : Player #0 Dragons - GUID: 3c6c048346652b2441b43e719a05201a (unverified)
﻿13:09:48 : Verified GUID (3c6c048346652b2441b43e719a05201a) of player #0 Dragons
﻿13:09:48 : Could not connect to BE Master
﻿13:09:48 : Update attempt failed
﻿13:09:48 : Player #0 Dragons - Legacy GUID: 3913b982b8c60e961ef4fc2d2bc88df7
﻿13:11:45 : Could not connect to BE Master
﻿13:11:45 : Update attempt failed
﻿13:13:42 : Could not connect to BE Master
﻿13:13:42 : Update attempt failed
﻿13:14:18 : Player #1 JF (190.185.192.18:26512) connected
﻿13:14:19 : Player #1 JF - GUID: 93a2a9d9bc7acb34122becec3305fde7 (unverified)
﻿13:14:20 : Verified GUID (93a2a9d9bc7acb34122becec3305fde7) of player #1 JF
﻿13:14:20 : Player #1 JF - Legacy GUID: 1e3460faa1452299ec3b5f220fe797e0
﻿13:15:39 : Could not connect to BE Master
﻿13:15:39 : Update attempt failed
﻿13:17:55 : Could not connect to BE Master
﻿13:17:55 : Update attempt failed
﻿13:17:55 : Player #0 Dragons (3c6c048346652b2441b43e719a05201a) has been kicked by BattlEye: Client not responding
﻿13:17:55 : Player #1 JF (93a2a9d9bc7acb34122becec3305fde7) has been kicked by BattlEye: Client not responding
﻿13:19:10 : Player #0 Dragons (186.22.173.62:1024) connected
﻿13:19:11 : Player #0 Dragons - GUID: 3c6c048346652b2441b43e719a05201a (unverified)
﻿13:19:11 : Verified GUID (3c6c048346652b2441b43e719a05201a) of player #0 Dragons
﻿13:19:12 : Player #0 Dragons - Legacy GUID: 3913b982b8c60e961ef4fc2d2bc88df7
﻿13:19:26 : Player #1 JF (190.185.192.18:1024) connected
﻿13:19:27 : Player #1 JF - GUID: 93a2a9d9bc7acb34122becec3305fde7 (unverified)
﻿13:19:28 : Verified GUID (93a2a9d9bc7acb34122becec3305fde7) of player #1 JF
﻿13:19:28 : Player #1 JF - Legacy GUID: 1e3460faa1452299ec3b5f220fe797e0
﻿13:20:47 : No Valid response. Trying to reconnect.!
﻿13:20:47 : Rcon client logging in
﻿13:20:47 : RCon admin #0 (127.0.0.1:49627) logged in
﻿13:21:49 : Could not connect to BE Master
﻿13:21:49 : Update attempt failed
﻿13:23:46 : Could not connect to BE Master
﻿13:23:46 : Update attempt failed
﻿13:25:43 : Could not connect to BE Master
﻿13:25:43 : Update attempt failed
﻿13:27:39 : Could not connect to BE Master
﻿13:27:39 : Update attempt failed
﻿13:29:36 : Could not connect to BE Master
﻿13:29:36 : Update attempt failed
﻿13:31:33 : Could not connect to BE Master
﻿13:31:33 : Update attempt failed
﻿13:33:30 : Could not connect to BE Master
﻿13:33:30 : Update attempt failed
﻿13:35:27 : Could not connect to BE Master
﻿13:35:27 : Update attempt failed
﻿13:37:24 : Could not connect to BE Master
﻿13:37:24 : Update attempt failed
﻿13:38:48 : RCon admin #1 (127.0.0.1:51111) logged in
﻿13:39:11 : Player #2 juandayz (201.253.223.45:2304) connected
﻿13:39:12 : Player #2 juandayz - GUID: d603844e2f77196bf616245ae360213b (unverified)
﻿13:39:13 : Verified GUID (d603844e2f77196bf616245ae360213b) of player #2 juandayz
﻿13:39:14 : Player #2 juandayz - Legacy GUID: a5aa074813dab730e26d67b8a0a0af6c
﻿13:39:20 : Could not connect to BE Master
﻿13:39:21 : Update attempt failed
﻿13:41:17 : Could not connect to BE Master
﻿13:41:17 : Update attempt failed
﻿13:43:14 : Could not connect to BE Master
﻿13:43:14 : Update attempt failed
﻿13:45:11 : Could not connect to BE Master
﻿13:45:11 : Update attempt failed
﻿13:47:08 : Could not connect to BE Master
﻿13:47:08 : Update attempt failed
﻿13:49:05 : Could not connect to BE Master
﻿13:49:05 : Update attempt failed
﻿13:51:02 : Could not connect to BE Master
﻿13:51:02 : Update attempt failed
﻿13:52:59 : Could not connect to BE Master
﻿13:52:59 : Update attempt failed
﻿13:54:56 : Could not connect to BE Master
﻿13:54:56 : Update attempt failed
﻿13:56:52 : Could not connect to BE Master
﻿13:56:52 : Update attempt failed
﻿13:58:49 : Could not connect to BE Master
﻿13:58:49 : Update attempt failed
﻿14:00:54 : Could not connect to BE Master
﻿14:00:54 : Update attempt failed
﻿14:01:53 : Player #2 juandayz (d603844e2f77196bf616245ae360213b) has been kicked by BattlEye: Client not responding
﻿14:02:06 : Player #2 Bad Guy (24.232.71.49:2304) connected
﻿14:02:08 : Player #2 Bad Guy - GUID: dda8f26d97fcb7ca8899f7f65d8536cf (unverified)
﻿14:02:08 : Verified GUID (dda8f26d97fcb7ca8899f7f65d8536cf) of player #2 Bad Guy
﻿14:02:08 : Player #2 Bad Guy disconnected
﻿14:02:18 : Player #2 Bad Guy (24.232.71.49:2304) connected
﻿14:02:19 : Player #2 Bad Guy - GUID: dda8f26d97fcb7ca8899f7f65d8536cf (unverified)
﻿14:02:20 : Verified GUID (dda8f26d97fcb7ca8899f7f65d8536cf) of player #2 Bad Guy
﻿14:02:20 : Player #2 Bad Guy disconnected
﻿14:02:50 : Could not connect to BE Master
﻿14:02:50 : Update attempt failed
﻿14:04:47 : Could not connect to BE Master
﻿14:04:47 : Update attempt failed
﻿14:06:44 : Could not connect to BE Master
﻿14:06:44 : Update attempt failed
﻿14:08:41 : Could not connect to BE Master
﻿14:08:41 : Update attempt failed
﻿14:10:38 : Could not connect to BE Master
﻿14:10:38 : Update attempt failed
﻿14:12:35 : Could not connect to BE Master
﻿14:12:35 : Update attempt failed
﻿14:14:32 : Could not connect to BE Master
﻿14:14:32 : Update attempt failed
﻿14:16:28 : Could not connect to BE Master
﻿14:16:29 : Update attempt failed
﻿14:18:25 : Could not connect to BE Master
﻿14:18:25 : Update attempt failed
﻿14:20:22 : Could not connect to BE Master
﻿14:20:22 : Update attempt failed
﻿14:23:13 : No Valid response. Trying to reconnect.!
﻿14:23:13 : Rcon client logging in
﻿14:23:14 : RCon admin #0 (127.0.0.1:49627) logged in
﻿14:24:16 : Could not connect to BE Master
﻿14:24:16 : Update attempt failed
﻿14:26:12 : Could not connect to BE Master
﻿14:26:12 : Update attempt failed
﻿14:28:09 : Could not connect to BE Master
﻿14:28:09 : Update attempt failed
﻿14:30:06 : Could not connect to BE Master
﻿14:30:06 : Update attempt failed
﻿14:32:03 : Could not connect to BE Master
﻿14:32:03 : Update attempt failed
﻿14:34:00 : Could not connect to BE Master
﻿14:34:00 : Update attempt failed
﻿14:35:57 : Could not connect to BE Master
﻿14:35:57 : Update attempt failed
﻿14:37:53 : Could not connect to BE Master
﻿14:37:54 : Update attempt failed
﻿14:38:26 : Player #2 Bad Guy (24.232.71.49:2304) connected
﻿14:38:27 : Player #2 Bad Guy - GUID: dda8f26d97fcb7ca8899f7f65d8536cf (unverified)
﻿14:38:28 : Verified GUID (dda8f26d97fcb7ca8899f7f65d8536cf) of player #2 Bad Guy
﻿14:38:28 : Player #2 Bad Guy disconnected
﻿14:38:28 : Player #2 Bad Guy - Legacy GUID: e63f5403618860de28c9af75ce0b2365
﻿14:39:50 : Could not connect to BE Master
﻿14:39:50 : Update attempt failed
﻿14:41:47 : Could not connect to BE Master
﻿14:41:47 : Update attempt failed
﻿14:42:42 : Player #2 Bad Guy (24.232.71.49:2304) connected
﻿14:42:44 : Player #2 Bad Guy - GUID: dda8f26d97fcb7ca8899f7f65d8536cf (unverified)
﻿14:42:44 : Player #2 Bad Guy - Legacy GUID: e63f5403618860de28c9af75ce0b2365
﻿14:42:44 : Verified GUID (dda8f26d97fcb7ca8899f7f65d8536cf) of player #2 Bad Guy
﻿14:42:45 : Player #2 Bad Guy disconnected
﻿14:43:44 : Could not connect to BE Master
﻿14:43:44 : Update attempt failed
﻿14:44:08 : Player #2 Leodagos (186.135.81.199:10948) connected
﻿14:44:09 : Player #2 Leodagos - GUID: 927032c3d7c1139aff0ff09424d46da1 (unverified)
﻿14:44:09 : Verified GUID (927032c3d7c1139aff0ff09424d46da1) of player #2 Leodagos
﻿14:44:10 : Player #2 Leodagos - Legacy GUID: d7639dceb9588d3b0ab85f82e92ff8de
﻿14:45:00 : RCon admin #0: (Global) BEC : This server will restart in 15 minutes
﻿14:45:41 : Could not connect to BE Master
﻿14:45:41 : Update attempt failed
﻿14:45:50 : Player #3 Hash (190.231.41.254:26563) connected
﻿14:45:54 : Player #3 Hash - GUID: e202eff5222034a9b266278c21d2e951 (unverified)
﻿14:45:54 : Verified GUID (e202eff5222034a9b266278c21d2e951) of player #3 Hash
﻿14:45:54 : Player #3 Hash - Legacy GUID: 12fb191ae0708391cea4c6dbe0d0312e
﻿14:45:55 : Player #3 Hash disconnected
﻿14:46:14 : Player #3 Bad Guy (24.232.71.49:2304) connected
﻿14:46:15 : Player #3 Bad Guy - GUID: dda8f26d97fcb7ca8899f7f65d8536cf (unverified)
﻿14:46:16 : Verified GUID (dda8f26d97fcb7ca8899f7f65d8536cf) of player #3 Bad Guy
﻿14:46:17 : Player #3 Bad Guy - Legacy GUID: e63f5403618860de28c9af75ce0b2365
﻿14:47:38 : Could not connect to BE Master
﻿14:47:38 : Update attempt failed
﻿14:47:47 : Player #4 Matias (200.125.68.128:2304) connected
﻿14:47:49 : Player #4 Matias - GUID: 4643238ad925242ce94741736748e2ac (unverified)
﻿14:47:49 : Player #4 Matias - Legacy GUID: 323132873a43017898c27acf51131796
﻿14:47:49 : Verified GUID (4643238ad925242ce94741736748e2ac) of player #4 Matias
﻿14:47:50 : Player #4 Matias disconnected
﻿14:49:35 : Could not connect to BE Master
﻿14:49:35 : Update attempt failed
﻿14:51:31 : Could not connect to BE Master
﻿14:51:31 : Update attempt failed
﻿14:51:59 : Player #2 Leodagos disconnected
﻿14:53:28 : Could not connect to BE Master
﻿14:53:28 : Update attempt failed
﻿14:55:00 : RCon admin #0: (Global) BEC : This server will restart in 5 minutes
﻿14:55:25 : Could not connect to BE Master
﻿14:55:25 : Update attempt failed
﻿14:57:21 : Could not connect to BE Master
﻿14:57:22 : Update attempt failed
﻿14:58:08 : Player #2 Hash (190.231.41.254:26563) connected
﻿14:58:10 : Player #2 Hash - GUID: e202eff5222034a9b266278c21d2e951 (unverified)
﻿14:58:10 : Verified GUID (e202eff5222034a9b266278c21d2e951) of player #2 Hash
﻿14:58:12 : Player #2 Hash disconnected
﻿14:59:00 : RCon admin #0: (Global) BEC : This server will restart in 1 minute, Log out now!
﻿14:59:27 : Player #3 Bad Guy disconnected
﻿14:59:38 : Could not connect to BE Master
﻿14:59:38 : Update attempt failed
﻿15:00:02 : Lost Connection!
﻿15:00:02 : Closing socket & exiting!
﻿15:01:15 : Rcon client logging in
﻿15:01:15 : RCon admin #1 (127.0.0.1:64439) logged in
﻿15:02:26 : Player #0 JF (190.185.192.18:1024) connected
﻿15:02:28 : Player #0 JF - GUID: 93a2a9d9bc7acb34122becec3305fde7 (unverified)
﻿15:02:28 : Player #0 JF - Legacy GUID: 1e3460faa1452299ec3b5f220fe797e0
﻿15:02:28 : Verified GUID (93a2a9d9bc7acb34122becec3305fde7) of player #0 JF
﻿15:02:29 : Could not connect to BE Master
﻿15:02:29 : Update attempt failed
﻿15:03:05 : Player #1 Dragons (186.22.173.62:1024) connected
﻿15:03:05 : Player #1 Dragons - GUID: 3c6c048346652b2441b43e719a05201a (unverified)
﻿15:03:40 : Verified GUID (3c6c048346652b2441b43e719a05201a) of player #1 Dragons
﻿15:03:40 : Player #1 Dragons - Legacy GUID: 3913b982b8c60e961ef4fc2d2bc88df7
﻿15:03:59 : Player #2 Bad Guy (24.232.71.49:2304) connected
﻿15:04:00 : Player #2 Bad Guy - GUID: dda8f26d97fcb7ca8899f7f65d8536cf (unverified)
﻿15:04:01 : Verified GUID (dda8f26d97fcb7ca8899f7f65d8536cf) of player #2 Bad Guy
﻿15:04:01 : Player #2 Bad Guy - Legacy GUID: e63f5403618860de28c9af75ce0b2365
﻿15:04:21 : Player #2 Bad Guy disconnected
﻿15:04:25 : Could not connect to BE Master
﻿15:04:25 : Update attempt failed
﻿15:06:20 : Player #2 Bad Guy (24.232.71.49:2304) connected
﻿15:06:21 : Player #2 Bad Guy - GUID: dda8f26d97fcb7ca8899f7f65d8536cf (unverified)
﻿15:06:21 : Verified GUID (dda8f26d97fcb7ca8899f7f65d8536cf) of player #2 Bad Guy
﻿15:06:22 : Player #2 Bad Guy - Legacy GUID: e63f5403618860de28c9af75ce0b2365
﻿15:06:22 : Could not connect to BE Master
﻿15:06:22 : Update attempt failed
﻿15:08:19 : Could not connect to BE Master
﻿15:08:19 : Update attempt failed
﻿15:08:47 : RCon admin #1: (To Dragons) BEC : You have about 60 seconds left to join the mission.
﻿15:09:18 : RCon admin #1: (To Dragons) BEC : You have about 30 seconds left to join the mission.
﻿15:09:32 : RCon admin #1: (To Dragons) BEC : You have about 15 seconds left to join the mission.
﻿15:09:47 : Player #1 Dragons (3c6c048346652b2441b43e719a05201a) has been kicked by BattlEye: Admin Kick (BEC : Lobby idling to long)
﻿15:10:16 : Could not connect to BE Master
﻿15:10:16 : Update attempt failed
﻿15:12:13 : Could not connect to BE Master
﻿15:12:13 : Update attempt failed
﻿15:14:10 : Could not connect to BE Master
﻿15:14:10 : Update attempt failed
﻿15:16:07 : Could not connect to BE Master
﻿15:16:07 : Update attempt failed
﻿15:18:03 : Could not connect to BE Master
﻿15:18:04 : Update attempt failed
﻿15:20:00 : Could not connect to BE Master
﻿15:20:00 : Update attempt failed
﻿15:21:57 : Could not connect to BE Master
﻿15:21:57 : Update attempt failed
﻿15:23:54 : Could not connect to BE Master
﻿15:23:54 : Update attempt failed
﻿15:25:51 : Could not connect to BE Master
﻿15:25:51 : Update attempt failed
﻿15:27:48 : Could not connect to BE Master
﻿15:27:48 : Update attempt failed
﻿15:27:54 : Player #1 Dragons (186.22.173.62:2304) connected
﻿15:27:55 : Player #1 Dragons - GUID: 3c6c048346652b2441b43e719a05201a (unverified)
﻿15:27:56 : Verified GUID (3c6c048346652b2441b43e719a05201a) of player #1 Dragons
﻿15:27:56 : Player #1 Dragons - Legacy GUID: 3913b982b8c60e961ef4fc2d2bc88df7
﻿15:29:45 : Could not connect to BE Master
﻿15:29:45 : Update attempt failed
﻿15:31:41 : Could not connect to BE Master
﻿15:31:41 : Update attempt failed
﻿15:33:58 : Could not connect to BE Master
﻿15:33:58 : Update attempt failed
﻿15:35:54 : Could not connect to BE Master
﻿15:35:55 : Update attempt failed
﻿15:38:11 : Could not connect to BE Master
﻿15:38:11 : Update attempt failed
﻿15:40:07 : Could not connect to BE Master
﻿15:40:07 : Update attempt failed
﻿15:42:04 : Could not connect to BE Master
﻿15:42:04 : Update attempt failed
﻿15:44:01 : Could not connect to BE Master
﻿15:44:01 : Update attempt failed
﻿15:57:28 : Player #0 JF disconnected
﻿16:05:57 : Player #0 BIgote (190.133.237.114:16870) connected
﻿16:05:58 : Player #0 BIgote - GUID: b2ff206840a64d7fa530377b2c3dbfd4 (unverified)
﻿16:05:58 : Verified GUID (b2ff206840a64d7fa530377b2c3dbfd4) of player #0 BIgote
﻿16:05:59 : Player #0 BIgote - Legacy GUID: 0ff4b43479c9ed317ab10d657c3aea9a
﻿16:22:05 : Player #3 Hans (190.49.42.86:2304) connected
﻿16:22:06 : Player #3 Hans - GUID: 4c8a9b2b523906058cc33ffd8af6ee84 (unverified)
﻿16:22:07 : Verified GUID (4c8a9b2b523906058cc33ffd8af6ee84) of player #3 Hans
﻿16:22:07 : Player #3 Hans - Legacy GUID: b8db10e0df20e643b9d2f2513879a2d6
﻿16:23:17 : Player #4 Sirfes-AR (186.39.211.25:5806) connected
﻿16:23:18 : Player #4 Sirfes-AR - GUID: 2bb87957999ef128136a91e55814387e (unverified)
﻿16:23:19 : Verified GUID (2bb87957999ef128136a91e55814387e) of player #4 Sirfes-AR
﻿16:23:19 : Player #4 Sirfes-AR - Legacy GUID: 9029f11d17f3e3d0814db86b7e6f7e15
﻿16:25:27 : Player #5 MrMaggau (179.182.190.93:2304) connected
﻿16:25:29 : Player #5 MrMaggau - GUID: 059f674fd490b4f67d4964f348457104 (unverified)
﻿16:25:29 : Verified GUID (059f674fd490b4f67d4964f348457104) of player #5 MrMaggau
﻿16:25:30 : Player #5 MrMaggau - Legacy GUID: cf7f9ed8a9a1abfe6e87510d98bf1bc6
﻿16:25:31 : Player #5 MrMaggau disconnected
﻿16:28:32 : Player #5 RazzOR (131.221.131.160:2304) connected
﻿16:28:33 : Player #5 RazzOR - GUID: 0cb4c06842bc726721396e88da3e175e (unverified)
﻿16:28:34 : Player #5 RazzOR - Legacy GUID: 233203792fc4f6d718d6a5bcc019e895
﻿16:28:34 : Verified GUID (0cb4c06842bc726721396e88da3e175e) of player #5 RazzOR
﻿16:28:37 : Player #5 RazzOR disconnected
﻿16:30:02 : Player #5 RazzOR (131.221.131.160:2304) connected
﻿16:30:04 : Player #5 RazzOR - GUID: 0cb4c06842bc726721396e88da3e175e (unverified)
﻿16:30:05 : Player #5 RazzOR - Legacy GUID: 233203792fc4f6d718d6a5bcc019e895
﻿16:30:05 : Verified GUID (0cb4c06842bc726721396e88da3e175e) of player #5 RazzOR
﻿16:30:08 : Player #5 RazzOR disconnected
﻿16:34:30 : RCon admin #1: (To Sirfes-AR) BEC : You have about 60 seconds left to join the mission.
﻿16:34:34 : Player #3 Hans disconnected
﻿16:34:38 : Player #3 Hans (190.49.42.86:2304) connected
﻿16:34:40 : Player #3 Hans - GUID: 4c8a9b2b523906058cc33ffd8af6ee84 (unverified)
﻿16:34:40 : Player #3 Hans - Legacy GUID: b8db10e0df20e643b9d2f2513879a2d6
﻿16:34:41 : Verified GUID (4c8a9b2b523906058cc33ffd8af6ee84) of player #3 Hans
﻿16:35:01 : RCon admin #1: (To Sirfes-AR) BEC : You have about 30 seconds left to join the mission.
﻿16:35:15 : RCon admin #1: (To Sirfes-AR) BEC : You have about 15 seconds left to join the mission.
﻿16:35:30 : Player #4 Sirfes-AR (2bb87957999ef128136a91e55814387e) has been kicked by BattlEye: Admin Kick (BEC : Lobby idling to long)
﻿16:35:48 : Player #3 Hans disconnected
﻿16:36:12 : Player #3 Hans (190.49.42.86:2304) connected
﻿16:36:13 : Player #3 Hans - GUID: 4c8a9b2b523906058cc33ffd8af6ee84 (unverified)
﻿16:36:14 : Verified GUID (4c8a9b2b523906058cc33ffd8af6ee84) of player #3 Hans
﻿16:36:14 : Player #3 Hans - Legacy GUID: b8db10e0df20e643b9d2f2513879a2d6
﻿16:36:55 : Player #4 Sirfes-AR (186.39.211.25:5806) connected
﻿16:36:56 : Player #4 Sirfes-AR - GUID: 2bb87957999ef128136a91e55814387e (unverified)
﻿16:36:56 : Verified GUID (2bb87957999ef128136a91e55814387e) of player #4 Sirfes-AR
﻿16:36:57 : Player #4 Sirfes-AR - Legacy GUID: 9029f11d17f3e3d0814db86b7e6f7e15
﻿16:43:20 : Player #5 Xelo (190.161.42.222:2304) connected
﻿16:43:21 : Player #5 Xelo - GUID: 54cd1f02ce6966f461e5c2046b8c1d16 (unverified)
﻿16:43:22 : Verified GUID (54cd1f02ce6966f461e5c2046b8c1d16) of player #5 Xelo
﻿16:43:22 : Player #5 Xelo - Legacy GUID: cc4b884cc9538d8c8bc0dc9d6118c1e2
﻿16:43:23 : Player #5 Xelo disconnected
﻿16:46:19 : Player #5 Ale (201.255.112.33:2304) connected
﻿16:46:20 : Player #5 Ale - GUID: 017755389f53b3fd4ae13657f8bbd896 (unverified)
﻿16:46:21 : Verified GUID (017755389f53b3fd4ae13657f8bbd896) of player #5 Ale
﻿16:46:21 : Player #5 Ale - Legacy GUID: 7dbc398f13aaf3ae08faf86fb145cb9e
﻿16:46:21 : Player #5 Ale disconnected
﻿16:48:40 : Player #5 Bouza (181.29.80.34:2304) connected
﻿16:48:41 : Player #5 Bouza - GUID: 6330df3567b607dc015b60892d9dac8b (unverified)
﻿16:48:42 : Player #5 Bouza - Legacy GUID: d3994a4e7b33f557807c33c8c19883a5
﻿16:48:45 : Verified GUID (6330df3567b607dc015b60892d9dac8b) of player #5 Bouza
﻿16:48:45 : Player #5 Bouza disconnected
﻿16:53:37 : Player #3 Hans disconnected
﻿16:54:05 : Player #3 Hans (190.49.42.86:2304) connected
﻿16:54:06 : Player #3 Hans - GUID: 4c8a9b2b523906058cc33ffd8af6ee84 (unverified)
﻿16:54:07 : Verified GUID (4c8a9b2b523906058cc33ffd8af6ee84) of player #3 Hans
﻿16:54:07 : Player #3 Hans - Legacy GUID: b8db10e0df20e643b9d2f2513879a2d6
﻿16:55:20 : Player #3 Hans disconnected
﻿16:55:34 : Player #3 Hans (190.49.42.86:2304) connected
﻿16:55:39 : Player #3 Hans - GUID: 4c8a9b2b523906058cc33ffd8af6ee84 (unverified)
﻿16:55:40 : Verified GUID (4c8a9b2b523906058cc33ffd8af6ee84) of player #3 Hans
﻿16:55:41 : Player #3 Hans - Legacy GUID: b8db10e0df20e643b9d2f2513879a2d6
﻿17:06:49 : Player #4 Sirfes-AR disconnected
﻿17:06:55 : Player #4 Sirfes-AR (186.39.211.25:5806) connected
﻿17:06:57 : Player #4 Sirfes-AR - GUID: 2bb87957999ef128136a91e55814387e (unverified)
﻿17:06:57 : Verified GUID (2bb87957999ef128136a91e55814387e) of player #4 Sirfes-AR
﻿17:06:58 : Player #4 Sirfes-AR - Legacy GUID: 9029f11d17f3e3d0814db86b7e6f7e15
﻿17:10:50 : Player #5 ScepterS (177.10.60.114:2304) connected
﻿17:10:51 : Player #5 ScepterS - GUID: 0d9769aebfb8ddde39d7295115cda83f (unverified)
﻿17:10:52 : Verified GUID (0d9769aebfb8ddde39d7295115cda83f) of player #5 ScepterS
﻿17:10:52 : Player #5 ScepterS - Legacy GUID: 23bdd8377b5e7d4e75c93a0d9be915a1
﻿17:10:52 : Player #5 ScepterS disconnected
﻿17:21:23 : Player #5 BullCarry (190.163.135.19:2304) connected
﻿17:21:24 : Player #5 BullCarry - GUID: 6213607c569b34a09afa0428556933df (unverified)
﻿17:21:25 : Verified GUID (6213607c569b34a09afa0428556933df) of player #5 BullCarry
﻿17:21:25 : Player #5 BullCarry - Legacy GUID: 0b54734925722416341a6da8a38ce3c3
﻿17:21:26 : Player #5 BullCarry disconnected
﻿17:34:23 : Player #5 Hash (190.231.41.254:24455) connected
﻿17:34:28 : Player #5 Hash - GUID: e202eff5222034a9b266278c21d2e951 (unverified)
﻿17:34:29 : Player #5 Hash - Legacy GUID: 12fb191ae0708391cea4c6dbe0d0312e
﻿17:34:29 : Verified GUID (e202eff5222034a9b266278c21d2e951) of player #5 Hash
﻿17:34:32 : Player #5 Hash disconnected
﻿17:36:21 : Player #5 Hash (190.231.41.254:24455) connected
﻿17:36:34 : Player #5 Hash - GUID: e202eff5222034a9b266278c21d2e951 (unverified)
﻿17:36:35 : Verified GUID (e202eff5222034a9b266278c21d2e951) of player #5 Hash
﻿17:36:36 : Player #5 Hash - Legacy GUID: 12fb191ae0708391cea4c6dbe0d0312e
﻿17:36:36 : Player #5 Hash disconnected
﻿17:45:00 : RCon admin #1: (Global) BEC : This server will restart in 15 minutes
﻿17:54:51 : Player #5 Azrael1x (191.80.226.119:2304) connected
﻿17:54:52 : Player #5 Azrael1x - GUID: f3bbe77e31363319b3378084ddcb86d8 (unverified)
﻿17:54:53 : Verified GUID (f3bbe77e31363319b3378084ddcb86d8) of player #5 Azrael1x
﻿17:54:53 : Player #5 Azrael1x - Legacy GUID: 872394ca0b82ad6e77d13dc8f5141d95
﻿17:55:00 : RCon admin #1: (Global) BEC : This server will restart in 5 minutes
﻿17:59:00 : RCon admin #1: (Global) BEC : This server will restart in 1 minute, Log out now!
﻿18:00:01 : Lost Connection!
﻿18:00:01 : Closing socket & exiting!
﻿18:01:15 : Rcon client logging in
﻿18:01:48 : Player #2 BIgote (190.133.237.114:16870) connected
﻿18:01:48 : Player #3 Sirfes-AR (186.39.211.25:5806) connected
﻿18:01:48 : Player #1 Azrael1x - GUID: f3bbe77e31363319b3378084ddcb86d8 (unverified)
﻿18:01:49 : RCon admin #1 (127.0.0.1:53864) logged in
﻿18:01:49 : Player #1 Azrael1x - Legacy GUID: 872394ca0b82ad6e77d13dc8f5141d95
﻿18:01:49 : Verified GUID (f3bbe77e31363319b3378084ddcb86d8) of player #1 Azrael1x
﻿18:01:49 : Player #3 Sirfes-AR - GUID: 2bb87957999ef128136a91e55814387e (unverified)
﻿18:01:50 : Verified GUID (2bb87957999ef128136a91e55814387e) of player #3 Sirfes-AR
﻿18:01:52 : Player #3 Sirfes-AR - Legacy GUID: 9029f11d17f3e3d0814db86b7e6f7e15
﻿18:02:06 : Player #2 BIgote - GUID: b2ff206840a64d7fa530377b2c3dbfd4 (unverified)
﻿18:02:06 : Verified GUID (b2ff206840a64d7fa530377b2c3dbfd4) of player #2 BIgote
﻿18:02:07 : Player #2 BIgote - Legacy GUID: 0ff4b43479c9ed317ab10d657c3aea9a
﻿18:03:01 : Player #4 Dragons (186.22.173.62:2304) connected
﻿18:03:02 : Player #4 Dragons - GUID: 3c6c048346652b2441b43e719a05201a (unverified)
﻿18:03:03 : Verified GUID (3c6c048346652b2441b43e719a05201a) of player #4 Dragons
﻿18:03:03 : Player #4 Dragons - Legacy GUID: 3913b982b8c60e961ef4fc2d2bc88df7
﻿18:04:47 : Player #5 Bad Guy (24.232.71.49:2304) connected
﻿18:04:48 : Player #5 Bad Guy - GUID: dda8f26d97fcb7ca8899f7f65d8536cf (unverified)
﻿18:04:48 : Verified GUID (dda8f26d97fcb7ca8899f7f65d8536cf) of player #5 Bad Guy
﻿18:04:49 : Player #5 Bad Guy - Legacy GUID: e63f5403618860de28c9af75ce0b2365
﻿18:05:40 : Player #6 Franco (186.137.41.166:2304) connected
﻿18:05:42 : Player #6 Franco - GUID: 3e238bf3b6be92172d97417e7d91be3d (unverified)
﻿18:05:42 : Player #6 Franco - Legacy GUID: 6fb795df080f434f331160a33a089bf3
﻿18:05:42 : Verified GUID (3e238bf3b6be92172d97417e7d91be3d) of player #6 Franco
﻿18:09:12 : Player #7 anderson (177.16.138.40:2304) connected
﻿18:09:13 : Player #7 anderson - GUID: 330eb9fd72df80f382dc8d1011d22c1c (unverified)
﻿18:09:14 : Verified GUID (330eb9fd72df80f382dc8d1011d22c1c) of player #7 anderson
﻿18:09:14 : Player #7 anderson - Legacy GUID: d0b5dc446e6fb435dc4f556881913870
﻿18:09:16 : Player #7 anderson disconnected
﻿18:09:54 : Player #7 FlingeR (181.29.156.37:56551) connected
﻿18:09:56 : Player #7 FlingeR - GUID: 85bd6f13a390f860e1ca7d4f1ba6baa2 (unverified)
﻿18:09:56 : Player #7 FlingeR - Legacy GUID: ff0f9a3e6ff547dfa98e5f42aa5bc6e3
﻿18:09:56 : Verified GUID (85bd6f13a390f860e1ca7d4f1ba6baa2) of player #7 FlingeR
﻿18:18:05 : Player #8 Wessk (201.95.16.66:2304) connected
﻿18:18:06 : Player #8 Wessk - GUID: e60027e62948e845028047f408c5f2b5 (unverified)
﻿18:18:06 : Verified GUID (e60027e62948e845028047f408c5f2b5) of player #8 Wessk
﻿18:18:07 : Player #8 Wessk - Legacy GUID: 3677d47743121098435d9dc72b025f57
﻿18:18:07 : Player #8 Wessk disconnected
﻿18:21:17 : Player #6 Franco disconnected
﻿18:24:08 : Player #5 Bad Guy (dda8f26d97fcb7ca8899f7f65d8536cf) has been kicked by BattlEye: Client not responding
﻿18:24:08 : Player #2 BIgote (b2ff206840a64d7fa530377b2c3dbfd4) has been kicked by BattlEye: Client not responding
﻿18:24:08 : Player #4 Dragons (3c6c048346652b2441b43e719a05201a) has been kicked by BattlEye: Client not responding
﻿18:24:09 : Player #1 Azrael1x (f3bbe77e31363319b3378084ddcb86d8) has been kicked by BattlEye: Client not responding
﻿18:24:09 : Player #3 Sirfes-AR (2bb87957999ef128136a91e55814387e) has been kicked by BattlEye: Client not responding
﻿18:24:09 : Player #0 Hans (4c8a9b2b523906058cc33ffd8af6ee84) has been kicked by BattlEye: Client not responding
﻿18:24:10 : Player #7 FlingeR (85bd6f13a390f860e1ca7d4f1ba6baa2) has been kicked by BattlEye: Client not responding
﻿18:25:31 : Player #0 Azrael1x (191.80.226.119:1024) connected
﻿18:25:33 : Player #0 Azrael1x - GUID: f3bbe77e31363319b3378084ddcb86d8 (unverified)
﻿18:25:33 : Player #0 Azrael1x - Legacy GUID: 872394ca0b82ad6e77d13dc8f5141d95
﻿18:25:34 : Verified GUID (f3bbe77e31363319b3378084ddcb86d8) of player #0 Azrael1x
﻿18:26:16 : Player #0 Azrael1x (f3bbe77e31363319b3378084ddcb86d8) has been kicked by BattlEye: Client not responding
﻿18:27:29 : Player #0 BIgote (190.133.237.114:1024) connected
﻿18:27:30 : Player #0 BIgote - GUID: b2ff206840a64d7fa530377b2c3dbfd4 (unverified)
﻿18:27:31 : Verified GUID (b2ff206840a64d7fa530377b2c3dbfd4) of player #0 BIgote
﻿18:27:31 : Player #0 BIgote - Legacy GUID: 0ff4b43479c9ed317ab10d657c3aea9a
﻿18:27:36 : Player #1 Bad Guy (24.232.71.49:1024) connected
﻿18:27:37 : Player #1 Bad Guy - GUID: dda8f26d97fcb7ca8899f7f65d8536cf (unverified)
﻿18:27:38 : Verified GUID (dda8f26d97fcb7ca8899f7f65d8536cf) of player #1 Bad Guy
﻿18:27:38 : Player #1 Bad Guy - Legacy GUID: e63f5403618860de28c9af75ce0b2365
﻿18:27:39 : Player #2 Azrael1x (191.80.226.119:1025) connected
﻿18:27:40 : Player #2 Azrael1x - GUID: f3bbe77e31363319b3378084ddcb86d8 (unverified)
﻿18:27:41 : Verified GUID (f3bbe77e31363319b3378084ddcb86d8) of player #2 Azrael1x
﻿18:27:41 : Player #2 Azrael1x - Legacy GUID: 872394ca0b82ad6e77d13dc8f5141d95
﻿18:32:31 : Player #3 fvg (181.110.218.13:2304) connected
﻿18:32:33 : Player #3 fvg - GUID: 57d4097228006446bda9b460a0025cff (unverified)
﻿18:32:34 : Player #3 fvg - Legacy GUID: edc42c9cc075e12f4bda601c74455a51
﻿18:32:34 : Verified GUID (57d4097228006446bda9b460a0025cff) of player #3 fvg
﻿18:32:35 : Player #3 fvg disconnected
﻿18:39:02 : Player #3 Hans (190.49.42.86:2304) connected
﻿18:39:03 : Player #3 Hans - GUID: 4c8a9b2b523906058cc33ffd8af6ee84 (unverified)
﻿18:39:04 : Verified GUID (4c8a9b2b523906058cc33ffd8af6ee84) of player #3 Hans
﻿18:39:04 : Player #3 Hans - Legacy GUID: b8db10e0df20e643b9d2f2513879a2d6
﻿18:40:46 : Player #3 Hans disconnected
﻿18:40:48 : Player #3 Hans (190.49.42.86:2304) connected
﻿18:40:50 : Player #3 Hans - GUID: 4c8a9b2b523906058cc33ffd8af6ee84 (unverified)
﻿18:40:50 : Verified GUID (4c8a9b2b523906058cc33ffd8af6ee84) of player #3 Hans
﻿18:40:51 : Player #3 Hans - Legacy GUID: b8db10e0df20e643b9d2f2513879a2d6
﻿18:42:08 : Player #3 Hans disconnected
﻿18:42:27 : Player #3 Hans (190.49.42.86:2304) connected
﻿18:42:28 : Player #3 Hans - GUID: 4c8a9b2b523906058cc33ffd8af6ee84 (unverified)
﻿18:42:29 : Player #3 Hans - Legacy GUID: b8db10e0df20e643b9d2f2513879a2d6
﻿18:42:44 : Player #3 Hans disconnected
﻿18:42:46 : Player #3 Hans (190.49.42.86:2304) connected
﻿18:42:48 : Player #3 Hans - GUID: 4c8a9b2b523906058cc33ffd8af6ee84 (unverified)
﻿18:42:48 : Verified GUID (4c8a9b2b523906058cc33ffd8af6ee84) of player #3 Hans
﻿18:42:49 : Player #3 Hans - Legacy GUID: b8db10e0df20e643b9d2f2513879a2d6
﻿18:53:39 : Player #4 [Amish]Churro (201.212.50.146:2304) connected
﻿18:53:41 : Player #4 [Amish]Churro - GUID: dde1966f1dd7e3054e1b1eb0a534628d (unverified)
﻿18:53:41 : Verified GUID (dde1966f1dd7e3054e1b1eb0a534628d) of player #4 [Amish]Churro
﻿18:53:42 : Player #4 [Amish]Churro - Legacy GUID: 400a9b7eb38b0cba4ee0340edd2b0aed
﻿19:01:56 : Player #1 Bad Guy disconnected
﻿19:03:18 : Player #1 erick (190.142.4.212:2304) connected
﻿19:03:20 : Player #1 erick - GUID: 198f02b51450b8d8977f05c28f086096 (unverified)
﻿19:03:20 : Verified GUID (198f02b51450b8d8977f05c28f086096) of player #1 erick
﻿19:03:21 : Player #1 erick - Legacy GUID: f0eca0baf5cabd8b2e140142ee086bdf
﻿19:05:59 : Player #0 BIgote disconnected
﻿19:13:52 : Player #0 Roger (190.224.218.128:2304) connected
﻿19:13:54 : Player #0 Roger - GUID: d85cdb1b576befb0802c1e980bbde467 (unverified)
﻿19:13:54 : Verified GUID (d85cdb1b576befb0802c1e980bbde467) of player #0 Roger
﻿19:13:55 : Player #0 Roger - Legacy GUID: 7f8db49ce87ca05211184687935b6bf4
﻿19:25:05 : Player #5 Jej0x |Aspirante| (190.51.35.169:2304) connected
﻿19:25:08 : Player #5 Jej0x |Aspirante| - GUID: f3e3268171736a361f4f08d3aee36558 (unverified)
﻿19:25:08 : Verified GUID (f3e3268171736a361f4f08d3aee36558) of player #5 Jej0x |Aspirante|
﻿19:25:09 : Player #5 Jej0x |Aspirante| - Legacy GUID: 46a8911586c7fdb684a7f7c1fb3da0e5
﻿19:28:29 : Player #0 Roger (d85cdb1b576befb0802c1e980bbde467) has been kicked by BattlEye: Client not responding
﻿19:37:39 : Player #0 RAFA (190.49.208.174:31404) connected
﻿19:37:41 : Player #0 RAFA - GUID: 29f0b57c89b338bea774fd2d232134d4 (unverified)
﻿19:37:42 : Verified GUID (29f0b57c89b338bea774fd2d232134d4) of player #0 RAFA
﻿19:37:42 : Player #0 RAFA - Legacy GUID: 46506b215839185343e209eae296f2d8
﻿19:37:53 : Player #6 Jose Luis (186.118.222.103:2304) connected
﻿19:37:54 : Player #6 Jose Luis - GUID: d9558a067db2e5932e8a58c619edb83d (unverified)
﻿19:37:54 : Verified GUID (d9558a067db2e5932e8a58c619edb83d) of player #6 Jose Luis
﻿19:37:55 : Player #6 Jose Luis - Legacy GUID: 7beaaf3c723b44978f2c26b96411e08c
﻿19:43:23 : RCon admin #1: (To RAFA) BEC : You have about 60 seconds left to join the mission.
﻿19:43:54 : RCon admin #1: (To RAFA) BEC : You have about 30 seconds left to join the mission.
﻿19:44:08 : RCon admin #1: (To RAFA) BEC : You have about 15 seconds left to join the mission.
﻿19:44:23 : Player #0 RAFA (29f0b57c89b338bea774fd2d232134d4) has been kicked by BattlEye: Admin Kick (BEC : Lobby idling to long)
﻿19:51:40 : Player #0 Roger (190.229.232.83:2304) connected
﻿19:51:41 : Player #0 Roger - GUID: d85cdb1b576befb0802c1e980bbde467 (unverified)
﻿19:51:42 : Verified GUID (d85cdb1b576befb0802c1e980bbde467) of player #0 Roger
﻿19:51:42 : Player #0 Roger - Legacy GUID: 7f8db49ce87ca05211184687935b6bf4
﻿19:52:58 : Player #7 Dallheim (181.46.29.173:2304) connected
﻿19:52:59 : Player #7 Dallheim - GUID: dc090b6b8b03c8bb77350fca3718f588 (unverified)
﻿19:53:00 : Verified GUID (dc090b6b8b03c8bb77350fca3718f588) of player #7 Dallheim
﻿19:53:00 : Player #7 Dallheim - Legacy GUID: 0134fada23f8786da3de29b537100a03
﻿19:58:19 : Player #8 Nico (200.126.161.164:53804) connected
﻿19:58:20 : Player #8 Nico - GUID: bc800d82a722a73e9e795b160e38b042 (unverified)
﻿19:58:21 : Verified GUID (bc800d82a722a73e9e795b160e38b042) of player #8 Nico
﻿19:58:21 : Player #8 Nico - Legacy GUID: ebe883dbb787f6554ae707a91cf55f49
﻿19:58:21 : Player #8 Nico disconnected
﻿20:05:46 : RCon admin #0: (Global) [juandayz] como andan mis players favoritos :D
﻿20:05:58 : RCon admin #0: (Global) [juandayz] hola Jose Luis Bienvenido!
﻿20:06:34 : RCon admin #0: (Global) [juandayz] que bueno q venga gente de colombia!  ahi entro jejox
﻿20:10:36 : Player #8 juandayz (190.138.32.148:2304) connected
﻿20:10:37 : Player #8 juandayz - GUID: d603844e2f77196bf616245ae360213b (unverified)
﻿20:10:38 : Verified GUID (d603844e2f77196bf616245ae360213b) of player #8 juandayz
﻿20:10:39 : Player #8 juandayz - Legacy GUID: a5aa074813dab730e26d67b8a0a0af6c
﻿20:18:18 : Player #9 Niconap (190.192.138.17:2304) connected
﻿20:18:20 : Player #9 Niconap - GUID: 847c36df72aa984242c68807486ece9e (unverified)
﻿20:18:20 : Player #9 Niconap - Legacy GUID: 20f6fe2aa01ea1c70d6abbfe0224d5d3
﻿20:18:20 : Verified GUID (847c36df72aa984242c68807486ece9e) of player #9 Niconap
﻿20:20:47 : RCon admin #0: (To [Amish]Churro) [juandayz] tnes razon gracias por avisar!
﻿20:25:38 : Player #6 Jose Luis disconnected
﻿20:36:58 : Player #6 Dragons (186.22.173.62:2304) connected
﻿20:36:59 : Player #6 Dragons - GUID: 3c6c048346652b2441b43e719a05201a (unverified)
﻿20:37:00 : Verified GUID (3c6c048346652b2441b43e719a05201a) of player #6 Dragons
﻿20:37:01 : Player #6 Dragons - Legacy GUID: 3913b982b8c60e961ef4fc2d2bc88df7
﻿20:39:46 : RCon admin #0: (Global) [juandayz] 73 arriba 49 izq.. cobarde :D jajaja
﻿20:40:45 : Player #0 Roger (d85cdb1b576befb0802c1e980bbde467) has been kicked by BattlEye: Client not responding
﻿20:41:37 : RCon admin #0: (Global) [juandayz] 73 arriba- 48 izq
﻿20:42:42 : Player #1 erick (198f02b51450b8d8977f05c28f086096) has been kicked by BattlEye: Ping too high (484)
﻿20:42:50 : Player #0 erick (190.142.4.212:2304) connected
﻿20:42:52 : Player #0 erick - GUID: 198f02b51450b8d8977f05c28f086096 (unverified)
﻿20:42:52 : Player #0 erick - Legacy GUID: f0eca0baf5cabd8b2e140142ee086bdf
﻿20:42:52 : Verified GUID (198f02b51450b8d8977f05c28f086096) of player #0 erick
﻿20:43:14 : Player #6 Dragons disconnected
﻿20:43:40 : Player #0 erick (198f02b51450b8d8977f05c28f086096) has been kicked by BattlEye: Ping too high (530)
﻿20:43:49 : Player #0 erick (190.142.4.212:2304) connected
﻿20:43:51 : Player #0 erick - GUID: 198f02b51450b8d8977f05c28f086096 (unverified)
﻿20:43:51 : Verified GUID (198f02b51450b8d8977f05c28f086096) of player #0 erick
﻿20:43:52 : Player #0 erick - Legacy GUID: f0eca0baf5cabd8b2e140142ee086bdf
﻿20:44:29 : Player #1 Dragons (186.22.173.62:2304) connected
﻿20:44:30 : Player #1 Dragons - GUID: 3c6c048346652b2441b43e719a05201a (unverified)
﻿20:44:31 : Verified GUID (3c6c048346652b2441b43e719a05201a) of player #1 Dragons
﻿20:44:31 : Player #1 Dragons - Legacy GUID: 3913b982b8c60e961ef4fc2d2bc88df7
﻿20:45:00 : RCon admin #1: (Global) BEC : This server will restart in 15 minutes
﻿20:45:07 : Player #6 Games (190.47.76.242:2304) connected
﻿20:45:09 : Player #6 Games - GUID: eb976385421f04dbaab8561787edfe32 (unverified)
﻿20:45:09 : Player #0 erick (198f02b51450b8d8977f05c28f086096) has been kicked by BattlEye: Ping too high (670)
﻿20:45:09 : Verified GUID (eb976385421f04dbaab8561787edfe32) of player #6 Games
﻿20:45:10 : Player #6 Games - Legacy GUID: b99456e7378fc6c6c11e9816b30769a6
﻿20:45:10 : Player #6 Games disconnected
﻿20:45:18 : Player #0 Games (190.47.76.242:2304) connected
﻿20:45:19 : Player #0 Games - GUID: eb976385421f04dbaab8561787edfe32 (unverified)
﻿20:45:20 : Verified GUID (eb976385421f04dbaab8561787edfe32) of player #0 Games
﻿20:45:20 : Player #0 Games - Legacy GUID: b99456e7378fc6c6c11e9816b30769a6
﻿20:45:21 : Player #0 Games disconnected
﻿20:46:52 : Player #0 erick (190.142.4.212:2304) connected
﻿20:46:54 : Player #0 erick - GUID: 198f02b51450b8d8977f05c28f086096 (unverified)
﻿20:46:55 : Verified GUID (198f02b51450b8d8977f05c28f086096) of player #0 erick
﻿20:46:55 : Player #0 erick - Legacy GUID: f0eca0baf5cabd8b2e140142ee086bdf
﻿20:47:45 : Player #0 erick (198f02b51450b8d8977f05c28f086096) has been kicked by BattlEye: Ping too high (717)
﻿20:49:45 : Player #0 erick (190.142.4.212:2304) connected
﻿20:49:48 : Player #0 erick - GUID: 198f02b51450b8d8977f05c28f086096 (unverified)
﻿20:49:48 : Verified GUID (198f02b51450b8d8977f05c28f086096) of player #0 erick
﻿20:49:50 : Player #0 erick - Legacy GUID: f0eca0baf5cabd8b2e140142ee086bdf
﻿20:50:40 : Player #0 erick (198f02b51450b8d8977f05c28f086096) has been kicked by BattlEye: Ping too high (561)
﻿20:51:24 : Player #3 Hans (4c8a9b2b523906058cc33ffd8af6ee84) has been kicked by BattlEye: Client not responding
﻿20:51:35 : Player #0 erick (190.142.4.212:2304) connected
﻿20:51:38 : Player #0 erick - GUID: 198f02b51450b8d8977f05c28f086096 (unverified)
﻿20:51:39 : Player #0 erick - Legacy GUID: f0eca0baf5cabd8b2e140142ee086bdf
﻿20:51:39 : Verified GUID (198f02b51450b8d8977f05c28f086096) of player #0 erick
﻿20:52:26 : Player #0 erick (198f02b51450b8d8977f05c28f086096) has been kicked by BattlEye: Ping too high (842)
﻿20:53:25 : Player #0 erick (190.142.4.212:2304) connected
﻿20:53:27 : Player #0 erick - GUID: 198f02b51450b8d8977f05c28f086096 (unverified)
﻿20:53:28 : Player #0 erick - Legacy GUID: f0eca0baf5cabd8b2e140142ee086bdf
﻿20:53:28 : Verified GUID (198f02b51450b8d8977f05c28f086096) of player #0 erick
﻿20:54:16 : Player #0 erick (198f02b51450b8d8977f05c28f086096) has been kicked by BattlEye: Ping too high (530)
﻿20:55:00 : RCon admin #1: (Global) BEC : This server will restart in 5 minutes
﻿20:57:13 : Player #4 [Amish]Churro disconnected
﻿20:57:17 : Player #0 erick (190.142.4.212:2304) connected
﻿20:57:19 : Player #0 erick - GUID: 198f02b51450b8d8977f05c28f086096 (unverified)
﻿20:57:19 : Verified GUID (198f02b51450b8d8977f05c28f086096) of player #0 erick
﻿20:57:20 : Player #0 erick - Legacy GUID: f0eca0baf5cabd8b2e140142ee086bdf
﻿20:57:33 : Player #0 erick disconnected
﻿20:57:56 : Player #7 Dallheim disconnected
﻿20:59:00 : RCon admin #1: (Global) BEC : Server restart in 1 minute, Log out NOW!
﻿20:59:39 : Player #9 Niconap disconnected
﻿20:59:41 : Player #2 Azrael1x disconnected
﻿21:00:01 : Lost Connection!
﻿21:00:01 : Closing socket & exiting!
﻿21:01:35 : Rcon client logging in
﻿21:01:35 : RCon admin #1 (127.0.0.1:53860) logged in
﻿21:01:40 : Player #0 Dragons (186.22.173.62:2304) connected
﻿21:01:43 : Player #0 Dragons - GUID: 3c6c048346652b2441b43e719a05201a (unverified)
﻿21:01:43 : Verified GUID (3c6c048346652b2441b43e719a05201a) of player #0 Dragons
﻿21:01:44 : Player #0 Dragons - Legacy GUID: 3913b982b8c60e961ef4fc2d2bc88df7
﻿21:02:12 : Player #1 erick (190.142.4.212:2304) connected
﻿21:02:47 : Player #1 erick - GUID: 198f02b51450b8d8977f05c28f086096 (unverified)
﻿21:02:48 : Verified GUID (198f02b51450b8d8977f05c28f086096) of player #1 erick
﻿21:02:48 : Player #1 erick - Legacy GUID: f0eca0baf5cabd8b2e140142ee086bdf
﻿21:03:43 : Player #1 erick (198f02b51450b8d8977f05c28f086096) has been kicked by BattlEye: Ping too high (702)
﻿21:03:52 : Player #1 erick (190.142.4.212:2304) connected
﻿21:03:54 : Player #1 erick - GUID: 198f02b51450b8d8977f05c28f086096 (unverified)
﻿21:03:55 : Player #1 erick - Legacy GUID: f0eca0baf5cabd8b2e140142ee086bdf
﻿21:03:55 : Verified GUID (198f02b51450b8d8977f05c28f086096) of player #1 erick
﻿21:04:12 : Player #2 juandayz (190.138.32.148:2304) connected
﻿21:04:13 : Player #2 juandayz - GUID: d603844e2f77196bf616245ae360213b (unverified)
﻿21:04:13 : Verified GUID (d603844e2f77196bf616245ae360213b) of player #2 juandayz
﻿21:04:14 : Player #2 juandayz - Legacy GUID: a5aa074813dab730e26d67b8a0a0af6c
﻿21:04:21 : Player #3 Niconap (190.192.138.17:2304) connected
﻿21:04:22 : Player #3 Niconap - GUID: 847c36df72aa984242c68807486ece9e (unverified)
﻿21:04:23 : Verified GUID (847c36df72aa984242c68807486ece9e) of player #3 Niconap
﻿21:04:23 : Player #3 Niconap - Legacy GUID: 20f6fe2aa01ea1c70d6abbfe0224d5d3
﻿21:04:35 : Player #4 Jej0x |Aspirante| (190.51.35.169:2304) connected
﻿21:04:37 : Player #4 Jej0x |Aspirante| - GUID: f3e3268171736a361f4f08d3aee36558 (unverified)
﻿21:04:37 : Verified GUID (f3e3268171736a361f4f08d3aee36558) of player #4 Jej0x |Aspirante|
﻿21:04:38 : Player #4 Jej0x |Aspirante| - Legacy GUID: 46a8911586c7fdb684a7f7c1fb3da0e5
﻿21:04:45 : Player #1 erick (198f02b51450b8d8977f05c28f086096) has been kicked by BattlEye: Ping too high (655)
﻿21:05:01 : Player #1 erick (190.142.4.212:2304) connected
﻿21:05:03 : Player #1 erick - GUID: 198f02b51450b8d8977f05c28f086096 (unverified)
﻿21:05:04 : Verified GUID (198f02b51450b8d8977f05c28f086096) of player #1 erick
﻿21:05:04 : Player #1 erick - Legacy GUID: f0eca0baf5cabd8b2e140142ee086bdf
﻿21:05:54 : Player #1 erick (198f02b51450b8d8977f05c28f086096) has been kicked by BattlEye: Ping too high (952)
﻿21:06:26 : Player #1 erick (190.142.4.212:2304) connected
﻿21:06:27 : Player #1 erick - GUID: 198f02b51450b8d8977f05c28f086096 (unverified)
﻿21:06:28 : Verified GUID (198f02b51450b8d8977f05c28f086096) of player #1 erick
﻿21:06:28 : Player #1 erick - Legacy GUID: f0eca0baf5cabd8b2e140142ee086bdf
﻿21:07:17 : Player #1 erick (198f02b51450b8d8977f05c28f086096) has been kicked by BattlEye: Ping too high (1966)
﻿21:08:18 : Player #1 [Amish]Churro (201.212.50.146:2304) connected
﻿21:08:20 : Player #1 [Amish]Churro - GUID: dde1966f1dd7e3054e1b1eb0a534628d (unverified)
﻿21:08:20 : Verified GUID (dde1966f1dd7e3054e1b1eb0a534628d) of player #1 [Amish]Churro
﻿21:08:21 : Player #1 [Amish]Churro - Legacy GUID: 400a9b7eb38b0cba4ee0340edd2b0aed
﻿21:10:25 : Player #5 erick (190.142.4.212:2304) connected
﻿21:10:27 : Player #5 erick - GUID: 198f02b51450b8d8977f05c28f086096 (unverified)
﻿21:10:28 : Player #5 erick - Legacy GUID: f0eca0baf5cabd8b2e140142ee086bdf
﻿21:10:28 : Verified GUID (198f02b51450b8d8977f05c28f086096) of player #5 erick
﻿21:11:17 : Player #5 erick (198f02b51450b8d8977f05c28f086096) has been kicked by BattlEye: Ping too high (2405)
﻿21:12:47 : Player #5 JF (190.185.192.18:26512) connected
﻿21:12:48 : Player #5 JF - GUID: 93a2a9d9bc7acb34122becec3305fde7 (unverified)
﻿21:12:49 : Verified GUID (93a2a9d9bc7acb34122becec3305fde7) of player #5 JF
﻿21:12:49 : Player #5 JF - Legacy GUID: 1e3460faa1452299ec3b5f220fe797e0
﻿21:17:45 : Player #6 Jonathan (179.54.114.229:27399) connected
﻿21:17:46 : Player #6 Jonathan - GUID: 31203556ed44e8520853d48e081972ba (unverified)
﻿21:17:47 : Verified GUID (31203556ed44e8520853d48e081972ba) of player #6 Jonathan
﻿21:17:47 : Player #6 Jonathan - Legacy GUID: 2638a38c05f8f8a2e877d91ef86c61ae
﻿21:17:49 : Player #6 Jonathan disconnected
﻿21:18:54 : Player #6 Dallheim (181.46.29.173:2304) connected
﻿21:18:56 : Player #6 Dallheim - GUID: dc090b6b8b03c8bb77350fca3718f588 (unverified)
﻿21:18:56 : Verified GUID (dc090b6b8b03c8bb77350fca3718f588) of player #6 Dallheim
﻿21:18:57 : Player #6 Dallheim - Legacy GUID: 0134fada23f8786da3de29b537100a03
﻿21:21:06 : Player #7 Hans (190.49.42.86:2304) connected
﻿21:21:07 : Player #7 Hans - GUID: 4c8a9b2b523906058cc33ffd8af6ee84 (unverified)
﻿21:21:08 : Verified GUID (4c8a9b2b523906058cc33ffd8af6ee84) of player #7 Hans
﻿21:21:08 : Player #7 Hans - Legacy GUID: b8db10e0df20e643b9d2f2513879a2d6
﻿21:22:06 : Player #8 [VRZ]Tubizinho-WF (177.124.174.33:2304) connected
﻿21:22:07 : Player #8 [VRZ]Tubizinho-WF - GUID: 4c70bffea3eef908e4fc60968affa403 (unverified)
﻿21:22:07 : Verified GUID (4c70bffea3eef908e4fc60968affa403) of player #8 [VRZ]Tubizinho-WF
﻿21:22:08 : Player #8 [VRZ]Tubizinho-WF - Legacy GUID: 4546594b3b12213aa5ef57b2869bdfdb
﻿21:22:11 : Player #8 [VRZ]Tubizinho-WF disconnected
﻿21:27:06 : Player #8 Xheiifer (190.162.66.249:2304) connected
﻿21:27:07 : Player #8 Xheiifer - GUID: 20105b9e59f442fc66551ead2cbd56ce (unverified)
﻿21:27:08 : Verified GUID (20105b9e59f442fc66551ead2cbd56ce) of player #8 Xheiifer
﻿21:27:08 : Player #8 Xheiifer - Legacy GUID: 033b8f996d57de967ab949fec375323e
﻿21:27:09 : Player #8 Xheiifer disconnected
﻿21:27:21 : Player #8 Cristian (190.47.222.254:2304) connected
﻿21:27:28 : Player #8 Cristian - GUID: fbfd8da745e97490b443cbb253457405 (unverified)
﻿21:27:29 : Verified GUID (fbfd8da745e97490b443cbb253457405) of player #8 Cristian
﻿21:27:30 : Player #8 Cristian disconnected
﻿21:33:39 : Player #8 nicotina (190.163.39.224:2304) connected
﻿21:33:41 : Player #8 nicotina - GUID: e53d686066ed83128b6c3cde2f603d99 (unverified)
﻿21:33:41 : Verified GUID (e53d686066ed83128b6c3cde2f603d99) of player #8 nicotina
﻿21:33:42 : Player #8 nicotina - Legacy GUID: e25f75ee14f59ea46b25ed7dad7d56ed
﻿21:35:24 : Player #4 Jej0x |Aspirante| disconnected
﻿21:42:04 : RCon admin #1: (To nicotina) BEC : You have about 60 seconds left to join the mission.
﻿21:42:35 : RCon admin #1: (To nicotina) BEC : You have about 30 seconds left to join the mission.
﻿21:42:50 : RCon admin #1: (To nicotina) BEC : You have about 15 seconds left to join the mission.
﻿21:43:04 : Player #8 nicotina (e53d686066ed83128b6c3cde2f603d99) has been kicked by BattlEye: Admin Kick (BEC : Lobby idling to long)
﻿21:43:30 : Player #4 erick (190.142.4.212:2304) connected
﻿21:43:34 : Player #4 erick - GUID: 198f02b51450b8d8977f05c28f086096 (unverified)
﻿21:43:35 : Verified GUID (198f02b51450b8d8977f05c28f086096) of player #4 erick
﻿21:43:35 : Player #4 erick - Legacy GUID: f0eca0baf5cabd8b2e140142ee086bdf
﻿21:44:24 : Player #4 erick (198f02b51450b8d8977f05c28f086096) has been kicked by BattlEye: Ping too high (780)
﻿21:48:24 : Player #4 Sonic (181.45.95.254:2304) connected
﻿21:48:25 : Player #4 Sonic - GUID: 3a25293ef952e282224022912621c3a7 (unverified)
﻿21:48:26 : Verified GUID (3a25293ef952e282224022912621c3a7) of player #4 Sonic
﻿21:48:26 : Player #4 Sonic - Legacy GUID: 2d596c07df28e5d15ee2fd943641c8b5
﻿21:49:24 : Player #0 Dragons disconnected
﻿21:57:14 : Player #4 Sonic disconnected
﻿21:58:38 : RCon admin #1: (To Hans) BEC : You have about 60 seconds left to join the mission.
﻿21:59:09 : RCon admin #1: (To Hans) BEC : You have about 30 seconds left to join the mission.
﻿21:59:23 : RCon admin #1: (To Hans) BEC : You have about 15 seconds left to join the mission.
﻿21:59:38 : Player #7 Hans (4c8a9b2b523906058cc33ffd8af6ee84) has been kicked by BattlEye: Admin Kick (BEC : Lobby idling to long)
﻿22:02:22 : Player #0 erick (190.142.4.212:2304) connected
﻿22:02:24 : Player #0 erick - GUID: 198f02b51450b8d8977f05c28f086096 (unverified)
﻿22:02:25 : Verified GUID (198f02b51450b8d8977f05c28f086096) of player #0 erick
﻿22:02:26 : Player #0 erick - Legacy GUID: f0eca0baf5cabd8b2e140142ee086bdf
﻿22:03:13 : Player #0 erick (198f02b51450b8d8977f05c28f086096) has been kicked by BattlEye: Ping too high (734)
﻿22:03:29 : Player #0 Leandro (190.48.160.207:2304) connected
﻿22:03:30 : Player #0 Leandro - GUID: a28691e3b8de5b6290cb77c4cf8a4a55 (unverified)
﻿22:03:31 : Verified GUID (a28691e3b8de5b6290cb77c4cf8a4a55) of player #0 Leandro
﻿22:03:31 : Player #0 Leandro - Legacy GUID: 8916210343111f5bd06931debdd291cb
﻿22:03:45 : Player #4 erick (190.142.4.212:2304) connected
﻿22:03:47 : Player #4 erick - GUID: 198f02b51450b8d8977f05c28f086096 (unverified)
﻿22:03:47 : Verified GUID (198f02b51450b8d8977f05c28f086096) of player #4 erick
﻿22:03:48 : Player #4 erick - Legacy GUID: f0eca0baf5cabd8b2e140142ee086bdf
﻿22:03:56 : Player #7 ecekielx (186.182.27.131:2304) connected
﻿22:03:57 : Player #0 Leandro disconnected
﻿22:03:57 : Player #7 ecekielx - GUID: a9ec1ff8706920f6575cce1ba9efce6e (unverified)
﻿22:03:58 : Verified GUID (a9ec1ff8706920f6575cce1ba9efce6e) of player #7 ecekielx
﻿22:03:58 : Player #7 ecekielx disconnected
﻿22:03:58 : Player #7 ecekielx - Legacy GUID: 1489e041071c82288c3dc6532b6186d4
﻿22:04:38 : Player #4 erick (198f02b51450b8d8977f05c28f086096) has been kicked by BattlEye: Ping too high (577)
﻿22:06:11 : Player #0 ecekielx (186.182.27.131:2304) connected
﻿22:06:12 : Player #0 ecekielx - GUID: a9ec1ff8706920f6575cce1ba9efce6e (unverified)
﻿22:06:13 : Verified GUID (a9ec1ff8706920f6575cce1ba9efce6e) of player #0 ecekielx
﻿22:06:13 : Player #0 ecekielx - Legacy GUID: 1489e041071c82288c3dc6532b6186d4
﻿22:07:01 : Player #4 Leandro (190.48.160.207:2304) connected
﻿22:07:02 : Player #4 Leandro - GUID: a28691e3b8de5b6290cb77c4cf8a4a55 (unverified)
﻿22:07:03 : Verified GUID (a28691e3b8de5b6290cb77c4cf8a4a55) of player #4 Leandro
﻿22:07:03 : Player #4 Leandro - Legacy GUID: 8916210343111f5bd06931debdd291cb
﻿22:09:27 : Player #7 erick (190.142.4.212:2304) connected
﻿22:09:29 : Player #7 erick - GUID: 198f02b51450b8d8977f05c28f086096 (unverified)
﻿22:09:30 : Verified GUID (198f02b51450b8d8977f05c28f086096) of player #7 erick
﻿22:09:30 : Player #7 erick - Legacy GUID: f0eca0baf5cabd8b2e140142ee086bdf
﻿22:09:34 : Player #4 Leandro - Legacy GUID: 8916210343111f5bd06931debdd291cb
﻿22:10:25 : Player #7 erick (198f02b51450b8d8977f05c28f086096) has been kicked by BattlEye: Ping too high (562)
﻿22:11:34 : Player #7 JiNX (186.23.167.224:2304) connected
﻿22:11:35 : Player #7 JiNX - GUID: e704b5642ef839477a8bc92894e3c1dd (unverified)
﻿22:11:36 : Verified GUID (e704b5642ef839477a8bc92894e3c1dd) of player #7 JiNX
﻿22:11:36 : Player #7 JiNX - Legacy GUID: 7a6860f48f3050e553969243b3b4dccc
﻿22:11:46 : Player #8 erick (190.142.4.212:2304) connected
﻿22:11:48 : Player #8 erick - GUID: 198f02b51450b8d8977f05c28f086096 (unverified)
﻿22:11:49 : Player #8 erick - Legacy GUID: f0eca0baf5cabd8b2e140142ee086bdf
﻿22:11:49 : Verified GUID (198f02b51450b8d8977f05c28f086096) of player #8 erick
﻿22:12:55 : Player #0 ecekielx (a9ec1ff8706920f6575cce1ba9efce6e) has been kicked by BattlEye: Client not responding
﻿22:13:57 : Player #0 ecekielx (186.182.27.131:2304) connected
﻿22:13:58 : Player #0 ecekielx - GUID: a9ec1ff8706920f6575cce1ba9efce6e (unverified)
﻿22:13:59 : Verified GUID (a9ec1ff8706920f6575cce1ba9efce6e) of player #0 ecekielx
﻿22:13:59 : Player #0 ecekielx - Legacy GUID: 1489e041071c82288c3dc6532b6186d4
﻿22:13:59 : Player #8 erick (198f02b51450b8d8977f05c28f086096) has been kicked by BattlEye: Ping too high (390)
﻿22:14:03 : Player #8 ujsi (190.50.202.223:2304) connected
﻿22:14:04 : Player #8 ujsi - GUID: acf1e48db18bb416e8449fdbaa214ce2 (unverified)
﻿22:14:05 : Verified GUID (acf1e48db18bb416e8449fdbaa214ce2) of player #8 ujsi
﻿22:14:05 : Player #8 ujsi - Legacy GUID: 4c46de59723894acc5089bcfcd0aa8d8
﻿22:14:07 : Player #8 ujsi disconnected
﻿22:16:48 : Player #8 Hans (190.49.42.86:2304) connected
﻿22:16:49 : Player #8 Hans - GUID: 4c8a9b2b523906058cc33ffd8af6ee84 (unverified)
﻿22:16:50 : Verified GUID (4c8a9b2b523906058cc33ffd8af6ee84) of player #8 Hans
﻿22:16:50 : Player #8 Hans - Legacy GUID: b8db10e0df20e643b9d2f2513879a2d6
﻿22:17:48 : Player #0 ecekielx disconnected
﻿22:25:07 : Player #0 ujsi (190.50.202.223:2304) connected
﻿22:25:08 : Player #0 ujsi - GUID: acf1e48db18bb416e8449fdbaa214ce2 (unverified)
﻿22:25:09 : Verified GUID (acf1e48db18bb416e8449fdbaa214ce2) of player #0 ujsi
﻿22:25:09 : Player #0 ujsi - Legacy GUID: 4c46de59723894acc5089bcfcd0aa8d8
﻿22:27:26 : RCon admin #0: (To ujsi) [juandayz] Bienvenido ujsi!
﻿22:27:40 : RCon admin #0: (To Leandro) [juandayz] bienvenido Leandro!
﻿22:31:05 : Player #9 erick (190.142.4.212:2304) connected
﻿22:31:07 : Player #9 erick - GUID: 198f02b51450b8d8977f05c28f086096 (unverified)
﻿22:31:08 : Player #9 erick - Legacy GUID: f0eca0baf5cabd8b2e140142ee086bdf
﻿22:31:08 : Verified GUID (198f02b51450b8d8977f05c28f086096) of player #9 erick
﻿22:31:58 : Player #9 erick (198f02b51450b8d8977f05c28f086096) has been kicked by BattlEye: Ping too high (873)
﻿22:34:58 : Player #9 ecekielx (186.182.27.131:2304) connected
﻿22:35:01 : Player #9 ecekielx - GUID: a9ec1ff8706920f6575cce1ba9efce6e (unverified)
﻿22:35:02 : Verified GUID (a9ec1ff8706920f6575cce1ba9efce6e) of player #9 ecekielx
﻿22:35:03 : Player #9 ecekielx - Legacy GUID: 1489e041071c82288c3dc6532b6186d4
﻿22:35:55 : Player #2 juandayz disconnected
﻿22:40:35 : RCon admin #0: (Global) [juandayz] en el airfield grande? sii spawnea lo normal de cualquier otro server, igual tiene algunos edificios agregados
﻿22:40:58 : Player #2 Sonic (181.45.95.254:2304) connected
﻿22:41:00 : Player #2 Sonic - GUID: 3a25293ef952e282224022912621c3a7 (unverified)
﻿22:41:00 : Player #2 Sonic - Legacy GUID: 2d596c07df28e5d15ee2fd943641c8b5
﻿22:41:00 : Verified GUID (3a25293ef952e282224022912621c3a7) of player #2 Sonic
﻿22:41:53 : RCon admin #0: (Global) [juandayz] por ahi en la parte donde estan esos talleres o en los galpones grandes
﻿22:42:48 : RCon admin #0: (Global) [juandayz] Sonic, ezequiel, bienvenidos! :)
﻿22:47:10 : Player #10 juandayz (190.138.32.148:2304) connected
﻿22:47:12 : Player #10 juandayz - GUID: d603844e2f77196bf616245ae360213b (unverified)
﻿22:47:12 : Player #10 juandayz - Legacy GUID: a5aa074813dab730e26d67b8a0a0af6c
﻿22:47:13 : Verified GUID (d603844e2f77196bf616245ae360213b) of player #10 juandayz
﻿22:48:21 : Player #11 erick (190.142.4.212:2304) connected
﻿22:48:23 : Player #11 erick - GUID: 198f02b51450b8d8977f05c28f086096 (unverified)
﻿22:48:23 : Verified GUID (198f02b51450b8d8977f05c28f086096) of player #11 erick
﻿22:48:24 : Player #11 erick - Legacy GUID: f0eca0baf5cabd8b2e140142ee086bdf
﻿22:49:14 : Player #11 erick (198f02b51450b8d8977f05c28f086096) has been kicked by BattlEye: Ping too high (2889)
﻿22:50:12 : Player #11 erick (190.142.4.212:2304) connected
﻿22:50:15 : Player #11 erick - GUID: 198f02b51450b8d8977f05c28f086096 (unverified)
﻿22:50:15 : Player #11 erick - Legacy GUID: f0eca0baf5cabd8b2e140142ee086bdf
﻿22:50:15 : Verified GUID (198f02b51450b8d8977f05c28f086096) of player #11 erick
﻿22:50:26 : Player #11 erick disconnected
﻿22:50:31 : RCon admin #0: (To [Amish]Churro) [juandayz] si limpias krasnostav, para q aparezcan las cajas de armas tenes q usar el scroll menu al lado del tanque de la onu
﻿22:51:13 : RCon admin #0: (Global) [juandayz] La zona infectada es un lu gar de loot militar  q te da alrededor de 1.5 mins para entrar y salir antes q mueras infectado Sonic
﻿22:52:09 : Player #11 erick (190.142.4.212:2304) connected
﻿22:52:12 : Player #11 erick - GUID: 198f02b51450b8d8977f05c28f086096 (unverified)
﻿22:52:12 : Player #11 erick - Legacy GUID: f0eca0baf5cabd8b2e140142ee086bdf
﻿22:52:13 : Verified GUID (198f02b51450b8d8977f05c28f086096) of player #11 erick
﻿22:52:21 : Player #11 erick disconnected
﻿22:52:22 : RCon admin #0: (Global) [juandayz] El jet es IA.  el mercado central tiene todos los traders en uno. ademas de otras cosas raras :D
﻿22:53:02 : RCon admin #0: (Global) [juandayz] en antena 4 tambien podes, pero no tenes la variedad de mercado central
﻿22:53:38 : Player #11 Matias (200.125.68.128:2304) connected
﻿22:53:39 : Player #11 Matias - GUID: 4643238ad925242ce94741736748e2ac (unverified)
﻿22:53:40 : Verified GUID (4643238ad925242ce94741736748e2ac) of player #11 Matias
﻿22:53:40 : Player #11 Matias - Legacy GUID: 323132873a43017898c27acf51131796
﻿22:54:01 : RCon admin #0: (Global) [juandayz] Si recien arrancas lo mejor es q vayas a Mercado Central. Es safe zone si. te decia lo mejor es q vayas a mercado central.. tenes varias formas de hacer dinero ahi, podes jugar ruleta rusa, apostar,, y otras cosas mas
﻿22:56:17 : Player #11 Matias - Legacy GUID: 323132873a43017898c27acf51131796
﻿23:00:54 : Player #7 JiNX disconnected
﻿23:13:57 : Player #11 Matias disconnected
﻿23:16:09 : Player #7 carlos (189.41.65.99:2604) connected
﻿23:16:10 : Player #7 carlos - GUID: 90e7e0123d35e6f9ec5c636c5afe09e6 (unverified)
﻿23:16:11 : Verified GUID (90e7e0123d35e6f9ec5c636c5afe09e6) of player #7 carlos
﻿23:16:11 : Player #7 carlos - Legacy GUID: c952ad526faed6640bd4ac4e1065ebf7
﻿23:16:11 : Player #7 carlos disconnected
﻿23:22:55 : Player #7 naxoxhide (190.163.245.183:2304) connected
﻿23:22:56 : Player #7 naxoxhide - GUID: 57f6e5de27d75f8f39baa01eb53afe46 (unverified)
﻿23:22:57 : Verified GUID (57f6e5de27d75f8f39baa01eb53afe46) of player #7 naxoxhide
﻿23:22:57 : Player #7 naxoxhide - Legacy GUID: bebc14a56c6d7767e26f0e02a5d7826f
﻿23:22:58 : Player #7 naxoxhide disconnected
﻿23:23:14 : Player #7 naxoxhide (190.163.245.183:2304) connected
﻿23:23:15 : Player #7 naxoxhide - GUID: 57f6e5de27d75f8f39baa01eb53afe46 (unverified)
﻿23:23:16 : Verified GUID (57f6e5de27d75f8f39baa01eb53afe46) of player #7 naxoxhide
﻿23:23:16 : Player #7 naxoxhide - Legacy GUID: bebc14a56c6d7767e26f0e02a5d7826f
﻿23:23:17 : Player #7 naxoxhide disconnected
﻿23:23:47 : Player #0 ujsi disconnected
﻿23:25:13 : Player #0 High Wine (24.232.15.189:2304) connected
﻿23:25:14 : Player #0 High Wine - GUID: db9a4aa6ef85d760110c6c7ae78c00ae (unverified)
﻿23:25:14 : Verified GUID (db9a4aa6ef85d760110c6c7ae78c00ae) of player #0 High Wine
﻿23:25:15 : Player #0 High Wine - Legacy GUID: 58fa91262c9247be696382b3572f4239
﻿23:25:40 : Player #7 Dexter (200.80.247.34:31343) connected
﻿23:25:42 : Player #7 Dexter - GUID: e84a7c2f0f444a8fa6bff7df557360c8 (unverified)
﻿23:25:43 : Verified GUID (e84a7c2f0f444a8fa6bff7df557360c8) of player #7 Dexter
﻿23:25:44 : Player #7 Dexter - Legacy GUID: 1db2d3b9de40f70681e8a27940355628
﻿23:25:54 : Player #7 Dexter disconnected
﻿23:26:39 : Player #7 carlos (189.41.65.99:2304) connected
﻿23:26:40 : Player #7 carlos - GUID: 90e7e0123d35e6f9ec5c636c5afe09e6 (unverified)
﻿23:26:41 : Verified GUID (90e7e0123d35e6f9ec5c636c5afe09e6) of player #7 carlos
﻿23:26:42 : Player #7 carlos - Legacy GUID: c952ad526faed6640bd4ac4e1065ebf7
﻿23:26:42 : Player #7 carlos disconnected
﻿23:29:01 : Player #7 carlos (189.41.65.99:2304) connected
﻿23:29:02 : Player #7 carlos - GUID: 90e7e0123d35e6f9ec5c636c5afe09e6 (unverified)
﻿23:29:02 : Verified GUID (90e7e0123d35e6f9ec5c636c5afe09e6) of player #7 carlos
﻿23:29:03 : Player #7 carlos - Legacy GUID: c952ad526faed6640bd4ac4e1065ebf7
﻿23:29:04 : Player #7 carlos disconnected
﻿23:29:48 : Player #9 ecekielx (a9ec1ff8706920f6575cce1ba9efce6e) has been kicked by BattlEye: Client not responding
﻿23:30:49 : Player #7 ecekielx (186.182.27.131:2304) connected
﻿23:30:51 : Player #7 ecekielx - GUID: a9ec1ff8706920f6575cce1ba9efce6e (unverified)
﻿23:30:51 : Player #7 ecekielx - Legacy GUID: 1489e041071c82288c3dc6532b6186d4
﻿23:30:52 : Verified GUID (a9ec1ff8706920f6575cce1ba9efce6e) of player #7 ecekielx
﻿23:34:07 : Player #3 Niconap disconnected
﻿23:37:46 : Player #3 Niconap (190.192.138.17:2304) connected
﻿23:37:47 : Player #3 Niconap - GUID: 847c36df72aa984242c68807486ece9e (unverified)
﻿23:37:47 : Verified GUID (847c36df72aa984242c68807486ece9e) of player #3 Niconap
﻿23:37:48 : Player #3 Niconap - Legacy GUID: 20f6fe2aa01ea1c70d6abbfe0224d5d3
﻿23:38:00 : Player #9 JiNX (186.23.167.224:2304) connected
﻿23:38:01 : Player #9 JiNX - GUID: e704b5642ef839477a8bc92894e3c1dd (unverified)
﻿23:38:01 : Verified GUID (e704b5642ef839477a8bc92894e3c1dd) of player #9 JiNX
﻿23:38:02 : Player #9 JiNX - Legacy GUID: 7a6860f48f3050e553969243b3b4dccc
﻿23:38:08 : Player #11 kururu (181.122.97.7:2304) connected
﻿23:38:10 : Player #11 kururu disconnected
﻿23:38:15 : Player #11 kururu (181.122.97.7:2304) connected
﻿23:38:16 : Player #11 kururu disconnected
﻿23:38:33 : Player #11 Jose Luis (186.118.222.103:2304) connected
﻿23:38:35 : Player #11 Jose Luis - GUID: d9558a067db2e5932e8a58c619edb83d (unverified)
﻿23:38:35 : Player #11 Jose Luis - Legacy GUID: 7beaaf3c723b44978f2c26b96411e08c
﻿23:38:36 : Verified GUID (d9558a067db2e5932e8a58c619edb83d) of player #11 Jose Luis
﻿23:40:30 : Player #12 EduardoMartin (181.122.97.7:2304) connected
﻿23:40:32 : Player #12 EduardoMartin - GUID: bdc44d29bf8d6cd51baa30c8da91033a (unverified)
﻿23:40:32 : Verified GUID (bdc44d29bf8d6cd51baa30c8da91033a) of player #12 EduardoMartin
﻿23:40:33 : Player #12 EduardoMartin - Legacy GUID: 1ea746ca60ad943926b140e5979350d7
﻿23:40:54 : Player #9 JiNX disconnected
﻿23:44:12 : Player #9 Fidelo (189.176.25.136:2304) connected
﻿23:44:15 : Player #9 Fidelo - GUID: 8c8ac97fe5ddb2c80bcdbbfde594a69c (unverified)
﻿23:44:16 : Player #11 Jose Luis disconnected
﻿23:44:16 : Verified GUID (8c8ac97fe5ddb2c80bcdbbfde594a69c) of player #9 Fidelo
﻿23:44:17 : Player #9 Fidelo - Legacy GUID: 65de53aeee9befe0ecf3b4838c2698c6
﻿23:45:00 : RCon admin #1: (Global) BEC : This server will restart in 15 minutes
﻿23:45:03 : Player #9 Fidelo (8c8ac97fe5ddb2c80bcdbbfde594a69c) has been kicked by BattlEye: Ping too high (359)
﻿23:47:10 : Player #12 EduardoMartin disconnected
﻿23:47:29 : Player #9 Jose Luis (186.118.222.103:2304) connected
﻿23:47:31 : Player #9 Jose Luis - GUID: d9558a067db2e5932e8a58c619edb83d (unverified)
﻿23:47:31 : Player #9 Jose Luis - Legacy GUID: 7beaaf3c723b44978f2c26b96411e08c
﻿23:47:32 : Verified GUID (d9558a067db2e5932e8a58c619edb83d) of player #9 Jose Luis
﻿23:48:32 : Player #8 Hans disconnected
﻿23:53:20 : Player #9 Jose Luis disconnected
﻿23:55:00 : RCon admin #1: (Global) BEC : This server will restart in 5 minutes
﻿23:56:25 : Player #8 JiNX (186.23.167.224:2304) connected
﻿23:56:26 : Player #8 JiNX - GUID: e704b5642ef839477a8bc92894e3c1dd (unverified)
﻿23:56:26 : Verified GUID (e704b5642ef839477a8bc92894e3c1dd) of player #8 JiNX
﻿23:56:27 : Player #8 JiNX - Legacy GUID: 7a6860f48f3050e553969243b3b4dccc
﻿23:57:15 : Player #9 ukaf (181.231.94.118:2304) connected
﻿23:57:16 : Player #9 ukaf - GUID: 4e9b27a5d5556bc9bed6f0ed4dfd90a2 (unverified)
﻿23:57:17 : Verified GUID (4e9b27a5d5556bc9bed6f0ed4dfd90a2) of player #9 ukaf
﻿23:57:17 : Player #9 ukaf - Legacy GUID: 2d921a970408f275e8655ef77c6e701f
﻿23:58:52 : Player #5 JF disconnected
﻿23:59:00 : RCon admin #1: (Global) BEC : This server will restart in 1 minute, Log out now!
﻿23:59:46 : Player #2 Sonic disconnected
﻿23:59:57 : Player #6 Dallheim disconnected
