00:00:03 : Lost Connection!
﻿00:00:03 : Closing socket & exiting!
﻿00:01:14 : Rcon client logging in
﻿00:01:14 : RCon admin #0 (127.0.0.1:60723) logged in
﻿00:24:18 : Rcon client logging in
﻿00:24:53 : RCon admin #0 (127.0.0.1:51024) logged in
﻿00:34:46 : Rcon client logging in
﻿00:34:46 : RCon admin #0 (127.0.0.1:51025) logged in
﻿01:25:11 : Player #0 vodka (186.129.22.34:2304) connected
﻿01:25:13 : Player #0 vodka - GUID: 9d9589c45c3ca41c83bd64095f841d95 (unverified)
﻿01:25:13 : Player #0 vodka - Legacy GUID: 90797abf15f589d7d7c70755938e2998
﻿01:25:15 : Verified GUID (9d9589c45c3ca41c83bd64095f841d95) of player #0 vodka
﻿01:57:27 : Player #1 juan p (189.223.146.110:2304) connected
﻿01:57:31 : Player #1 juan p - GUID: eab22850fdd8c03689d3cf62197b27a8 (unverified)
﻿01:57:31 : Verified GUID (eab22850fdd8c03689d3cf62197b27a8) of player #1 juan p
﻿01:57:32 : Player #1 juan p - Legacy GUID: 42220cbb688c4a3748630ff8eb1117dd
﻿02:33:06 : Player #2 Katsu (189.115.77.212:2304) connected
﻿02:33:07 : Player #2 Katsu - GUID: 9e9a6c340c5bd39cdf8fbed531e6057b (unverified)
﻿02:33:07 : Verified GUID (9e9a6c340c5bd39cdf8fbed531e6057b) of player #2 Katsu
﻿02:33:08 : Player #2 Katsu - Legacy GUID: c007092b34b631b4bd3176c965b88143
﻿02:33:11 : Player #2 Katsu disconnected
﻿02:45:00 : RCon admin #0: (Global) BEC : This server will restart in 15 minutes
﻿02:55:00 : RCon admin #0: (Global) BEC : This server will restart in 5 minutes
﻿02:59:00 : RCon admin #0: (Global) BEC : This server will restart in 1 minute, Log out now!
﻿02:59:17 : Player #0 vodka disconnected
﻿03:00:01 : Lost Connection!
﻿03:00:01 : Closing socket & exiting!
﻿03:01:15 : Rcon client logging in
﻿03:01:15 : RCon admin #0 (127.0.0.1:51425) logged in
﻿03:05:45 : Player #0 vodka (186.129.22.34:2304) connected
﻿03:05:47 : Player #0 vodka - GUID: 9d9589c45c3ca41c83bd64095f841d95 (unverified)
﻿03:05:49 : Player #0 vodka - Legacy GUID: 90797abf15f589d7d7c70755938e2998
﻿03:05:50 : Verified GUID (9d9589c45c3ca41c83bd64095f841d95) of player #0 vodka
﻿05:01:29 : Player #1 Viciuz (189.165.201.93:64765) connected
﻿05:01:30 : Player #1 Viciuz - GUID: 60fa554f2a30d6a963fb536bb87b7375 (unverified)
﻿05:01:31 : Verified GUID (60fa554f2a30d6a963fb536bb87b7375) of player #1 Viciuz
﻿05:01:31 : Player #1 Viciuz - Legacy GUID: 084bf2137cd7716b3086ad2aa8a97481
﻿05:18:12 : Player #2 SANTIAGO (181.28.8.31:2304) connected
﻿05:18:13 : Player #2 SANTIAGO - GUID: 239ea99c2259ee2076f0c42ec73403e8 (unverified)
﻿05:18:13 : Verified GUID (239ea99c2259ee2076f0c42ec73403e8) of player #2 SANTIAGO
﻿05:18:14 : Player #2 SANTIAGO - Legacy GUID: 107add28ec214d2aabb1d21592a43514
﻿05:18:16 : Player #2 SANTIAGO disconnected
﻿05:18:55 : Player #2 SANTIAGO (181.28.8.31:2304) connected
﻿05:18:56 : Player #2 SANTIAGO - GUID: 239ea99c2259ee2076f0c42ec73403e8 (unverified)
﻿05:18:56 : Verified GUID (239ea99c2259ee2076f0c42ec73403e8) of player #2 SANTIAGO
﻿05:18:57 : Player #2 SANTIAGO - Legacy GUID: 107add28ec214d2aabb1d21592a43514
﻿05:18:59 : Player #2 SANTIAGO disconnected
﻿05:45:00 : RCon admin #0: (Global) BEC : This server will restart in 15 minutes
﻿05:55:00 : RCon admin #0: (Global) BEC : This server will restart in 5 minutes
﻿05:59:00 : RCon admin #0: (Global) BEC : This server will restart in 1 minute, Log out now!
﻿06:00:01 : Lost Connection!
﻿06:00:01 : Closing socket & exiting!
﻿06:01:15 : Rcon client logging in
﻿06:01:15 : RCon admin #0 (127.0.0.1:58260) logged in
﻿06:03:40 : Player #0 vodka (186.129.22.34:2304) connected
﻿06:03:42 : Player #0 vodka - GUID: 9d9589c45c3ca41c83bd64095f841d95 (unverified)
﻿06:03:43 : Player #0 vodka - Legacy GUID: 90797abf15f589d7d7c70755938e2998
﻿06:03:45 : Verified GUID (9d9589c45c3ca41c83bd64095f841d95) of player #0 vodka
﻿06:04:11 : Player #1 Viciuz (189.165.201.93:50705) connected
﻿06:04:48 : Player #1 Viciuz - GUID: 60fa554f2a30d6a963fb536bb87b7375 (unverified)
﻿06:04:48 : Player #1 Viciuz - Legacy GUID: 084bf2137cd7716b3086ad2aa8a97481
﻿06:04:48 : Verified GUID (60fa554f2a30d6a963fb536bb87b7375) of player #1 Viciuz
﻿07:35:40 : Player #0 vodka disconnected
﻿08:00:22 : Player #0 Alutriel (179.97.179.136:2304) connected
﻿08:00:23 : Player #0 Alutriel - GUID: 549b893b1cf1c43061e6796fe9e3277c (unverified)
﻿08:00:23 : Verified GUID (549b893b1cf1c43061e6796fe9e3277c) of player #0 Alutriel
﻿08:00:24 : Player #0 Alutriel - Legacy GUID: 4b616070d00e88a2a3db49004ddbf719
﻿08:00:25 : Player #0 Alutriel disconnected
﻿08:06:10 : Player #1 Viciuz disconnected
﻿08:45:00 : RCon admin #0: (Global) BEC : This server will restart in 15 minutes
﻿08:55:00 : RCon admin #0: (Global) BEC : This server will restart in 5 minutes
﻿08:59:00 : RCon admin #0: (Global) BEC : This server will restart in 1 minute, Log out now!
﻿09:00:01 : Lost Connection!
﻿09:00:01 : Closing socket & exiting!
﻿09:01:15 : Rcon client logging in
﻿09:01:15 : RCon admin #0 (127.0.0.1:50355) logged in
﻿11:45:00 : RCon admin #0: (Global) BEC : This server will restart in 15 minutes
﻿11:55:00 : RCon admin #0: (Global) BEC : This server will restart in 5 minutes
﻿11:59:00 : RCon admin #0: (Global) BEC : This server will restart in 1 minute, Log out now!
﻿12:00:01 : Lost Connection!
﻿12:00:01 : Closing socket & exiting!
﻿12:01:07 : Rcon client logging in
﻿12:01:07 : RCon admin #0 (127.0.0.1:53252) logged in
﻿12:30:12 : Player #0 JF (190.185.192.18:26512) connected
﻿12:30:14 : Player #0 JF - GUID: 93a2a9d9bc7acb34122becec3305fde7 (unverified)
﻿12:30:14 : Player #0 JF - Legacy GUID: 1e3460faa1452299ec3b5f220fe797e0
﻿12:30:14 : Verified GUID (93a2a9d9bc7acb34122becec3305fde7) of player #0 JF
﻿13:38:03 : Player #1 Usuario (200.115.246.61:2304) connected
﻿13:38:04 : Player #1 Usuario - GUID: bd3684bb4d3ed5af87fa99ce582410f5 (unverified)
﻿13:38:04 : Verified GUID (bd3684bb4d3ed5af87fa99ce582410f5) of player #1 Usuario
﻿13:38:05 : Player #1 Usuario - Legacy GUID: d307d5cac3a6c7b414448a2d0515a25f
﻿14:07:22 : Player #1 Usuario disconnected
﻿14:24:26 : Player #1 LarzuK (186.56.20.115:2304) connected
﻿14:24:27 : Player #1 LarzuK - GUID: 830c029a6ec69a6e0563b0638ebe72b9 (unverified)
﻿14:24:28 : Player #1 LarzuK - Legacy GUID: 36a4a2b1fb2e23467aba15c0a1207080
﻿14:24:35 : Verified GUID (830c029a6ec69a6e0563b0638ebe72b9) of player #1 LarzuK
﻿14:45:00 : RCon admin #0: (Global) BEC : This server will restart in 15 minutes
﻿14:55:00 : RCon admin #0: (Global) BEC : This server will restart in 5 minutes
﻿14:59:00 : RCon admin #0: (Global) BEC : This server will restart in 1 minute, Log out now!
﻿14:59:09 : Player #1 LarzuK disconnected
﻿15:00:02 : Lost Connection!
﻿15:00:02 : Closing socket & exiting!
﻿15:01:15 : Rcon client logging in
﻿15:01:15 : RCon admin #0 (127.0.0.1:60684) logged in
﻿15:14:40 : Player #1 LarzuK (186.56.20.115:2304) connected
﻿15:14:41 : Player #1 LarzuK - GUID: 830c029a6ec69a6e0563b0638ebe72b9 (unverified)
﻿15:14:42 : Player #1 LarzuK - Legacy GUID: 36a4a2b1fb2e23467aba15c0a1207080
﻿15:14:43 : Verified GUID (830c029a6ec69a6e0563b0638ebe72b9) of player #1 LarzuK
﻿15:33:11 : Could not connect to BE Master
﻿15:33:11 : Update attempt failed
﻿15:33:11 : Player #0 JF (93a2a9d9bc7acb34122becec3305fde7) has been kicked by BattlEye: Client not responding
﻿15:33:11 : Player #1 LarzuK (830c029a6ec69a6e0563b0638ebe72b9) has been kicked by BattlEye: Client not responding
﻿20:23:34 : Rcon client logging in
﻿20:23:34 : RCon admin #0 (127.0.0.1:62074) logged in
﻿20:45:00 : RCon admin #0: (Global) BEC : This server will restart in 15 minutes
﻿20:46:59 : Player #0 JF (190.185.192.18:26512) connected
﻿20:47:03 : Player #0 JF - GUID: 93a2a9d9bc7acb34122becec3305fde7 (unverified)
﻿20:47:03 : Verified GUID (93a2a9d9bc7acb34122becec3305fde7) of player #0 JF
﻿20:47:03 : Player #0 JF - Legacy GUID: 1e3460faa1452299ec3b5f220fe797e0
﻿20:55:00 : RCon admin #0: (Global) BEC : This server will restart in 5 minutes
﻿20:59:00 : RCon admin #0: (Global) BEC : Server restart in 1 minute, Log out NOW!
﻿21:00:01 : Lost Connection!
﻿21:00:01 : Closing socket & exiting!
﻿21:01:15 : Rcon client logging in
﻿21:01:15 : RCon admin #0 (127.0.0.1:53924) logged in
﻿21:01:44 : Player #0 JF (190.185.192.18:26512) connected
﻿21:01:45 : Player #0 JF - GUID: 93a2a9d9bc7acb34122becec3305fde7 (unverified)
﻿21:01:46 : Verified GUID (93a2a9d9bc7acb34122becec3305fde7) of player #0 JF
﻿21:01:46 : Player #0 JF - Legacy GUID: 1e3460faa1452299ec3b5f220fe797e0
﻿21:03:20 : Player #1 Viciuz (189.165.201.93:52424) connected
﻿21:03:22 : Player #1 Viciuz - GUID: 60fa554f2a30d6a963fb536bb87b7375 (unverified)
﻿21:03:23 : Verified GUID (60fa554f2a30d6a963fb536bb87b7375) of player #1 Viciuz
﻿21:03:23 : Player #1 Viciuz - Legacy GUID: 084bf2137cd7716b3086ad2aa8a97481
﻿21:56:28 : RCon admin #1 (127.0.0.1:53553) logged in
﻿21:56:51 : RCon admin #1: (Global) [juandayz] hola gente como va?
﻿22:04:44 : Player #2 juandayz (190.226.81.232:2304) connected
﻿22:04:45 : Player #2 juandayz - GUID: d603844e2f77196bf616245ae360213b (unverified)
﻿22:04:45 : Verified GUID (d603844e2f77196bf616245ae360213b) of player #2 juandayz
﻿22:04:46 : Player #2 juandayz - Legacy GUID: a5aa074813dab730e26d67b8a0a0af6c
﻿22:14:38 : Player #3 Dexter (200.89.154.130:23403) connected
﻿22:14:40 : Player #3 Dexter - GUID: e84a7c2f0f444a8fa6bff7df557360c8 (unverified)
﻿22:14:40 : Verified GUID (e84a7c2f0f444a8fa6bff7df557360c8) of player #3 Dexter
﻿22:14:41 : Player #3 Dexter - Legacy GUID: 1db2d3b9de40f70681e8a27940355628
﻿22:14:47 : Player #3 Dexter disconnected
﻿22:18:01 : RCon admin #1: (Global) [juandayz] holaa.. ves ? no te asustes yo admin ajaja
﻿22:19:17 : RCon admin #1: (Global) [juandayz] no hay drama :)
﻿22:20:03 : RCon admin #1: (Global) [juandayz] fijate q hay muchas cosas distintas a otros servers. por ejemplo todo lo q necesites comprar esta en el mercado central
﻿22:20:18 : RCon admin #1: (Global) [juandayz] los demas trades originales no existen aca
﻿22:20:47 : RCon admin #1: (Global) [juandayz] :D agarrate la suv de gendarmeria, la podes remolcar con la otra
﻿22:21:12 : Player #3 juan p (189.223.146.110:2304) connected
﻿22:21:15 : Player #3 juan p - GUID: eab22850fdd8c03689d3cf62197b27a8 (unverified)
﻿22:21:15 : Verified GUID (eab22850fdd8c03689d3cf62197b27a8) of player #3 juan p
﻿22:21:17 : Player #3 juan p - Legacy GUID: 42220cbb688c4a3748630ff8eb1117dd
﻿22:27:29 : RCon admin #1: (Global) [juandayz] hola juan pedro!!
﻿22:44:31 : Player #2 juandayz disconnected
﻿22:48:08 : RCon admin #1: (To Viciuz) [juandayz] jaja el q te regalo la camioneta soy yo, el admin :D
﻿22:48:43 : RCon admin #1: (To Viciuz) [juandayz] las Suvs estan customizadas, vas a ver diferentes skins en ellas
﻿22:48:47 : RCon admin #1: (Global) [juandayz] si decime
﻿22:49:05 : RCon admin #1: (Global) [juandayz] donde la habias dejado
﻿22:49:23 : RCon admin #1: (Global) [juandayz] bueno, fijate cuando entras al  servidor
﻿22:49:47 : RCon admin #1: (Global) [juandayz] q hay un cartel q dice que los vehiculos abandonados en el trade, son removidos en el restart
﻿22:50:55 : No Valid response. Trying to reconnect.!
﻿22:50:55 : Rcon client logging in
﻿22:50:56 : RCon admin #0 (127.0.0.1:53924) logged in
﻿22:51:13 : Player #2 juandayz (190.226.81.232:2304) connected
﻿22:51:14 : Player #2 juandayz - GUID: d603844e2f77196bf616245ae360213b (unverified)
﻿22:51:15 : Verified GUID (d603844e2f77196bf616245ae360213b) of player #2 juandayz
﻿22:51:15 : Player #2 juandayz - Legacy GUID: a5aa074813dab730e26d67b8a0a0af6c
﻿23:27:40 : Player #2 juandayz disconnected
﻿23:45:00 : RCon admin #0: (Global) BEC : This server will restart in 15 minutes
﻿23:48:03 : Player #3 juan p disconnected
﻿23:55:00 : RCon admin #0: (Global) BEC : This server will restart in 5 minutes
﻿23:59:00 : RCon admin #0: (Global) BEC : This server will restart in 1 minute, Log out now!
