00:00:02 : Lost Connection!
﻿00:00:02 : Closing socket & exiting!
﻿00:05:09 : Rcon client logging in
﻿00:05:09 : RCon admin #1 (127.0.0.1:55982) logged in
﻿00:06:17 : Player #1 juandayz (190.138.32.148:2304) connected
﻿00:06:17 : Player #2 JiNX (186.23.167.224:2304) connected
﻿00:06:18 : Player #2 JiNX - GUID: e704b5642ef839477a8bc92894e3c1dd (unverified)
﻿00:06:20 : Player #1 juandayz - GUID: d603844e2f77196bf616245ae360213b (unverified)
﻿00:06:20 : Verified GUID (e704b5642ef839477a8bc92894e3c1dd) of player #2 JiNX
﻿00:06:20 : Player #2 JiNX - Legacy GUID: 7a6860f48f3050e553969243b3b4dccc
﻿00:06:21 : Player #1 juandayz - Legacy GUID: a5aa074813dab730e26d67b8a0a0af6c
﻿00:06:21 : Verified GUID (d603844e2f77196bf616245ae360213b) of player #1 juandayz
﻿00:06:34 : Player #3 Niconap (190.192.138.17:2304) connected
﻿00:06:35 : Player #3 Niconap - GUID: 847c36df72aa984242c68807486ece9e (unverified)
﻿00:06:35 : Verified GUID (847c36df72aa984242c68807486ece9e) of player #3 Niconap
﻿00:06:36 : Player #3 Niconap - Legacy GUID: 20f6fe2aa01ea1c70d6abbfe0224d5d3
﻿00:06:57 : Player #4 [Amish]Churro (201.212.50.146:2304) connected
﻿00:06:58 : Player #4 [Amish]Churro - GUID: dde1966f1dd7e3054e1b1eb0a534628d (unverified)
﻿00:06:59 : Verified GUID (dde1966f1dd7e3054e1b1eb0a534628d) of player #4 [Amish]Churro
﻿00:06:59 : Player #4 [Amish]Churro - Legacy GUID: 400a9b7eb38b0cba4ee0340edd2b0aed
﻿00:08:53 : Player #5 JF (190.185.192.18:26512) connected
﻿00:08:54 : Player #5 JF - GUID: 93a2a9d9bc7acb34122becec3305fde7 (unverified)
﻿00:08:54 : Verified GUID (93a2a9d9bc7acb34122becec3305fde7) of player #5 JF
﻿00:08:55 : Player #5 JF - Legacy GUID: 1e3460faa1452299ec3b5f220fe797e0
﻿00:12:34 : Player #5 JF disconnected
﻿00:16:20 : Player #5 JF (190.185.192.18:26512) connected
﻿00:16:21 : Player #5 JF - GUID: 93a2a9d9bc7acb34122becec3305fde7 (unverified)
﻿00:16:22 : Verified GUID (93a2a9d9bc7acb34122becec3305fde7) of player #5 JF
﻿00:16:22 : Player #5 JF - Legacy GUID: 1e3460faa1452299ec3b5f220fe797e0
﻿00:16:53 : Player #1 juandayz (d603844e2f77196bf616245ae360213b) has been kicked by BattlEye: Client not responding
﻿00:21:54 : Player #1 Snokannabs (191.209.39.158:2304) connected
﻿00:21:55 : Player #1 Snokannabs - GUID: dacfeb70678f91bdc7216f478b250a06 (unverified)
﻿00:21:56 : Verified GUID (dacfeb70678f91bdc7216f478b250a06) of player #1 Snokannabs
﻿00:21:56 : Player #1 Snokannabs - Legacy GUID: c337178551bcd54aecb047ce5ef0e98b
﻿00:21:57 : Player #1 Snokannabs disconnected
﻿00:24:28 : Player #1 Jose Luis (186.118.222.103:2304) connected
﻿00:24:30 : Player #1 Jose Luis - GUID: d9558a067db2e5932e8a58c619edb83d (unverified)
﻿00:24:30 : Verified GUID (d9558a067db2e5932e8a58c619edb83d) of player #1 Jose Luis
﻿00:24:31 : Player #1 Jose Luis - Legacy GUID: 7beaaf3c723b44978f2c26b96411e08c
﻿00:29:57 : Player #6 Dragons (186.22.173.62:2304) connected
﻿00:29:58 : Player #6 Dragons - GUID: 3c6c048346652b2441b43e719a05201a (unverified)
﻿00:29:59 : Verified GUID (3c6c048346652b2441b43e719a05201a) of player #6 Dragons
﻿00:29:59 : Player #6 Dragons - Legacy GUID: 3913b982b8c60e961ef4fc2d2bc88df7
﻿00:31:20 : Player #7 rodrigo (181.16.85.231:2304) connected
﻿00:31:22 : Player #7 rodrigo - GUID: 8f906fce436c4bcb79e1a0add383be7a (unverified)
﻿00:31:22 : Verified GUID (8f906fce436c4bcb79e1a0add383be7a) of player #7 rodrigo
﻿00:31:23 : Player #7 rodrigo - Legacy GUID: 2f2af45ff30d5d9fddc15055031c1b7d
﻿00:31:24 : Player #7 rodrigo disconnected
﻿00:37:10 : Player #7 santiago (181.138.126.217:29457) connected
﻿00:37:12 : Player #7 santiago - GUID: 5f72597ccf11380055e35a403a02fb81 (unverified)
﻿00:37:12 : Verified GUID (5f72597ccf11380055e35a403a02fb81) of player #7 santiago
﻿00:37:13 : Player #7 santiago - Legacy GUID: f8c8299b0a688de480efb946d670fbbd
﻿00:47:01 : Player #8 Kleber (177.130.62.10:27016) connected
﻿00:47:03 : Player #8 Kleber - GUID: e4161220841b45a5268ec5a2e2b88d4a (unverified)
﻿00:47:03 : Verified GUID (e4161220841b45a5268ec5a2e2b88d4a) of player #8 Kleber
﻿00:47:04 : Player #8 Kleber - Legacy GUID: 9dae13d7d4dec039162f93bb6cf3376c
﻿00:47:05 : Player #8 Kleber disconnected
﻿00:47:17 : Player #8 Kleber (177.130.62.10:27016) connected
﻿00:47:19 : Player #8 Kleber - GUID: e4161220841b45a5268ec5a2e2b88d4a (unverified)
﻿00:47:20 : Verified GUID (e4161220841b45a5268ec5a2e2b88d4a) of player #8 Kleber
﻿00:47:21 : Player #8 Kleber disconnected
﻿01:06:56 : Player #4 [Amish]Churro (dde1966f1dd7e3054e1b1eb0a534628d) has been kicked by BattlEye: Client not responding
﻿01:10:36 : Player #4 TIAGO MARQUES (177.103.26.31:2304) connected
﻿01:10:37 : Player #4 TIAGO MARQUES - GUID: 170e766a3e58f21c3a0f9ce68e71dd99 (unverified)
﻿01:10:38 : Verified GUID (170e766a3e58f21c3a0f9ce68e71dd99) of player #4 TIAGO MARQUES
﻿01:10:38 : Player #4 TIAGO MARQUES - Legacy GUID: b9e9529fd368e5e9dd9ebb92fd5f3f86
﻿01:10:39 : Player #4 TIAGO MARQUES disconnected
﻿01:14:34 : Player #4 Alonso (190.8.85.31:3092) connected
﻿01:14:35 : Player #4 Alonso - GUID: 5900e624652e04aae34dcba3fc411d9d (unverified)
﻿01:14:36 : Verified GUID (5900e624652e04aae34dcba3fc411d9d) of player #4 Alonso
﻿01:14:37 : Player #4 Alonso - Legacy GUID: e12bb46a905d5751daed25caddbfa282
﻿01:14:37 : Player #4 Alonso disconnected
﻿01:26:17 : Player #6 Dragons (3c6c048346652b2441b43e719a05201a) has been kicked by BattlEye: Client not responding
﻿01:29:13 : Player #4 Dragons (186.22.173.62:2304) connected
﻿01:29:14 : Player #4 Dragons - GUID: 3c6c048346652b2441b43e719a05201a (unverified)
﻿01:29:15 : Verified GUID (3c6c048346652b2441b43e719a05201a) of player #4 Dragons
﻿01:29:15 : Player #4 Dragons - Legacy GUID: 3913b982b8c60e961ef4fc2d2bc88df7
﻿01:34:52 : Player #6 [Amish]Churro (152.169.156.156:2304) connected
﻿01:34:53 : Player #6 [Amish]Churro - GUID: dde1966f1dd7e3054e1b1eb0a534628d (unverified)
﻿01:34:54 : Player #6 [Amish]Churro - Legacy GUID: 400a9b7eb38b0cba4ee0340edd2b0aed
﻿01:34:54 : Verified GUID (dde1966f1dd7e3054e1b1eb0a534628d) of player #6 [Amish]Churro
﻿01:37:53 : Player #4 Dragons (3c6c048346652b2441b43e719a05201a) has been kicked by BattlEye: Ping too high (390)
﻿01:38:18 : Player #4 Dragons (186.22.173.62:2304) connected
﻿01:38:20 : Player #4 Dragons - GUID: 3c6c048346652b2441b43e719a05201a (unverified)
﻿01:38:20 : Player #4 Dragons - Legacy GUID: 3913b982b8c60e961ef4fc2d2bc88df7
﻿01:38:21 : Verified GUID (3c6c048346652b2441b43e719a05201a) of player #4 Dragons
﻿01:43:48 : Player #8 Leyva (177.230.79.226:2304) connected
﻿01:43:53 : Player #8 Leyva - GUID: 50ce278bbec370b1dd0fd8a8770643b6 (unverified)
﻿01:43:54 : Verified GUID (50ce278bbec370b1dd0fd8a8770643b6) of player #8 Leyva
﻿01:43:55 : Player #8 Leyva - Legacy GUID: c5581512eb773844116e836fbd4370a2
﻿01:45:23 : Player #9 erick (190.142.0.75:2304) connected
﻿01:45:24 : Player #9 erick - GUID: 198f02b51450b8d8977f05c28f086096 (unverified)
﻿01:45:25 : Verified GUID (198f02b51450b8d8977f05c28f086096) of player #9 erick
﻿01:45:25 : Player #9 erick - Legacy GUID: f0eca0baf5cabd8b2e140142ee086bdf
﻿01:47:45 : Player #7 santiago disconnected
﻿01:49:36 : RCon admin #1: (To Leyva) BEC : You have about 60 seconds left to join the mission.
﻿01:50:07 : RCon admin #1: (To Leyva) BEC : You have about 30 seconds left to join the mission.
﻿01:50:21 : RCon admin #1: (To Leyva) BEC : You have about 15 seconds left to join the mission.
﻿01:50:36 : Player #8 Leyva (50ce278bbec370b1dd0fd8a8770643b6) has been kicked by BattlEye: Admin Kick (BEC : Lobby idling to long)
﻿01:52:03 : Player #3 Niconap disconnected
﻿01:55:21 : Player #0 Dallheim disconnected
﻿01:55:43 : Player #2 JiNX disconnected
﻿01:56:05 : Player #0 Leyva (177.230.79.226:2304) connected
﻿01:56:07 : Player #0 Leyva - GUID: 50ce278bbec370b1dd0fd8a8770643b6 (unverified)
﻿01:56:07 : Verified GUID (50ce278bbec370b1dd0fd8a8770643b6) of player #0 Leyva
﻿01:56:07 : Player #0 Leyva - Legacy GUID: c5581512eb773844116e836fbd4370a2
﻿02:04:43 : Player #6 [Amish]Churro disconnected
﻿02:14:18 : Player #2 carlos (189.41.65.99:2304) connected
﻿02:14:19 : Player #2 carlos - GUID: 90e7e0123d35e6f9ec5c636c5afe09e6 (unverified)
﻿02:14:19 : Verified GUID (90e7e0123d35e6f9ec5c636c5afe09e6) of player #2 carlos
﻿02:14:20 : Player #2 carlos - Legacy GUID: c952ad526faed6640bd4ac4e1065ebf7
﻿02:14:23 : Player #2 carlos disconnected
﻿02:45:00 : RCon admin #1: (Global) BEC : This server will restart in 15 minutes
﻿02:48:33 : Player #9 erick disconnected
﻿02:55:00 : RCon admin #1: (Global) BEC : This server will restart in 5 minutes
﻿02:57:54 : Player #4 Dragons disconnected
﻿02:59:00 : RCon admin #1: (Global) BEC : This server will restart in 1 minute, Log out now!
﻿03:00:02 : Lost Connection!
﻿03:00:02 : Closing socket & exiting!
﻿03:01:15 : Rcon client logging in
﻿03:01:15 : RCon admin #1 (127.0.0.1:54569) logged in
﻿03:02:10 : Player #0 JF (190.185.192.18:26512) connected
﻿03:02:12 : Player #0 JF - GUID: 93a2a9d9bc7acb34122becec3305fde7 (unverified)
﻿03:02:12 : Verified GUID (93a2a9d9bc7acb34122becec3305fde7) of player #0 JF
﻿03:02:12 : Player #1 Jose Luis (186.118.222.103:2304) connected
﻿03:02:13 : Player #0 JF - Legacy GUID: 1e3460faa1452299ec3b5f220fe797e0
﻿03:02:15 : Player #1 Jose Luis - GUID: d9558a067db2e5932e8a58c619edb83d (unverified)
﻿03:02:15 : Verified GUID (d9558a067db2e5932e8a58c619edb83d) of player #1 Jose Luis
﻿03:02:17 : Player #1 Jose Luis - Legacy GUID: 7beaaf3c723b44978f2c26b96411e08c
﻿03:03:21 : Player #2 Leyva (177.230.79.226:2304) connected
﻿03:03:24 : Player #2 Leyva - GUID: 50ce278bbec370b1dd0fd8a8770643b6 (unverified)
﻿03:03:24 : Player #2 Leyva - Legacy GUID: c5581512eb773844116e836fbd4370a2
﻿03:03:24 : Verified GUID (50ce278bbec370b1dd0fd8a8770643b6) of player #2 Leyva
﻿03:04:21 : Player #3 Paladin (189.129.47.62:60017) connected
﻿03:04:23 : Player #3 Paladin - Legacy GUID: 512af83a801ac33e7d6e05fbb915d32d
﻿03:04:24 : Player #3 Paladin - GUID: 9cc2b3e61b4f41eba94eee408e0063b3 (unverified)
﻿03:04:25 : Verified GUID (9cc2b3e61b4f41eba94eee408e0063b3) of player #3 Paladin
﻿03:05:34 : Player #4 Fidelo (189.176.25.136:2304) connected
﻿03:05:35 : Player #4 Fidelo - GUID: 8c8ac97fe5ddb2c80bcdbbfde594a69c (unverified)
﻿03:05:36 : Verified GUID (8c8ac97fe5ddb2c80bcdbbfde594a69c) of player #4 Fidelo
﻿03:05:36 : Player #4 Fidelo - Legacy GUID: 65de53aeee9befe0ecf3b4838c2698c6
﻿04:01:44 : Player #2 Leyva disconnected
﻿04:25:28 : Could not connect to BE Master
﻿04:25:28 : Update attempt failed
﻿04:26:19 : Player #4 Fidelo disconnected
﻿04:27:44 : Could not connect to BE Master
﻿04:27:44 : Update attempt failed
﻿04:30:00 : Could not connect to BE Master
﻿04:30:00 : Update attempt failed
﻿04:33:32 : Failed to receive from BE Master (2)
﻿04:33:32 : Update attempt failed
﻿04:35:48 : Could not connect to BE Master
﻿04:35:48 : Update attempt failed
﻿04:37:48 : Player #3 Paladin (9cc2b3e61b4f41eba94eee408e0063b3) has been kicked by BattlEye: Ping too high (359)
﻿04:39:25 : Failed to receive from BE Master (2)
﻿04:39:25 : Update attempt failed
﻿04:41:41 : Could not connect to BE Master
﻿04:41:41 : Update attempt failed
﻿04:43:57 : Could not connect to BE Master
﻿04:43:58 : Update attempt failed
﻿04:47:29 : Failed to receive from BE Master (2)
﻿04:47:29 : Update attempt failed
﻿04:50:16 : Failed to receive from BE Master (2)
﻿04:50:16 : Update attempt failed
﻿04:53:47 : Failed to receive from BE Master (2)
﻿04:53:47 : Update attempt failed
﻿04:57:25 : Failed to receive from BE Master (2)
﻿04:57:25 : Update attempt failed
﻿05:01:03 : Failed to receive from BE Master (2)
﻿05:01:03 : Update attempt failed
﻿05:04:35 : Failed to receive from BE Master (2)
﻿05:04:35 : Update attempt failed
﻿05:07:22 : Failed to receive from BE Master (2)
﻿05:07:22 : Update attempt failed
﻿05:10:08 : Failed to receive from BE Master (2)
﻿05:10:08 : Update attempt failed
﻿05:12:54 : Failed to receive from BE Master (2)
﻿05:12:54 : Update attempt failed
﻿05:16:26 : Failed to receive from BE Master (2)
﻿05:16:26 : Update attempt failed
﻿05:36:45 : Could not connect to BE Master
﻿05:36:45 : Update attempt failed
﻿05:39:01 : Could not connect to BE Master
﻿05:39:01 : Update attempt failed
﻿05:41:17 : Could not connect to BE Master
﻿05:41:17 : Update attempt failed
﻿05:41:49 : Player #0 JF disconnected
﻿05:45:00 : RCon admin #1: (Global) BEC : This server will restart in 15 minutes
﻿05:50:43 : Failed to receive from BE Master (2)
﻿05:50:43 : Update attempt failed
﻿05:55:00 : RCon admin #1: (Global) BEC : This server will restart in 5 minutes
﻿05:59:00 : RCon admin #1: (Global) BEC : This server will restart in 1 minute, Log out now!
﻿06:00:01 : Lost Connection!
﻿06:00:01 : Closing socket & exiting!
﻿06:01:15 : Rcon client logging in
﻿06:01:15 : RCon admin #1 (127.0.0.1:63895) logged in
﻿07:42:27 : Player #0 Leandro (190.48.153.79:2304) connected
﻿07:42:29 : Player #0 Leandro - GUID: a28691e3b8de5b6290cb77c4cf8a4a55 (unverified)
﻿07:42:30 : Verified GUID (a28691e3b8de5b6290cb77c4cf8a4a55) of player #0 Leandro
﻿07:42:31 : Player #0 Leandro - Legacy GUID: 8916210343111f5bd06931debdd291cb
﻿08:18:56 : Player #0 Leandro disconnected
﻿08:19:06 : Player #0 Leandro (190.48.153.79:2304) connected
﻿08:19:07 : Player #0 Leandro - GUID: a28691e3b8de5b6290cb77c4cf8a4a55 (unverified)
﻿08:19:08 : Verified GUID (a28691e3b8de5b6290cb77c4cf8a4a55) of player #0 Leandro
﻿08:19:08 : Player #0 Leandro - Legacy GUID: 8916210343111f5bd06931debdd291cb
﻿08:29:25 : Player #0 Leandro (a28691e3b8de5b6290cb77c4cf8a4a55) has been kicked by BattlEye: Client not responding
﻿08:45:00 : RCon admin #1: (Global) BEC : This server will restart in 15 minutes
﻿08:46:09 : Player #0 Leandro (190.48.153.79:2304) connected
﻿08:46:12 : Player #0 Leandro - GUID: a28691e3b8de5b6290cb77c4cf8a4a55 (unverified)
﻿08:46:13 : Verified GUID (a28691e3b8de5b6290cb77c4cf8a4a55) of player #0 Leandro
﻿08:46:14 : Player #0 Leandro - Legacy GUID: 8916210343111f5bd06931debdd291cb
﻿08:55:00 : RCon admin #1: (Global) BEC : This server will restart in 5 minutes
﻿08:59:00 : RCon admin #1: (Global) BEC : This server will restart in 1 minute, Log out now!
﻿09:00:01 : Lost Connection!
﻿09:00:01 : Closing socket & exiting!
﻿09:01:15 : Rcon client logging in
﻿09:01:15 : RCon admin #1 (127.0.0.1:50431) logged in
﻿09:30:44 : Player #0 JiNX (181.44.217.18:2304) connected
﻿09:30:46 : Player #0 JiNX - GUID: e704b5642ef839477a8bc92894e3c1dd (unverified)
﻿09:30:46 : Player #0 JiNX - Legacy GUID: 7a6860f48f3050e553969243b3b4dccc
﻿09:30:46 : Verified GUID (e704b5642ef839477a8bc92894e3c1dd) of player #0 JiNX
﻿09:33:00 : Player #1 Leandro (190.48.153.79:2304) connected
﻿09:33:01 : Player #1 Leandro - GUID: a28691e3b8de5b6290cb77c4cf8a4a55 (unverified)
﻿09:33:01 : Verified GUID (a28691e3b8de5b6290cb77c4cf8a4a55) of player #1 Leandro
﻿09:33:02 : Player #1 Leandro - Legacy GUID: 8916210343111f5bd06931debdd291cb
﻿09:38:59 : Could not connect to BE Master
﻿09:38:59 : Update attempt failed
﻿09:38:59 : Player #0 JiNX (e704b5642ef839477a8bc92894e3c1dd) has been kicked by BattlEye: Client not responding
﻿09:38:59 : Player #1 Leandro (a28691e3b8de5b6290cb77c4cf8a4a55) has been kicked by BattlEye: Client not responding
﻿09:42:43 : Player #0 JiNX (181.44.217.18:1025) connected
﻿09:42:45 : Player #0 JiNX - GUID: e704b5642ef839477a8bc92894e3c1dd (unverified)
﻿09:42:45 : Verified GUID (e704b5642ef839477a8bc92894e3c1dd) of player #0 JiNX
﻿09:42:46 : Player #0 JiNX - Legacy GUID: 7a6860f48f3050e553969243b3b4dccc
﻿09:52:25 : Player #0 JiNX (e704b5642ef839477a8bc92894e3c1dd) has been kicked by BattlEye: Client not responding
﻿09:53:34 : Player #0 JiNX (181.44.217.18:2304) connected
﻿09:53:35 : Player #0 JiNX - GUID: e704b5642ef839477a8bc92894e3c1dd (unverified)
﻿09:53:35 : Verified GUID (e704b5642ef839477a8bc92894e3c1dd) of player #0 JiNX
﻿09:53:36 : Player #0 JiNX - Legacy GUID: 7a6860f48f3050e553969243b3b4dccc
﻿09:59:57 : Player #0 JiNX disconnected
﻿10:01:34 : Player #0 Leandro (190.48.153.79:2304) connected
﻿10:01:35 : Player #0 Leandro - GUID: a28691e3b8de5b6290cb77c4cf8a4a55 (unverified)
﻿10:01:35 : Verified GUID (a28691e3b8de5b6290cb77c4cf8a4a55) of player #0 Leandro
﻿10:01:36 : Player #0 Leandro - Legacy GUID: 8916210343111f5bd06931debdd291cb
﻿10:41:22 : Could not connect to BE Master
﻿10:41:22 : Update attempt failed
﻿10:41:44 : Player #1 Hamer (191.32.22.123:2304) connected
﻿10:41:45 : Player #1 Hamer - GUID: b4dec67f856544d4e33a92d17335cb66 (unverified)
﻿10:41:45 : Verified GUID (b4dec67f856544d4e33a92d17335cb66) of player #1 Hamer
﻿10:41:46 : Player #1 Hamer - Legacy GUID: a59f57aaa92cdd8891f87d15b9bc658a
﻿10:41:47 : Player #1 Hamer disconnected
﻿10:43:38 : Could not connect to BE Master
﻿10:43:38 : Update attempt failed
﻿10:45:54 : Could not connect to BE Master
﻿10:45:54 : Update attempt failed
﻿10:47:36 : Player #0 Leandro (a28691e3b8de5b6290cb77c4cf8a4a55) has been kicked by BattlEye: Client not responding
﻿10:53:00 : Player #0 Leandro (190.48.153.79:2304) connected
﻿10:53:01 : Player #0 Leandro - GUID: a28691e3b8de5b6290cb77c4cf8a4a55 (unverified)
﻿10:53:01 : Verified GUID (a28691e3b8de5b6290cb77c4cf8a4a55) of player #0 Leandro
﻿10:53:02 : Player #0 Leandro - Legacy GUID: 8916210343111f5bd06931debdd291cb
﻿10:53:21 : Could not connect to BE Master
﻿10:53:21 : Update attempt failed
﻿10:55:37 : Could not connect to BE Master
﻿10:55:37 : Update attempt failed
﻿10:57:53 : Could not connect to BE Master
﻿10:57:53 : Update attempt failed
﻿11:00:09 : Could not connect to BE Master
﻿11:00:09 : Update attempt failed
﻿11:02:25 : Could not connect to BE Master
﻿11:02:25 : Update attempt failed
﻿11:04:41 : Could not connect to BE Master
﻿11:04:41 : Update attempt failed
﻿11:19:08 : RCon admin #0: (Global) [juandayz] leandro te hago una pregunta, viste zombies hoy?
﻿11:20:45 : Could not connect to BE Master
﻿11:20:46 : Update attempt failed
﻿11:27:23 : Player #1 juandayz (181.92.54.120:2304) connected
﻿11:27:24 : Player #1 juandayz - GUID: d603844e2f77196bf616245ae360213b (unverified)
﻿11:27:24 : Verified GUID (d603844e2f77196bf616245ae360213b) of player #1 juandayz
﻿11:27:25 : Player #1 juandayz - Legacy GUID: a5aa074813dab730e26d67b8a0a0af6c
﻿11:33:57 : Player #0 Leandro disconnected
﻿11:36:35 : Lost Connection!
﻿11:36:35 : Closing socket & exiting!
﻿11:42:33 : Rcon client logging in
﻿11:42:33 : RCon admin #1 (127.0.0.1:53822) logged in
﻿11:42:48 : Player #0 juandayz (181.92.54.120:2304) connected
﻿11:42:49 : Player #0 juandayz - GUID: d603844e2f77196bf616245ae360213b (unverified)
﻿11:42:50 : Verified GUID (d603844e2f77196bf616245ae360213b) of player #0 juandayz
﻿11:42:50 : Player #0 juandayz - Legacy GUID: a5aa074813dab730e26d67b8a0a0af6c
﻿11:45:00 : RCon admin #1: (Global) BEC : This server will restart in 15 minutes
﻿11:51:37 : Player #1 Dromsito (190.48.153.79:2304) connected
﻿11:51:39 : Player #1 Dromsito - GUID: a28691e3b8de5b6290cb77c4cf8a4a55 (unverified)
﻿11:51:39 : Verified GUID (a28691e3b8de5b6290cb77c4cf8a4a55) of player #1 Dromsito
﻿11:51:39 : Player #1 Dromsito - Legacy GUID: 8916210343111f5bd06931debdd291cb
﻿11:55:00 : RCon admin #1: (Global) BEC : This server will restart in 5 minutes
﻿11:55:36 : RCon admin #1: (To juandayz) BEC : You have about 60 seconds left to join the mission.
﻿11:56:07 : RCon admin #1: (To juandayz) BEC : You have about 30 seconds left to join the mission.
﻿11:56:21 : RCon admin #1: (To juandayz) BEC : You have about 15 seconds left to join the mission.
﻿11:56:36 : Player #0 juandayz (d603844e2f77196bf616245ae360213b) has been kicked by BattlEye: Admin Kick (BEC : Lobby idling to long)
﻿11:59:00 : RCon admin #1: (Global) BEC : This server will restart in 1 minute, Log out now!
﻿12:00:02 : Lost Connection!
﻿12:00:02 : Closing socket & exiting!
﻿12:01:15 : Rcon client logging in
﻿12:01:15 : RCon admin #1 (127.0.0.1:53832) logged in
﻿12:09:29 : Player #0 Dromsito (190.48.153.79:2304) connected
﻿12:09:31 : Player #0 Dromsito - Legacy GUID: 8916210343111f5bd06931debdd291cb
﻿12:09:31 : Player #0 Dromsito - GUID: a28691e3b8de5b6290cb77c4cf8a4a55 (unverified)
﻿12:09:32 : Verified GUID (a28691e3b8de5b6290cb77c4cf8a4a55) of player #0 Dromsito
﻿12:13:04 : Player #1 JF (190.185.192.18:26512) connected
﻿12:13:06 : Player #1 JF - GUID: 93a2a9d9bc7acb34122becec3305fde7 (unverified)
﻿12:13:06 : Verified GUID (93a2a9d9bc7acb34122becec3305fde7) of player #1 JF
﻿12:13:07 : Player #1 JF - Legacy GUID: 1e3460faa1452299ec3b5f220fe797e0
﻿12:16:12 : Player #2 Jose Luis (186.118.222.103:2304) connected
﻿12:16:14 : Player #2 Jose Luis - GUID: d9558a067db2e5932e8a58c619edb83d (unverified)
﻿12:16:15 : Player #2 Jose Luis - Legacy GUID: 7beaaf3c723b44978f2c26b96411e08c
﻿12:16:15 : Verified GUID (d9558a067db2e5932e8a58c619edb83d) of player #2 Jose Luis
﻿12:29:23 : Player #0 Dromsito disconnected
﻿12:54:13 : RCon admin #0: (Global) [juandayz] como andan batman y robin
﻿12:55:48 : RCon admin #0: (Global) [juandayz] debe ser iun bot JF no estoy en el juego
﻿12:57:20 : RCon admin #0: (Global) [juandayz] che JF ahi lei q recomendas no armar la bici.. fijate que el bug q te lleva al agua solo pasa cuando te subis antes de que se termine de armar.
﻿12:57:52 : Player #0 Dromsito (190.48.153.79:2304) connected
﻿12:57:53 : Player #0 Dromsito - GUID: a28691e3b8de5b6290cb77c4cf8a4a55 (unverified)
﻿12:57:54 : Verified GUID (a28691e3b8de5b6290cb77c4cf8a4a55) of player #0 Dromsito
﻿12:57:54 : RCon admin #0: (Global) [juandayz] si te fijas mientras se arma la bici. el muñeco hace una animacion. una vez q acaba la animacion, ahi te pode subir
﻿12:57:54 : Player #0 Dromsito - Legacy GUID: 8916210343111f5bd06931debdd291cb
﻿12:59:07 : RCon admin #0: (Global) [juandayz] como se portan los zombies.. hay menos?
﻿13:00:22 : RCon admin #0: (Global) [juandayz] Bienvenido Dromsito!
﻿13:18:02 : Player #3 Dallheim (186.23.160.35:2304) connected
﻿13:18:03 : Player #3 Dallheim - GUID: dc090b6b8b03c8bb77350fca3718f588 (unverified)
﻿13:18:04 : Verified GUID (dc090b6b8b03c8bb77350fca3718f588) of player #3 Dallheim
﻿13:18:04 : Player #3 Dallheim - Legacy GUID: 0134fada23f8786da3de29b537100a03
﻿13:20:03 : RCon admin #0: (To JF) [juandayz] los bots son faccion opfor jf, le disparan a todo lo q no sea opfor,  civil,blufor,independinete. por eso les chupa un huevo q sseas heroe
﻿13:20:26 : RCon admin #0: (To Dallheim) [juandayz] como vas dallheim?
﻿13:22:25 : RCon admin #0: (Global) [juandayz] hay patrullas q recorren el map. a lo emjor es una de ess
﻿13:22:30 : Player #4 ujsi (190.50.223.18:2304) connected
﻿13:22:31 : Player #4 ujsi - GUID: acf1e48db18bb416e8449fdbaa214ce2 (unverified)
﻿13:22:32 : Verified GUID (acf1e48db18bb416e8449fdbaa214ce2) of player #4 ujsi
﻿13:22:32 : Player #4 ujsi - Legacy GUID: 4c46de59723894acc5089bcfcd0aa8d8
﻿13:41:27 : Player #2 Jose Luis (d9558a067db2e5932e8a58c619edb83d) has been kicked by BattlEye: Client not responding
﻿13:41:27 : Player #3 Dallheim (dc090b6b8b03c8bb77350fca3718f588) has been kicked by BattlEye: Client not responding
﻿13:41:27 : Player #4 ujsi (acf1e48db18bb416e8449fdbaa214ce2) has been kicked by BattlEye: Client not responding
﻿13:41:28 : Player #0 Dromsito (a28691e3b8de5b6290cb77c4cf8a4a55) has been kicked by BattlEye: Client not responding
﻿13:41:29 : Player #1 JF (93a2a9d9bc7acb34122becec3305fde7) has been kicked by BattlEye: Client not responding
﻿13:43:02 : Player #0 Dromsito (190.48.153.79:1025) connected
﻿13:43:04 : Player #0 Dromsito - GUID: a28691e3b8de5b6290cb77c4cf8a4a55 (unverified)
﻿13:43:05 : Player #0 Dromsito - Legacy GUID: 8916210343111f5bd06931debdd291cb
﻿13:43:05 : Verified GUID (a28691e3b8de5b6290cb77c4cf8a4a55) of player #0 Dromsito
﻿13:43:05 : Player #1 Dallheim (186.23.160.35:1025) connected
﻿13:43:06 : Player #1 Dallheim - GUID: dc090b6b8b03c8bb77350fca3718f588 (unverified)
﻿13:43:07 : Verified GUID (dc090b6b8b03c8bb77350fca3718f588) of player #1 Dallheim
﻿13:43:07 : Player #1 Dallheim - Legacy GUID: 0134fada23f8786da3de29b537100a03
﻿13:43:15 : Player #2 Jose Luis (186.118.222.103:1025) connected
﻿13:43:17 : Player #2 Jose Luis - GUID: d9558a067db2e5932e8a58c619edb83d (unverified)
﻿13:43:17 : Verified GUID (d9558a067db2e5932e8a58c619edb83d) of player #2 Jose Luis
﻿13:43:18 : Player #2 Jose Luis - Legacy GUID: 7beaaf3c723b44978f2c26b96411e08c
﻿13:43:20 : Player #3 ujsi (190.50.223.18:1025) connected
﻿13:43:21 : Player #3 ujsi - GUID: acf1e48db18bb416e8449fdbaa214ce2 (unverified)
﻿13:43:21 : Verified GUID (acf1e48db18bb416e8449fdbaa214ce2) of player #3 ujsi
﻿13:43:22 : Player #3 ujsi - Legacy GUID: 4c46de59723894acc5089bcfcd0aa8d8
﻿13:43:46 : Player #4 JF (190.185.192.18:1025) connected
﻿13:43:47 : Player #4 JF - GUID: 93a2a9d9bc7acb34122becec3305fde7 (unverified)
﻿13:43:47 : Verified GUID (93a2a9d9bc7acb34122becec3305fde7) of player #4 JF
﻿13:43:48 : Player #4 JF - Legacy GUID: 1e3460faa1452299ec3b5f220fe797e0
﻿13:50:26 : Player #0 Dromsito (a28691e3b8de5b6290cb77c4cf8a4a55) has been kicked by BattlEye: Client not responding
﻿13:50:27 : Player #3 ujsi (acf1e48db18bb416e8449fdbaa214ce2) has been kicked by BattlEye: Client not responding
﻿13:50:28 : Player #1 Dallheim (dc090b6b8b03c8bb77350fca3718f588) has been kicked by BattlEye: Client not responding
﻿13:50:28 : Player #4 JF (93a2a9d9bc7acb34122becec3305fde7) has been kicked by BattlEye: Client not responding
﻿13:50:29 : Player #2 Jose Luis (d9558a067db2e5932e8a58c619edb83d) has been kicked by BattlEye: Client not responding
﻿13:52:26 : Player #0 JF (190.185.192.18:26512) connected
﻿13:52:27 : Player #0 JF - GUID: 93a2a9d9bc7acb34122becec3305fde7 (unverified)
﻿13:52:27 : Verified GUID (93a2a9d9bc7acb34122becec3305fde7) of player #0 JF
﻿13:52:28 : Player #0 JF - Legacy GUID: 1e3460faa1452299ec3b5f220fe797e0
﻿13:52:34 : Player #1 Jose Luis (186.118.222.103:2304) connected
﻿13:52:35 : Player #1 Jose Luis - GUID: d9558a067db2e5932e8a58c619edb83d (unverified)
﻿13:52:36 : Verified GUID (d9558a067db2e5932e8a58c619edb83d) of player #1 Jose Luis
﻿13:52:36 : Player #1 Jose Luis - Legacy GUID: 7beaaf3c723b44978f2c26b96411e08c
﻿13:53:14 : Player #2 Dallheim (186.23.160.35:2304) connected
﻿13:53:15 : Player #2 Dallheim - GUID: dc090b6b8b03c8bb77350fca3718f588 (unverified)
﻿13:53:16 : Verified GUID (dc090b6b8b03c8bb77350fca3718f588) of player #2 Dallheim
﻿13:53:16 : Player #2 Dallheim - Legacy GUID: 0134fada23f8786da3de29b537100a03
﻿14:00:41 : Could not connect to BE Master
﻿14:00:41 : Update attempt failed
﻿14:00:45 : Player #0 JF (93a2a9d9bc7acb34122becec3305fde7) has been kicked by BattlEye: Client not responding
﻿14:00:46 : Player #2 Dallheim (dc090b6b8b03c8bb77350fca3718f588) has been kicked by BattlEye: Client not responding
﻿14:00:47 : Player #1 Jose Luis (d9558a067db2e5932e8a58c619edb83d) has been kicked by BattlEye: Client not responding
﻿14:02:27 : Player #0 Dallheim (186.23.160.35:1025) connected
﻿14:02:28 : Player #0 Dallheim - GUID: dc090b6b8b03c8bb77350fca3718f588 (unverified)
﻿14:02:29 : Verified GUID (dc090b6b8b03c8bb77350fca3718f588) of player #0 Dallheim
﻿14:02:30 : Player #0 Dallheim - Legacy GUID: 0134fada23f8786da3de29b537100a03
﻿14:02:39 : Player #1 Jose Luis (186.118.222.103:1025) connected
﻿14:02:40 : Player #1 Jose Luis - GUID: d9558a067db2e5932e8a58c619edb83d (unverified)
﻿14:02:40 : Verified GUID (d9558a067db2e5932e8a58c619edb83d) of player #1 Jose Luis
﻿14:02:41 : Player #1 Jose Luis - Legacy GUID: 7beaaf3c723b44978f2c26b96411e08c
﻿14:03:01 : Player #2 JF (190.185.192.18:1025) connected
﻿14:03:02 : Player #2 JF - GUID: 93a2a9d9bc7acb34122becec3305fde7 (unverified)
﻿14:03:02 : Verified GUID (93a2a9d9bc7acb34122becec3305fde7) of player #2 JF
﻿14:03:03 : Player #2 JF - Legacy GUID: 1e3460faa1452299ec3b5f220fe797e0
﻿14:18:19 : Player #3 juandayz (190.30.92.29:2304) connected
﻿14:18:20 : Player #3 juandayz - GUID: d603844e2f77196bf616245ae360213b (unverified)
﻿14:18:21 : Verified GUID (d603844e2f77196bf616245ae360213b) of player #3 juandayz
﻿14:18:21 : Player #3 juandayz - Legacy GUID: a5aa074813dab730e26d67b8a0a0af6c
﻿14:39:00 : Player #4 Lucas (177.205.159.140:2304) connected
﻿14:39:01 : Player #4 Lucas - GUID: 0ce16167688ca8fe93855b0c90f7158d (unverified)
﻿14:39:02 : Verified GUID (0ce16167688ca8fe93855b0c90f7158d) of player #4 Lucas
﻿14:39:02 : Player #4 Lucas - Legacy GUID: c67a41277c3fd3c6dac11c97c1462b74
﻿14:39:03 : Player #4 Lucas disconnected
﻿14:39:09 : Player #4 Lucas (177.205.159.140:2304) connected
﻿14:39:10 : Player #4 Lucas - GUID: 0ce16167688ca8fe93855b0c90f7158d (unverified)
﻿14:39:11 : Verified GUID (0ce16167688ca8fe93855b0c90f7158d) of player #4 Lucas
﻿14:39:11 : Player #4 Lucas - Legacy GUID: c67a41277c3fd3c6dac11c97c1462b74
﻿14:39:12 : Player #4 Lucas disconnected
﻿14:45:00 : RCon admin #1: (Global) BEC : This server will restart in 15 minutes
﻿14:49:13 : Player #0 Dallheim (dc090b6b8b03c8bb77350fca3718f588) has been kicked by BattlEye: Client not responding
﻿14:49:15 : Player #1 Jose Luis (d9558a067db2e5932e8a58c619edb83d) has been kicked by BattlEye: Client not responding
﻿14:49:16 : Player #2 JF (93a2a9d9bc7acb34122becec3305fde7) has been kicked by BattlEye: Client not responding
﻿14:49:17 : Player #3 juandayz (d603844e2f77196bf616245ae360213b) has been kicked by BattlEye: Client not responding
﻿14:50:43 : Player #0 Dallheim (186.23.160.35:2304) connected
﻿14:50:44 : Player #0 Dallheim - GUID: dc090b6b8b03c8bb77350fca3718f588 (unverified)
﻿14:50:45 : Player #0 Dallheim - Legacy GUID: 0134fada23f8786da3de29b537100a03
﻿14:50:45 : Verified GUID (dc090b6b8b03c8bb77350fca3718f588) of player #0 Dallheim
﻿14:51:56 : Player #0 Dallheim (dc090b6b8b03c8bb77350fca3718f588) has been kicked by BattlEye: Client not responding
﻿14:52:51 : Player #0 JF (190.185.192.18:26512) connected
﻿14:52:52 : Player #0 JF - GUID: 93a2a9d9bc7acb34122becec3305fde7 (unverified)
﻿14:52:53 : Player #0 JF - Legacy GUID: 1e3460faa1452299ec3b5f220fe797e0
﻿14:52:53 : Verified GUID (93a2a9d9bc7acb34122becec3305fde7) of player #0 JF
﻿14:54:37 : Player #1 Dallheim (186.23.160.35:1025) connected
﻿14:54:38 : Player #1 Dallheim - GUID: dc090b6b8b03c8bb77350fca3718f588 (unverified)
﻿14:54:39 : Verified GUID (dc090b6b8b03c8bb77350fca3718f588) of player #1 Dallheim
﻿14:54:39 : Player #1 Dallheim - Legacy GUID: 0134fada23f8786da3de29b537100a03
﻿14:55:00 : RCon admin #1: (Global) BEC : This server will restart in 5 minutes
﻿14:55:39 : Player #2 Jose Luis (186.118.222.103:2304) connected
﻿14:55:41 : Player #2 Jose Luis - GUID: d9558a067db2e5932e8a58c619edb83d (unverified)
﻿14:55:41 : Player #2 Jose Luis - Legacy GUID: 7beaaf3c723b44978f2c26b96411e08c
﻿14:55:41 : Verified GUID (d9558a067db2e5932e8a58c619edb83d) of player #2 Jose Luis
﻿14:59:00 : RCon admin #1: (Global) BEC : This server will restart in 1 minute, Log out now!
﻿15:00:01 : Lost Connection!
﻿15:00:01 : Closing socket & exiting!
﻿15:01:15 : Rcon client logging in
﻿15:01:15 : RCon admin #1 (127.0.0.1:58209) logged in
﻿15:02:42 : Player #0 Dallheim (186.23.160.35:1025) connected
﻿15:02:42 : Player #1 Jose Luis (186.118.222.103:2304) connected
﻿15:02:44 : Player #0 Dallheim - GUID: dc090b6b8b03c8bb77350fca3718f588 (unverified)
﻿15:02:44 : Player #1 Jose Luis - GUID: d9558a067db2e5932e8a58c619edb83d (unverified)
﻿15:02:44 : Player #0 Dallheim - Legacy GUID: 0134fada23f8786da3de29b537100a03
﻿15:02:44 : Verified GUID (dc090b6b8b03c8bb77350fca3718f588) of player #0 Dallheim
﻿15:02:44 : Verified GUID (d9558a067db2e5932e8a58c619edb83d) of player #1 Jose Luis
﻿15:02:45 : Player #1 Jose Luis - Legacy GUID: 7beaaf3c723b44978f2c26b96411e08c
﻿15:05:27 : Player #2 Sirfes-AR (186.39.211.25:5806) connected
﻿15:05:29 : Player #2 Sirfes-AR - GUID: 2bb87957999ef128136a91e55814387e (unverified)
﻿15:05:29 : Verified GUID (2bb87957999ef128136a91e55814387e) of player #2 Sirfes-AR
﻿15:05:30 : Player #2 Sirfes-AR - Legacy GUID: 9029f11d17f3e3d0814db86b7e6f7e15
﻿15:18:03 : Player #1 Jose Luis disconnected
﻿15:21:16 : Player #0 Dallheim disconnected
﻿15:36:41 : Could not connect to BE Master
﻿15:36:42 : Update attempt failed
﻿15:39:54 : Player #0 Punispyer (191.36.197.61:2304) connected
﻿15:39:56 : Player #0 Punispyer - GUID: b77083faf5c556f5c115b3a733bdc6dd (unverified)
﻿15:39:57 : Verified GUID (b77083faf5c556f5c115b3a733bdc6dd) of player #0 Punispyer
﻿15:39:58 : Player #0 Punispyer - Legacy GUID: e3105da870600bc2197f3a69b5019a5d
﻿15:43:52 : Player #0 Punispyer disconnected
﻿15:44:59 : RCon admin #1: (To Sirfes-AR) BEC : You have about 60 seconds left to join the mission.
﻿15:45:30 : RCon admin #1: (To Sirfes-AR) BEC : You have about 30 seconds left to join the mission.
﻿15:45:44 : RCon admin #1: (To Sirfes-AR) BEC : You have about 15 seconds left to join the mission.
﻿15:45:59 : Player #2 Sirfes-AR (2bb87957999ef128136a91e55814387e) has been kicked by BattlEye: Admin Kick (BEC : Lobby idling to long)
﻿15:48:50 : Player #0 Leyva (177.230.79.226:2304) connected
﻿15:48:53 : Player #0 Leyva - GUID: 50ce278bbec370b1dd0fd8a8770643b6 (unverified)
﻿15:48:53 : Verified GUID (50ce278bbec370b1dd0fd8a8770643b6) of player #0 Leyva
﻿15:48:54 : Player #0 Leyva - Legacy GUID: c5581512eb773844116e836fbd4370a2
﻿16:19:56 : Player #1 juandayz (190.30.92.29:2304) connected
﻿16:19:57 : Player #1 juandayz - GUID: d603844e2f77196bf616245ae360213b (unverified)
﻿16:19:58 : Verified GUID (d603844e2f77196bf616245ae360213b) of player #1 juandayz
﻿16:19:58 : Player #1 juandayz - Legacy GUID: a5aa074813dab730e26d67b8a0a0af6c
﻿16:33:57 : Player #2 jonathas canarin (177.66.143.252:2304) connected
﻿16:33:58 : Player #2 jonathas canarin - GUID: 0113777250aec94650a9f426aabf36dc (unverified)
﻿16:33:59 : Verified GUID (0113777250aec94650a9f426aabf36dc) of player #2 jonathas canarin
﻿16:33:59 : Player #2 jonathas canarin - Legacy GUID: ea52dc6e070fa9ed3e0998dd712b8ad7
﻿16:34:58 : Player #2 jonathas canarin disconnected
﻿16:37:27 : Player #2 jonathas canarin (177.66.143.252:2304) connected
﻿16:37:28 : Player #2 jonathas canarin - GUID: 0113777250aec94650a9f426aabf36dc (unverified)
﻿16:37:29 : Player #2 jonathas canarin - Legacy GUID: ea52dc6e070fa9ed3e0998dd712b8ad7
﻿16:37:31 : Verified GUID (0113777250aec94650a9f426aabf36dc) of player #2 jonathas canarin
﻿16:38:11 : Player #2 jonathas canarin disconnected
﻿16:58:45 : Player #2 Enrique (201.241.195.37:2304) connected
﻿16:58:47 : Player #2 Enrique - GUID: 59ba6ac364c730e359a7ae8b122f0387 (unverified)
﻿16:58:47 : Player #2 Enrique - Legacy GUID: 86d253239213ed91feb484bbf5942f54
﻿16:58:47 : Verified GUID (59ba6ac364c730e359a7ae8b122f0387) of player #2 Enrique
﻿16:58:48 : Player #2 Enrique disconnected
﻿17:10:44 : Player #2 Hans (190.49.41.91:2304) connected
﻿17:10:45 : Player #2 Hans - GUID: 4c8a9b2b523906058cc33ffd8af6ee84 (unverified)
﻿17:10:46 : Verified GUID (4c8a9b2b523906058cc33ffd8af6ee84) of player #2 Hans
﻿17:10:46 : Player #2 Hans - Legacy GUID: b8db10e0df20e643b9d2f2513879a2d6
﻿17:15:13 : Player #3 Jej0x |Aspirante| (190.51.35.169:2304) connected
﻿17:15:16 : Player #3 Jej0x |Aspirante| - GUID: f3e3268171736a361f4f08d3aee36558 (unverified)
﻿17:15:17 : Verified GUID (f3e3268171736a361f4f08d3aee36558) of player #3 Jej0x |Aspirante|
﻿17:15:18 : Player #3 Jej0x |Aspirante| - Legacy GUID: 46a8911586c7fdb684a7f7c1fb3da0e5
﻿17:20:59 : RCon admin #1: (To Jej0x |Aspirante|) BEC : You have about 60 seconds left to join the mission.
﻿17:23:50 : Player #0 Leyva disconnected
﻿17:45:00 : RCon admin #1: (Global) BEC : This server will restart in 15 minutes
﻿17:48:26 : Player #0 Dragons (186.22.173.62:2304) connected
﻿17:48:27 : Player #0 Dragons - GUID: 3c6c048346652b2441b43e719a05201a (unverified)
﻿17:48:28 : Verified GUID (3c6c048346652b2441b43e719a05201a) of player #0 Dragons
﻿17:48:28 : Player #0 Dragons - Legacy GUID: 3913b982b8c60e961ef4fc2d2bc88df7
﻿17:48:54 : Player #4 Jheas99 (189.38.39.29:28528) connected
﻿17:48:55 : Player #4 Jheas99 - GUID: e0cd5229b88e18ca0ce04a2a310f9dd6 (unverified)
﻿17:48:56 : Player #4 Jheas99 - Legacy GUID: ecfeb9d2a1325689337c21d6dd111c4c
﻿17:48:56 : Verified GUID (e0cd5229b88e18ca0ce04a2a310f9dd6) of player #4 Jheas99
﻿17:48:57 : Player #4 Jheas99 disconnected
﻿17:55:00 : RCon admin #1: (Global) BEC : This server will restart in 5 minutes
﻿17:59:00 : RCon admin #1: (Global) BEC : This server will restart in 1 minute, Log out now!
﻿17:59:05 : RCon admin #0: (Global) [juandayz] son misiones de ayudar bots acambio de humanidad
﻿17:59:08 : RCon admin #0: (Global) [juandayz] hola :D
﻿17:59:52 : RCon admin #0: (Global) [juandayz] hay 4 de reparar vehiculos 1 de operar a uno q se esta mueriendo y otra de hacer una ofrenda a unos muerots
﻿18:00:01 : Lost Connection!
﻿18:00:01 : Closing socket & exiting!
﻿18:02:08 : Rcon client logging in
﻿18:02:11 : RCon admin #0 (127.0.0.1:63342) logged in
﻿18:02:11 : Player #1 Jej0x |Aspirante| (190.51.35.169:2304) connected
﻿18:02:11 : Player #2 Azrael1x (191.80.226.119:2304) connected
﻿18:02:46 : Player #1 Jej0x |Aspirante| - GUID: f3e3268171736a361f4f08d3aee36558 (unverified)
﻿18:02:46 : Player #2 Azrael1x - GUID: f3bbe77e31363319b3378084ddcb86d8 (unverified)
﻿18:02:47 : Player #2 Azrael1x - Legacy GUID: 872394ca0b82ad6e77d13dc8f5141d95
﻿18:02:47 : Player #1 Jej0x |Aspirante| - Legacy GUID: 46a8911586c7fdb684a7f7c1fb3da0e5
﻿18:02:47 : Verified GUID (f3e3268171736a361f4f08d3aee36558) of player #1 Jej0x |Aspirante|
﻿18:02:47 : Verified GUID (f3bbe77e31363319b3378084ddcb86d8) of player #2 Azrael1x
﻿18:03:08 : Player #3 Hans (190.49.41.91:2304) connected
﻿18:03:09 : Player #3 Hans - GUID: 4c8a9b2b523906058cc33ffd8af6ee84 (unverified)
﻿18:03:10 : Verified GUID (4c8a9b2b523906058cc33ffd8af6ee84) of player #3 Hans
﻿18:03:10 : Player #3 Hans - Legacy GUID: b8db10e0df20e643b9d2f2513879a2d6
﻿18:06:14 : Player #4 Dragons (186.22.173.62:2304) connected
﻿18:06:15 : Player #4 Dragons - GUID: 3c6c048346652b2441b43e719a05201a (unverified)
﻿18:06:16 : Verified GUID (3c6c048346652b2441b43e719a05201a) of player #4 Dragons
﻿18:06:16 : Player #4 Dragons - Legacy GUID: 3913b982b8c60e961ef4fc2d2bc88df7
﻿18:11:19 : Player #5 Paez 420 (189.252.148.152:2304) connected
﻿18:11:24 : Player #5 Paez 420 - GUID: ae4f260617b21d4fcbe091d4c1036e80 (unverified)
﻿18:11:24 : Verified GUID (ae4f260617b21d4fcbe091d4c1036e80) of player #5 Paez 420
﻿18:11:26 : Player #5 Paez 420 - Legacy GUID: 7e7f57f88d02d38821dfa06736a3d6df
﻿18:12:13 : Player #6 cuervo (152.169.119.8:2304) connected
﻿18:12:15 : Player #6 cuervo - GUID: 109d39d93841e64a05d349c4c2e2dfcc (unverified)
﻿18:12:15 : Player #6 cuervo - Legacy GUID: 45ac57234cace411302035c9306da451
﻿18:12:15 : Verified GUID (109d39d93841e64a05d349c4c2e2dfcc) of player #6 cuervo
﻿18:12:24 : Player #7 Guardiacono.- (181.166.61.8:2304) connected
﻿18:12:27 : Player #7 Guardiacono.- - Legacy GUID: 341e6c92b84732d77b43963ddeab615c
﻿18:12:27 : Player #7 Guardiacono.- - GUID: a28f2ed490a891c91d172a9f66e124f0 (unverified)
﻿18:12:28 : Verified GUID (a28f2ed490a891c91d172a9f66e124f0) of player #7 Guardiacono.-
﻿18:17:16 : Player #6 cuervo disconnected
﻿18:21:25 : Player #6 EverWerner (186.107.140.167:55969) connected
﻿18:21:26 : Player #6 EverWerner - GUID: b6fb6de78119ed8999d4ec6f6fc5f344 (unverified)
﻿18:21:26 : Verified GUID (b6fb6de78119ed8999d4ec6f6fc5f344) of player #6 EverWerner
﻿18:21:27 : Player #6 EverWerner - Legacy GUID: 2c95288434ed453a9fc7b3892d7a7c93
﻿18:21:27 : Player #6 EverWerner disconnected
﻿18:22:16 : Player #4 Dragons disconnected
﻿18:23:16 : Player #4 Dragons (186.22.173.62:2304) connected
﻿18:23:17 : Player #4 Dragons - GUID: 3c6c048346652b2441b43e719a05201a (unverified)
﻿18:23:18 : Verified GUID (3c6c048346652b2441b43e719a05201a) of player #4 Dragons
﻿18:23:18 : Player #4 Dragons - Legacy GUID: 3913b982b8c60e961ef4fc2d2bc88df7
﻿18:26:04 : Player #7 Guardiacono.- (a28f2ed490a891c91d172a9f66e124f0) has been kicked by BattlEye: Client not responding
﻿18:27:14 : RCon admin #1 (127.0.0.1:49974) logged in
﻿18:28:35 : Player #6 Guardiacono.- (181.166.61.8:2304) connected
﻿18:28:37 : Player #6 Guardiacono.- - GUID: a28f2ed490a891c91d172a9f66e124f0 (unverified)
﻿18:28:37 : Player #6 Guardiacono.- - Legacy GUID: 341e6c92b84732d77b43963ddeab615c
﻿18:28:37 : Verified GUID (a28f2ed490a891c91d172a9f66e124f0) of player #6 Guardiacono.-
﻿18:31:31 : RCon admin #1: (To Dragons) [juandayz] la suv policia o la de prefectura? 
﻿18:31:33 : Player #7 Mundi (191.248.109.212:2304) connected
﻿18:31:35 : Player #7 Mundi - GUID: c5f66e9deb656f7f5dcc6efcd9a2c3d7 (unverified)
﻿18:31:35 : Verified GUID (c5f66e9deb656f7f5dcc6efcd9a2c3d7) of player #7 Mundi
﻿18:31:36 : Player #7 Mundi - Legacy GUID: 09f8d08f1ad24a7ee879b7a072390824
﻿18:32:03 : Player #1 Jej0x |Aspirante| disconnected
﻿18:32:30 : Player #1 EverWerner (186.107.140.167:63839) connected
﻿18:32:31 : Player #1 EverWerner - GUID: b6fb6de78119ed8999d4ec6f6fc5f344 (unverified)
﻿18:32:31 : Verified GUID (b6fb6de78119ed8999d4ec6f6fc5f344) of player #1 EverWerner
﻿18:32:32 : Player #1 EverWerner - Legacy GUID: 2c95288434ed453a9fc7b3892d7a7c93
﻿18:34:03 : Player #8 Gerar (190.228.7.49:5806) connected
﻿18:34:04 : Player #8 Gerar - GUID: 6ba05301bd175af604ae7e38f820a05b (unverified)
﻿18:34:05 : Verified GUID (6ba05301bd175af604ae7e38f820a05b) of player #8 Gerar
﻿18:34:05 : Player #8 Gerar - Legacy GUID: e2ec888b7ea6b1432cd9ab29499d41ef
﻿18:34:08 : Player #8 Gerar disconnected
﻿18:35:00 : RCon admin #1: (Global) [juandayz] Bienvenido Mundi! do brasil :)
﻿18:35:07 : Player #1 EverWerner disconnected
﻿18:35:14 : RCon admin #1: (Global) [juandayz] bienvenido paez tambien
﻿18:41:27 : Player #7 Mundi disconnected
﻿18:42:53 : Player #0 juandayz disconnected
﻿18:43:37 : Player #0 Tete (201.62.93.135:2304) connected
﻿18:43:38 : Player #0 Tete - GUID: 12d862dd600f77473e16f4cfafac320e (unverified)
﻿18:43:38 : Verified GUID (12d862dd600f77473e16f4cfafac320e) of player #0 Tete
﻿18:43:39 : Player #0 Tete - Legacy GUID: 9652791c48ce46839ed817d0c990b30a
﻿18:43:39 : Player #0 Tete disconnected
﻿18:45:44 : Player #0 EverWerner (186.107.140.167:61406) connected
﻿18:45:45 : Player #0 EverWerner - GUID: b6fb6de78119ed8999d4ec6f6fc5f344 (unverified)
﻿18:45:46 : Verified GUID (b6fb6de78119ed8999d4ec6f6fc5f344) of player #0 EverWerner
﻿18:45:46 : Player #0 EverWerner - Legacy GUID: 2c95288434ed453a9fc7b3892d7a7c93
﻿18:48:54 : Player #1 Berbe Matias (186.23.137.78:2304) connected
﻿18:48:55 : Player #1 Berbe Matias - GUID: 5693e5a1c2fea60444d979533aea404a (unverified)
﻿18:48:56 : Verified GUID (5693e5a1c2fea60444d979533aea404a) of player #1 Berbe Matias
﻿18:48:56 : Player #1 Berbe Matias - Legacy GUID: 92048c0756daf421fe22ec7b9e83adcc
﻿18:48:56 : Player #1 Berbe Matias disconnected
﻿18:49:05 : Player #1 Sonic (181.45.95.254:2304) connected
﻿18:49:06 : Player #1 Sonic - GUID: 3a25293ef952e282224022912621c3a7 (unverified)
﻿18:49:07 : Verified GUID (3a25293ef952e282224022912621c3a7) of player #1 Sonic
﻿18:49:07 : Player #1 Sonic - Legacy GUID: 2d596c07df28e5d15ee2fd943641c8b5
﻿18:51:04 : Player #3 Hans disconnected
﻿18:51:28 : RCon admin #0: (To EverWerner) BEC : You have about 60 seconds left to join the mission.
﻿18:51:59 : RCon admin #0: (To EverWerner) BEC : You have about 30 seconds left to join the mission.
﻿18:52:13 : RCon admin #0: (To EverWerner) BEC : You have about 15 seconds left to join the mission.
﻿18:52:28 : Player #0 EverWerner (b6fb6de78119ed8999d4ec6f6fc5f344) has been kicked by BattlEye: Admin Kick (BEC : Lobby idling to long)
﻿18:54:26 : Player #0 Fidelo (189.176.25.136:2304) connected
﻿18:54:28 : Player #0 Fidelo - GUID: 8c8ac97fe5ddb2c80bcdbbfde594a69c (unverified)
﻿18:54:28 : Verified GUID (8c8ac97fe5ddb2c80bcdbbfde594a69c) of player #0 Fidelo
﻿18:54:28 : Player #0 Fidelo - Legacy GUID: 65de53aeee9befe0ecf3b4838c2698c6
﻿18:59:43 : Player #4 Dragons disconnected
﻿19:18:24 : Player #3 Tete (201.62.93.135:2304) connected
﻿19:18:26 : Player #3 Tete - GUID: 12d862dd600f77473e16f4cfafac320e (unverified)
﻿19:18:26 : Verified GUID (12d862dd600f77473e16f4cfafac320e) of player #3 Tete
﻿19:18:27 : Player #3 Tete - Legacy GUID: 9652791c48ce46839ed817d0c990b30a
﻿19:18:27 : Player #3 Tete disconnected
﻿19:36:14 : Player #3 [Amish]Churro (152.169.156.156:2304) connected
﻿19:36:15 : Player #3 [Amish]Churro - GUID: dde1966f1dd7e3054e1b1eb0a534628d (unverified)
﻿19:36:16 : Verified GUID (dde1966f1dd7e3054e1b1eb0a534628d) of player #3 [Amish]Churro
﻿19:36:16 : Player #3 [Amish]Churro - Legacy GUID: 400a9b7eb38b0cba4ee0340edd2b0aed
﻿19:39:37 : Player #6 Guardiacono.- disconnected
﻿19:40:44 : Player #4 Guardiacono.- (181.166.61.8:2304) connected
﻿19:40:46 : Player #4 Guardiacono.- - Legacy GUID: 341e6c92b84732d77b43963ddeab615c
﻿19:40:47 : Player #4 Guardiacono.- - GUID: a28f2ed490a891c91d172a9f66e124f0 (unverified)
﻿19:40:47 : Verified GUID (a28f2ed490a891c91d172a9f66e124f0) of player #4 Guardiacono.-
﻿19:42:15 : Player #6 Rodrigo (190.245.12.150:2304) connected
﻿19:42:16 : Player #6 Rodrigo disconnected
﻿19:42:26 : Player #6 Carita (190.139.45.251:2304) connected
﻿19:42:27 : Player #6 Carita - GUID: 22080dc37cc0cc3ed494238a898feefe (unverified)
﻿19:42:28 : Verified GUID (22080dc37cc0cc3ed494238a898feefe) of player #6 Carita
﻿19:42:28 : Player #6 Carita - Legacy GUID: eca7cb0a1f5f5edd4c6703d250ffb850
﻿19:43:51 : Player #7 MrMaggau (179.176.240.175:2304) connected
﻿19:43:52 : Player #7 MrMaggau - GUID: 059f674fd490b4f67d4964f348457104 (unverified)
﻿19:43:53 : Verified GUID (059f674fd490b4f67d4964f348457104) of player #7 MrMaggau
﻿19:43:53 : Player #7 MrMaggau - Legacy GUID: cf7f9ed8a9a1abfe6e87510d98bf1bc6
﻿19:43:54 : Player #8 Rodrigo (190.245.12.150:2304) connected
﻿19:43:55 : Player #7 MrMaggau disconnected
﻿19:43:55 : Player #8 Rodrigo disconnected
﻿19:44:32 : Player #7 BIgote (186.54.29.200:38918) connected
﻿19:44:33 : Player #7 BIgote - GUID: b2ff206840a64d7fa530377b2c3dbfd4 (unverified)
﻿19:44:34 : Player #7 BIgote - Legacy GUID: 0ff4b43479c9ed317ab10d657c3aea9a
﻿19:44:34 : Verified GUID (b2ff206840a64d7fa530377b2c3dbfd4) of player #7 BIgote
﻿19:45:01 : Player #6 Carita - Legacy GUID: eca7cb0a1f5f5edd4c6703d250ffb850
﻿19:45:29 : RCon admin #1: (Global) [juandayz] todo bien?   bienvenido carita! ojo con azrael que le gusta tocar bultos de player nuevos :D
﻿19:45:52 : RCon admin #1: (Global) [juandayz] jajaj
﻿19:49:40 : Player #8 juandayz (190.30.92.29:2304) connected
﻿19:49:41 : Player #8 juandayz - GUID: d603844e2f77196bf616245ae360213b (unverified)
﻿19:49:41 : Verified GUID (d603844e2f77196bf616245ae360213b) of player #8 juandayz
﻿19:49:42 : Player #8 juandayz - Legacy GUID: a5aa074813dab730e26d67b8a0a0af6c
﻿19:49:56 : Player #6 Carita disconnected
﻿19:54:43 : Player #6 Gerar (190.228.7.49:5806) connected
﻿19:54:44 : Player #6 Gerar - GUID: 6ba05301bd175af604ae7e38f820a05b (unverified)
﻿19:54:45 : Verified GUID (6ba05301bd175af604ae7e38f820a05b) of player #6 Gerar
﻿19:54:45 : Player #6 Gerar - Legacy GUID: e2ec888b7ea6b1432cd9ab29499d41ef
﻿19:54:49 : Player #6 Gerar disconnected
﻿20:02:07 : Player #6 jcf318723(BGS) (177.132.209.219:5806) connected
﻿20:02:08 : Player #6 jcf318723(BGS) - GUID: bab4f0e0f9c352b48a2def4ac8ea647f (unverified)
﻿20:02:09 : Verified GUID (bab4f0e0f9c352b48a2def4ac8ea647f) of player #6 jcf318723(BGS)
﻿20:02:09 : Player #6 jcf318723(BGS) - Legacy GUID: 9eb4212cf3c22c092624a43491c8c58a
﻿20:03:00 : Player #9 Gerar (190.228.7.49:2304) connected
﻿20:03:01 : Player #9 Gerar - GUID: 6ba05301bd175af604ae7e38f820a05b (unverified)
﻿20:03:02 : Verified GUID (6ba05301bd175af604ae7e38f820a05b) of player #9 Gerar
﻿20:03:02 : Player #9 Gerar - Legacy GUID: e2ec888b7ea6b1432cd9ab29499d41ef
﻿20:03:06 : Player #9 Gerar disconnected
﻿20:03:31 : Player #9 Jose Luis (186.118.222.103:2304) connected
﻿20:03:33 : Player #9 Jose Luis - GUID: d9558a067db2e5932e8a58c619edb83d (unverified)
﻿20:03:34 : Player #9 Jose Luis - Legacy GUID: 7beaaf3c723b44978f2c26b96411e08c
﻿20:03:34 : Verified GUID (d9558a067db2e5932e8a58c619edb83d) of player #9 Jose Luis
﻿20:04:42 : RCon admin #1: (Global) [juandayz] bienvenido jcf31.....blablabla
﻿20:10:13 : RCon admin #1: (To [Amish]Churro) [juandayz] ojo el destacamento, q te funden a tiros
﻿20:15:22 : Player #10 jecoxs (177.245.93.13:2304) connected
﻿20:15:24 : Player #10 jecoxs - GUID: 1b8d80d957fb3eeef177572126bf67cb (unverified)
﻿20:15:25 : Verified GUID (1b8d80d957fb3eeef177572126bf67cb) of player #10 jecoxs
﻿20:15:26 : Player #10 jecoxs - Legacy GUID: 0160438fc9954a7f002128545ffa9f83
﻿20:22:28 : Player #4 Guardiacono.- disconnected
﻿20:28:33 : Player #4 Mundi (191.248.109.212:2304) connected
﻿20:28:33 : Player #11 Roger (186.109.165.173:2304) connected
﻿20:28:34 : Player #4 Mundi - GUID: c5f66e9deb656f7f5dcc6efcd9a2c3d7 (unverified)
﻿20:28:34 : Verified GUID (c5f66e9deb656f7f5dcc6efcd9a2c3d7) of player #4 Mundi
﻿20:28:34 : Player #11 Roger - GUID: d85cdb1b576befb0802c1e980bbde467 (unverified)
﻿20:28:35 : Player #4 Mundi - Legacy GUID: 09f8d08f1ad24a7ee879b7a072390824
﻿20:28:35 : Verified GUID (d85cdb1b576befb0802c1e980bbde467) of player #11 Roger
﻿20:28:35 : Player #11 Roger - Legacy GUID: 7f8db49ce87ca05211184687935b6bf4
﻿20:37:34 : Player #11 Roger disconnected
﻿20:37:43 : Player #12 Roger (186.109.165.173:2304) connected
﻿20:37:44 : Player #12 Roger - GUID: d85cdb1b576befb0802c1e980bbde467 (unverified)
﻿20:37:45 : Verified GUID (d85cdb1b576befb0802c1e980bbde467) of player #12 Roger
﻿20:37:45 : Player #12 Roger - Legacy GUID: 7f8db49ce87ca05211184687935b6bf4
﻿20:37:50 : Player #12 Roger disconnected
﻿20:38:41 : Player #11 Berrettoni (181.192.62.30:2304) connected
﻿20:38:42 : Player #11 Berrettoni - GUID: 135feadfb94d19954d1c3c1239053e8e (unverified)
﻿20:38:43 : Verified GUID (135feadfb94d19954d1c3c1239053e8e) of player #11 Berrettoni
﻿20:38:43 : Player #11 Berrettoni - Legacy GUID: 67cb93ab9eb1da2ec5d79c9c3ab3f004
﻿20:38:44 : Player #11 Berrettoni disconnected
﻿20:38:57 : Player #11 Roger (186.109.165.173:2304) connected
﻿20:38:58 : Player #11 Roger - GUID: d85cdb1b576befb0802c1e980bbde467 (unverified)
﻿20:38:59 : Verified GUID (d85cdb1b576befb0802c1e980bbde467) of player #11 Roger
﻿20:38:59 : Player #11 Roger - Legacy GUID: 7f8db49ce87ca05211184687935b6bf4
﻿20:45:00 : RCon admin #0: (Global) BEC : This server will restart in 15 minutes
﻿20:45:17 : Player #12 NOSTROMO (190.112.198.119:11379) connected
﻿20:45:19 : Player #12 NOSTROMO - GUID: e90de16682e322bd9fde9d86b18679b9 (unverified)
﻿20:45:20 : Player #12 NOSTROMO - Legacy GUID: 9aa1474e4eda0a244bddee3358690a61
﻿20:45:20 : Player #13 erick (190.142.10.60:2304) connected
﻿20:45:20 : Verified GUID (e90de16682e322bd9fde9d86b18679b9) of player #12 NOSTROMO
﻿20:45:21 : Player #13 erick - GUID: 198f02b51450b8d8977f05c28f086096 (unverified)
﻿20:45:22 : Verified GUID (198f02b51450b8d8977f05c28f086096) of player #13 erick
﻿20:45:22 : Player #13 erick - Legacy GUID: f0eca0baf5cabd8b2e140142ee086bdf
﻿20:46:34 : Player #6 jcf318723(BGS) disconnected
﻿20:52:51 : Player #13 erick (198f02b51450b8d8977f05c28f086096) has been kicked by BattlEye: Ping too high (592)
﻿20:53:03 : Player #6 erick (190.142.10.60:2304) connected
﻿20:53:04 : Player #6 erick - GUID: 198f02b51450b8d8977f05c28f086096 (unverified)
﻿20:53:05 : Verified GUID (198f02b51450b8d8977f05c28f086096) of player #6 erick
﻿20:53:05 : Player #6 erick - Legacy GUID: f0eca0baf5cabd8b2e140142ee086bdf
﻿20:53:58 : Player #6 erick (198f02b51450b8d8977f05c28f086096) has been kicked by BattlEye: Ping too high (530)
﻿20:54:28 : Player #6 erick (190.142.10.60:2304) connected
﻿20:54:30 : Player #6 erick - GUID: 198f02b51450b8d8977f05c28f086096 (unverified)
﻿20:54:30 : Verified GUID (198f02b51450b8d8977f05c28f086096) of player #6 erick
﻿20:54:31 : Player #6 erick - Legacy GUID: f0eca0baf5cabd8b2e140142ee086bdf
﻿20:55:00 : RCon admin #0: (Global) BEC : This server will restart in 5 minutes
﻿20:55:20 : Player #6 erick (198f02b51450b8d8977f05c28f086096) has been kicked by BattlEye: Ping too high (640)
﻿20:55:50 : Player #6 erick (190.142.10.60:2304) connected
﻿20:55:51 : Player #6 erick - GUID: 198f02b51450b8d8977f05c28f086096 (unverified)
﻿20:55:52 : Verified GUID (198f02b51450b8d8977f05c28f086096) of player #6 erick
﻿20:55:53 : Player #6 erick - Legacy GUID: f0eca0baf5cabd8b2e140142ee086bdf
﻿20:56:41 : Player #6 erick (198f02b51450b8d8977f05c28f086096) has been kicked by BattlEye: Ping too high (640)
﻿20:56:52 : Player #13 erick (190.142.10.60:2304) connected
﻿20:56:53 : Player #13 erick - GUID: 198f02b51450b8d8977f05c28f086096 (unverified)
﻿20:56:54 : Verified GUID (198f02b51450b8d8977f05c28f086096) of player #13 erick
﻿20:56:55 : Player #13 erick - Legacy GUID: f0eca0baf5cabd8b2e140142ee086bdf
﻿20:57:43 : Player #13 erick (198f02b51450b8d8977f05c28f086096) has been kicked by BattlEye: Ping too high (593)
﻿20:57:55 : Player #6 erick (190.142.10.60:2304) connected
﻿20:57:57 : Player #6 erick - GUID: 198f02b51450b8d8977f05c28f086096 (unverified)
﻿20:57:57 : Verified GUID (198f02b51450b8d8977f05c28f086096) of player #6 erick
﻿20:57:58 : Player #6 erick - Legacy GUID: f0eca0baf5cabd8b2e140142ee086bdf
﻿20:58:36 : Player #5 Paez 420 disconnected
﻿20:58:46 : Player #6 erick (198f02b51450b8d8977f05c28f086096) has been kicked by BattlEye: Ping too high (640)
﻿20:59:00 : RCon admin #0: (Global) BEC : Server restart in 1 minute, Log out NOW!
﻿20:59:34 : Player #11 Roger disconnected
﻿20:59:35 : Player #0 Fidelo (8c8ac97fe5ddb2c80bcdbbfde594a69c) has been kicked by BattlEye: Ping too high (717)
﻿21:00:01 : Lost Connection!
﻿21:00:01 : Closing socket & exiting!
﻿21:02:14 : Rcon client logging in
﻿21:02:14 : RCon admin #0 (127.0.0.1:64837) logged in
﻿21:02:22 : Player #0 jecoxs (177.245.93.13:2304) connected
﻿21:02:24 : Player #0 jecoxs - GUID: 1b8d80d957fb3eeef177572126bf67cb (unverified)
﻿21:02:24 : Player #0 jecoxs - Legacy GUID: 0160438fc9954a7f002128545ffa9f83
﻿21:02:25 : Verified GUID (1b8d80d957fb3eeef177572126bf67cb) of player #0 jecoxs
﻿21:02:54 : Player #1 erick (190.142.10.60:2304) connected
﻿21:03:29 : Player #1 erick disconnected
﻿21:03:33 : Player #1 Roger (186.109.165.173:2304) connected
﻿21:03:34 : Player #1 Roger - GUID: d85cdb1b576befb0802c1e980bbde467 (unverified)
﻿21:03:35 : Verified GUID (d85cdb1b576befb0802c1e980bbde467) of player #1 Roger
﻿21:03:35 : Player #1 Roger - Legacy GUID: 7f8db49ce87ca05211184687935b6bf4
﻿21:03:37 : Player #2 erick (190.142.10.60:2304) connected
﻿21:03:38 : Player #2 erick - GUID: 198f02b51450b8d8977f05c28f086096 (unverified)
﻿21:03:39 : Verified GUID (198f02b51450b8d8977f05c28f086096) of player #2 erick
﻿21:03:40 : Player #2 erick - Legacy GUID: f0eca0baf5cabd8b2e140142ee086bdf
﻿21:04:28 : Player #2 erick (198f02b51450b8d8977f05c28f086096) has been kicked by BattlEye: Ping too high (593)
﻿21:05:15 : Player #2 [Amish]Churro (152.169.156.156:2304) connected
﻿21:05:17 : Player #2 [Amish]Churro - GUID: dde1966f1dd7e3054e1b1eb0a534628d (unverified)
﻿21:05:18 : Verified GUID (dde1966f1dd7e3054e1b1eb0a534628d) of player #2 [Amish]Churro
﻿21:05:19 : Player #2 [Amish]Churro - Legacy GUID: 400a9b7eb38b0cba4ee0340edd2b0aed
﻿21:07:42 : Player #3 JiNX (181.44.217.18:2304) connected
﻿21:07:43 : Player #3 JiNX - GUID: e704b5642ef839477a8bc92894e3c1dd (unverified)
﻿21:07:44 : Verified GUID (e704b5642ef839477a8bc92894e3c1dd) of player #3 JiNX
﻿21:07:45 : Player #3 JiNX - Legacy GUID: 7a6860f48f3050e553969243b3b4dccc
﻿21:09:11 : RCon admin #1 (127.0.0.1:63999) logged in
﻿21:10:34 : Player #4 Dromsito (190.48.153.79:2304) connected
﻿21:10:36 : Player #4 Dromsito - GUID: a28691e3b8de5b6290cb77c4cf8a4a55 (unverified)
﻿21:10:36 : Player #4 Dromsito - Legacy GUID: 8916210343111f5bd06931debdd291cb
﻿21:10:37 : Verified GUID (a28691e3b8de5b6290cb77c4cf8a4a55) of player #4 Dromsito
﻿21:10:42 : Player #4 Dromsito disconnected
﻿21:11:15 : Player #5 Jose Luis (186.118.222.103:2304) connected
﻿21:11:17 : Player #5 Jose Luis - GUID: d9558a067db2e5932e8a58c619edb83d (unverified)
﻿21:11:18 : Verified GUID (d9558a067db2e5932e8a58c619edb83d) of player #5 Jose Luis
﻿21:11:19 : Player #5 Jose Luis - Legacy GUID: 7beaaf3c723b44978f2c26b96411e08c
﻿21:12:03 : Player #4 Dromsito (190.48.153.79:2304) connected
﻿21:12:04 : Player #4 Dromsito - GUID: a28691e3b8de5b6290cb77c4cf8a4a55 (unverified)
﻿21:12:04 : Verified GUID (a28691e3b8de5b6290cb77c4cf8a4a55) of player #4 Dromsito
﻿21:12:05 : Player #4 Dromsito - Legacy GUID: 8916210343111f5bd06931debdd291cb
﻿21:13:19 : Player #6 juandayz (190.30.92.29:2304) connected
﻿21:13:20 : Player #6 juandayz - GUID: d603844e2f77196bf616245ae360213b (unverified)
﻿21:13:20 : Verified GUID (d603844e2f77196bf616245ae360213b) of player #6 juandayz
﻿21:13:21 : Player #6 juandayz - Legacy GUID: a5aa074813dab730e26d67b8a0a0af6c
﻿21:16:28 : Player #7 erick (190.142.10.60:2304) connected
﻿21:16:31 : Player #7 erick - GUID: 198f02b51450b8d8977f05c28f086096 (unverified)
﻿21:16:31 : Player #7 erick - Legacy GUID: f0eca0baf5cabd8b2e140142ee086bdf
﻿21:16:32 : Verified GUID (198f02b51450b8d8977f05c28f086096) of player #7 erick
﻿21:17:19 : Player #7 erick (198f02b51450b8d8977f05c28f086096) has been kicked by BattlEye: Ping too high (608)
﻿21:18:16 : Player #7 Fidelo (189.176.25.136:2304) connected
﻿21:18:18 : Player #7 Fidelo - GUID: 8c8ac97fe5ddb2c80bcdbbfde594a69c (unverified)
﻿21:18:19 : Player #7 Fidelo - Legacy GUID: 65de53aeee9befe0ecf3b4838c2698c6
﻿21:18:19 : Verified GUID (8c8ac97fe5ddb2c80bcdbbfde594a69c) of player #7 Fidelo
﻿21:18:21 : Player #7 Fidelo disconnected
﻿21:26:05 : RCon admin #1: (Global) [juandayz] se suicida de vez en cuando
﻿21:26:14 : Player #7 Fidelo (189.176.25.136:2304) connected
﻿21:26:16 : Player #7 Fidelo - GUID: 8c8ac97fe5ddb2c80bcdbbfde594a69c (unverified)
﻿21:26:17 : Verified GUID (8c8ac97fe5ddb2c80bcdbbfde594a69c) of player #7 Fidelo
﻿21:26:17 : Player #7 Fidelo - Legacy GUID: 65de53aeee9befe0ecf3b4838c2698c6
﻿21:26:19 : Player #7 Fidelo disconnected
﻿21:27:35 : Player #4 Dromsito disconnected
﻿21:27:58 : Player #4 EverWerner (186.107.140.167:57437) connected
﻿21:27:59 : Player #4 EverWerner - GUID: b6fb6de78119ed8999d4ec6f6fc5f344 (unverified)
﻿21:28:00 : Verified GUID (b6fb6de78119ed8999d4ec6f6fc5f344) of player #4 EverWerner
﻿21:28:01 : Player #4 EverWerner - Legacy GUID: 2c95288434ed453a9fc7b3892d7a7c93
﻿21:29:07 : Player #7 erick (190.142.10.60:2304) connected
﻿21:29:08 : Player #7 erick - GUID: 198f02b51450b8d8977f05c28f086096 (unverified)
﻿21:29:09 : Verified GUID (198f02b51450b8d8977f05c28f086096) of player #7 erick
﻿21:29:10 : Player #7 erick - Legacy GUID: f0eca0baf5cabd8b2e140142ee086bdf
﻿21:29:13 : Player #8 Sebastian (186.156.7.226:2304) connected
﻿21:29:14 : Player #8 Sebastian - GUID: 43543fbdc35f0d3f69c93074e34e5248 (unverified)
﻿21:29:15 : Verified GUID (43543fbdc35f0d3f69c93074e34e5248) of player #8 Sebastian
﻿21:29:15 : Player #8 Sebastian - Legacy GUID: e173f0f8ef224944dd7ac81638293ce8
﻿21:30:01 : Player #7 erick (198f02b51450b8d8977f05c28f086096) has been kicked by BattlEye: Ping too high (2499)
﻿21:32:16 : Player #7 Fidelo (189.176.25.136:2304) connected
﻿21:32:18 : Player #7 Fidelo - GUID: 8c8ac97fe5ddb2c80bcdbbfde594a69c (unverified)
﻿21:32:18 : Verified GUID (8c8ac97fe5ddb2c80bcdbbfde594a69c) of player #7 Fidelo
﻿21:32:19 : Player #7 Fidelo - Legacy GUID: 65de53aeee9befe0ecf3b4838c2698c6
﻿21:32:21 : Player #7 Fidelo disconnected
﻿21:33:27 : Player #7 Fidelo (189.176.25.136:2304) connected
﻿21:33:28 : Player #7 Fidelo - GUID: 8c8ac97fe5ddb2c80bcdbbfde594a69c (unverified)
﻿21:33:29 : Player #7 Fidelo - Legacy GUID: 65de53aeee9befe0ecf3b4838c2698c6
﻿21:33:29 : Verified GUID (8c8ac97fe5ddb2c80bcdbbfde594a69c) of player #7 Fidelo
﻿21:33:32 : Player #7 Fidelo disconnected
﻿21:33:36 : Player #9 NOSTROMO (190.112.198.119:13477) connected
﻿21:33:38 : Player #9 NOSTROMO - GUID: e90de16682e322bd9fde9d86b18679b9 (unverified)
﻿21:33:38 : Player #9 NOSTROMO - Legacy GUID: 9aa1474e4eda0a244bddee3358690a61
﻿21:33:38 : Verified GUID (e90de16682e322bd9fde9d86b18679b9) of player #9 NOSTROMO
﻿21:34:08 : Player #10 Fidelo (189.176.25.136:2304) connected
﻿21:34:09 : Player #10 Fidelo - GUID: 8c8ac97fe5ddb2c80bcdbbfde594a69c (unverified)
﻿21:34:10 : Verified GUID (8c8ac97fe5ddb2c80bcdbbfde594a69c) of player #10 Fidelo
﻿21:34:10 : Player #10 Fidelo - Legacy GUID: 65de53aeee9befe0ecf3b4838c2698c6
﻿21:34:12 : Player #10 Fidelo disconnected
﻿21:34:58 : RCon admin #0: (To Sebastian) BEC : You have about 60 seconds left to join the mission.
﻿21:35:29 : RCon admin #0: (To Sebastian) BEC : You have about 30 seconds left to join the mission.
﻿21:35:43 : RCon admin #0: (To Sebastian) BEC : You have about 15 seconds left to join the mission.
﻿21:35:58 : Player #8 Sebastian (43543fbdc35f0d3f69c93074e34e5248) has been kicked by BattlEye: Admin Kick (BEC : Lobby idling to long)
﻿21:36:46 : Player #7 Angrodth (186.156.7.226:1024) connected
﻿21:36:47 : Player #7 Angrodth - GUID: d6b9f8fba69f83bc7247a47c77168443 (unverified)
﻿21:36:48 : Verified GUID (d6b9f8fba69f83bc7247a47c77168443) of player #7 Angrodth
﻿21:36:48 : Player #7 Angrodth - Legacy GUID: d2c44c961e695054e994996f7408a645
﻿21:36:51 : Player #8 Sonic (181.45.95.254:2304) connected
﻿21:36:51 : Player #7 Angrodth disconnected
﻿21:36:53 : Player #8 Sonic - GUID: 3a25293ef952e282224022912621c3a7 (unverified)
﻿21:36:53 : Verified GUID (3a25293ef952e282224022912621c3a7) of player #8 Sonic
﻿21:36:53 : Player #8 Sonic - Legacy GUID: 2d596c07df28e5d15ee2fd943641c8b5
﻿21:37:18 : Player #7 Sebastian (186.156.7.226:2304) connected
﻿21:37:19 : Player #7 Sebastian - GUID: 43543fbdc35f0d3f69c93074e34e5248 (unverified)
﻿21:37:19 : Verified GUID (43543fbdc35f0d3f69c93074e34e5248) of player #7 Sebastian
﻿21:37:20 : Player #7 Sebastian - Legacy GUID: e173f0f8ef224944dd7ac81638293ce8
﻿21:37:27 : Player #10 John K (190.160.38.204:2304) connected
﻿21:37:30 : Player #10 John K - GUID: f50d48b21b38b148c3571f865918f1ae (unverified)
﻿21:37:31 : Verified GUID (f50d48b21b38b148c3571f865918f1ae) of player #10 John K
﻿21:37:32 : Player #10 John K - Legacy GUID: a72ca04e0f3e377fa240c2f121f4149b
﻿21:38:33 : Player #11 Angrodth (186.156.7.226:1024) connected
﻿21:38:34 : Player #11 Angrodth - GUID: d6b9f8fba69f83bc7247a47c77168443 (unverified)
﻿21:38:35 : Verified GUID (d6b9f8fba69f83bc7247a47c77168443) of player #11 Angrodth
﻿21:38:35 : Player #11 Angrodth - Legacy GUID: d2c44c961e695054e994996f7408a645
﻿21:38:47 : Player #12 erick (190.142.10.60:2304) connected
﻿21:38:50 : Player #12 erick - GUID: 198f02b51450b8d8977f05c28f086096 (unverified)
﻿21:38:50 : Player #12 erick - Legacy GUID: f0eca0baf5cabd8b2e140142ee086bdf
﻿21:38:51 : Verified GUID (198f02b51450b8d8977f05c28f086096) of player #12 erick
﻿21:38:54 : Player #11 Angrodth disconnected
﻿21:38:59 : Player #12 erick disconnected
﻿21:39:19 : RCon admin #0: (To NOSTROMO) BEC : You have about 60 seconds left to join the mission.
﻿21:39:51 : RCon admin #0: (To NOSTROMO) BEC : You have about 30 seconds left to join the mission.
﻿21:40:05 : RCon admin #0: (To NOSTROMO) BEC : You have about 15 seconds left to join the mission.
﻿21:40:19 : Player #9 NOSTROMO (e90de16682e322bd9fde9d86b18679b9) has been kicked by BattlEye: Admin Kick (BEC : Lobby idling to long)
﻿21:40:27 : Player #9 Angrodth (186.156.7.226:1024) connected
﻿21:40:28 : Player #9 Angrodth - GUID: d6b9f8fba69f83bc7247a47c77168443 (unverified)
﻿21:40:28 : Verified GUID (d6b9f8fba69f83bc7247a47c77168443) of player #9 Angrodth
﻿21:40:29 : Player #9 Angrodth - Legacy GUID: d2c44c961e695054e994996f7408a645
﻿21:40:29 : Player #9 Angrodth disconnected
﻿21:40:39 : Player #9 Fidelo (189.176.25.136:2304) connected
﻿21:40:40 : Player #9 Fidelo - GUID: 8c8ac97fe5ddb2c80bcdbbfde594a69c (unverified)
﻿21:40:41 : Verified GUID (8c8ac97fe5ddb2c80bcdbbfde594a69c) of player #9 Fidelo
﻿21:40:41 : Player #9 Fidelo - Legacy GUID: 65de53aeee9befe0ecf3b4838c2698c6
﻿21:40:42 : Player #9 Fidelo disconnected
﻿21:41:49 : Player #4 EverWerner disconnected
﻿21:42:02 : Player #4 Fidelo (189.176.25.136:2304) connected
﻿21:42:04 : Player #4 Fidelo - GUID: 8c8ac97fe5ddb2c80bcdbbfde594a69c (unverified)
﻿21:42:05 : Verified GUID (8c8ac97fe5ddb2c80bcdbbfde594a69c) of player #4 Fidelo
﻿21:42:05 : Player #4 Fidelo - Legacy GUID: 65de53aeee9befe0ecf3b4838c2698c6
﻿21:42:05 : Player #4 Fidelo disconnected
﻿21:42:36 : RCon admin #0: (To Sonic) BEC : You have about 60 seconds left to join the mission.
﻿21:42:46 : Player #4 Angrodth (186.156.7.226:1024) connected
﻿21:42:47 : Player #4 Angrodth - GUID: d6b9f8fba69f83bc7247a47c77168443 (unverified)
﻿21:42:47 : Verified GUID (d6b9f8fba69f83bc7247a47c77168443) of player #4 Angrodth
﻿21:42:48 : Player #4 Angrodth - Legacy GUID: d2c44c961e695054e994996f7408a645
﻿21:42:48 : Player #4 Angrodth disconnected
﻿21:42:59 : Player #4 Angrodth (186.156.7.226:1024) connected
﻿21:43:00 : Player #4 Angrodth - GUID: d6b9f8fba69f83bc7247a47c77168443 (unverified)
﻿21:43:01 : Verified GUID (d6b9f8fba69f83bc7247a47c77168443) of player #4 Angrodth
﻿21:43:02 : Player #4 Angrodth - Legacy GUID: d2c44c961e695054e994996f7408a645
﻿21:43:02 : Player #4 Angrodth disconnected
﻿21:43:07 : RCon admin #0: (To Sonic) BEC : You have about 30 seconds left to join the mission.
﻿21:43:12 : RCon admin #0: (To John K) BEC : You have about 60 seconds left to join the mission.
﻿21:43:22 : RCon admin #0: (To Sonic) BEC : You have about 15 seconds left to join the mission.
﻿21:43:43 : RCon admin #0: (To John K) BEC : You have about 30 seconds left to join the mission.
﻿21:43:58 : RCon admin #0: (To John K) BEC : You have about 15 seconds left to join the mission.
﻿21:44:12 : Player #10 John K (f50d48b21b38b148c3571f865918f1ae) has been kicked by BattlEye: Admin Kick (BEC : Lobby idling to long)
﻿21:44:48 : Player #4 Fidelo (189.176.25.136:2304) connected
﻿21:44:49 : Player #4 Fidelo - GUID: 8c8ac97fe5ddb2c80bcdbbfde594a69c (unverified)
﻿21:44:50 : Verified GUID (8c8ac97fe5ddb2c80bcdbbfde594a69c) of player #4 Fidelo
﻿21:44:50 : Player #4 Fidelo - Legacy GUID: 65de53aeee9befe0ecf3b4838c2698c6
﻿21:44:53 : Player #4 Fidelo disconnected
﻿21:47:35 : Player #4 Fidelo (189.176.25.136:2304) connected
﻿21:47:37 : Player #4 Fidelo - GUID: 8c8ac97fe5ddb2c80bcdbbfde594a69c (unverified)
﻿21:47:38 : Verified GUID (8c8ac97fe5ddb2c80bcdbbfde594a69c) of player #4 Fidelo
﻿21:47:38 : Player #4 Fidelo - Legacy GUID: 65de53aeee9befe0ecf3b4838c2698c6
﻿21:47:46 : RCon admin #0: (To jecoxs) BEC : You have about 60 seconds left to join the mission.
﻿21:50:05 : Player #9 Yotam (190.47.3.52:2304) connected
﻿21:50:06 : Player #9 Yotam - GUID: 576079d41e39060c35cce278b17d1bc6 (unverified)
﻿21:50:07 : Verified GUID (576079d41e39060c35cce278b17d1bc6) of player #9 Yotam
﻿21:50:07 : Player #9 Yotam - Legacy GUID: 42f92f616d468e019288a9c201648210
﻿21:50:21 : Player #10 John K (190.160.38.204:2304) connected
﻿21:50:22 : Player #10 John K - GUID: f50d48b21b38b148c3571f865918f1ae (unverified)
﻿21:50:23 : Player #10 John K - Legacy GUID: a72ca04e0f3e377fa240c2f121f4149b
﻿21:50:23 : Verified GUID (f50d48b21b38b148c3571f865918f1ae) of player #10 John K
﻿21:51:21 : Player #5 Jose Luis disconnected
﻿21:52:37 : Player #5 apndPATEZ (177.222.207.225:2304) connected
﻿21:52:38 : Player #5 apndPATEZ - GUID: 5a3e1deb57156602cab2f509535a326a (unverified)
﻿21:52:39 : Verified GUID (5a3e1deb57156602cab2f509535a326a) of player #5 apndPATEZ
﻿21:52:39 : Player #5 apndPATEZ - Legacy GUID: f22d3a59a8eefc448524eb379abb78ca
﻿21:53:35 : Player #1 Roger disconnected
﻿21:54:01 : RCon admin #1: (Global) [juandayz] bienvenidos Yotam y Jhon.
﻿21:55:10 : Player #1 Angrodth (186.156.7.226:1024) connected
﻿21:55:11 : Player #1 Angrodth - GUID: d6b9f8fba69f83bc7247a47c77168443 (unverified)
﻿21:55:12 : Verified GUID (d6b9f8fba69f83bc7247a47c77168443) of player #1 Angrodth
﻿21:55:12 : Player #1 Angrodth - Legacy GUID: d2c44c961e695054e994996f7408a645
﻿21:55:12 : Player #1 Angrodth disconnected
﻿21:55:18 : Player #1 Angrodth (186.156.7.226:1024) connected
﻿21:55:19 : Player #11 Paez 420 (189.252.148.152:2304) connected
﻿21:55:19 : Player #1 Angrodth - GUID: d6b9f8fba69f83bc7247a47c77168443 (unverified)
﻿21:55:20 : Verified GUID (d6b9f8fba69f83bc7247a47c77168443) of player #1 Angrodth
﻿21:55:21 : Player #1 Angrodth - Legacy GUID: d2c44c961e695054e994996f7408a645
﻿21:55:21 : Player #1 Angrodth disconnected
﻿21:55:21 : Player #11 Paez 420 - GUID: ae4f260617b21d4fcbe091d4c1036e80 (unverified)
﻿21:55:22 : Player #11 Paez 420 - Legacy GUID: 7e7f57f88d02d38821dfa06736a3d6df
﻿21:55:22 : Verified GUID (ae4f260617b21d4fcbe091d4c1036e80) of player #11 Paez 420
﻿21:56:05 : RCon admin #0: (To John K) BEC : You have about 60 seconds left to join the mission.
﻿21:56:36 : RCon admin #0: (To John K) BEC : You have about 30 seconds left to join the mission.
﻿21:56:50 : RCon admin #0: (To John K) BEC : You have about 15 seconds left to join the mission.
﻿21:57:05 : Player #10 John K (f50d48b21b38b148c3571f865918f1ae) has been kicked by BattlEye: Admin Kick (BEC : Lobby idling to long)
﻿22:02:12 : RCon admin #1: (To apndPATEZ) [juandayz] bienvenido, un gusto tener gente de brasil!
﻿22:03:46 : Player #8 Sonic disconnected
﻿22:06:51 : Player #5 apndPATEZ (5a3e1deb57156602cab2f509535a326a) has been kicked by BattlEye: Client not responding
﻿22:07:14 : Player #1 Punispyer (191.36.201.109:2304) connected
﻿22:07:16 : Player #1 Punispyer - GUID: b77083faf5c556f5c115b3a733bdc6dd (unverified)
﻿22:07:16 : Verified GUID (b77083faf5c556f5c115b3a733bdc6dd) of player #1 Punispyer
﻿22:07:17 : Player #1 Punispyer - Legacy GUID: e3105da870600bc2197f3a69b5019a5d
﻿22:07:32 : Player #1 Punispyer disconnected
﻿22:07:48 : Player #1 Punispyer (191.36.201.109:2304) connected
﻿22:07:49 : Player #1 Punispyer - GUID: b77083faf5c556f5c115b3a733bdc6dd (unverified)
﻿22:07:50 : Verified GUID (b77083faf5c556f5c115b3a733bdc6dd) of player #1 Punispyer
﻿22:07:50 : Player #1 Punispyer - Legacy GUID: e3105da870600bc2197f3a69b5019a5d
﻿22:07:54 : Player #5 Angrodth (186.156.7.226:1024) connected
﻿22:07:55 : Player #5 Angrodth - GUID: d6b9f8fba69f83bc7247a47c77168443 (unverified)
﻿22:07:56 : Verified GUID (d6b9f8fba69f83bc7247a47c77168443) of player #5 Angrodth
﻿22:07:56 : Player #5 Angrodth - Legacy GUID: d2c44c961e695054e994996f7408a645
﻿22:09:27 : Player #5 Angrodth disconnected
﻿22:12:16 : Player #1 Punispyer disconnected
﻿22:13:40 : Player #1 erick (190.142.10.60:2304) connected
﻿22:13:43 : Player #1 erick - GUID: 198f02b51450b8d8977f05c28f086096 (unverified)
﻿22:13:43 : Verified GUID (198f02b51450b8d8977f05c28f086096) of player #1 erick
﻿22:13:45 : Player #1 erick - Legacy GUID: f0eca0baf5cabd8b2e140142ee086bdf
﻿22:13:51 : Player #1 erick disconnected
﻿22:14:51 : Player #1 Angrodth (186.156.7.226:1024) connected
﻿22:14:53 : Player #1 Angrodth - GUID: d6b9f8fba69f83bc7247a47c77168443 (unverified)
﻿22:14:54 : Player #1 Angrodth - Legacy GUID: d2c44c961e695054e994996f7408a645
﻿22:14:54 : Verified GUID (d6b9f8fba69f83bc7247a47c77168443) of player #1 Angrodth
﻿22:14:55 : Player #1 Angrodth disconnected
﻿22:15:50 : RCon admin #1: (To Yotam) [juandayz] no te asustes, soy el adm yotam
﻿22:17:46 : Player #1 Dallheim (186.23.160.35:2304) connected
﻿22:17:47 : Player #1 Dallheim - GUID: dc090b6b8b03c8bb77350fca3718f588 (unverified)
﻿22:17:48 : Verified GUID (dc090b6b8b03c8bb77350fca3718f588) of player #1 Dallheim
﻿22:17:49 : Player #1 Dallheim - Legacy GUID: 0134fada23f8786da3de29b537100a03
﻿22:19:40 : Player #5 erick (190.142.10.60:2304) connected
﻿22:19:44 : Player #5 erick - GUID: 198f02b51450b8d8977f05c28f086096 (unverified)
﻿22:19:45 : Verified GUID (198f02b51450b8d8977f05c28f086096) of player #5 erick
﻿22:19:45 : Player #5 erick - Legacy GUID: f0eca0baf5cabd8b2e140142ee086bdf
﻿22:20:11 : Player #5 erick disconnected
﻿22:20:19 : Player #5 erick (190.142.10.60:2304) connected
﻿22:20:23 : Player #5 erick - GUID: 198f02b51450b8d8977f05c28f086096 (unverified)
﻿22:20:23 : Verified GUID (198f02b51450b8d8977f05c28f086096) of player #5 erick
﻿22:20:24 : Player #5 erick - Legacy GUID: f0eca0baf5cabd8b2e140142ee086bdf
﻿22:21:37 : Player #8 Maty (181.170.122.46:2304) connected
﻿22:21:38 : Player #8 Maty - GUID: 94a9f995708bf9b0fd33dfa65690993e (unverified)
﻿22:21:39 : Verified GUID (94a9f995708bf9b0fd33dfa65690993e) of player #8 Maty
﻿22:21:40 : Player #8 Maty - Legacy GUID: dacc80b92487a359cbce02b3ca673dab
﻿22:22:10 : Player #5 erick (198f02b51450b8d8977f05c28f086096) has been kicked by BattlEye: Ping too high (562)
﻿22:23:11 : Player #5 NOSTROMO (190.112.198.119:15084) connected
﻿22:23:12 : Player #5 NOSTROMO - GUID: e90de16682e322bd9fde9d86b18679b9 (unverified)
﻿22:23:13 : Player #5 NOSTROMO - Legacy GUID: 9aa1474e4eda0a244bddee3358690a61
﻿22:23:13 : Verified GUID (e90de16682e322bd9fde9d86b18679b9) of player #5 NOSTROMO
﻿22:23:50 : Player #10 Roger (186.109.112.183:2304) connected
﻿22:23:53 : Player #10 Roger - GUID: d85cdb1b576befb0802c1e980bbde467 (unverified)
﻿22:23:53 : Verified GUID (d85cdb1b576befb0802c1e980bbde467) of player #10 Roger
﻿22:23:55 : Player #10 Roger - Legacy GUID: 7f8db49ce87ca05211184687935b6bf4
﻿22:25:04 : Player #5 NOSTROMO disconnected
﻿22:26:35 : Player #5 John K (190.160.38.204:2304) connected
﻿22:26:37 : Player #5 John K - Legacy GUID: a72ca04e0f3e377fa240c2f121f4149b
﻿22:26:57 : Player #5 John K - GUID: f50d48b21b38b148c3571f865918f1ae (unverified)
﻿22:26:57 : Verified GUID (f50d48b21b38b148c3571f865918f1ae) of player #5 John K
﻿22:31:14 : Player #7 Sebastian disconnected
﻿22:32:02 : Player #5 John K disconnected
﻿22:38:53 : RCon admin #1: (To Maty) [juandayz] Bienvenido Maty
﻿22:42:39 : Player #5 lukas (179.180.40.172:2304) connected
﻿22:42:40 : Player #5 lukas - GUID: 5cc1ba6ab680db4f072895a750334248 (unverified)
﻿22:42:41 : Verified GUID (5cc1ba6ab680db4f072895a750334248) of player #5 lukas
﻿22:42:41 : Player #5 lukas - Legacy GUID: a6888f00905fa91f3d85fb2e0f1dfcfa
﻿22:42:41 : Player #5 lukas disconnected
﻿22:45:55 : RCon admin #1: (To [Amish]Churro) [juandayz] un tanque temporal hasta el restart para el primero q lo agarre
﻿22:50:38 : Player #5 Kleber (177.130.62.10:27268) connected
﻿22:50:39 : Player #5 Kleber - GUID: e4161220841b45a5268ec5a2e2b88d4a (unverified)
﻿22:50:40 : Verified GUID (e4161220841b45a5268ec5a2e2b88d4a) of player #5 Kleber
﻿22:50:40 : Player #5 Kleber - Legacy GUID: 9dae13d7d4dec039162f93bb6cf3376c
﻿22:50:41 : Player #5 Kleber disconnected
﻿22:50:54 : Player #5 Kleber (177.130.62.10:27268) connected
﻿22:50:56 : Player #5 Kleber - GUID: e4161220841b45a5268ec5a2e2b88d4a (unverified)
﻿22:50:57 : Player #5 Kleber - Legacy GUID: 9dae13d7d4dec039162f93bb6cf3376c
﻿22:50:57 : Verified GUID (e4161220841b45a5268ec5a2e2b88d4a) of player #5 Kleber
﻿22:50:58 : Player #5 Kleber disconnected
﻿22:56:13 : Player #5 Sonic (181.45.95.254:2304) connected
﻿22:56:15 : Player #5 Sonic - GUID: 3a25293ef952e282224022912621c3a7 (unverified)
﻿22:56:15 : Player #5 Sonic - Legacy GUID: 2d596c07df28e5d15ee2fd943641c8b5
﻿22:56:16 : Verified GUID (3a25293ef952e282224022912621c3a7) of player #5 Sonic
﻿22:56:16 : Player #5 Sonic disconnected
﻿22:57:52 : Player #5 erick (190.142.10.60:2304) connected
﻿22:57:55 : Player #5 erick - GUID: 198f02b51450b8d8977f05c28f086096 (unverified)
﻿22:57:55 : Player #5 erick - Legacy GUID: f0eca0baf5cabd8b2e140142ee086bdf
﻿22:57:55 : Verified GUID (198f02b51450b8d8977f05c28f086096) of player #5 erick
﻿22:58:12 : Player #5 erick disconnected
﻿23:00:25 : Player #5 Sirfes-AR (186.39.211.25:2304) connected
﻿23:00:26 : Player #5 Sirfes-AR - GUID: 2bb87957999ef128136a91e55814387e (unverified)
﻿23:00:27 : Verified GUID (2bb87957999ef128136a91e55814387e) of player #5 Sirfes-AR
﻿23:00:27 : Player #5 Sirfes-AR - Legacy GUID: 9029f11d17f3e3d0814db86b7e6f7e15
﻿23:02:13 : Player #7 Niconap (201.213.84.166:2304) connected
﻿23:02:15 : Player #7 Niconap - GUID: 847c36df72aa984242c68807486ece9e (unverified)
﻿23:02:15 : Verified GUID (847c36df72aa984242c68807486ece9e) of player #7 Niconap
﻿23:02:16 : Player #7 Niconap - Legacy GUID: 20f6fe2aa01ea1c70d6abbfe0224d5d3
﻿23:05:32 : Player #12 erick (190.142.10.60:2304) connected
﻿23:05:35 : Player #12 erick - GUID: 198f02b51450b8d8977f05c28f086096 (unverified)
﻿23:05:35 : Player #12 erick - Legacy GUID: f0eca0baf5cabd8b2e140142ee086bdf
﻿23:05:35 : Verified GUID (198f02b51450b8d8977f05c28f086096) of player #12 erick
﻿23:05:54 : Player #12 erick disconnected
﻿23:06:17 : Player #12 Damian (66.190.128.156:2304) connected
﻿23:06:19 : Player #12 Damian - GUID: 176cb9645100add446afd7768dbf6915 (unverified)
﻿23:06:19 : Verified GUID (176cb9645100add446afd7768dbf6915) of player #12 Damian
﻿23:06:20 : Player #12 Damian - Legacy GUID: ec1b2924e76b01fd424fcdbe5e947f60
﻿23:06:28 : Player #12 Damian disconnected
﻿23:12:32 : Player #12 erick (190.142.10.60:2304) connected
﻿23:12:35 : Player #12 erick - GUID: 198f02b51450b8d8977f05c28f086096 (unverified)
﻿23:12:36 : Player #12 erick - Legacy GUID: f0eca0baf5cabd8b2e140142ee086bdf
﻿23:12:36 : Verified GUID (198f02b51450b8d8977f05c28f086096) of player #12 erick
﻿23:13:43 : Player #12 erick (198f02b51450b8d8977f05c28f086096) has been kicked by BattlEye: Ping too high (577)
﻿23:16:14 : RCon admin #1: (To Sirfes-AR) [juandayz] alguna duda del server Sirfes?
﻿23:22:17 : Player #12 lechu (190.193.90.28:2304) connected
﻿23:22:18 : Player #12 lechu - GUID: 75e3c484d5572101ca8752ee60f6c3f8 (unverified)
﻿23:22:19 : Verified GUID (75e3c484d5572101ca8752ee60f6c3f8) of player #12 lechu
﻿23:22:19 : Player #12 lechu - Legacy GUID: b2aff26425902245d2ac42fed459eafe
﻿23:23:12 : Player #13 ukaf (181.231.94.118:2304) connected
﻿23:23:13 : Player #13 ukaf - GUID: 4e9b27a5d5556bc9bed6f0ed4dfd90a2 (unverified)
﻿23:23:13 : Verified GUID (4e9b27a5d5556bc9bed6f0ed4dfd90a2) of player #13 ukaf
﻿23:23:14 : Player #13 ukaf - Legacy GUID: 2d921a970408f275e8655ef77c6e701f
﻿23:28:49 : RCon admin #1: (To lechu) [juandayz] bienvenido lechu!
﻿23:29:00 : RCon admin #1: (To ukaf) [juandayz] bienvenido ukaf
﻿23:29:12 : Player #14 San (186.22.142.138:5304) connected
﻿23:29:13 : Player #14 San - GUID: 15c76caaac625e90ad2b351ec7d6ffb8 (unverified)
﻿23:29:14 : Verified GUID (15c76caaac625e90ad2b351ec7d6ffb8) of player #14 San
﻿23:29:14 : Player #14 San - Legacy GUID: 759371cc2ec1da02f2a0dbdfd2f53824
﻿23:30:53 : RCon admin #0: (To Paez 420) BEC : You have about 60 seconds left to join the mission.
﻿23:31:24 : RCon admin #0: (To Paez 420) BEC : You have about 30 seconds left to join the mission.
﻿23:31:39 : RCon admin #0: (To Paez 420) BEC : You have about 15 seconds left to join the mission.
﻿23:31:53 : Player #11 Paez 420 (ae4f260617b21d4fcbe091d4c1036e80) has been kicked by BattlEye: Admin Kick (BEC : Lobby idling to long)
﻿23:34:53 : RCon admin #1: (To San) [juandayz] bienveniido San!
﻿23:37:12 : Player #11 fvg (181.110.158.203:2304) connected
﻿23:37:13 : Player #11 fvg - GUID: 57d4097228006446bda9b460a0025cff (unverified)
﻿23:37:14 : Verified GUID (57d4097228006446bda9b460a0025cff) of player #11 fvg
﻿23:37:14 : Player #11 fvg - Legacy GUID: edc42c9cc075e12f4bda601c74455a51
﻿23:37:15 : Player #11 fvg disconnected
﻿23:38:02 : Player #6 juandayz (d603844e2f77196bf616245ae360213b) has been kicked by BattlEye: Client not responding
﻿23:40:05 : Player #6 Jose Luis (186.118.222.103:2304) connected
﻿23:40:08 : Player #6 Jose Luis - GUID: d9558a067db2e5932e8a58c619edb83d (unverified)
﻿23:40:08 : Player #6 Jose Luis - Legacy GUID: 7beaaf3c723b44978f2c26b96411e08c
﻿23:40:08 : Verified GUID (d9558a067db2e5932e8a58c619edb83d) of player #6 Jose Luis
﻿23:40:21 : Player #11 Hans (190.49.41.91:2304) connected
﻿23:40:22 : Player #11 Hans - GUID: 4c8a9b2b523906058cc33ffd8af6ee84 (unverified)
﻿23:40:23 : Verified GUID (4c8a9b2b523906058cc33ffd8af6ee84) of player #11 Hans
﻿23:40:23 : Player #11 Hans - Legacy GUID: b8db10e0df20e643b9d2f2513879a2d6
﻿23:44:58 : Player #15 GabrieL (189.69.10.34:2304) connected
﻿23:44:59 : Player #15 GabrieL - GUID: 3edc5c172490bac34d45d9aabaf7da88 (unverified)
﻿23:45:00 : RCon admin #0: (Global) BEC : This server will restart in 15 minutes
﻿23:45:00 : Verified GUID (3edc5c172490bac34d45d9aabaf7da88) of player #15 GabrieL
﻿23:45:00 : Player #15 GabrieL - Legacy GUID: a63b7917f49d53bc4b18a29cc612e876
﻿23:45:02 : Player #15 GabrieL disconnected
﻿23:48:04 : Player #10 Roger (d85cdb1b576befb0802c1e980bbde467) has been kicked by BattlEye: Client not responding
﻿23:51:56 : Player #9 Yotam disconnected
﻿23:52:03 : Player #9 Usuario (179.62.74.115:2304) connected
﻿23:52:04 : Player #9 Usuario - GUID: 9e146a31a9de289ab14b7035545580a2 (unverified)
﻿23:52:05 : Verified GUID (9e146a31a9de289ab14b7035545580a2) of player #9 Usuario
﻿23:52:05 : Player #9 Usuario - Legacy GUID: 0933e8a1ef5b3b2ab3a00cfcf023db90
﻿23:52:06 : Player #9 Usuario disconnected
﻿23:55:00 : RCon admin #0: (Global) BEC : This server will restart in 5 minutes
﻿23:57:14 : Player #11 Hans disconnected
﻿23:58:16 : Player #7 Niconap disconnected
﻿23:58:29 : Player #3 JiNX disconnected
﻿23:58:59 : Player #1 Dallheim disconnected
﻿23:59:00 : RCon admin #0: (Global) BEC : This server will restart in 1 minute, Log out now!
﻿23:59:07 : Player #2 [Amish]Churro disconnected
﻿23:59:23 : Player #12 lechu (75e3c484d5572101ca8752ee60f6c3f8) has been kicked by BattlEye: Client not responding
﻿23:59:47 : Player #8 Maty disconnected
