00:01:41 : Rcon client logging in
﻿00:02:12 : RCon admin #0 (127.0.0.1:54038) logged in
﻿00:07:01 : Rcon client logging in
﻿00:07:02 : RCon admin #0 (127.0.0.1:51720) logged in
﻿00:07:03 : Player #0 juandayz - GUID: d603844e2f77196bf616245ae360213b (unverified)
﻿00:07:03 : Verified GUID (d603844e2f77196bf616245ae360213b) of player #0 juandayz
﻿00:07:03 : Player #0 juandayz - Legacy GUID: a5aa074813dab730e26d67b8a0a0af6c
﻿00:10:30 : Rcon client logging in
﻿00:11:01 : RCon admin #0 (127.0.0.1:51721) logged in
﻿00:13:38 : Rcon client logging in
﻿00:13:38 : RCon admin #0 (127.0.0.1:51722) logged in
﻿00:14:41 : Player #0 juandayz (190.226.84.234:2304) connected
﻿00:14:42 : Player #0 juandayz - GUID: d603844e2f77196bf616245ae360213b (unverified)
﻿00:14:43 : Verified GUID (d603844e2f77196bf616245ae360213b) of player #0 juandayz
﻿00:14:43 : Player #0 juandayz - Legacy GUID: a5aa074813dab730e26d67b8a0a0af6c
﻿00:25:40 : Rcon client logging in
﻿00:25:40 : RCon admin #0 (127.0.0.1:51724) logged in
﻿00:25:55 : Player #0 juandayz (190.226.84.234:2304) connected
﻿00:25:56 : Player #0 juandayz - GUID: d603844e2f77196bf616245ae360213b (unverified)
﻿00:25:57 : Verified GUID (d603844e2f77196bf616245ae360213b) of player #0 juandayz
﻿00:25:57 : Player #0 juandayz - Legacy GUID: a5aa074813dab730e26d67b8a0a0af6c
﻿00:30:12 : Player #0 juandayz disconnected
﻿01:37:01 : Player #0 edgar (189.194.23.186:2304) connected
﻿01:37:03 : Player #0 edgar - GUID: f437a82e55f1e066995fbf75e961723e (unverified)
﻿01:37:03 : Verified GUID (f437a82e55f1e066995fbf75e961723e) of player #0 edgar
﻿01:37:04 : Player #0 edgar - Legacy GUID: 34a707cdfc6309ba56617169fdf6b2d9
﻿01:40:40 : Player #0 edgar (f437a82e55f1e066995fbf75e961723e) has been kicked by BattlEye: Ping too high (390)
﻿01:41:21 : Player #0 edgar (189.194.23.186:2304) connected
﻿01:41:23 : Player #0 edgar - GUID: f437a82e55f1e066995fbf75e961723e (unverified)
﻿01:41:23 : Verified GUID (f437a82e55f1e066995fbf75e961723e) of player #0 edgar
﻿01:41:24 : Player #0 edgar - Legacy GUID: 34a707cdfc6309ba56617169fdf6b2d9
﻿02:05:40 : Player #0 edgar disconnected
﻿02:45:00 : RCon admin #0: (Global) BEC : This server will restart in 15 minutes
﻿02:55:00 : RCon admin #0: (Global) BEC : This server will restart in 5 minutes
﻿02:59:00 : RCon admin #0: (Global) BEC : This server will restart in 1 minute, Log out now!
﻿03:00:02 : Lost Connection!
﻿03:00:02 : Closing socket & exiting!
﻿03:01:15 : Rcon client logging in
﻿03:01:15 : RCon admin #0 (127.0.0.1:51905) logged in
﻿05:45:00 : RCon admin #0: (Global) BEC : This server will restart in 15 minutes
﻿05:55:00 : RCon admin #0: (Global) BEC : This server will restart in 5 minutes
﻿05:59:00 : RCon admin #0: (Global) BEC : This server will restart in 1 minute, Log out now!
﻿06:00:01 : Lost Connection!
﻿06:00:01 : Closing socket & exiting!
﻿06:01:06 : Rcon client logging in
﻿06:01:06 : RCon admin #0 (127.0.0.1:52617) logged in
﻿06:51:12 : Player #0 JF (190.185.192.18:26512) connected
﻿06:51:13 : Player #0 JF - GUID: 93a2a9d9bc7acb34122becec3305fde7 (unverified)
﻿06:51:14 : Player #0 JF - Legacy GUID: 1e3460faa1452299ec3b5f220fe797e0
﻿06:51:14 : Verified GUID (93a2a9d9bc7acb34122becec3305fde7) of player #0 JF
﻿07:33:16 : Player #0 JF (93a2a9d9bc7acb34122becec3305fde7) has been kicked by BattlEye: Client not responding
﻿08:45:00 : RCon admin #0: (Global) BEC : This server will restart in 15 minutes
﻿08:55:00 : RCon admin #0: (Global) BEC : This server will restart in 5 minutes
﻿08:59:00 : RCon admin #0: (Global) BEC : This server will restart in 1 minute, Log out now!
﻿09:00:01 : Lost Connection!
﻿09:00:01 : Closing socket & exiting!
﻿09:01:15 : Rcon client logging in
﻿09:01:15 : RCon admin #0 (127.0.0.1:52602) logged in
﻿10:01:18 : No Valid response. Trying to reconnect.!
﻿10:01:18 : Rcon client logging in
﻿10:01:18 : RCon admin #0 (127.0.0.1:52602) logged in
﻿11:45:00 : RCon admin #0: (Global) BEC : This server will restart in 15 minutes
﻿11:55:00 : RCon admin #0: (Global) BEC : This server will restart in 5 minutes
﻿11:59:00 : RCon admin #0: (Global) BEC : This server will restart in 1 minute, Log out now!
﻿12:00:01 : Lost Connection!
﻿12:00:01 : Closing socket & exiting!
﻿12:01:07 : Rcon client logging in
﻿12:01:07 : RCon admin #0 (127.0.0.1:51200) logged in
﻿12:33:00 : Rcon client logging in
﻿12:33:00 : RCon admin #0 (127.0.0.1:61540) logged in
﻿12:34:09 : Player #0 juandayz (190.226.95.56:2304) connected
﻿12:34:10 : Player #0 juandayz - GUID: d603844e2f77196bf616245ae360213b (unverified)
﻿12:34:10 : Verified GUID (d603844e2f77196bf616245ae360213b) of player #0 juandayz
﻿12:34:11 : Player #0 juandayz - Legacy GUID: a5aa074813dab730e26d67b8a0a0af6c
﻿12:51:47 : Player #0 juandayz (d603844e2f77196bf616245ae360213b) has been kicked by BattlEye: Client not responding
﻿13:30:23 : Rcon client logging in
﻿13:30:23 : RCon admin #0 (127.0.0.1:63881) logged in
﻿13:30:49 : Player #0 juandayz (190.226.95.56:2304) connected
﻿13:30:51 : Player #0 juandayz - GUID: d603844e2f77196bf616245ae360213b (unverified)
﻿13:30:51 : Player #0 juandayz - Legacy GUID: a5aa074813dab730e26d67b8a0a0af6c
﻿13:30:51 : Verified GUID (d603844e2f77196bf616245ae360213b) of player #0 juandayz
﻿13:30:56 : Player #0 juandayz disconnected
﻿13:33:46 : Player #0 juandayz (190.226.95.56:2304) connected
﻿13:33:47 : Player #0 juandayz - GUID: d603844e2f77196bf616245ae360213b (unverified)
﻿13:33:48 : Verified GUID (d603844e2f77196bf616245ae360213b) of player #0 juandayz
﻿13:33:48 : Player #0 juandayz - Legacy GUID: a5aa074813dab730e26d67b8a0a0af6c
﻿13:47:11 : Rcon client logging in
﻿13:47:11 : RCon admin #0 (127.0.0.1:63883) logged in
﻿14:32:25 : Player #0 sRulo (190.220.167.223:2304) connected
﻿14:32:28 : Player #0 sRulo - GUID: 60d55c3e00228c1b597f4d7debdbd1f2 (unverified)
﻿14:32:28 : Verified GUID (60d55c3e00228c1b597f4d7debdbd1f2) of player #0 sRulo
﻿14:32:29 : Player #0 sRulo - Legacy GUID: 7b3a366f20f83ed0340255c2fe5fcb81
﻿14:45:00 : RCon admin #0: (Global) BEC : This server will restart in 15 minutes
﻿14:55:00 : RCon admin #0: (Global) BEC : This server will restart in 5 minutes
﻿14:56:32 : Player #0 sRulo disconnected
﻿14:59:00 : RCon admin #0: (Global) BEC : This server will restart in 1 minute, Log out now!
﻿15:00:02 : Lost Connection!
﻿15:00:02 : Closing socket & exiting!
﻿15:01:15 : Rcon client logging in
﻿15:01:15 : RCon admin #0 (127.0.0.1:55764) logged in
﻿15:17:23 : Player #0 sRulo (190.220.167.223:2304) connected
﻿15:17:26 : Player #0 sRulo - GUID: 60d55c3e00228c1b597f4d7debdbd1f2 (unverified)
﻿15:17:26 : Verified GUID (60d55c3e00228c1b597f4d7debdbd1f2) of player #0 sRulo
﻿15:17:27 : Player #0 sRulo - Legacy GUID: 7b3a366f20f83ed0340255c2fe5fcb81
﻿15:17:40 : Player #1 galle (186.128.54.79:10747) connected
﻿15:17:41 : Player #1 galle - GUID: 627f419ef44cbe111b1db01473d750e1 (unverified)
﻿15:17:42 : Player #1 galle - Legacy GUID: accd0093faa6cb12f25643b3ba86bfc2
﻿15:17:42 : Verified GUID (627f419ef44cbe111b1db01473d750e1) of player #1 galle
﻿15:30:16 : Player #1 galle disconnected
﻿15:46:28 : Player #1 galle (186.128.54.79:12666) connected
﻿15:46:30 : Player #1 galle - GUID: 627f419ef44cbe111b1db01473d750e1 (unverified)
﻿15:46:30 : Player #1 galle - Legacy GUID: accd0093faa6cb12f25643b3ba86bfc2
﻿15:46:31 : Verified GUID (627f419ef44cbe111b1db01473d750e1) of player #1 galle
﻿16:02:37 : Player #0 sRulo disconnected
﻿16:02:45 : Player #0 Maximo (200.127.228.94:2304) connected
﻿16:02:46 : Player #0 Maximo - GUID: b28621363083db575f9dd6272b784d26 (unverified)
﻿16:02:47 : Verified GUID (b28621363083db575f9dd6272b784d26) of player #0 Maximo
﻿16:02:47 : Player #0 Maximo - Legacy GUID: f493384dda0ef5d77d1ba851820e9965
﻿16:02:51 : Player #0 Maximo disconnected
﻿16:17:18 : RCon admin #1 (179.24.182.154:60499) logged in
﻿16:17:44 : RCon admin #2 (179.24.182.154:56633) logged in
﻿16:28:57 : Player #1 galle disconnected
﻿16:33:52 : RCon admin #1 (127.0.0.1:49263) logged in
﻿17:08:00 : Player #0 edgar (189.194.23.186:2304) connected
﻿17:08:01 : Player #0 edgar - GUID: f437a82e55f1e066995fbf75e961723e (unverified)
﻿17:08:01 : Verified GUID (f437a82e55f1e066995fbf75e961723e) of player #0 edgar
﻿17:08:02 : Player #0 edgar - Legacy GUID: 34a707cdfc6309ba56617169fdf6b2d9
﻿17:08:30 : Player #1 Alan (190.225.10.83:2304) connected
﻿17:08:31 : Player #1 Alan - GUID: 0f58f0f7cbcc27bdd669ddb2ba67dec1 (unverified)
﻿17:08:31 : Verified GUID (0f58f0f7cbcc27bdd669ddb2ba67dec1) of player #1 Alan
﻿17:08:32 : Player #1 Alan - Legacy GUID: e4693e16704daa1c5c15a058786df292
﻿17:17:51 : RCon admin #2 (179.24.182.154:55564) logged in
﻿17:23:18 : Player #1 Alan disconnected
﻿17:33:14 : Player #0 edgar disconnected
﻿17:39:26 : Player #0 Totoasd (190.190.107.90:2304) connected
﻿17:39:28 : Player #0 Totoasd - GUID: 7a51fa2e7de439e4cacdb83c08cdabab (unverified)
﻿17:39:28 : Verified GUID (7a51fa2e7de439e4cacdb83c08cdabab) of player #0 Totoasd
﻿17:39:29 : Player #0 Totoasd - Legacy GUID: b69609a893669d87ed97c35ff833edf5
﻿17:42:00 : Player #0 Totoasd - Legacy GUID: b69609a893669d87ed97c35ff833edf5
﻿17:45:00 : RCon admin #0: (Global) BEC : This server will restart in 15 minutes
﻿17:47:45 : Player #1 BrianNN (190.57.235.185:2304) connected
﻿17:47:46 : Player #1 BrianNN - GUID: 69b870ba0fd64f0b1a9c613c5df798db (unverified)
﻿17:47:47 : Player #1 BrianNN - Legacy GUID: 657d8dae1ae441b8aadfab45dda4d3f8
﻿17:47:47 : Verified GUID (69b870ba0fd64f0b1a9c613c5df798db) of player #1 BrianNN
﻿17:48:18 : Player #2 galle (186.128.54.79:14809) connected
﻿17:48:20 : Player #2 galle - GUID: 627f419ef44cbe111b1db01473d750e1 (unverified)
﻿17:48:20 : Player #2 galle - Legacy GUID: accd0093faa6cb12f25643b3ba86bfc2
﻿17:48:21 : Verified GUID (627f419ef44cbe111b1db01473d750e1) of player #2 galle
﻿17:50:52 : Player #3 Loly (186.183.44.159:2304) connected
﻿17:50:53 : Player #3 Loly - GUID: d54c56b3fbf6cf811669c09204356e51 (unverified)
﻿17:50:54 : Verified GUID (d54c56b3fbf6cf811669c09204356e51) of player #3 Loly
﻿17:50:54 : Player #3 Loly - Legacy GUID: 103cf7cba156b13401d8aede66d3fcc1
﻿17:50:55 : Player #3 Loly disconnected
﻿17:50:58 : Player #1 BrianNN disconnected
﻿17:52:17 : Player #1 Loly (186.183.44.159:2304) connected
﻿17:52:18 : Player #1 Loly - GUID: d54c56b3fbf6cf811669c09204356e51 (unverified)
﻿17:52:18 : Verified GUID (d54c56b3fbf6cf811669c09204356e51) of player #1 Loly
﻿17:52:19 : Player #1 Loly disconnected
﻿17:55:00 : RCon admin #0: (Global) BEC : This server will restart in 5 minutes
﻿17:59:00 : RCon admin #0: (Global) BEC : This server will restart in 1 minute, Log out now!
﻿18:00:01 : Lost Connection!
﻿18:00:01 : Closing socket & exiting!
﻿18:01:15 : Rcon client logging in
﻿18:01:15 : RCon admin #2 (127.0.0.1:60594) logged in
﻿18:11:22 : Player #0 Totoasd (190.190.107.90:2304) connected
﻿18:11:23 : Player #0 Totoasd - GUID: 7a51fa2e7de439e4cacdb83c08cdabab (unverified)
﻿18:11:23 : Verified GUID (7a51fa2e7de439e4cacdb83c08cdabab) of player #0 Totoasd
﻿18:11:23 : Player #0 Totoasd - Legacy GUID: b69609a893669d87ed97c35ff833edf5
﻿18:16:54 : Player #1 galle (186.128.54.79:15881) connected
﻿18:16:55 : Player #1 galle - GUID: 627f419ef44cbe111b1db01473d750e1 (unverified)
﻿18:16:55 : Verified GUID (627f419ef44cbe111b1db01473d750e1) of player #1 galle
﻿18:16:56 : Player #1 galle - Legacy GUID: accd0093faa6cb12f25643b3ba86bfc2
﻿18:21:16 : Player #1 galle disconnected
﻿18:27:42 : Player #1 Alan (190.225.10.83:2304) connected
﻿18:27:43 : Player #1 Alan - GUID: 0f58f0f7cbcc27bdd669ddb2ba67dec1 (unverified)
﻿18:27:43 : Verified GUID (0f58f0f7cbcc27bdd669ddb2ba67dec1) of player #1 Alan
﻿18:27:44 : Player #1 Alan - Legacy GUID: e4693e16704daa1c5c15a058786df292
﻿18:27:57 : Player #1 Alan disconnected
﻿18:39:17 : Player #0 Totoasd disconnected
﻿18:45:46 : Player #0 GusTavoR- (186.251.248.161:2304) connected
﻿18:45:48 : Player #0 GusTavoR- - GUID: b8520fb4a4f1b56fe3865af38dc10f60 (unverified)
﻿18:45:50 : Verified GUID (b8520fb4a4f1b56fe3865af38dc10f60) of player #0 GusTavoR-
﻿18:45:50 : Player #0 GusTavoR- - Legacy GUID: 1d61591943cbc4de3b297aca6c5eba66
﻿18:46:13 : Player #1 TaLLeS- (191.5.28.60:40803) connected
﻿18:46:16 : Player #1 TaLLeS- - GUID: 0e821407074ee85459af514349fec22f (unverified)
﻿18:46:18 : Player #1 TaLLeS- - Legacy GUID: cae9b566f1adabfc708e7ca3637a029c
﻿18:46:18 : Verified GUID (0e821407074ee85459af514349fec22f) of player #1 TaLLeS-
﻿18:49:17 : Player #2 Alan (190.225.10.83:2304) connected
﻿18:49:18 : Player #2 Alan - GUID: 0f58f0f7cbcc27bdd669ddb2ba67dec1 (unverified)
﻿18:49:19 : Verified GUID (0f58f0f7cbcc27bdd669ddb2ba67dec1) of player #2 Alan
﻿18:49:19 : Player #2 Alan - Legacy GUID: e4693e16704daa1c5c15a058786df292
﻿18:49:27 : Player #2 Alan disconnected
﻿18:51:30 : RCon admin #2: (To GusTavoR-) BEC : You have about 60 seconds left to join the mission.
﻿18:52:01 : RCon admin #2: (To GusTavoR-) BEC : You have about 30 seconds left to join the mission.
﻿18:52:15 : RCon admin #2: (To GusTavoR-) BEC : You have about 15 seconds left to join the mission.
﻿18:52:30 : Player #0 GusTavoR- (b8520fb4a4f1b56fe3865af38dc10f60) has been kicked by BattlEye: Admin Kick (BEC : Lobby idling to long)
﻿18:52:35 : Player #0 GusTavoR- (186.251.248.161:2304) connected
﻿18:52:37 : Player #0 GusTavoR- - GUID: b8520fb4a4f1b56fe3865af38dc10f60 (unverified)
﻿18:52:37 : Player #0 GusTavoR- - Legacy GUID: 1d61591943cbc4de3b297aca6c5eba66
﻿18:52:38 : Verified GUID (b8520fb4a4f1b56fe3865af38dc10f60) of player #0 GusTavoR-
﻿20:25:10 : RCon admin #3 (186.48.120.188:65532) logged in
﻿20:27:06 : Player #2 JF (190.185.192.18:26512) connected
﻿20:27:07 : Player #2 JF - GUID: 93a2a9d9bc7acb34122becec3305fde7 (unverified)
﻿20:27:07 : Verified GUID (93a2a9d9bc7acb34122becec3305fde7) of player #2 JF
﻿20:27:08 : Player #2 JF - Legacy GUID: 1e3460faa1452299ec3b5f220fe797e0
﻿20:27:11 : Player #2 JF disconnected
﻿20:28:37 : Player #2 Totoasd (190.190.107.90:2304) connected
﻿20:28:39 : Player #2 Totoasd - GUID: 7a51fa2e7de439e4cacdb83c08cdabab (unverified)
﻿20:28:39 : Player #2 Totoasd - Legacy GUID: b69609a893669d87ed97c35ff833edf5
﻿20:28:40 : Verified GUID (7a51fa2e7de439e4cacdb83c08cdabab) of player #2 Totoasd
﻿20:31:58 : Player #3 JF (190.185.192.18:26512) connected
﻿20:31:59 : Player #3 JF - GUID: 93a2a9d9bc7acb34122becec3305fde7 (unverified)
﻿20:31:59 : Verified GUID (93a2a9d9bc7acb34122becec3305fde7) of player #3 JF
﻿20:32:00 : Player #3 JF - Legacy GUID: 1e3460faa1452299ec3b5f220fe797e0
﻿20:38:36 : Player #4 Angel (186.19.196.41:2304) connected
﻿20:38:37 : Player #4 Angel - GUID: e72348eab8415f111e53b95999610a1f (unverified)
﻿20:38:38 : Verified GUID (e72348eab8415f111e53b95999610a1f) of player #4 Angel
﻿20:38:38 : Player #4 Angel - Legacy GUID: 96f4d4f50da0ee9d8b8504f7d6d133b6
﻿20:45:00 : RCon admin #2: (Global) BEC : This server will restart in 15 minutes
﻿20:54:31 : Player #4 Angel disconnected
﻿20:55:00 : RCon admin #2: (Global) BEC : This server will restart in 5 minutes
﻿20:56:47 : Player #0 GusTavoR- disconnected
﻿20:59:00 : RCon admin #2: (Global) BEC : Server restart in 1 minute, Log out NOW!
﻿20:59:21 : Player #2 Totoasd disconnected
﻿21:00:01 : Lost Connection!
﻿21:00:01 : Closing socket & exiting!
﻿21:01:15 : Rcon client logging in
﻿21:01:15 : RCon admin #2 (127.0.0.1:64864) logged in
﻿21:01:58 : Player #0 JF (190.185.192.18:26512) connected
﻿21:02:00 : Player #0 JF - GUID: 93a2a9d9bc7acb34122becec3305fde7 (unverified)
﻿21:02:00 : Verified GUID (93a2a9d9bc7acb34122becec3305fde7) of player #0 JF
﻿21:02:01 : Player #0 JF - Legacy GUID: 1e3460faa1452299ec3b5f220fe797e0
﻿21:02:05 : Player #1 BrianNN (190.57.235.185:2304) connected
﻿21:02:06 : Player #1 BrianNN - GUID: 69b870ba0fd64f0b1a9c613c5df798db (unverified)
﻿21:02:07 : Player #1 BrianNN - Legacy GUID: 657d8dae1ae441b8aadfab45dda4d3f8
﻿21:02:07 : Verified GUID (69b870ba0fd64f0b1a9c613c5df798db) of player #1 BrianNN
﻿21:02:09 : Player #1 BrianNN disconnected
﻿21:04:59 : Player #1 reconnect (181.31.146.206:2304) connected
﻿21:05:00 : Player #1 reconnect - GUID: bce9001abea802948b7f28a9f2de533e (unverified)
﻿21:05:00 : Verified GUID (bce9001abea802948b7f28a9f2de533e) of player #1 reconnect
﻿21:05:01 : Player #1 reconnect - Legacy GUID: 30e1b7957008270cda72e13e47f13b54
﻿21:05:47 : Player #2 Totoasd (190.190.107.90:2304) connected
﻿21:05:51 : Player #2 Totoasd - GUID: 7a51fa2e7de439e4cacdb83c08cdabab (unverified)
﻿21:05:51 : Player #2 Totoasd - Legacy GUID: b69609a893669d87ed97c35ff833edf5
﻿21:05:51 : Verified GUID (7a51fa2e7de439e4cacdb83c08cdabab) of player #2 Totoasd
﻿21:18:32 : Player #3 TaLLeS- (191.5.28.60:48157) connected
﻿21:18:35 : Player #3 TaLLeS- - GUID: 0e821407074ee85459af514349fec22f (unverified)
﻿21:18:36 : Player #3 TaLLeS- - Legacy GUID: cae9b566f1adabfc708e7ca3637a029c
﻿21:18:37 : Verified GUID (0e821407074ee85459af514349fec22f) of player #3 TaLLeS-
﻿21:24:18 : RCon admin #2: (To TaLLeS-) BEC : You have about 60 seconds left to join the mission.
﻿21:24:49 : RCon admin #2: (To TaLLeS-) BEC : You have about 30 seconds left to join the mission.
﻿21:25:03 : RCon admin #2: (To TaLLeS-) BEC : You have about 15 seconds left to join the mission.
﻿21:25:18 : Player #3 TaLLeS- (0e821407074ee85459af514349fec22f) has been kicked by BattlEye: Admin Kick (BEC : Lobby idling to long)
﻿21:29:03 : Player #3 TaLLeS- (191.5.28.60:49915) connected
﻿21:29:06 : Player #3 TaLLeS- - GUID: 0e821407074ee85459af514349fec22f (unverified)
﻿21:29:07 : Player #3 TaLLeS- - Legacy GUID: cae9b566f1adabfc708e7ca3637a029c
﻿21:29:09 : Verified GUID (0e821407074ee85459af514349fec22f) of player #3 TaLLeS-
﻿21:53:36 : Player #4 GusTavoR- (186.251.248.161:2304) connected
﻿21:53:38 : Player #4 GusTavoR- - GUID: b8520fb4a4f1b56fe3865af38dc10f60 (unverified)
﻿21:53:39 : Player #4 GusTavoR- - Legacy GUID: 1d61591943cbc4de3b297aca6c5eba66
﻿21:53:39 : Verified GUID (b8520fb4a4f1b56fe3865af38dc10f60) of player #4 GusTavoR-
﻿21:56:35 : Player #5 Alan (190.225.10.83:2304) connected
﻿21:56:37 : Player #5 Alan - GUID: 0f58f0f7cbcc27bdd669ddb2ba67dec1 (unverified)
﻿21:56:37 : Verified GUID (0f58f0f7cbcc27bdd669ddb2ba67dec1) of player #5 Alan
﻿21:56:37 : Player #5 Alan - Legacy GUID: e4693e16704daa1c5c15a058786df292
﻿21:56:38 : Player #5 Alan disconnected
﻿21:57:15 : Player #5 Alan (190.225.10.83:2304) connected
﻿21:57:16 : Player #5 Alan - GUID: 0f58f0f7cbcc27bdd669ddb2ba67dec1 (unverified)
﻿21:57:16 : Verified GUID (0f58f0f7cbcc27bdd669ddb2ba67dec1) of player #5 Alan
﻿21:57:17 : Player #5 Alan - Legacy GUID: e4693e16704daa1c5c15a058786df292
﻿21:57:18 : Player #5 Alan disconnected
﻿21:59:53 : Player #5 Alan (190.225.10.83:2304) connected
﻿21:59:54 : Player #5 Alan - GUID: 0f58f0f7cbcc27bdd669ddb2ba67dec1 (unverified)
﻿21:59:54 : Verified GUID (0f58f0f7cbcc27bdd669ddb2ba67dec1) of player #5 Alan
﻿21:59:55 : Player #5 Alan - Legacy GUID: e4693e16704daa1c5c15a058786df292
﻿22:00:08 : Player #6 Ivan (190.137.134.35:2304) connected
﻿22:00:10 : Player #6 Ivan - GUID: 49dc619c3c0601b71fe2e4085a7e3d9d (unverified)
﻿22:00:10 : Verified GUID (49dc619c3c0601b71fe2e4085a7e3d9d) of player #6 Ivan
﻿22:00:11 : Player #6 Ivan - Legacy GUID: 4b4daf3a8a09f39c8698e527aff3ed31
﻿22:03:25 : RCon admin #1 (186.48.120.188:59578) logged in
﻿22:05:51 : RCon admin #2: (To Ivan) BEC : You have about 60 seconds left to join the mission.
﻿22:06:23 : RCon admin #2: (To Ivan) BEC : You have about 30 seconds left to join the mission.
﻿22:06:37 : RCon admin #2: (To Ivan) BEC : You have about 15 seconds left to join the mission.
﻿22:06:51 : Player #6 Ivan (49dc619c3c0601b71fe2e4085a7e3d9d) has been kicked by BattlEye: Admin Kick (BEC : Lobby idling to long)
﻿22:07:01 : Player #6 Ivan (190.137.134.35:2304) connected
﻿22:07:02 : Player #6 Ivan - GUID: 49dc619c3c0601b71fe2e4085a7e3d9d (unverified)
﻿22:07:03 : Verified GUID (49dc619c3c0601b71fe2e4085a7e3d9d) of player #6 Ivan
﻿22:07:03 : Player #6 Ivan - Legacy GUID: 4b4daf3a8a09f39c8698e527aff3ed31
﻿22:09:41 : Player #7 sRulo (190.220.167.223:2304) connected
﻿22:09:43 : Player #7 sRulo - GUID: 60d55c3e00228c1b597f4d7debdbd1f2 (unverified)
﻿22:09:43 : Player #7 sRulo - Legacy GUID: 7b3a366f20f83ed0340255c2fe5fcb81
﻿22:09:43 : Verified GUID (60d55c3e00228c1b597f4d7debdbd1f2) of player #7 sRulo
﻿22:22:25 : Player #8 Chopper (186.38.88.2:24273) connected
﻿22:22:26 : Player #8 Chopper - GUID: 5423db7686cdd460a18f4ac6f217c625 (unverified)
﻿22:22:27 : Verified GUID (5423db7686cdd460a18f4ac6f217c625) of player #8 Chopper
﻿22:22:27 : Player #8 Chopper - Legacy GUID: b1316aba14737ee00c1ce9230f461de9
﻿22:32:59 : RCon admin #1: (Global) [ChukyN] Q paso muchachos?
﻿22:33:02 : RCon admin #1: (Global) [ChukyN] porque me invocan
﻿22:33:05 : RCon admin #1: (Global) [ChukyN] a esta hora
﻿22:33:16 : RCon admin #1: (Global) [ChukyN] que estoy con mi tan preciado map
﻿22:33:21 : RCon admin #1: (Global) [ChukyN] que paso reco?
﻿22:34:55 : RCon admin #1: (Global) [ChukyN] Bueno, empezemos por no faltarnos el respeto por favor
﻿22:35:23 : RCon admin #1: (Global) [ChukyN] Quienes eran del chopper?
﻿22:36:07 : RCon admin #1: (Global) [ChukyN] Reco metete al ts
﻿22:36:39 : Player #9 LarzuK (186.56.20.108:2304) connected
﻿22:36:41 : Player #9 LarzuK - GUID: 830c029a6ec69a6e0563b0638ebe72b9 (unverified)
﻿22:36:42 : Player #9 LarzuK - Legacy GUID: 36a4a2b1fb2e23467aba15c0a1207080
﻿22:36:49 : Verified GUID (830c029a6ec69a6e0563b0638ebe72b9) of player #9 LarzuK
﻿22:37:15 : RCon admin #1: (Global) [ChukyN] Entra reco que quierro hablar dos cositas
﻿22:37:34 : RCon admin #1: (Global) [ChukyN] ts5.freets3.net:10113
﻿22:37:38 : RCon admin #0: (To Chopper) [adm#2] Bienvenido!
﻿22:38:24 : RCon admin #1: (Global) [ChukyN] Reco, enserio, deja de faltar el respeto
﻿22:38:59 : RCon admin #1: (Global) [ChukyN] Bueno guardatela para vos
﻿22:39:04 : RCon admin #1: (Global) [ChukyN] No la compartas si pensas asi
﻿22:39:07 : RCon admin #1: (Global) [ChukyN] En este server
﻿22:39:32 : Player #9 LarzuK disconnected
﻿22:41:28 : No Valid response. Trying to reconnect.!
﻿22:41:28 : Rcon client logging in
﻿22:42:13 : No Valid response. Trying to reconnect.!
﻿22:42:13 : Rcon client logging in
﻿22:42:13 : RCon admin #0 (127.0.0.1:64864) logged in
﻿22:42:27 : Player #2 Totoasd (7a51fa2e7de439e4cacdb83c08cdabab) has been kicked by BattlEye: Client not responding
﻿22:42:27 : Player #3 TaLLeS- (0e821407074ee85459af514349fec22f) has been kicked by BattlEye: Client not responding
﻿22:42:27 : Player #4 GusTavoR- (b8520fb4a4f1b56fe3865af38dc10f60) has been kicked by BattlEye: Client not responding
﻿22:42:27 : Player #6 Ivan (49dc619c3c0601b71fe2e4085a7e3d9d) has been kicked by BattlEye: Client not responding
﻿22:42:27 : Player #7 sRulo (60d55c3e00228c1b597f4d7debdbd1f2) has been kicked by BattlEye: Client not responding
﻿22:42:27 : Player #8 Chopper (5423db7686cdd460a18f4ac6f217c625) has been kicked by BattlEye: Client not responding
﻿22:42:27 : Player #1 reconnect disconnected
﻿22:42:27 : Player #5 Alan disconnected
﻿22:43:36 : Player #0 JF (190.185.192.18:26512) connected
﻿22:43:38 : Player #0 JF - GUID: 93a2a9d9bc7acb34122becec3305fde7 (unverified)
﻿22:43:38 : Verified GUID (93a2a9d9bc7acb34122becec3305fde7) of player #0 JF
﻿22:43:39 : Player #0 JF - Legacy GUID: 1e3460faa1452299ec3b5f220fe797e0
﻿22:43:50 : Player #1 sRulo (190.220.167.223:2304) connected
﻿22:43:51 : Player #1 sRulo - GUID: 60d55c3e00228c1b597f4d7debdbd1f2 (unverified)
﻿22:43:52 : Player #1 sRulo - Legacy GUID: 7b3a366f20f83ed0340255c2fe5fcb81
﻿22:43:52 : Verified GUID (60d55c3e00228c1b597f4d7debdbd1f2) of player #1 sRulo
﻿22:44:05 : Player #2 LarzuK (186.56.20.108:2304) connected
﻿22:44:06 : Player #2 LarzuK - GUID: 830c029a6ec69a6e0563b0638ebe72b9 (unverified)
﻿22:44:07 : Player #2 LarzuK - Legacy GUID: 36a4a2b1fb2e23467aba15c0a1207080
﻿22:44:49 : Player #3 GusTavoR- (186.251.248.161:2304) connected
﻿22:44:52 : Player #3 GusTavoR- - GUID: b8520fb4a4f1b56fe3865af38dc10f60 (unverified)
﻿22:44:53 : Player #3 GusTavoR- - Legacy GUID: 1d61591943cbc4de3b297aca6c5eba66
﻿22:44:54 : Player #4 TaLLeS- (191.5.28.60:53991) connected
﻿22:44:58 : Player #4 TaLLeS- - GUID: 0e821407074ee85459af514349fec22f (unverified)
﻿22:44:58 : Player #4 TaLLeS- - Legacy GUID: cae9b566f1adabfc708e7ca3637a029c
﻿22:45:05 : Verified GUID (830c029a6ec69a6e0563b0638ebe72b9) of player #2 LarzuK
﻿22:45:05 : Verified GUID (b8520fb4a4f1b56fe3865af38dc10f60) of player #3 GusTavoR-
﻿22:45:05 : Verified GUID (0e821407074ee85459af514349fec22f) of player #4 TaLLeS-
﻿22:45:06 : RCon admin #2 (186.48.120.188:63420) logged in
﻿22:46:18 : Player #5 Alan (190.225.10.83:2304) connected
﻿22:46:19 : Player #5 Alan - GUID: 0f58f0f7cbcc27bdd669ddb2ba67dec1 (unverified)
﻿22:46:20 : Verified GUID (0f58f0f7cbcc27bdd669ddb2ba67dec1) of player #5 Alan
﻿22:46:20 : Player #5 Alan - Legacy GUID: e4693e16704daa1c5c15a058786df292
﻿22:47:26 : Player #2 LarzuK (830c029a6ec69a6e0563b0638ebe72b9) has been kicked by BattlEye: Client not responding
﻿22:48:24 : Player #2 LarzuK (186.56.20.108:2304) connected
﻿22:48:25 : Player #2 LarzuK - GUID: 830c029a6ec69a6e0563b0638ebe72b9 (unverified)
﻿22:48:26 : Player #2 LarzuK - Legacy GUID: 36a4a2b1fb2e23467aba15c0a1207080
﻿22:48:27 : Verified GUID (830c029a6ec69a6e0563b0638ebe72b9) of player #2 LarzuK
﻿22:48:31 : Player #2 LarzuK disconnected
﻿22:49:39 : RCon admin #2: (Global) [ChukyN] TaLLes, GustavoR. Primera y ultima advertencia, Vuelven a atacar en la zona del trader o disparar a vehiculos y se comen Ban. Fisrt and unique warning, If u shot again in the safezone, players or vehicles u gonna get ban.
﻿22:50:33 : Player #3 GusTavoR- disconnected
﻿22:50:42 : Player #2 GusTavoR- (186.251.248.161:2304) connected
﻿22:50:43 : Player #3 adm#2 (190.226.95.56:2304) connected
﻿22:50:44 : Player #3 adm#2 - GUID: d603844e2f77196bf616245ae360213b (unverified)
﻿22:50:44 : Player #2 GusTavoR- - GUID: b8520fb4a4f1b56fe3865af38dc10f60 (unverified)
﻿22:50:44 : Verified GUID (d603844e2f77196bf616245ae360213b) of player #3 adm#2
﻿22:50:45 : Player #2 GusTavoR- - Legacy GUID: 1d61591943cbc4de3b297aca6c5eba66
﻿22:50:45 : Player #3 adm#2 - Legacy GUID: a5aa074813dab730e26d67b8a0a0af6c
﻿22:50:46 : Verified GUID (b8520fb4a4f1b56fe3865af38dc10f60) of player #2 GusTavoR-
﻿22:50:57 : RCon admin #2: (Global) [ChukyN] Lo aceptaron en el chat, ustedes mismos, Urself accepted in the chat that u attacked the safezone
﻿22:51:43 : RCon admin #2: (Global) [ChukyN] Mejor asi, Better that way
﻿22:52:03 : Player #6 LarzuK (186.56.20.108:2304) connected
﻿22:52:04 : Player #6 LarzuK - GUID: 830c029a6ec69a6e0563b0638ebe72b9 (unverified)
﻿22:52:06 : Player #6 LarzuK - Legacy GUID: 36a4a2b1fb2e23467aba15c0a1207080
﻿22:52:09 : Verified GUID (830c029a6ec69a6e0563b0638ebe72b9) of player #6 LarzuK
﻿22:52:35 : RCon admin #2: (Global) [ChukyN] Que perdiste Alan?
﻿22:52:47 : RCon admin #2: (Global) [ChukyN] Ahi esta el otro admin
﻿22:52:51 : RCon admin #2: (Global) [ChukyN] Habla con el
﻿22:55:33 : RCon admin #2: (Global) [ChukyN] Hay un ts para eso
﻿22:55:34 : RCon admin #2: (Global) [ChukyN] ts5.freets3.net:10113
﻿22:58:00 : Player #7 Ivan (190.137.134.35:2304) connected
﻿22:58:03 : Player #7 Ivan - GUID: 49dc619c3c0601b71fe2e4085a7e3d9d (unverified)
﻿22:58:03 : Verified GUID (49dc619c3c0601b71fe2e4085a7e3d9d) of player #7 Ivan
﻿22:58:04 : Player #7 Ivan - Legacy GUID: 4b4daf3a8a09f39c8698e527aff3ed31
﻿22:58:47 : RCon admin #2: (Global) [ChukyN] Quien es larzuk
﻿22:59:25 : RCon admin #2: (Global) [ChukyN] Movete a mi ts Larzuk
﻿23:03:44 : Player #0 JF disconnected
﻿23:03:45 : RCon admin #0: (To Ivan) BEC : You have about 60 seconds left to join the mission.
﻿23:04:16 : RCon admin #0: (To Ivan) BEC : You have about 30 seconds left to join the mission.
﻿23:04:30 : RCon admin #0: (To Ivan) BEC : You have about 15 seconds left to join the mission.
﻿23:04:45 : Player #7 Ivan (49dc619c3c0601b71fe2e4085a7e3d9d) has been kicked by BattlEye: Admin Kick (BEC : Lobby idling to long)
﻿23:04:54 : Player #0 JF (190.185.192.18:26512) connected
﻿23:04:56 : Player #0 JF - GUID: 93a2a9d9bc7acb34122becec3305fde7 (unverified)
﻿23:04:56 : Player #0 JF - Legacy GUID: 1e3460faa1452299ec3b5f220fe797e0
﻿23:04:56 : Verified GUID (93a2a9d9bc7acb34122becec3305fde7) of player #0 JF
﻿23:05:29 : Player #7 Ivan (190.137.134.35:2304) connected
﻿23:05:31 : Player #7 Ivan - GUID: 49dc619c3c0601b71fe2e4085a7e3d9d (unverified)
﻿23:05:31 : Verified GUID (49dc619c3c0601b71fe2e4085a7e3d9d) of player #7 Ivan
﻿23:05:32 : Player #7 Ivan - Legacy GUID: 4b4daf3a8a09f39c8698e527aff3ed31
﻿23:11:16 : RCon admin #2: (To Alan) [ChukyN] Alan mira que ese blindado solo aguanta balas de bajo calibre, no te penses que es un tanque, contesta por directo no mas que yo veo TODO
﻿23:12:20 : RCon admin #2: (Global) [ChukyN] Hay minas en las misiones..
﻿23:12:33 : RCon admin #2: (Global) [ChukyN] Si te acercas con un vehiculo boom
﻿23:12:41 : RCon admin #2: (Global) [ChukyN] Son de las minas malas,
﻿23:12:50 : RCon admin #2: (Global) [ChukyN] esas que te hacen volar la cabeza
﻿23:12:53 : RCon admin #2: (Global) [ChukyN] literalmente
﻿23:13:24 : RCon admin #2: (Global) [ChukyN] Y en las misiones rojas tienen launchers los bots asi que ojo con acercarse con vehiculos-choppers
﻿23:16:40 : Player #8 CptPrice (186.49.219.32:2304) connected
﻿23:16:41 : Player #8 CptPrice - GUID: dad8a88f476920602e0ba8a3ec2233f0 (unverified)
﻿23:16:41 : Verified GUID (dad8a88f476920602e0ba8a3ec2233f0) of player #8 CptPrice
﻿23:16:42 : Player #8 CptPrice - Legacy GUID: 323a7f4bd8042e48a12960b923bdf4f4
﻿23:19:51 : RCon admin #2: (Global) [ChukyN] COD Player :infinitedesprice:
﻿23:23:00 : RCon admin #2: (Global) [ChukyN] Te voy a sacar a cazar conmigo Ivan y te voy a dejar en el medio de la nada con un rifle con 3 balas a ver si sos tan survival. 
﻿23:23:41 : RCon admin #2: (Global) [ChukyN] Vegetariano?
﻿23:23:49 : RCon admin #2: (Global) [ChukyN] WTF! ya te baneo
﻿23:23:51 : RCon admin #2: (Global) [ChukyN] De por vida
﻿23:23:58 : RCon admin #2: (Global) [ChukyN] Como podes decirle no a la carne
﻿23:24:01 : RCon admin #2: (Global) [ChukyN] HDP!!
﻿23:25:53 : RCon admin #2: (Global) [ChukyN] Hdp yo me hago 60 km para conseguir buena carne una vez a la semana
﻿23:28:22 : RCon admin #2: (Global) [ChukyN] Si voy en auto, pero cada 15 dias salimos a cazar normalmente, esta de peste el jabali
﻿23:30:01 : RCon admin #2: (Global) [ChukyN] Yo vivo en Young, Rio Negro, buscalo en google maps, estoy rodeado de areas agricolas, literalmente, para todos lados es campo y mas campo, hasta te pagan por cazar los chanchos asi no destruyen los cultivos, nosotros lo hacemos por deporte igual, y la carne obvio que no desperdiciamos
﻿23:31:12 : RCon admin #2: (Global) [ChukyN] Si yo uruguayo vos tmb
﻿23:31:56 : RCon admin #2: (Global) [ChukyN] Me acuerdo tuyo del server de Juan
﻿23:32:25 : RCon admin #2: (Global) [ChukyN] Si nose cual, pero me acuerdo tuyo, no te habiamos baneado?
﻿23:32:58 : RCon admin #2: (Global) [ChukyN] ahi va
﻿23:36:36 : Player #9 Crazy Jhon (187.34.174.3:2304) connected
﻿23:36:37 : Player #9 Crazy Jhon - GUID: 050ac1cd80c9b21994baa1ac972d585b (unverified)
﻿23:36:37 : Verified GUID (050ac1cd80c9b21994baa1ac972d585b) of player #9 Crazy Jhon
﻿23:36:38 : Player #9 Crazy Jhon - Legacy GUID: 9ff6a7b6e716af5b36adb1c540f0d5d4
﻿23:36:40 : Player #9 Crazy Jhon disconnected
﻿23:37:33 : RCon admin #2: (Global) [ChukyN] Rulo Ivan, no se hagan los old school, payasos :P
﻿23:38:19 : RCon admin #2: (Global) [ChukyN] hay algunas cosas que podes hacer
﻿23:38:30 : RCon admin #2: (Global) [ChukyN] entendes ingles?
﻿23:39:06 : RCon admin #2: (Global) [ChukyN] yo seguia una guia en ingles cuando tenia la otra pc que me subio un poco los fps
﻿23:39:15 : Player #3 adm#2 disconnected
﻿23:39:46 : RCon admin #2: (Global) [ChukyN] entonces tocaste algo
﻿23:39:50 : RCon admin #2: (Global) [ChukyN] o estas en una zone muy editada
﻿23:40:08 : RCon admin #2: (Global) [ChukyN] acordate que arma 2 es muy procesador dependiente
﻿23:40:16 : RCon admin #2: (Global) [ChukyN] trata de tener lo menos posible corriendo de fondo
﻿23:42:46 : RCon admin #2: (Global) [ChukyN] fijate en video que settings tenes
﻿23:43:30 : RCon admin #2: (Global) [ChukyN] metete al ts que te doy una mano price ts5.freets3.net:10113
﻿23:44:17 : RCon admin #2: (Global) [ChukyN] hacelo tarde o temprano lo vas a precisar si jugas aca
﻿23:44:47 : RCon admin #2: (Global) [ChukyN] ts5.freets3.net:10113
﻿23:44:59 : RCon admin #2: (Global) [ChukyN] este en el debug monitor
﻿23:45:00 : RCon admin #0: (Global) BEC : This server will restart in 15 minutes
﻿23:45:20 : RCon admin #2: (Global) [ChukyN] No yo solo salgo a cazar malandros, y jabalies XD
﻿23:45:50 : Player #8 CptPrice disconnected
﻿23:51:58 : RCon admin #2: (Global) [ChukyN] what
﻿23:52:22 : RCon admin #2: (Global) [ChukyN] esta en el debug monitor
﻿23:52:23 : RCon admin #2: (Global) [ChukyN] arriba
﻿23:52:25 : RCon admin #2: (Global) [ChukyN] la direccion
﻿23:55:00 : RCon admin #0: (Global) BEC : This server will restart in 5 minutes
﻿23:56:20 : Player #1 sRulo disconnected
﻿23:59:00 : RCon admin #0: (Global) BEC : This server will restart in 1 minute, Log out now!
﻿23:59:03 : Player #7 Ivan disconnected
﻿23:59:30 : Player #5 Alan disconnected
﻿23:59:40 : Player #1 CptPrice (186.49.219.32:2304) connected
﻿23:59:41 : Player #1 CptPrice - GUID: dad8a88f476920602e0ba8a3ec2233f0 (unverified)
﻿23:59:41 : Verified GUID (dad8a88f476920602e0ba8a3ec2233f0) of player #1 CptPrice
﻿23:59:42 : Player #1 CptPrice - Legacy GUID: 323a7f4bd8042e48a12960b923bdf4f4
