00:00:01 : Lost Connection!
﻿00:00:01 : Closing socket & exiting!
﻿00:01:15 : Rcon client logging in
﻿00:01:15 : RCon admin #1 (127.0.0.1:63570) logged in
﻿00:02:05 : Player #0 Nikyta (190.244.45.71:2304) connected
﻿00:02:06 : Player #0 Nikyta - GUID: d18bc2163de1a6abe8924f2e0788680b (unverified)
﻿00:02:06 : Verified GUID (d18bc2163de1a6abe8924f2e0788680b) of player #0 Nikyta
﻿00:02:06 : Player #0 Nikyta - Legacy GUID: d294364f535d1f02da4e01c50aaec207
﻿00:03:35 : Player #1 Cloudsp (191.19.209.176:2304) connected
﻿00:03:36 : Player #1 Cloudsp - GUID: ccadd2ade87a3896140f2e5288880114 (unverified)
﻿00:03:38 : Verified GUID (ccadd2ade87a3896140f2e5288880114) of player #1 Cloudsp
﻿00:03:38 : Player #1 Cloudsp - Legacy GUID: 2da63537ca8a0a2c2f2399fc04671995
﻿00:03:41 : Player #2 [WG] SnakeGeneral (179.187.119.155:2304) connected
﻿00:03:42 : Player #2 [WG] SnakeGeneral - GUID: 181db932e18c373dea58c91a9b7034bf (unverified)
﻿00:03:42 : Verified GUID (181db932e18c373dea58c91a9b7034bf) of player #2 [WG] SnakeGeneral
﻿00:03:43 : Player #2 [WG] SnakeGeneral - Legacy GUID: 855ed08988c3abe5e44ce3742718c692
﻿00:03:48 : Player #1 Cloudsp disconnected
﻿00:04:22 : Player #1 Cloudsp (191.19.209.176:2304) connected
﻿00:04:23 : Player #1 Cloudsp - GUID: ccadd2ade87a3896140f2e5288880114 (unverified)
﻿00:04:23 : Verified GUID (ccadd2ade87a3896140f2e5288880114) of player #1 Cloudsp
﻿00:04:24 : Player #1 Cloudsp - Legacy GUID: 2da63537ca8a0a2c2f2399fc04671995
﻿00:04:25 : Player #3 FIN4LShare (187.63.77.182:2304) connected
﻿00:04:26 : Player #3 FIN4LShare - GUID: d4cd999756c3b7742306dd967dcf9a54 (unverified)
﻿00:04:26 : Verified GUID (d4cd999756c3b7742306dd967dcf9a54) of player #3 FIN4LShare
﻿00:04:27 : Player #3 FIN4LShare - Legacy GUID: cbd67b2c90a885cb5aa8bc1280925a58
﻿00:04:32 : Player #1 Cloudsp disconnected
﻿00:04:38 : Player #3 FIN4LShare disconnected
﻿00:05:26 : Player #1 FIN4LShare (187.63.77.182:2304) connected
﻿00:05:27 : Player #1 FIN4LShare - GUID: d4cd999756c3b7742306dd967dcf9a54 (unverified)
﻿00:05:27 : Verified GUID (d4cd999756c3b7742306dd967dcf9a54) of player #1 FIN4LShare
﻿00:05:28 : Player #1 FIN4LShare - Legacy GUID: cbd67b2c90a885cb5aa8bc1280925a58
﻿00:08:31 : Player #2 [WG] SnakeGeneral disconnected
﻿00:09:44 : Player #2 [WG] SnakeGeneral (179.187.119.155:2304) connected
﻿00:09:45 : Player #2 [WG] SnakeGeneral - GUID: 181db932e18c373dea58c91a9b7034bf (unverified)
﻿00:09:45 : Verified GUID (181db932e18c373dea58c91a9b7034bf) of player #2 [WG] SnakeGeneral
﻿00:09:46 : Player #2 [WG] SnakeGeneral - Legacy GUID: 855ed08988c3abe5e44ce3742718c692
﻿00:19:02 : Player #1 FIN4LShare disconnected
﻿01:20:17 : Player #2 [WG] SnakeGeneral disconnected
﻿01:21:27 : Player #1 [WG] SnakeGeneral (179.187.119.155:2304) connected
﻿01:21:28 : Player #1 [WG] SnakeGeneral - GUID: 181db932e18c373dea58c91a9b7034bf (unverified)
﻿01:21:29 : Verified GUID (181db932e18c373dea58c91a9b7034bf) of player #1 [WG] SnakeGeneral
﻿01:21:29 : Player #1 [WG] SnakeGeneral - Legacy GUID: 855ed08988c3abe5e44ce3742718c692
﻿01:26:28 : Player #0 Nikyta disconnected
﻿02:45:00 : RCon admin #1: (Global) BEC : This server will restart in 15 minutes
﻿02:55:00 : RCon admin #1: (Global) BEC : This server will restart in 5 minutes
﻿02:59:00 : RCon admin #1: (Global) BEC : This server will restart in 1 minute, Log out now!
﻿03:00:01 : Lost Connection!
﻿03:00:01 : Closing socket & exiting!
﻿03:01:15 : Rcon client logging in
﻿03:01:15 : RCon admin #1 (127.0.0.1:59809) logged in
﻿03:06:31 : Player #0 [WG] SnakeGeneral (179.187.119.155:2304) connected
﻿03:06:33 : Player #0 [WG] SnakeGeneral - GUID: 181db932e18c373dea58c91a9b7034bf (unverified)
﻿03:06:34 : Verified GUID (181db932e18c373dea58c91a9b7034bf) of player #0 [WG] SnakeGeneral
﻿03:06:35 : Player #0 [WG] SnakeGeneral - Legacy GUID: 855ed08988c3abe5e44ce3742718c692
﻿04:41:30 : Player #0 [WG] SnakeGeneral disconnected
﻿05:45:00 : RCon admin #1: (Global) BEC : This server will restart in 15 minutes
﻿05:55:00 : RCon admin #1: (Global) BEC : This server will restart in 5 minutes
﻿05:59:00 : RCon admin #1: (Global) BEC : This server will restart in 1 minute, Log out now!
﻿06:00:01 : Lost Connection!
﻿06:00:01 : Closing socket & exiting!
﻿06:01:15 : Rcon client logging in
﻿06:01:15 : RCon admin #1 (127.0.0.1:59013) logged in
﻿08:45:00 : RCon admin #1: (Global) BEC : This server will restart in 15 minutes
﻿08:55:00 : RCon admin #1: (Global) BEC : This server will restart in 5 minutes
﻿08:59:00 : RCon admin #1: (Global) BEC : This server will restart in 1 minute, Log out now!
﻿09:00:01 : Lost Connection!
﻿09:00:01 : Closing socket & exiting!
﻿09:01:06 : Rcon client logging in
﻿09:01:06 : RCon admin #1 (127.0.0.1:51064) logged in
﻿11:45:00 : RCon admin #1: (Global) BEC : This server will restart in 15 minutes
﻿11:55:00 : RCon admin #1: (Global) BEC : This server will restart in 5 minutes
﻿11:59:00 : RCon admin #1: (Global) BEC : This server will restart in 1 minute, Log out now!
﻿12:00:01 : Lost Connection!
﻿12:00:01 : Closing socket & exiting!
﻿12:01:06 : Rcon client logging in
﻿12:01:06 : RCon admin #1 (127.0.0.1:62610) logged in
﻿12:19:15 : Player #0 JF (190.185.192.18:26512) connected
﻿12:19:17 : Player #0 JF - GUID: 93a2a9d9bc7acb34122becec3305fde7 (unverified)
﻿12:19:18 : Verified GUID (93a2a9d9bc7acb34122becec3305fde7) of player #0 JF
﻿12:19:19 : Player #0 JF - Legacy GUID: 1e3460faa1452299ec3b5f220fe797e0
﻿13:24:32 : Player #1 Nikyta (190.244.45.71:2304) connected
﻿13:24:33 : Player #1 Nikyta - GUID: d18bc2163de1a6abe8924f2e0788680b (unverified)
﻿13:24:34 : Verified GUID (d18bc2163de1a6abe8924f2e0788680b) of player #1 Nikyta
﻿13:24:34 : Player #1 Nikyta - Legacy GUID: d294364f535d1f02da4e01c50aaec207
﻿13:36:25 : Player #0 JF disconnected
﻿14:13:10 : Player #0 Tio  Chuck (177.156.176.235:2304) connected
﻿14:13:11 : Player #0 Tio  Chuck - GUID: e734115a25c971cbcf8846b4ff771d85 (unverified)
﻿14:13:12 : Verified GUID (e734115a25c971cbcf8846b4ff771d85) of player #0 Tio  Chuck
﻿14:13:12 : Player #0 Tio  Chuck - Legacy GUID: c870a8c9b20cfc479e46e729b49a443d
﻿14:27:00 : Player #2 [WG] SnakeGeneral (191.249.209.72:2304) connected
﻿14:27:01 : Player #2 [WG] SnakeGeneral - GUID: 181db932e18c373dea58c91a9b7034bf (unverified)
﻿14:27:01 : Verified GUID (181db932e18c373dea58c91a9b7034bf) of player #2 [WG] SnakeGeneral
﻿14:27:02 : Player #2 [WG] SnakeGeneral - Legacy GUID: 855ed08988c3abe5e44ce3742718c692
﻿14:29:03 : Player #2 [WG] SnakeGeneral disconnected
﻿14:31:21 : Player #2 FIN4LShare (187.63.77.182:2304) connected
﻿14:31:23 : Player #2 FIN4LShare - GUID: d4cd999756c3b7742306dd967dcf9a54 (unverified)
﻿14:31:23 : Player #2 FIN4LShare - Legacy GUID: cbd67b2c90a885cb5aa8bc1280925a58
﻿14:31:23 : Verified GUID (d4cd999756c3b7742306dd967dcf9a54) of player #2 FIN4LShare
﻿14:32:03 : Player #3 [WG] SnakeGeneral (191.249.209.72:2304) connected
﻿14:32:04 : Player #3 [WG] SnakeGeneral - GUID: 181db932e18c373dea58c91a9b7034bf (unverified)
﻿14:32:05 : Verified GUID (181db932e18c373dea58c91a9b7034bf) of player #3 [WG] SnakeGeneral
﻿14:32:05 : Player #3 [WG] SnakeGeneral - Legacy GUID: 855ed08988c3abe5e44ce3742718c692
﻿14:45:00 : RCon admin #1: (Global) BEC : This server will restart in 15 minutes
﻿14:55:00 : RCon admin #1: (Global) BEC : This server will restart in 5 minutes
﻿14:59:00 : RCon admin #1: (Global) BEC : This server will restart in 1 minute, Log out now!
﻿14:59:51 : Player #3 [WG] SnakeGeneral disconnected
﻿15:00:01 : Lost Connection!
﻿15:00:01 : Closing socket & exiting!
﻿15:01:15 : Rcon client logging in
﻿15:01:15 : RCon admin #1 (127.0.0.1:64370) logged in
﻿15:05:47 : Player #0 Nikyta (190.244.45.71:2304) connected
﻿15:05:48 : Player #0 Nikyta - GUID: d18bc2163de1a6abe8924f2e0788680b (unverified)
﻿15:05:48 : Player #0 Nikyta - Legacy GUID: d294364f535d1f02da4e01c50aaec207
﻿15:05:49 : Verified GUID (d18bc2163de1a6abe8924f2e0788680b) of player #0 Nikyta
﻿15:10:27 : Player #1 Tio  Chuck (177.156.176.235:2304) connected
﻿15:10:29 : Player #1 Tio  Chuck - GUID: e734115a25c971cbcf8846b4ff771d85 (unverified)
﻿15:10:29 : Verified GUID (e734115a25c971cbcf8846b4ff771d85) of player #1 Tio  Chuck
﻿15:10:29 : Player #1 Tio  Chuck - Legacy GUID: c870a8c9b20cfc479e46e729b49a443d
﻿15:14:21 : Player #1 Tio  Chuck disconnected
﻿15:14:29 : Player #1 Tio  Chuck (177.156.176.235:2304) connected
﻿15:14:31 : Player #1 Tio  Chuck - Legacy GUID: c870a8c9b20cfc479e46e729b49a443d
﻿15:14:31 : Player #1 Tio  Chuck - GUID: e734115a25c971cbcf8846b4ff771d85 (unverified)
﻿15:14:31 : Verified GUID (e734115a25c971cbcf8846b4ff771d85) of player #1 Tio  Chuck
﻿15:18:24 : Player #1 Tio  Chuck disconnected
﻿15:18:32 : Player #1 Tio  Chuck (177.156.176.235:2304) connected
﻿15:18:34 : Player #1 Tio  Chuck - Legacy GUID: c870a8c9b20cfc479e46e729b49a443d
﻿15:18:40 : Player #1 Tio  Chuck - GUID: e734115a25c971cbcf8846b4ff771d85 (unverified)
﻿15:18:41 : Verified GUID (e734115a25c971cbcf8846b4ff771d85) of player #1 Tio  Chuck
﻿15:18:54 : Player #1 Tio  Chuck disconnected
﻿15:23:04 : Player #1 Tio  Chuck (177.156.176.235:2304) connected
﻿15:23:06 : Player #1 Tio  Chuck - GUID: e734115a25c971cbcf8846b4ff771d85 (unverified)
﻿15:23:07 : Player #1 Tio  Chuck - Legacy GUID: c870a8c9b20cfc479e46e729b49a443d
﻿15:23:07 : Verified GUID (e734115a25c971cbcf8846b4ff771d85) of player #1 Tio  Chuck
﻿15:23:18 : Player #2 FIN4LShare (187.63.77.182:2304) connected
﻿15:23:19 : Player #2 FIN4LShare - GUID: d4cd999756c3b7742306dd967dcf9a54 (unverified)
﻿15:23:19 : Verified GUID (d4cd999756c3b7742306dd967dcf9a54) of player #2 FIN4LShare
﻿15:23:20 : Player #2 FIN4LShare - Legacy GUID: cbd67b2c90a885cb5aa8bc1280925a58
﻿15:26:04 : Player #1 Tio  Chuck disconnected
﻿15:26:10 : Player #1 Tio  Chuck (177.156.176.235:2304) connected
﻿15:26:12 : Player #1 Tio  Chuck - Legacy GUID: c870a8c9b20cfc479e46e729b49a443d
﻿15:26:15 : Player #1 Tio  Chuck - GUID: e734115a25c971cbcf8846b4ff771d85 (unverified)
﻿15:26:16 : Verified GUID (e734115a25c971cbcf8846b4ff771d85) of player #1 Tio  Chuck
﻿15:27:53 : Player #1 Tio  Chuck disconnected
﻿15:28:01 : Player #1 Tio  Chuck (177.156.176.235:2304) connected
﻿15:28:03 : Player #1 Tio  Chuck - GUID: e734115a25c971cbcf8846b4ff771d85 (unverified)
﻿15:28:03 : Player #1 Tio  Chuck - Legacy GUID: c870a8c9b20cfc479e46e729b49a443d
﻿15:28:04 : Verified GUID (e734115a25c971cbcf8846b4ff771d85) of player #1 Tio  Chuck
﻿15:29:01 : RCon admin #1: (To FIN4LShare) BEC : You have about 60 seconds left to join the mission.
﻿15:29:32 : RCon admin #1: (To FIN4LShare) BEC : You have about 30 seconds left to join the mission.
﻿15:29:46 : RCon admin #1: (To FIN4LShare) BEC : You have about 15 seconds left to join the mission.
﻿15:30:01 : Player #2 FIN4LShare (d4cd999756c3b7742306dd967dcf9a54) has been kicked by BattlEye: Admin Kick (BEC : Lobby idling to long)
﻿15:30:53 : Player #2 [WG] SnakeGeneral (191.249.209.72:2304) connected
﻿15:30:54 : Player #2 [WG] SnakeGeneral - GUID: 181db932e18c373dea58c91a9b7034bf (unverified)
﻿15:30:54 : Verified GUID (181db932e18c373dea58c91a9b7034bf) of player #2 [WG] SnakeGeneral
﻿15:30:55 : Player #2 [WG] SnakeGeneral - Legacy GUID: 855ed08988c3abe5e44ce3742718c692
﻿15:32:11 : Player #3 FIN4LShare (187.63.77.182:2304) connected
﻿15:32:12 : Player #3 FIN4LShare - GUID: d4cd999756c3b7742306dd967dcf9a54 (unverified)
﻿15:32:13 : Verified GUID (d4cd999756c3b7742306dd967dcf9a54) of player #3 FIN4LShare
﻿15:32:13 : Player #3 FIN4LShare - Legacy GUID: cbd67b2c90a885cb5aa8bc1280925a58
﻿16:13:37 : Player #4 Dexter (200.89.154.130:63507) connected
﻿16:13:38 : Player #4 Dexter - GUID: e84a7c2f0f444a8fa6bff7df557360c8 (unverified)
﻿16:13:39 : Verified GUID (e84a7c2f0f444a8fa6bff7df557360c8) of player #4 Dexter
﻿16:13:39 : Player #4 Dexter - Legacy GUID: 1db2d3b9de40f70681e8a27940355628
﻿16:25:12 : Player #1 Tio  Chuck disconnected
﻿16:42:13 : Player #4 Dexter disconnected
﻿17:26:30 : Player #1 Dexter (200.89.154.130:65497) connected
﻿17:26:32 : Player #1 Dexter - GUID: e84a7c2f0f444a8fa6bff7df557360c8 (unverified)
﻿17:26:32 : Verified GUID (e84a7c2f0f444a8fa6bff7df557360c8) of player #1 Dexter
﻿17:26:33 : Player #1 Dexter - Legacy GUID: 1db2d3b9de40f70681e8a27940355628
﻿17:32:11 : Player #1 Dexter disconnected
﻿17:32:17 : Player #1 Dexter (200.89.154.130:65497) connected
﻿17:32:20 : Player #1 Dexter - GUID: e84a7c2f0f444a8fa6bff7df557360c8 (unverified)
﻿17:32:21 : Verified GUID (e84a7c2f0f444a8fa6bff7df557360c8) of player #1 Dexter
﻿17:32:21 : Player #1 Dexter - Legacy GUID: 1db2d3b9de40f70681e8a27940355628
﻿17:36:27 : Player #1 Dexter (e84a7c2f0f444a8fa6bff7df557360c8) has been kicked by BattlEye: Client not responding
﻿17:45:00 : RCon admin #1: (Global) BEC : This server will restart in 15 minutes
﻿17:55:00 : RCon admin #1: (Global) BEC : This server will restart in 5 minutes
﻿17:59:00 : RCon admin #1: (Global) BEC : This server will restart in 1 minute, Log out now!
﻿17:59:39 : Player #0 Nikyta disconnected
﻿18:00:01 : Lost Connection!
﻿18:00:01 : Closing socket & exiting!
﻿18:01:15 : Rcon client logging in
﻿18:01:15 : RCon admin #1 (127.0.0.1:50846) logged in
﻿18:03:15 : Player #0 [WG] SnakeGeneral (191.249.209.72:2304) connected
﻿18:03:16 : Player #0 [WG] SnakeGeneral - Legacy GUID: 855ed08988c3abe5e44ce3742718c692
﻿18:03:16 : Player #0 [WG] SnakeGeneral - GUID: 181db932e18c373dea58c91a9b7034bf (unverified)
﻿18:03:17 : Verified GUID (181db932e18c373dea58c91a9b7034bf) of player #0 [WG] SnakeGeneral
﻿18:10:48 : Player #1 Nikyta (190.244.45.71:2304) connected
﻿18:10:49 : Player #1 Nikyta - GUID: d18bc2163de1a6abe8924f2e0788680b (unverified)
﻿18:10:50 : Verified GUID (d18bc2163de1a6abe8924f2e0788680b) of player #1 Nikyta
﻿18:10:50 : Player #1 Nikyta - Legacy GUID: d294364f535d1f02da4e01c50aaec207
﻿18:17:35 : Player #2 Akino (190.185.240.132:2304) connected
﻿18:17:39 : Player #2 Akino disconnected
﻿18:18:52 : Player #2 FIN4LShare (187.63.77.182:2304) connected
﻿18:18:54 : Player #2 FIN4LShare - GUID: d4cd999756c3b7742306dd967dcf9a54 (unverified)
﻿18:18:54 : Player #2 FIN4LShare - Legacy GUID: cbd67b2c90a885cb5aa8bc1280925a58
﻿18:18:55 : Verified GUID (d4cd999756c3b7742306dd967dcf9a54) of player #2 FIN4LShare
﻿18:34:04 : Player #3 RequiemDeVerdi (181.1.17.173:2304) connected
﻿18:34:05 : Player #3 RequiemDeVerdi - GUID: 692a55a930962b9c38525c5632ba9fe0 (unverified)
﻿18:34:06 : Verified GUID (692a55a930962b9c38525c5632ba9fe0) of player #3 RequiemDeVerdi
﻿18:34:06 : Player #3 RequiemDeVerdi disconnected
﻿18:40:45 : Player #3 Dexter (200.89.154.130:4135) connected
﻿18:40:47 : Player #3 Dexter - GUID: e84a7c2f0f444a8fa6bff7df557360c8 (unverified)
﻿18:40:48 : Player #3 Dexter - Legacy GUID: 1db2d3b9de40f70681e8a27940355628
﻿18:40:48 : Verified GUID (e84a7c2f0f444a8fa6bff7df557360c8) of player #3 Dexter
﻿18:44:25 : Player #3 Dexter (e84a7c2f0f444a8fa6bff7df557360c8) has been kicked by BattlEye: Ping too high (749)
﻿18:44:47 : Player #3 Dexter (200.89.154.130:4135) connected
﻿18:44:52 : Player #3 Dexter - GUID: e84a7c2f0f444a8fa6bff7df557360c8 (unverified)
﻿18:44:53 : Verified GUID (e84a7c2f0f444a8fa6bff7df557360c8) of player #3 Dexter
﻿18:44:53 : Player #3 Dexter - Legacy GUID: 1db2d3b9de40f70681e8a27940355628
﻿18:47:06 : Player #3 Dexter (e84a7c2f0f444a8fa6bff7df557360c8) has been kicked by BattlEye: Ping too high (733)
﻿18:48:38 : Player #3 Dexter (200.89.154.130:4135) connected
﻿18:48:42 : Player #3 Dexter - GUID: e84a7c2f0f444a8fa6bff7df557360c8 (unverified)
﻿18:48:42 : Player #3 Dexter - Legacy GUID: 1db2d3b9de40f70681e8a27940355628
﻿18:48:43 : Verified GUID (e84a7c2f0f444a8fa6bff7df557360c8) of player #3 Dexter
﻿18:54:14 : Player #3 Dexter (e84a7c2f0f444a8fa6bff7df557360c8) has been kicked by BattlEye: Ping too high (499)
﻿19:10:30 : Player #1 Nikyta disconnected
﻿19:29:42 : Player #1 [DMN]-Mario (179.60.255.227:2304) connected
﻿19:29:45 : Player #1 [DMN]-Mario - GUID: 90efe9555b6c518bdd5ab751845d62ac (unverified)
﻿19:29:46 : Verified GUID (90efe9555b6c518bdd5ab751845d62ac) of player #1 [DMN]-Mario
﻿19:29:47 : Player #1 [DMN]-Mario - Legacy GUID: 56ac695fcf6c9ba0429307fd875141a4
﻿19:29:55 : Player #1 [DMN]-Mario disconnected
﻿19:48:28 : Player #1 Azrael1x (191.80.191.98:2304) connected
﻿19:48:29 : Player #1 Azrael1x - GUID: f3bbe77e31363319b3378084ddcb86d8 (unverified)
﻿19:48:29 : Verified GUID (f3bbe77e31363319b3378084ddcb86d8) of player #1 Azrael1x
﻿19:48:30 : Player #1 Azrael1x - Legacy GUID: 872394ca0b82ad6e77d13dc8f5141d95
﻿20:05:19 : Player #3 Nikyta (190.244.45.71:2304) connected
﻿20:05:20 : Player #3 Nikyta - GUID: d18bc2163de1a6abe8924f2e0788680b (unverified)
﻿20:05:20 : Verified GUID (d18bc2163de1a6abe8924f2e0788680b) of player #3 Nikyta
﻿20:05:21 : Player #3 Nikyta - Legacy GUID: d294364f535d1f02da4e01c50aaec207
﻿20:14:44 : RCon admin #0: (To Azrael1x) [adm#2] ya no necesita mantencion el plot
﻿20:15:00 : RCon admin #0: (To [WG] SnakeGeneral) [adm#2] bienvenido!
﻿20:15:09 : RCon admin #0: (To FIN4LShare) [adm#2] bienvenido!
﻿20:16:01 : RCon admin #0: (Global) [adm#2] ¿?¿?¿?¿?
﻿20:18:52 : RCon admin #0: (To [WG] SnakeGeneral) [adm#2] algunos se venden otros no. En mercado Central todo se vende.
﻿20:19:29 : RCon admin #0: (To [WG] SnakeGeneral) [adm#2] ahora te ayudo.
﻿20:20:02 : Player #4 adm#2 (181.14.143.126:2304) connected
﻿20:20:03 : Player #4 adm#2 - GUID: d603844e2f77196bf616245ae360213b (unverified)
﻿20:20:03 : Verified GUID (d603844e2f77196bf616245ae360213b) of player #4 adm#2
﻿20:20:04 : Player #4 adm#2 - Legacy GUID: a5aa074813dab730e26d67b8a0a0af6c
﻿20:24:14 : Player #5 Cloudsp (191.19.209.176:2304) connected
﻿20:24:15 : Player #5 Cloudsp - GUID: ccadd2ade87a3896140f2e5288880114 (unverified)
﻿20:24:15 : Verified GUID (ccadd2ade87a3896140f2e5288880114) of player #5 Cloudsp
﻿20:24:16 : Player #5 Cloudsp - Legacy GUID: 2da63537ca8a0a2c2f2399fc04671995
﻿20:24:23 : Player #5 Cloudsp disconnected
﻿20:24:30 : Player #5 Cloudsp (191.19.209.176:2304) connected
﻿20:24:31 : Player #5 Cloudsp - GUID: ccadd2ade87a3896140f2e5288880114 (unverified)
﻿20:24:31 : Verified GUID (ccadd2ade87a3896140f2e5288880114) of player #5 Cloudsp
﻿20:24:32 : Player #5 Cloudsp - Legacy GUID: 2da63537ca8a0a2c2f2399fc04671995
﻿20:24:39 : Player #5 Cloudsp disconnected
﻿20:25:10 : Player #5 Cloudsp (191.19.209.176:2304) connected
﻿20:25:11 : Player #5 Cloudsp - GUID: ccadd2ade87a3896140f2e5288880114 (unverified)
﻿20:25:12 : Verified GUID (ccadd2ade87a3896140f2e5288880114) of player #5 Cloudsp
﻿20:25:12 : Player #5 Cloudsp - Legacy GUID: 2da63537ca8a0a2c2f2399fc04671995
﻿20:25:19 : Player #5 Cloudsp disconnected
﻿20:30:54 : Player #5 Cloudsp (191.19.209.176:2304) connected
﻿20:30:56 : Player #5 Cloudsp - GUID: ccadd2ade87a3896140f2e5288880114 (unverified)
﻿20:30:56 : Verified GUID (ccadd2ade87a3896140f2e5288880114) of player #5 Cloudsp
﻿20:30:57 : Player #5 Cloudsp - Legacy GUID: 2da63537ca8a0a2c2f2399fc04671995
﻿20:31:04 : Player #5 Cloudsp disconnected
﻿20:32:33 : RCon admin #2 (179.24.44.105:63820) logged in
﻿20:32:35 : Player #5 Cloudsp (191.19.209.176:2304) connected
﻿20:32:36 : Player #5 Cloudsp - GUID: ccadd2ade87a3896140f2e5288880114 (unverified)
﻿20:32:36 : Verified GUID (ccadd2ade87a3896140f2e5288880114) of player #5 Cloudsp
﻿20:32:37 : Player #5 Cloudsp - Legacy GUID: 2da63537ca8a0a2c2f2399fc04671995
﻿20:32:44 : Player #5 Cloudsp disconnected
﻿20:34:40 : Player #5 Cloudsp (191.19.209.176:2304) connected
﻿20:34:41 : Player #5 Cloudsp - GUID: ccadd2ade87a3896140f2e5288880114 (unverified)
﻿20:34:41 : Verified GUID (ccadd2ade87a3896140f2e5288880114) of player #5 Cloudsp
﻿20:34:42 : Player #5 Cloudsp - Legacy GUID: 2da63537ca8a0a2c2f2399fc04671995
﻿20:34:49 : Player #5 Cloudsp disconnected
﻿20:37:14 : Player #0 [WG] SnakeGeneral disconnected
﻿20:38:52 : Player #0 Cloudsp (191.19.209.176:2304) connected
﻿20:38:54 : Player #0 Cloudsp - GUID: ccadd2ade87a3896140f2e5288880114 (unverified)
﻿20:38:54 : Verified GUID (ccadd2ade87a3896140f2e5288880114) of player #0 Cloudsp
﻿20:38:55 : Player #0 Cloudsp - Legacy GUID: 2da63537ca8a0a2c2f2399fc04671995
﻿20:39:02 : Player #0 Cloudsp disconnected
﻿20:39:29 : Player #3 Nikyta (d18bc2163de1a6abe8924f2e0788680b) has been kicked by BattlEye: Admin Kick ([BEC] No estas trapeando los pisos!)
﻿20:39:47 : Player #0 Nikyta (190.244.45.71:2304) connected
﻿20:39:48 : Player #0 Nikyta - GUID: d18bc2163de1a6abe8924f2e0788680b (unverified)
﻿20:39:48 : Verified GUID (d18bc2163de1a6abe8924f2e0788680b) of player #0 Nikyta
﻿20:39:50 : Player #0 Nikyta - Legacy GUID: d294364f535d1f02da4e01c50aaec207
﻿20:40:50 : Player #0 Nikyta disconnected
﻿20:41:46 : Player #0 Nikyta (190.244.45.71:2304) connected
﻿20:41:47 : Player #0 Nikyta - GUID: d18bc2163de1a6abe8924f2e0788680b (unverified)
﻿20:41:48 : Verified GUID (d18bc2163de1a6abe8924f2e0788680b) of player #0 Nikyta
﻿20:41:48 : Player #0 Nikyta - Legacy GUID: d294364f535d1f02da4e01c50aaec207
﻿20:43:24 : Player #3 [WG] SnakeGeneral (191.249.209.72:2304) connected
﻿20:43:25 : Player #3 [WG] SnakeGeneral - GUID: 181db932e18c373dea58c91a9b7034bf (unverified)
﻿20:43:26 : Verified GUID (181db932e18c373dea58c91a9b7034bf) of player #3 [WG] SnakeGeneral
﻿20:43:27 : Player #3 [WG] SnakeGeneral - Legacy GUID: 855ed08988c3abe5e44ce3742718c692
﻿20:45:00 : RCon admin #1: (Global) BEC : This server will restart in 15 minutes
﻿20:45:37 : Player #5 Cloudsp (191.19.209.176:2304) connected
﻿20:45:38 : Player #5 Cloudsp - GUID: ccadd2ade87a3896140f2e5288880114 (unverified)
﻿20:45:39 : Verified GUID (ccadd2ade87a3896140f2e5288880114) of player #5 Cloudsp
﻿20:45:39 : Player #5 Cloudsp - Legacy GUID: 2da63537ca8a0a2c2f2399fc04671995
﻿20:45:47 : Player #5 Cloudsp disconnected
﻿20:55:00 : RCon admin #1: (Global) BEC : This server will restart in 5 minutes
﻿20:55:38 : Player #0 Nikyta disconnected
﻿20:58:13 : RCon admin #1: (To adm#2) BEC : You have about 60 seconds left to join the mission.
﻿20:58:34 : Player #3 [WG] SnakeGeneral disconnected
﻿20:58:44 : RCon admin #1: (To adm#2) BEC : You have about 30 seconds left to join the mission.
﻿20:58:57 : Player #2 FIN4LShare disconnected
﻿20:58:58 : RCon admin #1: (To adm#2) BEC : You have about 15 seconds left to join the mission.
﻿20:59:00 : RCon admin #1: (Global) BEC : Server restart in 1 minute, Log out NOW!
﻿20:59:13 : Player #4 adm#2 (d603844e2f77196bf616245ae360213b) has been kicked by BattlEye: Admin Kick (BEC : Lobby idling to long)
﻿21:00:01 : Lost Connection!
﻿21:00:01 : Closing socket & exiting!
﻿21:01:15 : Rcon client logging in
﻿21:01:15 : RCon admin #2 (127.0.0.1:50326) logged in
﻿21:02:47 : Player #0 Nikyta (190.244.45.71:2304) connected
﻿21:02:48 : Player #0 Nikyta - GUID: d18bc2163de1a6abe8924f2e0788680b (unverified)
﻿21:02:48 : Verified GUID (d18bc2163de1a6abe8924f2e0788680b) of player #0 Nikyta
﻿21:02:48 : Player #0 Nikyta - Legacy GUID: d294364f535d1f02da4e01c50aaec207
﻿21:04:52 : Player #1 BlasT. (181.119.112.3:2304) connected
﻿21:04:54 : Player #1 BlasT. - GUID: 4175e0eb86c152222bd4c02f56b41382 (unverified)
﻿21:04:54 : Player #1 BlasT. - Legacy GUID: fd6f7ff2ca3dc0e5fd2059634670db28
﻿21:04:54 : Verified GUID (4175e0eb86c152222bd4c02f56b41382) of player #1 BlasT.
﻿21:04:55 : Player #1 BlasT. disconnected
﻿21:10:21 : Player #0 Nikyta disconnected
﻿21:12:50 : Player #0 Nikyta (190.244.45.71:2304) connected
﻿21:12:51 : Player #0 Nikyta - GUID: d18bc2163de1a6abe8924f2e0788680b (unverified)
﻿21:12:52 : Verified GUID (d18bc2163de1a6abe8924f2e0788680b) of player #0 Nikyta
﻿21:12:52 : Player #0 Nikyta - Legacy GUID: d294364f535d1f02da4e01c50aaec207
﻿21:27:39 : Player #1 Dexter (200.89.154.130:11732) connected
﻿21:27:41 : Player #1 Dexter - GUID: e84a7c2f0f444a8fa6bff7df557360c8 (unverified)
﻿21:27:41 : Verified GUID (e84a7c2f0f444a8fa6bff7df557360c8) of player #1 Dexter
﻿21:27:41 : Player #1 Dexter - Legacy GUID: 1db2d3b9de40f70681e8a27940355628
﻿21:32:37 : Player #2 FIN4LShare (187.63.77.182:2304) connected
﻿21:32:39 : Player #2 FIN4LShare - GUID: d4cd999756c3b7742306dd967dcf9a54 (unverified)
﻿21:32:39 : Player #2 FIN4LShare - Legacy GUID: cbd67b2c90a885cb5aa8bc1280925a58
﻿21:32:39 : Verified GUID (d4cd999756c3b7742306dd967dcf9a54) of player #2 FIN4LShare
﻿21:33:20 : RCon admin #3 (127.0.0.1:54496) logged in
﻿21:34:24 : RCon admin #3: (To Dexter) [juandayz] dexter pagate un internet q te de menos ping.. raton  :D
﻿21:36:53 : Player #1 Dexter (e84a7c2f0f444a8fa6bff7df557360c8) has been kicked by BattlEye: Ping too high (702)
﻿21:37:14 : RCon admin #3: (Global) [juandayz] ahi tenes tu cheat 
﻿21:39:00 : Player #1 Polete (201.212.18.98:2304) connected
﻿21:39:01 : Player #1 Polete - GUID: 6437358e1d3ddba6d4e5d07f2b3f3280 (unverified)
﻿21:39:01 : Verified GUID (6437358e1d3ddba6d4e5d07f2b3f3280) of player #1 Polete
﻿21:39:02 : Player #1 Polete - Legacy GUID: 521ac83df09e2a500add204187cc7eb6
﻿21:39:10 : Player #1 Polete disconnected
﻿21:52:55 : Player #1 Polete (201.212.18.98:2304) connected
﻿21:52:56 : Player #1 Polete - GUID: 6437358e1d3ddba6d4e5d07f2b3f3280 (unverified)
﻿21:52:57 : Verified GUID (6437358e1d3ddba6d4e5d07f2b3f3280) of player #1 Polete
﻿21:52:57 : Player #1 Polete - Legacy GUID: 521ac83df09e2a500add204187cc7eb6
﻿21:54:21 : Player #1 Polete (6437358e1d3ddba6d4e5d07f2b3f3280) has been kicked by BattlEye: Ping too high (3934)
﻿21:55:40 : Player #1 JF (190.185.192.18:26512) connected
﻿21:55:41 : Player #1 JF - GUID: 93a2a9d9bc7acb34122becec3305fde7 (unverified)
﻿21:55:42 : Verified GUID (93a2a9d9bc7acb34122becec3305fde7) of player #1 JF
﻿21:55:42 : Player #1 JF - Legacy GUID: 1e3460faa1452299ec3b5f220fe797e0
﻿21:56:38 : Player #3 Polete (201.212.18.98:2304) connected
﻿21:56:39 : Player #3 Polete - GUID: 6437358e1d3ddba6d4e5d07f2b3f3280 (unverified)
﻿21:56:40 : Verified GUID (6437358e1d3ddba6d4e5d07f2b3f3280) of player #3 Polete
﻿21:56:40 : Player #3 Polete - Legacy GUID: 521ac83df09e2a500add204187cc7eb6
﻿22:02:50 : Player #4 SergioSplinter (186.185.47.133:28882) connected
﻿22:02:52 : Player #4 SergioSplinter - GUID: e3a834b5a7907970671988bafe1bcc19 (unverified)
﻿22:02:52 : Verified GUID (e3a834b5a7907970671988bafe1bcc19) of player #4 SergioSplinter
﻿22:02:53 : Player #4 SergioSplinter - Legacy GUID: 286170a639af82d59bd68df1a1a9d14b
﻿22:02:54 : Player #4 SergioSplinter disconnected
﻿22:03:43 : Player #3 Polete (6437358e1d3ddba6d4e5d07f2b3f3280) has been kicked by BattlEye: Ping too high (1341)
﻿22:09:03 : Player #0 Nikyta disconnected
﻿22:11:09 : Player #0 Cloudsp (191.19.209.176:2304) connected
﻿22:11:10 : Player #0 Cloudsp - GUID: ccadd2ade87a3896140f2e5288880114 (unverified)
﻿22:11:11 : Verified GUID (ccadd2ade87a3896140f2e5288880114) of player #0 Cloudsp
﻿22:11:11 : Player #0 Cloudsp - Legacy GUID: 2da63537ca8a0a2c2f2399fc04671995
﻿22:19:31 : Player #3 [WG] SnakeGeneral (191.249.209.72:2304) connected
﻿22:19:32 : Player #3 [WG] SnakeGeneral - GUID: 181db932e18c373dea58c91a9b7034bf (unverified)
﻿22:19:33 : Verified GUID (181db932e18c373dea58c91a9b7034bf) of player #3 [WG] SnakeGeneral
﻿22:19:33 : Player #3 [WG] SnakeGeneral - Legacy GUID: 855ed08988c3abe5e44ce3742718c692
﻿22:29:25 : RCon admin #3: (To Cloudsp) [juandayz] bienvenido
﻿22:50:44 : Player #4 Nikyta (190.244.45.71:2304) connected
﻿22:50:45 : Player #4 Nikyta - GUID: d18bc2163de1a6abe8924f2e0788680b (unverified)
﻿22:50:45 : Verified GUID (d18bc2163de1a6abe8924f2e0788680b) of player #4 Nikyta
﻿22:50:46 : Player #4 Nikyta - Legacy GUID: d294364f535d1f02da4e01c50aaec207
﻿23:25:00 : Player #5 REWERSA (177.104.101.95:28024) connected
﻿23:25:01 : Player #5 REWERSA - GUID: fab138426f8149499ceaacd550d9395f (unverified)
﻿23:25:02 : Verified GUID (fab138426f8149499ceaacd550d9395f) of player #5 REWERSA
﻿23:25:02 : Player #5 REWERSA - Legacy GUID: 7d1ea07630bf2bf0f29877a7be119251
﻿23:29:12 : Player #5 REWERSA disconnected
﻿23:45:00 : RCon admin #2: (Global) BEC : This server will restart in 15 minutes
﻿23:55:00 : RCon admin #2: (Global) BEC : This server will restart in 5 minutes
﻿23:56:55 : Player #4 Nikyta disconnected
﻿23:59:00 : RCon admin #2: (Global) BEC : This server will restart in 1 minute, Log out now!
﻿23:59:35 : Player #1 JF disconnected
