00:00:02 : Lost Connection!
﻿00:00:02 : Closing socket & exiting!
﻿00:01:15 : Rcon client logging in
﻿00:01:28 : RCon admin #2 (127.0.0.1:52819) logged in
﻿00:01:28 : Verified GUID (0e821407074ee85459af514349fec22f) of player #2 TaLLeS-
﻿00:02:04 : Player #3 edgar (189.194.23.186:2304) connected
﻿00:02:05 : Player #3 edgar - GUID: f437a82e55f1e066995fbf75e961723e (unverified)
﻿00:02:05 : Verified GUID (f437a82e55f1e066995fbf75e961723e) of player #3 edgar
﻿00:02:07 : Player #3 edgar - Legacy GUID: 34a707cdfc6309ba56617169fdf6b2d9
﻿00:05:06 : Player #4 GusTavoR- (186.251.251.10:2304) connected
﻿00:05:08 : Player #4 GusTavoR- - GUID: b8520fb4a4f1b56fe3865af38dc10f60 (unverified)
﻿00:05:08 : Player #4 GusTavoR- - Legacy GUID: 1d61591943cbc4de3b297aca6c5eba66
﻿00:05:09 : Verified GUID (b8520fb4a4f1b56fe3865af38dc10f60) of player #4 GusTavoR-
﻿00:07:07 : Player #1 juan p (eab22850fdd8c03689d3cf62197b27a8) has been kicked by BattlEye: Client not responding
﻿00:11:19 : RCon admin #1 (167.59.219.219:62181) logged in
﻿00:15:28 : Player #1 vodka (186.129.27.46:2304) connected
﻿00:15:29 : Player #1 vodka - GUID: 9d9589c45c3ca41c83bd64095f841d95 (unverified)
﻿00:15:30 : Player #1 vodka - Legacy GUID: 90797abf15f589d7d7c70755938e2998
﻿00:15:46 : Verified GUID (9d9589c45c3ca41c83bd64095f841d95) of player #1 vodka
﻿00:27:27 : RCon admin #1: (Global) [ChukyN] Lalo go TS
﻿00:28:43 : Player #5 Pampita (167.59.219.219:2304) connected
﻿00:28:44 : Player #5 Pampita - GUID: 7722b37782b63ac5e8d338480fc6e78d (unverified)
﻿00:28:44 : Verified GUID (7722b37782b63ac5e8d338480fc6e78d) of player #5 Pampita
﻿00:28:45 : Player #5 Pampita - Legacy GUID: 927c488179d03fcf9aa55e882ca86653
﻿00:28:45 : Player #6 ANPA ANDRESMAN (190.31.254.176:17305) connected
﻿00:28:46 : Player #6 ANPA ANDRESMAN - GUID: 7ad33220b1554530ce86a6c7b354e2bc (unverified)
﻿00:28:47 : Verified GUID (7ad33220b1554530ce86a6c7b354e2bc) of player #6 ANPA ANDRESMAN
﻿00:28:47 : Player #6 ANPA ANDRESMAN - Legacy GUID: 5cd1234ee8bb5d9f3e7a54021f290f0e
﻿00:29:00 : Player #6 ANPA ANDRESMAN disconnected
﻿00:57:22 : Player #0 Tazo disconnected
﻿00:58:37 : Player #2 TaLLeS- disconnected
﻿00:59:14 : Player #4 GusTavoR- disconnected
﻿01:11:22 : Player #0 reconnect (181.31.146.206:2304) connected
﻿01:11:23 : Player #0 reconnect - GUID: bce9001abea802948b7f28a9f2de533e (unverified)
﻿01:11:23 : Verified GUID (bce9001abea802948b7f28a9f2de533e) of player #0 reconnect
﻿01:11:24 : Player #0 reconnect - Legacy GUID: 30e1b7957008270cda72e13e47f13b54
﻿01:11:26 : Player #0 reconnect disconnected
﻿01:12:09 : Player #0 reconnect (181.31.146.206:2304) connected
﻿01:12:10 : Player #0 reconnect - GUID: bce9001abea802948b7f28a9f2de533e (unverified)
﻿01:12:11 : Verified GUID (bce9001abea802948b7f28a9f2de533e) of player #0 reconnect
﻿01:12:11 : Player #0 reconnect - Legacy GUID: 30e1b7957008270cda72e13e47f13b54
﻿01:26:02 : Player #2 Ivan (190.139.244.251:2304) connected
﻿01:26:03 : Player #2 Ivan - GUID: 49dc619c3c0601b71fe2e4085a7e3d9d (unverified)
﻿01:26:04 : Verified GUID (49dc619c3c0601b71fe2e4085a7e3d9d) of player #2 Ivan
﻿01:26:04 : Player #2 Ivan - Legacy GUID: 4b4daf3a8a09f39c8698e527aff3ed31
﻿01:28:26 : Player #4 Usuario (186.60.175.9:26690) connected
﻿01:28:27 : Player #4 Usuario - GUID: a9ab55e19a906cfeaab3df8219b3653e (unverified)
﻿01:28:27 : Verified GUID (a9ab55e19a906cfeaab3df8219b3653e) of player #4 Usuario
﻿01:28:28 : Player #4 Usuario - Legacy GUID: 39be645b9ed86fc8d2bc731660137763
﻿01:28:30 : Player #4 Usuario disconnected
﻿01:55:49 : Player #4 Viciuz (189.165.188.47:49634) connected
﻿01:55:50 : Player #4 Viciuz - GUID: 60fa554f2a30d6a963fb536bb87b7375 (unverified)
﻿01:55:51 : Verified GUID (60fa554f2a30d6a963fb536bb87b7375) of player #4 Viciuz
﻿01:55:51 : Player #4 Viciuz - Legacy GUID: 084bf2137cd7716b3086ad2aa8a97481
﻿01:56:33 : Player #1 vodka disconnected
﻿01:59:07 : Player #1 enzo (186.129.27.46:2304) connected
﻿01:59:08 : Player #1 enzo - GUID: 9d9589c45c3ca41c83bd64095f841d95 (unverified)
﻿01:59:08 : Verified GUID (9d9589c45c3ca41c83bd64095f841d95) of player #1 enzo
﻿01:59:09 : Player #1 enzo - Legacy GUID: 90797abf15f589d7d7c70755938e2998
﻿02:08:27 : RCon admin #1: (Global) [ChukyN] ????
﻿02:09:14 : RCon admin #1: (Global) [ChukyN] Eso es abusar de un bug
﻿02:09:17 : RCon admin #1: (Global) [ChukyN] Es baneable
﻿02:09:20 : RCon admin #1: (Global) [ChukyN] Muy baneable
﻿02:09:47 : RCon admin #1: (Global) [ChukyN] Tenes exactamente 60 segundos para devolverla
﻿02:10:47 : RCon admin #1: (Global) [ChukyN] No para todos los vehiculos bloqueados
﻿02:11:03 : RCon admin #1: (Global) [ChukyN] es un glitch el poder sacar armas y demas herramientas de los vehiculos lockeados
﻿02:11:11 : RCon admin #1: (Global) [ChukyN] hacerlos es abusar de un glitch
﻿02:11:27 : RCon admin #1: (Global) [ChukyN] Si es legal
﻿02:11:44 : RCon admin #1: (Global) [ChukyN] Lo ilegal seria romper las 4 paredes y todas las cajas dentro
﻿02:23:38 : RCon admin #1: (Global) [ChukyN] ???? quien esta abriendo ticket
﻿02:23:53 : RCon admin #1: (Global) [ChukyN] que precisas
﻿02:24:01 : Player #6 Leodagos (186.135.58.128:13783) connected
﻿02:24:03 : Player #6 Leodagos - GUID: 927032c3d7c1139aff0ff09424d46da1 (unverified)
﻿02:24:04 : Verified GUID (927032c3d7c1139aff0ff09424d46da1) of player #6 Leodagos
﻿02:24:14 : Player #6 Leodagos - Legacy GUID: d7639dceb9588d3b0ab85f82e92ff8de
﻿02:25:15 : RCon admin #1: (Global) [ChukyN] Que precisas?
﻿02:27:06 : Player #6 Leodagos disconnected
﻿02:32:16 : Player #5 Pampita disconnected
﻿02:32:29 : Player #5 ChukyN (167.59.219.219:2304) connected
﻿02:32:31 : Player #5 ChukyN - GUID: 7722b37782b63ac5e8d338480fc6e78d (unverified)
﻿02:32:31 : Verified GUID (7722b37782b63ac5e8d338480fc6e78d) of player #5 ChukyN
﻿02:32:33 : Player #5 ChukyN - Legacy GUID: 927c488179d03fcf9aa55e882ca86653
﻿02:32:35 : RCon admin #1: (Global) [ChukyN] Ahi entro
﻿02:35:59 : Player #6 Leodagos (186.135.58.128:14904) connected
﻿02:36:00 : Player #6 Leodagos - GUID: 927032c3d7c1139aff0ff09424d46da1 (unverified)
﻿02:36:00 : Verified GUID (927032c3d7c1139aff0ff09424d46da1) of player #6 Leodagos
﻿02:36:01 : Player #6 Leodagos - Legacy GUID: d7639dceb9588d3b0ab85f82e92ff8de
﻿02:38:53 : Player #6 Leodagos disconnected
﻿02:40:37 : Player #3 edgar disconnected
﻿02:41:18 : Player #5 ChukyN disconnected
﻿02:41:53 : Player #3 Pampita (167.59.219.219:2304) connected
﻿02:41:55 : Player #3 Pampita - GUID: 7722b37782b63ac5e8d338480fc6e78d (unverified)
﻿02:41:55 : Verified GUID (7722b37782b63ac5e8d338480fc6e78d) of player #3 Pampita
﻿02:41:56 : Player #3 Pampita - Legacy GUID: 927c488179d03fcf9aa55e882ca86653
﻿02:42:25 : Player #2 Ivan disconnected
﻿02:43:21 : Player #4 Viciuz disconnected
﻿02:45:00 : RCon admin #2: (Global) BEC : This server will restart in 15 minutes
﻿02:54:16 : Player #0 reconnect disconnected
﻿02:55:00 : RCon admin #2: (Global) BEC : This server will restart in 5 minutes
﻿02:59:00 : RCon admin #2: (Global) BEC : This server will restart in 1 minute, Log out now!
﻿02:59:53 : Player #3 Pampita disconnected
﻿02:59:58 : Player #1 enzo disconnected
﻿03:00:01 : Lost Connection!
﻿03:00:01 : Closing socket & exiting!
﻿03:01:15 : Rcon client logging in
﻿03:01:15 : RCon admin #2 (127.0.0.1:53897) logged in
﻿03:01:50 : Player #0 edgar (189.194.23.186:2304) connected
﻿03:01:52 : Player #0 edgar - GUID: f437a82e55f1e066995fbf75e961723e (unverified)
﻿03:01:52 : Player #0 edgar - Legacy GUID: 34a707cdfc6309ba56617169fdf6b2d9
﻿03:01:52 : Verified GUID (f437a82e55f1e066995fbf75e961723e) of player #0 edgar
﻿03:02:50 : Player #1 enzo (186.129.27.46:2304) connected
﻿03:02:51 : Player #1 enzo - GUID: 9d9589c45c3ca41c83bd64095f841d95 (unverified)
﻿03:02:52 : Verified GUID (9d9589c45c3ca41c83bd64095f841d95) of player #1 enzo
﻿03:02:53 : (Unknown) enzo: No entry 'bin\config.bin/CfgMagazines.460Rnd_762x51_M240_ACR'.
﻿03:02:53 : Player #1 enzo - Legacy GUID: 90797abf15f589d7d7c70755938e2998
﻿03:10:39 : RCon admin #2: (To edgar) BEC : You have about 60 seconds left to join the mission.
﻿03:11:11 : RCon admin #2: (To edgar) BEC : You have about 30 seconds left to join the mission.
﻿03:11:25 : RCon admin #2: (To edgar) BEC : You have about 15 seconds left to join the mission.
﻿03:11:39 : Player #0 edgar (f437a82e55f1e066995fbf75e961723e) has been kicked by BattlEye: Admin Kick (BEC : Lobby idling to long)
﻿03:11:47 : Player #1 enzo disconnected
﻿03:53:37 : Player #0 edgar (189.194.23.186:2304) connected
﻿03:53:38 : Player #0 edgar - GUID: f437a82e55f1e066995fbf75e961723e (unverified)
﻿03:53:38 : Verified GUID (f437a82e55f1e066995fbf75e961723e) of player #0 edgar
﻿03:53:39 : Player #0 edgar - Legacy GUID: 34a707cdfc6309ba56617169fdf6b2d9
﻿05:45:00 : RCon admin #2: (Global) BEC : This server will restart in 15 minutes
﻿05:51:15 : Player #0 edgar disconnected
﻿05:55:00 : RCon admin #2: (Global) BEC : This server will restart in 5 minutes
﻿05:59:00 : RCon admin #2: (Global) BEC : This server will restart in 1 minute, Log out now!
﻿06:00:01 : Lost Connection!
﻿06:00:01 : Closing socket & exiting!
﻿06:01:15 : Rcon client logging in
﻿06:01:15 : RCon admin #1 (127.0.0.1:60920) logged in
﻿06:23:15 : Player #0 Viciuz (189.165.188.47:63915) connected
﻿06:23:18 : Player #0 Viciuz - GUID: 60fa554f2a30d6a963fb536bb87b7375 (unverified)
﻿06:23:18 : Verified GUID (60fa554f2a30d6a963fb536bb87b7375) of player #0 Viciuz
﻿06:23:19 : Player #0 Viciuz - Legacy GUID: 084bf2137cd7716b3086ad2aa8a97481
﻿08:38:46 : Player #0 Viciuz disconnected
﻿08:45:00 : RCon admin #1: (Global) BEC : This server will restart in 15 minutes
﻿08:55:00 : RCon admin #1: (Global) BEC : This server will restart in 5 minutes
﻿08:59:00 : RCon admin #1: (Global) BEC : This server will restart in 1 minute, Log out now!
﻿09:00:01 : Lost Connection!
﻿09:00:01 : Closing socket & exiting!
﻿09:01:15 : Rcon client logging in
﻿09:01:15 : RCon admin #1 (127.0.0.1:63042) logged in
﻿10:59:45 : Player #0 [EPP] RaferZero (181.122.128.26:2304) connected
﻿10:59:46 : Player #0 [EPP] RaferZero - GUID: 1b0569b30423a042f38b8528a88917ce (unverified)
﻿10:59:47 : Player #0 [EPP] RaferZero - Legacy GUID: 3d0019f3eaf1720cfd1ea039b2d68196
﻿10:59:47 : Verified GUID (1b0569b30423a042f38b8528a88917ce) of player #0 [EPP] RaferZero
﻿11:15:38 : Player #0 [EPP] RaferZero disconnected
﻿11:45:00 : RCon admin #1: (Global) BEC : This server will restart in 15 minutes
﻿11:55:00 : RCon admin #1: (Global) BEC : This server will restart in 5 minutes
﻿11:59:00 : RCon admin #1: (Global) BEC : This server will restart in 1 minute, Log out now!
﻿12:00:01 : Lost Connection!
﻿12:00:01 : Closing socket & exiting!
﻿12:01:15 : Rcon client logging in
﻿12:01:15 : RCon admin #1 (127.0.0.1:56372) logged in
﻿12:44:13 : Player #0 Ivan (190.139.244.251:2304) connected
﻿12:44:15 : Player #0 Ivan - GUID: 49dc619c3c0601b71fe2e4085a7e3d9d (unverified)
﻿12:44:16 : Verified GUID (49dc619c3c0601b71fe2e4085a7e3d9d) of player #0 Ivan
﻿12:44:16 : Player #0 Ivan - Legacy GUID: 4b4daf3a8a09f39c8698e527aff3ed31
﻿12:53:21 : Player #0 Ivan (49dc619c3c0601b71fe2e4085a7e3d9d) has been kicked by BattlEye: Client not responding
﻿13:09:12 : Player #0 Ivan (190.139.244.251:2304) connected
﻿13:09:14 : Player #0 Ivan - GUID: 49dc619c3c0601b71fe2e4085a7e3d9d (unverified)
﻿13:09:14 : Verified GUID (49dc619c3c0601b71fe2e4085a7e3d9d) of player #0 Ivan
﻿13:09:14 : Player #0 Ivan - Legacy GUID: 4b4daf3a8a09f39c8698e527aff3ed31
﻿13:37:03 : Player #1 GoodKillerA.L.V (177.132.203.236:2352) connected
﻿13:37:04 : Player #1 GoodKillerA.L.V - GUID: dadf7f8d2aed2dc888f69487fca2f7ed (unverified)
﻿13:37:04 : Verified GUID (dadf7f8d2aed2dc888f69487fca2f7ed) of player #1 GoodKillerA.L.V
﻿13:37:05 : Player #1 GoodKillerA.L.V - Legacy GUID: e36195527daef638630e150391ca4707
﻿13:37:08 : Player #1 GoodKillerA.L.V disconnected
﻿13:52:45 : RCon admin #2 (167.56.67.84:51736) logged in
﻿13:52:57 : Player #0 Ivan disconnected
﻿14:02:52 : Rcon client logging in
﻿14:02:52 : RCon admin #1 (127.0.0.1:54155) logged in
﻿14:41:06 : Player #0 Dog (186.133.43.24:2304) connected
﻿14:41:07 : Player #0 Dog - GUID: 9994353d0f7cbedd9e89a12fd0aa2ecc (unverified)
﻿14:41:07 : Verified GUID (9994353d0f7cbedd9e89a12fd0aa2ecc) of player #0 Dog
﻿14:41:08 : Player #0 Dog - Legacy GUID: f9ca396a7a68d4fab607fd2ad193988a
﻿14:45:00 : RCon admin #1: (Global) BEC : This server will restart in 15 minutes
﻿14:45:48 : Player #0 Dog disconnected
﻿14:53:44 : Player #0 Ivan (190.139.244.251:2304) connected
﻿14:53:45 : Player #0 Ivan - GUID: 49dc619c3c0601b71fe2e4085a7e3d9d (unverified)
﻿14:53:46 : Verified GUID (49dc619c3c0601b71fe2e4085a7e3d9d) of player #0 Ivan
﻿14:53:47 : Player #0 Ivan - Legacy GUID: 4b4daf3a8a09f39c8698e527aff3ed31
﻿14:54:56 : Player #1 Dog (186.133.43.24:2304) connected
﻿14:54:57 : Player #1 Dog - GUID: 9994353d0f7cbedd9e89a12fd0aa2ecc (unverified)
﻿14:54:58 : Verified GUID (9994353d0f7cbedd9e89a12fd0aa2ecc) of player #1 Dog
﻿14:54:58 : Player #1 Dog - Legacy GUID: f9ca396a7a68d4fab607fd2ad193988a
﻿14:55:00 : RCon admin #1: (Global) BEC : This server will restart in 5 minutes
﻿14:56:49 : Player #1 Dog disconnected
﻿14:59:00 : RCon admin #1: (Global) BEC : This server will restart in 1 minute, Log out now!
﻿14:59:47 : Player #0 Ivan disconnected
﻿15:00:01 : Lost Connection!
﻿15:00:01 : Closing socket & exiting!
﻿18:56:23 : Rcon client logging in
﻿18:56:23 : RCon admin #0 (127.0.0.1:56310) logged in
﻿18:56:24 : RCon admin #1 (179.24.194.7:49413) logged in
﻿18:59:54 : Player #0 ChukyN (179.24.194.7:2304) connected
﻿18:59:55 : Player #0 ChukyN - GUID: 7722b37782b63ac5e8d338480fc6e78d (unverified)
﻿18:59:56 : Player #0 ChukyN - Legacy GUID: 927c488179d03fcf9aa55e882ca86653
﻿19:00:14 : Verified GUID (7722b37782b63ac5e8d338480fc6e78d) of player #0 ChukyN
﻿19:02:05 : Player #0 ChukyN disconnected
﻿19:06:09 : Player #0 Cristian (190.173.211.19:23716) connected
﻿19:06:10 : Player #0 Cristian - GUID: 9835f16a2fdf437e3b1746714387f874 (unverified)
﻿19:06:11 : Player #0 Cristian - Legacy GUID: 19c24aa252b066640024e4e903c9c2a4
﻿19:06:13 : Verified GUID (9835f16a2fdf437e3b1746714387f874) of player #0 Cristian
﻿19:06:14 : Player #0 Cristian disconnected
﻿19:07:31 : RCon admin #1 (179.24.194.7:60746) logged in
﻿19:15:07 : Player #0 ChukyN (179.24.194.7:2304) connected
﻿19:15:07 : Player #0 ChukyN - GUID: 7722b37782b63ac5e8d338480fc6e78d (unverified)
﻿19:15:08 : Verified GUID (7722b37782b63ac5e8d338480fc6e78d) of player #0 ChukyN
﻿19:15:09 : Player #0 ChukyN - Legacy GUID: 927c488179d03fcf9aa55e882ca86653
﻿19:22:59 : Player #1 Cristian (190.173.211.19:24623) connected
﻿19:23:00 : Player #1 Cristian - GUID: 9835f16a2fdf437e3b1746714387f874 (unverified)
﻿19:23:01 : Verified GUID (9835f16a2fdf437e3b1746714387f874) of player #1 Cristian
﻿19:23:01 : Player #1 Cristian disconnected
﻿19:23:14 : Player #0 ChukyN disconnected
﻿19:27:20 : Player #0 juan p (189.223.146.110:2304) connected
﻿19:27:23 : Player #0 juan p - GUID: eab22850fdd8c03689d3cf62197b27a8 (unverified)
﻿19:27:23 : Verified GUID (eab22850fdd8c03689d3cf62197b27a8) of player #0 juan p
﻿19:27:24 : Player #0 juan p - Legacy GUID: 42220cbb688c4a3748630ff8eb1117dd
﻿19:39:13 : RCon admin #2 (127.0.0.1:52968) logged in
﻿19:45:25 : Player #1 juandayz (190.137.237.207:2304) connected
﻿19:45:25 : Player #1 juandayz - GUID: d603844e2f77196bf616245ae360213b (unverified)
﻿19:45:26 : Verified GUID (d603844e2f77196bf616245ae360213b) of player #1 juandayz
﻿19:45:27 : Player #1 juandayz - Legacy GUID: a5aa074813dab730e26d67b8a0a0af6c
﻿20:03:48 : Player #2 reconnect (181.31.146.206:2304) connected
﻿20:03:50 : Player #2 reconnect - GUID: bce9001abea802948b7f28a9f2de533e (unverified)
﻿20:03:50 : RCon admin #0: (To juandayz) BEC : You have about 60 seconds left to join the mission.
﻿20:03:50 : Player #2 reconnect - Legacy GUID: 30e1b7957008270cda72e13e47f13b54
﻿20:03:50 : Verified GUID (bce9001abea802948b7f28a9f2de533e) of player #2 reconnect
﻿20:04:21 : RCon admin #0: (To juandayz) BEC : You have about 30 seconds left to join the mission.
﻿20:04:35 : RCon admin #0: (To juandayz) BEC : You have about 15 seconds left to join the mission.
﻿20:04:50 : Player #1 juandayz (d603844e2f77196bf616245ae360213b) has been kicked by BattlEye: Admin Kick (BEC : Lobby idling to long)
﻿20:08:32 : Player #0 juan p disconnected
﻿20:13:27 : Player #0 Nico (181.1.136.248:2304) connected
﻿20:13:29 : Player #0 Nico - GUID: ebb837569acab21424289d01a184d917 (unverified)
﻿20:13:29 : Player #0 Nico - Legacy GUID: f9a350ae9b0bada554c3c8956d1447e4
﻿20:13:30 : Verified GUID (ebb837569acab21424289d01a184d917) of player #0 Nico
﻿20:13:30 : Player #0 Nico disconnected
﻿20:35:01 : Player #0 juandayz (190.137.237.207:2304) connected
﻿20:35:02 : Player #0 juandayz - GUID: d603844e2f77196bf616245ae360213b (unverified)
﻿20:35:03 : Verified GUID (d603844e2f77196bf616245ae360213b) of player #0 juandayz
﻿20:35:03 : Player #0 juandayz - Legacy GUID: a5aa074813dab730e26d67b8a0a0af6c
﻿20:40:45 : RCon admin #0: (To juandayz) BEC : You have about 60 seconds left to join the mission.
﻿20:41:16 : RCon admin #0: (To juandayz) BEC : You have about 30 seconds left to join the mission.
﻿20:41:31 : RCon admin #0: (To juandayz) BEC : You have about 15 seconds left to join the mission.
﻿20:41:45 : Player #0 juandayz (d603844e2f77196bf616245ae360213b) has been kicked by BattlEye: Admin Kick (BEC : Lobby idling to long)
﻿20:45:00 : RCon admin #0: (Global) BEC : This server will restart in 15 minutes
﻿20:52:24 : Player #0 LarzuK (186.56.20.115:2304) connected
﻿20:52:26 : Player #0 LarzuK - GUID: 830c029a6ec69a6e0563b0638ebe72b9 (unverified)
﻿20:52:28 : Player #0 LarzuK - Legacy GUID: 36a4a2b1fb2e23467aba15c0a1207080
﻿20:52:29 : Verified GUID (830c029a6ec69a6e0563b0638ebe72b9) of player #0 LarzuK
﻿20:53:41 : Player #1 juandayz (190.137.237.207:2304) connected
﻿20:53:42 : Player #1 juandayz - GUID: d603844e2f77196bf616245ae360213b (unverified)
﻿20:53:42 : Verified GUID (d603844e2f77196bf616245ae360213b) of player #1 juandayz
﻿20:53:43 : Player #1 juandayz - Legacy GUID: a5aa074813dab730e26d67b8a0a0af6c
﻿20:54:04 : RCon admin #2 (127.0.0.1:59313) logged in
﻿20:55:00 : RCon admin #0: (Global) BEC : This server will restart in 5 minutes
﻿20:59:00 : RCon admin #0: (Global) BEC : Server restart in 1 minute, Log out NOW!
﻿20:59:23 : RCon admin #0: (To juandayz) BEC : You have about 60 seconds left to join the mission.
﻿20:59:35 : Player #2 reconnect disconnected
﻿20:59:49 : Player #0 LarzuK disconnected
﻿20:59:55 : RCon admin #0: (To juandayz) BEC : You have about 30 seconds left to join the mission.
﻿21:00:02 : Lost Connection!
﻿21:00:02 : Closing socket & exiting!
﻿21:05:03 : Rcon client logging in
﻿21:06:38 : Rcon client logging in
﻿21:06:38 : RCon admin #1 (127.0.0.1:57787) logged in
﻿21:06:51 : Player #0 reconnect (181.31.146.206:2304) connected
﻿21:06:52 : Player #0 reconnect - GUID: bce9001abea802948b7f28a9f2de533e (unverified)
﻿21:06:52 : Verified GUID (bce9001abea802948b7f28a9f2de533e) of player #0 reconnect
﻿21:06:52 : Player #0 reconnect - Legacy GUID: 30e1b7957008270cda72e13e47f13b54
﻿21:07:59 : Player #0 reconnect disconnected
﻿21:07:59 : Player #1 LarzuK (186.56.20.115:2304) connected
﻿21:07:59 : Player #2 juandayz (190.137.237.207:2304) connected
﻿21:07:59 : Player #3 reconnect (181.31.146.206:2304) connected
﻿21:08:00 : Player #3 reconnect - GUID: bce9001abea802948b7f28a9f2de533e (unverified)
﻿21:08:01 : Player #2 juandayz - GUID: d603844e2f77196bf616245ae360213b (unverified)
﻿21:08:01 : Verified GUID (bce9001abea802948b7f28a9f2de533e) of player #3 reconnect
﻿21:08:02 : Player #1 LarzuK - GUID: 830c029a6ec69a6e0563b0638ebe72b9 (unverified)
﻿21:08:02 : Verified GUID (d603844e2f77196bf616245ae360213b) of player #2 juandayz
﻿21:08:02 : Player #2 juandayz - Legacy GUID: a5aa074813dab730e26d67b8a0a0af6c
﻿21:08:02 : Player #3 reconnect - Legacy GUID: 30e1b7957008270cda72e13e47f13b54
﻿21:08:03 : Player #1 LarzuK - Legacy GUID: 36a4a2b1fb2e23467aba15c0a1207080
﻿21:08:04 : Verified GUID (830c029a6ec69a6e0563b0638ebe72b9) of player #1 LarzuK
﻿21:11:04 : Player #1 LarzuK disconnected
﻿21:11:56 : Player #0 LarzuK (186.56.20.115:2304) connected
﻿21:11:57 : Player #0 LarzuK - GUID: 830c029a6ec69a6e0563b0638ebe72b9 (unverified)
﻿21:11:58 : Player #0 LarzuK - Legacy GUID: 36a4a2b1fb2e23467aba15c0a1207080
﻿21:11:58 : Verified GUID (830c029a6ec69a6e0563b0638ebe72b9) of player #0 LarzuK
﻿21:20:55 : Player #1 jMM (181.90.208.119:2304) connected
﻿21:20:56 : Player #1 jMM - GUID: 913b39b17254f42b00ea6b77f6073e03 (unverified)
﻿21:20:56 : Verified GUID (913b39b17254f42b00ea6b77f6073e03) of player #1 jMM
﻿21:20:57 : Player #1 jMM - Legacy GUID: 01217e9601e6bab57c854ab87e8d121c
﻿21:27:43 : Player #0 LarzuK disconnected
﻿21:36:13 : Player #0 Pampita (179.24.194.7:2304) connected
﻿21:36:14 : Player #0 Pampita - GUID: 7722b37782b63ac5e8d338480fc6e78d (unverified)
﻿21:36:14 : Verified GUID (7722b37782b63ac5e8d338480fc6e78d) of player #0 Pampita
﻿21:36:15 : Player #0 Pampita - Legacy GUID: 927c488179d03fcf9aa55e882ca86653
﻿21:47:57 : Player #1 jMM disconnected
﻿21:52:34 : Player #1 jMM (181.90.208.119:2304) connected
﻿21:52:36 : Player #1 jMM - GUID: 913b39b17254f42b00ea6b77f6073e03 (unverified)
﻿21:52:36 : Verified GUID (913b39b17254f42b00ea6b77f6073e03) of player #1 jMM
﻿21:52:37 : Player #1 jMM - Legacy GUID: 01217e9601e6bab57c854ab87e8d121c
﻿21:58:30 : Player #4 Andres (186.78.10.33:14765) connected
﻿21:58:32 : Player #4 Andres - GUID: 7484ac33727747dde09d759ef9fabc26 (unverified)
﻿21:58:32 : Verified GUID (7484ac33727747dde09d759ef9fabc26) of player #4 Andres
﻿21:58:33 : Player #4 Andres - Legacy GUID: 835399d33e70997674986fbac7a66678
﻿21:58:33 : Player #4 Andres disconnected
﻿22:01:48 : Player #1 jMM disconnected
﻿22:16:08 : RCon admin #0: (Global) [ChukyN] hay un crater de armas en el medio de la prision jojo
﻿22:17:08 : RCon admin #0: (Global) [ChukyN] una verde
﻿22:36:51 : Player #0 Pampita disconnected
﻿22:38:08 : Player #0 Pampita (179.24.194.7:2304) connected
﻿22:38:10 : Player #0 Pampita - GUID: 7722b37782b63ac5e8d338480fc6e78d (unverified)
﻿22:38:11 : Verified GUID (7722b37782b63ac5e8d338480fc6e78d) of player #0 Pampita
﻿22:38:12 : Player #0 Pampita - Legacy GUID: 927c488179d03fcf9aa55e882ca86653
﻿22:46:02 : Player #3 reconnect disconnected
﻿23:08:29 : Player #0 Pampita disconnected
﻿23:09:53 : Player #0 Dog (186.133.4.44:2304) connected
﻿23:09:54 : Player #0 Dog - GUID: 9994353d0f7cbedd9e89a12fd0aa2ecc (unverified)
﻿23:09:55 : Verified GUID (9994353d0f7cbedd9e89a12fd0aa2ecc) of player #0 Dog
﻿23:09:55 : Player #0 Dog - Legacy GUID: f9ca396a7a68d4fab607fd2ad193988a
﻿23:17:37 : RCon admin #0: (Global) [ChukyN] Buenas
﻿23:28:21 : Player #1 Cololaucha (186.137.37.134:2304) connected
﻿23:28:21 : Player #1 Cololaucha disconnected
﻿23:33:38 : RCon admin #0: (Global) [ChukyN] Esta AFK posteando giladas en facebook el gil
﻿23:34:48 : Player #1 Ivan (190.139.244.251:2304) connected
﻿23:34:50 : Player #1 Ivan - GUID: 49dc619c3c0601b71fe2e4085a7e3d9d (unverified)
﻿23:34:50 : Verified GUID (49dc619c3c0601b71fe2e4085a7e3d9d) of player #1 Ivan
﻿23:34:51 : Player #1 Ivan - Legacy GUID: 4b4daf3a8a09f39c8698e527aff3ed31
﻿23:35:39 : RCon admin #0: (Global) [ChukyN] El tema de que este ON o no depende del VPS, en el cual no tenemos control, si se cae la conexion del VPS se cae el server. Y el tema de los resets fue uno solo y por el hecho de que se puso un dayz normal que nunca guardo datos en la BD
﻿23:37:50 : RCon admin #0: (Global) [ChukyN] Buenas Ivan
﻿23:39:50 : Player #2 juandayz (d603844e2f77196bf616245ae360213b) has been kicked by BattlEye: Client not responding
﻿23:43:25 : RCon admin #0: (Global) [ChukyN] Las misiones no deberian de desaparecer si  hay alguien a 600 metros
﻿23:43:52 : RCon admin #0: (Global) [ChukyN] ahhh cagaste entonces
﻿23:44:15 : RCon admin #0: (Global) [ChukyN] por mas que les tires si no hay alguien dentro de esa distancia el timer corre y desaparecen
﻿23:44:34 : RCon admin #0: (Global) [ChukyN] Si, las misiones hay que hacerla de varios ,estan saladas
﻿23:44:45 : RCon admin #0: (Global) [ChukyN] Yo con mis amigos la hacemos de a 3, y morimos mas de una vez
﻿23:45:00 : RCon admin #1: (Global) BEC : This server will restart in 15 minutes
﻿23:49:41 : Player #2 Cololaucha (186.137.37.134:2304) connected
﻿23:49:42 : Player #2 Cololaucha disconnected
﻿23:50:07 : RCon admin #0: (Global) [ChukyN] Los puntos verdes son las paradas que hace el trader movil
﻿23:50:20 : RCon admin #0: (Global) [ChukyN] si miras mas de cerca hay un punto aazul que se mueve
﻿23:50:22 : RCon admin #0: (Global) [ChukyN] ese es el trader
﻿23:50:46 : Player #0 Dog (9994353d0f7cbedd9e89a12fd0aa2ecc) has been kicked by BattlEye: Client not responding
﻿23:55:00 : RCon admin #1: (Global) BEC : This server will restart in 5 minutes
﻿23:55:25 : Player #1 Ivan disconnected
﻿23:59:00 : RCon admin #1: (Global) BEC : This server will restart in 1 minute, Log out now!
