00:00:01 : Lost Connection!
﻿00:00:01 : Closing socket & exiting!
﻿00:01:15 : Rcon client logging in
﻿00:01:15 : RCon admin #1 (127.0.0.1:63921) logged in
﻿00:17:41 : Player #0 =[666]=Pablo_RC (181.88.211.156:2304) connected
﻿00:17:43 : Player #0 =[666]=Pablo_RC - GUID: 16ebd31255bd18b763ce392730470383 (unverified)
﻿00:17:43 : Player #0 =[666]=Pablo_RC - Legacy GUID: 62092891985ca79d88439c3834084445
﻿00:17:43 : Verified GUID (16ebd31255bd18b763ce392730470383) of player #0 =[666]=Pablo_RC
﻿01:25:56 : Player #0 =[666]=Pablo_RC disconnected
﻿02:45:00 : RCon admin #1: (Global) BEC : This server will restart in 15 minutes
﻿02:47:59 : Player #0 Paez 420 (189.171.60.86:2304) connected
﻿02:48:07 : Player #0 Paez 420 - GUID: ae4f260617b21d4fcbe091d4c1036e80 (unverified)
﻿02:48:07 : Verified GUID (ae4f260617b21d4fcbe091d4c1036e80) of player #0 Paez 420
﻿02:48:08 : Player #0 Paez 420 - Legacy GUID: 7e7f57f88d02d38821dfa06736a3d6df
﻿02:55:00 : RCon admin #1: (Global) BEC : This server will restart in 5 minutes
﻿02:59:00 : RCon admin #1: (Global) BEC : This server will restart in 1 minute, Log out now!
﻿02:59:48 : Player #0 Paez 420 disconnected
﻿03:00:01 : Lost Connection!
﻿03:00:01 : Closing socket & exiting!
﻿03:01:15 : Rcon client logging in
﻿03:01:15 : RCon admin #1 (127.0.0.1:49300) logged in
﻿03:13:21 : Player #0 Paez 420 (189.171.60.86:2304) connected
﻿03:13:23 : Player #0 Paez 420 - GUID: ae4f260617b21d4fcbe091d4c1036e80 (unverified)
﻿03:13:23 : Player #0 Paez 420 - Legacy GUID: 7e7f57f88d02d38821dfa06736a3d6df
﻿03:13:23 : Verified GUID (ae4f260617b21d4fcbe091d4c1036e80) of player #0 Paez 420
﻿03:19:01 : Player #1 jecoxs (177.230.93.62:2304) connected
﻿03:19:03 : Player #1 jecoxs - GUID: 1b8d80d957fb3eeef177572126bf67cb (unverified)
﻿03:19:03 : Player #1 jecoxs - Legacy GUID: 0160438fc9954a7f002128545ffa9f83
﻿03:19:04 : Verified GUID (1b8d80d957fb3eeef177572126bf67cb) of player #1 jecoxs
﻿03:24:42 : Player #2 Fidelo (189.176.25.136:2304) connected
﻿03:24:43 : Player #2 Fidelo disconnected
﻿03:24:56 : Player #2 Fidelo (189.176.25.136:2304) connected
﻿03:24:57 : Player #2 Fidelo disconnected
﻿03:25:05 : Player #2 Fidelo (189.176.25.136:2304) connected
﻿03:25:06 : Player #2 Fidelo disconnected
﻿03:31:25 : RCon admin #1: (To jecoxs) BEC : You have about 60 seconds left to join the mission.
﻿03:31:56 : RCon admin #1: (To jecoxs) BEC : You have about 30 seconds left to join the mission.
﻿03:32:11 : RCon admin #1: (To jecoxs) BEC : You have about 15 seconds left to join the mission.
﻿03:32:25 : Player #1 jecoxs (1b8d80d957fb3eeef177572126bf67cb) has been kicked by BattlEye: Admin Kick (BEC : Lobby idling to long)
﻿03:33:09 : Player #1 Fidelo (189.176.25.136:2304) connected
﻿03:33:10 : Player #1 Fidelo disconnected
﻿03:37:45 : Player #1 jecoxs (177.230.93.62:2304) connected
﻿03:37:46 : Player #1 jecoxs - GUID: 1b8d80d957fb3eeef177572126bf67cb (unverified)
﻿03:37:47 : Verified GUID (1b8d80d957fb3eeef177572126bf67cb) of player #1 jecoxs
﻿03:37:47 : Player #1 jecoxs - Legacy GUID: 0160438fc9954a7f002128545ffa9f83
﻿03:58:28 : Player #2 Fidelo (189.176.25.136:2304) connected
﻿03:58:34 : Player #2 Fidelo - GUID: 8c8ac97fe5ddb2c80bcdbbfde594a69c (unverified)
﻿03:58:35 : Player #2 Fidelo - Legacy GUID: 65de53aeee9befe0ecf3b4838c2698c6
﻿03:58:35 : Verified GUID (8c8ac97fe5ddb2c80bcdbbfde594a69c) of player #2 Fidelo
﻿04:01:05 : Player #2 Fidelo - Legacy GUID: 65de53aeee9befe0ecf3b4838c2698c6
﻿04:02:33 : Player #3 Obama (191.247.235.37:42002) connected
﻿04:02:58 : Player #3 Obama - GUID: 6cfde8bbebd87570d71e56d45495fcca (unverified)
﻿04:02:59 : Verified GUID (6cfde8bbebd87570d71e56d45495fcca) of player #3 Obama
﻿04:02:59 : Player #3 Obama - Owner GUID: 80104f610be3bafaeeec4c753c10b7b7
﻿04:03:00 : Player #3 Obama - Legacy GUID: ea05452098dece76028b3e8963607750
﻿04:03:08 : Player #3 Obama disconnected
﻿04:28:01 : Player #3 aDxQbex (179.186.230.136:2304) connected
﻿04:28:02 : Player #3 aDxQbex - GUID: 6966272525f011984d5fcff9135e0995 (unverified)
﻿04:28:03 : Verified GUID (6966272525f011984d5fcff9135e0995) of player #3 aDxQbex
﻿04:28:04 : Player #3 aDxQbex - Legacy GUID: 8c9110c4312cfad3b2b230fa439a4063
﻿04:28:04 : Player #3 aDxQbex disconnected
﻿04:48:53 : Player #2 Fidelo (8c8ac97fe5ddb2c80bcdbbfde594a69c) has been kicked by BattlEye: Ping too high (546)
﻿04:49:00 : Player #1 jecoxs disconnected
﻿04:49:12 : Player #1 Fidelo (189.176.25.136:2304) connected
﻿04:49:13 : Player #1 Fidelo - GUID: 8c8ac97fe5ddb2c80bcdbbfde594a69c (unverified)
﻿04:49:14 : Verified GUID (8c8ac97fe5ddb2c80bcdbbfde594a69c) of player #1 Fidelo
﻿04:49:14 : Player #1 Fidelo - Legacy GUID: 65de53aeee9befe0ecf3b4838c2698c6
﻿04:49:17 : Player #0 Paez 420 disconnected
﻿05:17:51 : Player #1 Fidelo disconnected
﻿05:45:00 : RCon admin #1: (Global) BEC : This server will restart in 15 minutes
﻿05:55:00 : RCon admin #1: (Global) BEC : This server will restart in 5 minutes
﻿05:59:00 : RCon admin #1: (Global) BEC : This server will restart in 1 minute, Log out now!
﻿06:00:01 : Lost Connection!
﻿06:00:01 : Closing socket & exiting!
﻿06:01:15 : Rcon client logging in
﻿06:01:15 : RCon admin #1 (127.0.0.1:56389) logged in
﻿06:56:13 : Player #0 JF (190.185.192.18:26512) connected
﻿06:56:16 : Player #0 JF - GUID: 93a2a9d9bc7acb34122becec3305fde7 (unverified)
﻿06:56:16 : Verified GUID (93a2a9d9bc7acb34122becec3305fde7) of player #0 JF
﻿06:56:17 : Player #0 JF - Legacy GUID: 1e3460faa1452299ec3b5f220fe797e0
﻿07:25:13 : Player #0 JF (93a2a9d9bc7acb34122becec3305fde7) has been kicked by BattlEye: Ping too high (764)
﻿07:27:36 : Player #0 JF (190.185.192.18:26512) connected
﻿07:27:37 : Player #0 JF - GUID: 93a2a9d9bc7acb34122becec3305fde7 (unverified)
﻿07:27:37 : Verified GUID (93a2a9d9bc7acb34122becec3305fde7) of player #0 JF
﻿07:27:38 : Player #0 JF - Legacy GUID: 1e3460faa1452299ec3b5f220fe797e0
﻿08:14:59 : Player #1 Nikyta (181.167.248.65:2304) connected
﻿08:15:00 : Player #1 Nikyta - GUID: d18bc2163de1a6abe8924f2e0788680b (unverified)
﻿08:15:00 : Verified GUID (d18bc2163de1a6abe8924f2e0788680b) of player #1 Nikyta
﻿08:15:01 : Player #1 Nikyta - Legacy GUID: d294364f535d1f02da4e01c50aaec207
﻿08:15:58 : Player #0 JF disconnected
﻿08:45:00 : RCon admin #1: (Global) BEC : This server will restart in 15 minutes
﻿08:55:00 : RCon admin #1: (Global) BEC : This server will restart in 5 minutes
﻿08:55:53 : Player #1 Nikyta (d18bc2163de1a6abe8924f2e0788680b) has been kicked by BattlEye: Client not responding
﻿08:59:00 : RCon admin #1: (Global) BEC : This server will restart in 1 minute, Log out now!
﻿09:00:01 : Lost Connection!
﻿09:00:01 : Closing socket & exiting!
﻿09:01:15 : Rcon client logging in
﻿09:01:15 : RCon admin #1 (127.0.0.1:57675) logged in
﻿11:45:00 : RCon admin #1: (Global) BEC : This server will restart in 15 minutes
﻿11:55:00 : RCon admin #1: (Global) BEC : This server will restart in 5 minutes
﻿11:59:00 : RCon admin #1: (Global) BEC : This server will restart in 1 minute, Log out now!
﻿12:00:02 : Lost Connection!
﻿12:00:02 : Closing socket & exiting!
﻿12:01:07 : Rcon client logging in
﻿12:01:07 : RCon admin #1 (127.0.0.1:53860) logged in
﻿12:36:18 : Player #0 JF (190.185.192.18:26512) connected
﻿12:36:21 : Player #0 JF - GUID: 93a2a9d9bc7acb34122becec3305fde7 (unverified)
﻿12:36:21 : Verified GUID (93a2a9d9bc7acb34122becec3305fde7) of player #0 JF
﻿12:36:22 : Player #0 JF - Legacy GUID: 1e3460faa1452299ec3b5f220fe797e0
﻿12:59:20 : Player #0 JF (93a2a9d9bc7acb34122becec3305fde7) has been kicked by BattlEye: Client not responding
﻿13:48:47 : Player #0 JF (190.185.192.18:26512) connected
﻿13:48:49 : Player #0 JF - GUID: 93a2a9d9bc7acb34122becec3305fde7 (unverified)
﻿13:48:49 : Verified GUID (93a2a9d9bc7acb34122becec3305fde7) of player #0 JF
﻿13:48:49 : Player #0 JF - Legacy GUID: 1e3460faa1452299ec3b5f220fe797e0
﻿14:45:00 : RCon admin #1: (Global) BEC : This server will restart in 15 minutes
﻿14:55:00 : RCon admin #1: (Global) BEC : This server will restart in 5 minutes
﻿14:59:00 : RCon admin #1: (Global) BEC : This server will restart in 1 minute, Log out now!
﻿15:00:01 : Lost Connection!
﻿15:00:01 : Closing socket & exiting!
﻿15:01:15 : Rcon client logging in
﻿15:01:15 : RCon admin #1 (127.0.0.1:64178) logged in
﻿15:04:38 : Player #0 JF (190.185.192.18:26512) connected
﻿15:04:39 : Player #0 JF - GUID: 93a2a9d9bc7acb34122becec3305fde7 (unverified)
﻿15:04:39 : Player #0 JF - Legacy GUID: 1e3460faa1452299ec3b5f220fe797e0
﻿15:04:40 : Verified GUID (93a2a9d9bc7acb34122becec3305fde7) of player #0 JF
﻿15:05:10 : Player #1 Nikolaidys (190.16.77.151:2304) connected
﻿15:05:47 : Player #1 Nikolaidys - GUID: a332046dd65cfeb5c31a12074f0368b7 (unverified)
﻿15:05:47 : Player #1 Nikolaidys - Legacy GUID: ccaeabfb0875d9adad29bf24bf5f5596
﻿15:05:47 : Verified GUID (a332046dd65cfeb5c31a12074f0368b7) of player #1 Nikolaidys
﻿15:28:40 : Player #1 Nikolaidys disconnected
﻿15:47:37 : Player #1 FIN4LShare (177.154.8.126:2304) connected
﻿15:47:38 : Player #1 FIN4LShare - GUID: d4cd999756c3b7742306dd967dcf9a54 (unverified)
﻿15:47:39 : Verified GUID (d4cd999756c3b7742306dd967dcf9a54) of player #1 FIN4LShare
﻿15:47:40 : Player #1 FIN4LShare - Legacy GUID: cbd67b2c90a885cb5aa8bc1280925a58
﻿16:05:04 : Player #2 [WG] SnakeGeneral (191.32.145.239:2304) connected
﻿16:05:05 : Player #2 [WG] SnakeGeneral - GUID: 181db932e18c373dea58c91a9b7034bf (unverified)
﻿16:05:06 : Verified GUID (181db932e18c373dea58c91a9b7034bf) of player #2 [WG] SnakeGeneral
﻿16:05:06 : Player #2 [WG] SnakeGeneral - Legacy GUID: 855ed08988c3abe5e44ce3742718c692
﻿16:13:16 : Player #0 JF disconnected
﻿17:16:38 : Player #0 Joel (179.186.212.33:2304) connected
﻿17:16:40 : Player #0 Joel - GUID: e675a0aef35c4559d8f690a102e0ace4 (unverified)
﻿17:16:40 : Verified GUID (e675a0aef35c4559d8f690a102e0ace4) of player #0 Joel
﻿17:16:41 : Player #0 Joel - Legacy GUID: 3b789d34ef55d2e63df4b269a015c5a5
﻿17:16:41 : Player #0 Joel disconnected
﻿17:45:00 : RCon admin #1: (Global) BEC : This server will restart in 15 minutes
﻿17:48:57 : Player #0 Azrael1x (191.80.246.133:2304) connected
﻿17:48:58 : Player #0 Azrael1x - GUID: f3bbe77e31363319b3378084ddcb86d8 (unverified)
﻿17:48:59 : Verified GUID (f3bbe77e31363319b3378084ddcb86d8) of player #0 Azrael1x
﻿17:48:59 : Player #0 Azrael1x - Legacy GUID: 872394ca0b82ad6e77d13dc8f5141d95
﻿17:55:00 : RCon admin #1: (Global) BEC : This server will restart in 5 minutes
﻿17:57:21 : Player #2 [WG] SnakeGeneral disconnected
﻿17:58:38 : Player #1 FIN4LShare disconnected
﻿17:59:00 : RCon admin #1: (Global) BEC : This server will restart in 1 minute, Log out now!
﻿18:00:01 : Lost Connection!
﻿18:00:01 : Closing socket & exiting!
﻿18:01:15 : Rcon client logging in
﻿18:01:15 : RCon admin #1 (127.0.0.1:62084) logged in
﻿18:03:32 : Player #0 Azrael1x (191.80.246.133:2304) connected
﻿18:03:33 : Player #0 Azrael1x - GUID: f3bbe77e31363319b3378084ddcb86d8 (unverified)
﻿18:03:33 : Player #0 Azrael1x - Legacy GUID: 872394ca0b82ad6e77d13dc8f5141d95
﻿18:03:33 : Verified GUID (f3bbe77e31363319b3378084ddcb86d8) of player #0 Azrael1x
﻿18:07:03 : Player #1 [WG] SnakeGeneral (191.32.145.239:2304) connected
﻿18:07:04 : Player #1 [WG] SnakeGeneral - GUID: 181db932e18c373dea58c91a9b7034bf (unverified)
﻿18:07:04 : Verified GUID (181db932e18c373dea58c91a9b7034bf) of player #1 [WG] SnakeGeneral
﻿18:07:05 : Player #1 [WG] SnakeGeneral - Legacy GUID: 855ed08988c3abe5e44ce3742718c692
﻿18:09:49 : Player #2 FIN4LShare (177.154.8.126:2304) connected
﻿18:09:50 : Player #2 FIN4LShare - GUID: d4cd999756c3b7742306dd967dcf9a54 (unverified)
﻿18:09:50 : Verified GUID (d4cd999756c3b7742306dd967dcf9a54) of player #2 FIN4LShare
﻿18:09:51 : Player #2 FIN4LShare - Legacy GUID: cbd67b2c90a885cb5aa8bc1280925a58
﻿18:28:21 : Player #3 Marce (201.212.210.156:2304) connected
﻿18:28:22 : Player #3 Marce - GUID: b66dc87af0eac158f6edbcfcbd7bab77 (unverified)
﻿18:28:23 : Verified GUID (b66dc87af0eac158f6edbcfcbd7bab77) of player #3 Marce
﻿18:28:24 : Player #3 Marce - Legacy GUID: 269fbbed9654a4cbd6dbdda405f1c11e
﻿18:28:34 : Player #3 Marce disconnected
﻿18:41:21 : Player #0 Azrael1x disconnected
﻿20:32:35 : Player #0 Edreth (200.83.109.102:2304) connected
﻿20:32:36 : Player #0 Edreth - GUID: 966f188304e70bf8a0e91fa8c60dcfc3 (unverified)
﻿20:32:37 : Player #0 Edreth - Legacy GUID: 0acf394f7100253e34d6e7b5925ac2ee
﻿20:32:37 : Verified GUID (966f188304e70bf8a0e91fa8c60dcfc3) of player #0 Edreth
﻿20:45:00 : RCon admin #1: (Global) BEC : This server will restart in 15 minutes
﻿20:55:00 : RCon admin #1: (Global) BEC : This server will restart in 5 minutes
﻿20:59:00 : RCon admin #1: (Global) BEC : Server restart in 1 minute, Log out NOW!
﻿21:00:01 : Lost Connection!
﻿21:00:01 : Closing socket & exiting!
﻿21:01:52 : Rcon client logging in
﻿21:02:10 : RCon admin #0 (127.0.0.1:58199) logged in
﻿21:03:18 : RCon admin #1 (127.0.0.1:58200) logged in
﻿21:04:12 : Player #1 [WG] SnakeGeneral (191.32.145.239:2304) connected
﻿21:04:13 : Player #1 [WG] SnakeGeneral - GUID: 181db932e18c373dea58c91a9b7034bf (unverified)
﻿21:04:13 : Verified GUID (181db932e18c373dea58c91a9b7034bf) of player #1 [WG] SnakeGeneral
﻿21:04:14 : Player #1 [WG] SnakeGeneral - Legacy GUID: 855ed08988c3abe5e44ce3742718c692
﻿21:04:29 : Player #2 A-Gusto (181.95.85.45:2304) connected
﻿21:04:31 : Player #2 A-Gusto - GUID: b3242e53507c0c26bc03e49a518eddd4 (unverified)
﻿21:04:31 : Verified GUID (b3242e53507c0c26bc03e49a518eddd4) of player #2 A-Gusto
﻿21:04:32 : Player #2 A-Gusto - Legacy GUID: af4f485211c601a2929da6a53bccc6ba
﻿21:04:41 : Player #3 Edreth (200.83.109.102:2304) connected
﻿21:04:42 : Player #3 Edreth - GUID: 966f188304e70bf8a0e91fa8c60dcfc3 (unverified)
﻿21:04:43 : Verified GUID (966f188304e70bf8a0e91fa8c60dcfc3) of player #3 Edreth
﻿21:04:44 : Player #3 Edreth - Legacy GUID: 0acf394f7100253e34d6e7b5925ac2ee
﻿21:06:58 : Player #0 La culisuelta disconnected
﻿21:07:48 : Player #0 La culisuelta (190.30.94.21:2304) connected
﻿21:07:49 : Player #0 La culisuelta - GUID: d603844e2f77196bf616245ae360213b (unverified)
﻿21:07:50 : Verified GUID (d603844e2f77196bf616245ae360213b) of player #0 La culisuelta
﻿21:07:50 : Player #0 La culisuelta - Legacy GUID: a5aa074813dab730e26d67b8a0a0af6c
﻿21:13:22 : Player #4 FIN4LShare (177.154.8.126:2304) connected
﻿21:13:24 : Player #4 FIN4LShare - GUID: d4cd999756c3b7742306dd967dcf9a54 (unverified)
﻿21:13:24 : Player #4 FIN4LShare - Legacy GUID: cbd67b2c90a885cb5aa8bc1280925a58
﻿21:13:24 : Verified GUID (d4cd999756c3b7742306dd967dcf9a54) of player #4 FIN4LShare
﻿21:15:09 : Player #2 A-Gusto disconnected
﻿21:21:19 : Player #2 JF (190.185.192.18:26512) connected
﻿21:21:20 : Player #2 JF - GUID: 93a2a9d9bc7acb34122becec3305fde7 (unverified)
﻿21:21:21 : Verified GUID (93a2a9d9bc7acb34122becec3305fde7) of player #2 JF
﻿21:21:21 : Player #2 JF - Legacy GUID: 1e3460faa1452299ec3b5f220fe797e0
﻿21:34:02 : Player #5 Martin (190.229.154.220:21068) connected
﻿21:34:03 : Player #5 Martin - GUID: 703d893b6bf1557ae16142cf543d32cc (unverified)
﻿21:34:04 : Player #5 Martin - Legacy GUID: 382fee06702df42ac9dac21a97529ab9
﻿21:34:04 : Verified GUID (703d893b6bf1557ae16142cf543d32cc) of player #5 Martin
﻿21:34:05 : Player #5 Martin disconnected
﻿21:34:14 : Player #5 Martin (190.229.154.220:21068) connected
﻿21:34:15 : Player #5 Martin - GUID: 703d893b6bf1557ae16142cf543d32cc (unverified)
﻿21:34:15 : Verified GUID (703d893b6bf1557ae16142cf543d32cc) of player #5 Martin
﻿21:34:16 : Player #5 Martin - Legacy GUID: 382fee06702df42ac9dac21a97529ab9
﻿21:34:17 : Player #5 Martin disconnected
﻿21:41:26 : Player #0 La culisuelta (d603844e2f77196bf616245ae360213b) has been kicked by BattlEye: Client not responding
﻿22:04:09 : Player #3 Edreth disconnected
﻿22:13:07 : Player #0 orlando (181.162.136.150:2304) connected
﻿22:13:09 : Player #0 orlando - GUID: 2119857232a60787255b45be9f5006b2 (unverified)
﻿22:13:10 : Player #0 orlando - Legacy GUID: 621155b1bf8729c56e4b03464eef6efe
﻿22:13:10 : Verified GUID (2119857232a60787255b45be9f5006b2) of player #0 orlando
﻿22:18:42 : Player #3 torabe (190.195.150.4:2304) connected
﻿22:18:43 : Player #3 torabe - GUID: e964b3921006bf92ef98b1a1d3d40bd4 (unverified)
﻿22:18:44 : Verified GUID (e964b3921006bf92ef98b1a1d3d40bd4) of player #3 torabe
﻿22:18:44 : Player #3 torabe - Legacy GUID: 99b7d1a5e7b75a962c55e64eb46aaed3
﻿22:18:45 : Player #3 torabe disconnected
﻿22:20:49 : Player #3 torabe (190.195.150.4:5806) connected
﻿22:20:50 : Player #3 torabe - GUID: e964b3921006bf92ef98b1a1d3d40bd4 (unverified)
﻿22:20:51 : Player #3 torabe - Legacy GUID: 99b7d1a5e7b75a962c55e64eb46aaed3
﻿22:20:51 : Verified GUID (e964b3921006bf92ef98b1a1d3d40bd4) of player #3 torabe
﻿22:25:40 : Player #5 A-Gusto (181.95.85.45:2304) connected
﻿22:25:41 : Player #5 A-Gusto - GUID: b3242e53507c0c26bc03e49a518eddd4 (unverified)
﻿22:25:42 : Verified GUID (b3242e53507c0c26bc03e49a518eddd4) of player #5 A-Gusto
﻿22:25:43 : Player #5 A-Gusto - Legacy GUID: af4f485211c601a2929da6a53bccc6ba
﻿22:28:08 : Player #5 A-Gusto disconnected
﻿22:33:21 : Player #1 [WG] SnakeGeneral disconnected
﻿22:33:32 : Player #0 orlando (2119857232a60787255b45be9f5006b2) has been kicked by BattlEye: Client not responding
﻿22:33:33 : Player #3 torabe (e964b3921006bf92ef98b1a1d3d40bd4) has been kicked by BattlEye: Client not responding
﻿22:33:33 : Player #2 JF (93a2a9d9bc7acb34122becec3305fde7) has been kicked by BattlEye: Client not responding
﻿22:33:34 : Player #4 FIN4LShare (d4cd999756c3b7742306dd967dcf9a54) has been kicked by BattlEye: Client not responding
﻿22:36:17 : Player #0 [WG] SnakeGeneral (191.32.145.239:1024) connected
﻿22:36:18 : Player #0 [WG] SnakeGeneral - GUID: 181db932e18c373dea58c91a9b7034bf (unverified)
﻿22:36:18 : Verified GUID (181db932e18c373dea58c91a9b7034bf) of player #0 [WG] SnakeGeneral
﻿22:36:19 : Player #0 [WG] SnakeGeneral - Legacy GUID: 855ed08988c3abe5e44ce3742718c692
﻿22:37:55 : Player #1 FIN4LShare (177.154.8.126:1024) connected
﻿22:37:57 : Player #1 FIN4LShare - GUID: d4cd999756c3b7742306dd967dcf9a54 (unverified)
﻿22:37:57 : Player #1 FIN4LShare - Legacy GUID: cbd67b2c90a885cb5aa8bc1280925a58
﻿22:37:57 : Verified GUID (d4cd999756c3b7742306dd967dcf9a54) of player #1 FIN4LShare
﻿22:41:17 : Player #2 Rommel (190.55.73.20:2304) connected
﻿22:41:18 : Player #2 Rommel - GUID: 29a83207389761e3d0de5001adad23ae (unverified)
﻿22:41:19 : Player #2 Rommel - Legacy GUID: 5f61754db7818be31d8f5ddf89a4c082
﻿22:41:27 : Verified GUID (29a83207389761e3d0de5001adad23ae) of player #2 Rommel
﻿22:47:10 : Player #2 Rommel disconnected
﻿22:47:37 : Player #2 JF (190.185.192.18:26512) connected
﻿22:47:38 : Player #2 JF - GUID: 93a2a9d9bc7acb34122becec3305fde7 (unverified)
﻿22:47:39 : Verified GUID (93a2a9d9bc7acb34122becec3305fde7) of player #2 JF
﻿22:47:39 : Player #2 JF - Legacy GUID: 1e3460faa1452299ec3b5f220fe797e0
﻿22:56:52 : Player #3 A-Gusto (181.95.85.45:2304) connected
﻿22:56:53 : Player #3 A-Gusto - GUID: b3242e53507c0c26bc03e49a518eddd4 (unverified)
﻿22:56:53 : Verified GUID (b3242e53507c0c26bc03e49a518eddd4) of player #3 A-Gusto
﻿22:56:54 : Player #3 A-Gusto - Legacy GUID: af4f485211c601a2929da6a53bccc6ba
﻿22:56:56 : Player #3 A-Gusto - Legacy GUID: af4f485211c601a2929da6a53bccc6ba
﻿23:04:16 : Player #1 FIN4LShare (d4cd999756c3b7742306dd967dcf9a54) has been kicked by BattlEye: Client not responding
﻿23:09:02 : RCon admin #0: (To A-Gusto) BEC : You have about 60 seconds left to join the mission.
﻿23:09:33 : RCon admin #0: (To A-Gusto) BEC : You have about 30 seconds left to join the mission.
﻿23:09:48 : RCon admin #0: (To A-Gusto) BEC : You have about 15 seconds left to join the mission.
﻿23:10:02 : Player #3 A-Gusto (b3242e53507c0c26bc03e49a518eddd4) has been kicked by BattlEye: Admin Kick (BEC : Lobby idling to long)
﻿23:16:19 : Player #0 [WG] SnakeGeneral disconnected
﻿23:22:38 : Player #0 KEVINTHUNDER (200.3.172.35:2304) connected
﻿23:22:40 : Player #0 KEVINTHUNDER - GUID: efd43ab1f11502449a3a92283bd03529 (unverified)
﻿23:22:40 : Player #0 KEVINTHUNDER - Legacy GUID: 63a449e139ce803345d6db2f1c9bf652
﻿23:22:41 : Verified GUID (efd43ab1f11502449a3a92283bd03529) of player #0 KEVINTHUNDER
﻿23:22:41 : Player #0 KEVINTHUNDER disconnected
﻿23:29:48 : Player #0 diego curiqueo (190.22.117.197:28977) connected
﻿23:29:49 : Player #0 diego curiqueo - GUID: 29febaabf24f76a76fd86d89a0636d83 (unverified)
﻿23:29:50 : Verified GUID (29febaabf24f76a76fd86d89a0636d83) of player #0 diego curiqueo
﻿23:29:50 : Player #0 diego curiqueo - Legacy GUID: 4e3aed3c84d906108eb1062869c64cae
﻿23:29:52 : Player #0 diego curiqueo disconnected
﻿23:31:01 : Player #0 Bad Guy (24.232.71.49:2304) connected
﻿23:31:02 : Player #0 Bad Guy - GUID: dda8f26d97fcb7ca8899f7f65d8536cf (unverified)
﻿23:31:03 : Verified GUID (dda8f26d97fcb7ca8899f7f65d8536cf) of player #0 Bad Guy
﻿23:31:04 : Player #0 Bad Guy - Legacy GUID: e63f5403618860de28c9af75ce0b2365
﻿23:44:41 : Player #1 Nikyta (181.167.248.65:2304) connected
﻿23:44:42 : Player #1 Nikyta - GUID: d18bc2163de1a6abe8924f2e0788680b (unverified)
﻿23:44:42 : Verified GUID (d18bc2163de1a6abe8924f2e0788680b) of player #1 Nikyta
﻿23:44:43 : Player #1 Nikyta - Legacy GUID: d294364f535d1f02da4e01c50aaec207
﻿23:45:00 : RCon admin #0: (Global) BEC : This server will restart in 15 minutes
﻿23:55:00 : RCon admin #0: (Global) BEC : This server will restart in 5 minutes
﻿23:57:51 : Player #1 Nikyta disconnected
﻿23:59:00 : RCon admin #0: (Global) BEC : This server will restart in 1 minute, Log out now!
﻿23:59:31 : Player #0 Bad Guy disconnected
