00:00:01 : Lost Connection!
﻿00:00:01 : Closing socket & exiting!
﻿00:01:15 : Rcon client logging in
﻿00:01:15 : RCon admin #0 (127.0.0.1:59414) logged in
﻿02:45:00 : RCon admin #0: (Global) BEC : This server will restart in 15 minutes
﻿02:55:00 : RCon admin #0: (Global) BEC : This server will restart in 5 minutes
﻿02:59:00 : RCon admin #0: (Global) BEC : This server will restart in 1 minute, Log out now!
﻿03:00:01 : Lost Connection!
﻿03:00:01 : Closing socket & exiting!
﻿03:01:07 : Rcon client logging in
﻿03:01:07 : RCon admin #0 (127.0.0.1:49310) logged in
﻿05:45:00 : RCon admin #0: (Global) BEC : This server will restart in 15 minutes
﻿05:55:00 : RCon admin #0: (Global) BEC : This server will restart in 5 minutes
﻿05:59:00 : RCon admin #0: (Global) BEC : This server will restart in 1 minute, Log out now!
﻿06:00:02 : Lost Connection!
﻿06:00:02 : Closing socket & exiting!
﻿06:01:07 : Rcon client logging in
﻿06:01:07 : RCon admin #0 (127.0.0.1:60021) logged in
﻿08:45:00 : RCon admin #0: (Global) BEC : This server will restart in 15 minutes
﻿08:55:00 : RCon admin #0: (Global) BEC : This server will restart in 5 minutes
﻿08:59:00 : RCon admin #0: (Global) BEC : This server will restart in 1 minute, Log out now!
﻿09:00:02 : Lost Connection!
﻿09:00:02 : Closing socket & exiting!
﻿09:01:06 : Rcon client logging in
﻿09:01:06 : RCon admin #0 (127.0.0.1:65059) logged in
﻿10:44:31 : Player #0 Nikyta (181.167.248.65:2304) connected
﻿10:44:33 : Player #0 Nikyta - GUID: d18bc2163de1a6abe8924f2e0788680b (unverified)
﻿10:44:33 : Verified GUID (d18bc2163de1a6abe8924f2e0788680b) of player #0 Nikyta
﻿10:44:35 : Player #0 Nikyta - Legacy GUID: d294364f535d1f02da4e01c50aaec207
﻿11:25:06 : RCon admin #0: (To Nikyta) BEC : You have about 60 seconds left to join the mission.
﻿11:25:38 : RCon admin #0: (To Nikyta) BEC : You have about 30 seconds left to join the mission.
﻿11:25:52 : RCon admin #0: (To Nikyta) BEC : You have about 15 seconds left to join the mission.
﻿11:26:06 : Player #0 Nikyta (d18bc2163de1a6abe8924f2e0788680b) has been kicked by BattlEye: Admin Kick (BEC : Lobby idling to long)
﻿11:45:00 : RCon admin #0: (Global) BEC : This server will restart in 15 minutes
﻿11:55:00 : RCon admin #0: (Global) BEC : This server will restart in 5 minutes
﻿11:59:00 : RCon admin #0: (Global) BEC : This server will restart in 1 minute, Log out now!
﻿12:00:01 : Lost Connection!
﻿12:00:01 : Closing socket & exiting!
﻿12:01:15 : Rcon client logging in
﻿12:01:15 : RCon admin #0 (127.0.0.1:58036) logged in
﻿12:25:15 : Lost Connection!
﻿12:25:15 : Closing socket & exiting!
﻿12:27:36 : Rcon client logging in
﻿12:27:36 : RCon admin #0 (127.0.0.1:52174) logged in
﻿12:42:55 : Player #0 FIN4LShare (187.63.65.37:2304) connected
﻿12:42:57 : Player #0 FIN4LShare - GUID: d4cd999756c3b7742306dd967dcf9a54 (unverified)
﻿12:42:57 : Player #0 FIN4LShare - Legacy GUID: cbd67b2c90a885cb5aa8bc1280925a58
﻿12:42:57 : Verified GUID (d4cd999756c3b7742306dd967dcf9a54) of player #0 FIN4LShare
﻿12:55:25 : Player #1 JF (190.185.192.18:26512) connected
﻿12:55:26 : Player #1 JF - GUID: 93a2a9d9bc7acb34122becec3305fde7 (unverified)
﻿12:55:27 : Verified GUID (93a2a9d9bc7acb34122becec3305fde7) of player #1 JF
﻿12:55:27 : Player #1 JF - Legacy GUID: 1e3460faa1452299ec3b5f220fe797e0
﻿13:04:31 : Player #0 FIN4LShare disconnected
﻿13:05:06 : Player #0 Nikyta (181.167.248.65:2304) connected
﻿13:05:08 : Player #0 Nikyta - GUID: d18bc2163de1a6abe8924f2e0788680b (unverified)
﻿13:05:08 : Verified GUID (d18bc2163de1a6abe8924f2e0788680b) of player #0 Nikyta
﻿13:05:09 : Player #0 Nikyta - Legacy GUID: d294364f535d1f02da4e01c50aaec207
﻿13:16:56 : Player #1 JF disconnected
﻿13:34:45 : Player #1 Bad Guy (24.232.71.49:2304) connected
﻿13:34:46 : Player #1 Bad Guy - GUID: dda8f26d97fcb7ca8899f7f65d8536cf (unverified)
﻿13:34:47 : Verified GUID (dda8f26d97fcb7ca8899f7f65d8536cf) of player #1 Bad Guy
﻿13:34:47 : Player #1 Bad Guy - Legacy GUID: e63f5403618860de28c9af75ce0b2365
﻿13:36:49 : Player #2 Guazon (190.162.165.181:2304) connected
﻿13:36:50 : Player #2 Guazon - GUID: 7228b7c93ac43fc0517bbab3d0c62237 (unverified)
﻿13:36:51 : Verified GUID (7228b7c93ac43fc0517bbab3d0c62237) of player #2 Guazon
﻿13:36:51 : Player #2 Guazon disconnected
﻿13:58:56 : RCon admin #0: (To Bad Guy) BEC : You have about 60 seconds left to join the mission.
﻿13:59:27 : RCon admin #0: (To Bad Guy) BEC : You have about 30 seconds left to join the mission.
﻿13:59:41 : RCon admin #0: (To Bad Guy) BEC : You have about 15 seconds left to join the mission.
﻿13:59:56 : Player #1 Bad Guy (dda8f26d97fcb7ca8899f7f65d8536cf) has been kicked by BattlEye: Admin Kick (BEC : Lobby idling to long)
﻿14:02:20 : Player #1 Bad Guy (24.232.71.49:2304) connected
﻿14:02:21 : Player #1 Bad Guy - GUID: dda8f26d97fcb7ca8899f7f65d8536cf (unverified)
﻿14:02:22 : Verified GUID (dda8f26d97fcb7ca8899f7f65d8536cf) of player #1 Bad Guy
﻿14:02:22 : Player #1 Bad Guy - Legacy GUID: e63f5403618860de28c9af75ce0b2365
﻿14:45:00 : RCon admin #0: (Global) BEC : This server will restart in 15 minutes
﻿14:55:00 : RCon admin #0: (Global) BEC : This server will restart in 5 minutes
﻿14:58:21 : Player #1 Bad Guy disconnected
﻿14:59:00 : RCon admin #0: (Global) BEC : This server will restart in 1 minute, Log out now!
﻿15:00:03 : Lost Connection!
﻿15:00:03 : Closing socket & exiting!
﻿15:01:15 : Rcon client logging in
﻿15:01:15 : RCon admin #0 (127.0.0.1:54131) logged in
﻿15:18:45 : Player #0 Nikyta (181.167.248.65:2304) connected
﻿15:18:47 : Player #0 Nikyta - GUID: d18bc2163de1a6abe8924f2e0788680b (unverified)
﻿15:18:47 : Player #0 Nikyta - Legacy GUID: d294364f535d1f02da4e01c50aaec207
﻿15:18:47 : Verified GUID (d18bc2163de1a6abe8924f2e0788680b) of player #0 Nikyta
﻿16:20:38 : Player #1 Bad Guy (24.232.71.49:2304) connected
﻿16:20:40 : Player #1 Bad Guy - GUID: dda8f26d97fcb7ca8899f7f65d8536cf (unverified)
﻿16:20:40 : Verified GUID (dda8f26d97fcb7ca8899f7f65d8536cf) of player #1 Bad Guy
﻿16:20:41 : Player #1 Bad Guy - Legacy GUID: e63f5403618860de28c9af75ce0b2365
﻿16:21:13 : Player #1 Bad Guy disconnected
﻿17:24:05 : Player #1 FIN4LShare (187.63.65.37:2304) connected
﻿17:24:06 : Player #1 FIN4LShare - GUID: d4cd999756c3b7742306dd967dcf9a54 (unverified)
﻿17:24:06 : Verified GUID (d4cd999756c3b7742306dd967dcf9a54) of player #1 FIN4LShare
﻿17:24:07 : Player #1 FIN4LShare - Legacy GUID: cbd67b2c90a885cb5aa8bc1280925a58
﻿17:40:59 : Player #2 [WG] SnakeGeneral (191.248.194.206:2304) connected
﻿17:41:00 : Player #2 [WG] SnakeGeneral - GUID: 181db932e18c373dea58c91a9b7034bf (unverified)
﻿17:41:00 : Verified GUID (181db932e18c373dea58c91a9b7034bf) of player #2 [WG] SnakeGeneral
﻿17:41:01 : Player #2 [WG] SnakeGeneral - Legacy GUID: 855ed08988c3abe5e44ce3742718c692
﻿17:45:00 : RCon admin #0: (Global) BEC : This server will restart in 15 minutes
﻿17:53:28 : Player #2 [WG] SnakeGeneral disconnected
﻿17:55:00 : RCon admin #0: (Global) BEC : This server will restart in 5 minutes
﻿17:55:06 : Player #0 Nikyta disconnected
﻿17:58:54 : Player #0 Bad Guy (24.232.71.49:2304) connected
﻿17:58:55 : Player #0 Bad Guy - GUID: dda8f26d97fcb7ca8899f7f65d8536cf (unverified)
﻿17:58:56 : Verified GUID (dda8f26d97fcb7ca8899f7f65d8536cf) of player #0 Bad Guy
﻿17:58:56 : Player #0 Bad Guy - Legacy GUID: e63f5403618860de28c9af75ce0b2365
﻿17:59:00 : RCon admin #0: (Global) BEC : This server will restart in 1 minute, Log out now!
﻿17:59:32 : RCon admin #0: (To FIN4LShare) BEC : You have about 60 seconds left to join the mission.
﻿18:00:01 : Lost Connection!
﻿18:00:01 : Closing socket & exiting!
﻿18:01:15 : Rcon client logging in
﻿18:01:18 : RCon admin #0 (127.0.0.1:54364) logged in
﻿18:01:53 : Player #1 Bad Guy (24.232.71.49:2304) connected
﻿18:01:54 : Player #1 Bad Guy - GUID: dda8f26d97fcb7ca8899f7f65d8536cf (unverified)
﻿18:01:56 : Verified GUID (dda8f26d97fcb7ca8899f7f65d8536cf) of player #1 Bad Guy
﻿18:01:56 : Player #1 Bad Guy - Legacy GUID: e63f5403618860de28c9af75ce0b2365
﻿18:02:52 : Player #2 FIN4LShare (187.63.65.37:2304) connected
﻿18:02:53 : Player #2 FIN4LShare - GUID: d4cd999756c3b7742306dd967dcf9a54 (unverified)
﻿18:02:53 : Verified GUID (d4cd999756c3b7742306dd967dcf9a54) of player #2 FIN4LShare
﻿18:02:54 : Player #2 FIN4LShare - Legacy GUID: cbd67b2c90a885cb5aa8bc1280925a58
﻿18:03:11 : Player #2 FIN4LShare disconnected
﻿18:08:06 : Player #0 Nikyta disconnected
﻿18:48:05 : Player #1 Bad Guy disconnected
﻿18:49:57 : RCon admin #1 (127.0.0.1:55021) logged in
﻿18:50:04 : Lost Connection!
﻿18:50:04 : Closing socket & exiting!
﻿18:58:46 : Rcon client logging in
﻿18:58:46 : RCon admin #0 (127.0.0.1:63038) logged in
﻿18:59:09 : Player #0 Noelia Pompa (190.139.31.191:2304) connected
﻿18:59:10 : Player #0 Noelia Pompa - GUID: d603844e2f77196bf616245ae360213b (unverified)
﻿18:59:11 : Verified GUID (d603844e2f77196bf616245ae360213b) of player #0 Noelia Pompa
﻿18:59:11 : Player #0 Noelia Pompa - Legacy GUID: a5aa074813dab730e26d67b8a0a0af6c
﻿19:11:19 : Player #1 [WG] SnakeGeneral (191.248.194.206:2304) connected
﻿19:11:20 : Player #1 [WG] SnakeGeneral - GUID: 181db932e18c373dea58c91a9b7034bf (unverified)
﻿19:11:20 : Verified GUID (181db932e18c373dea58c91a9b7034bf) of player #1 [WG] SnakeGeneral
﻿19:11:21 : Player #1 [WG] SnakeGeneral - Legacy GUID: 855ed08988c3abe5e44ce3742718c692
﻿19:14:38 : Player #2 FIN4LShare (187.63.65.37:2304) connected
﻿19:14:40 : Player #2 FIN4LShare - GUID: d4cd999756c3b7742306dd967dcf9a54 (unverified)
﻿19:14:40 : Verified GUID (d4cd999756c3b7742306dd967dcf9a54) of player #2 FIN4LShare
﻿19:14:41 : Player #2 FIN4LShare - Legacy GUID: cbd67b2c90a885cb5aa8bc1280925a58
﻿19:28:44 : Player #3 Nikyta (181.167.248.65:2304) connected
﻿19:28:45 : Player #3 Nikyta - GUID: d18bc2163de1a6abe8924f2e0788680b (unverified)
﻿19:28:46 : Verified GUID (d18bc2163de1a6abe8924f2e0788680b) of player #3 Nikyta
﻿19:28:46 : Player #3 Nikyta - Legacy GUID: d294364f535d1f02da4e01c50aaec207
﻿19:38:18 : Player #4 Martin (179.26.119.136:2304) connected
﻿19:38:20 : Player #4 Martin - GUID: c1f15018261fe96bd6e6b7c778f410d9 (unverified)
﻿19:38:20 : Verified GUID (c1f15018261fe96bd6e6b7c778f410d9) of player #4 Martin
﻿19:38:20 : Player #4 Martin - Legacy GUID: 68e09345ba9dac09e09ee076e7b8cd97
﻿19:46:39 : RCon admin #1 (127.0.0.1:58681) logged in
﻿19:47:06 : RCon admin #1: (To Martin) [juandayz] bienvenido martin!
﻿19:50:10 : RCon admin #1: (Global) [juandayz] hola gente
﻿19:50:42 : Player #0 Noelia Pompa disconnected
﻿19:51:55 : Player #0 Juan (190.211.10.79:2304) connected
﻿19:51:56 : Player #0 Juan - GUID: b480e3b5533cadb7e1eb0157eef0213e (unverified)
﻿19:51:57 : Player #0 Juan - Legacy GUID: 5d0ec01fb88689751ba3eb45ea24f7e8
﻿19:51:57 : Verified GUID (b480e3b5533cadb7e1eb0157eef0213e) of player #0 Juan
﻿20:03:23 : Player #5 adm#2 (190.139.31.191:2304) connected
﻿20:03:24 : Player #5 adm#2 - GUID: d603844e2f77196bf616245ae360213b (unverified)
﻿20:03:25 : Verified GUID (d603844e2f77196bf616245ae360213b) of player #5 adm#2
﻿20:03:25 : Player #5 adm#2 - Legacy GUID: a5aa074813dab730e26d67b8a0a0af6c
﻿20:15:53 : Player #1 [WG] SnakeGeneral disconnected
﻿20:18:13 : Player #1 Leodagos (186.135.35.66:29278) connected
﻿20:18:14 : Player #1 Leodagos - GUID: 927032c3d7c1139aff0ff09424d46da1 (unverified)
﻿20:18:15 : Verified GUID (927032c3d7c1139aff0ff09424d46da1) of player #1 Leodagos
﻿20:18:15 : Player #1 Leodagos - Legacy GUID: d7639dceb9588d3b0ab85f82e92ff8de
﻿20:25:45 : Player #1 Leodagos disconnected
﻿20:33:23 : Player #0 Juan disconnected
﻿20:34:55 : Player #0 Juan (190.211.10.79:2304) connected
﻿20:34:57 : Player #0 Juan - GUID: b480e3b5533cadb7e1eb0157eef0213e (unverified)
﻿20:34:57 : Player #0 Juan - Legacy GUID: 5d0ec01fb88689751ba3eb45ea24f7e8
﻿20:34:57 : Verified GUID (b480e3b5533cadb7e1eb0157eef0213e) of player #0 Juan
﻿20:35:27 : Player #4 Martin disconnected
﻿20:36:45 : Player #0 Juan disconnected
﻿20:45:00 : RCon admin #0: (Global) BEC : This server will restart in 15 minutes
﻿20:55:00 : RCon admin #0: (Global) BEC : This server will restart in 5 minutes
﻿20:56:37 : Player #3 Nikyta disconnected
﻿20:59:00 : RCon admin #0: (Global) BEC : Server restart in 1 minute, Log out NOW!
﻿21:00:01 : Lost Connection!
﻿21:00:01 : Closing socket & exiting!
﻿21:01:15 : Rcon client logging in
﻿21:01:15 : RCon admin #1 (127.0.0.1:56152) logged in
﻿21:09:41 : Player #0 Nikyta (181.167.248.65:2304) connected
﻿21:09:42 : Player #0 Nikyta - GUID: d18bc2163de1a6abe8924f2e0788680b (unverified)
﻿21:09:42 : Player #0 Nikyta - Legacy GUID: d294364f535d1f02da4e01c50aaec207
﻿21:09:43 : Verified GUID (d18bc2163de1a6abe8924f2e0788680b) of player #0 Nikyta
﻿21:23:37 : Player #1 FIN4LShare (187.63.65.37:2304) connected
﻿21:23:39 : Player #1 FIN4LShare - GUID: d4cd999756c3b7742306dd967dcf9a54 (unverified)
﻿21:23:39 : Player #1 FIN4LShare - Legacy GUID: cbd67b2c90a885cb5aa8bc1280925a58
﻿21:23:40 : Verified GUID (d4cd999756c3b7742306dd967dcf9a54) of player #1 FIN4LShare
﻿21:26:24 : Player #2 Pope (190.172.128.218:2304) connected
﻿21:26:25 : Player #3 Jiva (201.253.143.29:2304) connected
﻿21:26:25 : Player #2 Pope - GUID: f382470234cb9df7618d858f7234275e (unverified)
﻿21:26:26 : Verified GUID (f382470234cb9df7618d858f7234275e) of player #2 Pope
﻿21:26:26 : Player #3 Jiva - GUID: 4c4b88a6428f22d6689ecb1d06f6e707 (unverified)
﻿21:26:27 : Player #2 Pope - Legacy GUID: 77d762ecd2816da9ebb3624aab213970
﻿21:26:27 : Verified GUID (4c4b88a6428f22d6689ecb1d06f6e707) of player #3 Jiva
﻿21:26:27 : Player #3 Jiva - Legacy GUID: 48744852978c905c9431e3263ecda76b
﻿21:29:00 : Player #4 adm#2 (201.253.221.124:2304) connected
﻿21:29:01 : Player #4 adm#2 - GUID: d603844e2f77196bf616245ae360213b (unverified)
﻿21:29:02 : Verified GUID (d603844e2f77196bf616245ae360213b) of player #4 adm#2
﻿21:29:02 : Player #4 adm#2 - Legacy GUID: a5aa074813dab730e26d67b8a0a0af6c
﻿21:29:05 : Player #4 adm#2 disconnected
﻿21:29:23 : RCon admin #1: (To FIN4LShare) BEC : You have about 60 seconds left to join the mission.
﻿21:29:26 : RCon admin #0: (To Jiva) [juandayz] bienvenido jiva
﻿21:29:54 : RCon admin #1: (To FIN4LShare) BEC : You have about 30 seconds left to join the mission.
﻿21:29:58 : Player #4 Juan Pablo (190.18.190.108:2304) connected
﻿21:29:59 : Player #4 Juan Pablo - GUID: 57a145d1acdffcf08b6f74798526945d (unverified)
﻿21:29:59 : Verified GUID (57a145d1acdffcf08b6f74798526945d) of player #4 Juan Pablo
﻿21:30:00 : Player #4 Juan Pablo disconnected
﻿21:30:08 : RCon admin #1: (To FIN4LShare) BEC : You have about 15 seconds left to join the mission.
﻿21:30:23 : Player #1 FIN4LShare (d4cd999756c3b7742306dd967dcf9a54) has been kicked by BattlEye: Admin Kick (BEC : Lobby idling to long)
﻿21:44:30 : Player #1 painful (190.176.202.36:2304) connected
﻿21:44:31 : Player #1 painful - GUID: ec001a362bbe563fe15e2a379f7b4658 (unverified)
﻿21:44:31 : Verified GUID (ec001a362bbe563fe15e2a379f7b4658) of player #1 painful
﻿21:44:32 : Player #1 painful - Legacy GUID: a79bb2e77b8f096cc080a3cf3facf265
﻿21:45:36 : Player #1 painful disconnected
﻿21:48:55 : Player #0 Nikyta disconnected
﻿22:14:07 : Player #0 Nikyta (181.167.248.65:2304) connected
﻿22:14:08 : Player #0 Nikyta - GUID: d18bc2163de1a6abe8924f2e0788680b (unverified)
﻿22:14:09 : Verified GUID (d18bc2163de1a6abe8924f2e0788680b) of player #0 Nikyta
﻿22:14:09 : Player #0 Nikyta - Legacy GUID: d294364f535d1f02da4e01c50aaec207
﻿22:41:53 : Player #2 Pope disconnected
﻿22:41:56 : Player #3 Jiva disconnected
﻿23:23:53 : Player #1 jecoxs (177.230.93.62:2304) connected
﻿23:23:55 : Player #1 jecoxs - GUID: 1b8d80d957fb3eeef177572126bf67cb (unverified)
﻿23:23:56 : Player #1 jecoxs - Legacy GUID: 0160438fc9954a7f002128545ffa9f83
﻿23:23:56 : Verified GUID (1b8d80d957fb3eeef177572126bf67cb) of player #1 jecoxs
﻿23:32:14 : Player #1 jecoxs disconnected
﻿23:42:25 : Player #1 FIN4LShare (187.63.65.37:2304) connected
﻿23:42:26 : Player #1 FIN4LShare - GUID: d4cd999756c3b7742306dd967dcf9a54 (unverified)
﻿23:42:27 : Verified GUID (d4cd999756c3b7742306dd967dcf9a54) of player #1 FIN4LShare
﻿23:42:27 : Player #1 FIN4LShare - Legacy GUID: cbd67b2c90a885cb5aa8bc1280925a58
﻿23:45:00 : RCon admin #1: (Global) BEC : This server will restart in 15 minutes
﻿23:55:00 : RCon admin #1: (Global) BEC : This server will restart in 5 minutes
﻿23:55:32 : Player #1 FIN4LShare disconnected
﻿23:59:00 : RCon admin #1: (Global) BEC : This server will restart in 1 minute, Log out now!
