00:00:01 : Lost Connection!
﻿00:00:01 : Closing socket & exiting!
﻿00:01:06 : Rcon client logging in
﻿00:01:06 : RCon admin #0 (127.0.0.1:65441) logged in
﻿00:26:06 : Player #0 JF (190.185.192.18:26512) connected
﻿00:26:08 : Player #0 JF - GUID: 93a2a9d9bc7acb34122becec3305fde7 (unverified)
﻿00:26:08 : Player #0 JF - Legacy GUID: 1e3460faa1452299ec3b5f220fe797e0
﻿00:26:08 : Verified GUID (93a2a9d9bc7acb34122becec3305fde7) of player #0 JF
﻿02:45:00 : RCon admin #0: (Global) BEC : This server will restart in 15 minutes
﻿02:55:00 : RCon admin #0: (Global) BEC : This server will restart in 5 minutes
﻿02:59:00 : RCon admin #0: (Global) BEC : This server will restart in 1 minute, Log out now!
﻿02:59:05 : Player #0 JF disconnected
﻿03:00:01 : Lost Connection!
﻿03:00:01 : Closing socket & exiting!
﻿03:01:15 : Rcon client logging in
﻿03:01:15 : RCon admin #0 (127.0.0.1:65522) logged in
﻿03:16:17 : Player #0 JF (190.185.192.18:26512) connected
﻿03:16:19 : Player #0 JF - GUID: 93a2a9d9bc7acb34122becec3305fde7 (unverified)
﻿03:16:19 : Player #0 JF - Legacy GUID: 1e3460faa1452299ec3b5f220fe797e0
﻿03:16:19 : Verified GUID (93a2a9d9bc7acb34122becec3305fde7) of player #0 JF
﻿03:32:43 : Player #1 hitziquer (181.231.177.216:16193) connected
﻿03:32:44 : Player #1 hitziquer - GUID: bd5c559d22136d17ec04a08945e4890e (unverified)
﻿03:32:44 : Verified GUID (bd5c559d22136d17ec04a08945e4890e) of player #1 hitziquer
﻿03:32:45 : Player #1 hitziquer - Legacy GUID: 7bb4213c17e8aa8dc9dbfde0c8c2f9ba
﻿03:38:25 : Player #1 hitziquer disconnected
﻿05:45:00 : RCon admin #0: (Global) BEC : This server will restart in 15 minutes
﻿05:55:00 : RCon admin #0: (Global) BEC : This server will restart in 5 minutes
﻿05:59:00 : RCon admin #0: (Global) BEC : This server will restart in 1 minute, Log out now!
﻿05:59:30 : Player #0 JF disconnected
﻿06:00:01 : Lost Connection!
﻿06:00:01 : Closing socket & exiting!
﻿06:01:15 : Rcon client logging in
﻿06:01:15 : RCon admin #0 (127.0.0.1:51702) logged in
﻿06:05:21 : Player #0 JF (190.185.192.18:26512) connected
﻿06:05:24 : Player #0 JF - GUID: 93a2a9d9bc7acb34122becec3305fde7 (unverified)
﻿06:05:24 : Verified GUID (93a2a9d9bc7acb34122becec3305fde7) of player #0 JF
﻿06:05:25 : Player #0 JF - Legacy GUID: 1e3460faa1452299ec3b5f220fe797e0
﻿06:47:19 : Player #0 JF disconnected
﻿08:45:00 : RCon admin #0: (Global) BEC : This server will restart in 15 minutes
﻿08:55:00 : RCon admin #0: (Global) BEC : This server will restart in 5 minutes
﻿08:59:00 : RCon admin #0: (Global) BEC : This server will restart in 1 minute, Log out now!
﻿09:00:01 : Lost Connection!
﻿09:00:01 : Closing socket & exiting!
﻿09:01:15 : Rcon client logging in
﻿09:01:15 : RCon admin #0 (127.0.0.1:60059) logged in
﻿09:01:51 : Player #0 Davi (190.11.112.109:2304) connected
﻿09:01:54 : Player #0 Davi disconnected
﻿09:27:36 : Player #0 Davi (190.11.112.109:2304) connected
﻿09:27:38 : Player #0 Davi - GUID: df77d315b5a5c9a84d7c1ff837023058 (unverified)
﻿09:27:38 : Player #0 Davi - Legacy GUID: a57008907b09c5041803c401831d6370
﻿09:27:40 : Verified GUID (df77d315b5a5c9a84d7c1ff837023058) of player #0 Davi
﻿09:28:55 : Player #0 Davi disconnected
﻿09:31:02 : Player #0 Davi (190.11.112.109:2304) connected
﻿09:31:03 : Player #0 Davi - GUID: df77d315b5a5c9a84d7c1ff837023058 (unverified)
﻿09:31:03 : Player #0 Davi - Legacy GUID: a57008907b09c5041803c401831d6370
﻿09:31:04 : Verified GUID (df77d315b5a5c9a84d7c1ff837023058) of player #0 Davi
﻿09:31:08 : Player #0 Davi disconnected
﻿11:45:00 : RCon admin #0: (Global) BEC : This server will restart in 15 minutes
﻿11:55:00 : RCon admin #0: (Global) BEC : This server will restart in 5 minutes
﻿11:59:00 : RCon admin #0: (Global) BEC : This server will restart in 1 minute, Log out now!
﻿12:00:01 : Lost Connection!
﻿12:00:01 : Closing socket & exiting!
﻿12:01:15 : Rcon client logging in
﻿12:01:15 : RCon admin #0 (127.0.0.1:53916) logged in
﻿12:33:51 : Player #0 JF (190.185.192.18:26512) connected
﻿12:33:52 : Player #0 JF - Legacy GUID: 1e3460faa1452299ec3b5f220fe797e0
﻿12:33:52 : Player #0 JF - GUID: 93a2a9d9bc7acb34122becec3305fde7 (unverified)
﻿12:33:53 : Verified GUID (93a2a9d9bc7acb34122becec3305fde7) of player #0 JF
﻿13:18:16 : RCon admin #1 (127.0.0.1:55782) logged in
﻿13:18:31 : RCon admin #1: (Global) [juandayz] como va JF
﻿14:45:00 : RCon admin #0: (Global) BEC : This server will restart in 15 minutes
﻿14:55:00 : RCon admin #0: (Global) BEC : This server will restart in 5 minutes
﻿14:59:00 : RCon admin #0: (Global) BEC : This server will restart in 1 minute, Log out now!
﻿14:59:57 : Player #0 JF disconnected
﻿15:00:01 : Lost Connection!
﻿15:00:01 : Closing socket & exiting!
﻿15:01:15 : Rcon client logging in
﻿15:01:15 : RCon admin #1 (127.0.0.1:59427) logged in
﻿16:14:30 : Player #0 Bayron (201.214.98.41:2304) connected
﻿16:14:34 : Player #0 Bayron disconnected
﻿16:59:42 : Player #0 Nikyta (190.244.45.71:2304) connected
﻿16:59:43 : Player #0 Nikyta - GUID: d18bc2163de1a6abe8924f2e0788680b (unverified)
﻿16:59:43 : Verified GUID (d18bc2163de1a6abe8924f2e0788680b) of player #0 Nikyta
﻿16:59:44 : Player #0 Nikyta - Legacy GUID: d294364f535d1f02da4e01c50aaec207
﻿17:06:34 : Player #0 Nikyta (d18bc2163de1a6abe8924f2e0788680b) has been kicked by BattlEye: Client not responding
﻿17:09:26 : Player #0 Nikyta (190.244.45.71:1024) connected
﻿17:09:27 : Player #0 Nikyta - GUID: d18bc2163de1a6abe8924f2e0788680b (unverified)
﻿17:09:27 : Verified GUID (d18bc2163de1a6abe8924f2e0788680b) of player #0 Nikyta
﻿17:09:28 : Player #0 Nikyta - Legacy GUID: d294364f535d1f02da4e01c50aaec207
﻿17:12:15 : Player #0 Nikyta (d18bc2163de1a6abe8924f2e0788680b) has been kicked by BattlEye: Client not responding
﻿17:23:25 : Player #0 jhonnywalker (190.226.90.135:2304) connected
﻿17:23:27 : Player #0 jhonnywalker - GUID: d603844e2f77196bf616245ae360213b (unverified)
﻿17:23:28 : Verified GUID (d603844e2f77196bf616245ae360213b) of player #0 jhonnywalker
﻿17:23:29 : Player #0 jhonnywalker - Legacy GUID: a5aa074813dab730e26d67b8a0a0af6c
﻿17:23:37 : Player #0 jhonnywalker disconnected
﻿17:23:41 : Player #0 jhonnywalker (190.226.90.135:2304) connected
﻿17:23:42 : Player #0 jhonnywalker - GUID: d603844e2f77196bf616245ae360213b (unverified)
﻿17:23:42 : Verified GUID (d603844e2f77196bf616245ae360213b) of player #0 jhonnywalker
﻿17:23:43 : Player #0 jhonnywalker - Legacy GUID: a5aa074813dab730e26d67b8a0a0af6c
﻿17:27:03 : Player #0 jhonnywalker (d603844e2f77196bf616245ae360213b) has been kicked by BattlEye: Client not responding
﻿17:45:00 : RCon admin #1: (Global) BEC : This server will restart in 15 minutes
﻿17:55:00 : RCon admin #1: (Global) BEC : This server will restart in 5 minutes
﻿17:59:00 : RCon admin #1: (Global) BEC : This server will restart in 1 minute, Log out now!
﻿18:00:01 : Lost Connection!
﻿18:00:01 : Closing socket & exiting!
﻿18:01:15 : Rcon client logging in
﻿18:01:15 : RCon admin #1 (127.0.0.1:62651) logged in
﻿18:02:34 : Player #0 Nikyta (190.244.45.71:2304) connected
﻿18:02:35 : Player #0 Nikyta - GUID: d18bc2163de1a6abe8924f2e0788680b (unverified)
﻿18:02:36 : Verified GUID (d18bc2163de1a6abe8924f2e0788680b) of player #0 Nikyta
﻿18:02:36 : Player #0 Nikyta - Legacy GUID: d294364f535d1f02da4e01c50aaec207
﻿18:11:18 : Player #1 [DMN]-Mario (179.60.255.227:2304) connected
﻿18:11:20 : Player #1 [DMN]-Mario - GUID: 90efe9555b6c518bdd5ab751845d62ac (unverified)
﻿18:11:21 : Player #1 [DMN]-Mario - Legacy GUID: 56ac695fcf6c9ba0429307fd875141a4
﻿18:11:24 : Verified GUID (90efe9555b6c518bdd5ab751845d62ac) of player #1 [DMN]-Mario
﻿18:11:45 : Player #1 [DMN]-Mario disconnected
﻿18:23:39 : Player #1 [DMN]-Mario (179.60.255.227:2304) connected
﻿18:23:40 : Player #1 [DMN]-Mario - GUID: 90efe9555b6c518bdd5ab751845d62ac (unverified)
﻿18:23:41 : Verified GUID (90efe9555b6c518bdd5ab751845d62ac) of player #1 [DMN]-Mario
﻿18:23:42 : Player #1 [DMN]-Mario - Legacy GUID: 56ac695fcf6c9ba0429307fd875141a4
﻿18:56:39 : Player #1 [DMN]-Mario (90efe9555b6c518bdd5ab751845d62ac) has been kicked by BattlEye: Ping too high (1061)
﻿19:05:14 : Player #1 [DMN]-Mario (179.60.255.227:2304) connected
﻿19:05:17 : Player #1 [DMN]-Mario - GUID: 90efe9555b6c518bdd5ab751845d62ac (unverified)
﻿19:05:17 : Player #1 [DMN]-Mario - Legacy GUID: 56ac695fcf6c9ba0429307fd875141a4
﻿19:05:17 : Verified GUID (90efe9555b6c518bdd5ab751845d62ac) of player #1 [DMN]-Mario
﻿19:11:24 : Failed to receive from BE Master (2)
﻿19:11:24 : Update attempt failed
﻿19:11:24 : Player #0 Nikyta (d18bc2163de1a6abe8924f2e0788680b) has been kicked by BattlEye: Client not responding
﻿19:11:24 : Player #1 [DMN]-Mario (90efe9555b6c518bdd5ab751845d62ac) has been kicked by BattlEye: Client not responding
﻿19:15:11 : Player #0 [DMN]-Mario (179.60.255.227:1024) connected
﻿19:15:13 : Player #0 [DMN]-Mario - GUID: 90efe9555b6c518bdd5ab751845d62ac (unverified)
﻿19:15:13 : Player #0 [DMN]-Mario - Legacy GUID: 56ac695fcf6c9ba0429307fd875141a4
﻿19:15:13 : Verified GUID (90efe9555b6c518bdd5ab751845d62ac) of player #0 [DMN]-Mario
﻿19:16:25 : Player #0 [DMN]-Mario disconnected
﻿19:21:12 : Player #0 [DMN]-Mario (179.60.255.227:1024) connected
﻿19:21:15 : Player #0 [DMN]-Mario - GUID: 90efe9555b6c518bdd5ab751845d62ac (unverified)
﻿19:21:15 : Verified GUID (90efe9555b6c518bdd5ab751845d62ac) of player #0 [DMN]-Mario
﻿19:21:16 : Player #0 [DMN]-Mario - Legacy GUID: 56ac695fcf6c9ba0429307fd875141a4
﻿19:21:28 : Player #0 [DMN]-Mario disconnected
﻿20:45:00 : RCon admin #1: (Global) BEC : This server will restart in 15 minutes
﻿20:55:00 : RCon admin #1: (Global) BEC : This server will restart in 5 minutes
﻿20:59:00 : RCon admin #1: (Global) BEC : Server restart in 1 minute, Log out NOW!
﻿21:00:01 : Lost Connection!
﻿21:00:01 : Closing socket & exiting!
﻿21:01:15 : Rcon client logging in
﻿21:01:15 : RCon admin #2 (127.0.0.1:54892) logged in
﻿21:28:10 : Player #0 JF (190.185.192.18:26512) connected
﻿21:28:12 : Player #0 JF - Legacy GUID: 1e3460faa1452299ec3b5f220fe797e0
﻿21:28:12 : Player #0 JF - GUID: 93a2a9d9bc7acb34122becec3305fde7 (unverified)
﻿21:28:13 : Verified GUID (93a2a9d9bc7acb34122becec3305fde7) of player #0 JF
﻿22:19:36 : Player #1 Gerardo (190.45.210.186:2304) connected
﻿22:19:37 : Player #1 Gerardo - GUID: c8876b4ef894098791cfc0f6b2be71fc (unverified)
﻿22:19:38 : Verified GUID (c8876b4ef894098791cfc0f6b2be71fc) of player #1 Gerardo
﻿22:19:38 : Player #1 Gerardo disconnected
﻿23:34:26 : Player #1 TWC Torabe (190.195.150.4:2304) connected
﻿23:34:27 : Player #1 TWC Torabe - GUID: e964b3921006bf92ef98b1a1d3d40bd4 (unverified)
﻿23:34:27 : Verified GUID (e964b3921006bf92ef98b1a1d3d40bd4) of player #1 TWC Torabe
﻿23:34:28 : Player #1 TWC Torabe - Legacy GUID: 99b7d1a5e7b75a962c55e64eb46aaed3
﻿23:36:08 : Player #1 TWC Torabe (e964b3921006bf92ef98b1a1d3d40bd4) has been kicked by BattlEye: Client not responding
﻿23:45:00 : RCon admin #2: (Global) BEC : This server will restart in 15 minutes
﻿23:55:00 : RCon admin #2: (Global) BEC : This server will restart in 5 minutes
﻿23:58:41 : Player #0 JF disconnected
﻿23:59:00 : RCon admin #2: (Global) BEC : This server will restart in 1 minute, Log out now!
