00:00:02 : Lost Connection!
﻿00:00:02 : Closing socket & exiting!
﻿00:01:15 : Rcon client logging in
﻿00:01:15 : RCon admin #0 (127.0.0.1:62336) logged in
﻿00:01:30 : Player #0 JF (190.185.192.18:26512) connected
﻿00:01:31 : Player #0 JF - GUID: 93a2a9d9bc7acb34122becec3305fde7 (unverified)
﻿00:01:32 : Verified GUID (93a2a9d9bc7acb34122becec3305fde7) of player #0 JF
﻿00:01:32 : Player #0 JF - Legacy GUID: 1e3460faa1452299ec3b5f220fe797e0
﻿00:02:30 : Player #1 edgar (189.194.23.186:2304) connected
﻿00:02:31 : Player #1 edgar - GUID: f437a82e55f1e066995fbf75e961723e (unverified)
﻿00:02:33 : Verified GUID (f437a82e55f1e066995fbf75e961723e) of player #1 edgar
﻿00:02:33 : Player #1 edgar - Legacy GUID: 34a707cdfc6309ba56617169fdf6b2d9
﻿00:20:07 : Player #2 Cololaucha (186.137.37.134:2304) connected
﻿00:20:08 : Player #2 Cololaucha - GUID: d49e38305d82ca36199ed2470f6f1a58 (unverified)
﻿00:20:09 : Verified GUID (d49e38305d82ca36199ed2470f6f1a58) of player #2 Cololaucha
﻿00:20:09 : Player #2 Cololaucha - Legacy GUID: c9ab14dfb9c618cd64cc88d1f1e1de42
﻿01:06:56 : Player #2 Cololaucha disconnected
﻿01:15:09 : Player #2 mario (190.193.209.191:2304) connected
﻿01:15:10 : Player #2 mario - GUID: 86889d96ac3dad5fb96ba4f48390ee4f (unverified)
﻿01:15:11 : Verified GUID (86889d96ac3dad5fb96ba4f48390ee4f) of player #2 mario
﻿01:15:11 : Player #2 mario - Legacy GUID: 1c07cc7f6ec628ee1b1c9f2da8396531
﻿01:15:12 : Player #2 mario disconnected
﻿01:38:00 : Player #1 edgar (f437a82e55f1e066995fbf75e961723e) has been kicked by BattlEye: Ping too high (359)
﻿01:43:56 : Player #1 edgar (189.194.23.186:2304) connected
﻿01:43:58 : Player #1 edgar - GUID: f437a82e55f1e066995fbf75e961723e (unverified)
﻿01:43:59 : Player #1 edgar - Legacy GUID: 34a707cdfc6309ba56617169fdf6b2d9
﻿01:43:59 : Verified GUID (f437a82e55f1e066995fbf75e961723e) of player #1 edgar
﻿01:47:29 : Player #1 edgar (f437a82e55f1e066995fbf75e961723e) has been kicked by BattlEye: Client not responding
﻿01:57:25 : Player #1 edgar (189.194.23.186:2304) connected
﻿01:57:26 : Player #1 edgar - GUID: f437a82e55f1e066995fbf75e961723e (unverified)
﻿01:57:27 : Player #1 edgar - Legacy GUID: 34a707cdfc6309ba56617169fdf6b2d9
﻿01:58:56 : Player #1 edgar disconnected
﻿02:00:28 : Player #1 Dog (186.133.26.20:2304) connected
﻿02:00:29 : Player #1 Dog - GUID: 9994353d0f7cbedd9e89a12fd0aa2ecc (unverified)
﻿02:00:30 : Verified GUID (9994353d0f7cbedd9e89a12fd0aa2ecc) of player #1 Dog
﻿02:00:30 : Player #1 Dog - Legacy GUID: f9ca396a7a68d4fab607fd2ad193988a
﻿02:01:00 : Player #2 edgar (189.194.23.186:2304) connected
﻿02:01:01 : Player #2 edgar - GUID: f437a82e55f1e066995fbf75e961723e (unverified)
﻿02:01:02 : Player #2 edgar - Legacy GUID: 34a707cdfc6309ba56617169fdf6b2d9
﻿02:02:32 : Player #2 edgar disconnected
﻿02:02:46 : Player #2 edgar (189.194.23.186:2304) connected
﻿02:02:48 : Player #2 edgar - GUID: f437a82e55f1e066995fbf75e961723e (unverified)
﻿02:02:48 : Player #2 edgar - Legacy GUID: 34a707cdfc6309ba56617169fdf6b2d9
﻿02:03:59 : Player #2 edgar disconnected
﻿02:04:53 : Player #2 edgar (189.194.23.186:2304) connected
﻿02:04:54 : Player #2 edgar - GUID: f437a82e55f1e066995fbf75e961723e (unverified)
﻿02:04:55 : Player #2 edgar - Legacy GUID: 34a707cdfc6309ba56617169fdf6b2d9
﻿02:05:51 : Player #2 edgar (f437a82e55f1e066995fbf75e961723e) has been kicked by BattlEye: Client not responding
﻿02:40:14 : Player #1 Dog disconnected
﻿02:45:00 : RCon admin #0: (Global) BEC : This server will restart in 15 minutes
﻿02:55:00 : RCon admin #0: (Global) BEC : This server will restart in 5 minutes
﻿02:59:00 : RCon admin #0: (Global) BEC : This server will restart in 1 minute, Log out now!
﻿02:59:08 : RCon admin #1 (127.0.0.1:60141) logged in
﻿03:00:01 : Lost Connection!
﻿03:00:01 : Closing socket & exiting!
﻿03:02:47 : Rcon client logging in
﻿03:02:47 : RCon admin #0 (127.0.0.1:57899) logged in
﻿03:03:10 : Player #0 JF (190.185.192.18:26512) connected
﻿03:03:12 : Player #0 JF - GUID: 93a2a9d9bc7acb34122becec3305fde7 (unverified)
﻿03:03:12 : Verified GUID (93a2a9d9bc7acb34122becec3305fde7) of player #0 JF
﻿03:03:12 : Player #0 JF - Legacy GUID: 1e3460faa1452299ec3b5f220fe797e0
﻿03:08:06 : Player #1 Marechal (177.133.7.191:2304) connected
﻿03:08:08 : Player #1 Marechal - GUID: ef8f7576fbb06e5175db5aa4df65f952 (unverified)
﻿03:08:08 : Verified GUID (ef8f7576fbb06e5175db5aa4df65f952) of player #1 Marechal
﻿03:08:09 : Player #1 Marechal - Legacy GUID: b5b92c0a8bf986914534ea32ba7f8ec2
﻿03:08:14 : Player #1 Marechal disconnected
﻿03:22:26 : Player #1 edgar (189.194.23.186:2304) connected
﻿03:22:28 : Player #1 edgar - GUID: f437a82e55f1e066995fbf75e961723e (unverified)
﻿03:22:28 : Verified GUID (f437a82e55f1e066995fbf75e961723e) of player #1 edgar
﻿03:22:28 : Player #1 edgar - Legacy GUID: 34a707cdfc6309ba56617169fdf6b2d9
﻿04:12:51 : Player #2 Daryl (181.90.210.214:2304) connected
﻿04:12:52 : Player #2 Daryl - GUID: cf0b984beb695f6a1509c1352c7143e6 (unverified)
﻿04:12:52 : Verified GUID (cf0b984beb695f6a1509c1352c7143e6) of player #2 Daryl
﻿04:12:53 : Player #2 Daryl - Legacy GUID: 797dcee85139da3550d13b4b5683dcad
﻿04:50:23 : Player #3 Viciuz (189.165.188.47:57978) connected
﻿04:50:25 : Player #3 Viciuz - GUID: 60fa554f2a30d6a963fb536bb87b7375 (unverified)
﻿04:50:25 : Player #3 Viciuz - Legacy GUID: 084bf2137cd7716b3086ad2aa8a97481
﻿04:50:26 : Verified GUID (60fa554f2a30d6a963fb536bb87b7375) of player #3 Viciuz
﻿05:03:52 : Could not connect to BE Master
﻿05:03:52 : Update attempt failed
﻿05:05:13 : Player #1 edgar disconnected
﻿05:05:50 : Player #0 JF disconnected
﻿05:06:44 : Player #0 edgar (189.194.23.186:2304) connected
﻿05:06:45 : Player #0 edgar - GUID: f437a82e55f1e066995fbf75e961723e (unverified)
﻿05:06:46 : Verified GUID (f437a82e55f1e066995fbf75e961723e) of player #0 edgar
﻿05:06:47 : Player #0 edgar - Legacy GUID: 34a707cdfc6309ba56617169fdf6b2d9
﻿05:07:09 : Player #1 vodka (186.129.1.57:2304) connected
﻿05:07:11 : Player #1 vodka - GUID: 9d9589c45c3ca41c83bd64095f841d95 (unverified)
﻿05:07:12 : Player #1 vodka - Legacy GUID: 90797abf15f589d7d7c70755938e2998
﻿05:08:24 : Player #1 vodka disconnected
﻿05:08:34 : Player #1 vodka (186.129.1.57:2304) connected
﻿05:08:35 : Player #1 vodka - GUID: 9d9589c45c3ca41c83bd64095f841d95 (unverified)
﻿05:08:36 : Player #1 vodka - Legacy GUID: 90797abf15f589d7d7c70755938e2998
﻿05:08:39 : Verified GUID (9d9589c45c3ca41c83bd64095f841d95) of player #1 vodka
﻿05:10:05 : Could not connect to BE Master
﻿05:10:05 : Update attempt failed
﻿05:10:05 : Player #0 edgar (f437a82e55f1e066995fbf75e961723e) has been kicked by BattlEye: Client not responding
﻿05:11:13 : Player #0 edgar (189.194.23.186:2304) connected
﻿05:11:14 : Player #0 edgar - GUID: f437a82e55f1e066995fbf75e961723e (unverified)
﻿05:11:14 : Verified GUID (f437a82e55f1e066995fbf75e961723e) of player #0 edgar
﻿05:11:15 : Player #0 edgar - Legacy GUID: 34a707cdfc6309ba56617169fdf6b2d9
﻿05:45:00 : RCon admin #0: (Global) BEC : This server will restart in 15 minutes
﻿05:50:01 : Player #2 Daryl disconnected
﻿05:55:00 : RCon admin #0: (Global) BEC : This server will restart in 5 minutes
﻿05:59:00 : RCon admin #0: (Global) BEC : This server will restart in 1 minute, Log out now!
﻿05:59:33 : Player #1 vodka disconnected
﻿05:59:38 : Player #0 edgar disconnected
﻿06:00:02 : Lost Connection!
﻿06:00:02 : Closing socket & exiting!
﻿06:01:15 : Rcon client logging in
﻿06:01:15 : RCon admin #0 (127.0.0.1:62742) logged in
﻿06:01:41 : Player #0 edgar (189.194.23.186:2304) connected
﻿06:01:43 : Player #0 edgar - Legacy GUID: 34a707cdfc6309ba56617169fdf6b2d9
﻿06:01:43 : Player #0 edgar - GUID: f437a82e55f1e066995fbf75e961723e (unverified)
﻿06:01:43 : Verified GUID (f437a82e55f1e066995fbf75e961723e) of player #0 edgar
﻿06:04:32 : Player #1 vodka (186.129.1.57:2304) connected
﻿06:04:33 : Player #1 vodka - GUID: 9d9589c45c3ca41c83bd64095f841d95 (unverified)
﻿06:04:34 : Player #1 vodka - Legacy GUID: 90797abf15f589d7d7c70755938e2998
﻿06:04:35 : Verified GUID (9d9589c45c3ca41c83bd64095f841d95) of player #1 vodka
﻿06:08:08 : Player #2 Viciuz (189.165.188.47:54708) connected
﻿06:08:10 : Player #2 Viciuz - GUID: 60fa554f2a30d6a963fb536bb87b7375 (unverified)
﻿06:08:11 : Verified GUID (60fa554f2a30d6a963fb536bb87b7375) of player #2 Viciuz
﻿06:08:11 : Player #2 Viciuz - Legacy GUID: 084bf2137cd7716b3086ad2aa8a97481
﻿07:24:20 : RCon admin #0: (To edgar) BEC : You have about 60 seconds left to join the mission.
﻿07:24:51 : RCon admin #0: (To edgar) BEC : You have about 30 seconds left to join the mission.
﻿07:25:06 : RCon admin #0: (To edgar) BEC : You have about 15 seconds left to join the mission.
﻿07:25:20 : Player #0 edgar (f437a82e55f1e066995fbf75e961723e) has been kicked by BattlEye: Admin Kick (BEC : Lobby idling to long)
﻿07:41:53 : Player #2 Viciuz disconnected
﻿07:52:17 : Player #0 edgar (189.194.23.186:2304) connected
﻿07:52:19 : Player #0 edgar - GUID: f437a82e55f1e066995fbf75e961723e (unverified)
﻿07:52:19 : Player #0 edgar - Legacy GUID: 34a707cdfc6309ba56617169fdf6b2d9
﻿07:52:19 : Verified GUID (f437a82e55f1e066995fbf75e961723e) of player #0 edgar
﻿08:14:12 : Could not connect to BE Master
﻿08:14:12 : Update attempt failed
﻿08:14:13 : Player #0 edgar (f437a82e55f1e066995fbf75e961723e) has been kicked by BattlEye: Client not responding
﻿08:14:16 : Player #1 vodka (9d9589c45c3ca41c83bd64095f841d95) has been kicked by BattlEye: Client not responding
﻿08:45:00 : RCon admin #0: (Global) BEC : This server will restart in 15 minutes
﻿08:55:00 : RCon admin #0: (Global) BEC : This server will restart in 5 minutes
﻿08:59:00 : RCon admin #0: (Global) BEC : This server will restart in 1 minute, Log out now!
﻿09:00:01 : Lost Connection!
﻿09:00:01 : Closing socket & exiting!
﻿09:01:15 : Rcon client logging in
﻿09:01:15 : RCon admin #0 (127.0.0.1:60070) logged in
﻿12:13:30 : Rcon client logging in
﻿12:13:30 : RCon admin #0 (127.0.0.1:60921) logged in
﻿14:05:15 : Lost Connection!
﻿14:05:15 : Closing socket & exiting!
﻿14:09:21 : Rcon client logging in
﻿14:09:21 : RCon admin #0 (127.0.0.1:52264) logged in
﻿14:09:43 : Player #1 JF (190.185.192.18:26512) connected
﻿14:10:19 : Player #1 JF - GUID: 93a2a9d9bc7acb34122becec3305fde7 (unverified)
﻿14:10:19 : Player #1 JF - Legacy GUID: 1e3460faa1452299ec3b5f220fe797e0
﻿14:10:19 : Verified GUID (93a2a9d9bc7acb34122becec3305fde7) of player #1 JF
﻿14:11:06 : RCon admin #1 (179.24.45.62:62847) logged in
﻿14:23:05 : Player #1 JF disconnected
﻿14:24:02 : Player #1 JF (190.185.192.18:26512) connected
﻿14:24:03 : Player #1 JF - GUID: 93a2a9d9bc7acb34122becec3305fde7 (unverified)
﻿14:24:03 : Verified GUID (93a2a9d9bc7acb34122becec3305fde7) of player #1 JF
﻿14:24:04 : Player #1 JF - Legacy GUID: 1e3460faa1452299ec3b5f220fe797e0
﻿14:24:09 : RCon admin #0: (To juandayz) BEC : You have about 60 seconds left to join the mission.
﻿14:24:41 : RCon admin #0: (To juandayz) BEC : You have about 30 seconds left to join the mission.
﻿14:24:55 : RCon admin #0: (To juandayz) BEC : You have about 15 seconds left to join the mission.
﻿14:25:09 : Player #0 juandayz (d603844e2f77196bf616245ae360213b) has been kicked by BattlEye: Admin Kick (BEC : Lobby idling to long)
﻿14:36:55 : RCon admin #1 (127.0.0.1:53958) logged in
﻿14:37:05 : Player #0 juandayz (190.231.23.25:2304) connected
﻿14:37:06 : Player #0 juandayz - GUID: d603844e2f77196bf616245ae360213b (unverified)
﻿14:37:06 : Verified GUID (d603844e2f77196bf616245ae360213b) of player #0 juandayz
﻿14:37:07 : Player #0 juandayz - Legacy GUID: a5aa074813dab730e26d67b8a0a0af6c
﻿14:41:14 : Could not connect to BE Master
﻿14:41:14 : Update attempt failed
﻿14:41:14 : Player #0 juandayz (d603844e2f77196bf616245ae360213b) has been kicked by BattlEye: Client not responding
﻿14:41:14 : Player #1 JF (93a2a9d9bc7acb34122becec3305fde7) has been kicked by BattlEye: Client not responding
﻿14:42:36 : Player #0 [BrZ]-Rafael (189.101.214.8:2304) connected
﻿14:42:39 : Player #0 [BrZ]-Rafael - GUID: 7c73e8a27c9f47d450743876c063a4a9 (unverified)
﻿14:42:39 : Verified GUID (7c73e8a27c9f47d450743876c063a4a9) of player #0 [BrZ]-Rafael
﻿14:42:40 : Player #0 [BrZ]-Rafael - Legacy GUID: be58b9cee471344b6dbb0a6473fb6e84
﻿14:45:00 : RCon admin #0: (Global) BEC : This server will restart in 15 minutes
﻿14:48:22 : Player #1 Arenas (181.121.86.88:2304) connected
﻿14:48:23 : Player #1 Arenas - GUID: fa0acbc3c96cdd91420d43416c13f603 (unverified)
﻿14:48:23 : Verified GUID (fa0acbc3c96cdd91420d43416c13f603) of player #1 Arenas
﻿14:48:24 : Player #1 Arenas disconnected
﻿14:49:58 : Player #1 GusTavoR- (186.251.251.10:2304) connected
﻿14:50:00 : Player #1 GusTavoR- - GUID: b8520fb4a4f1b56fe3865af38dc10f60 (unverified)
﻿14:50:00 : Player #1 GusTavoR- - Legacy GUID: 1d61591943cbc4de3b297aca6c5eba66
﻿14:50:02 : Verified GUID (b8520fb4a4f1b56fe3865af38dc10f60) of player #1 GusTavoR-
﻿14:55:00 : RCon admin #0: (Global) BEC : This server will restart in 5 minutes
﻿14:59:00 : RCon admin #0: (Global) BEC : This server will restart in 1 minute, Log out now!
﻿15:00:02 : Lost Connection!
﻿15:00:02 : Closing socket & exiting!
﻿15:02:33 : Rcon client logging in
﻿15:02:33 : RCon admin #0 (127.0.0.1:57760) logged in
﻿15:03:21 : Player #0 juandayz (190.231.23.25:2304) connected
﻿15:03:22 : Player #0 juandayz - GUID: d603844e2f77196bf616245ae360213b (unverified)
﻿15:03:23 : Verified GUID (d603844e2f77196bf616245ae360213b) of player #0 juandayz
﻿15:03:23 : Player #0 juandayz - Legacy GUID: a5aa074813dab730e26d67b8a0a0af6c
﻿15:05:46 : Player #1 GusTavoR- (186.251.251.10:2304) connected
﻿15:05:48 : Player #1 GusTavoR- - GUID: b8520fb4a4f1b56fe3865af38dc10f60 (unverified)
﻿15:05:49 : Player #1 GusTavoR- - Legacy GUID: 1d61591943cbc4de3b297aca6c5eba66
﻿15:05:50 : Verified GUID (b8520fb4a4f1b56fe3865af38dc10f60) of player #1 GusTavoR-
﻿15:09:03 : Player #2 [BrZ]-Rafael (189.101.214.8:2304) connected
﻿15:09:05 : Player #2 [BrZ]-Rafael - GUID: 7c73e8a27c9f47d450743876c063a4a9 (unverified)
﻿15:09:05 : Verified GUID (7c73e8a27c9f47d450743876c063a4a9) of player #2 [BrZ]-Rafael
﻿15:09:06 : Player #2 [BrZ]-Rafael - Legacy GUID: be58b9cee471344b6dbb0a6473fb6e84
﻿15:24:52 : RCon admin #1 (127.0.0.1:57762) logged in
﻿15:44:28 : RCon admin #1: (Global) [BEC] la marca azul, es el vendedor ambulante
﻿15:44:40 : RCon admin #1: (Global) [BEC] Blue marker is Trader in move
﻿15:45:26 : RCon admin #1: (Global) [BEC] he stop in Green Circles. and you can trade whit him.  He have better prices than trades cities. and other items
﻿16:10:41 : RCon admin #1: (Global) [juandayz] gustavo, rafael. i need your help to translate server rules to portuges, for brazilian players. can u help me?
﻿16:12:55 : RCon admin #1: (Global) [juandayz] need help to translate server rulers to portugess.. for brazilian players. can help me?
﻿16:14:44 : RCon admin #1: (Global) [juandayz] add me to steam: juandayz      i have a file whit this rulers in portugess but i need correct its
﻿16:17:55 : Player #3 Daryl (181.93.14.214:2304) connected
﻿16:17:56 : Player #3 Daryl - GUID: cf0b984beb695f6a1509c1352c7143e6 (unverified)
﻿16:17:56 : Verified GUID (cf0b984beb695f6a1509c1352c7143e6) of player #3 Daryl
﻿16:17:57 : Player #3 Daryl - Legacy GUID: 797dcee85139da3550d13b4b5683dcad
﻿16:21:04 : RCon admin #1: (Global) [juandayz] i cant add people, by my account steam.. can i add you in skype or face?
﻿16:25:15 : Player #1 GusTavoR- (b8520fb4a4f1b56fe3865af38dc10f60) has been kicked by BattlEye: Ping too high (2359)
﻿16:26:38 : Player #1 GusTavoR- (186.251.251.10:2304) connected
﻿16:26:43 : Player #1 GusTavoR- - GUID: b8520fb4a4f1b56fe3865af38dc10f60 (unverified)
﻿16:26:44 : Player #1 GusTavoR- - Legacy GUID: 1d61591943cbc4de3b297aca6c5eba66
﻿16:26:45 : Verified GUID (b8520fb4a4f1b56fe3865af38dc10f60) of player #1 GusTavoR-
﻿16:45:40 : Player #2 [BrZ]-Rafael (7c73e8a27c9f47d450743876c063a4a9) has been kicked by BattlEye: Ping too high (764)
﻿16:45:51 : Player #4 [BrZ]-Rafael (189.101.214.8:2304) connected
﻿16:45:57 : Player #4 [BrZ]-Rafael - GUID: 7c73e8a27c9f47d450743876c063a4a9 (unverified)
﻿16:45:58 : Verified GUID (7c73e8a27c9f47d450743876c063a4a9) of player #4 [BrZ]-Rafael
﻿16:45:58 : Player #4 [BrZ]-Rafael - Legacy GUID: be58b9cee471344b6dbb0a6473fb6e84
﻿16:46:45 : Player #4 [BrZ]-Rafael (7c73e8a27c9f47d450743876c063a4a9) has been kicked by BattlEye: Ping too high (749)
﻿16:51:16 : Player #2 [BrZ]-Rafael (189.101.214.8:2304) connected
﻿16:51:17 : Player #2 [BrZ]-Rafael - GUID: 7c73e8a27c9f47d450743876c063a4a9 (unverified)
﻿16:51:18 : Verified GUID (7c73e8a27c9f47d450743876c063a4a9) of player #2 [BrZ]-Rafael
﻿16:51:18 : Player #2 [BrZ]-Rafael - Legacy GUID: be58b9cee471344b6dbb0a6473fb6e84
﻿16:53:29 : Player #4 Nico (181.110.22.236:2304) connected
﻿16:53:31 : Player #4 Nico - GUID: 062d8f1db8f592f867af3843342201bd (unverified)
﻿16:53:32 : Verified GUID (062d8f1db8f592f867af3843342201bd) of player #4 Nico
﻿16:53:33 : Player #4 Nico - Legacy GUID: 1506f76f44873489023fb3db1dbda5f7
﻿16:57:30 : RCon admin #1: (To Nico) [juandayz] bienvenido!
﻿16:59:21 : Player #1 GusTavoR- (b8520fb4a4f1b56fe3865af38dc10f60) has been kicked by BattlEye: Ping too high (1060)
﻿17:00:40 : Player #2 [BrZ]-Rafael disconnected
﻿17:08:57 : Player #4 Nico disconnected
﻿17:22:26 : RCon admin #1: (Global) [juandayz] gaby dejame probar unas cosas ya q no qeda nadie
﻿17:22:42 : RCon admin #1: (Global) [juandayz] okkk
﻿17:24:16 : Player #3 Daryl disconnected
﻿17:24:18 : RCon admin #1: (Global) [juandayz] gracias
﻿17:25:51 : Rcon client logging in
﻿17:25:51 : RCon admin #0 (127.0.0.1:53598) logged in
﻿17:26:19 : Player #0 juandayz (190.231.23.25:2304) connected
﻿17:26:20 : Player #0 juandayz - GUID: d603844e2f77196bf616245ae360213b (unverified)
﻿17:26:21 : Player #0 juandayz - Legacy GUID: a5aa074813dab730e26d67b8a0a0af6c
﻿17:26:21 : Verified GUID (d603844e2f77196bf616245ae360213b) of player #0 juandayz
﻿17:40:23 : Rcon client logging in
﻿17:40:23 : RCon admin #0 (127.0.0.1:63638) logged in
﻿17:41:19 : Player #0 juandayz (190.231.23.25:2304) connected
﻿17:41:20 : Player #0 juandayz - GUID: d603844e2f77196bf616245ae360213b (unverified)
﻿17:41:20 : Verified GUID (d603844e2f77196bf616245ae360213b) of player #0 juandayz
﻿17:41:21 : Player #0 juandayz - Legacy GUID: a5aa074813dab730e26d67b8a0a0af6c
﻿17:45:00 : RCon admin #0: (Global) BEC : This server will restart in 15 minutes
﻿17:56:21 : Rcon client logging in
﻿17:56:29 : RCon admin #0 (127.0.0.1:63640) logged in
﻿17:59:00 : RCon admin #0: (Global) BEC : This server will restart in 1 minute, Log out now!
﻿18:20:48 : Rcon client logging in
﻿18:20:49 : RCon admin #0 (127.0.0.1:59376) logged in
﻿18:20:49 : Player #1 Azrael1x (191.80.146.58:2304) connected
﻿18:20:50 : Player #1 Azrael1x - GUID: f3bbe77e31363319b3378084ddcb86d8 (unverified)
﻿18:21:25 : Verified GUID (f3bbe77e31363319b3378084ddcb86d8) of player #1 Azrael1x
﻿18:21:25 : Player #1 Azrael1x - Legacy GUID: 872394ca0b82ad6e77d13dc8f5141d95
﻿18:27:05 : Player #2 Viciopata-. (190.244.207.117:2304) connected
﻿18:27:06 : Player #2 Viciopata-. - GUID: 8cb43d2426306cdaaa82bac2857c320b (unverified)
﻿18:27:07 : Verified GUID (8cb43d2426306cdaaa82bac2857c320b) of player #2 Viciopata-.
﻿18:27:07 : Player #2 Viciopata-. - Legacy GUID: 379e4b32e307c38e3ccea5e6d4dfdaef
﻿18:31:38 : RCon admin #1 (127.0.0.1:59378) logged in
﻿18:39:25 : RCon admin #1: (Global) [juandayz] perooo que vagoo q soss, es mover la ruedita del mouse no mas para el refuel
﻿18:40:15 : RCon admin #1: (Global) [juandayz] ahhh no, la verdad no se. habria q ver dentro del archivo q a ver q dice
﻿18:40:39 : RCon admin #0: (To juandayz) BEC : You have about 60 seconds left to join the mission.
﻿18:41:07 : RCon admin #1: (Global) [juandayz] no la hace en un paso?
﻿18:41:10 : RCon admin #0: (To juandayz) BEC : You have about 30 seconds left to join the mission.
﻿18:53:35 : Player #0 juandayz (d603844e2f77196bf616245ae360213b) has been kicked by BattlEye: Client not responding
﻿18:58:05 : Player #0 edgar (189.194.23.186:2304) connected
﻿18:58:07 : Player #0 edgar - GUID: f437a82e55f1e066995fbf75e961723e (unverified)
﻿18:58:07 : Verified GUID (f437a82e55f1e066995fbf75e961723e) of player #0 edgar
﻿18:58:08 : Player #0 edgar - Legacy GUID: 34a707cdfc6309ba56617169fdf6b2d9
﻿19:38:00 : Player #0 edgar disconnected
﻿19:39:47 : Player #0 edgar (189.194.23.186:2304) connected
﻿19:39:48 : Player #0 edgar - GUID: f437a82e55f1e066995fbf75e961723e (unverified)
﻿19:39:49 : Verified GUID (f437a82e55f1e066995fbf75e961723e) of player #0 edgar
﻿19:39:49 : Player #0 edgar - Legacy GUID: 34a707cdfc6309ba56617169fdf6b2d9
﻿19:42:45 : Player #3 Alan (189.194.23.186:2048) connected
﻿19:42:46 : Player #3 Alan - GUID: b1ae5676d96eb990f8ad6ba1e5364b94 (unverified)
﻿19:42:47 : Verified GUID (b1ae5676d96eb990f8ad6ba1e5364b94) of player #3 Alan
﻿19:42:47 : Player #3 Alan - Legacy GUID: 56dfb08df8d2622095bdc4d30911e98e
﻿19:46:55 : Player #4 NicolasJavier (190.46.108.49:2304) connected
﻿19:46:57 : Player #4 NicolasJavier - GUID: 2df88faaf71d2b7a4e4b9b064ea56267 (unverified)
﻿19:46:58 : Verified GUID (2df88faaf71d2b7a4e4b9b064ea56267) of player #4 NicolasJavier
﻿19:46:59 : Player #4 NicolasJavier - Legacy GUID: 279f574d5a987a5bf96e40d602e16b50
﻿19:46:59 : Player #4 NicolasJavier disconnected
﻿20:07:37 : Player #4 Daryl (181.93.14.214:2304) connected
﻿20:07:38 : Player #4 Daryl - GUID: cf0b984beb695f6a1509c1352c7143e6 (unverified)
﻿20:07:39 : Verified GUID (cf0b984beb695f6a1509c1352c7143e6) of player #4 Daryl
﻿20:07:40 : Player #4 Daryl - Legacy GUID: 797dcee85139da3550d13b4b5683dcad
﻿20:26:51 : RCon admin #1: (Global) [ADmexicano] chanfle! un nuevo player, orale alan como estas wey
﻿20:27:20 : RCon admin #1: (Global) [ADmexicano] no mamesss
﻿20:31:27 : RCon admin #0: (To Alan) BEC : You have about 60 seconds left to join the mission.
﻿20:31:58 : RCon admin #0: (To Alan) BEC : You have about 30 seconds left to join the mission.
﻿20:32:12 : RCon admin #0: (To Alan) BEC : You have about 15 seconds left to join the mission.
﻿20:32:27 : Player #3 Alan (b1ae5676d96eb990f8ad6ba1e5364b94) has been kicked by BattlEye: Admin Kick (BEC : Lobby idling to long)
﻿20:36:44 : Player #3 Alan (189.194.23.186:2048) connected
﻿20:36:45 : Player #3 Alan - GUID: b1ae5676d96eb990f8ad6ba1e5364b94 (unverified)
﻿20:36:46 : Player #3 Alan - Legacy GUID: 56dfb08df8d2622095bdc4d30911e98e
﻿20:36:51 : Verified GUID (b1ae5676d96eb990f8ad6ba1e5364b94) of player #3 Alan
﻿20:41:35 : RCon admin #2 (179.24.45.62:62035) logged in
﻿20:45:00 : RCon admin #0: (Global) BEC : This server will restart in 15 minutes
﻿20:46:45 : RCon admin #2: (Global) [ChukyN] Chicas, tranquilas, se van a romper los sutienes
﻿20:47:41 : RCon admin #2: (Global) [ChukyN] Recien vengo llegando
﻿20:48:33 : RCon admin #2: (Global) [ChukyN] Azra, dejate de morir y bloquearte a vos mismo po favor
﻿20:51:18 : RCon admin #1: (Global) [MEXICANO] orale viciopata eres chingon wey
﻿20:55:00 : RCon admin #0: (Global) BEC : This server will restart in 5 minutes
﻿20:55:27 : RCon admin #1: (Global) [BRASILERO] você tem problemas viciopata,você está amargurado,pare do sofrer Viciopata
﻿20:56:07 : RCon admin #1: (Global) [BRASILERO] voce tem a diablo no corpo viciopata
﻿20:56:47 : RCon admin #1: (Global) [BRASILERO] voce tem a pilila morta viciopata jajaajajajajajajaaa
﻿20:57:08 : RCon admin #2 (179.24.45.62:53654) logged in
﻿20:57:18 : RCon admin #1: (Global) [BRASILERO] caio adm 2
﻿20:58:00 : Player #3 Alan disconnected
﻿20:58:02 : RCon admin #2: (Global) [ChukyN] Estaba testeando la velocidad de la fibra. 120 mb/s de bajada 20 de subida. GG
﻿20:58:18 : RCon admin #1: (Global) [BRASILERO] voce pode colarse ua fibra
﻿20:59:00 : RCon admin #0: (Global) BEC : Server restart in 1 minute, Log out NOW!
﻿20:59:00 : Player #0 edgar disconnected
﻿20:59:26 : RCon admin #1: (Global) [BRASILERO] seeerrverrr restartttt AHHHHHHH!!!!! brasil ou mais grandeeeee
﻿20:59:34 : Player #2 Viciopata-. disconnected
﻿20:59:48 : Player #1 Azrael1x disconnected
﻿21:01:22 : Rcon client logging in
﻿21:01:37 : RCon admin #1 (127.0.0.1:55531) logged in
﻿21:01:37 : Player #2 Daryl (181.93.14.214:2304) connected
﻿21:02:13 : Player #2 Daryl - GUID: cf0b984beb695f6a1509c1352c7143e6 (unverified)
﻿21:02:13 : Player #2 Daryl - Legacy GUID: 797dcee85139da3550d13b4b5683dcad
﻿21:02:13 : Verified GUID (cf0b984beb695f6a1509c1352c7143e6) of player #2 Daryl
﻿21:03:06 : Player #3 juandayz (201.253.223.232:2304) connected
﻿21:03:07 : Player #3 juandayz - GUID: d603844e2f77196bf616245ae360213b (unverified)
﻿21:03:07 : Verified GUID (d603844e2f77196bf616245ae360213b) of player #3 juandayz
﻿21:03:08 : Player #3 juandayz - Legacy GUID: a5aa074813dab730e26d67b8a0a0af6c
﻿21:04:36 : Player #4 reconnect (181.31.146.206:2304) connected
﻿21:04:37 : Player #4 reconnect - GUID: bce9001abea802948b7f28a9f2de533e (unverified)
﻿21:04:37 : Verified GUID (bce9001abea802948b7f28a9f2de533e) of player #4 reconnect
﻿21:04:38 : Player #4 reconnect - Legacy GUID: 30e1b7957008270cda72e13e47f13b54
﻿21:04:45 : RCon admin #0: (Global) [ChukyN] Juan siempre esta, en la chota, sentado
﻿21:04:50 : RCon admin #2 (127.0.0.1:51047) logged in
﻿21:05:05 : Player #2 Daryl disconnected
﻿21:05:29 : RCon admin #2: (Global) [juandayz] q te paso
﻿21:06:00 : RCon admin #2: (Global) [juandayz] ahi te revivo
﻿21:06:14 : RCon admin #2: (Global) [juandayz] revivo gil
﻿21:06:31 : RCon admin #2: (Global) [juandayz] deslogeate q te aviso por el steam cuando podes entrar
﻿21:06:43 : Player #2 marc (190.177.218.56:12208) connected
﻿21:06:44 : Player #2 marc - GUID: 46e16e6f1d3acdac044150865d6fbd9a (unverified)
﻿21:06:45 : Verified GUID (46e16e6f1d3acdac044150865d6fbd9a) of player #2 marc
﻿21:06:45 : Player #2 marc - Legacy GUID: bc5c9cf2a168da04b78b88a995a643a8
﻿21:07:22 : Player #4 reconnect disconnected
﻿21:08:03 : Player #4 reconnect (181.31.146.206:2304) connected
﻿21:08:04 : Player #4 reconnect - GUID: bce9001abea802948b7f28a9f2de533e (unverified)
﻿21:08:05 : Player #4 reconnect - Legacy GUID: 30e1b7957008270cda72e13e47f13b54
﻿21:08:05 : Verified GUID (bce9001abea802948b7f28a9f2de533e) of player #4 reconnect
﻿21:08:37 : Player #1 Viciopata-. disconnected
﻿21:09:19 : Player #1 Viciopata-. (190.244.207.117:2304) connected
﻿21:09:20 : Player #1 Viciopata-. - GUID: 8cb43d2426306cdaaa82bac2857c320b (unverified)
﻿21:09:21 : Verified GUID (8cb43d2426306cdaaa82bac2857c320b) of player #1 Viciopata-.
﻿21:09:21 : Player #1 Viciopata-. - Legacy GUID: 379e4b32e307c38e3ccea5e6d4dfdaef
﻿21:09:41 : Player #2 marc disconnected
﻿21:12:05 : Player #2 edgar (189.194.23.186:2304) connected
﻿21:12:07 : Player #2 edgar - GUID: f437a82e55f1e066995fbf75e961723e (unverified)
﻿21:12:08 : Player #2 edgar - Legacy GUID: 34a707cdfc6309ba56617169fdf6b2d9
﻿21:12:11 : Verified GUID (f437a82e55f1e066995fbf75e961723e) of player #2 edgar
﻿21:12:12 : Player #2 edgar - Legacy GUID: 34a707cdfc6309ba56617169fdf6b2d9
﻿21:16:41 : Player #2 edgar disconnected
﻿21:17:12 : Player #2 Tazo (190.55.6.14:2304) connected
﻿21:17:16 : Player #2 Tazo - GUID: 59014b13efc33910ce0c46607f1da7b4 (unverified)
﻿21:17:16 : Verified GUID (59014b13efc33910ce0c46607f1da7b4) of player #2 Tazo
﻿21:17:16 : Player #2 Tazo - Legacy GUID: 93fa090c7367465b9d42b9922584e1b4
﻿21:17:17 : Player #2 Tazo disconnected
﻿21:19:32 : Player #2 Tazo (190.55.6.14:2304) connected
﻿21:19:33 : Player #2 Tazo - GUID: 59014b13efc33910ce0c46607f1da7b4 (unverified)
﻿21:19:34 : Verified GUID (59014b13efc33910ce0c46607f1da7b4) of player #2 Tazo
﻿21:21:40 : Player #5 Cololaucha (186.137.37.134:2304) connected
﻿21:21:41 : Player #5 Cololaucha disconnected
﻿21:21:45 : Player #5 Cololaucha (186.137.37.134:2304) connected
﻿21:21:46 : Player #5 Cololaucha disconnected
﻿21:23:54 : Player #5 edgar (189.194.23.186:2304) connected
﻿21:23:56 : Player #5 edgar - GUID: f437a82e55f1e066995fbf75e961723e (unverified)
﻿21:23:56 : Verified GUID (f437a82e55f1e066995fbf75e961723e) of player #5 edgar
﻿21:23:56 : Player #5 edgar - Legacy GUID: 34a707cdfc6309ba56617169fdf6b2d9
﻿21:26:54 : Player #6 Cololaucha (186.137.37.134:2304) connected
﻿21:26:55 : Player #6 Cololaucha - GUID: d49e38305d82ca36199ed2470f6f1a58 (unverified)
﻿21:26:55 : Verified GUID (d49e38305d82ca36199ed2470f6f1a58) of player #6 Cololaucha
﻿21:26:56 : Player #6 Cololaucha - Legacy GUID: c9ab14dfb9c618cd64cc88d1f1e1de42
﻿21:34:06 : Player #7 Sr.Neos (189.27.221.198:2304) connected
﻿21:34:08 : Player #7 Sr.Neos - GUID: 89f723b362317b0adf828d0ba31805f5 (unverified)
﻿21:34:08 : Verified GUID (89f723b362317b0adf828d0ba31805f5) of player #7 Sr.Neos
﻿21:34:08 : Player #7 Sr.Neos - Legacy GUID: ae547d2ee916cb3b1b0d22d9288921d3
﻿21:34:09 : Player #7 Sr.Neos disconnected
﻿21:35:29 : Player #2 Tazo disconnected
﻿21:35:40 : Player #2 juan p (189.223.146.110:2304) connected
﻿21:35:42 : Player #2 juan p - GUID: eab22850fdd8c03689d3cf62197b27a8 (unverified)
﻿21:35:42 : Player #2 juan p - Legacy GUID: 42220cbb688c4a3748630ff8eb1117dd
﻿21:35:42 : Verified GUID (eab22850fdd8c03689d3cf62197b27a8) of player #2 juan p
﻿21:52:44 : Player #2 juan p disconnected
﻿21:52:46 : Player #6 Cololaucha disconnected
﻿21:53:22 : Player #3 juandayz disconnected
﻿21:59:07 : Player #2 [DMN] Kostia (181.29.54.94:2304) connected
﻿21:59:08 : Player #2 [DMN] Kostia - GUID: 4bd080feb9dc4ff46effb0ff0b50008d (unverified)
﻿21:59:09 : Verified GUID (4bd080feb9dc4ff46effb0ff0b50008d) of player #2 [DMN] Kostia
﻿21:59:10 : Player #2 [DMN] Kostia - Legacy GUID: 5aa78dd92e5c0b343e5604a97acf3a4e
﻿22:03:43 : Player #5 edgar disconnected
﻿22:12:49 : RCon admin #2: (Global) [BRASILERO] viciopata tem a pilila morta
﻿22:13:25 : RCon admin #2: (To [DMN] Kostia) [BRASILERO] bienvenido!!
﻿22:15:56 : Player #4 reconnect disconnected
﻿22:29:47 : Player #3 juandayz (201.253.223.232:2304) connected
﻿22:29:48 : Player #3 juandayz - GUID: d603844e2f77196bf616245ae360213b (unverified)
﻿22:29:48 : Verified GUID (d603844e2f77196bf616245ae360213b) of player #3 juandayz
﻿22:29:49 : Player #3 juandayz - Legacy GUID: a5aa074813dab730e26d67b8a0a0af6c
﻿22:29:49 : Player #2 [DMN] Kostia disconnected
﻿22:35:29 : RCon admin #1: (To juandayz) BEC : You have about 60 seconds left to join the mission.
﻿22:36:01 : RCon admin #1: (To juandayz) BEC : You have about 30 seconds left to join the mission.
﻿22:36:15 : RCon admin #1: (To juandayz) BEC : You have about 15 seconds left to join the mission.
﻿22:36:29 : Player #3 juandayz (d603844e2f77196bf616245ae360213b) has been kicked by BattlEye: Admin Kick (BEC : Lobby idling to long)
﻿22:51:43 : Player #0 Azrael1x disconnected
﻿22:59:02 : Player #0 Dog (186.133.26.20:2304) connected
﻿22:59:03 : Player #0 Dog - GUID: 9994353d0f7cbedd9e89a12fd0aa2ecc (unverified)
﻿22:59:04 : Verified GUID (9994353d0f7cbedd9e89a12fd0aa2ecc) of player #0 Dog
﻿22:59:05 : Player #0 Dog - Legacy GUID: f9ca396a7a68d4fab607fd2ad193988a
﻿23:07:49 : Player #2 juandayz (201.253.223.232:2304) connected
﻿23:07:50 : Player #2 juandayz - GUID: d603844e2f77196bf616245ae360213b (unverified)
﻿23:07:51 : Verified GUID (d603844e2f77196bf616245ae360213b) of player #2 juandayz
﻿23:07:51 : Player #2 juandayz - Legacy GUID: a5aa074813dab730e26d67b8a0a0af6c
﻿23:08:53 : Player #0 Dog disconnected
﻿23:10:12 : Player #0 Mauricio Macri (181.93.14.214:2304) connected
﻿23:10:13 : Player #0 Mauricio Macri - GUID: cf0b984beb695f6a1509c1352c7143e6 (unverified)
﻿23:10:14 : Player #0 Mauricio Macri - Legacy GUID: 797dcee85139da3550d13b4b5683dcad
﻿23:10:16 : Verified GUID (cf0b984beb695f6a1509c1352c7143e6) of player #0 Mauricio Macri
﻿23:13:32 : RCon admin #1: (To juandayz) BEC : You have about 60 seconds left to join the mission.
﻿23:14:03 : RCon admin #1: (To juandayz) BEC : You have about 30 seconds left to join the mission.
﻿23:14:17 : RCon admin #1: (To juandayz) BEC : You have about 15 seconds left to join the mission.
﻿23:14:32 : Player #2 juandayz (d603844e2f77196bf616245ae360213b) has been kicked by BattlEye: Admin Kick (BEC : Lobby idling to long)
﻿23:22:49 : RCon admin #2: (To Mauricio Macri) [juandayz] no sabes q nombre te vas a poner yaa jajaja
﻿23:24:10 : Player #2 juandayz (201.253.223.232:2304) connected
﻿23:24:11 : Player #2 juandayz - GUID: d603844e2f77196bf616245ae360213b (unverified)
﻿23:24:12 : Player #2 juandayz - Legacy GUID: a5aa074813dab730e26d67b8a0a0af6c
﻿23:24:14 : Verified GUID (d603844e2f77196bf616245ae360213b) of player #2 juandayz
﻿23:26:26 : RCon admin #2: (To Mauricio Macri) [juandayz] deja de transportarte chiter
﻿23:27:27 : Player #0 Mauricio Macri disconnected
﻿23:30:37 : Rcon client logging in
﻿23:31:11 : RCon admin #0 (127.0.0.1:56453) logged in
﻿23:34:59 : RCon admin #1 (179.24.45.62:50211) logged in
﻿23:35:21 : RCon admin #1: (Global) [ChukyN] q hiciste que vaciaste el server gil
﻿23:35:45 : Player #1 Viciopata-. (190.244.207.117:2304) connected
﻿23:35:47 : Player #1 Viciopata-. - GUID: 8cb43d2426306cdaaa82bac2857c320b (unverified)
﻿23:35:48 : Verified GUID (8cb43d2426306cdaaa82bac2857c320b) of player #1 Viciopata-.
﻿23:35:49 : Player #1 Viciopata-. - Legacy GUID: 379e4b32e307c38e3ccea5e6d4dfdaef
﻿23:45:00 : RCon admin #0: (Global) BEC : This server will restart in 15 minutes
﻿23:52:35 : Player #0 juandayz (d603844e2f77196bf616245ae360213b) has been kicked by BattlEye: Client not responding
﻿23:55:00 : RCon admin #0: (Global) BEC : This server will restart in 5 minutes
﻿23:59:00 : RCon admin #0: (Global) BEC : This server will restart in 1 minute, Log out now!
