19:13:32 : Group: Alan: q mierda
19:13:37 : Group: Alan: donde esta mi vehiculo
19:15:38 : Group: reconnect: toy en la mision
19:16:39 : Group: Alan: ESTOY BUSCANDO
19:16:43 : Group: Alan: MI AUTO DE RAMBO
19:18:25 : Group: reconnect: tenes algo para las cosas?
19:18:53 : Group: Alan: NO
19:18:58 : Group: Alan: Ya hiciste la mision ?
19:35:56 : Group: Alan: volvi
19:36:19 : Group: reconnect: voy al mercado avender
19:36:26 : Group: Alan: ok te espero aca etnonces
19:55:13 : Group: reconnect: vendo lo que tengo y te doy la guita del chopper
19:59:16 : Group: reconnect: lazurk la chiteaba
19:59:21 : Group: reconnect: esa base era de el 
20:00:37 : Group: Alan: quee lo banearon _
20:00:56 : Group: Alan: mejor comprate un ural 
20:01:00 : Group: Alan: asi agarramos todo de una
20:01:02 : Group: Alan: en la mision y listo
20:02:12 : Group: Alan: y como sabes q la chiteaba _
20:02:34 : Group: reconnect: dije no se pq lo pusiste publico 
20:02:55 : Group: Alan: ah
20:02:57 : Group: Alan: por
20:02:58 : Group: reconnect: aparentemente tenia unas armas en su base que no eran del mod
20:03:02 : Group: reconnect: spawneaba armas
20:03:33 : Group: reconnect: me voy a ver el partido man, te di los 80K del chopper, graciela por el rescate :D
20:03:44 : Group: Alan: te vasw hdp _
20:03:50 : Group: Alan: miralo mientras jugas
20:03:52 : Group: Alan: cara de naipe
20:03:58 : Group: reconnect: na
20:04:00 : Group: reconnect: dp vuelo
20:04:02 : Group: reconnect: vuelvo
20:04:06 : Group: Alan: ok
