01:01:13 : Vehicle: Viciuz: no me resulto de fiar
01:01:59 : Vehicle: JF: NO ESTA BIEN MEJOR ASI
01:02:10 : Vehicle: Viciuz: nosotros ya nos conoceoms
01:02:12 : Vehicle: Viciuz: pero a el no
01:03:06 : Vehicle: Viciuz: ves?
01:21:25 : Vehicle: Viciuz: lo haremos a distancia
01:21:27 : Vehicle: Viciuz: es más facil
01:22:12 : Vehicle: Viciuz: primero les daremos a las torretas
01:22:19 : Vehicle: Viciuz: y despues le daremos a los francos y todos los de artilleria
01:24:50 : Vehicle: Viciuz: estamos lejos
01:24:52 : Vehicle: Viciuz: tienes agua?
01:25:17 : Vehicle: JF: SI AHORA TE DOY
01:26:08 : Vehicle: JF: TENES QUE DEJARLAS CAMOUFLADAS
04:37:30 : Vehicle: vodka: me lees ?
04:37:34 : Vehicle: JF: QUE MACANA IRA A VOLVER SE SALIO HACE UN RATO
04:37:53 : Vehicle: JF: SI LEO
04:37:55 : Vehicle: vodka: dijo q si 
04:38:33 : Vehicle: vodka: te llevo algun lado ?
04:39:04 : Vehicle: JF: SI QUERES LLEVAME AL CENTRO DE NUEVO 
04:39:11 : Vehicle: vodka: ok 
04:40:37 : Vehicle: JF: LO QUE SUCEDE ES QUE POR UN LADO TENGO QUE TRASBORDAR ALGUNAS COSAS DE LA MOCHILA SI NO NO PUEDO CONTINUAR Y POR OTRO LADO
04:41:18 : Vehicle: JF: QUEDO EL CAMION MUY A LA INTEMPERIE Y LO PUEDEN ATACAR
04:42:08 : Vehicle: JF: BUENO GRACIAS
