21:13:12 : Group: [Sucios]Juandayz: dale naa
21:13:24 : Group: PijaMan: soy gabi
21:13:35 : Group: PijaMan: me olvide que quede con bondad negativa aca
21:13:43 : Group: PijaMan: y entre como bandido, asi que ahora me lo voy a sacar
21:13:52 : Group: [Sucios]Juandayz: usa el admin para darte humanidad
21:13:56 : Group: PijaMan: sisi
21:13:57 : Group: [Sucios]Juandayz: asi tenes la normal
21:14:29 : Group: PijaMan: listo, quedo en 15
21:15:24 : Group: [Sucios]Juandayz: por q te veo en el agua en el mapa chuky
21:15:32 : Group: [Sucios]Juandayz: ahi ta
21:15:33 : Group: PijaMan: wtf?
21:15:37 : Group: ChukyN: estoy resusitando gil
21:15:44 : Group: ChukyN: ehh pijaman
21:15:48 : Group: ChukyN: porque estas en elgrupo
21:15:49 : Group: ChukyN: ajajaj
21:16:04 : Group: PijaMan: por que te voy a meter la pija papu
21:16:09 : Group: [Sucios]Juandayz: es pa tu regalo chuky
21:16:24 : Group: [Sucios]Juandayz: sabiamos q querias una buena pija en el grupo :P
21:16:31 : Group: [Sucios]Juandayz: asi q le llamaaaaaamos
21:16:38 : Group: ChukyN: porque me disparas gil
21:16:56 : Group: PijaMan: te pegue?
21:17:31 : Group: PijaMan: a mil metros y le pegue
21:17:33 : Group: PijaMan: jodeme
21:53:45 : Group: PijaMan: negro
21:53:51 : Group: PijaMan: hay que poner los 3mil de distancaiw
21:57:53 : Group: PijaMan: marty mcfly?
22:09:38 : Group: [Sucios]Juandayz: eh gato alta suv
22:09:58 : Group: Hawk: e gato donde estas
22:10:00 : Group: Hawk: te paso a buscar
22:10:04 : Group: Hawk: y vamos a buscar unas minitas
22:10:08 : Group: [Sucios]Juandayz: ajajaaj
22:11:03 : Group: [Sucios]Juandayz: hay q tomar la carcel
22:11:17 : Group: Hawk: te paso a buscar y la tomamos, donde estas
22:11:24 : Group: [Sucios]Juandayz: bere
22:11:30 : Group: Hawk: ok voy llenod
22:11:31 : Group: [Sucios]Juandayz: en la canchita de futbol
22:12:07 : Group: Hawk: esta aca no mas el fugitivo go
22:14:30 : Group: [Sucios]Juandayz: ya el de heroe
22:14:34 : Group: [Sucios]Juandayz: jajaja q gato
22:15:04 : Group: Hawk: alla esta la moto tiene que estar aca
22:16:14 : Group: [Sucios]Juandayz: par atra
22:16:15 : Group: Hawk: se movio
22:17:36 : Group: [Sucios]Juandayz: LOL
22:17:51 : Group: [Sucios]Juandayz: ERAN 2?
22:19:45 : Group: Hawk: me escuchasw
22:19:53 : Group: [Sucios]Juandayz: no
22:20:01 : Group: Hawk: nunca agarro la mk48 el pajero
22:20:04 : Group: Hawk: dond esta la carcel
22:20:15 : Group: [Sucios]Juandayz: en alguna parte de pablovo
22:20:24 : Group: [Sucios]Juandayz: vamos a comprar un plot antes
22:20:33 : Group: Hawk: si y unas puertas
22:20:45 : Group: [Sucios]Juandayz: si no la otrra
22:20:59 : Group: [Sucios]Juandayz: es dejar q la tomen players y despues la invadimos
22:21:08 : Group: [Sucios]Juandayz: y hacemos en alguna casita por ahi
22:21:54 : Group: [Sucios]Juandayz: van bien los fps en el auto¿
22:22:01 : Group: Hawk: 40
22:22:05 : Group: [Sucios]Juandayz: igual
22:22:20 : Group: [Sucios]Juandayz: entre 33 y 40
22:22:30 : Group: Hawk: 40-47
22:23:00 : Group: [Sucios]Juandayz: ojo q no hay god mod aca
22:23:13 : Group: Hawk: q preciso para una puerta
22:23:21 : Group: Hawk: de cemento
22:23:28 : Group: [Sucios]Juandayz: metal creo
22:23:41 : Group: [Sucios]Juandayz: para hacer la puerta
22:23:59 : Group: [Sucios]Juandayz: y despues tenes serian 9 cinders y 3 morteros creo
22:24:00 : Group: Hawk: pero no vende puertas hechas este, asi que necesito cinder tambien
22:24:14 : Group: [Sucios]Juandayz: xada 3 cinder 1 mortero
22:24:24 : Group: Hawk: fuck no me compra los maletines este
22:24:27 : Group: Hawk: vamos a star
22:25:31 : Group: Hawk: hace de gps gil
22:25:59 : Group: [Sucios]Juandayz: dale no mas
22:32:44 : Group: Hawk: esta re lento el server para responder
22:33:48 : Group: [Sucios]Juandayz: copate y comprame un m14
22:33:57 : Group: Hawk: tengo el pol y la safe
22:34:09 : Group: [Sucios]Juandayz: ok
22:34:14 : Group: [Sucios]Juandayz: yo tengo pizza
22:34:19 : Group: Hawk: fak u
22:35:12 : Group: Hawk: compra con esa plata
22:35:16 : Group: Hawk: el m14
22:36:51 : Group: Hawk: carcel o buscamos donde hacer base?
22:37:02 : Group: Hawk: ok
22:37:30 : Group: Hawk: naa
22:42:29 : Group: Hawk: tadaaaa
22:42:36 : Group: Hawk: el mejor lugar para hacer base
22:42:53 : Group: [Sucios]Juandayz: vos lo q qeres er es el tigre de los llanos
22:43:15 : Group: Hawk: esta ideal aca, estamos rodeados por llanuras
22:43:24 : Group: [Sucios]Juandayz: por eso te digo :D
22:43:35 : Group: Hawk: te gusta o no
22:43:45 : Group: [Sucios]Juandayz: q naa
22:43:56 : Group: Hawk: sii o nooo
22:43:58 : Group: [Sucios]Juandayz: aca mi pieza :P jjaa
22:44:02 : Group: [Sucios]Juandayz: si bola
22:44:10 : Group: Hawk: anota
22:44:11 : Group: Hawk: safe
22:44:57 : Group: [Sucios]Juandayz: como es?
22:44:59 : Group: Hawk: 6276
22:45:36 : Group: Hawk: deje la plata y el pole ahi adentro, hasta que podamos cerrar
22:46:04 : Group: [Sucios]Juandayz: hay q pegar una motosierra como para cerrar precario
22:46:16 : Group: Hawk: cuanto valen
22:46:26 : Group: [Sucios]Juandayz: como 20.000
22:46:31 : Group: Hawk: ok saca de la safe
22:46:37 : Group: [Sucios]Juandayz: tengo 27
22:46:40 : Group: Hawk: ok
22:46:41 : Group: [Sucios]Juandayz: ensima
22:47:05 : Group: Hawk: vista aca tenemos para dejar los vehiculos
22:47:09 : Group: Hawk: no los ven desde arriba
22:47:12 : Group: [Sucios]Juandayz: de una
22:47:21 : Group: Hawk: yo siempre hacia base en esa casa roja
22:47:45 : Group: [Sucios]Juandayz: hasta q te agregue ese rancho al lado
22:47:54 : Group: Hawk: justito lo agregaste
22:48:15 : Group: [Sucios]Juandayz: si dee pedo no fue premeditado :P
22:48:26 : Group: Hawk: maneja voy a encargar comida
22:56:06 : Group: [Sucios]Juandayz: listo
22:56:10 : Group: Hawk: segui manejando q estoy esperando la morfi
23:26:26 : Group: popiso: que haces alla hdp
23:26:48 : Group: vodka: revisando el airfield
23:28:12 : Group: Hawk: la movi para aca a la safe
23:28:14 : Group: Hawk: es mejor
23:28:16 : Group: Hawk: mas alto
23:28:17 : Group: [Sucios]Juandayz: ok
23:28:28 : Group: [Sucios]Juandayz: hay un perro tenes carne?=
23:28:44 : Group: Hawk: no
23:29:29 : Group: Hawk: te pase la nueva pwd a face
23:31:27 : Group: popiso: me voy al airfield grande
23:31:47 : Group: vodka: ok dale 
23:32:37 : Group: Hawk: habria que cerrar todo en la vuelta con muro
23:32:43 : Group: Hawk: y poner una peurta de garage
23:32:57 : Group: [Sucios]Juandayz: vamo a hacerlo mierda a jorge
23:41:37 : Group: [Sucios]Juandayz: esperemos la prox actualizacion
23:41:53 : Group: Hawk: tire la llave de la camioneta ahi en el arbol de enfrente
23:45:38 : Group: [Sucios]Juandayz: en bombero esta aña moto
23:46:07 : Group: [Sucios]Juandayz: torre bomb
23:48:35 : Group: [Sucios]Juandayz: tirale
23:49:11 : Group: [Sucios]Juandayz: jaja me la dio
