05:27:44 : Group: Mijael: No tengo jaja acordate que usaba el celular
05:27:50 : Group: xTetex: jaja
05:28:03 : Group: Mijael: un que?
05:28:07 : Group: Mijael: mier
05:28:09 : Group: Mijael: que culo jaja
05:28:19 : Group: Mijael: yo llege al aeropuerto y me cago a tiros un bot
05:28:25 : Group: Mijael: pero lo logre matar y le afane la ak 47
05:28:25 : Group: xTetex: UNA boknick
05:29:32 : Group: xTetex: disparos
05:29:37 : Group: xTetex: de aka
05:29:50 : Group: Mijael: 12314124 zombies
05:30:28 : Group: Mijael: agarrate el ak del bot 
05:30:39 : Group: xTetex: ahora voy espera
05:31:31 : Group: Mijael: Hay armas hasta para regalar aca
05:32:34 : Group: Mijael: fua
05:32:36 : Group: Mijael: una re arma aca
05:33:10 : Group: Mijael: metete aca
05:33:13 : Group: Mijael: caminan lento
05:34:34 : Group: xTetex: te puedo disparar :D
05:34:46 : Group: Mijael: hay armas re copadas por todos lados jaja
05:34:48 : Group: Mijael: na
05:35:01 : Group: xTetex: nesesito mochila
05:35:07 : Group: Mijael: aca hay una m8 de precision
05:35:10 : Group: Mijael: por si te interesa jaja
05:35:40 : Group: Mijael: no tengo mucho espacio
05:37:02 : Group: Mijael: morfina aca por si queres
05:37:16 : Group: xTetex: ok
05:39:04 : Group: Mijael: a la mierw
05:39:11 : Group: xTetex: q
05:39:15 : Group: Mijael: muchosw
05:40:16 : Group: Mijael: si nos pagaran por matar zombies
05:40:26 : Group: xTetex: se
05:41:19 : Group: Mijael: que manera de haber zombies chabon
05:41:25 : Group: Mijael: la proxima que vea otro me va agarrar una embolia
05:41:52 : Group: Mijael: esto no lo lootie eh 
05:43:24 : Group: xTetex: siiii=
05:43:49 : Group: xTetex: no dejes ninguna arma mas
05:43:55 : Group: Mijael: por?
05:43:55 : Group: xTetex: se callo
05:44:00 : Group: Mijael: jajaja
05:49:10 : Group: xTetex: otra mas
05:49:16 : Group: xTetex: :(
05:49:21 : Group: Mijael: pone las buenas
05:49:26 : Group: Mijael: tira las truchas jaja
05:49:33 : Group: xTetex: jaja
05:50:11 : Group: Mijael: vendemos las armas y venimos a buscar las demas
05:50:21 : Group: xTetex: oj
05:51:57 : Group: Mijael: en esa caja probablemente haya algo copado
05:52:11 : Group: xTetex: si ahora la abrimos
05:52:20 : Group: xTetex: yo se lo q hay
05:52:44 : Group: Mijael: yo que vos voy a cargar rapido la gasolina
05:52:53 : Group: Mijael: sino no llegas ni en pedo con la cantidad que hay ahora
05:53:02 : Group: xTetex: y el trader
05:53:15 : Group: Mijael: en el mercado central
05:53:17 : Group: Mijael: ahi esta todo
05:53:37 : Group: xTetex: y la estacion de servicio 
05:53:46 : Group: Mijael: no tengo idea
05:54:03 : Group: Mijael: se que hay algunas por elektro y cherno pero no llegas ni en pedo
05:54:26 : Group: Mijael: control
05:54:40 : Group: Mijael: en el auto hay un barril de gasolina
05:54:50 : Group: xTetex: como se maraca en el mapa
05:54:52 : Group: Mijael: de ultima nos fijamos si hay algun coso por aca en el aeropuerto para cargar
05:54:56 : Group: Mijael: Con control pancho
05:55:01 : Group: xTetex: y q mas
05:55:10 : Group: Mijael: y click
05:55:22 : Group: Mijael: shift
05:55:36 : Group: Mijael: tengo un re sueño
05:55:43 : Group: Mijael: me da que me duermo en 10
05:58:56 : Group: Mijael: un heli
05:58:59 : Group: Mijael: re cheto
05:59:17 : Group: Mijael: ?
05:59:42 : Group: Mijael: esta abieeertooo
06:02:25 : Group: Mijael: la cancion jajaja
06:02:36 : Group: xTetex: se
06:02:52 : Group: Mijael: cargale gasolina al heli
06:02:54 : Group: Mijael: tiene la mitad
06:03:04 : Group: Mijael: llena el barril que esta en el auto
06:04:06 : Group: Mijael: gira solo
06:04:08 : Group: Mijael: para la derecha
06:04:17 : Group: Mijael: re flashero
06:04:20 : Group: xTetex: esta roto
06:04:24 : Group: Mijael: esta todo en verde
06:04:30 : Group: xTetex: a ve
06:04:36 : Group: xTetex: dame
06:04:40 : Group: xTetex: amo
06:04:44 : Group: Mijael: ptm
06:04:50 : Group: Mijael: es dficil controlar con esta cagada girando
06:04:55 : Group: xTetex: baja
06:05:01 : Group: Mijael: para
06:05:04 : Group: Mijael: trato de no explotar
06:05:05 : Group: Mijael: jaja
06:05:31 : Group: xTetex: tiene cosas
06:05:41 : Group: Mijael: nop
06:05:43 : Group: xTetex: ah
06:05:55 : Group: xTetex: esta roto paja
06:06:02 : Group: Mijael: pero esta en amarillo
06:06:03 : Group: Mijael: que poronga
06:06:07 : Group: xTetex: jaja
06:06:24 : Group: Mijael: una toolbox hay aca
06:06:25 : Group: Mijael: nop
06:07:54 : Group: Mijael: lel
06:08:32 : Group: Mijael: scrap metal es para reparar el heli?
06:12:44 : Group: Mijael: y que onda
06:12:59 : Group: xTetex: ni 1
06:15:48 : Group: xTetex: no che
06:15:55 : Group: Mijael: pucha
06:16:21 : Group: Mijael: y como se consigue
06:16:47 : Group: xTetex: aparece en lugares industriales
06:17:35 : Group: Mijael: estoy hecho percha
06:18:04 : Group: Mijael: perfecto
06:18:08 : Group: Mijael: el autito roto tambien jaja
06:18:21 : Group: xTetex: no yo lo aregle por eso tarde
06:18:43 : Group: Mijael: putaw
06:18:46 : Group: xTetex: lol
06:18:47 : Group: Mijael: nos disparan
06:18:48 : Group: Mijael: bolo
06:18:49 : Group: Mijael: raja
06:19:10 : Group: Mijael: no tengo la menor idea de donde pero nos cagaron a tiros
