01:34:39 : Side: reconnect: buenas
18:59:14 : Side: rectodecerdo: admin estás?
18:59:20 : Side: juandayz: q paso
18:59:28 : Side: rectodecerdo: vos no sos admin man
18:59:35 : Side: juandayz: lol
18:59:54 : Side: juandayz: q necesitas
19:20:11 : Side: Azrael1x: buenas
19:20:21 : Side: juandayz: azra qerido como andas
19:20:37 : Side: Azrael1x: que haces papa bien y vos juan?
19:20:58 : Side: juandayz: toodo bien aca viendo unos cambios :D
19:21:20 : Side: Azrael1x: si note algunos esta quedando re facha
19:21:49 : Side: juandayz: fijate el diario, le modifique un poquito mas el estilo :D 
19:22:04 : Side: juandayz: no me aburro de hacer boludecs :D jaa
19:22:38 : Side: Azrael1x: cuando termino de caer lo miro jaja
19:22:52 : Side: juandayz: ;)
19:26:13 : Side: Azrael1x: jaja quedo muy bueno el diario,es entretenido
19:27:31 : Side: juandayz: :D como para ambientar no mas
19:28:07 : Side: Azrael1x: si pero queda re copado eso
19:37:07 : Side: kecho: Hola Gente
19:37:54 : Side: Azrael1x: che juan te  hago una pregunta
19:38:25 : Side: Azrael1x: el plot no me da para mantencion pero igual me desaparecen las paredes de la base,sabes por que puede ser?
21:18:09 : Side: N1c077: admn despues si podes veni 
21:19:00 : Side: N1c077: para hablar un toke 
21:19:31 : Side: N1c077: no lo veo en el nombre del server 
