01:21:10 : Side: reconnect: buenas
01:21:19 : Side: vodka: buenas
01:52:33 : Side: vodka: quien es el del guillie?
01:52:38 : Side: reconnect: eu
01:52:43 : Side: reconnect: atras del fardo?
01:52:52 : Side: vodka: si estoy a tu derecha
01:52:56 : Side: reconnect: ok
01:53:57 : Side: reconnect: hay 2 m2 y 4 chavales muertos aprox
01:54:18 : Side: vodka: ok me abro mas a la derecha 
01:54:23 : Side: reconnect: de tu lado tenes buena vista
01:54:26 : Side: reconnect: aca esta complejo
01:55:02 : Side: reconnect: uf
01:57:09 : Side: reconnect: estan dispersos ojo , me la dieron muy lejos de la mision
01:57:48 : Side: vodka: me replegue para atras por la derecha no se ve esta como en un pozo
01:58:18 : Side: reconnect: hay una loma con arboles que tenes una vista un poco mejor.
01:58:28 : Side: reconnect: pero a no mas de 300m
01:58:59 : Side: vodka: ahi mate uno q estaba serca tuyos
01:59:33 : Side: vodka: voy para la izq 
01:59:44 : Side: reconnect: ok yo estoy de blanco yendo a mi cuerpo
01:59:54 : Side: vodka: te mando grupo por las dudas 
02:02:39 : Side: reconnect: no hay nadie
02:02:57 : Side: reconnect: como que salieron a buscarme, rodie toda la mision y ahora no se por donde andan
02:03:18 : Side: vodka: guarda en el bosque de enfrente
02:03:54 : Side: reconnect: cuantos habras matado apox
02:04:07 : Side: vodka: yo vi a uno solo 
02:04:13 : Side: reconnect: ptm
02:05:42 : Side: vodka: estoy a menos de 100m
02:06:08 : Side: vodka: bue a lado tuyo
02:07:56 : Side: vodka: quedaba uno nomas
02:08:19 : Side: reconnect: no lo vi
02:08:56 : Side: reconnect: quiero los stanag nomas
02:09:08 : Side: vodka: sd ?
02:09:14 : Side: reconnect: no
02:09:25 : Side: vodka: ahi te junto
02:09:32 : Side: reconnect: ah no me confundi
02:09:44 : Side: reconnect: el m4 aim es DMR
02:09:54 : Side: vodka: haa ok
02:10:04 : Side: reconnect: la unica arma que encuentro que pueda usar con NV y pegue
02:10:38 : Side: reconnect: no habia dmr
02:11:59 : Side: reconnect: mala mia
02:12:12 : Side: vodka: aca tenes oro para comprar balas
02:12:27 : Side: reconnect: gracias, tengo.
02:12:51 : Side: vodka: si no lo usas me la llevo 
02:12:57 : Side: reconnect: lleve
02:13:19 : Side: vodka: te dejo 5 cargadores de dmr
02:13:54 : Side: reconnect: ok
02:14:02 : Side: vodka: en la caja
02:14:11 : Side: reconnect: (Y)
02:14:19 : Side: reconnect: gracias
02:14:23 : Side: vodka: ok
02:25:41 : Side: reconnect: era buenisima
02:26:09 : Side: vodka: en una mision?
02:32:39 : Side: reconnect: saben cuanto falta para reinicia_r?
02:32:52 : Side: vodka: NI IDEA 
02:33:59 : Side: Slade: ola
02:34:07 : Side: vodka: HOLA
02:34:14 : Side: Slade: adm
02:34:19 : Side: Slade: ta online
02:34:36 : Side: vodka: CREO Q NOD
02:34:36 : Side: Slade: sever e bom
02:34:54 : Side: Slade: ou n
02:35:38 : Side: Slade: tem as50 no sever
02:35:42 : Side: reconnect: nope
02:35:49 : Side: Slade: m110
02:35:57 : Side: reconnect: habia m110
02:35:58 : Side: Slade: tem
02:36:02 : Side: reconnect: pero no se si para comprar
02:36:13 : Side: vodka: CREO Q EN RADIO 
02:36:14 : Side: reconnect: only missions i think
02:36:15 : Side: Slade: esse sever fica cheio
02:36:25 : Side: vodka: ANTE 4 SE VENDE
02:36:53 : Side: Slade: hmm
02:36:54 : Side: vodka: ANTENA 4 CREO SE VENDE
02:37:04 : Side: Slade: armas epeciais
02:37:22 : Side: Slade: hmm
02:37:23 : Side: Slade: ok
02:37:37 : Side: Slade: obrigo,gracias
02:37:41 : Side: vodka: OK
02:37:44 : Side: Slade: obrigado*
04:46:11 : Side: reconnect: META TIROOOO
04:46:37 : Side: vodka: en la mansion
04:46:45 : Side: reconnect: SE ALTA ACCION
04:48:28 : Side: reconnect: eso no fue bot :D
04:48:50 : Side: reconnect: me esta comiendo u n zombi vieja
04:48:51 : Side: vodka: yo no fui 
04:48:56 : Side: reconnect: q feo morir comido jajaja
04:57:21 : Side: reconnect: no pudee lootear nada
04:57:30 : Side: reconnect: no tengo espacio, si queres esta todo ahi
04:57:31 : Side: vodka: no que bajon
04:57:43 : Side: reconnect: yo mientras voy a ver si me compro un ural en bash
04:57:56 : Side: vodka: ando igual ise la otra y saque lo q pude
04:58:12 : Side: reconnect: me habia comprado un merlin y lo estrelle :O
04:58:44 : Side: vodka: noo 
04:59:16 : Side: vodka: yo voy a ver si llego para el black hawk
04:59:33 : Side: reconnect: cuanto esta_
04:59:39 : Side: vodka: 200k
05:00:58 : Side: reconnect: tengo 230k en mi bolsillo, si te falta algo te doy np
05:01:56 : Side: vodka: gracias , vendi arma y llego 
05:21:11 : Side: vodka: el black hawk sale 400k
05:21:27 : Side: reconnect: si me parecia
05:21:33 : Side: reconnect: yo me compre el huey
05:21:38 : Side: reconnect: medio verga
05:21:41 : Side: vodka: yo tambien 
05:22:06 : Side: reconnect: para cargo hay que ir al trader neutral mepa
05:22:16 : Side: vodka: si
05:22:25 : Side: reconnect: el mi/17 militarizado no tiene nada de cargo
05:22:55 : Side: vodka: yo queria ese pero mucho ruido hace
05:23:35 : Side: reconnect: la otra opcion es el merlin
05:24:19 : Side: vodka: esta bueno ese pero sale caro tambien
05:39:49 : Side: reconnect: el wire fencing kit desaparece_
05:40:13 : Side: vodka: si 
05:40:20 : Side: reconnect: que pijazo
05:40:33 : Side: vodka: creo q es loot raro 
05:41:37 : Side: vodka: provabilidad menos 5 % sin no me equivoco
05:41:53 : Side: reconnect: lo puse en una entrada y no esta mas
05:41:55 : Side: reconnect: al pedo
05:42:18 : Side: vodka: jaja yo perdi casi toda la base 
05:42:30 : Side: reconnect: O>
05:42:37 : Side: reconnect: por? bug?
05:43:19 : Side: vodka: creo q si xq el plot no me deja dar mantenimiento 
05:52:11 : Side: vodka: quien es el del vodnik ?
05:52:18 : Side: reconnect: eu
05:52:27 : Side: vodka: ok 
05:54:54 : Side: reconnect: no tiran estos chabones que onda
05:55:12 : Side: vodka: jajaja
05:55:13 : Side: reconnect: lenda
05:57:08 : Side: reconnect: q hermosa pepa
05:57:34 : Side: reconnect: de donde lo sacaset_
05:57:47 : Side: vodka: q cosa ?
05:57:53 : Side: reconnect: al rpg
05:58:01 : Side: vodka: fueron los npc 
05:58:12 : Side: reconnect: :O
05:58:43 : Side: vodka: cuidado con el heli q tienen stinger tambien
05:59:01 : Side: reconnect: no sabia esa
05:59:17 : Side: vodka: a mi me locearon la otra ves safe de pedo
05:59:23 : Side: reconnect: fue hermosa, la vi de frente
05:59:46 : Side: vodka: yo estaba atras a unos 300 m
12:48:05 : Side: rectodecerdo: larzuk, vos etás en la del black hawk cierto?
12:48:16 : Side: LarzuK: nono , yo estoy en mi base
12:48:27 : Side: LarzuK: por ?
12:48:37 : Side: rectodecerdo: bah y a quién le disparan entonces?
12:48:59 : Side: LarzuK: es raro a veces los bots se ponen a disparar
12:49:14 : Side: LarzuK: me paso con el bot del airfield del norte
12:49:24 : Side: rectodecerdo: debe ser eso
12:49:49 : Side: LarzuK: las misiones siempre tienen una sola faccion de IA no ?
12:49:58 : Side: rectodecerdo: por lo que veo sí
12:50:19 : Side: LarzuK: y los bots no les tiran a los zombis
12:50:44 : Side: rectodecerdo: por lo menos yo no los he visto haciendo eso
12:50:53 : Side: rectodecerdo: no estoy hace mucho acá
12:55:55 : Side: rectodecerdo: por confiado jaja
12:56:01 : Side: LarzuK: jjajaj
12:56:06 : Side: LarzuK: con que te pegaron ?
12:56:22 : Side: rectodecerdo: no sé, pero me la dieron de bastante lejos
12:56:40 : Side: rectodecerdo: debe haber sido una de las cal .50
13:11:27 : Side: [EC]Davi: Larzuk, como estas?
13:11:40 : Side: LarzuK: hola , todo bien , vos ?
13:12:08 : Side: [EC]Davi: Bien bien, recien entro a ver como andaba el server, recien ayer recibi la maquina. Todo en orden=?
13:13:20 : Side: LarzuK: si, por suerte
13:13:24 : Side: LarzuK: el server anda bastante bien
13:13:33 : Side: LarzuK: pero igual creo que mi coneccion es una cagada
13:13:48 : Side: LarzuK: a veces se me cae y vuelve 
13:13:57 : Side: [EC]Davi: Que buena onda che. AH si? recien vi qe perdas conexion
13:14:13 : Side: LarzuK: hay que invitar a mas gente eso si
13:14:27 : Side: LarzuK: el server esta bueno , tiene buena dificultad
13:14:33 : Side: LarzuK: 3 misiones para elegir
13:14:55 : Side: LarzuK: de fps anda bastante bien
13:15:15 : Side: rectodecerdo: está bueno el server, pero estaría mejor que le sacaran esas traducciones pedorras
13:15:29 : Side: LarzuK: jajaja , no se , eso deciselo a juan
13:15:37 : Side: LarzuK: estuvo toda la semana haciendolas
13:15:46 : Side: [EC]Davi: Genial, si yo anduve publicando el sercver en otros grupos. y varios se metieron al grupo nuestro.
13:15:49 : Side: rectodecerdo: jaja stá bien
13:15:55 : Side: [EC]Davi: hay gente que no sabe que es argentino el server
13:16:02 : Side: LarzuK: jajaja 
13:16:07 : Side: rectodecerdo: pero si hubieran sido textuales tal vez estaría mejor
13:16:17 : Side: LarzuK: seguramente
13:16:35 : Side: rectodecerdo: y estaría bueno poder sacar y poner a gusto con Fn el cuadrito con los stats
13:16:45 : Side: LarzuK: yo tengo un grupo de rust de 1200 miembros
13:16:49 : Side: rectodecerdo: pero es mejor que nada
13:17:03 : Side: LarzuK: aunque nunca jugue al rust
13:17:14 : Side: LarzuK: ajaja , lo herede,  por quedar acefalo el grupo
13:17:18 : Side: LarzuK: digamos
13:17:25 : Side: LarzuK: le voy a hacer tambien propaganda ahi
13:18:15 : Side: LarzuK: estaria bueno que propusieran un evento para la semana que viene
13:18:16 : Side: [EC]Davi: Dale dale. Yo eh aceptado un par que se metieron al grupo pero no tienen idea ni siquiera de que es dayz.
13:18:20 : Side: LarzuK: asi entra gente
13:18:39 : Side: [EC]Davi: Despues lo hablo con juan, el tema que tendriamos que tener un poco mas de gente.
13:18:48 : Side: [EC]Davi: Vos estas como admin tambien de ArgentinaDayz?
13:19:00 : Side: LarzuK: yo no tengo admin de nada
13:19:02 : Side: LarzuK: ajjaja
13:19:21 : Side: [EC]Davi: Boludo, vos siempre respondes cuando no estoy yo o juan. Encima a veces hacen cadas preguntas.
13:19:52 : Side: LarzuK: jajaj si pero con eso no hay drama
13:20:28 : Side: [EC]Davi: Igual decia porqe capaz haga una votacion interna en el grupo a ver si se prenden al evento.
13:20:51 : Side: LarzuK: tiene que ser un evento piola
13:20:51 : Side: [EC]Davi: despues le pregunto a los admin
13:20:59 : Side: LarzuK: que cree espectativa , q c yo
13:22:15 : Side: LarzuK: che davi , vos tenes algun grupo ?
13:22:19 : Side: LarzuK: algun squad
13:22:52 : Side: [EC]Davi: Si si, tenemos uno donde eramos 11, pero de esos jugamos 2 nada mas. y le estoy enseñando a una amiga.
13:22:58 : Side: [EC]Davi: Uno es Vodka.
13:23:10 : Side: LarzuK: ah si , lo vi
13:23:18 : Side: LarzuK: y el resto que hace ? se cambio de juego ?
13:24:26 : Side: [EC]Davi: Algunos en arma3, otros por razones de trabajo y tiempo no entran. Y otros como se cansaron un poco. 
13:24:40 : Side: [EC]Davi: venimos jugando de 2013 mas o moenos.
13:24:58 : Side: LarzuK: se , a veces llega un momento como que todo se hace repetitivo
13:25:05 : Side: rectodecerdo: quedó algun server arg del arma3?
13:25:16 : Side: LarzuK: pero bueno , depende de los grupos que se armen en el server y los bardos
13:25:17 : Side: rectodecerdo: la ultimavez que vi estaban todos vacios?
13:25:31 : Side: LarzuK: lo mas lindo de jugar al epoch son los bardos que se arman entre clanes
13:26:07 : Side: [EC]Davi: si mal, nosotros jugabamos en un server llamado joker, hace mucho, estaba lleno de clanes, lastima los chiter
13:26:16 : Side: LarzuK: era del pirata ?
13:26:28 : Side: [EC]Davi: Claro, el mod viejo. 
13:26:52 : Side: LarzuK: ah si , me acuerdo cuando jugaba l pirata al menos 1 por semana se veia
13:27:17 : Side: LarzuK: pero desde que me puse el original no vi a ninguno
13:27:27 : Side: LarzuK: incluso en los servers grandes de mas de 50 personas
13:28:06 : Side: [EC]Davi: Si, tal cual. Por eso me lo compre. Che y vos tenes squad? Con Vodka andamos buscando algunos que tengan algo de experiencia.
13:28:17 : Side: [EC]Davi: somos dos gatos locos jaja
13:28:27 : Side: LarzuK: yo tenia un squad de 8 personas
13:28:34 : Side: LarzuK: en realidad eramos un clan , de otro juego
13:28:39 : Side: LarzuK: que nos pusimos a jugar al epoch
13:28:48 : Side: LarzuK: jugabamos en el server de mza
13:29:12 : Side: rectodecerdo: el overgame jaja
13:29:12 : Side: LarzuK: pero cuando murio ese server ahi la mayoria dejo de jugar
13:29:17 : Side: rectodecerdo: era pirata ese
13:29:31 : Side: LarzuK: se , en un momento fue pirata , tenia +30 siempre
13:29:37 : Side: rectodecerdo: antes estaba el sangresucia
13:29:42 : Side: LarzuK: despues lo pasaron a original , y tenia +20
13:30:01 : Side: LarzuK: despues a vio se le ocurrio tirarlo y poner uno de arma 3 , y ahi murio
13:30:15 : Side: [EC]Davi: ah mira vos, bueno cualquier avisame y nos metemos una noche, total es para armar grupos, porque andar solo es bastante choto
13:30:32 : Side: LarzuK: tengo un par de conocidos que juegan al arma
13:30:48 : Side: LarzuK: les digo si quieren entrar a jugar, que hablen con vos para hacer un grupo
13:30:56 : Side: LarzuK: yo creo que voy a invitar a los de mi clan
13:31:01 : Side: [EC]Davi: dale dale tambien jugamos a wasteland
13:31:09 : Side: LarzuK: y de ahi veo , porque no da hacer grupo muy grande
13:31:24 : Side: LarzuK: digo mas que nada por los que andan jugando de a dos o tres aca
13:31:47 : Side: [EC]Davi: claro nosotros queremos ser de 4 nada mas.
13:31:48 : Side: LarzuK: pero veo , si por ahi los de mi clan no me dan bola , vemos de hacer grupo
13:31:57 : Side: LarzuK: mejor
13:31:59 : Side: [EC]Davi: dale dale vos avisa no hay drama.
13:32:20 : Side: rectodecerdo: está bueno para que se arme quilombo jaja
13:34:19 : Side: LarzuK: recto
13:34:26 : Side: LarzuK: vos no jugabas con alguien mas ?
13:34:32 : Side: LarzuK: antes ?
13:34:34 : Side: rectodecerdo: se
13:34:47 : Side: rectodecerdo: con padre mavi y nebulon
13:35:01 : Side: rectodecerdo: primero estabamos en el gatos
13:35:13 : Side: [EC]Davi: che una pregunta como se desplega la bici?
13:35:22 : Side: rectodecerdo: pero murio xq nadie ponia plata
13:35:30 : Side: rectodecerdo: y despues pasamos al clustercode
13:36:17 : Side: rectodecerdo: estoy viendo si puedo hacer volver al padre
13:36:41 : Side: rectodecerdo: nebulon se comió un global ban del battleye
13:40:17 : Side: LarzuK: aca estoy
13:40:27 : Side: LarzuK: llegue a leer de padremavi y nebulon
13:40:32 : Side: LarzuK: siguen jugando ?
13:40:58 : Side: rectodecerdo: al padre estoy tratando de convencerlo para que vuelva a dar sus bendiciones
13:41:11 : Side: rectodecerdo: y nebulon se comio un global ban del battleye
13:41:21 : Side: LarzuK: jajajaja
13:41:26 : Side: rectodecerdo: tiene pinta de ser uno de esos falsos positivos
13:41:32 : Side: LarzuK: que cagada
13:41:34 : Side: rectodecerdo: pero lta cuando te pasa eso
13:42:00 : Side: LarzuK: se , salvo que te hagas otra cuenta de steam , y te lo vuelvas a comprar al juego , con alguna oferta , jaja
13:42:06 : Side: LarzuK: si sos muy fanatico
13:42:24 : Side: rectodecerdo: claro
13:42:34 : Side: rectodecerdo: pero no le va tanto ya
13:43:13 : Side: LarzuK: a mi me ha pasado mas o menos lo mismo , cuando los voy a invitar me preguntan primero si se llena
13:43:25 : Side: LarzuK: y les digo boludo si es nuevo el server mas vale que no se va a llenar
13:43:55 : Side: LarzuK: jaja
13:43:57 : Side: rectodecerdo: y si
13:44:23 : Side: rectodecerdo: mavi seguro que vuelve
13:44:54 : Side: rectodecerdo: en realidad los tres compramos el 3 xq creímos que iba a haber servidores
13:45:04 : Side: rectodecerdo: pero salvo el wasteland nada eh
13:45:13 : Side: LarzuK: jaajaj
13:45:23 : Side: LarzuK: lo que pasa es que , 60 dolares
13:45:30 : Side: LarzuK: se va medio al mazo
13:45:45 : Side: LarzuK: digo , para que la gente se lo compre masivamente tiene que estar por lo menos a la mitad
13:45:46 : Side: rectodecerdo: 30 usd en las rebajas
13:45:59 : Side: LarzuK: y a veces tampoco 
13:46:03 : Side: LarzuK: q c yo
13:46:31 : Side: LarzuK: para colmo el oficial ya esta igual que el blu
13:46:34 : Side: rectodecerdo: pero en el wasteland hay gente
13:46:49 : Side: rectodecerdo: hay veces que hay 10 personas o mas
13:47:02 : Side: rectodecerdo: estaría bueno un server de exile con el mapa esseker
13:47:03 : Side: LarzuK: es un numero , pero tampoco es masivo
13:47:11 : Side: rectodecerdo: pero me parece que estamos lejos de eso todavía
13:47:15 : Side: LarzuK: se
13:47:43 : Side: LarzuK: para colmo muchos vagos se compraron el standalone pensando que iba a ser otra cosa
13:47:52 : Side: LarzuK: y van a paso de tortuga
13:48:48 : Side: rectodecerdo: entre el standalone y este, me quedo con este
13:49:55 : Side: LarzuK: al standalone le falta un montonaso todavia para poderlo comparar con este
13:50:05 : Side: LarzuK: tiene un montonaso de bugs
13:50:18 : Side: rectodecerdo: si
13:50:27 : Side: LarzuK: los programadores en vez de mejorar la base del juego se pusieron a agregarle cosas, siempre mas de lo mismo
13:50:42 : Side: LarzuK: y asi se pierde un montonaso de tiempo
13:56:51 : Side: [EC]Davi: que sorete me hace pegar esa antena
13:57:09 : Side: rectodecerdo: jaja
13:57:12 : Side: LarzuK: ajajaj por ?
13:57:15 : Side: LarzuK: xd
13:57:30 : Side: [EC]Davi: estaba leyendo y sono, tengo los auris al palo
14:08:13 : Side: [EC]Davi: Hace mucho que estan aca dentro ustedes?
14:08:24 : Side: rectodecerdo: una semana
14:08:36 : Side: [EC]Davi: nono ahora tiempo que logueraon
14:08:47 : Side: rectodecerdo: ahh desde las 11
14:09:14 : Side: [EC]Davi: ah bien. yo entre para recorrer el mapa, me siento un tarado jajaja
14:12:08 : Side: [EC]Davi: me encontre con ujno de ustedes no se quien es
14:12:16 : Side: rectodecerdo: en donde?
14:12:26 : Side: [EC]Davi: en green mountain
14:12:26 : Side: LarzuK: ah si , me parece que te escuche
14:12:33 : Side: LarzuK: te trajiste a todos los chombis
14:12:36 : Side: LarzuK: .jajaj
14:12:46 : Side: LarzuK: yo escuche una horda y dije , que carajo
14:12:49 : Side: LarzuK: ajaja
14:13:01 : Side: [EC]Davi: mal me agarraron a la entrada pero vi la bici y me sali para el costado. jajaja
14:13:14 : Side: LarzuK: estas por hacer la mision ?
14:13:27 : Side: LarzuK: ahi desde la torre la podes hacer tranqui creo
14:13:33 : Side: [EC]Davi: la que esta aca al lado?
14:13:37 : Side: LarzuK: se
14:13:56 : Side: LarzuK: hay varios spawns cerca 
14:14:08 : Side: [EC]Davi: sinceramente no me di cuenta jajaja venia paveando no vi la mision
14:14:20 : Side: LarzuK: a veces se te aparecen al lado , jajaa
14:14:27 : Side: LarzuK: me ha pasado 
14:14:36 : Side: [EC]Davi: si capaz me mando ahora si estoy al re pedo ademas entre a pavear por eso no pregunte quien andaba por aca
14:14:55 : Side: LarzuK: una vez me desconecte en medio de un campo ,y cuando volvi al otro dia estaba en medio de una msion , ni respawnear pude, me mataron al toque
14:15:05 : Side: [EC]Davi: jajajajaj
14:15:06 : Side: LarzuK: hace un par de dias
14:15:15 : Side: LarzuK: che , me voy a comer
14:15:20 : Side: LarzuK: en un rato vengo
14:15:29 : Side: [EC]Davi: dale voy a hacer la msion
14:15:33 : Side: [EC]Davi: nos vemos luego
14:15:42 : Side: rectodecerdo: nos veos
14:18:34 : Side: [EC]Davi: tosi jajaj
14:49:46 : Side: Jack_BR: hello
14:52:18 : Side: Azrael1x: buenas gente
14:52:41 : Side: Jack_BR: buenas
15:24:37 : Side: [EC]Davi: Te vengo a cuidar el server mientras vacasionas jaja
15:25:24 : Side: [EC]Davi: mandame por face el ip y todo porque no tengo nada, estoy con una amiga y ahora entra lalo.
15:26:37 : Side: [EC]Davi: OKA!!! no me extrañes
15:49:07 : Side: venomsmoker: no hay dmr en el sv no?
15:49:54 : Side: venomsmoker: eh no vi q tenga el de stary
15:50:00 : Side: venomsmoker: por eso preguntaba
15:50:10 : Side: venomsmoker: y en misiones no me tiro ninguna hasta ahora
15:52:08 : Side: venomsmoker: claro yo pense q la habian restringido o algo
16:03:10 : Side: venomsmoker: ajajajaj
16:22:46 : Side: rectodecerdo: ok
17:49:51 : Side: Hawk: larzuk cagon
17:50:07 : Side: LarzuK: q hace hawk
17:50:11 : Side: LarzuK: todo bien ?
17:50:15 : Side: Hawk: todo bien usted
17:50:29 : Side: LarzuK: bien ,aca andamos , lidiando con la lluvia de mierda
17:50:32 : Side: LarzuK: jaja
17:50:42 : Side: Hawk: faa dicen que esta echando lindo en el otro lado del charco si
17:50:45 : Side: Hawk: aca recien mañana
18:17:56 : Side: reconnect: buenas
18:18:01 : Side: Hawk: hello
18:38:11 : Side: reconnect: alguna idea porque no puedo vender la municion M240 ?
18:48:27 : Side: reconnect: LO VEMO
18:54:56 : Side: reconnect: fucking restart
18:55:03 : Side: N1c077: q paso
18:55:21 : Side: reconnect: se colgo o reiniciaron el server y yo volando el huey :P
18:55:45 : Side: reconnect: chau chopper D:
18:56:02 : Side: N1c077: seguro esta en el piso  
18:56:09 : Side: N1c077:  o dnde lo prendiste 
18:56:10 : Side: reconnect: si, en llamas :D
18:56:14 : Side: N1c077: na
18:56:31 : Side: reconnect: vi las llamas
18:56:38 : Side: reconnect: o capaz se colgo mi cliente BE
18:56:41 : Side: N1c077: haaa
18:56:57 : Side: reconnect: no se, pero perdi conexion con el server y al querer reconectar daba error...
18:57:20 : Side: reconnect: ahora soy feliz con mi mozzie :D
18:57:33 : Side: rectodecerdo: uh vos estabas en el heli?
18:57:39 : Side: reconnect: estaba volando cuando se colgo
18:57:49 : Side: rectodecerdo: me imagino que ya no hay mas heli entonces
18:58:10 : Side: reconnect: a vos se te colgo tambien?
18:58:16 : Side: rectodecerdo: si
18:58:19 : Side: reconnect: conchale
19:28:57 : Side: Azrael1x: buenass
19:29:24 : Side: User: hola
19:30:19 : Side: Azrael1x: hola chukyn
19:31:03 : Side: Azrael1x: aca sin bici con un arma mocha jaja re tirado
19:31:50 : Side: N1c077: se cayo dos o 3 veces recien el server xb 
19:31:57 : Side: Azrael1x: sabe jaja
19:37:39 : Side: N1c077: se cayo o me hecho ¿
19:37:51 : Side: Azrael1x: se cayo
19:38:02 : Side: User: crash all players
19:53:22 : Side: Azrael1x: no me deja marcar el mapa -.-
19:58:33 : Side: Azrael1x: che saben a cuanto tira la winchester?
