00:16:31 : Side: [Amish]Churro: juandiaz estas x ahi?.. o un admin?
00:26:48 : Side: [Amish]Churro: q silencio
00:29:25 : Side: Jose Luis: hola
00:29:39 : Side: Jose Luis: el admin esta
00:29:55 : Group: santiago: JOSE
00:30:07 : Group: Jose Luis: elpaaa
00:30:10 : Group: Jose Luis: epaa
00:30:11 : Group: Jose Luis: como va
00:30:35 : Group: santiago: ACABO DE ENTRAR
00:31:29 : Group: Jose Luis: breve camos adar una vueltaw
00:33:23 : Group: Jose Luis: no te han hecho nada?
00:33:48 : Group: Jose Luis: dejaste tirada tu cantimplora tienes otra o q
00:33:49 : Group: santiago: si se me robaron lo que tenia en maletin cuando me desconecte
00:34:10 : Group: Jose Luis: nadie puede abrir tu maletin si permiso
00:34:14 : Group: Jose Luis: sin permiso
00:34:21 : Group: Jose Luis: -seguro que lo estabas guardando bien
00:34:37 : Group: santiago: como es bn?
00:34:52 : Group: Jose Luis: osea darle open bag y pasar las cosas el 1 al otro lado
00:36:41 : Side: Jose Luis: tuya?
00:37:16 : Side: Jose Luis: entonces porque preguntas que hago ahi?
00:38:41 : Side: santiago: vamos pa la base
00:39:18 : Group: Jose Luis: cambia a canal de grupo
00:39:24 : Group: Jose Luis: ojo que estos son bandidos todos
00:40:30 : Group: Jose Luis: que hacias bobo jajaja
00:40:46 : Side: santiago: jajaja
00:41:09 : Group: Jose Luis: pongase en canal de grupo
00:41:15 : Group: Jose Luis: asi no leen lo que decis
00:41:24 : Group: santiago: asi
00:41:30 : Group: Jose Luis: eso asi
00:42:39 : Group: santiago: o si
00:42:59 : Group: santiago: para la base amigo
00:43:06 : Group: Jose Luis: cual base
00:43:54 : Group: santiago: como asi el bosque ese que yo le tengo el hacha 
00:44:09 : Group: Jose Luis: en serio?
00:44:18 : Group: santiago: siiii
00:45:29 : Group: Jose Luis: breve ps
00:45:52 : Group: santiago: que sea una montaña
00:46:08 : Group: santiago: el filo
00:46:19 : Group: Jose Luis: no puede ser muy lejos
00:46:25 : Group: santiago: vea por allaaaa
00:47:04 : Group: santiago: pare
00:47:24 : Group: Jose Luis: que paso
00:47:26 : Group: santiago: saque el mapa al las 10 en punto monte negro
00:47:59 : Group: Jose Luis: que pasa
00:48:13 : Group: Jose Luis: eso es zona ya conquistada pueden ser soldados bot nos dan duro apenas pasemos
00:48:37 : Group: Jose Luis: ojo con esas marcas que todos en el server la ven y pueden ir a buscarnos xD
00:49:47 : Group: Jose Luis: yo decia por aqui
00:49:56 : Group: santiago: ME GUSTA
00:50:02 : Group: Jose Luis: aca tengo mi caja fuerte
00:51:03 : Group: Jose Luis: ahi tengo mis cosas caja de 100.000
00:51:14 : Side: Fidelo: como se consige un boogyeman?
00:51:46 : Side: Azrael1x: fijate que en el inventario tenes algo que es un libro,revisalo
00:51:51 : Group: santiago: JOSE TE DEJO EL HACHA EN EL SUELO PILAS PUES
00:52:40 : Group: santiago: SI
00:52:44 : Group: Jose Luis: bien
00:52:45 : Group: santiago: ?
00:52:47 : Group: Jose Luis: hola jf
00:52:53 : Group: Jose Luis: ya estas online
00:53:38 : Side: JF: BUENAS GENTE COMO ESTAN ?
00:53:49 : Side: Azrael1x: aca mal
00:53:51 : Group: Jose Luis: jf donde quieres hacer la base tu
00:54:02 : Group: Jose Luis: santiago pasa que ya jf tiene parte de la casa hecha
00:54:19 : Group: santiago: A QUE BIEN
00:54:35 : Group: JF: Hola como estas jose luis , santiago ..
00:54:51 : Group: santiago: PERO EMPESEMOS LA NUESTRA TAMMBN PARA QUE SE OTRA ZONA TU SABES
00:55:05 : Group: Jose Luis: se necesita arto recurso y tiempo
00:55:05 : Group: santiago: HOLA JF
00:55:38 : Group: JF: yo tengo mi base si ustedes quieren pueden ocupar territorios cercanos asi reforzamos la zona  y nos cuidamos como equipo
00:55:57 : Group: santiago: ESOOOO DE ESO ES LO QUE ESTOY HABLANO
00:55:59 : Group: Jose Luis: ves santiago
00:56:12 : Group: Jose Luis: jf es cerca de donde estamos o dime donde nos vemos
00:56:15 : Group: JF: ven donde estoy en el mapa  vengan
00:56:43 : Side: Fidelo: hola
00:56:50 : Group: Jose Luis: vamos santiago
00:56:56 : Group: santiago: NOS VEMOS EN DURBOVKA
00:57:13 : Side: [Amish]Churro: >D
00:57:25 : Group: santiago: DUBROVKA
00:57:31 : Group: Jose Luis: al coche santiago
00:57:46 : Group: JF: si pueden traigan plot . los que puedan
00:57:54 : Group: Jose Luis: plot que?
00:58:12 : Group: Jose Luis: entonces vamos a tienda y hacemos la compra
00:58:18 : Group: Jose Luis: tu solo dime que compramos
00:58:29 : Group: Leyva: bots?
00:58:33 : Group: Leyva: que pedo xD
00:58:54 : Side: Azrael1x: no se puede hablar por el cite,sait,global,esta
00:59:28 : Group: santiago: IZQUIERDA
00:59:39 : Group: JF: en la tienda del que tiene traje y le vendes los sacos de arena - plot 30 mtr figura - vean si pueden comprar algunos son necesarios para 
00:59:53 : Group: Jose Luis: dalew
00:59:54 : Group: JF: ser propietario
01:00:10 : Group: Jose Luis: cuantos necesitas y que mas necesitasw
01:00:11 : Group: JF: del trreno que elijan
01:00:30 : Group: JF: al menos uno cada uno si puden mas mejor
01:00:47 : Group: Jose Luis: llevo 6
01:00:47 : Group: Leyva: con razon escuche 2 disparon diferenes
01:01:17 : Group: Fidelo: MAMES WE QUERIA LOIGEA
01:01:32 : Group: Leyva: te queires salir alv a salirnos
01:01:37 : Group: Leyva: capas de que nso violan no?
01:01:54 : Group: Fidelo: ERAN COMO 4
01:02:50 : Group: Leyva: fidel
01:02:57 : Group: Leyva: skype?
01:04:32 : Group: Jose Luis: aparte del lock q mas
01:05:16 : Group: Jose Luis: cuesta 100.000 jajaja santiaogo cuato tenes
01:05:43 : Group: santiago: NADA UD TIENE
01:05:56 : Group: Jose Luis: no tenes monedas?
01:06:20 : Group: Jose Luis: jf estas?
01:07:00 : Group: Jose Luis: ya llevo 2 que mas llevo
01:07:14 : Group: Jose Luis: santiago no tenes monedas seguro?
01:07:34 : Group: santiago: 5000
01:07:46 : Group: Jose Luis: dameas 
01:07:54 : Group: Jose Luis: acercate y le das give money
01:08:04 : Group: santiago: AAAA 
01:08:14 : Group: santiago: POR Q
01:08:24 : Group: santiago: NO QUIERO
01:08:27 : Group: Jose Luis: porque yo ya me gaste 200.000 en los 2
01:08:38 : Group: Jose Luis: y usted no va a ser capaz de dar 5.000 xD
01:08:40 : Group: santiago: Y
01:09:04 : Group: santiago: VAMOS A CONSEGUIR GUARDE
01:09:04 : Group: Jose Luis: ya empezo este man con la tacañeria
01:09:14 : Group: santiago: AAAJAJAJJAJJJAAJ
01:09:21 : Group: Jose Luis: jf que mas necesitamos
01:10:18 : Group: Jose Luis: jf men
01:10:29 : Group: Jose Luis: santiago vamonos avancemos mientras
01:12:51 : Group: Jose Luis: vamos
01:13:06 : Group: Jose Luis: subite ps
01:13:31 : Group: santiago: YA NO ME SALE LOS CUADRITOS DLE MALETIN
01:13:43 : Group: santiago: AHORA SI
01:13:47 : Direct: Roger: LPM
01:13:50 : Group: Jose Luis: ojo ps
01:13:57 : Group: Jose Luis: con robarse mis cosas
01:14:14 : Side: Jose Luis: que pasa roger
01:14:27 : Side: Roger: Hola
01:14:42 : Side: Roger: Nada. me chocaste xD
01:14:53 : Side: Jose Luis: naaa no alcance a tocarte o si
01:15:03 : Side: Roger: si jajaja
01:15:11 : Side: Jose Luis: jajaja lo siento 
01:15:16 : Side: Jose Luis: le ire a revisar los frenos a estow
01:15:17 : Side: Roger: todo bien
01:16:02 : Group: santiago: .ME DAN GANAS DE ISULTAR ESO HPS
01:16:13 : Group: Jose Luis: ojo son masw
01:16:45 : Group: santiago: VAMOS POR DINERO??
01:24:56 : Group: santiago: ?????ZZZZZ
01:25:11 : Group: Jose Luis: aun falta
01:25:15 : Group: Jose Luis: mapa grande mijo
01:32:10 : Group: Jose Luis: jf
01:32:15 : Side: Jose Luis: jf
01:34:21 : Group: santiago: SUBA QUE ARRIBA ESTA EL PLAN
01:34:39 : Side: Jose Luis: w
01:36:18 : Group: Jose Luis: que man pa vivir lejos
01:36:52 : Side: santiago: ESTE MAN TIENE HAMBRE
01:37:06 : Group: Jose Luis: tenes comida?
01:37:15 : Group: santiago: SI
01:37:24 : Group: Jose Luis: coma entonces
01:37:38 : Group: santiago: NO NO TENGO
01:37:51 : Group: santiago: MEDICINA
01:39:41 : Group: Jose Luis: sali ps
01:40:44 : Group: Jose Luis: jf
01:41:15 : Side: Jose Luis: jf men
01:41:53 : Side: Jose Luis: ahi le dejo comida santiago es lo que me queda
01:42:15 : Group: Jose Luis: hablale por microfono a jf
01:44:26 : Group: santiago: no puedo hablar
01:44:34 : Group: Jose Luis: y eso
01:44:41 : Group: santiago: el no nos quiere dejar entrar 
01:44:57 : Group: Jose Luis: no responde los mensajes 
01:45:00 : Group: santiago: hagamos una nosotros
01:45:31 : Side: Jose Luis: hay alguien?
01:45:33 : Group: santiago: suerte con ese mentiroso hp la hacemos cerca de este
01:46:21 : Side: Jose Luis: leyva
01:46:29 : Side: Leyva: ?
01:46:36 : Side: Jose Luis: has visto a jf
01:47:02 : Side: Leyva: nop xD
01:49:44 : Group: santiago: armemos el campamento aca lado
01:49:57 : Side: Jose Luis: tienes materiales?
01:50:19 : Group: santiago: cuales?
01:50:41 : Group: Jose Luis: el problema es que esta zona ya esta y pa saber a q distancia nos deja
01:50:59 : Group: santiago: si ve
01:51:26 : Group: santiago: ponga esa chimbada alla en la punta del morro bn lejos
01:51:41 : Group: Jose Luis: eso cuesta mricon
01:51:48 : Group: Jose Luis: mire en dos cosas se me fueron 200.000
01:52:23 : Group: santiago: y que se hace pa conseguir ps
01:52:27 : Group: santiago: ?
01:52:35 : Group: Jose Luis: buscar las armas dentro de la tienda y venderlas
01:52:41 : Group: Jose Luis: o jugar a la ruleta rusa y ganar
01:53:34 : Group: santiago: cuanto cuesta yo lo patrosino
01:53:51 : Group: santiago: yo lo cuido
01:53:52 : Group: Jose Luis: ja vida hpta si no me quizo dar 5000 jajaja
01:54:14 : Group: santiago: todooooooooooo???????????
01:54:22 : Group: santiago: 1000
01:54:30 : Group: Jose Luis: 1000 q?
01:54:36 : Group: santiago: eee
01:54:38 : Group: Jose Luis: -eso vale una lata de comida en la tienda
01:54:59 : Group: santiago: ENTONCES
01:56:19 : Side: Jose Luis: JF MEN ESTOY ACA YA
01:58:45 : Group: santiago: NO TENES EL HACHA YA PS
01:59:56 : Side: Jose Luis: LA PTM
02:00:18 : Side: JF: que te paso
02:00:26 : Side: Jose Luis: QUE ESTOY AQUI MEN
02:00:29 : Side: Jose Luis: DONDE DIJISTE
02:00:38 : Side: Jose Luis: ABRE
02:00:52 : Side: JF: vos no me lees con letra amarillita estoy al lado de tu camioneta
02:01:07 : Side: Jose Luis: NO TE LEIA
02:01:30 : Side: Jose Luis: JAJAJA CON RAZON NO TE VEIAMOS
02:01:32 : Side: JF: jaja que pasa 
02:01:43 : Side: santiago: AJAJAJ
02:01:50 : Side: Jose Luis: ESPERA ENTRO LA CAMIONETA
02:02:06 : Side: JF: vengan
02:02:47 : Side: santiago: INVITE A PROVADO JF
02:04:54 : Side: JF: che que pas aque no nos podemos comunicar 
02:04:58 : Side: Jose Luis: DONDE TE DEJO LO QUE PEDISTE
02:05:05 : Side: Jose Luis: NO HAS ENTRADO AL GRUPO MEN
02:05:23 : Side: JF: ahora entro 
02:05:32 : Side: Jose Luis: OK
02:06:08 : Side: JF: no no me dejes nada eso lo tienen que hubicar ustdes cuando esten seguros del lugar que elijan por separado es mejor
02:06:25 : Side: Jose Luis: jaajaja como asi
02:06:33 : Side: santiago: POR Q
02:06:42 : Side: Jose Luis: este viaje aqui era para eso xD
02:07:00 : Side: santiago: NO ERA PARA REFORZAR LA ZONA?
02:07:03 : Side: JF: por el simple hecho que si uno decide abandonar el juego el otro se queda en bolas
02:07:20 : Side: Jose Luis: como asi
02:07:46 : Side: santiago: NOSOTROS LO MANTENDEROS VIVO
02:07:54 : Side: JF: cada uno debe tener su privacidad y los numeros de sus cajas -safes- y demas 
02:08:13 : Side: Jose Luis: solo necesitariamos puertas porque safes cada quien compra la suya
02:08:18 : Side: Jose Luis: yo ya tengo una
02:08:52 : Side: santiago: JOSE VAMOS A COSTRUIR LAS NUESTRA
02:08:55 : Side: JF: antes de que ustedes entraran al server ya eh intentado hacer grupo en comun con al menos tres jugadores que dicho sea de paso 
02:09:10 : Side: JF: ya no juegan porque tengo entendido 
02:09:38 : Side: JF: que se fueron al juego del arma 3 
02:09:52 : Side: Jose Luis: naa yo apenas compre este 2 no me pienso ir
02:10:20 : Side: JF: no se preocupen yo tengo algunos materiales y los voy a ayudar 
02:10:31 : Side: Jose Luis: ...
02:10:37 : Side: Jose Luis: eres raro sabes xD
02:10:38 : Side: santiago: ESOOO
02:10:52 : Side: JF: raro por que jaja
02:10:56 : Side: Jose Luis: tu mismo me lo propusiste jajaja
02:11:05 : Side: Jose Luis: y ahora que estoy aqui con lo que pediste te vas a un lado
02:11:44 : Side: JF: lo que yo propuse no era darte mi casa sino que vivieramos serca para reforzar la zona eso dije
02:11:53 : Side: Jose Luis: por eso
02:13:00 : Side: Jose Luis: yo estoy aqui ya con los plot que pediste listo apra mejorar la seguridad de esto
02:13:16 : Side: santiago: DE LA ZONA
02:14:14 : Side: santiago: ES PARA ARMALRLO A UNOS 2 KM
02:14:22 : Side: JF: aqui ya no caben mas plot yo los instale para cubrir este lugar vengan yo quiero ver un lugar aqui cerquita
02:14:34 : Side: Jose Luis: listo 
02:14:41 : Side: Jose Luis: espera pongo combustible
02:14:56 : Side: JF: les parece?
02:17:35 : Side: JF: swja la cmioneta aqui vamos caminando para reconocer el lugar
02:17:47 : Side: Jose Luis: ok
02:17:56 : Side: JF: deja la camioneta aqui quise decir
02:19:34 : Side: Jose Luis: tenes comida le di lo ultimo que tenia a mi compa
02:20:05 : Side: Jose Luis: ponte en el equipo porque con tu camuflado te pierdes facil
02:22:14 : Side: JF: no lo tengo aqui al otro equipo
02:22:34 : Side: Jose Luis: cre  uno
02:24:29 : Side: JF: este lugar esta bueno -no se si a ustedes les gusta
02:25:05 : Side: Jose Luis: muy lejos del camino para llevar coches
02:25:21 : Side: santiago: mirando el mapa me gusta mas serca a la carrtera sin final
02:25:37 : Side: santiago: que esta a la derecha el mapà
02:25:39 : Side: JF: bien volvemos
02:26:24 : Side: Jose Luis: ok
02:27:03 : Side: JF: che quien armo el grupo 
02:27:09 : Side: Jose Luis: yo
02:27:21 : Side: JF: dale mandame invite
02:27:34 : Group: Jose Luis: ahora si
02:28:13 : Side: JF: no yo a ustedes los tengo en rojo 
02:28:29 : Side: Jose Luis: pero si vi que entraste
02:29:03 : Side: JF: no estoy en grupo
02:29:31 : Side: Jose Luis: ya
02:29:36 : Group: Jose Luis: ya o no
02:29:38 : Side: JF: ahora creo que si
02:29:50 : Group: Jose Luis: todo listo
02:30:01 : Group: Jose Luis: aqui nos queda muy dificil traer un auto va a ser eterno
02:30:10 : Group: Leyva: ya donde sea we
02:30:15 : Group: Leyva: no tenemos llave igual 
02:30:26 : Group: santiago: por eso tien que ser donde termina la carretera
02:30:37 : Group: Jose Luis: muy cerca a pueblo
02:30:43 : Group: Jose Luis: zombies y gente pueden rondar
02:31:10 : Group: JF: che no se ofendan tengo una idea bastante buena creo pero necesito apoyo y confianza de ustedes dos si podemos 
02:31:17 : Group: JF: lo hacemos
02:31:21 : Group: Jose Luis: a ver
02:31:23 : Group: JF: vamos
02:31:24 : Group: Jose Luis: q pasa
02:31:30 : Group: santiago: entonces al lado izquierdo en la curva q ?
02:31:49 : Group: Jose Luis: q pasa jf
02:32:00 : Group: JF: bueno dale vamos donde vos decis  a si me hjubico
02:32:08 : Group: JF: te sigo
02:32:15 : Group: Jose Luis: que ibas a decir jf
02:32:44 : Group: JF: seguimos hablando ariba si te parece
02:32:49 : Group: Jose Luis: ok
02:33:54 : Group: JF: vamos santiago
02:34:24 : Group: JF: veni subiendo en zizac  para que avance
02:35:16 : Group: Leyva: me quedaron unas que no se peuden vender xd
02:35:27 : Group: Jose Luis: cual es tu idea crack
02:36:21 : Group: JF: en el tiempo anterior a que ustedes entraran era mas facil hacer misiones y llevarse un buen botin 
02:37:04 : Group: Jose Luis: aja?
02:37:09 : Group: santiago: ?
02:37:10 : Group: JF: pero de golpe empezaron a aparecer nuevos players y ahora hay un buen numero que no es mucho pero 
02:37:44 : Group: JF: suficiente para que se esten tiroteando y se pierda mas de lo que se gana me entienden 
02:37:55 : Group: Jose Luis: si
02:38:22 : Group: JF: asi que yo creo que hay que buscar otros recursos y ono de eso es la madera 
02:38:34 : Group: JF: talar arboles no es dificil 
02:38:41 : Group: Jose Luis: yo tengo hacha
02:38:45 : Group: JF: pero 
02:39:15 : Group: JF: si con el hacha se hace leña pero tardas el doble de tiempo 
02:39:49 : Group: JF: yo traje la motosierra y con eso  ya salen varios lumber por arbol
02:39:52 : Group: Jose Luis: entonces
02:39:54 : Group: JF: uno 
02:40:43 : Group: JF: uno corta el ños otros guardan y lo llevamos al comercio y hacemos plata
02:41:03 : Group: Jose Luis: aja entonces
02:41:21 : Group: JF: ustedes contruyen su vivienda y tenemos un lugar de tala en comun 
02:41:42 : Group: JF: al que le podemos ir mejorando 
02:41:44 : Group: Jose Luis: ok
02:41:50 : Group: JF: si quieren 
02:42:17 : Group: Jose Luis: si pero yo ya me coy me estoy enfermando
02:42:42 : Group: JF: si otro quiere venir se le paga algo pero no sirbe que seamos muchos dueños
02:42:57 : Group: JF: que necesitas .de que te estas enfermando
02:43:05 : Group: Jose Luis: jajajaja
02:43:12 : Group: Jose Luis: gripe en la vida real
02:43:18 : Group: Jose Luis: jajaja
02:43:29 : Group: Jose Luis: tecnicamente seriamos 2 los dueños santiago casi no entra
02:43:40 : Group: santiago: como q no 
02:43:40 : Group: JF: ah yo pense que tu personaje disculpa
02:43:53 : Group: JF: por que santiago no
02:43:58 : Group: santiago: si la base es lo q me motiva 
02:44:08 : Group: santiago: no e visto la accion en el juego
02:44:09 : Group: Jose Luis: pues no es tan activo como nosotros
02:44:36 : Group: Jose Luis: los survival no tienen accion
02:44:41 : Group: Jose Luis: no mucha
02:44:49 : Group: Jose Luis: la accion aqui son los bandidos
02:44:52 : Group: JF: no me entendes yo quiero que nos instalemos cerca uno del otro para ganar espacio
02:45:12 : Group: Jose Luis: por eso y yo quiero en la colina que esta atras mia
02:45:29 : Group: Jose Luis: la 306
02:45:30 : Group: JF: eso depende como lo interpretes al juego 
02:45:30 : Group: santiago: cerca a la carretera
02:46:00 : Group: Jose Luis: el problema es q no se construir y mucho menos ubicar las paredes
02:46:10 : Group: JF: si , no hay problemas , ustedes son dueños de plantar el plot donde les convenga
02:46:37 : Group: JF: no no te hagas problemas yo tampoco sabia nada cuando comence
02:46:49 : Group: santiago: jose si donde dijo usten aguanta
02:47:01 : Group: Jose Luis: hagamosle ahi
02:47:12 : Group: Jose Luis: el plot si lo ponemos solo se lo pueen robar?
02:47:26 : Group: JF: y mori un monton de veces por caerme apretado ect ect jaja
02:47:46 : Group: JF: no pero hay que mantenerlo 
02:47:47 : Group: santiago: pero donde conseguimos las paredes que tiene el amigo
02:48:08 : Group: Jose Luis: las de ladrillo cuestan mucho
02:48:26 : Group: JF:  los blok yo les ayudo no hay drama 
02:48:51 : Group: santiago: gracias jf
02:48:59 : Group: santiago: empezemos pues
02:49:01 : Group: Jose Luis: ok gracias
02:49:19 : Group: JF: total vemos con la mercaderia que se venda si ustedes le parece recupero un poco mas para compensar lo que mas o meno pierdo
02:49:23 : Group: santiago: que si no ahi bala ps q sea contrucion pues
02:49:59 : Group: JF: lo que pasa que el juego original es estar como monos disparandose unos a otros
02:50:00 : Group: Jose Luis: ok pero no se si pueda seguir me estoy sintiendo cada vez mas mal
02:50:08 : Group: santiago: es un prestamo que te pagaremos en cuatoas
02:50:34 : Group: santiago: aaaaa esta chillona
02:50:46 : Group: Jose Luis: ya me esta dando fiebre
02:50:50 : Group: JF: pero si le das motivacion de realismo ves que es necesario comer tomar bebida etc
02:51:34 : Group: JF: entonces no creo que sea logico que le dispares al primero que pasa mientras tranto algo hay que hacer
02:52:02 : Group: JF: o sea construir y tratar de estar mas comodo y mejor 
02:52:27 : Group: santiago: zona segura para objetos
02:52:38 : Group: JF: cuando yo llegue a este lugar no tenia ni agua y ese pozo que hay ahi lo construi yo mismo
02:53:03 : Group: JF: te dan ganas de seguir jugando y ver que mas podes lograr 
02:53:05 : Group: santiago: eso me gusta 
02:53:11 : Group: Jose Luis: te oebsaba oreguntar com lo hiciste
02:53:45 : Group: JF: porque para estar tirando tiros para adelante me voy aol juego de la guerra de los tanques no se si loconocen 
02:54:01 : Group: Jose Luis: word of tanks
02:54:08 : Group: Jose Luis: nosotros venimos de battlefield
02:54:27 : Group: Jose Luis: world
02:55:08 : Group: JF: ademas en este juego si bajas al otro esta re lindo pero cuando te bajan perdes dos horas para volver a entrar bieno no tanto 
02:55:10 : Group: Jose Luis: bueno yo me voy al reinicio del server
02:55:38 : Group: JF: pero se te va la hora en intentos por entrar al server 
02:56:03 : Group: JF: bueno gracias por escucharme lo hacemos si estan de acuerdo..amigos
02:56:19 : Group: Jose Luis: conmigo cuenta
02:56:31 : Group: Jose Luis: me voy de verdad ya estoy maluco
02:56:35 : Group: santiago: si
02:56:45 : Group: Jose Luis: mañana empiezo a construir
02:56:52 : Group: JF: bueno que te mejores cuidate buen descanso a los dos
02:58:00 : Group: Jose Luis: chao santiago
02:58:11 : Group: santiago: no entendi como se consigue dinero
02:58:22 : Group: santiago: aaaaaa
02:58:37 : Group: JF: jajaja luego te explicamos mejor
11:19:20 : Side: Jose Luis: hola
11:21:21 : Side: JiNX: hola
11:21:54 : Side: Jose Luis: que tal todo bien
11:21:58 : Side: Jose Luis: mi amigo perdio las cosas
11:22:09 : Side: JiNX: como las perdio?
11:22:29 : Side: Jose Luis: anoche se desconecto y se fue y hoy aparecio como muerto pidiendo que escoja personaje
11:22:42 : Side: JiNX: uuuuh
11:23:11 : Side: Jose Luis: esta re ofendido jajaja
11:23:16 : Side: JiNX: jajaja
11:29:48 : Side: Jose Luis: ya empezamos con los fallos
11:30:06 : Side: JiNX: a esta hora siempre anda asi
11:33:16 : Side: JiNX: es terrible lo mal que anda a esta hora
11:33:19 : Side: Jose Luis: la puta que pario el server
11:33:25 : Side: Jose Luis: apareci con todo roto
11:34:56 : Side: Jose Luis: me voy a tirar al suelo y me dessconecto
11:35:00 : Side: Jose Luis: espero no aparecer muerto
11:35:06 : Side: Jose Luis: lvuelvo cuando esto este mejor
11:35:06 : Side: JiNX: xD
11:35:52 : Side: Jose Luis: chau men
11:36:02 : Side: JiNX: chau
11:45:31 : Side: santiago: admin
11:45:41 : Side: santiago: perdi mis cosas
11:46:06 : Side: santiago: como mierda hablo con el admin
11:47:45 : Side: Dragons: buenas
11:48:26 : Side: JiNX: buenas
11:49:20 : Side: Dragons: para ser hero o bandido son 10.000 puntos no?
11:49:57 : Side: JiNX: creo que si
12:06:42 : Side: Dragons: hay alguna mision para conseguir buena cantidad de materiales para construir o no queda otra q comprar??
12:07:28 : Side: JiNX: ni idea, yo fui a minar ayer, un embole me comi
12:07:50 : Side: JiNX: estuve como una hora y habre sacado 5 cinders y 3 mortars
12:08:03 : Side: Dragons: uhhhh  
12:08:07 : Side: Dragons: no da
12:08:15 : Side: JiNX: nops
12:08:35 : Side: Dragons: yo hice una mision, solo recuerdo q era roja. me dio 17 cinder y 4 morteros
12:08:52 : Side: JiNX: ah yo nunca hice una
12:08:58 : Side: Dragons: anoche hice 2 misiones rojas y no me vovlio a dar eso
12:09:07 : Side: JiNX: capaz es random
12:17:58 : Side: Dragons: luego del reset desapareio mi camion
12:18:09 : Side: JiNX: estabas en el mercado?
12:18:13 : Side: JiNX: o en un trader?
12:18:41 : Side: Dragons: lo deje fuera del mercado ,lejos 
12:18:48 : Side: JiNX: que raro
12:33:20 : Direct: adm#2: hoolaa santiago
12:33:28 : Direct: adm#2: lei q perdiste tu personaje
12:33:32 : Direct: adm#2: con sus cosas
12:33:42 : Direct: adm#2: decime q cosas eran asi te las devuelvo
12:33:51 : Direct: adm#2: o si queres te devuelvo en dinero
12:34:27 : Direct: adm#2: santiago
12:35:50 : Direct: adm#2: santiago
12:35:55 : Side: Dallheim:  el que perdio camion no era yo
12:36:01 : Side: Dragons: hola adm
12:36:03 : Side: santiago: SI 
12:36:07 : Side: Dragons: yo perdi camion
12:36:10 : Side: Dallheim: era dragons
12:36:20 : Side: Dragons: pero lo encontre a 2k del trade
12:36:25 : Side: santiago: Y YO MIS ARMAS Y MIS ACCESORIOS Y EL CHOPER
12:36:28 : Side: Dragons: un poco mas de los 200 jejej
12:36:45 : Direct: adm#2: santiago
12:36:54 : Direct: adm#2: queres q te devuelva las cosas en plata?
12:36:55 : Side: santiago: SI DIME
12:36:58 : Side: JiNX: ayer churro perdio una offroad, lo agarro un restart y le quedo bloqueado con la llave adentro
12:37:08 : Side: santiago: PUES SI
12:37:29 : Side: JiNX: adentro del offroad tiene las llaves del offroad y del heli xD
12:37:32 : Side: santiago: PORVAVOR Q LOS RIFLES ERAN DE LOS BUENOS 
12:37:44 : Direct: adm#2: agarra ahi hay 500.000
12:37:50 : Direct: adm#2: creo q te alcanza
12:38:39 : Direct: adm#2: ahi tenes un rifle de los buenos
12:38:53 : Direct: adm#2: quedamos saldados? :D
12:38:58 : Side: santiago: OK GRACIAS ADMIN QUE SOY NUEVO Y YA HIBA TIRAR LA TOAYA 
12:39:27 : Side: santiago: ME AYUDAS CON UN MALETIN QUE ERA MAS GRANDE
12:40:15 : Direct: adm#2: agarra la mochila
12:40:16 : Side: santiago: GRACIAS SOS GRANDE
12:40:18 : Side: JiNX: afuera del mercado central saliendo derecho por la ruleta rusa
12:41:04 : Side: JiNX: si, es igual al que tiene dallheim aca
12:42:17 : Side: JiNX: gracias :)
12:42:52 : Side: JiNX: jajaja me cague en las patas
12:43:03 : Direct: adm#2: espera q te doy la llave
12:43:15 : Side: JF: Hola gente como estan?
12:43:24 : Side: Dragons: adm  cuando seteo el juego para q se vea a 4000 luego de un rato cambia 
12:43:26 : Direct: adm#2: ahi en la mochila te la deje
12:43:32 : Direct: JiNX: gracias!
12:43:39 : Direct: JiNX: me haces un favor ya que estas aca?
12:43:41 : Side: Dragons: y si llueve pasa mas rapido
12:44:26 : Direct: adm#2: si
12:44:36 : Side: Dragons: ;)
12:44:38 : Group: JF: Santiago como estas?
12:44:45 : Direct: JiNX: me volas esta mierda?
12:44:49 : Direct: JiNX: jaja mankie
12:45:00 : Direct: adm#2: son un bajon estas stick
12:45:00 : Direct: JiNX: esaaa
12:45:01 : Group: santiago: HOLA JF 
12:45:12 : Direct: JiNX: si, las quise romper y no pude con nada
12:45:15 : Group: JF: todo bien?
12:45:17 : Direct: adm#2: en el server brazuca yo me habia armado un rancho todo cn estas cosas
12:45:20 : Group: santiago: TE CUENTO Q ANOCHE PERDI TODO Y ACABO DE RECUPERARLO CON EL ADMIN
12:45:25 : Direct: JiNX: jajaja
12:45:29 : Direct: adm#2: se me reian los brasileros jaj
12:45:34 : Direct: JiNX: jajajaja
12:45:45 : Group: JF: como que perdiste todo , que te pasó?
12:45:55 : Direct: adm#2: esta base va a estar piola
12:46:02 : Direct: JiNX: va queriendo
12:46:06 : Direct: adm#2: demaciado predio tiene, me gusta
12:46:08 : Direct: JiNX: es un quilombo edificar
12:46:15 : Group: santiago: NO SE QUE HICE ME DESCONECTE EN UNA DE ESAS ZONAS VERDES Y APAGUE LA PC FORZADO 
12:46:20 : Direct: adm#2: comprate los bulk
12:46:24 : Direct: adm#2: del wholesaler
12:46:40 : Direct: adm#2: q traen para hacer andamios y torres de vigilancia y bande de cosas
12:46:40 : Direct: JiNX: que hace eso?
12:46:46 : Direct: JiNX: aaaaah
12:46:47 : Group: JF: que raro eso no seria motivo
12:46:52 : Direct: JiNX: copado
12:46:56 : Direct: adm#2: si le haces click derecho ves las opciones
12:47:08 : Direct: adm#2: y en el librito de spawn estan los rrequisitos
12:47:20 : Direct: JiNX: groso
12:47:24 : Direct: adm#2: hay otra cosa, no se si sabias
12:47:26 : Group: santiago: PUES JOSE DICE ALGO DE POR AHI LO MATAN A UNO
12:47:28 : Direct: adm#2: cuando hacen misiones
12:47:47 : Direct: adm#2: con una pala y una bolsa de arena pueden armar trincheras en cualquier part edel map
12:47:57 : Direct: JiNX: sisi eso sabia
12:48:07 : Direct: adm#2: bueno, te dejn suerte!
12:48:14 : Direct: JiNX: gracias! suerte
12:48:34 : Group: JF: unicamente que te halla atacado un zombi y vos te estabas desconectando
12:51:31 : Group: santiago: JK NO LGRO VER LOS CUADRITOS EN EL MALETIN
12:51:54 : Side: adm#2: dallheim y dragns, no tienen grupo ustedes?
12:53:12 : Group: santiago: SI
12:53:15 : Side: Dragons: se estan por sumas 3 amigos. asi q no me sume a nunguno aun
12:53:18 : Side: santiago: SI
12:53:35 : Side: santiago: RSTOY CON JF
12:54:06 : Direct: adm#2: jf
12:54:12 : Direct: adm#2: santiago
12:54:14 : Direct: adm#2: perdon
12:54:14 : Side: Dragons: :D
12:54:27 : Direct: adm#2: veni
12:54:36 : Direct: adm#2: toma tu regalo para compartir co jf
12:54:44 : Direct: adm#2: desaparece en el restart ok?s
12:55:08 : Side: santiago: OOOOOOOOOOOOOO
12:55:13 : Direct: adm#2: pera
12:55:29 : Side: Dallheim: :D
12:55:32 : Side: santiago: Y YO Q NO E LOGRADO ARREGLAR EL AMLETIN
12:55:32 : Direct: adm#2: agarra
12:55:47 : Direct: adm#2: ahi te deje el heli
12:55:47 : Side: santiago: JF VENI PA ACA
12:56:14 : Direct: adm#2: dalheim y jinx no?w
12:56:21 : Direct: JiNX: si
12:56:26 : Direct: adm#2: les dejo su regalo
12:56:32 : Direct: adm#2: desparece en el restart
12:56:48 : Direct: JiNX: :OOOOOO
12:56:52 : Direct: Dallheim: YEAAAAAAAAAAAAAAH
12:57:00 : Direct: adm#2: aprovechenlo :
12:57:14 : Direct: Dallheim: olvidate!!!! :D
12:57:15 : Direct: JiNX: buenisimo, gracias!
12:57:22 : Side: santiago: QUE ALGUIEN ME EXPLIQUE COMO VER LOS CUADRITOS DEL MALETIN
12:57:33 : Direct: adm#2: dragonsç
12:57:40 : Direct: adm#2: te dejo tu regalo
12:57:46 : Direct: adm#2: desaparece en el restart
12:57:51 : Direct: Dragons: gracias!
12:58:01 : Direct: Dragons: jaja  crei q me volvia a matar un bot
12:58:11 : Direct: adm#2: atras tuyo
12:58:19 : Direct: Dragons: uhhhhhhhhhhhhhhhhhhhhhhhhhhhhhh
12:58:25 : Direct: Dragons: jajajaja no me lo esperaba
12:58:32 : Direct: adm#2: :D aprovechalo
12:58:33 : Direct: Dragons: gracias!!
12:58:45 : Direct: adm#2: guarda q no te lo bajen los bots
12:58:58 : Direct: Dragons: jejej  nono antes la termino
12:59:44 : Side: Dragons: terrible heli...gracias
13:00:26 : Group: JF: Santiago por las dudas me escribiste en los ultimos minutos porque vino gentea la puerta y me sali de la pc
13:01:18 : Side: JF: graciaass juan a mi lo que me interesa es tener la oveja que instale la casilla y nunca aparecio ..
13:05:07 : Side: JF: que municion usas
13:06:19 : Side: JF: QUE MUNICION USAS SANTIAGO
13:06:48 : Side: santiago: MK12
13:07:57 : Side: Dragons: nooo
13:08:06 : Side: JiNX: naah
13:08:08 : Group: Dragons: ..
13:08:11 : Side: JiNX: estabas ahi?
13:09:29 : Side: Dragons: buen tiro
13:09:45 : Side: JiNX: ni sabia que estabas ahi
13:09:51 : Side: Dragons: jeje np
13:09:51 : Side: JiNX: perdon
13:14:14 : Side: JiNX: juan no tenes otro por ahi? xD
13:17:13 : Direct: JiNX: gracias jajaja
13:17:21 : Direct: adm#2: no lo rompas ¬¬ jaaja
13:17:27 : Direct: JiNX: le estaba queriendo mostrar una cosa a dallheim y me hice mierda
13:18:37 : Side: JF: pero hace mas de una semana te acordas cuando viniste a desintalar el estanque ese dia fue o hay que agregarle algo mas . 
13:25:57 : Group: JF: estoy en camino espero que sea las municiones correctas
13:27:05 : Side: Dragons: adm me harias el favor de dejarme en donde puse reset en el map....  
13:27:21 : Side: Dragons: anda muy contento con el heli y no vi donde me metia
13:27:33 : Side: JF: jajaja me quedo la casilla de recuerdo , la extraño sin averla conocido jajaja..
13:28:44 : Side: JF: y me voy a llenar de casas ... 
13:29:42 : Side: Jose Luis: entre para verte morir no jodas santiago
13:29:47 : Side: Jose Luis: hola admin
13:29:55 : Group: santiago: NOOOOOOOOOOOO
13:30:16 : Side: Jose Luis: te iba a preguntar que le pasa al server en las mañanas siempre nos expulsa a todos
13:30:40 : Side: Jose Luis: hoy me sali poeque me saco dentro del carro y sali con los huesos rotos
13:30:51 : Side: Jose Luis: oye me puedes devolver el helicoptero?
13:30:52 : Side: JF: ahora estoy tratando de auxiliar  , pero kapa el asmin pueda poner un perro permanente en el patio mas vale
13:31:21 : Side: Dallheim: tiene asma el asmin?
13:31:31 : Direct: adm#2: que heli era
13:31:33 : Group: Jose Luis: que pasa jf todo bien
13:31:44 : Side: JF: jajaja asi parece..xD
13:31:49 : Group: Jose Luis: no recuerdo si era el de 80 o el de 100 todos se parecen
13:32:08 : Direct: adm#2: el little bird?
13:32:19 : Group: Jose Luis: si uno de esos creo que era el de 100
13:32:33 : Side: JF: Hola jose luis  como estas amigo
13:32:37 : Group: Jose Luis: podria decir el mas caro del mercado pero nee ante todo lo lo que me gane yo no abusar xD
13:32:41 : Group: Jose Luis: todo bien y tu JF
13:33:14 : Group: JF: yendo en auxilio de santiago
13:33:20 : Direct: adm#2: ahi tenes la llave dentro del heli
13:33:54 : Group: Jose Luis: gracias
13:37:11 : Group: JF: LO RESCATAS VOS JOSE 
13:37:20 : Group: Jose Luis: voy por el
13:37:33 : Group: JF: bien regreso entonces
13:37:50 : Group: Jose Luis: dale si puedes deje el coche tirado en carretera a casa
13:39:32 : Group: Jose Luis: para bobo
13:40:43 : Group: Jose Luis: ese man no para
13:40:45 : Side: adm#2: che ustedes estan en la pag de face del server? si estan estaria bueno q se presenten con el nombre q usan en el juego asi nos hacemos amigos todos y 
13:40:54 : Side: adm#2: comemos un asado en la casa de JF
13:41:15 : Group: Jose Luis: asado
13:41:22 : Side: Dallheim: ok pero quien paga el asado?
13:41:23 : Group: Jose Luis: yo le voy a dar me gusta pero es que caso no entro
13:41:38 : Side: adm#2: el dueño de la casa, porsupuesto
13:41:48 : Group: Jose Luis: santiago ...
13:41:59 : Side: adm#2: nosotros llevabos la bebida
13:43:19 : Group: Jose Luis: vuelvo a casa jf santiago n opara 
13:43:35 : Side: JF: jajaaj el dueño del server es juan yo no tengo nada que ver las chuletas se las pago en trader no hay problemas 
13:43:36 : Group: Jose Luis: se metio al bosque y no puedo aterrizar
13:44:25 : Group: JF: y que slga a un claro jajaja
13:44:44 : Group: Jose Luis: jajaj no ahce caso el men
13:44:50 : Group: Jose Luis: le estoy escribiendo y siguio
13:44:53 : Group: Jose Luis: opte por volver
13:45:47 : Group: JF: Santiago vos estas quebrado o algo , si podes volve si no avisa que te pasa
13:46:06 : Group: santiago: NO PUDE RECUPERAR MI DINERO
13:46:22 : Group: JF: donde lo dejaste
13:46:32 : Side: santiago: ADMIN AYUDA PORFAVOR
13:46:57 : Group: santiago: COMO Q DONDE LO DEJE
13:47:07 : Group: santiago: ?
13:47:30 : Group: Jose Luis: jajaja bien atrevido el santiago
13:47:34 : Group: JF: por que dices que no puedes recuperar tu dinero
13:47:39 : Group: santiago: DONDE SE VEN LAS PUTAS MONEDAS EN LA PANTALLA
13:47:51 : Group: Jose Luis: al lado derecho 
13:48:01 : Group: Jose Luis: bueno yo ya tengo mi helicoptero me doy por bien servido
13:48:01 : Group: santiago: SIII
13:48:09 : Group: Jose Luis: cuantas tiene?
13:48:15 : Group: santiago: 0
13:48:26 : Group: Jose Luis: bueno entonces no se preocupe
13:48:29 : Group: JF: al lado derecho un circulo dorado 
13:48:34 : Group: Jose Luis: recupero las armas?
13:48:40 : Group: Jose Luis: y el contenido del cuerpo?
13:48:44 : Group: santiago: LAS ARMAS SI
13:48:58 : Group: Jose Luis: entonces no llore y juegue de todas maneras las monedas te las habian regalado 
13:48:59 : Group: santiago: SI TAMBN
13:49:22 : Group: santiago: NO PERO NO COMPRE LO Q ME FALTABA
13:49:31 : Group: Roger: Hola
13:49:43 : Group: Jose Luis: pues hace lo que hacemos todos buscamos armas para vender y arreglado 
13:49:43 : Group: santiago: Q MIERDA DE JUEGO COMO SE GUARDA EL DINERO PS
13:49:47 : Group: JF: para recuperar dinero de cuerpo caido tienes del lado izquierdo una opcion que sale en rojo 
13:50:09 : Group: Jose Luis: zzz
13:50:13 : Group: JF: si es que no paso demasiado tiempo en recuperar
13:51:11 : Group: santiago: ESTOY JUNTO AL CUERPO Y NO VO LO Q DICES
13:51:27 : Group: Jose Luis: entonces se le perdio el dinero
13:51:42 : Group: Jose Luis: viejo vaya y juegue a la ruleta que si gana son 100.000 yo le estoy diciendo desde ayer
13:52:11 : Group: santiago: QUE NO TENGO NADA GRAN MARICA NO VES QUE PWERDI TODO EL DINRO
13:52:17 : Group: JF: espera santiago voy a tratar de llegar
13:52:19 : Group: Jose Luis: y dime antes
13:52:23 : Group: Jose Luis: cuanto dinero tenias
13:52:29 : Group: Jose Luis: es un dinero regalado bobo 
13:52:32 : Group: santiago: 450000
13:52:37 : Group: Jose Luis: no llore por algo que le regalaron
13:52:51 : Group: Jose Luis: yo estaria asi si me lo hubiera ganado ademas no es culpa del juego usted se estrello
13:53:20 : Group: JF: con que te estrellaste con un heli
13:53:27 : Group: Jose Luis: si
13:53:38 : Group: JiNX: negro
13:53:40 : Group: JF: y el cuerpo se quemó
13:53:45 : Group: santiago: POR Q MOTIVO VOY A PERDER EL DINERO EN BOLSILLO 
13:53:49 : Group: Roger: que onda?
13:53:53 : Group: Roger: que haces?
13:53:56 : Group: santiago: NO
13:53:59 : Group: JF: esta carbonizado
13:54:09 : Group: santiago: NO
13:54:19 : Group: JiNX: nos hicieron verga el heli
13:54:23 : Group: JiNX: estoy volviendo xD
13:54:27 : Group: Roger: quien?
13:54:31 : Group: JiNX: la ia
13:54:34 : Group: Jose Luis: a la tarde vuelvo a hacer la casa
13:54:44 : Group: JiNX: el admin le dio un apache a cada grupo hasta el restart
13:55:05 : Group: santiago: MIERDAAAAAA LE DI OCULTAR CUERPOOO
13:55:12 : Group: JF: si vos queres anda plantando el plot y algo hacemos si da el tiempo
13:55:34 : Group: Jose Luis: ahora que vuelva los planto
13:55:36 : Group: Roger: estoy saliendo en mi auto
13:55:44 : Group: JF: quedarte ahi santiago no te muevas del lugar
13:55:45 : Group: Jose Luis: compra una motocierra yo te doy el dinero cuando entre
13:56:01 : Group: JiNX: que vas a hacer?
13:56:05 : Group: Roger: lootear
13:56:21 : Group: santiago: QUENO TENGO NADA CARE CULO
13:56:24 : Group: JiNX: ok
13:56:29 : Group: santiago: ESTA MIERDA DE JUEGO
14:00:45 : Side: santiago: ADMIN
14:02:28 : Side: santiago: QUE MIERDAAAAAAAAAAA
14:02:49 : Group: JF: que te pasa jaja voy llegando
14:05:48 : Side: santiago: ADMIN
14:05:54 : Side: santiago: QUE MIERDAQAAAAA
14:07:33 : Side: santiago: ME RECUPERAN TODO CASI TODO Y ME DAN UN CHOPER DE REGALO Y LOS 500000 Q ME RGALO EL ADMIN LOS PERDI CHOCANDO ESA MIERDA
14:07:57 : Side: santiago: NO E LOGRADO COMPRAR EL PUTO CARRO PARA GUARDAR EL DINERO
14:08:11 : Side: santiago: NI LA PUTA CAJA
14:08:38 : Side: JiNX: como hago volar el autogiro?...
14:08:43 : Side: santiago: NO ES Q NO PUEDO CRER Q EL DINERO SE PIERDA Q MIERDA
14:08:45 : Side: Dragons: jajaja mi choper me lo bajaron en el aeropuerto de krasnov
14:09:13 : Side: adm#2: el dinero lo tenias en maletin o en monedas?
14:09:20 : Side: santiago: ME PUEDES AYUDAR YO HAGO LAS COSAS BIEN
14:09:34 : Side: santiago: MONEDAS
14:09:39 : Side: adm#2: y moriste?
14:09:49 : Side: santiago: YA LO HABIA CANGIADO TODO
14:10:12 : Side: adm#2: moriste? cuando te bajaron el choper?
14:10:24 : Side: Dragons: no 
14:10:38 : Side: santiago: NO SE NI QUE FUE LO Q PASO 
14:10:46 : Side: Dragons: es mas crei q era el fin pero en llamas y todo puse salir  y como si naa
14:11:04 : Side: santiago: JOSE SABE Q SE MOVERME EN ESO
14:11:12 : Side: adm#2: pero moriste? a ver, si moriste santiago y tnias el dinero en tu cuerpo, en monedas, tenes q ir hasta tu cuerpo, ahi esta el dinero
14:11:15 : Side: santiago: ME AYUDAS PORFAVOR
14:11:18 : Side: santiago: ??
14:11:32 : Side: santiago: NO ESTABA
14:11:39 : Side: Dragons: mmmmmmmmm
14:11:43 : Side: adm#2: tenes q poner Check wallets
14:11:54 : Side: adm#2: y sacas el dinero en monedas de tu cuerp
14:12:16 : Side: santiago: OK PERO NO ME DIO LA OPCION
14:12:21 : Side: JiNX: che los "autogiro" como los hago subir?
14:12:25 : Side: adm#2: a ver donde esta cu cuerpo
14:12:34 : Side: adm#2: es como un avion el autogyto jinx
14:12:47 : Side: adm#2: despega por velocidad, vendelo a la mierda es una cagada
14:12:50 : Side: JiNX: ah con razon
14:12:59 : Side: JiNX: ya ruguste
14:13:02 : Side: santiago: PARA TERMINAR DE EMPUTARME LE DI OCULTAR CUERPO AL BUSCAR OPCIONES
14:13:04 : Side: JiNX: rugiste*
14:13:18 : Side: adm#2: bueeeeeeeeee jajajaj pero sos el rey santi :D  
14:13:46 : Side: adm#2: te explico para q no te pase de nuevo, cuando moris en tu cuerpo tenes la opcion en rojo q dice check wallets
14:13:55 : Side: adm#2: asi es como recuperas el dinero
14:14:03 : Group: JF: APUNTA CON LA PUNTA DEL RIFLE EL LUGAR EXACTO DE TU CUERPO
14:14:21 : Side: santiago: PERO ESA OPCION NO ME SALIA +
14:14:58 : Direct: adm#2: por ahi tarda, pero sale la opcion te lo aseguro :)
14:15:29 : Direct: adm#2: m
14:15:32 : Side: adm#2: mira
14:15:58 : Side: adm#2: asi aprendes, me voy a suicidar frente a vos, y pone checko wallts.. no te va a dar nada por q no tengo plata ensima
14:16:05 : Side: adm#2: pero asi sabes para la prox
14:16:13 : Side: santiago: OK
14:17:08 : Side: santiago: NADA
14:17:29 : Side: santiago: QUE BOTON ES???
14:18:23 : Side: santiago: CREO Q YA ENTENDI
14:18:54 : Side: santiago: ALGUEN Q ME LLEVE A UN LUGAR DONDE PUEDA COMPRAR UN AUTO Y GUARDAR MI DINERO
14:19:08 : Side: santiago: PORFAVOR
14:19:23 : Side: JiNX: denlen un vaso de agua
14:19:31 : Side: Roger: si. por favor
14:19:41 : Side: JiNX: le va a dar un bobazo sino
14:19:51 : Group: JF: VAMOS SANTIAGO DALE SEGUIME
14:19:53 : Side: Roger: deja de decir que tenes dinero. van a ir a ponerte un tiro y sacartelo
14:20:02 : Side: Roger: que es algo que puede pasar
14:21:23 : Group: JF: QUE HACES SANTIAGO NO TE RESPONDE LA MAQUINA O QUE VAMOS QUE TE VAN A BAJAR DE NUEVO CHE
14:21:41 : Side: santiago: LO SIENTO LLEGO MI NOVIA 
14:21:51 : Side: santiago: MIERDA SI NO ES UNA COSA ES LA OTRA
14:22:06 : Side: JiNX: con razon los nervios xD
14:22:34 : Group: JF: JAAJAJAJAAAA Y BUENO QUE VA SER EXPLICALE COMO REVISAR LOS CUERPOS JAJAJA
14:23:12 : Group: JF: ME VOY LOCO ME VAN A HACER PALMAR POR NADA
14:26:40 : Side: Dragons: adm  tenes epipen q puedas inyectarme?? 
14:27:11 : Side: Dragons: reinicio mi pc sin aviso y estana en eccion  ahora estoy desmayado pero el reloj no corre
14:27:34 : Side: santiago: JF
14:27:43 : Side: JiNX: estabas con una ereccion?
14:27:52 : Group: JF: SI QUE PASA
14:27:54 : Side: santiago: LLEVAME PORFA UNA ZONA SEGURA PORFAVOR
14:28:07 : Group: JF: BUENO SEGUIME
14:28:16 : Group: santiago: OK
14:28:22 : Side: Dragons: jajaja 
14:28:26 : Side: Dragons: tmb 
14:29:32 : Side: Dragons: ya esta  acudi al bug del la venda...  
14:29:52 : Group: JF: Anda fijandote en el mapa no te vas a meter de frente en algun lugar peligroso de cualquier especie, de  verdadd
14:29:52 : Side: JiNX: como es eso?
14:30:24 : Group: JF: che vos venis caminando o te quedaste parado todavia
14:30:33 : Side: Dragons: te vendas, y corres..pero te queda el relojote en pantalla
14:30:48 : Side: JiNX: ah mira
14:31:16 : Group: santiago: ES Q JF VENGAS EN CARRO Y ME LLEVES A COMPRAR UN CARRO
14:31:49 : Group: JF: no no queres caminar jaja yo me vine caminando sale seguime
14:32:07 : Group: santiago: ES Q MI MUJER ME ESTA HABLANDO
14:32:08 : Group: JF: dale seguime
14:32:50 : Group: JF: no puedo hacer lo que me pedis por estoy re lejos de  mis recursos
14:40:07 : Group: JF: CHE SANTIAGO ESTAS AHI ?
14:41:16 : Group: JF: SANTIAGO TODAVIA ESTAS EN EL MISMO LUGAR?
14:41:22 : Group: santiago: SI
14:42:44 : Group: JF: MIRA POR QUE NO VAS AHI CERQUITA HAY UN PEDAZO SE CASTILLO Y TE REFUGIAS DONDE TE PARESCA QUE ESTAS BIEN SOLAMENTE NO
14:43:26 : Group: JF: NO TE PONGAS DEMASIADO CERCA DE ALGUNA PIEDRA PORQUE DESPUES DEL RESET CAUSA PROBLEMAS PARA ENTRAR
14:44:37 : Group: santiago: DONDE ESTOY NO PASA NADA VERDAD?
14:45:19 : Group: JF: AHI EN EL MEDIO DEL CAMPO DESCUBIERTO NO TE GARANTIZO NADA 
14:45:53 : Group: santiago: ESTOY ALADO DE LA ZONA ESTA DE LA ANTENA DE LA TIENDAS Y ESO
14:45:59 : Group: santiago: ??
14:46:08 : Group: JF: BUSCATE UN ARBOL DE ESOS PINOS QUE TIENEN RAMAS HASTA EL PISO Y TE ESCONDES AHI
14:46:32 : Group: santiago: POR Q?
14:46:36 : Group: JF: ESE LUGAR NO ES SEGURO SIEMPRE HAY ALGUIEN USMEANDO 
14:46:43 : Group: santiago: ACA NO PUEDO?
14:46:57 : Group: santiago: OK
14:47:40 : Group: JF: CON LA LETRA Z LO ACOSTAS ESO LO SABES 
14:47:57 : Group: JF: BIEN OCULTO DEBAJO DELAS RAMAS 
14:48:33 : Group: santiago: NO SIRVE LA CARPA DE ACAMPAR
14:49:11 : Group: JF: NO deja para que aqui no te moris de frio como en otros serv
14:50:52 : Group: santiago: LISTO YA ESTOY DEBAJO DEL ARBOL ESE QUE ME DICES
14:51:58 : Side: JF: te refugiaste debajo del arbol bueno ,tene cuidado con las hormigas jajaja
14:56:47 : Group: JF: que te paso ahora?
14:57:18 : Group: santiago: NO SE ASERCANDOME AL ARBOL HIZO UN GLICH
14:57:46 : Group: JF: jaja pisaste una rama y la quebraste
14:58:06 : Group: santiago: COMO ME AREGLO EL HUESO
14:59:01 : Group: JF: te quebraaste una pata xD tenes que usar una morfina 
14:59:40 : Side: Davi: Hola gente, como va todo?
14:59:49 : Group: JF: el cigarrito rojo si lo tenes en la mochila ponlo en tu menu 
15:10:45 : Side: Bad Guy: wenas
15:19:08 : Group: santiago: JF
15:19:46 : Group: JF: si santiago te escucho
15:21:29 : Group: santiago: AYUDA
15:21:47 : Group: santiago: MORFINA CAMARADA NO AHI EN ESTA ZONA
15:22:13 : Group: JF: voy pero ten pasiencia 
15:22:40 : Group: santiago: OK
15:26:10 : Side: Bad Guy: che adm
15:26:59 : Side: BerserkMajor: holo
15:27:28 : Side: JF: hola..
15:27:36 : Side: Bad Guy: q onda jf
15:28:05 : Side: JF: hola bad todo bien y vos
15:28:22 : Side: Bad Guy: todo tranki re al pedo
15:28:25 : Side: Bad Guy: jajaja
15:35:03 : Direct: BerserkMajor: holo
15:35:15 : Group: santiago: HI
15:35:26 : Direct: santiago: MORFIN?
15:36:33 : Side: Bad Guy: che jf ya sabes q es el fuerte UN??
15:36:44 : Side: JF: no
15:36:44 : Direct: santiago: ???
15:38:12 : Direct: BerserkMajor: epaaa
15:39:16 : Group: santiago: JF COMO VAS?
15:39:49 : Group: JF: estoy buscando la morfina y salgo para alla
15:47:44 : Group: JF: No me ves que estoy llegando
15:48:08 : Group: santiago: AUTOMATICO LO DICE
15:51:34 : Group: santiago: NO VENDE
15:51:58 : Group: JF: y por que no le compraste una morfina a este vago
15:52:16 : Group: santiago: NO VENDE?
15:52:53 : Group: santiago: SI VENDE????
15:53:16 : Side: BerserkMajor: gracias xD
15:53:43 : Group: JF: no no vende me sacaste la que te traia
15:54:15 : Group: JF: la tenes te la colocaste ya
15:54:20 : Group: santiago: SACASTE???????
15:54:49 : Group: santiago: OOO
15:54:50 : Group: JF: he aqui donde vas
15:55:31 : Group: JF: click derecho y esta bien che
15:56:11 : Group: santiago: SI MUCHAS GRACIAS
15:56:38 : Group: santiago: ME LLEVAS ENTONCES
15:57:11 : Group: JF: no los ocupas a estos 
15:58:18 : Group: JF: no los ocupas a estos
15:58:20 : Group: santiago: ME LLEVAS A COMPRAR UN AUTO 
15:58:53 : Group: JF: NO LOS OCUPAS A ESTOS
15:59:08 : Group: santiago: ES UNA PREGUNTA?
15:59:35 : Side: JF: SI TE PREGUNTO QUE SI LOS OCUPAS SI NO ME LOS AGARRO
15:59:56 : Group: santiago: TE LOS DOY PERO LLEVAME
16:00:29 : Side: JF: JAJA SI NO TE HAGAS PROBLEMAS AUNQUE NO ME LOS DES TE LLEVO IGUAL 
16:00:39 : Group: santiago: OK
16:01:07 : Group: JF: ESO DE AHI SIRVE PARA CARGAR LA CANTIMPLORA SI TE QUEDASTE SIN AGUA
16:01:57 : Group: JF: A PERO ALLA DEJASTE LA CANTIMPLORA TIRADA
16:04:07 : Group: santiago: ESTOY ALADO EL CHOPER
16:05:15 : Group: JF: SUBI
16:10:04 : Group: santiago: JF UN LUGAR DONDE COMPRE EL AUTO
16:10:08 : Group: santiago: PORFAVOR
16:10:43 : Group: santiago: AJAJAJ
16:11:22 : Group: JF: AHORA VAMOS
16:12:37 : Group: santiago: QUE HAGO
16:12:51 : Group: santiago: AJAJAJ
16:12:52 : Group: JF: AHI VOY ANDA SUBIENDO
16:13:12 : Group: JF: O MIRA ASENTRO SDEL GALPON QUE ENCONTRAS
16:15:08 : Group: JF: ESTOS DE CERC A ANDAN BEIN AGARRATELO
16:17:33 : Group: JF: ASI CARGAS COMBUSTIBLE
16:18:02 : Group: santiago: QUE PASO AHI NO ENTENDI 
16:18:45 : Group: JF: QUE ESA ES UNA ESTCION DE SERVICIO Y ASI CARGAS COMBUSTIBLE
16:18:59 : Group: santiago: TE APROXIMAS Y LISTO
16:19:33 : Group: JF: si te aparece una opcion del lado izquierdo
16:19:59 : Group: santiago: CUANDO TENGA EL AUTO ME EXPLICAS 
16:27:28 : Group: JF: bueno me voy al laburo chau
17:01:29 : Side: Dragons: ADM  se puede vender el fal q tienen los bot en el mercado??
17:27:50 : Side: Dragons: los vendi.
17:28:03 : Side: Dallheim: ...
17:28:23 : Side: Dragons: los q si no se venden son el ak-107 gl ni el 107 gl pso
17:28:54 : Side: Dragons: son armas de misiones fijas  quisas por eso..  seria plata facil
17:29:50 : Side: Dragons: esta bien
17:30:39 : Side: santiago: DRAGONS QUE NESESITO PARA COMPRAR EL AUTO HMVE
17:31:18 : Side: Dragons: 80k creo
17:31:19 : Side: adm#2: ser heroe o bandido, si queres el q trae armas
17:31:33 : Side: Dragons: ahh el armado
17:31:34 : Side: adm#2: el desarmado lo compras en el trade normal
17:31:44 : Side: adm#2: como dice dragons
17:32:12 : Side: santiago: NO ENTIENDO QUIERO EL HMVE NORMAL
17:32:22 : Side: adm#2: en el trade normal entonces
17:32:24 : Side: Dallheim: eeeeeh que ratas que son
17:32:41 : Side: Dallheim: devuelvan la mochila loco
17:33:12 : Side: santiago: ADMIN ME MUESTRAS DONDE O COMO POR Q NO LOGORO HACERLO DONDE ESTOY 
17:33:18 : Side: Dallheim: ... nadie se hace cargo
17:33:18 : Side: adm#2: si
17:33:26 : Side: adm#2: veni
17:33:35 : Side: adm#2: trader menu
17:33:35 : Side: Dallheim: listo, ya se que clase de gente juega aca
17:33:45 : Side: adm#2: military unarmed
17:33:52 : Side: adm#2: q paso dalheim
17:33:59 : Side: Dallheim: nada
17:34:44 : Side: santiago: NADA
17:34:47 : Side: Dallheim: cosas de gente rastrera, nada mas
17:34:52 : Side: adm#2: te robaron
17:34:54 : Side: santiago: DICE ALGO DE LOS LACKS
17:35:06 : Side: adm#2: tenes esopacio en el toolbelt
17:35:15 : Side: adm#2: para q te de la llave el trader?
17:35:54 : Side: santiago: SI CUANTO NESESITO
17:36:01 : Side: adm#2: 2 minimo
17:36:07 : Side: santiago: SI
17:36:14 : Side: adm#2: pero no en el inventario, si no en el toolbelt
17:36:29 : Side: adm#2: donde van las llaves, la caja de herramientas, la pala etc
17:36:47 : Side: santiago: SI
17:36:58 : Side: santiago: HMVE
17:37:01 : Side: adm#2: estas usando el menu de Trade?
17:37:08 : Side: adm#2: o el compra rapida
17:37:15 : Side: santiago: EL DE COLOR ZUL
17:37:18 : Side: adm#2: no
17:37:22 : Side: adm#2: usa el trade menu
17:37:34 : Side: adm#2: en el azul no podes comprar vehiculos ni vender
17:37:44 : Side: santiago: OK
17:38:26 : Side: santiago: AHORA Q
17:38:33 : Side: adm#2: te dio la llave?
17:38:52 : Side: santiago: NO NI DESCONTO
17:39:05 : Side: adm#2: dame 80k y te lo compro
17:39:15 : Side: adm#2: ahi dalheim compro uno
17:39:16 : Side: santiago: AHORA SI
17:39:19 : Side: adm#2: espera
17:39:26 : Side: adm#2: q salga el auto de dalheim
17:39:46 : Side: adm#2: dios
17:40:04 : Side: Dallheim: ya
17:40:18 : Side: Dallheim: bueno... hice lo que pude :D
17:40:29 : Side: adm#2: ;)
17:41:05 : Side: santiago: GRACIAS
17:44:00 : Side: santiago: COMO HAGO LA COPIA
17:48:17 : Side: santiago: AAJAJA AYUDA
17:49:02 : Side: adm#2: jjajajaja no podes santiago
17:49:28 : Side: santiago: NONO EL JUEGO ME VA MATAR
17:49:37 : Side: adm#2: si claro "el juego" jajaj
17:49:49 : Side: santiago: SALGO DE UNA PA METERME EN OTRA
17:50:02 : Side: santiago: AJAJAJ GRACIAS PANA
17:50:11 : Side: Dallheim: ehm... admin?
17:50:34 : Side: Dallheim: me kickeaste?
17:52:40 : Side: Dallheim: admin me estas kickeando vos? 
17:53:21 : Side: Dallheim: me aparece mensaje de kick del server y perdi 2 maletines y oro admin!
17:53:27 : Side: Dallheim: si sos vos decimelo por favor
17:54:03 : Side: Dragons: no creo. sale como q tener un error de archo o algo asi
17:55:58 : Side: santiago: QUE TECLA ES PARA INTSTALAR LOS OBLETOS COMO LA CAJA
17:56:20 : Side: Dragons: la barra
17:56:22 : Side: Dromsito: creo que espacio
17:57:23 : Side: santiago: DENTRO DE LOS AUTOS NO ME PASA NADA AL REINICIAR EL SERVER??
17:57:34 : Side: Dragons: ADM  estas??  desenganche mi camion y desapareio!!!
17:57:50 : Side: Dragons: volvi donde estaba la ultima vez y no esta
17:57:52 : Side: Dallheim: yo tambien estoy llamando al admin
17:57:56 : Side: Dallheim: no responde
17:58:00 : Side: Dallheim: debe estar afk.
17:58:07 : Side: Dragons: sep
17:58:52 : Side: Dragons: ese camion tiene todo lo q junte en estas 3 horas ahhhhhhhhhhhhhhhhhh
18:03:29 : Side: Dallheim: admin estas??
18:16:33 : Side: Azrael1x: hola holaaa
18:20:17 : Side: Dromsito: alguien sabe por que algunos autos estan bloqueados?
18:20:44 : Side: Azrael1x: son los de la gente
18:21:19 : Side: Azrael1x: che dallheim,te gastaste mi plata en trolas y droga?? XD
18:43:00 : Side: Dallheim: admin estas???
19:04:03 : Side: Dallheim: adminnnnnnnnnnnnnnnn :(
19:06:16 : Side: Dallheim: en el anterior restart el server me kickeo y cuando volvi me faltaban las armas, 100k y 2 maletines
19:06:33 : Side: Dallheim: las armas no me importan pero los 100k y los maletines... :S
19:52:14 : Group: [Amish]Churro: ya se puede jugar'?
19:53:06 : Side: santiago: ADMIN ME ENZEÑAS A TALAR MADERA Y HACER UN BUENA CAMPAMANETO
19:53:22 : Side: santiago: SI NO ESTAS MUY OCUPADO?
19:56:54 : Side: santiago: ESCUCHO
19:57:19 : Side: santiago: TENGO EL HACHA PERO NO VEO LA OPCION
19:58:39 : Direct: adm#2: hi
19:58:47 : Direct: adm#2: entendiste?
19:59:03 : Side: santiago: SI RACIAS
19:59:12 : Side: santiago: GRACIAS
19:59:24 : Direct: adm#2: a los pinos dale
19:59:35 : Direct: adm#2: grlmente ttienen mas madera
20:00:14 : Direct: adm#2: veni
20:01:32 : Direct: adm#2: temes cuchillo??
20:01:53 : Side: santiago: LO SIENTO FUE QUE LLEGO MI MUJER
20:02:01 : Side: santiago: SISI TENGO
20:02:11 : Side: santiago: PARA LOS ANIMALES VERDAD?
20:02:18 : Direct: adm#2: agarra 2 
20:02:23 : Direct: adm#2: de esos troncs
20:02:31 : Direct: adm#2: hacele click derecho a uno
20:02:38 : Direct: adm#2: y pone craft lumber
20:02:57 : Side: santiago: SI
20:03:08 : Direct: adm#2: te hizo una tabla?
20:04:12 : Side: santiago: 2 MIN 
20:04:13 : Direct: adm#2: ahora agarra 2 tablas, click derecho y Craft plywood
20:07:43 : Direct: adm#2: 2 tablas, click derecho craft plywood
20:08:38 : Direct: adm#2: tenes el plywood
20:08:41 : Direct: adm#2: ?
20:08:51 : Side: santiago: NO CREO Q NO
20:09:07 : Direct: adm#2: le hiciste clik derecho a los tablones?
20:09:16 : Side: santiago: O SIII
20:09:25 : Side: santiago: CRAFT 
20:09:41 : Direct: adm#2: 2 tablas + 1 lplywood
20:09:55 : Direct: adm#2: click derecho al plywood.. craft workbench
20:10:28 : Direct: adm#2: si tenes el pywood echo agarra esas 2 tablas
20:10:53 : Side: santiago: HIBA BIEN PERO NO SE Q PASO
20:11:00 : Side: santiago: ME PIDE OTRO
20:11:16 : Direct: adm#2: otro que?
20:11:20 : Direct: adm#2: mira
20:11:36 : Direct: adm#2: eso q tire es un plywood
20:12:06 : Side: santiago: SI 
20:12:11 : Direct: adm#2: bueno ahora
20:12:19 : Direct: adm#2: con 2 tablas y 1 plywood
20:12:25 : Direct: adm#2: haces un workbench
20:12:27 : Side: santiago: YA TENGO 3 EN INVENTRAIO
20:12:37 : Direct: adm#2: click derecho al plywood Craft workbench
20:12:52 : Direct: adm#2: ahi tenes 2 tablas
20:13:16 : Side: santiago: ESO ERA LO QUE FALTABA
20:13:31 : Direct: adm#2: ahora tenes q poner el workbench 
20:13:54 : Side: santiago: PARA Q ES
20:13:56 : Direct: adm#2: eso es un banco de trabajo te sirve para hacer las pareds de madera y muchas cosas mas
20:14:15 : Side: santiago: OK
20:14:16 : Direct: adm#2: ahora por ej. si queres hacer 1/4 de pared
20:14:33 : Direct: adm#2: necesitas 3 tablas y 3 plywood, y estar cerca del banco ese
20:14:59 : Side: santiago: OK
20:15:11 : Direct: adm#2: por lo tanto para hacer 1 pared entera necesitas 3x4= 12 tablas  y 3x4=12 plywoods
20:15:14 : Side: santiago: ESAS SON LAS PAREDES DE MADERA VERDAD?
20:15:19 : Direct: adm#2: si
20:15:29 : Direct: adm#2: se construyen de a 1/4
20:15:42 : Direct: adm#2: una vez q tenes 2 de 1/4 haces 1/2
20:16:00 : Direct: adm#2: y cuando tenes 2 de 1/2 .. haces 4/4 osea la pared entera
20:16:23 : Direct: adm#2: en la carpa te deje troncos
20:16:30 : Direct: adm#2: vas a tener q talar bastante
20:16:43 : Direct: adm#2: y el plot q pusiste ahi, tene cuidado por q te lo pueden robar
20:16:44 : Side: santiago: AAJAJAJ OK GRACIAS 
20:16:57 : Side: santiago: COMO LO ASEGURO
20:17:08 : Direct: adm#2: tenes q encerrarlo entre paredes
20:17:23 : Side: santiago: OOO OK
20:17:40 : Direct: adm#2: bueno me voy
20:17:40 : Side: santiago: TINES UNA MOTOSIERRA ? AJAJ
20:17:59 : Side: santiago: OK GRACIAS AMIGASO 
20:18:39 : Direct: adm#2: nafta y aceite necesita la motosierras
20:19:49 : Side: santiago: OK 
20:20:34 : Direct: adm#2: te doy un gas mezclado con aceite
20:20:46 : Direct: adm#2: y otro sin mezclar, le hace falta una botella de aceite
20:20:58 : Direct: adm#2: pero con la mezcla de 12lts tenes para rato
20:21:09 : Side: santiago: OK CON CLICK DERECHO PARA METERLE
20:21:13 : Direct: adm#2: si
20:21:25 : Side: santiago: GRACIAS
20:21:28 : Direct: adm#2: despues apretas R para recargar la motosierra
20:21:43 : Side: santiago: LISTO
20:22:00 : Direct: adm#2: fijate q en vez de tirar troncos, teda los tablones echos
20:22:06 : Direct: adm#2: te ahorras mucho tiempos
20:22:10 : Direct: adm#2: bue me voy
20:22:29 : Side: santiago: GRACIAS HERMASNO
20:27:15 : Side: santiago: ADMIN QUE PENA MOLESTARTE PERO QUE ES LA PALANCA Q ME PIDE PARA LAS PAREDES DE MADERA
20:33:26 : Side: santiago: ADMIN
20:46:04 : Side: santiago: ADMIN
20:52:11 : Side: santiago: ADMIN
20:52:19 : Side: santiago: ESTAS POR AHI??
21:20:26 : Side: Azrael1x: holasss
21:23:20 : Side: Azrael1x: no se te escucha nada capo
22:18:06 : Side: Sirfes-AR: HOLAAAS
22:18:30 : Side: Sirfes-AR: alguno le pinta ir a joder a algun ia?
23:00:28 : Side: Sirfes-AR: baje un helicoptero 
23:00:36 : Side: Sirfes-AR: exploto
23:15:20 : Side: Paladin: saludos gente ! :D
23:19:38 : Side: Paladin: Gracias ADM !! :D
23:19:53 : Side: Sirfes-AR: hola gente
23:20:02 : Side: Bad Guy: buenas
23:20:08 : Side: Paladin: que hay Sirfes !
23:20:42 : Side: Sirfes-AR: alguien que me de una mano en airport? baje un heli y neutralice a una camioneta
23:20:54 : Side: Bad Guy: te quedan 7 nidos de m2
23:21:12 : Side: Sirfes-AR: me estan buscando. todavia no llego a base
23:21:20 : Side: Sirfes-AR: si puedo saacarlos ,ejor
23:21:31 : Side: Sirfes-AR: nunca les voy a ganar si llego a base
23:21:41 : Side: Sirfes-AR: seria suicidio si quiera acercarme
23:22:26 : Side: Sirfes-AR: escucho disparos cerca, hay alguien¿?
23:35:52 : Group: Jose Luis: que dice peaez
23:36:01 : Group: Jose Luis: pelaez
23:36:34 : Group: santiago: CABALLERO
23:37:35 : Group: Jose Luis: voy para aia
23:38:07 : Group: santiago: AA YO YA NI SE POR DEONDE HABLARLE BOBO
23:38:17 : Group: Jose Luis: jajajapor aqui ome
23:40:40 : Group: santiago: SE PIERDE SI SE QUITA
23:40:51 : Group: Jose Luis: se quita q
23:41:20 : Group: santiago: LA PARED SE PIERDE NO QUEDA EN CAJA CONSTRUIBLE
23:41:29 : Group: Jose Luis: oe venga tengo donde aterrizar o q
23:43:00 : Group: Jose Luis: ve santiago y el castillo de aia arriba esta ocupado o q
23:43:43 : Group: santiago: SI
23:44:42 : Group: Jose Luis: esta gran puta mierda
23:45:59 : Group: Jose Luis: quejesto xDD
23:46:12 : Group: Jose Luis: pana suúestamente se me daño el helicoptero y lo aterrize bien
23:46:28 : Group: santiago: QUE NESEESITA
23:46:34 : Group: Jose Luis: vidrio
23:46:57 : Group: Jose Luis: y partes de motor
23:46:58 : Group: santiago: NEGATIVO
23:47:10 : Group: Jose Luis: tengo que ir al carro rojo que tengo en tienda aia tengo vidrio
23:47:17 : Group: Jose Luis: ya vengo
23:48:12 : Group: Jose Luis: no enciende
23:48:15 : Group: Jose Luis: tenes comida 
23:48:33 : Group: santiago: SI
23:49:25 : Group: Jose Luis: llevame en tu carro a tienda veni por mi
23:49:27 : Group: santiago: EN LA CARBA VENGA
23:49:54 : Side: Sirfes-AR: hay algun adm?
23:50:03 : Group: santiago: QUE PASO 
23:50:27 : Group: Jose Luis: veni en el carro por mi que este hpta helicoptero se daño todo no se porque
23:51:00 : Group: santiago: ESTOY EMPACANDO
23:51:18 : Group: Jose Luis: jajaja tan bello pero veni ome que necesito arreglar esta vaina
23:51:50 : Group: santiago: VOY
23:51:58 : Group: Jose Luis: quedan 8 minutos de server
23:54:18 : Group: Jose Luis: a tienda mijo
23:54:21 : Group: santiago: OJO PS CON LOS M4
23:54:28 : Group: Jose Luis: yo pa que esa basura 
23:54:57 : Group: Jose Luis: hagale mas bien que van a cerrar el server
23:55:06 : Group: Jose Luis: ahhh vida hpta
23:55:07 : Group: santiago: ASELEEE
23:56:11 : Group: santiago: PANA 
23:56:17 : Group: Jose Luis: epa
23:57:05 : Group: santiago: UD COMO VE SU AUTO EN EL MAPA
23:57:17 : Group: Jose Luis: no lo veo
23:57:31 : Group: santiago: O ES ASI
23:59:24 : Group: Jose Luis: maldito reinicio
23:59:43 : Group: Jose Luis: saca el carro porque lo sacan 
23:59:51 : Group: Jose Luis: o mejor no ahora lo buscamos
