00:08:16 : Group: galle: pensaba q me habia bugueado hijo de dios
00:08:23 : Group: sRulo: jajjaja me hice pija con los arboles jaja
00:09:46 : Group: sRulo: si hay bandit base
00:09:53 : Group: sRulo: pasa que no esta marcada en el mapa
00:10:21 : Group: sRulo: 2 opciones para hacer la base
00:10:28 : Group: sRulo: al lado de la fabrica
00:10:37 : Group: sRulo: o entre berezino y gorka
00:10:49 : Group: sRulo: vos que decis?
00:10:57 : Group: galle: 2da
00:11:03 : Group: sRulo: ok
00:11:48 : Group: galle: te robe el oro
00:12:17 : Group: sRulo: jajaja me habia olvidado
00:12:31 : Group: galle: vamos?
00:12:34 : Group: sRulo: vamos
00:12:38 : Group: sRulo: me canse de minar jaja
00:13:10 : Group: galle: vamos a fabrica tenemos q hacer la mesa de laburo
00:13:16 : Group: galle: y traer las demas cinder
00:13:21 : Group: sRulo: sep
00:13:27 : Group: galle: y deberiamos comprar la plot
00:13:38 : Group: galle: ojo con el control aca adelante
00:14:02 : Group: sRulo: no tocamos ninguno 
00:15:37 : Group: galle: diria q 
00:15:43 : Group: galle: saquemos para 1 safe y una plot
00:15:53 : Group: galle: y transportamos lo de construccion para allá
00:15:55 : Group: galle: directo
00:16:15 : Group: sRulo: de one
00:16:30 : Group: sRulo: no queria hablar en la subida por que se quedaba el camion si no lo embalaba jaja
00:18:21 : Group: sRulo: mierda 5 negros conectados
00:20:08 : Group: galle: q te paso
00:20:11 : Group: sRulo: sos un qliaaaa
00:20:12 : Group: sRulo: jajajajaja
00:20:19 : Group: sRulo: me quebraste
00:20:26 : Group: sRulo: contra la pared me diste re firme
00:20:27 : Group: sRulo: jajajaja
00:20:33 : Group: galle: xddd
00:20:42 : Group: galle: cuchame
00:20:47 : Group: galle: metal poles necesitamos
00:20:51 : Group: galle: para las paredes grandes
00:20:53 : Group: galle: me parece 
00:20:56 : Group: galle: o era la puerta?
00:21:07 : Group: sRulo: nope era para la puerta pero ya tenemos un porton hecho
00:21:18 : Group: galle: joya
00:21:28 : Group: sRulo: 5k de sangre wtf
00:21:41 : Group: sRulo: y sordo -.-
00:22:04 : Group: sRulo: revoleame una lata
00:22:57 : Group: galle: estos si tiran de todo
00:27:36 : Group: galle: jajaja
00:27:39 : Group: sRulo: jajaja
00:28:43 : Group: sRulo: mepa que falta unos cargadores y un m9sd
00:28:45 : Group: sRulo: jajaj
00:29:03 : Group: galle: no te la dan gratis de bandit?
00:29:20 : Group: sRulo: si jajaj te estoy jodiendo
00:29:37 : Group: galle: yo me quiero hacer heroe
00:29:53 : Group: sRulo: y si cuando me matas te debe sumar banda
00:29:56 : Group: sRulo: o no?
00:30:08 : Group: galle: no me dio nada
00:30:13 : Group: sRulo: mba?
00:30:17 : Group: galle: x lo q estabamos en grupo parece
00:30:25 : Group: sRulo: yo cuando te mate me dio como 4k en el reset
00:30:31 : Group: sRulo: y estabamos en grupo
00:30:46 : Group: galle: ni idea entnc
00:31:28 : Group: sRulo: che tengo cagaso de perder todo
00:31:55 : Group: galle: mmm
00:31:58 : Group: galle: y si 
00:32:02 : Group: sRulo: ahhh mira con 2 g la arreglamos en la estacion
00:32:04 : Group: galle: armamos las paredes primero aca
00:32:32 : Group: sRulo: ok
00:32:57 : Group: galle: we need mesa de trabajo y el barril con fuego?
00:33:49 : Group: sRulo: workshop no es la mesa no mas?
00:33:59 : Group: galle: necesitamos plot pole
00:33:59 : Group: sRulo: tengo hacha
00:34:01 : Group: galle: si o si
00:34:07 : Group: sRulo: cuantas?
00:34:11 : Group: galle: para poner la mesa aca
00:34:15 : Group: galle: y hacer las cosas
00:34:19 : Group: sRulo: fuuuck
00:34:57 : Group: galle: como es la pass?
00:35:02 : Group: sRulo: 0090
00:35:18 : Group: galle: encima las plot estan en la otra safe
00:35:48 : Group: sRulo: pero la mesa no se arma con plot pole
00:36:06 : Group: galle: necesitamos plot urgente
00:36:18 : Group: galle: voy o vas a comprar una?
00:36:37 : Group: sRulo: estoy buscando si una rueda
00:36:41 : Group: galle: aca ta
00:36:59 : Group: sRulo: ya esta lista la suv??
00:37:03 : Group: galle: si
00:37:07 : Group: galle: full cañon
00:37:07 : Group: sRulo: anda yo tengo hacha voy cortando madera
00:37:25 : Group: sRulo: comprate aceite y un tacho de gasoil grande
00:37:56 : Group: galle: llevo 30k?
00:38:05 : Group: sRulo: no se cuanto sale la pole
00:38:11 : Group: sRulo: la plot digo
00:38:16 : Group: galle: 100mil seguro
00:38:22 : Group: galle: llevo 250
00:38:27 : Group: galle: y a la chotastruli
00:38:31 : Group: sRulo: de one
00:38:39 : Group: galle: 1 safe 1 pole y el resto en chucherias
00:38:57 : Group: galle: re q hacia q eramos millos
00:38:59 : Group: sRulo: y si te sobra merca pa lo pibe(?
00:39:09 : Group: galle: qedan 119mil
00:39:10 : Group: galle: aca
00:39:16 : Group: galle: compro plot nada mas
00:39:33 : Group: sRulo: fuck jaja lleva todo y fijate tambien hay armas para vender ahi
00:39:35 : Group: sRulo: en la safe
00:40:09 : Group: sRulo: trate si o si el tacho grande
00:40:14 : Group: galle: oka
00:40:57 : Group: galle: cuida ese camion q es nuestra vida
00:41:18 : Group: sRulo: tendria que meter la llave a la safe y lockearla jaja
00:50:42 : Group: sRulo: que onda como van los negocios en la ciudad? jaja
00:52:23 : Group: galle: estas?
00:52:29 : Group: sRulo: si que paso?
00:52:35 : Group: galle: alcanzo para todo
00:52:41 : Group: sRulo: joia
00:53:02 : Group: sRulo: yo ya tengo la mesita lista
00:53:36 : Group: sRulo: la mesa se podia contruir  asi no ma jaja
00:53:56 : Group: sRulo: osea ya la instale
01:00:15 : Group: galle: estuve con el adm
01:00:21 : Group: galle: me explico unas cosas re piolas en el trade
01:00:26 : Group: galle: va re wtf
01:00:32 : Group: sRulo: ah si??
01:00:34 : Group: sRulo: q onda?
01:00:41 : Group: galle: esta el de la ruleta rusa
01:00:56 : Group: galle: si ganas te da 100mil
01:01:03 : Group: galle: si perdes te matas y perdes todo el gear
01:01:11 : Group: sRulo: ta bueno
01:01:20 : Group: sRulo: onda si no tenes nada en cima
01:01:21 : Group: sRulo: jaja
01:01:21 : Group: galle: la gitana te lee la suerte
01:01:35 : Group: galle: y por 200 silver podes revolver entre las cosas viejas de un viejo
01:02:14 : Group: sRulo: nos quedamos sin valdes
01:02:26 : Group: sRulo: 32 media paredes
01:02:34 : Group: sRulo: osea 16 paredes
01:03:09 : Group: sRulo: mmm andamos con eso para hacer la parte de abajo?
01:03:28 : Group: galle: sobrado
01:05:07 : Group: sRulo: uhh me olvide de decirte que compres fosforos
01:05:18 : Group: galle: cagamo
01:05:30 : Group: sRulo: igual es para desp
01:06:08 : Group: galle: como pusiste la mesa?
01:06:24 : Group: sRulo: de una asi cuando la crafte me dejo
01:06:33 : Group: galle: ami no me dejaba
01:06:38 : Group: galle: keku
01:06:53 : Group: galle: bueno vamos?
01:07:02 : Group: sRulo: cuando crafteaste una mesa qlia??
01:07:03 : Group: sRulo: jaja
01:07:33 : Group: galle: llevo esta safe?
01:07:38 : Group: galle: o la dejamos?
01:07:53 : Group: galle: dejamos por las dudas
01:07:58 : Group: sRulo: como quieras
01:08:07 : Group: sRulo: ahh bue me pego antes de subirme
01:10:09 : Group: galle: la mision mas dificil del dia
01:10:20 : Group: sRulo: la mas arriesgada
01:12:21 : Group: sRulo: mira el sabandija este donde esta
01:12:32 : Group: galle: me tiritaba la mano por chocarlo
01:12:36 : Group: sRulo: full repair jaja
01:13:11 : Group: galle: q piola eso de la ruleta rusa
01:13:44 : Group: galle: si arrancas en el server
01:13:45 : Group: sRulo: cuanto te podias ganar?
01:13:48 : Group: galle: y haces eso y sale
01:13:52 : Group: galle: sacas 100mil
01:13:54 : Group: galle: 1 safe..
01:14:10 : Group: sRulo: se pero no es fuaaa
01:14:17 : Group: galle: bueno pero es gratis..
01:14:46 : Group: galle: en vez de q me culeen 15 veces los bots, me juego unas 5 ruletas rusas
01:15:05 : Group: sRulo: si pero lo de la ruleta rusa no te sale siempre o si?
01:15:16 : Group: galle: 50%
01:15:30 : Group: sRulo: osea no te sale siempre en el marcador para hacerla
01:15:51 : Group: galle: no, tenes q ir al trade y le propones el juego a 1 viejo q esta en la entrada
01:15:58 : Group: galle: y justo al lado por 20silver
01:16:05 : Group: galle: revolves entre los objetos del viejo
01:16:10 : Group: galle: podes sacar por 20 silver
01:16:11 : Group: galle: una safe
01:16:14 : Group: galle: o una plot
01:16:24 : Group: galle: o un papel higienico
01:16:27 : Group: galle: etc
01:16:27 : Group: sRulo: aca te gusta?
01:16:33 : Group: sRulo: o donde decis?
01:16:42 : Group: galle: mm algo mas derecho?
01:16:57 : Group: sRulo: la cosa es no estar en un pozo
01:17:11 : Group: galle: aca ta piola
01:17:19 : Group: galle: se ponen en la fire y los hacemo pija
01:17:27 : Group: sRulo: de una
01:17:36 : Group: sRulo: espero que se pueda
01:17:43 : Group: galle: ojo con los cables
01:17:46 : Group: galle: q no nos molesten
01:17:56 : Group: galle: aca
01:18:03 : Group: sRulo: ok
01:18:09 : Group: sRulo: pone
01:18:22 : Group: sRulo: aca
01:18:28 : Group: sRulo: esta mas al medio de lo liso
01:18:31 : Group: galle: gg
01:18:36 : Group: sRulo: wtf
01:18:36 : Group: galle: trade city a 900m
01:18:57 : Group: sRulo: el acerradero esta a 830
01:18:57 : Group: galle: 900mts lejos de un loot militar
01:19:02 : Group: sRulo: fuck
01:19:56 : Group: galle: es muchisimo
01:20:52 : Group: sRulo: aca estamos a 900
01:21:02 : Group: galle: aca?
01:21:09 : Group: sRulo: se
01:21:28 : Group: sRulo: para
01:21:37 : Group: sRulo: aca
01:22:04 : Group: galle: lo ves?
01:22:11 : Group: sRulo: se´p
01:22:33 : Group: sRulo: es grande la zona
01:22:51 : Group: galle: enorme
01:23:06 : Group: galle: sabes q nos faltan pisos
01:23:08 : Group: galle: :S
01:23:34 : Group: sRulo: los podemos hacer de mader
01:23:37 : Group: sRulo: madera
01:23:51 : Group: galle: aceite no traje
01:23:52 : Group: galle: T-T
01:24:00 : Group: sRulo: fuck
01:24:08 : Group: galle: se fue el adm
01:24:10 : Group: galle: lcsm
01:24:12 : Group: sRulo: bueno traje otra hacha asi no me dejas solo jaja
01:24:32 : Group: sRulo: pero ni pongamos piso abajo digamos
01:24:33 : Group: galle: guardemos todo en una safe
01:24:34 : Group: galle: ya
01:25:18 : Group: sRulo: sabes que estamos muy cerca del herozone?
01:25:24 : Group: galle: 1196
01:25:24 : Group: sRulo: no me gusta mucho jaja
01:25:33 : Group: galle: bueno rajemos
01:25:38 : Group: galle: busquemos otra zona
01:25:39 : Group: sRulo: na ya fue
01:25:40 : Group: sRulo: jaja
01:25:51 : Group: galle: no me gusta mucho aca
01:25:54 : Group: sRulo: no creo que sea tan abuzo
01:25:57 : Group: galle: x lo q esta inclinado
01:25:57 : Group: sRulo: abuso
01:27:10 : Group: sRulo: es que si no es aca es al lado de gorka
01:27:52 : Group: sRulo: o detras de la ciudad de orlovets
01:28:17 : Group: sRulo: si pusiste esa marca sacala ya la ven todos
01:28:36 : Group: sRulo: segundo esta muy al camino de todo
01:28:36 : Group: galle: y cerca del altar?
01:28:44 : Group: sRulo: esa puede ser
01:29:00 : Group: sRulo: ahi te iba bien jaja
01:29:07 : Group: sRulo: estaba lisa esa zona creo
01:29:07 : Group: galle: se olvidate
01:29:09 : Group: sRulo: vamos
01:29:10 : Group: galle: si
01:29:12 : Group: galle: vamo
01:29:16 : Group: galle: tenes palanca?
01:29:22 : Group: sRulo: sepw
01:30:00 : Group: galle: qdo marcada
01:30:27 : Group: sRulo: sepw
01:30:44 : Group: sRulo: la safe la sacaste?
01:30:53 : Group: galle: si
01:31:00 : Group: galle: el del bandit esta donde siempre?
01:31:04 : Group: galle: o esta en otro lado?
01:31:15 : Group: sRulo: ahh?
01:31:18 : Group: sRulo: siii
01:31:20 : Group: galle: el camp
01:31:23 : Group: sRulo: sisisiw
01:31:28 : Group: sRulo: creo que esta mas atras
01:31:42 : Group: sRulo: osea en el descampado de atras donde gralmente estabaw
01:31:49 : Group: galle: ahh si
01:32:52 : Group: galle: mamadera
01:34:43 : Group: galle: de ahi se pueden sacar pisos o los metal pole?
01:34:48 : Group: sRulo: sew
01:34:50 : Group: galle: o te tiran las trap
01:34:53 : Group: galle: tank
01:35:15 : Group: sRulo: metal pole traps y scrapw
01:35:52 : Group: sRulo: che yo ya tengo que abandonar
01:36:00 : Group: sRulo: dejamos en la fabrica?
01:36:01 : Group: galle: lleguemos
01:36:09 : Group: galle: y meto todo en la safe
01:36:15 : Group: galle: te da el tiempo?
01:36:21 : Group: sRulo: seaw
01:36:27 : Group: sRulo: a la fabrica
01:36:31 : Group: galle: oka
01:36:44 : Group: sRulo: porque la otra zona tengo miedo de cruzarme denuevo a los otros giles
01:37:20 : Group: sRulo: mira esta era la otra zona q te deciaw
01:37:52 : Group: sRulo: aca
01:37:58 : Group: galle: puede ser
01:38:06 : Group: sRulo: bueno mañna vemos
01:38:06 : Group: galle: ya buena
01:38:31 : Group: galle: aca esta re parejo
01:38:49 : Group: galle: pongo aca
01:38:51 : Group: galle: la safe
01:39:06 : Group: sRulo: aca la vamos hacer entoncs?
01:39:07 : Group: galle: 2293
01:39:09 : Group: galle: anota
01:39:35 : Group: sRulo: listorti
01:40:06 : Group: sRulo: te sampe la llave del camion en la mochi
01:40:13 : Group: sRulo: yo me voy
01:40:21 : Group: sRulo: me van a castrar si sigo
01:40:25 : Group: sRulo: nos vimos
01:40:26 : Group: galle: jajaj bueno
01:40:29 : Group: galle: ns vemo
01:40:39 : Group: sRulo: no te olvides de desenganchar el camion
01:40:45 : Group: galle: oka
01:40:53 : Group: sRulo: x q con el rest desaparece si esta town
02:27:51 : Group: Alan: edgar
02:27:56 : Group: edgar: khe
02:28:00 : Group: Alan: tengo pensado
02:28:04 : Group: Alan: hacerla mas cerca a la base
02:28:07 : Group: Alan: q te parece _
02:28:09 : Group: edgar: si
02:28:15 : Group: Alan: quieres q traigamos
02:28:17 : Group: Alan: todo
02:28:18 : Group: edgar: donde sera
02:28:21 : Group: Alan: vi un lugar bastante bueno
02:28:28 : Group: Alan: pera q compro engine
02:28:37 : Group: edgar: lo sacastes de la mission?
02:28:47 : Group: Alan: lo compre
02:28:49 : Group: Alan: ta bueno jaja
02:29:58 : Group: Alan: a donde consigo boddy -
02:30:03 : Group: edgar: creo que tengo balas pal auto
02:30:13 : Group: Alan: me falta reparar el boddy
02:30:15 : Group: edgar: compra scrap
02:32:31 : Group: edgar: a donde bamos?
02:32:36 : Group: Alan: te voy a mostrar
02:32:40 : Group: Alan: donde quiero hacer la base
02:32:40 : Group: edgar: ok
02:34:30 : Group: Alan: q te parece aca
02:34:35 : Group: edgar: mmmm
02:34:51 : Group: edgar: esta bien
02:35:00 : Group: Alan: ok
02:35:08 : Group: Alan: buscamos todo lo de la otra base entonces _
02:35:12 : Group: edgar: si
02:35:41 : Group: Alan: compramos un heli
02:35:44 : Group: Alan: y la hacemos de madera
02:35:56 : Group: edgar: ok
02:39:11 : Group: Alan: tenemos como 5 motosierra
02:39:17 : Group: edgar: mmm
02:39:17 : Group: Alan: yo traigo oil y gasolina ya
02:39:23 : Group: edgar: bueno
02:39:25 : Group: Alan: asi q tendremos los materiales rapido
02:39:30 : Group: edgar: sabes contruir con madera
02:39:33 : Group: edgar: ?
02:39:33 : Group: Alan: por q con la motosierra ya te da lumber pack
02:39:41 : Group: Alan: sera mi primera ves q contruya algo
02:39:44 : Group: Alan: xd
02:39:59 : Group: Alan: todo lo q se hasta ahora es por vos y juan
02:45:17 : Group: edgar: y los otros autos
02:45:19 : Group: edgar: ?
02:45:23 : Group: Alan: woo
02:45:25 : Group: Alan: robaron todo
02:45:34 : Group: Alan: q mierda
02:45:43 : Group: edgar: pero tenian llave
02:45:52 : Group: Alan: si pero yo las guardaba
02:45:55 : Group: Alan: aca en la carpa
02:46:34 : Group: Alan: esta es 3616
02:46:34 : Group: edgar: y la otra safe?
02:46:37 : Group: Alan: viste
02:46:39 : Group: Alan: me la robaron
02:47:08 : Group: edgar: mmmm tenian de todo
02:47:14 : Group: Alan: puedo llevar los lockbox con todo adentro _
02:47:52 : Group: Alan: me sacaron las llaves tmb de esto
02:48:00 : Group: edgar: mmmm
02:49:40 : Group: edgar: pos nose
02:49:57 : Group: edgar: como quieras
02:50:07 : Group: Alan: dime vos que sabes mas jaja
02:50:28 : Group: Alan: te doi 100k compras 1 camion y lo enganchas al heli
02:50:30 : Group: Alan: y lo traes
02:50:34 : Group: edgar: ok
02:50:38 : Group: Alan: llevamos todo adentro del camion y lo llevamos con el heli
02:50:49 : Group: Alan: quieto xd
02:51:03 : Group: Alan: ta
02:51:33 : Group: Alan: a esat este tmb
02:51:36 : Group: Alan: compramos 2 camion
02:51:40 : Group: Alan: y traemos los 2
02:51:44 : Group: Alan: asi hacemos todo de un tiro
02:51:59 : Group: Alan: ah no tengo
02:52:25 : Group: edgar: tu maneja
02:52:34 : Group: edgar: me tengo que ir
02:52:47 : Group: Alan: ah ya te vas _
02:52:55 : Group: edgar: si 
02:53:03 : Group: Alan: ahh entonces lo hacemos otro dia
02:53:07 : Group: edgar: si
02:53:24 : Group: Alan: cuando estamos por empezar
02:53:27 : Group: Alan: te tiens q ir siempre
02:53:28 : Group: Alan: hdp xd
05:10:36 : Group: JF: no espera que hay que recuperar
05:10:52 : Group: Alan: estaba todo adentro del camion
05:10:57 : Group: Alan: imposible recuperar
05:11:13 : Group: JF: ño de tu mochila
05:11:24 : Group: JF: lo de tu mochila
05:11:33 : Group: Alan: no tenia nada en mi mochila
05:11:36 : Group: Alan: puse todo en el camion
05:12:19 : Group: JF: que cagada por suerte el otro salio
05:12:47 : Group: JF: tengo dos kilometros y medio ya llego
05:12:59 : Group: Alan: te veo
05:13:29 : Group: Alan: a eran refuerzos
05:13:59 : Group: Alan: yo me voy jf esta tu cuerpo alado del camion
05:13:59 : Group: JF: si ahi abajo justo habia una mision pense que vos sabias
05:14:04 : Group: Alan: ma;ana le damos duro a la base
05:14:11 : Group: Alan: noo no la habia visto
05:14:19 : Group: Alan: jaja
05:14:23 : Group: Alan: ma;ana compro todo
05:14:26 : Group: Alan: no te hagas drama
05:14:49 : Group: Alan: nso vemos
17:11:38 : Group: edgar: tarde mucho ene entrar
17:11:46 : Group: Alan: bastante jaja
17:11:57 : Group: edgar: seme apagaba el pc
17:12:07 : Group: Alan: uhh limpiala bien
17:12:33 : Group: edgar: ben por mi
17:12:48 : Group: Alan: voi
17:14:21 : Group: Alan: uhh estas lejisimos
17:14:25 : Group: Alan: no llego mas en esto
17:14:40 : Group: Alan: en bicicleta llegas mas rapido pro q
17:14:44 : Group: Alan: no ay camino por ay
17:14:51 : Group: Alan: y el camion va super lento en la tierra
17:21:43 : Group: Alan: no tesubiste ?
17:21:46 : Group: edgar: si
17:21:51 : Group: edgar: estoy atras
17:21:56 : Group: Alan: ah
17:26:19 : Group: Alan: adentro del camion
17:26:24 : Group: Alan: estan todas las paredessd
17:26:27 : Group: Alan: escucha
17:26:29 : Group: Alan: anoche
17:26:33 : Group: Alan: quise traer todo
17:31:45 : Group: edgar: solo alcanso para aser 6 pisos
17:31:57 : Group: Alan: en el camion
17:32:02 : Group: edgar: si
17:32:02 : Group: Alan: ay paredes y pisos
17:32:12 : Group: edgar: si pero son 1/4
17:33:00 : Group: edgar: no puedes aser algo para que pueda construir?
17:33:11 : Group: Alan: q cosa
17:33:16 : Group: Alan: pero esperame 15 minutitos
17:33:18 : Group: Alan: voy y vengo
17:33:20 : Group: edgar: ok
17:33:31 : Group: Alan: hay te di friendly
17:33:45 : Group: edgar: ok
17:33:52 : Group: edgar: como quieres que aga la base?
17:34:11 : Group: Alan: como mas teguste
17:34:18 : Group: Alan: bien linda jaja
17:34:23 : Group: edgar: ok
18:13:20 : Group: edgar: ucupo mas material
18:13:33 : Group: Alan: paredes o piso ?
18:13:37 : Group: edgar: los 2
18:13:50 : Group: Alan: te paso lumbers
18:13:59 : Group: edgar: te saque muchos :V
18:15:52 : Group: edgar: ponme eso para poder contruir
18:16:00 : Group: edgar: construir*
18:16:00 : Group: Alan: q cosa ?
18:16:11 : Group: Alan: ta
18:23:23 : Group: Alan: ay te dejes
18:23:25 : Group: Alan: deje paredes
18:23:27 : Group: Alan: en la mochila
18:23:31 : Group: edgar: ok
18:30:26 : Group: Alan: estaria bueno tmb
18:30:30 : Group: Alan: hacer como un camino
18:30:36 : Group: Alan: por 
18:30:59 : Group: edgar: pero para eso se nesesita mas plot pole
18:31:09 : Group: Alan: tengo 1 mas 
18:32:08 : Group: edgar: ucupo muchos pisos
18:32:21 : Group: Alan: hago pisos entonces ?
18:32:24 : Group: edgar: si
18:42:07 : Group: sebastian: what wea happendsss
18:44:28 : Group: edgar: me muero de ambre
18:44:43 : Group: Alan: fijate en el camionn
18:44:46 : Group: Alan: tiene q a ver
18:44:49 : Group: edgar: no hay nada
18:44:52 : Group: Alan: uhhh
18:44:58 : Group: Alan: vamos por comida
18:51:06 : Group: edgar: cual es el conbustible del la sierra?
18:51:11 : Group: Alan: jerry can
19:04:23 : Group: edgar: corte muchos
19:04:27 : Group: edgar: estan tirados
19:04:40 : Group: Alan: ok
19:06:30 : Group: Alan: sigo con el piso ?
19:06:34 : Group: edgar: si
19:06:58 : Group: edgar: faltan como 13
19:07:07 : Group: Alan: woo jaja
19:07:26 : Group: edgar: y 9 paredes
19:08:02 : Group: Alan: falta pooco
19:08:11 : Group: edgar: si
19:11:58 : Group: Alan: ay tenes 6 pisos
19:12:08 : Group: edgar: ok
19:12:25 : Group: edgar: por cada 4 pisos que me das son 1
19:12:55 : Group: Alan: ok
19:13:12 : Group: Alan: q si hacia solo esto no terminaba masss
19:15:41 : Group: edgar: el piso ya esta terminado
19:15:53 : Group: edgar: pero falta el techo
19:15:54 : Group: Alan: paredes ahora ?
19:16:08 : Group: edgar: no
19:16:35 : Group: Alan: y las paredes
19:16:38 : Group: Alan: son los pisos
19:16:39 : Group: Alan: ?
19:16:44 : Group: edgar: pos tambien faltan
19:16:53 : Group: Alan: entonces sigo haciendo pisos 
19:16:57 : Group: edgar: si
19:39:03 : Group: Alan: asd
19:45:37 : Group: edgar: solo faltan 6
19:45:49 : Group: Alan: uff
19:45:52 : Group: Alan: ya estamos
19:51:09 : Group: Alan: q mas falta ?
19:51:18 : Group: edgar: deja miro
19:51:27 : Group: edgar: falta mas pisos
19:53:20 : Group: edgar: faltan 4
19:55:21 : Group: Alan: vos estas enfermo ?
19:55:29 : Group: edgar: seme ase que tu
19:56:09 : Group: Alan: era yo xd
19:56:58 : Group: edgar: faltan 3
19:57:13 : Group: edgar: me tengo que irw
19:57:20 : Group: Alan: ya tengo las  3
19:57:21 : Group: Alan: toma
19:57:35 : Group: edgar: be poniendolas en el auto
19:57:38 : Group: edgar: me tengo que ir
19:57:41 : Group: Alan: ok dale
23:06:04 : Group: sRulo: curse
23:08:49 : Group: sRulo: me acabo de ganar un brief ;D
23:10:21 : Group: sRulo: estas qliadaso?
23:10:36 : Group: sRulo: escribi al menos jaja
23:12:48 : Group: sRulo: subite mientras cambio la guita
23:13:44 : Group: sRulo: carl compraste todo?
23:15:00 : Group: sRulo: sos vos pablo?? jaja con - abris el chat
23:15:15 : Group: galle: AH MEDIA HORA BUSCANO LA PUTA TECLA
23:15:23 : Group: sRulo: jajajaj
23:15:51 : Group: galle: xD te hable en el curse pero ni te salio por lo visto jasja
23:15:51 : Group: sRulo: q qlia me colgue escribiendo y compre de mas unas mierdas jaja
23:15:58 : Group: sRulo: ahi te llamo yo
23:16:06 : Group: galle: a quien matamos
23:17:14 : Group: galle: tengo mucho oro me siento importante donde estan las putas que escuche
23:17:23 : Group: sRulo: aca mira jaja
23:18:51 : Group: sRulo: contestaste?
23:19:29 : Group: galle: yo si te escucho xD
23:19:55 : Group: galle: que hacemos 
23:22:01 : Group: galle: polleriando
23:22:34 : Group: galle: se tendrian que aver creado la base cerca de un camino asi al que pase en auto lo cagan a tiros
23:22:36 : Group: galle: xD 
23:24:49 : Group: galle: no me acuerdo jasja con el juego
23:25:04 : Group: galle: ah el shift
23:25:29 : Group: galle: ah no el mayusculas
23:28:48 : Group: galle: WINCHESTER
23:29:37 : Group: galle: las balas cuales son
23:30:04 : Group: galle: ah si un cargador
23:33:49 : Group: galle: gg
23:35:01 : Group: galle: ni se cual es
23:35:14 : Group: galle: no me encuentro donde estamos
23:35:17 : Group: galle: xD
23:35:33 : Group: galle: ah sisi ya nos encontre
23:36:04 : Group: galle: yo voy primero xD
23:36:23 : Group: galle: rodeo
23:37:07 : Group: galle: moscas
23:37:56 : Group: galle: wtf me desmaye
23:38:29 : Group: galle: cinder blocks blood bag morpinha mg36
23:38:43 : Group: galle: 2 plot deed pistachos
23:38:51 : Group: galle: wood ramp
23:38:56 : Group: galle: 4
23:39:17 : Group: galle: no me acuerdo donde esta
23:39:21 : Group: galle: esta por tu lado?
23:40:00 : Group: galle: voy a los desmayasos
23:40:33 : Group: galle: en bicii
23:41:10 : Group: galle: help
23:42:49 : Group: galle: xDD puedo dejar en la camioneta mientras anda esto?
23:43:39 : Group: galle: no me sale equipo en la camioneta
23:45:55 : Group: galle: okas yo voy a cazar al de la bici
23:45:59 : Group: galle: oks no me salgo xD
23:46:06 : Group: galle: no joda
23:46:12 : Group: galle: me salgo
23:46:32 : Group: galle: dale nos vemos
