19:14:21 : Direct: Leodagos: gola
19:14:23 : Direct: Leodagos: hola
19:14:29 : Direct: hitziquer: como va
19:14:31 : Direct: Leodagos: donde venden el 30 m pole 
19:14:33 : Direct: Leodagos: ?
19:14:38 : Direct: hitziquer: veni
19:14:47 : Direct: hitziquer: xdf
19:14:50 : Direct: hitziquer: aca
19:14:55 : Direct: Leodagos: gracias 
19:14:59 : Direct: hitziquer: np
19:36:48 : Direct: Leodagos: mk12
19:49:32 : Direct: Jej0x |Aspirante|: me parece
19:49:38 : Direct: Jej0x |Aspirante|: que se salio el grupo denuevo
19:49:54 : Direct: Jej0x |Aspirante|: ahi esta
19:50:16 : Direct: Jej0x |Aspirante|: entro alguien al ts
23:40:56 : Direct: Nikyta: veni xd
23:41:36 : Direct: Nikyta: esta sub perdi las llaves jaja y me molesta 
23:41:41 : Direct: Nikyta: la podes sacar ?
23:45:09 : Direct: Nikyta: que paso jajaj
23:47:26 : Direct: hitziquer: q hashe
23:47:29 : Direct: hitziquer: admin imagino
23:47:38 : Direct: ChukyN: sep
23:47:47 : Direct: ChukyN: lindo rancho
23:47:52 : Direct: ChukyN: cuidado con las indundaciones
23:47:53 : Direct: hitziquer: medio torcido me quedo
23:47:57 : Direct: hitziquer: jaja
23:48:12 : Direct: hitziquer: no use la regla xd
23:48:32 : Direct: ChukyN: le spawne 100 zombies a nikyta y raje
23:48:37 : Direct: hitziquer: jajajajjaja
23:49:32 : Direct: Nikyta: ves esas paredes que estan mal ?? ahora por tu broma las vas arreglar jsjajjajaja
23:49:46 : Direct: ChukyN: segui participando
23:49:52 : Direct: Nikyta: jajajajaja
23:50:06 : Direct: Nikyta: como me vas a llenar el bosque de zombis ??!!
23:50:47 : Direct: ChukyN: me olvide de algo
23:50:53 : Direct: Bad Guy: de?
