04:22:55 : Side: User: hello
04:23:16 : Side: vodka: hola
13:52:56 : Side: Dexter: che user
13:53:03 : Side: Dexter: adonde venden la suv amored
13:53:34 : Side: User: hero trade
13:53:41 : Side: User: preciso logoff
13:53:42 : Side: Dexter: sos heroe?
13:53:51 : Side: User: que eu saiba só hero
13:54:02 : Side: Dexter: no entiendo :C
13:54:25 : Side: User: suv armored buy in heroe trade only
13:54:29 : Side: Dexter: oks
13:54:34 : Side: Dexter: sos heroe?
14:40:57 : Side: LarzuK: naaa no te lo puedo crreerr
14:41:07 : Side: LarzuK: spawnee y apareci justo en una mision
14:41:09 : Side: LarzuK: lpm
14:41:10 : Side: Nachen: me exploto la avioneta che
14:41:14 : Side: Nachen: ajajaj
14:41:21 : Side: LarzuK: cuanto falta para el restart ?
14:41:33 : Side: Nachen: ni idea
14:42:57 : Side: LarzuK: la puta madrew
14:43:05 : Side: LarzuK: toda la mala suerte 
14:43:18 : Side: LarzuK: encima la puta mision mas dificil del mod
14:43:22 : Side: LarzuK: la que dura mas
14:45:13 : Side: LarzuK: genial
14:45:35 : Side: LarzuK: le dire chau a mi body
14:51:28 : Side: LarzuK: cuanta gente de golpe
14:51:30 : Side: LarzuK: jaja
14:55:26 : Side: GableTerr: esse serve reseta de quanto e quanto tempo ?
14:55:44 : Side: Nachen: 3 hs
15:39:21 : Side: LarzuK: hello user 
15:39:40 : Side: User: holla
18:03:37 : Group: Dexter: !upt
18:03:42 : Group: Dexter: restart?
19:25:44 : Side: Dexter: admin?
20:43:09 : Side: folken: /vote day
22:50:03 : Side: LarzuK: hola user
22:50:23 : Side: User: helo
