19:04:10 : Side: Susana Traverso: azrael tu sabes si se pueden atacar bases aqui? encontre una de lujo y quiero entrar, se puede? o me banearan?
19:04:23 : Side: Azrael1x: si se puede
19:04:36 : Side: Susana Traverso: okk! gracias amigo
19:05:09 : Side: Azrael1x: no problemo
19:09:28 : Side: Susana Traverso: maldicion esa puerta es muy resistente
19:09:53 : Side: Azrael1x: para romper las paredes necesitas c4
19:10:10 : Side: Susana Traverso: y yo aqui de tontoo arrojando mis granadas
19:10:20 : Side: Azrael1x: XD y esta bien caro cre
19:13:18 : Side: Susana Traverso: hay un tipo en el tejado!
19:14:17 : Side: Azrael1x: claro es mi base XD
19:14:30 : Side: Susana Traverso: ps averlo dicho antes hahaha
19:14:54 : Side: Azrael1x: ahaha no sabia que era esta la que auerias atacar XD
19:15:10 : Side: Susana Traverso: XD no escuchabas las explosiones??
19:15:46 : Side: Azrael1x: jaja no,recien conecto los auris
19:16:06 : Side: Susana Traverso: :D ese avion me asusto todo
19:18:57 : Side: Susana Traverso: :(
19:20:31 : Side: Susana Traverso: valeee buen disparo azrael
19:20:35 : Side: Azrael1x: me ah bajado un monton la humanidad :( ya casi era heroe yo
19:20:57 : Side: Susana Traverso: ups
19:22:57 : Side: Susana Traverso: al menos puse mi bandera en tu base XD
19:23:04 : Side: Azrael1x: XDD
19:23:13 : Side: Susana Traverso: no habia visto nunca esa opcion
19:23:53 : Side: Azrael1x: y que gace la bandera?
19:24:20 : Side: Susana Traverso: no lo se, pero es una chica con un pene en su boca XD
19:24:28 : Side: Azrael1x: jajajajajaja
19:27:48 : Side: Susana Traverso: bueno, debo estudiar.. mas tarde entro azrael! un gusto
19:27:57 : Side: Azrael1x: suerte igualmente
21:35:06 : Side: JF: No a que te referis
21:35:34 : Side: edgar: por que mi base se esta destruyendo
21:36:22 : Side: JF: como que se esta destruyendo tengo entendido que las bases no se destruyen
21:36:35 : Side: edgar: eso pensaba
21:36:54 : Side: edgar: pero se desaparece por partes
21:37:51 : Side: JF: salvo el caso en que te moris  tenes que replantar el plot porque es como que ya no te reconoce por ahi lo que te paso es eso
21:38:21 : Side: edgar: ya lo ise abarias veses creo que esta bugeado
21:38:40 : Side: edgar: la opcion de mantenimiento
21:40:18 : Side: JF: no la verdad no tengo idea yo el cambio que note es que armabas la bici sin problemas desde el menu izquierdo q aparece y ahora no t da la obsion 
21:40:44 : Side: edgar: mira
21:41:00 : Side: edgar: dale clik derecho en el toolbox
21:41:57 : Side: JF: y ya me paso en el otro server que por culpa de querer armarla te hace apretar shif ponele me tiro en el medio del mar y mori sin alternativas
21:42:11 : Side: JF: no te deja esa obsion
21:42:40 : Side: edgar: tengo bastante dinero quieres un auto xDD
21:43:26 : Side: JF: no no t hagas problemas gracias de que pais eres de donde
21:43:32 : Side: edgar: orita ya te di 200k
21:43:44 : Side: edgar: mexico
21:43:58 : Side: edgar: bueno si no quieres es por que tengo 3.5m
21:45:08 : Side: JF: bueno te agradezco yo argentino aqui se corta seguido este server sobre todo al mediodia no se por que
21:45:30 : Side: edgar: aca tambien
21:45:48 : Side: edgar: derrepente me saca y no puedo entrar
21:46:40 : Side: JF: Juan dyaz dijo que estaba realizando unos cambios pero no se si qudaron bien por ahi eso ocasiona los problemas
21:48:30 : Side: JF: te pregunto por las dudas no sabes como se cosecha la marihuana (hamp)
21:48:41 : Side: edgar: mmm nolose
21:49:05 : Side: edgar: creo que con el toolbox
21:49:21 : Side: edgar: ami mesalio una opcion pero no le aplaste
21:51:05 : Side: JF: eso es nuevo aqui pero no he podido yegar hasta ese lugar y no tengo idea que herramientas llevar mis armas son medio pelo aparte
21:51:28 : Side: edgar: aque lugar?
21:51:55 : Side: JF: al campo de la marihuana fijate en el mapa
21:52:05 : Side: edgar: yo nunca e ido
21:54:37 : Side: JF: es buena plata la que paga el comerciante q esta al lado del q vende helicopteros pero no tengo transporte ni se como se recolecta si vas 
21:55:13 : Side: edgar: que no entendi
21:55:55 : Side: JF: que cosa no entendiste
21:56:05 : Side: edgar: lo que dijistes
21:57:58 : Side: JF: ha dije que el comerciante del mercado paga bien por ese articulo pero tiene sus complicaciones para conseguirlo al menos para mi
21:58:45 : Side: edgar: yo solo e conseguido como 6
21:59:28 : Side: JF: como 6 que?
21:59:46 : Side: edgar: pos tu dises de las plantas?
21:59:55 : Side: edgar: que las vendes
22:00:13 : Side: edgar: de eso ablas?
22:01:03 : Side: JF: no yo no he podido vender ninguna por que no se como se cortan como con que herramienta se trabaja
22:01:23 : Side: edgar: se consigen como en missiones
22:03:40 : Side: edgar: que paso?
22:03:56 : Side: edgar: bueno no puedo aser mantenimiento
22:04:50 : Side: edgar: pero eso paso :V
22:05:11 : Side: JF: viste en el mapa hay una zona marcada que dice plantacion de mariguana , por ese lugar t preguntava 
22:08:13 : Side: JF: aah gracias Juan esos son mis preguntas sin respuesta ahora te pregunto lo siguiente se puede plantar en cualquier lado o tenes que tener tu terreno
22:16:37 : Side: juandayz: escribi por el chat de proximidad las coord. de tu base edgar
22:17:45 : Side: edgar: 105 027
22:17:52 : Side: juandayz: por el de proximidad :D
22:18:07 : Side: edgar: que es eso?
22:18:23 : Side: juandayz: el canal blanco, en el azul lo leen los demas
22:18:37 : Side: edgar: aaa
22:23:03 : Side: juandayz: veni a tu base edgar
22:23:11 : Side: edgar: ya boy
22:26:25 : Side: juandayz: edgar me lees?
22:26:36 : Side: Azrael1x: hola hola gente
22:26:40 : Side: juandayz: veni
22:26:53 : Side: juandayz: hola azra
22:27:08 : Side: juandayz: aca , usa el scroll menu y pone equipo
22:27:09 : Side: Azrael1x: como van?
22:27:26 : Side: JF: HOLA  , TODO BIEN!!
22:34:13 : Side: Azrael1x: che alguno sabe cada cuanto se le da mantencion al plot?
23:15:07 : Side: edgar: me sacaron por el ping cuando esta ba en un heli con las piernas rotas xD
23:15:24 : Side: edgar: haora tengo que arrastrarme 1200 metros
23:15:58 : Side: JF: adonde estas te ayudo
23:16:09 : Side: edgar: recorde que tengo bici :V
23:16:30 : Side: edgar: pero mi heli quedo destrosado
23:16:41 : Side: edgar: pero tengo 5.5m
23:16:49 : Side: edgar: :V
23:17:06 : Side: JF: tene siempre una morfina en tu mochila 
23:17:28 : Side: edgar: bueno alyegar al trader comprare
23:18:25 : Side: JF: yo ya me cure de espanto porque en el momento menos esperado se corta y te deja a pata a mi ya me paso un par de veces y quede rodeado de z
23:19:17 : Side: edgar: eres bandido?
23:20:02 : Side: JF: no.   todavia no llego pero intento ser heroe
23:20:15 : Side: edgar: soy heroe
23:20:26 : Side: edgar: tengo 11095 de humanidad
23:21:56 : Side: JF: no yo hace poco que empece a jugar este juego y desconozco un monton de cosas por lo que me esta costando 
23:22:13 : Side: JF: te compraste otro eli
23:22:18 : Side: edgar: siwwwwwwwww
23:22:26 : Side: edgar: bug
23:23:03 : Side: JF: cuanto hace que jugas aqui
23:23:15 : Side: edgar: como mas de una semana
23:31:10 : Side: LarzuK: buenas
23:31:46 : Side: JF: Hola Larzuk todo bien??
23:31:58 : Side: LarzuK: todo bien che
23:36:37 : Side: LarzuK: y porque en portugues ?
23:36:40 : Side: LarzuK: jajaja
23:39:20 : Side: JF: X que el server es latinoamerica , falta igual un poco de frances e ingles jamaikino jaja
