18:32:13 : Direct: Ariel: grax
18:32:28 : Direct: juandayz: de nada
18:32:35 : Direct: Ariel: che hay una puerta q me dice unlock
18:33:54 : Direct: Ariel: que no se puede entrar aca
18:34:11 : Direct: juandayz: son los pabellones
18:34:24 : Direct: Ariel: esta re bueno
18:34:34 : Direct: Ariel: te pasaste man
18:35:19 : Direct: juandayz: aca esta la sala de vigilancia :D
18:37:00 : Direct: juandayz: mira por aca hay una entrada auxiliar, para no pasar por l puerta bloqueada esa
18:37:43 : Direct: Ariel: ok
18:37:50 : Direct: juandayz: ves, tendrias que cerrar esa entrada coon una puerta con candado
18:38:02 : Direct: Ariel: sisi
18:38:13 : Direct: juandayz: la puerta bloqueada q saque recien, en el proximo restart vuelve, asi q no te preocupes
18:38:21 : Direct: Ariel: ok
18:38:22 : Direct: juandayz: fuiste al patio?
18:38:27 : Direct: Ariel: nono
18:39:17 : Direct: juandayz: solo habia entrada por heli en el patio
18:39:38 : Direct: Ariel: ok+
18:39:44 : Direct: Ariel: ok
18:40:09 : Direct: Ariel: solo x heli tengo q entrar
18:41:27 : Direct: juandayz: ahh habia entrada por dentro :P es q es un laberinto esto jajaj
18:41:35 : Direct: Ariel: sisi
18:42:27 : Direct: Ariel: te pasast 
18:42:30 : Direct: juandayz: sabias q podes armr una bici con la toolbox no?
18:42:35 : Direct: Ariel: muy bueno
18:42:38 : Direct: Ariel: sisi
18:42:48 : Direct: Ariel: te tiro un dato 
18:42:53 : Direct: juandayz: si decime
18:43:10 : Direct: Ariel:  en otro servers q staba con mis amigos habia una isla llamada otmel 
18:43:18 : Direct: juandayz: si otmel
18:43:41 : Direct: Ariel: esa isla se podia pasar caminando y estaba llena de barracones con armamento y municiones de todo tipo
18:43:49 : Direct: Ariel: tenelo en cuenta
18:43:56 : Direct: juandayz: copado
18:44:19 : Direct: Ariel: era un lugar donde hjabia loot
18:44:27 : Direct: juandayz: yo habia metido una ciudad tomada por una secta religiosa en skalistic, pero lageaba mucho la ia
18:44:28 : Direct: Ariel:  habia zombies obvio 
18:44:50 : Direct: Ariel: sisi
18:45:03 : Direct: juandayz: de todas maneras, fijate en los iconos amarillos, en el mapa, ahi hay zonas de loot
18:45:17 : Direct: Ariel: y te lague el tema de usar bancos
18:45:31 : Direct: Ariel: donde guardar plata
18:45:46 : Direct: Ariel: y usar cajeros automaticos para sacar la plata
18:46:11 : Direct: juandayz: pasa q los cajeros, usan el sistema ese viejo de home banking
18:46:20 : Direct: juandayz: y hay q modificar todo la db
18:46:33 : Direct: Ariel: ahhh
18:47:01 : Direct: juandayz: bueno me voy a seguir con el trade
18:47:10 : Direct: Ariel: tenes q poner misiones donde la recompensa sea materilaes de construcion
18:47:16 : Direct: juandayz: hay hay
18:47:23 : Direct: Ariel: ah joya
18:47:40 : Direct: juandayz: fijate tambien en la ia muerta de las misiones, tienen ladrillos y esas cosas
18:47:40 : Direct: Ariel:  antes q te vayas me restauras tengo poca vida y muerto de ham,bre y sed
18:48:23 : Direct: Ariel: me leistes ?
18:49:43 : Direct: Ariel: che lo q contruis se destrulle?
18:50:03 : Direct: Ariel: osea viene otro y te lo puede romper?
18:50:40 : Direct: juandayz: las paredes de madera si
18:50:53 : Direct: juandayz: bno salgo
18:50:58 : Direct: Ariel: uh necesito ladrillos jeje
19:20:13 : Direct: Ariel: que hay un plot  aca
19:20:31 : Direct: juandayz: te dice esoo?
19:20:50 : Direct: Ariel: ya te digo q dice
19:21:31 : Direct: juandayz: ta, toma las cosas de la carcel como si fueran de un plot.. no habia pensado en eso
19:21:59 : Direct: Ariel: can not build, too many objetc within 30 m
19:24:25 : Direct: Ariel: perdon
20:50:43 : Direct: juandayz: buuu
20:53:36 : Direct: juandayz: te asustaste? jajaj
20:54:00 : Direct: Ariel: jejej
20:55:29 : Direct: Ariel: ladrillos donde consigo
20:55:37 : Direct: juandayz: en el trade
20:55:58 : Direct: Ariel: no sale como loot ¡
20:56:03 : Direct: juandayz: si tambien
20:56:28 : Direct: Ariel: tenes palanca¡
20:58:14 : Direct: Mades: Hola admin
20:58:25 : Direct: Mades: adios
