00:11:55 : Side: MaxBraian: che juan me ayudas con la humanidad ?
00:14:44 : Side: JF: HOLA TODOS !!
00:14:54 : Side: MaxBraian: como va jf !
00:15:00 : Side: Totoasd: buenas
00:15:14 : Side: MaxBraian: todo bien.
00:15:43 : Side: JF: como estan chicos ?  todo bien
00:15:57 : Side: MaxBraian: se se
00:18:46 : Side: MaxBraian: jf tas ocupado ?
00:19:12 : Side: JF: si aqui ando perdido jaja 
00:19:38 : Side: MaxBraian: ja ahi te mando grup
00:20:03 : Side: JF: no se que diablos pasaba que hace tres dias me quede fuera del server 
00:20:22 : Side: MaxBraian: como ¡
00:21:23 : Side: JF: parece que se habian borrado unos archivos y ya me estaba arrancando los pelos 
00:21:34 : Side: MaxBraian: jaja
00:22:45 : Group: MaxBraian: andas medi lejos je
00:23:33 : Group: MaxBraian: quiero subir la humanidad pero ando medio perdido ja
00:24:51 : Group: JF: para subir la humanidad en positivo solo tenes que matar bandidos o zombis 
00:25:32 : Group: MaxBraian: claro yo quiero ser bandido ya tengo -3843 pero aveses me baja 
00:26:32 : Group: JF: si te hubicas en algun pueblo donde encuentres un galpon de esos largos y logras quw te sigan un grupo de zomb los matas facilmente
00:28:29 : Group: JF: jajaja no bolu es preferible ser heroe porque tenes mejores veneficios cuando desbloqueas las armas del trader
00:30:35 : Group: MaxBraian: estoy por hacer esta mision pero me vine en bisi si queres venir compartimos
00:31:56 : Group: JF: no puedo ahora porque tengo un problemita , si me bajan pierdo la guita que tengo porque no la he podido guardar
00:32:14 : Group: MaxBraian: ah oka
00:35:55 : Group: MaxBraian: te estas muriendo ?
00:36:50 : Group: JF: me preguntas a mi ?  no yo estoy bien
00:37:36 : Group: MaxBraian: pero me apareces en naranja :/
00:37:56 : Side: MaxBraian: juan 
00:39:30 : Group: JF: me estare volviendo holandes jajaa
00:39:48 : Group: MaxBraian: jajaa
00:40:19 : Group: MaxBraian: no encuentro una mision buena para que me de human
00:40:22 : Group: MaxBraian: jeje
00:40:58 : Group: JF: no se  yo veo en el mapa las dos cruces en verde
00:41:32 : Group: MaxBraian: ajaja
00:42:07 : Group: JF: guarda que vas hacia una mision contra heroes y si los atacas te la baja a la humanidad
00:42:57 : Group: MaxBraian: pero ayer hice una de bandidos y me la bajo como puede ser ?
00:43:51 : Group: JF: si te animas a ir al basural ahi esta lleno de zombis pero tenes que tener buena provicion de municiones y cuidate porque la maquina hace trampas
00:44:16 : Group: MaxBraian: como ?
00:45:40 : Group: JF: vos queres matar zombi te acrecenta la humanidad en 50 por cada uno pero la maquina o sea el server hace trampas 
00:46:08 : Group: MaxBraian: en que sentido ?
00:47:18 : Group: JF: algunos zombis atraviesan las paredes y puede haber algunos bodt que te disparan 2 o 3
00:47:35 : Group: MaxBraian: ahh
00:48:10 : Direct: reconnect: che
00:48:24 : Direct: reconnect: sabes q paso con el trader bandidp¿
00:48:29 : Group: JF: como andas reco
00:48:32 : Group: MaxBraian: esa mision esta buena pero esta muy lejos je
00:48:49 : Side: JF: como andas reco
00:48:57 : Direct: reconnect: todo bien man :D
00:48:59 : Direct: reconnect: vos?
00:49:13 : Side: JF: te viniste en bici ?
00:49:16 : Direct: reconnect: se
00:49:17 : Direct: reconnect: jaja
00:49:26 : Side: reconnect: toy pobre
00:49:37 : Side: JF: queres un camion?
00:49:47 : Side: JF: veni
00:49:50 : Side: reconnect: no gracias, vendi armas y tengo
00:50:00 : Side: reconnect: estoy buscando el trader bandido, no esta mas
00:50:04 : Side: reconnect: el de la punta
00:50:32 : Side: JF: see ahi lo ves
00:50:44 : Side: reconnect: no lo veo che
00:51:12 : Side: JF: este!!
00:51:12 : Side: reconnect: estaba aca pero desaparecio
00:51:31 : Side: reconnect: ah los unieron en uno?
00:51:36 : Side: reconnect: antes estaba acas
00:51:48 : Side: JF: se cambio la pilcha je
00:51:58 : Side: reconnect: jaja no no, habia uno aca afuera
00:52:04 : Side: reconnect: eran 2, uno de vehiculos y otro de armas
00:52:28 : Side: JF: a ese lo despdieron porque dormia con la oveja
00:52:33 : Side: reconnect: JAJAJAJA
00:52:48 : Side: MaxBraian: jaja
00:53:06 : Side: reconnect: che, viste que esta bugueado el taggin
00:56:31 : Side: JF: ahi hay una 
00:56:56 : Side: MaxBraian: para mi o rec ?
00:57:04 : Side: MaxBraian: je
00:57:41 : Side: JF: te decia a vos
00:57:49 : Side: reconnect: me jui besos en la cola
00:57:56 : Side: MaxBraian: vuela vuela se libre !!!!!!!!!!!!!!!!!!!!!!
00:59:44 : Side: JF: que municion usas 
01:00:04 : Group: MaxBraian: yo ?
01:00:13 : Group: JF: si vos
01:00:29 : Group: MaxBraian: stanac
01:00:34 : Group: MaxBraian: 30
01:00:56 : Group: MaxBraian: stanag 30 je
01:01:03 : Group: MaxBraian: por je
01:01:11 : Group: JF: pero la comun verdad porque la sd no se consigue en el trader
01:01:33 : Group: MaxBraian: claro esta la de 100 balas 
01:03:31 : Group: JF: no no es de 100 viene de treinta por lo menos la que se consiguen aqui
01:04:15 : Group: MaxBraian: claro
01:06:13 : Group: JF: hagarra ahi
01:06:29 : Group: MaxBraian: teno como 15 jaja
01:06:37 : Group: MaxBraian: mas no porfa xD
01:06:52 : Group: MaxBraian: gracias igual xD
01:07:39 : Group: JF: levantalas no te hagas drama
01:08:26 : Group: MaxBraian: gracias je
01:09:49 : Group: JF: vos no te hagas problemas si necesitas algo decime es parte de levantar mi humanidad 
01:10:32 : Group: MaxBraian: se voy a ver mañana aver si la puedo subir je
01:10:56 : Group: JF: ahi afuera tengo un camion si l necesitas a mi me esta sobrando
01:11:14 : Group: MaxBraian: na tenemos 2 ya xD
01:11:58 : Group: MaxBraian: nos vemos, 
01:12:28 : Group: JF: bueno como digas 
01:12:37 : Group: MaxBraian: jaja
01:32:05 : Side: reconnect: el antidupe me patio la concha desu madre
01:37:09 : Side: JF: no alcance a leer si podes repetime que decias
01:40:44 : Side: JF: reco no alcance a leer si podes repetir
01:43:57 : Side: reconnect: q onda
01:44:03 : Side: reconnect: ahora tengo la conexion estable
01:44:37 : Side: reconnect: y me patea algun admin? te decia que me patio el antidupe cuando estaba sacando de mi lockbox y se me cayo fiber. y ahora no se me cayo nada.
01:44:42 : Side: reconnect: pero me patearon igual wtf
01:45:37 : Side: reconnect: media pila
01:45:45 : Side: JF: no no se que es lo que pasa la verdad a  mi tampoco me dejaba subir y me decia que se me habian borrado archivos 
01:46:35 : Side: JF: lo que entendi que me parece que crea conflictos con el steam en el filtro porque tiene muchos mod 
01:46:40 : Side: reconnect: yo si se que me paso la primera vez
01:46:40 : Side: reconnect: pero ahora me patearon posta.
01:47:23 : Side: reconnect: hay un sistema que no te deja dupear, o sea, si vos te desconectas cuando estas trabajando con el gear te patea
01:47:42 : Side: reconnect: a mi me pateo por eso al principio, pero recien nada que ver, estoy juntando los cuerpos de una mision y me aparecio kicked.
01:48:20 : Side: JF: si algo parecido me paso tambien hace algunos dias
01:50:59 : Side: reconnect: bue
01:52:11 : Side: JF: que barbaro che aqui aparece el anuncio que se te vence el plazo de confirmacion de firma y que perdes la coneccion
14:24:18 : Side: JF: hola leo como estas?
14:24:30 : Side: Leodagos: hola jf todo bien
14:24:33 : Side: Leodagos: vos ?
14:25:03 : Side: JF: bien..
14:36:36 : Side: JF: por donde andas leo , tengo una camioneta que ya no me hace falta si la queres es tuya.
14:37:12 : Side: Leodagos: q camioneta ?
14:37:16 : Side: Leodagos: es
14:37:43 : Side: JF: SUV camel con llave en mano
14:37:46 : Side: JF: jaja
14:38:29 : Side: Leodagos: estoy looteando el airfield antes q reinicie
14:38:32 : Side: Leodagos: vos donde estas
14:38:45 : Side: JF: si te interesa estoy en el trader
14:39:01 : Side: Leodagos: bueno termino con este edificio y voy
14:39:23 : Side: JF: bueno 
14:42:58 : Side: Leodagos: espero llegar antes del reinicio
14:43:03 : Side: Leodagos: estoy en camino
14:44:02 : Side: JF: en que andas (veiculo)
14:44:12 : Side: Leodagos: kamaz
14:45:01 : Side: JF: veni tranqui nomas que hay tiempo
14:54:11 : Side: JF: todo bien?
14:54:22 : Side: Leodagos: sisi
14:55:02 : Side: Leodagos: gracias jf
14:55:09 : Side: Leodagos: q te vas a comprar ?
14:55:27 : Side: JF: ahi te dejo la llave y cuatro de oro por una reparacion suerte 
14:55:55 : Side: Leodagos: q te vas a comprar para anmdar x ahji ?
14:56:14 : Side: JF: no se todavia talves una igual pero 2016 jajaa
14:56:26 : Side: Leodagos: ajajja aa andas bien vos
14:57:07 : Side: JF: todo a fuerza de chatarra y latas desconocidas jajaja
14:57:19 : Side: Leodagos: zombie parts
14:57:20 : Side: Leodagos: jaja
14:57:52 : Side: JF: si tambien pero le cayo mal al pelado  jajaja
14:58:06 : Side: Leodagos: jaja
14:58:27 : Side: Leodagos: me salgo al lobby
14:58:32 : Side: Leodagos: gracias denuevo
14:58:40 : Side: JF: che si necesitas alguna cosa no te hagas problemas  si puedo te ayudo
14:58:50 : Side: Leodagos: dale vos =
22:49:31 : Side: Bad Guy: algun adm on?
