02:09:44 : Direct: Leodagos: hola jf
12:46:13 : Direct: juandayz: donde esta tu safe jf?
12:50:17 : Direct: juandayz: donde esta la safe
12:53:45 : Direct: juandayz: agarra esa
12:53:55 : Direct: juandayz: ponela en un lugar normal bola
12:57:48 : Direct: juandayz: tirales con el sniper ese bola
12:58:04 : Direct: juandayz: mira
12:59:36 : Direct: juandayz: agarra
20:45:57 : Direct: juandayz: hi
20:46:06 : Direct: juandayz: cual es
20:46:12 : Direct: Jej0x |Aspirante|: la safe izquierda
20:46:15 : Direct: Jej0x |Aspirante|: sacalaw
20:46:29 : Direct: juandayz: sacale todo
20:46:35 : Direct: juandayz: empaca y volve a plantar
20:46:36 : Direct: Jej0x |Aspirante|: no tiene nada se lo saque auer
20:46:42 : Direct: juandayz: ok
20:46:49 : Direct: Jej0x |Aspirante|: pero no me deja empacar
20:46:53 : Direct: Jej0x |Aspirante|: me pide la contraseña
20:46:54 : Direct: juandayz: ok banca
20:47:01 : Direct: Jej0x |Aspirante|: empacala vos
20:47:37 : Direct: Jej0x |Aspirante|: gfracias
20:47:40 : Direct: Jej0x |Aspirante|: geniowd
20:47:49 : Direct: juandayz: de nada, anotate la contraseña
20:47:57 : Direct: Jej0x |Aspirante|: seee
20:47:59 : Direct: juandayz: ta linda tu base
21:09:19 : Direct: Alan: donde esta bandit _
21:13:01 : Direct: Alan: q lindoo
21:13:10 : Direct: Alan: vos no, lo q vendi
21:13:28 : Direct: Alan: terrible casi 900k
21:13:38 : Direct: juandayz: bien
21:13:46 : Direct: juandayz: guardalo antes q te maten :D
21:13:50 : Direct: Alan: jaja si 
21:13:51 : Direct: Alan: che
21:13:54 : Direct: Alan: con la caja de herramienta
21:13:59 : Direct: Alan: se puede hacer un helicoptero _
21:14:21 : Direct: Alan: y recien leo lo q me pusiste en steam
21:14:25 : Direct: Alan: jaja y es verdad me cago el restart
21:14:31 : Direct: Alan: no llegue a vender la mierda del auto jaja
21:14:35 : Direct: juandayz: jajaj
21:15:26 : Direct: Alan: se puede hacer el heli _
21:15:31 : Direct: juandayz: no
21:15:32 : Direct: Alan: con la caja de herramientas _
21:15:54 : Direct: Alan: q mierda jaja
21:16:00 : Direct: Alan: voy en bicicleta a las misiones
21:16:01 : Direct: juandayz: lo saque a eso
21:16:05 : Direct: Alan: para traerme los vehiculos y venderlo
21:16:16 : Direct: juandayz: comprate una moto rata aunque sea
21:16:23 : Direct: Alan: jaja
21:16:37 : Direct: Alan: mira una mision aca nomas
21:16:45 : Direct: Alan: vamos hacerla
21:17:27 : Direct: Alan: specteame miraa
21:17:30 : Direct: Alan: lo bueno q soy
21:17:30 : Direct: Alan: jaja
21:17:31 : Direct: juandayz: jajaj anda a guardar la plata
21:17:37 : Direct: Alan: jaja no pasa nada
21:20:14 : Direct: juandayz: hi guys
21:20:38 : Direct: juandayz: :) todo bien?
21:20:43 : Direct: [WG] SnakeGeneral: si y tu
21:20:53 : Direct: juandayz: bien, necesitan algo?
21:21:23 : Direct: [WG] SnakeGeneral: no tienes el npc metal panel para vender ?
21:23:02 : Direct: juandayz: detras tuyo, snake
21:30:17 : Direct: juandayz: cual es la situacion?
21:30:23 : Direct: juandayz: ahh re flashadoo jajaj
21:31:05 : Direct: Alan: jjajaa
21:31:06 : Direct: Alan: dalee juan
21:31:09 : Direct: Alan: ni 1 tiro tiraste hdp
21:31:20 : Direct: Alan: hay una calibre 50 que no la puedo ver
21:31:23 : Direct: juandayz: tengo una m4 silenciada q queres
21:31:28 : Direct: Alan: jajaja
21:31:31 : Direct: Alan: deja de flashearla
21:31:34 : Direct: Alan: hay viene 1 zombii
21:31:36 : Direct: Alan: mtaaloo
21:31:36 : Direct: Alan: jaja
21:32:43 : Direct: Alan: mejore
21:32:44 : Direct: Alan: bastante jaja
21:32:48 : Direct: juandayz: :D
21:33:00 : Direct: Alan: che
21:33:03 : Direct: Alan: dan muy pocos puntos
21:33:04 : Direct: Alan: los ia
21:33:07 : Direct: Alan: pero muyyy poco
21:33:09 : Direct: juandayz: 25
21:33:10 : Direct: Alan: de humanida
21:33:16 : Direct: Alan: es muy poco eso, no bajas mas
21:33:21 : Direct: Alan: tendrian q dar 100 minimo
21:33:33 : Direct: juandayz: aya esta el cal
21:33:42 : Direct: juandayz: estaba
21:33:48 : Direct: Alan: uhh
21:33:52 : Direct: Alan: depedo lo vi
21:34:22 : Direct: Alan: a ver q da la mision
21:35:24 : Direct: Alan: pura mierda jaja
21:36:28 : Direct: Alan: casi te matoo jaja
21:36:31 : Direct: Alan: me cague todo
21:36:33 : Direct: juandayz: jajaj
21:36:53 : Direct: Alan: esta arma
21:36:55 : Direct: Alan: esta muy buena
21:37:07 : Direct: Alan: bajas un helicoptero
21:37:10 : Direct: juandayz: si la de rambo
21:37:11 : Direct: Alan: de una patada
21:37:33 : Direct: Alan: esta tengo
21:37:35 : Direct: Alan: en el origin
21:37:37 : Direct: Alan: es una masa
21:37:50 : Direct: Alan: esperame que voy a comer
21:37:51 : Direct: Alan: y vuelvo
21:37:54 : Direct: Alan: y hacemos misiones
21:38:18 : Direct: Alan: jaja anda preparando la colita
21:38:19 : Direct: Alan: asi vamos
21:38:30 : Direct: Alan: jaja
