03:25:09 : Side: Viciuz: Hey!
03:25:15 : Side: vodka: hola
03:25:18 : Side: Viciuz: ¿cómo estás? :D
03:25:35 : Side: vodka: todo tranky , vos?
03:25:45 : Side: Viciuz: Ayer morí.. y mi cuerpo quedó a un lado de mis dos camionetas :( acababa de acabar una mision donde llene ambas camionetas con armas :c
03:25:56 : Side: Viciuz: Ahora creo que ya no estará ni mi camioneta, ni las llaves, ni nad a:/
03:26:33 : Side: vodka: no cuando te moris tenes q recuperar tus cosas antes del restart sino se pierde
03:26:49 : Side: Viciuz: Que coño :l
03:27:01 : Side: Viciuz: pues ya perdi todos mis vehiculos :/ eran SUV 
03:28:00 : Side: vodka: por eso es mejor juntar plata y comprar una caja fuerte para guardar tus cosasd 
03:28:09 : Side: Viciuz: vaya...
03:28:12 : Side: Viciuz: eso no lo sabia!
03:28:37 : Side: Viciuz: Los que me asesinaron fueron bandidos, Npc de una misión -_-
03:28:37 : Side: vodka: es media cara nomas sale 100000 coins
03:29:11 : Side: vodka: si , yo diria q empieses con las misiones de color verde q tienen menos npc 
03:29:33 : Side: vodka: las amarillas y rojas tiene metralladora estatica q son muy precisas
03:29:46 : Side: Viciuz: estos tenian hasta heli!!!!
03:30:01 : Side: Viciuz: no recuerdo muy bien en que lugar mori
03:30:14 : Side: Viciuz: pero quiero ver a ver si de pura casualidad, mi camioneta sigue con mis armas
03:30:24 : Side: Viciuz: capaz, te puedo pasar las armas y así hacemos o haces plata :p
03:30:31 : Side: vodka: si depende q misiones sean , las misiones negras son las mas dificiles esas lo tenes q hacer en grupo 
03:31:46 : Side: Viciuz: SIGUE AQUI!
03:32:01 : Side: Viciuz: que coño, está bloqueada :/
03:32:10 : Side: vodka: si esq tengo 30 z corriendome jaja
03:32:24 : Side: vodka: sin las llaves no abre
03:33:03 : Side: Viciuz: capas, alguien se las cogio y me jodio la vida dejandome sin las cosas :/
03:33:33 : Side: vodka: sino la recuperaste ante del restar ya la perdiste 
03:33:39 : Side: Viciuz: En verdad.. me pesa esa perdida, todos los slots de la Suv estaban llenos de armas :/
03:33:51 : Side: Viciuz: Lo que me sorprende..
03:33:55 : Side: Viciuz: eran dos camionetas
03:34:04 : Side: Viciuz: y solo hay una
03:35:13 : Side: vodka: los vehiculos de las misiones se pierde en el restart hay q venderlas antes 
03:35:30 : Side: Viciuz: ambas camionetas eran mias
03:35:36 : Side: Viciuz: ayer hice plata como loco
03:36:01 : Side: Viciuz: Jugue de sol a sol, conoci al admin y me regaló una camioneta que después perdi jajajajaja
03:36:04 : Side: vodka: y las llaves las tenias en el cuerpo 
03:36:40 : Side: vodka: haaa suele pasar aveces cuando un admin te lo regala ,se pierde es como un bug q hay 
03:37:17 : Side: Viciuz: encontre un barret
03:37:22 : Side: Viciuz: dos, el día de ayer
03:37:48 : Side: vodka: cuidala q son las mejores sniper del juego
03:37:57 : Side: Viciuz: se quedaron
03:38:01 : Side: Viciuz: en la suv
03:38:06 : Side: vodka: huuu
03:38:15 : Side: Viciuz: Eran dos
03:38:18 : Side: Viciuz: varios sniper
03:38:24 : Side: Viciuz: muchisimas automaticas
03:38:29 : Side: Viciuz: y dos pesadas
03:38:36 : Side: vodka: ahi veo si consigo algun sniper y hacemos algunas misiones
03:38:41 : Side: Viciuz: vale
03:38:50 : Side: Viciuz: esa perdida duele :( jajaja
03:39:13 : Side: vodka: si por eso yo lo primero q hago es juntar para la safe 
03:39:35 : Side: vodka: osea la caja fuerte
03:40:35 : Side: Viciuz: encontre una camioneta
03:40:37 : Side: Viciuz: desbloqueada
03:40:44 : Side: Viciuz: la podemos usar para lootear y cargar
03:41:19 : Side: Viciuz: aqui esta mi otra camioneta estacionada :(
03:47:56 : Side: Viciuz: Donde estas? :p
03:48:20 : Side: vodka: airfield
03:48:52 : Side: Viciuz: yo no tengo ni arma :p
03:49:22 : Side: vodka: ahi encontre una m40 y tengo un par para vender 
03:49:54 : Side: vodka: voy para la trade 
03:50:05 : Side: Viciuz: Vale, yo ando en la trade
03:50:11 : Side: vodka: ok
03:50:30 : Side: Viciuz: estoy mirando a ver si lotea algo los respawn pero nada
03:52:42 : Side: vodka: bue pude zafarme un desmadre arme tirando con una metra pesada minado de z 
03:52:51 : Side: Viciuz: jajajajaja
03:52:57 : Side: vodka: ya voy matando 102 z jaja
03:53:05 : Side: Viciuz: Moriste el día de hoy?
03:53:15 : Side: vodka: por suerte no
03:53:31 : Side: Viciuz: No mueras o te sucedera igual que a mi :(
03:54:15 : Side: vodka: igual hay timpo si muero puedo recuperar mis cosas
03:54:30 : Side: Viciuz: En su totalidad tienes razón xD
03:54:47 : Side: Viciuz: yo ayer desisti, después de que me mataron, me volvieron a matar 9 veces más
03:55:04 : Side: Viciuz: mori a punto de salir de la mision pero no pude recuperarme :(
03:55:34 : Side: vodka: es normal yo cuando hago misiones solo suelo morir un par de vces los npc son asperos mejor q rambo jaja
03:55:51 : Side: Viciuz: me sorprendieron, enserio
03:56:14 : Side: vodka: por eso snipeo xq son muy preciso a 500 o 600 metros
03:56:33 : Side: Viciuz: yo estaba con un sniper super chulo
03:56:39 : Side: Viciuz: silenciado y con "camuflaje"
03:56:48 : Side: Viciuz: así como rasgado con pieles o yo que se
03:56:54 : Side: Viciuz: pero tenia una pinta hermosa
03:57:56 : Side: vodka: la mejor es el guilie pero hay q ser bandido para comparla
03:58:17 : Side: Viciuz: Yo la robe de una camioneta abierta :P xD
04:02:25 : Side: Viciuz: te falta mucho?
04:02:39 : Side: vodka: aca estoy
04:02:49 : Side: Viciuz: hola xD
04:03:57 : Side: Viciuz: Eran parecidas a esas camionetas :(
04:04:06 : Side: Viciuz: una era cammo
04:04:21 : Side: Viciuz: y la otra tenia como fuego, yo que se, era negra con unas letras que nunca leí xD
04:04:26 : Side: vodka: la mayoria comprarn las suv
04:04:38 : Side: Viciuz: Ayer un tipo
04:04:47 : Side: Viciuz: me salvó de morir, y andaba así por todo el server
04:04:51 : Side: Viciuz: andaba en una chopper..
04:05:03 : Side: Viciuz: donde la pudo haber conseguido?
04:05:17 : Side: vodka: heli?
04:05:35 : Side: Viciuz: Estuvo por heli también, pero andaba en una moto "chopper" D:
04:05:44 : Side: Viciuz: o al menos eso dijo el
04:05:56 : Side: vodka: capas era el admin probando mod 
04:07:02 : Side: vodka: puta 2 rifle no puedo vender
04:07:13 : Side: Viciuz: Asi me paso ayer, al final los tire jajajajaja
04:08:08 : Side: Viciuz: mi sniper era como el tuyo :(
04:08:58 : Side: vodka: huu no llego 65k el sniper
04:09:04 : Side: Viciuz: xDDDDD
04:09:18 : Side: vodka: voy a buscar en mi caja creo q tengo una 
04:09:42 : Side: vodka: vamos asi te muestro como es la caja
04:09:52 : Side: Viciuz: vamos en la camioneta
04:10:00 : Side: vodka: jaaj
04:10:22 : Side: Viciuz: Realidad aumentada, más comodidad y rápidez xD
04:10:49 : Side: vodka: derecho segui
04:10:54 : Side: Viciuz: todo derecho?
04:11:04 : Side: vodka: si ,asta la ruta
04:11:08 : Side: Viciuz: ok
04:11:14 : Side: Viciuz: pera, pondre musica en steam xD
04:11:19 : Side: vodka: jaja dale
04:12:47 : Side: vodka: izq 
04:14:27 : Side: vodka: izq
04:15:06 : Side: vodka: aca
04:15:43 : Side: Viciuz: ala
04:15:46 : Side: Viciuz: yo ayer pase por aca
04:16:00 : Side: vodka: sacala
04:16:13 : Side: Viciuz: m24 desierto?
04:16:17 : Side: vodka: si
04:16:29 : Side: vodka: saca cargadores de dmr
04:16:33 : Side: Viciuz: ok
04:16:37 : Side: vodka: agarra 5
04:16:48 : Side: Viciuz: vale
04:17:06 : Side: Viciuz: listo
04:17:40 : Side: Viciuz: oye
04:17:46 : Side: vodka: hace lugar en el imventario principal
04:17:46 : Side: Viciuz: no me marco los cargadores
04:18:06 : Side: vodka: y clic boton derecho
04:18:23 : Side: vodka: dice split 
04:18:35 : Side: vodka: al cargador de dmr
04:18:43 : Side: Viciuz: sip
04:18:51 : Side: Viciuz: Split into 4x m24
04:18:58 : Side: vodka: ahi te combierte balas para ese rifle
04:19:04 : Side: Viciuz: ohhhhhhh vale
04:19:34 : Side: Viciuz: tarda mucho? xD
04:20:26 : Side: vodka: tenes q tener 4 lugares libre , pasalo a la mochila y comberti los otro 
04:20:32 : Side: vodka: de a uno
04:20:46 : Side: Viciuz: ohhhh cierto
04:20:55 : Side: vodka: deja en el piso los dmr q te paso los mios
04:21:15 : Side: Viciuz: ahi estan
04:21:21 : Side: vodka: si podes hacelo nomas vos 
04:21:30 : Side: Viciuz: ok, yo lo hago
04:21:31 : Side: Viciuz: espera
04:22:00 : Side: Viciuz: dale
04:22:02 : Side: Viciuz: vamos
04:22:08 : Side: Viciuz: más tarde convierto los demas
04:22:16 : Side: vodka: este rifle tiene zoom , con + y - del pack numeral 
04:22:47 : Side: Viciuz: Rayos..
04:22:53 : Side: Viciuz: no tengo teclado numerico
04:23:13 : Side: vodka: jaja
04:23:19 : Side: Viciuz: Todo tiene una alienware
04:23:26 : Side: Viciuz: menos un jodido teclado numerico -.-
04:23:41 : Side: vodka: proba el telemettro para marca q distancia y poder calibrar
04:23:53 : Side: Viciuz: como se utiliza?
04:24:07 : Side: vodka: con la b , sacate el binocular si tenes
04:24:33 : Side: Viciuz: sale unos numeros
04:24:40 : Side: Viciuz: "120" por ejemplo
04:24:47 : Side: vodka: si es la distancia 
04:24:57 : Side: Viciuz: y sobre esa distancia que se hace?
04:25:07 : Side: vodka: y ahi calibras el rifle con repag y avpag 
04:25:33 : Side: Viciuz: por ejemplo si coloca 120
04:25:35 : Side: Viciuz: yo pongo 200?
04:25:37 : Side: Viciuz: o 100?
04:26:10 : Side: vodka: depende como te guste , ami si xq ejemplo asi calibro a menos y apunto un poco arriba
04:26:28 : Side: Viciuz: ohhh, vale vale
04:26:37 : Side: Viciuz: con los indicadores de la parte de abajo, cierto?
04:26:44 : Side: vodka: mas o menos cada punto en la mira son 100 mts
04:26:52 : Side: vodka: si 
04:26:55 : Side: Viciuz: se puede mantener la respiración ?
04:27:03 : Side: vodka: son shift
04:27:35 : Side: vodka: cuando mas agacho mas estable
04:27:45 : Side: Viciuz: no noto mejoria xD
04:27:55 : Side: vodka: xq no estas agitado 
04:28:06 : Side: Viciuz: ohh vale vale
04:28:07 : Side: vodka: corre un poco y vas a ver
04:28:34 : Side: Viciuz: cierto
04:28:57 : Side: Viciuz: Algo más que deba de saber?
04:29:08 : Side: vodka: el resto es practica
04:29:13 : Side: Viciuz: Vale
04:29:16 : Side: Viciuz: ¿a que mision vaos?
04:29:43 : Side: vodka: esperemos a la proxima mision xq la q esta el terreno no nos faborece mucho por ahora
04:29:55 : Side: Viciuz: Vale
04:30:01 : Side: Viciuz: ninguna? hay muchisimos puntos verdes
04:30:38 : Side: vodka: ahi salio una vamos ? es amarilla media complicada 
04:30:44 : Side: Viciuz: dale
04:30:47 : Side: vodka: sino esperamos a una verde 
04:30:54 : Side: Viciuz: son bandidos, ahí me dices donde acomodarme
04:30:56 : Side: Viciuz: vale?
04:31:18 : Side: vodka: estas ya tienen estatica y donde te ven no perdona 
04:31:25 : Side: Viciuz: llegando a Vybor te dejo conducir a ti? 
04:31:32 : Side: Viciuz: asi ya escoges buen lugar
04:31:38 : Side: vodka: ok vamos
04:32:21 : Side: Viciuz: No entiendo las funciones de "Q, W, E"
04:32:31 : Side: Viciuz: la Q no acelera mucho, la W mas o menos y la E acelera a fondo
04:32:44 : Side: Viciuz: será para eso ? xD
04:33:04 : Side: vodka: si , yo uso el shift para ir rapidow
04:33:47 : Side: Viciuz: Estoy nervioso xD
04:33:54 : Side: Viciuz: ayer hice una misión así
04:34:06 : Side: vodka: asi se aprende 
04:34:19 : Side: Viciuz: y con el barret fue una pasada!!!, después me intentaron rodear pero lo alcancé a mirar y ahí quedó xD
04:34:29 : Side: Viciuz: me hace falta una secundaria
04:34:53 : Side: vodka: si siempre es mejor x si se acercan
04:36:19 : Side: Viciuz: Extraño mi antigua camioneta :( jajajaja
04:36:25 : Side: Viciuz: espero volver a coger todo el dinero que tenia
04:36:36 : Side: vodka: yo mi heli jaja
04:37:00 : Side: Viciuz: lo perdiste???
04:37:35 : Side: vodka: si , pero aca como viene  se va
04:38:31 : Side: Viciuz: tengo decadencia de FPS
04:38:36 : Side: Viciuz: a veces me da de la nada
04:38:53 : Side: vodka: es normal en este juego 
04:39:06 : Side: Viciuz: Me enferma 
04:39:08 : Side: Viciuz: mira :o
04:39:20 : Side: vodka: si hace tiempo q esta ahi
04:39:23 : Side: Viciuz: A veces están desbloquedaas
04:39:43 : Side: vodka: aca la mayoria
04:41:00 : Side: Viciuz: donde estamos?
04:41:10 : Side: vodka: cerca de vybor
04:41:11 : Side: Viciuz: por alla hay una camioneta xD
04:41:25 : Side: Viciuz: ohhh, estamos cerca de el aeropuerto
04:41:26 : Side: vodka: si estna todas bloqueadas
04:41:35 : Side: Viciuz: Ayer les robe gas xD
04:42:18 : Side: Viciuz: iré por agua
04:42:24 : Side: vodka: ok
04:43:03 : Side: Viciuz: listo
04:43:53 : Side: vodka: estamos a casi 600 
04:44:00 : Side: Viciuz: desde aqui se puede, no?
04:44:11 : Side: vodka: ahi veo si se ve bienw
04:45:23 : Side: vodka: muy cerca vamos
04:46:19 : Side: vodka: vemos si podemos del otro lado
04:46:25 : Side: Viciuz: dale
04:46:48 : Side: Viciuz: con poco que nos miren, nos cargan :(.
04:47:09 : Side: vodka: si mal ,estos rifle tiene poc acadencia para tan cerca
04:48:24 : Side: Viciuz: voy a escritorio
04:48:25 : Side: Viciuz: ya vuelvo
04:48:28 : Side: vodka: okw
04:48:54 : Side: Viciuz: Listo
04:49:24 : Side: vodka: por ac aestaria bueno pero no tengo arma para los z 
04:49:40 : Side: Viciuz: Lo mejor es una montaña, no?
04:50:19 : Side: vodka: para mi si xq tenes mejor vicion y cobertura pero depende como le sea como a cada uno
04:50:31 : Side: Viciuz: a mi me gustó estar escondido
04:51:08 : Side: Viciuz: ala
04:51:14 : Side: Viciuz: estaba perdiendo la conexión
04:51:40 : Side: vodka: hay q caca estan las 2 misiones casi juntas
04:51:59 : Side: Viciuz: vamos a la zona que primero estabamos
04:52:04 : Side: Viciuz: no creo que pase a mayores
04:52:14 : Side: Viciuz: primero al de la metralleta o vehiculo, y con eso
04:52:18 : Side: Viciuz: bien escondidos
04:52:37 : Side: vodka: a las estaticas 
04:52:44 : Side: Viciuz: Si
04:53:07 : Side: Viciuz: Las estaticas son las pesadas que están pegadas, no?
04:53:11 : Side: vodka: si
04:53:56 : Side: vodka: volvemos termino la otra 
04:54:00 : Side: Viciuz: dale
04:54:08 : Side: Viciuz: estamos de arriba a bajo jajajaja
04:54:45 : Side: vodka: marca la mision cln shift y clic para saber maso la distancia q esta
04:55:01 : Side: Viciuz: Se me bugueo el mapa, creo
04:55:06 : Side: Viciuz: me marca que estamos muy lejos
04:55:08 : Side: Viciuz: de acá xD
04:55:17 : Side: vodka: casi 700
04:55:35 : Side: Viciuz: OHH CIERTO CIERTO
04:55:40 : Side: Viciuz: pero acá, no salen Z?
04:55:55 : Side: vodka: muy poco 
04:56:06 : Side: Viciuz: No tengo secundaria, nada de makarov ni nada :c
04:56:37 : Side: vodka: bue ni yo
04:56:46 : Side: Viciuz: estamos muy lejos, no?
04:56:52 : Side: Viciuz: no los logro ver
04:57:05 : Side: vodka: para mi es mejor esta distancia
04:57:10 : Side: Viciuz: ok
04:57:18 : Side: vodka: marcalo con un clic solamente 
04:57:38 : Side: Viciuz: ya mire
04:57:47 : Side: vodka: vas a ver cuando cierres el mapa te aparece la distancia 
04:58:04 : Side: Viciuz: "600 m"
04:58:42 : Side: vodka: si moris aparece una cruz roja de tu cuerpo y podes lootearlo 
04:59:35 : Side: Viciuz: te juro que no los logro ver
04:59:53 : Side: vodka: estan metido como en una bajada 
05:00:26 : Side: vodka: bue son 2 estatica 
05:00:38 : Side: Viciuz: coño
05:00:41 : Side: Viciuz: donde estás? jajajaja
05:01:00 : Side: vodka: veo si bajo a los 2 sin morirme xq no tengo cobertura
05:01:07 : Side: vodka: ahi te mando grupo
05:02:27 : Side: vodka: bue le tiro a las estatica si me matan igual hay un repown cerca
05:02:38 : Side: Viciuz: espera
05:03:00 : Side: Viciuz: ya los mire
05:03:25 : Side: vodka: el de la derc a cuanto esta
05:03:35 : Side: Viciuz: Static a la derecha está a 748
05:03:51 : Side: vodka: izq
05:04:10 : Side: Viciuz: 760
05:04:17 : Side: vodka: ok 
05:04:27 : Side: Viciuz: derecha 780*
05:04:34 : Side: Viciuz: tu derecha yo izq?
05:04:54 : Side: vodka: oca le tiro al de la derc , 2 balas para matar a esos 
05:04:59 : Side: Viciuz: ok
05:05:03 : Side: Viciuz: haré lo que mejor pueda!
05:07:03 : Side: Viciuz: rayos..
05:09:04 : Group: vodka: me cai
05:09:45 : Side: Viciuz: que sucedio?
05:09:59 : Side: vodka: me cai , apareci inconciente
05:10:13 : Side: Viciuz: LOL
05:10:14 : Side: vodka: no 
05:10:15 : Side: Viciuz: DISCULPA
05:10:19 : Side: vodka: bendame
05:10:36 : Side: Viciuz: no me di cuenta
05:10:40 : Side: Viciuz: disculpa disculpa disculpa
05:10:50 : Side: vodka: listo ,aguanta q me despierte
05:12:23 : Side: Viciuz: sigues inconciente?
05:12:36 : Side: Viciuz: como se hacia zoom?
05:13:38 : Side: Viciuz: nos intentaron rodear
05:13:43 : Side: Viciuz: miraste?
05:14:05 : Side: Viciuz: coño..
05:14:30 : Group: Viciuz: no me percate del segundo
05:16:08 : Side: Viciuz: moriste?
05:16:27 : Side: vodka: me salve por un pelo a mil de sangre estaba
05:17:00 : Side: Viciuz: no mire al otro tipo
05:17:05 : Side: Viciuz: solo derribe a uno
05:17:08 : Side: Viciuz: y al otro no lo mire
05:17:22 : Side: vodka: ahi lo vi 
05:17:43 : Side: Viciuz: voy en bici como un loco
05:19:35 : Side: vodka: quedan com o 6 
05:20:12 : Side: Viciuz: vale
05:21:01 : Side: vodka: jaja
05:21:04 : Side: Viciuz: que paso?
05:22:26 : Side: Viciuz: Listo, te vengue :p
05:22:46 : Side: vodka: huu apareci dentro de la mision jaja aca me cojen 
05:23:13 : Side: Viciuz: jajajajajaja
05:23:21 : Side: vodka: veo si llego algun cuerpo y le robo un arma
05:24:18 : Side: Viciuz: como estás vestido?
05:24:24 : Side: Viciuz: para no confundirte
05:24:26 : Side: Viciuz: ah ya te mire
05:24:28 : Side: vodka: todo de verde con casco
05:24:31 : Side: Viciuz: estas cerca del cuerpo blanco?
05:24:40 : Side: vodka: veo 3 vivos 
05:24:52 : Side: Viciuz: estabas arrastrandote?
05:24:53 : Side: vodka: no
05:24:57 : Side: vodka: si 
05:25:04 : Side: Viciuz: cerca de un cuerpo que se murio?
05:25:13 : Side: vodka: no
05:25:19 : Side: Viciuz: ok, entonces era alguien más..
05:26:28 : Side: vodka: veo 2 q corre y uno arrastrado 
05:26:36 : Side: Viciuz: el arrastrado...
05:26:38 : Side: Viciuz: donde está?=
05:26:46 : Side: Viciuz: lo veo
05:26:52 : Side: vodka: al fondo de donde corren los otros
05:27:28 : Side: vodka: 2 arrastraso y 2 corriendo
05:27:33 : Side: Viciuz: ok
05:30:49 : Side: Viciuz: no les puedo dar, coño
05:32:57 : Side: Viciuz: Hey
05:33:00 : Side: Viciuz: estas de casco verde?
05:33:02 : Side: vodka: ahi agarre un arma
05:33:03 : Side: Viciuz: tienes arma pesada?
05:33:06 : Side: vodka: si
05:33:06 : Side: Viciuz: vale vale
05:33:10 : Side: Viciuz: ya te iba a disparar
05:33:28 : Side: vodka: voy acercandome
05:33:38 : Side: Viciuz: estoy detras tuyo
05:33:41 : Side: vodka: okw
05:35:04 : Side: vodka: donde voy hay como una casita
05:35:36 : Side: Viciuz: "Keymakers kit"
05:36:13 : Side: vodka: es para hacer diplicado de llaves
05:36:43 : Side: Viciuz: Mi mochila desaparecio
05:36:44 : Side: Viciuz: asi sin mas
05:37:28 : Side: vodka: capas q cambiaste por eso
05:38:25 : Side: Viciuz: cuantos mas ves?
05:38:30 : Side: vodka: creo q ya esta
05:38:41 : Side: Viciuz: cuantos bajaste?
05:39:01 : Side: vodka: a 4
05:39:45 : Side: vodka: listo trae la suv
05:39:49 : Side: Viciuz: vale
05:43:18 : Side: vodka: anda justando q voy por mi cuerpo 
05:43:21 : Side: Viciuz: vale
05:43:25 : Side: Viciuz: todo lo metere a la suv
05:43:42 : Side: vodka: si fijate q tenes estacio 
05:43:50 : Side: Viciuz: estacio?
05:44:15 : Side: vodka: arriba te dice 7/49 o algo asi 
05:44:21 : Side: Viciuz: ah si
05:44:23 : Side: vodka: la primera es par aarmas
05:45:05 : Side: Viciuz: ....
05:45:11 : Side: Viciuz: hay que hacerlo rapido
05:45:22 : Side: vodka: mete lo q puedas
05:48:25 : Side: Viciuz: aca hay cargas
05:48:27 : Side: Viciuz: ayudame pls
05:48:31 : Side: Viciuz: y quedaron tres armas
05:48:33 : Side: Viciuz: las podes cargar?
05:48:48 : Side: vodka: la suv ya esta llena
05:49:04 : Side: vodka: no pongas mas armas 
05:49:37 : Side: vodka: veni esta mochi es la mas grande
05:49:51 : Side: vodka: tira en el piso primero la q tenes
05:49:54 : Side: Viciuz: me la puedo quedar?
05:49:58 : Side: vodka: si 
05:51:30 : Side: Viciuz: nos vamos?
05:51:35 : Side: Viciuz: que es "Bandit Mask"
05:51:36 : Side: Viciuz: ?
05:51:42 : Side: vodka: si
05:52:16 : Side: vodka: cuidado q en el camino ha y2 misiones 
05:52:27 : Side: Viciuz: solo rosare
05:52:29 : Side: Viciuz: tranqui
05:52:57 : Side: Viciuz: 8 mns
05:54:16 : Side: Viciuz: Estás en la camioneta?
05:54:21 : Side: vodka: si
05:55:09 : Side: Viciuz: heli
05:55:19 : Side: vodka: bloqueado ya lo vi antes
05:55:27 : Side: Viciuz: ya fue
05:56:23 : Side: vodka: te gusto la mision ?
05:56:32 : Side: Viciuz: si
05:57:24 : Side: Viciuz: ya fue
05:59:06 : Side: Viciuz: Deslogeamos?
05:59:09 : Side: vodka: si 
05:59:26 : Side: Viciuz: crees que se vayan las armas?
05:59:38 : Side: vodka: yo aca dejo por hoy, no creo 
05:59:44 : Side: Viciuz: vale
05:59:48 : Side: Viciuz: cuidate
05:59:50 : Side: Viciuz: gracias por la ayuda
05:59:55 : Side: Viciuz: descansa
05:59:59 : Side: vodka: vende y compra una safe para ir guardando cosas 
17:05:10 : Side: juandayz: cmoo andan
17:05:42 : Side: vodka: juan como estas ?
17:05:47 : Side: juandayz: bien :)
17:05:52 : Side: juan p: bn
17:07:04 : Side: LarzuK: buenas
17:07:21 : Side: juandayz: hola larz
17:07:38 : Side: LarzuK: che, alguien sabe donde esta alojado el host ?
17:11:45 : Side: LarzuK: che juan
17:11:48 : Side: juandayz: si
17:11:54 : Side: LarzuK: no habra ningun wipe no ?
17:11:59 : Side: juandayz: no
17:11:59 : Side: LarzuK: por ahora ?w
17:12:08 : Side: LarzuK: ok joya
17:12:08 : Side: juandayz: por
17:12:17 : Side: LarzuK: yo para empezar a invitar gente
17:12:28 : Side: juandayz: no ya esta quieto todo
17:12:47 : Side: LarzuK: joya
17:12:57 : Side: LarzuK: tenes idea donde esta alojado el host ?
17:13:12 : Side: juandayz: formosa
17:13:22 : Side: juandayz: la hermosa
17:13:26 : Side: LarzuK: ah , ta, puede ser eso
17:13:49 : Side: LarzuK: igual tengo un internet de mierda,  a veces se corta un cacho
17:14:38 : Side: juandayz: subi
17:14:48 : Direct: juandayz: q te llevo a conocer unos amigs
17:14:56 : Direct: LarzuK: ajjaj
17:15:07 : Direct: LarzuK: soy heroe, va todavia no
17:15:12 : Direct: juandayz: ahi vienen
17:15:39 : Side: LarzuK: ajjaa esta es toda la caravana ?
17:15:51 : Direct: juandayz: jaja la banda de los pibes del trade
17:16:09 : Direct: LarzuK: son 3 locos nomas ?
17:16:14 : Direct: LarzuK: jajaj , los van a moler a tiros
17:16:18 : Direct: juandayz: se pasa q mas ia mas lag
17:16:24 : Direct: juandayz: na son inmortales
17:16:28 : Direct: LarzuK: ah ta , joya
17:16:35 : Direct: LarzuK: el coche tambien ?
17:16:45 : Direct: juandayz: si, le tire un heli ensima y nada
17:17:09 : Direct: juandayz: esta bloqueado
17:17:17 : Direct: juandayz: no se puede abrir 
17:17:27 : Direct: LarzuK: ajajaj piola
17:17:34 : Direct: LarzuK: sino alto transporte
17:17:38 : Direct: juandayz: lo unico q son tontos
17:17:43 : Direct: juandayz: para manejar
17:17:45 : Direct: LarzuK: aunque estaria bueno una especie de colectivo
17:17:55 : Direct: juandayz: pero siempre encuentran la manera de hacer la ruta
17:18:16 : Direct: juandayz: lo q àsa q a mas grande el vehiculo mas torpe para manejar
17:18:30 : Direct: LarzuK: ah , cierto , un colectivo se trabaria en todos lados
17:19:22 : Direct: LarzuK: y despues van a haber algunas patrullas asi ?
17:19:29 : Direct: juandayz: ya llas tengow
17:19:31 : Direct: LarzuK: se va a ver el iconito en el mapa ?
17:19:39 : Direct: juandayz: en el restart aparecen, no sin marca
17:19:49 : Direct: LarzuK: ah , ta bien
17:20:17 : Direct: LarzuK: pero son polentosos o cirujas ?
17:20:27 : Direct: juandayz: son militares
17:20:32 : Direct: juandayz: `potentes
17:20:43 : Direct: juandayz: tropas de erradicacion humana
17:20:46 : Direct: juandayz: :D
17:20:55 : Direct: LarzuK: jajaa , peola
17:21:09 : Direct: juandayz: militar a la par
17:21:14 : Direct: LarzuK: ajaja se pegaron alta vuelta , casi se van ?
17:21:18 : Direct: LarzuK: casi se van
17:21:28 : Direct: juandayz: jajaj si siempre hacen lo mismo en esta parada
17:21:40 : Direct: juandayz: hay uno q le tego q agregar la clase de venta
17:21:47 : Direct: LarzuK: ah este
17:21:57 : Direct: juandayz: si
17:22:01 : Direct: juandayz: el de las armas
17:22:22 : Direct: juandayz: aca comienzan el bucle otra vz de recorrido
17:22:36 : Direct: juandayz: estan 5 min , se suben y se van a laproxima parada
17:22:39 : Direct: LarzuK: hay un chabon que te cobra 800k el plot
17:22:48 : Direct: juandayz: si mas barato
17:22:59 : Direct: juandayz: ese tiene las ofertas
17:23:11 : Direct: LarzuK: no estaba a 80k ?
17:23:15 : Direct: juandayz: 100
17:23:23 : Direct: LarzuK: bueno , este te la cobra a 800
17:23:27 : Direct: LarzuK: ajaj
17:23:46 : Direct: juandayz: loll se me fue un 0
17:23:51 : Direct: juandayz: bien ahi q te diste cuenta
17:24:28 : Direct: LarzuK: jaja ya me parecia raro
17:25:02 : Direct: juandayz: ahi taba viendo, tambien se me fue un cero en la safe
17:26:43 : Direct: juandayz: vamo en este
17:26:48 : Direct: LarzuK: ajjaja alto piquete le hice
17:26:57 : Direct: LarzuK: borra la suv
17:27:02 : Direct: juandayz: se borra solaa
17:27:05 : Direct: LarzuK: ah ok
17:27:21 : Direct: juandayz: tirales
17:27:48 : Direct: LarzuK: ajajaj
17:27:50 : Side: LarzuK: ajajaj
17:34:06 : Side: LarzuK: naa, jaja me habia salido justo
17:35:50 : Direct: juandayz: estas?
17:35:54 : Direct: LarzuK: se
17:36:09 : Direct: juandayz: vamo a asustarle a lalo
17:36:19 : Direct: LarzuK: jajaj dale
17:36:25 : Direct: juandayz: subi
17:36:39 : Direct: LarzuK: ya subi
17:36:46 : Direct: juandayz: :S te veo al costado jaja
17:36:59 : Direct: LarzuK: ajaj cualquiera
17:38:03 : Side: vodka: jaja
17:38:08 : Direct: juandayz: _D
17:38:10 : Direct: LarzuK: hue
17:39:22 : Direct: LarzuK: no , me lo marca con inflarojjo , jjaja
17:39:29 : Direct: LarzuK: si le tiro lo parto
17:39:31 : Direct: juandayz: jaj no lo mates
17:39:38 : Direct: LarzuK: jaja ya se
17:39:44 : Direct: juandayz: alta base lalo
17:39:47 : Side: vodka: vas a poner ese heli?
17:39:50 : Direct: juandayz: nee
17:40:01 : Side: juandayz: naa muy fantasioso
17:40:01 : Side: LarzuK: muy chetado 
17:40:11 : Side: juandayz: parece el de rambo 3
17:40:35 : Side: vodka: jaja si es el mismo
17:40:58 : Side: juandayz: alto cuchitril
17:41:09 : Side: vodka: y maso ,va quedando
17:41:17 : Side: juandayz: para pescar ta bueno
17:41:32 : Side: vodka: haa es verdad 
17:42:23 : Side: juandayz: voy a hacer q pase la carabana de traders por tu rancho
17:42:55 : Side: vodka: jaja ,pasa por el agua y explota todo
17:43:10 : Side: LarzuK: encima que son re mamertos para manejar
17:43:19 : Side: juandayz: jsjs re tontos son
17:43:24 : Side: LarzuK: capaz que te estacionan arriba de tu rancho
17:43:32 : Side: LarzuK: como el milico de ayer , jajaa
17:44:02 : Side: juandayz: lo q descubri es q los vehiculos con traccion prefieren cortar camino y los de ruedas se apegan mas a las rutas
17:45:00 : Side: juandayz: wtk es esto
17:45:02 : Side: vodka: y mejor q anden por la ruta por si se buguea en alguna piedra
17:45:33 : Side: juandayz:  te lo dejo por aca lalo
17:45:37 : Side: LarzuK: jjaja se le puede guardar plata adentro
17:45:40 : Side: juandayz: guarda q no te explote jajaja
17:45:47 : Side: vodka: se puede sibir 
17:45:51 : Side: juandayz: si
17:46:00 : Side: LarzuK: ajaja
17:46:08 : Side: LarzuK: cualquiera , desaparece el chabon
17:46:29 : Side: juandayz: subile
17:46:52 : Side: LarzuK: jajaja esto si lo tennes que poner al trader
17:46:55 : Side: LarzuK: ajajaj re crapero
17:47:05 : Side: juandayz: jajaj con esto lo voy a matar a juan pedro
17:47:10 : Side: LarzuK: y no es tan polenta el arma , es un pkt
17:47:33 : Side: LarzuK: ajjaja agregalo juan
17:47:38 : Side: LarzuK: esta mortal
17:47:40 : Side: juandayz: jajaja tengo q ver como
17:47:48 : Side: LarzuK: ah , cierto que esta como baneado 
17:47:55 : Side: LarzuK: como el btr
17:49:56 : Side: LarzuK: rescatando al soldado rayan
17:50:00 : Side: LarzuK: uh
17:50:03 : Side: LarzuK: ajja
17:52:41 : Side: LarzuK: che como se cambiaba de arma ? jaja
17:52:45 : Side: juandayz: f
17:52:50 : Side: juandayz: re bombardero este
17:53:32 : Side: LarzuK: aguaaantaaaaaaaa
17:54:28 : Side: juandayz: me hize concha
17:55:08 : Side: LarzuK: que manco
17:55:17 : Side: LarzuK: 5 bombas y ninguna le pego a lamansion del gov
17:55:21 : Side: juandayz: jaaja
17:57:22 : Side: LarzuK: hice halo jump y me meti de nuevo al avion , jajaja
17:57:31 : Side: juandayz: jajaj
17:57:53 : Side: LarzuK: pero fue sin querer no se que hizo
17:58:31 : Side: LarzuK: a la mierda ,ahi lo largue
17:58:33 : Side: LarzuK: ajaja
17:58:54 : Side: juandayz: un re fuegfo dejaset en la mision _D
17:59:05 : Side: LarzuK: ajja , uh , un minuto
17:59:10 : Side: LarzuK: y esto en el aire
18:11:16 : Side: juandayz: hola winters
18:11:27 : Side: Winters: hola
18:11:55 : Side: juandayz: q haces desmayado :D
18:12:02 : Side: Winters: no se apareci asi
18:15:48 : Side: juandayz: guarda q arranco la patrulla larz
18:16:02 : Side: LarzuK: que vehiculo es ?
18:16:09 : Side: juandayz: andan en la zona noroeste, por los alrededores de bash
18:16:39 : Side: juandayz: es un camion de suministros y unos 10 de infanteria caminando al costado del camion
18:16:52 : Side: Winters: sirve para sacarles cosas?
18:16:57 : Side: LarzuK: ah , entonces se los puede ver
18:17:11 : Side: LarzuK: tiene algo el camion ?
18:17:13 : Side: juandayz: si, van hacia donde vos estas llendo
18:17:36 : Side: juandayz: ahi te marque por donde deberian entrar supuestamente
18:17:39 : Side: juandayz: al airfield
18:18:09 : Side: LarzuK: ah ta
18:18:33 : Side: LarzuK: menos mal que estoy lejos
18:21:41 : Side: LarzuK: che juan
18:24:34 : Side: LarzuK: juan
22:20:30 : Side: juandayz: hay una patrulla de soldados buscando gente para matar
22:20:47 : Side: juan p: donde
22:20:55 : Side: juan p: cuantos vienen
22:21:04 : Side: juandayz: almenos 10 con un camion
22:21:21 : Side: juan p: y la carcel 
22:21:21 : Side: juandayz: en el noroeste, opatrullan la zona del airfield
22:21:47 : Side: juandayz: te traigo
22:21:51 : Side: juandayz: asi los vers
22:21:54 : Side: juandayz: escondete
22:22:04 : Side: juan p: ok
22:22:18 : Side: juandayz: atras tuyo
22:24:03 : Side: juandayz: aya va el camion
22:24:19 : Side: juan p: desaparesen
22:24:37 : Side: juandayz: ne, estas lageado vos capaz :_D
22:28:31 : Side: juandayz: arma tu bici
22:28:37 : Side: juandayz: estan en el airfield
22:28:56 : Side: juan p: no tengo caja
