00:15:30 : Direct: ADM: hello
00:15:39 : Direct: LarzuK: hola
00:15:42 : Direct: LarzuK: donde estas ?
00:16:03 : Direct: ADM: cuales
00:16:03 : Direct: LarzuK: ah , ahi te veo
00:16:10 : Direct: LarzuK: jaja tengo que sacar banda
00:16:27 : Direct: LarzuK: ves toda esta parte del semicirculo ?
00:16:45 : Direct: ADM: cinder?
00:16:45 : Direct: LarzuK: paredes y techo
00:17:39 : Direct: ADM: las de abajo tmbien?
00:17:44 : Direct: LarzuK: se
00:17:53 : Direct: ADM: meti el walk zombie
00:17:57 : Direct: LarzuK: la puta madre con el limite de objetos de 30 metros
00:17:58 : Direct: ADM: demacado verga es
00:18:12 : Direct: LarzuK: ajajaj no se porque le pusieron eso los que hicieron el mod
00:18:31 : Direct: ADM: hay q ver si se puede alternar
00:18:38 : Direct: ADM: le pasas al lado y no hacen naa
00:19:23 : Direct: ADM: dispara donde
00:20:43 : Direct: ADM: mejore un toque los puestos de control
00:20:52 : Direct: LarzuK: que les pusiste ?
00:20:58 : Direct: ADM: los adorne con la sirena cuando pasas
00:21:11 : Direct: ADM: y un perro q te ladra :D
00:21:13 : Direct: LarzuK: suena una alarma o algo ?
00:21:16 : Direct: LarzuK: ajaj
00:21:16 : Direct: ADM: si
00:21:25 : Direct: LarzuK: este tambien
00:21:28 : Direct: ADM: en la comuna menonita , hay un cura cantandos
00:22:08 : Direct: LarzuK: rambo , ajja
00:22:22 : Direct: LarzuK: tenes que pasar a las chapas
00:22:28 : Direct: LarzuK: estos tambiena
00:22:38 : Direct: LarzuK: bue ,ajjaa
00:22:50 : Direct: ADM: los q sobresalen?
00:22:56 : Direct: LarzuK: se
00:23:35 : Direct: LarzuK: esta de aca tambien
00:23:43 : Direct: LarzuK: bastante rompebolas
00:23:55 : Direct: ADM: necesitas a un albañil mas q un adm :
00:24:00 : Direct: LarzuK: jajajaj
00:24:03 : Direct: LarzuK: se , de una
00:24:06 : Direct: ADM: :P
00:24:09 : Direct: LarzuK: me quise hacer el arquitecto
00:24:18 : Direct: LarzuK: y me re olvide del limite este de 30 metros 
00:24:32 : Direct: LarzuK: me olvide que en el epoch hay que ser practicos nomas
00:24:42 : Direct: ADM: tiene cimimiento y todo
00:24:58 : Direct: LarzuK: sino te la buguean
00:25:51 : Direct: LarzuK: da
00:25:58 : Direct: LarzuK: podes creer que me sigue diciendo el mensaje ?
00:26:14 : Direct: LarzuK: fijate
00:26:14 : Direct: ADM: tenes 2 plots no?
00:26:21 : Direct: LarzuK: nope , 1 solo
00:26:36 : Direct: LarzuK: lo que pasa es que lo saque y lo volvi a poner , para corregir
00:27:09 : Direct: LarzuK: daa que pija
00:27:31 : Direct: LarzuK: esta aca el plot
00:31:28 : Direct: ADM: te deja?
00:31:35 : Direct: LarzuK: ajaaj no
00:31:47 : Direct: LarzuK: me sigue tirando el mismo cartel 
00:32:04 : Direct: ADM: mmm y probaste sacando el plot?
00:32:55 : Direct: ADM: yo me acuerdo en el sobreviventes nos habia pasado q llegabas al limite, y tenias q borrar una banda como para recuperar
00:33:03 : Direct: ADM: no se si sera bug del juego o qu
00:33:17 : Direct: ADM: de todas maneras se puede setear para q alberge mas objetos
00:33:19 : Direct: LarzuK: fuck
00:34:05 : Direct: ADM: yo q vos hago otra :D
00:34:17 : Direct: LarzuK: una lastima , ya borramos como la tercera parte de la base
00:34:29 : Direct: LarzuK: y todavia sigue diciendo lo mismo
00:34:31 : Direct: LarzuK: jaja
00:34:40 : Direct: ADM: es q te va a pasar eso hasta un punto
00:34:52 : Direct: ADM: nos habia pasado lo mismo en el brazuca
00:35:29 : Direct: ADM: qeres q te borre?
00:35:35 : Direct: ADM: te paso los ladrillos
00:35:44 : Direct: LarzuK: se puede borrar
00:35:46 : Direct: LarzuK: emm
00:35:55 : Direct: LarzuK: banca , la parte de afuera
00:35:58 : Direct: LarzuK: o sea 
00:36:02 : Direct: LarzuK: te muestro
00:36:06 : Direct: ADM: hasta las escaleras?
00:36:14 : Direct: LarzuK: se 
00:36:22 : Direct: LarzuK: podrias dejar estas dos piecitas nomas
00:36:46 : Direct: ADM: ok esto te lo saco
00:36:56 : Direct: LarzuK: se
00:38:45 : Direct: LarzuK: ajaja que fastidio
00:38:48 : Direct: ADM: guarda el heli
00:38:56 : Direct: LarzuK: ah si , ajja
00:39:24 : Direct: LarzuK: esa caida buguera 
00:39:29 : Direct: ADM: :D
00:41:05 : Direct: LarzuK: me estoy re cagado
00:41:08 : Direct: LarzuK: cagando
00:41:10 : Direct: LarzuK: ya vengo
00:41:29 : Direct: ADM: da la reestriccion
00:41:40 : Direct: LarzuK: que cosa ?d
00:41:48 : Direct: ADM: too many obj
00:42:07 : Direct: LarzuK: vengo en 5
00:49:32 : Direct: ADM: recien ahora me deja
00:49:44 : Direct: LarzuK: apareci quebrado , ajja
00:50:13 : Direct: LarzuK: ahora si deja ?sa
00:50:16 : Direct: ADM: si
00:50:50 : Direct: LarzuK: je
00:54:20 : Direct: ADM: en la carpa te deje cosas
00:54:45 : Direct: LarzuK: uhh graciela
00:54:52 : Direct: ADM: yo q vos saco la casita para el plot
00:54:59 : Direct: ADM: te eocupa lugar al pedo
00:55:13 : Direct: LarzuK: esta ? si
00:55:44 : Direct: ADM: te ayudo?
00:56:00 : Direct: LarzuK: ah dale
00:56:39 : Direct: LarzuK: que atrevido
00:56:44 : Direct: LarzuK: ajaja de donde salio ese
00:56:54 : Direct: ADM: jaajaj no se
00:57:02 : Direct: ADM: pero son re inofensivos
00:57:10 : Direct: ADM: los podes usar de gatitos
00:57:34 : Direct: LarzuK: habia un mod que te dejaba ponerlos en un mionca
00:57:44 : Direct: ADM: le agregue la guia de las areas de trabajo al libro
00:57:58 : Direct: LarzuK: ibas y se los largabas en la base a otro chabon
00:58:02 : Direct: LarzuK: ajaj
00:58:06 : Direct: ADM: genial :D
00:58:18 : Direct: LarzuK: guia de las areas de trabajo ? como es eso ?
00:58:30 : Direct: ADM: tenes el libro?
00:58:48 : Direct: LarzuK: lo tenia recien ,se desaparecio 
00:59:13 : Direct: LarzuK: ah si , ahi esta
00:59:28 : Direct: LarzuK: asi se evitan preguntar cada dos segundos
00:59:30 : Direct: LarzuK: ajaj
00:59:32 : Direct: ADM: casi q hago un cierre del mapa de punta a punta :D
00:59:43 : Direct: ADM: tipo frontera USA MEX
00:59:57 : Direct: ADM: pero demaciado trabajo para hacerlo de a 1
01:00:10 : Direct: LarzuK: mmm , ocuparia mucho espacio igual 
01:00:22 : Direct: LarzuK: digo , muchos objetos
01:00:53 : Direct: ADM: no se , por ahi 200kb como mucho
01:01:18 : Direct: ADM: todos los trades juntos pesan 60kb mas o menos
01:01:25 : Direct: LarzuK: la zona con radiacion estaria copada
01:01:33 : Direct: LarzuK: darle algo ahi
01:01:44 : Direct: ADM: hay loot
01:01:55 : Direct: ADM: en una de esas una caja de armas
01:01:56 : Direct: LarzuK: ponerle un par de bots con los skins esos de astronauta
01:02:33 : Direct: ADM: ondaa adornalma mas... si estaria re buenooo
01:02:34 : Direct: LarzuK: ah cierto , es la que esta en stary, no ?
01:02:38 : Direct: ADM: si
01:02:53 : Direct: ADM: es lo mismo q radiacion, pero es infeccion :D
01:03:03 : Direct: LarzuK: ponerle una cosa media laberintica, que haya que pasar agachado o algo , que cueste tiempo entrar
01:04:48 : Direct: ADM: la q estube pensando de inventar es el sensor de movimiento en base
01:04:55 : Direct: ADM: creo q es posible hacerla
01:05:08 : Direct: LarzuK: que te avisa si pasa alguien ?
01:05:11 : Direct: ADM: osea tirar una alarma de sonido cuando entra un ajeno al plot
01:05:28 : Direct: ADM: pero asociarla a algun objeto
01:05:39 : Direct: LarzuK: a bue , me sigue diciendo to many objects
01:05:45 : Direct: LarzuK: ajjaja
01:05:54 : Direct: LarzuK: me parece que la voy a cambiar de lugar a la base
01:06:15 : Direct: ADM: aguanta al reinicio si no
01:06:23 : Direct: LarzuK: ah ok
01:06:26 : Direct: ADM: capaz q te toma los cambios la verda no se
01:06:31 : Direct: LarzuK: ah
01:06:41 : Direct: ADM: aunque recien me los tomo a mi
01:06:41 : Direct: LarzuK: la ultima , me borras la escalera esta
01:07:37 : Direct: ADM: te decia. construir un megafono y una laptop o algo, y activar la alarma por proximidad a esos artefactos
01:07:42 : Direct: ADM: eso es facil
01:08:02 : Direct: LarzuK: se , eso estaria copado
01:08:12 : Direct: LarzuK: habia un plugin que podias poner como una camara
01:08:16 : Direct: LarzuK: en tu base
01:08:30 : Direct: LarzuK: agarrabas la laptop y podias mirar
01:08:43 : Direct: ADM: lo dificil seria asociar las ids friendlys del plot y las no friendly para q suene
01:08:47 : Direct: ADM: eso esta bueno
01:09:02 : Direct: ADM: por ahi se puede armar lo q yo digo usando algo de eso
01:09:31 : Direct: ADM: bueno me salgo
01:09:43 : Direct: LarzuK: y el tema del plot tiene limite hacia arriba ?
01:09:48 : Direct: ADM: si
01:09:53 : Direct: LarzuK: cuantos metros ?
01:09:58 : Direct: LarzuK: 30 ? 
01:09:59 : Direct: ADM: podes meter otro hacia arriba, no se la verdad
01:10:08 : Direct: LarzuK: ah ta
01:10:28 : Direct: LarzuK: bueno , mañana vere que pasa
01:10:31 : Direct: LarzuK: jaja 
01:10:37 : Direct: LarzuK: sino me hago otra aca cerquita
01:10:42 : Direct: LarzuK: y fue
01:10:45 : Direct: LarzuK: jaja
01:10:59 : Direct: LarzuK: me voy a dormir , mañana tengo que madrugar , nos vemos che
01:11:58 : Direct: Alan: juan
01:12:04 : Direct: ADM: si
01:12:11 : Direct: Alan: como
01:12:13 : Direct: Alan: q es eso
01:12:16 : Direct: Alan: y como lo crafteo
01:12:22 : Direct: Alan: dice 0 mision de q se yo
01:12:28 : Direct: Alan: tengo el cuchillo y la tabla
01:12:31 : Direct: ADM: click derecho
01:12:38 : Direct: Alan: si pero mira
01:12:39 : Direct: ADM: q queres craftear?
01:12:46 : Direct: Alan: eso es un skin verdad ?
01:12:49 : Direct: ADM: no
01:12:53 : Direct: Alan: lo saque de una mision
01:13:00 : Direct: ADM: es una especie de tela
01:13:19 : Direct: ADM: sirve para hacer carpas, toldos, etc
01:13:24 : Direct: Alan: ahh
01:13:33 : Direct: Alan: mira
01:13:39 : Direct: ADM: dale click derecho
01:13:46 : Direct: ADM: y te dice lo q podes hacer
01:13:56 : Direct: Alan: 0 complete, missing 1 more of canvas me dice
01:13:58 : Direct: ADM: y materiales necesitas
01:14:05 : Direct: ADM: te falta 1 mas
01:14:12 : Direct: ADM: para lo q qeres hacer
01:14:21 : Direct: Alan: no nada, pense q era un skin
01:14:27 : Direct: Alan: mira otra cosita
01:14:29 : Direct: Alan: vente
01:14:41 : Direct: ADM: prestame
01:15:43 : Direct: ADM: ahi te puse en la mochi
01:15:44 : Direct: ADM: q mas
01:15:47 : Direct: Alan: vente
01:16:17 : Direct: Alan: ese lock
01:16:23 : Direct: Alan: no me dio la contraseña
01:16:32 : Direct: ADM: te la da sobre q lo pones
01:16:36 : Direct: ADM: tenes cosas adentro?
01:16:42 : Direct: Alan: no por q apenas lo puse
01:16:47 : Direct: Alan: no me dio ninguna la contraseña
01:16:53 : Direct: ADM: ok, no te dice PACK en rojo?
01:17:04 : Direct: Alan: no
01:17:34 : Direct: ADM: fijate si lo podes enpacar
01:17:48 : Direct: Alan: me dice re-enter combination
01:17:50 : Direct: Alan: eso es ?
01:18:01 : Direct: ADM: no, pack lockbox
01:18:17 : Direct: Alan: no
01:18:19 : Direct: Alan: me dice
01:18:23 : Direct: Alan: re enter combination
01:18:25 : Direct: Alan: en el packbox
01:18:35 : Direct: Alan: 046 ponele
01:18:37 : Direct: Alan: de contraseña
01:18:44 : Direct: ADM: no podes elegir
01:18:50 : Direct: ADM: te la da el juego cuando la pones
01:18:55 : Direct: Alan: ah
01:19:51 : Direct: ADM: agarra y ponelo
01:20:26 : Direct: ADM: anota la pass
01:20:40 : Direct: Alan: blue31
01:21:03 : Direct: ADM: ahora apretas Color Azul. escribi 31 y le das al numeral #
01:21:53 : Direct: Alan: dale genio
01:21:57 : Direct: Alan: otro fgraciass
19:59:30 : Direct: sRulo: hoola
19:59:39 : Direct: Alan: hola rulo
20:05:59 : Direct: sRulo: me puedo llevar la suv o la van a usar?
20:07:40 : Direct: sRulo: che me puedo llevar la suv entoncs?
20:07:47 : Direct: Alan: se
20:07:51 : Direct: sRulo: grax
20:07:54 : Direct: Alan: de nada 
20:08:23 : Direct: sRulo: si bldo tien la mochi y un par de boludeces era la mia jaja
20:08:32 : Direct: Alan: xd
20:08:34 : Direct: sRulo: todo vuelve(? jaja
20:08:35 : Direct: Azrael1x: aHHHH
20:08:46 : Direct: Azrael1x: TENGO TU G 36 TE LA DEJO ACA xd
20:08:54 : Direct: sRulo: na dejatela
20:08:55 : Direct: sRulo: jaja
20:11:39 : Direct: Alan: ven mira
20:11:44 : Direct: Alan: este
20:11:47 : Direct: Alan: es del dueño del sv xd
20:11:59 : Direct: Alan: esta 
20:12:02 : Direct: Alan: es mi chosita jajaja
20:12:05 : Direct: Alan: una pobresa
20:12:28 : Direct: Alan: sii me lo elijio
23:56:51 : Direct: Azrael1x: YO
