00:12:20 : Direct: Nikyta: perdi todo !!! jajaj
00:12:29 : Direct: ChukyN: yo culpo a juan
00:12:38 : Direct: ChukyN: q perdiste
00:12:41 : Direct: Nikyta: juan no esta !!!
00:12:58 : Direct: Nikyta: la mochila de 50 la motosierra y las herramientas 
00:13:03 : Direct: ChukyN: ok
00:13:06 : Direct: Nikyta: jajaj te parece poco jajaj
00:16:29 : Direct: ChukyN: las herramientas manejateee
00:16:55 : Direct: Nikyta: jajaja bueno gracias 
00:17:08 : Direct: ChukyN: tenes cuidado con... las bombas
00:17:19 : Direct: Nikyta: jjajajaja que gracioso
00:50:07 : Direct: Jej0x |Aspirante|: HEY DUDE
00:50:20 : Direct: Jej0x |Aspirante|: EU APPA
00:50:26 : Direct: Jej0x |Aspirante|: PAPA
00:50:34 : Direct: Jej0x |Aspirante|: ME TIRAS UNOS PESOS PARA UNA SAFE?
00:50:55 : Direct: [WG] SnakeGeneral: dondes vendo la municios del M240
00:50:59 : Direct: Jej0x |Aspirante|: GIVE ME CASH FOR BUY A SAFE PLEASE
00:51:09 : Direct: Jej0x |Aspirante|: EN EL CAMPAMENTO HIPPIE
00:51:27 : Direct: Jej0x |Aspirante|: GIVE ME 30000 MONEY PLEASE
00:51:29 : Direct: hitziquer: juga a la ruleta rusa, sino te mata te da 1 brief
00:51:34 : Direct: Jej0x |Aspirante|: I NEED FOR BUY A SAFE
00:51:44 : Direct: Jej0x |Aspirante|: PORFA
00:51:46 : Direct: Jej0x |Aspirante|: NO QUIERO MORIR
00:51:52 : Direct: Jej0x |Aspirante|: S PARA COMPRAR UNA SAFE
00:51:53 : Direct: hitziquer: jajaja no pasa nada
00:51:56 : Direct: Jej0x |Aspirante|: ASI GUARDO COSAS
00:51:56 : Direct: [WG] SnakeGeneral: yo dei a tu 100m
00:52:07 : Direct: Jej0x |Aspirante|: NO SON MALOS USTEDES NO?
00:52:10 : Direct: [WG] SnakeGeneral: lo preço de la sage
00:52:12 : Direct: hitziquer: si moris respawneas en gorka
00:52:14 : Direct: Jej0x |Aspirante|: SON BUENITOS?
00:52:16 : Direct: [WG] SnakeGeneral: safe
00:52:18 : Direct: hitziquer: aca si
00:52:22 : Direct: Jej0x |Aspirante|: NO MATAN?
00:52:23 : Direct: hitziquer: en las misiones no xd
00:52:30 : Direct: Jej0x |Aspirante|: USTEDES DIGO
00:52:34 : Direct: hitziquer: se
00:52:35 : Direct: [WG] SnakeGeneral: buy safe man
00:52:38 : Direct: Jej0x |Aspirante|: SON SURRENDER O BANDIDOS?
00:55:30 : Direct: hitziquer: helis
00:55:38 : Direct: Jej0x |Aspirante|: eu
00:55:41 : Direct: hitziquer: este vende autos veni
00:55:44 : Direct: Jej0x |Aspirante|: me tiras unos pesos?
00:56:09 : Direct: Jej0x |Aspirante|: me das unos pesos?
00:56:10 : Direct: hitziquer: juga a la ruleta no seas cagon xd
00:56:16 : Direct: hitziquer: es raro que te mate
00:56:18 : Direct: Jej0x |Aspirante|: pero no quiero morir
00:56:34 : Direct: hitziquer: aca veni
00:59:29 : Direct: [WG] SnakeGeneral: ele é muito QQ mano namoral
00:59:48 : Direct: [WG] SnakeGeneral: falando aki so pra ele num ler lar
02:32:31 : Direct: Leodagos: hola
02:32:36 : Direct: Leodagos: lindo carro
02:32:40 : Direct: Jej0x |Aspirante|: eu
02:32:44 : Direct: [WG] SnakeGeneral: vlw
02:32:47 : Direct: Jej0x |Aspirante|: voce eu a bandido?
02:32:56 : Direct: Leodagos: cuanta defensa tiene ese vehiculo ?
02:32:56 : Direct: [WG] SnakeGeneral: so
02:33:05 : Direct: Jej0x |Aspirante|: eu voce e bandido malo?
02:33:39 : Direct: Leodagos: /karate
02:38:32 : Direct: Jej0x |Aspirante|: eu ameow
02:38:44 : Direct: Jej0x |Aspirante|: eu voce bandido malo o bono?
02:38:53 : Direct: Jej0x |Aspirante|: sos malo o sos bueno
02:50:04 : Direct: Leodagos: che veni
02:50:07 : Direct: Leodagos: subite al heli
13:16:44 : Direct: adm#2: este
13:16:50 : Direct: adm#2: es el mercdo central
16:28:17 : Direct: adm#2: vende droga q sos
16:28:36 : Direct: Nikyta: jajajajaja
16:29:04 : Direct: adm#2: por q no usas la compra avanzada y vendes todo de una sola vez :S
16:29:26 : Direct: Nikyta: jajaj por que no lo sabia jaja
16:29:32 : Direct: adm#2: :D
16:30:40 : Direct: Nikyta: chuky o juan ? jaja
16:30:48 : Direct: adm#2: ramon
16:30:55 : Direct: Nikyta: jajajaj
18:12:47 : Direct: Nikyta: que fue lo que me dijo ??
18:27:59 : Direct: adm#2: hola
18:28:24 : Direct: adm#2: whats wrong whit the safe?
18:29:13 : Direct: Cloudsp: we alredy fixed that, we cut the three
18:29:14 : Direct: [WG] SnakeGeneral: my veicules and 250m safe disipade
18:30:48 : Direct: Cloudsp: adm 2?
18:30:51 : Direct: adm#2: a chopper and ural? 
18:31:28 : Direct: [WG] SnakeGeneral: utility cargo
18:31:41 : Direct: [WG] SnakeGeneral: 1 heli militar HI JP
18:33:00 : Direct: Cloudsp: we lost 3.... a chopper, a utilty and the last armor car
18:33:02 : Direct: [WG] SnakeGeneral: uno bliade veiculo for bandit 2 pkp
18:33:11 : Direct: adm#2: keys into vehicles
18:34:21 : Direct: Cloudsp: adm are u here?
18:34:26 : Direct: adm#2: yep
18:35:00 : Direct: [WG] SnakeGeneral: last veicule is bandite trade have 2 pkp in car
18:35:13 : Direct: Cloudsp: we lost a amored vehicle, we 2 mini guns on top.... we dont remember the name
18:36:20 : Direct: Cloudsp: yes, that one.!!!! tks
18:36:40 : Direct: Cloudsp: tks :)
18:36:43 : Direct: adm#2: please, dont leave this vehicles around the trade , next time
18:36:46 : Direct: adm#2: :)
18:37:11 : Direct: adm#2: bye guys
18:37:22 : Direct: [WG] SnakeGeneral: thxs
23:30:11 : Direct: Cloudsp: hello
23:33:18 : Direct: Fravilml: hola
23:33:20 : Direct: Fravilml: hi :3
