03:53:32 : Group: Jej0x |Aspirante|: ahi ta
03:53:39 : Group: Jej0x |Aspirante|: subite
03:53:45 : Group: Jej0x |Aspirante|: vamos a guardar unas cositas
03:54:06 : Group: painful: hacer la mision pinta che
03:54:10 : Group: Jej0x |Aspirante|: sese para
03:54:14 : Group: Jej0x |Aspirante|: que guardo las llaves
03:54:50 : Group: Jej0x |Aspirante|: necesitamos alejarnos 900metros para construir asi pongo la caja y guardamos lo que no quieras perderw
03:55:03 : Group: painful: ta todo bien
03:55:38 : Group: Jej0x |Aspirante|: que queres guardar?
03:55:49 : Group: Jej0x |Aspirante|: tenemos que alejarnos mas
03:56:03 : Group: painful: yo nada amigo
03:56:07 : Group: painful: por ahora nada
03:56:31 : Group: painful: nos cagaron
03:56:43 : Group: Jej0x |Aspirante|: hacemos otraw
03:56:46 : Group: painful: se
03:57:30 : Group: painful: estamos a 600 metros recien
03:57:34 : Group: painful: mas adelante
03:57:46 : Group: painful: materiales para la construccion
03:57:59 : Group: painful: digo 
03:58:00 : Group: Jej0x |Aspirante|: dale
03:58:11 : Group: painful: arriba
03:58:26 : Group: painful: en el airport
03:58:27 : Group: painful: pinta
03:58:29 : Group: Jej0x |Aspirante|: mas lejos todabia tenemos que ir
03:58:37 : Group: painful: 400 metros mas lejos
03:58:40 : Group: painful: yo te aviso
03:58:50 : Group: painful: che tenes ts o algo asi ?
03:58:54 : Group: Jej0x |Aspirante|: sew
03:59:07 : Group: Jej0x |Aspirante|: cuanto falta?
03:59:11 : Group: painful: 200
03:59:21 : Group: painful: aca ya esta bien
03:59:35 : Group: Jej0x |Aspirante|: la meto en los troncos
03:59:41 : Group: painful: estamos a 1060 m
04:00:14 : Group: Jej0x |Aspirante|: no queres guardar nada? seguro? yo voy a guardar las llaves del heli
04:01:22 : Group: painful: pasa ts
04:01:28 : Group: painful: tengo que desconectar 2 segundos
04:01:50 : Group: Jej0x |Aspirante|: listo me guarde las cordenadas
04:01:54 : Group: Jej0x |Aspirante|: te espero
04:02:00 : Group: painful: toma
04:02:03 : Group: painful: guarda esto
04:02:29 : Group: Jej0x |Aspirante|: nada mas?
04:03:34 : Group: Jej0x |Aspirante|: nada mas?
04:03:35 : Group: painful: no
04:03:38 : Group: painful: por ahora no amigo
04:03:54 : Group: Jej0x |Aspirante|: despues de hacer la mision ponemos lo que nos sobre de armas,etc aca
04:03:59 : Group: Jej0x |Aspirante|: asi empezamos a construir
04:04:09 : Group: painful: se
04:04:11 : Group: Jej0x |Aspirante|: necesitamos 100000 para comprar un plot
04:04:19 : Group: painful: de ultima
04:04:23 : Group: painful: recolectamos armas poderosas
04:04:26 : Group: painful: y las gitaneamos
04:04:32 : Group: Jej0x |Aspirante|: o cosechamos marijuana
04:04:36 : Group: painful: gg 
04:04:38 : Group: Jej0x |Aspirante|: sos de argentina?
04:04:38 : Group: painful: ajaj
04:04:41 : Group: painful: se
04:04:47 : Group: Jej0x |Aspirante|: que parte?
04:04:55 : Group: painful: viemda, rio negro
04:04:59 : Group: Jej0x |Aspirante|: ah
04:05:01 : Group: painful: vos ?
04:05:03 : Group: Jej0x |Aspirante|: vamos?
04:05:08 : Group: Jej0x |Aspirante|: buenos aires berazategui
04:05:11 : Group: painful: reconecto
04:05:14 : Group: painful: aguantame
04:05:17 : Group: Jej0x |Aspirante|: te espero aca
04:05:27 : Group: painful:  paso ts ?
04:05:33 : Group: Jej0x |Aspirante|: entra al ts del server
04:05:41 : Group: Jej0x |Aspirante|: tenes la ip en estadisticas
04:05:49 : Group: painful: en el grupo de fb igual
04:05:54 : Group: painful: ponele de nombre
04:06:00 : Group: painful: 1234 o algo asi
04:06:03 : Group: painful: para saber quien sos
04:20:05 : Group: Jej0x |Aspirante|: se me escucha?
04:20:25 : Group: Jej0x |Aspirante|: no se que le pinta
04:20:29 : Group: Jej0x |Aspirante|: vos habla yo te esuchco
04:20:46 : Group: Jej0x |Aspirante|: cuando estoy adentro del arma no me anda ela pretar boton para hablar
04:20:49 : Group: Jej0x |Aspirante|: para que lo desactivo
05:30:20 : Group: Jej0x |Aspirante|: go to your contryw
06:20:16 : Group: painful: te caiste
06:20:54 : Group: Jej0x |Aspirante|: que se cayo?
06:21:02 : Group: painful: el ts
06:21:06 : Group: Jej0x |Aspirante|: ahi entro
06:22:30 : Group: painful: ya vendi todo
06:22:35 : Group: painful: tengo 42,300 pe
