01:37:15 : Side: reconnect: q mentira
01:57:03 : Side: Ivan: BUENAS!
04:04:24 : Side: edgar: lol
04:04:28 : Side: edgar: jaja
04:04:36 : Side: Pampita: :D
04:05:35 : Side: edgar: casi me matan
04:05:51 : Side: edgar: sabia que algo iba a pasar
04:06:15 : Side: Pampita: La idea era nockearte cuando tenias la puerta abierta, mission fail, asi que me voy
13:27:41 : Side: Mauricio Macri: Hola, vengo a privatizarte el servidor
13:28:38 : Side: juandayz: jajajaaj lo mismmo q te lo robes como hizo la anterior
13:28:40 : Side: juandayz: che
13:28:45 : Side: Mauricio Macri: kappita
13:28:48 : Side: Mauricio Macri: si papu
13:28:50 : Side: Mauricio Macri: como andamo?
13:28:54 : Side: juandayz: le puse una comunidad hippie
13:29:09 : Side: Mauricio Macri: fuman marihuana venden artesanias y te lavan los vidrios?
13:29:18 : Side: juandayz: planta porro
13:29:27 : Side: juandayz: y lo podes vender o fumar
13:29:42 : Side: Mauricio Macri: oh por dios, como que lo podes fumar
13:29:47 : Side: juandayz: si
13:29:49 : Side: juandayz: veni
13:31:21 : Side: juandayz: transportate al mercado
13:31:27 : Side: juandayz: q te doy el porro
13:31:36 : Side: Mauricio Macri: la fafa
13:31:40 : Side: Mauricio Macri: serias como mariano(?
13:32:01 : Side: juandayz: una tuca no mas me queda
13:32:07 : Side: juandayz: pero pega copado
13:32:24 : Side: Mauricio Macri: ahi bajo con todo
13:32:28 : Side: juandayz: te vn a cagar  tiros
13:32:36 : Side: juandayz: en la comunidad
13:32:53 : Side: juandayz: -al mercado central gaby
13:33:03 : Side: Mauricio Macri: ah, buen punto
13:33:12 : Side: juandayz: en stary no hay mercado :D
13:33:19 : Side: juandayz: aca
13:33:51 : Side: juandayz: agarra
13:34:04 : Side: juandayz: y hacele click derecho
13:34:29 : Side: Mauricio Macri: arrancar?
13:34:34 : Side: juandayz: se
13:34:43 : Side: Mauricio Macri: hasta senti el olor y todo
13:34:54 : Side: juandayz: aja
13:54:17 : Side: Viciopata-.: Qué onda?
13:55:59 : Side: Viciopata-.: Mauri:3
13:56:37 : Side: Viciopata-.: Che mauri, te quería felicitar por la conferencia de ayer..
13:56:41 : Side: Mauricio Macri: te voy a privatizar el steam
13:56:52 : Side: Viciopata-.: (?
13:57:10 : Side: Mauricio Macri: Muchas gracias, una lastima que los de izquierda hayan quemado la bandera de Estados unido
13:57:23 : Side: Mauricio Macri: mientras que las de china y rusia se hayan alabado 
13:57:25 : Side: Viciopata-.: Con que correntino eh? xD
13:57:37 : Side: Mauricio Macri: No(?
13:57:50 : Side: Viciopata-.: Jajajaj
13:57:59 : Side: Viciopata-.: Te revise el Steam :3
13:58:09 : Side: Viciopata-.: David eras(?
13:58:39 : Side: Mauricio Macri: no me stalkees putita(? ah
13:58:54 : Side: Viciopata-.: Hacia banda que no te veía -.- dónde andabas?
13:59:06 : Side: Mauricio Macri: siempre estuve, nunca me veian nomas xD
13:59:29 : Side: Mauricio Macri: ba, me veian, me puteaban, me mataron los mate, y asi
13:59:51 : Side: Mauricio Macri: antes de ayer creo que fue que nos puteamos un rato vos y yo
14:01:37 : Side: Viciopata-.: Marihuana plz*
14:02:12 : Side: Mauricio Macri: que lindo que la mision mas cercana te quede a 3km
14:04:00 : Side: Viciopata-.: NO TENGO UN PUTO CUCHILLO QUE PIJA 
14:04:05 : Side: Viciopata-.: No puedo construir :c
14:04:11 : Side: Mauricio Macri: vos queres fafa
14:04:26 : Side: Viciopata-.: Estoy haciendome la base pt
14:04:53 : Side: Mauricio Macri: volar a 3 mts de altura del piso para que no me shuteen
14:04:55 : Side: Mauricio Macri: seee la base
14:05:07 : Side: Mauricio Macri: alta pasta te estas haciendo
14:05:13 : Side: Mauricio Macri: se va a llenar de droga el sv(?
14:05:23 : Side: Viciopata-.: Bldo juan no me arreglaste el heli que me rompiste hno
14:12:19 : Side: juandayz: pongo el mod del porro y aparece davi :P
14:12:24 : Side: Mauricio Macri: que te salte un error
14:12:29 : Side: Mauricio Macri: cuando te cagan a tiros
14:12:31 : Side: Mauricio Macri: re lindo
14:12:39 : Side: Viciopata-.: Viste? es hs
14:12:42 : Side: Viciopata-.: hso*
14:13:47 : Side: Davi: Hola Macri, soy Fernando de la Rua
14:14:00 : Side: Davi: Presidente de los Argentinoooos
14:14:28 : Side: Mauricio Macri: Comentame fernando, que helicoptero re atrae por aca?
14:14:38 : Side: Viciopata-.: JAJAJAJAJAAJAJAJAJAJAJAJAJ que hdp el juan este
14:15:23 : Side: juandayz: al pedo lo q le dan adm a los brasileros
14:15:29 : Side: Viciopata-.: Jajjajaj
14:15:40 : Side: Viciopata-.: sos un pt juan -.-
14:16:10 : Side: juandayz: jaaja cayate pilila muerta
14:16:16 : Side: Viciopata-.: Me dejaste el heli echo pija
14:16:38 : Side: juandayz: raja si te lo arregle, lo volviste a romper por q sos un pilila muerta
14:16:49 : Side: Viciopata-.: -.- no me lo arreglaste pt
14:17:07 : Side: juandayz: se q te lo arregle :D me subi y todo para verificar.....
14:17:28 : Side: Viciopata-.: NO L
14:17:30 : Side: Viciopata-.: LPM
14:17:37 : Side: juandayz: ves q sos un salame jajajaj lo moviste y le diste la helice con el techo jjajaajajaa
14:17:45 : Side: Viciopata-.: ME CLAVASTE 2 CARGAS CONCENTRADAS EN LA PUERTA
14:17:50 : Side: juandayz: anda a mentirle al adm de brasil gil jajajaja
14:18:02 : Side: Viciopata-.: Y SI, LO TERMINE DE ROMPER PORQUE ESTABA ECHO PIJA ME SUBI Y NO LO PUDE MANEJAR
14:18:32 : Side: juandayz: ahi te lo arregle,, DE NUEVO... y se te va a volver a romper por dejarlo aasi
14:19:35 : Side: Viciopata-.: Lo encallaste mas
14:19:53 : Side: Viciopata-.: Anda a estudiar portugues por favor
14:20:13 : Side: Davi: como vay voce
14:20:18 : Side: Viciopata-.: Te sabes 3 palabras y las repetis .-.
14:20:48 : Side: Davi: nou
14:21:05 : Side: Davi: 03 03 456
14:21:06 : Side: Viciopata-.: eu davi ? eso significa yo davi pelotudo
14:21:26 : Side: Viciopata-.: EU ES YO PETE
14:22:54 : Side: juandayz: buee te delira todo el mercosur :D falta el adm paraguayo no mas
14:23:15 : Side: Mauricio Macri: el paraguayo esta en el mercado
14:23:16 : Side: Viciopata-.: ENCIMA SE ROMPE LA CONCHA DE SU MADRE TROLA
14:23:58 : Side: Viciopata-.: Que pocos idiomas loco
14:24:27 : Side: juandayz: anda a quejarte a la convencion de adms del mercosur
14:24:34 : Side: Mauricio Macri: JJAJAJAJAJJAJAJAJAJAJA
14:24:37 : Side: Viciopata-.: Chupala pt
14:24:42 : Side: juandayz: jajajajaj
14:24:53 : Side: Viciopata-.: Mira juan veni
14:25:03 : Side: juandayz: ya rompiste de nuevo?
14:25:15 : Side: Viciopata-.: Na, no lo voy a sacar de ahi, me lo dejaste encallado
14:25:25 : Side: juandayz: perooo  q caraduuuuuraaaa jajaja
14:25:46 : Side: Viciopata-.: La caradurez me llevo a bastante:3
14:25:50 : Side: juandayz: ahi tenes tu gilada
14:26:01 : Side: juandayz: desencayada
14:26:13 : Side: juandayz: metele llave
14:26:42 : Side: Viciopata-.: Con que invisible eh?
14:27:01 : Side: Viciopata-.: Alto pt
14:28:43 : Side: Davi: JAJAJAJAJ
17:10:43 : Side: Viciopata-.: Buenas!
17:10:53 : Side: edgar: Hola
17:10:56 : Side: Viciopata-.: se fue el admin brasilero  ? D:
17:11:46 : Side: Viciopata-.: Juan que mal admin -.- Me dijiste que estaba arreglado
17:12:26 : Side: Viciopata-.: edgar
17:12:31 : Side: Viciopata-.: A cuanto vendes el cinder?
17:12:33 : Side: edgar: que
17:12:40 : Side: edgar: no los vendo
17:12:44 : Side: Viciopata-.: (?
17:12:51 : Side: Viciopata-.: Veni juan, me dijiste que lo arreglaste
17:13:09 : Side: juandayz: daa sos la cara vos
17:13:21 : Side: Viciopata-.: Te digo posta, te juro que no me subí
17:13:23 : Side: Viciopata-.: te juro eh?
17:14:23 : Side: Viciopata-.: Con un fuelpump tengo refuel infinito?
17:14:30 : Side: edgar: si
17:14:41 : Side: Viciopata-.: pero, repair no no?a
17:14:50 : Side: juandayz: na nunca andubo eso, en el brasilero te acordas q pasaba igual
17:14:57 : Side: Viciopata-.: Posta
17:14:58 : Side: juandayz: q decia  q necesitaba energia
17:15:06 : Side: Viciopata-.: Pero se le pone un generador tpt
17:15:08 : Side: Viciopata-.: PT*
17:15:10 : Side: juandayz: no pt
17:15:14 : Side: juandayz: es lo mismo
17:15:26 : Side: Viciopata-.: Ohh :c
17:15:27 : Side: Viciopata-.: XD
17:15:48 : Side: Viciopata-.: Alto heli le compre a pola
17:15:54 : Side: Viciopata-.: se rompe solo cada 2  3
17:15:57 : Side: Viciopata-.: 2x3
17:16:10 : Side: Viciopata-.: Como el Plugin VPS caida cada 2 x 3 (?
17:16:14 : Side: juandayz: ojajaj
17:16:27 : Side: juandayz: edgar , unite a la pag del facebook
17:16:33 : Side: edgar: cual es?
17:16:37 : Side: Viciopata-.: Edgar no me quiere
17:16:50 : Side: edgar: por qu me matastes y te robastes mi heli
17:17:00 : Side: Viciopata-.: Yo no fuí -.-
17:17:11 : Side: Viciopata-.: Fue pola y yo le compre el heli
17:17:14 : Side: edgar: pero tu eras el unico que estaba
17:17:30 : Side: Viciopata-.: NO .-. pola también y se estaba conectando un brz
17:17:40 : Side: edgar: pero se abia muerto
17:17:47 : Side: juandayz: facebook.com/universextepoch/
17:18:01 : Side: edgar: ok ya boy al facebook
17:18:13 : Side: juandayz: voy, boy es el pibe ingles
17:19:05 : Side: edgar: xD se me paso lo del facebook
17:20:56 : Side: edgar: graciaS
17:22:12 : Side: Dog: buenas
17:24:52 : Side: Viciopata-.: LCDLP -.-
17:24:56 : Side: Viciopata-.: A la mierda el heli
17:25:42 : Side: Viciopata-.: Como va Dog?
17:26:19 : Side: Dog: bien qcy, una mano vendada y estornude y casi pierdo los pulmones
17:26:22 : Side: Dog: asi que todo bien
17:26:34 : Side: Viciopata-.: Jajaja que te paso?
17:27:32 : Side: Viciopata-.: EHHHH
17:27:38 : Side: Viciopata-.: NO ME PODES CHOCAR EN TRADE PELOTUDO
17:27:45 : Side: Viciopata-.: MEXICANO Y LA CONCHA DE TU MADRE
17:27:47 : Side: edgar: ya lose por eso lo ise
17:27:50 : Side: Viciopata-.: CHUPA PIJA
17:28:10 : Side: Viciopata-.: PERO LA CONCHA DE TU VIEJA
17:29:00 : Side: Viciopata-.: Dog metete a ts que hoy no me voy
17:29:03 : Side: Viciopata-.: XD
17:29:25 : Side: Dog: en 5 me meto
17:30:00 : Side: Viciopata-.: MEXICANO Y LA CONCHA DE TU ABUELA
17:30:01 : Side: edgar: deja de robar
17:30:19 : Side: Viciopata-.: Me sobra no me hace falta robar
17:31:33 : Side: edgar: bajate
17:34:14 : Side: Viciopata-.: MEXICANO PUTO LA PUTA QUE TE PARIO :D (?
17:34:45 : Side: Viciopata-.: Che una banda de bardo este sv -.- Dejen de bardear
17:35:06 : Side: Dog: ?
17:35:54 : Side: edgar: hey
17:36:10 : Side: edgar: deja de estar robando
17:36:18 : Side: Viciopata-.: Me chocaste
17:36:20 : Side: Viciopata-.: :P
17:36:25 : Side: Viciopata-.: Pedime perdon(?
17:36:34 : Side: edgar: pero no te mate
17:36:40 : Side: Viciopata-.: ME CHUPA UN HUEVO
17:36:41 : Side: edgar: y tu me robastes en el trader
17:36:44 : Side: Viciopata-.: ME PEDIS PERDON YA
17:37:01 : Side: Viciopata-.: ROBASTE * NO ROBASTES ANALFABETO
17:37:07 : Side: Dog: son peores que las minas vos y el mexicano
17:37:18 : Side: Viciopata-.: Jaajjajaja es por bardiarlo nomas :P
17:38:44 : Side: Viciopata-.: PERO SI ES UN PELOTUDO ESTE COMO PARA NO INSULTARLO
17:39:13 : Side: Viciopata-.: Che mexicano cagon sale pvp?
17:40:06 : Side: Dog: niños comportense
17:40:11 : Side: Viciopata-.: Jajjaj
17:40:52 : Side: Dog: lo unico que veo de aca
17:40:55 : Side: Dog: de esta gente
17:40:58 : Side: Dog: es que se la pasa en el trader
17:41:30 : Side: Viciopata-.: Quién -.-
17:41:37 : Side: Dog: los unicos que juegan
17:41:40 : Side: Dog: jf , edgar
17:41:44 : Side: Viciopata-.: ahh
17:41:44 : Side: Viciopata-.: XD
17:41:46 : Side: Dog: que veo yo no 
17:41:54 : Side: Viciopata-.: Che Dog,
17:41:59 : Side: Viciopata-.: Necesitas alojo?
17:42:03 : Side: Dog: neh
17:42:07 : Side: Viciopata-.: Oka :3
17:42:08 : Side: Dog: soy un espiritu libre
17:43:31 : Side: Viciopata-.: Jajajaj no lo sabes hacer?
17:43:36 : Side: edgar: no
17:43:44 : Side: Viciopata-.: Lo que es la experiencia no?
17:43:50 : Side: Viciopata-.: Mira para abajo
17:43:54 : Side: Viciopata-.: Toca 2 veces control
17:43:58 : Side: Viciopata-.: Y 2 veces shift
17:44:00 : Side: Viciopata-.: y camina
17:44:13 : Side: Dog: che juan
17:44:20 : Side: Viciopata-.: Ahh te lo explico y todavía no sabes amigo?
17:45:03 : Side: Viciopata-.: Hay que admitir que soy una rata imunda(?
17:47:04 : Side: Viciopata-.: ese es tu heli edgar
17:47:08 : Side: Dog: juan
17:47:12 : Side: Dog: lindo :3
17:47:12 : Side: edgar: nolose
17:47:14 : Side: Viciopata-.: quedo mas negrito que antes
17:47:21 : Side: Viciopata-.: Sí, es el que le compre a pola
17:47:36 : Side: Viciopata-.: Lo estrelle porque me fallo arma 2 recién
17:47:49 : Side: Viciopata-.: bue, te dejo tranquilo
17:47:50 : Side: Viciopata-.: Nv
17:47:57 : Side: Dog: ah nada, era para decirte eso :B
17:48:23 : Side: Dog: hacete.
17:48:28 : Side: Dog: unas copas de whisky
17:48:58 : Side: GusTavoR-: hola juan
17:49:00 : Side: GusTavoR-: xD
17:49:18 : Side: GusTavoR-: bien e tu?
17:49:34 : Side: GusTavoR-: haha xD
17:49:36 : Side: TaLLeS-: daee fera
17:50:54 : Side: Viciopata-.: Menos mal que me leí las reglas antes de matarte edgar XD me hiba a comer un ban de los buenos
17:51:19 : Side: edgar: que me ibas a matar al salir?
17:51:22 : Side: Viciopata-.: Seee:3
19:34:14 : Side: Azrael1x: hola gente
19:34:33 : Side: GusTavoR-: hola
19:58:09 : Side: Viciopata-.: El jerry can se vende no?
21:17:12 : Side: Azrael1x: hola gentusa
22:08:50 : Side: Pampita: hello bambis
22:09:01 : Side: Azrael1x: holo
22:20:54 : Side: edgar: jaja ni me dieron
22:21:34 : Side: edgar: quienes eran los que me dispararon?
22:22:04 : Side: Viciopata-.: Que cagones, no querer dar la cara es de cagon pts
22:32:21 : Side: Daryl: por que no venis y me tocas la cachufleta
22:47:56 : Side: Daryl: calibrala un poquito mas,
22:48:28 : Side: Noelia Pompa: tiene temporizador, no se calibra
22:49:01 : Side: Daryl: usa el telemetro para sacar distancia, 350 mts tenemos
22:49:19 : Side: Noelia Pompa: guardaaa
22:49:26 : Side: Daryl: la concha de tu hermanaaaaaaaaaaaaaaaaaaaaaaaaaa+
22:49:43 : Side: Noelia Pompa: jajajajaaj te dije q no se calibraba pete
22:50:01 : Side: Daryl: hijo de puta
22:50:10 : Side: Daryl: te voy a hacer un paye forro xD
22:51:09 : Side: Daryl: antes que nada
22:51:14 : Side: Daryl: pidieron permiso?
22:51:25 : Side: Noelia Pompa: permisoo
22:51:26 : Side: Pampita: si a tu mama anoche
22:51:37 : Side: Daryl: no sabia que hacias voodo
22:53:03 : Side: Noelia Pompa: te colamos gato
22:53:15 : Side: Daryl: no se vayan al carajo
23:34:45 : Side: juan p: juan estas ahi
23:34:54 : Side: juandayz: si ya voy
23:38:25 : Side: juan p: ahi se detienen donde estan las suv
23:41:25 : Side: juandayz: juan pedro
23:41:35 : Side: juandayz: metete al ts q estamos con davi
23:41:37 : Side: juan p: que pasa
23:41:50 : Side: juandayz: ahi te lo paso por el face al ts
