03:26:24 : Group: ChakalMDP: Ahora si viejo
03:26:29 : Group: ChakalMDP: Buena onda
03:29:15 : Group: ChakalMDP: Esta barbaro
03:29:36 : Group: ChakalMDP: Hay un par de bases que estann jamon del medio
03:30:26 : Group: ChakalMDP: Tenes un telemtro?
03:30:40 : Group: ChakalMDP: Joya
03:31:57 : Group: ChakalMDP: Mierda que son duros!
03:33:26 : Group: ChakalMDP: Me tapan los arbustos 
03:34:57 : Group: ChakalMDP: Y como se supone que le cambio la distancia a este arma?
03:35:03 : Group: =[666]=Pablo_RC: tiramos de aca o buscamos las ametra?
03:35:10 : Group: =[666]=Pablo_RC: con av page
03:35:24 : Group: ChakalMDP: Busquemos las metras diria yo, pero vos tenes la batuta aca jaja
03:36:10 : Group: =[666]=Pablo_RC: fijate si podes ubicar las ametralladoras
03:36:15 : Group: ChakalMDP: dale
03:38:27 : Group: ChakalMDP: Tengo una
03:38:30 : Group: ChakalMDP: Cuantas hay?
03:38:37 : Group: =[666]=Pablo_RC: cro que 2
03:39:32 : Group: ChakalMDP: Estan las dos e el techo?
03:39:59 : Group: =[666]=Pablo_RC: si
03:40:19 : Group: ChakalMDP: Tengo un lugarsito de primera fila aca
03:40:35 : Group: =[666]=Pablo_RC: voy
03:41:06 : Group: ChakalMDP: Que te parece?
03:41:21 : Group: =[666]=Pablo_RC: aguanta
03:42:03 : Group: ChakalMDP: Y para colmo se larga a llover...
03:42:12 : Group: ChakalMDP: Dura la vida del sobreviviente
03:42:18 : Group: =[666]=Pablo_RC: jeje
03:42:34 : Group: =[666]=Pablo_RC: estoy buscando a los que estaban afuera
03:42:45 : Group: ChakalMDP: Veo 5 dando vueltas
03:43:06 : Group: =[666]=Pablo_RC: ok le tiramos los dos juntos a la metra?
03:43:11 : Group: ChakalMDP: sale
03:43:56 : Group: ChakalMDP: A quien le tiran?
03:44:12 : Group: =[666]=Pablo_RC: no se
03:44:14 : Group: =[666]=Pablo_RC: jeje
03:51:52 : Group: ChakalMDP: Lo bajamos?
03:52:10 : Group: =[666]=Pablo_RC: faltan
03:52:12 : Group: ChakalMDP: Creo que mate un par de survivor "Sin querer"
03:53:23 : Group: ChakalMDP: Donde esta?
03:53:47 : Group: =[666]=Pablo_RC: no lño veo
03:54:47 : Group: =[666]=Pablo_RC: uuuhh
03:54:51 : Group: =[666]=Pablo_RC: curame!
03:55:00 : Group: =[666]=Pablo_RC: bendame
03:55:00 : Group: ChakalMDP: Apa
03:55:26 : Group: =[666]=Pablo_RC: jejeje
03:55:36 : Group: ChakalMDP: Te doy epi?
03:55:42 : Group: =[666]=Pablo_RC: na
03:55:45 : Group: ChakalMDP: Joya
03:55:46 : Group: =[666]=Pablo_RC: ahi ta
03:55:52 : Group: ChakalMDP: Lo lindo de jugar en equipo jaja
03:55:58 : Group: =[666]=Pablo_RC: sssiiiiii
03:57:33 : Group: ChakalMDP: Ni puta idea donde puede estar
03:57:59 : Group: =[666]=Pablo_RC: tiene que estar aca derecho
03:58:08 : Group: =[666]=Pablo_RC: atras de los arboles
03:58:17 : Group: ChakalMDP: Puso
03:58:23 : Group: =[666]=Pablo_RC: bien!
03:59:46 : Group: ChakalMDP: Mepa que estamos, pero hay que revisar
04:00:14 : Group: ChakalMDP: Me ofresco voluntario para avanzar un poco
04:00:21 : Group: =[666]=Pablo_RC: jejeje dale
04:00:41 : Group: =[666]=Pablo_RC: te sigo
04:02:16 : Group: ChakalMDP: Uno menos jaja
04:02:58 : Group: ChakalMDP: voy
04:04:31 : Group: ChakalMDP: Fuiste vos?
04:04:32 : Group: =[666]=Pablo_RC: estaba la otra ametralladora!
04:04:35 : Group: =[666]=Pablo_RC: sii
04:04:38 : Group: ChakalMDP: UH!!!
04:05:25 : Group: ChakalMDP: Se ve despejado
04:05:30 : Group: =[666]=Pablo_RC: sip
04:06:03 : Group: =[666]=Pablo_RC: vamos}
04:08:22 : Group: ChakalMDP: Todo limpio
04:08:39 : Group: =[666]=Pablo_RC: voy a buscar el heli
04:08:42 : Group: ChakalMDP: Dale
04:09:15 : Group: ChakalMDP: Voy al ñoba vuelvo en 2
04:09:24 : Group: =[666]=Pablo_RC: ok
04:10:17 : Group: ChakalMDP: toy
04:10:39 : Group: =[666]=Pablo_RC: no me acuerdo donde joraca deje el heli
04:10:44 : Group: ChakalMDP: Jajaja
04:11:48 : Group: ChakalMDP: Lo tendria que haber dejado marcado
04:12:31 : Group: =[666]=Pablo_RC: si encontras un dmr guardamelo
04:12:58 : Group: ChakalMDP: Estoy re desepcionado, todas armas pedorras de loot, voy a ver que hay en los cuerpos
04:21:55 : Group: ChakalMDP: S
04:22:08 : Group: ChakalMDP: Se me cayo todo
04:22:32 : Group: ChakalMDP: El heli donde anda?
04:23:50 : Group: ChakalMDP: Levante mejores cosas en los cuerpos que en las cajas
04:24:30 : Group: ChakalMDP: Vamos a vender te parece?
04:24:48 : Group: ChakalMDP: Repartimos miti y miti o como te manejas?
04:25:52 : Group: ChakalMDP: Joya, decime si te queres quedar con algunas de las que levante, cache dos de rambo y una m240 con mira
04:27:02 : Group: ChakalMDP: Que habilidad!
04:28:00 : Group: ChakalMDP: ok
04:28:17 : Group: ChakalMDP: Vendo lo que agarre primero, dsp vemos que hay en el heli
04:32:09 : Group: ChakalMDP: Che, por que puede ser que se me hallan recargado los cargadores del dmr?
04:32:49 : Group: ChakalMDP: No me quejo igual jaja
04:33:54 : Group: ChakalMDP: Te paso lo tuyo queres?
04:34:08 : Group: ChakalMDP: Joya
04:34:21 : Group: =[666]=Pablo_RC: cuanto 190.000 junte
04:34:25 : Group: =[666]=Pablo_RC: vos?
04:34:29 : Group: ChakalMDP: A la mierda jajaja
04:34:33 : Group: =[666]=Pablo_RC: jejeje
04:34:41 : Group: =[666]=Pablo_RC: bajate
04:34:47 : Group: ChakalMDP: Me re pasaste, yo hice 58
04:35:22 : Group: =[666]=Pablo_RC: son 250.000
04:35:34 : Group: ChakalMDP: Ahi te pase la mitad de lo que tenia
04:36:08 : Group: ChakalMDP: Joya
04:36:15 : Group: =[666]=Pablo_RC: ahi te pase 150000
04:36:20 : Group: ChakalMDP: Barbaro
04:36:32 : Group: =[666]=Pablo_RC: ahi vas juntando
04:36:41 : Group: =[666]=Pablo_RC: che me voy a dormir!!
04:36:46 : Group: ChakalMDP: Dale
04:36:55 : Group: =[666]=Pablo_RC: mañana nos vemos
04:36:57 : Group: ChakalMDP: Yo veo de hacer alguna huevada mas y tambien me voy
04:37:00 : Group: ChakalMDP: Dale!
04:37:11 : Group: =[666]=Pablo_RC: aaaah voy a sacar el heli de aca
04:37:17 : Group: ChakalMDP: jajaja, yo diria
04:37:31 : Group: =[666]=Pablo_RC: te llevo a algun lado?}
04:37:35 : Group: ChakalMDP: Me saco algun autito, gracias
04:37:42 : Group: =[666]=Pablo_RC: joya
04:40:26 : Group: =[666]=Pablo_RC: chau che!
04:40:32 : Group: =[666]=Pablo_RC: hasta mañana!
04:40:36 : Group: ChakalMDP: Nos vemos!
04:40:38 : Group: ChakalMDP: Un gusto
04:40:48 : Group: =[666]=Pablo_RC: igual!
22:33:26 : Group: NightdeadBCE: holi
22:33:36 : Group: NightdeadBCE: esta alado del castillo de diablo
22:33:39 : Group: NightdeadBCE: otra zonas nose >S
22:33:42 : Group: Agustin: holuu
22:34:19 : Group: Agustin: un re viaje es jajajd
22:35:16 : Group: NightdeadBCE: estrasm u lejo
22:35:19 : Group: NightdeadBCE: demaciado lejos
22:37:49 : Group: Agustin: esa antena 4 no es otro lugar ? 
22:38:17 : Group: NightdeadBCE: nio revise aun digamos que el sv esta distinto a otros
22:38:44 : Group: Agustin: es todo distinto sisi por eso yo voy chusmeando aver que onda
22:50:47 : Group: NightdeadBCE: te vamos a uscar
22:50:48 : Group: NightdeadBCE: si quieres.
22:51:10 : Group: Agustin: estoy en antena 4 tienen como llegar?
22:51:15 : Group: NightdeadBCE: se
22:51:19 : Group: Agustin: okas
22:56:13 : Group: SabryBCE: las zonas verdes que estan cerce tuyo son enemigos?
22:56:33 : Group: Agustin: Re raro te escucho
22:56:45 : Group: Agustin: no se entiende
22:58:05 : Group: Agustin: mmm no hay lugar aca jajaja
22:58:09 : Group: NightdeadBCE: T.T
22:58:18 : Group: NightdeadBCE: BUE VENDEMOS
22:58:23 : Group: NightdeadBCE: Y COMPRAMOS UNO MEJOR DALE
22:58:24 : Group: NightdeadBCE: XD
22:58:27 : Group: NightdeadBCE: TU NOSE 
22:58:36 : Group: NightdeadBCE: QUE ARMA TIENES
22:58:37 : Group: Agustin: a bici jajajajaj
22:58:42 : Group: Agustin: el fal nada mas
22:58:43 : Group: NightdeadBCE: .TENEMOS 44 BALAS DE M4.
22:59:17 : Group: Agustin: para que tanto ? ajajajaj
22:59:30 : Group: NightdeadBCE: NOSE TEDE DEJE POR SI ACASO VITE XD
23:00:05 : Group: Agustin: jajajaja tengo el fn fal con 4 cargadores igual me encanta el m8 xd
23:00:24 : Group: NightdeadBCE: trataremos de conseguir un mejor vehiculo
23:01:06 : Group: Agustin: yo estoy tratando de vender las latas de fanta esas que son medias caritas pero re lejos ese mercado e.e
23:05:45 : Group: Agustin: asa nadie me dijo que me estaba muriendo de sed y de hambre, pequeño detalle
23:06:09 : Group: NightdeadBCE: tiene cosas?
23:16:24 : Group: Agustin: che para que queres faso en este juego
23:26:07 : Group: SabryBCE: night se fue
23:26:21 : Group: SabryBCE: y yo tambien me tengo que ir
