06:15:27 : Direct: Viciuz: jajajaja
06:15:30 : Direct: Viciuz: no te habia visto
06:15:39 : Direct: Viciuz: niebla, bajon de fps
06:20:57 : Direct: Viciuz: tengo un bajon de fps horribles
06:20:59 : Direct: Viciuz: no se que sea
06:21:47 : Direct: Viciuz: hace rato andaba a 50
06:21:49 : Direct: Viciuz: ahora ando a 20
16:31:10 : Direct: juandayz: de regalo
16:37:32 : Direct: juandayz: ahi te devuelvo
16:37:58 : Direct: juandayz: subite
16:38:43 : Direct: LarzuK: a donde ?
16:39:15 : Direct: juandayz: tas re lag
16:39:23 : Direct: juandayz: me ves?
16:39:33 : Direct: LarzuK: se pero no el vehiculo
16:39:49 : Direct: juandayz: perate
19:36:31 : Direct: juandayz: hola bienvenidos!
19:37:40 : Direct: juandayz: les venia a dejar la suv de regalo
19:37:46 : Direct: juandayz: y el dinero q quedo en mi cuerpo
19:37:52 : Direct: juandayz: soy el admin
19:38:46 : Direct: juandayz: chek suv money storage
19:40:32 : Direct: juandayz: are u new in dayz or just a noob?
19:41:00 : Direct: juandayz: im the fuking admin.. dont want kill you, just help you
19:42:01 : Direct: juandayz: lol 
19:42:06 : Direct: juandayz: well bye 
20:51:08 : Direct: ChukyN: gil pensas sque no te veo
20:51:18 : Direct: juandayz: si ya se q me ves sapallo
20:51:28 : Direct: juandayz: con el nombrecito me ves
20:51:35 : Direct: ChukyN: quienes son los giles que estan en el TS
20:51:42 : Direct: juandayz: brazucas
20:51:51 : Direct: juandayz: ?
20:52:00 : Direct: ChukyN: naa tienen nombre arg
20:52:05 : Direct: juandayz: ni idea
21:12:35 : Direct: juandayz: llevate esa
21:13:04 : Direct: reconnect: ahi te di 10k
21:21:35 : Direct: juandayz: los brazucas no les pases cabida, les fui a saludar y me mataron hoy jajaja
21:21:39 : Direct: juandayz: son re noobs
21:48:19 : Direct: juandayz: ;)
21:48:43 : Direct: juandayz: como les va
21:48:54 : Direct: GusTavoR-: bien
21:49:06 : Direct: juandayz: ;) me alegro
21:49:14 : Direct: GusTavoR-: hm
21:49:16 : Direct: GusTavoR-: '-'
21:52:38 : Direct: juandayz: blue marker in map, is a trader in move. he have betters prices. you can trade whit him into green circles
21:57:21 : Direct: juandayz: q gil
21:59:44 : Direct: juandayz: q qieres hacer con eso gil jajajaj
21:59:58 : Direct: ChukyN: bajar el puto avion
22:00:26 : Direct: juandayz: che
22:00:38 : Direct: juandayz: ya descubri como agregar los vehiculos
22:00:43 : Direct: ChukyN: ups
22:02:23 : Direct: juandayz: smile
22:04:59 : Direct: juandayz: q onda
22:05:20 : Direct: Viciopata-.: que andas haciendo juancho?
22:05:48 : Direct: juandayz: agarra pa q arranques
22:05:57 : Direct: Viciopata-.: idolo
22:05:59 : Direct: Viciopata-.: :3 ajja
22:06:55 : Direct: juandayz: si
22:07:06 : Direct: Viciopata-.: te amo
22:07:06 : Direct: juandayz: o en las carpas, o vehiculos
22:07:07 : Direct: Viciopata-.: jajaa
22:07:15 : Direct: juandayz: en el equipo esta la llave
22:08:43 : Direct: juandayz: ahi se activo
22:09:15 : Direct: reconnect: AHI VA
22:25:48 : Direct: reconnect: thats my body
22:39:44 : Direct: juandayz: hize la suv uruguaya el otro dia
22:39:55 : Direct: juandayz: me la pidio un compatriota tyo
22:40:02 : Direct: juandayz: te acordas de ctprice?
22:40:08 : Direct: Pampita: se
23:10:13 : Direct: GusTavoR-: el plot
23:40:16 : Direct: edgar: no armas
23:40:21 : Direct: edgar: xD
23:41:16 : Direct: edgar: que me aras?
23:41:49 : Direct: edgar: gracias
23:42:54 : Direct: edgar: gracias
23:58:43 : Direct: [BrZ]-Rafael: q
