13:00:15 : Side: JF: Hola fin4..!!
13:06:17 : Side: Nikyta: hola 
13:06:31 : Side: Nikyta: queres hacer misiones ?
13:07:32 : Side: JF: Hola Nikyta como estas , como querer quiero pero apenas entre un ratito para las y medias me salgo , 
13:07:46 : Side: Nikyta: jaja ok
13:09:09 : Side: JF: estaba por aqui serca de casa y dije que me iva un rato por que tenia algo que hacer jajaja y era esto pero se me agota el tiempo---
13:09:31 : Side: Nikyta: jajajajaja
13:09:39 : Side: Nikyta: hay que matar el vicio xd
13:10:08 : Side: JF: y tengo que volver , me estan esperando para comer ,jajaja soy un desastre vivo para los vicios ....
13:10:33 : Side: Nikyta: jajajaj yo creo que todos nosotros somos iguales xd
13:10:54 : Side: Nikyta: yo puse la comida en el horno xd mientras se hace algo hay que hacer xd
13:11:20 : Side: Nikyta: de limpiar la casa ni hablar jajaja
13:13:18 : Side: JF: JAJAJA , oh podes creer ya me estan lloamando me voy a tener que retirar todo el avance por ahora un solo zomby ..
13:13:33 : Side: Nikyta: jajajaja
13:13:50 : Side: Nikyta: deciles que te pedis una pizza jajajaj
13:15:28 : Side: JF: si tal cual ni me hables de la casa tengo griferia , pasto , ectectect- nos vemos, estanoche me conecto alta hora jaja, hasra luego...
13:15:42 : Side: Nikyta: jajajaj
13:15:45 : Side: Nikyta: dale
13:37:12 : Side: Bad Guy: buenas
13:37:21 : Side: Nikyta: buenas
13:37:55 : Side: Nikyta: pregunta 
13:38:04 : Side: Bad Guy: a mi?
13:38:12 : Side: Nikyta: para subir humanidad si o si tengo que hacer misiones ?
13:38:15 : Side: Nikyta: si si jaja
13:38:31 : Side: Bad Guy: sep tenes q hacer misiones, otra opcion no hay
13:39:20 : Side: Nikyta: ufff jajaja
13:39:28 : Side: Bad Guy: pero son faciles de hacer
13:39:47 : Side: Nikyta: pero soy malicima para eso y sola no puedo xd
13:40:49 : Side: Bad Guy: tenes algun vehiculo blindado?
13:41:25 : Side: Nikyta: si pero no es tan blindado xd ya lo intente xd
13:41:39 : Side: Bad Guy: tenes q bloquearlo
13:42:17 : Side: Bad Guy: perame q hago esta mision y te explico bien
13:42:33 : Side: Nikyta: dale 
13:49:04 : Side: Bad Guy: che tas cerca de krasno?
13:49:37 : Side: Nikyta: estoy por pustoshka
13:50:32 : Side: Bad Guy: hu un poquito lejos
13:50:52 : Side: Nikyta: jajaj si
14:03:11 : Side: Bad Guy: juan o chuky? alguno de los 2
14:03:37 : Side: Nikyta: me voy a comer ahora vuelvo
14:03:44 : Side: Bad Guy: oka oka
