04:03:01 : Direct: Jej0x |Aspirante|: cuando te cambias de skin
04:03:05 : Direct: Jej0x |Aspirante|: se te sale el group
04:03:08 : Direct: Jej0x |Aspirante|: ahi te manod
04:03:19 : Direct: painful: no sabia
04:03:20 : Direct: Jej0x |Aspirante|: aceptala
05:05:01 : Direct: Jej0x |Aspirante|: snake?
19:01:38 : Direct: Jej0x |Aspirante|: me regalas una mochila?
19:02:06 : Direct: Jej0x |Aspirante|: do you gift me a bag?
19:02:16 : Direct: Jej0x |Aspirante|: or money?
19:02:29 : Direct: Cloudsp: will check if have
19:02:57 : Direct: Jej0x |Aspirante|: sanek
19:03:00 : Direct: Jej0x |Aspirante|: snake
19:03:21 : Direct: Jej0x |Aspirante|: me regalas una mochila o algo de plata?
19:03:45 : Direct: Cloudsp: we dont have extra bag
19:03:45 : Direct: Jej0x |Aspirante|: voce falhar portuges?
19:03:59 : Direct: Cloudsp: sim
19:04:01 : Direct: Jej0x |Aspirante|: money?
19:04:13 : Direct: Cloudsp: portuguese or english
19:04:18 : Direct: Jej0x |Aspirante|: spanish 
19:12:41 : Direct: Jej0x |Aspirante|: do you take me any?
19:13:39 : Direct: Jej0x |Aspirante|: friend?
19:31:20 : Direct: Bad Guy: who needs morphine?
19:31:26 : Direct: [WG] SnakeGeneral: yes
19:31:45 : Direct: [WG] SnakeGeneral: thx
19:36:50 : Direct: Cloudsp: we will split the itens in 2 w/ u, and we keep the chopper... sounds fair?
19:46:44 : Direct: Cloudsp: get ur share
19:47:03 : Direct: Bad Guy: thats 4 me_
19:47:07 : Direct: Bad Guy: ?
19:47:43 : Direct: Cloudsp: yeah
19:48:38 : Direct: Bad Guy: take the rest
19:48:42 : Direct: Bad Guy: cant hold any more
