02:55:00 : Side: Al3: hola una pregunta, el servidor es pvp o pve?
02:55:10 : Side: Dragons: las dos cosas
02:55:21 : Side: Al3: ok gracias
02:55:25 : Side: Dragons: dnd
02:56:13 : Side: Dragons: en la tarde suele entrar mas gente..  aun lo estan mejorando con algunas falas...pero esta bueno
02:56:22 : Side: Dragons: fallas
02:56:33 : Side: Al3: :D de diez
02:57:46 : Side: Dragons: tiene misiones randon..pero si no te gusta las q hay  vas al mercado y podes pedir misiones....
12:41:14 : Group: santiago: me asustaste
12:41:40 : Group: JF: HOLA SANTIAGUITO COMO ESTAS
12:41:59 : Group: santiago: bn bn y vos q?
12:42:39 : Group: JF: recien entrando un ratito a bajar algun zombi...
12:43:42 : Group: santiago: yo me estoy fumado un porro y prendiendo del juego anque hoy me esta corriendo despacio el juego
12:44:15 : Group: JF: esa es tuya santiago ?
12:44:26 : Group: santiago: si
12:44:30 : Group: santiago: ajajaj
12:44:52 : Group: JF: ja no me digas un porro de verdad xD
12:45:01 : Group: santiago: claroo
12:45:17 : Group: santiago: me encanta la 420 24/7
12:45:55 : Group: JF: Vas aa ver tido doble y le vas a entrar a la oveja jajaja xD
12:46:21 : Group: santiago: veo todo mejor
12:46:38 : Group: JF: JAJAJA
12:46:54 : Group: JF: en HD!!
12:47:13 : Group: santiago: eso
12:47:27 : Group: santiago: 4K
12:47:32 : Group: santiago: jajaa
12:48:31 : Group: JF: Che santiago vos conoces el wot 
12:48:50 : Group: santiago: ?
12:49:22 : Group: JF: el juego de la guerra de tanques
12:49:35 : Group: santiago: si
12:49:41 : Group: santiago: no me gusta
12:50:00 : Group: JF: lo jugas en algun momento?
12:50:44 : Group: santiago: lo conosi en consola y no me gusto en nada
12:50:50 : Group: santiago: no es lo mio
12:52:11 : Group: JF: ah jaja yo preguntaba porque el otro dia lo nombraste cuando estabamos hablando con jose luis, y a proposito no ha entrado al juego ?
12:52:49 : Group: santiago: el le gustaba , esta enferma y se fue pa donde la novia a q lo concientan
12:55:13 : Group: JF: jaja parecido nada que ver una cosa con la otra, eso para peor te sube la fiebre y te falta el aire ..
13:07:23 : Group: santiago: lsito 
13:07:36 : Group: santiago: para donde vamos
13:07:40 : Group: santiago: ?
13:13:18 : Side: JF: Hola Dromsito cocmo estas?..
13:15:58 : Side: JF: Hola Helman ..
13:21:33 : Side: JF: tenes municiones
13:21:59 : Side: santiago: de q
13:22:06 : Group: JF: tenes municiones?
13:22:15 : Group: JF: se tus armas
13:22:29 : Group: JF: de tus armas
13:22:52 : Side: santiago: si
13:22:56 : Group: santiago: si
13:22:58 : Group: JF: reabastece y vamos hasta alli
13:23:53 : Group: santiago: estoy lsito
13:26:13 : Group: JF: vamos o no vas¡
13:27:45 : Group: santiago: que vamos hacer pues ayer nos pataron en unpueblo unos soldados
13:27:48 : Group: santiago: ???
13:28:12 : Group: JF: en que pueblo 
13:29:04 : Group: JF: iva a revisar si encontramos algo
13:29:38 : Group: santiago: donde ?
13:30:04 : Group: JF: aqui cerca
13:32:29 : Group: santiago: en los pueblos ahi objetos?
13:32:44 : Group: JF: si en todos lados
13:33:02 : Group: santiago: dentro de las casas
13:33:10 : Group: santiago: y donde mas?
13:33:20 : Group: JF: si wn algunas
13:34:16 : Group: JF: en muchos partes pero yo no conozco todo
13:39:39 : Side: JF: Hola helmans eres nuevo 
13:40:58 : Side: JF: HOLA 
13:41:13 : Side: JF: HELMANS ERES NUEVO
13:41:49 : Side: JF: VEN HELMANS
14:59:34 : Side: JF: HEY DROMSITO A VAS TAMBIEN SE TE CORTO?
16:44:12 : Group: santiago: jf bien o q
16:44:39 : Group: JF: Santiago como estas 
16:44:48 : Group: santiago: bn
16:44:51 : Group: JF: estoy bien --
16:47:23 : Group: santiago: andaba explorando
16:47:47 : Group: santiago: me encontre unos soldados y toco darles de baja
16:47:48 : Group: JF: y que viste?
19:41:44 : Group: Loser: estoy a la chuchca
19:42:15 : Group: Charquican: no te veo donde andai
19:43:44 : Group: Loser: paso de sosnovy
19:43:51 : Group: Loser: abajo de pustoshka
20:42:16 : Side: [WG] SnakeGeneral: admin on ?
20:42:29 : Side: Leyva: no creo que te paso?
21:48:50 : Side: santiago: hola
22:01:53 : Side: santiago: maldito tte robaste me sniper
22:55:03 : Side: Leyva: ?
22:56:00 : Side: =[666]=Pablo_RC: me hablaste?
22:56:25 : Side: Leyva: no
22:56:31 : Side: =[666]=Pablo_RC: sorry
23:02:36 : Direct: Leyva: que yo jugare
23:02:43 : Direct: Leyva: compra una mochila la coyote
23:02:51 : Direct: Leyva: ya te pase la feria
23:02:54 : Direct: Leyva: que traia
23:03:00 : Direct: Leyva: para que gardes mis cosas xd
23:03:35 : Direct: Leyva: le ire a dando
23:03:40 : Direct: Leyva: hay recoges micuerpo
23:04:06 : Direct: Leyva: van 100
23:05:12 : Direct: Leyva: valio
