00:24:10 : Group: Alan: hola nikyta
00:24:26 : Group: Nikyta: hola xd
00:24:40 : Group: Alan: voy para la mision
00:24:49 : Group: Alan: de diable uh1h
00:24:49 : Group: Nikyta: tengo el arma que me diste xd
00:24:51 : Group: Alan: anda para alla
00:24:52 : Group: Alan: jaja
00:25:20 : Group: Nikyta: para que me quede aca y me estoy cagando de hambre jajaj
00:25:53 : Group: Alan: uhh jaja
00:26:31 : Group: Alan: aca en la mision ay comida
00:26:36 : Group: Alan: de mientra la voy haicnedo
00:26:50 : Group: Nikyta: salimos de aventura y ni un sanguchito me convidaste jajajajaj
00:27:01 : Group: Alan: jaja seee no volvi mas anocheee jaja
00:27:06 : Group: Alan: q mala cita tuvimosss
00:27:25 : Group: Nikyta: jajaja no te preocupes que yo tampoco volvi jajaj
00:27:36 : Group: Alan: ahh safe entonces jaja
00:28:00 : Group: Nikyta: jajaj no pude xd
00:28:48 : Group: Nikyta: toy a 4100 ahi voy
00:32:33 : Group: Alan: q mala vista tengo en esta mision jaja
00:33:26 : Group: Nikyta: yo no quiero morir jaja tengo mi motosierra ensima xd
00:33:34 : Group: Alan: jaja no pasa nada tengo como 10 jaja
00:33:42 : Group: Alan: pero tu quedate lejos yo la hago solo
00:33:46 : Group: Alan: pero mira
00:33:47 : Group: Alan: asi aprendes
00:33:54 : Group: Alan: acabo ganar 1 millon en una mision
00:35:48 : Group: Alan: quedate lejos
00:35:53 : Group: Alan: que mate las 50 por lo menos
00:44:29 : Group: Nikyta: cuantos te faltan ?
00:45:50 : Group: Alan: ahora si la termino jaja
00:47:50 : Group: Nikyta: ahi te veo detras de la casita roja jaja
00:50:59 : Group: Alan: me estan rodeando
02:14:29 : Group: Cloudsp: get out
07:02:10 : Group: Leodagos: kcs perro
07:02:20 : Group: Leodagos: vine a mirar el lugar nuevo q pusieron
07:02:22 : Group: Leodagos: venite
07:02:27 : Group: Leodagos: seguro van a haber tiros
07:02:28 : Group: Jej0x |Aspirante|: CUAL?
07:02:36 : Group: Leodagos: arriba a la derecha
07:02:38 : Group: Leodagos: en el mapa
07:02:43 : Group: Jej0x |Aspirante|: pero que es?
07:02:50 : Group: Leodagos: -loot militar 
07:02:56 : Group: Leodagos: banda de armas y anda a saber q mas
07:02:59 : Group: Leodagos: x ahi un rpg 
07:03:00 : Group: Jej0x |Aspirante|: re cheto
07:03:13 : Group: Leodagos: venite rapido con el heli
07:03:18 : Group: Leodagos: dejalo en el campo aereo
07:03:25 : Group: Jej0x |Aspirante|: tenes que ver como quedo la casa fuerte porque le hice una casita a las safes
07:03:33 : Group: Jej0x |Aspirante|: no ni tira mira si lo rompo
07:04:09 : Group: Jej0x |Aspirante|: che como saco el boogieman?
07:04:41 : Group: Leodagos: te da la opcion en la pala me parece
07:04:48 : Group: Jej0x |Aspirante|: nope
07:04:59 : Group: Leodagos: en alguna herramienta te daba la opcion
07:05:05 : Group: Leodagos: la shovel ee
07:05:21 : Group: Leodagos: fijate en el libro q te dan
07:05:23 : Group: Jej0x |Aspirante|: no me daba la opcion
07:05:25 : Group: Leodagos: t eepxlica todo bien
07:05:45 : Group: Leodagos: me voy adelantando a ver q puedo ver
07:06:00 : Group: Jej0x |Aspirante|: dale saca foto
07:06:08 : Group: Jej0x |Aspirante|: asi despues entro a tu perfil y veo que hay
07:06:21 : Group: Leodagos: no vas a venir ?
07:06:30 : Group: Jej0x |Aspirante|: no tengo como ir
07:06:38 : Group: Jej0x |Aspirante|: despues voy a comprarme un heli mio
07:06:39 : Group: Leodagos: no esta muy lejos
07:07:04 : Group: Leodagos: agarra la bici x la calle q sube y llegas , despues volvemos en heli
07:07:14 : Group: Jej0x |Aspirante|: neeee
07:07:19 : Group: Jej0x |Aspirante|: estoy terminando de acomodar esto
07:08:51 : Group: Leodagos: aah che
07:08:55 : Group: Jej0x |Aspirante|: que?
07:09:03 : Group: Leodagos: hoy vi a uno de los gallegos en el heli
07:09:06 : Group: Leodagos: y le tire
07:09:08 : Group: Leodagos: xD
07:09:14 : Group: Jej0x |Aspirante|: gallegos o brazycas?
07:09:16 : Group: Leodagos: cayo y se tiro en paracaidas
07:09:23 : Group: Leodagos: brazucas perdon
07:09:26 : Group: Leodagos: la misma bosta
07:09:30 : Group: Jej0x |Aspirante|: jajajajja
07:09:33 : Group: Jej0x |Aspirante|: racista
07:09:39 : Group: Leodagos: ni ahi
07:09:43 : Group: Leodagos: no tiene nada q ver con razismo
07:09:49 : Group: Leodagos: tengo amigos gallegos
07:09:51 : Group: Jej0x |Aspirante|: es racismo yo tambien los odio
07:09:57 : Group: Jej0x |Aspirante|: los gallegos son torpes
07:10:03 : Group: Leodagos: es como una bronca de hincha
07:10:05 : Group: Jej0x |Aspirante|: oye manolo
07:10:15 : Group: Leodagos: -sabes el unico motivo x el cual los odio ?
07:10:20 : Group: Jej0x |Aspirante|: por?
07:10:28 : Group: Leodagos: xq me cagaron la infancia con esos doblajes de mierda 
07:10:36 : Group: Leodagos: peliculas , series , juegos
07:10:40 : Group: Leodagos: x dios
07:10:41 : Group: Jej0x |Aspirante|: kkaaaajjajaa see
07:10:42 : Group: Leodagos: un asco
07:10:46 : Group: Leodagos: es x eso
07:10:47 : Group: Jej0x |Aspirante|: joder kratos que estas flipado
07:11:18 : Group: Jej0x |Aspirante|: yo jugue god of war ascension traducido asi 
07:11:23 : Group: Jej0x |Aspirante|: lo termine y quise matarme
07:11:28 : Group: Leodagos: jode pero creo que me estan tirando tioo !
07:11:38 : Group: Leodagos: viste
07:11:43 : Group: Jej0x |Aspirante|: te voy a manchar zeus 
07:11:46 : Group: Jej0x |Aspirante|: decia kratos
07:11:50 : Group: Leodagos: jajaja
07:12:05 : Group: Jej0x |Aspirante|: o machacar decia
07:12:11 : Group: Jej0x |Aspirante|: te juro que haria un doblaje argentino
07:12:15 : Group: Leodagos: ves q son unso hijos de puta
07:12:18 : Group: Jej0x |Aspirante|: eee zeus te voy a partir la gorra gatito
07:12:35 : Group: Leodagos: recin estaban pasando un dibujito argentino
07:12:37 : Group: Leodagos: onda trapito
07:12:41 : Group: Leodagos: pero mas moderno
07:12:47 : Group: Jej0x |Aspirante|: y que de fondo suene una cumbia de damas gratis
07:12:51 : Group: Jej0x |Aspirante|: en que canal?
07:12:52 : Group: Leodagos: y el conejo le decia ... " que decias che ? "
07:12:55 : Group: Jej0x |Aspirante|: tengo la tele alado
07:13:14 : Group: Leodagos: jaja
07:13:15 : Group: Jej0x |Aspirante|: amo el lenguaje argento jajajaja
07:13:27 : Group: Leodagos: ese y el neutral
07:13:46 : Group: Jej0x |Aspirante|: no el español neutro lo odio
07:13:55 : Group: Jej0x |Aspirante|: vamos a ir a la nevera por un emparedado
07:14:03 : Group: Leodagos: onda shrek
07:14:06 : Group: Leodagos: ese doblaje
07:14:08 : Group: Leodagos: homero
07:14:09 : Group: Jej0x |Aspirante|: carlitos deja de hablar asi
07:14:12 : Group: Leodagos: calidad
07:14:35 : Group: Jej0x |Aspirante|: sos carlitos el nene de aca a la vuelta no sos antonio banderas
07:14:50 : Group: Leodagos: uuuh ahi viene el pelotudo ""
07:14:57 : Group: Jej0x |Aspirante|: quien?
07:15:10 : Group: Leodagos: decia en esperando la carroza una pelicula argenta re vieja
07:15:27 : Group: Jej0x |Aspirante|: ahh see
07:15:54 : Group: Leodagos: q edad tenias vos ?
07:16:04 : Group: Jej0x |Aspirante|: cuando estaba esperando la carroza
07:16:07 : Group: Jej0x |Aspirante|: no se en que año fue
07:16:11 : Group: Jej0x |Aspirante|: creo que 2000
07:16:40 : Group: Jej0x |Aspirante|: en que año la estrenaron?
07:16:49 : Group: Leodagos: nooo ni me acuerdo
07:16:56 : Group: Leodagos: hay q goog
07:16:59 : Group: Leodagos: lear
07:17:04 : Group: Jej0x |Aspirante|: en el 2000 no creo que en el 2006 
07:17:21 : Group: Leodagos: naaa es una peli de los 80 o 90 CREO
07:17:24 : Group: Jej0x |Aspirante|: googlealo
07:17:32 : Group: Leodagos: naa pera q estoy arriesgando mi vida aca
07:17:34 : Group: Jej0x |Aspirante|: a vos decis la 1
07:17:36 : Group: Leodagos: estan armados ahsta la pija
07:17:47 : Group: Leodagos: y tengo el caza sobrevolandome esperando para garcharme xD
07:20:17 : Group: Jej0x |Aspirante|: que onda eso que dice regimiento de montañas?
07:20:31 : Group: Leodagos: ahi estoy
07:20:37 : Group: Leodagos: te dije
07:20:39 : Group: Leodagos: loot militar
07:20:41 : Group: Jej0x |Aspirante|: eso es el looteo?
07:20:49 : Group: Leodagos: sii pero tiene bots
07:20:53 : Group: Jej0x |Aspirante|: muchos?
07:20:54 : Group: Leodagos: podes encontrar armas pesadas
07:20:59 : Group: Jej0x |Aspirante|: igual que stary o electro
07:21:02 : Group: Leodagos: nose eso estoy intentando averiguar
07:21:13 : Group: Jej0x |Aspirante|: eta para ir de a muchos
07:21:42 : Group: Jej0x |Aspirante|: podemos ir vos yo, brian, bad guy y painful 
07:21:56 : Group: Jej0x |Aspirante|: painful es mi amigo con el que empeze la base en el granero
07:22:15 : Group: Jej0x |Aspirante|: che habalste con brian a ver que le pinto?
07:23:14 : Group: Jej0x |Aspirante|: oaaahhh
07:23:17 : Group: Jej0x |Aspirante|: te dieron
07:24:24 : Group: Jej0x |Aspirante|: avisame cuando spawneas
07:24:29 : Group: Jej0x |Aspirante|: porque capaz se nos sale el group
07:25:58 : Group: Jej0x |Aspirante|: cuando vas de exploracion no tenes que llevar nada
07:26:08 : Group: Leodagos: no tenog nada
07:26:16 : Group: Jej0x |Aspirante|: y el heli?
07:26:22 : Group: Jej0x |Aspirante|: nada mas lelvate una lockbox-
07:26:26 : Group: Leodagos: deje la llave en una lockbox
07:26:27 : Group: Jej0x |Aspirante|: asi pones las llaves ahi
07:26:32 : Group: Jej0x |Aspirante|: ahhh bien
07:26:41 : Group: Leodagos: con quien te pensas q estas hablando papi ?
07:26:45 : Group: Leodagos: ya me vas a conocer
07:27:13 : Group: Leodagos: ya te dedique la cabeza de uno de los brazucas
07:27:21 : Group: Jej0x |Aspirante|: jajajjaa
07:27:25 : Group: Leodagos: el heli cayo y el chabon se tiro
07:27:26 : Group: Leodagos: se curo
07:27:33 : Group: Leodagos: lo vi en el bosque
07:27:36 : Group: Leodagos: y lo cague a tiros
07:27:41 : Group: Leodagos: el heli s ele hiso mierda
07:27:51 : Group: Jej0x |Aspirante|: jajajaja
07:28:01 : Group: Jej0x |Aspirante|: mi base esta perfecta como antiaereo
07:28:01 : Group: Leodagos: desde la base de juan
07:28:03 : Group: Leodagos: le tire
07:28:11 : Group: Leodagos: asi q ni sabe q fui yo xD
07:28:12 : Group: Leodagos: gg
07:28:21 : Group: Leodagos: ìensa q fue el admin supongo
07:28:31 : Group: Leodagos: ni me vio
07:28:42 : Group: Jej0x |Aspirante|: ni se lo veia venir
07:28:49 : Group: Leodagos: yo venia en heli
07:28:52 : Group: Leodagos: y vi el de el
07:28:58 : Group: Leodagos: y aterrize rapido arriba de esa base
07:29:02 : Group: Leodagos: me baje y le tire
07:29:05 : Group: Leodagos: decia el nombre
07:29:08 : Group: Leodagos: cuadno lo apuntas
07:29:25 : Group: Jej0x |Aspirante|: le estoy haciendo la casita al plot
07:30:04 : Group: Jej0x |Aspirante|: me falta una pared mas y la puerta
07:32:36 : Group: Jej0x |Aspirante|: che no averiguaste nada d ela prisiom
07:32:45 : Group: Leodagos: no
07:32:54 : Group: Leodagos: ahora q termine la base puedo salir a explorar
07:33:14 : Group: Jej0x |Aspirante|: yo despues le voy a decir a juan que me saque el ultimo piso
07:33:20 : Group: Jej0x |Aspirante|: porque lo voy a hacer denuevo
07:35:39 : Group: Leodagos: soy yo
07:36:03 : Group: Jej0x |Aspirante|: no posta??? pense que eras carlitos
07:36:18 : Group: Jej0x |Aspirante|: el pelotudo que arregla puertas
07:36:25 : Group: Leodagos: anda el heli de los bots dando vueltas
07:36:33 : Group: Jej0x |Aspirante|: ahora lo bajamos
07:36:41 : Group: Jej0x |Aspirante|: what?
07:42:13 : Group: Jej0x |Aspirante|: te acordsa la clave de la puerta?
07:42:23 : Group: Leodagos: se
07:45:02 : Group: Jej0x |Aspirante|: que boludo qye soy
07:45:06 : Group: Jej0x |Aspirante|: ahora me tapa la puerta
07:45:14 : Group: Jej0x |Aspirante|: entra el atv aca
07:45:20 : Group: Leodagos: jajja
07:45:43 : Group: Jej0x |Aspirante|: deci que tengo la otra
07:46:25 : Group: Jej0x |Aspirante|: sacame tu fiambre del techo
07:46:28 : Group: Jej0x |Aspirante|: y el heli tambien
07:46:38 : Group: Leodagos: sii ahora desaparece
07:46:44 : Group: Leodagos: ya vuelvo
07:46:59 : Group: Jej0x |Aspirante|: ok
07:47:05 : Group: Leodagos: tag friendly
07:47:14 : Group: Jej0x |Aspirante|: ya ta
07:47:27 : Group: Jej0x |Aspirante|: cerra la puerta forrito
07:47:31 : Group: Jej0x |Aspirante|: entra frio
07:48:17 : Group: Jej0x |Aspirante|: despechugalos
07:48:53 : Group: Jej0x |Aspirante|: cubrime
07:48:58 : Group: Leodagos: ok
07:49:07 : Group: Jej0x |Aspirante|: a donde vas?
07:49:56 : Group: Jej0x |Aspirante|: que materiales necesitas para el pozo de agua?
07:50:59 : Group: Jej0x |Aspirante|: quye haces?
07:51:19 : Group: Leodagos: estaba buscando pero no me acuerdo
07:51:25 : Group: Jej0x |Aspirante|: que?
07:51:27 : Group: Leodagos: no lo isimos con vos  ?
07:51:39 : Group: Leodagos: el pozo
07:51:39 : Group: Jej0x |Aspirante|: si en el airfield
07:51:47 : Group: Leodagos: ya no me acuerdo q nos pedia
07:52:33 : Group: Jej0x |Aspirante|: matame a los zombinatos
07:53:30 : Group: Jej0x |Aspirante|: que balas usas?
07:53:37 : Group: Leodagos: stanag
07:53:45 : Group: Jej0x |Aspirante|: edspues te paso unos cuantos cartuchos
07:53:49 : Group: Leodagos: ne
07:53:51 : Group: Leodagos: tengo una banda
07:53:52 : Group: Leodagos: gracias
07:54:01 : Group: Leodagos: ademas tengo unos cargadores de 100
07:54:05 : Group: Jej0x |Aspirante|: tenes de dmr?
07:54:11 : Group: Leodagos: ne 
07:54:16 : Group: Leodagos: muy ruidoso
07:54:18 : Group: Jej0x |Aspirante|: el m14 este lo amo
07:54:23 : Group: Jej0x |Aspirante|: mato cualquier cosa
07:54:42 : Group: Jej0x |Aspirante|: listo dale volve
07:55:04 : Group: Leodagos: ya vengo
07:55:22 : Group: Jej0x |Aspirante|: ok
08:00:28 : Group: Jej0x |Aspirante|: mi viejo ya entro a quirofano
08:00:41 : Group: Leodagos: fuerza loco
08:00:59 : Group: Leodagos: lo mejor q podes hacer es estar tranquilo
08:01:04 : Group: Jej0x |Aspirante|: tengo ganas de ir al hospital
08:01:07 : Group: Jej0x |Aspirante|: pero no puedo
08:01:08 : Group: Leodagos: emanar energia positiva 
08:01:12 : Group: Jej0x |Aspirante|: osea no es la primera ves que lo opetan
08:01:13 : Group: Leodagos: x ¿
08:01:24 : Group: Jej0x |Aspirante|: mi viejo tuvo cancer, tuvo 2 stens tuvo 2 infartos
08:01:34 : Group: Jej0x |Aspirante|: osea el hospital se lo conoce como la palma de la mano
08:01:59 : Group: Leodagos: uuh mal ahi
08:02:06 : Group: Jej0x |Aspirante|: ya esta viejo tiene 60
08:02:12 : Group: Leodagos: y esto le va a mejorar bastante ?
08:02:26 : Group: Jej0x |Aspirante|: no puede hacer una cuadra caminando porque se agita
08:02:35 : Group: Jej0x |Aspirante|: y esto le va a mejorar la vida si sale bien
