03:40:37 : Group: LA CODEVILA DE RICHARD: ok
04:15:10 : Group: jMM: al bandit voy a comprar un heli para mas gente
04:15:13 : Group: vodka: ahi vanmos a comprar un heli mas grade
04:28:14 : Group: vodka: podes comprar un motor y rotor 
04:28:26 : Group: LA CODEVILA DE RICHARD: dale les llevo
04:28:32 : Group: LA CODEVILA DE RICHARD: si no hay porblema por eso
04:37:37 : Group: jMM: vos avisa nomas y te ayudamos loco
04:37:41 : Group: jMM: somos tus compinchis ahora
04:37:44 : Group: jMM: te vamos a cuidar
14:43:14 : Group: LarzuK: ...
15:10:54 : Group: Dexter: odio los niños ratas
15:11:05 : Group: jMM: esta lleno de esos
15:11:37 : Group: Dexter: 24 tenes posta?
15:11:45 : Group: jMM: se
15:11:53 : Group: jMM: donde compro cargadores de mk17 sin silenciar ?
15:13:39 : Group: jMM: que haces en el medio del monte
15:43:22 : Group: Dexter: VOLVI
15:43:47 : Group: jMM: que onda
15:44:03 : Group: jMM: que haces en el medio del monte ?
15:44:39 : Group: jMM: que onda richar
15:45:02 : Group: LA CODEVILA DE RICHARD: COMO VA LOCO
15:45:07 : Group: jMM: aca por ir a comer
15:45:22 : Group: LA CODEVILA DE RICHARD: JAJA NO PARASTE DE JUGAR?
15:45:30 : Group: jMM: comprate una safe loco y busca un lugar para hacer una base
15:45:36 : Group: jMM: si a las 9 nos fuimos a dormir
15:45:41 : Group: LA CODEVILA DE RICHARD: SE IVA A ESO
15:45:50 : Group: LA CODEVILA DE RICHARD: AHH OK, ERA RE VICIO EL LOCO
15:45:54 : Group: jMM: y despues me levante a las 10 para ir al banco
15:46:06 : Group: jMM: we si fuimos a hacer una mision cerca del airfield
15:46:10 : Group: jMM: y salieron 2 juntas
15:46:14 : Group: jMM: estuvimos casi 2 horas
15:46:18 : Group: jMM: terminamos una y salio una negra
15:46:20 : Group: jMM: con 70 IA
15:46:27 : Group: LA CODEVILA DE RICHARD: A LA MIERDA
15:46:32 : Group: jMM: nos metimos en una casa y esperamos el rush
15:46:34 : Group: jMM: eran una banda
15:46:40 : Group: LA CODEVILA DE RICHARD: JAJA Q LIMADO
15:46:46 : Group: LA CODEVILA DE RICHARD: PIOLA IGUAL
15:47:08 : Group: jMM: si nos habiamos quedado sin balas
15:47:10 : Group: LA CODEVILA DE RICHARD: YO NUNCA HICE DE LAS NEGRAS
15:47:13 : Group: jMM: y empezamos con la pistola jajaja
15:47:22 : Group: jMM: en el medio del airfield salio la negra
15:47:25 : Group: jMM: por todos lados llegaban
15:47:30 : Group: jMM: se tiraban en paracaidas todo
15:47:46 : Group: LA CODEVILA DE RICHARD: JAJAJ QUE BUENO
15:48:03 : Group: LA CODEVILA DE RICHARD: ESAS MISIONES SON HEROES NO?
15:48:05 : Group: jMM: en el grupo argentina dayz puse las fotos
15:48:11 : Group: jMM: eran heroes si
15:48:18 : Group: LA CODEVILA DE RICHARD: OSEA TE BAJA LA BONDAD SI MATAS ESOS BOTS NO?
15:48:18 : Group: jMM: menos 10000 tengo la humanidad
15:48:30 : Group: LA CODEVILA DE RICHARD: AJAJ EL MAS MALO DEL SERVER
15:49:16 : Group: jMM: que onda loco
15:49:23 : Group: jMM: estaba minimizado jaja
15:49:46 : Group: jMM: vieja me voy a comer y entro en 1 hora maso
15:49:56 : Group: jMM: armate una base copada, buscate un hacha y metele talado
15:50:00 : Group: jMM: o sino hacela en alguna casa
15:50:42 : Group: LA CODEVILA DE RICHARD: OK NOS VEMOS DNTRO DE UN RATELI
15:50:50 : Group: jMM: dale loco en 1 hora maso vuelvo
17:50:48 : Group: jMM: hay una banda de cuerpos tuyos JAJA
17:51:18 : Group: jMM: aca tengo morfinaw
17:52:26 : Group: jMM: te pongo sangre
17:52:53 : Group: jMM: vamos antes que haga restart
17:53:46 : Group: jMM: me pegaste hdp
17:54:24 : Group: jMM: que caca el reward JAJA
17:57:04 : Group: jMM: veni te llevo
17:57:16 : Group: [T1ER]rabbit: tranca
18:06:28 : Group: [T1ER]rabbit: conecta al ts+
18:06:41 : Group: Azrael1x: a cual?
18:06:51 : Group: [T1ER]rabbit: te lo pase por steam
18:06:56 : Group: [T1ER]rabbit: por el chat
20:04:11 : Group: [T1ER]rabbit: si
20:04:15 : Group: [T1ER]rabbit: es la idea
20:05:26 : Group: [T1ER]rabbit: gente
20:05:41 : Group: jMM: se
20:05:45 : Group: jMM: mandale saludos
20:06:56 : Group: [T1ER]rabbit: como___
20:07:04 : Group: [T1ER]rabbit: no
20:07:11 : Group: [T1ER]rabbit: pero pongo el safe
20:07:22 : Group: [T1ER]rabbit: y despues vemos
20:19:14 : Group: vodka: que onda con los fiambres ?
20:27:24 : Group: jMM: que onda
20:27:25 : Group: jMM: lalo
20:27:55 : Group: vodka: AHCE RATO Q HABLO AHI ENTRO 
21:14:43 : Group: Beto480: no jaja
21:55:05 : Group: Viciopata-.: Azra <3
21:55:17 : Group: Viciopata-.: Como mierda apareci en este grupo?
21:55:45 : Group: jMM: por el wast
21:55:49 : Group: jMM: se guardan los grupos
21:55:50 : Group: Azrael1x: jajaja ehhh peto
21:56:05 : Group: Viciopata-.: si yo no jugue wast con vos j -.-
21:56:11 : Group: jMM: sip
21:56:12 : Group: jMM: una vez
21:56:26 : Group: Viciopata-.: Hace banda -.- muchisimo, en eso desinstale el juego 2 veces
21:56:37 : Group: jMM: se guarda en la cache
21:57:26 : Group: Viciopata-.: pa alta pistola tengo.. ni me toco y me mato
21:59:24 : Group: Viciopata-.: Azra vovle
21:59:26 : Group: Viciopata-.: volve *
21:59:49 : Group: nico: negro donde estan?
22:07:08 : Group: Viciopata-.: jajajaja en el heli :P
22:07:25 : Group: jMM: anda 
22:07:27 : Group: jMM: a buscarle
22:07:31 : Group: jMM: los maletines que tenia jajaja
22:07:37 : Group: Viciopata-.: que los busque el.. 
22:07:41 : Group: jMM: se cayo
22:07:45 : Group: jMM: del ts tmb
22:07:48 : Group: Viciopata-.: yo ya tengo winchester
22:08:20 : Group: Viciopata-.: suele no volver cuando se le cae asi.. qcyo hay veces que si
22:09:52 : Group: Viciopata-.: que es el antiguo policlinico?
22:10:07 : Group: jMM: un edificio con loot creo
22:10:11 : Group: jMM: no le pregunte a juanz
