00:36:54 : Direct: JiNX: kiace dragons
02:51:12 : Direct: Dragons: hola  recien empesas a jugar aca?
02:51:40 : Direct: Dragons: queres el auto rojo
02:51:48 : Direct: Dragons: yo aranque ayer  ya algo tengo
02:52:21 : Direct: Dragons: dentro esta la llave
02:53:00 : Direct: Dragons: de nada
05:19:49 : Direct: Jose Luis: .
14:23:10 : Direct: juandayz: dalheim
14:25:10 : Direct: juandayz: llevate la camioneta
14:25:29 : Direct: juandayz: en el equipo esta la llave
14:31:39 : Direct: juandayz: q hacen chicas
18:28:43 : Direct: juandayz: q onda
18:28:50 : Direct: Dragons: me subi a una bici
18:28:58 : Direct: Dragons: y termine en medio del mar y mori
18:29:09 : Direct: Dragons: perdi la llave de mi camioneta q esta en gorca
18:29:10 : Direct: juandayz: pasa q tenes q esperar a q se arme
18:29:17 : Direct: Dragons: si ahora ya lo se
18:29:21 : Direct: juandayz: q camioneta es
18:29:28 : Direct: Dragons: la suv  de policia
18:29:29 : Direct: juandayz: te acordas el nombre=ç
18:29:33 : Direct: juandayz: ok
18:30:10 : Direct: juandayz: qeres q te ñlleve a la camio?
18:32:57 : Direct: juandayz: listo
18:33:03 : Direct: juandayz: te pongo la llave en la mochila
18:33:09 : Direct: Dragons: gracias
18:33:27 : Direct: juandayz: queres q te llevle halsta la suv? 
18:33:43 : Direct: Dragons: no esta bien...me quedo a ver si consigo algo 
18:33:48 : Direct: juandayz: ok
18:33:55 : Direct: Dragons: gracias de nuevo
18:34:01 : Direct: juandayz: no de nada
18:36:00 : Direct: juandayz: q paso?
18:36:23 : Direct: Paez 420: hola
18:36:36 : Direct: juandayz: ;)
18:36:41 : Direct: Paez 420: llevo jugando un par de días
18:36:47 : Direct: juandayz: ajam
18:37:04 : Direct: Paez 420: primero que nada, muy buen servidor
18:37:18 : Direct: juandayz: gracias :) estas medio perdido cn el server?
18:37:28 : Direct: Paez 420: pero siento que le falta un poco más de dificultad a las misiones, las hemos realizado con winchester
18:38:01 : Direct: Paez 420: hi
18:38:07 : Direct: juandayz: hi mundi
18:38:19 : Direct: juandayz: bueno te dejo paz
18:38:21 : Direct: juandayz: paez
18:38:26 : Direct: Paez 420: gracias
18:38:36 : Direct: Paez 420: espero puedas tomar en consideracion mi comentario
18:38:46 : Direct: juandayz: cualquer cosa pregunta por el global, si se considera todo
18:38:55 : Direct: Paez 420: gracias
19:36:39 : Direct: Azrael1x: xd
19:44:08 : Direct: Azrael1x: HOLA LOCO
19:55:06 : Direct: [Amish]Churro: tira el coso de friendly
19:55:12 : Direct: [Amish]Churro: no se si sale la bala
19:55:31 : Direct: [Amish]Churro: ahi ta... no jode mas la vaca
19:58:03 : Direct: [Amish]Churro: jaja
19:58:18 : Direct: [Amish]Churro: -a ver si tengo un arma
19:58:22 : Direct: [Amish]Churro: en el baul
19:58:34 : Direct: [Amish]Churro: alejate
19:58:38 : Direct: [Amish]Churro: q si no nodeja
19:59:29 : Direct: [Amish]Churro: ahi tenes
19:59:45 : Direct: [Amish]Churro: como?
20:00:00 : Direct: [Amish]Churro: sabes q ni idea
20:02:21 : Direct: juandayz: es re flayero viste
20:02:37 : Direct: juandayz: ensima dispara
20:14:44 : Direct: juandayz: no me descanses q te spanweo un  tanque y te meto un tiro en la panza bigote :D
20:14:49 : Direct: Azrael1x: juan sacanos la mision del airfield plz XD
20:15:00 : Direct: Azrael1x: jajajaja
20:16:50 : Direct: juandayz: anda no mas aaazra,
20:23:17 : Direct: juandayz: hello
20:23:23 : Direct: juandayz: need something?
20:23:33 : Direct: juandayz: im adm
20:25:21 : Direct: juandayz: alguna duda paez
20:25:37 : Direct: Paez 420: llevo una hora buscando una llanta xD
20:25:45 : Direct: juandayz: jajaj
20:28:14 : Direct: Paez 420: gracias
20:33:42 : Direct: juandayz: fijate jose luis
20:33:55 : Direct: juandayz: q salio una mision aca nomas sin bots
20:33:57 : Direct: Jose Luis: dime
20:34:00 : Direct: juandayz: aprovecha
20:34:18 : Direct: Jose Luis: que coordenadas
20:34:21 : Direct: juandayz: abri el mapa, fijate el circulo rosa sobre mercado central
20:34:44 : Direct: juandayz: las misiones rosas no tienen bots
20:34:47 : Direct: Jose Luis: no es el circulo naranja?
20:34:53 : Direct: juandayz: si
20:35:02 : Direct: Jose Luis: voy y que hago 
20:35:02 : Direct: juandayz: anda q hay cajas de armas en esas misiones
20:35:07 : Direct: juandayz: no tienen bots
20:35:45 : Direct: Jose Luis: ya voy entonces
20:35:52 : Direct: Jose Luis: oye porque el erver ha estado caido hoy
20:36:54 : Direct: juandayz: no tires
20:37:11 : Direct: juandayz: estas en un trade
20:37:14 : Direct: juandayz: roger
20:37:16 : Direct: juandayz: es kick
20:47:52 : Direct: juandayz: q paso?
20:48:14 : Direct: juandayz: ahi esta
21:16:27 : Direct: juandayz: holaa
21:16:44 : Direct: juandayz: sabes como usar el basurero dromsito?
21:17:33 : Direct: juandayz: con una pala en el inventario y la barreta en mano te deja buscarr items
21:18:43 : Direct: juandayz: toma
22:13:55 : Direct: juandayz: hola
22:14:20 : Direct: juandayz: alguna duda del server?
22:14:30 : Direct: juandayz: no te escondas, soy adm :D
22:16:10 : Direct: Yotam: HOLA
22:16:18 : Direct: juandayz: hola :)
22:16:26 : Direct: juandayz: entendes algo del server?
22:16:31 : Direct: Yotam: LO SIENTO , NO SABIA COMO ESCRIBIR, SOY NOOB
22:16:38 : Direct: juandayz: jaja ok no hay drama
22:16:43 : Direct: juandayz: bienvenido
22:16:52 : Direct: Yotam: gracias, recien me adapto
22:17:01 : Direct: Yotam: pero me agrada arto este server
22:17:05 : Direct: juandayz: ok, te recomiendo q vayas a mercado central
22:17:15 : Direct: juandayz: ahi tenes varias cosas para hacer
22:17:30 : Direct: Yotam: gracias, mas o menos en que direccion esta?
22:17:49 : Direct: juandayz: tambien fijate en tu inventario, hay un libro si no lo tiraste, hacele click derecho y te dice alguna info sobre el server
22:18:11 : Direct: juandayz: el mercado central esta al noreste, con la M abris el mapa  , fijate q esta marcado
22:18:13 : Direct: Yotam: ok
22:18:23 : Direct: juandayz: bueno te dejo, suerte!!
22:18:24 : Direct: Yotam: gracias!! :D
22:57:14 : Direct: jecoxs: ea 
22:57:16 : Direct: jecoxs: asdasdas
22:58:07 : Direct: jecoxs: ea we
22:58:15 : Direct: jecoxs: yo si los esucho
23:00:10 : Direct: Maty: que onda pa
23:00:21 : Direct: Maty: puedo vender armas y eso acá no?
23:00:24 : Direct: juandayz: sip
23:00:24 : Direct: Maty: o es en otro lado?
23:00:27 : Direct: Maty: genial
23:00:43 : Direct: juandayz: estan todos los trades aaca agrupados
23:01:19 : Direct: juandayz: tambien podes hacer optras cosas, como apostar, jugar ruleta rusa, estar con la prostituta.. etc
23:01:34 : Direct: Maty: uh prostituta re piola
23:02:17 : Direct: juandayz: ese es el black market
23:02:29 : Direct: Maty: tengo como 4 de estos rifles
23:02:33 : Direct: Maty: queria venderlos todos
23:05:14 : Direct: Maty: aquel hizo cuerpo a tierra de la nada
23:05:16 : Direct: Maty: es normal?
23:05:22 : Direct: juandayz: te los compro yo 
23:05:30 : Direct: juandayz: por ser nruevo ;)
23:06:04 : Direct: juandayz: ta dejalos
23:06:39 : Direct: Maty: ahi esta, esos son todos jajaja
23:06:46 : Direct: juandayz: ;)
23:06:48 : Direct: Maty: como cobro la plata de este maletin?
23:06:52 : Direct: Maty: se lo vendo al trader?
23:06:52 : Direct: juandayz: veni
23:07:20 : Direct: Maty: ah ahi está
23:07:22 : Direct: Maty: gracias man
23:07:27 : Direct: juandayz: no de nada
23:07:37 : Direct: juandayz: alguna duda del server?
23:07:46 : Direct: Maty: por qué me consume tantos fps? 
23:07:47 : Direct: juandayz: gralmente la gente nueva no entiende un pomo :D
23:07:54 : Direct: Maty: es mi unica duda hasta ahora JAJA
23:08:09 : Direct: juandayz: jajajaja aca adentro? o en todo el map
23:08:17 : Direct: Maty: evidentemente es en casi todo el mapa
23:08:28 : Direct: Maty: como que va piola y de la nada me dropea a 20 fps
23:08:42 : Direct: juandayz: si era aca te diria por la cant, de objetos, pero en todo el map no se
23:08:48 : Direct: juandayz: tal vez por la puta lluvia
23:08:55 : Direct: Maty: ah puede ser, la lluvia es un sida
23:09:04 : Direct: juandayz: se, igual corta de a ratos
23:09:09 : Direct: Maty: se
23:09:11 : Direct: juandayz: despues se la sacos
23:09:16 : Direct: Maty: che otra cosa
23:09:18 : Direct: juandayz: es algo pendiente :D
23:09:20 : Direct: juandayz: si decime
23:09:30 : Direct: Maty: acá cuando resetea el sv se arreglan los vehiculos?
23:09:36 : Direct: juandayz: no
23:09:40 : Direct: Maty: menos mal JAJA
23:09:51 : Direct: juandayz: fijate tambien
23:09:54 : Direct: Maty: vengo jugando en un brazuca y hacerle mierda el auto a los bandits es al pedo
23:10:02 : Direct: juandayz: q hay una pcion oculta en el server
23:10:04 : Direct: Maty: porque resetea el sv y quedan al palo de nuevo
23:10:13 : Direct: juandayz: q cuando te acercas a los humvies destruidos
23:10:19 : Direct: juandayz: esos de adorno viste?
23:10:22 : Direct: Maty: se
23:10:29 : Direct: juandayz: podes arreglar el radio y pedir suministros
23:10:39 : Direct: Maty: ah chabon eso está buenisimo
23:10:43 : Direct: juandayz: o un ataque de artilleria a x lugar del map
23:10:53 : Direct: Maty: ah entonces la artilleria fue lo que vi en berezino hace un rato JAJAJA
23:11:05 : Direct: juandayz: jaja no, ese es el su34 de la ia
23:11:15 : Direct: Maty: fua, sarpado
23:11:22 : Direct: juandayz: hace un recorrido especifico y tira una bomba en un lugar determinadio
23:11:30 : Direct: juandayz: es mas para asustar q otra cosa
23:11:41 : Direct: Maty: entonces el resto del sv es como cualquier otro epoch?
23:11:46 : Direct: juandayz: tambien fijate q hay traders ambulantes, q tienen mejores precios
23:11:58 : Direct: Maty: osea las misiones el ia de mierda sorete forro que te mata a 600 metros, el sistema de casas y tal?
23:12:17 : Direct: juandayz: si las misiones estan
23:12:26 : Direct: juandayz: tambien estan esas q no tienen bots
23:12:45 : Direct: juandayz: fijate en tu inventario, si no lo tiraste, tenes un libro
23:12:54 : Direct: juandayz: hacele click derecho y te explica mucho
23:13:21 : Direct: juandayz: podes hacer ganaderia, huertas, y varias construicciones en tu base, una vez q la hagas
23:13:30 : Direct: Maty: dale, genial
23:13:42 : Direct: juandayz: cualquier cosa preguntas ;)
23:13:53 : Direct: Maty: ultima cosa
23:13:58 : Direct: Maty: como bajo el arma?
23:14:05 : Direct: Maty: no encuentro el key del orto
23:14:18 : Direct: juandayz: ni idea jajaj
23:14:22 : Direct: Maty: ste geim
23:14:27 : Direct: Maty: bueno, me tomo el palo a ver que hago
23:14:27 : Direct: juandayz: gralmente es con ctrl
23:14:28 : Direct: Maty: gracias
23:14:42 : Direct: Maty: a mi no me deja con ctrl por eso jaja
