01:00:19 : Side: jMM: Oi, br ?
01:54:24 : Side: jMM: Oi
01:54:29 : Side: jMM: br ?
02:37:03 : Side: jMM: Hola martis
02:37:08 : Side: jMM: vamos a jugar
02:37:09 : Side: jMM: hmmm
02:37:31 : Side: Marti: Holaa
02:37:57 : Side: jMM: como estas bebe ?
02:37:59 : Side: jMM: JAJA
02:38:10 : Side: vodka: hola marti
02:38:24 : Side: Marti: Hola lalo!
02:39:02 : Side: vodka:  como estas ? 
02:39:50 : Side: Marti: todo bien, vos?
02:40:02 : Side: jMM: queres jugar con nosotros? necestiamos constructora
02:40:06 : Side: vodka: bien 
02:40:58 : Side: Marti: me alegro
02:41:07 : Side: jMM: xq me tratas asi?
02:41:11 : Side: Marti: gracias por la invitacion, pero no por ahora
02:41:37 : Side: jMM: veni te invito a mi casita
02:42:11 : Side: Marti: jajjaja
02:42:23 : Side: jMM: tenemos fogata
02:42:25 : Side: jMM: para el frio
02:42:47 : Side: Marti: disfrutenla 
02:43:07 : Side: jMM: dale veni =(
02:46:45 : Side: jMM: por las dudas no tenes el hammer ?
02:49:12 : Side: jMM: marti, por que no queres jugar con nosotros ?
02:49:52 : Side: Marti: porque me gusta aprender a jugar sola
02:50:05 : Side: jMM: ah bueno
02:50:14 : Side: jMM: todo bien ya fue la amistad
03:20:00 : Side: vodka: y martin le vas agarrando la mano ?
03:20:13 : Side: vodka: jaja digo marti 
03:20:52 : Side: Marti: siii, estoy un poco mas rapida para hacer las cosas 
03:22:13 : Side: vodka: joya, en epoch wiki fijate q ahi tenes un tuto de crafteo
03:23:05 : Side: Marti: podes creer que justo recien abri esa pagina jajajaj
03:24:43 : Side: vodka: esta bueno yo simpre me fijo ahi ,no soy bueno armando bases va es mas nunca armo base
03:26:06 : Side: Marti: me dijo davi que segun lo que vio es bastante complicado
03:27:32 : Side: vodka: yo solo se poner paredes y techo, hay muchas cosas q se pueden poner 
03:27:54 : Side: vodka: si es por mi armo con 4 paredes y techo nomas jaja
03:28:44 : Side: Marti: es muy probable que yo termine haciendo eso ajjajaja
05:15:32 : Side: jMM: volvi marti
05:15:34 : Side: jMM: me extrañaste ?
05:16:04 : Side: Marti: jajajaja ni sabia que no estabas
05:16:15 : Side: jMM: we, por que sos tan mala onda conmigo?
05:16:20 : Side: jMM: tratame bien
05:17:11 : Side: Marti: es que no sabia de verdad jajaja
05:17:22 : Side: jMM: que necesitas saber del juego?
05:17:26 : Side: jMM: tipo, tenes tu base todo ya ?
05:20:55 : Side: jMM: queres grupo para ayudarnos con una mision ?
05:21:22 : Side: Marti: como te decia, no tengo base ni nada que requiera dificultad ajajaja
05:21:41 : Side: jMM: y que onda, entras tipo a pasear por el mapa ?
05:21:44 : Side: Marti: yo los ayudaria, pero soy una mierda total
05:22:12 : Side: jMM: no pasa nada
05:22:17 : Side: jMM: nadie aprendio de un dia al otro
05:22:22 : Side: jMM: si queres venir todo piola
05:22:25 : Side: jMM: vamos con lalo
05:22:44 : Side: jMM: estaria bueno asi vas aprendiendo la mecanica del juego
05:23:57 : Side: Marti: Y a donde voy?
05:24:08 : Side: jMM: lalo esta en electro
05:24:14 : Side: jMM: mira, apreta la G
05:24:20 : Side: jMM: y en la radio
05:24:32 : Side: jMM: hacele click derecho, click izquierdo en manage group
05:24:40 : Side: jMM: y pone Accept, te tiramos grupo asi vemos donde estas
05:24:43 : Side: jMM: te pasa a buscar el
05:25:00 : Side: jMM: yo estoy achurando un perro
05:25:17 : Side: Marti: ok, esperen que voy a buscar mi cuerpo
05:32:17 : Group: jMM: hola linda JAJA
05:32:34 : Group: Marti: jajaja
05:32:47 : Group: jMM: te paso a buscar
05:32:52 : Group: jMM: esperame ahi
05:32:54 : Group: jMM: o donde moriste ?
05:34:07 : Group: Marti: estoy en antiguo policlinico 
05:35:52 : Group: jMM: donde estas cabezona
05:36:29 : Group: jMM: subiste ?
05:36:33 : Group: Marti: ajam
05:39:13 : Group: jMM: mala idea whatsapp y heliq
05:39:40 : Group: Marti: jajajajaja
05:41:40 : Group: jMM: nos cagan a tiros negra bajate
05:42:35 : Group: jMM: CHE MARTI SOS VAGUITO? 
05:42:53 : Group: Marti: a que te referis?
05:43:02 : Group: jMM: xq no me salis con el cuadrado de grupo
05:43:06 : Group: jMM: para no tirarte
05:43:10 : Group: jMM: tu personaje es hombre ?
05:43:24 : Group: Marti: aaah si soy hombre ahora
05:44:44 : Group: jMM: DESDE ACA SE VE LA MISION MIRA
05:44:56 : Group: jMM: HACIA EL SUROESTE
05:45:45 : Group: Marti: como los cubro?
05:46:19 : Group: vodka: mata a los q se nos acerque
11:22:54 : Side: Black96_ARG: buenas
11:23:19 : Side: Dexter: hoa
11:23:39 : Side: Dexter: hacemos la mision dale?
11:23:50 : Side: Black96_ARG: cual
11:23:58 : Side: Dexter: la de staroye?
11:24:13 : Side: Black96_ARG: mm no se si llego
11:24:28 : Side: Black96_ARG: 7 kmw
11:25:13 : Side: Dexter: rejos
11:25:43 : Side: Dexter: ya fue ni yo llego
11:25:50 : Side: Dexter: estoy disparandole pero no llego
11:25:58 : Side: Black96_ARG: ya termina?
11:26:03 : Side: Dexter: ya se reinica 
11:26:07 : Side: Black96_ARG: ah ok
11:26:19 : Side: Black96_ARG: dsp hacemos alguna
11:46:00 : Side: Dexter: eh se callo esto?
11:46:08 : Side: Black96_ARG: se
11:46:14 : Side: Black96_ARG: como siempre jaja
11:46:16 : Side: Dexter: y mi auto :/
11:46:20 : Side: Black96_ARG: buscalo
11:46:23 : Side: Black96_ARG: siempre queda cerca
12:10:02 : Side: Dexter: oaaaaaaaaaaaaa
12:10:17 : Side: Black96_ARG: hola (?
12:16:00 : Side: Black96_ARG: ah pero q culo el mio
12:16:05 : Side: Black96_ARG: encontre un m107 en el trader
12:16:07 : Side: Black96_ARG: jajaja
12:16:19 : Side: Dexter: jajjajajaa
12:16:22 : Side: Dexter: buena
12:20:38 : Side: Black96_ARG: ya no se como hacer para q me venda el hdp del black market
12:20:43 : Side: Black96_ARG: no me da bola nunca
13:05:01 : Side: Black96_ARG: ok
13:05:08 : Side: JhonnyWalker: dalee
13:09:15 : Side: Black96_ARG: che juan no encuentro la forma de q me de bola el trader del black market
13:10:02 : Side: Black96_ARG: ahi taaa
13:10:09 : Side: Black96_ARG: gracias jaja
13:16:44 : Side: Black96_ARG: -
13:39:33 : Side: Dexter: porque me kickeo gente?
13:39:58 : Side: Black96_ARG: puso algo de se agoto el tiempo de verificacion de firma
13:40:52 : Side: Dexter: que poronga le pasa al internet
13:40:57 : Side: Black96_ARG: jaajja
13:41:05 : Side: Black96_ARG: ya se te empezo a laguear
13:41:41 : Side: Dexter: hasta mañana no juego nas :C
13:41:52 : Side: Black96_ARG: hacele quilombo al isp man
13:41:59 : Side: Dexter: ni bola me dan
13:42:02 : Side: Dexter: me toman el pelo
13:42:08 : Side: Dexter: y me ofertan mas mg
13:42:11 : Side: Dexter: y es la misma pija de ping
13:42:13 : Side: Black96_ARG: ajajaj
13:42:17 : Side: Black96_ARG: q asco
13:42:28 : Side: JhonnyWalker: si tenes arnet, compra vos un cable y cambialo 
13:42:33 : Side: Dexter: dicen que la velocidad no tiene nad que ver con el ping
13:42:54 : Side: Black96_ARG: la distancia mas q nada afecta
13:43:42 : Side: JhonnyWalker: tendrias q probar haciendo ping www.google.com -t   en el cmd
13:43:54 : Side: JhonnyWalker: a ver q transferencia de datos te da en milseg
13:44:00 : Side: JhonnyWalker: y si varian mucho
13:44:29 : Side: Black96_ARG: lo raro es q hasta al mediodia tiene 50 de ping
13:44:36 : Side: Dexter: de 17 a 70 tira
13:44:40 : Side: Dexter: y mas
13:44:56 : Side: JhonnyWalker: y revisaste la cajita de tel?
13:45:07 : Side: Dexter: no tiene telofono este internet 
13:45:12 : Side: Dexter: es nano station loco m5
13:45:14 : Side: Dexter: airos
13:45:25 : Side: Dexter: creo que es internet de claro
13:45:25 : Side: Black96_ARG: no es la caja ni a palos, hasta el mediodia del anda perfecto
13:45:27 : Side: Black96_ARG: asiq es el isp
13:45:29 : Side: Dexter: fibra optica
13:45:34 : Side: JhonnyWalker: ahh okk
13:45:43 : Side: Dexter: voy a comer gente
13:45:44 : Side: JhonnyWalker: por ahi por hora pico te baje
13:45:50 : Side: JhonnyWalker: la verdad no se
13:45:58 : Side: Black96_ARG: chau
13:46:05 : Side: Dexter: gracias 
13:59:26 : Side: Leodagos: linda desconexion para volar en heli ee
14:00:04 : Side: User: buena ^^
14:11:04 : Group: Dexter: que onda amigo
14:11:31 : Side: Leodagos: aca x lootear un pocoo
14:11:36 : Group: Leodagos: asd
14:11:39 : Group: Dexter: esta bien jajaa
16:10:26 : Side: Hawk: buenas
16:10:35 : Side: Black96_ARG: hola
16:10:41 : Side: Hawk: black, como va?
16:10:50 : Side: Black96_ARG: todo bien
16:10:53 : Side: Black96_ARG: pisteando con la suv
16:10:54 : Side: Black96_ARG: jaja
16:11:06 : Side: Hawk: kiiaa de ATV a SUV, vas volando
16:11:13 : Side: Black96_ARG: see
16:11:24 : Side: Black96_ARG: dude en comprarme un mtvr o como se llame
16:11:37 : Side: Black96_ARG: estan medio desbalanceados los precios, 40k el camion y 70k la suv
16:11:54 : Side: Hawk: La SUV es mucho mas rapida en tierra es basicamente eso
16:12:05 : Side: Black96_ARG: si ya se
16:12:08 : Side: Black96_ARG: pero igual
16:12:33 : Side: Black96_ARG: fui a ver q onda a la mision de la stash house
16:12:38 : Side: Black96_ARG: pero esta en un terreno re pedorro
16:12:44 : Side: Black96_ARG: por las dudas me fui
16:13:44 : Side: Black96_ARG: este mod yo lo tenia en un server q abri una vez
16:13:50 : Side: Black96_ARG: creo q el q tenian es mejor
16:14:17 : Side: Black96_ARG: no se nunca me gusto jajaja
16:14:28 : Side: Black96_ARG: el q estaba antes me parece mejor
16:25:53 : Side: Hawk: sale mision?
16:26:22 : Side: Black96_ARG: fui a la stash
16:26:26 : Side: Black96_ARG: pero el terreno no da para hacerla
16:26:44 : Side: Hawk: jodidooo, vamos
16:26:50 : Side: Hawk: yo estoy re cerca
16:27:13 : Side: Black96_ARG: te recomiendo q vayas desde el sur
16:27:22 : Side: Black96_ARG: yo ahora en un toque voy
16:27:24 : Side: Hawk: venite que estoy aca no mas
16:31:40 : Side: Black96_ARG: y como la ves?
16:33:25 : Side: Hawk: estoy aca
16:34:28 : Side: Black96_ARG: toy yendo
16:36:16 : Side: Hawk: ok
16:37:11 : Side: Black96_ARG: tirame grupo
16:38:01 : Group: Hawk: dale gil
16:38:05 : Group: Hawk: me estan re tirando
16:38:10 : Group: Black96_ARG: tas muy cerca bldow
16:38:13 : Group: Black96_ARG: te dije q vayas del sur
16:38:22 : Group: Hawk: estoy bien, tengo tipo una montañita delante
16:40:02 : Group: Black96_ARG: cuantos quedan
16:40:14 : Group: Hawk: ni idea, no veo ninguno
16:40:33 : Group: Hawk: cubrime me pongo sangre
16:41:06 : Group: Black96_ARG: ahi baje a una zorra
16:41:19 : Group: Hawk: ok no veo mas, avanzo
16:41:53 : Group: Black96_ARG: dmr jojo
16:42:21 : Group: Hawk: buena
16:42:31 : Group: Hawk: no hay cajas ni nada? wtf
16:42:34 : Group: Black96_ARG: no
16:42:35 : Group: Black96_ARG: ajajaj
16:42:35 : Group: Hawk: q da la mision
16:42:42 : Group: Black96_ARG: por eso dije q no me gustan
16:43:01 : Group: Black96_ARG: la chata la podes vender
16:43:18 : Group: Hawk: see creo que el de stary la compra
16:44:28 : Group: Black96_ARG: hoy encontre un m107 en el trader
16:44:39 : Group: Hawk: anoche estrelle mi little bird :(
16:44:43 : Group: Black96_ARG: jajaja
16:44:44 : Group: Hawk: q trader?
16:44:46 : Group: Black96_ARG: stary
16:44:49 : Group: Black96_ARG: en las carpas
16:44:52 : Group: Hawk: wtf
16:44:56 : Group: Hawk: no sabia que spawneaban
16:45:02 : Group: Black96_ARG: yo tampoco pero ahi estaba
16:45:08 : Group: Black96_ARG: con 1 cargador igual
16:45:33 : Group: Black96_ARG: che alla hay una caja
16:47:14 : Group: Black96_ARG: yo habia jugado en un server q estas cajas se abrian con la palanca
16:47:24 : Group: Black96_ARG: pero aca parece q no
16:47:28 : Group: Hawk: desde aca dond estoy yo te deja agarrar
16:47:38 : Group: Black96_ARG: si pero hay un supply crate nomas
16:47:39 : Group: Hawk: son cosas de construccion
16:48:11 : Group: Black96_ARG: voy a buscar la suv
16:48:15 : Group: Hawk: dale
16:51:19 : Group: Black96_ARG: agarras el hmmvv_
16:52:39 : Side: Hawk: ahi vuelvo, afk
16:52:44 : Group: Hawk: ahi vuelvo
16:52:50 : Group: Black96_ARG: se
16:54:03 : Group: Black96_ARG: vamos aklen q esta mas cerca
16:54:16 : Group: Hawk: se
16:57:58 : Group: Hawk: daaa 20k no mas
16:58:08 : Group: Black96_ARG: jajaj
16:58:10 : Group: Black96_ARG: se
16:58:20 : Group: Black96_ARG: la suv sale 70 y cuando la vendes te da 15 o por ah
16:58:25 : Group: Black96_ARG: cualquiera
16:58:48 : Group: Hawk: naa esta bien, he visto servers donde esta el 50 % y eso si es cualquiera
16:58:59 : Group: Hawk: ahi vuelvo
17:04:49 : Group: Hawk: anda no mas, que estoy ayudando a los admins con un edit.
17:04:59 : Group: Black96_ARG: ok
17:14:23 : Group: Hawk: che encontraste el m107 o los cargadores?
17:14:33 : Group: Black96_ARG: el m107 y un cargador
17:14:42 : Group: Hawk: wtf, no esta en el loot. 
17:14:51 : Group: Black96_ARG: estaba en la carpa grande de la izq
17:14:55 : Group: Hawk: es muy raro
17:15:01 : Group: Black96_ARG: si quieren se los doy
17:17:56 : Group: Hawk: deci que estoy en el trader sino me moria de hambre por gil
17:18:20 : Group: Black96_ARG: hice la del hmmvv
17:20:30 : Group: Black96_ARG: una verga
17:29:00 : Side: Black96_ARG: admin
17:29:48 : Side: Black96_ARG: aca aparecio un kvsk en el mismo lugar q el m107
17:29:57 : Side: Black96_ARG: es normal?
17:30:10 : Side: Black96_ARG: veni a mirarlo por vos mismo
17:30:11 : Side: Black96_ARG: jajja
17:32:53 : Side: Black96_ARG: ok
17:33:12 : Side: Black96_ARG: despues te doy el m107 si qures
17:34:58 : Side: Black96_ARG: el take clothes parece q funciona, no lo probe pero aparecia como opcion
17:35:18 : Side: JhonnyWalker: yo lo probe y funciona
17:36:04 : Side: Black96_ARG: sisi
17:42:39 : Side: JhonnyWalker: me muero mucho :(
17:42:47 : Side: Black96_ARG: por?
17:43:34 : Side: JhonnyWalker: por hacer misiones con escopeta
17:43:41 : Side: Black96_ARG: jajajajd
17:43:44 : Side: JhonnyWalker: :D
17:44:18 : Side: Black96_ARG: primero anda a un airfield
17:48:13 : Side: Black96_ARG: 12 min aprox
17:49:03 : Side: Black96_ARG: ok
18:21:54 : Direct: Hawk: hahahah
18:21:59 : Direct: JhonnyWalker: parcur
18:22:03 : Direct: Hawk: wtf
18:22:07 : Direct: Hawk: re salto boludo
18:42:48 : Side: Black96_ARG: kecho sos vos el del heli?
18:42:53 : Side: Black96_ARG: ah no
18:42:54 : Side: Black96_ARG: jajaja
18:42:56 : Side: kecho: No
18:43:01 : Side: kecho: Tiraleeeee jejeje
18:43:06 : Side: Black96_ARG: noo es de la mision
18:43:13 : Side: Black96_ARG: cayeron un monton de negros en paracaidas
18:46:24 : Side: Black96_ARG: los bandit tienen los mismos vehiculos q los hero?
18:47:14 : Side: Black96_ARG: uhh q cagada, si hago esta mision me baja toda la bondad jaja
18:52:20 : Side: Black96_ARG: me la re dieron ajajaj
18:54:55 : Side: Hawk: black estas en la mision negra?
18:55:01 : Side: Black96_ARG: ya me la dieron
18:55:05 : Side: Black96_ARG: estoy yendo a buscar el cuerpo
18:55:10 : Side: Hawk: ahi te mando grupo yo estoy aca
18:55:40 : Group: Black96_ARG: creo q ya inhabilite el hmmvv
18:56:31 : Group: Hawk: estan las 3 m2 arriba todavia
18:56:39 : Group: Black96_ARG: si a esas no les di
18:56:48 : Group: Black96_ARG: estaba re tranqui pero me vino el hmmvv hdp
18:58:17 : Group: Hawk: ahi cayeron las m2
18:58:26 : Group: Black96_ARG: joya
18:58:31 : Group: Black96_ARG: todavia estoy a 500m -_-
19:10:38 : Side: Black96_ARG: los q estan aca son ud no?
19:11:29 : Group: Black96_ARG: atras de un coso de pasto
19:11:36 : Group: Black96_ARG: se sos vos
19:11:43 : Group: Black96_ARG: creo q no queda ninguno che
19:12:49 : Group: Black96_ARG: ahi lo baje
19:16:22 : Group: Black96_ARG: hay una mina viva adentro wtf
19:16:32 : Group: Hawk: se
19:21:14 : Group: Hawk: esta el chofer en el humvee
19:21:23 : Group: Black96_ARG: ya no
19:21:26 : Group: Black96_ARG: jaja
19:22:32 : Group: Black96_ARG: cuanto necesito para ser bandit?
19:22:41 : Group: Hawk: -5k
19:22:47 : Group: Black96_ARG: da
19:24:56 : Side: Black96_ARG: me voy un rato nos vemos
19:25:25 : Group: Hawk: dalew
19:29:48 : Side: Nachen: buenas
19:30:06 : Side: Hawk: buenas, base camper
19:30:21 : Side: Nachen: jajaj no compie ninguna base yo
19:30:26 : Side: Nachen: campee
19:30:29 : Side: Hawk: ah no!
19:30:41 : Side: Nachen: la de ustedes justo pase jaja
19:31:05 : Side: Nachen: che puede ser que se hayan borrado las cosas?
19:31:12 : Side: Hawk: q cosas
19:31:19 : Side: Azrael1x: hola mis nenasss
19:31:21 : Side: Nachen: vehiculos
19:31:25 : Side: Nachen: buen diaa
19:31:30 : Side: kecho: Hola Amor
19:31:38 : Side: Hawk: si los dejas abandonados los borra cada 3 dias
19:32:08 : Side: Nachen: te acordas en que pueblo fue la mision de ayer?
19:32:20 : Side: Nachen: porque deje el heli ahi :p
19:32:27 : Side: Hawk: q mision
19:32:36 : Side: Nachen: la de ayer
19:32:38 : Side: Nachen: que se te cayo
19:32:42 : Side: Nachen: y quede solari
19:32:57 : Side: Hawk: ayer? eso fue hace como 3 dias, que te tomaste
19:33:05 : Side: Nachen: naaa
19:33:13 : Side: Nachen: fue ayer o ante ayer
19:33:32 : Side: Nachen: el lunes fue
19:33:50 : Group: Azrael1x: kecho me llevas a la base?
19:33:51 : Side: Hawk: hace 3 dias gil
19:34:05 : Side: Nachen: bueno.. te acordas que pueblo era?
19:34:09 : Side: Hawk: naaa
19:34:18 : Side: Nachen: no seas gatiiiito
19:35:23 : Side: Hawk: era zeleono creo
19:35:34 : Side: Nachen: seguro?
19:35:39 : Side: Hawk: no
19:35:48 : Side: Nachen: mmm
19:36:11 : Side: Hawk: fue el lunes paso 12 horas en el server maso
19:36:31 : Group: Hawk: azra cagon azra cagon
19:36:34 : Group: Hawk: metete ts gil
19:36:59 : Group: Azrael1x: jajaja no se si me quedo mucho,pero quiero creftear un poco hoy
19:37:13 : Group: Azrael1x: y que el trolo de kecho me lleve a la cucha
19:40:01 : Side: Azrael1x: viste que mi personaje es como un village people?
19:40:37 : Side: Azrael1x: weeee este es el trolo de jm no?
19:40:50 : Group: Hawk: naa fui yo
19:40:53 : Group: Hawk: desde la consola
19:41:05 : Group: Azrael1x: ahh jaja ya aburre estar aca no?
19:41:46 : Side: Nachen: capo haaaawk lo encontre!
19:41:50 : Side: Nachen: te quiero
19:41:55 : Side: Hawk: era ahi?
19:41:59 : Side: Nachen: se
19:42:05 : Side: Nachen: ni me acordaba yo
19:44:32 : Group: Azrael1x: que estas haciendo kecho?
19:51:06 : Side: Nachen: buenaaas
19:51:11 : Side: Nachen: como va?
19:51:11 : Side: Hawk: stfu
19:51:25 : Group: Azrael1x: holas
19:51:31 : Side: Azrael1x: holas
19:51:45 : Side: Nachen: me alegro che
20:02:05 : Direct: Azrael1x: 5853
20:41:22 : Side: TheWoo: posta?
20:41:32 : Side: Nachen: la comiste
20:41:36 : Side: TheWoo: man
20:41:38 : Group: TheWoo: estaba volando
20:46:08 : Side: jackaroe: hola gente
20:46:12 : Side: Nachen: buenas
20:46:20 : Side: Hawk: buenas
20:48:40 : Side: jMM: hola bebes
20:48:47 : Side: Nachen: holis
20:48:55 : Side: jackaroe: holas
20:48:55 : Side: Hawk: bue ya cayo el mas putin
20:49:04 : Side: Azrael1x: holaaaa
20:49:12 : Side: Azrael1x: ya te hize un lugar en la cucha
20:49:13 : Side: jMM: dios no dejas de romper los helis man
20:49:15 : Side: jMM: lpmmmmmmmmmmm
20:49:20 : Side: jMM: este pt que estrella todo
20:49:30 : Side: Azrael1x: hasta te compre una safe para que guardes tu ropa
20:49:43 : Side: jMM: si me mudo con azra nomas jaja
20:49:56 : Group: Hawk: que es ese bunker gil
20:49:57 : Side: Azrael1x: XDD
20:50:04 : Group: jMM: me sobraba arena
20:50:10 : Group: jMM: re cheto esta
20:50:16 : Group: Hawk: naa bola, podria meter el little bird ahi, tranqui
20:50:29 : Group: jMM: sos loco vos
20:50:33 : Group: jMM: desde ahi se tiran tiros
20:50:44 : Group: jMM: si lo pones de costado al hawk entra el little
20:50:46 : Group: jMM: lo pusiste mal
20:50:53 : Group: Hawk: desarmalo gil que hay que poner otro piso ahi
20:51:01 : Group: jMM: ponelo desde aca
20:51:17 : Group: jMM: aparte con lalo dijimos que queda re bien
20:51:19 : Group: jMM: esta copado
20:51:33 : Group: Hawk: pero ponemos otro piso aca y lo moves hacia adelante
20:51:52 : Group: jMM: pero no hay mas pisos
20:51:58 : Group: jMM: gastamos todo con lalo anoche
20:52:08 : Group: Hawk: yo tengo para craftear, tengo metal panels todavia
20:52:14 : Group: jMM: y pone el piso pt
20:52:53 : Group: jMM: sino me voy con azra eh
20:53:05 : Group: Hawk: a ver cuantos  tengo
20:53:19 : Group: jMM: anoche andaba horrible man
20:53:26 : Group: jMM: 10 minutos para poner cada piso
20:53:32 : Group: jMM: y eramos 2 en el server
20:53:53 : Group: Hawk: si no es tema de cantidad de players
20:54:04 : Group: jMM: che devolveme mis municiones loco
20:54:08 : Group: jMM: me sacaste todas mis balas
20:54:30 : Group: Hawk: yo no tengo la pwd de esa gil
20:55:47 : Group: jMM: me voy a la casa de azra
20:56:12 : Group: Hawk: si mejor
20:56:14 : Group: Hawk: jajaja
20:56:59 : Group: jMM: a las 5am se ace de dia
20:57:00 : Group: jMM: hace
20:58:46 : Side: Ivan: wenas
20:58:56 : Side: jMM: jpña
20:59:06 : Side: Azrael1x: hola
21:07:44 : Side: Ivan: wenas como va?
21:07:53 : Side: Azrael1x: holoo
21:09:13 : Side: jMM: che ivan
21:09:17 : Side: Ivan: decime
21:09:19 : Side: jMM: los brazucas tienen base cerca tuyo jaja
21:09:42 : Side: Ivan: muy cerca?
21:09:55 : Side: jMM: y unos 700 metros
21:10:01 : Side: jMM: ellos te ven, pero ustedes no jaja
21:10:38 : Side: Ivan: por donde queda? la base?
21:10:47 : Side: jMM: ahi a 900 metros jajaw
21:11:05 : Group: jMM: tenes una rueda azra ?
21:11:09 : Side: Ivan: pero para el bosque o para otro lado?
21:11:27 : Side: jMM: para el otro lado
21:11:32 : Group: Azrael1x: para vos si bebe
21:12:21 : Side: Azrael1x: con el restart se le fue toda la gasolina a mi amada motocierra 
21:12:32 : Side: jMM: si desaparece
21:12:35 : Side: Ivan: me paso igual jaja
21:12:59 : Side: Azrael1x: e.e
21:14:23 : Side: jMM: esta tronando gente, va a llover
21:15:16 : Group: jMM: marcaste
21:15:18 : Group: jMM: gente
21:15:34 : Group: Azrael1x: capaz que sos vos
21:15:41 : Group: jMM: a 50 metros y estoy como a 800
21:16:01 : Group: Azrael1x: wepa ojo 
21:16:24 : Group: Azrael1x: justo estaba mirando tu marcador
21:16:57 : Group: Azrael1x: debe ser user
21:18:40 : Group: jMM: voy a pegar una vuelta
21:19:36 : Group: jMM: ahora a 100 metros
21:19:49 : Group: jMM: marcaste de nuevo
21:19:53 : Group: Azrael1x: miraba de tu lado izquierdo
21:20:12 : Group: Azrael1x: ocea para el lado de rify
21:20:46 : Group: jMM: ahora lo marcas cerca
21:21:14 : Group: Azrael1x: para mi que sos vos jaja
21:21:24 : Group: jMM: no puede ser xq dice desconocido
21:21:26 : Group: jMM: cerca
21:21:33 : Group: jMM: y hoy dijo a 100 metros y estaba a 50 yo
21:23:39 : Group: jMM: creo que vi alguien en el bosque
21:24:00 : Group: Azrael1x: cerca tuyo_
21:24:08 : Group: jMM: a unos 50 metros
21:24:22 : Group: jMM: detras de una loma
21:24:48 : Group: jMM: para aquel lado
21:24:48 : Group: Azrael1x: perdonnnnnn
21:25:12 : Group: jMM: era un conejo
21:25:14 : Group: jMM: jaja
21:25:24 : Group: Azrael1x: tas sangrando
21:25:36 : Group: jMM: si, siempre me pasa
21:26:03 : Group: Azrael1x: boludo no me marco que eras vos
21:26:11 : Group: jMM: jajaja
21:26:31 : Group: jMM: uh te pueden cagar a granadazos 
21:26:45 : Group: Azrael1x: si por eso me puse a craftear
21:26:55 : Group: Azrael1x: pasra hacer techo de madedra al menos
21:26:57 : Group: jMM: esta re lento el craft, no se que debe ser
21:27:10 : Group: Azrael1x: aca esta la rueda
21:27:30 : Group: jMM: ques PSO ?
21:27:45 : Group: Azrael1x: minimizo un toque ahora vengo,estoy consultando la wiky epoch XD
21:27:56 : Group: Azrael1x: PSO_
21:28:03 : Group: jMM: si hay un AK con mira PSO
21:28:20 : Group: Azrael1x: ahhh debe ser telescopica supongo
21:30:03 : Group: Azrael1x: ah quedaste encerrado jaja
21:30:17 : Group: Azrael1x: te paso la clave del garaje asi venis cuando queres
21:30:26 : Group: Azrael1x: 691
21:30:37 : Group: Azrael1x: anotaste_
21:31:10 : Group: Azrael1x: estas_
22:39:22 : Group: kecho: Mierdaaa
22:43:55 : Group: kecho: Como haces para serruchar y jugar?
22:44:06 : Group: Hawk: ???
22:44:22 : Group: kecho: Se escucha como que alguien esta serruchando 
22:44:28 : Group: kecho: En tu casa
22:44:38 : Group: Hawk: jajaja son tambores gil, andan las murgas en la vuelta
22:44:45 : Group: kecho: jajaja
22:44:54 : Group: Hawk: arregla el puto mic boludo
22:44:59 : Group: Hawk: no se que hiicste hoy, pero anduvo
22:47:29 : Group: kecho: que bolo
22:49:49 : Group: kecho: Llegue a los 100 zombies asesinados
22:50:57 : Group: kecho: Si
22:53:40 : Group: Hawk: anda mejor el server o mepa
22:54:02 : Group: kecho: Parace que si
22:54:12 : Group: kecho: Pero no hay nadie conectado
22:54:15 : Group: Hawk: por lo menos construye y bloquea rapido lso vehiculos
22:54:22 : Group: kecho: 5 personas solas
22:54:35 : Group: kecho: Mas o menos
22:54:42 : Group: Hawk: si igual la cantidad de personas te baja los fps cuando mucho, no la velocidad de respuesta del server
22:57:10 : Group: Hawk: y yo sigo crafteando metal panels
22:57:21 : Group: kecho: jejejej
22:58:58 : Group: Hawk: ahi creo que me da con estos metal panel para cerrar el techo, dos lados con metal panel dos con sandbags
22:59:28 : Side: jackaroe: perdon al q choque
23:00:15 : Side: kecho: La verdad que me hiciste perder un monton de armas
23:00:24 : Side: kecho: Y mi camioneta
23:00:29 : Side: jackaroe: se prendio fuego?d
23:00:35 : Side: kecho: Exploto
23:00:41 : Side: kecho: Sobrevivi de pedo
23:00:43 : Side: jackaroe: uhhh jaja lpm
23:03:39 : Side: Froztbyte: Buenas noches. Soy nuevo. ¿Como saco el cartel de las STATS a mi izquierda de la pantalla?
23:04:24 : Side: Hawk: no se puede
23:04:34 : Side: jackaroe: kecho jugas solo?
23:04:38 : Group: Hawk: estas marcando a alguien kecho
23:04:59 : Group: Hawk: 100 metros hombre pusiste recien
23:05:04 : Group: kecho: Marcando¡?
23:05:12 : Side: Froztbyte: ¿Cuanta gente entra promedio en este server?
23:05:14 : Group: Hawk: si el auto spotter
23:05:14 : Side: alj: muchachos le hacen publicidad a este server?
23:05:25 : Side: Froztbyte: Eso. ¿Hacen publicidad?
23:05:38 : Side: [EPP] RaferZero: y tienen una fan page
23:06:01 : Side: Froztbyte: ¿Pero le hacen publicidad?. Decimos, por la gente ( los slots )
23:06:08 : Side: alj: pero algo tipo publicarlo en los grupos sudamericanes de dayz por ej?
23:06:36 : Side: jackaroe: kecho me lees? queres hacer grupo ?
23:07:03 : Side: kecho: Me fui a dormir haciendo puchero que perdi todo
23:07:18 : Group: Hawk: jajaja
23:07:20 : Group: Hawk: q perdiste
23:07:36 : Group: kecho: La Suv con 12 armas
23:07:44 : Group: Hawk: anda? como?
23:07:48 : Group: kecho: a 300 metros del trader
23:07:59 : Group: kecho: Me chocaron de frente
23:08:14 : Group: kecho: Pero mi suv pedorra exploto
23:08:19 : Group: Hawk: lo hubieras recagado a tiros
23:08:37 : Group: kecho: No me dio tiempo
23:08:58 : Group: Hawk: que cagada, bue a pedealear jaja
23:09:48 : Group: kecho: No compro mas Suv
23:10:00 : Group: Hawk: comprate un vodnik o algo mas pesado
23:10:08 : Group: kecho: Para la proxima solo vogni
23:11:18 : Group: [EPP] RaferZero: te paso a buscar en mi coyota
23:11:23 : Group: [EPP]djeyvind: ya ta
23:12:14 : Group: [EPP]djeyvind: ojo mision
23:12:22 : Group: [EPP] RaferZero: se
23:13:44 : Side: [EPP]djeyvind: buenasm algun admin on?
23:14:02 : Side: [EPP]djeyvind: que tal chukyn como estamos_
23:14:23 : Side: [EPP]djeyvind: te queria decir una recomendacion y es algo critico en serio
23:14:47 : Side: [EPP]djeyvind: el fog tienen que poner que se pueda editar, si quieren hasta no se 5k pero se tendria que poder poner mas fog
23:14:49 : Side: Froztbyte: Admin. Yo ahora me tengo que desconectar. Despues me quiero comunicar con vos si es posible.
23:14:56 : Side: [EPP]djeyvind: limita mucho la jugabilidad el acual
23:15:18 : Side: kecho: Que es el fog?
23:15:37 : Side: [EPP] RaferZero: la niebla
23:15:37 : Side: [EPP]djeyvind: el rango de vision
23:16:01 : Vehicle: [EPP] RaferZero: izi admin
23:16:13 : Side: [EPP]djeyvind: pero para que tenes un arma con rango de 1300 si no podes utilizar_
23:16:21 : Side: [EPP]djeyvind: no tiene gracia entonces
23:16:37 : Vehicle: [EPP] RaferZero: naaa
23:16:46 : Side: [EPP]djeyvind: lapua as50 m107?
23:17:17 : Side: Nachen: noooo
23:17:18 : Side: [EPP] RaferZero: ok
23:17:22 : Side: [EPP]djeyvind: igual dmr m24 rango 800 900 1k calibrable
23:18:17 : Side: [EPP]djeyvind: man el fog tenes a menos de mil 
23:19:07 : Side: [EPP]djeyvind: esta bien looteo bajo misiones dificiles genial....
23:19:38 : Side: [EPP]djeyvind: pero extralimitas al tener dicho fog y sacando armas innecesariamente
23:19:45 : Group: [EPP]djeyvind: izi
23:19:49 : Side: Nachen: hardcore era el server de juan
23:19:57 : Side: Nachen: eso era hijo de mil putamente hardocre
23:19:57 : Side: [EPP]djeyvind: ponelas pero bien caras
23:20:31 : Side: [EPP]djeyvind: bueno, te estoy proponiendo algo para ganar gente
23:22:21 : Group: [EPP]djeyvind: na gg
23:22:25 : Group: [EPP] RaferZero: entonces para que queres jugar sin armas que tenes que batallar.. las misiones te ponen mas de 20 bots izis 
23:22:41 : Group: [EPP] RaferZero: necesitas rango para hacerlas y no morir al pedo
23:23:06 : Group: [EPP]djeyvind: no espera
23:23:15 : Group: [EPP]djeyvind: esta gente piensa que es cs
23:23:17 : Side: Nachen: opaaaa
23:23:29 : Group: [EPP]djeyvind: rango de 100 metros la batalla
23:23:34 : Group: [EPP]djeyvind: jaja go sobrevivientes
23:24:25 : Side: Hawk: jajaj y si, no neblina, sniper de un tiro, y bajar la cantidad de bots, un COD contra los zombies basicamente.
23:24:36 : Side: [EPP]djeyvind: CS es man CS
23:24:47 : Side: [EPP]djeyvind: suerte gente!
23:25:01 : Side: Hawk: q llorones de mierda loco
23:25:13 : Side: Hawk: bien kickeado
23:27:07 : Side: Hawk: nachen dejate de campear bases
23:27:30 : Side: Nachen: me consume cada vez mas y mas
23:27:44 : Side: Hawk: veo si, cada vez que salgo de la base miro para todos lados gracias a vos
23:27:47 : Side: Nachen: les pasa por pasarle mi base a jmm
23:27:53 : Side: Nachen: aajajjja
23:28:40 : Side: Hawk: y cuando lleog igual
23:29:01 : Side: Nachen: segun jmm vos le pasate donde queda mi base
23:29:22 : Side: Hawk: yo no se donde queda? o si
23:29:35 : Side: Nachen: jaja ahora no
23:29:44 : Side: Hawk: nunca supe
23:29:59 : Side: Nachen: me dijo que aparecio cuando estaba en fujitivo
23:30:07 : Side: Nachen: que estaba en la concha de la lora
23:30:17 : Side: Hawk: ahhh si, ciertoo, 
23:30:19 : Side: Nachen: el me dijo eso yoqc
23:30:34 : Side: Hawk: o sea me dio una idea de la ubicacion, pero ni idea bien donde es
23:30:50 : Side: Nachen: bueno la encontro
23:31:06 : Side: Nachen: asi que ahora esta bien defendida
23:31:11 : Side: Hawk: cagalo a tiros, tiene como -10k de humanidad el hdp
23:31:26 : Side: Nachen: jaja yo quiero ser heroe asi que joya
23:31:46 : Side: Hawk: yo me hice heroe matandolo a el cuando era fugitivo
23:31:55 : Side: Nachen: que gato ajaj
23:32:21 : Side: Hawk: lo mataba y volvia, y volvia y bue al toque heroe
23:32:44 : Side: Nachen: y se llenaron de guita
23:33:06 : Side: Hawk: cazamos un monton con lo de fugitivo, nos pagamos la base con eso
23:33:19 : Side: Nachen: mal eso era lo fruta del mod ese
23:33:33 : Side: Hawk: see 400k al toque
23:34:37 : Side: Nachen: che puede ser que el mk16 mk4cq/t tenga mira termica? o nada que ver?
23:34:47 : Side: Hawk: no no tiene
23:34:57 : Side: Nachen: y porque la T?
23:35:07 : Side: Hawk: ni idea
23:35:22 : Side: Nachen: jaja porque capaz se podia activar y yo ni idea como
23:36:09 : Side: Hawk: no no tiene
23:36:19 : Side: Nachen: que paja
23:36:23 : Side: Hawk: creo que el trader de antena 4 lo compra por buen precio
23:36:35 : Side: Nachen: ah joya
23:38:52 : Side: Hawk: por lo menos se que vende la mayoria de las mk16
23:39:06 : Side: Nachen: ah copado
23:39:07 : Side: Nachen: graciela
23:39:34 : Side: Hawk: ta bueno el custom trader ese, con la torre de radio que anuncia las misiones, re inmersivo
23:39:50 : Side: Nachen: mal esta muy copado
23:39:58 : Side: Nachen: alta idea
23:40:17 : Side: Hawk: mal, por lo menos distinto es
23:40:42 : Side: Nachen: ajam
23:40:46 : Side: Hawk: boludo todo el dia crafteand
23:40:54 : Side: Nachen: es una paja
23:40:57 : Side: Nachen: yo lo detesto
23:41:07 : Side: Hawk: mal, pero ta, hay que construir
23:41:26 : Side: Nachen: se pero rompe mucho las bolas
23:41:51 : Side: Hawk: see, igual estan re baratos los materiales, excepto los cinder
23:49:20 : Side: Nachen: que es el dshkm?
23:49:28 : Side: Hawk: es municiion
23:49:31 : Side: Hawk: para los vehiculos
23:49:35 : Side: Hawk: de bandido en la mayoria creo
23:49:39 : Side: Nachen: ah oka
23:50:12 : Side: Hawk: si tenes vehiculo blindado cada vez que le recargas municion no la podes sacar, y se borra con el reinicio.
23:52:04 : Side: jackaroe: puedo liftear la vodnik con el mozzie?
23:52:10 : Side: Nachen: nop
