00:43:09 : Side: jackaroe: venden cargadores de ksvk
00:43:13 : Side: jackaroe: ?
01:03:49 : Side: kecho: Hola
01:04:09 : Side: jackaroe: como estas?
01:04:29 : Side: jackaroe: no hay misiones?
01:21:36 : Side: jackaroe: che no hay misiones que pasa_
01:21:58 : Side: kecho: Por ahora no vehiculo tengo
01:22:50 : Side: jackaroe: y a donde vamos sin misiones xC
01:23:14 : Side: kecho: A ver como conseguir plata para comprar un vehiculo
01:24:11 : Side: jackaroe: tengo un atv 
01:24:54 : Side: kecho: Y yo un bici vieja y chota :-(
01:27:30 : Side: jackaroe: te busco_
01:28:39 : Side: kecho: no tengo
01:36:26 : Side: jackaroe: lol
02:05:25 : Side: jackaroe: se me bugueo en el agua y me mori lpm
02:05:34 : Side: Hawk: jajaja
02:06:11 : Side: jackaroe: al final ni lo vi al loot
02:07:46 : Side: jackaroe: help jaajjaja
02:08:33 : Side: kecho: Subi al barco
02:08:41 : Side: kecho: y tratamos de rescatarte
02:08:50 : Side: jackaroe: o pera que vea si  puedo ver mi cuerpo
02:11:03 : Side: kecho: Y??? hay algo?
02:12:39 : Side: jackaroe: no parece ser las cajas que estan en el agua pero no me deja agarrar
02:13:02 : Side: jackaroe: voy a probar ootra vez
02:20:12 : Side: kecho: Ahora
02:20:24 : Side: jackaroe: pone de dia please o que se pueda votar mejor
02:20:35 : Side: kecho: Nocheeee
02:20:52 : Side: kecho: Jack comprate un NV
02:21:26 : Side: jackaroe: las armas son malas ensima no me permiten nv
02:21:40 : Side: jackaroe: la pkp siempre me lo permitio aca no
02:21:53 : Side: Hawk: solo dmr te permite nv
02:22:08 : Side: jackaroe: aca !
02:22:14 : Side: Hawk: en el heroe trader esta el m110
02:22:17 : Side: Hawk: que tiene nv
02:22:29 : Side: jackaroe: no quierooooo ser heroooooeeeeeeeeee jajaja
02:22:36 : Side: Hawk: Y bue bancatela entonces
02:22:50 : Side: jackaroe: eso hago pero trato de convecerlos xD
02:23:02 : Side: Hawk: naa parece que tienen bastante claro como quieren el server
02:23:54 : Side: jackaroe: bueno mi problema que trabajo y siempre me toca jugar de noche
02:24:00 : Side: Hawk: si yo igual
02:24:42 : Side: jackaroe: el bandi solo tiene 5 armas no hay beneficio para el malo!? mira que los presos en argentina cobran sueldo
02:26:06 : Side: jackaroe: jajaja
02:26:36 : Side: jackaroe: pera
02:27:04 : Side: jackaroe: pakeo la bici estoy re a patya
02:42:40 : Side: jackaroe: las misiones pudiste arreglar?
02:45:01 : Side: jackaroe: lol
02:58:31 : Side: jackaroe: las cajas con medicamentos estan bugueadas parece no tienen nada?
02:59:20 : Side: User: espera pelo loot nao tao proximo
03:21:23 : Side: Hawk: Marti te prendes hacer una mision
03:22:11 : Side: Marti: No tengo balas no tengo plata, no tengo una mierda basicamente jajaja
03:22:35 : Side: Hawk: venite para la mision bandit, y agarras algun arma de los bots cuando los bajemos
03:24:20 : Side: Marti: Estoy yendo a una parte si me bancas bueno y si no sigan sin mi jajaj
03:25:26 : Side: reconnect: Hola pipols
03:25:41 : Side: User: *.*
03:25:47 : Side: Hawk: que haces putita
03:25:53 : Side: reconnect: como va gato
03:26:52 : Side: reconnect: vamos a empezar a morir
03:28:00 : Side: reconnect: esaaa
03:56:13 : Side: reconnect: voy en un offroad a darles backup (?)
03:56:38 : Side: reconnect: le cargue municione vieja
03:56:50 : Side: Hawk: ya la terminamos
03:56:53 : Side: Hawk: ni te gastes
03:57:03 : Side: reconnect: bueno les dejo el offroad
03:58:11 : Side: reconnect: ojo les queda una m2
03:58:16 : Side: reconnect: de aca la veo
03:59:12 : Side: reconnect: la ven?
03:59:19 : Side: Hawk: ahi baje la artillada
03:59:50 : Side: reconnect: ahi te vi
04:00:01 : Side: Hawk: te re cago a tiros boludo
04:00:07 : Side: reconnect: da igual :D
04:02:58 : Side: Hawk: ojo q stan tirando reconnect
04:03:03 : Side: kecho: Vos disparaste reconect¡?¡
04:03:05 : Side: reconnect: NO
04:03:07 : Side: reconnect: LO VI
04:03:10 : Side: reconnect: ESTA AGACHADO
04:03:13 : Side: reconnect: AL LADO DEL GEAR
04:03:14 : Side: Hawk: debe haber algun otro bot
04:03:15 : Side: reconnect: ACOSTADO
04:03:31 : Side: Hawk: naa ese es kecho
04:03:42 : Side: kecho: El que esta al lado de la suv soy yo en el piso
04:05:30 : Side: Hawk: ya lo baje
04:19:11 : Side: reconnect: se esta haciedno de dia y el gamma me esta secando la cabeza
04:25:00 : Side: vodka: hola marti
04:25:24 : Side: reconnect: vodka...alta esplosion ameo
04:25:55 : Side: Marti: Hola Lalo! todo bien?
04:26:06 : Side: vodka: todo bien , vos?
04:26:23 : Side: vodka: explocion en donde ?
04:26:50 : Side: reconnect: la del mi17 cuando kamikazee contra la mision
04:26:52 : Side: reconnect: pense que estabas
04:27:06 : Side: vodka: anoche ?
04:27:15 : Side: reconnect: no recuerdo q dia es hoy
04:27:48 : Side: vodka: en mobilesca , a vos te tiraron los NPC de la mision ?
04:28:06 : Side: reconnect: no, no podia vender el chopper y decidi esstreyarlo
04:28:54 : Side: vodka: haaa si , no te moriste ?ç
04:28:57 : Side: reconnect: se
04:29:08 : Side: reconnect: con 60k en el sobolyi
04:29:36 : Side: vodka: te hubieras tirado de mas alto 
04:31:00 : Side: vodka: buee 
04:31:20 : Side: vodka: vive muriendo este pibe 
04:32:41 : Side: reconnect: CASI ME CORTAS CON LE CHIPPER
04:57:16 : Side: reconnect: Alguien se copa y me trae morfina?
04:57:44 : Side: reconnect: hay loot de recompensa de 26 cuerpos
04:58:29 : Side: vodka: si estoy voy ,ando a pata w
04:58:52 : Side: vodka: digo cerca
04:59:05 : Side: reconnect: estoy en la mision
04:59:13 : Side: reconnect: roja
04:59:32 : Side: reconnect: y en todos los cuerpos no hay una puta morfinaaa
04:59:59 : Side: reconnect: igual me arme una bici
05:00:04 : Side: reconnect: me voy al trader de bash
05:00:12 : Side: reconnect: (y)
05:00:13 : Side: vodka: huuu, yo estoy saliendo de electro 
05:00:20 : Side: reconnect: ufff
05:00:42 : Side: reconnect: les rompi el culo a los putos
05:00:48 : Side: reconnect: tenia 800 de sangre jaja
05:01:00 : Side: reconnect: cayo un heli con 10 wachines
05:01:42 : Side: vodka: bien ahi !! 
14:43:07 : Side: venomsmoker: lpm
14:51:57 : Side: Jonathan: HOLA
15:22:27 : Side: Jonathan: hola
15:22:43 : Side: User: hey
15:22:55 : Side: Jonathan: tu estabas en el camion?
15:23:08 : Side: User: sim, tive sorte de vc nao atirar
15:59:33 : Side: JhonnyWalker: hola user :)
15:59:52 : Side: User: hello 
16:00:13 : Side: JhonnyWalker: de que parte de brasil sos?
16:00:32 : Side: User: sao paulo
16:01:22 : Side: JhonnyWalker: san pablo, corintians o palmeiras?
16:01:52 : Side: User: nao torço ^^
16:01:59 : Side: JhonnyWalker: ahh ok :)
16:02:09 : Side: User: e voce?
16:02:18 : Side: JhonnyWalker: velez sarsfield
16:02:41 : Side: User: hum
16:03:16 : Side: User: esta fazendo missao?
16:04:28 : Side: JhonnyWalker: LOL
16:04:44 : Side: JhonnyWalker: como andas
16:05:20 : Side: Ivan: wenas todo bien?
16:05:31 : Side: JhonnyWalker: si arreglalo un poco por q malisimo el chiste
16:05:42 : Side: JhonnyWalker: hola ivan
16:05:52 : Side: Ivan: qien raideo la base?
16:05:58 : Side: Ivan: manga de c...
16:06:07 : Side: JhonnyWalker: te cabio?
16:06:39 : Side: Ivan: se ve que se aburren los ca.. y rompen todo..
16:06:51 : Side: Hawk: se siempre hay laugno
16:07:12 : Side: JhonnyWalker: hay q volverse resentido y romper todo lo q se vea
16:07:15 : Side: Ivan: si
16:07:25 : Side: Ivan: eso voy a hacer se que hay unos brasileros cerca
16:07:30 : Side: Ivan: les voy a incinerar todo el rancho
16:08:04 : Side: JhonnyWalker: user es el unico de brasil creo y nunca jode a nadie pobre :D
16:08:15 : Side: Hawk: se er tranqui el chabon
16:08:35 : Side: Ivan: cuanto apuesto que JMM tiene algo que ver jaja
16:08:47 : Side: Hawk: probablemente
16:08:48 : Side: JhonnyWalker: jajaja re escrachado JMM
16:08:50 : Side: Hawk: igual ayer no se conecto
16:10:06 : Side: Ivan: esos marcadores del mapa que son? no logro comprender? misiones?
16:10:21 : Side: JhonnyWalker: lugares fijos de looteo son
16:18:31 : Side: Hawk: acepta el grupo gil
16:21:36 : Side: Ivan: 6 dias y el auto no se desbloquea jaja
16:21:58 : Side: Hawk: Explotalo
16:26:05 : Side: Ivan: admin una duda como hacemos para que no hagan mierda las bases?
16:26:48 : Side: JhonnyWalker: para mi q las tenes q hacer de cinder si queres seguridad o de metal
16:28:37 : Side: Ivan: dale ya esta haciendose de noche? WHAT
16:35:49 : Side: Ivan: admin una duda quitaron el plot aca?
16:36:53 : Side: Ivan: admin, el plot aca esta puesto ? no me deja poner paredes etc..
16:37:01 : Side: Ivan: y antes si! jodeme que quitaron el plot :c
16:37:45 : Side: Ivan: admin efectivamente, nos scaron el plot como pueden hacer eso? !
17:01:05 : Side: Charlie: wenas wenas
17:14:16 : Side: Ivan: una consulta se puede "minar" en este mod? para conseguir plata etc.?
17:14:52 : Side: JhonnyWalker: creo q si, en el trade compran partes de oro y de plata
17:15:12 : Side: JhonnyWalker: y yo me cruze alguna piedra con oro por ahi
17:15:16 : Side: Charlie: yo arranque ayer despues de como 8 meses de no entrar... estoy probando cosas todavia XD
17:15:27 : Side: JhonnyWalker: hola charlie
17:15:31 : Side: Ivan: yo ya me olvide hace años que no entro, hola charlie
17:15:41 : Side: Charlie: Como va?
17:15:46 : Side: Ivan: alguien sabe quien raideo mi base, ojo que les pueden sacar el plot
17:15:48 : Side: JhonnyWalker: bien :)
17:16:08 : Side: Ivan: tengan cuidado que si tenes una palanca les sacn el plot :c
17:16:20 : Side: JhonnyWalker: si siempre es asi ivan :)
17:16:35 : Side: JhonnyWalker: por ahi te conviene buscar esas casitas q agrearon por el map
17:16:41 : Side: JhonnyWalker: y hacer base ahi
17:17:13 : Side: JhonnyWalker: yo estoy buscando la prision para hacer mi base :D pero no la encuentro
17:17:24 : Side: Charlie: si la veo te aviso XD
17:17:32 : Side: JhonnyWalker: jaja ok
17:17:52 : Side: Charlie: a mi lo que me esta pasando es que no puedo ejecutar fullscreen... tengo que jugar windowed... no se x que
17:18:04 : Side: JhonnyWalker: q raro
17:18:08 : Side: Charlie: sep
17:18:17 : Side: Charlie: anduve leyendo foros... pero nada
17:18:37 : Side: JhonnyWalker: no sera algun ajuste en las config de resoluciones?
17:19:32 : Side: Charlie: eso pense.. .pero me pongo a toquetear y me deja usar un par de resoluciones que se ven mal... pero la nativa del monitor no me la acepta... se minimi
17:19:54 : Side: Charlie: se minimiza y no me permite maximizar
17:20:13 : Side: JhonnyWalker: y si haces un launcher con parametros?
17:20:42 : Side: Charlie: tuve que meter en el archivo de config. que windowed me lo ejecute en la res de mi monitor... y casi que esta bien.. pero no del todo
17:21:16 : Side: Charlie: pero es lo mejor que pude lograr XD
17:24:30 : Side: JhonnyWalker: el trader de antena 4 compra partes de zombies, por si quieren haceer plata
17:25:00 : Side: Charlie: opa... no quiero saber que hace con las partes
17:25:06 : Side: JhonnyWalker: jajaja
17:25:30 : Side: Charlie: lo mas sano que se me ocurre es que compre partes de Z y venda guiso
17:25:45 : Side: JhonnyWalker: jaaj hace morsilla
17:25:54 : Side: Charlie: XD
17:27:42 : Side: Charlie: A pero muchas gracias!
17:27:56 : Side: Charlie: gracias por lo de gente 
17:29:14 : Side: Charlie: como decía... a ver si no le perdí la mano a esto que hace como 8 o 9 meses que no vengo
17:29:30 : Side: JhonnyWalker: fijate en el action menu podes armar una bici
17:29:47 : Side: Charlie: y yo corriendo como un bolú
17:30:02 : Side: JhonnyWalker: imagine q lo habias olvidado :P
17:30:11 : Side: Charlie: imaginaste muy bien jaja
17:30:41 : Side: JhonnyWalker: de paso mirate las reglas del server, te enseña algunas cosas q tiene
17:31:00 : Side: Charlie: chequeando
17:32:19 : Side: Charlie: bastante claro y justo
17:32:43 : Side: Charlie: nunca use el plot pole... tendré que aprender
17:33:15 : Side: Charlie: bueh... me sorprende que me acuerde que las armas funcionan con el agujero pa' delante
17:33:25 : Side: JhonnyWalker: el plot lo tenes q mantener tambien
17:33:37 : Side: JhonnyWalker: si no se te caen las paredes y eso :d
17:33:47 : Side: Charlie: ah.. com o en mi casa de verdad!
17:33:54 : Side: JhonnyWalker: jajaja claro
17:35:19 : Side: Charlie: opa.. mepa que escuche unos tirillos
17:36:24 : Side: Charlie: hay IA acá?
17:36:28 : Side: JhonnyWalker: si
17:36:30 : Side: Ivan: SII!
17:36:37 : Side: Charlie: ahhh... genial
17:36:40 : Side: Ivan: Che cuando se activa una mision necesito ORO :C
17:36:49 : Side: JhonnyWalker: que?
17:37:20 : Side: JhonnyWalker: ah q queres hacer una mision para conseguir oro
17:37:27 : Side: Ivan: sew
17:38:00 : Side: JhonnyWalker: ahi dijo el admin q las misiones no iban a spawnear hsta el siguiente restart, por q habia q correjirlas o no se que
17:38:05 : Side: Charlie: si no recuerdo mal recien dijeron que en el restart empiezan las misiones
17:38:11 : Side: Ivan: lpm
17:38:19 : Side: Charlie: una horita
17:38:33 : Side: Ivan: si el tema que me raideron todo, y es una PAJA empezar d enuevo
17:38:53 : Side: Charlie: por mi como quieran
17:39:47 : Side: Ivan: dale si queres
17:40:12 : Side: JhonnyWalker: si
17:40:21 : Side: Ivan: SI
17:40:22 : Side: Charlie: x mi si asi Ivan consigue  Oro jeje
17:40:22 : Side: User: estou na trade
17:40:40 : Side: Charlie: despues que reparta
17:40:51 : Side: Ivan: llego al plot y listo
17:41:20 : Side: Ivan: juan una duda, si o si los plot lo pueden sacar los users?
17:41:51 : Side: Ivan: lo podrian agregar al reglamento?
17:42:00 : Side: Ivan: tipo consejos?
17:42:11 : Side: Ivan: asi para los nuevos (como yo) evitamos quilombo jaja
17:42:33 : Side: Ivan: dale muchas gracias juan!
17:43:29 : Side: Ivan: ah y otra consulta, los autos cada cuanto se desbloquean?
17:43:43 : Side: Ivan: ya voy 1 semana esperando que se desbloquee un auto el cual perdi la llave
17:43:48 : Side: User: logoff
17:51:38 : Side: Charlie: quedamos solos?
17:51:55 : Side: Ivan: aparentemente
17:55:13 : Side: Ivan: kahd
17:55:15 : Side: Charlie: jajaja
17:56:23 : Side: Charlie: recien aviso un mensaje que en 5 reinicia... no no?
17:56:45 : Side: Charlie: ahhhh ta
17:57:33 : Side: Charlie: claro... como recien se reinicio en la ventanita de stats dice que reinicia en 2:50... por eso 
17:59:03 : Side: Charlie: bueno entonces salgo y me aguanto 5 mion mas ;)
18:57:17 : Side: JhonnyWalker: mas vale q corras User jajaj
20:41:36 : Side: Ivan: alguien esta haciendo la mision de los bandidos?
21:41:57 : Side: JhonnyWalker: holaaa a todos
21:52:54 : Side: Marce: como oculto la info de la derecha ? con insert no es
21:53:03 : Side: JhonnyWalker: no se oculta
21:53:40 : Side: Marce: ok
21:54:23 : Side: venomsmoker: vieron la dificultad de los bots?
21:54:27 : Side: venomsmoker: es genial
21:54:46 : Side: JhonnyWalker: sii estan re asperos
21:57:48 : Side: Marce: hola
21:57:55 : Side: JhonnyWalker: hi
21:58:19 : Side: Marce: como oculto la info de la derecha?
21:58:41 : Side: Marce: ok gracias
21:59:06 : Side: Marce: excelente idea
22:00:55 : Side: Marce: no puedo opinar, hace 10 minutos entre por 1ra vez
22:05:36 : Side: Marce: arme una bici pero desaparecio
22:05:55 : Side: JhonnyWalker: fijate si te quito la toolbox
22:06:01 : Side: Marce: y si
22:06:18 : Side: JhonnyWalker: medio raro
22:06:28 : Side: JhonnyWalker: vas a tener q comprar otra toolbox :D
22:12:20 : Side: Marce: q son los cuadrados amarillos_
22:12:24 : Side: Marce: ?
22:12:37 : Side: Nachen: lugarsitos de looteo
22:12:57 : Side: Marce: gracias
22:18:08 : Side: Marce: el rango se puede ajustar?
22:18:19 : Side: venomsmoker: en acciones me parece
22:18:56 : Side: Marce: nop
22:19:10 : Side: venomsmoker: entonces anda a configuracion
22:19:19 : Side: Nachen: rango del arma?
22:19:21 : Side: Marce: ese ya esta al maximo
22:19:32 : Side: venomsmoker: ah no ni idea entonces
22:22:55 : Side: venomsmoker: alguien nesesita team?
22:36:02 : Side: JhonnyWalker: me llene de plata con las municiones de M2 de la mision :D
22:50:10 : Side: JhonnyWalker: uy q cagada se me qudo la chata 
