02:52:43 : Side: Drixen: siempre hay pocos pibes?
02:53:00 : Side: Gera: parece nosotros recien entramos
02:53:14 : Side: Nicolas: yo soy nuevo.. aunque son las 3 de mañana tambien
02:53:28 : Side: Drixen: tenes razon
02:53:29 : Side: Gera: esa es una buena ww
02:53:32 : Side: Drixen: jaja
02:54:17 : Side: Nicolas: por costumbre igual me parece que hay mas tipo a la tarde mas que nada
02:55:09 : Side: Drixen: bueno mañana entro y veo q onda
02:55:10 : Side: Drixen: jaja
02:55:12 : Side: Drixen: nos vemos
02:55:26 : Side: Gera: chauchas
02:56:59 : Side: Nicolas: che vos sos nuevo o que onda?
13:58:07 : Side: JF: HOLA GENTE COMO VA quetal juan
13:58:20 : Side: Leodagos: hola , todo bien
13:58:59 : Side: Leodagos: q estas haciendo jf
13:59:32 : Side: JF: vendiendo y comprando algunas cosas
13:59:43 : Side: Leodagos: hacemos alguna mision o algo ?
14:00:40 : Side: JF: te agradezco por ahora tengo que terminar esta cuestion porque ya no tengo espacios
14:00:49 : Side: Leodagos: ok
14:01:45 : Side: juandayz: hola chicos
14:01:52 : Side: Leodagos: hola juan
14:01:59 : Side: juandayz: leo como andas
14:02:07 : Side: Leodagos: todo tranqi
14:02:15 : Side: juandayz: :)
14:02:22 : Side: Leodagos: una pregunta te hago
14:02:26 : Side: juandayz: si decime
14:02:32 : Side: JF: todo bien 
14:02:35 : Side: Leodagos: ahora cuando se cansa te late el corazon no ?
14:02:46 : Side: juandayz: si, te podes desmayar por sobrepeso
14:02:52 : Side: juandayz: tal vez lo saque
14:03:09 : Side: Leodagos: aa jaja q boludo estoy tomando painkiller como un gil
14:03:54 : Side: juandayz: si medio q rompe las bolas el sobrepeso ese
14:04:10 : Side: JF: si llevas sobrepeso te indica arriba apretando g cuantos kg llevas
14:04:13 : Side: Leodagos: el peso maximo se lo pones vos ? o ya viene predeterminado ??
14:04:31 : Side: juandayz: predeterminado, pero supongo que se debe poder modificar
14:04:37 : Side: juandayz: tengo q investigar
14:05:21 : Side: JF: esta bueno al final por ejemplo si te cargas la mochila con puro cinder blok casi que no aguanta nada
14:05:34 : Side: Leodagos: llevaba 2 cinder
14:05:38 : Side: Leodagos: y casi me desmayo
14:05:54 : Side: Leodagos: poneme algun gimnasio x lo menos xD
14:05:56 : Side: juandayz: si por eso te digo, yo me desmaye con 2 cninders el otro dia en el inventario
14:06:14 : Side: JF: tenes que ir recorriendo de a tramos de a 500 metros mas o menos 
14:06:29 : Side: juandayz: mmmmmmm corte q estaria bueno jajajaj un gimnacio en el mercado para ampliar la capacidad de peso
14:06:47 : Side: Leodagos: eee te gustoo eee
14:07:09 : Side: juandayz: si q no jaaj
14:07:09 : Side: JF: y cuando te entra el temblor tenes que parar y esperar un os segundos 
14:07:30 : Side: juandayz: tu personaje se cansa JF ya sabes por que
14:07:46 : Side: Leodagos: apas
14:07:48 : Side: Leodagos: apa
14:07:49 : Side: JF: jjajajajaaaajaa
14:07:53 : Side: juandayz: lo vas a matar a tu muñeco de tanto hacerlo entrar y salir de esa carpa
14:08:03 : Side: JF: bienvenida sea la fatiga jajajaa
14:08:20 : Side: Leodagos: esta bueno es rolero el tema de la fatiga
14:08:33 : Side: Leodagos: el tema es q aca en el juego nose como hacen cuando tienen q mover una base
14:08:41 : Side: juandayz: boludo este jf se delira toda la plata con la prostituta del mercado
14:08:43 : Side: Leodagos: con una mochila llena de cinder
14:08:45 : Side: Leodagos: vehiculos
14:08:52 : Side: Leodagos: jajajjaa
14:08:56 : Side: Leodagos: ta bieeen
14:09:04 : Side: Leodagos: en estos tiempos
14:10:11 : Side: Leodagos: ahora con el tema del farming
14:10:14 : Side: Leodagos: los animales
14:10:17 : Side: juandayz: ahora voy a poner un trader q la lleve en camioneta al monte
14:10:18 : Side: Leodagos: podes
14:10:29 : Side: Leodagos: agarrarte una obeja en su defecto
14:10:49 : Side: juandayz: uhhhhhhhh bolaaa
14:10:53 : Side: JF: buenisimo jajajajaaa siempre y cuando no te descarge una chiva
14:11:02 : Side: juandayz: "cojer oveja"  no lo habia pensado!!!!
14:11:10 : Side: Leodagos: jajaj q asco
14:11:15 : Side: juandayz: es re facil de hacer.. ya voy y le agrego la opcion
14:11:20 : Side: Leodagos: xD
14:11:25 : Side: Leodagos: q hdp
14:11:41 : Side: JF: jajajaajaaaaaaajhahahahaaajajaaja
14:11:48 : Side: juandayz: cojer conejo jaajajajaj ya lo veo a jf corriendo conejas por todo el monte
14:12:02 : Side: Leodagos: jaja
14:12:20 : Side: Leodagos: cada vez va a qerer mas
14:12:25 : Side: Leodagos: empezas x conejo
14:12:32 : Side: Leodagos: y terminas ensartando vacas
14:12:34 : Side: JF: para loco que tengo alergia asmatica y no me puedo reir tanto 
14:12:39 : Side: juandayz: cla terminas, frotarse contra un pino
14:13:10 : Side: Leodagos: vos q estas haciedno juan , necesitas hacer guita ?
14:13:36 : Side: juandayz: no estoy chequeando q no se borren mas las bases. pero parece q ya anda
14:14:15 : Side: Leodagos: la otra vuelta vi q habias puesto q hay q sacar el pole cuando moris
14:14:31 : Side: juandayz: si no esta mas el plot 4 life
14:14:38 : Side: juandayz: de alguna forma lageaba todo
14:14:41 : Side: juandayz: no se por q
14:14:53 : Side: Leodagos: pero se te rompe la palanca intentando sacar el pole?
14:15:10 : Side: juandayz: si hay una chance
14:15:17 : Side: juandayz: viene con el juego eso
14:15:21 : Side: Leodagos: aa okok
14:16:21 : Side: juandayz: bueno lo de cojer ovejas se lo voy a poner.. algua otra cosa para invennnntar se les ocurre?
14:16:34 : Side: Leodagos: jajaja te voy tirando lo q se me ocurra 
14:18:01 : Side: Leodagos: no man
14:18:19 : Side: Leodagos: me tiraron con artilleria cerca de gorka
14:18:20 : Side: Leodagos: juas
14:18:27 : Side: Leodagos: dios existe xD
14:18:28 : Side: Leodagos: safe
14:18:35 : Side: juandayz: jaaj el su34 seguro
14:18:43 : Side: juandayz: el avion bombardero
14:19:09 : Side: Leodagos: qien sera el hijo de puta q en un apocalipsis zombie se dedica a volar un avion y cazar gente
14:19:12 : Side: Leodagos: jaja
14:19:53 : Side: juandayz: es el ejercito de chernarus. la idea del servidor es que la provincia de chernarus esta en cuarentena y el ejercito hace lo posible para eliminar a to
14:19:57 : Side: juandayz: toodos
14:20:15 : Side: juandayz: hola brian!
14:20:41 : Side: Leodagos: q putos
14:20:44 : Side: Leodagos: hola brian
14:21:30 : Side: Leodagos: seria genial q la comunidad se prestase a " rolear "
14:21:35 : Side: juandayz: a lo mejor tambien agregue una opcion para que cada uno elija si quiere remover el pastoo, para los  qtienen pocos FPS
14:22:14 : Side: Leodagos: si eso esta bueno , customizacion de rendimiento
14:22:19 : Side: Leodagos: como lo de la vista
14:23:43 : Side: juandayz: y sobre la noche, no se q dicen ustedes? le ponemos noche?
14:23:57 : Side: Leodagos: para MI
14:24:00 : Side: Leodagos: ciclo
14:24:04 : Side: Leodagos: nochedia
14:24:06 : Side: Leodagos: con
14:24:09 : Side: Leodagos: vote day/night
14:24:35 : Side: Leodagos: si somos pocos y qieren q se haga de dia votan y listo
14:24:38 : Side: juandayz: pasa q el vote day es de infistar creo, tengo  q encontrar un yanqui buena onda q me lo pase :D
14:25:00 : Side: Leodagos: yo me hablaba con un yanqui q tenia un server
14:25:06 : Side: Leodagos: creo q era infistar
14:25:13 : Side: Leodagos: voy a ver si lo localizo 
14:25:16 : Side: Leodagos: x ahi te aporto algo
14:25:22 : Side: juandayz: dale joya
14:25:31 : Side: Leodagos: tenia un server napf
14:25:43 : Side: Leodagos: mapa
14:25:58 : Side: Leodagos: beerbandits se llamaba
14:26:15 : Side: juandayz: re borrachos por ahi
14:26:21 : Side: Leodagos: vivia en pedo el chabon
14:26:26 : Side: juandayz: hola lukas! bienvenido
14:26:36 : Side: Lukas: hola
14:26:37 : Side: Leodagos: hola 
14:26:48 : Side: JF: Hola...
14:29:42 : Side: Leodagos: che y los brasucas estos de sobreviventes
14:29:50 : Side: Leodagos: son medio ortivas?
14:29:58 : Side: Leodagos: x lo q hablabamos digo..
14:30:29 : Side: juandayz: no, pasa q como hay sistema de donaciones los donadores hacen looooo q quieren, es logico :D
14:30:38 : Side: juandayz: pero los admins eran buena onda
14:30:53 : Side: Leodagos: asdasd
14:30:55 : Side: juandayz: despues el resto es la tipica pelea entre arg y bra
14:32:00 : Side: Leodagos: alguien esta haciendo la mision del mv22 ?
14:32:10 : Side: JF: no
14:36:06 : Side: MaxBraian: ta vacio el ts je
14:42:30 : Side: Leodagos: che el mv22 no se puede vender no ?
14:49:29 : Side: Leodagos: OK
14:50:13 : Side: juandayz: hay nuevos items y vehiculos en el bandit trade, se emparejo un poco con el hero.. por que habia mucha desventaja siendo bandido
14:51:13 : Side: juandayz: por ej el bandit te vende ahora el hummvie que tiene municion de m240
14:51:17 : Side: Leodagos: juan te puedo pedir un favor?
14:51:20 : Side: juandayz: si
14:51:30 : Side: Leodagos: me rastreas un cuatri
14:51:40 : Side: Leodagos: 200m a la redonda
14:51:43 : Side: Leodagos: se ve q lo dejo
14:51:45 : Side: Leodagos: en el trade
14:51:47 : Side: Leodagos: tiene la llave
14:51:52 : Side: Leodagos: brian
14:51:58 : Side: Leodagos: si podes sino todo bien
14:52:23 : Side: juandayz: ahi te lo marque
14:52:49 : Side: Leodagos: no lo voe
14:53:40 : Side: Leodagos: gracias maestro
14:56:17 : Side: JF: hey juan esperando que se alejen
14:56:25 : Side: juandayz: tenes q suicidarte jajajajaj
14:56:35 : Side: JF: luego
14:56:56 : Side: Leodagos: se esta armando un chatarrerio aca 
14:56:58 : Side: Leodagos: jojo
14:57:28 : Side: juandayz: ya te contagiaste algo de la puta, por eso lo q estas de zombie 
14:57:49 : Side: Leodagos: BRIAN vuelvo despues edl reinicio
14:57:51 : Side: JF: jaajajaaaajaa
14:58:05 : Side: JF: tenia la boca llagada
14:58:06 : Side: MaxBraian: dale
14:58:14 : Side: Leodagos: como es e
14:58:18 : Side: Leodagos: es el ts
14:58:30 : Side: juandayz: sos un puerco jf
14:58:39 : Side: JF: jajajaaaaaa
14:58:47 : Side: JF: es lo que hay
14:58:48 : Side: MaxBraian: JUAN
14:58:55 : Side: juandayz: si?
14:59:04 : Side: juandayz: escribimeç
14:59:14 : Side: MaxBraian: sabes si hay bancos
14:59:18 : Side: juandayz: -no hay
14:59:23 : Side: MaxBraian: ah oka
14:59:24 : Side: juandayz: guardas la plata en las safes
14:59:27 : Side: juandayz: o vehiculos
14:59:29 : Side: MaxBraian: oka
14:59:34 : Side: juandayz: carpas, lockbox etc
15:04:25 : Side: juandayz: hola seba
15:04:30 : Side: sebastian: holaaa
15:04:40 : Side: sebastian: juan :c mi mochila no tiene nada ?
15:04:49 : Side: juandayz: perate
15:06:03 : Side: MaxBraian: hola seba
15:06:09 : Side: sebastian: hola
15:17:02 : Side: MaxBraian: seba metete al ts
15:22:05 : Side: Leodagos: inviten al grupo 
15:23:27 : Side: Leodagos: voto por el ciclo con noche juan
15:23:31 : Side: Leodagos: de una
15:26:57 : Side: Leodagos: DE UNA
15:28:36 : Side: Leodagos: de lo q hacen los jugadores ?
15:28:52 : Side: Leodagos: -
15:29:34 : Side: Leodagos: y no se puede armar algo en un punto del mapa con un vendedor q el q lo controla gana dinero como decis ?
15:29:42 : Side: Leodagos: q alla una lucha x esa zona o algo asi
15:29:45 : Side: Leodagos: se me ocurre q se yo
15:32:25 : Side: Leodagos: claro
16:13:51 : Side: Juan: disculpen como es la onda de laburar en la cantera o asseradoero?=
16:14:17 : Side: MaxBraian: ni dea je
16:14:31 : Side: Juan: :c
16:22:47 : Side: Leodagos: juan dayz sos vos ?
16:23:08 : Side: Juan: nop
16:23:29 : Side: Leodagos: juan estas ?
16:23:56 : Side: Leodagos: admin
16:33:42 : Side: MaxBraian: admin !
16:35:40 : Side: MaxBraian: disculpa, puse una locker ene un arbol y se me buego, no me la podes quitar 
16:35:58 : Side: MaxBraian: tengo la pas pero no me aparece para abrir
16:36:35 : Side: MaxBraian: ah oka je
16:39:20 : Side: Juan: Como consigo partesd e zombi_
16:39:30 : Side: Leodagos: con el cuchillo
16:39:37 : Side: Leodagos: tenes q tener cuchillo y te da la opcion
16:39:41 : Side: Leodagos: sobre el cuerpo de los zombies
16:39:48 : Side: Juan: dale
16:39:51 : Side: Juan: gracias!
16:39:54 : Side: Leodagos: np
16:45:51 : Side: Juan: Hay minerales en este sv_
16:45:59 : Side: Leodagos: SI
16:46:04 : Side: Leodagos: HAY montañitas
16:46:15 : Side: Juan: listooo
16:46:32 : Side: Leodagos: q foto tenes
16:46:41 : Side: juandayz: tenes un laboratorio de alquimia juan en el mercado central para intentar hacer esmeraldas
16:46:57 : Side: Juan: Ah oka, gracias
16:47:28 : Side: MaxBraian: ahi te agrege yo je
16:47:39 : Side: juandayz: ahi te acepte :)
16:48:08 : Side: juandayz: galle, rulo como andan!
16:48:11 : Side: Leodagos: listo
16:48:19 : Side: Juan: otra prgeunta, hay vehiculos militares reparables_
16:48:30 : Side: Leodagos: creo q todo se puede reparar
16:48:35 : Side: Leodagos: en la estacon de servicio
16:48:35 : Side: juandayz: emm. reparables si todos
16:48:42 : Side: Leodagos: o con una fuel pump
16:48:53 : Side: Juan: como seria el laburo_
16:48:53 : Side: Leodagos: te pide oro
16:48:56 : Side: Leodagos: en lingote
16:49:06 : Side: Juan: tipo...engancho un uav en la calle roto
16:49:13 : Side: Juan: cual seria el proceso de reparado
16:49:18 : Side: juandayz: ahhh para
16:49:20 : Side: Leodagos: lo llevas
16:49:26 : Side: Leodagos: a la estacion d eservicio
16:49:28 : Side: juandayz: vos qeres arreglar los wreack?
16:49:34 : Side: Juan: claro
16:49:44 : Side: Leodagos: y pagas
16:49:46 : Side: Leodagos: 2 de oro
16:49:49 : Side: Leodagos: y te lo arregla
16:49:51 : Side: Leodagos: un fantasma
16:50:00 : Side: Leodagos: te lo dija pipi cucu
16:50:03 : Side: juandayz: es q el quiere arreglar los adornos esos de vehiculos rotos
16:50:12 : Side: Leodagos: aah no
16:50:13 : Side: Leodagos: decorado
16:50:21 : Side: Leodagos: solo los podes sacar para encontrar chatarra
16:50:23 : Side: Leodagos: con la palanca
16:50:26 : Side: Juan: listo, gracias, era eso. ya sabia que demas vehiculos si eran reparables
16:50:50 : Side: Leodagos: rulo estoy en ts vengan
16:52:51 : Side: Juan: porque son 2 minutos solamente ens tary_
16:52:55 : Side: Juan: stary*
16:53:06 : Side: Leodagos: ahi me cagaste
16:53:09 : Side: Leodagos: ni idea
16:53:19 : Side: Juan: jajajaja
16:53:44 : Side: Leodagos: rulo galle q onda
16:55:46 : Side: galle: adm
16:55:49 : Side: galle: juan
16:56:01 : Side: galle: q onda el la alquimia?
16:56:33 : Side: Leodagos: che q onda la fue la alianza ?
16:56:46 : Side: Leodagos: OK
16:57:00 : Side: galle: si, pasa q nos justa jugar de a 2
16:57:03 : Side: galle: es mas coordinacion
16:57:06 : Side: Leodagos: aa listo
16:57:10 : Side: Leodagos: claro esta bueno
16:57:19 : Side: Leodagos: me ubiera dicho la otra vuelta
16:57:20 : Side: Leodagos: ja
16:57:36 : Side: galle: necesitas cosas?
16:57:41 : Side: Leodagos: no gracias
17:03:09 : Side: galle: han tocado la visibilidad del server?
17:04:16 : Side: sRulo: loco no se ve a mas de 450mts wtf
17:06:37 : Side: galle: hay neblina o no se ve nada?
17:06:48 : Side: sRulo: no se ve un pedo vieja T.T
18:19:45 : Side: Fedequeso: buenas
18:28:22 : Side: Fedequeso: estan todos callados
18:32:38 : Side: Fedequeso: sream
18:54:34 : Side: sRulo: heli+suv+sv cayendose = media cuidad explotada lpm
18:54:52 : Side: Leodagos: mal ahi perro
18:55:06 : Side: sRulo: que ojete bldo
18:55:19 : Side: sRulo: 15 seg mas y aterrizaba
19:06:14 : Side: galle: q pasa ?
19:06:35 : Side: galle: si, nos agarro en el aire
19:06:44 : Side: galle: la disconect
19:06:51 : Side: galle: tiene las llaves mi friend
19:06:57 : Side: galle: como hago?
19:07:31 : Side: galle: era un uh-1y
19:07:34 : Side: galle: algo asi
19:08:56 : Side: galle: como hablo en private?
19:22:45 : Side: sRulo: leo donde andas?? jaja el otro no puede ni caminar ya veni a rescatarlo jajaja
19:28:48 : Side: sRulo: leo no viniste a salvar al pibe
19:28:54 : Side: sRulo: q mal amigo
19:34:00 : Side: sRulo: leo deja de regalar a tu amigo mostrate jaja
19:39:11 : Side: Leodagos: revisa a tu amigo a ver si necesita algo
19:39:14 : Side: Leodagos: RULO
19:39:20 : Side: sRulo: jajaja 
19:40:24 : Side: sRulo: creo que se desmayo tu amigo
19:52:11 : Side: galle: no se va, ese camion no se va(8
20:10:38 : Side: sRulo: che ese hizo batlekick
20:11:24 : Side: galle: justoi cuando lo lleno de plomo
20:11:26 : Side: galle: se le cae?
20:11:29 : Side: galle: media pila..
20:12:55 : Side: Leodagos: se descoencto todo
20:13:02 : Side: Leodagos: si me ves q me descoencto para q me matas boludo ?
20:13:20 : Side: Leodagos: sos un forro chabon
20:13:22 : Side: Leodagos: anda a cagar
20:13:32 : Side: sRulo: te tiro antes de q se te cayera pa
20:13:33 : Side: Leodagos: asi cualquiera
20:13:36 : Side: Leodagos: see las pelotas
20:13:37 : Side: sRulo: nunca queda el cuerpo
20:13:39 : Side: Leodagos: volvi y estaba vivo
20:13:43 : Side: Leodagos: anda a cagar rulo
20:13:47 : Side: Leodagos: metete todo ene l orto
20:13:51 : Side: Leodagos: te re mate y en buena ley
20:13:54 : Side: Leodagos: bye
20:13:54 : Side: sRulo: estabas desangrando boludazo
20:13:57 : Side: Leodagos: sii
20:13:58 : Side: sRulo: mba???
20:13:58 : Side: Leodagos: esta bien
20:14:36 : Side: sRulo: es nuestra culpa que se te cayera??
20:14:41 : Side: Leodagos: no pasa nada rulo
20:14:43 : Side: Leodagos: quedate con todo
20:14:45 : Side: Leodagos: tranqiw
20:14:55 : Side: Leodagos: llevate e l truckl
20:15:00 : Side: Leodagos: y todo
20:15:02 : Side: Leodagos: ganaste
20:15:43 : Side: galle: yo te llene de plomo, y te desconectaste, y cuando volviste, te volvi a llenar de plomo, cambio y fuera
20:15:51 : Side: Leodagos: ok
20:15:58 : Side: Leodagos: todo bien
20:16:03 : Side: Leodagos: buena vida
20:16:29 : Side: sRulo: pero si no tenias nada leo porque lloras tanto?
20:16:38 : Side: Leodagos: xq me quedo en vola
20:16:40 : Side: Leodagos: bolas
20:16:51 : Side: galle: el camion esta lock
20:16:56 : Side: galle: y no tenemos llave
20:17:03 : Side: Leodagos: tengo todo en cuerpo
20:17:06 : Side: galle: no la dejaron en el suv?
20:17:06 : Side: Leodagos: lo q tengow
20:17:13 : Side: sRulo: es el juego que mas rapido te armas no seas quejoso
20:17:19 : Side: Leodagos: los otros 300k q tenia
20:17:22 : Side: Leodagos: te los regale a vos
20:17:30 : Side: Leodagos: y ahora venis conq jugan
20:17:31 : Side: Leodagos: solos
20:17:35 : Side: galle: lo qeres?
20:17:36 : Side: Leodagos: para " mejor coordinacion "
20:17:38 : Side: Leodagos: naa
20:17:42 : Side: Leodagos: me da bronca
20:17:43 : Side: galle: es q es posta
20:17:48 : Side: galle: nos entendemos los 2 
20:18:00 : Side: Leodagos: me da bronca tu actitud
20:18:01 : Side: galle: por qe somos del mismo barrio etc,
20:18:04 : Side: Leodagos: estabaomos en curse
20:18:10 : Side: Leodagos: y descartas gente ocmo si nada
20:18:12 : Side: Leodagos: yta esta
20:18:22 : Side: sRulo: te damos la guita si 300k no es nada
20:18:26 : Side: galle: buena, pero de pedo te salude osea, pretendes qe te lleve al telo asi no mas?
20:18:38 : Side: Leodagos: ee ?
20:18:44 : Side: galle: claro man
20:18:50 : Side: galle: de pedo hablamos 1 vez
20:18:52 : Side: galle: y de pedo
20:19:04 : Side: Leodagos: directamente me bocho
20:19:07 : Side: galle: como qe descarto gente asi no mas
20:19:07 : Side: Leodagos: el gallego
20:19:14 : Side: Leodagos: y xq no decis eso ?a
20:19:18 : Side: Leodagos: en ves de hacerte el pelotudo
20:19:21 : Side: Leodagos: sabes q pasa
20:19:22 : Side: galle: ah?
20:19:26 : Side: Leodagos: tenes 156 años
20:19:29 : Side: Leodagos: x eso
20:19:33 : Side: galle: tan viejo?
20:19:58 : Side: galle: es un juego man
20:20:03 : Side: galle: anda a la mision 
20:20:04 : Side: Leodagos: ok
20:20:05 : Side: galle: y te llenas
20:20:07 : Side: Leodagos: tnonces
20:20:11 : Side: Leodagos: no me escribas xfa
20:20:14 : Side: Leodagos: toy caliente ahora
20:20:16 : Side: galle: ya te matamos oseaa
20:20:21 : Side: galle: objetivo cumplido
20:20:25 : Side: galle: ganamos la 2c2
20:20:34 : Side: Leodagos: ok
20:20:35 : Side: Leodagos: gg
20:20:38 : Side: Leodagos: wp
20:20:44 : Side: galle: gracias x tus LP
20:23:19 : Side: galle: q tiene el camion leo?
20:23:29 : Side: Juan: DROGA!
20:34:23 : Side: Alan: buenas
20:44:37 : Side: Alan: a donde estannn
20:55:16 : Side: Alan: q carajo me salgo y vuelvo a entrar
20:55:20 : Side: Alan: y aparezco meurto
20:55:48 : Side: sRulo: 1 vez jajajaj te mate como 6
20:55:57 : Side: sRulo: fui yo bobo
20:56:05 : Side: sRulo: el sniper era yo
20:56:14 : Side: Alan: q sniper ?
20:56:20 : Side: Alan: si cunado me sali no me mato nadie
20:56:21 : Side: sRulo: jajajajajja
20:56:46 : Side: sRulo: el heli todavia lo tenemos, las armas eran de la mision de al lado jaja
20:57:00 : Side: Alan: eh ?
20:58:18 : Side: galle: juan vos tenes un team?
20:58:24 : Side: Juan: nop
20:58:31 : Side: galle: ah pense q si
20:58:55 : Side: Juan: Nah....estoy solo. el otro boludo me lo cruze
20:59:03 : Side: Juan: tipo...me veia y me matba
20:59:09 : Side: Juan: y yo me quede en el ural
20:59:16 : Side: Juan: y bue...historia
20:59:23 : Side: galle: q tenian en el camion?
20:59:28 : Side: Juan: droga ya te dije
20:59:32 : Side: galle: cuanto?
20:59:39 : Side: Juan: 10 cuartos de pepa
20:59:44 : Side: Juan: pablo escobar un porotow
20:59:53 : Side: Juan: 1000*
21:15:48 : Side: admin#2: toto, fijate si se te agrega dinero cada 30 seg
21:16:03 : Side: Totoasd: okas
21:16:10 : Side: Totoasd: por ahora nada
21:16:22 : Side: Totoasd: sigo con 4800
21:16:31 : Side: admin#2: ok entonces funciona bien
21:16:45 : Side: admin#2: gracias!
21:16:47 : Side: Totoasd: que andaba mal algo y te daba plata?
21:17:13 : Side: admin#2: no es q acabo de hacerle un sistemaa de compra de acciones del mercado
21:17:30 : Side: Totoasd: a groso
21:17:40 : Side: Totoasd: y te va dando algo de plata si tenes acciones
21:17:49 : Side: admin#2: y queria saber si estaba funcionando bien
21:18:01 : Side: admin#2: si, tenes 3 tipos de acciones para comprar
21:18:28 : Side: admin#2: y bonos.. pero los bonos no me funcionan debo tener q modificar alguna pavada
21:18:53 : Side: Totoasd: che aca en el market a veces spawnean armas en las carpas, eso lo pusieron ustedes o esta bug?
21:19:10 : Side: admin#2: no, es aproposito
21:19:18 : Side: Totoasd: a oka
21:20:20 : Side: Totoasd: hostean en linux no?
21:20:33 : Side: admin#2: no win
21:20:45 : Side: Totoasd: ah que raro
21:20:52 : Side: Totoasd: como anda bien
21:20:56 : Side: Totoasd: pense que era linux
21:20:58 : Side: Totoasd: jajaja
21:21:09 : Side: admin#2: na mas o menos jaja dos por tres se cae la conexion. :D
21:21:22 : Side: Totoasd: si pero eso pasa en todo servidor
21:24:56 : Side: Totoasd: che si me cambio el skin con la mochila encima no pasa nada no?
21:25:13 : Side: Totoasd: tipo en otros svs a veces se bugeaba y me desaparecia la mochila con todo
21:25:46 : Side: admin#2: no no, anda bien eso aca
21:25:59 : Side: Totoasd: uh buenisimo
21:26:05 : Side: admin#2: lo unico q los skins de spawn q agregamos n permiten cambiar de ropa
21:26:14 : Side: admin#2: el survivor q tenes pesto si
21:26:17 : Side: Totoasd: tengo el survivor
21:26:23 : Side: Totoasd: asi que supongo que me va a dejar
21:26:37 : Side: admin#2: el british soldier, abogado, policia, hippy, etc esos originales si
21:26:42 : Side: admin#2: los otros n
21:27:03 : Side: Totoasd: cual skin esta bueno jajaja
21:27:06 : Side: Totoasd: no me decido
21:28:46 : Side: Alan: admin
21:29:19 : Side: Alan: hola genio
21:29:23 : Side: Alan: tuve un problema
21:29:49 : Side: Alan: te cuento
21:30:04 : Side: Alan: me desconecte por 5 minutos y nunca me habian disparado ni nada
21:30:11 : Side: Alan: pero cunado me conecto estaba muerto
21:30:26 : Side: Alan: y supuestamente rulo me habia matado, pero cunado desloguie no me habian ni disparado ni nada
21:31:27 : Side: Alan: encima cunado vengo a recuperar mis cosas me habia sacado todo
21:31:30 : Side: Alan: este rulo de mierda
21:31:35 : Side: Totoasd: alan
21:31:40 : Side: Alan: eu
21:31:41 : Side: Totoasd: creo que encontre un cuerpo
21:31:48 : Side: Totoasd: y una llave de un ural que dice bede
21:31:51 : Side: Totoasd: son tuyas
21:31:53 : Side: Totoasd: ?
21:32:03 : Side: Alan: si tengo ural pero nose si esel mio
21:32:08 : Side: Alan: por q me mataron en mi base y estoy aca
21:32:15 : Side: Alan: y no esta mi cuerpo ni nada
21:32:46 : Side: Totoasd: yo encontre un cuerpo con esa llave cerca de una fortificacion
21:33:02 : Side: Alan: mira hay te mande
21:33:04 : Side: Alan: donde estam i base
21:33:11 : Side: Alan: fijate si la encontraste por aca
21:33:21 : Side: Totoasd: ni me acuerdo boludo xD
21:33:23 : Side: Alan: capas q rulo me la tiro por ay
21:33:32 : Side: Totoasd: era cerca de una mision que habia terminado hace poco
21:33:42 : Side: admin#2: es que con el restart alan tu cuerpo se borra
21:33:46 : Side: Totoasd: se
21:33:54 : Side: Alan: ahh sisi estaba cerca mi base
21:33:57 : Side: Alan: de la mision esa
21:34:06 : Side: Alan:  q mierdaaa
21:34:08 : Side: Totoasd: bueno si queres te la devuelvo
21:34:09 : Side: Alan: entonces perdi todo !!
21:34:34 : Side: Totoasd: pero... asegurame que en un futuro no me vas a cagar a tiros si me avistas
21:34:43 : Side: Alan: naa papa no soy asi yo
21:34:51 : Side: Alan: tene cuidado con ese rulo hdp
21:34:58 : Side: Alan: ese lo ayude y ahora me vino a matar con su team
21:35:02 : Side: Alan: lo recantare atiro
21:35:05 : Side: Totoasd: bueno entonces eso, llaves x una alianza semi condicional
21:35:20 : Side: Alan: imaginate q te estoy dando a donde esta mi base
21:35:34 : Side: Totoasd: tranqui mis planes tambien involucran a rulo
21:35:38 : Side: Totoasd: pero shh
21:35:42 : Side: Alan: listo una alianza
21:35:43 : Side: Alan: jaja
21:35:54 : Side: Totoasd: igual hagamos que aca no paso nada
21:36:01 : Side: Totoasd: te doy la llave y nunca te hable
21:36:16 : Side: Alan: ok
21:36:18 : Side: Totoasd: rulo todavia no sabe quien corno soy
21:36:20 : Side: Alan: dejatela a las llave
21:36:22 : Side: Alan: ya tengo otra
21:36:24 : Side: Totoasd: y eso me juega a ventaja
21:36:29 : Side: Alan: quien sos toto xd
21:36:32 : Side: Alan: yo tmp se jaja
21:36:47 : Side: Totoasd: no digo, que todavia no me lo cruze pero tengo nudos que desatar con rulo
21:37:03 : Side: Alan: encima me rompio
21:37:04 : Side: Alan: el ural
21:37:07 : Side: Alan: el muy mal llevado
21:37:13 : Side: Totoasd: q hdp xd
21:37:25 : Side: Totoasd: bueno tu coso esta aca afuera de la trader
21:37:47 : Side: Totoasd: si necesito lo agarro y cuando te cruzo te lo devuelvo con la copia de las llaves
21:38:04 : Side: Alan: agarralo nomas dejatelo
21:38:12 : Side: Totoasd: okas, gracias
21:54:17 : Side: Alan: hizo rollback
21:54:37 : Side: Juan: eh_
21:54:51 : Side: Juan: eh?w
22:12:46 : Side: Totoasd: admin
22:13:05 : Side: Totoasd: desloguie bien antes que se cayera pero perdi lo de la mochila igual...
22:13:25 : Side: Totoasd: no me interesa mucho lo que tenia pero si me podes dar el safe que me habia comprado sos un groso
22:13:49 : Side: Alan: tengo una en mi base
22:13:53 : Side: Alan: la queres ?
22:14:08 : Side: Totoasd: no deja alan no te voy a sacar una safe
22:14:17 : Side: Alan: pero tengo de mas
22:14:21 : Side: Alan: me sobra esa q te digo
22:14:27 : Side: Alan: no te hagas drama venite q te la regalo
22:14:38 : Side: Alan: dsp yo consigo mas
22:15:19 : Side: Alan: aprovechame que estoy medio tocado
22:15:22 : Side: Alan: me pongo cariñoso
22:15:38 : Side: Alan: tocado = borracho
22:15:41 : Side: Alan: no piensen mal eh
22:15:47 : Side: Alan: mangas de culiaos
22:17:52 : Side: Alan: sisi
22:28:54 : Side: Alan: dale papa no ay drama
22:29:26 : Side: Alan: me voy a comprar un porronsito y vuelvoo
22:29:43 : Side: Totoasd: dale jajaja
22:30:50 : Side: Fedequeso: buena
22:30:56 : Side: Fedequeso: buenas*
22:31:04 : Side: admin#2: hola fede
22:32:32 : Side: Fedequeso: ty c:
22:33:44 : Side: admin#2: si tenes alguna duda sobre el servidor pregunta tranquilo fede.
22:33:56 : Side: Fedequeso: dale, muchas gracias
22:40:04 : Side: Totoasd: che van a poner ciclo nocturno?
22:40:09 : Side: Totoasd: estaria groso
22:43:56 : Side: Totoasd: eso estaria groso
22:44:05 : Side: Totoasd: tipo que respete los horarios
22:44:17 : Side: Totoasd: claro, 3 hs de dia 3 de noche
22:45:43 : Side: Totoasd: que es esto de defender posicion?
