18:57:46 : Group: Alan: Q PASAA RECONNECTT JAJA
18:58:15 : Group: Alan: suv
18:58:19 : Group: sebastian: voy para alla :c
19:02:16 : Group: reconnect: tengo municion para las pk
19:02:29 : Group: Alan: ES UN PELIGRO ESTAR AY ARRIBA JAJA
19:04:03 : Group: reconnect: vamos a separarnos un toque porque si ven a uno ven a todos
19:05:26 : Group: Alan: quien disparo _
19:05:33 : Group: reconnect: los que estan haciendo la mision
19:09:08 : Group: sebastian: vamos por la mision ?
19:10:14 : Group: reconnect: quien dispara? uds?
19:13:17 : Group: reconnect: necesitan ayuda? pq estan en el pueblo?
19:13:41 : Group: Alan: ME ESTAN DISPARANDO Y NOSE DE DONDE
19:14:11 : Group: sebastian: yo ando con ak
19:14:53 : Group: Alan: por este bosque
19:14:56 : Group: Alan: venian los disparos
19:16:29 : Group: reconnect: ALAN, tenes muchas balas?
19:16:35 : Group: reconnect: rompemos esta mina
19:16:38 : Group: reconnect: hay oro
19:16:45 : Group: Alan: OK
19:16:54 : Group: reconnect: tenes barreta?
19:17:44 : Group: reconnect: ya se rompio
19:17:57 : Group: reconnect: van a estar hasta mañana
19:18:10 : Group: reconnect: tenes que tener la barreta en el cinto
19:19:51 : Group: sebastian: aca arriba esta la mision
19:19:56 : Group: reconnect: se
19:20:09 : Group: sebastian: a lo mejor los bots disparaban
19:20:23 : Group: reconnect: donde vamos?
19:20:50 : Group: sebastian: hacemos la mision ?
19:21:01 : Group: Alan: se
19:21:04 : Group: reconnect: dale pero caminando con esto nos rompen el orto
19:23:24 : Group: Alan: ya esta hecha
19:23:26 : Group: Alan: estan muertos
19:24:00 : Group: sebastian: verdad
19:25:40 : Group: reconnect: no se va?
19:26:46 : Group: sebastian: nada
19:27:34 : Group: reconnect: si no se va la mision es porq falta matar gente
19:29:19 : Group: sebastian: como los videos de youtube consumen tanto internet
19:30:16 : Group: Alan: me dispararon
19:30:25 : Group: reconnect: fui yo jajaja queria escucharte gritar
19:30:26 : Group: sebastian: igual lo escuche
19:30:32 : Group: Alan: ahh hdp jajaja
19:30:35 : Group: reconnect: jJAJAJA
19:30:45 : Group: sebastian: casi me meo
19:31:13 : Group: sebastian: se me va la net de nuevo
19:37:59 : Group: Alan: q estamos haciendo _s
19:38:11 : Group: sebastian: no se xd
19:38:26 : Group: Alan: jajaja nooo
19:38:31 : Group: Alan: no te vii culiaoo
19:38:55 : Group: Alan: lo cague pisando jaja
19:39:00 : Group: reconnect: tenes blood'
19:39:15 : Group: Alan: ay tepuse
19:39:18 : Group: Alan: en tu mochila
19:39:26 : Group: reconnect: gracias
19:41:26 : Group: Alan: q hacemos _
19:41:38 : Group: reconnect: estoy buscando a los bots de la mision
19:41:49 : Group: reconnect: y a los players que la hicieron, por las dudas
19:42:21 : Group: Alan: wo somos 9 conectados
19:42:21 : Group: reconnect: separado 100m minimo
19:43:55 : Group: sebastian: aca esta
19:44:06 : Group: reconnect: tirale :D
19:44:22 : Group: sebastian: listo
19:45:29 : Group: Alan: vengan
19:49:51 : Group: reconnect: NO LOS VEO CHE
19:50:54 : Group: sebastian: vale
19:51:10 : Group: sebastian: oo
19:53:06 : Group: reconnect: bue, no los veo
19:54:17 : Group: sebastian: oye men se salio el alan
19:54:40 : Group: reconnect: invitalo
19:54:49 : Group: sebastian: pero es raro
19:54:53 : Group: reconnect: se murio
19:55:07 : Group: sebastian: pero al morir no se tiene que salir del grupo
19:55:18 : Group: reconnect: si
19:55:41 : Group: sebastian: hay lo invite
19:57:59 : Group: reconnect: quien tiene comida?
19:58:04 : Group: Alan: ayudaaa
19:58:06 : Group: sebastian: yo
19:58:41 : Group: reconnect: me la diste?
19:58:59 : Group: reconnect: gracias man
19:59:07 : Group: reconnect: medesconecto pipol
19:59:22 : Group: Alan: te vas _
19:59:33 : Group: reconnect: se
19:59:45 : Group: Alan: ok nos vemos
19:59:52 : Group: reconnect: me voy ahacer un asado
19:59:57 : Group: Alan: uhh invitaa
20:00:03 : Group: Alan: yo tengo un fernet
20:00:12 : Group: sebastian: voy a guardar unas cosas en mi caja fuerte xd
20:00:22 : Group: Alan: mi vehiculo
20:00:25 : Group: Alan: se hizo pija eh _
20:00:41 : Group: sebastian: xd
20:01:06 : Group: Alan: mira como quedo
20:01:08 : Group: Alan: q mierda
20:01:09 : Group: Alan: xd
20:01:18 : Group: sebastian: jo y que paso ?
20:01:26 : Group: Alan: pise una mnina
20:01:29 : Group: Alan: ojo q esta lleno
20:01:46 : Group: sebastian: jaja a donde amos ?
20:02:00 : Group: Alan: al mercado
20:02:43 : Group: Alan: jaja un pedo liquido es esta mierda
20:03:00 : Group: sebastian: xd
20:03:27 : Group: sebastian: tienes ts o skype ?
20:03:38 : Group: Alan: ts3 se
20:03:48 : Group: sebastian: en ts no se me escucha tanto
20:03:51 : Group: sebastian: manda ts
20:04:07 : Group: Alan: el del server
20:04:12 : Group: Alan: arriba a la derecha dice la ip
20:04:19 : Group: sebastian: a oka
20:04:42 : Group: sebastian: de donde eres ?
20:04:47 : Group: Alan: argentina 
20:04:49 : Group: Alan: vos ?
20:04:53 : Group: sebastian: chile
20:05:01 : Group: Alan: ahhh
20:05:35 : Group: sebastian: se me va la net
20:07:10 : Group: sebastian: la bici va mas rapido que esto
20:07:16 : Group: Alan: noo
20:07:19 : Group: Alan: tas loco vos
20:07:53 : Group: sebastian: si xd
20:17:42 : Group: sebastian: entro a ts 
22:06:36 : Group: [K.O] Polaco: vos mataste todo eso?
22:08:33 : Group: [K.O] Polaco: a que le tiras?
