02:40:16 : Direct: JHONNYWALKER: por q salen todos los players en el plot?
02:40:35 : Direct: Hawk: salen en el rango, se ve que esta gigante el rango
02:40:55 : Direct: JHONNYWALKER: proba de construir
02:41:05 : Direct: Hawk: ahora me deja
02:41:15 : Direct: JHONNYWALKER: es rarisimo eso
02:41:24 : Direct: Hawk: lalo dice que tampoco lo dejaba
02:41:28 : Direct: Hawk: contrsuir ayer
02:41:28 : Direct: JHONNYWALKER: el plot management es re indivudual la config
02:42:18 : Direct: JHONNYWALKER: bue igual no jode mucho q salgan los players ahi
02:42:34 : Direct: JHONNYWALKER: de ultima mejor asi no sabes quien esta cnerca
03:23:01 : Direct: kecho: Jajajaj
03:23:08 : Direct: Hawk: q haces kecho soy chuky
03:23:16 : Direct: kecho: Si lo se
03:23:32 : Direct: Hawk: Hoy te tire al littlebird perdon
03:23:34 : Direct: Hawk: no vi que eras vos
03:23:42 : Direct: kecho: Estoy haciendo plata para devolverle a Asra el Heli que le acabo de perder
03:23:53 : Direct: Hawk: jajaja recien anduvimos haciendo unas misiones
03:23:56 : Direct: Hawk: con azra
03:24:09 : Direct: kecho: Me parecia que los bot tenian demaciada punteria
03:24:11 : Direct: Hawk: Decile que ya no aparecen mas las llaves de los vehiculos en las misiones
03:24:25 : Direct: kecho: Ok
03:24:38 : Direct: Hawk: Recien spawneo una mision cuando veniamos en el heli abajo nuestro nos llenaron de plomo
03:24:39 : Direct: kecho: Lo que noto que anda un poco mas rapido ahora
03:24:52 : Direct: Hawk: y me trackeaban con un stinger
03:24:55 : Direct: Hawk: los hdp
03:25:01 : Direct: kecho: Uuuu
03:25:05 : Direct: Hawk: si sacamos un par de mods chotos con Juan hoy
03:25:23 : Direct: Hawk: cuida esa N110 mira que no aparecen mas en la AI
03:25:42 : Direct: kecho: Gracias por el aviso
03:25:54 : Direct: Hawk: La sacamos porque ahora que pusimos de noche quedan muy fruta
03:25:58 : Direct: kecho: Casi lo pierdo recien cuando estrole el heli
03:26:24 : Direct: kecho: No es tan fruta
03:26:31 : Direct: Hawk: es un tiro, y con NV
03:26:36 : Direct: Hawk: de noche es re fruta
03:26:46 : Direct: kecho: Porque para los bot por lo que vi la noche no les afecta mucho que digamos
03:27:00 : Direct: Hawk: no no, spawnean todos con NV
03:27:05 : Direct: Hawk: les chupa un huevo
03:27:06 : Direct: kecho: Me tiraban a 500 de noche como si nada
03:27:26 : Direct: Hawk: y deci que tiene la precision a 20 % queres que la suba mas? :P¨
03:27:38 : Direct: kecho: Yo diria que no
03:27:54 : Direct: Hawk: Tas loco la subo mas y moris 15 veces por mision
03:27:56 : Direct: kecho: Lo que si me parece que seria un buen cambio es el arma con que apareces
03:28:19 : Direct: Hawk: si no hemos editado las clases de inicio
03:28:23 : Direct: kecho: La lee me parece que estaria mejor que la itaca
03:28:43 : Direct: Hawk: bueno me fui a chequear el otro trader si tomo los cambios
03:28:51 : Direct: kecho: Ok
03:28:55 : Direct: Hawk: nos vemo
03:29:09 : Direct: kecho: A que trader van
03:29:14 : Direct: Hawk: el antena 4
05:09:08 : Direct: vodka: pasate a directo 
05:09:29 : Direct: Marti: gracias!
05:09:47 : Direct: vodka: NV 
05:10:01 : Direct: vodka: saves como poner la safe ?
05:10:22 : Direct: Marti: no, tiene alguna manera especial?
05:10:32 : Direct: vodka: boton derecho 
05:10:49 : Direct: Marti: ah listo, y la puedo poner en cualquier parte?
05:10:51 : Direct: vodka: osea abri el menu co ng y boton derecho 
05:11:01 : Direct: vodka: si escondida es mejor 
05:11:17 : Direct: Marti: claro
05:11:29 : Direct: Marti: si tiene cosas adentro la puedo agarrar?
05:11:33 : Direct: vodka: te va a dar un codigo anotalo y no lo pierdas 
05:11:47 : Direct: Marti: bueno
05:11:48 : Direct: vodka: si es para guardar cosas y dinero 
05:12:24 : Direct: vodka: creo q mas de 10 armas , 120 y algo para items y 10 mochi
05:12:57 : Direct: vodka: no te hace nada es sona segura
05:13:19 : Direct: vodka: *zona
05:13:22 : Direct: Marti: ya me estaba calentado, siempre hago una cagada ajajja
05:13:53 : Direct: vodka: la caja sirve para depositar el dinero 
05:14:04 : Direct: vodka: hasta 200000
05:14:31 : Direct: Marti: como consigo plata?
05:14:35 : Direct: vodka: vamos te llevo a tu guarida 
05:14:54 : Direct: vodka: vendiendo item ,armas etc 
05:15:03 : Direct: vodka: veni 
05:15:23 : Direct: Marti: sii
05:16:19 : Direct: Marti: es solo para comprar?
05:17:23 : Direct: Marti: todos los trader tienen los mismo venderores?
05:18:03 : Direct: Marti: se
05:18:19 : Direct: Marti: aaaah listo
05:22:00 : Direct: Marti: mucha paciencia conmigo
05:22:24 : Direct: Marti: ahi va
05:23:12 : Direct: Marti: listoo, 800
05:23:38 : Direct: Marti: estas cosas tambien las puedo vender?
05:26:20 : Direct: Marti: creo que vendi lo que tenia que vender jjajajaja
05:27:02 : Direct: Marti: como pongo la caja
05:27:08 : Direct: Marti: con que tecla
05:27:44 : Direct: Marti: aah sisi
05:28:03 : Direct: Marti: ya veo que me lo olvido jajaja
05:28:15 : Direct: Marti: gracias!!
05:29:36 : Direct: Marti: yo tenia la moto esa, pero la perdi
05:29:56 : Direct: Marti: no, sin llave 
05:30:28 : Direct: Marti: fue bueno mientras duro, 1 km habre hecho jajaja
05:33:33 : Direct: Marti: me tendria que haber puesto personaje hombre
05:33:58 : Direct: Marti: los de mujer no te deja poner niguna uniforme ni nada que tenga que ver con ropa
05:34:24 : Direct: Marti: igual en cualquier momento voy a morir
05:34:56 : Direct: Marti: no se escucha bien
05:35:18 : Direct: vodka: si debe ser por el server 
05:35:37 : Direct: Marti: podes tirarme en cherno otra vez? si no te jode
05:35:46 : Direct: vodka: dale
05:36:02 : Direct: vodka: no queres plantar la safe primero ?
05:36:15 : Direct: Marti: es que no se donde
05:36:48 : Direct: vodka: y donde te sea mas comado para vos 
05:37:58 : Direct: Marti: emm
05:42:36 : Direct: vodka: pelado 
05:42:50 : Direct: Marti: eso parece
05:46:01 : Direct: Marti: la pregunta es, como hago yo para recordar donde la deje?
05:46:10 : Direct: Marti: con coordenas?
05:46:13 : Direct: vodka: abri el mapa 
05:46:24 : Direct: Marti: si
05:46:48 : Direct: vodka: y las cooredandas lo tenes de arriba y izq
05:47:39 : Direct: Marti: ok
05:47:44 : Direct: vodka: ahora estamos en 123 069
05:48:01 : Direct: vodka: hacele zomm
05:48:09 : Direct: vodka: zoom
05:48:20 : Direct: Marti: si, entonces estaba bien 
05:48:30 : Direct: vodka: veni
05:49:16 : Direct: vodka: acordate cuan mas potente el arma mas atrae a los zombies
05:50:01 : Direct: vodka: te va este lugar ?
05:50:10 : Direct: Marti: si, de 10
05:51:55 : Direct: Marti: uf
05:53:14 : Direct: vodka: el codigo no lo olvides
05:53:36 : Direct: vodka: te dejo ? 
05:53:50 : Direct: Marti: creo que si
05:54:02 : Direct: vodka: unlock 
05:54:33 : Direct: vodka: si te pide el codigo acpta con el numeral
05:54:59 : Direct: vodka: osea elcodigo y despues numeral
05:55:22 : Direct: Marti: cuando muevo la ruedita dice
05:55:53 : Direct: Marti: money storage 
05:55:53 : Direct: vodka: esta abierto 
05:55:59 : Direct: Marti: equipo
05:56:16 : Direct: Marti: ok
05:56:20 : Direct: vodka: si es para guarda plata y equipo para guardar tus cosas 
05:56:40 : Direct: vodka: lo psas como en la mochila 
05:58:08 : Direct: Marti: ya, estaba viendo si lo estaba haciendo bien
05:58:18 : Direct: vodka: si vas bien 
05:58:25 : Direct: Marti: y se cierra solo o lo tengo que cerrar yo
05:58:46 : Direct: Marti: o esta cerrado para el resto
05:58:51 : Direct: vodka: acordate de darle lock cuando no lo use sino queda abierta
05:59:19 : Direct: vodka: y unlock par aabrir
05:59:49 : Direct: vodka: de 10 !!! 
06:06:58 : Direct: Marti: se abre sin que ponga el codigo
06:07:16 : Direct: vodka: porque lo plantaste vos 
06:07:38 : Direct: Marti: aaaaah
06:08:00 : Direct: vodka: pero por la dudas no lo pierdas por si los bugs 
06:08:07 : Direct: vodka: jaja
06:08:20 : Direct: Marti: claro 
06:08:38 : Direct: vodka: lo podes remover y volver a plantar en otro lado 
06:09:05 : Direct: vodka: pero lo que tiene adentro se cae al piso 
06:09:20 : Direct: Marti: listo
06:09:25 : Direct: vodka: si lo moves vacialo primero 
06:09:40 : Direct: vodka: y te va a dar otro codigo distinto 
06:10:03 : Direct: Marti: aah, ok ok
06:10:41 : Direct: vodka: guarda la platita no lo lleves encima almenos q vallas a comprar 
06:11:42 : Direct: Marti: por que tengo 17,813?
06:11:59 : Direct: vodka: te paso algo de platita 
06:12:20 : Direct: vodka: si te asercas a uno te da la opcion
06:12:36 : Direct: Marti: aaaaah, gracias!! :D :D
06:12:57 : Direct: vodka: fijate pasa la ruedita en mi personaje 
06:13:19 : Direct: Marti: give money to vodka
06:13:24 : Direct: vodka: claro 
06:13:52 : Direct: Marti: aunque ponga la plata en la caja no se sale la cantidad que esta arriba de la pistola?
06:14:04 : Direct: Marti: o sea no se va el numero
06:14:14 : Direct: vodka: pusiste depocite a algo asi 
06:14:20 : Direct: Marti: sep
06:14:37 : Direct: vodka: no te desconto ?
06:14:54 : Direct: Marti: no, sigue estando ahi el numero
06:14:58 : Direct: vodka: fue antes del restart ?
06:15:03 : Direct: Marti: nono
06:15:20 : Direct: vodka: te sale 17
06:15:32 : Direct: Marti: si
06:15:55 : Direct: vodka: pone cuant ovas a depocitar con numero 
06:16:51 : Direct: Marti: era que ponia la coma jajajaja
06:16:59 : Direct: vodka: jaja
06:17:35 : Direct: Marti: bueno, listo, gracias por la ayuda
06:17:47 : Direct: vodka: ok cualquier duda chifla
06:17:58 : Direct: vodka: te llevo algun lado ?
06:18:03 : Direct: Marti: dale, gracias
06:18:09 : Direct: vodka: vamos
06:18:12 : Direct: Marti: si tenes ganas a cherno
06:18:18 : Direct: vodka: vamos
06:18:50 : Direct: vodka: bue el heli ?
06:19:04 : Direct: vodka: lo vi
06:21:33 : Direct: vodka: casi me como la montaña
06:22:02 : Direct: Marti: noo, que me voy a sentir culpable jajajaja
20:55:32 : Direct: JHONNYWALKER: vine a refugiarme :D
20:55:49 : Direct: Azrael1x: de quien?
20:55:56 : Direct: JHONNYWALKER: de la lluvia y el restart
20:56:25 : Direct: JHONNYWALKER: te dejo un regal0o :D
20:56:26 : Direct: Azrael1x: ne dejalo
20:56:55 : Direct: Azrael1x: te hace falta algo?
21:12:16 : Direct: Azrael1x: agarra una nv de mi mochila j
21:12:42 : Direct: jMM: uhhh ahora si
21:12:45 : Direct: jMM: que lindura
21:13:11 : Direct: jMM: estoy adentro
21:13:12 : Direct: jMM: abrime kecho
21:13:48 : Direct: Azrael1x: invitalo a j al grupo
