00:26:27 : Side: Jej0x |Aspirante|: hola
00:43:23 : Side: Jej0x |Aspirante|: Leodagos estas?
00:46:50 : Side: Jej0x |Aspirante|: me andas disparando al heli gato?
00:47:57 : Side: Jej0x |Aspirante|: que esto de vehiculos mission?
00:48:14 : Side: Bad Guy: creo q es para vender los helis de las misiones...
00:48:25 : Side: Jej0x |Aspirante|: pero es nuevow
00:48:29 : Side: Bad Guy: sep
00:49:42 : Side: Jej0x |Aspirante|: 155.000 en marihuana jajaja
00:49:54 : Side: Jej0x |Aspirante|: hasta la manija va a quedar el hippie ese
00:49:58 : Side: Jej0x |Aspirante|: re volado
00:49:59 : Side: Bad Guy: prestame un poco para comprar puchos...
00:50:08 : Side: Jej0x |Aspirante|: neee anda a alaburar como yo
03:23:50 : Side: Jej0x |Aspirante|: Alguno team?
03:25:57 : Side: Jej0x |Aspirante|: adm on?
03:36:42 : Side: Jej0x |Aspirante|: aguien team?
03:37:30 : Side: painful: yo
03:37:52 : Side: painful: pinta hacer la mision
03:37:56 : Side: painful: pero solo no puedo
03:38:01 : Side: painful: la hacemos ?
03:38:07 : Side: Jej0x |Aspirante|: veni al mercado central
03:38:35 : Side: painful: ahi voy
03:39:07 : Side: Jej0x |Aspirante|: necesito una lockbox tenes?
03:39:27 : Side: painful: tengo 1 solo creo
03:39:34 : Side: painful: me fijo despues en la mochila
03:39:39 : Side: Jej0x |Aspirante|: dale
03:39:43 : Side: Jej0x |Aspirante|: lockbox no toolbox
03:40:19 : Side: Jej0x |Aspirante|: l mercado central le hace fata un banco donde guaraar cosasd
03:40:50 : Side: painful: en la safe se guardan
03:41:07 : Side: Jej0x |Aspirante|: se ya se pero suponete que me quiero jugar una ruleta 
03:43:47 : Side: Jej0x |Aspirante|: tengo un military offroad te lo cambio por una lockbox
03:43:53 : Side: Jej0x |Aspirante|: aca en el mercado
03:45:01 : Side: Jej0x |Aspirante|: venis o no?
03:45:10 : Side: painful: SE
03:45:14 : Side: Jej0x |Aspirante|: por donde andas?
03:45:16 : Side: painful: me quedan 3 jm
03:45:19 : Side: painful: km*
03:45:31 : Side: painful: estaba lejos
03:46:04 : Side: Jej0x |Aspirante|: qureres mi todoterreno por una lockbox?
03:46:24 : Side: painful: no es drama
03:46:31 : Side: Jej0x |Aspirante|: ee
03:46:47 : Side: painful: lockbox que mierda es ?
03:46:49 : Side: painful: la safe ?
03:47:00 : Side: Jej0x |Aspirante|: una aaja fuerte mas chica sale 40mil
03:47:19 : Side: painful: no la tengo amigo
03:47:23 : Side: Jej0x |Aspirante|: una safe pequeña
03:47:34 : Side: Jej0x |Aspirante|: sale 40000 tenes?
03:49:49 : Side: painful: ya llego
03:50:05 : Side: Jej0x |Aspirante|: voy a jugar a la ruletaw
03:50:23 : Side: Jej0x |Aspirante|: gane
03:51:15 : Side: painful: estoy en la entrada
03:52:39 : Side: Jej0x |Aspirante|: acepta el groupp
03:52:55 : Side: painful: como se hacia eso?
03:53:11 : Side: Jej0x |Aspirante|: inventario y click derecho en la radioaw
03:53:32 : Group: Jej0x |Aspirante|: ahi ta
03:53:39 : Group: Jej0x |Aspirante|: subite
03:53:45 : Group: Jej0x |Aspirante|: vamos a guardar unas cositas
03:54:06 : Group: painful: hacer la mision pinta che
03:54:10 : Group: Jej0x |Aspirante|: sese para
03:54:14 : Group: Jej0x |Aspirante|: que guardo las llaves
03:54:50 : Group: Jej0x |Aspirante|: necesitamos alejarnos 900metros para construir asi pongo la caja y guardamos lo que no quieras perderw
03:55:03 : Group: painful: ta todo bien
03:55:38 : Group: Jej0x |Aspirante|: que queres guardar?
03:55:49 : Group: Jej0x |Aspirante|: tenemos que alejarnos mas
03:56:03 : Group: painful: yo nada amigo
03:56:07 : Group: painful: por ahora nada
03:56:31 : Group: painful: nos cagaron
03:56:43 : Group: Jej0x |Aspirante|: hacemos otraw
03:56:46 : Group: painful: se
03:57:30 : Group: painful: estamos a 600 metros recien
03:57:34 : Group: painful: mas adelante
03:57:46 : Group: painful: materiales para la construccion
03:57:52 : Vehicle: painful: nos hacemos una base ?
03:57:59 : Group: painful: digo 
03:58:00 : Group: Jej0x |Aspirante|: dale
03:58:11 : Group: painful: arriba
03:58:26 : Group: painful: en el airport
03:58:27 : Group: painful: pinta
03:58:29 : Group: Jej0x |Aspirante|: mas lejos todabia tenemos que ir
03:58:37 : Group: painful: 400 metros mas lejos
03:58:40 : Group: painful: yo te aviso
03:58:50 : Group: painful: che tenes ts o algo asi ?
03:58:54 : Group: Jej0x |Aspirante|: sew
03:59:07 : Group: Jej0x |Aspirante|: cuanto falta?
03:59:11 : Group: painful: 200
03:59:21 : Group: painful: aca ya esta bien
03:59:35 : Group: Jej0x |Aspirante|: la meto en los troncos
03:59:41 : Group: painful: estamos a 1060 m
04:00:14 : Group: Jej0x |Aspirante|: no queres guardar nada? seguro? yo voy a guardar las llaves del heli
04:01:22 : Group: painful: pasa ts
04:01:28 : Group: painful: tengo que desconectar 2 segundos
04:01:50 : Group: Jej0x |Aspirante|: listo me guarde las cordenadas
04:01:54 : Group: Jej0x |Aspirante|: te espero
04:02:00 : Group: painful: toma
04:02:03 : Group: painful: guarda esto
04:02:29 : Group: Jej0x |Aspirante|: nada mas?
04:03:01 : Direct: Jej0x |Aspirante|: cuando te cambias de skin
04:03:05 : Direct: Jej0x |Aspirante|: se te sale el group
04:03:08 : Direct: Jej0x |Aspirante|: ahi te manod
04:03:19 : Direct: painful: no sabia
04:03:20 : Direct: Jej0x |Aspirante|: aceptala
04:03:28 : Side: Jej0x |Aspirante|: nada mas?
04:03:34 : Group: Jej0x |Aspirante|: nada mas?
04:03:35 : Group: painful: no
04:03:38 : Group: painful: por ahora no amigo
04:03:54 : Group: Jej0x |Aspirante|: despues de hacer la mision ponemos lo que nos sobre de armas,etc aca
04:03:59 : Group: Jej0x |Aspirante|: asi empezamos a construir
04:04:09 : Group: painful: se
04:04:11 : Group: Jej0x |Aspirante|: necesitamos 100000 para comprar un plot
04:04:19 : Group: painful: de ultima
04:04:23 : Group: painful: recolectamos armas poderosas
04:04:26 : Group: painful: y las gitaneamos
04:04:32 : Group: Jej0x |Aspirante|: o cosechamos marijuana
04:04:36 : Group: painful: gg 
04:04:38 : Group: Jej0x |Aspirante|: sos de argentina?
04:04:38 : Group: painful: ajaj
04:04:41 : Group: painful: se
04:04:47 : Group: Jej0x |Aspirante|: que parte?
04:04:55 : Group: painful: viemda, rio negro
04:04:59 : Group: Jej0x |Aspirante|: ah
04:05:01 : Group: painful: vos ?
04:05:03 : Group: Jej0x |Aspirante|: vamos?
04:05:08 : Group: Jej0x |Aspirante|: buenos aires berazategui
04:05:11 : Group: painful: reconecto
04:05:14 : Group: painful: aguantame
04:05:17 : Group: Jej0x |Aspirante|: te espero aca
04:05:27 : Group: painful:  paso ts ?
04:05:33 : Group: Jej0x |Aspirante|: entra al ts del server
04:05:41 : Group: Jej0x |Aspirante|: tenes la ip en estadisticas
04:05:49 : Group: painful: en el grupo de fb igual
04:05:54 : Group: painful: ponele de nombre
04:06:00 : Group: painful: 1234 o algo asi
04:06:03 : Group: painful: para saber quien sos
04:10:48 : Side: Jej0x |Aspirante|: gente marque en el mapa cerca del mercado una base loote unas cosas pero no me pude llevar mas nada
04:10:54 : Side: Jej0x |Aspirante|: vallan esta llena de cosas
04:11:04 : Side: Jej0x |Aspirante|: intente levantar el plot y plantarlo pero no pude
04:11:25 : Side: Jej0x |Aspirante|: es en berezino
04:20:05 : Group: Jej0x |Aspirante|: se me escucha?
04:20:25 : Group: Jej0x |Aspirante|: no se que le pinta
04:20:29 : Group: Jej0x |Aspirante|: vos habla yo te esuchco
04:20:46 : Group: Jej0x |Aspirante|: cuando estoy adentro del arma no me anda ela pretar boton para hablar
04:20:49 : Group: Jej0x |Aspirante|: para que lo desactivo
04:44:19 : Side: Cloudsp: hey, did u guys kill one of us?
04:59:27 : Side: Cloudsp: adm on?
05:05:01 : Direct: Jej0x |Aspirante|: snake?
05:30:20 : Group: Jej0x |Aspirante|: go to your contryw
05:32:46 : Side: Jej0x |Aspirante|: hacker
05:39:23 : Side: Jej0x |Aspirante|: go fuck yourself bandit
06:20:16 : Group: painful: te caiste
06:20:54 : Group: Jej0x |Aspirante|: que se cayo?
06:21:02 : Group: painful: el ts
06:21:06 : Group: Jej0x |Aspirante|: ahi entro
06:22:30 : Group: painful: ya vendi todo
06:22:35 : Group: painful: tengo 42,300 pe
07:11:30 : Side: Jej0x |Aspirante|: me escuchas?
16:19:42 : Side: Bad Guy: final
16:20:12 : Side: FIN4LShare: hey
16:20:26 : Side: Bad Guy: vos estabas en la mision de bandidos?
16:22:02 : Side: FIN4LShare: dead
16:22:21 : Side: Bad Guy: br?
16:22:51 : Side: FIN4LShare: sim
16:23:15 : Side: Bad Guy: vem, lootea
16:25:28 : Side: Bad Guy: eu levo ural
16:25:51 : Side: FIN4LShare: ok. me da so uma sniper
16:25:52 : Side: Bad Guy: perdon, eu levo v3s amarelo
16:26:06 : Side: Bad Guy: lootea 
16:26:54 : Side: Bad Guy: na caja material do construccion
16:29:58 : Side: Bad Guy: large gunbag aqui
16:30:14 : Side: FIN4LShare: ja pequei 
16:31:32 : Side: Bad Guy: voce heroe?
16:47:29 : Side: Bad Guy: alguno quiere una toyota_
16:47:33 : Side: Bad Guy: ??
17:13:50 : Side: Bad Guy: como se me bugueo este heli de mierda
18:37:15 : Side: Jej0x |Aspirante|: hola
18:37:20 : Side: [WG] SnakeGeneral: hola
18:37:33 : Side: Jej0x |Aspirante|: todo bien?
18:37:39 : Side: [WG] SnakeGeneral: si e yo
18:41:27 : Side: Bad Guy: llego el lecherooo
18:41:33 : Side: Jej0x |Aspirante|: hola bad
18:43:17 : Side: Bad Guy: lpm mejore 4 paredes y ya me quede sin material...
18:49:08 : Side: Bad Guy: mala mia cloud
18:49:54 : Side: Cloudsp: will call the cops ;.;
18:49:59 : Side: Bad Guy: XD
18:50:06 : Side: Cloudsp: hit and run
18:50:08 : Side: Bad Guy: i used the horn
18:50:49 : Side: Bad Guy: hu me ganaron de mano con el heli
18:59:28 : Side: Bad Guy: che estan bugueadas las misiones?
19:01:38 : Direct: Jej0x |Aspirante|: me regalas una mochila?
19:02:06 : Direct: Jej0x |Aspirante|: do you gift me a bag?
19:02:16 : Side: Cloudsp: ;
19:02:16 : Direct: Jej0x |Aspirante|: or money?
19:02:29 : Direct: Cloudsp: will check if have
19:02:57 : Direct: Jej0x |Aspirante|: sanek
19:03:00 : Direct: Jej0x |Aspirante|: snake
19:03:21 : Direct: Jej0x |Aspirante|: me regalas una mochila o algo de plata?
19:03:45 : Direct: Cloudsp: we dont have extra bag
19:03:45 : Direct: Jej0x |Aspirante|: voce falhar portuges?
19:03:59 : Direct: Cloudsp: sim
19:04:01 : Direct: Jej0x |Aspirante|: money?
19:04:13 : Direct: Cloudsp: portuguese or english
19:04:18 : Direct: Jej0x |Aspirante|: spanish 
19:12:41 : Direct: Jej0x |Aspirante|: do you take me any?
19:13:39 : Direct: Jej0x |Aspirante|: friend?
19:15:18 : Side: Jej0x |Aspirante|: bad guy
19:15:22 : Side: Jej0x |Aspirante|: hacemos misiones?
19:17:12 : Side: Bad Guy: estoy en la del mi17
19:17:18 : Side: Bad Guy: si queres venite
19:17:23 : Side: Bad Guy: ta medio complicada
19:17:34 : Side: Jej0x |Aspirante|:  venis a buscar?
19:17:45 : Side: Bad Guy: si desbloqueo la vod me la vuelan
19:24:20 : Side: Bad Guy: AL COSTADO
19:28:03 : Side: Bad Guy: m2
19:28:45 : Side: [WG] SnakeGeneral: bad you have morphine
19:28:55 : Side: Bad Guy: i think 1 left
19:29:59 : Side: Bad Guy: i see 1
19:30:17 : Side: Bad Guy: hs
19:31:20 : Direct: Bad Guy: who needs morphine?
19:31:26 : Direct: [WG] SnakeGeneral: yes
19:31:45 : Direct: [WG] SnakeGeneral: thx
19:34:25 : Side: [WG] SnakeGeneral: come
19:34:49 : Side: Bad Guy: there is 1 left
19:36:08 : Side: Bad Guy: it works
19:36:50 : Direct: Cloudsp: we will split the itens in 2 w/ u, and we keep the chopper... sounds fair?
19:37:21 : Side: Bad Guy: large over here
19:38:31 : Side: Bad Guy: who takes the heli?
19:38:42 : Side: Cloudsp: we are going to split the weapons in 2 w/ u, and we keep the chopper... sounds fair?
19:38:57 : Side: Bad Guy: sound good to me
19:39:09 : Side: Bad Guy: letme bring my vod
19:41:06 : Side: Cloudsp: hide the body who u alredy loot
19:41:15 : Side: Bad Guy: ok
19:46:44 : Direct: Cloudsp: get ur share
19:47:03 : Direct: Bad Guy: thats 4 me_
19:47:07 : Direct: Bad Guy: ?
19:47:43 : Direct: Cloudsp: yeah
19:48:38 : Direct: Bad Guy: take the rest
19:48:42 : Direct: Bad Guy: cant hold any more
19:49:30 : Side: Cloudsp: cya
23:21:56 : Side: Nikyta: snake estas haciendo misiones ?
23:22:43 : Side: [WG] SnakeGeneral: si
23:27:34 : Side: Nikyta: pregunta para hacer el mantenimiento aca te pide oro ?
23:28:01 : Side: Nikyta: por que hago el mantenimiento y nunca me saca dinero ni oro
