00:41:55 : Direct: juandayz: hola jf como te va
00:42:42 : Direct: juandayz: bien :)
00:43:01 : Direct: juandayz: jajaj estoy mas vago ahora
00:43:59 : Direct: juandayz: viste la gitana que te lee la suerte?
00:44:11 : Direct: juandayz: para joder no mas
00:46:26 : Direct: juandayz: voy a probar suerte con la ruleta rusa, la gitana me dijo q probara
00:46:33 : Direct: juandayz: a ver q tan confiable es
00:47:16 : Direct: juandayz: si
00:47:18 : Direct: juandayz: :D
00:47:50 : Direct: juandayz: hola galle
00:48:33 : Direct: juandayz: mu
00:48:44 : Direct: galle: jaja
00:48:48 : Direct: juandayz: aya venden bola
00:49:21 : Direct: galle: pedazo de tetas
00:49:42 : Direct: juandayz: no, hay de gendarmeria, prefectura, y una de policia como la de galle, las otras las saque
00:50:13 : Direct: galle: en donde compro los barriles vacios?
00:50:21 : Direct: juandayz: en el whole
00:50:23 : Direct: juandayz: venii
00:50:35 : Direct: galle: donde esta la vaca
00:50:41 : Direct: juandayz: al conejo segu
00:50:54 : Direct: galle: ty
00:51:16 : Direct: juandayz: el ultimo, fuel barrel empty es el de naafta de 200lt
00:51:29 : Direct: juandayz: el q no te deja jf?
00:53:18 : Direct: juandayz: ruleta rusa es este
00:53:27 : Direct: galle: jajaja q copado
00:53:40 : Direct: juandayz: 50 a 50 chances, si no te matas ganas 100.000
00:54:09 : Direct: galle: si no tuviera q hacer cosas importantes
00:54:11 : Direct: galle: me la juego
00:54:21 : Direct: juandayz: si moris te borra todo el gear
00:54:30 : Direct: galle: q copado
00:54:34 : Direct: galle: ya la voy a probar
00:54:44 : Direct: galle: no se mata el viejo si gano?
00:54:54 : Direct: juandayz: tambien podes revolver en las cosas del viejo
00:55:00 : Direct: juandayz: para sacar un item al azar
00:55:18 : Direct: galle: como?
00:55:20 : Direct: galle: pero me mata?
00:55:22 : Direct: juandayz: por una silverbar de 10on
00:55:29 : Direct: juandayz: no, no te mata
00:55:47 : Direct: juandayz: buscar items usados
00:55:48 : Direct: galle: a ver..
00:56:47 : Direct: juandayz: y compraste la suv?
00:57:40 : Direct: juandayz: jodeme q te toco un papel higienico jjaja
00:57:42 : Direct: galle: 1 rueda
00:57:44 : Direct: galle: si
00:57:46 : Direct: juandayz: ahh bienn
00:57:46 : Direct: galle: jajaja
00:57:50 : Direct: juandayz: jaaj
00:57:56 : Direct: galle: lo mas piola q podes sacar?
00:57:59 : Direct: juandayz: hay 33 items distintos
00:58:01 : Direct: galle: estan todos los items de juego?
00:58:13 : Direct: juandayz: si casi todos
00:58:26 : Direct: galle: copado
00:58:31 : Direct: juandayz: comida,bebida. municion,partes de auto..etc
00:58:36 : Direct: galle: muy lindo server, los felicito
00:58:43 : Direct: juandayz: gracias :)
00:58:45 : Direct: galle: gracias x la ayudita
00:58:48 : Direct: juandayz: ;)
00:58:51 : Direct: galle: sigo con lo mio q mi compa me mata
00:58:56 : Direct: juandayz: la proxima visita a la gitana :P
00:59:04 : Direct: galle: qe gitaananaaaa
00:59:12 : Direct: juandayz: pero elegiste la camo
00:59:17 : Direct: juandayz: la q te lee la suerte
00:59:20 : Direct: galle: donde esta la gitana?
00:59:31 : Direct: juandayz: es para joder no mas
00:59:41 : Direct: galle: jaja estoy pobre
01:00:06 : Direct: juandayz: cual queres vos?
01:00:25 : Direct: juandayz: editadas qedaron 3- la suv black, es la policia
01:00:31 : Direct: juandayz: la green es la gendarme
01:00:37 : Direct: juandayz: y la white la de prefectura
01:00:56 : Direct: juandayz: quedaron esas 3 no mas
01:01:40 : Direct: juandayz: ahi te di la plata y te borre esta
01:01:58 : Direct: juandayz: la white esta piola
01:04:11 : Direct: juandayz: no, la saque
01:04:20 : Direct: juandayz: para achicar el archivo
05:03:14 : Direct: Alan: acepta grupo
05:04:01 : Direct: Alan: vamos _
16:00:15 : Direct: juandayz: entrale al burdel
16:00:54 : Direct: Davi: hasta una cama tiene
16:01:07 : Direct: juandayz: si es buen servicio
16:01:11 : Direct: juandayz: pusiste?
16:01:16 : Direct: Davi: inodoro jajajajajaj
16:01:27 : Direct: Davi: esta re cara la loca esta
16:01:31 : Direct: juandayz: ahi te di 1000 pa q debutes
16:01:33 : Direct: Davi: no tengo 
16:01:37 : Direct: Davi: aa a ver
16:01:52 : Direct: Davi: JAJAJAJAJAJAJAJAJAJAJJAJAJA
16:02:00 : Direct: juandayz: :D
16:02:02 : Direct: Davi: ME TENTE BOLUDO
16:02:13 : Direct: juandayz: eso q no viste la gitana q te pide moneda
16:02:14 : Direct: Davi: LOS DE AFUERA ESCUCHAN LA MUSICA?
16:02:19 : Direct: juandayz: veni
16:02:50 : Direct: Davi: jajajajajajajajajajajajja
16:02:57 : Direct: juandayz: re paraguaya jajaj
16:03:08 : Direct: Davi: qioere ser mi amiga dice
16:03:18 : Direct: juandayz: jajaj pone oir mi suerte
16:03:23 : Direct: Davi: isisis 
16:03:42 : Direct: Davi: che donde esta la camioenta de noelia?
16:03:51 : Direct: juandayz: te hize la gendarme pa vos
16:03:55 : Direct: Davi: me le voy aparecer en la base al otro con eso
16:04:20 : Direct: Davi: estan genial boludo no habia visto esto
16:04:30 : Direct: Davi: JAJAJAJAJJAJAJAJ
16:05:03 : Direct: juandayz: vamo
16:05:08 : Direct: Davi: vamos juan?
16:05:13 : Direct: Davi: vamos a ver que mierda hacen
16:05:38 : Direct: Alan: we jaja
16:05:42 : Direct: Alan: dale juan
16:05:45 : Direct: Davi: AJJAJAJAJAJAJA
16:05:45 : Direct: Alan: ayudame cara de japi
16:05:49 : Direct: Alan: es la primera ves q hare una base
16:05:51 : Direct: Alan: jajaja
16:06:08 : Direct: Alan: estoy haciendo todas las paredes
16:06:24 : Direct: Davi: JAJAJAJAJ
16:06:25 : Direct: Alan: viene a pelotudear jajaja
16:06:30 : Direct: Alan: aca hay q laburar vago
16:06:32 : Direct: Davi: MIRALO AL OTRO
16:06:41 : Direct: Davi: che viste nuestras camioneta
16:06:54 : Direct: Alan: sii esta muyy buena jaja
16:06:58 : Direct: Alan: esa donde se compran ?
16:07:10 : Direct: Alan: asi me clavo una
16:07:14 : Direct: Alan: mirando la camioneta
16:07:34 : Direct: Alan: jajaja
16:07:48 : Direct: Davi: mirale la cara
16:08:06 : Direct: Alan: vickyxipolitakis
16:08:16 : Direct: juandayz: es noelia :D
16:08:16 : Direct: Alan: tiene una cara de zorra jaja
16:08:27 : Direct: Davi: recien vui al burdel
16:08:35 : Direct: Davi: esta caro el polvo
16:08:48 : Direct: Alan: yo voy a las esquinas
16:08:53 : Direct: Alan: y me garcho cada travas
16:09:04 : Direct: Alan: jajaja
16:09:10 : Direct: Alan: voy a cortar madera
16:09:14 : Direct: Alan: no se vallan eh
16:09:20 : Direct: Davi: no anda
16:10:10 : Direct: Davi: el sonido de la motosierra es el da minigun de los helis aahah
16:10:53 : Direct: Alan: wooo
16:10:55 : Direct: Alan: y esoo
16:11:04 : Direct: Davi: es para navidad
16:11:06 : Direct: juandayz: vamo a talar
16:11:12 : Direct: Alan: jaja lel
16:11:23 : Direct: Davi: JAJAJAJAJAJAJAJAJAJAJAJAJAJ
16:11:28 : Direct: Davi: HDP
16:11:31 : Direct: juandayz: se pusieron atras jaja
16:11:43 : Direct: Alan: es mas facil 
16:11:50 : Direct: Davi: quieramos ver de cerca
16:11:51 : Direct: Alan: saquenle a ese chico eso
16:11:54 : Direct: Alan: eso un peligro
16:12:01 : Direct: Davi: ni le pegaste
16:12:05 : Direct: juandayz: jajaj
16:12:06 : Direct: Alan: sos malisimoo jaja
16:12:38 : Direct: Davi: che y estas solo aca Alan??
16:12:44 : Direct: Alan: si si
16:12:54 : Direct: Alan: todos los q vienen
16:12:57 : Direct: Alan: tienen todos team dicen
16:13:24 : Direct: juandayz: te queres matar davi por q tengo alta pelota q vuela
16:13:38 : Direct: Alan: jajaja
16:13:48 : Direct: Davi: jajajajajajaj
16:13:49 : Direct: Alan: q carajo es eso
16:14:08 : Direct: Alan: un dron
16:14:28 : Direct: Davi: che que estas haciendo alan?
16:14:37 : Direct: Alan: quiero hacer una base
16:14:55 : Direct: Alan: estoy haciendo paredes ahora
16:14:58 : Direct: Alan: en el camion ya tengo
16:15:00 : Direct: Alan: bastante
16:15:36 : Direct: Davi: hay mas gente haciendo bases?
16:15:49 : Direct: Alan: mm rulo y el otro
16:15:50 : Direct: juandayz: rulo y cursi
16:15:53 : Direct: Alan: se estan haciendo una
16:16:04 : Direct: Alan: les pedi ayuda aesos hdps
16:16:08 : Direct: Alan: y me dijieron ya tenemos team
16:16:14 : Direct: Alan: metete la ayuda en el orto le dije jaja
16:16:28 : Direct: Davi: que haces juan? jajaja
16:16:35 : Direct: Alan: vive en una nube de pedo juan jaja
16:16:46 : Direct: Davi: hay que salir a vender verdura
16:16:50 : Direct: Davi: naaa mira lo que hace aquel
16:16:59 : Direct: juandayz: vamos a dar una vuelta
16:17:01 : Direct: Alan: q carajo es eso jaja
16:17:13 : Direct: juandayz: ahi venimos alan
16:17:16 : Direct: Alan: dale
16:17:20 : Direct: Davi: cuidaa noelia
16:17:26 : Direct: Alan: le dedcio 4
16:17:27 : Direct: Alan: dedico 4
16:17:40 : Direct: Davi: jajajaj
16:18:02 : Direct: Davi: estaba solo en la loma del orto armando una base aquel
16:39:08 : Direct: Alan: q bueno esta esew
16:39:27 : Direct: juandayz: q tul la base
16:39:36 : Direct: Alan: ay te mande grupo
16:39:42 : Direct: Alan: ay hice 40 paredes
16:39:43 : Direct: juandayz: nop tengo radio
16:39:48 : Direct: Alan: ahh ok
16:39:51 : Direct: juandayz: 40 paredes :S
16:39:51 : Direct: Alan: ay tengo 40 paredes
16:39:58 : Direct: Alan: sisi, poco ?
16:40:05 : Direct: juandayz: demaciado jjaja
16:40:10 : Direct: Alan: lel
16:40:14 : Direct: Alan: pero solo
16:40:24 : Direct: Alan: estoy solo haciendolo xd
16:40:29 : Direct: juandayz: por eso te digo es un monton
16:40:41 : Direct: Alan: ahh jaja
16:40:47 : Direct: Alan: ya me alcanzara para la base ?
16:41:03 : Direct: juandayz: si son 40 woodwall te sobra
16:41:15 : Direct: juandayz: floor celling hiciste?
16:41:15 : Direct: Alan: mmm pero aun nose
16:41:20 : Direct: Alan: como are la base
16:41:23 : Direct: Alan: mm no
16:41:27 : Direct: Alan: solamente wall
16:41:29 : Direct: juandayz: ese es el piso
16:41:31 : Direct: Alan: nose hacer eso de floor celling
16:41:38 : Direct: Alan: a ver
16:41:38 : Direct: juandayz: igual q la pared es
16:41:54 : Direct: Alan: ok ahora hago
16:41:58 : Direct: Alan: el piso entonces
16:42:06 : Direct: juandayz: alan, vos sacaste la puerta de madera q habiamos echo de tu base vieja?
16:42:13 : Direct: Alan: me sacaron todo
16:42:16 : Direct: Alan: me robaron
16:42:23 : Direct: Alan: todos los vehiculos tmb me sacaron todo
16:42:29 : Direct: juandayz: q mas te sacaron?
16:42:43 : Direct: Alan: los vehiculos que tenia y la caja fuerte q tenia lo mas importante
16:42:49 : Direct: Alan: armas,y un monton de cosas
16:43:20 : Direct: juandayz: o dejaste abierto
16:43:24 : Direct: Alan: nono
16:43:27 : Direct: Alan: cerrado
16:43:36 : Direct: Alan: siempre q me desconectaba iva a desconectar a la base
16:43:38 : Direct: Alan: y cerraba todo
16:46:50 : Direct: Alan: craft floor es ?
16:46:59 : Direct: juandayz: sip
16:47:03 : Direct: Alan: ok
16:49:04 : Direct: juandayz: sabias esto con la pala?
16:49:14 : Direct: Alan: no, q es eso ?
16:49:24 : Direct: juandayz: bue
16:49:25 : Direct: Alan: jajajaja
16:49:27 : Direct: Alan: q boluu
17:26:33 : Direct: juandayz: q son pareja gay ahora?
17:26:42 : Direct: Alan: jajaja algo aii
17:26:53 : Direct: juandayz: edgar, lo q quedo de tu base
17:26:59 : Direct: Alan: ya que vos no me ayudas culiao me ayudara edgar jaja
17:27:00 : Direct: juandayz: hace cuanto mas o menos lo armaste
17:27:22 : Direct: edgar: nose pero se desarmaba sola
17:27:36 : Direct: juandayz: si, hace 2 dias que la estoy usando de prueba
17:27:49 : Direct: juandayz: la vengo manteniendo y no desaparecio lo q resta de ella
17:27:54 : Direct: edgar: y mejor ya no la contrui por que me gastaba como 2m
17:28:09 : Direct: juandayz: pero no se si es q funciona o si todabia no cumplio la cantidad de dias antes de q se borre
17:28:10 : Direct: edgar: yo tambien le e echo mantenimiento
17:28:32 : Direct: juandayz: cuanto hace mas o menos q hiciste esa parte que quedo? te acordas?
17:28:50 : Direct: edgar: como una semana
17:29:06 : Direct: juandayz: mmmm ok, podria ser q este fucionando entonces
17:30:02 : Direct: juandayz: hay cosas nuevas para construir, click derecho al libro, advanced craft para leer q se necesita
17:30:13 : Direct: juandayz: se pueden hacer torres de metal,, blablabla
17:30:24 : Direct: Alan: ay vengo
17:30:29 : Direct: Alan: la acompaño a mi vieja hacer un mandado
17:30:33 : Direct: Alan: 15 min y vengo
20:43:05 : Direct: juandayz: hellod
20:43:16 : Direct: sebastian: hola
20:43:25 : Direct: juandayz: que te anda pasando?
20:43:41 : Direct: sebastian: no me deja vender armas
20:44:05 : Direct: juandayz: no te da la opcion de compra rapida?
20:44:17 : Direct: juandayz: hacele zoom
20:44:28 : Direct: juandayz: click derecho
20:44:33 : Direct: juandayz: de nada
21:30:58 : Direct: sebastian: que haces ?
21:31:13 : Direct: juandayz: miralo a este putaneando
21:31:19 : Direct: sebastian: xd
21:31:42 : Direct: sebastian: kajakja
21:31:46 : Direct: sebastian: es bkn
21:31:56 : Direct: juandayz: wtf :S las texturas de los carteles se fueron.. q pta paso
21:32:23 : Direct: juandayz: ustedes ven la bandera yanqui ahi o el cartl del burdel?
21:32:41 : Direct: sebastian: veo la bandera de EE.UU
21:32:55 : Direct: juandayz: ok. algo paso mm
21:34:27 : Direct: sebastian: wtf xd
21:35:00 : Direct: sebastian: el arma
22:03:53 : Direct: juandayz: q es lo q haces con el medico siempre jf :S
22:04:19 : Direct: juandayz: :D
22:52:02 : Direct: juandayz: pudiste con el ural?
22:52:07 : Direct: sebastian: nop .c
22:52:19 : Direct: juandayz: trader menu usa
22:52:30 : Direct: juandayz: compra rapida no sirve para vehiculos
22:52:34 : Direct: sebastian: :vvvvv
22:52:46 : Direct: sebastian: thanks
22:52:49 : Direct: juandayz: ;)
22:52:50 : Direct: sebastian: :D
22:52:54 : Direct: sebastian: soy happy
22:52:59 : Direct: juandayz: para vender es igual
22:53:01 : Direct: juandayz: trader menu
22:53:08 : Direct: sebastian: oka bro muchas gracias
22:53:12 : Direct: juandayz: de nada :)
22:53:53 : Direct: juandayz: wtf volvieron ls texturas :O
22:54:23 : Direct: juandayz: se ve q no se habian cargado hoy
22:54:28 : Direct: sebastian: akjak hay si po
23:03:47 : Direct: juandayz: guarda q esta borracho rulo
23:03:54 : Direct: juandayz: ni te acerques a la carpa
23:03:54 : Direct: sRulo: jajaja
23:04:20 : Direct: sRulo: poneme un guardia me da miedo asiw
23:04:25 : Direct: sRulo: jajaw
23:04:39 : Direct: juandayz: jajajajajajajaj
23:05:35 : Direct: sRulo: jajajajaj la musica
23:05:37 : Direct: sRulo: jajajajaja
23:06:22 : Direct: juandayz: miralo rulo
23:06:31 : Direct: juandayz: como lootea el mercado pa juntar plata
23:06:37 : Direct: juandayz: para ya sabes q
23:14:48 : Direct: juandayz: blue key
23:14:58 : Direct: sebastian: si
23:14:58 : Direct: juandayz: en el equipo del camion
23:15:15 : Direct: sebastian: gracias
23:15:19 : Direct: juandayz: ;)
23:15:22 : Direct: sebastian: enserio gracias me salaste xd
23:15:27 : Direct: sebastian: todo ese esfuerzo
23:15:31 : Direct: juandayz: ajaja todo bien
23:17:51 : Direct: juandayz: jajajaja
23:18:02 : Direct: sRulo: le estan sacudieindo la novia por unos mangos jaja
23:18:03 : Direct: juandayz: tengo algo mejor
23:18:19 : Direct: sRulo: jajaj hdp
23:18:23 : Direct: juandayz: con ese no jode
23:18:29 : Direct: sRulo: jajajaj
23:18:30 : Direct: juandayz: ;D
23:18:49 : Direct: galle: yo queria disparar cañonazos 
23:42:32 : Direct: juandayz: hola loly
23:46:06 : Direct: juandayz: muuu
23:46:14 : Direct: juandayz: jajja
23:46:35 : Direct: juandayz: es q soy el admin, no te asustes
23:46:50 : Direct: juandayz: :D
23:47:20 : Direct: juandayz: ahi tienen una prostituta
23:47:28 : Direct: juandayz: pueden jugar ruleta rusa
23:47:33 : Direct: juandayz: buscar items usados
23:47:44 : Direct: juandayz: y algunas otras cosas ademas de tradear
23:48:01 : Direct: juandayz: ah joya :)
23:48:18 : Direct: juandayz: como?
23:48:35 : Direct: juandayz: si de una
23:48:39 : Direct: juandayz: es pvp el server
23:48:47 : Direct: juandayz: -osea mientra
23:48:49 : Direct: juandayz: s
23:48:55 : Direct: juandayz: no campeen el trade
23:49:03 : Direct: juandayz: el resto podes matar donde quieras
23:49:25 : Direct: juandayz: :D si hacen falta un par de bandidos
23:50:44 : Direct: juandayz: pareces la gitana
23:50:51 : Direct: juandayz: veni
23:51:09 : Direct: juandayz: jajajaa
23:51:22 : Direct: juandayz: llevale
23:55:14 : Direct: juandayz: ni idea , pero si no lo sacan se lo escupe el restart
23:55:31 : Direct: juandayz: llevalo no mas
23:55:38 : Direct: juandayz: osea somos 3 aca dentro
23:55:59 : Direct: juandayz: tengo una pa vos amego
23:56:34 : Direct: juandayz: anda llevala
