00:27:42 : Side: Repus: so es tu admin ?
00:28:55 : Side: JF: No , soy admin , que nesecitas?
00:29:06 : Side: Repus: nada
00:29:39 : Side: JF: OK
01:26:02 : Side: Dragons: el punto naranja q es__??
01:27:01 : Side: JF: suelen ser materiales de construccion..
01:27:25 : Side: Dragons: ahh  gracias..aun me confunde un poco el mapa
01:27:44 : Side: JF: faciles aveces algunos bods
02:13:21 : Side: Dragons: cada cuanto reinicia??
02:13:51 : Side: JF: cada 3
02:14:04 : Side: Dragons: ty
02:14:15 : Side: JF: en 46 minutos 
12:51:25 : Side: JF: Hola Dragons, todo bien?..
12:51:47 : Side: Dragons: hola buen dia
12:51:51 : Side: Dragons: si todo bien
12:51:58 : Side: Dragons: ya tenes base aca?
12:53:58 : Side: JF: Si ya tengo y vos?
12:55:02 : Side: Dragons: no no.. ayer fue mi primer dia aca.. y aun sgo reconoiendo el map
12:57:40 : Side: JF: necesitas alguna ayuda? tenes veiculo ? llegas para el plot? venite al mercado yo estoy aki ahora , te ayudo no te hagas drama!!
12:57:45 : Side: Dragons: d q otra forma pongo el set para la distancia??  con el croll ya no sale
12:58:18 : Side: Dragons: tengo una caja ya. ahora estoy en la mision del m22  vendo eso y estoy creo
12:59:05 : Side: JF: distancia para que necesitas?
12:59:38 : Side: Dragons: para ver mejor
12:59:59 : Side: Dragons: pero ya no sale esa opcion
13:00:56 : Side: JF: Ah si con el scroll te tira la opcion setview en letras negras anda ahi y elegis 
13:23:55 : Side: JF: QUE CARAJO PASA CON ESTO . PASA UN MINUTO Y ME RESETEA LA RPM SE ME VA LA HORA INTENTANDO ENTRAR.... 
13:24:33 : Side: Dragons: si me pasa igual..pero no se reinicia  por q estoy con un avion de mision  y sigue estando
13:25:15 : Side: Dragons: ahhhhhhhhhh
13:27:01 : Side: Dragons: puta madre me quedaban bot por matar
13:27:43 : Side: JF: No si el restart es a las 15 pero ya me paso un par de veces que me sacó el server y en una volvi como zombi y nada que ver yo no habia muerto antes.
13:28:49 : Side: JF: che si tenes que tener cuidado porque aveces te aparecen un par mas que no estaban entre los que contas y te hacen una emboscada..
13:29:10 : Side: Dragons: es muy inestable el server  y por suerte no vamos en heli por q chau todo
13:31:46 : Side: JF: no pero tengo entendido que no es el server sino las transmisiones satelitales porque inclusive son muy inestables los fps aqui estan obsilando--
13:31:57 : Side: JF: muchisimo ahora.
13:43:42 : Side: JF: Hl
13:43:54 : Side: JF: que qeres vender?
13:44:11 : Side: Dragons: el avion
13:45:15 : Side: JF: tiene llave?
13:45:19 : Side: Dragons: nop
13:45:34 : Side: Dragons: es de mision
13:45:44 : Side: JF: fijate alla enfrente pasando la calle
13:45:45 : Side: Dragons: en la q mori 20 veces jajaja
13:45:52 : Side: Dragons: ok gracias
13:46:20 : Side: JF: jajaja
13:46:46 : Side: JF: si tenia llave talves haciamos negocio jeje
13:47:41 : Side: Dragons: es aqui  gracias  200k me dio
13:48:24 : Side: JF: bien ahí jojo valió las dos muertes jaja..
13:48:34 : Side: Dragons: 4  jajaja
13:49:28 : Side: Dragons: me voy a dar unas vueltas para ver donde plantar base
13:49:34 : Side: JF: Eh perdido que haces , jajaja como estas juancito
13:50:58 : Side: JF: Ehy dragons este que anda aqui con difraz de pekines es el admin cualquier duda o consulta tirasela 
13:51:34 : Side: Dragons: ok  gracias......hola adm
13:53:47 : Side: juandayz: como andan
13:54:10 : Side: Dragons: bien 
13:55:13 : Side: JF: Bien Juan gracias .. ahora todo bien..
13:55:36 : Side: Dragons: se corto unas 3 veces seguidas el sv hace un rato
13:57:40 : Side: juandayz: si esta viendo eso, parece q habia algun error con las conexiones del master del battleye.. por q el server seguia no? osea las misiones y eso estaban
13:57:58 : Side: Dragons: sisi  todo seguia igual
14:00:54 : Side: Dragons: me esta pasando q la opcion de seteo no esta
14:01:05 : Side: Dragons: hay otra forma de entrar al menu ese
14:01:12 : Side: Dragons: ?
14:03:40 : Side: JF: A que le llamas seteo, perdoná...
14:04:13 : Side: Dragons: las opciones de calidad y distan. q salen en negro...  me falta eso  no sale
14:05:01 : Side: JF: tenes que mover la ruedita del mous
14:05:27 : Side: JF: intenta cambiando de arma a ver que pasa
14:05:33 : Side: Dragons: sip lo se.. pero ahora no sale...estan las demas opciones pero esa no
14:06:13 : Side: JF: es raro la verdad no te se decir,  perdoná..
14:06:33 : Side: Dragons: pn  seguro se arregla salinedo y volviendo a entrar
14:40:25 : Side: Dragons: los autos con llave son indestructibles__?
14:41:01 : Side: JF: creo que si no estoy seguro..
14:41:35 : Side: Dragons: si  le estoy tirando a uno y nada.....
14:46:20 : Side: JF: Hola Leo, como estas?..
14:46:42 : Side: Leodagos: holaaa , todo bien , ustedes ?
14:47:19 : Side: JF: todo bien , xD..
14:48:12 : Side: Bad Guy: buenass
14:48:17 : Side: Leodagos: buenas
14:48:17 : Side: Dragons: buenas
14:48:42 : Side: JF: Hola bad como estas.
14:48:53 : Side: Bad Guy: a punto de incendiar esta pc del orto
14:48:58 : Side: Bad Guy: vs??
14:49:42 : Side: JF: jajajaja no pobrecita no es su culpa nosotros ya renegamos antes con Dragons ..
14:50:01 : Side: Bad Guy: ajajja x?
14:50:44 : Side: JF: mi maquinita se defiende pero me oarece que se esta emoachando con zombis por que hoy no le pasaban la garganta jaja
14:51:07 : Side: Dragons: jajaj
14:52:13 : Side: Bad Guy: jaja esta no c q bate con el arma q se borran archivos o se copian archivos
14:53:09 : Side: Bad Guy: realmente me queres disparar???
14:53:30 : Side: Dragons: jajaj  ya no se q es de player o bot aca...perdon
14:53:55 : Side: Bad Guy: te salvaste q no cargue el heli con municion nomas
14:54:36 : Side: Dragons: soy bueno tirando a la cabina cuando me dan el tiempo jejej
14:55:36 : Side: Bad Guy: el tema es q te de el tiempo
14:55:53 : Side: Bad Guy: y no te agarre con las 2000 rondas del heli
14:56:27 : Side: Dragons: aca es mas dificil.  note q los heli tienen mucho aguante
14:56:38 : Side: Dragons: el mio esta en rojo y sigue andando
14:57:03 : Side: Bad Guy: este aca es durisimoq
14:58:19 : Side: Dragons: donde quiero cerra una base hay una caja... me da lastima cagar al pobre pibe q planto aca....
14:58:41 : Side: Bad Guy: donde me estoy armando la base habia una caja
14:58:53 : Side: Bad Guy: como nunca la abrieron le pedi a juan q la borre
14:59:16 : Side: Dragons: voy a dar unas vueltas y si no me gusta nada  voy hacer lo mismo
15:08:16 : Side: Bad Guy: che q es la parte de la base de la un
15:10:24 : Side: JF: Ah mirá recien lo veo ni idea , dice fuerte ,asi que debe ser algo con entrada restringida..
15:12:36 : Side: Bad Guy: me dan ganas de ir a ver q onda jajajaja
15:18:25 : Side: Bad Guy: en menos de 2 minutos se me fueron 60 metal pole jajajajaaj
15:18:51 : Side: JF: andá despues me contas .xD algo dijo admin ayer creo que habia un lugar con armas fuera de serie que no estan en venta pero no se donde..
15:19:03 : Side: JF: che y por que¡
15:19:13 : Side: Bad Guy: construyendo pisos de metal jajja
15:19:14 : Side: JF: ?
15:19:55 : Side: JF: te hacen falta mas yo te habia prometido me parece...
15:19:55 : Side: Bad Guy: hay una banda de armas en el aeropuerto
15:20:15 : Side: Bad Guy: con la guita q hicimos ayer tengo de sobra
15:20:19 : Side: Bad Guy: pero gracias igual
15:20:45 : Side: Bad Guy: en el area militar tenes un hangar con 2 o 3 cajas de armas
15:21:02 : Side: JF: JO JO JO quiero ser como vos cuando yo sea grande jajaja
15:21:22 : Side: Bad Guy: entre 4 ayer para matar toda la IA q habia
15:21:29 : Side: Bad Guy: estuvimos como 1 hora y media
15:22:15 : Side: JF: que lastima , yo me dedique a dormir con pierna ayer jajaja...
15:22:21 : Side: Bad Guy: jajajjajaj
15:23:02 : Side: Bad Guy: era una de morirse y morirse y morirse
15:24:09 : Side: JF: Oh me imagino pero entre cuatro seguramente se hace divertido..
15:24:32 : Side: Bad Guy: see encima tenes una banda de M2 montadas q te vuelan al toque
15:25:05 : Side: JF: estaba pensando en algo diferente para divertirse un rato pero ya me voy yendo al laburo 
15:25:14 : Side: Bad Guy: jajajaj q querias hacer?
15:26:05 : Side: JF: esta noche si estamos , estaria bueno cambiarle la tematica un poco al juego y hacer unas especie de carreras 
15:26:24 : Side: Bad Guy: yo tenia ganas de tirarle una idea asi a juan
15:26:31 : Side: JF: despues pensamos como seria mas o menos -
15:26:31 : Side: Bad Guy: q se yo q organizen un evento
15:27:02 : Side: Bad Guy: la cagada es q esta semana laburo de madrugada
15:27:14 : Side: JF: despues vemos al menos un rato nos vamos a divertir si nos llevan el apunte entre los mas conocidos
15:29:01 : Side: Bad Guy: para darte una idea, ayer del area militar saque una m249 con mira termica jajjaj
15:30:56 : Side: JF: Jojo cuando andas con buena racha da gusto 
15:31:02 : Side: Bad Guy: see
15:31:10 : Side: Bad Guy: tengo q subir el video q grabe
15:31:13 : Side: Bad Guy: pero es larguisimo
15:32:58 : Side: JF: la semana pasada a mi me toco una AKS de oro y la tengo guardada como trofeo , es hermosa como brilla--
15:33:25 : Side: Bad Guy: jajjaja
15:34:01 : Side: JF: Hola bad , mira donde nos venimos a encontrar
15:34:06 : Side: Bad Guy: jajajaja
15:34:21 : Side: Bad Guy: vine a hacer una compra rapida de materiales
15:35:08 : Side: Dragons: hace mucho esta este sv?:
15:35:11 : Side: JF: Veni 
15:36:03 : Side: JF: y la verdad creo que no asi pero si con otro nombre me parece
15:36:12 : Side: JF: ah toma 
15:36:52 : Side: JF: te invitoun trago, jajaja
15:37:04 : Side: Bad Guy: jajajaj justo q me esta titilando la sed
15:37:45 : Side: JF: queres comer algo tambien te invito, xD !!
15:37:59 : Side: Bad Guy: jaja na na ta bien
15:38:53 : Side: Bad Guy: cordero y pecsi somo re losotro
15:39:41 : Side: JF: No contes nada pero me salen re economicos estoy en el negocio del avegeato jajaja
15:39:49 : Side: Bad Guy: jajajajajjaajaa
15:40:19 : Side: Bad Guy: despues te traigo un regalito
15:40:25 : Side: JF: bueno locura me tengo que ir despues nos vemos kapá
15:40:28 : Side: Bad Guy: yo ando en el otro negocio
15:40:57 : Side: JF: alla en la carpa de la esquina jajaja
15:41:08 : Side: Bad Guy: eso es la noche jajajaja
15:44:23 : Side: Bad Guy: q haces en el puesto de control dragons???
15:45:16 : Side: Dragons: estaba caminado  vi luz y entre
15:45:22 : Side: Dragons: ahora estoy rodeado
15:45:32 : Side: Bad Guy: jajajaj son 2 nada mas
15:45:32 : Side: JF: jajaja..
15:45:55 : Side: Bad Guy: si sos guapo anda al area militar
16:11:05 : Side: Dragons: se puede vender un heli armado sin ser bandit ni herue
16:11:09 : Side: Dragons: ?:_
16:11:22 : Side: Bad Guy: se
16:11:33 : Side: Dragons: MERCADO CENTRAL TMB
16:11:34 : Side: Bad Guy: fijate q dice vehiculos de mision
16:11:44 : Side: Dragons: AHHH GRACIAS
16:26:02 : Side: Hans: hola
16:26:22 : Side: Dragons: hola
16:27:08 : Side: Hans: alguien tiene un sniper_
16:47:17 : Side: Hans: quien me tiro? -.-
16:47:55 : Side: Sirfes-AR: hay uno que me esta tirando hace rato, campeerrrr!!
16:48:12 : Side: Hans: en donde_
16:48:13 : Side: Bad Guy: adonde??
16:48:26 : Side: Sirfes-AR: balota
16:48:44 : Side: Bad Guy: capas q sea algun botw
16:48:44 : Side: Hans: no me estaras tirando vos ami no xD
16:49:01 : Side: Sirfes-AR: nono, yo estoy corriendo y me llueven los disparos jajaja
16:49:09 : Side: Hans: son los bots hay una mision
16:49:27 : Side: Sirfes-AR: vamos?
16:49:51 : Side: Hans: veni a la torre de control les estoy tirando de aca
16:50:16 : Side: Sirfes-AR: dale, voy a lootear algo y paso por alla
16:51:54 : Side: Hans: mira
16:51:57 : Side: Hans: mierda
16:52:16 : Side: Sirfes-AR: que bajon jajajaja
16:58:23 : Side: Hans: che me mande yolo a la mision
16:58:26 : Side: Hans: estoy adentro xD
16:58:59 : Side: Hans: ayudaaaaaJAJAJA
16:59:56 : Side: Sirfes-AR: tengo unos walkers aca, estoy re acorralado jajaja
17:00:06 : Side: Hans: estoy en el techo no me tires xD
17:00:26 : Side: Sirfes-AR: estoy lejos, no te veo ni a palos jajaja
17:01:44 : Side: Hans: quien es el pelotudo de la m107
17:02:14 : Side: Sirfes-AR: yo no jaja
17:03:14 : Side: Dragons: yo tmp.  pero jhablas como si esto fuera el mario y el q te tire es un pelotudo.
17:04:21 : Side: Sirfes-AR: como me curo una fractura? D:
17:04:58 : Side: Hans: morfina
17:08:17 : Side: Hans: hola?
17:09:31 : Side: Sirfes-AR: hola
17:10:00 : Side: Hans: ya puedo salir senior sniper? xd
17:10:17 : Side: Sirfes-AR: donde estas?
17:10:38 : Side: Hans: se ve que no puedo
17:14:51 : Side: Sirfes-AR: seguis vivo? jajaja
17:17:09 : Side: Sirfes-AR: el del techo sos vos?
17:17:19 : Side: Hans: no bajalo
17:17:35 : Side: Hans: ese es el puto que me tiraba
17:21:58 : Side: Hans: bigote
17:22:05 : Side: Hans: alguna declaracion?
17:22:41 : Side: BIgote: culpable , cabeceo la bala
17:23:06 : Side: Hans: 4 tiros y no te moris que onda xD
17:23:14 : Side: BIgote: no me pegaste jaja
17:24:25 : Side: BIgote: ya me fui 
17:24:49 : Side: Hans: y porque tan puto de tirar a los nuevos?
17:25:02 : Side: BIgote: yo tambien soy nuevo :E
17:25:13 : Side: BIgote: ustedes empezaron , fue defensa 
17:25:25 : Side: Hans: si yo no te tire a vos
17:25:42 : Side: BIgote: alguien empezo a tirar al techo y me dieron un pernaso
17:25:54 : Side: Hans: yo despues de que me tiraste en el techo de la mision
17:26:13 : Side: BIgote: fue al que le pegue en el culo? 
17:26:18 : Side: Hans: sep
17:26:29 : Side: BIgote: te cuero de hemorroides 
17:26:39 : Side: BIgote: cure*
17:27:12 : Side: Hans: bueno te perdono la curada de hemorroides
17:27:15 : Side: Hans: si me dejas lootear
17:27:18 : Side: Hans: se que estas ahi adentro
17:27:25 : Side: BIgote: veni tranqui ya me fui
17:27:52 : Side: Hans: hubieran desaparecido los zombis
17:28:11 : Side: BIgote: no se yo me fui jaja
17:29:32 : Side: Hans: viste que sos un puto
17:36:02 : Side: Hans: por tirarme
17:36:50 : Side: Hans: dale negra asoma la geta bigote
17:39:55 : Side: Hans: estamos a mano creo yo
17:41:41 : Side: Hans: estoy llendo a lootear me vana  dejar en paZ?
17:45:24 : Side: Hans: mierda JAJAJ
17:51:34 : Side: Hans: porque nadie quiere ser mi amigo :C
17:52:06 : Side: Hans: volve por tus cosas si queres dragons
17:52:09 : Side: Hans: yo me las tomo
17:52:13 : Side: Dragons: te estaba habla diciendo q no tires y tiras igual
17:52:29 : Side: Hans: aaa sorry
17:52:31 : Side: Hans: bueno
17:52:36 : Side: Bad Guy: cagalo a tiro dragons
17:52:49 : Side: Sirfes-AR: mierda
17:53:13 : Side: Hans: te relago
17:53:37 : Side: Hans: te regalo la m107 de bad guy
17:54:07 : Side: Hans: tambien se la puse a bigote? que campeon
17:54:08 : Side: Hans: jajaj
17:54:22 : Side: Hans: dragons anda yo te cubro
17:54:34 : Side: Dragons: estoy
17:54:43 : Side: Dragons: salgo..
17:54:46 : Side: Hans: oka lootea ya los puse a los 2
17:55:14 : Side: Hans: ese es el que estoy matando yo negro JAJAJA
17:55:33 : Side: Hans: mata
17:55:38 : Side: Hans: matalo y seremos aliados xD
17:56:44 : Side: Hans: NUUU
17:56:46 : Side: Hans: bien ahi jajaj
17:57:25 : Side: Sirfes-AR: donde estan gatos? me quiero unir a la guerrilla jajajaja
17:57:33 : Side: Azrael1x: hol holaa
17:57:49 : Side: Bad Guy: TS AZRA
17:57:55 : Side: Azrael1x: sale
17:58:48 : Side: Hans: no me invitan ami?
18:04:32 : Side: Hans: linda pelea changos estuvo divertida
18:05:46 : Side: Hans: pregunta
18:05:53 : Side: Hans: como consiguen el skin de vip?
18:06:05 : Side: BIgote: estoy en la misma
18:06:23 : Side: Dragons: cuales son la skin de vip?
18:08:26 : Side: Sirfes-AR: voy a salir corriendo por la pista, soy como un pato. matenme
18:09:29 : Side: Hans: WTFFFFF
18:10:32 : Side: Sirfes-AR: estan re zarpados en este server jajaja
18:10:43 : Side: Hans: jajaja
18:10:50 : Side: Bad Guy: es sv pvp
18:10:51 : Side: Hans: no se ami el jet ese me tiro una bomba
18:11:11 : Side: Hans: bad guy puedo jugar con ustedes? estoy aburrido :b
18:12:29 : Side: Hans: ei air
18:12:31 : Side: Hans: quedate quieto XD
18:12:59 : Side: Dragons: hay q decirle al adm  q saque la marca a las cosas...puedo ver donde esta hans sin tenerlo a la vista..no se si me explico
18:13:22 : Side: Sirfes-AR: sip, yo te vi un par de veces tambien
18:14:17 : Side: Hans: dejenme tranquilo :C
18:15:47 : Side: Hans: me ayudan?
18:15:52 : Side: Hans: quiero llegar a bandido
18:16:04 : Side: Hans: y entre que mate a otro heroe y un bandido estoy por la mitad xD
18:19:04 : Side: Bad Guy: q onda flin!!
18:19:17 : Side: FlingeR: ahi voy al ts
18:19:21 : Side: Bad Guy: oka oka
18:19:23 : Side: Hans: son todos amigos aca
18:19:25 : Side: Hans: que onda jaja
18:20:42 : Side: Hans: sir queres ser mi amigo_ :C
18:20:45 : Side: Hans: o dragons :C
18:21:35 : Side: Sirfes-AR: no
18:21:39 : Side: Sirfes-AR: jajaja
18:22:12 : Side: Hans: porque no :C
18:44:57 : Side: Hans: se callo o ami no mas_
18:45:09 : Side: Bad Guy: se cayo el sv
18:45:22 : Side: Hans: puta madre me quede sin vici >C
18:45:47 : Side: Hans: puedo jugar con ustedes? |D
18:46:16 : Side: Hans: o estan enojados por lo de la mision_
18:54:36 : Side: Hans: no se pueden tener vehiculos no?
18:54:41 : Side: Bad Guy: si
18:54:44 : Side: Bad Guy: los tenes q comprar
18:54:52 : Side: Hans: y no podes usar ninguno del mapa?
18:55:14 : Side: Bad Guy: los q hay x el mapa estan bloqueados
18:55:43 : Side: Hans: na mira en la otra punta me queda esa mision
19:01:17 : Side: Hans: a la mierda la m107
19:07:30 : Side: erick: buenas tardes caballeros... y churro
19:07:38 : Side: Hans: bad guy 
19:07:39 : Side: Azrael1x: holo
19:07:39 : Side: Hans: buenas
19:07:47 : Side: Hans: como conseguis el sniper vip?
19:07:54 : Side: Azrael1x: se fue
19:08:01 : Side: Azrael1x: tenes que ser donador creo
19:08:01 : Side: Hans: bueno azrael
19:08:02 : Side: Hans: xD
19:08:04 : Side: Hans: aaa
19:08:56 : Side: Hans: el heli de la mision se puede usar_
19:09:15 : Side: [Amish]Churro: aloooo
19:09:16 : Side: Azrael1x: si creo,y se venden donde dice heli mision
19:09:17 : Side: [Amish]Churro: como va
19:09:26 : Side: Azrael1x: holas
19:09:27 : Side: erick: churro te amo.. hasme tuya
19:09:30 : Side: Hans: me ayudas? porque no tengo nada xD
19:24:37 : Side: [Amish]Churro: juan tas x ahi?
19:25:57 : Side: Hans: tengo heliii
19:26:19 : Side: Hans: donde lo puedo vender?
19:26:53 : Side: Azrael1x: en heli mision si lo sacaste de alguna
19:27:08 : Side: Hans: y donde queda eso?
19:27:27 : Side: Azrael1x: frente al mercado
19:27:45 : Side: Hans: y como hacia para bajar esta poronga_ xD
19:28:15 : Side: Azrael1x: jajaja no se
19:28:29 : Side: [Amish]Churro: pone pil automatica
19:28:37 : Side: Hans: ahita con la Z
19:28:39 : Side: [Amish]Churro: y cuando se estabiliza
19:28:45 : Side: [Amish]Churro: apreta la z
19:29:33 : Side: Hans: no encuentro la mision heli
19:29:56 : Side: Azrael1x: vehiculos mision perdon,me equivoque
19:30:06 : Side: Hans: me parecia
19:30:09 : Side: Azrael1x: esta en negro
19:30:10 : Side: Hans: xD
19:30:14 : Side: Azrael1x: :p
19:30:43 : Side: Hans: la mision no tenia armas igual
19:33:27 : Side: Hans: 50 mil venderlo y 1 milllon comprarlo que onda
19:33:47 : Side: Azrael1x: sape
19:34:29 : Side: Hans: me cruze 2 bases en el camino
19:34:32 : Side: Hans: alguna es tuya?
19:34:53 : Side: Hans: holaa
19:34:53 : Side: Azrael1x: no creo porque no te escuche\
19:35:58 : Side: Hans: es suyo esto?
19:36:14 : Side: erick: mio
19:39:24 : Side: Jej0x |Aspirante|: admin mire estoy desmayado acabo de logear
19:43:53 : Side: Hans: me re doogo este loco
19:44:00 : Side: [Amish]Churro: jajaja
19:44:02 : Side: Jej0x |Aspirante|: por?
19:44:11 : Side: Hans: puse probar cura 
19:44:16 : Side: Hans: y me dejo mirando luces
19:44:24 : Side: [Amish]Churro: ahora jugate una ruleta rusa
19:44:57 : Side: Hans: ni en pedo
19:45:34 : Side: Jej0x |Aspirante|: ayer habia 11 personas jugando tenia un miedo yo
19:46:14 : Side: [Amish]Churro: jajaja.. re escondido
19:46:21 : Side: [Amish]Churro: heli .. AL SUELO
19:46:37 : Side: Jose Luis: hola
19:46:49 : Side: [Amish]Churro: buenas
19:46:59 : Side: Jose Luis: hola soy nuevo aqui :D
19:47:00 : Side: [Amish]Churro: erick
19:47:20 : Side: Jose Luis: hay un helicoptero por aca es de alguno de ustedes??
19:48:40 : Side: Jose Luis: me re jodio un zombie me agarro descuidado
19:49:52 : Side: Jej0x |Aspirante|: ANTENA ANONIMA- TENGO REFUGIO Y ALIMENTO SI ESTAS AHI AFUERA SOLO YO TE PUEDO AYUDAR
19:50:04 : Side: Azrael1x: XD
19:50:15 : Side: Jej0x |Aspirante|: RE LA PELICULA SOY LEYENDA
19:50:17 : Side: [Amish]Churro: jajajaja
19:50:29 : Side: Hans: a ala mierda
19:50:48 : Side: Hans: me fui de jeta al piso
19:51:13 : Side: Hans: que mision del orto xD
19:51:24 : Side: Jej0x |Aspirante|: CUAL?
19:51:28 : Side: Jose Luis: que hay en el chatarrero
19:51:40 : Side: Hans: la de la mansion
19:52:09 : Side: Jej0x |Aspirante|: EN EL CHATARRERO ANDA CON UNA PALANCA Y CREO QUE PODES TRABAJAR
19:52:25 : Side: Jej0x |Aspirante|: NO SE EN QUE PAGAN
19:52:32 : Side: Jej0x |Aspirante|: SEGURO TE DAN PATACONES AHHRE ARGENTINA
19:53:00 : Side: Jose Luis: pues me pasare por ahi
19:55:45 : Side: Hans: no tengo painkillers que asco
19:55:55 : Side: Jej0x |Aspirante|: DONDE ESTAS-
19:56:00 : Side: Hans: en la mision
19:56:01 : Side: Jej0x |Aspirante|: SI ESTAS CERCA MIO TE LLEVO
19:56:14 : Side: Jej0x |Aspirante|: ESTAMOS MUY LEJOOS
19:56:32 : Side: Jose Luis: y a mi quien me recoge xD
19:56:59 : Side: Jej0x |Aspirante|: CHE YO ESTOY ULTIMAMENTE MATANDO BANDIDOS VOY A LAS MISIONES DE HEROES A MATAR BANDIDOS SI ALGUIEN SE QUIERE UNIR A MI VAMOS
19:57:32 : Side: Jose Luis: tengo poco inventario ya que soy nuevo pero si me necesitas cuenta conmigo
19:57:59 : Side: Azrael1x: me prendo,nos vemos en la mayor mansion_
19:58:15 : Side: Hans: azrael me vas a matar? >C
19:58:27 : Side: Azrael1x: no jaja no soy asi
19:58:42 : Side: Hans: porque tus amigos no me querian mucho
19:58:59 : Side: Azrael1x: si pero a mi no me gusta traicionar
19:59:15 : Side: Hans: a bigote si
19:59:21 : Side: Hans: me tiro en el culo el atrevido
19:59:27 : Side: Azrael1x: XDDDD
19:59:38 : Side: Azrael1x: bueno vamop
19:59:47 : Side: Azrael1x: no los voy a matar
19:59:51 : Side: Hans: yo ya estoy aca
20:00:02 : Side: Jej0x |Aspirante|: YO ESTOY ACOMODANDO MIS COSAS Y VOY A LA MISIONES DE BANDIDOS A AYUDAR
20:01:24 : Side: Azrael1x: les mando grupo asi no nos matamos
20:05:55 : Side: Jej0x |Aspirante|: HOLA JUAN JUSTO LLEGASTE
20:06:05 : Side: Azrael1x: hola juannn
20:06:11 : Side: Jose Luis: hola Juan gracias
20:06:15 : Side: Jej0x |Aspirante|: E ME BUGEO EL HELI Y SALTO Y SE ROMPIO :C
20:06:51 : Side: Jej0x |Aspirante|: ACIAS COMPA
20:07:14 : Side: Jose Luis: gracias Juan y en la noche viene un amigo tambien asi que tendran otro colombiano
20:09:14 : Side: Jej0x |Aspirante|: STOY LLENDO A LA MISION
20:09:17 : Side: Jej0x |Aspirante|: NO MATEN PENDEJEOS
20:10:59 : Side: Azrael1x: aspirante venis en heli_
20:11:02 : Side: Jej0x |Aspirante|: SEE
20:11:09 : Side: Jej0x |Aspirante|: LO DEJO CERCAA
20:13:10 : Side: Jose Luis: voy a morir xD
20:13:26 : Side: Jej0x |Aspirante|: YA TE AYUDO
20:13:29 : Side: Jej0x |Aspirante|: ESTOY EN LA MISION
20:14:14 : Side: juandayz: veni a bloquearlo che pelotas de trapo :D
20:14:33 : Side: Jej0x |Aspirante|: JAJAJAJA DEJE LA LLAVE EN  ELA LOCKBO
20:14:39 : Side: juandayz: ok
20:15:33 : Side: juandayz: entendes algo del server jose luis? 
20:15:46 : Side: Jose Luis: veo que hay trabajos y demas
20:15:58 : Side: erick: churro
20:16:35 : Side: Azrael1x: apren acepta grupo o nos vamos a matar
20:17:16 : Side: erick: churro
20:17:19 : Side: erick: grp
20:17:37 : Side: [Amish]Churro: che juan
20:17:43 : Side: juandayz: si
20:17:43 : Side: [Amish]Churro: te acercas te quiero consultar algo
20:17:46 : Side: juandayz: dale
20:19:11 : Side: Jose Luis: xD
20:19:36 : Side: [Amish]Churro: seguramente ya lo re explotaron
20:20:17 : Side: Hans: admin nos ayudas? xD
20:20:24 : Side: Hans: desaparecio un bot de la mision
20:21:16 : Side: Hans: _
20:21:18 : Side: Hans: ?
20:21:39 : Side: Jose Luis: volvi de la muerte xD
20:22:21 : Side: Hans: gracias
20:24:19 : Side: Hans: nop
20:27:36 : Side: Azrael1x: no lo encuentro 
20:30:15 : Side: Hans: no lo encontraste juan?
20:38:45 : Side: juandayz: un pequeño evento. Coord 73 arriba - 49 izq. Al primero que llega hay una caja con un RPG.
20:39:03 : Side: Azrael1x: eaeaeaeaea
20:39:14 : Side: Jej0x |Aspirante|: a tus eventos no voy mas
20:39:34 : Side: Jej0x |Aspirante|: siempre termino muerto
20:39:39 : Side: Hans: JAJAJA
20:39:52 : Side: Jej0x |Aspirante|: traidor
20:40:22 : Side: Jej0x |Aspirante|: veni al evento decian no pasara nada decian
20:40:29 : Side: juandayz: si se miueren noo me hago cargo jaja
20:44:53 : Side: Hans: no hay guilli?
20:45:23 : Side: Jej0x |Aspirante|: nope
20:47:01 : Side: Hans: donde vendo el oro>
20:47:21 : Side: Jej0x |Aspirante|: en el wachind ela casita 
20:48:17 : Side: Hans: y algun banco donde lo pueda guardar?
20:48:40 : Side: Jej0x |Aspirante|: ponete una safe en algun lugar
20:48:51 : Side: Jej0x |Aspirante|: lo de tener tipo un cofre privado en el mercado estaria bueno
20:50:32 : Side: Jej0x |Aspirante|: se puede levantar un vehiculo con un mini chiopper?
20:50:49 : Side: juandayz: nadie fue a buscar el rpg ? no hay bots ni nada , jejoox miedoso :D
20:51:04 : Side: Jej0x |Aspirante|: vos sos un garca jajaja
20:51:22 : Side: Jej0x |Aspirante|: decis que vallamos y nos cae un misilaso o algo
20:51:28 : Side: juandayz: jajajaaj bue deja no vayas a ver si te mata otro y me culpas :D
20:51:36 : Side: Jej0x |Aspirante|: jajaja
20:54:05 : Side: Jej0x |Aspirante|: eu juan
20:54:18 : Side: Jej0x |Aspirante|: se puede levantar un military offroad con el mini chopper?
20:54:38 : Side: juandayz: creo q no
20:55:01 : Side: juandayz: el mini choper es el mozzin?
20:55:07 : Side: Jej0x |Aspirante|: el uh
20:55:26 : Side: juandayz: el lil bird? si, lo tiene q levantar
20:55:31 : Side: Jej0x |Aspirante|: el que me arreglaste recien
20:55:33 : Side: juandayz: si
20:55:39 : Side: Jej0x |Aspirante|: puede?w
20:55:43 : Side: juandayz: si
20:55:46 : Side: Jej0x |Aspirante|: ok
20:55:49 : Side: Jej0x |Aspirante|: graxw
20:55:55 : Side: juandayz: tiene q estar desbloqueado el vehiculo lifteado
20:56:01 : Side: Jej0x |Aspirante|: ee
20:56:05 : Side: Jej0x |Aspirante|: sesew
20:56:51 : Side: juandayz: dale q te come el restart
20:56:58 : Side: Jej0x |Aspirante|: eee voy a llorar
20:57:02 : Side: Jej0x |Aspirante|: no puedo
20:57:05 : Side: [Amish]Churro: a deslogueaaaaar
20:57:21 : Side: juandayz: subite al heli, arrancalo pooooonelo ensima del gaz gira el mouse y pone lift
20:57:35 : Side: Jej0x |Aspirante|: agregame unos minutitos masq
20:57:42 : Side: juandayz: jaja no puedo
20:57:50 : Side: Jej0x |Aspirante|: bueee no llego a mi baseq
20:58:04 : Side: juandayz: sacalo afuea del trade
20:58:19 : Side: Jej0x |Aspirante|: ale helicoptero de mierda
20:58:21 : Side: juandayz: subi un toque mas y pone lift
20:58:36 : Side: Niconap: no hay vendor que tenga balas de la m4a1sd?
20:58:40 : Side: juandayz: deja q te lo saco yo andando saca el heli vos
20:59:25 : Side: juandayz: aterriza!!
20:59:53 : Side: juandayz: jajajajajajaja
20:59:59 : Side: Jej0x |Aspirante|: roto
21:11:42 : Side: Jej0x |Aspirante|: volvi
21:11:47 : Side: Jej0x |Aspirante|: me arreglas el chop?w
21:11:53 : Side: juandayz: ya te arregle
21:12:00 : Side: Jej0x |Aspirante|: se hizo concha
21:12:04 : Side: Jej0x |Aspirante|: fue como la pelicula 60 segudnos
21:12:09 : Side: Jej0x |Aspirante|: segundos
21:12:30 : Side: juandayz: jajajaj 
21:12:53 : Side: Jej0x |Aspirante|: fue muy epicoq
21:13:15 : Side: Jej0x |Aspirante|: veni a ver como fracaso levantadolo
21:14:09 : Side: Jej0x |Aspirante|: eaaaa lo levante q
21:14:20 : Side: [Amish]Churro: ajajjaa
21:14:32 : Side: Jej0x |Aspirante|: dno dispares gato
21:14:44 : Side: [Amish]Churro: al jeep
21:14:46 : Side: [Amish]Churro: no a vos
21:14:49 : Side: Jej0x |Aspirante|: ahora vuelvo y te mato
21:14:52 : Side: [Amish]Churro: jajaja
21:15:34 : Side: JF: Hola gente como estan Uds.?
21:19:47 : Side: JF: HOLA AMIGOS COMO ESTAN USTEDESS??
21:19:52 : Side: Jej0x |Aspirante|: hola jorge
21:20:05 : Side: juandayz: miraa quien vino... el dejenerado de mercado central :O
21:20:12 : Side: Jej0x |Aspirante|: jajajaja
21:20:21 : Side: Jej0x |Aspirante|: juan mira lo que me paso
21:20:26 : Side: juandayz: voy
21:20:26 : Side: Jej0x |Aspirante|: me desaparecio la llave del jeep
21:20:39 : Side: [Amish]Churro: verso juan
21:20:43 : Side: Jej0x |Aspirante|: ya lo traje y lo guarde
21:20:47 : Side: [Amish]Churro: q se haga hombre
21:20:49 : Side: Jej0x |Aspirante|: juan me vio recien cuando lo compre
21:21:07 : Side: juandayz: puro cuento este jejox :d jaja ahi te hago la cooopia
21:21:16 : Side: Jej0x |Aspirante|: posaa mono-
21:21:24 : Side: Jej0x |Aspirante|: yo no te verseo yo todo lo que te digo es posta maquinola
21:21:37 : Side: [Amish]Churro: juan.. se me bugeo la llave del portaaviones q deje en la costa
21:21:40 : Side: juandayz: ajajaj se enoja
21:21:47 : Side: Jej0x |Aspirante|: jajajaja eso si es verduga
21:22:09 : Side: JF: Jajajaja todo bien me saqué una captura de imagen con la chiva negra que estabas amansando hoy juan y me daba la espalda no se por que jajaja
21:22:11 : Side: Jej0x |Aspirante|: gracias
21:22:36 : Side: juandayz: ahhhhh andubo al final lo de la cabra?? nunca loo probe
21:22:55 : Side: Dallheim: juan me falta el vehiculo
21:23:03 : Side: Jej0x |Aspirante|: a mi me decis lo de la cabra?
21:23:07 : Side: juandayz: era un toyota etios?
21:23:10 : Side: Jej0x |Aspirante|: yo quiero aprender a domesticar perros
21:23:11 : Side: JF: jajajajajaaaaaaaaaaa..
21:23:31 : Side: Dallheim: no, una camioneta
21:23:45 : Side: Jej0x |Aspirante|: un lambo
21:24:04 : Side: Dallheim: military offroad color cremita con mi oro adentro
21:24:25 : Side: Jej0x |Aspirante|: hans estamos en grupo oodabia ajaja
21:24:29 : Side: JF: bien JEJOX perdona que no te conteste antes jaja estan mejorando cada ves peor..
21:24:38 : Side: Jej0x |Aspirante|: jajjaa
21:26:50 : Side: [Amish]Churro: geniooo
21:27:47 : Side: Hans: y acabo de fundir el little bird lpm
21:27:54 : Side: juandayz: me voy un rato aprovehcen pa chitear y matar a JF
21:28:13 : Side: [Amish]Churro: ese es el admin del pueblo
21:28:29 : Side: Jej0x |Aspirante|: del pueblo de cheranurs
21:30:26 : Side: Hans: NO ME JODAS ES UN PUTO TANQUE_
21:34:44 : Side: Jej0x |Aspirante|: 104 zombies voy matando
21:37:57 : Side: JF: por poco te doy Niconap pense que eras un zomby xD..
21:40:02 : Side: JF: Todo bien Dalleim
21:40:19 : Side: Hans: churro
21:40:22 : Side: Hans: andas en heli:
21:40:26 : Side: [Amish]Churro: juntando monedas esta
21:40:27 : Side: Hans: ?
21:40:32 : Side: [Amish]Churro: nooooo
21:40:35 : Side: [Amish]Churro: soy pobre
21:40:39 : Side: JF: queres una mochila?
21:40:46 : Side: [Amish]Churro: en 4x4 noma.. pa laburar el campo
21:42:20 : Side: Hans: de quien es la sub al lado de mi little?
21:43:15 : Side: Hans: asumo que amables no son entonces xD
21:43:49 : Side: JF: que te sucedio Hans
21:43:55 : Side: [Amish]Churro: q te paso don?
21:43:57 : Side: Hans: hay una sub al lado de mi little
21:44:03 : Side: Hans: y nadie me responde quien es xD
21:44:22 : Side: JF: en que sector 
21:44:30 : Side: Hans: y escuche un tiro de dmr hace un ratito
21:46:13 : Side: JF: hey Hanz solucionaste tu problema?
21:46:33 : Side: Hans: no veo  a nadie asi que supongo que no la vi cuando llegue
21:47:02 : Side: JF: jajajajaa suele pasar..
21:52:06 : Side: Sonic: buenas
22:07:58 : Side: JF: si te sirve agarralo
22:24:00 : Side: Hans: churro me pasas a buscar:
22:24:25 : Side: [Amish]Churro: jaja
22:24:36 : Side: Hans: se me rompio el little :C
22:33:07 : Side: Hans: churro quieren ir la base del norte?
22:33:45 : Side: [Amish]Churro: tamos ahi
22:33:52 : Side: [Amish]Churro: venite
22:34:11 : Side: Hans: si encuentro un rotor
22:34:13 : Side: Hans: voy XD
22:34:29 : Side: Hans: estoy del otro lado ensima
22:37:03 : Side: Hans: admin no spwanea nada la airfield del norte?
22:41:32 : Side: Hans: un engine y un rotor ni a palos no?
22:41:58 : Side: JF: tengo uno venite al trader
22:42:55 : Side: Hans: estoy bastante lejos del trade
22:44:11 : Side: JF: por donde marcame en el mapa si queres 
22:44:46 : Side: Hans: por donde que?
22:50:14 : Side: Sonic: pregunta  que es la zona infectada _ 
22:50:19 : Side: Hans: oh mi dios todo poderoso del arma 2
22:50:28 : Side: Sonic: antiguamente el trader de stary
22:50:32 : Side: Hans: aparece un engine y un rotor para tu siervo en apuros
22:51:48 : Side: Sonic: genial 1.5 minutos ok jaja hay jets en el server jaja  ?  xD el trader seria el mercado central ?
22:51:52 : Side: JF: y me marcaste en el mapa porque no veo nada yo te lo alcanzo al rotor y el engine
22:52:04 : Side: Hans: en el lago de prud estoy
22:52:35 : Side: Hans: NOOO zombies del ortooo
22:52:43 : Side: Sonic: es el unico lugar donde se puede vender y comprar objetos ?
22:53:11 : Side: Hans: naaa anda a cagar mira como me morfan estas mierdas
22:53:19 : Side: Sonic: es safe zone ?
22:53:40 : Side: Hans: no te dan tiempo ni para pararte cualquiera
22:54:18 : Side: Sonic: en bici creo que se hace bastante largo jaja
22:54:48 : Side: JF: decime que ciudad tenes cerca porque no encuentro el lago en el mapa
22:56:31 : Side: JF: hanz que ciudad tenes cerca decime
22:59:22 : Side: JF: HANZ QUE CUIDAD TENES CERCA , SI NO ME GUIAS NO TE PUEDO ALCANZAR
22:59:36 : Side: Hans: ya te dije en grishino por canal de grupo
22:59:54 : Side: JF: BIEN AHI VOY 
23:00:59 : Side: Hans: venis en heli chango?
23:01:37 : Side: JF: VOY
23:03:00 : Side: Hans: venis en heli o por coche>?
23:03:40 : Side: JF: COCHE YA CASI LLEGO
23:05:39 : Side: Hans: acepta el grupo
23:05:43 : Side: Hans: desde la radio
23:06:47 : Side: Hans: corten con la lluvia che que me estoy mareando ya
23:07:09 : Side: Hans: se va a inundar todo si sigue lloviendo asi xD
23:07:38 : Side: Hans: y gf???
23:09:24 : Side: Hans: buenas
23:09:38 : Side: JF: vos ves el tanque de agua¨? estoy aki
23:09:58 : Side: Hans: estoy en el coche con vos salamin
23:09:59 : Side: Hans: xD
23:10:22 : Side: JF: yo no te vi...
23:10:27 : Side: Hans: jajaja
23:10:30 : Side: Hans: vamos para prud
23:11:37 : Side: Hans: derecha
23:14:25 : Side: Hans: y el motor?
23:15:09 : Side: JF: PUTA S BUGUEO
23:15:57 : Side: JF: AHORA VUELVO
23:16:01 : Side: Hans: neee
23:16:02 : Side: Hans: jajajaj
23:20:53 : Side: Hans: ya estas por volver chango
23:20:57 : Side: Hans: ?
23:22:03 : Side: JF: si aguanta..
23:22:55 : Side: Hans: churro necesitas ayuda? xd
23:26:36 : Side: Hans: jf?
23:29:19 : Side: JF: hhola ezequiel todo bien?
23:30:00 : Side: Sonic: se le cayoa  la mier..
23:30:02 : Side: Sonic: xD
23:30:26 : Side: Hans: jf_? >C
23:32:29 : Side: Hans: volveras por mi? >C
23:33:40 : Side: Hans: de donde mierda sacaste eso JAJAJA
23:34:26 : Side: Sonic: el area militar me hace pensar que no puedo entrar en krasnstav ?
23:34:34 : Side: Hans: correcto
23:34:42 : Side: Hans: te violan a vos y a toda tu familia
23:34:49 : Side: Sonic: ay que lindo
23:35:50 : Side: Hans: me regalas una lapuaaaA? plz xd
23:36:02 : Side: Hans: gracias
23:36:43 : Side: JF: estamos amigo me voy porque tumbe la suv  a ver si alcanzo a enderezarla jajaa
23:37:14 : Side: Hans: donde la tumbaste>xd
23:38:04 : Side: JF: antes de llegar  como mil socientos metros
23:51:02 : Side: Jose Luis: hola gente volvi
23:54:04 : Side: JF: HANZ AL FINAL ME JODISTE VIEJO , QUEDATELA TE LA REGALO PERO NO CUENTES MAS CONMIGO..
