01:00:19 : Side: jMM: Oi, br ?
01:54:24 : Side: jMM: Oi
01:54:29 : Side: jMM: br ?
02:37:03 : Side: jMM: Hola martis
02:37:08 : Side: jMM: vamos a jugar
02:37:09 : Side: jMM: hmmm
02:37:31 : Side: Marti: Holaa
02:37:57 : Side: jMM: como estas bebe ?
02:37:59 : Side: jMM: JAJA
02:38:10 : Side: vodka: hola marti
02:38:24 : Side: Marti: Hola lalo!
02:39:02 : Side: vodka:  como estas ? 
02:39:50 : Side: Marti: todo bien, vos?
02:40:02 : Side: jMM: queres jugar con nosotros? necestiamos constructora
02:40:06 : Side: vodka: bien 
02:40:58 : Side: Marti: me alegro
02:41:07 : Side: jMM: xq me tratas asi?
02:41:11 : Side: Marti: gracias por la invitacion, pero no por ahora
02:41:37 : Side: jMM: veni te invito a mi casita
02:42:11 : Side: Marti: jajjaja
02:42:23 : Side: jMM: tenemos fogata
02:42:25 : Side: jMM: para el frio
02:42:47 : Side: Marti: disfrutenla 
02:43:07 : Side: jMM: dale veni =(
02:46:45 : Side: jMM: por las dudas no tenes el hammer ?
02:49:12 : Side: jMM: marti, por que no queres jugar con nosotros ?
02:49:52 : Side: Marti: porque me gusta aprender a jugar sola
02:50:05 : Side: jMM: ah bueno
02:50:14 : Side: jMM: todo bien ya fue la amistad
03:20:00 : Side: vodka: y martin le vas agarrando la mano ?
03:20:13 : Side: vodka: jaja digo marti 
03:20:52 : Side: Marti: siii, estoy un poco mas rapida para hacer las cosas 
03:22:13 : Side: vodka: joya, en epoch wiki fijate q ahi tenes un tuto de crafteo
03:23:05 : Side: Marti: podes creer que justo recien abri esa pagina jajajaj
03:24:43 : Side: vodka: esta bueno yo simpre me fijo ahi ,no soy bueno armando bases va es mas nunca armo base
03:26:06 : Side: Marti: me dijo davi que segun lo que vio es bastante complicado
03:27:32 : Side: vodka: yo solo se poner paredes y techo, hay muchas cosas q se pueden poner 
03:27:54 : Side: vodka: si es por mi armo con 4 paredes y techo nomas jaja
03:28:44 : Side: Marti: es muy probable que yo termine haciendo eso ajjajaja
05:15:32 : Side: jMM: volvi marti
05:15:34 : Side: jMM: me extrañaste ?
05:16:04 : Side: Marti: jajajaja ni sabia que no estabas
05:16:15 : Side: jMM: we, por que sos tan mala onda conmigo?
05:16:20 : Side: jMM: tratame bien
05:17:11 : Side: Marti: es que no sabia de verdad jajaja
05:17:22 : Side: jMM: que necesitas saber del juego?
05:17:26 : Side: jMM: tipo, tenes tu base todo ya ?
05:20:55 : Side: jMM: queres grupo para ayudarnos con una mision ?
05:21:22 : Side: Marti: como te decia, no tengo base ni nada que requiera dificultad ajajaja
05:21:41 : Side: jMM: y que onda, entras tipo a pasear por el mapa ?
05:21:44 : Side: Marti: yo los ayudaria, pero soy una mierda total
05:22:12 : Side: jMM: no pasa nada
05:22:17 : Side: jMM: nadie aprendio de un dia al otro
05:22:22 : Side: jMM: si queres venir todo piola
05:22:25 : Side: jMM: vamos con lalo
05:22:44 : Side: jMM: estaria bueno asi vas aprendiendo la mecanica del juego
05:23:57 : Side: Marti: Y a donde voy?
05:24:08 : Side: jMM: lalo esta en electro
05:24:14 : Side: jMM: mira, apreta la G
05:24:20 : Side: jMM: y en la radio
05:24:32 : Side: jMM: hacele click derecho, click izquierdo en manage group
05:24:40 : Side: jMM: y pone Accept, te tiramos grupo asi vemos donde estas
05:24:43 : Side: jMM: te pasa a buscar el
05:25:00 : Side: jMM: yo estoy achurando un perro
05:25:17 : Side: Marti: ok, esperen que voy a buscar mi cuerpo
11:22:54 : Side: Black96_ARG: buenas
11:23:19 : Side: Dexter: hoa
11:23:39 : Side: Dexter: hacemos la mision dale?
11:23:50 : Side: Black96_ARG: cual
11:23:58 : Side: Dexter: la de staroye?
11:24:13 : Side: Black96_ARG: mm no se si llego
11:24:28 : Side: Black96_ARG: 7 kmw
11:25:13 : Side: Dexter: rejos
11:25:43 : Side: Dexter: ya fue ni yo llego
11:25:50 : Side: Dexter: estoy disparandole pero no llego
11:25:58 : Side: Black96_ARG: ya termina?
11:26:03 : Side: Dexter: ya se reinica 
11:26:07 : Side: Black96_ARG: ah ok
11:26:19 : Side: Black96_ARG: dsp hacemos alguna
11:46:00 : Side: Dexter: eh se callo esto?
11:46:08 : Side: Black96_ARG: se
11:46:14 : Side: Black96_ARG: como siempre jaja
11:46:16 : Side: Dexter: y mi auto :/
11:46:20 : Side: Black96_ARG: buscalo
11:46:23 : Side: Black96_ARG: siempre queda cerca
12:10:02 : Side: Dexter: oaaaaaaaaaaaaa
12:10:17 : Side: Black96_ARG: hola (?
12:16:00 : Side: Black96_ARG: ah pero q culo el mio
12:16:05 : Side: Black96_ARG: encontre un m107 en el trader
12:16:07 : Side: Black96_ARG: jajaja
12:16:19 : Side: Dexter: jajjajajaa
12:16:22 : Side: Dexter: buena
12:20:38 : Side: Black96_ARG: ya no se como hacer para q me venda el hdp del black market
12:20:43 : Side: Black96_ARG: no me da bola nunca
13:05:01 : Side: Black96_ARG: ok
13:05:08 : Side: JhonnyWalker: dalee
13:09:15 : Side: Black96_ARG: che juan no encuentro la forma de q me de bola el trader del black market
13:10:02 : Side: Black96_ARG: ahi taaa
13:10:09 : Side: Black96_ARG: gracias jaja
13:16:44 : Side: Black96_ARG: -
13:39:33 : Side: Dexter: porque me kickeo gente?
13:39:58 : Side: Black96_ARG: puso algo de se agoto el tiempo de verificacion de firma
13:40:52 : Side: Dexter: que poronga le pasa al internet
13:40:57 : Side: Black96_ARG: jaajja
13:41:05 : Side: Black96_ARG: ya se te empezo a laguear
13:41:41 : Side: Dexter: hasta mañana no juego nas :C
13:41:52 : Side: Black96_ARG: hacele quilombo al isp man
13:41:59 : Side: Dexter: ni bola me dan
13:42:02 : Side: Dexter: me toman el pelo
13:42:08 : Side: Dexter: y me ofertan mas mg
13:42:11 : Side: Dexter: y es la misma pija de ping
13:42:13 : Side: Black96_ARG: ajajaj
13:42:17 : Side: Black96_ARG: q asco
13:42:28 : Side: JhonnyWalker: si tenes arnet, compra vos un cable y cambialo 
13:42:33 : Side: Dexter: dicen que la velocidad no tiene nad que ver con el ping
13:42:54 : Side: Black96_ARG: la distancia mas q nada afecta
13:43:42 : Side: JhonnyWalker: tendrias q probar haciendo ping www.google.com -t   en el cmd
13:43:54 : Side: JhonnyWalker: a ver q transferencia de datos te da en milseg
13:44:00 : Side: JhonnyWalker: y si varian mucho
13:44:29 : Side: Black96_ARG: lo raro es q hasta al mediodia tiene 50 de ping
13:44:36 : Side: Dexter: de 17 a 70 tira
13:44:40 : Side: Dexter: y mas
13:44:56 : Side: JhonnyWalker: y revisaste la cajita de tel?
13:45:07 : Side: Dexter: no tiene telofono este internet 
13:45:12 : Side: Dexter: es nano station loco m5
13:45:14 : Side: Dexter: airos
13:45:25 : Side: Dexter: creo que es internet de claro
13:45:25 : Side: Black96_ARG: no es la caja ni a palos, hasta el mediodia del anda perfecto
13:45:27 : Side: Black96_ARG: asiq es el isp
13:45:29 : Side: Dexter: fibra optica
13:45:34 : Side: JhonnyWalker: ahh okk
13:45:43 : Side: Dexter: voy a comer gente
13:45:44 : Side: JhonnyWalker: por ahi por hora pico te baje
13:45:50 : Side: JhonnyWalker: la verdad no se
13:45:58 : Side: Black96_ARG: chau
13:46:05 : Side: Dexter: gracias 
13:59:26 : Side: Leodagos: linda desconexion para volar en heli ee
14:00:04 : Side: User: buena ^^
14:11:31 : Side: Leodagos: aca x lootear un pocoo
16:10:26 : Side: Hawk: buenas
16:10:35 : Side: Black96_ARG: hola
16:10:41 : Side: Hawk: black, como va?
16:10:50 : Side: Black96_ARG: todo bien
16:10:53 : Side: Black96_ARG: pisteando con la suv
16:10:54 : Side: Black96_ARG: jaja
16:11:06 : Side: Hawk: kiiaa de ATV a SUV, vas volando
16:11:13 : Side: Black96_ARG: see
16:11:24 : Side: Black96_ARG: dude en comprarme un mtvr o como se llame
16:11:37 : Side: Black96_ARG: estan medio desbalanceados los precios, 40k el camion y 70k la suv
16:11:54 : Side: Hawk: La SUV es mucho mas rapida en tierra es basicamente eso
16:12:05 : Side: Black96_ARG: si ya se
16:12:08 : Side: Black96_ARG: pero igual
16:12:33 : Side: Black96_ARG: fui a ver q onda a la mision de la stash house
16:12:38 : Side: Black96_ARG: pero esta en un terreno re pedorro
16:12:44 : Side: Black96_ARG: por las dudas me fui
16:13:44 : Side: Black96_ARG: este mod yo lo tenia en un server q abri una vez
16:13:50 : Side: Black96_ARG: creo q el q tenian es mejor
16:14:17 : Side: Black96_ARG: no se nunca me gusto jajaja
16:14:28 : Side: Black96_ARG: el q estaba antes me parece mejor
16:25:53 : Side: Hawk: sale mision?
16:26:22 : Side: Black96_ARG: fui a la stash
16:26:26 : Side: Black96_ARG: pero el terreno no da para hacerla
16:26:44 : Side: Hawk: jodidooo, vamos
16:26:50 : Side: Hawk: yo estoy re cerca
16:27:13 : Side: Black96_ARG: te recomiendo q vayas desde el sur
16:27:22 : Side: Black96_ARG: yo ahora en un toque voy
16:27:24 : Side: Hawk: venite que estoy aca no mas
16:31:40 : Side: Black96_ARG: y como la ves?
16:33:25 : Side: Hawk: estoy aca
16:34:28 : Side: Black96_ARG: toy yendo
16:36:16 : Side: Hawk: ok
16:37:11 : Side: Black96_ARG: tirame grupo
16:52:39 : Side: Hawk: ahi vuelvo, afk
17:29:00 : Side: Black96_ARG: admin
17:29:48 : Side: Black96_ARG: aca aparecio un kvsk en el mismo lugar q el m107
17:29:57 : Side: Black96_ARG: es normal?
17:30:10 : Side: Black96_ARG: veni a mirarlo por vos mismo
17:30:11 : Side: Black96_ARG: jajja
17:32:53 : Side: Black96_ARG: ok
17:33:12 : Side: Black96_ARG: despues te doy el m107 si qures
17:34:58 : Side: Black96_ARG: el take clothes parece q funciona, no lo probe pero aparecia como opcion
17:35:18 : Side: JhonnyWalker: yo lo probe y funciona
17:36:04 : Side: Black96_ARG: sisi
17:42:39 : Side: JhonnyWalker: me muero mucho :(
17:42:47 : Side: Black96_ARG: por?
17:43:34 : Side: JhonnyWalker: por hacer misiones con escopeta
17:43:41 : Side: Black96_ARG: jajajajd
17:43:44 : Side: JhonnyWalker: :D
17:44:18 : Side: Black96_ARG: primero anda a un airfield
17:48:13 : Side: Black96_ARG: 12 min aprox
17:49:03 : Side: Black96_ARG: ok
18:42:48 : Side: Black96_ARG: kecho sos vos el del heli?
18:42:53 : Side: Black96_ARG: ah no
18:42:54 : Side: Black96_ARG: jajaja
18:42:56 : Side: kecho: No
18:43:01 : Side: kecho: Tiraleeeee jejeje
18:43:06 : Side: Black96_ARG: noo es de la mision
18:43:13 : Side: Black96_ARG: cayeron un monton de negros en paracaidas
18:46:24 : Side: Black96_ARG: los bandit tienen los mismos vehiculos q los hero?
18:47:14 : Side: Black96_ARG: uhh q cagada, si hago esta mision me baja toda la bondad jaja
18:52:20 : Side: Black96_ARG: me la re dieron ajajaj
18:54:55 : Side: Hawk: black estas en la mision negra?
18:55:01 : Side: Black96_ARG: ya me la dieron
18:55:05 : Side: Black96_ARG: estoy yendo a buscar el cuerpo
18:55:10 : Side: Hawk: ahi te mando grupo yo estoy aca
19:10:38 : Side: Black96_ARG: los q estan aca son ud no?
19:24:56 : Side: Black96_ARG: me voy un rato nos vemos
19:29:48 : Side: Nachen: buenas
19:30:06 : Side: Hawk: buenas, base camper
19:30:21 : Side: Nachen: jajaj no compie ninguna base yo
19:30:26 : Side: Nachen: campee
19:30:29 : Side: Hawk: ah no!
19:30:41 : Side: Nachen: la de ustedes justo pase jaja
19:31:05 : Side: Nachen: che puede ser que se hayan borrado las cosas?
19:31:12 : Side: Hawk: q cosas
19:31:19 : Side: Azrael1x: hola mis nenasss
19:31:21 : Side: Nachen: vehiculos
19:31:25 : Side: Nachen: buen diaa
19:31:30 : Side: kecho: Hola Amor
19:31:38 : Side: Hawk: si los dejas abandonados los borra cada 3 dias
19:32:08 : Side: Nachen: te acordas en que pueblo fue la mision de ayer?
19:32:20 : Side: Nachen: porque deje el heli ahi :p
19:32:27 : Side: Hawk: q mision
19:32:36 : Side: Nachen: la de ayer
19:32:38 : Side: Nachen: que se te cayo
19:32:42 : Side: Nachen: y quede solari
19:32:57 : Side: Hawk: ayer? eso fue hace como 3 dias, que te tomaste
19:33:05 : Side: Nachen: naaa
19:33:13 : Side: Nachen: fue ayer o ante ayer
19:33:32 : Side: Nachen: el lunes fue
19:33:51 : Side: Hawk: hace 3 dias gil
19:34:05 : Side: Nachen: bueno.. te acordas que pueblo era?
19:34:09 : Side: Hawk: naaa
19:34:18 : Side: Nachen: no seas gatiiiito
19:35:23 : Side: Hawk: era zeleono creo
19:35:34 : Side: Nachen: seguro?
19:35:39 : Side: Hawk: no
19:35:48 : Side: Nachen: mmm
19:36:11 : Side: Hawk: fue el lunes paso 12 horas en el server maso
19:40:01 : Side: Azrael1x: viste que mi personaje es como un village people?
19:40:37 : Side: Azrael1x: weeee este es el trolo de jm no?
19:41:46 : Side: Nachen: capo haaaawk lo encontre!
19:41:50 : Side: Nachen: te quiero
19:41:55 : Side: Hawk: era ahi?
19:41:59 : Side: Nachen: se
19:42:05 : Side: Nachen: ni me acordaba yo
19:51:06 : Side: Nachen: buenaaas
19:51:11 : Side: Nachen: como va?
19:51:11 : Side: Hawk: stfu
19:51:31 : Side: Azrael1x: holas
19:51:45 : Side: Nachen: me alegro che
20:41:22 : Side: TheWoo: posta?
20:41:32 : Side: Nachen: la comiste
20:41:36 : Side: TheWoo: man
20:46:08 : Side: jackaroe: hola gente
20:46:12 : Side: Nachen: buenas
20:46:20 : Side: Hawk: buenas
20:48:40 : Side: jMM: hola bebes
20:48:47 : Side: Nachen: holis
20:48:55 : Side: jackaroe: holas
20:48:55 : Side: Hawk: bue ya cayo el mas putin
20:49:04 : Side: Azrael1x: holaaaa
20:49:12 : Side: Azrael1x: ya te hize un lugar en la cucha
20:49:13 : Side: jMM: dios no dejas de romper los helis man
20:49:15 : Side: jMM: lpmmmmmmmmmmm
20:49:20 : Side: jMM: este pt que estrella todo
20:49:30 : Side: Azrael1x: hasta te compre una safe para que guardes tu ropa
20:49:43 : Side: jMM: si me mudo con azra nomas jaja
20:49:57 : Side: Azrael1x: XDD
20:58:46 : Side: Ivan: wenas
20:58:56 : Side: jMM: jpña
20:59:06 : Side: Azrael1x: hola
21:07:44 : Side: Ivan: wenas como va?
21:07:53 : Side: Azrael1x: holoo
21:09:13 : Side: jMM: che ivan
21:09:18 : Side: Ivan: decime
21:09:19 : Side: jMM: los brazucas tienen base cerca tuyo jaja
21:09:42 : Side: Ivan: muy cerca?
21:09:55 : Side: jMM: y unos 700 metros
21:10:01 : Side: jMM: ellos te ven, pero ustedes no jaja
21:10:38 : Side: Ivan: por donde queda? la base?
21:10:47 : Side: jMM: ahi a 900 metros jajaw
21:11:09 : Side: Ivan: pero para el bosque o para otro lado?
21:11:27 : Side: jMM: para el otro lado
21:12:21 : Side: Azrael1x: con el restart se le fue toda la gasolina a mi amada motocierra 
21:12:32 : Side: jMM: si desaparece
21:12:35 : Side: Ivan: me paso igual jaja
21:12:59 : Side: Azrael1x: e.e
21:14:23 : Side: jMM: esta tronando gente, va a llover
22:59:28 : Side: jackaroe: perdon al q choque
23:00:15 : Side: kecho: La verdad que me hiciste perder un monton de armas
23:00:24 : Side: kecho: Y mi camioneta
23:00:29 : Side: jackaroe: se prendio fuego?d
23:00:35 : Side: kecho: Exploto
23:00:41 : Side: kecho: Sobrevivi de pedo
23:00:43 : Side: jackaroe: uhhh jaja lpm
23:03:39 : Side: Froztbyte: Buenas noches. Soy nuevo. ¿Como saco el cartel de las STATS a mi izquierda de la pantalla?
23:04:24 : Side: Hawk: no se puede
23:04:34 : Side: jackaroe: kecho jugas solo?
23:05:12 : Side: Froztbyte: ¿Cuanta gente entra promedio en este server?
23:05:14 : Side: alj: muchachos le hacen publicidad a este server?
23:05:25 : Side: Froztbyte: Eso. ¿Hacen publicidad?
23:05:38 : Side: [EPP] RaferZero: y tienen una fan page
23:06:01 : Side: Froztbyte: ¿Pero le hacen publicidad?. Decimos, por la gente ( los slots )
23:06:08 : Side: alj: pero algo tipo publicarlo en los grupos sudamericanes de dayz por ej?
23:06:36 : Side: jackaroe: kecho me lees? queres hacer grupo ?
23:07:03 : Side: kecho: Me fui a dormir haciendo puchero que perdi todo
23:13:44 : Side: [EPP]djeyvind: buenasm algun admin on?
23:14:02 : Side: [EPP]djeyvind: que tal chukyn como estamos_
23:14:23 : Side: [EPP]djeyvind: te queria decir una recomendacion y es algo critico en serio
23:14:47 : Side: [EPP]djeyvind: el fog tienen que poner que se pueda editar, si quieren hasta no se 5k pero se tendria que poder poner mas fog
23:14:49 : Side: Froztbyte: Admin. Yo ahora me tengo que desconectar. Despues me quiero comunicar con vos si es posible.
23:14:56 : Side: [EPP]djeyvind: limita mucho la jugabilidad el acual
23:15:18 : Side: kecho: Que es el fog?
23:15:37 : Side: [EPP] RaferZero: la niebla
23:15:37 : Side: [EPP]djeyvind: el rango de vision
23:16:13 : Side: [EPP]djeyvind: pero para que tenes un arma con rango de 1300 si no podes utilizar_
23:16:21 : Side: [EPP]djeyvind: no tiene gracia entonces
23:16:46 : Side: [EPP]djeyvind: lapua as50 m107?
23:17:17 : Side: Nachen: noooo
23:17:18 : Side: [EPP] RaferZero: ok
23:17:22 : Side: [EPP]djeyvind: igual dmr m24 rango 800 900 1k calibrable
23:18:17 : Side: [EPP]djeyvind: man el fog tenes a menos de mil 
23:19:07 : Side: [EPP]djeyvind: esta bien looteo bajo misiones dificiles genial....
23:19:38 : Side: [EPP]djeyvind: pero extralimitas al tener dicho fog y sacando armas innecesariamente
23:19:49 : Side: Nachen: hardcore era el server de juan
23:19:57 : Side: Nachen: eso era hijo de mil putamente hardocre
23:19:57 : Side: [EPP]djeyvind: ponelas pero bien caras
23:20:31 : Side: [EPP]djeyvind: bueno, te estoy proponiendo algo para ganar gente
23:23:17 : Side: Nachen: opaaaa
23:24:25 : Side: Hawk: jajaj y si, no neblina, sniper de un tiro, y bajar la cantidad de bots, un COD contra los zombies basicamente.
23:24:36 : Side: [EPP]djeyvind: CS es man CS
23:24:47 : Side: [EPP]djeyvind: suerte gente!
23:25:01 : Side: Hawk: q llorones de mierda loco
23:25:13 : Side: Hawk: bien kickeado
23:27:07 : Side: Hawk: nachen dejate de campear bases
23:27:30 : Side: Nachen: me consume cada vez mas y mas
23:27:44 : Side: Hawk: veo si, cada vez que salgo de la base miro para todos lados gracias a vos
23:27:47 : Side: Nachen: les pasa por pasarle mi base a jmm
23:27:53 : Side: Nachen: aajajjja
23:28:40 : Side: Hawk: y cuando lleog igual
23:29:01 : Side: Nachen: segun jmm vos le pasate donde queda mi base
23:29:22 : Side: Hawk: yo no se donde queda? o si
23:29:35 : Side: Nachen: jaja ahora no
23:29:44 : Side: Hawk: nunca supe
23:29:59 : Side: Nachen: me dijo que aparecio cuando estaba en fujitivo
23:30:07 : Side: Nachen: que estaba en la concha de la lora
23:30:17 : Side: Hawk: ahhh si, ciertoo, 
23:30:19 : Side: Nachen: el me dijo eso yoqc
23:30:34 : Side: Hawk: o sea me dio una idea de la ubicacion, pero ni idea bien donde es
23:30:50 : Side: Nachen: bueno la encontro
23:31:06 : Side: Nachen: asi que ahora esta bien defendida
23:31:11 : Side: Hawk: cagalo a tiros, tiene como -10k de humanidad el hdp
23:31:26 : Side: Nachen: jaja yo quiero ser heroe asi que joya
23:31:46 : Side: Hawk: yo me hice heroe matandolo a el cuando era fugitivo
23:31:55 : Side: Nachen: que gato ajaj
23:32:21 : Side: Hawk: lo mataba y volvia, y volvia y bue al toque heroe
23:32:44 : Side: Nachen: y se llenaron de guita
23:33:06 : Side: Hawk: cazamos un monton con lo de fugitivo, nos pagamos la base con eso
23:33:19 : Side: Nachen: mal eso era lo fruta del mod ese
23:33:33 : Side: Hawk: see 400k al toque
23:34:37 : Side: Nachen: che puede ser que el mk16 mk4cq/t tenga mira termica? o nada que ver?
23:34:47 : Side: Hawk: no no tiene
23:34:57 : Side: Nachen: y porque la T?
23:35:07 : Side: Hawk: ni idea
23:35:22 : Side: Nachen: jaja porque capaz se podia activar y yo ni idea como
23:36:09 : Side: Hawk: no no tiene
23:36:19 : Side: Nachen: que paja
23:36:23 : Side: Hawk: creo que el trader de antena 4 lo compra por buen precio
23:36:35 : Side: Nachen: ah joya
23:38:52 : Side: Hawk: por lo menos se que vende la mayoria de las mk16
23:39:06 : Side: Nachen: ah copado
23:39:07 : Side: Nachen: graciela
23:39:34 : Side: Hawk: ta bueno el custom trader ese, con la torre de radio que anuncia las misiones, re inmersivo
23:39:50 : Side: Nachen: mal esta muy copado
23:39:58 : Side: Nachen: alta idea
23:40:17 : Side: Hawk: mal, por lo menos distinto es
23:40:42 : Side: Nachen: ajam
23:40:46 : Side: Hawk: boludo todo el dia crafteand
23:40:54 : Side: Nachen: es una paja
23:40:57 : Side: Nachen: yo lo detesto
23:41:07 : Side: Hawk: mal, pero ta, hay que construir
23:41:26 : Side: Nachen: se pero rompe mucho las bolas
23:41:51 : Side: Hawk: see, igual estan re baratos los materiales, excepto los cinder
23:49:20 : Side: Nachen: que es el dshkm?
23:49:28 : Side: Hawk: es municiion
23:49:31 : Side: Hawk: para los vehiculos
23:49:35 : Side: Hawk: de bandido en la mayoria creo
23:49:39 : Side: Nachen: ah oka
23:50:12 : Side: Hawk: si tenes vehiculo blindado cada vez que le recargas municion no la podes sacar, y se borra con el reinicio.
23:52:04 : Side: jackaroe: puedo liftear la vodnik con el mozzie?
23:52:10 : Side: Nachen: nop
