02:34:58 : Direct: Dog: che jf
02:35:24 : Direct: Dog: queres el auto ?
02:35:43 : Direct: Dog: la suv esta
02:35:45 : Direct: Dog: la mia
02:36:26 : Direct: Dog: te la estoy dando sin nada a cambio
02:36:31 : Direct: Dog: ya no la necesito
02:36:44 : Direct: Dog: te dejo las llaves en el auto
02:36:49 : Direct: Dog: esta desbloqueado
02:37:27 : Direct: Dog: no
05:28:55 : Direct: edgar: si
15:13:27 : Direct: juandayz: do you need something?
21:11:17 : Direct: juandayz: veni
21:11:24 : Direct: juandayz: aprovecha para mentir
21:11:26 : Direct: juandayz: y pedi
21:14:09 : Direct: juandayz: cuanta guita azra?
21:14:22 : Direct: Azrael1x: 1 millon va?
21:14:30 : Direct: Azrael1x: pa construir
21:14:40 : Direct: juandayz: por medio arreglamos
21:14:50 : Direct: Azrael1x: facha viene re bien loco
21:15:31 : Direct: Azrael1x: mil gracias papa alta ayuda pa nosotros lo pobres
21:15:36 : Direct: juandayz: :D
21:16:31 : Direct: Azrael1x: che 
21:16:37 : Direct: juandayz: si
21:16:46 : Direct: Azrael1x: dice vicio que le hiciste el rollback de ayer
21:17:06 : Direct: juandayz: qedate manso vicio
21:17:06 : Direct: Azrael1x: buenisima,gracias juan!!!
21:17:11 : Direct: Viciopata-.: dale
21:17:13 : Direct: Viciopata-.: hno
21:17:29 : Direct: Viciopata-.: T
21:17:30 : Direct: Viciopata-.: Y
21:17:32 : Direct: juandayz: ahi ta son los millonarios ahora
21:17:32 : Direct: Viciopata-.: S
21:17:34 : Direct: Viciopata-.: M
21:17:35 : Direct: Viciopata-.: XD
21:17:39 : Direct: juandayz: el heli, perdieron la llave?
21:17:43 : Direct: Viciopata-.: Naa, millones tengo mas, pero me enoja mucho
21:17:44 : Direct: Viciopata-.: si
21:17:45 : Direct: Azrael1x: jajaja
21:19:14 : Direct: juandayz: en el equipo esta la llave
21:19:17 : Direct: Viciopata-.: gracias hno
21:19:28 : Direct: Azrael1x: gracias locura
21:19:33 : Direct: Viciopata-.: CAPO
21:19:33 : Direct: juandayz: esperen
21:20:45 : Direct: Viciopata-.: GRACIAS
21:20:48 : Direct: Azrael1x: que grosoo!!
21:35:00 : Direct: juandayz: te van a pasar por arriba azra :D
21:35:08 : Direct: Viciopata-.: quien es?
21:35:09 : Direct: Azrael1x: si safe de pedo juajaja
21:35:37 : Direct: Viciopata-.: kamikaze no vale no?
23:26:48 : Direct: Mauricio Macri: me confundo entre la f1 y la m papuh hice click al costado y apareci en san cajeta <3
23:27:12 : Direct: Mauricio Macri: Me fui a la b querido. abrazo
23:27:24 : Direct: juandayz: jaja dale nos vemos!!
