00:44:27 : Side: Sirfes-AR: hola jose, como andas?
00:44:41 : Side: Jose Luis: hola todo bien tu que tal
00:44:52 : Side: Sirfes-AR: bien, aca andamos
00:45:01 : Side: Sirfes-AR: pinta ir a hacer alguna mision?
00:45:20 : Side: Jose Luis: jajaja vale espera pongo unas paredes y vamos
00:45:34 : Side: Sirfes-AR: como se hacen las casas? :C
00:45:48 : Side: Jose Luis: re complicado eso pero con paciencia
00:45:58 : Side: Sirfes-AR: me explicas un poco
00:45:58 : Side: Jose Luis: yo la estoy haciendo de madera porque no hay mas 
00:46:00 : Side: Sirfes-AR: ?
00:46:03 : Side: Jose Luis: claro 
00:46:18 : Side: Jose Luis: donde estas hacemos punto de encuentro
00:46:28 : Side: Sirfes-AR: estoy en el mercado central
00:46:59 : Side: Jose Luis: dale esperame
00:47:41 : Side: Jose Luis: cuanta plata tenes
00:47:49 : Side: Jose Luis: para empezar tienes que poner un plot
00:48:02 : Side: Sirfes-AR: 4000 :D re pobre jaja
00:48:04 : Side: Jose Luis: que es como lo que sirve para poner las cosas en su sitio
00:48:13 : Side: Jose Luis: jajaja dale empiezo a explicar primero entonces
00:48:21 : Side: Sirfes-AR: dale! :D
00:48:39 : Side: Jose Luis: cuanto llevas jugando esto
00:48:51 : Side: Sirfes-AR: hace poco, dos semanas por ahi
00:49:08 : Side: Jose Luis: aprovechaste la promo de steam como yo entonces
00:50:05 : Side: Jose Luis: pero sos heroe o bandido
00:50:20 : Side: Sirfes-AR: todavia nada
00:50:32 : Side: Jose Luis: pero que te gusta
00:50:38 : Side: Sirfes-AR: heroe jaja
00:50:53 : Side: Jose Luis: jajaja vale ya voy 
00:51:20 : Side: Sirfes-AR: estas lejos?
00:51:40 : Side: Jose Luis: no mucho
00:53:15 : Side: Jose Luis: para empezar
00:53:33 : Side: Sirfes-AR: dime
00:53:33 : Side: Jose Luis: te recomiendo que compres una motosierra
00:54:31 : Side: Sirfes-AR: oka, despues?
00:54:53 : Side: Jose Luis: la primera inversion es cara ya que neesitas un plot de 30 metros
00:55:08 : Side: Jose Luis: el plot es lo que te va a dejar construir y que los demas no construyan cerca a tu casa
00:55:46 : Side: Jose Luis: lo vende el ejecutivo
00:56:55 : Side: Sirfes-AR: como consigo ese dinero? D:
00:57:13 : Side: Jose Luis: vendiendo armas
00:57:28 : Side: Jose Luis: salen dentro de las tiendas de campaña
00:57:36 : Side: Sirfes-AR: me voy a cazar ia entonces jaja
00:57:48 : Side: Jose Luis: no
00:57:56 : Side: Jose Luis: salen ramdon en la tienda
00:59:31 : Side: Jose Luis: ven aca donde estoy yo
00:59:53 : Side: Jose Luis: aca en la tienda de la prostituta
01:00:07 : Side: Jose Luis: agarra esa botella
01:00:29 : Side: Jose Luis: ahora ven
01:00:46 : Side: Jose Luis: al de esta casa dale trade bottle
01:00:50 : Side: Jose Luis: te da oro y se lo vendes
01:00:59 : Side: Jose Luis: no a ese no-a
01:01:07 : Side: Jose Luis: -a ese
01:01:19 : Side: Jose Luis: luego le vendes el lingote deo ro
01:01:45 : Side: Jose Luis: ya?
01:01:49 : Side: Sirfes-AR: listo
01:02:01 : Side: Jose Luis: otro metodo que es el facil pero arriesgado es el de la ruleta rusa
01:02:15 : Side: Jose Luis: juegas a muerte si no mueres te dan un maletin que lo vendes a 100.000
01:02:18 : Side: Sirfes-AR: me bole la cabeza como 10 veces antes de conseguir el maletin
01:02:18 : Side: Jose Luis: tienes coche?
01:02:33 : Side: Sirfes-AR: nop
01:02:43 : Side: Jose Luis: como carajo si es una muerte y una ganada
01:02:50 : Side: Jose Luis: ven te regalo uno
01:03:25 : Side: Jose Luis: te dare algo barato eh
01:06:00 : Side: Jose Luis: ey
01:06:02 : Side: Jose Luis: tomalo
01:06:13 : Side: Sirfes-AR: que cosa?
01:06:14 : Side: Jose Luis: jajaja ven
01:06:38 : Side: Jose Luis: ahi te deje la llave 
01:07:02 : Side: Sirfes-AR: genial! :D
01:07:16 : Side: Jose Luis: es algo lento en tierra pero sirve al principio
01:07:25 : Side: Jose Luis: se te hara mas facil moverte
01:07:29 : Side: Jose Luis: ahora mira si quieres 
01:07:42 : Side: Jose Luis: guarda tus cosas de valor en el coche y prueba la ruleta
01:07:58 : Side: Jose Luis: yo vigilo tu cuerpo
01:08:07 : Side: Jose Luis: por si te dejas algo
01:08:48 : Side: Sirfes-AR: las llaves las dejo en el auto?
01:09:04 : Side: Jose Luis: si quieres pero no lo asegures porque quedaria todo encerrado
01:09:46 : Side: Sirfes-AR: deseame suerte
01:09:56 : Side: Jose Luis: suerte men
01:10:04 : Side: Sirfes-AR: me mori
01:10:12 : Side: Jose Luis: jajaja tranqui tu cuerpo esta
01:12:38 : Side: Sirfes-AR: lo bueno es que se caer en paracaidas cerca del mercado
01:13:08 : Side: Jose Luis: en el coche te deje un bidon de combustibe por si te quedas sin combustible en el camino
01:13:18 : Side: Sirfes-AR: genio
01:13:55 : Side: Jose Luis: consejo cuando guardes una maleta en un coche guardala vacia porque en el reinicio se reinicia la maleta y su contenido xD 
01:14:11 : Side: Sirfes-AR: okas, gracias
01:14:15 : Side: Jose Luis: ahora le revisas la billetera a tu cuerpo eh
01:14:42 : Side: Sirfes-AR: como? tenia 30.000 
01:14:55 : Side: Jose Luis: aparece una opcion roja
01:15:01 : Side: Jose Luis: dice wallet
01:15:08 : Side: Jose Luis: en el coche tambien puedes guardar dinero
01:16:14 : Side: Jose Luis: buenaaaa
01:16:43 : Side: Jose Luis: ahora vende esa maleta
01:18:13 : Side: Sirfes-AR: listo
01:18:14 : Side: Jose Luis: ya ves es una muerte y vuelves a ganar
01:18:25 : Side: Jose Luis: asi haces dinero
01:18:51 : Side: Sirfes-AR: gracias!
01:19:11 : Side: Jose Luis: solo traes el coche vienes solo y te arriesgas y ya tienes 100.000
01:19:45 : Side: Sirfes-AR: ahora voy a comprar el plot, no?
01:19:57 : Side: Jose Luis: primero busca donde quieres la casa men
01:20:21 : Side: Sirfes-AR: algun lugar que me recomiendes?
01:20:38 : Side: Jose Luis: sitios con bosque para que no vayan a robarte
01:21:16 : Side: Jose Luis: espera vengo con la maquina para duplicar las llaves y te doy una copia para que la escondas
01:21:26 : Side: Jose Luis: por si mueres no pierdas el coche
01:24:04 : Side: Jose Luis: te pregunto una cosa
01:24:11 : Side: Sirfes-AR: dime
01:24:21 : Side: Jose Luis: te compras una safe?
01:24:36 : Side: Jose Luis: es la caja fuerte sirve para guardar tus cosas por si mueres no ir tan vacio
01:24:50 : Side: Jose Luis: escoges un sitio no muy lejano y donde vaya a ser tu casa y la pones
01:25:00 : Side: Jose Luis: eso si cuando la pongas apunta la clave
01:25:12 : Side: Sirfes-AR: que genial, donde la compro?
01:25:39 : Side: Jose Luis: es cara 100.000 pero vale la pena para tener cosas de seguro y que nadie te las robe
01:25:45 : Side: Jose Luis: al ejecutivo al de traje
01:26:40 : Side: Sirfes-AR: la compro despues de hacer mi casa, no? ahora me alcansa solo para el plot
01:26:49 : Side: Jose Luis: yo creo que antes
01:27:02 : Side: Jose Luis: y vuelves a arriesgarte 
01:27:17 : Side: Jose Luis: para el plot
01:27:21 : Side: Jose Luis: yo te ayudo con la madera
01:27:31 : Side: Sirfes-AR: quiero hacer mi casa en el norte
01:27:50 : Side: Jose Luis: ahora si quieres te acompaño
01:28:01 : Side: Sirfes-AR: dale, gracias
01:32:58 : Side: Jose Luis: donde estas
01:33:26 : Side: Sirfes-AR: mercado central
01:33:35 : Side: Sirfes-AR: vendiendo las armas
01:33:38 : Side: Jose Luis: ahi voy
01:38:40 : Side: Sirfes-AR: me faltan 20k y tengo el plot y la safe
01:38:41 : Side: Jose Luis: cuando te diga me pasas la llave del coche
01:39:25 : Side: Jose Luis: ponla en tu coche
01:39:46 : Side: Sirfes-AR: listo
01:40:12 : Side: Jose Luis: para duplicar llaves
01:40:23 : Side: Jose Luis: necesitas una barra de tin
01:40:29 : Side: Jose Luis: la barra azul
01:40:39 : Side: Jose Luis: y la herramienta keymakers
01:41:19 : Side: Sirfes-AR: ok
01:41:25 : Side: Jose Luis: vas al fuego le das click segundario a la llave y make copy
01:41:55 : Side: Sirfes-AR: bueno, gracias
01:42:07 : Side: Jose Luis: ahi te las deje
01:43:07 : Side: Jose Luis: 20.000?
01:43:18 : Side: Jose Luis: bueno mira hay una alternativa mas barata que la safe
01:43:32 : Side: Jose Luis: mas pequeño si pero sirve y tiene clave
01:43:59 : Side: Sirfes-AR: prefiero esperar un ratito mas a que aparezcan armas y las vendo, no?
01:44:08 : Side: Jose Luis: vale xD
01:44:30 : Side: Sirfes-AR: recien deje mi rifle ahi, y desaparecio
01:44:48 : Side: Jose Luis: o arriesgarte y volver a jugar a la ruleta
01:44:52 : Side: Jose Luis: ohh que mal suele pasar
01:47:32 : Side: Jose Luis: te voy a dejar en el coche blodpack
01:47:54 : Side: Sirfes-AR: que es eso?
01:48:07 : Side: Jose Luis: te haces una
01:48:20 : Side: Jose Luis: transfusion de sangre cuando vayas a morir
01:48:33 : Side: Sirfes-AR: ahhh, tengo de esas
01:48:38 : Side: Jose Luis: vale 
01:48:38 : Side: Sirfes-AR: voy a la ruleta
01:48:43 : Side: Jose Luis: w
01:48:49 : Side: Jose Luis: suerte
01:49:16 : Side: Sirfes-AR: mori
01:49:22 : Side: Jose Luis: la otra la ganas
01:49:25 : Side: Jose Luis: asi es
01:50:43 : Side: Jose Luis: la tienda de campaña la puedes usar tambien para guardar materiales pero ahora vamos tu escoges el sitio y yo te ayudo con la madera y la bodega
01:52:07 : Side: Jose Luis: ahora que escojas sitio te ayudo con la bodega de materiales
01:53:02 : Side: Jose Luis: volviste a morir?
01:53:21 : Side: Sirfes-AR: nono
01:53:26 : Side: Jose Luis: ah vale
01:53:33 : Side: Sirfes-AR: compro el plot y la safe?
01:53:42 : Side: Jose Luis: dale compralas
01:53:53 : Side: Jose Luis: y si alcanzas compra la motosierra
01:53:58 : Side: Jose Luis: y oil
01:54:54 : Side: Jose Luis: ahora si vamos a escoger el sitio
01:55:46 : Side: Sirfes-AR: vamos?
01:55:53 : Side: Jose Luis: dale sube a tu coche te sigo
01:56:48 : Side: Jose Luis: no muy lejos ni cerca a bases militares eh
01:57:04 : Side: Sirfes-AR: el punto amarillo arriba nuestro es una base?
01:57:20 : Side: Jose Luis: aerodromo militar me imagino que si
01:57:45 : Side: Sirfes-AR: cerca del castillo del diablo entonces
01:58:05 : Side: Jose Luis: te sigo
01:59:59 : Side: Jose Luis: te re perdiste de vista jajaja
02:00:17 : Side: Sirfes-AR: estoy en Gvozdno
02:01:15 : Side: Sirfes-AR: por ahi adelante, que decis?
02:32:03 : Side: Sirfes-AR: todavia no se como hacer la mesa para crear las cosas
02:32:25 : Side: Jose Luis: con 1 de plywood y madera
02:32:32 : Side: Jose Luis: o 2 no se
02:33:01 : Side: Jose Luis: usa epoch wiki
02:40:06 : Side: Jose Luis: carajo no encuentro el vendedor de la pala
02:41:59 : Side: Jose Luis: eres tu?
02:42:07 : Side: Sirfes-AR: si
02:42:31 : Side: Jose Luis: no encuentro el vendedor de la pala xD
02:42:38 : Side: Sirfes-AR: toma
02:43:07 : Side: Jose Luis: donde estas 
02:43:23 : Side: Sirfes-AR: cerca de tu auto
02:43:58 : Side: Jose Luis: vale yo salgo a base
02:50:44 : Side: Jose Luis: oye ven aquii
02:50:53 : Side: Sirfes-AR: a donde?
02:51:13 : Side: Jose Luis: te marque en el mapa
02:52:29 : Side: Jose Luis: te deje a la izquierda de la carretera una caja con herramientas
02:52:47 : Side: Jose Luis: palanca y demas lo que necesitas para construir
02:57:10 : Side: Jose Luis: lo encontraste?
02:57:33 : Side: Sirfes-AR: nop jaja
02:57:44 : Side: Sirfes-AR: estoy detras de un hummbie
02:57:47 : Side: Jose Luis: jajaja es unas cajas del ejercito
02:57:56 : Side: Jose Luis: a la izquierda del humvie
02:58:31 : Side: Sirfes-AR: nop, no estan
02:58:43 : Side: Jose Luis: desaparecieron rapido u.u
11:06:15 : Side: santiago: jose
11:06:19 : Side: Jose Luis: epa
11:07:58 : Side: Jose Luis: todo bien o q
11:13:25 : Side: Jose Luis: maricon
12:17:12 : Side: santiago: ojo q jose luis es falzeta
15:43:01 : Side: Jose Luis: quien fue
15:43:14 : Side: Jose Luis: quien putas fue
15:45:05 : Side: Jose Luis: come mierda santiago
15:49:20 : Side: Jose Luis: me dispararon no se donde
15:50:00 : Side: Jose Luis: mira el mapa estoy al lado del cuerpo tirado
15:51:05 : Side: Jose Luis: ojo con mis cosas pilas busca
15:52:48 : Side: Jose Luis: vamos a buscar pues
15:56:09 : Side: Azrael1x: hola holaa
15:56:17 : Side: Jose Luis: hola que tal compa
15:56:28 : Side: Azrael1x: como va eso?
15:56:40 : Side: Jose Luis: me atacaron de la nada no hay nadie pero salen disparos
15:57:06 : Side: Azrael1x: pudo ser algun survivor jajaç
15:57:33 : Side: Jose Luis: solo estabamos mi amigo y yo
16:02:32 : Side: [WG] SnakeGeneral: admin on ?
16:36:53 : Side: Jose Luis: algun admin
16:46:13 : Side: [WG] SnakeGeneral: admin on ?
17:14:45 : Side: Jose Luis: ey azteriz
17:15:37 : Side: Jose Luis: hola
17:16:10 : Side: Jose Luis: churro
17:16:41 : Side: [Amish]Churro: COMO VA
17:16:47 : Side: Jose Luis: todo bien y tu
17:16:52 : Side: Jose Luis: oye una pregunta
17:16:58 : Side: [Amish]Churro: BIEN.. CANSADO
17:17:02 : Side: [Amish]Churro: SI DECIME
17:17:07 : Side: Jose Luis: cual es el mejor traje que vende esa granjera
17:17:15 : Side: [Amish]Churro: jajaja
17:17:36 : Side: [Amish]Churro: uyy.. no se.. no recuerdo
17:17:37 : Side: Jose Luis: es que perdi un camiflado que tenia 
17:17:44 : Side: [Amish]Churro: no hay camo ahi
17:18:15 : Side: Jose Luis: ahhh
17:22:45 : Side: Jose Luis: tenes un pozo que me vendas churro
17:48:03 : Side: Azrael1x: como carajo se maneja el m22 ese del ortooooo
19:15:50 : Side: [WG] SnakeGeneral: admin on ?
19:19:34 : Side: [WG] SnakeGeneral: i need help for admin
20:40:02 : Side: [WG] SnakeGeneral: admin ?
20:47:01 : Side: [WG] SnakeGeneral: admin ?
20:47:32 : Side: [WG] SnakeGeneral: me need help for plot bug
20:48:29 : Side: [WG] SnakeGeneral: Cannot build, too many objects within 30m
20:49:38 : Side: [WG] SnakeGeneral: my have 315 in my house
20:50:29 : Side: [WG] SnakeGeneral: lol
22:26:43 : Side: Sirfes-AR: que hay?
22:26:54 : Side: Sirfes-AR: somos dos en el cerver
22:26:57 : Side: Sirfes-AR: server
22:27:06 : Side: Sirfes-AR: te pinta hacer alguna mision juntos?
22:27:57 : Side: santiago: como q?
22:29:39 : Side: santiago: soy novato con experiencia estoy construyendo mi base
22:29:56 : Side: Sirfes-AR: ah oka, yo deberia de terminar la mia
22:30:05 : Side: santiago: se q tendras algo interesanete para hacer que tenga q ver con disparar
22:30:22 : Side: Sirfes-AR: pero necesito plata, voy a cazar IA
22:32:32 : Side: santiago: alfin que
22:32:39 : Side: santiago: ??
22:32:44 : Side: santiago: ?
23:15:20 : Side: santiago: eras tu el q disparaba o me disparaba???
23:15:40 : Side: Sirfes-AR: le dispare a unos z
23:15:52 : Side: santiago: ok
