00:18:37 : Group: nicolas: me estoy re cagando jajajaaj
00:19:45 : Group: nicolas: ea alto flash
00:19:53 : Group: Chez_Guevara: mal jajaja
00:20:03 : Group: Chez_Guevara: che puse la pantalla panoramica y se ve mucho mas jaja
00:20:13 : Group: Chez_Guevara: 16:9 
00:20:15 : Group: nicolas: jajajaj
00:21:02 : Group: Chez_Guevara: compro una moto?
00:21:11 : Group: nicolas: para ?=
00:21:15 : Group: nicolas: dale no se ajjaja
00:21:17 : Group: Chez_Guevara: Para ir al aero y lutear
00:21:23 : Group: nicolas: el cuatri no esta igual?
00:21:33 : Group: Chez_Guevara: no, sale 4000 y tengo 3000
00:22:15 : Group: Chez_Guevara: sino me compro balas
00:22:22 : Group: Chez_Guevara: eleji jajajaja
00:22:41 : Group: nicolas: jajajja vamos a luti
00:22:52 : Group: Chez_Guevara: comrpo la moto entonces?
00:22:58 : Group: nicolas: si no queda otra jaja
00:23:14 : Group: Chez_Guevara: tengo 5 balas jajaja mas la pistol
00:23:23 : Group: nicolas: te paso un cargador
00:23:46 : Group: Chez_Guevara: compro moto o 2 bicis? estan 120 nomas
00:23:49 : Group: nicolas: son re mosca los zombis
00:23:59 : Group: Chez_Guevara: salen 2 bici no?
00:24:00 : Group: nicolas: moto que tiene para meter cosas
00:24:06 : Group: Chez_Guevara: ok
00:24:55 : Group: Chez_Guevara: voy al whatsapp ahi vengo
00:26:37 : Group: Chez_Guevara: viste que te podes elejir a un gendarme o un federal? jajajajajaj me estalle
00:26:50 : Group: nicolas: jaja no no vi
00:26:55 : Group: Chez_Guevara: prendela total estamos solos
00:27:24 : Group: Chez_Guevara: che no compramos nafta jajaja vigila eso
00:27:31 : Group: nicolas: jajajajja
00:28:10 : Group: nicolas: y si te estaba puteando que pasa :B?
00:29:35 : Group: nicolas: che pone a los zombies menos moscas :B
00:30:01 : Group: Chez_Guevara: Jaja mal estan re picantesss
00:31:01 : Group: nicolas: hay que esperar mepa
00:31:06 : Group: Chez_Guevara: Pero hay zombies y zombies jaja
00:31:12 : Group: nicolas: pero son fan de the walking dead 
00:31:32 : Group: Chez_Guevara: Claro esos son los que van 
00:31:33 : Group: nicolas: caminan ahi solo en guerra mundial z corren los zombies :BB
00:31:35 : Group: Chez_Guevara: jajaja
00:32:26 : Group: Chez_Guevara: no queda otra jaja
00:32:46 : Group: nicolas: me olvide absolutamente como cambiar a granada y eso para tirar bengalas
00:32:53 : Group: Chez_Guevara: con la f bro
00:32:58 : Group: nicolas: gracias
00:33:01 : Group: Chez_Guevara: che guarda que la moto no tiene mas espacio para armas
00:33:31 : Group: Chez_Guevara: ah yo tengo la coyote, colgue jaja
00:33:55 : Group: nicolas: aca hay un gun bag
00:34:02 : Group: Chez_Guevara: quedatelo
00:34:32 : Group: nicolas: algo anda mal 
00:34:39 : Group: nicolas: se buguea o se laguea algo
00:34:40 : Group: Chez_Guevara: que paso
00:35:22 : Group: nicolas: zobmie
00:35:34 : Group: Chez_Guevara: anda agachado y no joden
00:35:56 : Group: Chez_Guevara: guarda
00:37:05 : Group: Chez_Guevara: ahi vengo cubrime 10 segundos
00:42:12 : Group: nicolas: aca hay cosas medicas
00:42:18 : Group: nicolas: trata de caminar jajaja
00:42:42 : Group: Chez_Guevara: no dispares mas eh jajaa
00:42:56 : Group: Hawk: estamos en el ts dice Davi
00:42:58 : Group: Chez_Guevara: che
00:43:01 : Group: Chez_Guevara: esta para poner el mic eh
00:43:06 : Group: nicolas: se mal
00:43:22 : Group: nicolas: apaga la moto
00:43:27 : Group: Chez_Guevara: yo no fui jaja
00:44:33 : Group: Marti: Ok, en un cacho entro dice marti jajaj
00:44:34 : Group: Chez_Guevara: admin se bugea el sonido cada tanto se escucha que prenden la moto
00:44:36 : Group: Chez_Guevara: eso nunca! jajaja
00:45:50 : Group: Chez_Guevara: vienen mil guarda jajaja
00:45:52 : Group: Chez_Guevara: subite
00:47:06 : Group: nicolas: disparo
00:47:27 : Group: nicolas: lutia papa lutia
00:47:32 : Group: Chez_Guevara: no puedo me siguen 5
00:47:45 : Group: Chez_Guevara: me los llevo
00:49:37 : Group: nicolas: amm jaja
00:49:40 : Group: Chez_Guevara: volvamos que pegue un arma re cara
00:49:48 : Group: Chez_Guevara: ya fue jajaja
00:50:58 : Group: nicolas: tenia de todo
00:51:24 : Group: Chez_Guevara: que tenia? jajaja vamos a stary
00:51:28 : Group: Chez_Guevara: pense que era el chabon
00:51:31 : Group: Chez_Guevara: pero era un ia
00:51:36 : Group: Chez_Guevara: toquemos 
00:51:38 : Group: Chez_Guevara: despues volvemos
00:51:41 : Group: Chez_Guevara: estoy lleno
00:51:53 : Group: nicolas: una ak y 2 granadas :B
00:52:01 : Group: Chez_Guevara: no vale nadA? jajaj
00:52:32 : Group: Chez_Guevara: che entraron un par de cuerpos, guarda
00:52:41 : Group: nicolas: no entiendo si me muero si sangro si me pasa algo esos logos chotos
00:52:50 : Group: Chez_Guevara: jaja mal
00:52:56 : Group: Chez_Guevara: yo necesito mandar painkiller
00:53:23 : Group: Chez_Guevara: eu
00:53:27 : Group: Chez_Guevara: toca a stary
00:53:30 : Group: Chez_Guevara: temngo que arreglar el mic
00:55:00 : Group: Chez_Guevara: si perro
00:55:09 : Group: Chez_Guevara: che habia uno ahi
00:55:13 : Group: nicolas: sew
00:55:17 : Group: nicolas: m,
00:55:31 : Group: Chez_Guevara: mal jajaja toca a stary fue
00:55:37 : Group: Chez_Guevara: ahora en stary arreglko el mic
00:56:01 : Group: Chez_Guevara: toca jhabia uno en bici
00:56:24 : Group: Chez_Guevara: nooo jajajajaja
00:56:32 : Group: Chez_Guevara: habnia un vago en bicla
00:57:00 : Group: Chez_Guevara: mal perro
