00:10:13 : Group: Alan: jaja terrible aterrizaje
00:10:45 : Group: edgar: xD
00:12:10 : Group: Alan: falta algo mas ?
00:12:16 : Group: edgar: si
00:12:34 : Group: edgar: aki que ba aser
00:12:42 : Group: Alan: aca nada
00:12:53 : Group: edgar: entonces es mi cuarto
00:13:04 : Group: edgar: :V
00:13:08 : Group: Alan: jaja
00:13:56 : Group: edgar: lo quieres quitar y poner?
00:14:04 : Group: Alan: se
00:14:19 : Group: Alan: como hiciste ?
00:14:27 : Group: edgar: por que tengo palanca
00:14:37 : Group: edgar: hay esta
00:14:40 : Group: Alan: yo tmb tengo palanca
00:15:43 : Group: Alan: ta
00:20:26 : Group: edgar: mucho lag
00:20:48 : Group: Alan: un poco
00:24:42 : Group: edgar: vamos por mas cosas
00:24:51 : Group: edgar: para abrir esta safe es 4620
00:25:01 : Group: Alan: ok
00:25:24 : Group: Alan: hay q traer otro vehiculo ?
00:25:31 : Group: edgar: si
00:25:52 : Group: edgar: me equivoque
00:26:04 : Group: Alan: xd
00:26:17 : Group: Alan: para q llevas ese carro ?
00:26:31 : Group: edgar: si se empiesa a caer el heli seme due el internet :V
00:26:38 : Group: edgar: para traer cosas
00:26:45 : Group: Alan: hubieras agarrado el camion
00:26:49 : Group: Alan: podes traer muchisimas mas cosas
00:26:53 : Group: Alan: por eso me lo compre xd
00:27:05 : Group: edgar: le cabe mas ala suv
00:27:12 : Group: edgar: pero nose por que no la traje
00:27:54 : Group: edgar: 360
00:27:57 : Group: edgar: :V
00:28:00 : Group: Alan: nono
00:28:01 : Group: Alan: xd
00:30:19 : Side: edgar: lol
00:30:27 : Side: Alan: por q hiciste eso culiado jaja
00:30:34 : Side: edgar: xD me excedi
00:30:49 : Side: edgar: ven por tu cuerpo
00:30:49 : Side: Alan: vos no moriste ?
00:30:52 : Side: edgar: no
00:30:55 : Side: Alan: .l.
00:31:02 : Side: Alan: vos tendria q a ver muerto jaja
00:36:51 : Side: Alan: acepta edgar
00:36:55 : Side: edgar: ok
00:37:36 : Group: edgar: esto es normal para mi
00:37:52 : Group: Alan: morir ?
00:37:57 : Group: edgar: en 1 dia tube que comprar 6 helis
00:38:03 : Group: Alan: wtf jajaja
00:38:06 : Group: Alan: tas loquito vo
00:40:44 : Group: edgar: lo tengo que reparar otra bes
00:40:51 : Group: Alan: jaja sos un culia
00:41:06 : Group: edgar: hay que sacar cosas
00:41:47 : Group: edgar: ven
00:44:00 : Group: edgar: ucupa gas
00:44:06 : Group: Alan: mm no
00:44:34 : Group: edgar: si
00:44:58 : Group: Alan: si q
00:45:12 : Group: edgar: si ocupa hay que comprar
00:45:43 : Group: edgar: vamos
00:46:02 : Group: Alan: espera mellaman por tel
00:46:04 : Group: Alan: ay vuelvo
00:46:07 : Group: edgar: ok
00:50:05 : Group: Alan: volvi
00:50:38 : Group: edgar: sele acaba rapido el gas
00:50:59 : Group: edgar: bamos ala base
00:51:05 : Group: Alan: vamos
00:54:00 : Group: edgar: manejas muy lento
00:54:06 : Group: edgar: :V
00:54:18 : Group: Alan: pero seguro jaja
00:54:29 : Group: edgar: xD
00:55:10 : Group: edgar: para abrirla es 3616
00:57:16 : Group: edgar: sabes construir bien?
00:57:24 : Group: Alan: no sera mi primera ves
00:57:27 : Group: Alan: jaja
00:57:34 : Group: Alan: no te acuerdas q soy nuevo en este
00:57:36 : Group: Alan: esto
00:57:54 : Group: edgar: si pero nose podria ser que alguien te dijo
00:58:30 : Group: edgar: deje las llaves en la safe
00:58:37 : Group: Alan: mmm
00:58:44 : Group: edgar: me tengo que ir
00:58:51 : Group: Alan: uh q lastima
00:58:57 : Group: edgar: hay esta la llave de mis helis
00:59:05 : Group: edgar: por si lo reparas 
00:59:15 : Group: Alan: ok
00:59:22 : Group: edgar: falto cosas en la base?
00:59:29 : Group: Alan: mmm no 
00:59:36 : Group: edgar: bueno me boy
00:59:39 : Group: Alan: dale
00:59:41 : Group: Alan: nos vemos edgar
00:59:47 : Group: Alan: yo tmb me salgo, aburre jugar solo xd
01:00:02 : Group: edgar: podria ser que mas tarde entrara
01:00:05 : Group: edgar: pero nose
01:00:08 : Group: Alan: en cuanto ?
01:00:13 : Group: edgar: pos nose
01:00:21 : Group: edgar: abeses juego alas 3am
01:00:32 : Group: Alan: q hora
01:00:33 : Group: Alan: tenes
01:00:36 : Group: Alan: en tu pais ?
01:00:40 : Group: edgar: creo que orita son las 9
01:00:52 : Group: Alan: woo no estare jaja
01:00:56 : Group: Alan: aca son la 1 am
01:01:04 : Group: edgar: lol
01:01:11 : Group: Alan: estare 2 horas mas
01:01:14 : Group: edgar: abeses me queda alas 6 am
01:01:15 : Group: edgar: xD
01:01:20 : Group: Alan: jajaja 
01:01:26 : Group: Alan: ps quedate un rato mas ahora
01:01:29 : Group: Alan: y luego no te conectas
01:01:31 : Group: Alan: jajaja
01:01:42 : Group: edgar: mmmm
01:01:56 : Group: edgar: bueno ya me boy
01:02:04 : Group: Alan: jaja ok
03:24:07 : Side: Alan: jf
03:25:32 : Side: JF: Alan todo bien
03:25:42 : Side: Alan: todo bienn
03:25:49 : Side: Alan: probando unas configuraciones para subir mis fps
03:25:53 : Side: Alan: cuantos fps tenes ?
03:26:56 : Side: JF: 33 ahora
03:27:01 : Side: Alan: ahhh
03:27:50 : Side: Alan: eh
03:27:56 : Side: Alan: no alcanze a leer
03:28:49 : Side: JF: 35 ahora
03:28:59 : Side: Alan: ahh un poco mejor q yo
03:29:02 : Side: Alan: xd
03:29:22 : Side: Alan: q estas haciendo jf
03:29:25 : Side: JF: cuantos vos
03:29:27 : Side: Alan: misiones ?
03:29:44 : Side: Alan: de 20 q tenia, me fije un videito para subir y tengo 26
03:29:48 : Side: JF: voy yendo al trade
03:30:10 : Side: Alan: estabas en misiones ?
03:31:24 : Side: JF: no me fui un rato a recorrer y habia un lugar que estaba lleno de z y casi me quedo sin municion
03:32:21 : Side: Alan: jaja, no hces misiones solo ?
03:32:59 : Side: JF: cuando puedo  y me animo si jaja
03:33:08 : Side: Alan: jaja
03:34:07 : Side: Alan: bueno me ire a dormir
03:34:14 : Side: Alan: mañana si quieres hacemos misiones
03:34:22 : Side: Alan: que yo tampoco me animo a ir solo jaja
21:43:23 : Side: juandayz: hola reco
21:43:49 : Side: reconnect: hola mannnn
21:44:03 : Side: juandayz: qeres venir a jugar a la ruleta rusa con el trader :P
21:44:19 : Side: reconnect: :O
21:44:55 : Side: reconnect: banca que encuentro el heli
21:44:55 : Side: juandayz: si no te matas te ganas 100.000 si moris, moris :D
21:45:11 : Side: reconnect: y anoto donde esta
21:45:21 : Side: juandayz: en los menonitas esta
21:45:31 : Side: reconnect: el heli?
21:45:36 : Side: juandayz: ah no jaja
21:45:43 : Side: juandayz: la ruleta rusa
21:45:48 : Side: reconnect: ah oka
21:46:34 : Side: reconnect: -ya
21:46:53 : Direct: reconnect: jajajjaja
21:46:55 : Direct: reconnect: noooo
21:47:32 : Side: juandayz: aca
21:47:38 : Direct: reconnect: D
21:47:38 : Side: juandayz: scroll menu
21:47:49 : Direct: reconnect: a ver q tiene
21:48:07 : Direct: reconnect: :D
21:48:10 : Direct: reconnect: ammo crate
21:48:24 : Direct: reconnect: juju
21:48:26 : Direct: reconnect: safe
21:48:26 : Side: juandayz: safaste
21:48:40 : Direct: reconnect: no me pago el culiado
21:48:54 : Side: juandayz: no tedio el maletin?
21:48:58 : Direct: reconnect: ah
21:49:01 : Direct: reconnect: pense q te daba coins
21:49:06 : Side: juandayz: no no
21:49:12 : Direct: reconnect: no no tengo maletin
21:49:16 : Direct: reconnect: tengo los slots llenos
21:49:21 : Side: juandayz: tira algo
21:49:30 : Direct: reconnect: ahi aparecio :D
21:49:46 : Direct: reconnect: q risa el canto
21:49:50 : Side: juandayz: aquel es una maquinita
21:50:03 : Side: juandayz: por un silverbar
21:50:10 : Side: juandayz: te da un item al azar
21:50:11 : Direct: reconnect: q sea con coins
21:50:16 : Direct: reconnect: haja
21:50:28 : Side: juandayz: es q lo hize para coins y gold system
21:50:36 : Direct: reconnect: :D
21:50:57 : Direct: reconnect: kajajaja
21:51:13 : Side: reconnect: hay de todo :D
21:54:32 : Side: reconnect: uuu me voy a la mision del v22
21:55:45 : Side: juandayz: hola larz
21:55:52 : Side: LarzuK: buenas
21:56:03 : Side: LarzuK: que se cuenta 
21:56:10 : Side: reconnect: muy buena la ruleta :_D
21:56:15 : Side: juandayz: :D
21:56:32 : Side: juandayz: le puse la sirena al plot :P larz
21:56:53 : Side: LarzuK: aaaaaaaaaaaaaaaaaaaaaaaaaaaaaaaa
21:57:08 : Side: LarzuK: ajajaj la queria apagar y me ponia mas sirenas , ajajaj
21:57:17 : Side: reconnect: che larzu
21:57:20 : Side: juandayz: aajaaj
21:57:34 : Side: LarzuK: que paso
21:57:41 : Side: reconnect: como te cagaste el otro dia eh
21:57:55 : Side: reconnect: te tire unas m203 jajaja eras vos?
21:58:05 : Side: LarzuK: mmmm nope
21:58:09 : Side: LarzuK: en donde ?
21:58:09 : Side: reconnect: buuu
21:58:31 : Side: reconnect: en una mision que fui a hacer y ya la habian terminado. tire unas m203 
21:58:41 : Side: reconnect: y eramos 3 onnline vos yo y otro mas pense q eras vos
21:58:47 : Side: reconnect: y me desconecte
21:58:55 : Side: LarzuK: je nope
22:09:59 : Side: reconnect: alguien arranco la mision del mv22?
22:10:49 : Side: reconnect: tan casi todos muertos
22:17:20 : Side: reconnect: no se puede vender el mv22 :(
22:20:06 : Side: reconnect: juan, a modo de bug report, no me puedo poner el bandit sniper
22:23:37 : Side: LBDT-14: hola muchachos por donde andan
22:27:18 : Side: reconnect: oka
22:28:53 : Side: reconnect: JAJAJJAJA JUAN VENI A VER
22:28:59 : Side: reconnect: UN MOZZIE LEVANTANDO UN MV 22
22:29:51 : Side: reconnect: LO VOY A LLEVAR PA ASER FACHA
22:32:27 : Side: reconnect: JAJAJAAJ Y EN MARCHA 
22:32:38 : Side: reconnect: Donde estan muchachos tienen que ver esto
23:10:05 : Side: reconnect: rly
23:11:34 : Side: reconnect: q mal orto
23:12:07 : Side: reconnect: apague el motor en lugar de autohover porque iba a ver el mapa
