23:26:24 : Group: juandayz: este es el canal de grupo
23:26:30 : Group: Alan: ahh buenisimo
23:26:32 : Group: juandayz: toda la plata
23:26:37 : Group: Alan: che tengo como un microfono prendido como lo saco
23:26:41 : Group: Alan: alado del muñeco
23:26:43 : Group: juandayz: block may
23:27:07 : Group: Alan: ya
23:27:18 : Group: juandayz: eso es para hablar x voz, no lo uses nunca al mic en el canal azul
23:27:22 : Group: Alan: las llave de los vehiculo los dejo ?
23:27:27 : Group: juandayz: en otros servers te banean al toque
23:27:27 : Group: Alan: digamos las herramientas
23:27:35 : Group: juandayz: lleva las del heli
23:27:37 : Group: Alan: ahh ok
23:27:41 : Group: juandayz: osea vamos a matar gente
23:27:43 : Group: Alan: todo lo demas guardo ?
23:27:50 : Group: Alan: cuchillos telefono
23:27:52 : Group: juandayz: lleva armas, cosas medicas
23:27:59 : Group: juandayz: la radio llevala
23:28:07 : Group: juandayz: sil no lperdemlos el grupo
23:28:46 : Group: Alan: toolbox tmb ?
23:28:58 : Group: juandayz: su
23:29:20 : Group: juandayz: ahora antes vamos a ir al mercado
23:29:37 : Group: juandayz: a comprar material medico y algun rifle sniper para hacer la msion
23:29:41 : Group: Alan: ok
23:29:58 : Group: juandayz: rumbo mercado central D
23:30:07 : Group: juandayz: la salada  del dayz
23:30:15 : Group: Alan: jajajaj
23:30:21 : Group: Alan: aguanta 11 wachooo jaja
23:30:26 : Group: juandayz: jajaj
23:30:32 : Group: juandayz: mira para
23:30:36 : Group: juandayz: abri el mapa
23:30:42 : Group: juandayz: salio una mision sin bots
23:30:46 : Group: juandayz: aca no mas
23:30:47 : Group: Alan: cual es
23:30:51 : Group: juandayz: la q es media rosa
23:30:57 : Group: Alan: ah ya
23:31:06 : Group: juandayz: vamos ahi, tiene q haber armas
23:32:07 : Group: juandayz: ojo q si hay gente nos van a cagar a tiros por las armas
23:32:14 : Group: juandayz: baja aca
23:32:34 : Group: juandayz: siempre en las misiones, baja 1000mts antes por lo menos
23:32:47 : Group: juandayz: cerra el heli
23:32:48 : Group: Alan: 300 metros jaja
23:33:06 : Group: Alan: ta
23:33:39 : Group: juandayz: con a x te agachas
23:33:56 : Group: juandayz: si corres asi vas mas lento pero te agtas menos
23:35:18 : Group: juandayz: maraste a a
23:35:25 : Group: Alan: eh
23:35:52 : Group: juandayz: hay gnte
23:35:56 : Group: Alan: como sabes
23:36:13 : Group: juandayz: marcaste
23:36:16 : Group: juandayz: vs
23:36:20 : Group: Alan: q cosa ?
23:36:22 : Group: juandayz: dsconocido
23:36:35 : Group: Alan: como dq marque desconocido ?
23:36:37 : Group: juandayz: t sale pr el grupo
23:36:42 : Group: juandayz: yo lo leo
23:36:59 : Group: Alan: como q vi yo un enemigo ?
23:37:04 : Group: juandayz: si
23:37:27 : Group: juandayz: armas aca
23:37:41 : Group: Alan: wow 
23:37:45 : Group: juandayz: esto es el premio de la mision esta
23:38:11 : Group: Alan: wow
23:38:20 : Group: juandayz: nos fuimos al mercado
23:38:23 : Group: Alan: ya llene la mochila esta de mierda jaja
23:39:57 : Group: Alan: maneja
23:39:59 : Group: Alan: ¡
23:40:11 : Group: Alan: a ver como manejas
23:40:20 : Group: Alan: che y si muero y queda mi helicoptero aca
23:40:26 : Group: juandayz: si
23:40:28 : Group: Alan: se queda aca y tengo q venir a buscarlo ?
23:40:32 : Group: juandayz: ajam
23:40:38 : Group: Alan: y si no me acuerdo donde lo deje
23:40:45 : Group: Alan: como hago para encontrarlo ?
23:40:56 : Group: juandayz: fuiste si no te acordas
23:41:10 : Group: juandayz: igual en el mapa te marca tu cadaver
23:41:33 : Group: Alan: ahh
23:41:45 : Group: Alan: y las llaves la pierdo ?
23:41:54 : Group: juandayz: quedan en tu cuerpo
23:42:05 : Group: Alan: osea q tengo q recuperar mi cuerpo
23:42:07 : Group: juandayz: todo qeda en tu cadavaer
23:42:10 : Group: Alan: para poder agarrar la llave ?
23:42:10 : Group: juandayz: claro
23:42:24 : Group: Alan: y corriendo tendria q ir a mi cadaver ? jaja
23:44:43 : Group: Alan: ocmo era
23:44:53 : Group: Alan: ah
23:44:56 : Group: Alan: a donde
23:45:29 : Group: Alan: no me quedo con nada de estas 2 armas ? xd
23:45:51 : Group: Alan: 20k
23:45:52 : Group: Alan: me hice
23:46:05 : Group: juandayz: todas vendiste?
23:46:09 : Group: juandayz: las de la mochila
23:46:11 : Group: Alan: solo 2 me dejo agarrar
23:46:19 : Group: Alan: si no tengo nespacio
23:46:22 : Group: Alan: para agarrar nada
23:46:41 : Group: Alan: tengo q agarrar una mochila mejor q esta
23:46:41 : Group: juandayz: mira
23:46:57 : Group: juandayz: compra rapida- sell- backpack
23:47:07 : Group: juandayz: ahi vendes las q tenes en la mochila
23:47:09 : Group: Alan: sisi ya esta
23:47:19 : Group: juandayz: quedo espacio ahora?
23:47:22 : Group: juandayz: en la mochi?
23:47:24 : Group: Alan: mm 
23:47:44 : Group: Alan: si esta lleno
23:47:46 : Group: Alan: pero
23:47:51 : Group: Alan: donde compro otra mochila mejor q esta ?
23:47:52 : Group: juandayz: tira la mochila al piso
23:47:54 : Group: Alan: asi traigo
23:48:37 : Group: juandayz: aca
23:48:40 : Group: juandayz: la vieja esta
23:48:45 : Group: Alan: cual es la mejor
23:48:53 : Group: juandayz: coyote y larg gunbag
23:49:29 : Group: Alan: lel
23:49:31 : Group: Alan: esta no era
23:49:32 : Group: Alan: xd
23:49:34 : Group: Alan: o si ?
23:49:37 : Group: juandayz: no importa
23:49:42 : Group: juandayz: en la misiones hay
23:49:44 : Group: juandayz: escuchame
23:49:51 : Group: juandayz: vende esa arma q tenes en mano
23:49:54 : Group: juandayz: es horrible
23:49:58 : Group: Alan: ok
23:50:30 : Group: Alan: ta
23:50:38 : Group: juandayz: comprate la M14
23:50:40 : Group: Alan: 23k tengo
23:50:48 : Group: juandayz: m14 aim
23:51:01 : Group: juandayz: dae ahora
23:51:10 : Group: Alan: no la encuentro
23:51:14 : Group: Alan: assault rifle ?
23:51:20 : Group: juandayz: compra rapida usa
23:51:34 : Group: juandayz: en la mitad de la lista esta
23:51:41 : Group: juandayz: m14 AIM
23:51:58 : Group: Alan: ta
23:52:13 : Group: Alan: cuales son las balas
23:53:18 : Group: Alan: las balas de esta arma cuales son
23:53:33 : Group: juandayz: dmr
23:53:38 : Group: juandayz: carg. DMR
23:54:25 : Group: Alan: pera q no la encuentro jaja
23:54:38 : Group: juandayz: voy a sacar el heli del trade q ya reinicia esto, y lo va tirar  a la mierda si esta aca adentro
23:54:43 : Group: juandayz: abrilo please
23:54:49 : Group: Alan: ok
23:55:20 : Group: Alan: ta
23:55:29 : Group: juandayz: anda al medico y compra sangre y morfina
23:55:44 : Group: Alan: ok
23:55:50 : Group: Alan: cuantos cargadores llevo
23:55:53 : Group: Alan: de esta arma
23:55:56 : Group: juandayz: dos? 3
23:56:06 : Group: Alan: ok
23:57:23 : Group: Alan: 2 sangre y 2 morfina ?
23:57:31 : Group: juandayz: si esta bien
23:58:56 : Group: juandayz: llevate este sniper n la mochila
23:59:10 : Group: juandayz: agarra la mochila tuya dale
23:59:16 : Group: juandayz: q reinicia y la perdes
23:59:29 : Group: Alan: iva a comprar otra
23:59:34 : Group: juandayz: ok pera el restart
23:59:37 : Group: juandayz: deslogea
23:59:41 : Group: Alan: wo esa arma
23:59:43 : Group: Alan: se ve linda
