18:40:06 : Side: Nikyta: hola
18:40:30 : Side: [DMN]-Mario: hola
18:40:43 : Side: Nikyta: no entiendo nada aca jaja
18:40:53 : Side: Nikyta: es la primera ves que entro
18:41:08 : Side: [DMN]-Mario: yo la tercera
18:41:14 : Side: [DMN]-Mario: jaja
18:41:48 : Side: [DMN]-Mario: es un poco diferente a otros server pero esta bueno
18:42:36 : Side: [DMN]-Mario: hay bots en algunos lugares cuidado
18:42:52 : Side: Nikyta: pero ya tenes vehiculo ?
18:42:59 : Side: Nikyta: o no eras vos ? jaja
18:43:17 : Side: [DMN]-Mario: son bots cuidado
18:43:49 : Side: Nikyta: haa ok
18:44:01 : Side: Nikyta: wwwww
18:44:03 : Side: [DMN]-Mario: yo estoy en aeropuerto grande ..mate un bots y por ahora es zona liberada
18:44:47 : Side: Nikyta: yo estoy en la plantacion de mariguana jaja
18:45:55 : Side: [DMN]-Mario: ya tenes una buena arma
18:46:12 : Side: Nikyta: maso
18:46:31 : Side: Nikyta: m4a1
18:46:43 : Side: [DMN]-Mario: bien
18:47:03 : Side: [DMN]-Mario: cague llegaron mas bots
18:50:03 : Side: [DMN]-Mario: vos tenes vehiculo
18:50:24 : Side: Nikyta: no
18:51:44 : Side: [DMN]-Mario: aeropuerto es inmenso y tiene buen loot
18:52:14 : Side: [DMN]-Mario: yo tengo una suv y me salio 70mil
18:52:14 : Side: Nikyta: si no se
18:52:31 : Side: Nikyta: por donde empezar jaja
18:52:49 : Side: Nikyta: ahora estoy llendo a pogorebka
18:53:05 : Side: [DMN]-Mario: ojo con los puestos de control
18:56:21 : Side: Nikyta: es un quilombo este server jajaj esta bueno
