00:13:17 : Group: Jose Luis: hola veo que estoy en el grupo
00:13:26 : Group: Jose Luis: llegue tarde justo mision donde estan ustedds
00:13:39 : Group: [T1ER]rabbit: recien arrancamos asi que bienvenido
00:13:49 : Group: Jose Luis: ahi voy
00:16:04 : Group: Jose Luis: como hacen con los soldier y bandidos a la vez
00:16:47 : Group: Jose Luis: goool de argentina
00:36:45 : Group: Jose Luis: ustedes estan en mision o loot contra soldados
00:37:24 : Group: Jose Luis: si escuchan un coche no se asusten voy para aia
00:42:20 : Group: ChakalMDP: HOla!
00:49:50 : Group: Jose Luis: chicos ya voy no recordaba que iba con el mk sd y ese es poco preciso de lejos
01:02:59 : Group: Jose Luis: que elementos son amigo
01:03:06 : Group: Jose Luis: ahh y soy heroe
01:04:18 : Group: Jose Luis: y tengo el suv artillado
01:04:40 : Group: JF: che por donde estas vos??
01:04:50 : Group: Jose Luis: en mi base si quieres ven
01:05:02 : Group: Jose Luis: o paso por ti en heli
01:05:08 : Group: JF: lo que pasa que no te hubicoen el mapa
01:05:23 : Group: Jose Luis: arriba e dubrovka
01:05:35 : Group: JF: no yo voy no te hagas problemas 
01:05:49 : Group: Jose Luis: oka
01:06:04 : Group: JF: si ahora te localice
01:19:20 : Group: Jose Luis: que es el generic
01:19:40 : Group: JF: crap metal
01:19:42 : Group: Jose Luis: part generic
01:19:54 : Group: JF: si es lo mismo
01:19:54 : Group: Jose Luis: entonces cuanto necesito de cada
01:20:48 : Group: JF: ahi arriba te aparece un letrero en rojo que dura poco tiempo trata de poner la imagen contra una pared por ejemplo para 
01:21:04 : Group: Jose Luis: creo que ya podre
01:21:07 : Group: JF: que tenga contraste y la puedas leer mas facil
01:21:43 : Group: Jose Luis: uno luego de ponerla puede reacomodarla?
01:22:33 : Group: Jose Luis: epaa gracias
01:22:38 : Group: Jose Luis: ya tengo donde llenar el agua
01:23:07 : Group: JF: y ... se presenta en bacio luego la hubicas donde mas te convenga le das la altura y la enclavas definitiva
01:23:14 : Group: Jose Luis: ahora ven
01:23:40 : Group: Jose Luis: te invito a un asado
01:24:44 : Group: JF: no me hago rogar jaja voy en camino... xD!!
01:25:00 : Group: Jose Luis: jaja te tengo cordero aqui listo y el barril encendido
01:29:52 : Group: Jose Luis: wtf
01:30:05 : Group: Jose Luis: iba a poner una trinchera me mando a volar y me rompio los huesos
01:35:04 : Group: JF: que mision
01:35:17 : Group: Jose Luis: colocaron una nueva mira el mapa bandit base
01:36:34 : Group: JF: yo estoy yendo al asado que me invitaste pero no hay problemas lo suspendemos estaria apareciendo por el sur
01:36:35 : Group: Jose Luis: vamos jf?
01:36:59 : Group: JF: en polana apareco cuando llego te aviso
01:37:03 : Group: Jose Luis: jajaja pues matamos unos bandidos ganamos sus cosas y hacemos asado
01:37:08 : Group: JF: -
01:37:55 : Group: JF: estoy en dolina
01:38:16 : Group: Jose Luis: nos vemos en colina dubina
01:49:02 : Group: Jose Luis: jf compa estoy armando base con sandbags
01:51:54 : Group: JF: SE ME CORTO LA TRANMISION 
01:52:00 : Group: Jose Luis: si se fue el server
01:52:01 : Group: Jose Luis: ven
01:52:04 : Group: JF: YA VOLVI
01:52:47 : Group: JF: vos quedate ahi en el norte y yo aqui en el sur y los tenemos rodeados
01:52:47 : Group: Jose Luis: lo que me va a llover es balas
01:52:57 : Group: Jose Luis: oka
01:54:01 : Group: JF: yo estoy buscnndo una hubicacion 
01:54:14 : Group: Jose Luis: espero que te ubiques para empezar entonces?
01:55:11 : Group: JF: esta todo el campo minado
01:55:13 : Group: Jose Luis: cuando quieras compa
01:55:19 : Group: Jose Luis: si 
01:55:33 : Group: Jose Luis: pero cuando limpiemos estara vacio
01:55:41 : Group: Jose Luis: cuando me digas bajo una m2
01:56:22 : Group: JF: yo los tengo a 700 cuando queras empeza nomas
02:03:42 : Group: Jose Luis: reinicio cargadores
02:22:06 : Group: Jose Luis: caen mas
02:25:12 : Group: Jose Luis: las m2 estan fuera
02:30:13 : Group: Jose Luis: escucho disparos pero ni idea de a quien van
02:30:32 : Group: Jose Luis: bajalos si puedes porque yo estoy a pie
02:30:46 : Group: Jose Luis: el unico que esta en auto es nuestro compa y esta en un suv no un camion
02:33:15 : Group: Jose Luis: ya vi el camion
02:34:11 : Group: Jose Luis: avancemos loco
02:34:15 : Group: Jose Luis: o perderemos la mision
02:34:59 : Group: Jose Luis: el coche al que le disparaste quedo vacio?
02:36:14 : Group: Jose Luis: falta una m2 ya la bajo
02:36:52 : Group: Jose Luis: le di en la cabeza y no murio wtf
02:37:13 : Group: ChakalMDP: LLevaba casco :D
02:37:21 : Group: Jose Luis: jajajajaja
02:37:27 : Group: Jose Luis: ante todo la proteccion
02:37:47 : Group: Jose Luis: ahora si
02:37:52 : Group: ChakalMDP: Estoy llegando
02:38:15 : Group: Jose Luis: jf esta libre creo avancemos a ver
02:38:19 : Group: ChakalMDP: Quedo algo para matar?
02:38:40 : Group: Jose Luis: hijo de puta
02:39:34 : Group: ChakalMDP: Tienen Heli los bots?
02:39:46 : Group: ChakalMDP: OMG
02:40:47 : Group: ChakalMDP: Encontre tu spot Jose
02:41:19 : Group: ChakalMDP: JF, donde andan los enemigos?
02:42:07 : Group: ChakalMDP: Veo uno, a ver si lo bajo
02:43:36 : Group: ChakalMDP: Hay cuatro 
02:43:41 : Group: ChakalMDP: Se estan empezando a meter
02:43:46 : Group: ChakalMDP: Son survivors creo
02:43:58 : Group: ChakalMDP: No, bandidos
02:45:14 : Group: ChakalMDP: Quedan pócos
02:45:49 : Group: ChakalMDP: JF, vos lo podes invitar
02:47:09 : Group: ChakalMDP: No me apareces Jose
02:47:33 : Group: ChakalMDP: Veo un bot parado
02:47:56 : Group: ChakalMDP: Si jaja, Como estas vestido?
02:48:10 : Group: ChakalMDP: Ahora si te veo :P
02:48:19 : Group: Jose Luis: cubreme loco
02:48:37 : Group: ChakalMDP: Si señor!
02:49:18 : Group: ChakalMDP: Esta armado ese heli?
02:50:02 : Group: ChakalMDP: No veo nadie
02:50:13 : Group: Jose Luis: vamos a ver
02:50:29 : Group: ChakalMDP: Veni a mi posicion Jose, yo avanzo
02:52:20 : Group: Jose Luis: ahora o nunca compas
02:52:39 : Group: Jose Luis: te dispararon?
02:52:49 : Group: ChakalMDP: Voy!w
02:52:57 : Group: Jose Luis: ojo
02:52:59 : Group: Jose Luis: hay minas
02:53:01 : Group: Jose Luis: en coche no
02:53:14 : Group: ChakalMDP: Vieron los disparos?
02:53:50 : Group: Jose Luis: pero no tengo angulo pal jeep
02:54:00 : Group: Jose Luis: y ya quedan 7 minutos
02:54:04 : Group: ChakalMDP: Cuando avance con la camioneta me tiraron
02:54:11 : Group: ChakalMDP: Me bajaron
02:54:46 : Group: Jose Luis: wtf chakal que paso
02:55:16 : Group: Jose Luis: jf abortemos podriamos perderlo todo
02:55:56 : Group: Jose Luis: mierda
02:56:01 : Group: Jose Luis: quien me mato
03:06:36 : Group: JF: ni idea ja
03:06:43 : Group: JF: yo no la veo
03:07:29 : Group: Jose Luis: fue el hijo de puta de loser men
03:07:37 : Group: Jose Luis: yo no tenia ninguna suv cerca
03:07:43 : Group: Jose Luis: mis cosas deben de estar en ella
03:08:22 : Group: JF: pero yo no entiendo a que se meten si este server es pve no pvp
03:09:00 : Group: Jose Luis: me re joden estos jugadores
03:09:40 : Group: Jose Luis: jf puedes venir a mi posicion
03:10:16 : Group: JF: ahora veo si puedo llegar 
03:13:15 : Group: Jose Luis: definitivamente
03:13:19 : Group: Jose Luis: un bot no fue
03:13:42 : Group: Jose Luis: porque tambien se me llevaron el plot pole
03:14:10 : Group: JF: que lo pario che y para que lo tenias encima
03:14:24 : Group: Jose Luis: por eso te digo men ven xD
03:16:41 : Group: Jose Luis: jajaja te estas alejando loco en que vienes
03:17:38 : Group: JF: estoy rodeando por las dudas
03:17:50 : Group: Jose Luis: avisa si ves aun pj
03:19:01 : Group: Jose Luis: es un jugador va la madre
03:39:33 : Group: Jose Luis: puesp ara tener con que defenderme mientras lllego
03:40:04 : Group: Jose Luis: si
03:40:06 : Group: Jose Luis: vamos entonces
03:40:55 : Group: Jose Luis: hazte una bici
03:41:23 : Group: Jose Luis: si te montas antes de terminar se buguea
03:41:27 : Group: Jose Luis: solo espera que se termine
03:41:29 : Group: Jose Luis: vamos
03:45:23 : Group: Jose Luis: aca te espero
03:45:29 : Group: Jose Luis: buscare herramientas para ir por mis sand
13:24:29 : Group: Jose Luis: listo necesito hacer una mision
13:24:33 : Group: Jose Luis: me acompañan?
13:25:44 : Group: Jose Luis: la bandit base es muy dura si la haces solo
13:25:52 : Group: Jose Luis: ayer tarde limpiando 40 minutos
13:26:11 : Group: NightdeadBCE: te acompañamos
13:26:17 : Group: Jose Luis: si puedes traeme balas de mk17
13:26:17 : Group: NightdeadBCE: yo tarde 15 minutos :v
13:26:30 : Group: NightdeadBCE: cuales era mk17?
13:26:52 : Group: Jose Luis: las vende el de en medio del comercio
13:26:57 : Group: Jose Luis: traeme unas 5 aca te las pago
13:27:08 : Group: NightdeadBCE: pero no tengo moneyt
13:27:10 : Group: NightdeadBCE: ;_C
13:27:17 : Group: Jose Luis: no cuestan mucho
13:27:31 : Group: NightdeadBCE: pero
13:27:33 : Group: NightdeadBCE: cuial es
13:27:34 : Group: NightdeadBCE: nose
13:27:37 : Group: NightdeadBCE: como era
13:27:47 : Group: Jose Luis: un cartucho dorado dice mk17
13:32:04 : Group: Jose Luis: maldita seaaaaaa
13:32:22 : Group: Jose Luis: se me rompe la jodida palancaaaa
13:32:36 : Group: Jose Luis: si puedes traeme 2 me cago en todo
13:32:57 : Group: NightdeadBCE: no tengo tanto dinero.
13:33:12 : Group: Jose Luis: cuanto tenes
13:33:17 : Group: NightdeadBCE: 1500
13:33:25 : Group: Jose Luis: con eso alcanza
13:33:26 : Group: NightdeadBCE: perdi unos 24 el otro dia
13:33:28 : Group: NightdeadBCE: y nojuego
13:33:36 : Group: NightdeadBCE: asi que estoy guardando.
13:33:56 : Group: Jose Luis: pero si te los voy a pagar
13:34:04 : Group: Jose Luis: ando con 112.000 en el bolsillo
13:34:10 : Group: NightdeadBCE: nisiquiera se lo que quieres
13:34:22 : Group: NightdeadBCE: traeme 2
13:34:24 : Group: NightdeadBCE: pero que cosa 2 ?
13:34:29 : Group: Jose Luis: alanca
13:34:33 : Group: Jose Luis: palanca
13:42:28 : Group: NightdeadBCE: pero tienes 26 cargadores de mk17 para qe me pediste...
13:42:42 : Group: Jose Luis: no esos son para los sd
13:42:56 : Group: Jose Luis: es que en el coche negro que ves al lado tengo la sd
13:43:05 : Group: NightdeadBCE: ok :x
13:43:17 : Group: Jose Luis: voy por mis sand
13:43:32 : Group: NightdeadBCE: igual
13:43:35 : Group: NightdeadBCE: se fue la misio n:v
13:43:37 : Group: Jose Luis: vamos a mision entonces
13:43:41 : Group: Jose Luis: hay otr
13:44:17 : Group: Jose Luis: la ves?
13:44:24 : Group: Jose Luis: cuantote debo loco
13:44:26 : Group: NightdeadBCE: si
13:44:31 : Group: NightdeadBCE: voy a guardar cosas
13:54:25 : Group: NightdeadBCE: donde se compra tu ural.
13:54:39 : Group: Jose Luis: ahi mismo donde yo te compre tu coche papu
13:54:48 : Group: NightdeadBCE: me dice you could not buyu these item bcause the contaier lack space to hold them
13:55:04 : Group: Jose Luis: tienes que tener espacios en la herramientas
14:06:18 : Group: Jose Luis: no te salgas del grupo weba
14:06:24 : Group: Jose Luis: ve mrk
14:06:30 : Group: santiago: YO NO E ECHO NADA
14:06:31 : Group: Jose Luis: tenes vehiculo para que vayamos por mi suv o q
14:06:44 : Group: santiago: MAS BN DIGAME DE DONDE SACO EL POZO
14:06:51 : Group: Jose Luis: lo hice pana
14:06:57 : Group: Jose Luis: venga vamos por mi carro
14:07:05 : Group: Jose Luis: ustd lo trae
14:07:11 : Group: santiago: COMO
14:07:23 : Group: Jose Luis: veni ps
14:07:26 : Group: Jose Luis: con la pala
14:07:29 : Group: Jose Luis: click segundario
14:07:36 : Group: Jose Luis: necesitas ladrilos madera cemento 
14:07:42 : Group: santiago: NESITO Q ME HAGA UNO O Q ME DE CLAVE PA UNA DE ESAS PUERTAS PA YO ENTRAR A CARGAr
14:07:53 : Group: Jose Luis: jajajaja listo
14:07:58 : Group: Jose Luis: si no va a robar de una
14:08:02 : Group: Jose Luis: veni ps
14:08:07 : Group: santiago: obvio q no
14:09:00 : Group: Jose Luis: ay jueputaaa
14:09:01 : Group: santiago: y q sea una desas traseras esa base sulldddddddddddddddddddddddddddddddddddddddd
15:16:15 : Group: Jose Luis: PANA
15:16:45 : Group: Jose Luis: TOME
15:16:48 : Group: Jose Luis: VAMOS POR MI CARRO
15:16:53 : Group: santiago: pana
15:16:59 : Group: Jose Luis: que paso
15:17:09 : Group: santiago: ok
15:17:15 : Group: Jose Luis: veni agarra tu agua
15:17:24 : Group: Jose Luis: hay 4 tarros
15:17:41 : Group: santiago: ya las cogi del almacen por eso le deje esas ahi
15:17:46 : Group: Jose Luis: bn
15:17:52 : Group: Jose Luis: vamos a tu casa
15:18:20 : Group: santiago: esa es la clave q nesesito
15:18:23 : Group: Jose Luis: veni
15:18:26 : Group: Jose Luis: 298
15:18:36 : Group: santiago: r
15:18:45 : Group: Jose Luis: tengo una mk sd tambien
15:18:58 : Group: Jose Luis: lo malo es que es un franco de 300 de distancia
15:19:35 : Group: Jose Luis: hagamosle una puerta a esta mierda webon
15:19:41 : Group: Jose Luis: ahi tenes tu plot al menos no te robaron
15:20:26 : Group: Jose Luis: como te di la clave entonces solo te hare la bodega
15:20:30 : Group: Jose Luis: y hagamos una puta puerta ome
15:20:46 : Group: Jose Luis: pana venga ps maneje
15:20:49 : Group: santiago: r
15:20:51 : Group: Jose Luis: abra ps 
15:20:54 : Group: Jose Luis: la moto
15:20:58 : Group: santiago: nos vamos en la cuatri?
15:21:05 : Group: Jose Luis: si veni
15:21:09 : Group: Jose Luis: y te dejo manejar mi carro
15:21:12 : Group: Jose Luis: se que te va a gusstar
15:21:41 : Group: santiago: la llave las guardo cuando voy a salir con ud 
15:21:49 : Group: santiago: va tocar guardar todo
15:21:50 : Group: Jose Luis: porque sera? xD
15:22:45 : Group: Jose Luis: veni ps
15:23:12 : Group: Jose Luis: montate ome so bobo
15:23:21 : Group: santiago: no nos vas a matar si?
15:23:49 : Group: Jose Luis: maneja vos
15:24:00 : Group: santiago: nono 
15:24:33 : Group: santiago: como se pone el casco
15:24:40 : Group: Jose Luis: bobote
15:24:44 : Group: santiago: aajaj
15:25:04 : Group: santiago: uyyyyy
15:25:06 : Group: Jose Luis: uy que paso
15:25:25 : Group: Jose Luis: jajajajaja vida hpta
15:25:49 : Group: Jose Luis: pana estoy dentro del arbol
15:25:57 : Group: Jose Luis: mirame omeee
15:26:21 : Group: santiago: cual mirame si estoy herido
15:26:23 : Group: Jose Luis: pana voy a morir jajajaajajajajjaajajajaja
15:26:30 : Group: Jose Luis: que putas paso
15:26:33 : Group: Jose Luis: jajajajaja
15:26:51 : Group: Jose Luis: jajaja curame
15:26:54 : Group: Jose Luis: poneme una blood
15:26:56 : Group: Jose Luis: jajajaaj
15:27:27 : Group: Jose Luis: pana que putas pasa ome
15:27:47 : Group: Jose Luis: veni poneme una blof que no tengo
15:27:49 : Group: santiago: me toco cargarlo
15:28:11 : Group: Jose Luis: haceme una transfusion que tengo 3000 de sangre
15:28:22 : Group: santiago: espere si solo tengo una mierda y 3111
15:28:30 : Group: Jose Luis: ya tengo 
15:28:49 : Group: santiago: si me la cogiste
15:28:57 : Group: Jose Luis: te la hare a ti
15:28:59 : Group: santiago: perra
15:29:23 : Group: Jose Luis: tenes blood en tu casa?
15:29:25 : Group: santiago: que le pso a la cuatri
15:29:39 : Group: Jose Luis: no tiene llanta
15:29:39 : Group: santiago: ud si tiene en la carpa
15:30:18 : Group: Jose Luis: ADMIN
15:30:37 : Group: santiago: dañaste las dos llantas
15:30:50 : Group: Jose Luis: YA LLEVO
15:31:31 : Group: santiago: y metal
15:31:37 : Group: Jose Luis: PARA Q
15:32:46 : Group: santiago: mierd el tanque se daño y carrosera ud es q no sabe manejar nada a lo bn
15:33:31 : Group: Jose Luis: JAAJAJAJAJAJA
15:33:54 : Group: santiago: NOS CHOCAMOS A 20 M DE LA CASA NO JODAS
15:34:15 : Group: Jose Luis: PANA NO TENGO BLOOD
15:34:47 : Group: santiago: PANA ARRIBA EN LA CARPA DE MI CAMBUCHE PERO REVISE EN MI BODEGA PROMERO
15:35:08 : Group: Jose Luis: OK
15:35:17 : Group: santiago: ;)
15:35:51 : Group: Jose Luis: QUE TANTO LLEVO
15:35:56 : Group: Jose Luis: MEJOR VENI CAMOS EN MI CAMION
15:36:03 : Group: santiago: Y SI NO ME AVISA Q YO SE Q EN EL CARRO FIJO AHI PERO LA LLAVE ESTA EN LA BODEGA
15:37:34 : Group: santiago: PA Q CAMION Y LA CUATRI ME VA REGALAR OTRA O Q
15:37:34 : Group: Jose Luis: UFFFF CASI QUE NO
15:38:22 : Group: Jose Luis: QUE TANTO NECESITA
15:46:23 : Group: Jose Luis: AHI LE PONGO UNA LLANTA
15:46:27 : Group: Jose Luis: NECESITAMOS METAL
15:46:44 : Group: santiago: A YO LE DIJE
15:46:49 : Group: Jose Luis: MARICA
15:46:53 : Group: Jose Luis: VAMOS A MI BASE SUBI
15:47:20 : Group: Jose Luis: PANA USTED TIENE LA CABEZA RAJADA
15:47:48 : Group: santiago: COMO Q RAJADA
15:47:53 : Group: Jose Luis: AHI LE MANDE FOTO
15:48:11 : Group: Jose Luis: VAMOS A MI BASE YO SACO EL ORO Y LISTO VAMOS A ARREGAR ESTA JODA
15:48:49 : Group: Jose Luis: HOLA JUAN
15:48:52 : Group: Jose Luis: MENOS MAL APARECISTE
15:48:59 : Group: Jose Luis: HE DEJADO VARIOS MENSAJES AL GRUPO DE FACEBOOK
15:52:40 : Group: santiago: Y DIGA Q EL CHOPER SE DESPARAECIO CUANDO UD SE MONTO
15:53:02 : Group: Jose Luis: .
15:57:53 : Group: santiago: NOS CALLERON MARICA
15:58:38 : Group: santiago: NO TENGO NI PUTA IDEA
15:58:56 : Group: santiago: DE DONDE SIEMPRE MAS ABAJO DE LA CALLE
16:35:18 : Group: Jose Luis: listo
16:39:27 : Group: Jose Luis: vamos ps
16:40:39 : Group: santiago: y ojo con ese hp de nahgit q es traicionero
16:40:49 : Group: Jose Luis: xq
16:41:16 : Group: santiago: yo se por q le digo
16:41:27 : Group: Jose Luis: q te hizo
16:41:50 : Group: santiago: ese man fue el amigo q me robo por eso no decia nada hp
16:42:05 : Group: Jose Luis: pero si ese es nuevo en el server
16:42:31 : Group: santiago: no le hable a ese perro hp
16:43:08 : Group: santiago: jose pa donde vas home
16:43:57 : Group: Jose Luis: si ves el no es
16:44:00 : Group: santiago: joseee
16:44:07 : Group: santiago: mira el mapa
16:44:18 : Group: Jose Luis: si por eso pare aque
16:44:31 : Group: Jose Luis: ya desaparecio
16:45:47 : Group: santiago: como q no
16:46:08 : Group: Jose Luis: vamos a mercdo sant
16:46:30 : Group: Jose Luis: santiago
16:46:38 : Group: Jose Luis: vas a matar ese z con el coche?
16:48:59 : Group: Jose Luis: O USTED VERA SI DEJA SU CUATRI EN BASE Y VAMOS EN MI CAMIONETA
16:49:20 : Group: santiago: la dejamos en la bomba
16:49:26 : Group: Jose Luis: BN
16:54:32 : Group: santiago: joweeeeeeeeeeeeeeeeeeeee
16:55:19 : Group: santiago: listo
16:55:33 : Group: Jose Luis: donde estas
16:55:37 : Group: santiago: me cambuie de puesto y se quebro el culño
16:56:08 : Group: Jose Luis: severa locaw
16:56:19 : Group: Jose Luis: invita a mario
16:56:28 : Group: santiago: r
16:58:08 : Group: Jose Luis: llevo las sand?
16:58:54 : Group: Jose Luis: cuales
16:59:09 : Group: Jose Luis: bajate sant
16:59:50 : Group: Jose Luis: eso las compra el de mis 12
17:04:31 : Group: Jose Luis: llevo las sand?
17:06:50 : Group: santiago: y esas armas q
17:06:59 : Group: Jose Luis: SUBETE RAPIDO
17:07:01 : Group: Jose Luis: SANTIAGO
17:07:06 : Group: [DMN]-Mario: vendelas si podes
17:07:34 : Group: Jose Luis: TE CREERE QUE SOS UN GRAN PILOTO
17:07:40 : Group: Jose Luis: TRAJE EL PLOT Y LA SAND PARA QUE HAGAMOS FUETE
17:07:42 : Group: Jose Luis: FUERTE
17:08:04 : Group: Jose Luis: SI VES UNA LARGE GUNBAG ME LA DAS 
17:08:12 : Group: [DMN]-Mario: ok
17:08:35 : Group: [DMN]-Mario: en heli ay mochi
17:08:43 : Group: Jose Luis: POQUE NO VENDES LAS CARGAS CONCENTRADAS
17:09:00 : Group: Jose Luis: NAA PERO TENES LAS NORMALES BACKPACK
17:09:28 : Group: [DMN]-Mario: las large tienen 50espacios
17:09:38 : Group: Jose Luis: SI
17:09:39 : Group: [DMN]-Mario: 60
17:09:43 : Group: Jose Luis: 60
17:09:49 : Group: [DMN]-Mario: y coyote 50
17:09:57 : Group: Jose Luis: OYE HAGAMONOS EN COLINA 334
17:10:01 : Group: Jose Luis: NO TE PARECE?
17:10:17 : Group: [DMN]-Mario: ok
17:10:43 : Group: [DMN]-Mario: naaaa
17:10:55 : Group: Jose Luis: SOLO PODEMOS GUARDAR 3 ARMAS AQUI
17:10:58 : Group: [DMN]-Mario: desaparecio
17:10:58 : Group: Jose Luis: QUE LASTIMA
17:11:03 : Group: santiago: OJO PS NOS MATAMOS QUE YA LO VOY A PRENDER
17:11:12 : Group: Jose Luis: VAMOS A COMUNA HIPPIE
17:11:14 : Group: [DMN]-Mario: por eso llevo varias mochilas
17:11:17 : Group: Jose Luis: OJO PASAMOS POR CHARLIE
17:11:28 : Group: Jose Luis: QUE NOS DISPARAN
17:12:25 : Group: Jose Luis: ESPERAMOS MISION AHI EN ZONA SEGURA Y LISTO
17:12:30 : Group: Jose Luis: OJALA NO SEA MUY PEGADA AL RESTART
17:12:40 : Group: Jose Luis: HABLE CON EL ADMIN HOY Y LE COMENTE EL CASO TUYO QUE PERDISTE TUS COSAS 
17:12:51 : Group: Jose Luis: A MI ME DEVOLVIERON LO DE LA MOCHILA BUENO NO TODO PERO QUE ESO NO ES CULPA DE ELLOS
17:13:05 : Group: santiago: ESE BOBO NO SIVRE PA PUTA MIERDA
17:14:12 : Group: [DMN]-Mario: aca venden cigarros jaja
17:14:33 : Group: Jose Luis: DAME YERBA LOCO
17:15:04 : Group: Jose Luis: BURLAP
17:15:06 : Group: Jose Luis: Xd
17:15:21 : Group: Jose Luis: VAMOS VAMOS VAMOS
17:15:27 : Group: [DMN]-Mario: -
17:15:32 : Group: Jose Luis: ESTA AQUI NOMAS
17:15:33 : Group: Jose Luis: JAJAJAAJAJAJAA
17:15:37 : Group: [DMN]-Mario: estan aca a lado
17:15:57 : Group: Jose Luis: DEJA LES ARMO EL LIO CON LAS SAND
17:16:40 : Group: Jose Luis: veni mario
17:17:18 : Group: Jose Luis: no dispares que ya les armo base
17:17:24 : Group: santiago: DESAPARECIO MI M4
17:17:58 : Group: Jose Luis: vamos que vamos espera pongo una grande
17:18:24 : Group: Jose Luis: hazte aca conmigo mario
17:18:33 : Group: Jose Luis: a que disancia estan
17:19:21 : Group: Jose Luis: listo nomas digan
17:19:36 : Group: Jose Luis: e doy al de la izquierda a la m2
17:19:42 : Group: [DMN]-Mario: 500metros
17:19:46 : Group: Jose Luis: listo?
17:19:54 : Group: Jose Luis: ya o q
17:20:20 : Group: santiago: MUCHACHOS BORRE LA M4
17:21:00 : Group: santiago: ACA VENDEN ARMAS?
17:21:32 : Group: Jose Luis: no santiago
17:21:37 : Group: Jose Luis: son hippies xD
17:21:51 : Group: [DMN]-Mario: agarra de los bots ya esta
17:22:20 : Group: Jose Luis: creo que ya esta
17:22:30 : Group: Jose Luis: cuantos bajaste
17:22:48 : Group: [DMN]-Mario: tengo 5
17:22:55 : Group: Jose Luis: yo 7
17:23:08 : Group: Jose Luis: entonces deben faltar al menos 2
17:23:09 : Group: santiago: ALGUNO TIENE M4W
17:23:15 : Group: [DMN]-Mario: casi siempre son 18
17:23:50 : Group: [DMN]-Mario: ay que acercarse despacio
17:23:50 : Group: Jose Luis: no se si detras de caja hayan
17:23:56 : Group: Jose Luis: alcanzas a ver?
17:24:18 : Group: [DMN]-Mario: veo pero no se mueve nadie
17:24:32 : Group: Jose Luis: avanzamos?
17:24:47 : Group: [DMN]-Mario: cubranme
17:24:56 : Group: Jose Luis: ok
17:25:50 : Group: Jose Luis: si ves algo activa el micro
17:26:44 : Group: Jose Luis: yo tengo la vista a 1500 y el bosque de atras esta vacio
17:27:29 : Group: santiago: MARIO SI VES ALGUNA M4 ME AVISAS
17:27:38 : Group: Jose Luis: ahora vamos para aia
17:27:47 : Group: santiago: OK
17:27:49 : Group: Jose Luis: dejaste el heli abierto?
17:27:53 : Group: [DMN]-Mario: listo
17:27:55 : Group: Jose Luis: avanza santiago ve
17:27:58 : Group: [DMN]-Mario: si
17:28:06 : Group: Jose Luis: vienes por el o lo llevo?
17:28:15 : Group: [DMN]-Mario: traelo
17:28:22 : Group: Jose Luis: ok
17:28:43 : Group: Jose Luis: recuerda una largue para mi
17:29:02 : Group: [DMN]-Mario: aqui ay una
17:29:11 : Group: Jose Luis: santiago quedate con una m4 el resto lo vendemos ok
17:29:12 : Group: santiago: ?
17:29:25 : Group: santiago: RW
17:30:46 : Group: santiago: LISTO GRACIAS YA LÑA ENCONTRE
17:30:54 : Group: santiago: LA MISMA
17:31:30 : Group: Jose Luis: sera que si dejo mi backpag se cae¡
17:31:35 : Group: Jose Luis: se desaparece
17:31:50 : Group: [DMN]-Mario: dejala en heli
17:31:59 : Group: Jose Luis: pero se confunde con las otras loco
17:32:03 : Group: Jose Luis: es para cambiar las cosas
17:32:16 : Group: [DMN]-Mario: despues la buscas 
17:32:30 : Group: Jose Luis: santago esa era la largue
17:32:31 : Group: Jose Luis: mia
17:32:33 : Group: [DMN]-Mario: o dejas las cosa en la caja
17:33:02 : Group: santiago: ?
17:33:11 : Group: Jose Luis: -confuare en que no se buguea el juego
17:33:36 : Group: santiago: NO EL MALETIN NO LO E VISTO SI VES OTRO DAMELO TAMBN
17:34:51 : Group: Jose Luis: santiago aca hay una pala para plot y un telemetro
17:35:33 : Group: Jose Luis: mete las armas que puedas en el maletin santiago para venderlas luego
17:35:45 : Group: Jose Luis: tengo ganas de comprar un helicoptero de carga
17:35:48 : Group: santiago: NO ME CABE NADA MAS
17:36:07 : Group: santiago: EL ARMA Q ME DIO AQUEL Y LA MUNICION Y LO Q LLEVO PA LA BASE
17:37:01 : Group: santiago: VES ALGUN MALETIN COMO EL TUYO
17:37:07 : Group: Jose Luis: no veo
17:38:19 : Group: Jose Luis: voy por carne de cordero
17:38:33 : Group: [DMN]-Mario: faltan 20
17:39:01 : Group: Jose Luis: subete santiago
17:39:04 : Group: Jose Luis: vamonos
17:39:09 : Group: Jose Luis: que al parecer hay soldados
17:39:18 : Group: Jose Luis: vamonos loco que escuche disparos aparte de los tuyos
17:39:35 : Group: [DMN]-Mario: otra mision
17:39:44 : Group: Jose Luis: pero ya sin tiempo
17:40:05 : Group: Jose Luis: como quieras si quieres hacerla dale
17:40:13 : Group: santiago: PS MIENTRAS VAN A VENDER Y EPERAMOS EL RESTART
17:40:17 : Group: [DMN]-Mario: no por los disparos
17:40:24 : Group: Jose Luis: ahh ok
17:40:41 : Group: Jose Luis: santiago hijo mio
17:40:56 : Group: santiago: Q
17:40:56 : Group: Jose Luis: cuantas arma recogiste
17:41:03 : Group: santiago: LA MIA
17:41:05 : Group: Jose Luis: señor xD
17:41:06 : Group: santiago: AJAJA
17:41:15 : Group: Jose Luis: pero si podias cargar mas locota webon
17:41:23 : Group: Jose Luis: este man no sabe lo q es loot
17:41:31 : Group: [DMN]-Mario: jaja
17:41:32 : Group: santiago: NO HOME NO TENGO ESPACIO
17:41:33 : Group: Jose Luis: acaso tenes una mochila de las pequeñas
17:41:42 : Group: Jose Luis: que tenes en esa mochila
17:41:45 : Group: [DMN]-Mario: tenes que sacarles hasta las botas
17:41:46 : Group: santiago: SI
17:42:01 : Group: Jose Luis: que tenes en la mochila
17:42:03 : Group: Jose Luis: fijo pendejadas
17:42:16 : Group: Jose Luis: jajajaaj
17:42:17 : Group: santiago: -FUK U
17:42:33 : Group: Jose Luis: no pana la proxima vea agarra lo mas que pueda de armas que esa es la recompensa
17:42:34 : Group: santiago: SALIR CON UD TOCA LLEVAR 10 BLOOD 
17:42:45 : Group: Jose Luis: jajajaajajajajaja 10 blood llevaste?
17:42:58 : Group: Jose Luis: ey mario
17:43:05 : Group: Jose Luis: y si nos compramos un heli de carga?
17:43:06 : Group: [DMN]-Mario: eu
17:43:11 : Group: santiago: MENTIRAS PERO PRACTICAMENTE ASI ME PREPARO PA SALIR CON UD 
17:43:31 : Group: [DMN]-Mario: vemos
17:43:41 : Group: Jose Luis: voy a ver cuanto cuesta
17:43:54 : Group: Jose Luis: si algo me llevas a mi base retiro del cajero electronico y compramos
17:44:49 : Group: santiago: ESO Y ME PRESTA 20.000
17:45:00 : Group: Jose Luis: ya te di 50.000 loco
17:45:17 : Group: Jose Luis: mario las vendo yo o tu?
17:45:23 : Group: [DMN]-Mario: jaja
17:45:58 : Group: Jose Luis: tengo en este momento 73436 ya les digo cuanto ganamos
17:47:42 : Group: Jose Luis: con lo que vendi hice 26500
17:47:56 : Group: Jose Luis: nos toca de 8833
17:48:20 : Group: Jose Luis: quieo santiago
17:48:44 : Group: santiago: YO TAMBN TE QIERO
17:48:54 : Group: Jose Luis: quieto mario
17:48:58 : Group: [DMN]-Mario: para
17:49:11 : Group: Jose Luis: ahi parti lo que agarre yo
17:49:12 : Group: [DMN]-Mario: yo hice 160mil en la venta
17:50:02 : Group: santiago: Q AHI PA MI
17:50:05 : Group: santiago: ?
17:50:09 : Group: Jose Luis: ya le di su parte santiago
17:50:27 : Group: [DMN]-Mario: y yo que hago tengo 160mil
17:50:28 : Group: santiago: 2000?
17:50:30 : Group: Jose Luis: dividi entre 3 lo que vendi
17:50:34 : Group: Jose Luis: te di 8833
17:50:46 : Group: Jose Luis: pues como veas justo repartirlo
17:50:58 : Group: Jose Luis: si uno aporta menos se gana menos claro esta
17:51:05 : Group: [DMN]-Mario: le doy 50mil a cada uno
17:51:09 : Group: Jose Luis: o como lo veas
17:51:14 : Group: santiago: Q VA ME ESTA VACUNANDO O Q
17:51:15 : Group: Jose Luis: como quieras compa
17:51:27 : Group: Jose Luis: le estamos dando plata antes santiago 
17:51:31 : Group: Jose Luis: gracias
17:51:40 : Group: santiago: GRACIAS
17:52:06 : Group: Jose Luis:  mas grande cuesta 500.000
17:52:10 : Group: Jose Luis: sera que lo compro?
17:52:11 : Group: [DMN]-Mario: nos vemos despues de restar
17:52:17 : Group: Jose Luis: dale mario
17:52:28 : Group: Jose Luis: te esperamos aqui en merado
17:52:31 : Group: Jose Luis: mercado
17:55:58 : Group: santiago: JOSE
17:56:06 : Group: Jose Luis: que pasa
17:56:24 : Group: santiago: DONDE ESTAS
17:56:35 : Group: Jose Luis: afuera de mercado
17:56:41 : Group: Jose Luis: me voy a salir para esperar restart
17:56:51 : Group: santiago: R
18:43:51 : Group: Jose Luis: ya esta
18:44:32 : Group: Jose Luis: listo mario yo creo que llegamos rapido en coche
18:44:41 : Group: Jose Luis: me queda espacio para 25 armas 
18:47:00 : Group: Jose Luis: me indicas el camino porfa
18:47:32 : Group: [DMN]-Mario: dale derecho por esa calle
18:47:49 : Group: [DMN]-Mario: mas a la derecha
18:48:07 : Group: [DMN]-Mario: mas
18:49:16 : Group: [DMN]-Mario: dale derecho y no te desvies del camino
18:50:34 : Group: [DMN]-Mario: no
18:50:43 : Group: [DMN]-Mario: derecho
18:51:54 : Group: [DMN]-Mario: en la que viene izquierda
18:52:21 : Group: Jose Luis: buena gps
18:52:46 : Group: Jose Luis: ya escogiste punto para tiro
18:52:49 : Group: [DMN]-Mario: dale
18:53:01 : Group: [DMN]-Mario: ahora derecha
18:53:56 : Group: [DMN]-Mario: sali del camino po la derecha
18:54:22 : Group: [DMN]-Mario: bien todo derecho
18:55:39 : Group: [DMN]-Mario: aca
18:55:49 : Group: [DMN]-Mario: estamos a mil metros
18:55:50 : Group: Jose Luis: llevo plot
18:57:05 : Group: Jose Luis: de aca no veo nada
18:57:07 : Group: [DMN]-Mario: estan del otro lado de la montaña
18:58:09 : Group: Jose Luis: avancemos entonces
18:58:17 : Group: [DMN]-Mario: vamos para el punto 391
18:58:33 : Group: Jose Luis: dale
18:58:45 : Group: Azrael1x: caimos del lado equivocado XD
18:58:53 : Group: [DMN]-Mario: jaja
18:59:02 : Group: Jose Luis: si xD
18:59:53 : Group: [DMN]-Mario: trata de ir por atras de la montaña
19:00:26 : Group: [DMN]-Mario: me parece que estan en stary
19:00:38 : Group: Azrael1x: hay ua construccion que viene de 10 aca
19:00:50 : Group: [DMN]-Mario: lo ves
19:01:48 : Group: Azrael1x: tampoco se ve de aca
19:02:12 : Group: Jose Luis: UMMM
19:02:19 : Group: Jose Luis: MIREN EL PUNTO QUE LES MAQUE
19:02:42 : Group: Jose Luis: O DISPARAMOS DESDE CARRETERA DE NOVT
19:02:44 : Group: [DMN]-Mario: ahi voy
19:05:15 : Group: Jose Luis: NO 
19:05:31 : Group: Jose Luis: METAMONOS A LO  BESTIA 
19:05:35 : Group: [DMN]-Mario: de aca si
19:05:48 : Group: [DMN]-Mario: 400metros
19:06:22 : Group: [DMN]-Mario: abajo metralla
19:07:19 : Group: Jose Luis: PONDRE SAND
19:08:50 : Group: Jose Luis: TENES VISION AZRA?
19:08:59 : Group: Azrael1x: casi nada
19:10:19 : Group: Azrael1x: callo la otra metra
19:10:36 : Group: Jose Luis: tenes el poder de ver detras de las plantas o q
19:10:51 : Group: Azrael1x: por lo agujeritos XD
19:12:55 : Group: Jose Luis: 1 menos
19:13:13 : Group: [DMN]-Mario: yo tengo 4menos
19:15:48 : Group: [DMN]-Mario: ojo con las minas
19:16:17 : Group: Jose Luis: llamaron a mi puerta que pena
19:16:49 : Group: Azrael1x: veo 3
19:17:28 : Group: Azrael1x: 3 menos
19:18:07 : Group: Azrael1x: parece limpio no?
19:18:18 : Group: [DMN]-Mario: me acerco
19:18:42 : Group: Jose Luis: avancemos
19:19:05 : Group: Jose Luis: voy por eel coche
19:21:23 : Group: [DMN]-Mario: no veo bueno el premio
19:21:36 : Group: Jose Luis: q es
19:21:52 : Group: [DMN]-Mario: nada cambas
19:21:58 : Group: Jose Luis: no jodas
19:22:03 : Group: Azrael1x: la verdad que se cobra mas llevando las armas de los boot jaja
19:22:04 : Group: [DMN]-Mario: un par de armas y comida
19:22:13 : Group: [DMN]-Mario: si jaja
19:22:34 : Group: Jose Luis: aqui dejo elcoche
19:26:29 : Group: [DMN]-Mario: vamos al mercado
19:26:41 : Group: Jose Luis: conduce tu mario
19:27:08 : Group: [DMN]-Mario: azra?
19:27:41 : Group: [DMN]-Mario: vamos azra
19:27:58 : Group: Jose Luis: vamos mario
19:28:06 : Group: Jose Luis: ustedes vendan
19:28:07 : Group: [DMN]-Mario: jaja te corren
19:28:27 : Group: Azrael1x: ME DEJAN EN CAMPO VIEJO QUE AHI TENGO LA VOD?
19:28:33 : Group: Azrael1x: XDD
19:28:41 : Group: Jose Luis: naa llevalo a tienda xD
19:28:52 : Group: [DMN]-Mario: me echo
19:28:57 : Group: Jose Luis: yo ya vengo dejan mi parte en el coche
19:29:03 : Group: Azrael1x: esta de pasada
19:29:04 : Group: [DMN]-Mario: volvi
19:29:26 : Group: Azrael1x: nos salio una roja re cerca ojo
19:30:01 : Group: [DMN]-Mario: que hacemos
19:30:10 : Group: Jose Luis: ustedes diran
19:30:11 : Group: Azrael1x: le damos no?
19:30:24 : Group: [DMN]-Mario: vamos a darles
19:30:28 : Group: Jose Luis: yo me ire a dar un baño xD
19:30:37 : Group: Jose Luis: me quedo aqui en el coche para que lo lleves mario
19:30:56 : Group: [DMN]-Mario: maten al zombi
19:31:32 : Group: Jose Luis: si quieren usen la metralleta del coche
19:31:37 : Group: Jose Luis: ahi tengo las balas
19:32:02 : Group: [DMN]-Mario: vamos por atras
19:32:09 : Group: Azrael1x: dale te sigo
19:32:34 : Group: Jose Luis: yo me quedo aca no me vayan a dejar tirado
19:32:54 : Group: Azrael1x: lockea el auto y desconecta si no
19:33:30 : Group: Jose Luis: y que hacemos con lo que tengo aca
19:34:13 : Group: [DMN]-Mario: ay uno que esta en mercado que traiga un camion
19:34:30 : Group: Azrael1x: yo aca a mil metros tengo la vodnik
19:35:07 : Group: [DMN]-Mario: de al casa donde estabas oy tenemoas tiro seguro
19:35:24 : Group: Azrael1x: vamos para ahi
19:36:53 : Group: Azrael1x: no me acuerdo donde estaba jaja
19:38:09 : Group: [DMN]-Mario: de aqui 700metros
19:38:17 : Group: Azrael1x: joya
19:38:44 : Group: [DMN]-Mario: para vehiculo con metralla
19:38:52 : Group: Azrael1x: si 900 mts
19:39:08 : Group: [DMN]-Mario: dale al artillero
19:39:24 : Group: Azrael1x: listo
19:39:52 : Group: [DMN]-Mario: desmayado
19:40:04 : Group: [DMN]-Mario: epinefrina
19:40:20 : Group: Azrael1x: no tengo eso,te vendo
19:40:27 : Group: [DMN]-Mario: dale
19:41:00 : Group: [DMN]-Mario: estoy quebrado tambien
19:42:22 : Group: [DMN]-Mario: cubrite
19:42:33 : Group: Azrael1x: lo explote
19:42:42 : Group: [DMN]-Mario: lo vi jaja
19:42:55 : Group: [DMN]-Mario: es poderosa la sa50
19:43:08 : Group: Azrael1x: alto cañon jaja
19:43:50 : Group: [DMN]-Mario: no pierdas de vista a los bots
19:45:35 : Group: [DMN]-Mario: guarda son dos con esa arma
19:48:35 : Group: [DMN]-Mario: necesito painkiller
19:50:19 : Group: Azrael1x: me acerco,cuidenme la cola
19:50:29 : Group: [DMN]-Mario: jaja dale
19:55:46 : Group: [DMN]-Mario: guarda falta alguno nose borra
19:55:57 : Group: [DMN]-Mario: ahi esta
19:57:02 : Group: Azrael1x: voy a buscar la vod a 1000 mts
19:57:08 : Group: [DMN]-Mario: busca el vodnik
20:02:10 : Group: [DMN]-Mario: un bots
20:02:37 : Group: Azrael1x: ojo que no sea rabbit
20:03:06 : Group: [DMN]-Mario: era
20:03:10 : Group: [DMN]-Mario: jajaja
20:03:13 : Group: Azrael1x: era rabbit jaja
20:03:25 : Group: [DMN]-Mario: en la cabeza le pegue
20:03:52 : Group: [DMN]-Mario: no aparecia en el grupo
20:04:06 : Group: [DMN]-Mario: refurezos
20:04:35 : Group: [DMN]-Mario: perdon rabbit
20:04:43 : Group: [T1ER]rabbit: te puse soy yo
20:04:54 : Group: [DMN]-Mario: no aparecias en el grupo y pense que eras un bots perdido
20:05:03 : Group: [DMN]-Mario: no salio
20:07:16 : Group: Azrael1x: y ese helii??
20:07:47 : Group: [DMN]-Mario: pueden sr refuerzos guarda
20:07:47 : Group: Azrael1x: boots
20:07:52 : Group: [DMN]-Mario: si
20:09:59 : Group: Azrael1x: cuidado entra
20:10:24 : Group: [DMN]-Mario: tenes sangre
20:10:28 : Group: Azrael1x: sip
20:11:41 : Group: Azrael1x: rabbit esdta en la suv negra
20:13:22 : Group: [DMN]-Mario: vuelve
20:14:58 : Group: [DMN]-Mario: vuelve
20:15:42 : Group: [DMN]-Mario: ay que darle al piloto
20:16:12 : Group: Azrael1x: .yo no le doy ni a palos jaja
20:19:24 : Group: Azrael1x: arranco pa mercado
20:19:51 : Group: [DMN]-Mario: banca
20:20:32 : Group: [DMN]-Mario: vamos
20:22:22 : Group: Azrael1x: ves alguna moto por ahi mario?
20:22:32 : Group: [DMN]-Mario: no
20:23:24 : Group: [DMN]-Mario: uh por matarlo a rabbit me bajo un monton la humanidad
20:24:39 : Group: [DMN]-Mario: la mochila que esta en el vodnik tambien tiene armas
20:24:47 : Group: Azrael1x: copado
21:54:58 : Group: Malmsteen: INVITAME A LLAMADA STEAM
22:32:16 : Group: NightdeadBCE: Tengo qeu comer
22:32:23 : Group: NightdeadBCE: igual capas termine cuando lleges a la mision
22:32:25 : Group: NightdeadBCE: :V
22:32:31 : Group: NightdeadBCE: melees (?)
22:32:33 : Group: NightdeadBCE: xd
23:05:12 : Group: NightdeadBCE: estoy jodidamente rodeado.
23:05:20 : Group: NightdeadBCE: tengo una 
23:05:49 : Group: NightdeadBCE: hamer con m240disparandome a full un heli tambien 18 soldados la mayoria snipers.
23:05:53 : Group: NightdeadBCE: help (?)
23:06:00 : Group: NightdeadBCE: le doy un caramelño el que me rescata...(?)
23:06:15 : Group: Agustin: pongo la lock y voy jajajaja
23:16:26 : Group: Agustin: no llego mase
23:16:36 : Group: NightdeadBCE: si igual esta jopdidamente defendido xd
23:16:47 : Group: Agustin: no pasa nada
23:21:36 : Group: NightdeadBCE: VAMOS A RODEAR
23:22:29 : Group: NightdeadBCE: agustin sabes usar sniper?
23:22:33 : Group: NightdeadBCE: te doy mi m4.
23:22:46 : Group: Agustin: sisi 
23:23:01 : Group: NightdeadBCE: voy a infiltrarme en el enemigo
23:23:06 : Group: NightdeadBCE: ya lo hice no se preocupen
23:23:08 : Group: Agustin: che alguno tiene morfi? deje la mochila y todo y ni cuenta
23:23:22 : Group: NightdeadBCE: nope
23:23:24 : Group: NightdeadBCE: me mataron
23:23:32 : Group: NightdeadBCE: miren yo me meto al edificio
23:23:40 : Group: NightdeadBCE: me van a atacar como loco maten al hamer
23:24:15 : Group: Agustin: no se de que hablas todavia no vi nada de la mision jajaja
23:25:41 : Group: Agustin: a la mierda estan re lejos y te la dan
23:25:54 : Group: NightdeadBCE: es que es jodido
23:25:56 : Group: NightdeadBCE: tiene todo
23:25:59 : Group: NightdeadBCE: nsoe son muchos xd
23:31:37 : Group: NightdeadBCE: invita a malteen
23:31:43 : Group: NightdeadBCE: abandonemos la mision es dificil
23:32:12 : Group: Agustin: ya lo invite
23:41:10 : Group: NightdeadBCE: soy rambo.
23:50:29 : Group: NightdeadBCE: pone iniciar chat de voz
