00:08:53 : Side: Bad Guy: a estos 3 brasileros no les perdono mas la vida
00:09:57 : Side: Rommel: q paso con los brasucas?
00:10:35 : Side: Bad Guy: la otra vez los ayude a hacer una mision
00:10:57 : Side: Bad Guy: y recien taba looteando en la rubie town y me aparecieron los 3
00:11:20 : Side: Bad Guy: mate uno y los otros 2 me la dieron
00:11:26 : Side: Bad Guy: previo errarme TODOS los tiros
00:11:49 : Side: Bad Guy: y recien antes del restart sali del trader zone y me empezaron a tirar
00:12:03 : Side: Rommel: jaja
00:12:05 : Side: Rommel: re atrevidos
00:12:25 : Side: Bad Guy: encima como pelotudo colgue y no hice la copia de la llavew
00:12:32 : Side: Bad Guy: y tienen mi heli
00:12:49 : Side: Rommel: sabes donde esta su base?
00:12:54 : Side: Bad Guy: creo q si
00:13:14 : Side: Rommel: hay q raidear
00:13:20 : Side: Rommel: dame unos dias
00:13:29 : Side: Bad Guy: obiamente q se las voy a re campear todo el dia
00:13:34 : Side: Rommel: q me acomode y se la damos jaja
00:13:47 : Side: Rommel: el juev si dios kiere tengo a mi compi aca
00:14:14 : Side: Bad Guy: yo no los puedo convencer a todos los pibes q se vengan
00:14:18 : Side: Bad Guy: pero estan en el arma 3
00:16:19 : Side: Bad Guy: ahora me voy a poner a armar la base aver si la puedo terminar
00:16:56 : Side: Rommel: q kilombo los traders
00:16:59 : Side: Rommel: hasta q me acostumbre
00:17:00 : Side: Rommel: pff
00:17:08 : Side: Bad Guy: le agarras la mano al toque
00:17:48 : Side: Bad Guy: tas cerca del trader?
00:17:54 : Side: Rommel: no
00:18:04 : Side: Rommel: vos me decias
00:18:07 : Side: Rommel: del grupo, ahce un rato?
00:18:10 : Side: Bad Guy: se
00:18:22 : Side: Bad Guy: era para entrarle a los brazucas
00:18:51 : Side: Bad Guy: ese final es muy malo
00:19:17 : Side: Bad Guy: me agarro de atras y no me pudo matar, lo mate, me mataron los compañeros y cuando fui a buscar mi cuerpo lo volvi a matar con el lee enfield
00:20:03 : Side: Rommel: ajjajaj
00:20:56 : Side: Bad Guy: cuando se quedo quito para tirarme con el lee enfield se la puse en la boca
00:21:54 : Side: Rommel: yo no mate nada todavia
00:21:56 : Side: Rommel: ni misiones
00:22:03 : Side: Bad Guy: posta? jajaj
00:22:09 : Side: Bad Guy: son bastante faciles las misiones
00:22:10 : Side: Rommel: na, si ayer me puse a ver q onda
00:22:21 : Side: Rommel: loguie, me fije q necesitaba para entrar al sv
00:22:31 : Side: Rommel: y hoy a la mañana loguie 1hs para ver q onda el mapa
00:22:45 : Side: Rommel: y ahora ando en modo topo
00:22:51 : Side: Bad Guy: jajja
00:22:56 : Side: Rommel: sabes q pasa
00:23:08 : Side: Rommel: jugue banda en otro sv y me re acostumbre a jugar con este pibe
00:23:21 : Side: Rommel: y como q jugar solo me da cagazo jaja
00:23:29 : Side: Bad Guy: jajajaja yo voy solo siempre
00:23:43 : Side: Bad Guy: cuando me agarraron los brazucas fue x culpa mia
00:24:29 : Side: Bad Guy: me quede mucho tiempo en el lugar
00:24:36 : Side: Rommel: sabes q pasa q jugar solocontra un team de 2 o 3 es complicado
00:25:04 : Side: Rommel: yo le kiero romper la pija al admin para q ponga los zombies q caminen nada mas
00:25:10 : Side: Bad Guy: ajajajaa
00:25:27 : Side: Bad Guy: igual ahora le bajaron la dificultad a alos zombies
00:25:35 : Side: Rommel: ya le tire la idea hoy y me dijo q antes estaban asi y se qjaban
00:25:49 : Side: Rommel: pasa q en pvp son re cargozos
00:25:54 : Side: Rommel: y mas de dia
00:26:09 : Side: Bad Guy: se
00:26:36 : Side: Bad Guy: igual, los unicos q vi q juegan en grupo son los brazucas
00:26:46 : Side: Bad Guy: y estan los 3 siempre juntitos haciendo misionesw
00:27:01 : Side: Bad Guy: no se separanw
00:27:49 : Side: Rommel: y obvio
00:28:08 : Side: Rommel: dsp si necesitas una mano avisame
00:28:11 : Side: Rommel: y los sacudimos
00:28:15 : Side: Bad Guy: de ultima cucha
00:28:21 : Side: Bad Guy: si queres jugamos juntos
00:28:31 : Side: Rommel: yo mire en la radio y vi a 3 en grupo, pense q estabas ahi xq ni preste atencion 
00:28:42 : Side: Rommel: y dije estos deben pensar q soy nw y me van a sacudir
00:28:59 : Side: Bad Guy: jajaja
00:29:31 : Side: Bad Guy: yo tranquilamente puedo actuar como bandido posta, pero no me acostumbro
00:29:41 : Side: Rommel: nosotros con mi amigo somos asi
00:29:48 : Side: Rommel: nosotros 2 y no nos importa nada jaja
00:30:12 : Side: Bad Guy: che si queres q seamos 3 avisame
00:30:18 : Side: Bad Guy: yo ya tengo la base medio armada
00:31:07 : Side: Rommel: dale
00:31:14 : Side: Rommel: igual primero espero q venga el puto este
00:31:19 : Side: Bad Guy: jajajaja
00:31:21 : Side: Bad Guy: oka oka
00:34:37 : Side: Bad Guy: es todo un garron jugar solo
00:35:05 : Side: Rommel: y en los serves de pvp mas
00:35:28 : Side: Rommel: xq no tenes alguien q te segundee y contra los teams si no son pts se te complica
00:35:37 : Side: Bad Guy: claaaro
00:36:23 : Side: Rommel: nosotros 2 tenemos
00:36:26 : Side: Rommel: como 1k de hs jugadas
00:36:46 : Side: Rommel: y siempre juntisss (L)
00:36:51 : Side: Bad Guy: jajajajaz
00:37:05 : Side: Rommel: dsp la quiteamos xq
00:37:35 : Side: Rommel: el sv donde jugabamos empezo a morir
00:37:43 : Side: Rommel: y nunca encontramos un sv interesante
00:38:39 : Side: Rommel: el pibe este tiene una foto como -200k de humanidad
00:38:44 : Side: Bad Guy: jajajajajajaj
00:39:19 : Side: Rommel: q onda el su 34
00:39:43 : Side: Bad Guy: te bombardea las ciudades
00:39:45 : Side: Rommel: esta tirando bombas cerca mio jaja
00:40:15 : Side: Bad Guy: a mi ya me engancho mientras buscaba comida en un super jajajaja
00:43:47 : Side: Bad Guy: tengo q cubrir las escaleras xq en cualquier momento me la re pongo
00:44:10 : Side: Rommel: nosotros en el otro sv teniamos una torre en nuestra base
00:44:26 : Side: Rommel: no me alcanzan los numeros para contar las veces q nos caimos a la mierda haciendo esa torre del orto
00:44:28 : Side: Rommel: jajajajajaj
00:44:57 : Side: Bad Guy: yo ya perdi la cuenta las veces q me caigo x dia de estas escaleras del orto
00:47:08 : Side: Bad Guy: la cagada es q tiene limite de 100 partes para construir
00:47:27 : Side: Rommel: che el bandit y hero trader
00:47:29 : Side: Rommel: donde serian?
00:47:42 : Side: Bad Guy: estan tambien en el mercado centrar
00:47:45 : Side: Bad Guy: central*
00:47:53 : Side: Bad Guy: el bandit esta al lado de la tienda medica
00:48:04 : Side: Bad Guy: y el hero es el q tiene el hummer afuera
00:49:05 : Side: Rommel: jajajaj llegue con la ultima rayita de nafta
00:49:10 : Side: Rommel: vamos el cuatri viejo y peludo
00:49:10 : Side: Bad Guy: jajajajaja
00:50:06 : Side: Bad Guy: huu otra vez se me buguea el hacha lpm
00:52:07 : Side: Rommel: q mierda son las acciones y los bonos?
00:52:32 : Side: Bad Guy: las acciones te va dando 5000 monedas cada 20 minutos mepa
00:52:49 : Side: Bad Guy: y los bonos tenes la opcion de duplicar o triplicar la inversion o perderla
00:53:10 : Side: Rommel: ahi vengo
00:53:14 : Side: Bad Guy: okaq
01:00:50 : Side: Bad Guy: huuuuuuuuuuuuu casi hago cajeta todo
01:01:08 : Side: Rommel: jaja
01:04:25 : Side: Bad Guy: dios q cagada cuando se buguea el hacha
01:04:39 : Side: Rommel: che el su 34 no te la da si vas en heli?
01:04:54 : Side: Bad Guy: todavia no me la dio, pero no se
01:05:45 : Side: Rommel: tiene pinta de q si-
01:05:47 : Side: Rommel: jaja
01:06:02 : Side: Bad Guy: no quiero adivinarlo x las malas tampoco
01:09:54 : Side: Rommel: che para poner la safe
01:10:04 : Side: Rommel: me pide el plot pole?
01:10:15 : Side: Bad Guy: mmmmm mepa q si
01:11:24 : Side: Rommel: hay algun npc q cambie oro x guita aca?
01:11:28 : Side: Bad Guy: se
01:11:30 : Side: JF: no  no te lo pide podes ponerla en el medio del campo si queres 
01:11:43 : Side: Bad Guy: fijate el q esta adentro de la casita al lado de las carpas
01:12:29 : Side: Rommel: gracias
01:23:33 : Side: Bad Guy: y... me caiw
01:23:59 : Side: Rommel: rip
01:25:33 : Side: Bad Guy: me cago en el clima lpm
01:27:36 : Side: Rommel: q es y donde esta la ruby town_
01:28:05 : Side: Bad Guy: la rubie town spawnea una caja con loot
01:28:09 : Side: Bad Guy: no hay ia ni nada
01:28:21 : Side: Rommel: ese circulo naranja?
01:28:25 : Side: Bad Guy: te puede caer algo de construccion y un par mas de boludeces
01:28:26 : Side: Bad Guy: se
01:28:35 : Side: Rommel: ahh joya
01:28:42 : Side: Bad Guy: y despues esta el hummvy que si le arreglas la radio te cae un drop
01:28:51 : Side: Bad Guy: necesitas una toolbox la radio y una tinbar
01:30:04 : Side: Bad Guy: ojo con los puestos de control 
01:32:54 : Side: Rommel: y stary?
01:33:00 : Side: Rommel: me dice q me tengo q ir a la mierda ya mismo
01:33:01 : Side: Rommel: jajaja
01:33:22 : Side: Bad Guy: stary es una zona infectada
01:33:38 : Side: Bad Guy: hay el mismo loot que en los aeropuertos
01:33:40 : Side: Rommel: ahh ahora entendi
01:33:46 : Side: Bad Guy: jjajajaaj
01:35:13 : Side: Rommel: me cague muriendo ahora entendi xq me decia q me tenia q ir
01:35:14 : Side: Rommel: ajaja
01:35:19 : Side: Bad Guy: JAJAJAJAJA
01:35:38 : Side: Bad Guy: mejor hacerle caso a las advertencias AJJAJAJA
01:37:23 : Side: jecoxs: pueden quitar la lluvia?
01:37:27 : Side: jecoxs: laguea mas
01:40:50 : Side: Bad Guy: eso es otra cosa q hay q agregar a la lista de pedidos
01:41:32 : Side: jecoxs: en este server nunca es de noche?
01:41:55 : Side: Rommel: aparentemente no
01:42:10 : Side: Paez 420: buenas
01:42:24 : Side: Paez 420: siempre hay poca concurrencia de jugadores en este server?
01:42:31 : Side: JF: Buenas..
01:42:49 : Side: Bad Guy: depende de la hora
01:43:02 : Side: Paez 420: mas o menos cuanta gente suele jugar durante el día?
01:43:48 : Side: Rommel: yo no tengo ideaea
01:43:54 : Side: Rommel: xq arranq ayer en este sv
01:44:33 : Side: Bad Guy: x ahora no hay mucha gente
01:44:43 : Side: Bad Guy: le hace falta un poco de publicidad todavia
01:46:02 : Side: Bad Guy: al ser el unico sv argentino tendria q entrar mas gente
01:46:20 : Side: Rommel: la cagada mas grande es q no aparece en dayz launcher
01:46:23 : Side: Paez 420: esta muy completo, la verdad
01:46:29 : Side: Rommel: mucha gente no se entera ni q existe
01:46:42 : Side: Paez 420: podríamos contactar con un admin
01:46:43 : Side: Bad Guy: no se si aparecera en el pw6
01:46:44 : Side: Rommel: a mi por ahora, me gustaron los scrypts
01:46:48 : Side: Paez 420: para meter ideas
01:46:58 : Side: Paez 420: como día y noche alternado, sistema de party
01:47:08 : Side: Rommel: universext
01:47:09 : Side: Bad Guy: el sistema de grupo o party esta
01:47:11 : Side: Rommel: en face la fan page
01:47:13 : Side: Paez 420: para mejorar, pero si, los scripts por ahora estan muy bien
01:47:46 : Side: Rommel: hoy me saludo in game un admin, juan no se cuanto
01:47:53 : Side: Bad Guy: juanz
01:48:08 : Side: Rommel: buen tipo, abierto a recibir opiniones
01:49:17 : Side: Bad Guy: son bastante buena onda
01:49:39 : Side: Bad Guy: ahora cuando tenga ganas le voy a tirar un par de ideas
01:49:45 : Side: Bad Guy: como patrullas de bandidos o heroes
01:50:08 : Side: Bad Guy: un poco mas de ciudades de spawn
01:50:26 : Side: jecoxs: se me hace que estan bien
01:50:38 : Side: jecoxs: aunque solo le falta la aparicion de bandidos
01:50:41 : Side: jecoxs: al asar
01:54:13 : Side: Bad Guy: bue me voy a re dormir
01:54:41 : Group: Rommel: como mierda aseguro la mision?
01:54:45 : Group: Rommel: mate a todos los bots
01:54:47 : Group: Rommel: -_-
01:54:59 : Group: Bad Guy: mandate al centro donde esta la caja
01:55:06 : Group: Bad Guy: anda caminando xq hay minas
01:55:19 : Group: Rommel: jaja ya probe todo
01:55:25 : Group: Rommel: pasear en la caja
01:55:30 : Group: Rommel: hay un mionca reventando
01:55:36 : Group: Rommel: pasar por todo el mionca tmb
01:55:54 : Group: Bad Guy: fijate q siempre queda uno escondido
01:56:00 : Group: Bad Guy: generalmente en el bosque
01:56:11 : Group: Rommel: ya me tendria q haber cagado a tiros
01:56:27 : Group: Bad Guy: se
01:56:31 : Group: Bad Guy: cuantos mataste_
01:57:22 : Group: Bad Guy: quedaba 1?
01:57:34 : Side: Rommel: no
01:57:40 : Group: Rommel: no se aseguro jaja
01:57:51 : Group: Bad Guy: jajajaja
01:57:59 : Group: Bad Guy: justo aparecio la otra mision
01:58:10 : Group: Bad Guy: cuantos bajaste??
01:58:13 : Side: jecoxs: alguno ya encontro la prision?
01:58:27 : Group: Rommel: 11
01:58:40 : Group: Rommel: deben ser 12
01:58:44 : Group: Bad Guy: fijate q tiene q quedar uno mas entonces
01:59:09 : Group: Bad Guy: desde donde vos la hiciste, fijate que te debe estar pegando la vuelta
01:59:19 : Side: Bad Guy: se, pero ya se armaron la base
02:00:07 : Side: Bad Guy: creo q estaba en sosnovka
02:01:53 : Group: Bad Guy: che me re fui
02:02:01 : Group: Rommel: se yo tmb
02:02:07 : Group: Rommel: se va al choto esta mision
02:02:08 : Group: Rommel: jaja
02:02:11 : Group: Bad Guy: JAJAJAJAJAJ
02:03:11 : Group: Rommel: me fui, nos vemos suerte
02:03:17 : Group: Bad Guy: ns vemo loco 
02:03:18 : Side: Rommel: hasta mañana gente, no se vayan
02:03:22 : Side: Rommel: q la gente atrae gente
02:03:23 : Side: Rommel: !
02:43:25 : Side: jecoxs: quien me robo el carro?
02:43:31 : Side: jecoxs: para que me de raite minimo
03:09:15 : Side: JF: Hola gente como estan ..
03:09:25 : Side: Davi: Hola
03:09:28 : Side: Davi: bien bien 
03:09:40 : Side: vodka: hola
03:10:25 : Side: Davi: jf
03:10:35 : Side: JF: Vodka como te va , hace pila que no entras , te acordas de mi, estuvimos con vicius-
03:11:02 : Side: Davi: Estamos tomando krasnostav si queres veni
03:11:21 : Side: vodka: si si , me acuerdo , todo bien ?
03:11:31 : Side: JF: todo bien Davi?..
03:11:51 : Side: Davi: si si todo bien, estamos pasando el rato viendo si tomamos el airfield, hay cajas con armas
03:12:11 : Side: JF: gracias igual por ahora tengo otra urgencia
03:13:17 : Side: JF: si casi seguro que hay pero se pone medio bravo ..
03:46:33 : Side: JF: vos andas por guglovo vodka ? no me dispares..
03:46:58 : Side: vodka: no ,ando en el airfield del norte
03:47:43 : Side: Leodagos: buenas
03:47:53 : Side: Leodagos: todo bien jf ?
03:48:41 : Side: JF: Hola leo como estas , todo bien gracias...
03:57:51 : Side: Leodagos: asi q los brazileros andan matango gente saliendo del trade?
03:58:50 : Side: JF: noalcaance a leer que decias,
03:59:26 : Side: Leodagos: asi que los brazileros andan matando gente saliendo del trader?
04:00:07 : Side: JF: creo que si pero para molestar viste..
04:00:29 : Side: Leodagos: bad guy estaba re caliente
04:00:55 : Side: JF: si a el lo bardearon
04:01:24 : Side: Leodagos: todos los brazileros juegan juntos?
04:01:37 : Side: JF: no ni idea..
04:02:44 : Side: JF: como se hace para llevarse una vaca lechera a la base ..
04:03:00 : Side: Leodagos: todavia nunca lo probe , perdon x no poder ayudar
04:03:51 : Side: JF: jajaja no no te hagas drama solo que es una lastima tener que dejarla si no la llevo en filet jaja
04:04:06 : Side: Leodagos: jaja 
04:10:37 : Side: JF: como anda leo , no necesitas una suv por las dudas
04:10:46 : Side: Leodagos: jajaja
04:10:50 : Side: Leodagos: no gracias xD
04:10:57 : Side: Leodagos: la tengo en la base todavia 
04:11:22 : Side: Leodagos: quiero tener humanidad positiva
04:11:29 : Side: Leodagos: voy a hacer misiones de bandidos
04:11:30 : Side: JF: tengo una alla si la queres es tuya yo ya la desocupe
04:12:09 : Side: Leodagos: te agradezco jf , acabo de comprar el landrover y seguramente voy a hacer alguna mision
04:12:34 : Side: JF: si hacer misiones de bandidos y bajar zombis te va sumando 
04:12:43 : Side: JF: positivo..
04:12:49 : Side: Leodagos: vos tenes positivo ?
04:13:41 : Side: JF: estoy casi que yego porque el minimo es 5000 si no me equivoco pero le ayude a hacer
04:14:11 : Side: Leodagos: hacemos misiones de bandidos ?
04:14:19 : Side: Leodagos: yo iria solamente x la humanidad
04:14:26 : Side: JF: una mision a nikita y cometi un par de asesinatos que me tiro para atras je que lo pario
04:14:27 : Side: Leodagos: y ver q hay en la caja como mucho
04:14:34 : Side: Leodagos: jaja
04:15:22 : Side: JF: ahora parece que no salio ninguna en el mapa todavia
04:15:35 : Side: Leodagos: cuando salga queres hacer ?
04:15:52 : Side: Leodagos: es mas rapido de a dos
04:16:28 : Side: JF: la otra es ir al basural ahi esta infestado de zombis pero te atacan de todos lados y la maquina te hace trampas 
04:16:44 : Side: Leodagos: se puede entrar con vehiculo ?
04:17:33 : Side: JF: te pone un par de bodt que te suelen tirar y los zombis atraviesan paredes y te cachan 
04:18:10 : Side: Leodagos: y vamos hasta q salga alguna mision
04:18:28 : Side: JF: vos te quedas en el server hasta que resetea?
04:18:34 : Side: Leodagos: si
04:19:53 : Side: JF: yo me salgo un rato antes, porque vengo tres noches sin dormir ni de dia tampoco ja ,,xD
04:20:12 : Side: Leodagos: jaja zombie
04:20:42 : Side: Leodagos: para ir al basural hay q cruzar el mapa
04:20:54 : Side: JF: Si tal cual 
04:21:00 : Side: Leodagos: que hacemos esperamos a q salga alguna mision ?
04:21:01 : Side: JF: ahora vamos..
04:22:57 : Side: JF: anda cargando municiones
04:23:13 : Side: Leodagos: ya cargue
04:32:56 : Side: JF: toma estas
04:33:10 : Side: JF: vamos en heli mas rapido
04:33:34 : Side: Leodagos: podes levantar este con el heli ?
04:33:46 : Side: JF: creo que no 
04:35:30 : Side: Leodagos: mm no
04:35:35 : Side: Leodagos: bueno lo dejo cerrado aca
04:36:20 : Side: JF: no con este no se puede
04:40:28 : Side: Leodagos: manejas con el piloto automatico ?
04:41:06 : Side: JF: wsi si no se me da vuelta y lo ponemos de sombrero
04:46:09 : Side: Leodagos: aparecio mision de bandidos
04:46:12 : Side: Leodagos: al norte de aca
04:47:42 : Side: JF: ya no me da el tiempo leo , no te enojas , matamos algunos zombis despues me voy 
04:47:42 : Side: Leodagos: viste ?
04:48:00 : Side: Leodagos: bueno dale
04:58:25 : Side: Leodagos: q onda
04:58:39 : Side: Leodagos: sos admin ?
04:59:28 : Side: JF: quien yo , no jajaja
05:00:47 : Side: JF: ahi tenes un crap metal para construir
05:01:02 : Side: Leodagos: con este termino la base
05:02:19 : Side: JF: wow que impresionante aquidentro
05:02:38 : Side: Leodagos: donde
05:03:10 : Side: Leodagos: los cuerpos
05:03:24 : Side: JF: ahi viste 
05:03:43 : Side: Leodagos: salgo a tomar un poco de aire xq me iso mal
05:03:45 : Side: Leodagos: (?)
05:04:38 : Side: JF: puede ser que te contamines..
05:08:35 : Side: Leodagos: jugas otra cosa jf ?
05:08:39 : Side: Leodagos: ademas de dayz ?
05:09:22 : Side: JF: si  juego a wot - wordt of tanks
05:09:34 : Side: JF: y vos?
05:09:36 : Side: Leodagos: q es eso
05:10:06 : Side: Leodagos: yy yo juego lo que venga , pero en este momento dayz y Smite
05:10:30 : Side: JF: es guerra de tanques juego de estrategia esta buenisimo , no lo conoces?
05:10:41 : Side: Leodagos: no
05:10:49 : Side: Leodagos: de estrategia conosco bastante pero no escuhe de ese
05:10:52 : Side: JF: googlealo y descrgalo te va a encntar
05:12:58 : Side: JF: que es esto ?
05:13:12 : Side: Leodagos: era una torre de algo 
05:13:15 : Side: Leodagos: yo pense q eran cajas
05:13:19 : Side: Leodagos: eso qe staba ahi pero no 
05:16:20 : Side: Leodagos: te gustaria que se haga de noche en el server ?
05:16:47 : Side: JF: fice ahi que hay que buscar basura con la pala y la barreta ,sabias?
05:17:08 : Side: Leodagos: sii pero no traje pala y vine mas calzado para el combate que para juntar basura xD
05:18:01 : Side: JF: si por qque no , yo he jugado en otros server esa modalidad y ni ahi que estaba tan mejorado mi personaje
05:18:26 : Side: Leodagos: no entendi bien lo que quisiste decir
05:18:29 : Side: JF: igual ahora no se ven tantos , no s por que
05:18:41 : Side: JF: que si . 
05:19:05 : Side: Leodagos: un ciclo de dia noche estaria buenisimo
05:19:10 : Side: JF: vos me preguntaste si me gustaria que se haga de noche aqui
05:19:23 : Side: Leodagos: si
05:19:38 : Side: Leodagos: pero que tiene que ver con mejorar tu personaje ?
05:20:11 : Side: JF: que apenas tenia linterna jajaja y paremos de contar
05:20:20 : Side: Leodagos: aaaa
05:20:25 : Side: Leodagos: los items iniciales decis
05:20:36 : Side: Leodagos: en algunso servers te tiran enbolas en la costa
05:20:46 : Side: Leodagos: y arreglate
05:20:48 : Side: Leodagos: SIN mapa
05:21:23 : Side: Leodagos: yo sinceramente ya estoy podrido de CHERNARUS , si haria un server seria en isla panthera ,napf o cualquier otro
05:21:31 : Side: Leodagos: ya esta re gastado chernarus para dayz
05:21:48 : Side: JF: si yo estaba jugando en "hila" pero no entre mas 
05:21:53 : Side: Leodagos: ademas en los otros mapas podes ingresar a todos los edificios estan hechos especificamente para epoch
05:22:22 : Side: JF: bueno si queres nos vamos porque haste que te llevo se me hace la hora
05:22:33 : Side: Leodagos: ok
05:22:38 : Side: Leodagos: queres q maneje ?
05:22:50 : Side: Leodagos: lo se pilotar mas rapido
05:23:50 : Side: JF: no , no te ofendas  no hay problemas
05:23:54 : Side: Leodagos: ok
05:25:38 : Side: JF: la proxima arrancamos mas temprano..
05:25:46 : Side: Leodagos: dale no hay problema
05:28:41 : Side: JF: leo cunto me cobras un traje de eso --
05:35:28 : Side: Leodagos: nada
05:35:30 : Side: Leodagos: te lo regalo 
05:35:34 : Side: Leodagos: cual queres
05:37:20 : Side: Leodagos: otro dia te llevo yo en heli
05:37:54 : Side: JF: no ni idea , pero yo no te estoy mangenado loco enserio decime cuanto
05:38:11 : Side: JF: uno camouflado pero no se el nombre
05:39:43 : Side: Leodagos: ves en el piso ?
05:39:47 : Side: Leodagos: veni
05:40:44 : Side: JF: que sale uno de esos
05:41:03 : Side: Leodagos: estan re baratos solo te piden humanidad
05:41:21 : Side: Leodagos: toma aca tengo para darte un ghuillie y otro igual pero de bandido qe s el mismoq  tengo puesto
05:42:06 : Side: JF: te sirven diez
05:42:22 : Side: Leodagos: na dale
05:42:24 : Side: Leodagos: agarralos
05:42:26 : Side: Leodagos: estan en el piso
05:43:00 : Side: JF: leo agarra el oro loco no lo dejes que se lo lleva otro 
05:43:16 : Side: Leodagos: ya estoy camino a base , te agradezco es un regalo
05:43:20 : Side: Leodagos: me ofendes si no lo aceptas
05:44:25 : Side: JF: bueno muchas gracias  amigo te lo debo , me voy yendo , acordate . WOT jeje...
05:44:35 : Side: Leodagos: dale lo voy a buscar a ver q onda
05:44:44 : Side: Leodagos: nos vemos jf, hasta mañana si estas
05:46:04 : Side: JF: dale , nos vemos..
05:46:10 : Side: Leodagos: nv
11:18:38 : Side: JF: Hola gente como estan..
11:18:54 : Side: Rommel: q ondis
11:19:26 : Side: JF: todo bien?
11:19:57 : Side: Rommel: tranki
12:09:43 : Side: Jej0x |Aspirante|: hola
12:10:10 : Side: JF: Hola Jejox como estas ..
12:10:21 : Side: Jej0x |Aspirante|: todo bien vos=
12:12:01 : Side: JF: Me alegro , yo tambien bien, anoche habia alguien en el server Jexos creo es algo tuyo?
12:12:10 : Side: Jej0x |Aspirante|: nono
12:12:13 : Side: Jej0x |Aspirante|: ya me contaron
12:13:36 : Side: JF: primero pensé que eras vos y te iva a repunantear porque no saludaba, jaja despues vi que era parecido pero no el mismo nombre--
12:13:47 : Side: Jej0x |Aspirante|: hahahhaha
12:13:53 : Side: Jej0x |Aspirante|: se alto plagiadorw
12:14:10 : Side: JF: menos mal que no dije nada, jajja-
12:15:16 : Side: JF: si la otra ves ya me paso con otro un tal daril y yo conozco personalmente un amigo con ese nombre de player--
12:15:26 : Side: Jej0x |Aspirante|: ah
12:15:43 : Side: Leodagos: buenas
12:15:47 : Side: JF: y me paso lo mismo 
12:16:11 : Side: Jej0x |Aspirante|: leito
12:16:25 : Side: Leodagos: todo tranqui '
12:16:28 : Side: Leodagos: ?
12:16:36 : Side: Jej0x |Aspirante|: se vos?
12:16:41 : Side: JF: Hola asesin de zomby indigentes jaja
12:16:46 : Side: Leodagos: jaja
12:16:55 : Side: Leodagos: de -7k de humanidad a 5k positivo
12:16:59 : Side: Leodagos: matando zombies el tipo
12:17:04 : Side: Leodagos: xD
12:17:15 : Side: Jej0x |Aspirante|: hahaha
12:17:19 : Side: JF: jojo xD--
12:17:46 : Side: Leodagos: bien che , me estoy x hacer unos mates y voy a hacer misiones de bandidos , vamos ?
12:18:09 : Side: Leodagos: voy a reloguear
12:18:29 : Side: Jej0x |Aspirante|: ok
12:19:13 : Side: JF: Yo paso todavia no eh vuelto a casita y tengo unas gallinas ponedoras que hay que sacarle los huevos porque los quiebran jajajaja...
12:20:23 : Side: JF: No bolazo , tengo que terminar una construccion que habia empezado--
12:21:58 : Side: Leodagos: ok np
19:05:13 : Side: [WG] SnakeGeneral: admin
19:08:45 : Side: juandayz: hola 
19:09:07 : Side: [WG] SnakeGeneral: por que nao consigo mais vender a suv armord
19:12:06 : Side: juandayz: donde esta tu suv?
19:12:39 : Side: [WG] SnakeGeneral: ontem yo fiz una misson so q no consegui vendela en nos npc
19:12:58 : Side: juandayz: pero donde esta? wheres the suv?
19:13:15 : Side: [WG] SnakeGeneral: suv despow for reset serve
19:13:54 : Side: juandayz: ah ok. suv disapear whit the restar?
19:13:57 : Side: [WG] SnakeGeneral: eu conseguia vender no npc de bandit agora nao da mais
19:14:34 : Side: juandayz: puedes venderla en el trade normal, donde estabas
19:16:13 : Side: [WG] SnakeGeneral: conseguiste vendela ?
19:17:08 : Side: Nikyta: buenas 
19:20:11 : Direct: FIN4LShare: ADM? meu char bugou, reloguei e meu char volto do zero
19:20:28 : Direct: FIN4LShare: perdi a chave do meu carro
19:20:48 : Side: juandayz: in hero trade 
19:20:54 : Side: juandayz: snake
19:21:26 : Side: [WG] SnakeGeneral: mais eu so bandit
19:21:31 : Side: [WG] SnakeGeneral: -41964
19:21:51 : Side: juandayz: no te preocupes, en el proxiomo restar, agrego la suv al trade bandido
19:21:52 : Side: [WG] SnakeGeneral: bandit trade tambein vendia se la suv
19:22:02 : Direct: FIN4LShare: adm. meu char bugou. e eu perdi a chave do meu carro
19:22:29 : Side: [WG] SnakeGeneral: tambien tines alguma armas que no se poder vender en bandit trade
19:22:45 : Side: juandayz: si, son diferentes los dos trades
19:23:07 : Side: Nikyta: juan podes venir ? xd
19:23:12 : Side: juandayz: en bandit hay vehiculos q no tiene el hero, y en el hero hay vehiculos q no tiene el bandit
19:23:23 : Side: [WG] SnakeGeneral: mais eu olhei todos os que podia e nao consegui a vender em nenhum deles
19:24:11 : Direct: FIN4LShare: adm ?
19:24:27 : Side: juandayz: fijate enfrente
19:24:37 : Side: juandayz: podes vnder los vehiculos de mision
19:24:44 : Side: juandayz: mas q nada los heliis
19:24:48 : Direct: juandayz: sim?
19:24:55 : Direct: FIN4LShare: meu char bugou e fui teleportado para o mar
19:25:08 : Direct: FIN4LShare: tem um tempo mais perdi a chave do carro
19:25:16 : Direct: juandayz: donde esta el carro
19:25:27 : Direct: FIN4LShare: aqui te mostro onde ta
19:27:31 : Side: FIN4LShare: adm e esse carro aqui do meu lado
19:27:37 : Direct: juandayz: ready
19:28:20 : Side: FIN4LShare: '
19:28:24 : Direct: juandayz: q paso nikita
19:28:44 : Side: FIN4LShare: gracias
19:28:48 : Side: juandayz: keys into the vodnik ;)
19:28:55 : Direct: juandayz: ¿?
19:29:16 : Direct: Nikyta: jaja 
19:29:22 : Side: FIN4LShare: peguei aqui
19:29:27 : Direct: juandayz: q onnda?
19:29:30 : Direct: Nikyta: en partes no me deja borrar 
19:29:38 : Direct: Nikyta: paredes como antes 
19:29:50 : Direct: juandayz: tenes la barreta no?
19:29:50 : Direct: Nikyta: las podes borrar ? :)
19:29:55 : Direct: Nikyta: si si
19:30:00 : Direct: juandayz: decime cuales
19:30:03 : Direct: Nikyta: y la pala
19:30:25 : Direct: juandayz: disparale
19:30:29 : Direct: Nikyta: seria estos dos pisos y la escalera
19:30:55 : Direct: juandayz: donde estas vos tambien?
19:31:02 : Direct: Nikyta: no
19:31:05 : Direct: Nikyta: jajaja
19:31:48 : Direct: Nikyta: a ver si asi me deja por que no me dejava poner las bolsas de arena asi que tube que achicar la construccion
19:32:35 : Direct: juandayz: listo?=
19:32:39 : Direct: Nikyta: si si
19:32:42 : Direct: juandayz: ;)
19:32:43 : Direct: Nikyta: gracias xd
21:22:57 : Side: Polaco: que onda loco que hacen
21:25:55 : Side: Polaco: que estan todos afk culia?
21:35:00 : Side: Polaco: queres la llave?
21:35:11 : Side: Polaco: la roja
21:36:23 : Side: Polaco: veni al mercado central si la queres
21:40:25 : Side: [WG] SnakeGeneral: fdp seu corno vo te pega arrombado
21:56:44 : Side: Polaco: osooo
21:56:52 : Side: Polaco: bigoton de leche
21:57:14 : Side: Polaco: .
22:00:01 : Side: Polaco: scream
22:00:59 : Side: Polaco: que hacen chabon?
22:01:13 : Side: [WG] SnakeGeneral: admin polaco camper safe zone
22:01:28 : Side: Polaco: jajajajaj
22:01:31 : Side: Polaco: vos estas campeando
22:01:34 : Side: Polaco: estas enojadito porque te mate
22:01:37 : Side: Polaco: te cage a tiros
22:02:02 : Side: Polaco: y lo mas probable qe este tu amig oesperandome afuera
22:02:03 : Side: Polaco: ahah
22:02:18 : Side: Polaco: vesz
22:02:20 : Side: Polaco: JAJAJA
22:02:22 : Side: Polaco: PETE DE MIERDA
22:03:17 : Side: Polaco: Sos petaso culiado
22:03:21 : Side: Polaco: me campeas el safe y no me matas
22:03:27 : Side: Polaco: pendejo pete
22:04:25 : Side: Polaco: y no que le vas a respetar hace 5 minutos que me esta campeando afuera del trade
22:04:30 : Side: Polaco: encimadice que yo lo campeo,salgo y me caga a tiros
22:37:34 : Side: Bad Guy: buenas
23:45:33 : Side: Bad Guy: JUSTO AHORA SE ME VIENE A ROMPER LA PALANCA!!!!
23:45:49 : Side: Nikyta: JAJA NO TENES ORA ?
23:45:58 : Side: Bad Guy: no
23:46:08 : Side: Nikyta: huuuu
23:46:15 : Side: Bad Guy: otra vez ir al trader para comprar una palanca
23:46:40 : Side: Nikyta: comprate barias no salen mucho xd
23:47:00 : Side: Bad Guy: ya se pero yo soy al unico salado q se le rompen las palancas o los lockbox
23:47:26 : Side: Nikyta: jjaajaja no a mi tambien se me rompen despues de un tiempo xd
23:47:52 : Side: Bad Guy: encima no me puedo subir al heli xq no puse escalera al techo
23:48:24 : Side: Nikyta: jaja hace ejercicio con la bici xd
23:48:32 : Side: Bad Guy: na ni ganas
23:48:40 : Side: Bad Guy: despues del restart me ire en la camioneta
23:51:32 : Side: Nikyta: bueno me voy a dormir jaja mañana hay que madrugar xd
23:51:39 : Side: Bad Guy: jajajajaja
23:51:44 : Side: Bad Guy: yo me levanto tranki a las 11
23:52:10 : Side: Nikyta: hufff yo tengo que llevar a mi hija al cole a las 8 :(
23:52:20 : Side: Bad Guy: garronaso jajajajaa
23:52:30 : Side: Nikyta: seeee
23:52:36 : Side: Bad Guy: mejor no me rio tanto xq la semana q viene entro a las 3 am
23:52:44 : Side: Nikyta: jajaaj
23:53:15 : Side: Nikyta: deberiamos poder ser autodidactas jajaj jajaj esto de que la escuela sea obligatorio puaj !!
23:53:26 : Side: Bad Guy: JAJAJAJJAJAJAJJAJA pobre criatura
23:53:46 : Side: Nikyta: jajajaajaj nunca me gusto estudiar jajajaja
23:54:14 : Side: Nikyta: y la peque con casi 5 no sabes como juega es ula luz ;)
23:54:29 : Side: Bad Guy: jajajaja es la edad de estar a full
23:55:14 : Side: Nikyta: seee se arma unas casa en minecraft jajaj es una niña rata xd
23:55:28 : Side: Bad Guy: JAJAJAJAJAJAJAJAJAJAJJA
23:55:40 : Side: Nikyta: bueno me voy si no no despego mas xd
23:55:49 : Side: Nikyta: mañana nos vemos 
23:55:54 : Side: Bad Guy: jajaja dale dale nos vemos
