02:53:43 : Group: Leodagos: hola
03:33:04 : Group: BillyCobra: jaj como te subiste ahi tan rapido?
14:10:12 : Group: Leodagos: hola
18:04:21 : Group: Seba: che a alguien mas se le queda en la imagen ?
18:04:25 : Group: Seba: de antena?
18:04:31 : Group: Leodagos: si a mi a veces
18:04:39 : Group: Seba: y que haces?
18:04:52 : Group: Leodagos: segui intentando hasta q entre
18:04:53 : Group: Nachen: alt + f4
18:04:57 : Group: Seba: yo vuelvo a entrar 100 veces mas y siempre me pasa lo mismo
18:04:57 : Group: Nachen: y abris el menu
18:04:58 : Group: Leodagos: x dnde entras ?
18:05:22 : Group: Seba: por beta pacht
18:05:58 : Group: Seba: o del launcher me pasa lo mismo
18:06:11 : Group: Leodagos: x donde intentas entrar ?
18:06:28 : Group: Seba: por el beta pacht o el launcher y me pasa lo mismo
18:06:37 : Group: Leodagos: entra x el arma 2
18:06:54 : Group: Leodagos: activa el mod de epoch
18:06:56 : Group: Leodagos: y entra
18:07:05 : Group: Seba: eso el el beta pacht
18:07:11 : Group: Seba: y pasa lo mismo
18:07:17 : Group: Seba: osea desde arma 2 decis
18:07:22 : Group: Leodagos: si 
18:07:26 : Group: Seba: si ahora entre por ahi
18:07:30 : Group: Leodagos: entras al juego , multijugador y buscas server
18:07:36 : Group: Seba: sisis ahora entre asi
