19:37:06 : Direct: juandayz: ahi te deje 20.000 $ dentro del heli como para q arranques 
19:38:39 : Direct: juandayz: una de esas 3 es jaajaj no se cual
19:41:21 : Direct: juandayz: usa la com directa
19:41:40 : Direct: Ariel: tenes whatsapp?
19:42:04 : Direct: juandayz: nee ni uso eso. si queres meteme en steam  juandayz
19:42:06 : Direct: Ariel: me lees juan?
19:42:16 : Direct: Ariel: ok
19:42:33 : Direct: Ariel: se puede contruir en el castillo del diablo?
19:42:49 : Direct: juandayz: si te tendria que dejar creo
19:43:10 : Direct: juandayz: a mas de 900mts de cualquier airfield te deja
19:43:13 : Direct: juandayz: igual mira
19:43:36 : Direct: juandayz: aprovecha el heli q puse un monton de casitas perdidas por los bosques para hacer base
19:43:54 : Direct: Ariel: donde esta los 20000
19:43:56 : Direct: juandayz: con el heli las vass a ver facil
19:43:56 : Direct: Ariel: ?
19:44:09 : Direct: juandayz: en mony storage, dentro del heli
19:44:17 : Direct: juandayz: si bajas te paso a la mano
19:44:24 : Direct: juandayz: para q empiezes con un ploy
19:44:26 : Direct: juandayz: plot
19:45:13 : Direct: juandayz: listo
19:45:25 : Direct: Ariel: grax 
19:45:44 : Direct: juandayz: andate al mercado central, compratw un plot y arranca no mas
19:46:17 : Direct: Ariel: dale grax amigo- agregame al steam maxxy7777
19:46:30 : Direct: Ariel: el tuyo es juandayz?
19:46:37 : Direct: juandayz: yo n puedo agregar por pobre o no se por q me dice el steam jaja agregame vos
19:47:13 : Direct: Ariel: ya me fijo
19:48:08 : Direct: Ariel: ahi te agrege
19:48:12 : Direct: Ariel: fijate
19:48:58 : Direct: Ariel: te llego la invitacion?
19:49:37 : Direct: Ariel: te pido una ultima cosa
19:49:40 : Direct: juandayz: si
19:50:12 : Direct: Ariel: decime no tenes un arma mejor con una mochila mas grande. y no te jodo mas
19:50:46 : Direct: juandayz: no tengo esto encima no mas, pero con los 220.000 esos te compras todo en el trade
19:50:59 : Direct: Ariel: joya
19:51:03 : Direct: juandayz: te alcanza para un plot, una lockbox y algun arma piola
