17:46:38 : Direct: juandayz: bu
17:46:45 : Direct: Alan: ehh juan queridoo jaja
17:46:48 : Direct: juandayz: :D
17:46:53 : Direct: Alan: quise hacer una base
17:46:57 : Direct: Alan: y me salio todo para el ogt
17:46:58 : Direct: Alan: jaja
17:47:01 : Direct: juandayz: jajajaj
17:47:09 : Direct: Alan: todas las paredes doblado un asco jaja
17:47:19 : Direct: Alan: la hare de madera y probare asi
17:47:23 : Direct: Alan: estas alpedo ?
17:47:25 : Direct: juandayz: mira
17:48:01 : Direct: juandayz: se escucho?
17:48:05 : Direct: Alan: no
17:48:10 : Direct: juandayz: :(
17:48:14 : Direct: Alan: se escucha algo hueco
17:48:32 : Direct: juandayz: pone altoparlante en el menu del camion
17:49:09 : Direct: Alan: no me aparece esa opcion
17:49:59 : Direct: juandayz: en amarillo
17:50:13 : Direct: Alan: tow nomas
17:50:16 : Direct: Alan: me aparece en amarillo
17:50:27 : Direct: Alan: aca si
17:50:31 : Direct: Alan: ay ta
17:50:36 : Direct: Alan: JAJAJAJAJAJAJJAJAJAJA
17:50:40 : Direct: Alan: HAJAJAJAJAJAJAJAJAJAJAJAJAJAJAJAJA
17:50:43 : Direct: juandayz: :D
17:50:52 : Direct: Alan: JAJAJAAJA AY DIOS
17:50:56 : Direct: Alan: NO PUEDO PARARRR
17:51:11 : Direct: juandayz: jajaj
17:51:12 : Direct: Alan: JAJAJAAJAJJAJA
17:51:25 : Direct: Alan: no es muy zarpadooo
17:51:49 : Direct: Alan: q buena ondaaa
17:52:08 : Direct: Alan: si pongo altoparlante lo escucho yo solo
17:52:09 : Direct: Alan: o todos ?
17:52:13 : Direct: juandayz: hay q ver por q no lo escuchan los demas
17:52:20 : Direct: juandayz: pense q se escuchaba pa todos
17:52:25 : Direct: juandayz: pero nop
17:52:29 : Direct: Alan: uhh
17:52:53 : Direct: Alan: jaja a los guampas
17:52:57 : Direct: juandayz: :
17:55:22 : Direct: juandayz: saquen el vehiculo del trade antes del restart, si no se los escupe a 200 mts
19:26:28 : Direct: sRulo: dale pelotudo hacete el picaro
20:10:05 : Direct: Alan: JAJAJA
