00:23:54 : Side: Nikyta: buenas
00:24:10 : Group: Alan: hola nikyta
00:24:26 : Group: Nikyta: hola xd
00:24:32 : Side: JF: Hola Nikita como estas?
00:24:40 : Group: Alan: voy para la mision
00:24:49 : Group: Alan: de diable uh1h
00:24:49 : Group: Nikyta: tengo el arma que me diste xd
00:24:51 : Group: Alan: anda para alla
00:24:52 : Group: Alan: jaja
00:25:20 : Group: Nikyta: para que me quede aca y me estoy cagando de hambre jajaj
00:25:33 : Side: Nikyta: bien y ustedes ?
00:25:53 : Group: Alan: uhh jaja
00:26:31 : Group: Alan: aca en la mision ay comida
00:26:34 : Side: JF: mejoraaando leeentamente.... jaja
00:26:36 : Group: Alan: de mientra la voy haicnedo
00:26:50 : Group: Nikyta: salimos de aventura y ni un sanguchito me convidaste jajajajaj
00:27:01 : Group: Alan: jaja seee no volvi mas anocheee jaja
00:27:06 : Group: Alan: q mala cita tuvimosss
00:27:25 : Group: Nikyta: jajaja no te preocupes que yo tampoco volvi jajaj
00:27:36 : Group: Alan: ahh safe entonces jaja
00:28:00 : Group: Nikyta: jajaj no pude xd
00:28:48 : Group: Nikyta: toy a 4100 ahi voy
00:32:33 : Group: Alan: q mala vista tengo en esta mision jaja
00:33:26 : Group: Nikyta: yo no quiero morir jaja tengo mi motosierra ensima xd
00:33:34 : Group: Alan: jaja no pasa nada tengo como 10 jaja
00:33:42 : Group: Alan: pero tu quedate lejos yo la hago solo
00:33:46 : Group: Alan: pero mira
00:33:47 : Group: Alan: asi aprendes
00:33:54 : Group: Alan: acabo ganar 1 millon en una mision
00:35:48 : Group: Alan: quedate lejos
00:35:53 : Group: Alan: que mate las 50 por lo menos
00:43:22 : Side: Alan: acepta nikyta
00:44:29 : Group: Nikyta: cuantos te faltan ?
00:45:50 : Group: Alan: ahora si la termino jaja
00:47:50 : Group: Nikyta: ahi te veo detras de la casita roja jaja
00:50:59 : Group: Alan: me estan rodeando
00:52:32 : Group: Alan: me ro
00:53:23 : Side: Alan: nikyta
00:53:29 : Side: Alan: de tu lado hay 1 y del otro lado de donde estaba
00:53:31 : Side: Alan: hay 1 mas
00:54:58 : Side: Nikyta: si lo vi xd
00:55:04 : Side: Alan: lo bajaste ?
00:55:34 : Side: Nikyta: no pude 
00:55:40 : Side: Alan: jaja dale que podes !!
00:56:06 : Side: Nikyta: jaja naa quesi me matan me quebraron y ahora presiso antibioticos jajaja
00:56:18 : Side: Alan: jaja juu, ya no queda casi ninguno
00:56:22 : Side: Alan: mate a 22
00:56:41 : Side: Nikyta: me rindo uno solo pudo conmigo jajajajaj
00:56:47 : Side: Alan: jajaja
00:56:51 : Side: Alan: ya casi la terminamos
00:58:38 : Side: Nikyta: tengo que volver por que si no me muero xd tenes todo mi apollo moral jajaja cuando termines pasate por casa y tomamos uinos mates xd
00:58:56 : Side: Alan: jajajaja
00:58:57 : Side: Alan: dale
00:59:15 : Side: Nikyta: voy preparando las tortafritas jajajajaja
00:59:23 : Side: Alan: ohh q ricoo
00:59:38 : Side: Alan: saladas
00:59:41 : Side: Alan: las tortafritas eh
00:59:56 : Side: Nikyta: hee bueno mita y mita jajaja
01:00:03 : Side: Alan: mm nose nose
01:05:48 : Direct: [WG] SnakeGeneral: ele é burro de mais mano
01:06:23 : Direct: Cloudsp: eu acho q ele n vai conseguir jogar isso aqui
01:06:42 : Side: Alan: quien fue eh jaja
01:06:53 : Direct: [WG] SnakeGeneral: joga ate consegue mais vai fica muito perdido ainda mais q vc
01:08:05 : Side: Alan: con razon 
01:08:10 : Side: Alan: quien esta en la mision tmb ?
01:08:11 : Side: Alan: cobardee
01:08:35 : Side: Nikyta: jajaja
01:08:59 : Side: Alan: snake o el otro es
01:09:04 : Side: Alan: el q me bajaba
01:09:09 : Side: Alan: esta escondidito
01:09:17 : Side: [WG] SnakeGeneral: kkkk no man
01:09:35 : Side: Alan: mm
01:14:21 : Side: Nikyta: bueno me voy a dormir jajaj mañana hay cole xd
01:14:40 : Side: Alan: jaja dale
01:14:43 : Side: JF: bueno buendescanso 
01:14:45 : Side: Alan: nos vemos 
01:15:04 : Side: Nikyta: gracias nos vemos :)
01:45:00 : Direct: [WG] SnakeGeneral: namoral quero mata ele veio
01:47:41 : Direct: Cloudsp: vontade de dar teco nele por burrice
01:52:38 : Direct: [WG] SnakeGeneral: pqp
01:56:11 : Direct: Cloudsp: meu deus
01:56:19 : Direct: [WG] SnakeGeneral: muita burrice meu
01:58:23 : Direct: Cloudsp: algo me diz q vai ser mais irritante do q ele no archeage
02:00:03 : Side: Alan: piki piki pikiii
02:00:06 : Side: Alan: piiiiiiiikiii
02:00:21 : Side: Alan: estan mas callados que una iglesiaa
02:02:19 : Side: Alan: mas lejos
02:02:21 : Side: Alan: imposibles
02:02:24 : Side: Alan: estas misiones de mierdaaa
02:14:29 : Group: Cloudsp: get out
02:22:21 : Side: Alan: paraa
02:43:26 : Side: Alan: woo de 17k de humanidad pase a 0
02:43:30 : Side: Alan: -17k
04:00:23 : Side: Leodagos: kcs jf
04:00:25 : Side: Leodagos: todo bien
04:00:53 : Side: JF: Hola leo todo bien y vos?
04:01:06 : Side: Leodagos: genial
04:01:17 : Side: Leodagos: mepa q voy a hacer alguna mision
04:01:20 : Side: Leodagos: x ahi me crusas
04:02:00 : Side: JF: yo estoy construyendo e investigando un poco
07:01:58 : Side: Jej0x |Aspirante|: gayyy
07:02:10 : Group: Leodagos: kcs perro
07:02:20 : Group: Leodagos: vine a mirar el lugar nuevo q pusieron
07:02:22 : Group: Leodagos: venite
07:02:27 : Group: Leodagos: seguro van a haber tiros
07:02:28 : Group: Jej0x |Aspirante|: CUAL?
07:02:36 : Group: Leodagos: arriba a la derecha
07:02:38 : Group: Leodagos: en el mapa
07:02:43 : Group: Jej0x |Aspirante|: pero que es?
07:02:50 : Group: Leodagos: -loot militar 
07:02:56 : Group: Leodagos: banda de armas y anda a saber q mas
07:02:59 : Group: Leodagos: x ahi un rpg 
07:03:00 : Group: Jej0x |Aspirante|: re cheto
07:03:13 : Group: Leodagos: venite rapido con el heli
07:03:18 : Group: Leodagos: dejalo en el campo aereo
07:03:25 : Group: Jej0x |Aspirante|: tenes que ver como quedo la casa fuerte porque le hice una casita a las safes
07:03:33 : Group: Jej0x |Aspirante|: no ni tira mira si lo rompo
07:04:09 : Group: Jej0x |Aspirante|: che como saco el boogieman?
07:04:41 : Group: Leodagos: te da la opcion en la pala me parece
07:04:48 : Group: Jej0x |Aspirante|: nope
07:04:59 : Group: Leodagos: en alguna herramienta te daba la opcion
07:05:05 : Group: Leodagos: la shovel ee
07:05:21 : Group: Leodagos: fijate en el libro q te dan
07:05:23 : Group: Jej0x |Aspirante|: no me daba la opcion
07:05:25 : Group: Leodagos: t eepxlica todo bien
07:05:45 : Group: Leodagos: me voy adelantando a ver q puedo ver
07:06:00 : Group: Jej0x |Aspirante|: dale saca foto
07:06:08 : Group: Jej0x |Aspirante|: asi despues entro a tu perfil y veo que hay
07:06:21 : Group: Leodagos: no vas a venir ?
07:06:30 : Group: Jej0x |Aspirante|: no tengo como ir
07:06:38 : Group: Jej0x |Aspirante|: despues voy a comprarme un heli mio
07:06:39 : Group: Leodagos: no esta muy lejos
07:07:04 : Group: Leodagos: agarra la bici x la calle q sube y llegas , despues volvemos en heli
07:07:14 : Group: Jej0x |Aspirante|: neeee
07:07:19 : Group: Jej0x |Aspirante|: estoy terminando de acomodar esto
07:08:51 : Group: Leodagos: aah che
07:08:55 : Group: Jej0x |Aspirante|: que?
07:09:03 : Group: Leodagos: hoy vi a uno de los gallegos en el heli
07:09:06 : Group: Leodagos: y le tire
07:09:08 : Group: Leodagos: xD
07:09:14 : Group: Jej0x |Aspirante|: gallegos o brazycas?
07:09:16 : Group: Leodagos: cayo y se tiro en paracaidas
07:09:23 : Group: Leodagos: brazucas perdon
07:09:26 : Group: Leodagos: la misma bosta
07:09:30 : Group: Jej0x |Aspirante|: jajajajja
07:09:33 : Group: Jej0x |Aspirante|: racista
07:09:39 : Group: Leodagos: ni ahi
07:09:43 : Group: Leodagos: no tiene nada q ver con razismo
07:09:49 : Group: Leodagos: tengo amigos gallegos
07:09:51 : Group: Jej0x |Aspirante|: es racismo yo tambien los odio
07:09:57 : Group: Jej0x |Aspirante|: los gallegos son torpes
07:10:03 : Group: Leodagos: es como una bronca de hincha
07:10:05 : Group: Jej0x |Aspirante|: oye manolo
07:10:15 : Group: Leodagos: -sabes el unico motivo x el cual los odio ?
07:10:20 : Group: Jej0x |Aspirante|: por?
07:10:28 : Group: Leodagos: xq me cagaron la infancia con esos doblajes de mierda 
07:10:36 : Group: Leodagos: peliculas , series , juegos
07:10:40 : Group: Leodagos: x dios
07:10:41 : Group: Jej0x |Aspirante|: kkaaaajjajaa see
07:10:42 : Group: Leodagos: un asco
07:10:46 : Group: Leodagos: es x eso
07:10:47 : Group: Jej0x |Aspirante|: joder kratos que estas flipado
07:11:18 : Group: Jej0x |Aspirante|: yo jugue god of war ascension traducido asi 
07:11:23 : Group: Jej0x |Aspirante|: lo termine y quise matarme
07:11:28 : Group: Leodagos: jode pero creo que me estan tirando tioo !
07:11:38 : Group: Leodagos: viste
07:11:43 : Group: Jej0x |Aspirante|: te voy a manchar zeus 
07:11:46 : Group: Jej0x |Aspirante|: decia kratos
07:11:50 : Group: Leodagos: jajaja
07:12:05 : Group: Jej0x |Aspirante|: o machacar decia
07:12:11 : Group: Jej0x |Aspirante|: te juro que haria un doblaje argentino
07:12:15 : Group: Leodagos: ves q son unso hijos de puta
07:12:18 : Group: Jej0x |Aspirante|: eee zeus te voy a partir la gorra gatito
07:12:35 : Group: Leodagos: recin estaban pasando un dibujito argentino
07:12:37 : Group: Leodagos: onda trapito
07:12:41 : Group: Leodagos: pero mas moderno
07:12:47 : Group: Jej0x |Aspirante|: y que de fondo suene una cumbia de damas gratis
07:12:51 : Group: Jej0x |Aspirante|: en que canal?
07:12:52 : Group: Leodagos: y el conejo le decia ... " que decias che ? "
07:12:55 : Group: Jej0x |Aspirante|: tengo la tele alado
07:13:14 : Group: Leodagos: jaja
07:13:15 : Group: Jej0x |Aspirante|: amo el lenguaje argento jajajaja
07:13:27 : Group: Leodagos: ese y el neutral
07:13:46 : Group: Jej0x |Aspirante|: no el español neutro lo odio
07:13:55 : Group: Jej0x |Aspirante|: vamos a ir a la nevera por un emparedado
07:14:03 : Group: Leodagos: onda shrek
07:14:06 : Group: Leodagos: ese doblaje
07:14:08 : Group: Leodagos: homero
07:14:09 : Group: Jej0x |Aspirante|: carlitos deja de hablar asi
07:14:12 : Group: Leodagos: calidad
07:14:35 : Group: Jej0x |Aspirante|: sos carlitos el nene de aca a la vuelta no sos antonio banderas
07:14:50 : Group: Leodagos: uuuh ahi viene el pelotudo ""
07:14:57 : Group: Jej0x |Aspirante|: quien?
07:15:10 : Group: Leodagos: decia en esperando la carroza una pelicula argenta re vieja
07:15:27 : Group: Jej0x |Aspirante|: ahh see
07:15:54 : Group: Leodagos: q edad tenias vos ?
07:16:04 : Group: Jej0x |Aspirante|: cuando estaba esperando la carroza
07:16:07 : Group: Jej0x |Aspirante|: no se en que año fue
07:16:11 : Group: Jej0x |Aspirante|: creo que 2000
07:16:40 : Group: Jej0x |Aspirante|: en que año la estrenaron?
07:16:49 : Group: Leodagos: nooo ni me acuerdo
07:16:56 : Group: Leodagos: hay q goog
07:16:59 : Group: Leodagos: lear
07:17:04 : Group: Jej0x |Aspirante|: en el 2000 no creo que en el 2006 
07:17:21 : Group: Leodagos: naaa es una peli de los 80 o 90 CREO
07:17:24 : Group: Jej0x |Aspirante|: googlealo
07:17:32 : Group: Leodagos: naa pera q estoy arriesgando mi vida aca
07:17:34 : Group: Jej0x |Aspirante|: a vos decis la 1
07:17:36 : Group: Leodagos: estan armados ahsta la pija
07:17:47 : Group: Leodagos: y tengo el caza sobrevolandome esperando para garcharme xD
07:20:17 : Group: Jej0x |Aspirante|: que onda eso que dice regimiento de montañas?
07:20:31 : Group: Leodagos: ahi estoy
07:20:37 : Group: Leodagos: te dije
07:20:39 : Group: Leodagos: loot militar
07:20:41 : Group: Jej0x |Aspirante|: eso es el looteo?
07:20:49 : Group: Leodagos: sii pero tiene bots
07:20:53 : Group: Jej0x |Aspirante|: muchos?
07:20:54 : Group: Leodagos: podes encontrar armas pesadas
07:20:59 : Group: Jej0x |Aspirante|: igual que stary o electro
07:21:02 : Group: Leodagos: nose eso estoy intentando averiguar
07:21:13 : Group: Jej0x |Aspirante|: eta para ir de a muchos
07:21:42 : Group: Jej0x |Aspirante|: podemos ir vos yo, brian, bad guy y painful 
07:21:56 : Group: Jej0x |Aspirante|: painful es mi amigo con el que empeze la base en el granero
07:22:15 : Group: Jej0x |Aspirante|: che habalste con brian a ver que le pinto?
07:23:14 : Group: Jej0x |Aspirante|: oaaahhh
07:23:17 : Group: Jej0x |Aspirante|: te dieron
07:23:20 : Group: Leodagos: sii
07:23:23 : Group: Leodagos: muchos
07:24:24 : Group: Jej0x |Aspirante|: avisame cuando spawneas
07:24:29 : Group: Jej0x |Aspirante|: porque capaz se nos sale el group
07:24:35 : Side: Jej0x |Aspirante|: avisame cuando spawneas
07:24:42 : Side: Jej0x |Aspirante|: porque capaz se nos sale el group
07:25:35 : Side: Leodagos: ahi te mande party
07:25:58 : Group: Jej0x |Aspirante|: cuando vas de exploracion no tenes que llevar nada
07:26:08 : Group: Leodagos: no tenog nada
07:26:16 : Group: Jej0x |Aspirante|: y el heli?
07:26:22 : Group: Jej0x |Aspirante|: nada mas lelvate una lockbox-
07:26:26 : Group: Leodagos: deje la llave en una lockbox
07:26:27 : Group: Jej0x |Aspirante|: asi pones las llaves ahi
07:26:32 : Group: Jej0x |Aspirante|: ahhh bien
07:26:41 : Group: Leodagos: con quien te pensas q estas hablando papi ?
07:26:45 : Group: Leodagos: ya me vas a conocer
07:27:13 : Group: Leodagos: ya te dedique la cabeza de uno de los brazucas
07:27:21 : Group: Jej0x |Aspirante|: jajajjaa
07:27:25 : Group: Leodagos: el heli cayo y el chabon se tiro
07:27:26 : Group: Leodagos: se curo
07:27:33 : Group: Leodagos: lo vi en el bosque
07:27:36 : Group: Leodagos: y lo cague a tiros
07:27:41 : Group: Leodagos: el heli s ele hiso mierda
07:27:51 : Group: Jej0x |Aspirante|: jajajaja
07:28:01 : Group: Jej0x |Aspirante|: mi base esta perfecta como antiaereo
07:28:01 : Group: Leodagos: desde la base de juan
07:28:03 : Group: Leodagos: le tire
07:28:11 : Group: Leodagos: asi q ni sabe q fui yo xD
07:28:12 : Group: Leodagos: gg
07:28:21 : Group: Leodagos: ìensa q fue el admin supongo
07:28:31 : Group: Leodagos: ni me vio
07:28:42 : Group: Jej0x |Aspirante|: ni se lo veia venir
07:28:49 : Group: Leodagos: yo venia en heli
07:28:52 : Group: Leodagos: y vi el de el
07:28:58 : Group: Leodagos: y aterrize rapido arriba de esa base
07:29:02 : Group: Leodagos: me baje y le tire
07:29:05 : Group: Leodagos: decia el nombre
07:29:08 : Group: Leodagos: cuadno lo apuntas
07:29:25 : Group: Jej0x |Aspirante|: le estoy haciendo la casita al plot
07:30:04 : Group: Jej0x |Aspirante|: me falta una pared mas y la puerta
07:32:36 : Group: Jej0x |Aspirante|: che no averiguaste nada d ela prisiom
07:32:45 : Group: Leodagos: no
07:32:54 : Group: Leodagos: ahora q termine la base puedo salir a explorar
07:33:14 : Group: Jej0x |Aspirante|: yo despues le voy a decir a juan que me saque el ultimo piso
07:33:20 : Group: Jej0x |Aspirante|: porque lo voy a hacer denuevo
07:35:39 : Group: Leodagos: soy yo
07:36:03 : Group: Jej0x |Aspirante|: no posta??? pense que eras carlitos
07:36:18 : Group: Jej0x |Aspirante|: el pelotudo que arregla puertas
07:36:25 : Group: Leodagos: anda el heli de los bots dando vueltas
07:36:33 : Group: Jej0x |Aspirante|: ahora lo bajamos
07:36:41 : Group: Jej0x |Aspirante|: what?
07:37:59 : Side: Jej0x |Aspirante|: que paso?
07:38:42 : Side: Jej0x |Aspirante|: so loquito vo?
07:38:46 : Side: Jej0x |Aspirante|: como va a terrizar asi
07:39:38 : Side: Leodagos: ya habia bajado
07:39:47 : Side: Leodagos: cuando baje del heli
07:39:56 : Side: Jej0x |Aspirante|: a mi me dehjaste inconsciente
07:40:03 : Side: Leodagos: estaba x bajar la escalera y empezo a revotar
07:40:04 : Side: Jej0x |Aspirante|: y me aujeriaste
07:40:08 : Side: Leodagos: o.O
07:40:22 : Side: Leodagos: hasta q exploto
07:40:31 : Side: Leodagos: me estalle de risa xD
07:40:45 : Side: Jej0x |Aspirante|: tenias que sacar captura de pantalla porque aora no se lo reclamas a nadie
07:40:49 : Side: Jej0x |Aspirante|: perdiste un heli
07:40:59 : Side: Leodagos: me compro otro
07:41:05 : Side: Leodagos: no esta caro ese
07:41:10 : Side: Leodagos: y lo tengo desde hace rato
07:41:23 : Side: Jej0x |Aspirante|: tenes 80 mil para regalar damelos ami
07:41:40 : Side: Jej0x |Aspirante|: manda party
07:42:13 : Group: Jej0x |Aspirante|: te acordsa la clave de la puerta?
07:42:23 : Group: Leodagos: se
07:45:02 : Group: Jej0x |Aspirante|: que boludo qye soy
07:45:06 : Group: Jej0x |Aspirante|: ahora me tapa la puerta
07:45:14 : Group: Jej0x |Aspirante|: entra el atv aca
07:45:20 : Group: Leodagos: jajja
07:45:43 : Group: Jej0x |Aspirante|: deci que tengo la otra
07:46:25 : Group: Jej0x |Aspirante|: sacame tu fiambre del techo
07:46:28 : Group: Jej0x |Aspirante|: y el heli tambien
07:46:38 : Group: Leodagos: sii ahora desaparece
07:46:44 : Group: Leodagos: ya vuelvo
07:46:59 : Group: Jej0x |Aspirante|: ok
07:47:05 : Group: Leodagos: tag friendly
07:47:14 : Group: Jej0x |Aspirante|: ya ta
07:47:27 : Group: Jej0x |Aspirante|: cerra la puerta forrito
07:47:31 : Group: Jej0x |Aspirante|: entra frio
07:48:17 : Group: Jej0x |Aspirante|: despechugalos
07:48:53 : Group: Jej0x |Aspirante|: cubrime
07:48:58 : Group: Leodagos: ok
07:49:07 : Group: Jej0x |Aspirante|: a donde vas?
07:49:56 : Group: Jej0x |Aspirante|: que materiales necesitas para el pozo de agua?
07:50:59 : Group: Jej0x |Aspirante|: quye haces?
07:51:19 : Group: Leodagos: estaba buscando pero no me acuerdo
07:51:25 : Group: Jej0x |Aspirante|: que?
07:51:27 : Group: Leodagos: no lo isimos con vos  ?
07:51:39 : Group: Leodagos: el pozo
07:51:39 : Group: Jej0x |Aspirante|: si en el airfield
07:51:47 : Group: Leodagos: ya no me acuerdo q nos pedia
07:52:33 : Group: Jej0x |Aspirante|: matame a los zombinatos
07:53:30 : Group: Jej0x |Aspirante|: que balas usas?
07:53:37 : Group: Leodagos: stanag
07:53:45 : Group: Jej0x |Aspirante|: edspues te paso unos cuantos cartuchos
07:53:49 : Group: Leodagos: ne
07:53:51 : Group: Leodagos: tengo una banda
07:53:52 : Group: Leodagos: gracias
07:54:01 : Group: Leodagos: ademas tengo unos cargadores de 100
07:54:05 : Group: Jej0x |Aspirante|: tenes de dmr?
07:54:11 : Group: Leodagos: ne 
07:54:16 : Group: Leodagos: muy ruidoso
07:54:18 : Group: Jej0x |Aspirante|: el m14 este lo amo
07:54:23 : Group: Jej0x |Aspirante|: mato cualquier cosa
07:54:42 : Group: Jej0x |Aspirante|: listo dale volve
07:55:04 : Group: Leodagos: ya vengo
07:55:22 : Group: Jej0x |Aspirante|: ok
08:00:28 : Group: Jej0x |Aspirante|: mi viejo ya entro a quirofano
08:00:41 : Group: Leodagos: fuerza loco
08:00:59 : Group: Leodagos: lo mejor q podes hacer es estar tranquilo
08:01:04 : Group: Jej0x |Aspirante|: tengo ganas de ir al hospital
08:01:07 : Group: Jej0x |Aspirante|: pero no puedo
08:01:08 : Group: Leodagos: emanar energia positiva 
08:01:12 : Group: Jej0x |Aspirante|: osea no es la primera ves que lo opetan
08:01:13 : Group: Leodagos: x ¿
08:01:24 : Group: Jej0x |Aspirante|: mi viejo tuvo cancer, tuvo 2 stens tuvo 2 infartos
08:01:34 : Group: Jej0x |Aspirante|: osea el hospital se lo conoce como la palma de la mano
08:01:59 : Group: Leodagos: uuh mal ahi
08:02:06 : Group: Jej0x |Aspirante|: ya esta viejo tiene 60
08:02:12 : Group: Leodagos: y esto le va a mejorar bastante ?
08:02:26 : Group: Jej0x |Aspirante|: no puede hacer una cuadra caminando porque se agita
08:02:35 : Group: Jej0x |Aspirante|: y esto le va a mejorar la vida si sale bien
10:55:27 : Side: Nikyta: buenas :)
10:55:34 : Side: Jej0x |Aspirante|: hola
12:51:15 : Side: JF: Hola Juan como va todo ?
12:51:43 : Side: juandayz: hola jf
12:51:52 : Side: juandayz: bien, aca testeando unas cosas nuevas
12:52:55 : Side: JF: Le vas a agregar otras cosas?
12:53:09 : Side: juandayz: le agregue 2 lugares nuevos
12:53:43 : Side: juandayz: un destacmento de policia y el regimiento de montaña, ambos con bots y caja de armas
13:01:22 : Side: JF: Juan las gallinas aguantan hasta que resetea o son permanentes?
13:02:10 : Side: JF: Hola Dan..!
13:06:19 : Side: juandayz: hasta el restart jf
13:06:39 : Side: juandayz: todo lo q es ganaderia y agricultura se borra con el restart
13:06:54 : Side: juandayz: salvo los espantapajaros y las casas de animales
13:07:34 : Side: JF: ,A gracias cuando tengas un lugarcito pegate una vueltita por aqui que tengo un trabajito para vos 
13:07:44 : Side: juandayz: hola Dan, bienvenido.. que bueno q venga gente de brasil :)
13:08:08 : Direct: juandayz: q paso?
13:08:30 : Side: JF: podes sacar eso que estuve inventando
13:08:47 : Direct: juandayz: las 3?
13:09:03 : Side: JF: si si me haces el favor
13:10:09 : Side: JF: no pesco nada ahi y primero lo instale asi y cuando se clavo queso un a parte aqui adentro y la otra del lado de afuera 
13:10:52 : Side: JF: lo unico que me dio resultado lo del gallinero tr
13:11:13 : Direct: juandayz: las casitas tambien?
13:11:33 : Direct: juandayz: esta es para criar animales
13:11:49 : Side: JF: nunca aparecio nada aqui
13:11:58 : Direct: juandayz: tardan en crecer
13:12:12 : Side: JF: y esta mal acentada
13:12:19 : Direct: juandayz: fijate q cuando pones, te dice, tu vaca por ej crecera en 10 min
13:12:28 : Direct: juandayz: ok, la borro
13:12:45 : Side: JF: despues la hubico en otra parte
13:12:56 : Direct: juandayz: el storage este tambien?
13:13:22 : Side: JF: como se consiguen los muebles para el interior de la casa
13:13:31 : Side: JF: si ese tambien
13:13:58 : Side: Jej0x |Aspirante|: buenas jorge, juan y otros
13:14:18 : Side: JF: bueno muchas gracias que le debo
13:14:35 : Side: Jej0x |Aspirante|: que muebles queres ?
13:15:25 : Side: JF: Hola jejox , como estas , nesecito todos los que se pueda
13:15:37 : Side: Jej0x |Aspirante|: pero que qures?
13:15:44 : Side: Jej0x |Aspirante|: no se a que te referis con mueblles
13:15:53 : Side: Jej0x |Aspirante|: sillones? sillas?
13:15:56 : Side: Jej0x |Aspirante|: mesas?
13:16:10 : Side: JF: alla en el trader hay tele ,chifonier, si si todo
13:16:16 : Side: Jej0x |Aspirante|: posta?
13:16:22 : Side: Jej0x |Aspirante|: uuuu re cheto voy a comprar ya
13:18:01 : Side: Jej0x |Aspirante|: che juuan
13:18:10 : Side: Jej0x |Aspirante|: como elimino algo que puse antes de morirme?
13:18:45 : Side: JF: y como te sale porque no pude comprar nada solo estan ahi, yo es para ambientar un poco por las dudas la conveso de venir a anetta jaja
13:20:08 : Side: JF: che algo que noté , que todos los zombis son machos las vagas donde estan?
13:22:08 : Side: JF: que paso Juan te dormiste parado ahi,  estas pasado de sueño jajaja !!! 
13:25:15 : Side: JF: AHI ARME EL POZO VISTE
13:25:45 : Side: Jej0x |Aspirante|: que items usaste?
13:27:57 : Side: JF: HO ten go que hacer memoria por que en este momento no me acuerdo ,cinder block , leña , lamber. pegamento del valde y algo mas que no me acuerdo
13:28:17 : Side: Jej0x |Aspirante|: cuanto de lumber?
13:28:37 : Side: Jej0x |Aspirante|: y de cinder?
13:29:03 : Side: JF: pero dijate qie te va diciendo y la pala cabo largo , 4 de cada uno creo
13:30:49 : Side: Jej0x |Aspirante|: donde venden los muebles?
13:31:15 : Side: JF: che juan estoy con intenciones de hacer una torre por alla pero le tengo cierta desconfinza porque cuando arme aquella casita y la quise presentar....
13:32:00 : Side: JF: de costado se me vino encima y me aplasto contra el camion y palmé..
13:32:26 : Side: Jej0x |Aspirante|: eu jf quien es el trader que vende los muebles?
13:33:33 : Side: Jej0x |Aspirante|: jorgeee
13:33:46 : Side: JF: esta ahi al lado de la ruleta de la muerte tenes que pagar con plata metal pero  te tira lo que se le antoja
13:34:42 : Side: Jej0x |Aspirante|: no son muebles son items usados ciegw
13:35:05 : Direct: juandayz: q me preguntabas jejox?
13:35:17 : Direct: Jej0x |Aspirante|: nada ya ta
13:35:23 : Direct: Jej0x |Aspirante|: que se necesita para el pozo?
13:35:32 : Direct: juandayz: el pozo, ya te digo
13:36:27 : Direct: Jej0x |Aspirante|: gracielaa
13:36:45 : Side: JF: jajajaja pero por ahi tenes suerte y te larga una tv u otro mueble..xD
13:37:02 : Direct: Jej0x |Aspirante|: me lo pones denuevo?
13:37:05 : Direct: Jej0x |Aspirante|: que se corrio
13:37:15 : Side: JF: ah , ahi esta la receta la viste jejox
13:37:24 : Direct: Jej0x |Aspirante|: que es la part generic?
13:38:37 : Side: Jej0x |Aspirante|: el mortero es el bucket no?
13:43:44 : Side: Jej0x |Aspirante|: che juan viste el tanque de pesca?
13:48:44 : Side: Jej0x |Aspirante|: pongan un item mas chico
13:48:48 : Side: Jej0x |Aspirante|: es demasiado grande eso
13:48:53 : Side: Jej0x |Aspirante|: una piletita podrias poner
13:49:30 : Side: Jej0x |Aspirante|: puse uno en mi plot veni a verlo
13:49:35 : Side: Jej0x |Aspirante|: tengo mitad enterrado bajo tierra
13:49:48 : Side: Jej0x |Aspirante|: porque lo meti medio asi bugeado porque es enorme
13:50:22 : Side: JF: jajajaja metele una moto acuatica para ir de punta a punta
13:50:33 : Side: juandayz: jajaja
13:51:02 : Side: juandayz: queres q te lo borre jejox?
13:51:19 : Side: Jej0x |Aspirante|: nono, dejalo
13:51:33 : Side: Jej0x |Aspirante|: pero si pueden poner algo mas chico
13:51:40 : Side: Jej0x |Aspirante|: che les hable al facebook
13:51:47 : Side: juandayz: si se puede cambiar el objeto
13:51:58 : Side: Jej0x |Aspirante|: creo que encontre el plugin de plot con el manager
13:52:13 : Side: juandayz: see ya lo teniamos antes a ese
13:52:21 : Side: Jej0x |Aspirante|: y porque lo sacaron?
13:52:25 : Side: juandayz: pero lo sacamos junto con el plot 4 life
13:52:30 : Side: Jej0x |Aspirante|: osea es un dolor de huevo ahora proqye tenes que tagear como amigo
13:52:38 : Side: juandayz: por q por algun motivo lageaba los menus
13:52:44 : Side: Jej0x |Aspirante|: ah posta?
13:52:48 : Side: juandayz: sip
13:53:10 : Side: juandayz: la verdad no se por q 
13:53:24 : Side: Jej0x |Aspirante|: ok
13:53:30 : Side: Jej0x |Aspirante|: si mejor si reducia el lag es mejor
13:53:47 : Side: juandayz: mira, cada 6 hs teniamos  q reiniciar el vps
13:54:07 : Side: Jej0x |Aspirante|: uuu mal ahi
13:54:10 : Side: juandayz: por q por ej ibas al trade y los menus de compra tardaban en aparecer como 10 seg
13:54:10 : Side: Jej0x |Aspirante|: re lagado
13:55:21 : Side: juandayz: bue me voy a buscar un lechon :D
13:55:27 : Side: juandayz: despues nos vemos
13:55:43 : Side: JF: uno de verdad ?
13:57:06 : Side: Jej0x |Aspirante|: juan
13:57:13 : Side: Jej0x |Aspirante|: te fuiste ya?
13:59:46 : Side: JF: jejox estas ahi¡
13:59:54 : Side: JF: ahi?
13:59:59 : Side: Jej0x |Aspirante|: se que paso?
14:01:04 : Side: JF: todavia no doy pies con bola , a lo mejor vos me podes decir como se logra el piso metalico
14:01:23 : Side: JF: metal floor
14:01:28 : Side: Jej0x |Aspirante|: emmm creo que con tank trap
14:01:37 : Side: Jej0x |Aspirante|: ahora te lo googleo dame un minuto
14:01:52 : Side: Jej0x |Aspirante|: sino entra a google y pone dayz epoch metal floor crafting
14:02:09 : Side: JF: ah.. dale gracias 
14:02:21 : Side: Jej0x |Aspirante|: si me esperas 2 segundo te lo googleo yo
14:02:39 : Side: JF: como quieras 
14:03:19 : Side: Jej0x |Aspirante|: ahi prendo el celu tengo una app que tiene todo de dayz epoch
14:03:42 : Side: Jej0x |Aspirante|: che viste que hay una carcel en este sv?
14:03:54 : Side: JF: jajajaja poco fana eh
14:04:03 : Side: Jej0x |Aspirante|: hahahha
14:04:14 : Side: Jej0x |Aspirante|: juego desde hace bastante a este juego y bueno esta app me re ayuda
14:04:20 : Side: Jej0x |Aspirante|: zona de looteos todo tiene
14:04:52 : Side: JF: si pero casi seguro que esta lleno de zombis y boodt
14:05:03 : Side: Jej0x |Aspirante|: see jajja
14:05:05 : Side: JF: tenes que andar armado hasta los dientes
14:05:23 : Side: Jej0x |Aspirante|: desde que empeze mi base hice muchas misiones tenog un arsenal entero aca
14:06:06 : Side: JF: yo maso  no tanto  pero para la defensa alcanza
14:06:11 : Side: Jej0x |Aspirante|: see
14:06:45 : Side: Jej0x |Aspirante|: ahi te estoy buscando el crafteo
14:08:33 : Side: JF: yo la veerdad no hace mucho que juego y al principio haciamos con otros amigos un monton de misiones aqui y casi siempre terminaba palmando en----
14:10:00 : Side: JF: en el campo de los ñatos entonces me dedique mas al comercio y mas o menos le encontre la vuelta por ahi y a investigar sobre ----
14:10:20 : Side: Jej0x |Aspirante|: en un toque vengo
14:10:27 : Side: JF: las construcciones que tiene un tocaso ..
14:11:00 : Side: JF: Hola tio Chucke
14:11:10 : Side: Tio  Chuck: e ai beleza/
14:11:38 : Side: JF: todo bien
15:07:56 : Side: Jej0x |Aspirante|: niky
15:08:07 : Side: Nikyta: hola xd
15:08:25 : Side: Jej0x |Aspirante|: todo bien?w
15:09:03 : Side: Nikyta: si si construyendo xd
15:09:06 : Side: Nikyta: vos ?
15:09:16 : Side: Jej0x |Aspirante|: iba a pescar
15:09:30 : Side: Nikyta: bien xd
15:10:02 : Side: Jej0x |Aspirante|: recien se reinicio no?
15:10:13 : Side: Nikyta: si si a las 15 reinicio
15:20:48 : Side: JF: Hola Nikyta como estas?
15:22:00 : Side: JF: Jejox ahi estube mirando un poco
15:22:04 : Side: Jej0x |Aspirante|: see?
15:22:53 : Side: JF: veo si encuentro materiales y pruebo a ver que sale
15:23:28 : Side: Jej0x |Aspirante|: del panel?
15:23:43 : Side: JF: yes
15:27:41 : Side: Jej0x |Aspirante|: y que necesitabas de materiales?
15:29:35 : Side: JF: la leña para hacer fuego , la barreta y metal scrap
15:30:01 : Side: JF: y algo para tomar mientras prendo fuego jaja
15:32:39 : Side: Jej0x |Aspirante|: y lo hiciste?
15:34:39 : Side: JF: todavia no..
15:35:24 : Side: JF: Hola Nikyta , estas bien ?
15:35:47 : Side: Nikyta: jajaj medio engripada pero si jajajaj
15:36:51 : Side: JF: oh si andamos mas o menos iguales .. xD
15:37:08 : Side: Jej0x |Aspirante|: a mi me duele la garganta un poco no me contagien
15:37:48 : Side: JF: jaja vos pasaste por la zona infestada de chernarus.. no jodas
15:38:08 : Side: Jej0x |Aspirante|: no me movi de mi base
15:39:20 : Side: JF: ja jaja entonces estas somatizando tanta soledad ..
15:39:47 : Side: Jej0x |Aspirante|: soledad? y los zombies son buenos amigos y compañeros sobre todo cuando estan muertos
15:40:23 : Side: JF: ah de ahi te contagiaste , tenes muchos ahi?
15:40:31 : Side: Jej0x |Aspirante|: masomenos afuera siw
15:41:29 : Side: JF: andá juntando partes entonces que el trato sigue abierto..
16:02:16 : Side: Nikyta: muevo el mouse y no puedo movere mi pj jajaja no me acuerdo como hacer para volverlo como antes 
16:03:12 : Side: JF: bueno chicos será hasta luego...
16:03:22 : Side: Nikyta: ayuda jajaj
16:03:35 : Side: Nikyta: no puedo mover mi pj jajaja
16:04:15 : Side: Jej0x |Aspirante|: en el numpad la tecla arriba del 9
16:04:38 : Side: Nikyta: ahora si jajajaj uff gracias jaja
17:55:16 : Side: Alan: jej0x
17:55:27 : Side: Jej0x |Aspirante|: alan
17:55:31 : Side: Alan: una pregunta
17:55:37 : Side: Alan: por que en el origins tengo ban global ?
17:55:42 : Side: Alan: ay alguna forma de sacarmelo?
17:55:55 : Side: Jej0x |Aspirante|: no tengo ni puta idea
17:55:59 : Side: Alan: uh a ver
17:56:02 : Side: Alan: ire afijarme q onda
17:56:08 : Side: Jej0x |Aspirante|: hablaste por micro en el canal global?
17:56:15 : Side: Alan: nono
17:56:21 : Side: Alan: pera hay vuelvo dsp del restart
18:17:03 : Side: Jej0x |Aspirante|: quien anda por ahi?q
18:17:41 : Side: [DMN]-Mario: estas en aeropuerto
18:17:46 : Side: Jej0x |Aspirante|: se
18:17:49 : Side: Jej0x |Aspirante|: ya me voq
18:18:01 : Side: [DMN]-Mario: ok mate bots
18:18:24 : Side: Jej0x |Aspirante|: escuchas el heli?
18:18:32 : Side: [DMN]-Mario: no
18:19:01 : Side: Jej0x |Aspirante|: en que aero estas?
18:19:32 : Side: [DMN]-Mario: en el grande
18:20:02 : Side: Jej0x |Aspirante|: vos sabes donde qued ala prision?
18:20:32 : Side: [DMN]-Mario: prision ?
18:20:41 : Side: Jej0x |Aspirante|: en este mapa hay una prision que tiene un re loot-
18:20:47 : Side: Jej0x |Aspirante|: pero esta oculta
18:21:09 : Side: [DMN]-Mario: no la verdad
18:26:10 : Side: [DMN]-Mario: aqui hay buen loot ..pero ay bots siempre
