19:39:10 : Direct: Alan: hola jf
21:22:24 : Direct: juandayz: este camion? q esta ahi
21:22:41 : Direct: MaxBraian: se
21:23:25 : Direct: juandayz: ahi te deja, llave roja dentro del camion
21:23:41 : Direct: MaxBraian: ah oka
21:23:44 : Direct: MaxBraian: gracias
21:23:48 : Direct: juandayz: de nada :)
21:30:08 : Direct: juandayz: q hubo wey
21:31:17 : Direct: juandayz: no te vayas a caer de ahi polaco :D
22:23:48 : Direct: juandayz: si creo q si
22:24:00 : Direct: juandayz: si, te l compra el trade de banddo
22:26:16 : Direct: juandayz: ahi esta
22:37:36 : Direct: Ivo: un paco pa el pi?
22:37:41 : Direct: Ivo: re negro jajaja
22:39:33 : Direct: juandayz: sacas tus armas?
22:39:39 : Direct: juandayz: de adentro?
22:39:49 : Direct: Polaco86: lo importante lo tengo
22:39:57 : Direct: juandayz: ok ahi te di el dinero :)
22:46:17 : Direct: MaxBraian: vendemela si podes pa te dos 10.000k
22:46:22 : Direct: MaxBraian: se
22:46:25 : Direct: Alan: jaja no gracias
22:46:48 : Direct: MaxBraian: vos no fuiste el del otro dia ?
22:47:07 : Direct: Alan: aca
22:47:10 : Direct: Alan: no se puede vender
22:47:14 : Direct: Alan: q cosa _
22:47:25 : Direct: Alan: vos tmb sos bandido brian
22:47:33 : Direct: MaxBraian: me dijo juan que aca la venda
22:47:43 : Direct: Alan: no pero no se puede
22:47:46 : Direct: MaxBraian: no me falta 2000 para serlño
22:48:00 : Direct: MaxBraian: para serlo je
22:48:15 : Direct: MaxBraian: ahi etsa
22:48:20 : Direct: MaxBraian: esta ajja
22:48:46 : Direct: Alan: tamos
22:48:54 : Direct: MaxBraian: ;) gracias, el que nos ataco en la base dijo ?
22:49:08 : Direct: Alan: mm yo no mato a nadie jaja
22:49:15 : Direct: Alan: va si no me dispan no disparo
22:49:33 : Direct: Alan: voss recien
22:49:37 : Direct: Alan: pasaste por la puerta de mi base
22:49:41 : Direct: Alan: no viste ?
22:50:06 : Direct: MaxBraian: si te vi pero no ataco si me atacan jaja como vos decias je
22:50:18 : Direct: Alan: jaja claroo, yo te vi y dije si se frena
22:50:21 : Direct: Alan: lo hago percha jaja
22:50:32 : Direct: MaxBraian: ajaj 
22:50:38 : Direct: MaxBraian: tenes mic
22:50:44 : Direct: Alan: SESE
22:55:47 : Direct: Polaco86: q tengo q tocar para hablarrr??
22:58:27 : Direct: juandayz: jajaja aca manga de viejas
22:58:43 : Direct: Alan: JAAJA
22:58:50 : Direct: juandayz: jajaj de una pero re flayero desde aca verlos hablar
22:59:01 : Direct: juandayz: tengo q hacer un bar para este tipo de charlas!!!
22:59:40 : Direct: Alan: LA M14 ES UN SNIPER
22:59:40 : Direct: juandayz: jajajaj
22:59:45 : Direct: Alan: PENSE QERA UN RIFLE DE ASALTO
22:59:46 : Direct: juandayz: nop
22:59:57 : Direct: juandayz: m14 es de asalto
23:00:07 : Direct: Alan: nono, fijate
23:00:09 : Direct: Alan: es sniper
23:00:28 : Direct: juandayz: es mi faking arma favorita alan :D es de asalto.. mira
23:01:42 : Direct: Alan: es sniper esa
23:01:46 : Direct: Alan: fckyng arma
23:02:11 : Direct: juandayz: esta no es sniper alan jaja
23:02:21 : Direct: Alan: si culiao
23:02:25 : Direct: juandayz: :S
23:02:36 : Direct: juandayz: fijate
23:02:37 : Direct: Alan: a ver
23:06:25 : Direct: juandayz: jajaja qedatela te digo no mas
23:06:39 : Direct: Alan: sabia que me dirias eso jajaja
23:11:28 : Direct: Alan: MukHenn
23:26:37 : Direct: juandayz: holaa
23:26:55 : Direct: juandayz: atras
23:26:57 : Direct: TWC Torabe: ola
23:28:03 : Direct: juandayz: te decia
23:28:13 : Direct: TWC Torabe: que?
23:28:17 : Direct: juandayz: todos los trades estan mercado central
23:28:19 : Direct: TWC Torabe: no te lei
23:28:25 : Direct: TWC Torabe: a ver
23:28:47 : Direct: juandayz: fijate a la izq de klen
23:28:59 : Direct: juandayz: el circulo verde q dice mercado central
23:29:17 : Direct: TWC Torabe: a si
23:29:22 : Direct: TWC Torabe: re lejos
23:29:24 : Direct: juandayz: ahi tenes, air dealer, bandt trade, hero trade, los demas trades
23:29:34 : Direct: juandayz: ademas de otras cosas agregadas
23:29:41 : Direct: TWC Torabe: y otro trader no hay?
23:29:45 : Direct: juandayz: por ej podes jugar ruleta rusa con un trader
23:29:53 : Direct: TWC Torabe: jaja
23:29:53 : Direct: juandayz: si, esta Antena4
23:30:04 : Direct: juandayz: tenes una puta tambien en mercadoo central
23:30:06 : Direct: TWC Torabe: ja voi ahi
23:30:22 : Direct: TWC Torabe: uh para!
23:30:27 : Direct: TWC Torabe: me voi a volver loko !
23:30:45 : Direct: juandayz: jajaj tambien podes hacer apuestas por dinero
23:30:59 : Direct: TWC Torabe: che y en cherno ARSENAL TRABAJA AQUI?
23:31:00 : Direct: juandayz: comprar bonos y acciones del mercado,, tenes una gitana
23:31:04 : Direct: TWC Torabe: para q sirve?
23:31:14 : Direct: juandayz: ahi en las areas de trabajo 
23:31:21 : Direct: juandayz: como el arsenal o la cantera
23:31:24 : Direct: TWC Torabe: cuidado
23:31:26 : Direct: juandayz: fabricas o encontras items
23:31:47 : Direct: juandayz: por ej en el arsenal vas a fabricar municion
23:31:58 : Direct: TWC Torabe: y te garpan¡?
23:32:00 : Direct: juandayz: en la cantera ladrillos y mortero
23:32:09 : Direct: juandayz: no, el pago son los items gratis
23:32:12 : Direct: TWC Torabe: o lo tengo q ir a vender?
23:32:16 : Direct: juandayz: lo q fabriques te lo qeda
23:32:24 : Direct: TWC Torabe: ah ok
23:32:33 : Direct: juandayz: por ej si queres hacer tu base, en vz de comprar los ladrillos
23:32:40 : Direct: juandayz: vas a la cantera y los extraes
23:32:53 : Direct: juandayz: pero bueno, para eso necesitas un martillo y una pala
23:33:12 : Direct: TWC Torabe: ok bien empiezo a correr entonces
23:33:14 : Direct: juandayz: ahi te voy  a dar un vehiculo para q te manejes
23:33:22 : Direct: juandayz: la ayudin q me pedist :D
23:33:23 : Direct: TWC Torabe: uh joya
23:33:27 : Direct: TWC Torabe: gracias
23:34:01 : Direct: TWC Torabe: gracias loko
23:34:01 : Direct: juandayz: en el equipo esta la llave
23:34:08 : Direct: TWC Torabe: che y ahy bots?
23:34:11 : Direct: juandayz: no de nada!
23:34:13 : Direct: juandayz: si
23:34:25 : Direct: juandayz: en las marcas q dicen punto de control
23:34:28 : Direct: TWC Torabe: caminando por las calle o en misiones?
23:34:33 : Direct: TWC Torabe: a joya
23:34:35 : Direct: juandayz: son zonas controladas por el ejercito
23:34:48 : Direct: juandayz: despues al norte hay una patrulla q se mueve
23:35:07 : Direct: juandayz: bueno cualquier cosa pregunta de nuevo. suerte!!
23:35:11 : Direct: TWC Torabe: ok arranco
23:35:14 : Direct: TWC Torabe: gracias kpo
23:35:17 : Direct: juandayz: :)
23:35:33 : Direct: juandayz: ?
23:35:36 : Direct: Alan: culiao
23:35:39 : Direct: Alan: siempre me pasa lo mismo
23:35:44 : Direct: Alan: pierdo mi vehiculo jajaja
23:36:30 : Direct: juandayz: sos la cara jajaj
23:36:36 : Direct: juandayz: a ver
23:36:47 : Direct: Alan: jajaja
23:37:27 : Direct: Alan: ashh
23:37:30 : Direct: Alan: casi lo encuentro viste
23:37:31 : Direct: Alan: jajaja
23:37:45 : Direct: juandayz: re lejos
23:37:50 : Direct: Alan: jajaja
23:37:53 : Direct: juandayz: agarraste las cosas
23:37:54 : Direct: Alan: 200 metritos nomas
23:38:17 : Direct: Alan: quien
23:38:20 : Direct: Alan: gano el evento _
23:38:29 : Direct: juandayz: del evento,o agarraste las cosas?
23:38:34 : Direct: Alan: no encontre
23:38:36 : Direct: Alan: la maldita caja
23:38:48 : Direct: juandayz: dios alan
23:38:53 : Direct: juandayz: 5 banderas le puse jajaj
23:38:54 : Direct: Alan: jajajaja
23:39:03 : Direct: juandayz: anda a buscarla haceme el favor
23:39:04 : Direct: Alan: que no encontre ni 1 sola bandera
23:39:05 : Direct: Alan: jajaja
23:39:07 : Direct: Alan: jajajaja
23:39:08 : Direct: Alan: weno jaja
23:39:12 : Direct: Alan: subi
23:39:13 : Direct: Alan: jaja
23:39:44 : Direct: juandayz: ni creas q te voy a decir donde
23:39:57 : Direct: Alan: tranquilo la encontrare
23:40:01 : Direct: Alan: es mi instinto de supervivencia
23:40:51 : Direct: juandayz: frio frio
23:41:04 : Direct: juandayz: helado
23:41:22 : Direct: juandayz: frio
23:41:46 : Direct: juandayz: tibio
23:41:52 : Direct: juandayz: frio
23:42:08 : Direct: juandayz: ciego de mierda
23:42:10 : Direct: Alan: malditas
23:42:12 : Direct: Alan: banderas
23:42:14 : Direct: Alan: jajajajaja
23:42:23 : Direct: Alan: lel
23:42:27 : Direct: juandayz: jaja
23:42:32 : Direct: Alan: tremenda banderas
23:42:34 : Direct: Alan: y no las veia
23:42:52 : Direct: juandayz: encima con una mina chupando pija la bandera
23:42:56 : Direct: juandayz: como pa no verla
23:43:08 : Direct: Alan: jajajaja
23:43:42 : Direct: juandayz: me voy a cagar de risa si vienen  y te matan
23:43:56 : Direct: Alan: jajaja
23:44:01 : Direct: Alan: no seas malo
23:44:04 : Direct: juandayz: jjaja
23:44:47 : Direct: juandayz: alta facha
23:44:47 : Direct: Alan: woo
23:44:49 : Direct: Alan: y esto
23:44:54 : Direct: Alan: este traje no lo venden eh ?
23:45:02 : Direct: juandayz: no cuidalo
23:45:13 : Direct: Alan: ok
23:45:43 : Direct: Alan: q es eso
23:45:47 : Direct: Alan: de romance novel
23:45:53 : Direct: Alan: subite
23:45:56 : Direct: Alan: vamosno a la chingada
23:45:57 : Direct: Alan: jaja
23:46:03 : Direct: juandayz: jajaj anda 
23:46:09 : Direct: Alan: veni por si me disparan
23:46:11 : Direct: Alan: me ayudas jaja
23:46:24 : Direct: juandayz: jaajaj naa no puedo intervenir
23:46:31 : Direct: Alan: maldito amigoa
23:46:33 : Direct: Alan: traidor
23:46:37 : Direct: juandayz: jaajaj
23:46:40 : Direct: Alan: uhh jaja
23:46:59 : Direct: Alan: soy un peigro en esto
