03:18:32 : Group: Hawk: es tuyo el vodnik
03:19:00 : Group: Marti: no se ni que es un vodnik, mira lo que te digo
03:19:07 : Group: Hawk: esto que esta aca
03:19:24 : Group: Marti: me imagine, no es mio lamentablemente 
03:31:30 : Group: Marti: viste cuando te pregunte si estabas seguro de lo que hacias?
03:33:55 : Group: Hawk: q hiciste gila
03:34:57 : Group: Marti: te invito a que vengas me peges un tiro y me robes todo -.-
03:35:16 : Group: Hawk: jajajaj ya perdiste la suv?
03:35:21 : Group: Hawk: casi una hora te duro!
03:35:27 : Group: Hawk: mas de lo que espere igual.
03:36:02 : Group: Marti: pase por entre dos misiones, lo importante es que estoy bien JAJAJAJA
03:36:21 : Group: Hawk: revento la suv? sino podes volvera buscarla cuando desaprezcan
03:37:39 : Group: Marti: no revento, pincho 
03:41:26 : Group: Marti: JAJJAJAJAJJAJA
03:41:55 : Group: Hawk: para que penses en lo que hiciste
03:42:00 : Group: Hawk: en penitencia
03:42:15 : Group: Marti: de florero
03:42:29 : Group: Marti: igual preferiria que me mates y robes
03:42:38 : Group: Hawk: naaa
03:43:36 : Group: Marti: vos eras asi de malo cuando empezaste a jugar? jajajaaj
03:43:48 : Group: Hawk: naaa nadie puede ser TAN malo
03:44:26 : Group: Marti: ya lo creo
03:45:14 : Group: Marti: no se van mas las misiones 
03:45:27 : Group: Hawk: ah si pueden estar como 30 minutos
03:46:08 : Group: Marti: puta madre
03:46:41 : Group: Marti: wtf
03:46:41 : Group: Hawk: magia
03:47:16 : Group: Marti: mientras mas magia hagas mas mal me voy a sentir con mis cagadas jajajajaj
03:47:28 : Group: Hawk: naa es solo una SUV
03:47:44 : Group: Hawk: ni que tuvieras un tanke
03:48:15 : Group: Marti: jajajajajajaaj pero igual
