00:29:54 : Group: Hawk: gil
00:30:37 : Group: Hawk: lol
00:30:44 : Group: Hawk: se dio vuelta el gil
00:34:06 : Group: jMM: veni buscame porfa
00:34:09 : Group: jMM: me quede a pata
00:34:21 : Group: Azrael1x: voy
00:35:56 : Group: jMM: cargue el cuatri a ver si lo puedo arreglar
00:36:11 : Group: jMM: que cheto se ve de noche
00:36:21 : Group: Azrael1x: se es uhna masa loco
00:37:02 : Group: jMM: tiene luz tu heli ?
00:37:27 : Group: Azrael1x: ahi esta
00:37:33 : Group: jMM: we re cheto
00:38:39 : Group: Hawk: azra no has escuchado un heli por ahi
00:38:49 : Group: Hawk: Soy Chuky con este nick por las dudas
00:38:53 : Group: Azrael1x: si antes de salir
00:39:04 : Group: Hawk: Estoy esperando aca a ver si cruza
00:39:09 : Group: Hawk: para bajarlo
00:39:17 : Group: Hawk: creo que alguien esta construyendo en lago negro
00:39:19 : Group: Hawk: cerca de ahi
00:39:32 : Group: jMM: voy a ir a cmpear
00:39:48 : Group: Azrael1x: dale
00:40:05 : Group: jMM: me abris ?w
00:46:24 : Group: Azrael1x: vamos a la mayor mansion?
00:47:38 : Group: jMM: me quedo a campear
00:48:32 : Group: Hawk: yo me sumo azra
00:48:49 : Group: jMM: ivan la G17 tiene linterna
00:48:56 : Group: jMM: la prendes con la L
00:49:16 : Group: Hawk: vamos azra? a la mansion
00:49:57 : Group: Azrael1x: si pero voy en bici nos encontramos ahi
00:50:12 : Group: Hawk: dale yo tambien
00:50:54 : Group: jMM: soy el unico que puede estar toda la noche esperando el little ?
00:51:17 : Group: Azrael1x: see jaja
00:54:27 : Group: Hawk: te paso a buscar azra?
00:54:36 : Group: Azrael1x: se borro -.-
00:54:41 : Group: Hawk: wtf
00:55:00 : Group: Hawk: ya va a aparecer otra, voy llendo hacia ahi
00:55:09 : Group: Azrael1x: dale voy para tu lado
00:56:50 : Group: Hawk: segui por esa
00:57:08 : Group: Azrael1x: oka
00:59:14 : Group: Hawk: ahi deje ammo en el equipo
00:59:18 : Group: Hawk: en caso de que precises
00:59:19 : Group: Hawk: no creo
00:59:26 : Group: Hawk: no lo recargues porque se borra
00:59:49 : Group: Azrael1x: sisi no le pongo hasta que necesitemos
01:00:34 : Group: Hawk: y eso
01:00:53 : Group: jMM: que c osa loco
01:01:09 : Group: jMM: se me acalambra el cuerpo campeando aca JAJA
01:01:14 : Group: Hawk: decile chau azra
01:01:27 : Group: Hawk: retrocede un cacho
01:02:38 : Group: Azrael1x: indestructible jaja
01:02:54 : Group: Hawk: naa son destruibles si
01:03:45 : Group: Hawk: esta todo 100 % no se porque no exploto
01:04:13 : Group: Azrael1x: esta lockeado el heli capaz por eso
01:04:22 : Group: Hawk: si pero no hay godmode
01:05:46 : Group: jMM: we me canse de campear jajaja
01:27:55 : Group: reconnect: volvi de nuevo
02:38:27 : Group: Hawk: lalo cagon
02:39:22 : Group: vodka: jaja q onda ? che no me da la opcion de upgrate en la pared
02:39:42 : Group: Hawk: ya estan arriba que mas queres mejorarlas
02:40:03 : Group: vodka: bue ayer faltaba 
02:40:14 : Group: Hawk: hoy la hicimos con gorde, no anda bien el plot, a mi no me dejaba
02:40:19 : Group: Hawk: jorge
02:40:47 : Group: vodka: haa con razon
02:41:54 : Group: Hawk: 609 la combinacion de la puerta lalo
02:42:13 : Group: Hawk: 690*
02:42:39 : Group: vodka: ok
15:50:47 : Group: Ocampo: me vieron
15:50:55 : Group: Ocampo: hasta las bolas estou jaajaj
15:50:57 : Group: JHONNYWALKER: alejate
15:51:06 : Group: Ocampo: sisi 
15:51:51 : Group: Ocampo: quiero tumbar la mg asi se facilita
15:52:05 : Group: JHONNYWALKER: okw
15:53:51 : Group: Ocampo: por aca esta jodido
15:54:11 : Group: JHONNYWALKER: ahi te tire unaa pk
15:54:15 : Group: Ocampo: guarda
15:54:42 : Group: Ocampo: habia dos bots jajaj
15:54:50 : Group: JHONNYWALKER: jaja a la boca del lobo vine
15:54:58 : Group: JHONNYWALKER: me le dieron
15:56:54 : Group: JHONNYWALKER: bueee
16:07:44 : Group: Ocampo: lleno de zombis la puta madre
16:16:38 : Group: Ocampo: insoportable son los zombies no se puede hacernada
16:16:40 : Group: JHONNYWALKER: ta muerto el del artillado
16:16:48 : Group: JHONNYWALKER: ahh ahi una montado abajo
16:17:01 : Group: Ocampo: sisi
16:17:06 : Group: Ocampo: hay q bajar ese
16:22:06 : Group: Ocampo: muertos dos
16:22:20 : Group: JHONNYWALKER: 2 qedan creo
16:22:43 : Group: JHONNYWALKER: 2 veo
16:23:13 : Group: Ocampo: noo
16:23:15 : Group: Ocampo: hay mas
16:24:17 : Group: JHONNYWALKER: me acerco cubrime
16:24:21 : Group: Ocampo: banca
16:24:25 : Group: Ocampo: hay uno arrastrandose
16:24:34 : Group: Ocampo: dos
16:24:57 : Group: JHONNYWALKER: atras o adelante del culo de la pick
16:25:18 : Group: Ocampo: ahi los mate
16:25:24 : Group: JHONNYWALKER: ok me acerco
16:25:24 : Group: Ocampo: banca q vea 
16:25:49 : Group: Ocampo: creo q estaa
16:25:59 : Group: JHONNYWALKER: si
16:26:15 : Group: JHONNYWALKER: venite
16:26:50 : Group: JHONNYWALKER: si
16:27:55 : Group: JHONNYWALKER: hay unas mk agarralas
16:28:02 : Group: JHONNYWALKER: en las cajas muni cal 50
16:28:15 : Group: Ocampo: la pega la m8
16:29:01 : Group: Ocampo: q cargosos son
16:29:16 : Group: JHONNYWALKER: seee
16:29:33 : Group: JHONNYWALKER: aca en el sniper tenes una barrita de oro
16:31:48 : Group: JHONNYWALKER: che y si cargamos la camio y vendemos todo y dividimos?
16:31:55 : Group: Ocampo: dale
16:32:06 : Group: Ocampo: igual creo q es de hero esta camio
16:32:11 : Group: Ocampo: no la podemos vender nosotro
16:32:22 : Group: JHONNYWALKER: pero llevamos todas lar armas 
16:32:27 : Group: Ocampo: si eso 
16:34:20 : Group: JHONNYWALKER: 2 armas mas entran
16:34:28 : Group: Ocampo: oka 
16:34:30 : Group: Ocampo: ahi llevo
16:35:05 : Group: JHONNYWALKER: donde estoy tenes una LGbag
16:43:09 : Group: Ocampo: se me cago internet...
16:43:12 : Group: JHONNYWALKER: te espere un rato y arranque
16:43:17 : Group: JHONNYWALKER: estoy llendo a bash
16:43:29 : Group: Ocampo: si tuve q reiniciar el modem cinco veces mas o menos
16:43:30 : Group: JHONNYWALKER: a vender
16:43:35 : Group: JHONNYWALKER: uhh jaja
16:43:50 : Group: Ocampo: ahi voy en bici a ver si llego
16:43:56 : Group: JHONNYWALKER: dalee
17:38:57 : Group: Ocampo: hola negro
17:39:07 : Group: JHONNYWALKER: loco estoy en antena ya vendi todo
17:39:13 : Group: JHONNYWALKER: 124.000
17:39:18 : Group: Ocampo: sabe
17:39:22 : Group: JHONNYWALKER: 62 para cada
17:39:27 : Group: Ocampo: oka
17:39:32 : Group: JHONNYWALKER: la pick te la dejo
17:39:46 : Group: Ocampo: la tenes vos?
17:40:17 : Group: JHONNYWALKER: si te veo en stary
17:40:27 : Group: JHONNYWALKER: y te doy tu tajada y la pick :D
17:40:53 : Group: Ocampo: voy a ver si me puedo comprar una moto con las armas q tengo
17:40:56 : Group: Ocampo: pq me quede sin bici
17:41:09 : Group: JHONNYWALKER: 4.000 vale con un arma la compras y sobra
17:41:14 : Group: Ocampo: oka
17:42:26 : Group: Ocampo: hasta recien estuve probando el wifi son una garcha los de arnet
17:42:31 : Group: JHONNYWALKER: seee
17:42:53 : Group: JHONNYWALKER: a mi me andubo pesimo durante años hasta q pusieron una caja a la vuelta de casa :D
17:44:43 : Group: Ocampo: si aca cada vez q llueve al otro dia empieza a andar como el orot
17:45:22 : Group: JHONNYWALKER: voy hacia vos
17:50:36 : Group: JHONNYWALKER: ahi te pase el dinero
17:50:46 : Group: Ocampo: ni se vende la pkp kkak
17:50:55 : Group: JHONNYWALKER: en el trade hero o bandido
17:51:08 : Group: JHONNYWALKER: si no armate una base, sacale las ruedas y lo dejas como antiaereo
17:51:16 : Group: Ocampo: de una
17:51:18 : Group: JHONNYWALKER: arriba de un techo
17:51:36 : Group: Ocampo: ya se reinicia este sv?
17:51:39 : Group: JHONNYWALKER: si
17:51:44 : Group: JHONNYWALKER: en 10 creo
17:52:12 : Group: JHONNYWALKER: sigo mi viaje :D
17:52:17 : Group: Ocampo: okaa
18:46:20 : Group: Leodagos: asd
18:46:28 : Group: Dexter: venite a la mision
18:46:33 : Group: Dexter: acordate que tenes la bici para armar
18:46:58 : Group: Leodagos: igual necesito un fierro para mision
18:47:05 : Group: Dexter: yo tngo un cz 
18:47:17 : Group: Dexter: o espera que la haga si me muero seguis vos
18:47:19 : Group: Leodagos: q lastima lo del fugitivo con eso haciamos guita enseguida
18:47:46 : Group: Dexter: ay uno en moto aca
18:47:54 : Group: Leodagos: llendo
18:48:04 : Group: Dexter: lo escuche no lo vi
18:49:26 : Group: Dexter: no tenes plata?
18:49:33 : Group: Leodagos: tengo un heli
18:49:47 : Group: Leodagos: tengo el pole
18:49:49 : Group: Leodagos: si qeres
18:49:53 : Group: Leodagos: combo lock
18:50:14 : Group: Dexter: me faltan 50 palos para una safe
18:50:27 : Group: Leodagos: tengo una safe
18:50:30 : Group: Leodagos: tengo 2
18:50:32 : Group: Leodagos: te doy unae
18:50:40 : Group: Dexter: con quien jugas?
18:50:43 : Group: Leodagos: solo
18:50:56 : Group: Leodagos: tengo 3 bases
18:50:57 : Group: Dexter: dale adonde las tenes?
18:51:02 : Group: Dexter: ah :C
18:51:10 : Group: Leodagos: me envicie
18:51:11 : Group: Leodagos: 1 dia
18:51:13 : Group: Leodagos: ise todo
18:51:28 : Group: Dexter: jajajaja
18:51:28 : Group: Dexter: vicio
18:51:30 : Group: Leodagos: igual arranquemos
18:51:31 : Group: Leodagos: una
18:51:44 : Group: Leodagos: voy x el heli y vamos a dar unas vueltas
18:51:51 : Group: Leodagos: te quiero mostrar una base
18:51:57 : Group: Dexter: no bola que me kickea a cada rato por ping
18:52:17 : Group: Leodagos: vamos en bici o en vodnik?e
18:52:30 : Group: Dexter: bici ni tnego :C
18:52:36 : Group: Leodagos: ahi te llevo una
18:52:37 : Group: Leodagos: xD
18:53:26 : Group: Dexter: es la pija
18:53:53 : Group: Leodagos: de donde sos
18:53:57 : Group: Dexter: arg
18:54:05 : Group: Leodagos: y xq tanto ping ?
18:54:10 : Group: Dexter: el proovedor es una mierda
18:54:16 : Group: Dexter: y no tengo otro que llegue aca
18:54:17 : Group: Leodagos: full pornich
18:54:24 : Group: Dexter: no tengo nada abierto
18:54:29 : Group: Leodagos: jaja
18:54:46 : Group: Leodagos: esto de los grupos tiene spotteo vistee
18:54:52 : Group: Dexter: como?
18:54:57 : Group: Leodagos: claro
18:54:59 : Group: Leodagos: a vos
18:55:07 : Group: Leodagos: te aparece un msje si yo veo algo
18:55:12 : Group: Leodagos: te dice
18:55:13 : Group: Dexter: si?
18:55:26 : Group: Leodagos: Man close 100 mts north
18:55:30 : Group: Leodagos: algo asi
18:55:47 : Group: Leodagos: re boton
18:56:00 : Group: Leodagos: te da ventaja jugar en grupo
18:56:12 : Group: Leodagos: demasiada
18:58:09 : Group: Dexter: si
18:59:41 : Group: Dexter: me importan las armas
20:47:20 : Group: kecho: Hola Asra
20:47:28 : Group: Azrael1x: hola trolon
20:47:40 : Group: Azrael1x: voy para la base y sale mision?
20:47:52 : Group: kecho: En 13 min reinicia
20:48:11 : Group: Azrael1x: bueno mientras voy
20:48:20 : Group: kecho: ok
20:53:52 : Group: kecho: Asra vos venis en Heli?
20:54:35 : Group: Azrael1x: aterrizo cerca?
20:56:07 : Group: kecho: Lo voleteamos¡
20:58:01 : Group: kecho: Agregame en el Manager de las puertas
20:58:14 : Group: Azrael1x: vamos al ts de rabbit para cuando vuelve
20:58:28 : Group: kecho: ok
20:58:58 : Group: Azrael1x: acercate que no apareces
20:59:15 : Group: kecho: Ahora
20:59:22 : Group: Azrael1x: jaja la otra nabo
20:59:44 : Group: kecho: jajajaj
20:59:48 : Group: kecho: Murio
20:59:53 : Group: Azrael1x: lesto
20:59:57 : Group: kecho: Seguro perdio el heli
21:14:39 : Group: jMM: donde vamos ?
21:14:53 : Group: kecho: Hacemos una mision Asra?
21:14:55 : Group: Azrael1x: che tengo 2 m8 que no pude vender -.-
21:15:03 : Group: jMM: cual es ?
21:15:06 : Group: kecho: En Stary se venden
21:15:20 : Group: kecho: Traelas que voy a vender un auto
21:15:31 : Group: kecho: Y entra al TS
21:15:37 : Group: jMM: ahi entro
21:15:40 : Group: Azrael1x: a cual?
21:15:48 : Group: jMM: eso a caul
21:16:07 : Group: Azrael1x: vamos al de univerrse?
21:16:17 : Group: jMM: okas
21:16:40 : Group: kecho: Cual es?
21:16:54 : Group: Azrael1x: 200.69.229.77
21:16:57 : Group: Azrael1x: 200.69.229.77
21:17:00 : Group: Azrael1x: 200.69.229.77
22:01:12 : Group: Hawk: hola perras
