00:09:09 : Side: =[666]=Pablo_RC: buenas!
00:09:23 : Side: NightdeadBCE: hola
00:14:03 : Side: Jose Luis: hola hola
00:14:32 : Side: =[666]=Pablo_RC: holas°!
00:14:36 : Side: Jose Luis: hola pablo
00:14:39 : Side: Jose Luis: como estan todos
00:14:49 : Side: NightdeadBCE: hola.
00:14:55 : Side: Jose Luis: hola night
00:14:56 : Side: =[666]=Pablo_RC: todo tranqui
00:14:58 : Side: Jose Luis: estan en mision?
00:15:02 : Side: Jose Luis: voy a la de bandits
00:15:49 : Side: Jose Luis: el que quiera venir bienvenido
00:15:57 : Side: Jose Luis: pero que invite a grupo para no matarnos
00:18:23 : Side: Jose Luis: tu estas en la mision night?
00:18:52 : Side: NightdeadBCE: era la de heeroes
00:19:00 : Side: NightdeadBCE: recien terminamo una de presidente.
00:19:05 : Side: Jose Luis: na la de bandits
00:19:14 : Side: Jose Luis: disabled convoy
00:19:17 : Side: NightdeadBCE: nopoe nosotros heroes ;-c
00:19:27 : Side: Jose Luis: van a ser bandidos?
00:21:11 : Side: Jose Luis: lastima yo sere heroe de nuevo
00:24:20 : Side: Jose Luis: pablo heroe o bandido?
00:44:37 : Side: Jose Luis: ustedes estan en heroes ural attack?
00:44:43 : Side: =[666]=Pablo_RC: yo
00:44:54 : Side: Jose Luis: ok voy a pasar cerca en una suv asi que cuidado
00:49:37 : Side: Malmsteen: quien esta en la mission de los bandits convoy
00:49:43 : Side: =[666]=Pablo_RC: yo
00:49:46 : Side: Jose Luis: yo
00:49:49 : Side: Jose Luis: alfin en cual estas pablo
00:49:53 : Side: Malmsteen: todos 
00:49:55 : Side: Jose Luis: en la de bandits o la de heroes
00:50:06 : Side: Jose Luis: hagan grupo entoncesp orque nos vamos a matar entre nosotros
00:50:19 : Side: =[666]=Pablo_RC: heroes
00:50:31 : Side: Jose Luis: entonces estoy yo malms
00:52:11 : Side: Malmsteen: pablo aceptas¡
00:52:35 : Side: Malmsteen: pablo aceptas ? o vas contra nosotros ?
00:52:49 : Side: =[666]=Pablo_RC: aguantaaa
00:52:51 : Side: Jose Luis: pablo esta en heroes
00:52:52 : Side: =[666]=Pablo_RC: jeje
00:52:55 : Side: Malmsteen: ok
00:52:58 : Side: =[666]=Pablo_RC: me estaban comiendo
00:53:08 : Side: Malmsteen: menos mal hablaste ya te tenia en la mira
00:53:12 : Side: Malmsteen: :v
00:53:20 : Side: =[666]=Pablo_RC: jajja
00:55:41 : Side: =[666]=Pablo_RC: quien esta cerca mio?
01:06:06 : Side: JF: HOLA GENTE TODO BIEN??..
01:06:15 : Side: =[666]=Pablo_RC: hola!
01:06:21 : Side: Jose Luis: hola jf!
01:07:16 : Side: NightdeadBCE: el gurpo
01:07:20 : Side: NightdeadBCE: invite
01:08:02 : Side: NightdeadBCE: invite grupo 
01:08:07 : Side: NightdeadBCE: luego no se quejen si los mato.
01:08:21 : Side: Jose Luis: con una escopeta? xD
01:08:49 : Side: Jose Luis: invitalo malms
01:09:07 : Side: JF: Jajaj no se quien es el anfitrion sos vos jose
01:09:18 : Side: JF: ??
01:09:35 : Side: Jose Luis: naa no soy yo
01:10:02 : Side: JF: ah stas delegando responsabilidades jeje
01:11:00 : Side: Jose Luis: como
01:11:26 : Side: Jose Luis: dale te espero
01:12:29 : Side: Malmsteen: pablo donde estas
01:12:35 : Side: Malmsteen: crep q me disparas
01:12:43 : Side: Jose Luis: naa pablo esta muy muy lejos
01:12:46 : Side: Jose Luis: en la mision de heroes
01:15:15 : Side: Jose Luis: DALE VENI
01:16:10 : Side: Jose Luis: PERO TE ESTAS ALEJANDO LOCO ASI COMO
01:16:38 : Side: Jose Luis: OK OK
01:16:43 : Side: Jose Luis: PUES VOLVAMOS A HACER EL GRUPO
01:16:56 : Side: Jose Luis: YO NO SOY LIDER SOS VOS
01:17:40 : Side: Malmsteen: salte de tu grupo para invitarte jose luis y el otro
01:17:55 : Side: Jose Luis: OK EPERA MATO SOLDIER
01:18:17 : Side: Jose Luis: Y
01:23:21 : Side: Jose Luis: CAE OTRO
01:48:46 : Side: Jose Luis: CUIDADO QUE VOY POR AIRE
01:49:15 : Side: Jose Luis: MALMSTEN LOGRARON MATAR A LOS QUE NOS DISPARAN?
01:49:22 : Side: JF: si pasaste al lado pero no me ivste
01:49:29 : Side: Jose Luis: YO CREO QUE SON DE LA BASE
01:49:51 : Side: Jose Luis: CMO ASI JF
01:50:48 : Side: Jose Luis: INVITEN A GRUPO PUES PARA QUE NO ME MATEN
01:51:54 : Side: JF: che quie esta bajando en paracaidas
01:51:59 : Side: Jose Luis: yo estaba
01:52:23 : Side: JF: ah bien !!
01:55:22 : Side: Malmsteen: estan de nuevo todos 
01:55:38 : Side: Malmsteen: en el sitio veo muchos
01:56:07 : Side: =[666]=Pablo_RC: jf
01:56:07 : Side: Jose Luis: no se yo recupere mi cuerpo y sali corriendo
01:56:09 : Side: Malmsteen: donde los vez 
01:56:17 : Side: Malmsteen: :( 
01:56:23 : Side: Jose Luis: estaban disparandome mucho
01:57:00 : Side: Malmsteen: si perdere mi cuerpo creo :(
01:57:02 : Side: Jose Luis: puedo jugar que son los de esta base militar
01:57:17 : Side: Jose Luis: pero en el sitio de mision no hay nadie
01:57:19 : Side: Malmsteen: en la zona donde estabamos vi muchos
01:57:21 : Side: Jose Luis: asaltemos la base militar
01:57:25 : Side: Malmsteen: si hay
01:57:43 : Side: Malmsteen: puedes venr al sitio de la mision o ver desde lejos
01:58:03 : Side: Malmsteen: no te escucho ben
01:58:12 : Side: Jose Luis: malmsten vete de ahi tu estas en otra mision
01:58:34 : Side: Jose Luis: yo estoy alejandome me dañaron el coche a disparos
01:58:39 : Side: Malmsteen: wtffffff jajajajaja cierto
01:59:04 : Side: Jose Luis: jajajaja que loco
01:59:40 : Side: Jose Luis: con razon veias muchos
01:59:45 : Side: Jose Luis: a mi me disparaban no se de donde
01:59:51 : Side: Jose Luis: recoger las cosas de la mision es dificil
02:00:05 : Side: Jose Luis: pero en la caja solo hay cosas de construccion
02:00:54 : Side: Jose Luis: jf
02:02:16 : Side: Jose Luis: ey dime
02:02:32 : Side: Jose Luis: cual cola
02:02:44 : Side: Jose Luis: jaja que no te entiendo pana
02:02:55 : Side: Jose Luis: escribe loco
02:03:17 : Side: Jose Luis: quieres atacar esa base?
02:04:29 : Side: Jose Luis: jf
02:04:34 : Side: Jose Luis: donde estas jf
02:05:02 : Side: JF: ESTOY AL SUR DEL MAPA POR??
02:05:22 : Side: Jose Luis: para que fueramos a la otra de bandits
02:05:48 : Side: Jose Luis: malmsten necesitas algo?
02:06:00 : Side: Malmsteen: un aventon
02:06:09 : Side: Jose Luis: dale veni nomas
02:06:30 : Side: JF: en este momento estoy medio comprometido con los zombis creo que se han reproducido en este tiempo que falte jaja
02:06:46 : Side: =[666]=Pablo_RC: jeje
02:06:55 : Side: Jose Luis: voy por ti malms
02:07:15 : Side: Jose Luis: a mi tambien me daban mucho por eso me fui
02:07:45 : Side: Jose Luis: a mi me re jodieron el coche loco
02:08:00 : Side: Jose Luis: oye en la caja hay materiales de construccion no alcance a recoger
02:09:14 : Side: Jose Luis: ya viste que hay?
02:09:20 : Side: Jose Luis: tampoco alcance a recoger armas de los cuerpos
02:09:26 : Side: Jose Luis: tengo las armas de la mision que hice en la tarde
02:10:18 : Side: Jose Luis: oye jf
02:10:24 : Side: Jose Luis: cual es el mejor helicoptero de los heroes
02:10:27 : Side: Jose Luis: y cuanto vale
02:11:23 : Side: Malmsteen: hay muchas cosas de construccion
02:11:24 : Side: JF: para que lo quieres para combate o carga
02:11:25 : Side: Jose Luis: puedo ir hasta donde estas o me estallan el coche?
02:11:27 : Side: Malmsteen: PERO TUVE Q SALIR RAPIDO
02:11:40 : Side: Jose Luis: ups
02:11:47 : Side: Jose Luis: amigo
02:11:52 : Side: Jose Luis: tengo un sniper de frente
02:11:56 : Side: Jose Luis: bandido o yo que se
02:12:15 : Side: Jose Luis: no eres tu
02:12:23 : Side: Jose Luis: todos los pj que esten en el server que se paren
02:12:28 : Side: Jose Luis: porque esta tirado en el piso
02:12:31 : Side: Jose Luis: ahh ya
02:12:33 : Side: Jose Luis: quien es
02:12:53 : Side: Jose Luis: quien sos
02:12:59 : Side: Jose Luis: esta aqui parandose y acostandose
02:13:14 : Side: Jose Luis: miedo me da casi lo mato y me da miedo que me de a mi por no leer el chat
02:13:44 : Side: Jose Luis: yo voy
02:14:16 : Side: Jose Luis: montate rapido
02:14:41 : Side: Jose Luis: estoy atras tuya en coche
02:14:53 : Side: JF: JOSE PAA QUE QUIERES EL HELI PARA COMBATE PUEDE SER EL UH-1H
02:14:58 : Side: Jose Luis: vuelve usain bolt
02:22:23 : Side: Jose Luis: jf 
02:22:27 : Side: Jose Luis: helicoptero de carga 
02:22:30 : Side: Jose Luis: y otro de combate
02:22:37 : Side: Jose Luis: cuanta capacidad tiene el de carga
02:23:31 : Side: JF: EL UH-IH TIENE POCO PARA CARGA ESMEJOR OTRO PERO AHORA NO RECUERDO EL NOMBRE CUANDO LLEGO AL TRADER TE DIGO
02:23:31 : Side: Jose Luis: t
02:24:11 : Side: Jose Luis: ok gracias
02:28:42 : Side: Malmsteen: bueno me voy se cuidas hasta lluego
02:29:14 : Side: Jose Luis: quien anda en ese mini helicoptero
02:29:51 : Side: JF: En mozzi soy yo
02:30:18 : Side: Jose Luis: jajaja oka
02:32:28 : Side: Jose Luis: que heli tan grande
02:32:36 : Side: =[666]=Pablo_RC: jejeje
02:33:07 : Side: Jose Luis: cuanta capacidad tiene
02:33:21 : Side: Jose Luis: jf donde estas
02:33:39 : Side: =[666]=Pablo_RC: 10 armas, 8 mochilas y 50 cosas
02:34:26 : Side: JF: EL CH-47F AL esta bueno jose  costo 400000 de contado
02:34:31 : Side: JF: jajaa
02:34:37 : Side: Jose Luis: jajaaja 
02:34:40 : Side: Jose Luis: cuanta capacidad loco
02:35:42 : Side: JF: un monton y defensa  capacidad 5 o 6 pasajeros no recuerdo bien
02:35:55 : Side: Jose Luis: mh q
02:36:02 : Side: Jose Luis: lo vende el heroe?
02:36:24 : Side: JF: el mismo alla en frente te sale un millon
02:37:14 : Side: JF: es el doble mas grande que este
02:37:19 : Side: =[666]=Pablo_RC: alguno de ustedes es heroe?
02:37:23 : Side: Jose Luis: quiero ese heli
02:37:36 : Side: Jose Luis: yo lo era hasta que mate a jf
02:37:43 : Side: JF: yo un poco jaja
02:37:56 : Side: JF: gatillo facil!!!
02:38:18 : Side: Jose Luis: sabes que estaba ofendido porque me mataron xD
02:38:49 : Side: Jose Luis: quien dispara
02:38:51 : Side: Jose Luis: en comercio
02:39:20 : Side: JF: nos convidaron con municion de principio a fin ayer y vos te ofendes jaja
02:39:49 : Side: Jose Luis: jajaja que pasa que es este descotrol
02:41:30 : Side: JF: no no te dice hasta que lo compraste pero confia que tiene buena  
02:42:30 : Side: JF: aqui no está , está alla en frente pero de heroe es mas economico 
02:42:52 : Side: =[666]=Pablo_RC: wiiiiiii
02:43:43 : Side: =[666]=Pablo_RC: quien agarro la mochila?
02:43:57 : Side: =[666]=Pablo_RC: yes
02:44:18 : Side: JF: che quien dispara 
02:44:26 : Side: =[666]=Pablo_RC: grax
02:45:42 : Side: =[666]=Pablo_RC: a mi me tiran
02:46:07 : Side: Jose Luis: estan lanzando misiles
02:46:15 : Side: =[666]=Pablo_RC: me quedo aca
02:46:38 : Side: Jose Luis: donde te eleves un poquito te vuelan al carajo
02:46:47 : Side: =[666]=Pablo_RC: seeeee
02:47:02 : Side: JF: aqui en el circulo es modo dios no te matan pero nosalgan porque los bajan y ya no hay tiempo para recuperar el cadaver
02:48:09 : Side: Jose Luis: bueno saberlo
02:49:02 : Side: Jose Luis: jf luego del restar te vonectas?
02:49:19 : Side: Jose Luis: restart
02:49:20 : Side: JF: JOJOJOJO QQUE HIJO DE MIL ME REVENTO EN LA OREJA  MIRA COMO ARDE 
02:49:30 : Side: Jose Luis: jajaja si eso vi
02:49:53 : Side: JF: VOS QUERES COMPRAR ?
02:50:05 : Side: Jose Luis: el heli xD
02:50:22 : Side: Jose Luis: pues podes mirar antes del restar que hay tanto de interesante como para mi 
02:50:31 : Side: Jose Luis: en comercio de heroes
02:50:37 : Side: JF: ESTE HELI QUE ESTA AQUI ATERRIZADO LO DEJA POR ALLA EN EL BAJO EN EL RTESET NO TE PREOCUPES
02:50:50 : Side: Jose Luis: no es mio
02:51:04 : Side: Jose Luis: quiero ver es los del heroe en compra rapida
02:51:43 : Side: Jose Luis: algun truco para subir rapidamente humanidad? matar bandidos da poco
02:52:47 : Side: =[666]=Pablo_RC: hay un par muertos de esos que tiran
02:52:58 : Side: =[666]=Pablo_RC: les saque 2 ak con gl
02:53:07 : Side: =[666]=Pablo_RC: y granadas
02:53:09 : Side: =[666]=Pablo_RC: jeje
02:53:12 : Side: Jose Luis: a vender xD
02:58:38 : Side: Jose Luis: bueno
02:58:42 : Side: Jose Luis: ya casi se cierra esto
02:59:45 : Side: JF: A 600 METROS ALLA HAY UN SOLDADO DEBEN SER LOS QUE TIRAN 
03:00:00 : Side: Jose Luis: nos vemos luego del restart
03:04:54 : Side: Jose Luis: que pasa jf
03:05:16 : Side: JF: Por que?
03:05:21 : Side: Jose Luis: te saludo xD
03:05:34 : Side: Jose Luis: que es lo mejor que vende el heroe
03:05:45 : Side: Jose Luis: y alfin no me dijiste como subir la humanidad
03:06:21 : Side: JF: ah es saludo jajaja, que se contesta   todo bien!!
03:06:41 : Side: Jose Luis: si xD
03:06:47 : Side: Jose Luis: yo quiero volver a subir humanidad
03:06:53 : Side: Jose Luis: es mucho mas facil ser bandido u.u
03:08:19 : Side: JF: es mas facil pero los otros jugadores no te respetan creo es mi humilse opinion
03:08:37 : Side: Jose Luis: si 
03:08:45 : Side: Jose Luis: tengo 3000 y tenia casi 7000
03:08:50 : Side: Jose Luis: cuanta tenes vos
03:09:46 : Side: JF: viste esos puntitos blancos en el mapa son misiones para obras de bien te recomiendo que las vaya haciendo algo suma 
03:09:58 : Side: Jose Luis: si humanitario
03:10:03 : Side: Jose Luis: te quitan la toolbox
03:10:13 : Side: JF: me faltan 50 para 7000
03:10:44 : Side: JF: la compras por monedas en el trader
03:10:52 : Side: Jose Luis: q cosa
03:10:55 : Side: Jose Luis: ahh si
03:11:14 : Side: Jose Luis: dando transfusiones no se sube?
03:11:37 : Side: JF: yo llevo 2 o 3 en la mochila de repueto toolbox
03:12:08 : Side: Jose Luis: bueee
03:12:09 : Side: JF: y tambuen
03:12:29 : Side: JF: y tambien barretas 
03:12:38 : Side: Jose Luis: se rompen facil
03:13:15 : Side: JF: y a proposito no tenes una cajita con llaves que me prestes para hacer una copia e llaves
03:13:28 : Side: Jose Luis: no pero ven a mi casa tengo 2
03:13:35 : Side: Jose Luis: y tambien tengo fuego
03:14:15 : Side: Jose Luis: no se donde quedo mi auto
03:14:33 : Side: JF: queres que te compre el heli dame plata porque lo que tengo no llego
03:14:48 : Side: Jose Luis: que capacidad tiene
03:14:54 : Side: Jose Luis: cuanto es que vale
03:15:16 : Side: JF: 400000
03:15:29 : Side: Jose Luis: aqui tengo en el bolsillo solo 176800
03:15:36 : Side: Jose Luis: en el coche creo tener mas pero no se donde esta
03:17:26 : Side: Jose Luis: creo que lo dsaparecieron del todo
03:17:50 : Side: JF: donde estas vos
03:18:05 : Side: Jose Luis: cerca a helipuertos
03:18:17 : Side: JF: a para quedate quieto
03:18:34 : Side: Jose Luis: oka
03:19:22 : Side: JF: estas atras de la casa segui hasta el eli que esta atras pasa la arboleda y un poco mas alla creo que es tu camioneta
03:19:56 : Side: JF: no por afuera date la vuelta 
03:20:09 : Side: Jose Luis: oka espera veo esta q vende
03:21:00 : Side: Jose Luis: un  millon el ch
03:21:14 : Side: JF: ahi te arrancan la cabeza 
03:21:31 : Side: Jose Luis: el mv22 es un heli o un avion
03:21:57 : Side: JF: hay que quejarse en derechos del consumidor jaja
03:22:27 : Side: Jose Luis: la verdad es q si
03:22:35 : Side: JF: un helivion peero es muy aparatoso y difisel de pilotear
03:22:52 : Side: Jose Luis: jajaja perderia mi dinero rapido
03:24:22 : Side: JF: jeje era la tuya que vista que tengo
03:24:29 : Side: Jose Luis: ojo de aguil
03:24:46 : Side: Jose Luis: vamos a sacar duplicados entonces?w
03:26:23 : Side: JF: agarrate ese arma para vos  esto me sirve si no te importa
03:26:35 : Side: Jose Luis: cual
03:27:13 : Side: JF: a ya la tomaste la que estaba en la puerta
03:27:17 : Side: Jose Luis: ahh si xD
03:27:20 : Side: Jose Luis: la voy a vender
03:27:39 : Side: Jose Luis: 186800
03:27:51 : Side: Jose Luis: vamos entonces?
03:28:52 : Side: JF: anda y volve te espero aqui mientras hago algunas ventas para alivianar la mochila que ya no tengo espacios
03:36:00 : Side: Jose Luis: tengo una super suerteww
03:36:10 : Side: JF: que te paso
03:36:16 : Side: Jose Luis: patrulla de soldados
03:36:21 : Side: Jose Luis: me dispararon en la cabeza
03:37:26 : Side: Jose Luis: ahora tendre que matarlos y me bajara la humanidad
03:38:37 : Side: JF: la verdad que eso joroba bastante antes no estaba , te aparecen de la nada y te hagarran totalmente descuidado por que lo que menos pensas 
03:38:57 : Side: JF: que te los vas a crusar y siempre te ven primero
03:39:12 : Side: JF: no creo que no te baja
03:39:42 : Side: Jose Luis: sera darles escopeta
03:44:35 : Side: Jose Luis: los veo pero estan lejos la escopeta no llega
03:48:49 : Side: Jose Luis: ya recupere mis cosas
03:50:04 : Side: Jose Luis: y ,ate a uno
03:50:32 : Side: JF: jojo yo se mintras me fume un cigsrillo y me pegue una flayada con la prueba se cura de virus
03:50:48 : Side: Jose Luis: eso para que sirve xD
03:51:31 : Side: JF: ahora te caga antes te daba guita ahora un orito que no vale nada
03:52:05 : Side: Jose Luis: hay mas soldier me dieron
03:52:18 : Side: Jose Luis: no da plata ni nada
03:52:35 : Side: JF: no ya no que bajon 
03:53:09 : Side: Jose Luis: lastima
03:56:20 : Side: JF: HOLA CT TODO BIEN??!!
03:56:40 : Side: CT-Chimia: hola
03:56:46 : Side: CT-Chimia: todo y vos?
03:57:06 : Side: Jose Luis: tengo 22 mortar
03:57:51 : Side: JF: bien bien tratando de hacer algo de guita en el trader
03:58:13 : Side: JF: ya lo conoces ?
03:58:25 : Side: Jose Luis: es para hacer las paredes no?
03:58:59 : Side: JF: si guardatelos que si los tenes que comprar es mucha guita
04:02:28 : Side: Jose Luis: ey jf
04:02:36 : Side: Jose Luis: me enseñas un poco sobre el cultivo
04:02:40 : Side: Jose Luis: y la cria
04:02:47 : Side: JF: si te escucho
04:03:36 : Side: Jose Luis: quiero aprender un poco de eso
04:04:06 : Side: JF: ah para elcultivo necesitas la pala como te dije ayer y para la granja cria de animales la masa- el martillo 
04:04:30 : Side: CT-Chimia: diós me gusta ese server
04:04:38 : Side: JF: pero a mi no me resulto porque los animales solo duran hasta el restard
04:04:51 : Side: Jose Luis: listo pero
04:05:16 : Side: Jose Luis: te pregunto
04:05:23 : Side: Jose Luis: los animales como los saco con una maza
04:05:55 : Side: JF: con la agricultura el machete es util y el cuchillo cuando cosechas te da lata de comida por lo general 
04:06:11 : Side: Jose Luis: yo tengo machete
04:06:14 : Side: Jose Luis: pala
04:06:16 : Side: Jose Luis: y cuchillo
04:06:54 : Side: JF: con el martillo construyes el corral o la casita y esperando unos minutos genera un animal segun que construiste
04:07:12 : Side: Jose Luis: ahh ya
04:07:16 : Side: CT-Chimia: ticos, o que son los cuadrados amarillos?
04:07:31 : Side: Jose Luis: hola ct
04:07:36 : Side: Jose Luis: eres nuevo verdad
04:07:45 : Side: CT-Chimia: les pregunto porque solo jugava el vanilla
04:07:49 : Side: CT-Chimia: sí
04:08:28 : Side: CT-Chimia: hace puco tiempo q juego el epoch
04:10:18 : Side: Jose Luis: llevo el key jf
04:10:26 : Side: Jose Luis: no he ido a los amarillos en este server
04:10:33 : Side: JF: en agricultura con la pala contruyes un espantapajaros que te habilita la plantacion si cosechas marihuana puedes fabricar cavas o algo asi  
04:10:36 : Side: Jose Luis: este server es muy muy diferente a los demas
04:11:07 : Side: CT-Chimia: w
04:11:09 : Side: JF: que sirven a su ves para fabricar carpas por ejemplo
04:11:58 : Side: CT-Chimia: bueno gracias asmismo
04:12:20 : Side: Jose Luis: jf 
04:12:32 : Side: Jose Luis: trae el heli mas grande aca te lo pago
04:12:46 : Side: Jose Luis: y te saco la copia de la llave que necesitas
04:13:33 : Side: JF: lo que todavia no tengo idea para que sirven son las navajas , el papel higienico pra contruir un baño
04:13:57 : Side: JF: no puedo comprarlo por que lo que tengo no yego
04:13:57 : Side: Jose Luis: pero para que carajo un baño
04:14:06 : Side: Jose Luis: jamas he visto cagar a un personaje
04:14:19 : Side: JF: paara hacer facha jajaja
04:14:30 : Side: Jose Luis: ahh bueee xD
04:15:13 : Side: JF: si si por ahi se les afloja el intestino como asi tambien les ataca el resfrio 
04:15:29 : Side: Jose Luis: no jodas
04:15:43 : Side: Jose Luis: oye tenes para comrar el heli mas grande aca te lo pago en mi base
04:16:45 : Side: JF: con el baño tiene mas aguante es decir mejor salud..
04:16:57 : Side: Jose Luis: entonces tendre que hacer uno
04:17:00 : Side: Jose Luis: pero no tengo papel
04:18:14 : Side: JF: no jose , no me alcanza no llego ni a la mitad por eso te pedia la guita si no no tendria problema 
04:18:25 : Side: Jose Luis: tendre que ir xD
04:18:32 : Side: Jose Luis: esos helicopteros tiene armas?
04:18:58 : Side: JF: jaja lamentablemente tienes que venir 
04:19:11 : Side: Jose Luis: voy
04:19:13 : Side: JF: si tienen armas 
04:19:38 : Side: Jose Luis: me lo traes tu porque voy en heli
04:20:18 : Side: JF: venite te espero y no te olvides el dinero ni te le cruces a la guardia armada 
04:20:44 : Side: Jose Luis: voy
04:20:49 : Side: Jose Luis: aca haces la llave
04:21:27 : Side: CT-Chimia: ticos, siempra que muero perco la plata?
04:21:40 : Side: Jose Luis: busca tu cuerpo y dale check wallet
04:22:53 : Side: Jose Luis: listo
04:24:28 : Side: CT-Chimia: gracias
04:24:34 : Side: Jose Luis: de nada
04:24:52 : Side: JF: te compro entonces el CH-47F AL
04:25:00 : Side: Jose Luis: el que mas capacidad tiene
04:25:25 : Side: Jose Luis: miralo en compra rapida a ver cuanto carga
04:25:49 : Side: JF: hasta donde yo conozco es ese 
04:25:50 : Side: CT-Chimia: mi cuerpo esta muy lejo en juliet 404, si hay alguien acerca creo que hay unos 3k
04:26:10 : Side: Jose Luis: jajaja naa delajo aia 
04:26:21 : Side: Jose Luis: eso es combate fijo ir por tu cuerpo
04:26:24 : Side: CT-Chimia: sí
04:26:26 : Side: Jose Luis: prefiero darte el dinero xd
04:26:34 : Side: JF: jajaajjajaa
04:26:38 : Side: CT-Chimia: nono
04:26:43 : Side: CT-Chimia: enserio
04:26:59 : Side: CT-Chimia: estoy en vybor ahora
04:27:23 : Side: Jose Luis: justo en otro puesto
04:27:27 : Side: Jose Luis: y entre 2 misiones
04:27:52 : Side: Jose Luis: pudiste ver en compra rapida jf?
04:28:29 : Side: JF: CH ANSA MIRANDO EL MAPA POR SI VAS HACIA EL SUR OESTE TENES SOLDADOS  Y BANDIDOS QUE TE VAN A DISPARAR DE NUEVO
04:29:06 : Side: CT-Chimia: ok
04:29:47 : Side: Jose Luis: ya estoy bastante avanzado no jf?
04:30:16 : Side: JF: Si yo diria que si 
04:30:34 : Side: Jose Luis: alfin cual es el que mas carga
04:30:43 : Side: JF: efectivamente es ese ahora sale
04:30:51 : Side: CT-Chimia: jajajajaja
04:30:57 : Side: Jose Luis: jajaja
04:31:27 : Side: Jose Luis: mientras ire por carne xD
04:31:42 : Side: JF: por que me disparas ahora no puedo hacer la transacion 
04:31:50 : Side: Jose Luis: no te dispare a ti
04:32:16 : Side: JF: me puso en situacion de combate
04:32:28 : Side: Jose Luis: ahh :D
04:32:45 : Side: Jose Luis: estoy cortando el cordero pal asado men
04:33:16 : Side: JF: veni a ver jojo
04:33:23 : Side: Jose Luis: jojojo ahi voy
04:33:57 : Side: JF: apenas mas grande que el mozzi xD!!!......
04:34:36 : Side: Jose Luis: wtf
04:34:44 : Side: JF: ALGUNA CHICA QUE CONOZCAS EN LA REALIDAD
04:34:59 : Side: Jose Luis: que pasa con la chica
04:35:18 : Side: JF: LO BAUTIZAMOS JAJAJA
04:35:25 : Side: Jose Luis: Ana Maria xd
04:35:41 : Side: JF: JAAAJAJAAJAJAJAAJA!!!!!
04:35:43 : Side: Jose Luis: sere capaz de aterrizar eso en mi casa
04:35:57 : Side: Jose Luis: a ver desbloquealo veo la capacidad
04:36:19 : Side: Jose Luis: te pedi un heli me pasas un tren
04:36:36 : Side: Jose Luis: oye regalame 2 guille
04:36:52 : Side: Jose Luis: esto de andar con estas ropas no me gusta
04:37:29 : Side: Jose Luis: en esta cosa cabe hasta mi coche!
04:37:30 : Side: JF: CONSEJO SUPER IMPORTANTE PILOTEALO CON EL PILOTO AUTOMATICO PUESTO PORQUE ES BASTANTE DIFICIL DE CONTROLAR HASTA QUE LO CONOSES
04:37:39 : Side: JF: CONOCES...
04:37:49 : Side: Jose Luis: madre mia 
04:38:02 : Side: Jose Luis: me huele a 400.000 monedas chamuscadas
04:38:33 : Side: Jose Luis: 10 armas 200 cosas y 5 bags
04:39:14 : Side: JF: NAAA HACEME CASO ES MAS SEGURO QUE EL MOZZI PONELE PILOTO DESACTIVADO DEBE FIGURAR NO TE OLVIDES
04:39:20 : Side: Jose Luis: llevamelo tu porfa miedo me da xD
04:40:34 : Side: JF: bueno cargalo hasta con latas vacias yo te cobro lo mismo jajaja
04:40:52 : Side: Jose Luis: xD
04:40:57 : Side: Jose Luis: oye regalame 2 guille
04:43:30 : Side: Jose Luis: regalame los 2 guille :)
04:43:40 : Side: Jose Luis: conducelo yo me voy en mi otro heli
04:44:14 : Side: JF: para primero hacemos las llaves por seguridad
04:44:16 : Side: Jose Luis: me compraste los guille
04:44:50 : Side: Jose Luis: por eso vamos a mi casa y las hacemos aia yo tengo fuego y todo 
04:44:56 : Side: JF: estan arriba
04:45:43 : Side: JF: para depositar cosas debes subir al asiento de atras  si no no te da la opcion
04:45:57 : Side: Jose Luis: ya
04:46:12 : Side: Jose Luis: mision cerca
04:46:23 : Side: Jose Luis: pero llevemos los heli y sacamos las copias te parece
04:46:48 : Side: CT-Chimia: ticos queren ayuda de un noob?
04:47:07 : Side: Jose Luis: claro espera llevamos los helicopteros a mi base
04:47:15 : Side: CT-Chimia: ok
04:52:16 : Side: Jose Luis: ey donde estas loco no me ves
04:52:52 : Side: Jose Luis: no puedes aterrizarlo?
04:53:20 : Side: Jose Luis: te da miedo meterlo dentro?
04:53:33 : Side: JF: aya asentro de los arboles ni en pedo jaja
04:53:39 : Side: Jose Luis: jajajaajajajaja
04:53:46 : Side: Jose Luis: mala uva
04:53:57 : Side: Jose Luis: tendre que hacer una torre bien alta
04:54:05 : Side: Jose Luis: mañana me pongo manos a la obra
04:54:14 : Side: JF: hacete una torre y una plataforma por encima de los arboles eso es mas seguro
04:54:46 : Side: Jose Luis: veni entremos a base
04:54:50 : Side: Jose Luis: dame la llave
04:54:56 : Side: Jose Luis: ponla adentro
04:54:56 : Side: JF: desde arriba es dificil calcular la distancia entre las helices
04:55:15 : Side: JF: bajaste los trajes
04:55:28 : Side: Jose Luis: naa ahi se quedaron
04:55:32 : Side: Jose Luis: espera
04:55:35 : Side: Jose Luis: me cambio
04:55:51 : Side: JF: cuidado tu mochila 
04:55:59 : Side: Jose Luis: la meti dentro mientras me cambio
04:56:14 : Side: JF: aveces cuando te cambias con mochila puesta se desaparece
04:56:39 : Side: Jose Luis: ahora si
04:56:57 : Side: Jose Luis: entremos amigo a mi base
04:57:01 : Side: Jose Luis: dejemos el heli ahi
04:57:10 : Side: Jose Luis: solo bloquealo o pasame la llave
04:57:27 : Side: JF: cuando lo aterrizas en un lugar con pendiente aveces como que sigue picando con las ruedas 
04:57:53 : Side: Jose Luis: oka
04:58:01 : Side: JF: y se corre de lugar y te lleba las helices contra los arboles tene precausion 
04:58:04 : Side: Jose Luis: men entremos que me voy a resfiar
04:58:15 : Side: Jose Luis: pero bloquealo
04:58:49 : Side: Jose Luis: que haces???
04:58:55 : Side: JF: tambien por el mismo efecto si pica muy fuerte puede llegar a sentice la ingenieria 
04:59:12 : Side: Jose Luis: ok buen dato
04:59:13 : Side: JF: te estaba dando estos consejos 
04:59:16 : Side: Jose Luis: jajajaa
04:59:25 : Side: Jose Luis: gracuas por los consejos los necesitare
04:59:26 : Side: JF: tratala bien a anita jajaja
04:59:37 : Side: Jose Luis: jajajaja si la trato mal me termina
04:59:44 : Side: CT-Chimia: jajajajajaja
05:00:08 : Side: Jose Luis: hay que ayudar al chimia
05:00:36 : Side: CT-Chimia: no, no en verdad solo queria hacer missiones
05:01:04 : Side: Jose Luis: pasa que estoy estrenando heli
05:01:05 : Side: Jose Luis: anita
05:01:13 : Side: Jose Luis: pero seria una anita muy enorme
05:01:23 : Side: JF: jajajajajaa
05:01:46 : Side: Jose Luis: aqui en el suv tengo la key
05:01:51 : Side: Jose Luis: agarrala y saca tu llave
05:01:53 : Side: Jose Luis: y me das la mia xD
05:02:04 : Side: JF: prepara fuego
05:02:11 : Side: JF: asi es
05:02:24 : Side: Jose Luis: ya esta el fuego
05:03:40 : Side: JF: mf me olvide los tin ,
05:03:44 : Side: Jose Luis: ahi te deje la carne del asado que te prometi
05:03:48 : Side: Jose Luis: aqui tengo tin tranqui
05:03:57 : Side: JF: vos tenes tin bar
05:04:21 : Side: Jose Luis: carne y tin
05:04:23 : Side: Jose Luis: agarralos
05:04:24 : Side: JF: 4
05:04:33 : Side: Jose Luis: necesitas 4?
05:04:41 : Side: Jose Luis: que tanto compraste
05:04:42 : Side: JF: si
05:05:19 : Side: JF: jaajjaaaa me patine con el churasco me lo dejaste en el piso y no lo vi
05:05:27 : Side: Jose Luis: jajajaa
05:05:49 : Side: Jose Luis: ya viste la tin esta en el piso tambien
05:06:19 : Side: Jose Luis: dame la llave del heli compa yo le saco copia
05:06:35 : Side: JF: gracias por la chuleta ..
05:08:10 : Side: JF: te puedo dejar las llaves dentro la casita
05:08:22 : Side: Jose Luis: dejalas dentro de la tienda de campaña
05:10:03 : Side: JF: ahi te deje la copia y la original la cajita de lllave todavia la tengo pero no tengo los tin 
05:10:18 : Side: Jose Luis: ya te los doy
05:10:22 : Side: Jose Luis: que tanto compraste loco
05:11:49 : Side: Jose Luis: tenia 3 de tin
05:12:00 : Side: Jose Luis: saca las llaves que necesitas
05:12:06 : Side: JF: no lo que compre ayer el UH-1H que las ves pasada me calente porque justo que lo estaba aterrizando en mi torre me dejo sin señal el server y 
05:12:07 : Side: Jose Luis: no me queda mas tin
05:13:08 : Side: Jose Luis: en la mochila te deje 3 tinbar
05:13:13 : Side: JF: lo perdi  con todo lo que tenia dentro y no me reconocieron no siquiera una palanca, eso me dio bastante bronca 
05:13:39 : Side: JF: y ahora compre un mozzi para salir del apuro
05:13:50 : Side: Jose Luis: si te vi muy a lo pobre hoy
05:15:02 : Side: JF: jajaja es discreto si queres llegar medio sin ser visto lo mejor es por aire el mozzi y por tierra la bici vieja 
05:15:45 : Side: Jose Luis: donde puedo conseguir papel higienico
05:16:43 : Side: JF: alla en el trader siempre hay al lado de la gitana  y si no en cualquier galpon de los largos  prinsipalmente
05:16:54 : Side: JF: principalmente
05:17:01 : Side: Jose Luis: oka
05:19:31 : Side: Jose Luis: cuando me ayudas a hacer mi casa
05:20:26 : Side: Jose Luis: n
05:20:58 : Side: Jose Luis: listo
05:21:04 : Side: Jose Luis: cuando me ayudas con la super torre
05:21:16 : Side: JF: en cualquier momento  ahora ya no ja ya me estoy yendo  demasiado por hoy 
05:21:19 : Side: Jose Luis: con que material puedo hacer la pista de aterrizaje
05:21:34 : Side: Jose Luis: yo tambien ya me voy
05:21:37 : Side: Jose Luis: chau men gracias
05:21:44 : Side: Jose Luis: por traerme esa bestia a asa
05:21:45 : Side: JF: y depende los materiales que tengas 
05:21:47 : Side: Jose Luis: cas
05:21:57 : Side: Jose Luis: mira lo que tengo esta en la casita
05:22:10 : Side: Jose Luis: wtf?
05:22:25 : Side: JF: y  eso que fue
05:22:33 : Side: Jose Luis: 31 blocks 35 mortar
05:22:39 : Side: Jose Luis: puertas de garage 3
05:22:50 : Side: Jose Luis: ire a ver mi heli :S
05:23:01 : Side: JF: no yo digo la explosion
05:23:33 : Side: Jose Luis: por eso pense que habian explotado mi heli
05:23:43 : Side: Jose Luis: con lo que tengo para que me alcanza
05:25:31 : Side: Jose Luis: te recomiendo que si vas a desconectarte salgas de la base o te quedas encerrado xD
05:25:56 : Side: JF: y depende 3 conjuntos de block o 4 te hacen una pared tipo tapial con un mortel por unidad ytranc kit  
05:26:13 : Side: JF: si me voy gracias juan nos vemos
05:26:24 : Side: Jose Luis: juan?
05:27:01 : Side: JF: jaajajajajaja si  perdon jose luis ya estoy medio  dormido 
05:27:11 : Side: Jose Luis: tambien lo que puedo hacer es la torre hasta cierta altura en madera el resto en ladrillo
05:27:17 : Side: JF: menos mal que el heli ya esta aterrizado
05:27:40 : Side: Jose Luis: si
05:27:42 : Side: Jose Luis: bueno chau
05:27:55 : Side: JF: la madera es para los entrepisos 
05:28:03 : Side: JF: ya vemos
05:28:06 : Side: Jose Luis: pero no puedo hacer torre de madera
05:28:21 : Side: Jose Luis: y al final poner paredes de ladrillo
05:31:00 : Side: Jose Luis: adios a todos :D
05:31:23 : Side: JF: chau jose buen descanso 
05:33:11 : Side: Jose Luis: oye anted de q te vayas
05:33:22 : Side: Jose Luis: como hago para quitar una de estas paredes ya no me sale la opcion
05:34:39 : Side: JF: creo que tenes que volver a replantar el plot
05:34:50 : Side: Jose Luis: ya lo hice y nada
05:34:57 : Side: JF: si es que no sale la opcion 
05:35:05 : Side: JF: sino la verdad no se
05:35:22 : Side: Jose Luis: lo volvere a remover
05:54:32 : Side: JF: bueno me voy chau ...
