20:22:50 : Direct: adm#2: hey
20:23:00 : Direct: adm#2: where you have your heli?
20:23:17 : Direct: adm#2: snakegeneral
20:23:38 : Direct: adm#2: el helicoptero que queres vender
20:23:42 : Direct: [WG] SnakeGeneral: in mission finishi
20:24:05 : Direct: [WG] SnakeGeneral: con una lança missel
20:25:12 : Direct: adm#2: esos helis no se venden, pero por esta vez te lo compro yo
20:25:52 : Direct: adm#2: stop
20:26:07 : Direct: adm#2: i gonna give you the money
20:26:11 : Direct: adm#2: for the heli
20:26:38 : Direct: adm#2: $200.000
20:26:46 : Direct: [WG] SnakeGeneral: thx
20:26:50 : Direct: adm#2: ;)
20:27:14 : Direct: adm#2: q necesitas nikita=ç
20:27:45 : Direct: Nikyta: ahi salgo xd
20:28:16 : Direct: adm#2: ?¿
20:28:44 : Direct: adm#2: q paso
20:28:50 : Direct: Nikyta: pense que el estanque era mas pequeño xd  asi que tube que agrandar jaja
20:29:04 : Direct: adm#2: :)
20:29:09 : Direct: Nikyta: no puedo sacar estas paredes 
20:29:29 : Direct: adm#2: toda la fila?
20:29:35 : Direct: Nikyta: si
20:29:49 : Direct: Nikyta: asi puedo pescar tranquila xd
20:29:51 : Direct: Nikyta: jajaj
20:30:20 : Direct: Nikyta: no se por que no me dejaba sacarlos
20:30:32 : Direct: Nikyta: gracias !!
20:30:35 : Direct: adm#2: de nada!
20:30:41 : Direct: adm#2: cerra el frente
20:30:46 : Direct: Nikyta: ahora tengo casa con pileta xd
20:31:52 : Direct: adm#2: si quieren pueden apostar aqui, comprar bonos, jugar ruleta rusa
