16:09:15 : Group: Nikolaidys: posta?
18:59:45 : Group: Leodagos: sii tengo un buen rifle
18:59:50 : Group: Leodagos: lla puedo hacer sin q me vean
19:00:08 : Group: Leodagos: venite iguald
19:00:15 : Group: Leodagos: la hacemos mas rapido
19:00:23 : Group: Leodagos: dividimos el total del dinero 50 %
19:00:24 : Group: sebastian: bueno
19:03:00 : Group: Leodagos: mierda
19:03:05 : Group: Leodagos: faltan pocos
19:06:19 : Group: sebastian: no veo los bot
19:06:30 : Group: Leodagos: quedan pocos
19:07:20 : Group: Leodagos: de este lado se ve bien
19:07:32 : Group: sebastian: distraelos
19:08:18 : Group: sebastian: buen tiro
19:09:00 : Group: Leodagos: creo q mate todos
19:09:18 : Group: sebastian: se xd
19:09:24 : Group: sebastian: dale me retiro
19:09:25 : Group: ulises: creo xDDD
19:09:31 : Group: Leodagos: jaja
19:10:15 : Group: ulises: looooool XD
19:10:17 : Group: ulises: no sabias?
19:10:19 : Group: sebastian: kajakj
19:21:12 : Group: ulises: xd oka
20:43:49 : Group: ulises: bajamos antes
20:50:34 : Group: ulises: peinate que viene gente XDDDDD
20:50:41 : Group: Peinate que viene gente!: =d
