02:08:24 : Group: Leodagos: te hablo x el juego xq estoy escuchando musica aca
02:08:27 : Group: Braian |Aspirante|: donde andas guachin
02:08:29 : Group: Leodagos: todo bien ?
02:08:39 : Group: Braian |Aspirante|: sep vos ?
02:08:52 : Group: Leodagos: yyhasta hace un rato eramos como 8 en el server y estot rastreando la base de los br
02:09:19 : Group: Braian |Aspirante|: jaja
02:09:41 : Group: Braian |Aspirante|: donde esta la base millitar
02:10:08 : Group: Leodagos: arriba a la derecha en el campo aeoreo
02:10:12 : Group: Leodagos: aereo
02:10:13 : Group: Leodagos: dice
02:10:20 : Group: Leodagos: area militar
02:10:27 : Group: Braian |Aspirante|: ohh
02:10:44 : Group: Braian |Aspirante|: que hacemos vamos aver que honda je
02:10:57 : Group: Leodagos: se
02:11:00 : Group: Braian |Aspirante|: nos juntamos con el jf je
02:11:27 : Group: Leodagos: juega solo
02:13:03 : Group: Braian |Aspirante|: que lastima que no aya tanques sabes que entas con uno de esos y gg
02:14:07 : Group: Braian |Aspirante|: vamos en heli ?
02:14:15 : Group: Leodagos: se
02:14:27 : Group: Braian |Aspirante|: oka me pregapro je
02:14:34 : Group: Braian |Aspirante|: preparo je
02:14:35 : Group: Leodagos: joya
02:14:55 : Group: Leodagos: dejalas abiertas las safes si las abris
02:15:00 : Group: Leodagos: asi no hay q abrirlas
02:15:03 : Group: Leodagos: y solo las cerramo
02:15:06 : Group: Leodagos: cuando nos amos
02:15:55 : Group: Leodagos: el otro dia ise una mision desde la base xD
02:16:09 : Group: Braian |Aspirante|: je piola
02:16:51 : Group: Braian |Aspirante|: vos llevas la lockbox chica para meter la llave y eso 
02:16:58 : Group: Leodagos: se
02:17:06 : Group: Braian |Aspirante|: oki
02:17:32 : Group: Braian |Aspirante|: en que venis je?
02:17:41 : Group: Leodagos: igual no creo q lo podamos hacer
02:17:43 : Group: Leodagos: a pata
02:18:38 : Group: Braian |Aspirante|: eh ahi que ver de lejos primero por que viste que ahi helis con 6 persosnas que seguro se tiran en paracaidas
02:18:55 : Group: Leodagos: si de una
02:19:58 : Group: Braian |Aspirante|: igual viste cuanto queda en el server calculo hacerla despues del res, haci ya estamos aya y sabemos bien con que nos vamos a encontrar
02:21:41 : Group: Braian |Aspirante|: por que el cuat esta afuera 
02:21:55 : Group: Leodagos: xq aparecio adentro de la puerta un dia
02:22:05 : Group: Braian |Aspirante|: jaja
02:22:33 : Group: Leodagos: cuando lo desloquie no exploto de casualidad
02:22:42 : Group: Braian |Aspirante|: jaja
02:23:54 : Group: Braian |Aspirante|: che pordiamos espandir este lado una pared mas no ?
02:24:06 : Group: Leodagos: cada plot admite
02:24:10 : Group: Leodagos: 150 items
02:24:13 : Group: Leodagos: vamos 133
02:24:28 : Group: Braian |Aspirante|: ahmm
02:24:44 : Group: Braian |Aspirante|: dejame contar je
02:25:08 : Group: Leodagos: te dice el pole cuando lo mantenes
02:25:13 : Group: Braian |Aspirante|: del del camion para ya 
02:25:38 : Group: Leodagos: pero para que queres expandir
02:25:42 : Group: Leodagos: si llegas a 150
02:25:49 : Group: Leodagos: no te deja meter mas safe x ejemploo
02:25:58 : Group: Leodagos: yo creo q el stash es mas importante que el espacio
02:26:05 : Group: Leodagos: evidentemente esta hecho para tener varios poles
02:26:17 : Group: Leodagos: si qeres tener mas lugar
02:28:04 : Group: Leodagos: ahi vengo
02:28:17 : Group: Braian |Aspirante|: oka
02:37:06 : Group: Leodagos: podemos irnos acercando
02:37:32 : Group: Braian |Aspirante|: se
02:38:15 : Group: Leodagos: bancame un toque q estoy calentando agua para el mate
02:38:30 : Group: Braian |Aspirante|: ok
02:39:03 : Group: Braian |Aspirante|: yo creo dos pabas por que esto va a llevar mucho tiempo je
02:42:32 : Group: Leodagos: bueno vamos llendo
02:42:44 : Group: Braian |Aspirante|: LLEVAS LA LOCK ?W
02:42:48 : Group: Leodagos: sip
02:43:03 : Group: Leodagos: manejas ?
02:43:07 : Group: Braian |Aspirante|: tiene combu ?
02:43:14 : Group: Leodagos: see
02:43:32 : Group: Braian |Aspirante|: como quieras
02:43:53 : Group: Leodagos: no bajes muy cerca
02:44:07 : Group: Braian |Aspirante|: no
02:47:18 : Group: Leodagos: baja
02:47:55 : Group: Braian |Aspirante|: lo hicieron mierd
02:48:02 : Group: Leodagos: 1000 es muy cerca wachin
02:48:33 : Group: Braian |Aspirante|: pence que estaban mas pa ya
02:49:58 : Group: Braian |Aspirante|: veo unos galpones que por ahi podemos hacer bajas
02:50:25 : Group: Braian |Aspirante|: son esos que estan aya los ves
02:51:17 : Group: Leodagos: no veo nada desde aca
02:51:17 : Group: Braian |Aspirante|: si queres los zombi me encargo yo
02:51:38 : Group: Braian |Aspirante|: aya donde esta la suv roja
02:52:04 : Group: Leodagos: desde alla queres disparar decis vos ?
02:52:11 : Group: Leodagos: vamos llendo
02:52:11 : Group: Braian |Aspirante|: mepa 
02:52:26 : Group: Braian |Aspirante|: va encadia esta bueno
02:53:46 : Group: Braian |Aspirante|: heli
02:53:51 : Group: Braian |Aspirante|: guarda
02:54:38 : Group: Braian |Aspirante|: nos veran ?w
02:56:24 : Group: Leodagos: voy a desloguear
02:56:29 : Group: Leodagos: vuelvo despues del reset
02:56:34 : Group: Leodagos: asivame si entras primero
02:56:52 : Group: Braian |Aspirante|: ves algo je
02:56:58 : Group: Braian |Aspirante|: oka
02:57:00 : Group: Leodagos: no me quiero ni asomar todavia
