17:17:16 : Direct: juandayz: perate
17:17:23 : Direct: juandayz: escribime por q no oig nada
17:17:39 : Direct: Bad Guy: si habra forma de borrar esa caja fuerte xq aparentemente esta abandonada
17:18:05 : Direct: juandayz: tiene cosas adentro
17:18:12 : Direct: juandayz: agarralas y la borro
17:18:41 : Direct: Bad Guy: ta
17:18:44 : Direct: Bad Guy: un dmr
17:18:51 : Direct: Bad Guy: hace una bocha q no veo ninguno
17:19:34 : Direct: juandayz: en los suministros por radio aparecen, en las misiones q te da el trade de mercado central y en krasnostav creo q tambien
17:19:55 : Direct: Bad Guy: q misiones del mercado??
17:20:11 : Direct: Bad Guy: no vi ninguna todavia
17:20:25 : Direct: juandayz: no viste la mina esa q te pide un pollo a cambio de unas coordenadas de cajas de loot
17:20:32 : Direct: Bad Guy: haaaaaaaa
17:20:41 : Direct: Bad Guy: mira vos
17:20:47 : Direct: Bad Guy: despues voy a ver q onda
17:20:59 : Direct: juandayz: le das el pollo y te da unas coordenadas donde spawnea una caja con cosas
17:21:11 : Direct: juandayz: y tenes 15 min para encontrarla si no se borra
17:21:11 : Direct: Bad Guy: huu q piola, no tenia ni idea
17:21:38 : Direct: juandayz: jaja si hay banda de cosas q no saben muchos del server :D
17:21:51 : Direct: Bad Guy: jajajaja yo descubro cosas nuevas todos los dias jAJAJAJ
17:21:52 : Direct: juandayz: lleva tiempo adaptarse con todas las boludses q tiene
17:22:08 : Direct: juandayz: bueno te dejo ;)
17:22:12 : Direct: Bad Guy: dale dale gracias
17:22:16 : Direct: Bad Guy: despues del restart
17:58:37 : Direct: juandayz: hola sergio
17:58:52 : Direct: [DMN]SERGIO: HOLA JUAN
17:59:19 : Direct: juandayz: logg outtttttttttttttttttttttttttttt!!!  ah re histerico
17:59:32 : Direct: [DMN]SERGIO: JAJJA
23:04:28 : Direct: Jej0x |Aspirante|: hola
23:04:45 : Direct: Jej0x |Aspirante|: se lo robe a un bandido
23:04:52 : Direct: Jej0x |Aspirante|: lo mate y se lo re hice jajaja
23:05:05 : Direct: Jej0x |Aspirante|: alto manco era ese bandido petero algo de snake se llamaba
