16:41:04 : Direct: hitziquer: jaja quede re bug
21:10:55 : Direct: Leodagos: hola
21:11:08 : Direct: Leodagos: q paso
21:11:22 : Direct: Leodagos: guardo mi arma para q no tengas miedo
21:11:26 : Direct: Nikyta: esta mierda se me bugueo
21:11:34 : Direct: Leodagos: estoy desarmado
21:11:54 : Direct: Leodagos: no te aparece una opcion para desarmarlo ?
21:12:00 : Direct: Nikyta: y no hay admins jaja
21:12:05 : Direct: Nikyta: no
21:12:19 : Direct: Leodagos: q herramientas tenes ensima ?
21:12:33 : Direct: Nikyta: todas jaja
21:13:19 : Direct: Leodagos: q raro
21:14:08 : Direct: Leodagos: jaja
21:14:23 : Direct: Leodagos: buena base
21:14:43 : Direct: Nikyta: gracias :)
21:15:03 : Direct: Leodagos: la isiste solo ?
21:15:25 : Direct: Nikyta: si si "" sola "" jajajaj
21:15:34 : Direct: Leodagos: buena
21:15:38 : Direct: Leodagos: necesitas algo ?
21:16:18 : Direct: Nikyta: jajaj y me gustaria sacar ese baño xd
21:16:35 : Direct: Nikyta: tenes caña de pescar ?
21:16:39 : Direct: Leodagos: estaria bueno q pongas
21:16:44 : Direct: Leodagos: unas torres de vigilancia de madera
21:16:49 : Direct: Leodagos: aca
21:16:51 : Direct: Leodagos: y aca
21:17:07 : Direct: Nikyta: si lo que pasa que tardo mucho en juntar la madera jajaj
21:17:09 : Direct: Leodagos: podrias hacer algo arriba del arbol
21:17:20 : Direct: Leodagos: y aca otra torre
21:17:25 : Direct: Leodagos: si queres te ayudo a juntar madera
21:17:36 : Direct: Nikyta: para 
21:20:06 : Direct: Nikyta: entra en la casa 
21:20:40 : Direct: Leodagos: permiso
21:20:50 : Direct: Nikyta: este es mi hogar jajaj
21:21:02 : Direct: Leodagos: muy bueno
21:21:12 : Direct: Leodagos: estaria bueno militarizarlo un poco
21:21:16 : Direct: Leodagos: es un server pvp
21:21:20 : Direct: Leodagos: tnes q tener cuidado
21:21:36 : Direct: Nikyta: si ya se jajaja
21:21:44 : Direct: Leodagos: igual lo importante lo tenes resguardado
21:21:50 : Direct: Nikyta: vamos a pescar jajaja
21:21:59 : Direct: Leodagos: lock la puerta
21:22:36 : Direct: Leodagos: me dejas entrar la camioneta ?
21:24:22 : Direct: Leodagos: :(
21:25:16 : Direct: Leodagos: me dejas pasar ?
21:26:04 : Direct: Leodagos: agarra el arma q quieras
21:32:05 : Direct: Leodagos: queria ver una locacion
21:32:11 : Direct: Leodagos: me acompañas ?
21:32:27 : Direct: Nikyta: dale para que dejo unas cosas 
21:32:33 : Direct: Leodagos: agarra algun arma
21:32:40 : Direct: Leodagos: y cosas medicas
21:32:45 : Direct: Leodagos: x las dudas
21:34:50 : Direct: Leodagos: si queres
21:36:52 : Direct: Nikyta: que bueno si esto andubiera jajaj
21:36:53 : Direct: Leodagos: no hay nada aca?
21:36:57 : Direct: Leodagos: jaja
21:37:00 : Direct: Leodagos: aceptame el grupo
21:37:27 : Direct: Nikyta: yo no hago misiones soy pesima tirando jajaja
21:37:52 : Direct: Nikyta: yo era la luteadora del grupo jajaja
21:38:50 : Direct: Nikyta: tengo un grupo somos muchos pero ahora estan con otro juego xd
