15:23:14 : Side: sRulo: CHE CON CUAL SE HABLA POR ACA?
15:24:36 : Side: sRulo: ESTAS??
15:24:42 : Side: galle: si
15:24:57 : Side: sRulo: curse o hablamos por aca?
15:24:58 : Side: galle: no tenes radio?
15:25:04 : Side: sRulo: si te mande invi
15:25:05 : Side: galle: para eso estoy viendo
15:25:16 : Side: galle: creo q es el curso q me caga todo
15:25:22 : Side: sRulo: ahh ok
15:25:45 : Side: galle: no me salis en la radio :S
15:26:05 : Side: sRulo: fijate ahi
15:26:21 : Side: galle: no te veo online directamente
15:26:23 : Side: sRulo: vos si me salis
15:26:29 : Side: sRulo: wtf 
15:26:34 : Side: sRulo: jajaj
15:26:46 : Side: sRulo: relogueo
15:26:46 : Side: galle: estas en modo fantasma
15:27:36 : Group: sRulo: ahi ta
15:27:56 : Group: galle: pasa siempre igual
15:28:11 : Group: galle: arranco en 40 fps, y a medida q voy corriendo me van bajando periodicamente
15:28:24 : Group: sRulo: sabes q puede ser 
15:28:30 : Group: sRulo: el disco o el ram
15:28:36 : Group: galle: para mi la ram
15:28:37 : Group: sRulo: mas que la placa
15:28:52 : Group: sRulo: mira usa el cc cleaner
15:28:57 : Group: galle: no esta reteniendo mucha informacion
15:29:34 : Group: galle: relogueo
15:29:34 : Group: sRulo: usa el ccleaner capaz esta muy saturado de cookies y esas boludeces
15:48:56 : Group: galle: disparaleee
15:49:04 : Group: sRulo: a quien?? jajajw
15:49:12 : Group: galle: qe se yo, ves un heli
15:49:17 : Group: galle: segun esta cagada
15:49:30 : Group: sRulo: ahhh es un mooziew
15:49:43 : Group: sRulo: puta no se donde deje la moto
15:49:51 : Group: galle: va a llover
15:49:51 : Group: sRulo: y candela?w
15:49:53 : Group: galle: no te acordas
15:49:55 : Group: galle: de algo
15:50:11 : Group: sRulo: jajaj
15:50:16 : Group: sRulo: ojala fuese asi con la facu
15:50:44 : Group: sRulo: la encontre vamo no ma
15:50:48 : Group: sRulo: jaja
15:51:06 : Group: sRulo: black how en mision
15:51:14 : Group: sRulo: q decis?
15:53:45 : Group: sRulo: lo unico que no me gusta del sv es que dejaron el trade demasiado al norte
15:55:21 : Group: galle: siguen para la verga los fps
15:55:45 : Group: sRulo: para cuanto espacio en disco tenes?
15:56:24 : Group: galle: la mitad
15:56:27 : Group: galle: practicamente libre
15:56:47 : Group: sRulo: q pija se te habra pinchadow
15:57:11 : Group: galle: cdo minimizo el game y lo vuelvo a abrir vuelve a 20
15:57:13 : Group: galle: y baja de nuevo
15:57:40 : Group: sRulo: y ahora te pasa lo mismo con el lol?
15:57:54 : Group: galle: se
15:58:20 : Group: sRulo: mientras no sea el micro w
15:59:29 : Group: galle: tendria q sacar todo
15:59:32 : Group: galle: placa las ram todo
15:59:35 : Group: galle: y limpiarlas bien
15:59:38 : Group: galle: las terminales
15:59:55 : Group: galle: y al micro ponerle pasta
16:00:06 : Group: sRulo: queres que vaya y te ayude?? tengo todo lo necesario
16:00:09 : Group: galle: es cara la pasta?
16:00:13 : Group: sRulo: tengo
16:00:18 : Group: galle: joya
16:00:20 : Group: galle: dale
16:00:48 : Group: sRulo: aguantame que deje los pj cerca jaja
16:02:14 : Group: sRulo: pinche la moto a 1 cuadra lpm jajaj
16:02:20 : Group: sRulo: bue ahi voy
17:11:22 : Group: Alan: hola edgar
17:11:27 : Group: edgar: Hola
17:11:47 : Group: edgar: entonces un sv de ts3
17:12:45 : Group: edgar: entonce no?
17:12:46 : Group: Alan: mmm
17:13:09 : Group: edgar: xDD para que conoscas mi hermosa voz
17:13:33 : Group: Alan: jajaja
17:13:36 : Group: Alan: podes hablar por aca
17:13:53 : Group: edgar: sierto
17:15:29 : Group: Alan: estuve probando la nueva version
17:15:33 : Group: Alan: origins 1.8.2
17:15:34 : Group: edgar: de que
17:15:36 : Group: Alan: muy buenaaa
17:15:38 : Group: edgar: y como esta
17:16:04 : Group: edgar: responde mis preguntas antes de que las ponga xD
17:16:14 : Group: Alan: jaja q me preguntaste ?
17:16:44 : Group: edgar: te dige de que? y pos no mire y te estube ablando sin mirar lo que desias
17:17:03 : Group: Alan: no entendi un joraca
17:17:07 : Group: edgar: xD
17:17:08 : Group: Alan: lo que me quisiste decir jaja
17:17:16 : Group: Alan: dige con j dije
17:17:20 : Group: Alan: bruto xd
17:17:38 : Group: edgar: xD
17:20:12 : Group: edgar: hay que aser missiones
17:21:45 : Group: edgar: casi nadie se conecta a este sv
17:22:05 : Group: edgar: quiro balasiarme con alguien :(
17:23:04 : Group: Alan: ahora vuelvo
17:23:08 : Group: edgar: ok
20:45:14 : Side: JF: Hola gente !!!
21:09:51 : Side: Totoasd: alguien una ayudita en kamyshovo?
21:10:14 : Side: reconnect: q necesitas?
21:10:31 : Side: Totoasd: una bloodbag me palearon los zombies
21:10:40 : Side: reconnect: voy, no se donde esta
21:10:51 : Side: Totoasd: no puedo entrar a la ciudad esta lleno de bichos
21:11:21 : Side: reconnect: uuu estoy en la loma del orto
21:11:25 : Side: Totoasd: kamysh es la primera despues de elektro
21:11:38 : Side: reconnect: si me bancas que llegue
21:11:43 : Side: Totoasd: ah no importa ahora me arreglo
21:11:48 : Side: Totoasd: deja tranqui
21:11:55 : Side: reconnect: toy yendo en bici
21:12:29 : Side: JF: Che disculp'a yo estoy practicamente del otro lado
21:12:43 : Side: JF: del mapa
21:12:59 : Side: Totoasd: no importa muchachos gracias igual, de ultima sale suicidio y vengo a buscar mis cosas jajaja
21:13:11 : Side: reconnect: toy a 3km
21:13:39 : Side: Totoasd: estoy por las vias
21:13:51 : Side: reconnect: mandame un invite
21:14:03 : Side: Totoasd: ahi va
21:14:57 : Group: reconnect: oka
21:41:04 : Side: Totoasd: no tiene ciclo nocturno el sv, no?
21:42:29 : Side: JF: aveces si tiene ciclos nocturnos pero nunca se save cuando
21:43:14 : Side: TaLLeS-: no tiene
21:46:53 : Side: reconnect: q bien hecha la simulacion del jetski
22:02:15 : Side: Alan: buneas
22:02:27 : Group: Alan: hay mucha gentee
22:02:29 : Group: Alan: q buena onda xd
22:02:46 : Group: reconnect: xD
22:02:47 : Side: JF: Hola Alan como va!!
22:02:53 : Group: reconnect: tenes algo para lootear? chopper?
22:02:59 : Group: Alan: camion
22:03:01 : Group: reconnect: tengo la mision lista pero solo ni en pedo
22:03:05 : Group: Alan: no encuentro la llave de mi chopper
22:03:17 : Side: TaLLeS-: como sua mana
22:04:00 : Group: Alan: ay voy
22:04:00 : Group: reconnect: ya me voy, si queres looteamos esta mision sino ya fue
22:04:05 : Group: Alan: sisi ya voy
22:04:14 : Group: Alan: entro y te vas culiadoo
22:04:15 : Group: Alan: quedatee
22:04:31 : Group: reconnect: hacete hombre
22:04:43 : Group: reconnect: jajaja
22:04:52 : Group: Alan: noo jaja
22:05:22 : Group: reconnect: anda por la calle de olsha
22:05:35 : Group: reconnect: ahi te veo pense qeu venias en camion
22:05:41 : Group: Alan: vengo con el camion tmb
22:05:48 : Group: reconnect: no aterrices cerca mio, mas bien a la izq
22:05:57 : Group: reconnect: en la punta del airfield
22:06:09 : Group: reconnect: si ves algo avisa
22:06:45 : Group: Alan: nada
22:07:12 : Group: Alan: quedate trolo
22:07:15 : Group: Alan: no seas puto jajaja
22:07:55 : Group: reconnect: -paseando? :S
22:07:57 : Group: reconnect: :D
22:08:00 : Group: Alan: te deje el cmaion aca
22:08:05 : Group: reconnect: josha
22:09:43 : Group: reconnect: alguien la hizo la mision
22:09:49 : Group: reconnect: ya es la segunda vez q encuentro una mision hecha
22:09:49 : Side: Ivan: Hola tanto tiempo como va?
22:10:20 : Side: Alan: buenas ivan
22:10:24 : Group: Alan: y te iras
22:10:27 : Group: Alan: y me dejaras solo
22:10:29 : Group: Alan: vos estas loquito
22:10:34 : Group: reconnect: que?
22:10:36 : Side: Ivan: alguno tiene ganas de matar bandidos? o algo?
22:11:09 : Group: Alan: vos pelotudo me dijiste q te ivas
22:11:17 : Group: reconnect: ah si
22:11:18 : Side: JF: Hola como va Ivan
22:11:24 : Group: reconnect: tengo una vida
22:11:31 : Group: Alan: no cunado estasconmigo
22:11:32 : Group: Alan: no
22:11:45 : Side: Ivan: bien aca ando estan en grupo?
22:11:56 : Side: Alan: si quieres ahora hacemos
22:12:01 : Group: reconnect: no hay mas nada
22:12:24 : Side: Ivan: si dale
22:12:36 : Side: Ivan: asi jugamos tengo ganas de hacer un team y matar a la IA
22:12:49 : Group: reconnect: tirame en el centro
22:13:11 : Side: Alan: ok dale pero aguantame
22:13:15 : Side: Alan: 10 min
22:13:15 : Side: reconnect: quien hizo la mision del aeropuerto?
22:13:30 : Side: reconnect: cosa rara
22:13:42 : Side: reconnect: llegamos y estan todos muertos pero loa mision activada aun
22:14:12 : Side: sRulo: me ha pasado a veces
22:14:20 : Side: reconnect: hola rulo, como va
22:14:25 : Side: reconnect: sin reconres :)
22:14:30 : Side: sRulo: todo bien estamos de mejor humor(?
22:14:32 : Side: sRulo: jajaj
22:14:36 : Group: reconnect: ma vale jajaja
22:14:41 : Side: Alan: DE ENEMIGOS A AMANTES UN POCO MAS
22:14:42 : Side: sRulo: asi debe ser loco
22:14:49 : Side: sRulo: jajaj
22:15:01 : Side: reconnect: yo me voy con el que la tiene mas larga, sori alan
22:15:05 : Side: reconnect: te quedas corto
22:15:06 : Side: Alan: yo tmb quiero amor che
22:15:09 : Side: JF: si aveces se enfrentan dos grupos y vos llegas y te encontras con varios muertos pero no te descuides porque suelen aparecer mas 
22:15:10 : Side: Alan: jajajaja
22:15:12 : Side: sRulo: jajaja
22:15:31 : Side: reconnect: JF es raro porque estaba looteada los cuerpos
22:15:37 : Side: reconnect: pero la CAL 50 seguia :S
22:15:47 : Side: Ivan: los puestos de control que onda? que son?
22:15:54 : Side: reconnect: como looteo los cuerpos con la cal 50 viva no se
22:16:17 : Side: sRulo: 2 tipos con fal y 2 granadas c/u
22:16:20 : Side: Totoasd: son puestos de IA creo
22:16:28 : Side: sRulo: claro
22:16:30 : Side: sRulo: eso
22:16:34 : Group: reconnect: vende y aprende
22:16:40 : Group: reconnect: asi no te hago los mandados :P
22:16:42 : Side: Alan: jaja
22:16:44 : Side: JF: si eso tambien sucede como te decia aveces aparecen mas en otro veiculo o en heli cuidado
22:16:47 : Group: Alan: jajaja .l.
22:17:38 : Group: Alan: toma esta no se vende
22:17:55 : Group: Alan: pera xd
22:17:59 : Group: reconnect: cual?
22:18:01 : Group: Alan: alejate estupido xd
22:18:12 : Group: Alan: dale culiado jajaja
22:18:13 : Group: reconnect: keee
22:18:21 : Group: Alan: alejate q no me dejas abrir la mochila
22:18:21 : Group: reconnect: JAJAJJAJ
22:18:22 : Group: Alan: jajaja
22:18:29 : Group: Alan: .l..l.l..l.l
22:18:53 : Group: Alan: aca esta
22:20:06 : Group: reconnect: .ME COMPRE UN JESTKSI
22:20:14 : Side: Ivan: bueno entonces hacemos team?
22:20:38 : Group: Alan: como si supiiera
22:20:39 : Side: Ivan: alguien esta en heli?
22:20:39 : Group: Alan: lo q es jaja
22:20:57 : Side: reconnect: ME CHORIE UN CAMION
22:20:58 : Side: sRulo: los vehiculos abandonados desp de 5 dias se tendrian que desbloquear 
22:21:01 : Side: GusTavoR-: ;
22:21:09 : Side: Totoasd: yo lo vi todo
22:21:10 : Side: Ivan: reconect te consulto es un ural?
22:21:12 : Side: GusTavoR-: ivan donde estas?
22:21:13 : Side: Alan: devolve el camion rata
22:21:15 : Side: Alan: apestosa
22:21:16 : Side: Ivan: yo no me conecto hace banda
22:21:16 : Side: Totoasd: se lo robo el muy cara dura
22:21:23 : Side: Ivan: capas es mi ural xD
22:21:27 : Side: Alan: DEVOLVE ESE CAMION CARA DE JAPI JAJA
22:21:52 : Side: Alan: vola de aca jajaja
22:22:21 : Side: Alan: eni trae el camion jajaja
22:22:26 : Group: reconnect: -D
22:22:29 : Side: Alan: noo jajaja
22:22:33 : Group: reconnect: JAJJAJAAJAJA
22:22:36 : Side: Alan: jajajajajajajjaja
22:22:46 : Side: Ivan: FU---
22:22:49 : Side: Alan: q carajooo mi camionn
22:23:06 : Side: Alan: quien es
22:23:09 : Side: Alan: el del helicoptero ?
22:23:15 : Side: Ivan: nose me re cago a tiros
22:23:24 : Side: Ivan: pase por el rango de tiros y me dejo en 1000 de vida
22:23:35 : Side: Ivan: ya fue vieja muero murido
22:23:37 : Side: GusTavoR-: alan
22:23:40 : Side: GusTavoR-: holaaa
22:23:43 : Side: GusTavoR-: jaja
22:23:44 : Side: Alan: gustavoo queridoo
22:23:46 : Side: Alan: jajaja
22:23:47 : Side: reconnect: jajajajJAJAJAJAJ
22:23:51 : Side: GusTavoR-: bien?
22:23:56 : Side: Alan: todo bien y vos queridoo
22:24:00 : Side: sRulo: alguien sabe que es juliet 404?
22:24:10 : Side: Alan: si te pones ese skin
22:24:13 : Side: Alan: te rompemos la cola entre todos
22:24:16 : Side: Alan: es muy zorra juliet
22:24:19 : Side: reconnect: quien fue el mogolico? el brasuca? jajja
22:24:32 : Side: Alan: es la novia de reconnect
22:24:34 : Side: Ivan: quien hablo por voz?
22:24:35 : Side: Alan: imaginate
22:24:39 : Side: reconnect: los brasucas soy muy mogolicos jajaja
22:24:41 : Side: Ivan: me cague todo la puta que lo pario
22:24:49 : Side: JF: Jajajajaaaa
22:24:51 : Side: reconnect: che alan y se te compio el camion?
22:24:56 : Side: Alan: si la concha de tu hermana
22:24:58 : Side: Alan: .l.
22:25:02 : Side: reconnect: que me puteas a mi gil
22:25:08 : Side: reconnect: si fue el mogolico en el helicoptero
22:25:21 : Side: reconnect: le hice frente con el mozzie al muy maricon jajajaajaj
22:25:42 : Side: reconnect: como le voy a explotar la base a los brasucas
22:25:44 : Side: reconnect: no tiene nombre
22:25:58 : Side: Alan: jajaja
22:26:00 : Side: reconnect: kjajajaj
22:26:02 : Side: Alan: te odio
22:26:03 : Side: Alan: basura
22:26:15 : Side: Alan: ese camion me salio 40000
22:26:17 : Side: reconnect: lo mas triste que se debe sentir orgulloso
22:26:18 : Side: Alan: 2 horas de juego
22:26:20 : Side: Ivan: che se hace el grupo o no?
22:26:22 : Side: Alan: me cuesta ese mionca de mierda
22:26:23 : Side: reconnect: te compro 18 camiones
22:26:30 : Side: reconnect: `ppobre
22:27:14 : Side: reconnect: Talles BZR, we are at war :D
22:27:27 : Direct: TaLLeS-: ok
22:27:40 : Side: Alan: acepta 
22:27:46 : Side: GusTavoR-: reconnect noob ajajajaja
22:27:48 : Side: reconnect: eu vou a denunciar seu ataque en el trader con admin
22:27:53 : Side: reconnect: :)
22:27:54 : Side: TaLLeS-: ok 
22:27:58 : Side: GusTavoR-: ok
22:28:02 : Side: reconnect: noob, lol
22:28:08 : Side: GusTavoR-: el uan es nosso amigo lixo escroto
22:28:09 : Side: Alan: paz y amor
22:28:13 : Side: GusTavoR-: juan
22:28:14 : Side: reconnect: I make fun of you loser
22:28:14 : Side: Alan: argentinos brasileiros hermanos
22:28:23 : Side: GusTavoR-: seu noob lixo
22:28:24 : Side: Alan: for everalone
22:28:32 : Side: reconnect: i did it on porpouse i didn't lose anything retard :)
22:28:32 : Side: Alan: caipiroshca
22:28:49 : Side: reconnect: u noobish
22:29:08 : Side: Alan: marcelo acepta
22:29:13 : Side: GusTavoR-: hahaha
22:29:13 : Side: Alan: y cala la boca boluro
22:29:22 : Side: JF: the ward is vs zombi men dejen de romper las bolas que parece un server  brasilero esto jajajaa
22:29:23 : Side: GusTavoR-: reconnect noob
22:29:36 : Side: GusTavoR-: cry
22:29:37 : Side: reconnect: jajajaaj
22:29:41 : Side: GusTavoR-: cry
22:29:41 : Side: reconnect: cry??? lol
22:29:48 : Side: reconnect: u are so retard that you can't understand
22:30:00 : Side: Alan: marcllooo
22:30:02 : Side: Alan: acepta
22:30:04 : Side: Alan: caraio
22:30:06 : Side: reconnect: vc e muito retardado que nao entiende
22:30:24 : Side: GusTavoR-: claro
22:30:27 : Side: reconnect: jajajajaja
22:30:31 : Direct: Alan: cual es la mejor arma
22:30:43 : Side: reconnect: te cague brasuca gil xDDD
22:30:47 : Side: GusTavoR-: tepende da classe
22:30:57 : Side: GusTavoR-: cry reconnect :)
22:31:07 : Side: Ivan: alan que onda? hacemo algo? pah
22:31:14 : Side: reconnect: lol cry
22:31:18 : Group: Alan: si ay vamos de misiones
22:31:19 : Side: reconnect: vc chora noob 
22:31:25 : Side: reconnect: eu lixo risa
22:31:35 : Side: reconnect: xD
22:31:41 : Side: GusTavoR-: vai aprender portugues direto lixo escroto :)
22:31:43 : Group: Ivan: oka venite a donde estoy yo y lootemos airport
22:31:52 : Side: reconnect: eu nao quiero aprender esa mierda
22:31:57 : Side: Ivan: oyeh tranquilo viejo
22:31:58 : Side: reconnect: :D
22:32:02 : Side: GusTavoR-: problema seu
22:32:05 : Side: reconnect: nao 
22:32:06 : Group: Alan: vamos a la misiones
22:32:11 : Side: reconnect: problema tuyo
22:32:15 : Side: GusTavoR-: fica ai usando google tradutor lixo
22:32:18 : Side: reconnect: q no entendes un sorete con idioma de indio
22:32:27 : Side: reconnect: jajaja brasileiro pobre
22:33:02 : Side: reconnect: muy noob jajaja
22:33:05 : Side: Alan: YO NO FUI
22:33:07 : Side: Alan: YO NO FUII
22:33:09 : Side: reconnect: nada me estoy riendo del otario del brasuca
22:33:20 : Side: Ivan: chukyn !!!! todo bien?
22:33:22 : Side: GusTavoR-: reconnect es mui noob
22:33:28 : Side: Alan: JAJA
22:33:33 : Side: Alan: chukyn
22:33:36 : Side: Alan: mucha droga
22:33:38 : Side: Alan: corre en este juego
22:34:03 : Side: reconnect: gustavor se rie de que me mato saliedno con un mozzie del trader y el arriba del trader con un blackhawk disparandoles a todos
22:34:10 : Side: sRulo: es cualquier cosa te enchufe alto tiro
22:34:20 : Side: reconnect: a mi, al chopper de alan, etc :D pero no me molesta para nada
22:34:23 : Side: GusTavoR-: mentira
22:34:28 : Side: reconnect: el piensa que me calente y yo me rio del gil
22:34:31 : Side: GusTavoR-: tu tienes prova?
22:34:36 : Side: GusTavoR-: cry
22:34:39 : Side: GusTavoR-: cry
22:34:43 : Group: Ivan: me ataco rulo en airport
22:34:46 : Side: reconnect: alan, yo y otro, eramos 3 en el trader
22:34:46 : Group: Ivan: estoy mal
22:34:53 : Group: Alan: uhh
22:35:14 : Side: reconnect: no pasa nada chuky, me la fuma posta. Me rio de el porque piensa que hizo algo glorioso :D
22:35:26 : Side: Alan: me rompieron mi helicoptero
22:35:30 : Side: GusTavoR-: sdi si chukyn es o reconnect q no tiene respect
22:35:30 : Side: Alan: era el mas carooo
22:35:34 : Side: Alan: el mas carooooo
22:35:38 : Side: Alan: jajaja
22:36:04 : Side: reconnect: los unicos que andan en el blackhawk armado.
22:36:23 : Side: reconnect: posta que no es para hacer bardo man, todo bien
22:36:27 : Direct: Alan: tales
22:36:37 : Side: Chopper: hola a todos, solo queria decirles q acabo de entrar y lo primero q veo es gente insultandose por sidechat
22:36:49 : Side: Alan: uh llego la vieja
22:36:51 : Side: Alan: del server
22:36:52 : Side: Alan: jajaja
22:36:58 : Side: sRulo: jajajaj
22:37:17 : Direct: Alan: tales
22:37:20 : Side: reconnect: chukly, me estaba yendo a comer posta. dp te contamo la historia, pero no da
22:37:38 : Side: reconnect: en 40' entro
22:37:42 : Direct: Alan: talesss
22:37:47 : Side: reconnect: mientras que los macacos se atoren con la banana
22:37:49 : Side: reconnect: jhajajaaj
22:37:49 : Direct: TaLLeS-: q tu qé
22:37:50 : Side: Chopper: leo las reglas del server y dicen que personas de cualquier pais son bienvenidas, y enseguida leo en el chat pura xenofobia
22:37:53 : Direct: Alan: a donde
22:37:59 : Direct: Alan: a donde venden la DMR
22:38:01 : Direct: Alan: ?
22:38:08 : Side: Alan: chopper
22:38:09 : Side: reconnect: chopper, es que los brasucas son todos trans xD
22:38:10 : Side: sRulo: es xenofobia con amor
22:38:12 : Side: Alan: nunca hay bardo jaja
22:38:18 : Side: Alan: pero ahora se armo pero no es nada jaja
22:38:22 : Side: reconnect: bueno, vuelvo al rato. besos negros
22:38:38 : Side: reconnect: bo, no es falta de respeto, es la verda de la vida
22:38:40 : Direct: TaLLeS-: no tienes la DMR p la venda
22:38:51 : Direct: Alan: Donde la consigo ?
22:39:04 : Side: reconnect: 70% trans, 20% negros, 10% cosas raras y pele debuto con un pibe
22:39:14 : Side: Alan: hhahahaha
22:39:14 : Side: reconnect: jajaja
22:39:22 : Side: Alan: chukyn esta jodiendo
22:39:26 : Side: Alan: te lo tomas muy a pecho
22:48:01 : Side: JF: Alguien me puede explicar que significado tiene el reinicio del server fuera de la hora que señala el indicador???
22:48:17 : Side: sRulo: una caida)?
22:48:30 : Side: sRulo: las cosas siguen asique no fue restart
22:49:38 : Side: JF: estas caidas son intencionales presumo
22:50:07 : Side: GusTavoR-: mas nós nunca atacamos
22:50:12 : Side: GusTavoR-: é mentira dele
22:50:12 : Side: TaLLeS-: nos n fizemos nd de mais]
22:50:39 : Side: TaLLeS-: ja fizeram isso com nos e nos n fomos igual una moças chorar pra vs
22:50:45 : Side: TaLLeS-: vc
22:51:13 : Side: TaLLeS-: ok 
22:51:23 : Side: TaLLeS-: nosostros no faremos mais iso
22:51:27 : Side: TaLLeS-: isso
22:51:42 : Side: TaLLeS-: ok???
22:52:12 : Side: Alan: quiero mi auto chukynn
22:52:40 : Direct: adm#2: q paso alan?
22:52:45 : Direct: adm#2: que perdiste
22:52:54 : Side: Alan: nose un camion jaja pero deja no te hagas drama
22:53:01 : Direct: Alan: no te hagas drama adm
22:53:02 : Direct: Alan: fue
22:53:17 : Direct: adm#2: entre soloamente para esto asi que dakle jaja
22:53:17 : Side: Alan: nose ni cual era
22:53:19 : Side: TaLLeS-: eres juan 
22:53:22 : Side: TaLLeS-: ????????
22:53:33 : Direct: Alan: es q nose cual era jaja
22:53:35 : Direct: adm#2: no, juan no esta hoy
22:53:38 : Side: sRulo: el micro hjp
22:53:49 : Side: sRulo: apaga ese mic
22:53:52 : Direct: adm#2: un camion y que mas?
22:53:52 : Direct: Alan: a ver
22:54:38 : Direct: Alan: pera q me estoy fijando
22:54:47 : Side: sRulo: soy el unico que lo escucha?
22:54:50 : Side: JF: Admin cuando tengas un tiempo necesito decirte algo 
22:54:54 : Side: LarzuK: nope
22:54:59 : Side: LarzuK: che, el del microfono
22:55:04 : Side: adm#2: ok jf, dame un seg
22:55:12 : Side: adm#2: apaga el mic JF
22:55:31 : Side: JF: no se como se hace
22:55:36 : Side: LarzuK: prefieron poner 3000 veces la alarma 
22:55:39 : Side: LarzuK: de la base
22:55:46 : Side: LarzuK: antes que seguir escuchandolo , jaja
22:55:46 : Direct: Alan: estas aca adm ?
22:55:49 : Side: sRulo: gracias dios
22:55:50 : Direct: adm#2: si
22:55:56 : Direct: Alan: no recuerdo cual era
22:56:03 : Side: sRulo: boe
22:56:07 : Side: LarzuK: me parece que ahora satura mas que ayer
22:56:11 : Side: LarzuK: ajaj
22:56:12 : Direct: Alan: dame lo q usted quiera no hay drama
22:56:14 : Direct: Alan: y sino no importa
22:56:23 : Direct: adm#2: era camion?
22:56:25 : Direct: Alan: no se haga drama
22:56:32 : Direct: Alan: si un camion o chata
22:56:49 : Direct: adm#2: veni
22:56:56 : Direct: Alan: a donde estas
22:57:18 : Direct: Alan: esto me gusto jaja
22:57:31 : Direct: Alan: fuira jaja
22:57:38 : Direct: adm#2: salga de aqui
22:57:41 : Direct: GusTavoR-: alan
22:57:45 : Direct: GusTavoR-: es teu?
22:57:47 : Direct: Alan: si
22:57:56 : Direct: GusTavoR-: mui bien es blindado ajaja
22:58:01 : Direct: adm#2: salga de aqui
22:58:05 : Direct: Alan: jaja gracias
22:58:07 : Direct: adm#2: por favor gustavo
22:58:25 : Direct: Alan: me lo robaran jajaja
22:58:29 : Direct: adm#2: en el quipo esta la llave
22:58:29 : Side: LarzuK: dale chabon
22:58:35 : Direct: adm#2: cerralo
22:58:38 : Side: LarzuK: tanto te cuesta cambiar el chat y ponerle local 
22:58:46 : Side: LarzuK: que molesto
22:58:48 : Direct: adm#2: gustavo, telles
22:58:50 : Side: LarzuK: no se
22:58:54 : Direct: adm#2: que paso?
22:58:59 : Direct: GusTavoR-: si
22:59:01 : Direct: GusTavoR-: nada jaja
22:59:02 : Side: LarzuK: pero me esta artando
22:59:07 : Direct: Alan: muchisimas gracias genioo
22:59:17 : Side: sRulo: q molesto
22:59:26 : Side: Alan: es un manco q me acepto en steam
23:01:01 : Direct: adm#2: alan
23:01:07 : Direct: Alan: si decime
23:01:13 : Direct: adm#2: gustavo y telles campearon este trade?
23:01:21 : Direct: Alan: si pero no les hagas nada
23:01:29 : Direct: Alan: dejalos ya esta
23:01:31 : Direct: adm#2: no, tranquilo.
23:01:34 : Direct: Alan: yo no me e enojado ni nada
23:01:54 : Direct: Alan: es mas me reia 
23:02:17 : Direct: adm#2: ok
23:02:22 : Direct: Alan: gracias genio
23:02:42 : Direct: adm#2: es q esas actitudes terminan en peleas por el chat global de gusto
23:03:00 : Direct: Alan: sii reconnect se enojo
23:03:02 : Direct: adm#2: bueno, disculpa las molestias, segui tranquilo
23:03:10 : Direct: Alan: pero es alpedo pelear en un juego
23:03:15 : Direct: Alan: noo no te hagas drama papa
23:03:27 : Direct: Alan: disculpa vos por tomarte tu tiempito
23:03:31 : Direct: Alan: en ayudarme
23:03:37 : Direct: adm#2: ahora voy a hablar con ellos. suerte!
23:03:42 : Direct: Alan: esto q me diste
23:03:57 : Side: Alan: rulo
23:04:00 : Side: Alan: estas ?
23:04:04 : Side: sRulo: sep
23:04:10 : Side: Alan: quieres que vallamos de misiones?
23:04:28 : Side: LarzuK: de donde sos alan?
23:04:31 : Side: sRulo: y dale me canse de bicicletiarla
23:04:32 : Side: sRulo: jaja
23:04:40 : Side: Alan: de argentina larzuk
23:04:43 : Side: Alan: rosario
23:04:48 : Side: LarzuK: y porque hablas como goku ?
23:04:56 : Side: Alan: eh ?
23:05:21 : Side: LarzuK: porque hablas en español neutro ?
23:05:23 : Side: Alan: dale, veni para la salada dayz jaja
23:05:49 : Side: LarzuK: porque escribiste quieres que vallamos de misiones
23:05:50 : Side: Alan: jajajaja es que tengo mi prima de alla
23:05:56 : Side: LarzuK: de donde ?
23:06:07 : Side: Alan: españa
23:06:12 : Side: LarzuK: ah, jaja
23:06:18 : Side: LarzuK: si estoy chuky
23:06:23 : Side: sRulo: pues oye tio donde nos juntamos?
23:06:26 : Side: LarzuK: no me anda el mic, no se que le pasa
23:06:35 : Side: Alan: ps coje algo y vente para la salada wacho
23:06:36 : Side: Alan: jajaja
23:06:38 : Group: Ivan: ALAN ESTAS
23:06:47 : Side: Ivan: cuidado con rulo me ataco
23:06:48 : Group: Alan: sisi
23:06:49 : Side: Ivan: es bandido
23:06:56 : Direct: adm#2: bonita base, recuerde mantenerla cada dia. es gratis.
23:06:56 : Side: Alan: yo tmb soy bandido jaja
23:07:05 : Side: sRulo: jajaj a los giles ni kbida?
23:07:16 : Side: Ivan: lel
23:07:17 : Side: Alan: jaja no rulo esta en mi grupito ivan
23:07:37 : Side: Alan: acepta rulin
23:07:43 : Side: sRulo: ahi va
23:07:50 : Side: LarzuK: no me anda el mic
23:08:24 : Group: sRulo: re lejos estoy lpm
23:08:35 : Group: Alan: ay te paso abuscar
23:08:43 : Group: Alan: juntense con ivan
23:08:45 : Group: Alan: en el aeropuerto
23:08:47 : Group: sRulo: ok
23:08:50 : Group: Alan: asi matamos 2 pajaros de 1 tiro
23:09:05 : Group: sRulo: mm no me gusta como suena(?
23:09:06 : Group: Alan: el blindado medico
23:09:11 : Group: Alan: entran mas de 2?
23:09:20 : Group: Alan: jaja na rulo conmigo puedes confiar
23:09:25 : Group: Alan: hice amistad con todo el server ya
23:09:29 : Group: sRulo: el hammer?
23:09:42 : Group: Alan: el vodnik ambulancia
23:09:49 : Group: sRulo: fua entran como 8
23:09:50 : Direct: adm#2: por dios
23:09:54 : Group: Alan: ok voy en este
23:09:56 : Direct: LarzuK: ah me asustaste
23:10:01 : Direct: LarzuK: ajajja yo dije quien carajos entro
23:10:02 : Group: Ivan: rulo tengo tus cosas
23:10:02 : Direct: adm#2: en el tercer piso ya te da paja robarte la base
23:10:06 : Group: Ivan: te las doy
23:10:08 : Direct: LarzuK: ajajajaa
23:10:15 : Group: sRulo: naa si eera porquria
23:10:21 : Group: Ivan: tenias una llave
23:10:26 : Direct: adm#2: acordate de mantener la base cada dia es gratis
23:10:27 : Group: sRulo: si tubiese un as50 buehh jajaw
23:10:34 : Group: sRulo: de una moto pinchada
23:10:34 : Direct: LarzuK: jaja no no es gratis
23:10:38 : Group: sRulo: asi es la pobreza
23:10:38 : Direct: LarzuK: me cobra 100 coins
23:10:43 : Direct: LarzuK: me fundo !
23:10:44 : Direct: adm#2: bue casi gratis
23:10:45 : Direct: LarzuK: jaja
23:10:59 : Group: Alan: ahora
23:11:01 : Group: Alan: con 1 mision
23:11:04 : Group: Alan: ya se super equipan
23:11:08 : Group: Alan: ahora venimos
23:11:10 : Group: Alan: y compramos armas aca
23:11:13 : Direct: LarzuK: es medio embolante subir
23:11:15 : Direct: LarzuK: pero
23:11:26 : Group: Ivan: rulo necesito lootear un hospital tengo 4000 de sangre jaja
23:11:39 : Group: sRulo: tengo blodbag
23:11:49 : Side: Alan: ahh jaja ya tenia pensado meterme en el medio de una mision a atropellar a todos
23:12:11 : Group: sRulo: lo dijiste x el global jaja
23:12:18 : Direct: adm#2: como va todo JF ?
23:12:27 : Side: Alan: ahh tampoco sabia eso
23:12:32 : Side: LarzuK: y estan buenas ?
23:12:39 : Side: Ivan: si es verdad me paso xd
23:12:40 : Side: Alan: jajaja
23:12:45 : Side: Ivan: pase en bici y boom
23:12:47 : Side: Alan: baratas xd
23:12:48 : Side: sRulo: quise despegar un mv-22 
23:12:59 : Side: sRulo: me olvide de poner el despegue asistido
23:13:05 : Side: sRulo: kboooom
23:13:12 : Direct: adm#2: fijate que aveces dejas el mic prendido en el canal global y todos pueden oir. para prenderlo/apagarlo
23:13:21 : Direct: adm#2: apreta block mayuscula
23:13:26 : Side: sRulo: todo minado 
23:14:46 : Group: sRulo: Ivan se fue??w
23:14:47 : Group: Alan: q hacemos llevamos
23:14:49 : Group: Ivan: nop
23:14:50 : Group: Alan: las 2 cosas
23:14:56 : Group: Alan: y o vamos en el vodnik
23:15:01 : Group: Ivan: estoy al tel
23:15:05 : Group: sRulo: es muy boton el heli
23:15:19 : Group: sRulo: si hay gente nos van a cazar de una
23:15:20 : Group: Alan: ok lo dejamos aca
23:15:23 : Group: Ivan: estoy al tel dame 1 segundo
23:15:25 : Group: Alan: traten de acordarse donde esta
23:15:35 : Group: Ivan: okaa ya me acuerdo y me anote las coordenadas
23:15:40 : Group: Alan: q les hace falta ?
23:15:47 : Group: Ivan: bolsa de sangre
23:15:59 : Group: sRulo: yo tengo
23:16:09 : Group: sRulo: ahi la deje
23:16:11 : Group: Alan: me hace falta unos cargadores
23:16:13 : Group: Alan: vamos a comprar
23:16:16 : Group: Alan: nos equipamos bien
23:16:17 : Group: Ivan: dale
23:16:19 : Group: Alan: y le damos duro a la mision
23:16:23 : Group: Ivan: sisi
23:16:28 : Group: Alan: si les falta coins me piden
23:16:36 : Group: sRulo: buena re preparados uds jaja
23:16:37 : Group: Ivan: yo tengo un ural con cosas
23:16:48 : Group: Alan: rulo vos sos muy kamikaze
23:16:53 : Group: Ivan: pero nose si sigue estando esta a en el mercadito
23:17:00 : Group: Alan: alguno maneje hasta el mercado
23:17:02 : Group: Alan: q hablo con juan
23:17:07 : Group: Ivan: dale
23:17:14 : Group: sRulo: hasta que mercado?
23:17:24 : Group: Ivan: el central
23:17:25 : Group: Alan: mercado central
23:17:27 : Group: Ivan: ahi esta la papa
23:17:30 : Group: sRulo: ok
23:18:01 : Group: Ivan: hace 1 mes que no tengo gas en mi depto
23:18:06 : Group: Ivan: me siento todo un survival
23:18:13 : Group: Ivan: calentando todo con una resistencia para mate
23:18:22 : Group: Ivan: en 2hs tengo altos fideos xD 
23:18:31 : Side: CptPrice: Buenas
23:18:38 : Group: sRulo: la corriente te la debo jaja
23:18:45 : Side: LarzuK: como va
23:18:46 : Side: adm#2: buenas noches Price.
23:18:52 : Group: Ivan: me van a romper el orto con la luz
23:18:56 : Side: CptPrice: Todo bien, vos?
23:19:10 : Group: Alan: jaja
23:19:16 : Side: Alan: hola price
23:19:33 : Side: CptPrice: hola :e
23:20:00 : Group: Ivan: che alan esperemos hsta que reinicie el server
23:20:06 : Side: CptPrice: O.O
23:20:07 : Group: Ivan: cosa que si nos matan no perdamos "todo"
23:20:12 : Group: Ivan: --
23:20:16 : Side: JF: Hola como va
23:20:27 : Group: sRulo: en donde quieren esperar?
23:20:28 : Side: CptPrice: todo peola vos?
23:20:50 : Group: Ivan: y yo con el calentador de agua en 40 me hago arroz con un toque de salchicha
23:21:13 : Side: JF: bien bien 
23:21:31 : Side: Ivan: no tengo gas hace 1 mes, day z para mi es un maincra(?
23:22:52 : Group: Alan: en cunato reinicia ?
23:22:57 : Side: Ivan: 38m
23:23:14 : Group: Alan: q paso ?
23:23:16 : Group: Alan: xd
23:23:16 : Group: sRulo: ojo q ese contador es cualquier cosa
23:23:17 : Side: Ivan: papu vivo en el monte
23:23:18 : Side: adm#2: a
23:23:18 : Group: Alan: por q te dijo eso
23:23:28 : Side: CptPrice: Esta todo por las nubes -.-
23:23:31 : Side: Ivan: salamandra y soy vegetariano con eso me solucione la mitad de la vida
23:23:36 : Side: CptPrice: creo que tendre que seguir en bici :v
23:23:42 : Group: sRulo: lol
23:23:45 : Group: sRulo: mira eso
23:23:54 : Side: Ivan: xD
23:23:55 : Group: Alan: ese es mi camion
23:24:14 : Side: Alan: jaja
23:24:15 : Side: Ivan: Esque al vivir en la montaña es dificil conseguir carne
23:24:23 : Group: sRulo: ojo hay gente
23:24:30 : Group: Ivan: soisis
23:24:36 : Group: sRulo: me quedo conductor o cierran?
23:24:46 : Group: Alan: ay cerre
23:24:55 : Side: Ivan: entonces bueno prefiero comer la comida que planto antes que bajar 15km y comprar 1kg de carne a 100pe
23:24:57 : Group: sRulo: conmigo adentro T.T jaja
23:25:06 : Group: Alan: jajaja
23:25:26 : Group: sRulo: me hubieses dejado la ventana abierta al menos 
23:25:30 : Group: Alan: jajaja
23:27:00 : Group: sRulo: ahi vuelvo voy al baño
23:27:43 : Group: Alan: ya estoy muchachos
23:27:51 : Side: Ivan: hu que garron vos que onda ibas en auto?
23:27:55 : Side: Ivan: yo tengo que caminar
23:28:18 : Group: Ivan: gemte revisen las carpas y demas que hay lootw
23:28:55 : Side: Ivan: na yo imposible cazo nomas para proteger a los caballos, soy del campo xD 
23:30:30 : Side: Ivan: Yo en quebrada de la luna cordoba
23:30:31 : Side: CptPrice: Sos uruguayo?
23:30:41 : Group: Ivan: chicos
23:30:46 : Group: Ivan: que compraron? 
23:31:01 : Group: Alan: solamentecargadores
23:31:06 : Group: Ivan: yo no encuentro municion para mi arma asique ni idea con que ir jaja
23:31:06 : Group: Alan: y rulo nada xd
23:31:19 : Group: Alan: llevate una mk17
23:31:23 : Group: Alan: son buena y con silenciador
23:31:26 : Side: CptPrice: se aguante uruguay ñeri :v
23:31:52 : Group: Ivan: no lei
23:32:02 : Group: Alan: la mk17 tiene silenciador
23:32:04 : Group: Alan: esmuy buena
23:32:05 : Side: CptPrice: el que era de taviana
23:32:34 : Side: CptPrice: a mi no
23:32:40 : Side: CptPrice: fue a uno de mi antiguo clan
23:32:49 : Side: CptPrice: un tal Lizzard
23:33:15 : Side: CptPrice: el culpa de ese nabo cerramos el clan..
23:33:23 : Group: sRulo: estoy
23:33:53 : Group: Ivan: alan donde compro 1
23:33:56 : Group: sRulo: ya se prepararon chicas?
23:33:57 : Group: Ivan: no la encuentro xD
23:34:04 : Group: Alan: falta ivan
23:34:12 : Group: Alan: sino
23:34:16 : Group: Alan: aca veni
23:34:39 : Group: Alan: trade menu
23:34:47 : Group: sRulo: bueno ya que estan me compran 2 carg stang 
23:34:47 : Group: Alan: laprimera opcion es, overwatch scar
23:34:52 : Group: sRulo: asi no me quedo corto
23:34:56 : Group: Alan: y es la mk17 cco sd
23:35:16 : Group: Alan: ok rulo
23:35:19 : Group: Ivan: 75mil A LA MIERDA Xd
23:35:25 : Group: Alan: si es cara xd
23:35:33 : Group: Ivan: tENGO 30 MIL XD
23:35:37 : Group: sRulo: que sale 75k???
23:35:39 : Group: Alan: ok yo te la compro
23:36:11 : Group: Ivan: son sd los cargadores verdad?
23:36:19 : Group: Ivan: yo compro un par de cargadores de MK17 y fue
23:36:22 : Group: sRulo: alguno de uds jugo en la epoca de dayz sin mods?
23:36:33 : Group: Ivan: yo estoy jugando desde el 2012
23:36:35 : Group: Alan: no yo soy un poco nuevo
23:36:47 : Group: sRulo: ahi te la tenias que arreglar con una le-enfield 
23:37:00 : Group: Ivan: y no hagas mucho ruido porque te cojen jaja
23:37:07 : Group: Ivan: tener una M4 era ser groso
23:37:09 : Group: sRulo: era el as.50 de la epoca(?
23:37:13 : Group: Ivan: ni hablar de la mochila
23:37:21 : Group: Alan: toma ivan veni
23:37:25 : Group: Alan: poera
23:37:27 : Group: Alan: quedate hay
23:37:35 : Group: sRulo: la comida escaseaba tenias que rogar que se te cruce un chanchito
23:37:37 : Group: Alan: ay esta-
23:37:40 : Group: Alan: agarrala
23:37:48 : Group: Alan: aca
23:37:55 : Side: CptPrice: Alguien sabe algo para aumentar los fps?
23:38:09 : Side: Ivan: ploz
23:38:10 : Side: Alan: xd
23:38:10 : Side: sRulo: generlamente se arregla con una mejor pc
23:38:26 : Side: CptPrice: tengo una buena pc, pero no se que carajos pasa :E
23:38:27 : Side: Alan: yo de 17 q tenia ahora tengo 30
23:38:34 : Side: CptPrice: no
23:38:48 : Side: CptPrice: algo entiendo pero muy poco
23:39:03 : Side: Alan: te deje
23:39:05 : Side: Alan: los 2 cargadores
23:39:07 : Side: sRulo: tocaste las config supongo
23:39:11 : Group: Alan: te deje los 2 cargadores
23:39:19 : Group: Alan: en el equipo del vodnik
23:39:20 : Group: sRulo: grax
23:39:21 : Group: Alan: rulo
23:39:29 : Side: CptPrice: en esta pc normalmente me iva a 70 , 80 fps
23:39:30 : Group: sRulo: vamos?
23:39:38 : Group: Alan: ivan
23:39:41 : Group: Alan: estas listo ?
23:39:44 : Group: Alan: sos peor q una mujer
23:39:46 : Group: Alan: jajaja
23:39:48 : Side: CptPrice: pero no se que carajos pasa que hace como 1 semana me biene andando a 20 , 25
23:39:54 : Group: Ivan: ajajaja
23:39:55 : Group: sRulo: se depilaron todo chicas?
23:40:04 : Group: Alan: toda toda
23:40:06 : Group: Ivan: che tenemos 20m ojito 
23:40:08 : Group: sRulo: para donde vamos?
23:40:32 : Group: Ivan: el arma 2 es lo mejor que le paso a la huminidad despues de AOE2 Y CS 1.6
23:40:42 : Side: CptPrice: Solamente tengo abierto del block de notas, el steam y el arma
23:40:44 : Group: Alan: hay se conecta edgar
23:40:48 : Group: Alan: que tmb juega con nosotros
23:41:03 : Group: Alan: rulo estoy jugando origins 1.8.2 la nueva version
23:41:10 : Group: Alan: que tmb es super dificil conseguir armas
23:41:31 : Side: Ivan: arma 2 es lo mejor que le paso a la humanidad despues del Bomberman - Ricochet - CS 1.5, 1-6 - aoe2  y Mitologi
23:41:39 : Group: sRulo: creeme no hay nada como el primer dayz
23:41:40 : Group: sRulo: jajaw
23:41:51 : Side: CptPrice: y DayZ standalone lo peor que le paso a la humanidad jaja xd
23:42:04 : Side: Alan: tan feo es elstandalone?
23:42:07 : Side: Ivan: es el homunculo de dross :v
23:42:20 : Group: sRulo: creo q el problema es 
23:42:30 : Group: sRulo: el ping
23:42:33 : Side: Alan: mira mira
23:42:37 : Group: Alan: un tipo
23:42:39 : Group: Alan: corriendo atras
23:42:39 : Side: CptPrice: No ahi zombies, solo es pvp y muchos hackers
23:42:41 : Group: Alan: son 
23:42:59 : Group: sRulo: un player'
23:43:02 : Group: sRulo: ??
23:43:02 : Group: Alan: sisi
23:43:09 : Group: sRulo: donde
23:43:15 : Group: Alan: saliendo de la ciudad
23:43:17 : Side: Ivan: es SA es muy parecido a The war cancer Z
23:43:23 : Group: Alan: ya se fue a la mierda
23:43:26 : Side: CptPrice: en video tengo todo en normal
23:43:34 : Side: Alan: aca los zombis son muy cargosos jaja
23:43:53 : Side: CptPrice: Lo tengo que descargar :c
23:44:02 : Side: Ivan: AHORA tambien llamado infestation - tambien bien llamado nome acuerdo pero sigue siendo mierda
23:44:07 : Side: Alan: probaron el origins 1.8.2 la nueva version ?
23:44:35 : Side: CptPrice: pasame de nuevo la ip que lo descargo y entro
23:44:50 : Side: Ivan: pregunta a los del server, alguno juega Airsoft
23:45:06 : Side: Ivan: O Paintball?
23:45:19 : Group: Alan: llegamos a hacerla?
23:45:20 : Side: Ivan: y que sea de cordoba? tnego que practicar y nadie juega xD
23:45:23 : Side: sRulo: yo varias veces pero no regularmente
23:45:35 : Side: CptPrice: Dale, ahora vengo. Me descargo el ts y entro
23:45:36 : Group: Ivan: No creo yo diria esperar
23:45:43 : Side: sRulo: no nos da el tiempo
23:45:50 : Group: sRulo: no nos da el tiempo
23:45:57 : Group: Ivan: totalmente
23:46:09 : Group: Alan: ok
23:46:20 : Group: Alan: nunca pense hacer amistad con rulo
23:46:23 : Group: Alan: jajaja
23:46:28 : Group: Alan: era un hdp q mataba todo lo q se movia
23:46:37 : Group: Ivan: yo tampoco pero es la magia del dayz
23:46:37 : Group: sRulo: sigo siendo asi jajaj
23:46:41 : Group: Alan: la otra ves
23:46:46 : Group: Alan: estaba hablando con juan por steam
23:46:51 : Group: Alan: y minimize-
23:47:01 : Group: Alan: cuando entro rulo disparandome y 1 zombi atacandome
23:47:07 : Group: Alan: dispare para todos lados y lo mate jajaja
23:47:09 : Group: Alan: te acordas ?
23:47:17 : Group: sRulo: bldo lo mismo me paso conivan
23:47:24 : Group: Ivan: me paso con juan
23:47:24 : Group: sRulo: por desesperado 
23:47:38 : Group: Ivan: iba con mi ural me lo cruzo a juan y me recaga a tiros
23:47:45 : Group: Alan: jaja
23:47:45 : Group: Ivan: lo persigo por el bosque se cae el server
23:47:52 : Group: Ivan: y no se conecto mas jaja
23:48:04 : Group: Ivan: despues me lo vuelvo a cruzan en un pueblo y alto tiroteo
23:48:13 : Group: Ivan: morimos todos ese dia fue mortal
23:48:25 : Group: Alan: ahora tenemos que tener cuidado
23:48:28 : Group: Alan: cunado hagamos mision
23:48:30 : Group: Ivan: despues un loquito se tiro con un heli al medio del edificio
23:48:33 : Group: Alan: tratemos de separarnos un poco
23:48:38 : Group: sRulo: obvio
23:48:40 : Group: Alan: por qesta llenito el server jaja
23:48:42 : Group: Ivan: si mas vale
23:48:43 : Group: Alan: no es como antes
23:48:51 : Group: Ivan: no para nada ahora se mantan por 2 panchos
23:48:59 : Group: sRulo: es mas lindo asi jaja
23:49:02 : Group: Ivan: si!
23:49:04 : Group: sRulo: me encanta el quilombo
23:49:05 : Group: sRulo: jajaj
23:49:12 : Group: Ivan: a mi me gusta gastarme los cartuchos pero en equipo
23:49:18 : Group: Ivan: nada de andar lobo solitario
23:49:24 : Group: Ivan: me aburro rapid
23:49:33 : Group: sRulo: es re lindo cuando andas solo y te bajas a todo un team
23:49:34 : Side: LarzuK: estaria recontra copadisimo que cuando atacas un puesto de control y suena la alarma empiece a caer refuerzos
23:49:37 : Group: Ivan: le tengo odio a unos brasileros que me raidearon la base
23:49:50 : Group: sRulo: en un sv yankee me baje 5 que estaban en team
23:49:54 : Side: Ivan: y aparesca macri con sus gendarme dando alegria y esperanza
23:50:04 : Side: Ivan: en forma de balas de goma (?
23:50:35 : Side: Ivan: alan
23:50:40 : Group: sRulo: se me bugueo el marcador de ivan me aparece que esta al lado de la mision jaja
23:50:44 : Group: Ivan: SIII
23:50:49 : Group: Ivan: IBA A PREGUNTAR ESO JAJAJA
23:51:02 : Group: Ivan: ME APARECEN AL LADO DE LA MISION Y YO COMO " Ok .. KHE!"
23:51:07 : Group: Alan: yo te veo
23:51:11 : Group: Alan: lejos rulo
23:51:16 : Group: Alan: yo tmb estoy alado de la mision mas o menos
23:51:39 : Group: Ivan: Se jodio el gps
23:51:48 : Group: sRulo: se salio la mision
23:51:50 : Side: Alan: admin
23:51:52 : Side: Alan: pasa ts
23:51:54 : Group: Ivan: ptm
23:51:59 : Group: Ivan: posta vamos al ts3
23:52:03 : Side: Alan: pasa ts
23:52:05 : Group: Alan: si vamos
23:52:10 : Side: LarzuK: lo tenes ahiw
23:52:12 : Side: Ivan: pasa ts3 asi nos metemos amiwo
23:52:22 : Side: Ivan: JA! nunca lo lei la puta madre
23:52:23 : Group: sRulo: uhh ni lo tengo aprovecho el restart para descargarlo
23:52:32 : Group: sRulo: yo uso el curse entre amigos es mas comodo
23:52:46 : Side: Ivan: ese momento que te das cuenta que tenes una lectura de verga
23:53:13 : Group: sRulo: minimizo total ya restartean
23:53:18 : Group: sRulo: para bajar el ts
23:53:27 : Group: Ivan: dale yo tambien
23:53:34 : Group: Ivan: rulo nos cubris? 
23:53:41 : Group: Ivan: o te lo bajas tambn?
23:53:53 : Group: sRulo: yo tambn para che es el ts3?
23:54:00 : Group: sRulo: o cual?
23:54:05 : Group: Ivan: team speak client 3
23:54:14 : Side: sRulo: ok
23:54:19 : Group: sRulo: ok
23:54:54 : Group: Alan: ya estamos en ts con reconnect
23:54:56 : Group: Alan: faltan ustedes
23:55:35 : Group: sRulo: ahi lo estoy descargando
23:55:43 : Group: sRulo: deslogueo 
23:55:50 : Group: sRulo: vuelvo en el rest
23:55:53 : Group: Alan: yo = a esperar el restart
23:57:08 : Group: Ivan: me desconecto asi actualizo el 
23:57:10 : Group: Ivan: ts3
23:58:43 : Side: Alan: chukyn
23:58:55 : Group: Ivan: ya estoy en el ts3
23:58:59 : Group: Ivan: alguien vieja?
