13:37:06 : Direct: juandayz: y la camioneta?
13:37:25 : Direct: Leodagos: jejox
13:37:39 : Direct: juandayz: listo
13:38:15 : Direct: juandayz: alta base
13:38:31 : Direct: Nikyta: me mude 
13:38:41 : Direct: Nikyta: en la ciudad habia mucho ruido jajaj
13:38:51 : Direct: Nikyta: mira veni
13:38:52 : Direct: juandayz: :D q necesitabs
13:39:20 : Direct: juandayz: no lo podes sacar no?
13:39:29 : Direct: Nikyta: escondi el plot en el baño y venia haciendo mantenimiento hasta que se buguio jajaj+
13:39:43 : Direct: Nikyta: podes borrar el baño ? jajaja
13:39:49 : Direct: juandayz: vos no estas bien
13:39:53 : Direct: juandayz: jaa
13:40:00 : Direct: Nikyta: voy a tener que ponerlo en otro lado xd
13:40:10 : Direct: Nikyta: gracias !!!!
13:40:14 : Direct: juandayz: ponelo adentro , te lo afanan aca
13:40:30 : Direct: juandayz: no hace falta q mantegas la base
13:40:30 : Direct: Nikyta: para una cosa mas jajaj
13:41:02 : Direct: Nikyta: podes sacarme esta casa ?
13:41:23 : Direct: Nikyta: ok gracias ya esta :)
13:41:28 : Direct: juandayz: ;)
13:45:19 : Direct: juandayz: hi tio chuk :)
13:45:35 : Direct: Tio  Chuck: dae
13:46:11 : Direct: Tio  Chuck: quem e vc
13:46:17 : Direct: juandayz: admin
13:46:21 : Direct: Tio  Chuck: abom
13:46:23 : Direct: juandayz: dont shut
13:46:31 : Direct: Tio  Chuck: ok
13:46:40 : Direct: juandayz: do you need something?
13:46:52 : Direct: Tio  Chuck: braziliam man
13:47:00 : Direct: juandayz: yea i know
13:47:05 : Direct: Tio  Chuck: no ingues
13:47:13 : Direct: juandayz: ok, necesitas algo?
13:47:25 : Direct: juandayz: todo bien?
13:47:28 : Direct: Tio  Chuck: se puder uma porta de garragem
13:47:33 : Direct: Tio  Chuck: eu agradeço
13:48:31 : Direct: juandayz: ahi esta la puerta
13:48:54 : Direct: Tio  Chuck: ea de madeira
13:49:36 : Direct: Tio  Chuck: muito oibrigado
13:49:42 : Direct: juandayz: de nada :) bye
13:49:49 : Direct: Tio  Chuck: bay man
15:52:25 : Direct: juandayz: ey
15:52:30 : Direct: Alan: ei
15:52:35 : Direct: Alan: desaparecio mi mochila
15:52:38 : Direct: Alan: vengo de hacer una mision
15:52:43 : Direct: juandayz: donde la pusiste=
15:52:52 : Direct: Alan: en ningun ladoo me subi al heli al terminar la mision
15:52:58 : Direct: Alan: y ahora cuando me baje no la tenia mas
15:53:32 : Direct: Alan: como te amo zorra
15:53:37 : Direct: juandayz: gata
15:53:39 : Direct: Alan: che gato
15:53:43 : Direct: Alan: no tenes una mk17 _
15:53:48 : Direct: Alan: el sniper silenciado
15:53:58 : Direct: juandayz: no, tengo una cco
15:54:08 : Direct: Alan: cual es _
15:54:24 : Direct: juandayz: la q tengo en la mano :D
15:54:30 : Direct: Alan: ahh
15:54:38 : Direct: Alan: a quien mate antes _
15:54:38 : Direct: juandayz: es silenciada
15:54:40 : Direct: Alan: no viste?
15:54:44 : Direct: juandayz: pero no sniper
15:54:47 : Direct: Alan: pero quiero el sniper
15:55:08 : Direct: Alan: encontraste alguien mas cargoso q yo eh jaja
15:55:10 : Direct: juandayz: usa el dmr bola
15:55:14 : Direct: juandayz: esta bueno ese
15:55:18 : Direct: Alan: sii pero
15:55:22 : Direct: Alan: hay algunos que andan matando
15:55:23 : Direct: juandayz: seeeee q no
15:55:33 : Direct: Alan: si antes pregunte quien estaba haciendo la mision
15:55:36 : Direct: Alan: y me empezo adisparar
15:55:42 : Direct: Alan: y lo termine matando por ser mas malo que yo jaja
15:55:46 : Direct: juandayz: jaja mejor q se empiezen a matar
15:55:54 : Direct: Alan: sii q se ponga mas divertido
15:56:31 : Direct: juandayz: te lo arreglo
15:56:43 : Direct: juandayz: pero aveces salen asi, es config de la mision
15:57:12 : Direct: juandayz: listo ;)
16:01:59 : Direct: juandayz: hello
16:02:26 : Direct: Jej0x |Aspirante|: bb
16:03:03 : Direct: juandayz: tu base es?
16:03:29 : Direct: Jej0x |Aspirante|: mia  no de el
16:04:27 : Direct: juandayz: ta buena. bueno venia a saludar no mas :D  bye
16:09:15 : Direct: Alan: casi me choco 500 veces
16:09:19 : Direct: Alan: que dificil manejar esooo
16:09:23 : Direct: juandayz: jaja
16:09:27 : Direct: Alan: encima 
16:09:29 : Direct: Alan: se lo robe
16:09:32 : Direct: Alan: al q hizo la mision jajaja
16:09:36 : Direct: juandayz: :D
16:09:39 : Direct: Alan: estaba looteando los cuerpos
16:09:46 : Direct: Alan: y ni lo mate corri directo al heli
16:09:50 : Direct: Alan: no paraba de dispararme jajaja
16:10:40 : Direct: juandayz: al verdulero hay q matar
16:10:49 : Direct: Alan: jajaja
16:10:50 : Direct: Alan: por quee
16:11:06 : Direct: juandayz: jaaja por cobarde, se paso 1 mes loteando adentro del mercado
16:11:17 : Direct: Alan: jajaja na de encerio _
16:11:59 : Direct: Alan: jaja es muy buen loco el verdulero
16:12:00 : Direct: Alan: lo amoo jaja
16:12:21 : Direct: Alan: wooo
16:12:25 : Direct: Alan: hay airplaness !!
16:12:48 : Direct: Alan: mira
16:12:51 : Direct: Alan: hay algo mal juan
16:13:01 : Direct: juandayz: q pasa
16:13:03 : Direct: Alan: el helicoptero que traje
16:13:07 : Direct: Alan: cuesta 1millon
16:13:11 : Direct: juandayz: si
16:13:12 : Direct: Alan: y se vnnde a 50k nomas
16:13:17 : Direct: Alan: y aca los airplanes
16:13:26 : Direct: Alan: cuesta 500k y sevenden a 200k
16:13:30 : Direct: juandayz: por q l puse exclusivamente para vender los vehiculos de mision
16:13:59 : Direct: Alan: sisi entiendo
16:14:02 : Direct: juandayz: osea esta carisimo el q vos trajiste para q no sea tan facil comprarlo
16:14:04 : Direct: Alan: pero entiendes lo que te digo _
16:14:12 : Direct: juandayz: no
16:14:19 : Direct: Alan: osea el airplane por ejemplo
16:14:28 : Direct: Alan: el mv 22
16:14:39 : Direct: Alan: cuesta 700k, 300k menos que el heli q traje
16:14:49 : Direct: Alan: y se vende a 150k mas que el heli que traje
16:14:56 : Direct: juandayz: aja
16:15:00 : Direct: Alan: entendes
16:15:09 : Direct: Alan: hdp reprobaste matematica
16:15:22 : Direct: juandayz: ajaaj no es q no entiendo cual es la pregunta
16:15:40 : Direct: juandayz: osea el avion cuesta mas barato y se vende mas caro q tu heli, si
16:15:41 : Direct: Alan: que no te dije ninguna pregunta cabeza de termo jaja
16:15:51 : Direct: Alan: BIENNNNNNNNNNNNNNNNNNN
16:15:57 : Direct: Alan: osea 
16:15:59 : Direct: juandayz: y entonces?
16:16:01 : Direct: Alan: tendria que invertir eso
16:16:12 : Direct: juandayz: ahi va, por que?
16:16:16 : Direct: Alan: lo que se compra mas caro se vende mas caro
16:16:27 : Direct: juandayz: es que el avion no aprece en mision
16:16:32 : Direct: juandayz: el heli si
16:16:39 : Direct: Alan: y donde joraca aparecen
16:16:42 : Direct: Alan: los aviones _
16:16:45 : Direct: juandayz: en el  trade nada mas
16:16:47 : Direct: juandayz: aca
16:16:54 : Direct: Alan: ahhh
16:16:57 : Direct: Alan: no sabia eso
16:16:59 : Direct: Alan: igual
16:17:03 : Direct: juandayz: osea si queres un mv22 lo compras aca
16:17:13 : Direct: Alan: si trajiera un airplane no lo aterrizo me chocaria todo
16:17:13 : Direct: juandayz: a 700 y lo revenddes a 200
16:17:18 : Direct: juandayz: claro
16:17:19 : Direct: Alan: nunca maneje eso en el arma 2
16:17:29 : Direct: juandayz: ademas q no hay espacio aca
16:17:36 : Direct: juandayz: por eso es q los puse caros
16:17:40 : Direct: Alan: ahh
16:17:44 : Direct: Alan: y eso tienen ametralladoras _
16:17:49 : Direct: juandayz: para comprarlos, es como si quiciera q no estn
16:18:17 : Direct: Alan: y si lo compro
16:18:22 : Direct: Alan: donde aparece
16:18:23 : Direct: Alan: aca _
16:18:27 : Direct: juandayz: en la h
16:18:33 : Direct: Alan: y como joraca despegas
16:18:36 : Direct: Alan: con tan poco espacio _
16:19:00 : Direct: juandayz: con poasiencioa, por eso los precios caros
16:19:09 : Direct: Alan: jaja
16:19:13 : Direct: Alan: pera juntare 20k
16:19:15 : Direct: Alan: te mostrare
16:19:18 : Direct: Alan: como se despega
16:20:15 : Direct: Alan: wow
16:20:53 : Direct: juandayz: no te aseguro q no mueras e
16:21:05 : Direct: Alan: bueno entonces maneja bien culiado jaja
16:21:17 : Direct: Alan: no me hagas morir
16:22:42 : Direct: Alan: jaja
17:12:50 : Direct: Jej0x |Aspirante|: la contraseña es 6186 pero no me abre
17:13:06 : Direct: juandayz: q onda
17:13:19 : Direct: Jej0x |Aspirante|: la contraseña es 6186 pero no me abre
17:13:48 : Direct: juandayz: incorrecta
17:13:59 : Direct: juandayz: te la abro y saca todo
17:14:05 : Direct: juandayz: y volve a ponerla
17:14:17 : Direct: Jej0x |Aspirante|: OK
17:14:26 : Direct: juandayz: listo
17:15:04 : Direct: Jej0x |Aspirante|: EU
17:15:11 : Direct: Jej0x |Aspirante|: COMO LA SACO? ME PIDE DENUEVO LA CONTRASEÑA
23:24:59 : Direct: Alan: mira
23:25:03 : Direct: Alan: tienes una mision sin bots
23:25:05 : Direct: Alan: aca alado
23:25:23 : Direct: Nikyta: pero no se como se hace xd
23:25:26 : Direct: Alan: ven
23:25:39 : Direct: Alan: abre
23:25:41 : Direct: Alan: y subete
23:25:46 : Direct: Alan: antes q la hagan los demas jaja
23:28:55 : Direct: Alan: es tipo una caja de madera
23:28:58 : Direct: Alan: tirada en el piso
23:37:01 : Direct: Nikyta: dale pero te advierto que soy mala disparando xd
23:37:46 : Direct: Nikyta: siempre me matan en las misiones :(
23:37:53 : Direct: Nikyta: jajaja
23:38:53 : Direct: Nikyta: oki
23:39:30 : Direct: Nikyta: que fue eso !!!
23:39:35 : Direct: Nikyta: jajajajaja
23:41:02 : Direct: Nikyta: haa el puesto de control
23:41:50 : Direct: Nikyta: habia muchos disparos uno solo no puede ser era el puesto de control jaja
23:42:37 : Direct: Nikyta: huff no me traje comida xd
23:42:55 : Direct: Nikyta: despues te lo debuelvo xd
23:45:17 : Direct: Nikyta: huu ya casi resetea
23:48:05 : Direct: Nikyta: LPM jaja traje las llaves de mi auto xd las guardo en la sub xd
23:50:06 : Direct: Nikyta: no no
23:50:25 : Direct: Nikyta: dale
