15:27:36 : Group: sRulo: ahi ta
15:27:56 : Group: galle: pasa siempre igual
15:28:11 : Group: galle: arranco en 40 fps, y a medida q voy corriendo me van bajando periodicamente
15:28:24 : Group: sRulo: sabes q puede ser 
15:28:30 : Group: sRulo: el disco o el ram
15:28:36 : Group: galle: para mi la ram
15:28:37 : Group: sRulo: mas que la placa
15:28:52 : Group: sRulo: mira usa el cc cleaner
15:28:57 : Group: galle: no esta reteniendo mucha informacion
15:29:34 : Group: galle: relogueo
15:29:34 : Group: sRulo: usa el ccleaner capaz esta muy saturado de cookies y esas boludeces
15:48:56 : Group: galle: disparaleee
15:49:04 : Group: sRulo: a quien?? jajajw
15:49:12 : Group: galle: qe se yo, ves un heli
15:49:17 : Group: galle: segun esta cagada
15:49:30 : Group: sRulo: ahhh es un mooziew
15:49:43 : Group: sRulo: puta no se donde deje la moto
15:49:51 : Group: galle: va a llover
15:49:51 : Group: sRulo: y candela?w
15:49:53 : Group: galle: no te acordas
15:49:55 : Group: galle: de algo
15:50:11 : Group: sRulo: jajaj
15:50:16 : Group: sRulo: ojala fuese asi con la facu
15:50:44 : Group: sRulo: la encontre vamo no ma
15:50:48 : Group: sRulo: jaja
15:51:06 : Group: sRulo: black how en mision
15:51:14 : Group: sRulo: q decis?
15:53:45 : Group: sRulo: lo unico que no me gusta del sv es que dejaron el trade demasiado al norte
15:55:21 : Group: galle: siguen para la verga los fps
15:55:45 : Group: sRulo: para cuanto espacio en disco tenes?
15:56:24 : Group: galle: la mitad
15:56:27 : Group: galle: practicamente libre
15:56:47 : Group: sRulo: q pija se te habra pinchadow
15:57:11 : Group: galle: cdo minimizo el game y lo vuelvo a abrir vuelve a 20
15:57:13 : Group: galle: y baja de nuevo
15:57:40 : Group: sRulo: y ahora te pasa lo mismo con el lol?
15:57:54 : Group: galle: se
15:58:20 : Group: sRulo: mientras no sea el micro w
15:59:29 : Group: galle: tendria q sacar todo
15:59:32 : Group: galle: placa las ram todo
15:59:35 : Group: galle: y limpiarlas bien
15:59:38 : Group: galle: las terminales
15:59:55 : Group: galle: y al micro ponerle pasta
16:00:06 : Group: sRulo: queres que vaya y te ayude?? tengo todo lo necesario
16:00:09 : Group: galle: es cara la pasta?
16:00:13 : Group: sRulo: tengo
16:00:18 : Group: galle: joya
16:00:20 : Group: galle: dale
16:00:48 : Group: sRulo: aguantame que deje los pj cerca jaja
16:02:14 : Group: sRulo: pinche la moto a 1 cuadra lpm jajaj
16:02:20 : Group: sRulo: bue ahi voy
17:11:22 : Group: Alan: hola edgar
17:11:27 : Group: edgar: Hola
17:11:47 : Group: edgar: entonces un sv de ts3
17:12:45 : Group: edgar: entonce no?
17:12:46 : Group: Alan: mmm
17:13:09 : Group: edgar: xDD para que conoscas mi hermosa voz
17:13:33 : Group: Alan: jajaja
17:13:36 : Group: Alan: podes hablar por aca
17:13:53 : Group: edgar: sierto
17:15:29 : Group: Alan: estuve probando la nueva version
17:15:33 : Group: Alan: origins 1.8.2
17:15:34 : Group: edgar: de que
17:15:36 : Group: Alan: muy buenaaa
17:15:38 : Group: edgar: y como esta
17:16:04 : Group: edgar: responde mis preguntas antes de que las ponga xD
17:16:14 : Group: Alan: jaja q me preguntaste ?
17:16:44 : Group: edgar: te dige de que? y pos no mire y te estube ablando sin mirar lo que desias
17:17:03 : Group: Alan: no entendi un joraca
17:17:07 : Group: edgar: xD
17:17:08 : Group: Alan: lo que me quisiste decir jaja
17:17:16 : Group: Alan: dige con j dije
17:17:20 : Group: Alan: bruto xd
17:17:38 : Group: edgar: xD
17:20:12 : Group: edgar: hay que aser missiones
17:21:45 : Group: edgar: casi nadie se conecta a este sv
17:22:05 : Group: edgar: quiro balasiarme con alguien :(
17:23:04 : Group: Alan: ahora vuelvo
17:23:08 : Group: edgar: ok
21:14:57 : Group: reconnect: oka
22:02:27 : Group: Alan: hay mucha gentee
22:02:29 : Group: Alan: q buena onda xd
22:02:46 : Group: reconnect: xD
22:02:53 : Group: reconnect: tenes algo para lootear? chopper?
22:02:59 : Group: Alan: camion
22:03:01 : Group: reconnect: tengo la mision lista pero solo ni en pedo
22:03:05 : Group: Alan: no encuentro la llave de mi chopper
22:04:00 : Group: Alan: ay voy
22:04:00 : Group: reconnect: ya me voy, si queres looteamos esta mision sino ya fue
22:04:05 : Group: Alan: sisi ya voy
22:04:14 : Group: Alan: entro y te vas culiadoo
22:04:15 : Group: Alan: quedatee
22:04:31 : Group: reconnect: hacete hombre
22:04:43 : Group: reconnect: jajaja
22:04:52 : Group: Alan: noo jaja
22:05:22 : Group: reconnect: anda por la calle de olsha
22:05:35 : Group: reconnect: ahi te veo pense qeu venias en camion
22:05:41 : Group: Alan: vengo con el camion tmb
22:05:48 : Group: reconnect: no aterrices cerca mio, mas bien a la izq
22:05:57 : Group: reconnect: en la punta del airfield
22:06:09 : Group: reconnect: si ves algo avisa
22:06:45 : Group: Alan: nada
22:07:12 : Group: Alan: quedate trolo
22:07:15 : Group: Alan: no seas puto jajaja
22:07:55 : Group: reconnect: -paseando? :S
22:07:57 : Group: reconnect: :D
22:08:00 : Group: Alan: te deje el cmaion aca
22:08:05 : Group: reconnect: josha
22:09:43 : Group: reconnect: alguien la hizo la mision
22:09:49 : Group: reconnect: ya es la segunda vez q encuentro una mision hecha
22:10:24 : Group: Alan: y te iras
22:10:27 : Group: Alan: y me dejaras solo
22:10:29 : Group: Alan: vos estas loquito
22:10:34 : Group: reconnect: que?
22:11:09 : Group: Alan: vos pelotudo me dijiste q te ivas
22:11:17 : Group: reconnect: ah si
22:11:24 : Group: reconnect: tengo una vida
22:11:31 : Group: Alan: no cunado estasconmigo
22:11:32 : Group: Alan: no
22:12:01 : Group: reconnect: no hay mas nada
22:12:49 : Group: reconnect: tirame en el centro
22:14:36 : Group: reconnect: ma vale jajaja
22:16:34 : Group: reconnect: vende y aprende
22:16:40 : Group: reconnect: asi no te hago los mandados :P
22:16:47 : Group: Alan: jajaja .l.
22:17:38 : Group: Alan: toma esta no se vende
22:17:55 : Group: Alan: pera xd
22:17:59 : Group: reconnect: cual?
22:18:01 : Group: Alan: alejate estupido xd
22:18:12 : Group: Alan: dale culiado jajaja
22:18:13 : Group: reconnect: keee
22:18:21 : Group: Alan: alejate q no me dejas abrir la mochila
22:18:21 : Group: reconnect: JAJAJJAJ
22:18:22 : Group: Alan: jajaja
22:18:29 : Group: Alan: .l..l.l..l.l
22:18:53 : Group: Alan: aca esta
22:20:06 : Group: reconnect: .ME COMPRE UN JESTKSI
22:20:38 : Group: Alan: como si supiiera
22:20:39 : Group: Alan: lo q es jaja
22:22:26 : Group: reconnect: -D
22:22:33 : Group: reconnect: JAJJAJAAJAJA
22:31:18 : Group: Alan: si ay vamos de misiones
22:31:43 : Group: Ivan: oka venite a donde estoy yo y lootemos airport
22:32:06 : Group: Alan: vamos a la misiones
22:34:43 : Group: Ivan: me ataco rulo en airport
22:34:46 : Group: Ivan: estoy mal
22:34:53 : Group: Alan: uhh
23:06:38 : Group: Ivan: ALAN ESTAS
23:06:48 : Group: Alan: sisi
23:08:24 : Group: sRulo: re lejos estoy lpm
23:08:35 : Group: Alan: ay te paso abuscar
23:08:43 : Group: Alan: juntense con ivan
23:08:45 : Group: Alan: en el aeropuerto
23:08:47 : Group: sRulo: ok
23:08:50 : Group: Alan: asi matamos 2 pajaros de 1 tiro
23:09:05 : Group: sRulo: mm no me gusta como suena(?
23:09:06 : Group: Alan: el blindado medico
23:09:11 : Group: Alan: entran mas de 2?
23:09:20 : Group: Alan: jaja na rulo conmigo puedes confiar
23:09:25 : Group: Alan: hice amistad con todo el server ya
23:09:29 : Group: sRulo: el hammer?
23:09:42 : Group: Alan: el vodnik ambulancia
23:09:49 : Group: sRulo: fua entran como 8
23:09:54 : Group: Alan: ok voy en este
23:10:02 : Group: Ivan: rulo tengo tus cosas
23:10:06 : Group: Ivan: te las doy
23:10:15 : Group: sRulo: naa si eera porquria
23:10:21 : Group: Ivan: tenias una llave
23:10:27 : Group: sRulo: si tubiese un as50 buehh jajaw
23:10:34 : Group: sRulo: de una moto pinchada
23:10:38 : Group: sRulo: asi es la pobreza
23:10:59 : Group: Alan: ahora
23:11:01 : Group: Alan: con 1 mision
23:11:04 : Group: Alan: ya se super equipan
23:11:08 : Group: Alan: ahora venimos
23:11:10 : Group: Alan: y compramos armas aca
23:11:26 : Group: Ivan: rulo necesito lootear un hospital tengo 4000 de sangre jaja
23:11:39 : Group: sRulo: tengo blodbag
23:12:11 : Group: sRulo: lo dijiste x el global jaja
23:14:46 : Group: sRulo: Ivan se fue??w
23:14:47 : Group: Alan: q hacemos llevamos
23:14:49 : Group: Ivan: nop
23:14:50 : Group: Alan: las 2 cosas
23:14:56 : Group: Alan: y o vamos en el vodnik
23:15:01 : Group: Ivan: estoy al tel
23:15:05 : Group: sRulo: es muy boton el heli
23:15:19 : Group: sRulo: si hay gente nos van a cazar de una
23:15:20 : Group: Alan: ok lo dejamos aca
23:15:23 : Group: Ivan: estoy al tel dame 1 segundo
23:15:25 : Group: Alan: traten de acordarse donde esta
23:15:35 : Group: Ivan: okaa ya me acuerdo y me anote las coordenadas
23:15:40 : Group: Alan: q les hace falta ?
23:15:47 : Group: Ivan: bolsa de sangre
23:15:59 : Group: sRulo: yo tengo
23:16:09 : Group: sRulo: ahi la deje
23:16:11 : Group: Alan: me hace falta unos cargadores
23:16:13 : Group: Alan: vamos a comprar
23:16:16 : Group: Alan: nos equipamos bien
23:16:17 : Group: Ivan: dale
23:16:19 : Group: Alan: y le damos duro a la mision
23:16:23 : Group: Ivan: sisi
23:16:28 : Group: Alan: si les falta coins me piden
23:16:36 : Group: sRulo: buena re preparados uds jaja
23:16:37 : Group: Ivan: yo tengo un ural con cosas
23:16:48 : Group: Alan: rulo vos sos muy kamikaze
23:16:53 : Group: Ivan: pero nose si sigue estando esta a en el mercadito
23:17:00 : Group: Alan: alguno maneje hasta el mercado
23:17:02 : Group: Alan: q hablo con juan
23:17:07 : Group: Ivan: dale
23:17:14 : Group: sRulo: hasta que mercado?
23:17:24 : Group: Ivan: el central
23:17:25 : Group: Alan: mercado central
23:17:27 : Group: Ivan: ahi esta la papa
23:17:30 : Group: sRulo: ok
23:18:01 : Group: Ivan: hace 1 mes que no tengo gas en mi depto
23:18:06 : Group: Ivan: me siento todo un survival
23:18:13 : Group: Ivan: calentando todo con una resistencia para mate
23:18:22 : Group: Ivan: en 2hs tengo altos fideos xD 
23:18:38 : Group: sRulo: la corriente te la debo jaja
23:18:52 : Group: Ivan: me van a romper el orto con la luz
23:19:10 : Group: Alan: jaja
23:20:00 : Group: Ivan: che alan esperemos hsta que reinicie el server
23:20:07 : Group: Ivan: cosa que si nos matan no perdamos "todo"
23:20:12 : Group: Ivan: --
23:20:27 : Group: sRulo: en donde quieren esperar?
23:20:50 : Group: Ivan: y yo con el calentador de agua en 40 me hago arroz con un toque de salchicha
23:22:52 : Group: Alan: en cunato reinicia ?
23:23:14 : Group: Alan: q paso ?
23:23:16 : Group: Alan: xd
23:23:16 : Group: sRulo: ojo q ese contador es cualquier cosa
23:23:18 : Group: Alan: por q te dijo eso
23:23:42 : Group: sRulo: lol
23:23:45 : Group: sRulo: mira eso
23:23:55 : Group: Alan: ese es mi camion
23:24:23 : Group: sRulo: ojo hay gente
23:24:30 : Group: Ivan: soisis
23:24:36 : Group: sRulo: me quedo conductor o cierran?
23:24:46 : Group: Alan: ay cerre
23:24:57 : Group: sRulo: conmigo adentro T.T jaja
23:25:06 : Group: Alan: jajaja
23:25:26 : Group: sRulo: me hubieses dejado la ventana abierta al menos 
23:25:30 : Group: Alan: jajaja
23:27:00 : Group: sRulo: ahi vuelvo voy al baño
23:27:43 : Group: Alan: ya estoy muchachos
23:28:18 : Group: Ivan: gemte revisen las carpas y demas que hay lootw
23:30:41 : Group: Ivan: chicos
23:30:46 : Group: Ivan: que compraron? 
23:31:01 : Group: Alan: solamentecargadores
23:31:06 : Group: Ivan: yo no encuentro municion para mi arma asique ni idea con que ir jaja
23:31:06 : Group: Alan: y rulo nada xd
23:31:19 : Group: Alan: llevate una mk17
23:31:23 : Group: Alan: son buena y con silenciador
23:31:52 : Group: Ivan: no lei
23:32:02 : Group: Alan: la mk17 tiene silenciador
23:32:04 : Group: Alan: esmuy buena
23:33:23 : Group: sRulo: estoy
23:33:53 : Group: Ivan: alan donde compro 1
23:33:56 : Group: sRulo: ya se prepararon chicas?
23:33:57 : Group: Ivan: no la encuentro xD
23:34:04 : Group: Alan: falta ivan
23:34:12 : Group: Alan: sino
23:34:16 : Group: Alan: aca veni
23:34:39 : Group: Alan: trade menu
23:34:47 : Group: sRulo: bueno ya que estan me compran 2 carg stang 
23:34:47 : Group: Alan: laprimera opcion es, overwatch scar
23:34:52 : Group: sRulo: asi no me quedo corto
23:34:56 : Group: Alan: y es la mk17 cco sd
23:35:16 : Group: Alan: ok rulo
23:35:19 : Group: Ivan: 75mil A LA MIERDA Xd
23:35:25 : Group: Alan: si es cara xd
23:35:33 : Group: Ivan: tENGO 30 MIL XD
23:35:37 : Group: sRulo: que sale 75k???
23:35:39 : Group: Alan: ok yo te la compro
23:36:11 : Group: Ivan: son sd los cargadores verdad?
23:36:19 : Group: Ivan: yo compro un par de cargadores de MK17 y fue
23:36:22 : Group: sRulo: alguno de uds jugo en la epoca de dayz sin mods?
23:36:33 : Group: Ivan: yo estoy jugando desde el 2012
23:36:35 : Group: Alan: no yo soy un poco nuevo
23:36:47 : Group: sRulo: ahi te la tenias que arreglar con una le-enfield 
23:37:00 : Group: Ivan: y no hagas mucho ruido porque te cojen jaja
23:37:07 : Group: Ivan: tener una M4 era ser groso
23:37:09 : Group: sRulo: era el as.50 de la epoca(?
23:37:13 : Group: Ivan: ni hablar de la mochila
23:37:21 : Group: Alan: toma ivan veni
23:37:25 : Group: Alan: poera
23:37:27 : Group: Alan: quedate hay
23:37:35 : Group: sRulo: la comida escaseaba tenias que rogar que se te cruce un chanchito
23:37:37 : Group: Alan: ay esta-
23:37:40 : Group: Alan: agarrala
23:37:48 : Group: Alan: aca
23:39:11 : Group: Alan: te deje los 2 cargadores
23:39:19 : Group: Alan: en el equipo del vodnik
23:39:20 : Group: sRulo: grax
23:39:21 : Group: Alan: rulo
23:39:31 : Group: sRulo: vamos?
23:39:38 : Group: Alan: ivan
23:39:41 : Group: Alan: estas listo ?
23:39:44 : Group: Alan: sos peor q una mujer
23:39:46 : Group: Alan: jajaja
23:39:54 : Group: Ivan: ajajaja
23:39:55 : Group: sRulo: se depilaron todo chicas?
23:40:04 : Group: Alan: toda toda
23:40:06 : Group: Ivan: che tenemos 20m ojito 
23:40:08 : Group: sRulo: para donde vamos?
23:40:32 : Group: Ivan: el arma 2 es lo mejor que le paso a la huminidad despues de AOE2 Y CS 1.6
23:40:44 : Group: Alan: hay se conecta edgar
23:40:48 : Group: Alan: que tmb juega con nosotros
23:41:03 : Group: Alan: rulo estoy jugando origins 1.8.2 la nueva version
23:41:10 : Group: Alan: que tmb es super dificil conseguir armas
23:41:39 : Group: sRulo: creeme no hay nada como el primer dayz
23:41:40 : Group: sRulo: jajaw
23:42:20 : Group: sRulo: creo q el problema es 
23:42:30 : Group: sRulo: el ping
23:42:37 : Group: Alan: un tipo
23:42:39 : Group: Alan: corriendo atras
23:42:41 : Group: Alan: son 
23:42:59 : Group: sRulo: un player'
23:43:02 : Group: sRulo: ??
23:43:02 : Group: Alan: sisi
23:43:09 : Group: sRulo: donde
23:43:15 : Group: Alan: saliendo de la ciudad
23:43:23 : Group: Alan: ya se fue a la mierda
23:45:19 : Group: Alan: llegamos a hacerla?
23:45:36 : Group: Ivan: No creo yo diria esperar
23:45:50 : Group: sRulo: no nos da el tiempo
23:45:57 : Group: Ivan: totalmente
23:46:09 : Group: Alan: ok
23:46:20 : Group: Alan: nunca pense hacer amistad con rulo
23:46:23 : Group: Alan: jajaja
23:46:28 : Group: Alan: era un hdp q mataba todo lo q se movia
23:46:37 : Group: Ivan: yo tampoco pero es la magia del dayz
23:46:37 : Group: sRulo: sigo siendo asi jajaj
23:46:41 : Group: Alan: la otra ves
23:46:46 : Group: Alan: estaba hablando con juan por steam
23:46:51 : Group: Alan: y minimize-
23:47:01 : Group: Alan: cuando entro rulo disparandome y 1 zombi atacandome
23:47:07 : Group: Alan: dispare para todos lados y lo mate jajaja
23:47:09 : Group: Alan: te acordas ?
23:47:17 : Group: sRulo: bldo lo mismo me paso conivan
23:47:24 : Group: Ivan: me paso con juan
23:47:24 : Group: sRulo: por desesperado 
23:47:38 : Group: Ivan: iba con mi ural me lo cruzo a juan y me recaga a tiros
23:47:45 : Group: Alan: jaja
23:47:45 : Group: Ivan: lo persigo por el bosque se cae el server
23:47:52 : Group: Ivan: y no se conecto mas jaja
23:48:04 : Group: Ivan: despues me lo vuelvo a cruzan en un pueblo y alto tiroteo
23:48:13 : Group: Ivan: morimos todos ese dia fue mortal
23:48:25 : Group: Alan: ahora tenemos que tener cuidado
23:48:28 : Group: Alan: cunado hagamos mision
23:48:30 : Group: Ivan: despues un loquito se tiro con un heli al medio del edificio
23:48:33 : Group: Alan: tratemos de separarnos un poco
23:48:38 : Group: sRulo: obvio
23:48:40 : Group: Alan: por qesta llenito el server jaja
23:48:42 : Group: Ivan: si mas vale
23:48:43 : Group: Alan: no es como antes
23:48:51 : Group: Ivan: no para nada ahora se mantan por 2 panchos
23:48:59 : Group: sRulo: es mas lindo asi jaja
23:49:02 : Group: Ivan: si!
23:49:04 : Group: sRulo: me encanta el quilombo
23:49:05 : Group: sRulo: jajaj
23:49:12 : Group: Ivan: a mi me gusta gastarme los cartuchos pero en equipo
23:49:18 : Group: Ivan: nada de andar lobo solitario
23:49:24 : Group: Ivan: me aburro rapid
23:49:33 : Group: sRulo: es re lindo cuando andas solo y te bajas a todo un team
23:49:37 : Group: Ivan: le tengo odio a unos brasileros que me raidearon la base
23:49:50 : Group: sRulo: en un sv yankee me baje 5 que estaban en team
23:50:40 : Group: sRulo: se me bugueo el marcador de ivan me aparece que esta al lado de la mision jaja
23:50:44 : Group: Ivan: SIII
23:50:49 : Group: Ivan: IBA A PREGUNTAR ESO JAJAJA
23:51:02 : Group: Ivan: ME APARECEN AL LADO DE LA MISION Y YO COMO " Ok .. KHE!"
23:51:07 : Group: Alan: yo te veo
23:51:11 : Group: Alan: lejos rulo
23:51:16 : Group: Alan: yo tmb estoy alado de la mision mas o menos
23:51:39 : Group: Ivan: Se jodio el gps
23:51:48 : Group: sRulo: se salio la mision
23:51:54 : Group: Ivan: ptm
23:51:59 : Group: Ivan: posta vamos al ts3
23:52:05 : Group: Alan: si vamos
23:52:23 : Group: sRulo: uhh ni lo tengo aprovecho el restart para descargarlo
23:52:32 : Group: sRulo: yo uso el curse entre amigos es mas comodo
23:53:13 : Group: sRulo: minimizo total ya restartean
23:53:18 : Group: sRulo: para bajar el ts
23:53:27 : Group: Ivan: dale yo tambien
23:53:34 : Group: Ivan: rulo nos cubris? 
23:53:41 : Group: Ivan: o te lo bajas tambn?
23:53:53 : Group: sRulo: yo tambn para che es el ts3?
23:54:00 : Group: sRulo: o cual?
23:54:05 : Group: Ivan: team speak client 3
23:54:19 : Group: sRulo: ok
23:54:54 : Group: Alan: ya estamos en ts con reconnect
23:54:56 : Group: Alan: faltan ustedes
23:55:35 : Group: sRulo: ahi lo estoy descargando
23:55:43 : Group: sRulo: deslogueo 
23:55:50 : Group: sRulo: vuelvo en el rest
23:55:53 : Group: Alan: yo = a esperar el restart
23:57:08 : Group: Ivan: me desconecto asi actualizo el 
23:57:10 : Group: Ivan: ts3
