00:18:18 : Side: nicolas: acepta
00:27:31 : Side: Chez_Guevara: JAJAJAJAJ
00:27:42 : Side: Chez_Guevara: eeeh invasion a la privacidad! jajajaja
00:28:01 : Side: Chez_Guevara: Jajajaja
00:28:08 : Side: Chez_Guevara: Justo que iba a chitear! ah jajaj
00:28:30 : Side: Chez_Guevara: El ban hammer jaja
00:38:08 : Side: nicolas: maestro que onda?
00:38:13 : Side: Hawk: ?
00:38:23 : Side: nicolas: estas en el aero que onda?
00:38:28 : Side: Hawk: estoy en stary
00:38:33 : Side: Chez_Guevara: Hey es amigo mio
00:38:35 : Side: Hawk: por?
00:38:43 : Side: nicolas: por que mierda flashea el sonido
00:38:55 : Side: nicolas: escuche la moto prenderse y me dio miedo jaja
00:39:03 : Side: Chez_Guevara: JAjajaja
00:39:03 : Side: Hawk: bug capaz
00:39:46 : Side: nicolas: uhh mann vamos nosssss
00:39:50 : Side: nicolas: salgamos de aca
00:40:42 : Side: Chez_Guevara: admin ese fuiste vos? jaja
00:40:47 : Side: Chez_Guevara: o eso es normal? 
00:40:56 : Side: Hawk: que cosa?
00:40:56 : Side: nicolas: eso no es normal jajaja
00:41:13 : Side: Chez_Guevara: Nos cayeron 30 zombis de golpe de la nada jaja
00:41:18 : Side: Hawk: dispararon?
00:41:33 : Side: Chez_Guevara: si
00:41:43 : Side: Hawk: ah cuando disparas salen de abajode las piedras
00:41:49 : Side: Chez_Guevara: Uhh buen dato jhajaja
00:43:53 : Side: nicolas: deja de prenderme la moto admin :(
00:44:27 : Side: nicolas: entonces es un bug... se prende la moto sola
00:44:44 : Side: nicolas: no puedo es una adiccion
00:44:53 : Side: Chez_Guevara: jajajaja
00:45:04 : Side: nicolas: guarda con
00:45:53 : Side: nicolas: lutia rapido
00:47:03 : Side: nicolas: .
00:56:59 : Side: reconnect: buenas
00:57:04 : Side: Hawk: alo alo
00:57:05 : Side: Chez_Guevara: buenas
00:57:28 : Side: Chez_Guevara: mira como nos corren jajaja
00:57:29 : Side: reconnect: apa cambios nuevos
00:57:41 : Side: reconnect: (no van a ser cambios viejos) 
00:57:49 : Side: Hawk: Clap calp
00:57:52 : Side: Hawk: clap
00:57:58 : Side: reconnect: =P
00:58:02 : Side: Juandayz: estamos probando distintos iconos :P
00:58:12 : Side: reconnect: copado
00:58:28 : Side: reconnect: jajajaj
00:58:36 : Side: reconnect: mientras no reinicie cuando estoy volando :D
00:58:37 : Side: Juandayz: jajaja le mande un mail
00:58:43 : Side: nicolas: se laguea cada vez que entras a una ciudad u.u
00:59:07 : Side: Hawk: capaz porque venis con 100 zombies atras hdp
00:59:10 : Side: reconnect: mas de lo normal? suele cargar muchos poligonos esta basura
00:59:25 : Side: nicolas: no cuando cuando entramos a la city paso eso
00:59:46 : Side: Hawk: siempre pasa, porque carga lso edificios, anda a cherno y enjoy the 10 fps
00:59:47 : Side: reconnect: no soy experto, pero sucede como regla general en el arma2
00:59:59 : Side: nicolas: ah :) 
01:00:02 : Side: reconnect: y el standalone olvidate...injugable
01:00:16 : Side: nicolas: tan injunable es el standalone?
01:00:18 : Side: Chez_Guevara: a mi ya de por si me tira 30 fps como mucho jajaja
01:00:41 : Side: Juandayz: yo lo jugaba con 15 fps y 350 ping en un server ruso y ensima era feliz
01:00:49 : Side: Hawk: Eramos
01:00:59 : Side: reconnect: tequila y sexo con osos polares
01:01:04 : Side: reconnect: buena convinacion
01:01:06 : Side: Juandayz: :D
01:01:06 : Side: nicolas: soy yo el que grita?
01:01:08 : Side: reconnect: vodka (?)
01:01:10 : Side: Hawk: tequila en rusia
01:01:11 : Side: Hawk: wtf
01:01:13 : Side: Hawk: okz
01:01:15 : Side: reconnect: jajaj
01:01:19 : Side: Juandayz: vodka ;;;;;;;
01:01:23 : Side: Hawk: es vodka MOTHERFUCKING VODKA
01:01:31 : Side: reconnect: ye
01:01:40 : Side: reconnect: dejame mejicanearte la bebida
01:01:51 : Side: Hawk: la cola te voy a mexicanear a vos
01:02:00 : Side: reconnect: :$
01:02:13 : Side: reconnect: pero sin mariconeadas
01:03:47 : Side: reconnect: ahora, sabes de alcoholismo pero de fauna nada... hay osos polares en rusia?
01:04:03 : Side: Hawk: tampoco
01:04:13 : Side: Juandayz: cuises polares lo q hay
01:04:17 : Side: Chez_Guevara: che es normal que aparezcan ia de la nada no? jaja nos cruzamos a uno, me baje y me apuntaba pero no me hacia nada
01:04:43 : Side: reconnect: ah es IA? yo me puse a baolar pensando que era un admin jajajaajajaj
01:04:56 : Side: Chez_Guevara: En el aeropuerto fue igual jaja
01:05:06 : Side: Juandayz: en el airfield hay una o dos ia
01:05:11 : Side: Chez_Guevara: me quede un rato al lado y cuando vi que me apuntaba lo vole
01:05:19 : Side: Chez_Guevara: Ah de una, lo raro es que no me hacia nada jaja
01:05:23 : Side: nicolas: quien grita de dolor :B
01:05:24 : Side: reconnect: aca en el bosque entonces era un admin :*
01:05:30 : Side: Chez_Guevara: jajajaj 
01:05:37 : Side: Juandayz: lo q pasa q son medio tontos, estan seteados en dificultd baja
01:05:48 : Side: Chez_Guevara: aaah de una
01:05:55 : Side: Chez_Guevara: los picantes son los zombies la puta madre jaja
01:06:04 : Side: reconnect: eso si es de mejicano
01:11:59 : Side: reconnect: soy el unico que los stalkea en fb?
01:12:15 : Side: Hawk: a quien che
01:12:26 : Side: Hawk: yo solo stalkeo menores
01:12:30 : Side: reconnect: meto comentarios a cada rato :D
01:12:35 : Side: reconnect: apa
01:13:19 : Side: reconnect: menores de 70, a vos te deben gustar las vieja
01:13:38 : Side: Hawk: todo entre 15 y 45 va a la parrilla, no hay que hacerle asco a nada
01:13:44 : Side: reconnect: kilos
01:14:13 : Side: reconnect: aunque 15 kilos... te garchas a skeletonw
01:14:33 : Side: Hawk: con 15 kilos tiene 5 a;os pedazo de hdp
01:14:41 : Side: reconnect: bo dijiste menores
01:14:53 : Side: Hawk: naa mas abajo de 15 no >p
01:15:01 : Side: reconnect: un padre grassi a mi derecha
01:15:15 : Side: Hawk: jajaja
01:16:15 : Side: reconnect: alta pirueta ameo
01:17:25 : Side: reconnect: pium pium
01:18:09 : Side: reconnect: quien anda en el huey? pa sabe si le tiro :P
01:18:27 : Side: reconnect: ese no soy yo
01:18:45 : Side: reconnect: tetan tirando chopper si quere te rescato
01:18:51 : Side: nicolas: jajaja
01:18:56 : Side: reconnect: jojojo
01:19:00 : Side: Hawk: RIP
01:19:05 : Side: Juandayz: mejor me compro un mozzin
01:26:10 : Side: Juandayz: por lo menos ilumine todo stary
01:28:02 : Side: reconnect: alto vuelo ameo
01:28:06 : Side: Juandayz: :D
01:28:25 : Side: Juandayz: mucho polvo levanta tu porqueria esa
01:31:35 : Side: reconnect: ademas del crowbar ue mas hacia falta para remover un supply crate? no me aparece el menu D:
01:31:53 : Side: Juandayz: pala y toolbox?
01:32:01 : Side: reconnect: uuu...esta en el mozzie
01:33:01 : Side: reconnect: bien ahiii
01:33:57 : Side: reconnect: dshkm y m2 wiii
01:40:32 : Side: reconnect: no me mejicanies el mozzi
01:56:02 : Side: reconnect: rly
14:03:28 : Side: venomsmoker: buenas
20:13:31 : Side: Hawk: buenas
20:13:55 : Side: [DMN]-Mario: buanas w
20:14:07 : Side: Hawk: china number one
20:14:10 : Side: [DMN]-Mario: perdon buenas
20:14:22 : Side: Hawk: ahora si
20:16:29 : Side: [DMN]-Mario: pregunta ...ay bases militares
20:16:44 : Side: Hawk: a que te referis con bases militares_
20:17:20 : Side: [DMN]-Mario: donde encontrar armas y equipo
20:18:00 : Side: Hawk: ah si, en el airfield de nw 
20:18:06 : Side: Hawk: y en la mayoria de las cuidades hay
20:18:13 : Side: Hawk: algun spawn
20:18:19 : Side: Hawk: pero hacer misiones es lo mejor
20:18:49 : Side: Hawk: la mayoria de las armas las podes vender
20:18:52 : Side: Hawk: haces buena guita
20:19:19 : Side: [DMN]-Mario: si pero me gustaria tener un arma mejor para una mision ..je
20:25:26 : Side: [DMN]-Mario: tu eres adm?
20:25:34 : Side: Hawk: no por
20:25:50 : Side: [DMN]-Mario: preguntaba nada mas
20:26:23 : Side: Hawk: lel
20:27:26 : Side: [DMN]-Mario: tengo un problema con fps 
20:27:43 : Side: Hawk: si? yo tengo 60 en este server, como en ninguno
