16:15:03 : Side: Jej0x |Aspirante|: buenas
16:15:32 : Side: Nikyta: buenas
17:12:18 : Side: MukHenn: buenas
17:12:45 : Side: Nikyta: buenas
19:04:22 : Side: Nikyta: buenas :)
19:04:37 : Side: juandayz: ;)
19:07:17 : Side: Nikyta: el server siempre va a ser de dia ? o alguna ves van a poner noches ?
19:21:21 : Side: juandayz: nikita querida
19:21:37 : Side: Nikyta: si :)
19:21:43 : Side: juandayz: neceesito hacer un restart para corregir una cosa
19:21:52 : Side: juandayz: te jode?
19:22:12 : Side: Nikyta: no no jajaj para que termino de cosechar mis choclos jajaja
19:23:00 : Side: juandayz: alta cueva te hiciste
19:23:33 : Side: juandayz: ya esta?
19:23:34 : Side: Nikyta: jajaja te gusta ? xd
19:23:38 : Side: Nikyta: si si
19:23:42 : Side: juandayz: si esta buenisima
19:28:32 : Side: Nikyta: que item presiso para pedir la ayuda ?
19:33:41 : Side: Nikyta: haa pero ya tengo libros de esos jaja pense que era otra coas
19:34:26 : Side: Nikyta: y otra cosa por que la humanidad por ahi me sube y despues me baja ?
19:46:09 : Side: Nikyta: me vooy jaja despues vuelvo xd
19:46:21 : Side: Nikyta: cuidame el rancho
19:46:24 : Side: Nikyta: jajajajaj
22:57:18 : Side: juandayz: hola share
23:12:52 : Side: Jej0x |Aspirante|: juancito
23:21:43 : Side: Jej0x |Aspirante|: afkkkkkkk
23:27:42 : Side: Jej0x |Aspirante|: volvi
