00:06:10 : Side: Nachen: che
00:06:13 : Side: Nachen: chuky
00:13:03 : Side: Nachen: copado gracias
00:13:05 : Side: Nachen: che juan
00:13:16 : Side: Nachen: puede ser que desaparescan paredes de las bases?
00:14:13 : Side: Nachen: ah que paja
00:14:19 : Side: Nachen: cada cuanto hay que mantenerlas?
00:15:31 : Side: Nachen: ahh graciela
00:15:34 : Side: Nachen: no sabia
00:16:28 : Side: Nachen: ah dale
00:16:31 : Side: Nachen: gracias profe
00:17:46 : Side: Nachen: cuando sale un namalsk? jajaj xd
00:18:08 : Side: Nachen: siii taviana es lo mass
00:19:13 : Side: Nachen: maal te acordas el enfrentamiento ajaj
00:19:31 : Side: Nachen: me acuerdo que en una me entraron a cagar a tiros y me tire al agua y me cague muriendo ajaj
00:19:36 : Side: Nachen: ese fenix era un loquillo
00:19:41 : Side: TITAN - FENIX: ehhehe q haces juan jajjajajaa
00:20:12 : Side: TITAN - FENIX: va dije juan  capaz q nada q ver XD
00:23:36 : Side: jackaroe: y las misiones ?
00:53:53 : Side: TITAN - FENIX: re cague a tiro fue cualquiera eso jaja
01:04:10 : Side: TITAN - FENIX: mierda perdi la mochi con el sniper jajajaja
01:04:21 : Side: TITAN - FENIX: ña deje en un arbusto antes d ir kamikase jajaja
01:13:46 : Side: jackaroe: admin no hay armas con nigvishion?
01:14:18 : Side: jackaroe: el bandi no tiene un carajo
01:14:39 : Side: jackaroe: donde esta el premio para la gente del lado oscuro de la fuerza
01:17:09 : Side: jackaroe: nos vemos gente
01:46:11 : Side: jMM: bueno bebotes, alguien tiene un auto en los traders ?
01:46:33 : Side: Bigote: hola. yo no
01:54:32 : Side: jMM: el servidor es PVP, se pueden cagar a tiros las veces que quieran... a no ser que sean friendly players
01:58:57 : Side: jMM: Cualquier cosa que les pase hablen por global, siempre hay admins leyendo el server.
02:05:43 : Side: Bigote: /vote day
02:05:50 : Side: Nachen: ehh nop
02:06:03 : Side: kecho: /vote playa y mujeres
02:06:10 : Side: N1c077: es epoch este serv no '''¿
02:06:34 : Side: Bigote: i cant see anything
02:06:37 : Side: Nachen: namalsk
02:07:27 : Side: Nikres: -
02:13:31 : Side: Bigote: regalame una :P
02:13:37 : Side: Bigote: ya me compre:)
02:17:25 : Side: Bigote: jose vos sos el admin no?
02:18:41 : Side: Bigote: haaa yo me hablaba con uno de los admin, pero tenia otro nick yo
02:19:14 : Side: Nachen: juan no sera_
02:19:30 : Side: Bigote: capaz era juan. le pifie
04:15:50 : Side: venomsmoker: gendarmeria nacional jajajajaj
04:15:56 : Side: venomsmoker: que capos buen server
04:16:18 : Side: nico: lastima q siempre esta vacio
04:16:26 : Side: venomsmoker: yo les llamo gente
04:22:20 : Side: nico: q mierda son esas marcas en amarillo?
04:22:35 : Side: nico: esos cuadrados con nombre
14:52:10 : Side: Black96_ARG: admin, se bugueo la loadingscreen
14:52:14 : Side: Black96_ARG: me parece q le pifiaron al tamaño
15:09:11 : Side: JhonnyWalker: ojala venga mas gente al server
15:09:49 : Side: Black96_ARG: somos siempre los mismos jaja
16:16:39 : Side: Black96_ARG: hola
16:17:05 : Side: Black96_ARG: todo bien vos?
16:18:32 : Side: Black96_ARG: por ahora bien jajaja
16:19:48 : Side: Black96_ARG: no yo no lo uso nunca
16:20:11 : Side: Black96_ARG: se
20:25:33 : Side: Furia: tks
21:19:52 : Side: JhonnyWalker: hola
21:20:06 : Side: Leodagos: hola
23:44:42 : Side: _Darkness_: :D
