16:08:59 : Side: ChukyN: TROLAS
16:09:49 : Side: Juandayz: hshs
00:05:13 : Side: LarzuK: sese
00:05:18 : Side: Juandayz: que onda lkas chicas
00:06:05 : Side: ChukyN: JUAN PUTO
00:06:08 : Side: Juandayz: :D
00:06:15 : Side: LarzuK: ee
00:06:35 : Side: ChukyN: larzuk activa el mic en discord gil
00:06:42 : Side: LarzuK: 30 de ping , que lindow
00:07:32 : Side: Juandayz: lla opcion de ir al battlefield te lleva directo al punto de combate
00:08:40 : Side: Juandayz: y el F1 es el earplug
00:09:24 : Side: ChukyN: quien me paso por arriba con un chopper
00:09:31 : Side: ChukyN: tanke
00:10:56 : Side: ChukyN: forro
00:11:04 : Side: Juandayz: te moris solo jajaj
00:11:19 : Side: ChukyN: si un cañonazo al chopper es solo
00:11:59 : Side: Juandayz: LOL
00:14:02 : Side: LarzuK: KHE
00:14:19 : Side: Juandayz: jaja me di un cañonmaso solo
00:14:54 : Side: Juandayz: q andas matando zombis chucky
00:15:27 : Side: LarzuK: AJJAA
00:15:33 : Side: ChukyN: fak u
00:15:46 : Side: Juandayz: me re fundieron a tiros
00:15:51 : Side: Juandayz: q era un antiaereroÇ?
00:15:56 : Side: ChukyN: se
00:16:55 : Side: ChukyN: jajajaja ese mensaje
00:17:10 : Side: Juandayz: :P
00:17:28 : Side: Juandayz: vengan a la parte del battlefierld
00:17:48 : Side: ChukyN: ya estoy aca gil
00:17:51 : Side: ChukyN: asomate
00:18:03 : Side: Juandayz: jaja dejka de campear
00:18:17 : Side: LarzuK: COMO SE VE MAS DE LEJOIIS ?
00:18:39 : Side: ChukyN: larzuk sali de esa colina
00:18:41 : Side: Juandayz: matame chucky a ver si se aumenta el rango de peppapig
00:18:42 : Side: ChukyN: con el tanque
00:18:57 : Side: LarzuK: JAJAJAJ
00:19:04 : Side: LucianoCk: buenas
00:19:20 : Side: Juandayz: hola luciano
00:19:27 : Side: Juandayz: te cambio el rango lkarzyuc?=
00:19:35 : Side: LarzuK: SE
00:19:38 : Side: Juandayz: joya
00:20:03 : Side: Juandayz: la onda luciano es matar no mas.
00:20:19 : Side: LucianoCk: si ya veo el quilombo q hicieron 
00:20:29 : Side: Juandayz: ;:D
00:20:34 : Side: LucianoCk: las arma las tengo q buscar 
00:20:45 : Side: Juandayz: usa need weapon
00:20:52 : Side: Juandayz: y si no esta llegno de cajas por ahi
00:21:16 : Side: Juandayz: jaajaja
00:23:42 : Side: LucianoCk: jaja q loco
00:23:51 : Side: Juandayz: me hiciste mierda luciano haha
00:25:08 : Side: LarzuK: aaalaahuu akrbaaar
00:25:12 : Side: LucianoCk: ooooo
00:25:15 : Side: LucianoCk: jajaja
00:26:01 : Side: LarzuK: no se a donde concha mande ese misil
00:26:02 : Side: LarzuK: ajajaj
00:26:05 : Side: LarzuK: pero se sintio bien
00:27:39 : Side: Juandayz: mira lo camper q sos chuky no podes jajaj
00:28:18 : Side: ChukyN: i didnt do antynthing
00:28:27 : Side: Juandayz: loooll
00:28:36 : Side: Juandayz: quien era el del heli rojo
00:31:11 : Group: Juandayz: mira
00:31:19 : Side: Juandayz: mira el guarango este con una bazooka
00:31:33 : Side: LucianoCk: jaja
00:32:56 : Side: LarzuK: KHEE??
00:33:42 : Side: ChukyN: LUL JUAN
00:34:09 : Side: Juandayz: deja q encuentre un igla chucky
00:34:44 : Side: ChukyN: deshabilitaste el chopper igual
00:34:55 : Side: LarzuK: porque mierda me muero ?
00:35:02 : Side: Juandayz: tambien le tiure como 20 hydras
00:35:04 : Side: ChukyN: el server doesnt like gays
00:35:38 : Side: Juandayz: como moris?
00:36:07 : Side: LucianoCk: donde estan
00:36:11 : Side: LarzuK: asi de la nada
00:36:17 : Side: Juandayz: en el bf
00:36:33 : Side: LucianoCk: yo tambien no los veo
00:36:36 : Side: Juandayz: pero te subis a algo
00:36:40 : Side: LarzuK: se
00:36:44 : Side: LarzuK: en un heli
00:36:58 : Side: Juandayz: q raro
00:37:06 : Side: Juandayz: capaz q esta bug
00:37:52 : Side: LucianoCk: xD
00:38:19 : Side: Juandayz: terrible como grita la as50 :D
00:38:33 : Side: LucianoCk: m107
00:40:39 : Side: LucianoCk: y los demas _
00:40:50 : Side: ChukyN: with ur mom
00:41:42 : Side: Juandayz: vos luciano estan en el face o viste luz y entraste?
00:42:23 : Side: LucianoCk: si aparte jugavamos vos y yo antes
00:42:39 : Side: Juandayz: tenias otro nombre?
00:42:54 : Side: LucianoCk: tete 
00:42:56 : Side: Juandayz: ahhhh
00:45:28 : Side: Juandayz: jaja q zorra q sos
00:45:40 : Side: ChukyN: jajaja cabezita
00:49:39 : Side: Juandayz: maldito larzuck
00:50:04 : Side: LarzuK: jeje
00:51:06 : Side: ChukyN: husband Juan no Houseband
00:51:23 : Side: Juandayz: houseband..= al macho de la casa
00:52:03 : Vehicle: LarzuK: hdp
00:52:08 : Vehicle: ChukyN: jajaja
00:52:40 : Vehicle: LarzuK: ajjaja
00:52:42 : Vehicle: LarzuK: se la dio
00:52:45 : Side: ChukyN: JAJAJ JAUN
00:53:36 : Vehicle: ChukyN: jajaja
00:54:10 : Vehicle: LarzuK: no puedo mover la torreta
00:54:11 : Vehicle: LarzuK: fue
00:54:22 : Side: Juandayz: hwy hunter! welcome
00:55:36 : Side: Juandayz: your the guy from epochmods hunter?
00:55:51 : Side: [DEV]Th3-Hunter333: hey wait
00:55:53 : Side: [DEV]Th3-Hunter333: mate!
00:55:56 : Side: [DEV]Th3-Hunter333: its you
00:55:59 : Side: [DEV]Th3-Hunter333: yes it is me
00:56:07 : Side: Juandayz: haha yes. welcome :)
00:56:24 : Side: [DEV]Th3-Hunter333: had no idea you hosted a server like this haha
00:56:33 : Side: [DEV]Th3-Hunter333: ive been looking for a utes map to fuck around on
00:57:01 : Side: Juandayz: its just a mixture of wasteland and epoch :D.. we are all friend here and im hosting from my house.. but youre welcome
00:57:23 : Side: [DEV]Th3-Hunter333: lmfao!
00:57:28 : Side: [DEV]Th3-Hunter333: how the hell did i find this 
00:57:39 : Side: Juandayz: lol 
00:58:11 : Side: Juandayz: hola david!
00:58:42 : Side: David: Buenas
00:59:05 : Side: ChukyN: David cagon 
00:59:20 : Side: David: jajaj
00:59:28 : Side: Juandayz: traelo a lalo
00:59:49 : Side: Davi: jajaja
01:00:00 : Side: Juandayz: ehh cuantos david hay jaja
01:00:31 : Side: David: tranquilos jaja ya lo tire 
01:01:18 : Side: David: nunca habia visto este server
01:01:34 : Side: Davi: hay trajes de pepapig?
01:01:54 : Side: Juandayz: hunter this is the first test of tyhis kind of server.. iif you want i can send you the files later
01:02:15 : Side: Juandayz: i need fix the buyhelicopter scriptw
01:02:20 : Side: [DEV]Th3-Hunter333: ive been wanting another server wasteland like the old fpsu server 
01:04:13 : Side: ChukyN: LUL
01:04:20 : Side: Juandayz: lo de peppa pig son los rangos davi
01:05:01 : Side: Juandayz: cuando matas a alguien vas subiendo de rango
01:12:58 : Side: [DEV]Th3-Hunter333: juandayz
01:13:03 : Side: [DEV]Th3-Hunter333: you still here?
01:13:08 : Side: Juandayz: yes
01:13:17 : Side: [DEV]Th3-Hunter333: do you remember fpsu?
01:13:22 : Side: Juandayz: mmm nop
01:13:36 : Side: Juandayz: was a server?
01:13:41 : Side: [DEV]Th3-Hunter333: yes it was 
01:13:45 : Side: [DEV]Th3-Hunter333: onm this map
01:14:00 : Side: ChukyN: utes wasteland? i think i played there a couple of times
01:14:10 : Side: [DEV]Th3-Hunter333: ^yes that one
01:14:17 : Side: Juandayz: dont know why nobody uses utes
01:17:43 : Side: Juandayz: jajja q atrevido este davi teletubi
01:18:02 : Side: [DEV]Th3-Hunter333: juandayz, may i add you on steam for a discussion?
01:18:03 : Side: ChukyN: Habia llegado arank tracher yme mataron loco
01:18:12 : Side: Juandayz: yes sure "juandayz"
01:18:23 : Side: Juandayz: jaajaj eras tracher ya=
01:18:59 : Side: [DEV]Th3-Hunter333: i have added you
01:19:11 : Side: Juandayz: por loco davi jajaj
01:19:15 : Side: Juandayz: ok hunter
01:25:36 : Side: TETE_[ARG]: jaja
01:36:03 : Side: David: matame!
01:36:19 : Side: TETE_[ARG]: no 
01:36:26 : Side: Davi: jaja
01:36:33 : Side: David: :(
01:36:46 : Side: David: malvado
01:36:50 : Side: TETE_[ARG]: si
01:37:26 : Side: Davi: tete bajate del tanque ese
01:37:40 : Side: TETE_[ARG]: para q 
01:40:40 : Side: Juandayz: estas hacviendo artattack larz? q estas tan callado
01:41:42 : Side: LarzuK: eee
01:41:44 : Side: LarzuK: es que
01:42:38 : Side: Juandayz: q puta se cae menos que elk universe-xt este server.. si sabia hosteaba desde aca no mas
01:42:52 : Side: LarzuK: jaja
01:42:54 : Side: Davi: jaja juan no tengo el menu
01:43:10 : Side: Juandayz: ya usaste todo capaz
01:43:14 : Side: David: mierda cai arriba de un techo :S
01:43:21 : Side: Davi: hay algun tubimenu ?
01:43:39 : Side: Juandayz: apretate la panza y spawnea un tele color 29 pulgadas te tubo
01:43:49 : Side: Davi: jajajajajaja
01:43:49 : Side: David: eso me gusta!
01:43:53 : Side: Juandayz: sin control remoto
01:43:57 : Side: Davi: un RCA
01:44:25 : Side: Davi: puto
01:44:51 : Side: Juandayz: jaja tambien con un winchester del 1800 todo oxidado q queres
01:45:05 : Side: Davi: jajajajajajja
01:45:28 : Side: LarzuK: jaja viste se murio de la nada
01:45:31 : Side: LarzuK: va no se si de la nada
01:45:35 : Side: LarzuK: justo le dispare al heli
01:45:47 : Side: TETE_[ARG]: ami
01:45:53 : Side: LarzuK: se
01:45:58 : Side: LarzuK: con un lee enfield
01:45:58 : Side: TETE_[ARG]: con que
01:46:05 : Side: LarzuK: capaz que fue pura casualidad
01:46:07 : Side: Juandayz: le gusto la idea del server al hunter ese.. dice q va a abrir uno asi en esos MOTO servers
01:46:11 : Side: LarzuK: pero tenia un tiro justo
01:46:25 : Side: LarzuK: moto moto
01:46:38 : Side: TETE_[ARG]: q onda te va a ayudar juan
01:46:58 : Side: Davi: larzuk mandate un art atak
01:47:15 : Side: Juandayz: aca yo ya vi q larzuck estuvo haciendo artattack
01:47:31 : Side: Juandayz: recien vi desde el heli unas cosas re copadas con arboles rotos
01:50:16 : Side: Davi: posta que anda bien.
01:50:27 : Side: Davi: el otro server era de algun rosarino del ciber
01:50:36 : Side: Davi: con un internet bolivinao
01:50:55 : Side: Juandayz: el internet boliviano de rolo hjajajaj q hjod pta
01:51:00 : Side: Davi: jajajajajajja
01:51:07 : Side: Juandayz: se habia re calentado rolo
01:51:22 : Side: Davi: pobre rolo
01:51:44 : Side: Davi: juan deja de estrellarte
01:52:16 : Side: Davi: jajajajajajajajajajja recien veo 4 zombies locos en la pista
01:55:59 : Side: LarzuK: hay 3 monfloros en ese heli
01:56:09 : Side: TETE_[ARG]: 2
01:58:51 : Side: Davi: juan esto lo abris a la noche? o como es el tema?
01:59:11 : Side: Juandayz: si queda
01:59:13 : Side: Juandayz: abierto
01:59:22 : Side: Davi: vas a modificar y poner pantallas?
01:59:26 : Side: Juandayz: jaajaj
00:03:52 : Side: ChukyN: viste que el menu choto se bloquea cuando cambias de skin
00:04:06 : Side: Juandayz: el de teleport y eso?w
00:04:13 : Side: ChukyN: se
00:05:31 : Side: Juandayz: este jorge
00:05:38 : Side: Juandayz: dice q le pide pass el server
00:05:43 : Side: ChukyN: jajaja
00:05:43 : Side: Juandayz: nunca actualizo la lista
00:06:24 : Side: Juandayz: lol ahora no tira los veh hjaja
00:11:53 : Side: Juandayz: q cabeza este jorge
00:12:17 : Side: ChukyN: q hace el bragueta
00:12:33 : Side: Juandayz: me manda msgs q le saque la pass
00:12:37 : Side: ChukyN: jajajaja
00:13:54 : Side: Juandayz: capaz q conviene mas sacar los veh spawneados
00:14:02 : Side: Juandayz: y poner una caja con oro
00:14:15 : Side: Juandayz: entonces q ese oro te permita spawnear vehiclos
00:14:16 : Side: ChukyN: sino hostea un wasteland clasico
00:14:32 : Side: ChukyN: que te da dinero cuando matas y con eso compras armas y demas
00:14:43 : Side: Juandayz: nee hay q armar todo
00:14:45 : Side: Juandayz: ahi no mas
00:15:10 : Side: ChukyN: los chopper armados y los t t90 tenes que sacar
00:15:23 : Side: ChukyN: lul
00:16:00 : Side: Juandayz: bue vamos a esperar q caigan los demas
00:16:24 : Side: ChukyN: dale
00:22:54 : Side: jMM: dame armas
00:24:11 : Side: jMM: no tengo mira ?
00:24:27 : Side: ChukyN: esta lleno de cajas de armas
00:24:30 : Side: ChukyN: no llores
00:24:42 : Side: jMM: pero no puedo poner la mira jaja
00:27:12 : Side: jMM: lleno de cajas vacias hdp
00:32:16 : Side: jMM: vengan putos
00:38:30 : Side: LarzuK: q
00:40:09 : Side: Juandayz: q onda
00:44:19 : Side: Juandayz: :D
00:57:36 : Side: Juandayz: estas en el grupo delñ face vendeta o caiste no mas?
00:57:55 : Side: VenDeTTa: cai nomas jajaj recien lo pude hacer andar me habia dejado de andar
00:58:02 : Side: Juandayz: jaja ok
00:58:04 : Side: VenDeTTa: hace como 1 año que no juego
01:01:41 : Side: VenDeTTa: quie lastima el server esta buenisimo lastima la poca gente
01:01:50 : Side: Juandayz: hoy no mas lo levante
01:02:06 : Side: VenDeTTa: aa despues lo tiras de vuelta?
01:02:29 : Side: Juandayz: si, era para joder un rato.. con la gente del facebook
01:02:37 : Side: Juandayz: a la noche van a entrar los demas
01:02:57 : Side: VenDeTTa: cual es su grupo? asi me uno, si no hay problema
01:03:08 : Side: Juandayz: argentinadayzeta
01:03:12 : Side: Juandayz: unite de una
01:03:15 : Side: VenDeTTa: oka jajaja 
01:03:49 : Side: Juandayz: en realidad es un invento este server:D
01:03:56 : Side: Juandayz: mezcla de wasteland con epoch
01:03:59 : Side: VenDeTTa: jajaja
01:04:02 : Side: VenDeTTa: esta bueno
01:04:11 : Side: VenDeTTa: a parte mapa chico aanda al pelo no se lagea
01:11:12 : Side: VenDeTTa: en que andas?
01:11:28 : Side: Juandayz: aca tirando con la artilleria en el battlefield
01:11:46 : Side: VenDeTTa: jajaja
01:12:15 : Side: Juandayz: donde estas vos mas o menos
01:12:18 : Side: Juandayz: asi te tiro jaja
01:12:19 : Side: VenDeTTa: en pista
01:12:23 : Side: Juandayz: ok
01:12:59 : Side: Juandayz: te pasa cerca por lo menois?
01:13:04 : Side: VenDeTTa: noo para nada
