00:03:52 : Side: reconnect: che juancho
00:03:58 : Side: juandayz: ?
00:04:02 : Side: reconnect: se fue el 'ocultar estadistica'
00:04:12 : Side: juandayz: yo lo tengo
00:04:17 : Side: reconnect: D:
00:04:22 : Side: reconnect: entonce ya aparecera
00:04:55 : Side: reconnect: puto apareceeee
00:05:05 : Side: juandayz: capaz q spawneaste bugeado
00:29:31 : Side: Alan: quien esta haciendo la mision de heroe ?
00:29:44 : Side: reconnect: YO
00:29:51 : Side: reconnect: unite si quere
00:29:57 : Side: reconnect: soy friendly
00:29:59 : Side: Alan: estoy en grupo quieres unirte ?
00:30:20 : Side: Alan: viste
00:30:29 : Side: reconnect: :D
01:43:29 : Side: juandayz: venia e el heli con reco
01:44:07 : Side: juandayz: :D
01:44:14 : Side: juandayz: aca tengo toda tu plata
01:44:34 : Side: reconnect: DEJE DE ACELERAR
01:44:38 : Side: reconnect: iba a aterrizar 
01:44:54 : Side: reconnect: vos safaste?
01:45:00 : Side: juandayz: jaajajja yo saque el juego cuando vuelvo piiiiiiiiiii andentro del heli todo roto
01:45:07 : Side: juandayz: sii pero me hize verga
01:45:10 : Side: reconnect: venia pisteando como un campeon
01:45:15 : Side: juandayz: jajajaaj
01:45:17 : Side: reconnect: jajajaajajaj
01:45:31 : Side: reconnect: veo todo incendiado
01:45:47 : Side: reconnect: me voy a preparar un gancia, bien de putazo
01:45:55 : Side: juandayz: si, bien
01:46:10 : Side: juandayz: ponele limomsito
01:46:56 : Side: juandayz: aterriza el heli
01:46:59 : Side: juandayz: alan
01:47:46 : Side: reconnect: volvi
01:48:02 : Side: juandayz: le vamos a hacer la pruba del dalyz a alan
01:48:07 : Side: juandayz: la prueba final
01:48:12 : Side: reconnect: la prueba de fuego
01:48:22 : Side: juandayz: veni
01:48:27 : Side: reconnect: alan, nos la tenes que mamar
01:48:31 : Side: juandayz: jajaj no
01:48:37 : Side: juandayz: ahora te traigo tambien reco
01:48:38 : Side: reconnect: ah,. la otra prueba final
01:48:57 : Side: reconnect: rompi 500 arboles
01:49:08 : Side: juandayz: guarda todas tus cosas aca
01:49:51 : Side: reconnect: a donde voy?
01:49:59 : Side: juandayz: todo, armas, todo
01:50:03 : Side: juandayz: guarda en esa caja
01:50:15 : Side: reconnect: q caja?
01:50:31 : Side: juandayz: todo
01:50:38 : Side: reconnect: culia, pero a donde goma?
01:50:43 : Side: reconnect: yo estoy en mi cuerpo accidentado
01:50:46 : Side: reconnect: aaaa
01:50:57 : Side: reconnect: te vamos a hacer la gran diego torres
01:51:02 : Side: juandayz: ajajajajaja
01:51:05 : Side: juandayz: si todo
01:51:15 : Side: juandayz: no no
01:51:36 : Side: juandayz: agarra el hacha
01:51:42 : Side: reconnect: q ciego recien los veo
01:51:52 : Side: juandayz: ponete en la mano
01:51:58 : Side: juandayz: ok, vamos
01:52:24 : Side: juandayz: veni reco, vamos a ver un espectaculo del apocalipsis
01:53:28 : Side: juandayz: parate en el centro
01:53:40 : Side: reconnect: sacate lo pantalone
01:53:42 : Side: juandayz: tenes q sobrevivir
01:57:07 : Side: reconnect: culiado,. perdi mis granadas D:
01:57:30 : Side: juandayz: aguantaaaa rambo 3
01:57:57 : Side: reconnect: missss granadassssssssss
01:58:34 : Side: reconnect: la concha de dio jajaaj donde mierda fueron 
01:58:48 : Side: juandayz: aca estamos
01:58:52 : Side: reconnect: mis granadas
01:59:06 : Side: reconnect: queria tirar las granadas a la horda
01:59:16 : Side: juandayz: jaja
01:59:34 : Side: Alan: MATE ATODSSS
01:59:38 : Side: juandayz: prueba superada jajaja
01:59:40 : Side: reconnect: jajaaj
01:59:40 : Side: Alan: CHE VEO EN BLANCO Y NEGRO
01:59:43 : Side: Alan: ME MUERO DE HAMBRE DE SED
01:59:45 : Side: reconnect: 41 zombi sacudi
01:59:46 : Side: Alan: Y ME DESANGRO
01:59:50 : Side: Alan: JAJA 
01:59:54 : Side: Alan: YO 33 CON EL MACHETE
01:59:59 : Side: juandayz: te estas desangrando
02:00:05 : Side: reconnect: ahi te cure
02:00:13 : Side: Alan: tirenme comida y agua jaja
02:00:16 : Side: reconnect: usa el bandage para vendarte
02:00:19 : Side: Alan: sigo viendo blanco y negro
02:00:23 : Side: Alan: q no tengo jaja
02:00:28 : Side: juandayz: necesita una tranfucion
02:00:31 : Side: reconnect: te falta sangre
02:00:34 : Side: Alan: ay esta
02:00:42 : Side: reconnect: ahi te di sangre, fijate que con u n BLOOD BAG te das sanger
02:00:45 : Side: Alan: me falta bebida y comida
02:00:51 : Side: Alan: ok
02:00:51 : Side: reconnect: tenes bandage?
02:01:02 : Side: Alan: nono, estoy pelado como culo de gallina
02:01:09 : Side: Alan: nunca se la pusiste a una gallina ?
02:01:09 : Side: juandayz: queres tirar bombas reco
02:01:11 : Side: reconnect: vendate
02:01:23 : Side: reconnect: siiii bonbaaaa
02:01:24 : Side: Alan: no tengo ni vendas ni morfinas
02:01:37 : Side: Alan: tengo el hacha nomas
02:01:39 : Side: reconnect: ahi te di morfina en la mochila
02:02:01 : Side: reconnect: mete zombis que le damos masa
02:02:20 : Side: juandayz: LOL
02:02:35 : Side: Alan: 5 fps q mierda jaja
02:02:42 : Side: juandayz: subi al tanque
02:02:44 : Side: Alan: aguantiaaa jaja
02:02:57 : Side: reconnect: saltan jajaajaja
02:03:09 : Side: juandayz: jaja pera
02:04:38 : Side: reconnect: HECATOMBEEEEEE
02:04:52 : Side: juandayz: se quieren re matar loz zombies
02:05:03 : Side: Alan: esos zombis no te cuentan jaja
02:05:41 : Side: juandayz: probemos otro
02:05:52 : Side: Alan: yo me estoy remil muriendo che
02:05:53 : Side: reconnect: VEDAME
02:05:55 : Side: reconnect: VENDAME
02:06:07 : Side: reconnect: TE FALTA SANGRE?
02:06:13 : Side: Alan: necesito sangre comida y agua juan
02:06:29 : Side: reconnect: AHI TE DI AGUA Y MORIF
02:06:41 : Side: juandayz: perat q lo borro a este
02:06:43 : Side: juandayz: bajale
02:06:55 : Side: juandayz: hay un apestado
02:07:05 : Side: reconnect: TENGO ANITBOUOIS
02:07:22 : Side: Alan: tire los pistachos jaja
02:07:27 : Side: reconnect: TOMATE EL ANTIBIOTICO ALAN
02:07:39 : Side: Alan: no tengo
02:07:44 : Side: reconnect: TE LO DEJE EN LA MOCHIAL
02:07:58 : Side: Alan: ta
02:08:30 : Side: reconnect: ME GARCHO UN ZOMBI
02:08:36 : Side: juandayz: jaja
02:08:39 : Side: Alan: ajajaja
02:09:36 : Side: juandayz: es una bestia este
02:09:56 : Side: juandayz: joojo
02:10:30 : Side: reconnect: Q LE PASO A ALNA?
02:10:31 : Side: juandayz: lo mataste
02:10:40 : Side: reconnect: COMO?
02:10:43 : Side: juandayz: nu se jajaj
02:10:48 : Side: juandayz: ahi lo traigo
02:10:56 : Side: reconnect: PERO ESTABA EN EL TANQUE???
02:11:04 : Side: juandayz: no se habia bajado :D
02:11:12 : Side: reconnect: JAJAAJAJ no lo vi
02:11:28 : Side: juandayz: ya estas alan?
02:11:35 : Side: reconnect: perdon ALAN no te vi
02:12:11 : Side: juandayz: jajaj
02:12:16 : Side: reconnect: q onda jajaajaj
02:12:30 : Side: Alan: q sentia balasos alado mio y no sabia para donde correr
02:12:37 : Side: Alan: que lo hicieron a proposito hdps jaja
02:12:51 : Side: reconnect: no boludo posta disculpa yo no te vi
02:12:56 : Side: reconnect: estabas adentro del tanque o aufer?A
02:13:37 : Side: reconnect: como te moriste juan?
02:13:46 : Side: juandayz: jajajaja con el tanque bola
02:13:54 : Side: reconnect: le tiraba a la rueda
02:13:56 : Side: juandayz: pasa q ese el artillero va aguera
02:14:08 : Side: juandayz: si tenias plata alan
02:14:12 : Side: juandayz: en tu cuerpo
02:14:25 : Side: juandayz: pones la rueda del mouse y le das check wallet
02:14:27 : Side: juandayz: en rojo
02:14:34 : Side: Alan: ok
02:14:44 : Side: reconnect: ni una mision aparece
02:14:53 : Side: Alan: 50k tenia
02:15:28 : Side: Alan: che y si
02:15:30 : Side: Alan: hacemos una base
02:15:32 : Side: Alan: para los 3
02:15:35 : Side: Alan: estaria buena la idea esa
02:15:42 : Side: reconnect: yo no hago base D:
02:15:46 : Side: juandayz: ahi te di la plata de la mision primera
02:15:52 : Side: Alan: woo a la mierdaaa
02:16:08 : Side: reconnect: gastatela en putas
02:16:12 : Side: Alan: sii 
02:16:17 : Side: Alan: yo pago esta noche
02:16:30 : Side: reconnect: che juan pq no aparecen misiones
02:17:05 : Side: Alan: q es eso de chatarrero trabaja aqui
02:17:08 : Side: reconnect: oleme el culo
02:17:15 : Side: Alan: y serradero trabaja aqui ?
02:17:23 : Side: juandayz: vas a trabajar para conseguir metales en el chatarrero
02:17:35 : Side: Alan: como hces eso xd
02:18:01 : Side: juandayz: 69
02:18:06 : Side: reconnect: jajaja
02:18:11 : Side: Alan: jajaja
02:18:16 : Side: reconnect: oleme las bolas
02:18:16 : Side: Alan: wesaaa
02:18:19 : Side: Alan: jajaja
02:18:44 : Side: juandayz: action menu alan
02:18:44 : Side: Alan: como hcen eso jaja
02:18:56 : Side: reconnect: ole
02:19:00 : Side: reconnect: jojojojojoj
02:19:02 : Side: juandayz: jajajajaajaj
02:19:07 : Side: reconnect: TUC
02:19:08 : Side: Alan: q paso jaja
02:19:16 : Side: reconnect: me dio masa me rompio la nariz
02:19:30 : Side: Alan: como paro de hacer esta mierda
02:19:35 : Side: juandayz: V
02:19:41 : Side: Alan: q toco la v
02:19:43 : Side: Alan: y nada
02:19:54 : Side: Alan: ay esta
02:20:06 : Side: Alan: a donde deje mis cosas
02:20:08 : Side: Alan: juan
02:20:08 : Side: reconnect: asete la muertita
02:20:19 : Side: juandayz: cual es esa=
02:20:24 : Side: reconnect: pushup
02:20:29 : Side: juandayz: hacela
02:20:53 : Side: Alan: jajajaja
02:20:54 : Side: juandayz: na qedo atras
02:21:22 : Side: juandayz: jajaj re putos
02:21:28 : Side: Alan: vamos hacernos heroe
02:21:29 : Side: reconnect: jajaja
02:21:40 : Side: reconnect: yo estoy -5800
02:21:44 : Side: reconnect: hagamos una mision
02:21:47 : Side: Alan: a la mierda
02:21:50 : Side: Alan: yo 2665
02:22:28 : Side: reconnect: jajjajaja
02:22:39 : Side: Alan: jajaja
02:22:46 : Side: reconnect: zoofilia
02:22:49 : Side: Alan: saqueoo
02:23:34 : Side: Alan: jajaja
02:23:34 : Side: reconnect: jojo
02:23:43 : Side: Alan: q te paso juan jajaja
02:24:47 : Side: Alan: a donde estaba la caja juan
02:25:55 : Side: Alan: desaparecio q mierda
02:27:37 : Side: reconnect: jaja q vien que esta
02:27:41 : Side: reconnect: el perro
02:27:51 : Side: Alan: me sigue xd
02:29:36 : Side: reconnect: JAJAJAJAJA
02:29:38 : Side: Alan: che 
02:29:41 : Side: reconnect: era juan
02:29:41 : Side: juandayz: sabiaaaa
02:29:46 : Side: Alan: jajaja no sabia
02:29:51 : Side: Alan: pense q era un zombi jaja
02:29:52 : Side: reconnect: te estan comiendo
02:30:11 : Side: Alan: matalo hdp xd
02:30:26 : Side: Alan: ahora lo matas cara dejapi jaja
02:30:36 : Side: reconnect: no tenia balas te tenia que choriar un arma
02:31:01 : Side: reconnect: ossooo
02:32:14 : Side: reconnect: jajajaajaj
02:32:16 : Side: Alan: jajaja q carajo
02:32:19 : Side: reconnect: toma mierda
02:34:02 : Side: reconnect: jajaaj
02:34:03 : Side: juandayz: jajaja
02:34:07 : Side: juandayz: mira aalan
02:34:31 : Side: reconnect: jajaajaja
02:35:16 : Side: juandayz: aparece en tierra reco
02:35:37 : Side: reconnect: apareci zombi
02:36:34 : Side: juandayz: fijate atras
02:36:40 : Side: reconnect: a ver, dale de nuevo
02:36:47 : Side: reconnect: moveme
02:36:48 : Side: Alan: q bueno esta estoo
02:36:59 : Side: Alan: asi viajamos
02:37:00 : Side: Alan: ?
02:37:11 : Side: juandayz: si
02:37:13 : Side: reconnect: jaja
02:37:15 : Side: Alan: wowww
02:37:21 : Side: juandayz: vamos a la mision
02:37:23 : Side: Alan: pera
02:37:26 : Side: Alan: como te snetaste ay
02:37:38 : Side: Alan: ay ta
02:37:39 : Side: Alan: xd
02:37:42 : Side: Alan: no
02:37:47 : Side: Alan: q no maneje
02:37:50 : Side: Alan: el kamikaze
02:37:52 : Side: juandayz: jajaja
02:37:53 : Side: Alan: de reconnect
02:38:07 : Side: reconnect: destino?
02:38:14 : Side: juandayz: mision hay
02:38:15 : Side: Alan: PUTAS
02:38:26 : Side: juandayz: dee no hay
02:38:54 : Side: Alan: che juan y me helicoptero ? xd
02:39:05 : Side: juandayz: lo acaba de hacer mierda reconect
02:39:10 : Side: Alan: y ahora ?
02:39:14 : Side: Alan: tengo q comprarme otro ?
02:39:18 : Side: reconnect: se puede meter auto aca adentro?
02:39:24 : Side: juandayz: ahi reco te va a comprar uno
02:39:31 : Side: Alan: ah ok pero quiero
02:39:33 : Side: Alan: uno como este
02:39:36 : Side: Alan: jajaja
02:39:45 : Side: Alan: lel
02:39:47 : Side: Alan: volvamosss
02:39:49 : Side: Alan: por mi plataaa
02:39:50 : Side: reconnect: vamos a hacer una pirueta
02:39:53 : Side: Alan: no recogi mis 300k
02:40:01 : Side: Alan: volvamos reconnect
02:40:10 : Side: juandayz: izaaaaaaaaa 
02:40:25 : Side: Alan: mis 300k
02:40:25 : Side: reconnect: ahi volvemo
02:40:37 : Side: juandayz: se te fruncio cuando le pasamos fino a los arboles
02:41:44 : Side: Alan: noo
02:41:45 : Side: Alan: jaja
02:42:00 : Side: Alan: jajaja noo
02:42:05 : Side: Alan: donde estabamos antes
02:42:10 : Side: reconnect: bajen noma
02:42:11 : Side: Alan: donde rompiste mi helicoptero
02:42:31 : Side: reconnect: te compro 2 si quer
02:42:31 : Side: Alan: aca no era jaja
02:42:48 : Side: reconnect: se hizo torta no arranca ni con la gotita
02:42:54 : Side: Alan: es
02:42:57 : Side: Alan: por mis 300k
02:42:59 : Side: Alan: de coins
02:43:04 : Side: Alan: no por el helicoptero
02:43:13 : Side: reconnect: juan te da un financiamiento
02:43:29 : Side: reconnect: tas aca a 500 mt
02:43:37 : Side: reconnect: anda en bici ameo
02:43:47 : Side: Alan: donde
02:43:54 : Side: reconnect: segui el fuego
02:45:34 : Side: reconnect: encontraste?
02:46:01 : Side: Alan: see
02:46:03 : Side: Alan: jaja
02:48:35 : Side: Alan: ay vengo
02:48:42 : Side: Alan: afk 1 minutito
02:51:37 : Side: Alan: volvi
02:52:07 : Side: Alan: volvi
02:53:43 : Side: reconnect: me voy al pingo
02:53:53 : Side: Alan: es viernes papaa
02:53:53 : Side: reconnect: el server ya se reinicia
02:54:03 : Side: Alan: mejor asi vuelve ya con misiones
02:54:13 : Side: reconnect: vuelvo en 15'
02:54:14 : Side: Alan: asi veo como se hace una
02:54:17 : Side: reconnect: dale
02:54:20 : Side: Alan: q grande
02:54:22 : Side: Alan: te adoro genio
02:54:23 : Side: reconnect: bancame 15
02:54:34 : Side: reconnect: me desconecto en el bosque
02:54:38 : Side: Alan: ok
02:55:54 : Side: Alan: ahora vuelve reconnect
02:55:56 : Side: Alan: dsp del restar
02:56:01 : Side: Alan: asi vamos por misiones
02:56:02 : Side: juandayz: yo me salgo un toque
02:56:12 : Side: Alan: volves ?
02:57:00 : Side: Alan: jaja q bueno esta eso
02:58:23 : Side: Alan: juan
02:58:37 : Side: Alan: q paso
03:10:39 : Side: BrianNN: holi
03:10:41 : Side: BrianNN: como andan?
03:11:37 : Side: reconnect: hola man
03:11:47 : Side: Alan: buenas
03:11:47 : Side: BrianNN: soy nuevito en esto
03:11:49 : Side: BrianNN: como es la onda?
03:11:56 : Side: Alan: ah estamos casi en la misma jajaja
03:12:07 : Side: BrianNN: hay 1 par de guachines que me estan cagando a tiros
03:12:12 : Side: BrianNN: son ustedes?
03:12:17 : Side: Alan: nono
03:12:23 : Side: reconnect: no che
03:12:31 : Side: BrianNN: zombis putos
03:12:35 : Side: BrianNN: ya casi me cagaron matando
03:12:45 : Side: Alan: jajaja
03:13:00 : Side: BrianNN: es nuevo el sv no?
03:13:07 : Side: Alan: sip
03:13:12 : Side: Alan: pero el mejor sin dudas xd
03:13:14 : Side: BrianNN: d1
03:13:27 : Side: BrianNN: na porque si hay IA random
03:13:34 : Side: BrianNN: no deveria estar los zombis que corran xD
03:13:41 : Side: THE JUAN: mal
03:13:43 : Side: THE JUAN: pijazo
03:13:50 : Side: Alan: ay se conecta
03:13:50 : Side: reconnect: no hay IA random
03:13:53 : Side: Alan: el dueño del server
03:14:00 : Side: BrianNN: okas
03:14:03 : Side: reconnect: hay patrullas, y misiones
03:14:09 : Side: BrianNN: las patrullas son re molestas
03:14:14 : Side: Alan: Aunque crean q es joda
03:14:14 : Side: reconnect: na
03:14:17 : Side: reconnect: son una masa
03:14:17 : Side: Alan: ay marihuana para cultivar
03:14:19 : Side: Alan: en el server
03:14:25 : Side: Alan: se que les gustara mangas de faloperos
03:14:44 : Side: Alan: a donde estan
03:14:46 : Side: Alan: vallan a
03:14:49 : Side: Alan: mercado libre
03:14:51 : Side: Alan: a la salada dayz
03:14:58 : Side: BrianNN: ei
03:15:12 : Side: BrianNN: que?
03:15:24 : Side: Alan: jajaja
03:15:31 : Side: Alan: q carajo
03:15:33 : Side: BrianNN: me estan cagnado a tiros
03:15:34 : Side: Alan: no arranca esto
03:15:43 : Side: Alan: a donde estas
03:15:56 : Side: BrianNN: me vas a matar
03:15:58 : Side: BrianNN: si te digo
03:16:13 : Side: reconnect: para que? si recien empezas te va a mataR? jajaa
03:16:35 : Side: Alan: QUIEN ESTA
03:16:36 : Side: Alan: EN UN AUTO
03:16:41 : Side: BrianNN: yo no
03:16:45 : Side: BrianNN: me das 1'
03:18:01 : Side: BrianNN: vieja que paja intentar matar 1 bot
03:18:04 : Side: BrianNN: y 40mil zombis atras
03:19:20 : Side: BrianNN: hacemos algo?
03:19:22 : Side: BrianNN: estoy aburrido
03:19:48 : Side: Alan: SI AHORA HACEMOS MISIONES AGUANTA
03:19:56 : Side: BrianNN: dale
03:19:59 : Side: BrianNN: yo ya tengo 1 aka
03:20:57 : Side: BrianNN: ya casi me muero solo xD
03:22:54 : Side: BrianNN: que es eso que dice
03:22:58 : Side: BrianNN: cosecha de marihuana
03:23:03 : Side: BrianNN: y basura trabaja aqui
03:23:39 : Side: Alan: me desangro cubrime
03:25:48 : Side: Alan: ta
03:26:44 : Side: BrianNN: ei hacemos algo?
03:27:20 : Side: BrianNN: estoy con 1 amigo 
03:27:23 : Side: BrianNN: vamos hacer misiones
03:27:29 : Side: Sylvester Stanag: buenass
03:27:38 : Side: BrianNN: hola
03:27:44 : Side: Sylvester Stanag: :)
03:27:48 : Side: Alan: buenas
03:27:53 : Side: Alan: va aguanta
03:28:54 : Side: BrianNN: quien quiere jugar con 2 pobres mancos?
03:30:07 : Side: BrianNN: ei donde consigo 1 auto
03:30:15 : Side: Sylvester Stanag: en el trade
03:30:26 : Side: Alan: mercado central
03:30:32 : Side: BrianNN: ok
03:31:12 : Side: Sylvester Stanag: tenes q comprarlo al auto
03:31:41 : Side: Alan: y tu amigo
03:31:53 : Side: BrianNN: adonde me dijiste
03:31:55 : Side: BrianNN: que se compraba
03:31:56 : Side: BrianNN: ?
03:32:01 : Side: Alan: mercado central
03:32:09 : Side: BrianNN: que es eso de zona infectada
03:32:12 : Side: BrianNN: de stary
03:32:35 : Side: BrianNN: ya me di cuenta XD
03:32:43 : Side: BrianNN: hola
03:33:01 : Side: BrianNN: uh esta en la loma del culo xd
03:33:02 : Side: Alan: ahora vamos hacer misiones
03:33:05 : Side: BrianNN: ei
03:33:08 : Side: BrianNN: encontre muchas
03:33:11 : Side: BrianNN: muchos vehiculos
03:33:14 : Side: BrianNN: lock
03:33:15 : Side: Alan: anda al mercado central briann q ahora vamos para alla
03:33:18 : Side: Alan: y nos juntamos alla
03:33:21 : Side: BrianNN: ok
03:33:34 : Side: BrianNN: ahh
03:33:37 : Side: BrianNN: pero se consigue muchas cosas?
03:34:27 : Side: BrianNN: usan ts
03:34:28 : Side: BrianNN: aca?
03:34:33 : Side: THE JUAN: che los hay chances de walk zombies? xD
03:35:09 : Side: BrianNN: ei lo de la IA suelta
03:35:11 : Side: BrianNN: es re molesta
03:35:16 : Side: BrianNN: no podes lootear tranquilo
03:35:28 : Side: BrianNN: y cuando tratas de matarlos los zombis
03:35:31 : Side: BrianNN: los tenes pegados atras
03:36:22 : Side: BrianNN: ok
03:37:53 : Side: BrianNN: que es eso?
03:41:44 : Side: BrianNN: llege al trade
03:42:37 : Side: Alan: ahi vamos, tenemos 1500 zombis
03:42:40 : Side: Alan: corriendonos jaja
03:42:54 : Side: reconnect: te rompen la bici los zombis que mentira culiadoooo
03:43:11 : Side: reconnect: es de telgopor la bici
03:43:23 : Side: Alan: jajaja
03:51:37 : Side: BrianNN: todos los vehiculos lock xD
03:53:30 : Side: BrianNN: pero todos XD
03:53:43 : Side: BrianNN: si
03:53:46 : Side: BrianNN: pero soy medio caca
03:59:37 : Side: BrianNN: alguna mision con pocas IA?
03:59:59 : Side: reconnect: si, fijat en c:\chess.exe
04:00:36 : Side: CptPrice: Buenas
04:00:40 : Side: BrianNN: hola
04:00:53 : Side: Alan: hola
04:04:11 : Side: reconnect: _D
04:04:22 : Side: CptPrice: Hola juan, todo bien'
04:04:52 : Side: reconnect: its not a but its a feature
04:04:58 : Side: reconnect: bug
05:06:05 : Side: Alan: te mataron ?
05:06:41 : Side: reconnect: si, ya estoy en el lugar
05:06:58 : Side: Alan: como mierda apareciste tan rapido alla
05:07:29 : Side: reconnect: sali en vybor por aire
05:08:08 : Side: Alan: a mi no me aparecio vypor
05:09:37 : Side: reconnect: agregame a la radio
05:09:54 : Side: Alan: voy pera q voy en bajada
05:10:15 : Side: Adrix1999: hola :D
05:10:16 : Side: reconnect: van 8 menos
05:10:27 : Side: Alan: hola adrix
05:10:36 : Side: reconnect: com va
05:10:50 : Side: Adrix1999: soy nuevo
05:11:02 : Side: Adrix1999: tengo un clan de 7 personas , no hay ayuda c:?
05:11:48 : Side: Adrix1999: tengo 70 fps o.O
05:12:12 : Side: Alan: si por eso gusta tanto eeste server
05:12:29 : Side: Adrix1999: QUE BIEN OPTIMIZACION JODER! :D
05:12:49 : Side: Adrix1999: Algun esa dmin?
05:13:03 : Side: Alan: juandayz, ya se conecta
05:13:08 : Side: Alan: es el dueño
05:13:39 : Side: Adrix1999: me ayudan?
05:14:41 : Side: Adrix1999: me dan grupo?
05:14:51 : Side: Alan: si espera q nos estan dando
05:14:52 : Side: Alan: ay te damos
05:15:01 : Side: Alan: estamos haciendo la mision
05:15:55 : Side: Alan: de donde mierda me estan dado
05:15:56 : Side: Alan: dando
05:16:13 : Side: Alan: mate 1
05:17:00 : Side: Alan: sisi
05:17:38 : Side: Adrix1999: grabare videos en este servidor , me gusto y cumple mis necesidades...
05:17:45 : Side: Alan: se
05:17:52 : Side: Alan: jaja buenisimoo
05:17:56 : Side: Adrix1999: c.
05:18:03 : Side: Alan: hay granjas, cosechas, cocina 
05:18:06 : Side: Alan: podes tener perros
05:18:10 : Side: Adrix1999: si vi en face
05:18:27 : Side: Adrix1999: ahorita tengo mi internet cortado por no pagar ami compañia y lo raro es que puedo jugar en steam xD
05:18:40 : Side: Adrix1999: MAÑANA LO IRE A PAGAR U.U
05:18:47 : Side: Alan: cayo otro
05:18:54 : Side: Alan: jaja paga el inet rata
05:19:08 : Side: Adrix1999: jaja
05:19:10 : Side: Alan: casi lo pongo
05:19:26 : Side: Alan: jojo
05:19:27 : Side: Alan: q tiro
05:19:28 : Side: Adrix1999: estoy en airfield
05:19:29 : Side: Alan: lo viste ?
05:19:31 : Side: Adrix1999: y ustedes
05:19:34 : Side: Alan: en heroe
05:19:37 : Side: Alan: haciendo mision
05:19:47 : Side: Adrix1999: :0
05:19:48 : Side: Alan: trata de venirte
05:19:53 : Side: Adrix1999: ok
05:20:08 : Side: Alan: queres 1 cargador ?
05:20:10 : Side: Alan: 3
05:21:39 : Side: Alan: ta
05:21:46 : Side: Alan: lo tenes ?
05:21:51 : Side: Alan: ah
05:23:49 : Side: Adrix1999: estan en heroes alado de airfield?
05:24:06 : Side: Alan: el redondel rojo
05:24:13 : Side: Alan: hero base
05:24:17 : Side: Adrix1999: puedo ir?
05:24:20 : Side: Alan: sisi vente
05:25:09 : Side: Adrix1999: ok ya voy para alla
05:25:09 : Side: Adrix1999: me dan grupo?
05:26:00 : Side: Adrix1999: hola_
05:26:31 : Side: Adrix1999: estoy a 600 m
05:27:54 : Side: Adrix1999: soy yo
05:28:03 : Side: Adrix1999: D:
05:28:23 : Side: Alan: te veo
05:28:27 : Side: reconnect: OJO
05:28:27 : Side: Alan: ojo q queda 1
05:28:30 : Side: reconnect: hay un bot ahi
05:28:49 : Side: Alan: ese era yo
05:28:50 : Side: Alan: vente
05:28:51 : Side: reconnect: le pasaste al frente
05:29:06 : Side: reconnect: se metio en las casas 
05:29:16 : Side: Alan: cual casa
05:29:20 : Side: reconnect: en el pueblo
05:29:28 : Side: Adrix1999: ayuda
05:29:41 : Side: Alan: me pegas a mi
05:29:42 : Side: Alan: adrix
05:29:45 : Side: Alan: lpm 
05:29:50 : Side: Adrix1999: eres tu?
05:29:57 : Side: Alan: sii soy bandido
05:29:58 : Side: Alan: jaja
05:30:00 : Side: Adrix1999: perdona
05:30:02 : Side: Alan: estoy en el mismo lugar
05:30:04 : Side: Adrix1999: pense que eras bot
05:30:09 : Side: Adrix1999: boy a salir
05:30:12 : Side: Adrix1999: no me mates
05:30:13 : Side: Alan: si sali 
05:30:31 : Side: Adrix1999: donde estan D:
05:32:50 : Side: Adrix1999: hablan español?
05:34:35 : Side: reconnect: me fui al ocote
05:34:49 : Side: reconnect: nos vemo
05:34:56 : Side: Adrix1999: acote?
05:35:42 : Side: Adrix1999: adonde iras
05:39:25 : Side: Adrix1999: donde vas?
05:39:54 : Side: Alan: vamos hasta el mercado
05:39:56 : Side: Alan: central
05:40:06 : Side: Adrix1999: okey
05:41:40 : Side: Adrix1999: te èrdo
05:41:45 : Side: Adrix1999: perdi"
05:41:53 : Side: Alan: jaja sigo los disparos
05:42:06 : Side: Alan: ay te invite
05:42:12 : Side: Alan: abri la radio
05:42:53 : Side: Adrix1999: te invite acepta
05:45:34 : Side: Alan: jaja
05:45:40 : Side: Adrix1999: lol
05:45:57 : Side: Alan: mañana te conectaras ?
05:46:01 : Side: Adrix1999: si
05:46:07 : Side: Alan: ahora no puedo hablar tengo mi novia durmiendo
05:46:07 : Side: Adrix1999: me agrado el sv :D
05:46:11 : Side: Adrix1999: te ira?
05:46:22 : Side: Adrix1999: yo tampoco puedo
05:46:26 : Side: Adrix1999: estan durmiendo aca
05:46:27 : Side: Alan: en un toquesito
05:46:31 : Side: Alan: pero mañana
05:46:37 : Side: Alan: te unes a la masturbanda ya jaja
05:46:41 : Side: Alan: y vienes con nosotros
05:46:45 : Side: Adrix1999: oka :D
05:46:46 : Side: Alan: aca son medio putasos
05:46:56 : Side: Adrix1999: tienes base o refugio?
05:47:05 : Side: Alan: no pero ay q hacerla
05:47:05 : Side: Adrix1999: quiero guardar mis cosas xd
05:47:12 : Side: Adrix1999: tengo un safe :D
05:47:34 : Side: Adrix1999: de donde eres?
05:47:40 : Side: Alan: argentina vos ?
05:47:51 : Side: Adrix1999: mexico :D
05:48:32 : Side: Adrix1999: :0
05:48:54 : Side: Adrix1999: yo se construir bases
05:49:03 : Side: Alan: yo no
05:49:07 : Side: Alan: soy nuevo en este juego
05:49:10 : Side: Adrix1999: :o
05:49:11 : Side: Alan: empeze ayer
05:49:14 : Side: Adrix1999: yo te ayudo
05:49:24 : Side: Adrix1999: yo vengo del arma 3
05:49:26 : Side: Adrix1999: jeje
05:49:26 : Side: Alan: me enseño a jugar el dueño del sv xd
05:49:37 : Side: Alan: jugamos el dueño del sv y el q se fue recien
05:49:39 : Side: Alan: los 3
05:49:40 : Side: Adrix1999: cuanta gente hay normalmente en el sv
05:49:50 : Side: Alan: woo ojala me andara ese juegaso jaja
05:50:05 : Side: Adrix1999: tienen las mismas graficas xd
05:50:37 : Side: Alan: se?
05:50:46 : Side: Adrix1999: yep
05:52:08 : Side: Adrix1999: tienes safe?
05:52:16 : Side: Alan: no xd
05:52:29 : Side: Adrix1999: yo de la mision agarre una xd
05:52:30 : Side: Adrix1999: :D
05:53:59 : Side: Adrix1999: me regalas un arma xd?
05:54:05 : Side: Adrix1999: vendi todo d:
05:54:10 : Side: Alan: si toma
05:54:44 : Side: Alan: pera alejate
05:54:46 : Side: Alan: q no me deja
05:54:47 : Side: Alan: abrir
05:54:51 : Side: Alan: la mochila xd
05:54:56 : Side: Adrix1999: ah xd
05:55:01 : Side: Alan: ay tienes
05:55:14 : Side: Adrix1999: ;D
05:55:21 : Side: Adrix1999: 0 balas xd
05:55:29 : Side: Alan: aca venden
05:55:32 : Side: Alan: tan baratas
05:55:34 : Side: Adrix1999: e.e
05:55:44 : Side: Alan: tuviste coins gratis rata jaja
05:55:46 : Side: Adrix1999: donde compro autos
05:55:50 : Side: Adrix1999: jaja
05:55:51 : Side: Alan: de lo q agarraste vende
05:55:51 : Side: Adrix1999: se
05:55:59 : Side: Adrix1999: vendi todo hasta mi virginidad
05:56:04 : Side: Adrix1999: tengo 30 k de coins :c
05:56:19 : Side: Alan: aca venden pero no compres ahora del restart
05:56:27 : Side: Alan: por q si lo dejas en safe zone y hacen restart
05:56:33 : Side: Alan: se te va a la mierda el auto jaja
05:56:45 : Side: Adrix1999: en cuanto es el restart?
05:56:51 : Side: Adrix1999: tu te vas dps del restart?
05:58:08 : Side: Adrix1999: >D
05:58:19 : Side: Alan: xd
05:58:23 : Side: Alan: bueno me voy adrix
05:58:26 : Side: Alan: mañana viciamos un abrazo
05:58:32 : Side: Adrix1999: andale bro bay
05:58:37 : Side: Adrix1999: hare una mini base >d
05:58:45 : Side: Alan: jaja dale mañana me muestras q tul
14:05:21 : Side: LarzuK: hola
14:05:37 : Side: j0HNS0N'S: hola!
14:05:46 : Side: LarzuK: sos nuevo en el server ?
14:05:53 : Side: j0HNS0N'S: siii
14:28:31 : Side: LarzuK: buenas
14:28:45 : Side: sebastian: buenas
14:29:01 : Side: Azrael1x: holo
15:41:17 : Side: BrianNN: hola
15:43:08 : Side: BrianNN: alguien quiere hacer misiones o algo?
15:54:17 : Side: BrianNN: que carajos me tiraron con 1 bomba
15:58:56 : Side: LarzuK: buenas
15:59:01 : Side: BrianNN: hola
15:59:10 : Side: LarzuK: como va eso ?
15:59:19 : Side: BrianNN: qsyo andando en bici
15:59:23 : Side: BrianNN: no se que hacer xDw
15:59:43 : Side: BrianNN: vos?
16:02:23 : Side: BrianNN: larzuk
16:02:25 : Side: BrianNN: jugas lol?
16:06:52 : Side: LarzuK: ah con razon no se ve nada , jaja
16:07:09 : Side: LarzuK: ajja esta bueno
16:07:15 : Side: BrianNN: loco ese avion ya me tiro 2 bombas
16:07:19 : Side: LarzuK: tendrian que valer 1 coin creo , no ?
16:07:47 : Side: BrianNN: e larzuk
16:07:49 : Side: BrianNN: jugas lol?
16:07:51 : Side: LarzuK: pasa por los pueblos y tira una bomba , pero es random 
16:07:59 : Side: BrianNN: casi me la puso
16:08:00 : Side: LarzuK: no es que te ataca a vos brian
16:08:12 : Side: LarzuK: tene cuidado cuando pases por los pueblos y ciudades
16:08:14 : Side: BrianNN: recin la anterior casi me la deja de sombrero
16:08:25 : Side: LarzuK: no yo no jeugo .lol
16:09:09 : Side: BrianNN: fui hace un rato ahi donde dice cosecha de marihuana
16:09:13 : Side: BrianNN: pero no se como se cosecha XD
16:09:44 : Side: juandayz: click derecho al cuchillo para cosechar
16:09:48 : Side: BrianNN: ahhhh
16:09:52 : Side: BrianNN: que tarado jaja
16:09:56 : Side: BrianNN: y a cuanto se vende?
16:10:05 : Side: juandayz: 60 creo  q estaba
16:12:30 : Side: BrianNN: esta permitido construir en las misiones que hay?
16:13:41 : Side: juandayz: a que te referis con misiones?
16:13:51 : Side: juandayz: a misiones de bots?
16:14:00 : Side: BrianNN: nono por yo decia
16:14:02 : Side: BrianNN: porque cuando fui
16:14:05 : Side: BrianNN: a la cosecha
16:14:09 : Side: BrianNN: estan haciendo 1  base
16:14:12 : Side: BrianNN: arriba de toda la casecha
16:14:23 : Side: juandayz: ahh si, ahi podes. no son misiones esas
16:14:29 : Side: BrianNN: la put q te pario avion de mier
16:14:37 : Side: BrianNN: me la puso y no mori xD
16:14:39 : Side: juandayz: lo que estan hhaciendo es tomar la cosecha
16:15:01 : Side: LarzuK: hay que caer y romperles todo 
16:15:04 : Side: LarzuK: ajjajaj
16:15:11 : Side: LarzuK: los portones se pueden destruir ?
16:15:14 : Side: BrianNN: loco estaba hablando re tranquilo y me cayo la bomba a 5 metros
16:15:24 : Side: BrianNN: njaaa
16:15:26 : Side: BrianNN: me rompio la bici
16:15:27 : Side: LarzuK: te dije que te alejaras de los pueblos 
16:15:29 : Side: BrianNN: q hijo de XD
16:16:25 : Side: juandayz: estas re salado brian
16:16:33 : Side: BrianNN: es la 3ra vez
16:16:39 : Side: BrianNN: que me pega basicamente
16:16:44 : Side: BrianNN: recien casi me deja de sombrero 1 bomba en novi
16:16:48 : Side: juandayz: el avion tira la bomba en un punto especifico en una ciudad especifica
16:17:27 : Side: BrianNN: ei y hay mas cosechas de marihuana?
16:18:41 : Side: BrianNN: larzuk queres hacer misiones?
16:19:21 : Side: LarzuK: podes poner vos tu cosecha
16:19:25 : Side: LarzuK: en tu base
16:19:31 : Side: BrianNN: encerio? jaja
16:19:33 : Side: BrianNN: no sabia xDw
16:19:37 : Side: LarzuK: sep
16:19:41 : Side: BrianNN: como se hace?
16:19:47 : Side: LarzuK: marihuana , o zapallos, cafe 
16:19:59 : Side: BrianNN: xD ya me agrado esto ajjaw
16:20:03 : Side: LarzuK: tenes que tener una shovel,  es una pala grande que te la equipas como herramienta
16:20:11 : Side: LarzuK: la compras en el mercado central
16:20:25 : Side: LarzuK: che briann vos jugas con alguien mas ?
16:20:30 : Side: BrianNN: no
16:20:35 : Side: BrianNN: por ahi se conecta 1 amigo
16:20:41 : Side: BrianNN: pero basicamente estoy solo aca
16:20:59 : Side: LarzuK: ah , y decile que se conecte mas seguido a tu amigo
16:21:07 : Side: LarzuK: se les va a hacer mas facil entre los dos
16:21:16 : Side: BrianNN: na no se conecta
16:21:22 : Side: BrianNN: por ahi a la noche se conecta
16:23:42 : Side: BrianNN: los puntos rojos
16:23:51 : Side: BrianNN: como los que esta en cherno y solnichi
16:23:54 : Side: BrianNN: son IA?
16:25:40 : Side: BrianNN: da que carajo es esa frontera de IA xD
16:25:42 : Side: BrianNN: me cagharon a tiros
16:28:15 : Side: LarzuK: los puntos rojos son lugares de trabajo , no hay ia ahi
16:28:45 : Side: BrianNN: ahh
16:31:52 : Side: BrianNN: que
16:32:06 : Side: BrianNN: ei me subi a 1 camion y me desaparecio
16:40:00 : Side: BrianNN: ei no se puede subir a 1 hospital quebrado
16:40:02 : Side: BrianNN: que re cago
16:46:57 : Side: BrianNN: que onda nahue
16:47:07 : Side: BrianNN: que haces por aca? xd
16:47:07 : Side: Nah44: entra al ts salchicha
16:47:08 : Side: Nah44: :P
16:47:12 : Side: Nah44: lo mismo que vos
16:47:12 : Side: Nah44: xD
16:47:18 : Side: BrianNN: ya me estoy por ir
16:47:25 : Side: BrianNN: solo me suicide porque no tenia morfina
16:47:30 : Side: BrianNN: XD
16:47:31 : Side: Nah44: jajaj
16:47:42 : Side: Nah44: y te podias armar la bici y andar en ella bobo
16:47:43 : Side: Nah44: :B
16:47:47 : Side: BrianNN: si
16:47:51 : Side: BrianNN: pero a los hospitales
16:47:54 : Side: BrianNN: no podes subir quebrado
16:47:55 : Side: BrianNN: XD
16:47:59 : Side: BrianNN: y entonces dije ya fue jaja
16:48:07 : Side: Nah44: Hmm. Buen punto.
16:48:24 : Side: BrianNN: Ah listo
16:48:28 : Side: BrianNN: tenia 1 morfina en el inventario
16:49:14 : Side: BrianNN: ei esta buen oeste sv
16:49:18 : Side: BrianNN: y no tiene ping
16:49:23 : Side: BrianNN: es nuevo
16:49:27 : Side: BrianNN: tiene muchas cosas
16:49:34 : Side: Nah44: lel
16:49:35 : Side: Nah44: xD
16:49:36 : Side: BrianNN: XD
16:49:50 : Side: BrianNN: te hablo al steam
16:53:32 : Side: Nah44: xD no pensé que me moría si me quedaba en Stary
16:53:34 : Side: Nah44: jaja
17:12:56 : Side: Alan: Buenas muchachos
18:16:35 : Side: Alan: na
18:16:39 : Side: Alan: estas ?
18:16:42 : Side: Nah44: Buenas
18:16:48 : Side: Alan: me saludas de vuelta culiao jaja
18:17:10 : Side: Alan: quieres q vallamos
18:17:14 : Side: Alan: hacer esa mision ?
18:17:20 : Side: Alan: ural attack ?
18:18:05 : Side: Nah44: Niet. :P
18:18:10 : Side: Nah44: I'm a bandit xD
18:18:27 : Side: Alan: yo ?
18:18:46 : Side: Nah44: No entendiste 1 mierda eh? jaja
18:19:13 : Side: Alan: no 
18:19:28 : Side: Nah44: xD
18:20:01 : Side: Alan: que me dijiste ?
18:24:59 : Side: Alan: q haces nah
18:25:33 : Side: Nah44: No vivo diciendo lo que toy haciendo por side eh
18:25:35 : Side: Nah44: :P
18:25:47 : Side: Alan: jajaja pero q mala ondaa
18:25:49 : Side: Alan: sosss por dios
18:25:57 : Side: Nah44: No, es ser inteligente
18:26:06 : Side: Alan: pero q tienes miedo a q yo te mate ?
18:26:21 : Side: Nah44: Yo miedo no tengo
18:26:28 : Side: Nah44: Simplemente no tengo ganas de malgastar mi tiempo
18:26:33 : Side: Nah44: boqueando
18:26:38 : Side: Nah44: y que despues algun loquito me mate
18:26:45 : Side: Nah44: y haya perdido 1 o 2 horas
18:26:46 : Side: Alan: lel por eso
18:26:47 : Side: Nah44: por bobo
18:26:59 : Side: Alan: pero q puedes confiar en mi culiado
18:27:05 : Side: Alan: si yo tengo mis cosas
18:27:14 : Side: Alan: no hace falta q te saque nada, es q jugando de a 2
18:27:21 : Side: Alan: es mucho mas entretenido y podemos hacer misiones
18:27:24 : Side: Nah44: ?
18:27:33 : Side: Nah44: Si yo puedo hacer cualquier mision solo jaja
18:27:53 : Side: Alan: e.e
18:29:50 : Side: Nah44: Me pregunto dónde estará el bandit trader :P
18:35:22 : Side: Alan: reconnect acepta
18:47:49 : Side: reconnect: admin?
18:48:22 : Side: reconnect: juan cola veloz, estas?
18:49:52 : Side: reconnect: chuky, como va, no activa una misionç
18:49:56 : Side: reconnect: bug?
18:50:43 : Side: reconnect: mate los wachiturros, vengo a la caja y la mision sigue activa.
18:50:50 : Side: reconnect: y la caja no muestra nada opr ende
18:50:54 : Side: Nah44: Te faltó matar a alguno.
18:50:59 : Side: reconnect: mesplico?
18:51:00 : Side: Nah44: Si hablas de la Ural Attack.
18:51:04 : Side: reconnect: se
18:51:14 : Side: Nah44: Ne
18:51:17 : Side: reconnect: ah, no sabia.
18:51:17 : Side: Nah44: A todos tenes que matar jaja
18:51:25 : Side: reconnect: se asustaron me tienen miedo y se fueron
18:51:45 : Side: Nah44: O te están flanqueando y te van a coger xD
18:55:32 : Side: Nah44: Creo que ya encontré los bots que te faltan...
18:55:40 : Side: Nah44: JAJAJA
18:55:43 : Side: Nah44: lo cagaron a tiros xD
18:57:18 : Side: reconnect: justo ponen netflix vieja
18:57:29 : Side: Nah44: ah era el server el lag? :P
18:57:33 : Side: Nah44: Yo pense que era yo xD
18:57:39 : Side: reconnect: warpeo todo
18:57:42 : Side: Nah44: XD
18:57:47 : Side: reconnect: y mori
18:57:48 : Side: Nah44: a mi me llenaron de plomo los bots
18:57:54 : Side: Nah44: pero x suerte fue uno con m16 nomas
18:57:57 : Side: reconnect: vos venias en el mrtr?
18:58:01 : Side: Nah44: y el vidrio me salvo el orto
18:58:02 : Side: Nah44: xD
18:58:06 : Side: Nah44: se
18:58:08 : Side: Nah44: :P
18:58:10 : Side: reconnect: casi me pisas jajaj
18:58:12 : Side: Nah44: venia de hacer la otra Ural
18:58:17 : Side: reconnect: estan ahi son 4 les ibamos a matar
18:58:17 : Side: Alan: a mi tmb casi me pisa jaja
18:58:28 : Side: Nah44: ah eran ustedes los que estaban junto al arbol?
18:58:28 : Side: Alan: ya los mate
18:58:31 : Side: Alan: a todos me parece
18:58:32 : Side: Nah44: yo pense que eran IA jaja
18:58:37 : Side: reconnect: jajaaj
18:58:43 : Side: Alan: no eso eran los ian nah
18:58:45 : Side: Nah44: por eso pise el pedal nomas
18:58:46 : Side: Alan: q te dispararon
18:58:47 : Side: Alan: ia*
18:58:52 : Side: Nah44: ah tonces ni los vi a ustedes
18:58:53 : Side: Nah44: :P
18:59:04 : Side: Nah44: GG
18:59:05 : Side: Nah44: :P
18:59:05 : Side: Alan: quedaba 1
18:59:08 : Side: reconnect: si bola, nosotros no te tiramos pero a mi me pasaste a 2 metro :D
18:59:14 : Side: Nah44: XD
18:59:20 : Side: Nah44: Bueno menos mal que no entraste a la ruta
18:59:38 : Side: reconnect: cuando vi el mtr sin gente imagine que era un humao
19:04:23 : Side: NoUseForaName: buenas tardes
19:04:28 : Side: reconnect: tomen putos bots
19:04:37 : Side: Nah44: Buenas
19:04:45 : Side: LarzuK: hola
19:04:46 : Side: Ultra-mamon: Buenas
19:04:53 : Side: NoUseForaName: :)
19:04:56 : Side: Nah44: Ah ahora entiendo
19:05:06 : Side: Nah44: Porqué 1 par de traders no me daban x la humanidad
19:05:13 : Side: Nah44: jaja mezclaron todos los traders en 1 lugar
19:05:14 : Side: Nah44: joder
19:05:15 : Side: Nah44: :P
19:05:18 : Side: LarzuK: ajjaja
19:05:26 : Side: LarzuK: claro , son de heroes y bandidos
19:05:31 : Side: Nah44: y los neutrales
19:05:34 : Side: LarzuK: cuando recien empezas no podes en ninguno
19:05:43 : Side: LarzuK: los neutrales en cualquiera
19:14:41 : Side: Nah44: Se consigue en los Documentos el libro ese?
19:14:47 : Side: Nah44: o hablan del Journal?
19:14:48 : Side: Nah44: :P
19:15:27 : Side: Nah44: ? :P
19:15:48 : Side: Nah44: Al spawnear no tenia tal cosa asique supongo iré luego al basurero jaja
19:18:20 : Side: Nah44: A con razón. xD
19:18:29 : Side: Nah44: Yo spawnie ayer ajaj
19:20:50 : Side: LarzuK: que le pasara al chabon
19:20:53 : Side: LarzuK: ashiji
19:21:13 : Side: Nah44: Versión errónea del juego...
19:21:17 : Side: Nah44: O archivo corrupto.
19:21:28 : Side: Nah44: una de esas 2 es
19:21:52 : Side: Seba: tiene que actualizar el be manual yo antes lo solucionaba asi
19:23:12 : Side: Nah44: jaja
19:23:17 : Side: Nah44: yo sabía que aca habia alguien
19:23:24 : Side: Seba: che el trade negro adonde esta?
19:23:35 : Side: Nah44: Que conste que tu me tiraste no yo tío.
19:23:53 : Side: LarzuK: el blackmarket esta en el mercado central
19:24:00 : Side: Seba: cual de todos es
19:24:01 : Side: Seba: jaja
19:24:10 : Side: LarzuK: el que esta del lado de las carpas
19:24:40 : Side: Seba: gracias
19:26:22 : Side: Seba: che juan se te fue la mano con los precios hdp ajaja
19:28:58 : Side: Seba: el bandit cual es
19:28:59 : Side: Nah44: muere desgraciado
19:29:04 : Side: Nah44: xD
19:29:21 : Side: LarzuK: el de la esquina del rancho
19:38:43 : Side: Nah44: Hostia que tipo mas persistente
19:42:17 : Side: Nah44: En serio?
19:42:20 : Side: Nah44: Joder.
19:42:31 : Side: Nah44: Debo estar viendo cosas.
19:42:36 : Side: reconnect: :d
19:42:42 : Side: reconnect: alto power el little
19:42:52 : Side: Nah44: Eso no.
19:42:54 : Side: Alan: jaja
19:43:00 : Side: reconnect: q vuste
19:43:17 : Side: Cololaucha: te voy a matar, donde te vea, no lo voy a pensar puto
19:43:31 : Side: reconnect: q violento
19:43:36 : Side: Alan: intenso
19:43:42 : Side: reconnect: Elvio Lento
19:43:48 : Side: reconnect: a quien colo?
19:43:48 : Side: Nah44: Pasa que esta tocado
19:43:49 : Side: LarzuK: uno dos ultraviolento
19:43:50 : Side: Nah44: el vago
19:43:51 : Side: Nah44: a mi
19:43:52 : Side: Nah44: jaja
19:43:59 : Side: Nah44: porque me tiro cuando subi a la ATC
19:44:01 : Side: Nah44: y yo lo mate
19:44:06 : Side: Nah44: y luego volivo
19:44:09 : Side: Nah44: volvio*
19:44:11 : Side: reconnect: hagan el amor y no la guerra
19:44:15 : Side: Nah44: casi me mata y lo mate de vuelta xD
19:44:29 : Side: reconnect: che mas cerca no no?
19:47:47 : Side: reconnect: culiado media hora para aterrizar, me tuve que tirar
19:47:59 : Side: Nah44: JAja y te cagaste muriendo
19:48:04 : Side: Alan: QUIEN TE MANDO A TIRARTE JAJA
19:48:05 : Side: Nah44: que negro xD
19:48:15 : Side: reconnect: y culiaaa daleeee aterrizzaaaa
19:48:22 : Side: Alan: jajaja
19:48:25 : Side: reconnect: q se me quema el matambre
19:48:30 : Side: Alan: es q no la tengo bien calada al aterrizar
19:48:33 : Side: Alan: jajaja
19:48:33 : Side: reconnect: se me pasan lo fideo
19:48:58 : Side: reconnect: deci que balota ta cerca
20:13:01 : Side: Nah44: ?
20:13:10 : Side: Nah44: La Supply Crate de scrapmetal a 100k?
20:13:17 : Side: Nah44: Vaya.
20:13:20 : Side: reconnect: makri lo hizo
20:13:31 : Side: Nah44: Y la de Sacos de Arena a 18k
20:13:39 : Side: Nah44: Que ridículo. xD
20:22:30 : Side: reconnect: jajjaja te cagaste con el bombazo mierdA?
20:22:41 : Side: reconnect: te estoy trolleando man, me voy a ver river, lootea tranquilo
20:22:59 : Side: reconnect: solo decime que te cagaste lindo y soy feliz
20:24:04 : Side: reconnect: te veo gillie man, edcime que te cagaste
20:28:16 : Side: Nah44: :P
20:28:18 : Side: Nah44: no ta bien jaja
20:28:21 : Side: Nah44: Pero
20:28:27 : Side: Nah44: Las demas cajas no valen tanto
20:28:37 : Side: Nah44: e incluso la de sandbags vale menos
20:28:50 : Side: Nah44: y es como, nose, medio ilógico jaja
20:29:36 : Side: Nah44: ...
20:29:45 : Side: Nah44: No esperaba un sarcasmo de un admin. xD
20:29:53 : Side: Nah44: Pero igual nimporta jaja
20:30:23 : Side: Nah44: No claro, no tiene porqué ser malo el sarcasmo
20:30:24 : Side: Nah44: :P
20:32:37 : Side: Nah44: Che como que hay demasiados vehículos lockeados tirados x doquier
20:34:52 : Side: Nah44: Cuántas faltas ortográficas que hay en esos mensajes jaja
20:39:20 : Side: Nah44: O_O
20:39:28 : Side: Nah44: xD
20:39:40 : Side: Alan: q paso
20:40:00 : Side: Nah44: No nada, que a ese vago lo pateó x global jaj
20:40:02 : Side: Alan: nah estas haciendo bandit ?
20:40:07 : Side: Nah44: haciendo?
20:40:14 : Side: Alan: claro
20:40:17 : Side: Nah44: si referís a la misión del Mi17 desaparecio
20:40:36 : Side: Alan: ahh recien la vi en el mapa y ahora no
20:40:36 : Side: Nah44: se acabo el tiempo para hacerla
20:40:37 : Side: Nah44: aja
20:40:43 : Side: Alan: deci q te pregunte sino iva a ir alpedo jaja
20:41:08 : Side: LarzuK: jajaj global ban ese agus , que onda ? 
20:41:10 : Side: LarzuK: ajajaj
20:41:31 : Side: Nah44: Y, baneado por el Battleye
20:41:34 : Side: Nah44: eso es
20:41:34 : Side: Nah44: xD
20:41:44 : Side: LarzuK: que feo que te pase eso
20:42:13 : Side: Nah44: feo?
20:42:17 : Side: Nah44: eso depende
20:42:22 : Side: Nah44: si el baneado es un pt chitero
20:42:23 : Side: Nah44: que se joda
20:42:55 : Side: Nah44: No muy seguido ocurre que el BE te banee globalmente por accidente o x un falso positivo
20:48:44 : Side: Alan: cuantos ia hay por mision ?
20:55:09 : Side: Cololaucha: juan
20:55:14 : Side: Cololaucha: estas????
22:44:37 : Side: Adrix1999: nahuel
22:44:38 : Side: Adrix1999: entra a prelians
22:44:55 : Side: Nah44: Deja de hacer spam xD
22:45:07 : Side: Nah44: x ts decime si necesitas decirme algo jaja
22:45:17 : Side: Adrix1999: ala ala
22:45:24 : Side: Adrix1999: o pasame el ts de este sv
22:46:14 : Side: Adrix1999: estoy con lalo
22:46:35 : Side: Nah44: si si estoy ahi
22:56:45 : Side: Adrix1999: muchas gracias admin
22:56:55 : Side: Adrix1999: por darme la bienvenida , el server es genial :D
22:57:06 : Side: Adrix1999: estube toda la noche haciendo misiones jeje
22:58:26 : Side: Adrix1999: perfecto :D
22:58:33 : Side: Adrix1999: ahora ando construllendo mi basesita jeje
22:59:35 : Side: Adrix1999: :0
23:08:57 : Side: TaLLeS-: qm eres el mierda q astas mi baleando??????
23:14:31 : Side: GusTavoR-: holaa
23:14:34 : Side: GusTavoR-: XD
23:20:42 : Side: GusTavoR-: tiene un player fazendo mission?
23:47:50 : Side: Alan: juan 
23:48:28 : Side: juandayz: hola alann
23:49:14 : Side: Alan: como va querido
23:49:36 : Side: juandayz: bienn! vos?
23:50:00 : Side: Alan: bienn por suerte, acepta radio
