19:20:11 : Direct: FIN4LShare: ADM? meu char bugou, reloguei e meu char volto do zero
19:20:28 : Direct: FIN4LShare: perdi a chave do meu carro
19:22:02 : Direct: FIN4LShare: adm. meu char bugou. e eu perdi a chave do meu carro
19:24:11 : Direct: FIN4LShare: adm ?
19:24:48 : Direct: juandayz: sim?
19:24:55 : Direct: FIN4LShare: meu char bugou e fui teleportado para o mar
19:25:08 : Direct: FIN4LShare: tem um tempo mais perdi a chave do carro
19:25:16 : Direct: juandayz: donde esta el carro
19:25:27 : Direct: FIN4LShare: aqui te mostro onde ta
19:27:37 : Direct: juandayz: ready
19:28:24 : Direct: juandayz: q paso nikita
19:28:55 : Direct: juandayz: ¿?
19:29:16 : Direct: Nikyta: jaja 
19:29:27 : Direct: juandayz: q onnda?
19:29:30 : Direct: Nikyta: en partes no me deja borrar 
19:29:38 : Direct: Nikyta: paredes como antes 
19:29:50 : Direct: juandayz: tenes la barreta no?
19:29:50 : Direct: Nikyta: las podes borrar ? :)
19:29:55 : Direct: Nikyta: si si
19:30:00 : Direct: juandayz: decime cuales
19:30:03 : Direct: Nikyta: y la pala
19:30:25 : Direct: juandayz: disparale
19:30:29 : Direct: Nikyta: seria estos dos pisos y la escalera
19:30:55 : Direct: juandayz: donde estas vos tambien?
19:31:02 : Direct: Nikyta: no
19:31:05 : Direct: Nikyta: jajaja
19:31:48 : Direct: Nikyta: a ver si asi me deja por que no me dejava poner las bolsas de arena asi que tube que achicar la construccion
19:32:35 : Direct: juandayz: listo?=
19:32:39 : Direct: Nikyta: si si
19:32:42 : Direct: juandayz: ;)
19:32:43 : Direct: Nikyta: gracias xd
