00:07:20 : Direct: FerMeister: gg
00:10:15 : Group: FerMeister: base de operaciones abandonada? que sera esas?
00:10:56 : Group: FerMeister: mmm filo xd
00:11:25 : Group: FerMeister: aaah
00:11:29 : Group: FerMeister: aaaaaaaaaaaaaaaaaaaaaaaaaaaah
00:11:37 : Group: FerMeister: si
00:12:53 : Group: FerMeister: jajajaj argentinos qls xd
00:12:56 : Group: FerMeister: mira arma la bici
00:14:40 : Group: FerMeister: pero si ni te choque
00:14:50 : Group: FerMeister: aah viste, lag
00:14:57 : Group: FerMeister: yo no po 
00:14:58 : Group: FerMeister: xd
00:15:18 : Group: FerMeister: eso te pasa por cruzarte cuando voy A TODA VELOCIDAD
00:15:54 : Group: FerMeister: que dice xd
00:17:29 : Group: FerMeister: xddddddddddddd
00:25:58 : Group: FerMeister: puuta
00:26:07 : Group: FerMeister: no encuentro nah jajaja
00:26:13 : Group: FerMeister: el loot es mas escaso que la paciencia del felipe
00:27:10 : Group: FerMeister: ooooh
00:27:13 : Group: FerMeister: no cachai lo que encontre
00:27:16 : Group: FerMeister: ni te imaginai
00:27:21 : Group: FerMeister: un crossbow
00:32:16 : Group: FerMeister: encontre una alice
00:37:27 : Group: FerMeister: sip
00:37:37 : Group: FerMeister: mmm casi todo
00:37:47 : Group: FerMeister: vamos a esa wea amarilla que esta arriba de kamenka?
00:38:17 : Group: FerMeister: no encontre ningun autoa
00:39:24 : Group: FerMeister: te espero o voy por mientrsa'
00:39:27 : Group: FerMeister: ?
00:39:48 : Group: FerMeister: aah pero espero si estoy aca en el camino
00:40:07 : Group: FerMeister: hay un zombie mirandome raro
00:40:18 : Group: FerMeister: no se que esta haciendo xd
00:42:16 : Group: FerMeister: es que es mas rapido acortar o no?
00:48:24 : Group: FerMeister: camino ql largo xd
00:56:39 : Group: FerMeister: te habiai salido?
00:56:53 : Group: FerMeister: vamos, pero estamos a lam ierda de todas las misiones xd
00:58:05 : Group: FerMeister: sabis cual es? xd
00:59:04 : Group: FerMeister: tengo un orange sherbet
00:59:11 : Group: FerMeister: servira pa comprar un auto charcha?
00:59:30 : Group: FerMeister: no creo
00:59:32 : Group: FerMeister: yo creo*
01:02:22 : Group: FerMeister: algo es algo xd
01:06:04 : Group: FerMeister: sip
01:10:08 : Group: FerMeister: aah que imbecilidad mas grande
01:10:27 : Group: FerMeister: no puedo lotear weas dentro del trade porque es como si estuviera abriendo otra mochila
01:10:46 : Group: FerMeister: a no mentira
01:10:50 : Group: FerMeister: eran solo las weas de alla
01:10:57 : Group: FerMeister: estas si las puedo recoger
01:12:12 : Group: FerMeister: ya tengo como 4 xd
01:13:22 : Group: FerMeister: podemos comprar un auto penca con 4000 monedas
01:13:27 : Group: FerMeister: o una moto vieja con 3000
01:13:32 : Group: FerMeister: yo tengo 1500
01:14:58 : Group: FerMeister: que encontraste xd
01:15:20 : Group: FerMeister: yo te doy la plata
01:15:22 : Group: FerMeister: calmacion
01:17:34 : Group: FerMeister: lo lograste? xd
01:18:28 : Group: FerMeister: no paso nada? xd
01:18:39 : Group: FerMeister: yo tengo una convencion de zombies aca
01:19:10 : Group: FerMeister: nones
01:19:14 : Group: FerMeister: xdddd
01:19:38 : Group: FerMeister: tengo fans parece
01:20:14 : Group: FerMeister: y pa donde vamos?
01:20:15 : Group: FerMeister: a ver
01:20:23 : Group: FerMeister: hay una al lado xd
01:20:50 : Group: FerMeister: la otra es la del mv 22 pero esta a la mierda
01:21:31 : Group: FerMeister: estamos como cerquita ya 
01:21:34 : Group: FerMeister: xd
01:23:29 : Group: FerMeister: voy a la caseta de la bomba de bencina
01:25:19 : Group: FerMeister: veo a un puro wn xd
01:26:42 : Group: FerMeister: calmao
01:26:52 : Group: FerMeister: que no se si me podis ver pero estoy tapao en zombies xd
01:27:23 : Group: FerMeister: ahi veo los wnes
01:27:46 : Group: FerMeister: dale
01:28:37 : Group: FerMeister: mate 2 pero no se si estan muertos y no se donde hay mas
01:28:38 : Group: FerMeister: xd
01:30:20 : Group: FerMeister: aaha que lata wn
01:30:31 : Group: FerMeister: me vinieron disparos de quien sabe donde chucha
01:39:25 : Group: FerMeister: mira mi cuerpo xd
01:39:44 : Group: FerMeister: bueno
01:40:12 : Group: FerMeister: aaaaaaaaah
01:40:17 : Group: FerMeister: zombie conchetumadre
01:42:40 : Group: FerMeister: hay un wn con cinderblock po xd
01:44:23 : Group: FerMeister: cuantas monedas seran un oro?
01:45:05 : Group: FerMeister: jejejeje
01:45:08 : Group: FerMeister: adivina que tenemos
01:45:25 : Group: FerMeister: plot deed xd
01:45:34 : Group: FerMeister: si xd
01:46:03 : Group: FerMeister: couza
01:46:07 : Group: FerMeister: este tiene una large gunbag
01:47:50 : Group: FerMeister: no se xd
01:48:00 : Group: FerMeister: igual me dio sueño
01:48:05 : Group: FerMeister: y si lo dejamos pa mañana?
01:48:14 : Group: FerMeister: escondamos el super auto
01:48:43 : Group: FerMeister: mmmm
01:48:50 : Group: FerMeister: podriamos haber venido en la camioneta xd
01:48:59 : Group: FerMeister: pero a buscar al auto xd
01:51:33 : Group: FerMeister: tamos ready
01:51:36 : Group: FerMeister: pal mambo
01:52:00 : Group: FerMeister: como en algun bosque o no?
01:52:07 : Group: FerMeister: si no creo que tampoco se meta mucha gente xd
01:52:39 : Group: FerMeister: mmmm
01:52:41 : Group: FerMeister: mmmmmmmmmmmmmmmmmmmmmmm
01:52:46 : Group: FerMeister: cuanta velocidad xd
01:53:46 : Group: FerMeister: xddddd
01:53:52 : Group: FerMeister: yo cacho
01:54:14 : Group: FerMeister: me voy a desconectar por aqui
19:19:07 : Side: Azrael1x: buenas gente
19:19:40 : Side: Souza: holas :D
19:52:38 : Side: Azrael1x: alguno quiere hacer grupo pra mision?
