18:26:42 : Group: Mijael: lel
18:27:01 : Group: Mijael: Que onda
18:27:08 : Group: Mijael: el reset tambien borra la plata?
18:28:38 : Group: Ariel: juan
18:28:49 : Side: Ariel: juan
18:29:02 : Side: juandayz: voy
18:29:23 : Side: juandayz: q paso
18:29:39 : Direct: Ariel: el heli esta destruido
18:29:55 : Side: juandayz: subi
18:30:29 : Side: juandayz: ahi ta
18:30:41 : Direct: Ariel: subi
18:30:50 : Direct: Ariel: vamos a una mision
18:30:50 : Side: Mijael: Sale tp(?
18:30:58 : Side: juandayz: perate
18:31:07 : Side: Ariel: tp?
18:31:17 : Side: Mijael: Tio Paco
18:31:54 : Side: Mijael: Re heavy
18:32:13 : Side: juandayz: sabes como te descuelgan de ahi los bots mijail
18:32:14 : Side: Ariel: vamos a esperar una mision
18:32:22 : Side: Mijael: Jajaja
18:32:31 : Side: Mijael: Voy en mi heli entonces
18:32:47 : Side: juandayz: ah para q me falto devolvrte tu cachivache mijail
18:32:55 : Side: Mijael: y la money 
18:33:02 : Side: juandayz: ¬¬
18:33:18 : Side: juandayz: no te pases que lo tuyo no fue bug jaja
18:33:22 : Side: Mijael: Aparte al choque, con el reset me ddesaparecio la que tenia encima
18:33:48 : Side: juandayz: el reset te lo compro, el choque fue de bolas triste no ms :D
18:33:49 : Side: Mijael: Mas que otra cosa, tendria que ser oportunidad
18:33:53 : Side: Ariel: misiom rojaaa
18:33:59 : Side: Mijael: ya que ni sabia que el cable tenia fisicas
18:34:47 : Side: Mijael: Este no es mas lento(?
18:35:15 : Side: Mijael: 3
18:35:19 : Side: juandayz: en la mochi tenes la llave
18:35:44 : Side: Mijael: 3 brief, que manera de perder 
18:36:03 : Side: juandayz: jajaaj buee ahora en la mision te devuelvo
18:36:21 : Side: juandayz: o banca q me fijo en tu pj en la base de datos y te translado exacto lo q tenis
18:36:28 : Side: Mijael: ok
18:37:57 : Side: Mijael: cuidado con la mision gris
18:38:05 : Side: Mijael: la del presidente siempre esta llena de 50
18:38:08 : Side: Mijael: bien
18:38:09 : Side: juandayz: see
18:38:10 : Side: Mijael: justo hable
18:38:15 : Side: juandayz: bueeee
18:38:23 : Side: Mijael: me cagaron a tiros
18:38:28 : Side: Mijael: y eso que estaba re lejos
18:38:37 : Side: juandayz: si hay como 4 cal 50
18:38:49 : Side: juandayz: bajalo aca en el claro atrs ariel
18:38:50 : Side: Mijael: Lo gracioso es que siempre sobrevivo
18:38:52 : Side: Mijael: soy re chuck norris
18:38:57 : Side: juandayz: jaaj
18:39:46 : Side: Mijael: a la bosta
18:39:49 : Side: Mijael: se re bugeo 
18:40:01 : Side: Mijael: me vende como 5 veces a la vez y encima no paro de sangrar
18:42:07 : Side: Mijael: Que bueno que no guarde nada en el helicoptero
18:42:53 : Side: juandayz: pa donde te fuste ariel?
18:43:03 : Side: Ariel: mirame en el mapa
18:44:42 : Side: Mijael: en 10 me voy al gym
18:44:50 : Side: juandayz: en 5 la hacemos :D
18:45:05 : Side: Mijael: y ese heli
18:45:07 : Side: Mijael: decime que es mio
18:45:08 : Side: Mijael: jaja
18:45:12 : Side: juandayz: no se taba ac jajaj
18:45:24 : Side: juandayz: ta echo fleco
18:45:33 : Side: Mijael: fleco?
18:45:35 : Side: Indio: buenas
18:45:40 : Side: juandayz: hola indio
18:45:44 : Side: Mijael: indio solari
18:45:48 : Side: Indio: que tal este server?
18:45:56 : Side: juandayz: malisimo :P
18:45:57 : Side: Mijael: Re copado re groso
18:46:01 : Side: Ariel: esta muy bueno
18:46:03 : Side: Indio: jajaja me imagino
18:46:28 : Side: Mijael: a la cho
18:46:29 : Side: Indio: bueno joya, le metere un poco pa probar
18:46:39 : Side: Mijael: gira con toda esta cosa jajaj
18:46:49 : Side: juandayz: copate y hacete socio del server q hacen falta players
18:46:52 : Side: Indio: pvp?
18:47:10 : Side: Mijael: Es mas Pve
18:47:14 : Side: Mijael: casi siempre se hace team para las misiones
18:47:16 : Side: Indio: ah ok
18:47:23 : Side: Mijael: pero igual podes matar si se te da
18:47:39 : Side: juandayz: claro si queres matar no sea v a enojar nadie
18:47:45 : Side: juandayz: mejor todabia
18:47:52 : Side: Indio: ta bien
18:48:09 : Side: Indio: yo para saber como manejarme
18:48:17 : Side: Indio: me parece bien
18:48:24 : Side: juandayz: con la ruedita del mouse vas a ver lasa regls
18:48:29 : Side: Mijael: Igual lo correcto seria, disparar al que te dispara
18:48:33 : Side: juandayz:  y algunas otras cosas q tiene el server
18:48:43 : Side: Indio: ok
18:49:12 : Side: juandayz: hay 2 cal 50 en los techos
18:49:19 : Side: juandayz: alguno de los 2 trae snip?
18:49:23 : Side: Mijael: yo
18:49:30 : Side: Mijael: la svd que le afane al npc
18:49:38 : Side: juandayz: jaaj bajalo entonces
18:49:52 : Side: juandayz: y esos 2 paracaidistas?
18:50:02 : Side: Mijael: Yo que vos me cubro
18:50:08 : Side: Mijael: empieza la guerra en... 1
18:50:12 : Direct: juandayz: a la derecga hay gente
18:50:25 : Side: Mijael: que onda
18:50:32 : Side: Mijael: si estaba re cubierto jaja
18:50:43 : Side: juandayz: a la derecha te dije
18:50:53 : Side: juandayz: es un hormigero
18:51:15 : Side: juandayz: :(
18:51:42 : Side: Indio: estan en la heros?
