00:44:27 : Side: Sirfes-AR: hola jose, como andas?
00:44:41 : Side: Jose Luis: hola todo bien tu que tal
00:44:52 : Side: Sirfes-AR: bien, aca andamos
00:45:01 : Side: Sirfes-AR: pinta ir a hacer alguna mision?
00:45:20 : Side: Jose Luis: jajaja vale espera pongo unas paredes y vamos
00:45:34 : Side: Sirfes-AR: como se hacen las casas? :C
00:45:48 : Side: Jose Luis: re complicado eso pero con paciencia
00:45:58 : Side: Sirfes-AR: me explicas un poco
00:45:58 : Side: Jose Luis: yo la estoy haciendo de madera porque no hay mas 
00:46:00 : Side: Sirfes-AR: ?
00:46:03 : Side: Jose Luis: claro 
00:46:18 : Side: Jose Luis: donde estas hacemos punto de encuentro
00:46:28 : Side: Sirfes-AR: estoy en el mercado central
00:46:59 : Side: Jose Luis: dale esperame
00:47:41 : Side: Jose Luis: cuanta plata tenes
00:47:49 : Side: Jose Luis: para empezar tienes que poner un plot
00:48:02 : Side: Sirfes-AR: 4000 :D re pobre jaja
00:48:04 : Side: Jose Luis: que es como lo que sirve para poner las cosas en su sitio
00:48:13 : Side: Jose Luis: jajaja dale empiezo a explicar primero entonces
00:48:21 : Side: Sirfes-AR: dale! :D
00:48:39 : Side: Jose Luis: cuanto llevas jugando esto
00:48:51 : Side: Sirfes-AR: hace poco, dos semanas por ahi
00:49:08 : Side: Jose Luis: aprovechaste la promo de steam como yo entonces
00:50:05 : Side: Jose Luis: pero sos heroe o bandido
00:50:20 : Side: Sirfes-AR: todavia nada
00:50:32 : Side: Jose Luis: pero que te gusta
00:50:38 : Side: Sirfes-AR: heroe jaja
00:50:53 : Side: Jose Luis: jajaja vale ya voy 
00:51:20 : Side: Sirfes-AR: estas lejos?
00:51:40 : Side: Jose Luis: no mucho
00:53:15 : Side: Jose Luis: para empezar
00:53:33 : Side: Sirfes-AR: dime
00:53:33 : Side: Jose Luis: te recomiendo que compres una motosierra
00:54:31 : Side: Sirfes-AR: oka, despues?
00:54:53 : Side: Jose Luis: la primera inversion es cara ya que neesitas un plot de 30 metros
00:55:08 : Side: Jose Luis: el plot es lo que te va a dejar construir y que los demas no construyan cerca a tu casa
00:55:46 : Side: Jose Luis: lo vende el ejecutivo
00:56:55 : Side: Sirfes-AR: como consigo ese dinero? D:
00:57:13 : Side: Jose Luis: vendiendo armas
00:57:28 : Side: Jose Luis: salen dentro de las tiendas de campaña
00:57:36 : Side: Sirfes-AR: me voy a cazar ia entonces jaja
00:57:48 : Side: Jose Luis: no
00:57:56 : Side: Jose Luis: salen ramdon en la tienda
00:59:31 : Side: Jose Luis: ven aca donde estoy yo
00:59:53 : Side: Jose Luis: aca en la tienda de la prostituta
01:00:07 : Side: Jose Luis: agarra esa botella
01:00:29 : Side: Jose Luis: ahora ven
01:00:46 : Side: Jose Luis: al de esta casa dale trade bottle
01:00:50 : Side: Jose Luis: te da oro y se lo vendes
01:00:59 : Side: Jose Luis: no a ese no-a
01:01:07 : Side: Jose Luis: -a ese
01:01:19 : Side: Jose Luis: luego le vendes el lingote deo ro
01:01:45 : Side: Jose Luis: ya?
01:01:49 : Side: Sirfes-AR: listo
01:02:01 : Side: Jose Luis: otro metodo que es el facil pero arriesgado es el de la ruleta rusa
01:02:15 : Side: Jose Luis: juegas a muerte si no mueres te dan un maletin que lo vendes a 100.000
01:02:18 : Side: Sirfes-AR: me bole la cabeza como 10 veces antes de conseguir el maletin
01:02:18 : Side: Jose Luis: tienes coche?
01:02:33 : Side: Sirfes-AR: nop
01:02:43 : Side: Jose Luis: como carajo si es una muerte y una ganada
01:02:50 : Side: Jose Luis: ven te regalo uno
01:03:25 : Side: Jose Luis: te dare algo barato eh
01:06:00 : Side: Jose Luis: ey
01:06:02 : Side: Jose Luis: tomalo
01:06:13 : Side: Sirfes-AR: que cosa?
01:06:14 : Side: Jose Luis: jajaja ven
01:06:38 : Side: Jose Luis: ahi te deje la llave 
01:07:02 : Side: Sirfes-AR: genial! :D
01:07:16 : Side: Jose Luis: es algo lento en tierra pero sirve al principio
01:07:25 : Side: Jose Luis: se te hara mas facil moverte
01:07:29 : Side: Jose Luis: ahora mira si quieres 
01:07:42 : Side: Jose Luis: guarda tus cosas de valor en el coche y prueba la ruleta
01:07:58 : Side: Jose Luis: yo vigilo tu cuerpo
01:08:07 : Side: Jose Luis: por si te dejas algo
01:08:48 : Side: Sirfes-AR: las llaves las dejo en el auto?
01:09:04 : Side: Jose Luis: si quieres pero no lo asegures porque quedaria todo encerrado
01:09:46 : Side: Sirfes-AR: deseame suerte
01:09:56 : Side: Jose Luis: suerte men
01:10:04 : Side: Sirfes-AR: me mori
01:10:12 : Side: Jose Luis: jajaja tranqui tu cuerpo esta
01:12:38 : Side: Sirfes-AR: lo bueno es que se caer en paracaidas cerca del mercado
01:13:08 : Side: Jose Luis: en el coche te deje un bidon de combustibe por si te quedas sin combustible en el camino
01:13:18 : Side: Sirfes-AR: genio
01:13:55 : Side: Jose Luis: consejo cuando guardes una maleta en un coche guardala vacia porque en el reinicio se reinicia la maleta y su contenido xD 
01:14:11 : Side: Sirfes-AR: okas, gracias
01:14:15 : Side: Jose Luis: ahora le revisas la billetera a tu cuerpo eh
01:14:42 : Side: Sirfes-AR: como? tenia 30.000 
01:14:55 : Side: Jose Luis: aparece una opcion roja
01:15:01 : Side: Jose Luis: dice wallet
01:15:08 : Side: Jose Luis: en el coche tambien puedes guardar dinero
01:16:14 : Side: Jose Luis: buenaaaa
01:16:43 : Side: Jose Luis: ahora vende esa maleta
01:18:13 : Side: Sirfes-AR: listo
01:18:14 : Side: Jose Luis: ya ves es una muerte y vuelves a ganar
01:18:25 : Side: Jose Luis: asi haces dinero
01:18:51 : Side: Sirfes-AR: gracias!
01:19:11 : Side: Jose Luis: solo traes el coche vienes solo y te arriesgas y ya tienes 100.000
01:19:45 : Side: Sirfes-AR: ahora voy a comprar el plot, no?
01:19:57 : Side: Jose Luis: primero busca donde quieres la casa men
01:20:21 : Side: Sirfes-AR: algun lugar que me recomiendes?
01:20:38 : Side: Jose Luis: sitios con bosque para que no vayan a robarte
01:21:16 : Side: Jose Luis: espera vengo con la maquina para duplicar las llaves y te doy una copia para que la escondas
01:21:26 : Side: Jose Luis: por si mueres no pierdas el coche
01:24:04 : Side: Jose Luis: te pregunto una cosa
01:24:11 : Side: Sirfes-AR: dime
01:24:21 : Side: Jose Luis: te compras una safe?
01:24:36 : Side: Jose Luis: es la caja fuerte sirve para guardar tus cosas por si mueres no ir tan vacio
01:24:50 : Side: Jose Luis: escoges un sitio no muy lejano y donde vaya a ser tu casa y la pones
01:25:00 : Side: Jose Luis: eso si cuando la pongas apunta la clave
01:25:12 : Side: Sirfes-AR: que genial, donde la compro?
01:25:39 : Side: Jose Luis: es cara 100.000 pero vale la pena para tener cosas de seguro y que nadie te las robe
01:25:45 : Side: Jose Luis: al ejecutivo al de traje
01:26:40 : Side: Sirfes-AR: la compro despues de hacer mi casa, no? ahora me alcansa solo para el plot
01:26:49 : Side: Jose Luis: yo creo que antes
01:27:02 : Side: Jose Luis: y vuelves a arriesgarte 
01:27:17 : Side: Jose Luis: para el plot
01:27:21 : Side: Jose Luis: yo te ayudo con la madera
01:27:31 : Side: Sirfes-AR: quiero hacer mi casa en el norte
01:27:50 : Side: Jose Luis: ahora si quieres te acompaño
01:28:01 : Side: Sirfes-AR: dale, gracias
01:32:58 : Side: Jose Luis: donde estas
01:33:26 : Side: Sirfes-AR: mercado central
01:33:35 : Side: Sirfes-AR: vendiendo las armas
01:33:38 : Side: Jose Luis: ahi voy
01:38:40 : Side: Sirfes-AR: me faltan 20k y tengo el plot y la safe
01:38:41 : Side: Jose Luis: cuando te diga me pasas la llave del coche
01:39:25 : Side: Jose Luis: ponla en tu coche
01:39:46 : Side: Sirfes-AR: listo
01:40:12 : Side: Jose Luis: para duplicar llaves
01:40:23 : Side: Jose Luis: necesitas una barra de tin
01:40:29 : Side: Jose Luis: la barra azul
01:40:39 : Side: Jose Luis: y la herramienta keymakers
01:41:19 : Side: Sirfes-AR: ok
01:41:25 : Side: Jose Luis: vas al fuego le das click segundario a la llave y make copy
01:41:55 : Side: Sirfes-AR: bueno, gracias
01:42:07 : Side: Jose Luis: ahi te las deje
01:43:07 : Side: Jose Luis: 20.000?
01:43:18 : Side: Jose Luis: bueno mira hay una alternativa mas barata que la safe
01:43:32 : Side: Jose Luis: mas pequeño si pero sirve y tiene clave
01:43:59 : Side: Sirfes-AR: prefiero esperar un ratito mas a que aparezcan armas y las vendo, no?
01:44:08 : Side: Jose Luis: vale xD
01:44:30 : Side: Sirfes-AR: recien deje mi rifle ahi, y desaparecio
01:44:48 : Side: Jose Luis: o arriesgarte y volver a jugar a la ruleta
01:44:52 : Side: Jose Luis: ohh que mal suele pasar
01:47:32 : Side: Jose Luis: te voy a dejar en el coche blodpack
01:47:54 : Side: Sirfes-AR: que es eso?
01:48:07 : Side: Jose Luis: te haces una
01:48:20 : Side: Jose Luis: transfusion de sangre cuando vayas a morir
01:48:33 : Side: Sirfes-AR: ahhh, tengo de esas
01:48:38 : Side: Jose Luis: vale 
01:48:38 : Side: Sirfes-AR: voy a la ruleta
01:48:43 : Side: Jose Luis: w
01:48:49 : Side: Jose Luis: suerte
01:49:16 : Side: Sirfes-AR: mori
01:49:22 : Side: Jose Luis: la otra la ganas
01:49:25 : Side: Jose Luis: asi es
01:50:43 : Side: Jose Luis: la tienda de campaña la puedes usar tambien para guardar materiales pero ahora vamos tu escoges el sitio y yo te ayudo con la madera y la bodega
01:52:07 : Side: Jose Luis: ahora que escojas sitio te ayudo con la bodega de materiales
01:53:02 : Side: Jose Luis: volviste a morir?
01:53:21 : Side: Sirfes-AR: nono
01:53:26 : Side: Jose Luis: ah vale
01:53:33 : Side: Sirfes-AR: compro el plot y la safe?
01:53:42 : Side: Jose Luis: dale compralas
01:53:53 : Side: Jose Luis: y si alcanzas compra la motosierra
01:53:58 : Side: Jose Luis: y oil
01:54:54 : Side: Jose Luis: ahora si vamos a escoger el sitio
01:55:46 : Side: Sirfes-AR: vamos?
01:55:53 : Side: Jose Luis: dale sube a tu coche te sigo
01:56:48 : Side: Jose Luis: no muy lejos ni cerca a bases militares eh
01:57:04 : Side: Sirfes-AR: el punto amarillo arriba nuestro es una base?
01:57:20 : Side: Jose Luis: aerodromo militar me imagino que si
01:57:45 : Side: Sirfes-AR: cerca del castillo del diablo entonces
01:58:05 : Side: Jose Luis: te sigo
01:59:59 : Side: Jose Luis: te re perdiste de vista jajaja
02:00:17 : Side: Sirfes-AR: estoy en Gvozdno
02:01:15 : Side: Sirfes-AR: por ahi adelante, que decis?
02:01:33 : Group: Jose Luis: nada mal men
02:04:31 : Group: Jose Luis: para la sierra usa el bidon de combustible y el aceite
02:05:48 : Group: Jose Luis: le das click segundario al aceite y dice fill shainsaw
02:06:03 : Group: Sirfes-AR: sisi, ya lo tengo
02:06:18 : Group: Sirfes-AR: ahora que hago?
02:07:00 : Group: Jose Luis: con esa mesa puedes hacer cosas como muros y demas
02:07:11 : Group: Jose Luis: cortas madera la agarras y click segundario para plywood
02:08:06 : Group: Sirfes-AR: como la coloco en el suelo?
02:08:14 : Group: Jose Luis: que cosawwwwwwwwwwwwwwwwwwwwwww
02:09:31 : Group: Jose Luis: tenes chatarra?
02:09:44 : Group: Sirfes-AR: nop
02:10:02 : Group: Jose Luis: y la tienda de camping la traiste?
02:10:17 : Group: Sirfes-AR: no D:
02:10:29 : Group: Jose Luis: jajaja carajo ya vengo ve cortando madera si quieres
02:12:55 : Group: Sirfes-AR: como corto la madera? le doy con la motocierra y nada 
02:13:16 : Group: Jose Luis: TENES EL ACEITE?
02:13:49 : Group: Sirfes-AR: se mezclo con el bidon
02:14:00 : Group: Jose Luis: AHORA DALE AL BIDON CLICK SEGUNDARIOW
02:14:13 : Group: Jose Luis: Y LUEGO RECARGAS
02:14:27 : Group: Sirfes-AR: ya la recargue, pero talo el arbol y no cae nada
02:14:37 : Group: Jose Luis: YA CAYO EL ARBOL?
02:14:43 : Group: Jose Luis: EN EL PISO TIENE QUE ESTAR 
02:14:43 : Group: Sirfes-AR: nono
02:14:57 : Group: Jose Luis: ACERCATE MAS ENTONCES
02:16:59 : Group: Sirfes-AR: me gaste todo el combustible y no cayo nada ._.
02:17:07 : Group: Jose Luis: NO TE CREO
02:17:10 : Group: Jose Luis: JAJJAJA ESPERA
02:17:32 : Group: Sirfes-AR: de verdad, estaba cerca y se escuchaba como talaba, pero no cayo nada
02:20:56 : Group: Sirfes-AR: .______.
02:21:04 : Group: Sirfes-AR: como haces?
02:21:11 : Group: Jose Luis: acercate muy bien xD
02:24:00 : Group: Jose Luis: ey calma xD
02:24:06 : Group: Jose Luis: ya pusiste el plot?
02:24:09 : Group: Sirfes-AR: fue sin querer jajajajaja
02:24:12 : Group: Sirfes-AR: nono
02:24:33 : Group: Sirfes-AR: aca lo voy a poner
02:24:38 : Group: Jose Luis: ponlo
02:25:02 : Group: Sirfes-AR: me falta una pala ._.
02:25:09 : Group: Jose Luis: te regalo la mia
02:25:29 : Group: Jose Luis: ahi te la deje
02:26:05 : Group: Jose Luis: con av pag y repag subes y bajas las construcciones
02:26:22 : Group: Jose Luis: jajaja tampoco lo pongas en el cielo eh
02:27:04 : Group: Jose Luis: ahi ponlo
02:27:23 : Group: Jose Luis: ahora toma este regalo
02:27:44 : Group: Jose Luis: ponla por ahi esa sera tu bodega
02:27:51 : Group: Sirfes-AR: gracias
02:28:13 : Group: Jose Luis: la giras con q y e
02:28:29 : Group: Jose Luis: bueno compa tampoco la pongas ensima del plot
02:28:49 : Group: Sirfes-AR: donde la pongo?
02:29:03 : Group: Jose Luis: donde quieras que no sea ensima del plot
02:29:40 : Group: Jose Luis: tiene que ser dentro de los limites del plot
02:29:48 : Group: Sirfes-AR: jajajajaja okok
02:29:58 : Group: Jose Luis: pero no ensima del letrero xD
02:30:23 : Group: Jose Luis: ahi puede ser
02:30:50 : Group: Jose Luis: ahora tienes una bodega solo dale g y guardas la madera que tales
02:31:23 : Group: Jose Luis: bueno voy a mi base 
02:31:36 : Group: Jose Luis: me escribes por chat normal si tienes alguna duda
02:32:03 : Side: Sirfes-AR: todavia no se como hacer la mesa para crear las cosas
02:32:25 : Side: Jose Luis: con 1 de plywood y madera
02:32:32 : Side: Jose Luis: o 2 no se
02:33:01 : Side: Jose Luis: usa epoch wiki
02:40:06 : Side: Jose Luis: carajo no encuentro el vendedor de la pala
02:41:59 : Side: Jose Luis: eres tu?
02:42:07 : Side: Sirfes-AR: si
02:42:31 : Side: Jose Luis: no encuentro el vendedor de la pala xD
02:42:38 : Side: Sirfes-AR: toma
02:43:07 : Side: Jose Luis: donde estas 
02:43:23 : Side: Sirfes-AR: cerca de tu auto
02:43:58 : Side: Jose Luis: vale yo salgo a base
02:50:44 : Side: Jose Luis: oye ven aquii
02:50:53 : Side: Sirfes-AR: a donde?
02:51:13 : Side: Jose Luis: te marque en el mapa
02:52:29 : Side: Jose Luis: te deje a la izquierda de la carretera una caja con herramientas
02:52:47 : Side: Jose Luis: palanca y demas lo que necesitas para construir
02:57:10 : Side: Jose Luis: lo encontraste?
02:57:33 : Side: Sirfes-AR: nop jaja
02:57:44 : Side: Sirfes-AR: estoy detras de un hummbie
02:57:47 : Side: Jose Luis: jajaja es unas cajas del ejercito
02:57:56 : Side: Jose Luis: a la izquierda del humvie
02:58:31 : Side: Sirfes-AR: nop, no estan
02:58:43 : Side: Jose Luis: desaparecieron rapido u.u
11:01:37 : Group: santiago: tonces
11:06:15 : Side: santiago: jose
11:06:19 : Side: Jose Luis: epa
11:07:58 : Side: Jose Luis: todo bien o q
11:13:25 : Side: Jose Luis: maricon
11:21:22 : Group: Jose Luis: hableme por aqui
11:21:49 : Group: santiago: me aburriste
11:22:13 : Group: Jose Luis: jajaja veni y mira mas bien la base esta donde esta la tuya y caben hasta 6 helicopteros
11:23:01 : Group: santiago: venga yo no tengo nada a la final
11:23:11 : Group: Jose Luis: nada de que?
11:26:31 : Group: Jose Luis: nada de que?
11:28:08 : Group: Jose Luis: ya llego?
11:32:08 : Group: Jose Luis: donde anda que lo veo volteando
12:15:52 : Group: Jose Luis: hace rato lo estoy invitando a base
12:16:06 : Group: santiago: si yo se pero estoy mercando
12:16:14 : Group: santiago: y estoy muy fumado
12:16:24 : Group: Jose Luis: jajaja mrk
12:17:10 : Group: Jose Luis: esto si es bien gallo
12:17:12 : Side: santiago: ojo q jose luis es falzeta
12:17:24 : Group: Jose Luis: ahora vera lo que tengo
12:17:35 : Group: Jose Luis: a quien le dice payaso si estamos los dos nomas jajaja
12:17:43 : Group: santiago: jajajajaj
12:17:59 : Group: Jose Luis: que tengo que hacer para que venga lo jalo de las patas oq
12:18:39 : Group: Jose Luis: 300 tablas para 8 paredes no joda
12:19:00 : Group: santiago: uy quieto
12:19:36 : Group: Jose Luis: camello duro papi
12:23:08 : Group: Jose Luis: veni pues maricon
12:25:11 : Group: santiago: a pero la puso serca de la otra ps
12:25:29 : Group: Jose Luis: esto lo que es es un fuerte
12:29:19 : Group: Jose Luis: le estoy haciendo una puerta para que pase caminando de base a base
12:30:18 : Group: santiago: ok
12:30:25 : Group: santiago: ya casi termino
12:31:08 : Group: santiago: alla me haces la copia de la llave
12:31:23 : Group: Jose Luis: de la llave de q
12:31:44 : Group: santiago: del carro q voy a comprar
12:32:07 : Group: Jose Luis: traiga una tin bar
12:32:20 : Group: santiago: oh
12:32:23 : Group: santiago: ok
12:47:16 : Group: Jose Luis: este mrk si se demora maldita sea una hora aia metido
12:52:47 : Group: santiago: ud me cojio la motosierra de la caseta esa
12:52:51 : Group: santiago: ???
12:52:53 : Group: Jose Luis: no yo tengo la mia
12:53:00 : Group: santiago: ok
12:53:05 : Group: Jose Luis: yo de lo suyo no agarre nada
12:53:08 : Group: Jose Luis: solo mi plot
12:57:10 : Group: Jose Luis: hasta cuando pues viejito primero me voy a que usted llegue
12:57:39 : Group: santiago: pa donde?
12:57:52 : Group: Jose Luis: una videollamada con una hembrita
12:57:59 : Group: santiago: aaaa
12:58:12 : Group: Jose Luis: si no suelta nada vuelvo al juego es de inmediato
12:58:46 : Group: santiago: ok
13:27:45 : Group: Jose Luis: pelaez
13:28:00 : Group: santiago: QUE PASA PANA
13:28:11 : Group: Jose Luis: aun no viene?
13:33:51 : Group: santiago: PARA DONDE VA
13:33:56 : Group: santiago: ???
13:33:59 : Group: Jose Luis: a la tienda por otro plot
13:34:06 : Group: santiago: POR Q
13:34:18 : Group: Jose Luis: mi base es enorme necesito al menos 3 o 4 y solo tengo 2
13:36:06 : Group: santiago: UY OJO QUE ESE ES EL PUEBLO CALIENTE
13:36:19 : Group: Jose Luis: paso en pura
13:38:08 : Group: santiago: YO VOY PA LA BASE
13:38:14 : Group: Jose Luis: espere y vamos juntos
13:38:19 : Group: Jose Luis: vamos a tienda de nuevow
13:38:52 : Group: santiago: OK
13:44:40 : Group: Jose Luis: necesito 2.000 monedas maldita sea
13:51:59 : Group: Jose Luis: vamos a base
13:52:17 : Group: santiago: LO ESTOY ESPERANDO EN LA ESTACION
13:56:12 : Group: Jose Luis: me dirijo a punto
13:56:23 : Group: santiago: r
13:56:28 : Group: santiago: R
13:57:18 : Group: Jose Luis: vamos peluche
13:59:58 : Group: Jose Luis: que tal ps
14:00:19 : Group: santiago: PARESE UNA FINCA AAJAJA
14:00:39 : Group: Jose Luis: ya ve pana le he es camellado durisimo a esto
14:00:53 : Group: santiago: MERO PLAN ENTRE UN BOSQUE BUENA ESA
14:01:37 : Group: santiago: Y MI BASE
14:01:42 : Group: Jose Luis: esta atras 
14:02:50 : Group: santiago: DONDE
14:03:04 : Group: Jose Luis: donde la estabas haciendo vaya derecho y vera
14:03:11 : Group: Jose Luis: compro el tin para hacerle la llave?
14:03:21 : Group: santiago: SI
14:03:29 : Group: santiago: PORFAVOR
14:03:34 : Group: Jose Luis: pase a ver
14:04:14 : Group: Jose Luis: pero dejelas en la caseta para que no se pierda
14:05:32 : Group: santiago: LISTO
14:06:02 : Group: Jose Luis: y la barra de tin?
14:06:59 : Group: Jose Luis: donde dejo la barra
14:07:18 : Group: santiago: Q
14:07:31 : Group: Jose Luis: la barra de tin que le pedi
14:07:33 : Group: Jose Luis: para hacer la llave
14:07:51 : Group: santiago: LA PALANCA ES LA MISMA PARA HACEER LAS TABLAS
14:08:09 : Group: Jose Luis: necesito una tinbar
14:08:28 : Group: Jose Luis: -para sacar el duplicado de la llave
14:08:41 : Group: santiago: A NO ESO NO SE QUE ES NO LO TENGO 
14:08:50 : Group: Jose Luis: pero si te dije que lo compraras xD
14:08:54 : Group: santiago: UD NO LO TENIA PS
14:09:03 : Group: Jose Luis: te dije compra la tin bar
14:09:23 : Group: santiago: A NO UD ES UNA PECUECA 
14:09:34 : Group: Jose Luis: yo tengo la herramienta para hacer las llaves pero cada vez que necesitas una llavetienes que tener con que hacerla
14:09:35 : Group: santiago: EN NINGUNA PARTE VI ESO
14:09:38 : Group: Jose Luis: osea tinbar
14:09:43 : Group: Jose Luis: se lo escribi 2 veces weba 
14:09:49 : Group: Jose Luis: por andar fumado no leyo
14:09:53 : Group: Jose Luis: la vende el que vende el oro
14:10:06 : Group: santiago: AAAA
14:10:21 : Group: santiago: A CON RAZON YO POR ALLA NO PASE
14:10:57 : Group: Jose Luis: anda y en un momentico le tengo la llave
14:11:19 : Group: santiago: ESO Y ME MUESTRA DONDE ESTA MI BASE
14:11:30 : Group: santiago: Q SE ME OLVIDO
14:11:36 : Group: Jose Luis: esta justo atras de esta loco
14:12:25 : Group: Jose Luis: andate por lap ared que falta donde estan los carros derecho y la encontras
14:14:00 : Group: santiago: NADA
14:14:06 : Group: santiago: LLEVAME
14:14:15 : Group: Jose Luis: veni ps
14:14:52 : Group: santiago: R
14:22:23 : Group: Jose Luis: tengo que hacer al menos unos 140 de plywood para tapar esta joda
14:26:36 : Group: Jose Luis: que haces
14:27:11 : Group: santiago: ADELANTAR HASTA QUE LE DE POR IR A LA TIENDA
14:27:25 : Group: Jose Luis: le de a quien
14:27:41 : Group: santiago: A UD POR IR
14:28:02 : Group: Jose Luis: jajajaa no ahora no voy a tienda tengo que dejar encerrado esto antes de irme a voltear con mi novia
14:28:15 : Group: santiago: CUANTO AHI Q PONER APL ELICOPTERO PAL EQUIPO
14:28:42 : Group: Jose Luis: yo ya paso de helicopteros por ahora siempre se dañan chimbamente
14:28:46 : Group: santiago: VOY CONLA MITAD
14:29:10 : Group: santiago: POR Q ES SOLO PARA IR Y VOLVER 
14:29:17 : Group: santiago: UD LO PILOTEA
14:29:36 : Group: Jose Luis: quiza luego 
14:29:48 : Group: Jose Luis: ahora solo piens oen un mini helicoptero
14:30:33 : Group: santiago: CUANTO CUESTA EL BLACK HAHK
14:30:42 : Group: Jose Luis: uy no se creo que 130
14:31:14 : Group: santiago: VOY CON 65.000
14:31:32 : Group: Jose Luis: tenes un millon y vas con 65 no jodas xD
14:31:38 : Group: Jose Luis: yo ahora no compro helicopteros pana 
14:31:39 : Group: Jose Luis: jajaja
14:33:15 : Group: Jose Luis: yo hasta que no termine la casa no le meto a otra cosa ya me gaste 300.000 solo en plots
14:40:50 : Group: Jose Luis: que camello tan hpta
14:43:43 : Group: santiago: ME PODES DAR UNA PUERTA
14:43:53 : Group: santiago: ???
14:43:59 : Group: Jose Luis: ahora te la hago
14:52:26 : Group: Jose Luis: santiago 
14:52:42 : Group: Jose Luis: tenes los materiales para la puerta o que es que necesitas
14:57:11 : Group: santiago: CUANDO PUEDA PUES ANTES DE SE VALLA ME LA GURDA ACA EN MI BODEGA
14:57:22 : Group: Jose Luis: pero tenes materiales o no
15:21:59 : Group: Jose Luis: epa hpta volvi
15:22:57 : Group: Jose Luis: admin
15:25:04 : Group: Jose Luis: ya me sabe a mierda encerrar esta finca
15:43:01 : Side: Jose Luis: quien fue
15:43:14 : Side: Jose Luis: quien putas fue
15:44:55 : Group: Jose Luis: santiago malparido hpta
15:45:05 : Side: Jose Luis: come mierda santiago
15:49:11 : Group: santiago: QUE FUE LÑO Q PASO
15:49:20 : Side: Jose Luis: me dispararon no se donde
15:49:44 : Group: santiago: DONDE ESTABAS
15:50:00 : Side: Jose Luis: mira el mapa estoy al lado del cuerpo tirado
15:51:05 : Side: Jose Luis: ojo con mis cosas pilas busca
15:51:16 : Group: santiago: NO NO
15:52:48 : Side: Jose Luis: vamos a buscar pues
15:53:00 : Group: santiago: R
15:53:05 : Group: santiago: DESPASIO
15:53:41 : Group: Jose Luis: quien putas fue ome estoy ofendido fue a cortar el palo y tenga 3 tiros 
15:54:05 : Group: santiago: DE M4
15:54:14 : Group: Jose Luis: ni idea
15:54:34 : Group: Jose Luis: seguro que no fue usted?
15:54:36 : Group: santiago: A NO TENGO DE LA Q G36C
15:54:48 : Group: santiago: NO PANA
15:54:57 : Group: Jose Luis: no necesito balas tranquilo necesito es matar al hp q me mato
15:55:52 : Group: Jose Luis: voy a disparar para llamar la atencion ojo
15:55:58 : Group: santiago: NONO
15:56:07 : Group: Jose Luis: no los veo mrk
15:56:09 : Side: Azrael1x: hola holaa
15:56:11 : Group: Jose Luis: no entiendo que fue
15:56:17 : Side: Jose Luis: hola que tal compa
15:56:28 : Side: Azrael1x: como va eso?
15:56:40 : Side: Jose Luis: me atacaron de la nada no hay nadie pero salen disparos
15:56:41 : Group: santiago: VAMOS RECONOSER EL AREA UNOS 300 MTS A LA REDONDA
15:56:52 : Group: Jose Luis: agachados?
15:57:06 : Side: Azrael1x: pudo ser algun survivor jajaç
15:57:15 : Group: santiago: NO EN ARBOL EN ARBOL
15:57:30 : Group: santiago: DE DONDE CRE Q VINO
15:57:33 : Side: Jose Luis: solo estabamos mi amigo y yo
15:57:39 : Group: Jose Luis: cual arbol viejo
15:59:00 : Group: santiago: AHI UNA CASA AL NOR OESTE 
15:59:11 : Group: santiago: A UNOS 300 MTS
15:59:11 : Group: Jose Luis: si la bomba de combustible
15:59:32 : Group: santiago: AFRIMATIVO
16:00:37 : Group: santiago: DE DONDE CREE Q VINO EL DISPARO
16:00:39 : Group: Jose Luis: no entiendo que fue pana
16:00:50 : Group: Jose Luis: ni idea solo escuche el disparo y pal piso
16:01:03 : Group: Jose Luis: por eso dije que fue usted xD
16:01:42 : Group: santiago: UY NO DIGA eso 
16:01:51 : Group: Jose Luis: no pana voy a intentar seguir talando
16:01:58 : Group: Jose Luis: busque escondedero
16:01:59 : Group: santiago: VOY ALMORZAR LO VOY ADEJAR MI PUNTO ALTO
16:02:32 : Side: [WG] SnakeGeneral: admin on ?
16:22:43 : Group: santiago: VOLVI
16:22:50 : Group: santiago: COMO VA LA VUELTA
16:30:29 : Group: santiago: HELICOPTERO
16:30:33 : Group: santiago: ??????????
16:30:39 : Group: Jose Luis: uy pilas
16:30:49 : Group: Jose Luis: me estaba durmiendo haciendo click
16:36:53 : Side: Jose Luis: algun admin
16:37:07 : Group: santiago: HELICOPTERO
16:37:10 : Group: santiago: OJO
16:37:22 : Group: Jose Luis: esos son soldados de ronda yo creo
16:37:41 : Group: santiago: PEOR CON PUNTERIA AUTOMATICA
16:37:54 : Group: Jose Luis: exactos esos hijos de puta no fallan una
16:46:13 : Side: [WG] SnakeGeneral: admin on ?
16:46:22 : Group: santiago: Q PASA
16:46:25 : Group: santiago: ????
16:46:35 : Group: Jose Luis: de q o q
16:46:48 : Group: santiago: OI DISPAROS
16:46:54 : Group: Jose Luis: uy yo no fui
16:47:31 : Group: santiago: COMO Q NO
16:47:43 : Group: Jose Luis: no escuche nada
16:48:10 : Group: santiago: FUERON VARIOS
16:48:54 : Group: Jose Luis: no nada no se
16:49:33 : Group: santiago: PA MI Q VENINAN DE LA ESTACION
16:49:46 : Group: Jose Luis: espere pongo las paredes y vamos a investigar
16:53:03 : Group: Jose Luis: necesito un candado prestame uno que cuando lleguemos a tienda te lo pago
16:53:40 : Group: santiago: CUANTO
16:53:54 : Group: Jose Luis: no tenes un candado a la mano?
16:55:25 : Group: Jose Luis: veni a mi base corriendo santiago
16:56:39 : Group: Jose Luis: santiago
16:57:32 : Group: Jose Luis: santiago hpta veniii
16:57:44 : Group: santiago: QUE PASO
16:57:52 : Group: santiago: VOY ARMADO??
16:57:56 : Group: Jose Luis: veni vamos a tienda y nos armamos
16:58:01 : Group: Jose Luis: si traiga el rifle
16:58:14 : Group: Jose Luis: venga en el carro que yo le abro la puerta del carage
16:58:16 : Group: Jose Luis: garage
16:58:18 : Group: santiago: SNIPER O FUSIL?
16:58:24 : Group: Jose Luis: fusil
16:58:33 : Group: santiago: R
16:58:41 : Group: santiago: 3 MIN
16:59:57 : Group: santiago: MAS BN VAMOS EN EL SUYO
17:00:05 : Group: santiago: YO DEJO EL MIO ACA 
17:00:10 : Group: Jose Luis: uy hpta no puedo sacar el camion por la puerta
17:00:15 : Group: santiago: CON LA LLAVE EN LA BODEGA
17:00:22 : Group: Jose Luis: venga ps a pie le dejo el garage abierto
17:00:31 : Group: Jose Luis: lo cierra
17:01:23 : Group: santiago: CUANTO LE PRESTO
17:01:26 : Group: santiago: ???
17:01:29 : Group: Jose Luis: no necesito plata
17:01:37 : Group: Jose Luis: vamos compramos un candado y matamos esos hps
17:02:00 : Group: santiago: R
17:02:10 : Group: Jose Luis: cerras el garage
17:03:18 : Group: Jose Luis: el camion no sale jajaja
17:03:27 : Group: Jose Luis: pere voy por la camioneta
17:03:40 : Group: Jose Luis: permiso mrk que lo mato
17:03:53 : Group: santiago: LE TOCO TUMBAR UAN PUETA Y HACERLO MAS GRANDE
17:11:46 : Group: Jose Luis: queres un revolver?
17:14:45 : Side: Jose Luis: ey azteriz
17:15:37 : Side: Jose Luis: hola
17:16:10 : Side: Jose Luis: churro
17:16:41 : Side: [Amish]Churro: COMO VA
17:16:47 : Side: Jose Luis: todo bien y tu
17:16:52 : Side: Jose Luis: oye una pregunta
17:16:58 : Side: [Amish]Churro: BIEN.. CANSADO
17:17:02 : Side: [Amish]Churro: SI DECIME
17:17:07 : Side: Jose Luis: cual es el mejor traje que vende esa granjera
17:17:15 : Side: [Amish]Churro: jajaja
17:17:36 : Side: [Amish]Churro: uyy.. no se.. no recuerdo
17:17:37 : Side: Jose Luis: es que perdi un camiflado que tenia 
17:17:44 : Side: [Amish]Churro: no hay camo ahi
17:18:15 : Side: Jose Luis: ahhh
17:19:00 : Group: santiago: DONDE ESTA EL TIMBAR
17:19:12 : Group: Jose Luis: donde el señor que estaba yo ahora comprando
17:20:04 : Group: santiago: NO LO VEO
17:20:10 : Group: Jose Luis: dice tin
17:20:17 : Group: santiago: SI
17:20:25 : Group: Jose Luis: ese es
17:20:30 : Group: santiago: CUANTOS
17:20:36 : Group: Jose Luis: compre 2
17:22:45 : Side: Jose Luis: tenes un pozo que me vendas churro
17:22:59 : Group: santiago: POZO?
17:23:14 : Group: santiago: COMO Q POZO
17:23:18 : Group: Jose Luis: fuente de agua pa no tener que venir a base por agua
17:23:37 : Group: santiago: NADA COMO SE HACE PS
17:23:44 : Group: Jose Luis: re complicado
17:23:57 : Group: santiago: SE COPRA
17:24:11 : Group: santiago: SE COMPRA?
17:24:17 : Group: Jose Luis: no
17:24:54 : Group: santiago: NOS DISPARARON
17:25:12 : Group: Jose Luis: tas paranoico pana
17:26:28 : Group: Jose Luis: nos jodimos
17:26:49 : Group: santiago: QUE PASO
17:27:11 : Group: Jose Luis: ya
17:27:21 : Group: santiago: UY NE PISOOO
17:27:36 : Group: Jose Luis: tenes bloodpack?
17:27:58 : Group: Jose Luis: te la dejo ahi en el suelo
17:28:14 : Group: Jose Luis: hacete la transfusion
17:30:39 : Group: santiago: LE VOY A TRER LOS MATERIALES Y LA LLAVE O COMO ES PUES
17:30:50 : Group: Jose Luis: traiga la llave y el tin
17:30:58 : Group: Jose Luis: y los pone en la bodega
17:33:24 : Group: Jose Luis: listo anda ponelas en la bodega
17:35:48 : Group: Jose Luis: ya
17:36:56 : Group: Jose Luis: agarre las dos pana xD
17:37:05 : Group: Jose Luis: una en la maleta y la otra en las herramientas
17:37:20 : Group: santiago: R
17:37:24 : Group: santiago: GRACIAS
17:37:30 : Group: Jose Luis: de nada viejo
17:38:01 : Group: santiago: ACUERDESE PS DE LA PUERTICA YO QUIEO HACER UNA CASA EN EL ARBOL COMO LA Q VI EN YOUTUVE
17:38:22 : Group: Jose Luis: puerta de personas o de carros
17:38:36 : Group: santiago: CAUL ES LA CLAVE
17:38:44 : Group: santiago: DOS Y DOS SI PUEDE
17:39:02 : Group: santiago: PANA Y ESTAS PAREDES TAN DRANDES Q
17:39:09 : Group: santiago: YO COMO HAGO ESAS
17:39:15 : Group: Jose Luis: son 3 paredes juntas 
17:39:22 : Group: Jose Luis: cuando las tengas juntas las tres 
17:39:23 : Group: santiago: R
17:39:35 : Group: Jose Luis: pones un ply y tablas y listo queda la largue
17:40:56 : Group: santiago: LA LLAVE LA PUEDO GUASDAR EN EL LOKER
17:41:10 : Group: Jose Luis: si pero ese loker no es seguro para nada para eso son las cajas fuertes y demas
17:41:29 : Group: Jose Luis: si algun sobreviviente encuentra ese casillero de materiales puede robar todo lo que tenga
17:45:07 : Group: Jose Luis: bueno pana lo dejo
17:48:03 : Side: Azrael1x: como carajo se maneja el m22 ese del ortooooo
19:15:50 : Side: [WG] SnakeGeneral: admin on ?
19:19:34 : Side: [WG] SnakeGeneral: i need help for admin
20:40:02 : Side: [WG] SnakeGeneral: admin ?
20:47:01 : Side: [WG] SnakeGeneral: admin ?
20:47:32 : Side: [WG] SnakeGeneral: me need help for plot bug
20:48:29 : Side: [WG] SnakeGeneral: Cannot build, too many objects within 30m
20:49:38 : Side: [WG] SnakeGeneral: my have 315 in my house
20:50:29 : Side: [WG] SnakeGeneral: lol
22:26:43 : Side: Sirfes-AR: que hay?
22:26:54 : Side: Sirfes-AR: somos dos en el cerver
22:26:57 : Side: Sirfes-AR: server
22:27:06 : Side: Sirfes-AR: te pinta hacer alguna mision juntos?
22:27:57 : Side: santiago: como q?
22:29:39 : Side: santiago: soy novato con experiencia estoy construyendo mi base
22:29:56 : Side: Sirfes-AR: ah oka, yo deberia de terminar la mia
22:30:05 : Side: santiago: se q tendras algo interesanete para hacer que tenga q ver con disparar
22:30:22 : Side: Sirfes-AR: pero necesito plata, voy a cazar IA
22:32:32 : Side: santiago: alfin que
22:32:39 : Side: santiago: ??
22:32:44 : Side: santiago: ?
23:15:20 : Side: santiago: eras tu el q disparaba o me disparaba???
23:15:40 : Side: Sirfes-AR: le dispare a unos z
23:15:52 : Side: santiago: ok
