00:28:59 : Side: edgar: tengo que comprar otro heli :V
00:29:48 : Side: JF: te farreaste a lo grande hoy jeje
00:30:06 : Side: edgar: xDD choque con un arbol
00:30:38 : Side: JF: como tan alto los arboles
00:58:38 : Side: JF: yo no tiro estoy el centro
01:02:22 : Side: edgar: aareci como zombie
02:55:35 : Side: JF: pasaste volando recien   cuidado que en 4 reinicia
02:55:54 : Side: edgar: bueno aterrisare
02:56:15 : Side: edgar: ase cuanto pase cerca?
02:57:04 : Side: JF: yo yegando al trade
02:57:26 : Side: edgar: ya no me escuchas?
02:57:45 : Side: JF: no
02:57:58 : Side: edgar: ando asta kamenka
02:58:27 : Side: edgar: encuanto reinicie comprare como unas 45 safe
02:59:04 : Side: JF: jaja para que tanto
02:59:14 : Side: edgar: para vender
02:59:22 : Side: edgar: comprar a 80k vender a 100k
03:27:04 : Side: edgar: xD
03:27:11 : Side: edgar: parece que vives en el trader
03:27:38 : Side: JF: que paso
03:28:06 : Side: edgar: que parece que vives en el trader
03:29:55 : Side: JF: ya me voy a enderezar 
03:30:39 : Side: edgar: yo estoy tratando de armar muy bien mi base por eso compro y vendo mucho
03:31:07 : Side: edgar: voy a poner un carro con una arma arriba de la base para disparar al que se acerque
03:31:25 : Side: JF: si por supuesto y pudiste solucionar tu problema
03:31:40 : Side: edgar: si
03:31:57 : Side: JF: que era lo que paso
03:32:08 : Side: edgar: pos nose
03:32:21 : Side: edgar: creo que es algo que nesesitan arreglar
03:34:21 : Side: JF: pues donde es tu base para no pasar ni cerca jeje
03:34:29 : Side: edgar: xD
03:35:46 : Side: edgar: un heli menos
03:38:11 : Side: edgar: e gastado 1.6m este dia de helis
04:12:15 : Side: edgar: mmmm otro heli menos
04:12:41 : Side: edgar: creo que ya no tengo que comprar mas
04:13:11 : Side: Leodagos: yy es jodido mantenerlo en uns server lleno de bots
04:17:34 : Side: Leodagos: son bandidos ?
04:17:38 : Side: edgar: no
04:18:03 : Side: JF: no
04:35:22 : Side: JF: y el eli?
04:35:28 : Side: edgar: xD
04:35:33 : Side: edgar: lo estreye
04:36:07 : Side: JF: oh cuantos van ese ultimo estaba bueno
04:36:25 : Side: edgar: haora e comprado 5
20:16:44 : Side: JF: Buenas !!
20:16:55 : Side: edgar: Hola
