00:34:54 : Side: James: user estas en alguna mision?
00:35:08 : Side: User: nao e voce
00:35:14 : Side: James: se
00:35:33 : Side: User: me viu?
00:35:38 : Side: James: solo quiero suvir reputacion
00:35:46 : Side: James: quiero ser heroe
00:36:07 : Side: James: hacemos la de bandidos y te dejo las cosas para vos
00:36:12 : Side: User: voce perde pouco martando
00:36:28 : Side: User: estou fazendo casa
00:36:32 : Side: James: ok
00:36:38 : Side: User: nao tenho sniper com NV
00:36:46 : Side: James: yo tampoco
00:36:59 : Side: User: eu tento fazer missao com m8 compact
00:37:11 : Side: James: una m40a3
00:37:19 : Side: James: sin NV
00:37:23 : Side: James: pero es lo q hay
00:37:27 : Side: James: soy friendly
00:37:31 : Side: James: salvo q me ataquen
00:37:48 : Side: User: assassinato = -200
00:38:01 : Side: James: no quero bajar rep
00:38:06 : Side: James: no asesino
20:41:19 : Side: Juandayz: jaja cayate admin trucho..
20:41:31 : Side: Juandayz: metete bola
20:50:00 : Side: N1c077: ¿
20:55:26 : Side: PadreMavi: se puede pausar el restart?
