00:08:08 : Direct: Alan: a donde
00:08:12 : Direct: Alan: vendo estas armas
00:08:32 : Direct: juandayz: semejante arma rara, no se venden todas
00:08:50 : Direct: Alan: ah
00:08:53 : Direct: Alan: son buenas entonces jaja
00:08:59 : Direct: juandayz: sip
00:09:06 : Direct: Alan: entonces las llevare
00:09:08 : Direct: Alan: a mi base
00:09:22 : Direct: Alan: esto para qes
00:12:30 : Side: JF: buenas gente aqui de vuelta
00:12:36 : Side: Alan: hola jf
00:15:34 : Side: JF: uhe´p
00:15:47 : Side: Alan: para que sirve esto
00:15:57 : Side: JF: que hacen ?
00:16:32 : Side: JF: como es eso jaja
00:17:03 : Side: JF: el hacha del tumbero juan jaja
00:18:45 : Side: JF: compraste acciones alan?
00:18:52 : Side: Alan: se
00:19:15 : Side: JF: a mi me dio buena ganancia hoy
00:19:27 : Side: Alan: nose ni para que sirve jajaja
00:19:54 : Side: JF: y vos compras y despues te acresenta tu coin
00:20:05 : Side: Alan: solamente 1 vez
00:20:08 : Side: Alan: tengo q comprar ?
00:20:57 : Side: JF: no  podes pasar varias veces pero aveces da y aveces no da ganacia
00:22:56 : Side: JF: jaja-
00:23:10 : Side: JF: que haces con el hacha
00:25:55 : Side: Alan: gane 30 mil
00:25:59 : Side: Alan: jaja
00:30:29 : Side: Alan: cuando compra acciones
00:30:33 : Side: Alan: y ya gane 30mil 
00:30:37 : Side: Alan: tengo que volver a comprar ?
00:31:11 : Side: JF: preguntale a juan no se creeeria que si
00:32:27 : Side: JF: siempre tenes que comprar pero no se pueden vender?
00:33:19 : Side: JF: alan te vendo algunos bonos asi puedo entrar a la carpa jajaja
00:33:49 : Side: Alan: ahh
00:35:21 : Side: JF: ah y despues el librito ya no te sirve mas se puede tirar? pregunto
00:36:56 : Side: JF: ah que bolu por eso hoy compre  y no me dio nada la flaca le pague solamente la licen
00:38:52 : Side: JF: hey juan vos preguntaste que mas hacia falta si no mal recuerdo
00:39:42 : Side: Alan: volvi
00:40:45 : Side: JF: jaun donde se consiguen los cargadores stanak 30 sd
00:44:34 : Side: JF: si eso lo se pero aqui  en el trader solo se consiguen los comunes en los dos puestos no se por que 
00:45:40 : Direct: Alan: donde
00:45:43 : Direct: juandayz: =
00:45:44 : Direct: Alan: vendo el libro
00:45:45 : Direct: juandayz: ?
00:45:48 : Direct: juandayz: q libro
00:45:53 : Direct: Alan: romance novel
00:45:59 : Direct: juandayz: no se vende
00:46:04 : Direct: Alan: y para q es
00:46:07 : Direct: juandayz: es la licencia para comprar bonos
00:46:24 : Direct: Alan: ahh
00:46:37 : Direct: juandayz: si lo tenes en el inventario podes comprar bonos, si no lo tenes no podes
00:47:01 : Side: Alan: compre 3 juntos
00:47:06 : Direct: juandayz: lol
00:47:07 : Side: Alan: todos los q tenia
00:47:18 : Side: Alan: lel pero no se me van
00:47:23 : Side: Alan: compre 2 y sigo teniendo los 2 libros
00:47:38 : Side: juandayz: no, com uno solo ya tenes tu licencia
00:47:42 : Side: juandayz: no la perdes
00:48:25 : Side: juandayz: lee el cartel bola ahi te explica mas o menos
00:48:33 : Side: JF: si pero la flaca es re comerciante te chamuya y te lo vende igual
00:48:33 : Side: Alan: ya lo lei
00:48:37 : Side: Alan: no entendi un joraca jaja
00:48:39 : Side: juandayz: jajajaja
00:48:42 : Side: juandayz: a ver
00:48:48 : Side: juandayz: primero
00:48:52 : Side: Alan: jaja
00:49:08 : Side: juandayz: hay 2 tipos. Bonos y Acciones (acciones no funciona ahora)
00:49:48 : Side: juandayz: Para bono y accion necesitas una licencia.  Licencia de Bonos - Licencia para Acciones
00:49:59 : Side: JF: che juan cambia esta pobre vieja y pone la  chichisona que ya le duelen los juanetes
00:50:47 : Side: juandayz: Si compras bonos. Primero necesitas tu licencia de bonos. el servidor chequea q tengas la licencia en el inventario y te permite comprar el bono. 
00:51:11 : Side: juandayz: pasados 10 minutos. autooomaticamente ese bono se convierte en monedas
00:51:21 : Side: juandayz: pero la licenca la seguis teniendo.
00:51:30 : Side: Alan: ajam
00:51:34 : Side: Alan: compre 3 bonos
00:51:37 : Side: Alan: vamos a ver
00:52:05 : Side: juandayz: ok entonces en 10 min te van a salir 3 carteles con la liquidacion de bonos
00:52:15 : Side: Alan: espero q no me cague
00:52:19 : Side: Alan: esta garca
00:53:16 : Side: juandayz: por lo q desabilite las acciones es por eso de comprar 40 mil acciones una atras de otra
00:53:29 : Side: Alan: ah compre 3 seguida
00:53:46 : Side: juandayz: los bonos no importa, no dan tanto como las acciones
00:54:13 : Side: JF: che me queda la invercion en el corralito entoces?
00:54:24 : Side: Alan: la licencia delas acciones esta 500k
00:54:31 : Side: juandayz: pero las acciones. te dan 5 mil cada 20 min.  si vos compras 10 acciones seguidas te va a dar 50 mil cada 20 min
00:54:53 : Side: juandayz: imaginate si compras 100
00:55:00 : Side: Alan: woo jajaja
00:55:02 : Side: juandayz: en 20 min sos millonario
00:55:06 : Side: Alan: pero
00:55:13 : Side: Alan: esta 500k
00:55:16 : Side: juandayz: por eso necesito hacer una reestriccion de tiempo
00:55:16 : Side: Alan: la licencia
00:55:24 : Side: juandayz: si las puse caras para q no se abusen
00:55:41 : Side: juandayz: cuando le ponga la reestriccion de tiempo le bajo el precio a la licencia
00:56:13 : Side: JF: pero ahorita se pueden compra'?
00:56:18 : Side: juandayz: -no
00:56:25 : Side: juandayz: ahora nada mas bonos
00:56:34 : Side: Alan: ya paswaron 10 minutos
00:56:38 : Side: Alan: esta me afano
00:56:40 : Side: Alan: los 30k
00:56:43 : Side: juandayz: jajajaja
00:56:48 : Side: Alan: esta es socia de cristinaaa
00:56:53 : Side: juandayz: JAJAJAAJJA
00:56:56 : Side: Alan: ehhh
00:57:00 : Side: Alan: acciones vendida 30mil
00:57:02 : Side: Alan: 10mil
00:57:04 : Side: Alan: culiao
00:57:06 : Side: Alan: falta 1
00:57:11 : Side: Alan: con unos cuantos tiros
00:57:13 : Side: Alan: me da
00:57:46 : Direct: Alan: FALTA 1 ACCION CULIADA
00:57:46 : Side: juandayz: dale la moneda al pibe nena ¬¬
00:57:59 : Direct: Alan: dale loco
00:58:02 : Side: juandayz: tirale el camion encima
00:58:03 : Direct: Alan: no me garques
00:58:13 : Direct: Alan: sale caro el camion ese
00:58:14 : Direct: Alan: jaja
00:58:17 : Side: juandayz: :D
00:58:21 : Direct: Alan: tengo 40k
00:58:29 : Direct: Alan: compro 4 acciones mas
00:58:32 : Direct: Alan: y que se pudra
00:58:34 : Direct: Alan: el carancho
00:58:44 : Side: juandayz: compra de a 1 y espera 1 min aunque sea
00:58:52 : Direct: Alan: compre 4
00:58:55 : Side: juandayz: q por ahi bugeas el script una atras de otra
00:58:55 : Direct: Alan: jaja
00:59:00 : Direct: Alan: lel
00:59:03 : Direct: Alan: por que no me dijiste antes
00:59:12 : Side: JF: ahi dice en el cartel pobre flaca no se hace responsable por posibles perdidas 
00:59:15 : Side: juandayz: me voy a la carpa y a dormir
00:59:22 : Direct: Alan: fap fap fap
00:59:25 : Direct: Alan: con el maldito peke
00:59:35 : Side: juandayz: bucal o completo JF? cual hace mejor
00:59:39 : Direct: Alan: no te da ganas de culiar con ese tema
00:59:53 : Side: Alan: verdulero ya se la conoce de memoria
01:00:00 : Side: juandayz: jajajaajaaaajajaajajaja
01:00:02 : Side: JF: que no me vas a decir que necesitas ayuda jajajaja
01:00:03 : Side: Alan: jajajaja
01:00:11 : Side: juandayz: miraaa
01:00:15 : Side: juandayz: me mira desde afuera
01:00:24 : Side: juandayz: tiene miedo q se la rompa jajajaj
01:00:51 : Side: Alan: que no tengo
01:00:52 : Side: Alan: plata
01:00:55 : Side: Alan: hijo de pta
01:00:58 : Side: JF: dale nomas ya me prepare para observar y aprender jajajaja
01:01:43 : Side: juandayz: ohhhh asiii mamii mueva la carnaza mamasa... q dejenerado ese enano
01:01:47 : Side: Alan: jajaja
01:01:51 : Side: Alan: es un pelotudo
01:01:52 : Side: Alan: importante
01:02:03 : Side: juandayz: miralo a jf
01:02:03 : Side: Alan: me acuerdo que iva
01:02:05 : Side: Alan: a tineli
01:02:40 : Side: juandayz: mañana te agrego un puto jf para variar
01:02:44 : Side: JF: dale un minuto que se asee
01:02:49 : Side: JF: jajajajaja
01:02:59 : Side: Alan: jajajaj
01:03:06 : Side: Alan: che juan una mas fea no podias poner eh ?
01:03:15 : Side: Alan: le faltan los pelos de la nariz y completamos el carton
01:03:23 : Side: JF: y si ya te di la idea  pero no me das bola 
01:03:24 : Side: juandayz: ah cuando te crucs una cabra proba si tomo lo de cojer cabra
01:03:37 : Side: Alan: oveja
01:03:42 : Side: juandayz: tiene q ser la oveja negra
01:03:45 : Side: Alan: las oveja tienen la cachufleta de una mujer
01:04:00 : Side: juandayz: si, le puse la opcion a la oveja para cojerla
01:04:01 : Side: JF: te dije que hagas una tipo ruleta  y si perdes te sale el negro que te masaje jajaja
01:04:09 : Side: Alan: jajajajajaja
01:04:14 : Side: Alan: postaa ?
01:04:17 : Side: juandayz: si :D
01:04:20 : Side: Alan: a buscar ovejas
01:04:27 : Side: juandayz: pero la negra tiene q ser
01:04:31 : Side: JF: che para esto va enserio 
01:04:56 : Side: juandayz: si, no te acordas q el otro dia hablabamos de ponerle a la oveja la opcion
01:05:02 : Side: JF: cuando estuve convertido en zombi le hice el amor a esta flaca 
01:05:10 : Side: juandayz: :S
01:05:13 : Side: juandayz: chan
01:05:34 : Side: Alan: jajajaj
01:05:52 : Side: JF: de ahi podes agregar un mutante que te de algun premio importante si te lo encontras por ahi en el monte y lo bajas a tiro  estaria bueno
01:05:52 : Side: juandayz: bue me fui.........
01:06:05 : Side: juandayz: me qedo con tu imagen de zombi cogiendo mujeres :S
01:06:11 : Side: juandayz: jajaj chauuu
01:06:18 : Side: Alan: jjajajajajajajajajaja
01:06:21 : Side: Alan: me voy yo tambien
01:06:23 : Side: Alan: NOS VEMOS
01:06:37 : Side: Alan: me voy a dormir con mi vieja, ya veo que me agarra jf de noche
01:06:43 : Side: JF: bueno vuenos sueños jajaja ,,,ya me imagino 
01:07:07 : Side: JF: bueno buenos buenos jajajaja
01:08:19 : Side: Alan: este verdulero no deja lechuga sin remojarrr
01:09:57 : Side: Alan: gane 30k
01:10:26 : Side: JF: que locura carga este aparato jajaja, buena honda si?
01:10:39 : Side: Alan: sii jaja
01:11:24 : Side: JF: alan no tenes una lumbe que me vendas?
01:11:54 : Side: Alan: lumbe
01:11:56 : Side: Alan: que es eso
01:12:14 : Side: JF: una mochila como la que tenes vos
01:12:25 : Side: Alan: ahh nono
01:12:29 : Side: Alan: se consiguen en las misiones
01:13:01 : Side: JF: si , ya se  pero alomejor te sobraba una 
01:13:16 : Side: Alan: no no me queda ninguna
01:13:55 : Side: JF: yo por ahora no quiero hacer misiones porque ando muy devil jajajaa 
01:14:11 : Side: Alan: jaja pero no necesitas mucho para ir
01:14:20 : Side: Alan: ya me estoy llendo
01:14:24 : Side: Alan: pero mañana vamos
01:14:27 : Side: Alan: y hacemosmisiones
01:15:00 : Side: Alan: nos vemos jf
01:15:06 : Side: JF: bueno no te prometo nada pero vemos y 
01:15:18 : Side: Alan: dale
03:35:16 : Side: MaxBraian: buenas noches
03:35:44 : Side: JF: hola max
03:36:18 : Side: MaxBraian: como va ?
03:36:35 : Side: JF: todo bien y vos?
03:36:42 : Side: MaxBraian: bien
03:45:17 : Side: MaxBraian: en la cantera sacas mucho dinero ?
03:46:06 : Side: JF: si encontras las piedras si pero la verdad no se como es el asunto
03:46:22 : Side: MaxBraian: ah oka
03:46:30 : Side: MaxBraian: que es lo que se gana mas ?
03:46:41 : Side: JF: necesitas algo  
03:46:58 : Side: JF: queres un veiculo
03:47:10 : Side: MaxBraian: no estoy bien por ahora je
03:47:34 : Side: JF: pedi sin verguenza te ayudo no hay problemas
03:47:42 : Side: MaxBraian: el otro dia me cortaron las piernas pero por no menos tengo las manos no je
03:47:56 : Side: JF: jajaja
03:48:00 : Side: MaxBraian: nana no problem je
03:48:05 : Side: JF: que te paso 
03:48:51 : Side: JF: mira que se yo va en cuestion de suerte de cada uno relativo a en que se gana mas 
03:48:54 : Side: MaxBraian: laro de espicar conoses sraul y gallo ?
03:49:25 : Side: JF: -gallo me suena el otro no
03:49:46 : Side: JF: che te decia aqui esta esta nueva opcion 
03:49:48 : Side: MaxBraian: si no me acuerdo je
03:50:34 : Side: JF: y si tenes suerte se te acresenta bastante el efectivo
03:50:36 : Side: MaxBraian: ah mira 
03:51:18 : Side: JF: alla hay uno de apuesta pero yo ahi hasta ahora no he tenido suerte
03:51:55 : Side: JF: si te escucho pero no tengo mic
03:54:08 : Side: JF: claro eso tte da bronca porque por ahi lo conseguis con mucho esfuerzo
03:56:53 : Side: JF: pasa que este juego se presta mucho para eso ,por eso exixte la opcion de bandido o heroe
03:57:58 : Side: JF: pero cuando te esforzas por ser heroe despues el juego te es mucho mas facil porque tenes mejores opciones de juego
03:58:30 : Side: JF: si yo he jugado en otro server y en una ocacion me paso casi igual 
03:59:40 : Side: JF: habia juntado un monton de cosas y de las mas importantes para comenzar una base
04:00:38 : Side: JF: y mas lejos estaban unos rompebolas que se tiroteaban entre ellos mi error que deje todos mis veiculos muy juntos
04:01:05 : Side: JF: y uno de los vagos se calento porque le bajaron un heli groso
04:02:30 : Side: JF: se vino a donde vio los veiculos pensando que eran del otro vago que le tiro un bazoocaso y los destruyo a todos 
04:02:41 : Side: JF: saves la bronca . 
04:03:50 : Side: JF:  por eso yo hago siempre incapie de que los player o sea nosotros no deberiamos tirotearnos porque ya demasiado con los riesgos 
04:04:30 : Side: JF: mira por ejemplo no armes la bici porque te tira en el medio del oceano 
04:05:40 : Side: JF: si tal cual 
04:06:32 : Side: JF: ya te digo para llegar a heroe es mas dificil al principio pero despues le hagarrras la mano al juego y no parece tan dificil
04:06:37 : Side: JF: jaajaja
04:07:01 : Side: JF: necesitas una camioneta -veni
04:07:33 : Side: JF: yo colaboro
04:07:42 : Side: JF: te hacen falta materiales
04:09:20 : Side: JF: veni es tuya
04:09:41 : Side: JF: no hay drama 
04:09:53 : Side: JF: tomala con confianfa
04:10:06 : Side: JF: la llave esta en la caja
04:10:41 : Side: JF: el camion usalo para almacenar y no lo muevas a menos que sea necesario
04:11:06 : Side: JF: no -me deves nada-
04:11:41 : Side: JF: esta es una de las que mejor traccion tiene como todo terreno .
04:12:00 : Side: JF: podes cortar campo sin problemas 
04:12:14 : Side: JF: es mas rapida que el cuatri 
04:12:45 : Side: JF: y no consume tanto combustible, por eso amigo anda tranquilo jeje
04:13:05 : Side: JF: che , este server es tranqui 
04:13:24 : Side: JF: pero hay que tener cuidado de cierta gente que esta aveces
04:14:09 : Side: JF: una es pampita cuidate es de terror 
04:14:35 : Side: JF: claro viste eso no se hace 
04:15:33 : Side: JF: yo casi siempre me manejo solo porque es dificil , en realidad tengo algunos de confianza pero por que ya nos conocimos desde hace bastante
04:15:57 : Side: MaxBraian: claro
04:17:25 : Side: JF: que mochila tenes ?
04:17:42 : Side: JF: veni
04:17:54 : Side: JF: aca hay una tomala
04:21:20 : Side: JF: veni
04:22:07 : Side: JF: ah esta es una de esas 
04:22:18 : Side: JF: agarrala si la queres
04:23:11 : Side: JF: y guardala el la suv eso si cuando la cargues no la guardes cargada porque cuando se reinicia el juego se pierde lo que hay dentro
04:29:47 : Side: JF: hey max me olvide preguntarte de donde sos
04:30:12 : Side: MaxBraian: de arg
04:30:27 : Side: MaxBraian: buenos aires-bahia blanca
04:31:07 : Side: MaxBraian: vos ?
04:31:50 : Side: JF: ah mira bahia blanca , estuve hace mucho por ahi conozco medio de paso va conocer casi nada pero estuve jejje
04:32:06 : Side: MaxBraian: ah bien je y te gusto je
04:32:30 : Side: JF: yo de entre rios cerca de parana gral ramirez
04:33:12 : Side: MaxBraian: ah 
04:33:25 : Side: MaxBraian: tengo unos pariente por ahi
04:33:52 : Side: JF: el lugar esta bueno y unas pendeja terribles habia me acuerdo jaja lo que me mato el frio 
04:34:04 : Side: MaxBraian: ajjaa
04:34:46 : Side: JF: la unica solucion tomarse unos wiskardos jeje
04:39:24 : Side: MaxBraian: almadena es el martillo no ?
04:39:43 : Side: JF: si
04:40:03 : Side: MaxBraian: ah oka
04:40:40 : Side: JF: ahi te deje un arma
04:40:56 : Side: MaxBraian: bueno gracias je
04:48:24 : Side: MaxBraian: que haces je
04:48:47 : Side: JF: una pprovicion de medicina 
04:49:06 : Side: MaxBraian: veo gracias de nuevo je
04:54:22 : Side: JF: te digo por las dudas no sepas no dejes los veiculos dentro de esta zona de trader porque te los mueve a una distancia de 200 m 
04:54:38 : Side: JF: y por ahi se pone dificil allarlos
04:55:07 : Side: MaxBraian: ah je
04:55:58 : Side: JF: ni tampoco los dejes enganchados porque lo mas probable que te desaparezca uno o ls dos
04:57:17 : Side: MaxBraian: nos vemos jf eh como te llamo je
04:57:48 : Side: JF: si esta bien mi nombre real es jorge
04:58:11 : Side: JF: jf esta bien jeje 
04:58:21 : Side: MaxBraian: ah oka nos vemos jorge, que descance y gracias por todo je
04:59:00 : Side: JF: igualmete buendescanso , que lo tiro como pas ala hora aqui jaja
04:59:34 : Side: MaxBraian: se mal nv je
18:43:43 : Side: juandayz: hola gente
19:22:41 : Side: Juan: Admin estas disparando vos?
19:22:52 : Side: juandayz: mi sobrinito, si
19:23:03 : Side: Juan: jajajaj que genio
19:23:59 : Side: juandayz: perate q lo saco al bosque a ver si mata alguno :D
19:24:26 : Side: Juan: Jajajajaj que no nos dispare a nosotros nomas y todo bien
19:25:09 : Side: juandayz: aajaj no entiende tiene 2 años y medio, apreta el mouse y la flecha no mas,, ahi lo saqueal bosque
19:31:50 : Side: Alan: buenas
19:31:56 : Side: Juan: buenas maestro
19:36:30 : Side: Alan: esta cara de japi
19:36:35 : Side: Alan: quiere que le traiga un pollo
19:36:40 : Side: Juan: JAJAJAJAJA
19:36:43 : Side: Juan: conchudaw
19:36:49 : Side: Alan: jaja es una hdp
19:40:40 : Side: Alan: encima me garco los pollos
19:40:48 : Side: Juan: JAJAJAJAJA
19:40:53 : Side: Juan: basta chabon
19:40:55 : Side: Totoasd: rulo_
19:40:59 : Group: Juan: me haces reir
19:41:04 : Side: Juan: me haces reir
19:41:10 : Side: Alan: jajaja esta culia no me dijo nada
19:41:26 : Side: Totoasd: ah la de la informaicion
19:41:39 : Side: Alan: jaja no soy el unico que lo cago jaja
19:42:04 : Side: juandayz: jajjajaj alan pedazo de despistado, te da unas coord por texto donde hay una mision oculta :D
19:42:21 : Side: Totoasd: mira q groso
19:42:53 : Side: Alan: jaja donde esta las 2 misiones ocultas
19:42:57 : Side: Alan: ya le di 2 pollos
19:44:04 : Side: juandayz: te dice ella las coord sobre q le das el pollo, espera unos 5 seg y te las dice, igual una vez q le pediste la info hasta pasados 15min no te da otra 
19:44:35 : Side: Alan: no me dio nada esta cara de verga, se atoro con el 2do pollo
19:44:46 : Side: juandayz: jajaja
19:45:34 : Side: Alan: ahh juan esta vez yo no perdi el ural
19:45:39 : Side: Alan: lo deje afuera del mercado
19:45:43 : Side: Alan: cuando desloguie ayer
19:45:45 : Side: Alan: y ya no esta
19:46:06 : Side: juandayz: no se hay como 9 camiones afuera
19:46:15 : Side: Alan: si este es el mio pero 
19:46:18 : Side: Alan: me dice q no tengo las llaves
19:46:34 : Side: Alan: anda kristina por el server !!!!
19:47:01 : Side: juandayz: yo diria moyano
19:47:09 : Side: juandayz: con la cantidad de camione
19:47:13 : Side: Alan: jajaja
19:48:15 : Side: Alan: veni moyano arreglame esto, que sino tengo que ir a pata
19:48:56 : Direct: Alan: ESTE SERIA
19:49:05 : Direct: Alan: ACA LO HABIA DEJADO
19:49:11 : Direct: juandayz: fijate si es
19:49:17 : Direct: Alan: ya me fije
19:49:19 : Direct: Alan: no es
19:49:40 : Direct: juandayz: no los dejes aca bla 
19:49:54 : Direct: Alan: pero si esta a 200 metros
19:49:57 : Direct: Alan: de la salada
19:50:16 : Direct: Alan: una pinta del padre ignacio tenes
19:50:26 : Direct: Alan: este si es
19:50:34 : Direct: juandayz: llevate ese
19:50:57 : Direct: Alan: tengo mas llaves
19:51:00 : Direct: Alan: que coins
19:51:11 : Direct: Alan: encima nose cual para q auto
19:51:20 : Direct: juandayz: :d voy al kiosco
19:52:32 : Side: Alan: estuve jugando takistan life 1 hora y 59 minutos preso estuve
19:52:43 : Side: Alan: es mas dificil que la mierda
19:59:15 : Side: Alan: quien esta en la mision ?
20:06:57 : Direct: juandayz: te van a bajar la gorra
20:07:05 : Direct: Alan: ayudame jaja
20:08:17 : Direct: juandayz: 2 menos. ahi te ayud :D
20:08:22 : Direct: Alan: son 40
20:08:23 : Direct: Alan: hdp
20:10:45 : Direct: juandayz: estan 
20:10:52 : Direct: juandayz: no veo otros
20:10:57 : Direct: Alan: NONO FALTAN
20:11:02 : Direct: Alan: ESTAN POR LA DERECHA
20:11:10 : Direct: juandayz: aya 
20:11:16 : Direct: juandayz: izq del arbol
20:11:24 : Direct: Alan: hay 300 arboles
20:11:30 : Direct: juandayz: el del centro bola
20:11:48 : Direct: juandayz: bue no tenfo mas amo
20:12:02 : Direct: Alan: noo
20:12:04 : Direct: Alan: cargateee
20:12:12 : Direct: juandayz: tenfo q usar la ak
20:12:19 : Direct: Alan: dispara
20:12:57 : Direct: juandayz: :D
20:13:08 : Direct: juandayz: listo
20:13:15 : Direct: Alan: ESTAS SEGURO VOS ?
20:13:20 : Side: JF: BUENAS GENTE COMO ESTAN UDS?
20:13:25 : Direct: juandayz: si no viste  q te dio el mensaje
20:13:30 : Direct: juandayz: y se borro la mision
20:13:31 : Direct: Alan: q mensaje ?
20:13:41 : Direct: juandayz: de q completaste la mision
20:13:44 : Side: Alan: hola queridoo
20:13:47 : Direct: Alan: en q momento
20:13:49 : Direct: Alan: no vi eso
20:14:18 : Side: juandayz: mira qien vino :O el q spawnea como zombie para ver q se siente estar con la prostituta :D
20:14:27 : Side: Alan: jajaja vamoo las puta carajo
20:14:30 : Side: JF: Alan todo bien 
20:14:33 : Side: Alan: verdulero toca pepino
20:14:42 : Side: Alan: jaja todo bien genio y vos
20:14:51 : Direct: juandayz: anda buscar las cosas bola
20:14:55 : Direct: Alan: VENI TENGO MIEDO
20:15:29 : Side: JF: che no veiron la oveja de juan hola juancito querido me prestas la ovivora
20:15:38 : Side: JF: jajajaja
20:15:42 : Side: juandayz: jf vos sos el q colecciona camiones al rededor del trade ? 
20:15:45 : Side: Alan: jajaja cuidadoo te ve como oveja
20:15:51 : Side: Alan: yo no quiero decir nada pero en 1 hora tenes algo roto
20:15:57 : Side: Alan: y no va hacer la oreja
20:16:11 : Side: JF: jajajaaaa 
20:16:53 : Direct: juandayz: como van?
20:18:23 : Side: JF: no ahora tengo uno solo en el monton los otros no se de quienes son otros se quedaron cerrados 
20:19:54 : Side: JF: ahora si el admin tiene la amabilidad de abrirlos y entregarmelos no me ofenderia ni en dope 
20:21:22 : Side: Alan: le tenes que poner coins juan
20:21:24 : Side: Alan: a los ia
20:21:34 : Side: juandayz: bueno
20:21:40 : Side: Alan: tan facil sos ?
20:22:23 : Side: JF: que haces juan ?
20:22:41 : Direct: juandayz: hello
20:23:16 : Side: JF: che enserio si los queres limpiar limpialos a los camiones porque son de vidas pasadas y estan bloqueados
20:23:23 : Direct: juandayz: ahi tenes un trade nuevo q te da misiones
20:24:32 : Side: JF: salvo un kanvaz de estos que esta mas cerca del lado derecho ese seria el actual 
20:27:59 : Direct: juandayz: te verngo a saludar
20:28:10 : Direct: juandayz: soy el adm
20:28:38 : Side: juandayz: dios esta gente
20:28:51 : Side: Juan: ES UN BOLUDO
20:29:08 : Side: Juan (2): cállense que los mato a todos, putos
20:29:10 : Side: Alan: jajajaja
20:29:44 : Side: Juan (2): perdoname adm, sos un lindo no te quería matar
20:29:51 : Side: Juan (2): pero esa aks estaba muy tentadora
20:30:51 : Side: juandayz: bue, bienvenido de todas formas
20:31:02 : Side: Juan (2): gracias, perdoná que te maté
20:31:35 : Side: juandayz: naa me conquistaste cuando me dijsite lindo, si era otro adm te banea a la mierda. jajajaaj
20:31:53 : Side: juandayz: ¬¬ q no se repita
20:31:57 : Side: Juan (2): jajajajjajajaja
20:31:58 : Side: Juan (2): dale
20:32:01 : Side: juandayz: :D
20:32:05 : Side: Alan: matame a mi y te meto el dedo gordo en el culo
20:32:09 : Side: Juan (2): soy amigo del toto igual, él es responsable de mis acciones
20:32:18 : Side: Totoasd: eh?
20:32:22 : Side: Totoasd: este quien es?
20:32:42 : Side: juandayz: jajaj ni cargo el toto
20:32:48 : Side: Juan (2): me cagów
20:37:52 : Side: Juan (2): bandidos muertos: 1
20:38:56 : Direct: juandayz: te voy a prohibir la entrada al mercado central jf
20:39:14 : Side: JF: ja por que 
20:39:28 : Side: JF: no se puede comerciar aqui
20:41:15 : Side: Juan (2): w
20:42:25 : Side: JF: vos pusite la carpa del pecado y ahora me queres prohivir la entrada que amigo he jaja
20:43:07 : Side: juandayz: enseguida le voy a poner que si sos vos te cobre mas caro
20:45:41 : Side: JF: todo sea por una alegria!!! 
20:48:58 : Side: Juan (2): w
20:55:16 : Side: Juan (2): your welcome
20:55:30 : Side: Juan (2): don't kill da server b0ss
20:56:19 : Direct: Juan (2): can i have the pussy b0ss
20:58:57 : Side: Totoasd: juan no me deja deslogear
20:59:04 : Side: Totoasd: me dice que tengo que esperar
20:59:07 : Side: Totoasd: por el inv
20:59:12 : Side: Totoasd: me kickeas?
20:59:25 : Side: Totoasd: nada ya esta
21:09:04 : Side: Juan: Que es juliet 404?
21:16:37 : Group: Juan: que tal leo
21:16:38 : Group: Juan (2): al toke perri
21:47:21 : Side: magfag69: boeenooo
21:54:32 : Side: Juan (2): votequique
22:03:46 : Side: JF: como andan chicos
22:04:15 : Side: Loly: bien
22:06:41 : Side: Juan: que es luliet 404?
22:07:17 : Side: Juan: -
22:07:23 : Side: Juan: jodido?
22:07:35 : Side: Juan: jajajajaja
22:07:55 : Side: Juan (2): yo soy el verdadero Juan. este es un impostor
22:08:04 : Side: JF: necesitan ayuda?
22:08:12 : Side: Juan (2): aiuudaaaaaa
22:08:13 : Side: Loly: nope
22:09:03 : Side: Alan: y si en el ts no ay nadie
22:09:41 : Side: Alan: jajaja
22:10:05 : Side: Alan: pero si no salis del canal adm imposible comunicarte algo
22:10:08 : Side: Alan: jajaja
22:10:12 : Side: Alan: presiento mi kick
22:10:15 : Side: Alan: en cualquier momento
22:11:19 : Side: Alan: pero culiao
22:11:21 : Side: Alan: te pedi ayuda
22:11:26 : Side: Alan: y no sales de tu canal
22:11:59 : Side: magfag69: loco por donde andan ?
22:12:08 : Side: Alan: EN ESE PUTO CANAL ESTUVE TODO EL DIA AYER
22:12:12 : Side: Alan: NI EL PUTO LORO VINO
22:12:54 : Side: Alan: juan nunca esta en ts
22:12:59 : Side: Alan: tienes que ponerle los puntos
22:13:06 : Side: Alan: no quiere mostrar su voz femenina
22:13:21 : Side: Alan: jajajaja es un gobernado
22:13:52 : Side: Alan: jf llega a entrar a ts
22:13:54 : Side: juandayz: ahora desde q le lavo la bombacha no me pega mas
22:13:55 : Side: Alan: y salimos todo
22:14:05 : Side: Alan: jajajajajja
22:14:19 : Side: JF: ya presentia algo de eso por eso tanto cariño con la oveja jaja
22:14:23 : Side: Alan: jajaja
22:14:31 : Side: magfag69: desaparecen los vehiculos de las misiones ?
22:14:37 : Side: juandayz: si mag
22:14:43 : Side: Juan (2): che este server es demasiado machista. hay como 20 models de hombres y solo 4/5 de mujer
22:14:50 : Side: Juan (2): la patriarquía
22:15:13 : Side: Juan (2): ay :3
22:15:15 : Side: Alan: jajajaja
22:15:27 : Side: Alan: hay tenes para elejir
22:15:28 : Side: JF: che eso te iva a decir ayer no hay ni una sola zombi hembra loco donde se fueron
22:15:40 : Side: Alan: la mujer d ejuan la ujer de chukyn y las 2 ovejas de jf
22:15:45 : Side: juandayz: vos sos un satiro jf
22:15:45 : Side: Alan: que se las culea en la verduleria
22:16:08 : Side: JF: jajaaaaajajaaja che que hay niñas aqui 
22:16:10 : Side: magfag69: alguno q necesito un lift we
22:16:21 : Side: Juan (2): COMO ME VAS A DECIR ESO YO SOY TRANSGENERO FtM PANSEXUAL POLYAMORY QUE DETESTA LA HETERONORMATIVIDAD CAPITALISTA ANGLOSAJONA
22:16:42 : Side: Alan: especteen a jf que andaba buscando la oveja negra desde ayer
22:16:46 : Side: Alan: jajajaja
22:16:47 : Side: Juan (2): na
22:16:49 : Side: juandayz: hay 3 generos no mas, hombre , mujer y puto
22:17:06 : Side: Juan (2): y juandayz
22:17:19 : Side: juandayz: jaajajaj este re confianzudo
22:17:39 : Side: Juan (2): no me maten plox
22:18:04 : Side: magfag69: donde andan
22:18:09 : Side: magfag69: wanna do some friends
22:18:16 : Side: magfag69: :$$
22:18:32 : Side: Juan (2): dale
22:18:40 : Side: Juan (2): con mucha personalidad y desafío me la banco
22:19:43 : Side: juandayz: andas solo no mas mag?
22:19:53 : Side: magfag69: se
22:20:10 : Side: magfag69: son los del mercado?
22:20:16 : Side: Juan (2): al tok
22:20:29 : Side: juandayz: ahi lo tenes a Jf q tiene un miedo de salir del mercado, vive aca adentro capaz q con vs se anima a salir
22:20:29 : Side: Juan (2): un helicocktero
22:20:40 : Side: magfag69: si no me lo roban bajo
22:21:02 : Side: magfag69: jejej
22:21:40 : Side: magfag69: no tengo monea
22:21:47 : Side: magfag69: me lo limpia?
22:21:49 : Side: JF: cuidado que se cae eeeee
22:21:56 : Side: juandayz: esa cosa olvidate q te la compra el trtade
22:22:49 : Side: magfag69: told ya i would find u untrue
22:22:53 : Side: magfag69: jajaja
22:23:23 : Side: magfag69: barely
22:23:46 : Side: Juan (2): EY NAZ, U FAG
22:23:46 : Side: magfag69: soy el naz
22:25:29 : Side: Juan: Admin te puedo ahcer una pregunta mas?
22:25:48 : Side: magfag69: NAILED IT
22:26:05 : Side: Alan: HACE LOCO SIN MIEDO
22:26:12 : Side: magfag69: JAJA
22:27:33 : Side: Juan: che juan...una consulta estas?
22:27:39 : Side: juandayz: si
22:27:52 : Side: Alan: ya esta
22:27:53 : Side: Alan: dijiste 1
22:28:03 : Side: Juan: En juliet hay un blindado lockeado...puede ser que las lalves la tenga algun cuerpo?
22:28:21 : Side: juandayz: no, es addon nada mas ese vehiculo
22:28:31 : Side: Juan: ah barbaro...grax
22:28:33 : Side: juandayz: osea esta al pedo
22:28:45 : Side: Alan: como pinchila de jf
22:28:55 : Side: pelado: buenas. alguien me dice que se hace en el quiosco..?
22:29:18 : Side: juandayz: ?
22:29:21 : Side: JF: ha muy lindo lo tuyo amigo jajajaa
22:29:33 : Side: pelado: encontre uno y no salta ninguna accion.
22:29:36 : Side: Alan: jaja tequiero amigoo
22:29:43 : Side: juandayz: a ver donde estas
22:30:11 : Side: juandayz: ah ok mira
22:30:23 : Side: JF: si ya me di cuenta cuando me fritaste con el heli jajajajaa
22:30:26 : Side: juandayz: eso es una parada del vendedor ambulante
22:30:38 : Side: juandayz: fijate q hay un circulo azul  q se mueve por e mapa
22:30:54 : Side: pelado: aaaaaaaaaaaaaa listo.!
22:31:02 : Side: pelado: gracias 
22:31:10 : Side: juandayz: ese circulo son los vendedores ambulantes q paran en cada "quiosco" o circulo verde en el map
22:31:25 : Side: juandayz: estan 5 min en cada parada y siguen a la proxima
22:32:02 : Side: juandayz: ahora mismo estan en la parada de pavlovo si te fijas
22:32:09 : Side: JF: es broma jajaja yo tambien te quiero 
22:32:23 : Side: Juan (2): yo también los quiero chiquis
22:33:15 : Side: JF: pero ni en pedo subo de nuevo a un heli con vos de pilot jajaajjajaa
22:33:29 : Side: Alan: jajajaja
22:33:37 : Side: magfag69: holis
22:34:41 : Side: JF: jaajajaaa  no puedo es lo unico que tengo 
22:38:19 : Direct: juandayz: en q andaras vos jf
22:38:40 : Direct: magfag69: jkf was an inside job we
22:38:56 : Side: JF: compra venta bonos y otras yerbas
22:39:05 : Side: magfag69: jet fuel cant melt steam beams
22:39:35 : Side: Juan (2): STEEL BEAMS CANT FUEL JET MELT
22:40:27 : Group: magfag69: KI ONDA
22:40:28 : Group: Loly: -
22:40:33 : Group: magfag69: AIUDA
22:40:49 : Side: Juan (2): AIUDAAAAAAAA
22:40:54 : Side: Alan: q te paso
22:41:05 : Side: Juan (2): esto se va a descontrolaaaa
22:44:37 : Side: JF: ehy juan que lastima que sacaste el otro pozo de agua este esta contaminado
22:45:09 : Side: juandayz: te podes armar uno en tu base si queres conn cinder
22:45:29 : Side: juandayz: lastima q sos tan croto q ni base tenes, vivis en un camion afuera del trade :D
22:46:08 : Side: JF: jajajaaaajajaaaaa es lo que dejo cristina 
22:46:20 : Side: Juan (2): thx cristina
22:46:20 : Side: Alan: jajajaja
22:46:23 : Side: juandayz: jajaja
22:48:53 : Side: JF: ya de a poco me voy enderezando dijo el rengo y tenia el tirador prendido en el calzoncillo
22:54:19 : Group: Juan (2): naz me tirás antibióticos
23:00:07 : Direct: juandayz: hola chicos, todo bien? alguna duda?
23:00:22 : Direct: pelado: no entendemos nada... jajaja
23:04:08 : Side: pelado: Ok ADM. gracias.-
23:04:24 : Side: ChukyN: hello.. its me!
23:06:25 : Side: Juan: Che admin porque en todas las misiones los npc estan muertos?
23:06:52 : Side: Juan: nop
23:07:28 : Side: Juan: Bandidos ural 
23:08:14 : Side: Juan: habia un tipo vivo...lo matamos y la temrinamos
23:08:28 : Side: Juan: Pero estaban todos muerots y bue....ningun player cerca
23:09:42 : Side: Juan: jajajajaja
23:10:03 : Side: Alan: e.e
23:10:18 : Side: JF: che juan ese misilaso era para mi porque hiciste mierda la torre de control
23:10:46 : Side: juandayz: jaja q me culpas a mi
23:10:58 : Side: juandayz: es el pelotas de trapo de chuky
23:11:34 : Side: ChukyN: Si juan no puede volar ni un littlebird
23:11:48 : Side: JF: y por que revienta el trade no es que es zona neutral
23:11:52 : Side: Alan: chukyn
23:12:00 : Side: Alan: me metieron preso en el taliskan
23:12:09 : Side: ChukyN: jajjaja
23:13:17 : Side: juandayz: corres rata
23:13:31 : Side: Alan: jajaja
23:13:34 : Side: ChukyN: con el ultimo me la pusiste puto
23:13:55 : Side: juandayz: creo q pelado probo la ruleta rusa
23:14:57 : Side: juandayz: jaja deja de joder chuky
23:15:11 : Side: JF: oh pero se enloquecuieron che 
23:15:13 : Side: ChukyN: no me gusta esa torre lo que pasa
23:15:51 : Side: JF: el otro dia por mucho menos los garcaron a los brasileros 
23:16:12 : Side: ChukyN: no, yo no destrui ningun vehiculo de nadie
23:16:12 : Direct: juandayz: hola upham 
23:16:14 : Side: ChukyN: ni mate a nadie
23:17:19 : Direct: juandayz: lol
23:17:28 : Side: ChukyN: forro
23:17:33 : Side: juandayz: ajajajajajajaaajajaja
23:18:30 : Side: Negroqueroba: que gran trabajo han hecho con el server
23:18:44 : Side: Alan: gracias
23:18:50 : Side: Alan: jajajaja
23:18:55 : Side: juandayz: si alan te pasaste loco la verdad
23:18:59 : Side: JF: jaaaajajajajajaa 
23:19:02 : Side: Alan: gracias muchachos
23:19:07 : Side: Alan: todo sea por el vicio de ustedes
23:19:09 : Side: ChukyN: Horas de trabajo de Alan
23:19:17 : Side: juandayz: un groso
23:19:28 : Side: Negroqueroba: ahora nosotros tendremos que invetir horas de vicio
23:19:45 : Side: Negroqueroba: como fomra de agradecimiento
23:19:46 : Side: juandayz: sip!
23:20:00 : Side: JF: estos dos estan peor que los worm mayom aki es un desastre
23:20:32 : Side: ChukyN: español JF
23:21:08 : Side: JF: los gusanos que se matan no conoces ese juego jaajja
23:21:26 : Side: juandayz: habla como dora la exploradora este jf aveces pienso q es venezolano
23:22:03 : Direct: juandayz: van entendiendo algo upham, pelado?¿
23:22:06 : Side: JF: jaajjaaa chavista op
23:22:47 : Direct: Upham: la verdad no me cague de risa con el burdel jajaja
23:22:52 : Direct: juandayz: jajajaj
23:23:03 : Direct: juandayz: mira pelado se gano 100 en la ruleta
23:23:10 : Direct: juandayz: se murio por goloso
23:23:25 : Direct: Upham: jajajajaja
23:23:26 : Side: JF: jaajajaaaajajaaa lo veo como cae
23:23:36 : Direct: juandayz: fijate upham
23:23:47 : Direct: juandayz: q tenes juego de apuestas tambien
23:23:57 : Direct: juandayz: bue
23:24:03 : Side: Negroqueroba: que es lo de Control Tanga que sale abajo?
23:24:19 : Side: Negroqueroba: parece el nombre de una banda de cumbia villera
23:24:23 : Side: juandayz: jajaja tanga :D 
23:24:37 : Side: juandayz: es un puesto del ejercito, donde hay bots
23:24:48 : Side: juandayz: seria como un paso fronterizo o algo asi
23:25:03 : Side: Negroqueroba: that copado
23:25:11 : Side: JF: que los pario se pusieron a bombardear justo cuando estaba con la negra en la carpa y perdi la concentracion ahora tendre que pagar de nuevo jajaja
23:25:32 : Side: pelado: maldita ruleta.. -.-"
23:25:35 : Side: juandayz: ta toda sucia la prostituta esa ya Jf no la quiere nada
23:25:40 : Side: juandayz: nadie
23:25:47 : Side: Negroqueroba: te pelo_
23:26:00 : Side: juandayz: pelado, cuando ganas la ruleta rusa, te da un maletin en el inventario
23:26:11 : Side: juandayz: eso lo canjeas por monedas
23:26:17 : Side: JF: jajajajaaaa 
23:26:21 : Side: pelado: seeeee, pero me endulse y segui... y lo perdi ajajaj
23:26:31 : Side: Negroqueroba: ahora si esta pelado
23:26:40 : Side: juandayz: si me di cuenta, hay un juntadero de fiambres en la ruleta
23:26:50 : Side: pelado: xD
23:27:00 : Side: juandayz: tenes para apostar en la ruleta normal tambien, es mas seguro por ahi
23:27:27 : Side: Negroqueroba: quien tiene un Boing 777_
23:27:40 : Direct: juandayz: si no tambien podes commprar bonos y acciones
23:27:42 : Side: JF: que desastre que dejaron jeje
23:27:51 : Direct: juandayz: te van a dar dinero cada x tiempo
23:28:00 : Direct: pelado: la miercole..
23:28:05 : Direct: pelado: todo un negocio.
23:28:16 : Direct: juandayz: tambien tenes un trade q te da misiones ocultas :D
23:28:24 : Direct: juandayz: y una gitana q te lee la suerte
23:28:27 : Direct: pelado: apa donde esta ese.!
23:28:34 : Direct: juandayz: veni
23:28:34 : Direct: pelado: el de las misiones ocultas....?
23:28:53 : Direct: juandayz: te pide un pollo acambio y te da unas coord de una caja con cosas
23:29:06 : Direct: juandayz: pedir info mision
23:29:08 : Direct: pelado: aja!
23:29:11 : Direct: pelado: tamos.
23:29:26 : Direct: pelado: juju
23:29:37 : Direct: juandayz: te pide q le compres un polloo 
23:29:39 : Direct: pelado: el tema bases, hay que construirlas como siempre..?
23:29:43 : Direct: juandayz: si
23:29:45 : Side: magfag69: corre cagon
23:29:51 : Direct: pelado: barbaro.-
23:29:52 : Direct: juandayz: pero hay muchas mas cosas para construir
23:30:05 : Side: Alan: 3 contra 1
23:30:05 : Direct: juandayz: pdes criar animales y sembrar tambien
23:30:07 : Direct: pelado: todo eso donde esta juan...?
23:30:08 : Side: Alan: mate 1 q mas queres
23:30:14 : Side: Alan: tampoco soy rambo jaja
23:30:22 : Direct: juandayz: fijate q cuando spawneas tenes un libro
23:30:32 : Direct: juandayz: si le haces click derecho tenes toda la info
23:30:38 : Direct: pelado: aja. aca esta.
23:31:24 : Direct: pelado: gracias juan. !
23:32:52 : Direct: ChukyN: yo le doy a la pendeja
23:32:53 : Direct: pelado: juan
23:33:04 : Direct: pelado: donde se cambia el dinero por monedas..?
23:33:11 : Direct: ChukyN: aca
23:33:30 : Direct: pelado: gracias chuk.
23:53:32 : Group: Negroqueroba: a la mierda... me lleve a 3 y 
23:53:50 : Side: Alan: jaja se estan muriendo todos
23:53:54 : Side: Alan: que carajo les esta pasando
23:55:40 : Side: Negroqueroba: a la mierda... me lelve a 3 y habia otro mas..
23:55:47 : Side: Negroqueroba: estan todos juntos?
