01:35:23 : Direct: Paez 420: hey donde venden bolsas de sangre?
01:37:00 : Direct: Paez 420: gracias, donde las venden?
03:16:21 : Direct: Leyva: subete aca
03:27:56 : Direct: Leyva: nomas hay espacio para llaves creo
03:28:18 : Direct: Leyva: mk16 mk4 cq/t
13:46:13 : Direct: santiago: ADMIN
13:46:17 : Direct: juandayz: q onda
13:46:27 : Direct: juandayz: perdiste tu cuerpo
13:46:42 : Direct: santiago: MORI Y CUANDO SALI MI CUERPO NO ESTABA PERO EL CARO SI
13:46:56 : Direct: juandayz: moriste adentro de un auto?
13:47:02 : Direct: santiago: ME UEDES AYUDAR
13:47:05 : Direct: santiago: ?
13:47:32 : Direct: juandayz: si moriste adentro del auto, el cuerpo esta debajo del auto tcnicamente
13:47:43 : Direct: juandayz: si sabes donde esta tu cuerpo, te puedo ayudar, si
13:47:54 : Direct: santiago: Y ANOCHE UNOS TIPOS ME ROBARON EL SNIPER DEL CARRO Y NO DEJABAN ARRANCAR HACIA DELANTE
13:47:59 : Direct: santiago: MORI AFUERA
13:48:05 : Direct: Jose Luis: juan
13:48:18 : Direct: juandayz: teners el cuerpo marcado en el map?
13:48:21 : Direct: juandayz: hola jose
13:48:49 : Direct: santiago: COMO TE DIGO NO RESALTABA Y FUI POR Q SABIA DONDE FUE Y NADA PERO EL COCHE SI ESTABA 
13:49:17 : Direct: juandayz: y el server reinicio? despues de eso
13:49:27 : Direct: juandayz: por q si reinicio se perdio el cuerpo
13:49:30 : Direct: santiago: SI 
13:49:33 : Direct: santiago: POR ?
13:49:59 : Direct: santiago: PENSE Q AUNQUE REINICIARA LA MARCA NO SE PERDIA
13:50:06 : Direct: juandayz: cuando reinicia el server, se borran todos los cuerps, eso pasa en tlodos los servers
13:50:38 : Direct: santiago: FALTABAN 15 MIN MIENTRAS LLEGABA Q AUN NO MARCABA Y SE REINICIO
13:51:03 : Direct: juandayz: bue, olvidate, el cuerpo lo perdist...
13:51:10 : Direct: juandayz: que tenias de valioso
13:51:18 : Direct: santiago: AYUDAME PORFAVOR ESTABA ARMADO HASTA LOS DIENTES CON HMVE Y TODO
13:51:29 : Direct: juandayz: te ayudo por esta vez,. por q no sabias q se pierde en el restart
13:51:51 : Direct: santiago: ES DECIR Q TENGO Q AYAR MI CUERPO ANTES DEL REINCIO?
13:51:53 : Direct: juandayz: pero tenelo en cuenta a eso, tanto aca como en cualquier otro server, las cosas se pierrden
13:51:59 : Direct: juandayz: exacto
13:52:13 : Direct: santiago: OK 
13:52:18 : Direct: juandayz: lo mismo pasa con los vehiculos q estan enganchados los unos con los otros
13:52:26 : Direct: juandayz: o las cosas q estan en el piso
13:52:36 : Direct: santiago: OK
13:52:47 : Direct: juandayz: queres los items, o el dinero para comprarlos?
13:53:09 : Direct: santiago: DAME EL MALETIN GRANDE Y ME DAS EL DINERO PARA GUARDARLOS
13:53:19 : Direct: santiago: CON ESO COMPORO LO QUE TENIA
13:53:26 : Direct: juandayz: el maletin grande es la mochila no?
13:53:44 : Direct: santiago: SI MOCHILA Y AHI GUARDO LO QUE ME DES
13:54:32 : Direct: juandayz: ahi te deje santi
13:55:03 : Direct: santiago: TIENES LA MOCHILA GANDE ESO NO ME CABE
13:55:08 : Direct: Jose Luis: juan
13:55:12 : Direct: juandayz: ahi esta la mochila
13:55:21 : Direct: juandayz: eu
13:55:29 : Direct: Jose Luis: la vez pasada se espawneo una mision justo
13:55:34 : Direct: santiago: NO NO ESTA
13:55:41 : Direct: Jose Luis: al lado de donde estaba en mi heli y me mataron despegando y memataron unas 6 veces
13:56:04 : Direct: Jose Luis: perdi algunas cosas no todo lo recupere
13:56:12 : Direct: juandayz: donde estaba tu heli?
13:56:30 : Direct: Jose Luis: incluyendo un little y uno de los mas baratos
13:56:33 : Direct: juandayz: ahi esta la mochila santi, no la vers?
13:56:34 : Direct: Jose Luis: te marco en mapa
13:56:36 : Direct: santiago: JUAN DAME MAS MALETINES QUE ESO SOLO ME ALCANZA PARA LAS ARMAS Y HMVE
13:56:41 : Direct: juandayz: pero para
13:56:47 : Direct: juandayz: quien te mato?
13:56:58 : Direct: santiago: NO LA VEO
13:56:59 : Direct: Jose Luis: los soldados
13:57:10 : Direct: juandayz: ahh bueno, esta bien entonces
13:57:17 : Direct: juandayz: oseaa.. parte del juego :D
13:57:31 : Direct: Jose Luis: jajaja pero como me van a poner la mision junto
13:57:37 : Direct: juandayz: el unico lugar q esta mal q te maten es aca y en el radio de 200mts
13:57:56 : Direct: juandayz: jajaj y bue eso es random jose luis.. lo decide la IA
13:58:05 : Direct: Jose Luis: pues me re cago la ia
13:58:09 : Direct: santiago: JUAN NADA
13:58:19 : Direct: santiago: DAME MAS MALETINES YO LO COMPRO
13:58:31 : Direct: santiago: SI ERES TAN AMABLE
13:58:43 : Direct: juandayz: jajajaja ahhh ahh te olvidabas del por favor :d
13:58:51 : Direct: santiago: PORFAVOR
13:58:58 : Direct: santiago: OBVIO
13:59:16 : Direct: santiago: SI MAMA
13:59:26 : Direct: juandayz: venis al airfeld jose luis'
13:59:43 : Direct: juandayz: yo pongo las armas y el transporte 
13:59:54 : Direct: santiago: YO VOY JUAN PERO ESPERATE YO ME ARMO
14:00:06 : Direct: juandayz: el botin, si hacen las misiones es de ustees
14:00:17 : Direct: Jose Luis: entonces digamos que perdi las armas y el dinero que tenia en el bolsillo
14:00:19 : Direct: Jose Luis: asi nomas
14:00:26 : Direct: santiago: YO QUIERO IR ME PEGO AL PASEO
14:01:00 : Direct: juandayz: pero yo q puedo hacer jose luis, osea no es culpa del server ni mia q te spawne la misioon al lado, es asi en todos lados eso
14:01:02 : Direct: Jose Luis: ni hablar del little bird
14:02:10 : Direct: juandayz: bue voy a armar el heli con las armas adentro para ir al airfield
14:02:26 : Direct: santiago: OLLE JUAN
14:02:40 : Direct: santiago: ESTOS MAETINES SOLO TIENEN UNI DE ORO
14:08:03 : Direct: Jose Luis: admin
