16:44:47 : Group: [Amish]Churro: esta erick tmb
16:44:49 : Group: Niconap: hola manga de putos
16:44:50 : Group: [Amish]Churro: como va eso?
16:44:55 : Group: [Amish]Churro: porq no hay skype?
16:45:08 : Group: Niconap: nose, lo pregunte mil veces y me pudri
16:45:16 : Group: [Amish]Churro: abri skype
16:45:45 : Group: Niconap: lo invite como 5 veces al veneco
16:45:58 : Group: Niconap: y no se que mierda es eso que aparece "EN FORMCAION" y demas
16:46:57 : Group: [Amish]Churro: toy yendo a berezino
16:47:37 : Group: Niconap: uds ven eso de las ordenes?
16:47:42 : Group: [Amish]Churro: si 
16:47:47 : Group: [Amish]Churro: y te veo desde el heli
16:47:50 : Group: Niconap: los da automatico, me esta volviendo loco
16:48:07 : Group: Niconap: ahhh mira estamos tageados
16:48:11 : Group: Niconap: :O
16:48:13 : Group: Roger: me fui de ebrezino
16:48:24 : Group: Roger: me cuetearon
16:48:42 : Group: Roger: estoy en vybor
16:48:50 : Group: Roger: la loma de choto
16:49:23 : Group: Niconap: saludos (?)
16:49:35 : Group: [Amish]Churro: vamos x armas?
16:49:37 : Group: Niconap: voy a ir a la city esta que esta cerca a ver si looteo algo
16:49:45 : Group: [Amish]Churro: pera.. matemos la OA
16:49:55 : Group: [Amish]Churro: la ia
16:50:01 : Group: [Amish]Churro: asi te equipas
16:50:08 : Group: Niconap: no tengo mucha chance jajajaj
16:50:12 : Group: Niconap: dnd esta
16:50:19 : Group: [Amish]Churro: aca
16:50:30 : Group: [Amish]Churro: ez pz
16:50:50 : Group: [Amish]Churro: es la casa alla adelante
16:50:55 : Group: Niconap: pera que me visto (?)
16:50:56 : Group: [Amish]Churro: con el coche policia
16:51:34 : Group: [Amish]Churro: tienen tremendos sniper
16:51:41 : Group: [Amish]Churro: asi q bien sigilo
16:52:22 : Group: [Amish]Churro: q ofri
16:54:52 : Group: Niconap: todos esos son ia?
16:55:09 : Group: [Amish]Churro: se
16:55:14 : Group: Niconap: holy shit
16:55:15 : Group: [Amish]Churro: caen
16:55:20 : Group: [Amish]Churro: ez pz
16:55:40 : Group: Niconap: tengo una g17 y la barreta de HL xDw
16:55:51 : Group: [Amish]Churro: con la g17 uno te llevas
16:56:04 : Group: [Amish]Churro: con suerte 2
16:56:10 : Group: [Amish]Churro: jajaja
16:56:56 : Group: Niconap: adentro hay como 4
16:58:07 : Group: [Amish]Churro: ves mas?
16:58:17 : Group: Niconap: creo que no
16:58:21 : Group: Niconap: voy primero de ultima
16:58:28 : Group: [Amish]Churro: dale anda y te cubro
16:58:29 : Group: Niconap: no tengo.. NADAQUEPERDE
16:58:49 : Group: Niconap: uffff
16:58:54 : Group: [Amish]Churro: roger venite a berezino
16:59:02 : Group: [Amish]Churro: mucho drop
16:59:22 : Group: [Amish]Churro: hay 1
16:59:35 : Group: [Amish]Churro: ni bien pasas la arcada a la derecha
17:00:26 : Group: Niconap: no lo veo
17:00:28 : Group: [Amish]Churro: le pegue pero no se si murio
17:00:55 : Group: Niconap: ya lo sabremos
17:01:02 : Group: [Amish]Churro: si esta ahi
17:01:08 : Group: [Amish]Churro: ni bien entras a la der
17:01:12 : Group: [Amish]Churro: lo matas
17:01:17 : Group: Niconap: tirado en el piso?
17:01:30 : Group: [Amish]Churro: no se pero parado no esta
17:01:39 : Group: [Amish]Churro: ahi murio
17:01:48 : Group: Niconap: justo lo habia visto -.-"
17:01:55 : Group: [Amish]Churro: gogogog
17:02:15 : Group: Niconap: el coche de policia se puede agarrar?
17:02:32 : Group: [Amish]Churro: nop
17:02:55 : Group: [Amish]Churro: gogogo
17:04:21 : Group: Niconap: hay un zombie
17:04:25 : Group: Niconap: ojo
17:06:02 : Group: [Amish]Churro: vamo al hospi?
17:06:12 : Group: [Amish]Churro: asi nos cargamos con cosaS?
17:06:23 : Group: Niconap: se puede agarar
17:06:25 : Group: [Amish]Churro: skype?
17:06:27 : Group: Niconap: el policei
17:06:31 : Group: Niconap: dale
17:06:35 : Group: Niconap: me llamas?
20:09:42 : Group: [Amish]Churro: q haces donde andas
20:09:47 : Group: [Amish]Churro: te voy a buscar
20:10:36 : Group: Roger: en krasnostav
20:10:45 : Group: Roger: arriba de bere
20:12:40 : Group: Roger: me muero
20:12:49 : Group: Roger: dame sangre
20:12:57 : Group: [Amish]Churro: 1500mts
20:19:57 : Group: [Amish]Churro: q hace
20:20:00 : Group: [Amish]Churro: donde andas
20:20:11 : Group: JiNX: en el mercado central
20:20:15 : Group: [Amish]Churro: te voy a buscar
20:20:19 : Group: JiNX: te tiro skype¡?
20:20:24 : Group: [Amish]Churro: dale
20:52:08 : Group: [Amish]Churro: luis 
20:52:15 : Group: [Amish]Churro: atras
20:52:17 : Group: [Amish]Churro: skype
20:53:10 : Group: JiNX: quedate arriba luis
20:53:15 : Group: JiNX: estas en la confe
20:58:39 : Group: Dallheim: roger: perdon, te toque el paquete, soldado
