00:20:51 : Group: Totoasd: no puedo hablar, encontraste la brief?
00:20:59 : Group: Totoasd: algo asi
00:21:08 : Group: Totoasd: bueno voy a abusar el sistema
00:23:24 : Group: Totoasd: EZ MONEY
00:23:53 : Group: Totoasd: no
00:23:55 : Group: Totoasd: quiero mas
00:24:30 : Group: Totoasd: no me busques
00:24:32 : Group: Totoasd: espera
00:24:36 : Group: Totoasd: juancho
00:24:41 : Group: Totoasd: puedo llegar ahi
00:24:43 : Group: Totoasd: rapido
00:24:51 : Group: Totoasd: no
00:24:56 : Group: Totoasd: primero los lockpick
00:25:04 : Group: Totoasd: para las puertas
00:25:24 : Group: Totoasd: esperame
00:25:43 : Group: Totoasd: no
00:25:46 : Group: Totoasd: esperame
00:25:51 : Group: Totoasd: voy a la carcel
00:25:56 : Group: Totoasd: estoy a 500 m
00:26:17 : Group: Totoasd: guardaste las brief?
00:26:40 : Group: Totoasd: si pero esperame
00:28:09 : Group: Totoasd: c
00:28:29 : Group: Totoasd: para
00:28:34 : Group: Totoasd: una brief mas
00:29:18 : Group: Totoasd: cerraste todo?
00:29:50 : Group: Totoasd: las brief las tenes encima tuyo?
00:30:09 : Group: Totoasd: puse una mas en el heli
00:30:37 : Group: Totoasd: perdon?
00:30:41 : Group: Totoasd: perdon?
00:30:48 : Group: Totoasd: priscila pilotando?
00:30:52 : Group: Totoasd: no pls
00:30:54 : Group: Totoasd: xq
00:31:07 : Group: Totoasd: lo podes enganchar
00:31:11 : Group: Totoasd: al heli
00:31:16 : Group: Totoasd: si
00:31:18 : Group: Totoasd: se puede
00:31:25 : Group: Totoasd: no sabemos volar
00:34:38 : Group: Totoasd: agarraste la brief de heli?
00:34:56 : Group: Totoasd: agarra la del heliiii
00:37:09 : Group: Totoasd: si
00:37:42 : Group: Totoasd: rip
00:37:59 : Group: Totoasd: denuevo
00:38:09 : Group: Totoasd: en el pecho maricona
00:39:04 : Group: Totoasd: yo tengo 3600 de hum
00:39:12 : Group: Totoasd: despues lo puedo hacer yo?
00:41:10 : Group: Totoasd: tengo los huesos rotos pero no me importa vieja
00:42:34 : Group: Totoasd: dejame hacerlo a mi desp
00:42:45 : Group: Totoasd: y compra los lockpick
00:42:49 : Group: Totoasd: para las puertas
00:42:56 : Group: Totoasd: y materiales de construccion
00:42:59 : Group: Totoasd: y carpas
00:43:07 : Group: Totoasd: para poner la comida en las carpas
00:43:20 : Group: Totoasd: comida y cosas de cura
00:43:32 : Group: Totoasd: las carpas creo que pueden ir adentro
00:44:13 : Group: Totoasd: jajajaja
00:44:20 : Group: Totoasd: no sangro mas
00:44:24 : Group: Totoasd: dame un tiritp
00:44:32 : Group: Totoasd: kgon
00:44:56 : Group: Totoasd: dejame hacerlo a mi desp de que compres las cosas
00:45:03 : Group: Totoasd: que tengo 3600
00:45:08 : Group: Totoasd: tardamo 2 min
00:45:22 : Group: Totoasd: ademas asi tengo la skin de heroe
00:45:30 : Group: Totoasd: con la camisa
00:45:34 : Group: Totoasd: bien piola
00:46:02 : Group: Totoasd: voy a explotar
00:47:22 : Group: Totoasd: vendame pelotdo
00:47:30 : Group: Totoasd: decile q me pege un tiro
00:47:33 : Group: Totoasd: y me vendas
00:47:42 : Group: Totoasd: EN EL PECHOI LOCO DALE
00:47:46 : Group: Totoasd: MUERTE A UBER
00:47:54 : Group: Totoasd: AGUANTEN LOS TACHEROS
00:48:07 : Group: Totoasd: OPRIMEN CON SU POLITICA NEO LIBERAL
00:48:14 : Group: Totoasd: SE CREEM Q ESTAMOS EN YANKILANDIA
00:48:30 : Group: Totoasd: xddddd
00:48:39 : Group: Totoasd: DALE MARICONA
00:48:41 : Group: Totoasd: EN EL PECHO
00:48:54 : Group: Totoasd: SI VIEJA AGUANTE CALLEJEEEEROOOOOOS
00:49:05 : Group: Totoasd: AAAAAAAAAA
00:49:10 : Group: Totoasd: AAAAAAAAAA
00:49:14 : Group: Totoasd: MAMAAAAAAAAAA
00:49:43 : Group: Totoasd: m boi a morir xDDD
00:49:52 : Group: Totoasd: NO
00:49:53 : Group: Totoasd: MMO
00:49:54 : Group: Totoasd: AAAAAA
00:50:02 : Group: Totoasd: no me hizo nada
00:50:10 : Group: Totoasd: k floja
00:50:15 : Group: Totoasd: AAAAAAA
00:50:26 : Group: Totoasd: M MUERO XDDDDDDDD
00:50:36 : Group: Totoasd: me van a dejar con los huesos rotos?
00:50:39 : Group: Totoasd: en serio?
00:50:49 : Group: Totoasd: m kgan a tiros y m dejan
00:51:10 : Group: Totoasd: juancho
00:51:15 : Group: Totoasd: veni y arreglaa esto
00:51:45 : Group: Totoasd: UH
00:51:49 : Group: Totoasd: COMPRA UNO D ESOS
00:51:54 : Group: Totoasd: a
00:51:59 : Group: Totoasd: FIJATE SI VENDE LUPUA
00:52:02 : Group: Totoasd: AAA
00:52:05 : Group: Totoasd: COMPRAME BALAS
00:52:07 : Group: Totoasd: DE ESO
00:52:09 : Group: Totoasd: YA
00:52:11 : Group: Totoasd: YA
00:52:14 : Group: Totoasd: BALAS
00:52:21 : Group: Totoasd: 4 CARGADORES O 5
00:52:47 : Group: Totoasd: DEJAME KGARTE A TIROS
00:53:16 : Group: Totoasd: si ya se
00:53:27 : Group: Totoasd: no, pri te dispara a vos
00:53:39 : Group: Totoasd: si boludo sino te dropea
00:53:45 : Group: Totoasd: y no le comprar un choto
00:54:02 : Group: Totoasd: el de heroes vende helis grosos?w
00:54:32 : Group: Totoasd: busca en gogol
00:54:40 : Group: Totoasd: che
00:54:44 : Group: Totoasd: me arreglan las piernas
00:54:54 : Group: Totoasd: y compra los lockpick
00:55:12 : Group: Totoasd: primero compra lo que hay  comprar y vamos a la base
00:55:18 : Group: Totoasd: no
00:55:21 : Group: Totoasd: arreglame
00:55:34 : Group: Totoasd: chabon me tengo q ir, compramos esto y me rajo yo
00:55:37 : Group: Totoasd: es tarde
00:55:57 : Group: Totoasd: lockpicks, el heli y nada mas, dejame cagarte a tiros
00:56:07 : Group: Totoasd: oka
00:57:05 : Group: Totoasd: el que pienses q es mas op
00:58:50 : Side: Alan: buenas
00:59:09 : Group: Totoasd: mierda
00:59:11 : Group: Totoasd: q grande
01:00:34 : Group: Totoasd: para
01:00:39 : Group: Totoasd: quiero cagarte a tiros
01:00:55 : Group: Totoasd: bueno banca q compro los lockpick
01:02:07 : Group: Totoasd: para
01:02:11 : Group: Totoasd: me dejaste media hora
01:02:13 : Group: Totoasd: tirado
01:02:16 : Group: Totoasd: espera
01:02:33 : Group: Totoasd: eh
01:02:38 : Group: Totoasd: chabon no seas asi
01:03:37 : Group: Totoasd: no se pilotar te dije
01:04:01 : Group: Totoasd: yp tam´poco puedo
01:04:42 : Group: Totoasd: se
01:04:49 : Group: Totoasd: quiero skin de heroe
01:06:15 : Group: Totoasd: yo no se ni hoverear asi que
01:06:30 : Group: Totoasd: bueno, llegamos deja que pri te dispare
01:06:37 : Group: Totoasd: consigo el heroe y listo
01:06:49 : Group: Totoasd: si
01:06:56 : Group: Totoasd: tengo 8 blood bags
01:08:17 : Group: Totoasd: hoy la re hicimos
01:09:07 : Group: Totoasd: che y el vodnik
01:09:17 : Group: Totoasd: hay que acordarnos
01:09:33 : Group: Totoasd: igual creo q con este bebe ya esta
01:09:50 : Group: Totoasd: man, esta minigun es el hacedor de misiones 5000
01:10:06 : Group: Totoasd: si es una mision sin montadas
01:10:07 : Group: Totoasd: ez
01:11:21 : Group: Totoasd: 500 mb una update del android
01:11:27 : Group: Totoasd: anda a cagar
01:11:37 : Group: Totoasd: cuidado las gradas
01:12:14 : Group: Totoasd: lockea los dos helis cuando bajes
01:12:36 : Group: Totoasd: este tmb
01:12:43 : Group: Totoasd: sep
01:12:53 : Group: Totoasd: lockea
01:13:22 : Group: Totoasd: lockea los 2 y veni
01:13:26 : Group: Totoasd: q te curo
01:13:29 : Group: Totoasd: llamala a pri
01:13:42 : Group: Totoasd: nop
01:14:30 : Group: Totoasd: 150 mil nada mas
01:15:34 : Group: Totoasd: me falto pero ya fue
01:15:42 : Group: Totoasd: juancho 
01:15:49 : Group: Totoasd: lockeaste los 2 heli?
01:16:05 : Group: Totoasd: no te vayas
01:16:08 : Group: Totoasd: veni
01:16:15 : Group: Totoasd: la concha tuya es importante
01:16:21 : Group: Totoasd: la puerta
01:17:16 : Group: Totoasd: cp,p se lo pongo?
13:17:46 : Side: Bad Guy: buenas
13:38:39 : Side: juandayz: hola badguy
13:39:02 : Side: Bad Guy: como va
13:39:08 : Side: juandayz: bien ;)
13:40:22 : Side: Bad Guy: aver si me pongo a terminar la casa...
13:45:46 : Side: juandayz: que ip rara tenes cabezon, parece de suiza :D
13:46:07 : Side: Bad Guy: jajajajaja
13:46:14 : Side: Bad Guy: de los amigos de fyber
13:46:49 : Side: juandayz: :D
13:46:58 : Side: Bad Guy: che te consulto
13:47:07 : Side: Bad Guy: como es ahora el tema de las acciones y los bonos?
13:51:52 : Side: Bad Guy: haaa me olvide la mitad de las herramientas lpm
13:57:41 : Side: Bad Guy: che juan
14:04:23 : Side: MaxBraian: buenas
14:04:32 : Side: MaxBraian: lo que me costo jaja
14:05:48 : Direct: juandayz: donde  esta la cosa q necesita llave?
14:06:14 : Direct: MaxBraian: esta serca del mercado
14:06:25 : Direct: juandayz: q es un atv no?
14:06:29 : Direct: MaxBraian: central por eso me puse la bisi para ir
14:06:32 : Direct: MaxBraian: je
14:06:44 : Direct: juandayz: bajate q te transporto
14:06:55 : Direct: MaxBraian: una suv camo y atras esta el cuat 
14:07:34 : Direct: juandayz: esa?
14:07:37 : Direct: MaxBraian: no segime
14:08:45 : Direct: juandayz: en la suv te deje la llave de la suv
14:09:17 : Direct: juandayz: adentro del 4tri tenes dos llaves
14:09:27 : Side: Bad Guy: che me tira como mini bajones de fps pero estan siempre estables en 50
14:09:37 : Direct: MaxBraian: se una es del cuat y la otra es del camion
14:09:42 : Direct: juandayz: ok
14:09:47 : Direct: juandayz: listo?
14:10:04 : Direct: MaxBraian: si gracias 
14:10:07 : Direct: juandayz: ;)
14:10:08 : Direct: MaxBraian: :))
14:10:12 : Direct: MaxBraian: ;)
14:13:46 : Side: Bad Guy: bueno espero tener todo para seguir con la construccion ahora
14:14:00 : Direct: MaxBraian: .
14:14:13 : Side: MaxBraian: je siempre pasa que te falta la mitad xD
14:14:27 : Side: Bad Guy: fui al trade a comprar materiales
14:14:36 : Side: Bad Guy: llego a la base y me olvido la almadena
14:15:21 : Side: juandayz: jaja anda a la cantera con la masa y la pala q sacas cinder y mortero gratis 
14:15:36 : Side: Bad Guy: me queda RE lejos
14:15:42 : Side: Bad Guy: y ya me pudrio de manejar la vodnik
14:16:04 : Side: MaxBraian: JAJA
14:16:37 : Side: Bad Guy: son como 6 km
14:16:45 : Side: MaxBraian: GG
14:17:11 : Side: Bad Guy: me tengo q comprar el heli
14:17:15 : Side: juandayz: a vos te pasa como a mi que por no llevar el envase retornable de coca la pago $36 en vez de 26$
14:17:38 : Side: Bad Guy: eso olvidate q a los envases los llevo siempre
14:17:45 : Side: Bad Guy: 10p son 10p
14:18:46 : Side: Bad Guy: si esto ganara experiencia x craftear como en el rust...
14:31:02 : Side: MaxBraian: QUE FUE ESP
14:31:04 : Side: MaxBraian: ESO
14:31:12 : Side: Bad Guy: eso creo q es el bombardero
14:31:21 : Side: Bad Guy: me paso x al lado
14:31:36 : Side: MaxBraian: ME RE CAGARON A TIROS CHAVON 
14:31:41 : Side: Bad Guy: JAJAAJJAJAJA
14:31:47 : Side: Bad Guy: donde estas?
14:31:51 : Side: MaxBraian: QUEDE SIEGO 2356 DE VIDA
14:32:12 : Side: Bad Guy: jajajjajaa
14:32:14 : Side: MaxBraian: ahi lo marque
14:32:23 : Side: MaxBraian: pero me siguen xada
14:32:30 : Side: Bad Guy: sep provablemente el bombardero
14:32:54 : Side: MaxBraian: hijo de ----
14:33:19 : Side: MaxBraian: creo que me muero xD
14:33:32 : Side: Bad Guy: q no me la venga a jeder q estoy muy expuesto aca
14:33:41 : Side: MaxBraian: JAJA
14:34:01 : Side: Bad Guy: no tengo techo todavia
20:32:44 : Side: Hijo De Remil: buenas
20:33:00 : Side: Hijo De Remil: viejo, cual es el trader del mercado negro??
20:33:07 : Side: LarzuK: hola
20:33:35 : Side: LarzuK: es uno que esta bien en la entrada
20:33:39 : Side: LarzuK: a la izquierda
20:33:52 : Side: LarzuK: entras y a la izquierda del todo esta
20:33:58 : Side: LarzuK: esta medio alejado de los otros
20:34:15 : Side: LarzuK: la otra vez tambien me costo encontrarlo
20:34:35 : Side: Hijo De Remil: ahhh aca estaba el puto
20:34:43 : Side: Hijo De Remil: gracias vieja
20:34:57 : Side: LarzuK: de nada che
20:35:33 : Side: Hijo De Remil: no agarro un futbol.. medio que no entiendo una chota jajaj
20:35:40 : Side: Hijo De Remil: encima perdi el libro
20:35:45 : Side: Hijo De Remil: no se que lo hice
20:35:59 : Side: LarzuK: jaja hace poco jugas al epoch ?ew
20:36:20 : Side: Hijo De Remil: al epoch hace bocha, pero en este server que es bastante customizado reciem empiezo
20:36:32 : Side: LarzuK: ah de una
20:36:43 : Side: LarzuK: el librito te lo da cuando spawneas
20:36:54 : Side: LarzuK: y creo que en el trader que te vende las cosas agricolas tambien te lo da
20:37:02 : Side: Hijo De Remil: se, lo debo haber djado cuando lotea algo
20:37:11 : Side: LarzuK: igual estoy viendo de hacer algunos manuales para colgarlos en la pagina
20:37:15 : Side: LarzuK: los de las recetas
20:37:30 : Side: Hijo De Remil: sos el admin?
20:37:36 : Side: LarzuK: nope
20:37:59 : Side: Hijo De Remil: un entusiasta, bien
20:38:00 : Side: LarzuK: pero le estoy ayudando a armar unas recetas con el sistema de crafteo que puso
20:38:29 : Side: Hijo De Remil: esta muy copado el server
20:38:30 : Side: LarzuK: para el tema de la construccion de la base van a venir banda de recetas
20:38:56 : Side: LarzuK: por ahora se pusieron las de las escaleras , algunas torres de fierros, algunas luces
20:39:03 : Side: LarzuK: el foco de busqueda
20:39:04 : Side: Hijo De Remil: lo unico malo que le veo yo, pero es mi caso no se porque
20:39:21 : Side: Hijo De Remil: veo todo como suifuera cuadro por cuadro
20:39:26 : Side: Hijo De Remil: no se porque....
20:39:33 : Side: LarzuK: como cuadro por cuadro ?
20:39:36 : Side: LarzuK: todo lagueado ? 
20:39:48 : Side: Hijo De Remil: ya le baje la calidad grafica al misnimo, me va a 90 fps pero se me ve cortado igual
20:39:56 : Side: Hijo De Remil: claro
20:40:02 : Side: LarzuK: le podes cambiar el rando de vision
20:40:15 : Side: LarzuK: con la ruedita y setview
20:40:29 : Side: Hijo De Remil: lo puse al minimo
20:41:08 : Side: Hijo De Remil: cual sreria ese?
20:42:48 : Side: Hijo De Remil: la tengo en 100
