00:41:59 : Direct: [ADMIN] ChukyN: JF
00:42:22 : Direct: [ADMIN] ChukyN: q precisas
00:42:35 : Direct: [ADMIN] ChukyN: aguatn
00:42:37 : Direct: [ADMIN] ChukyN: ahi vuelvo
00:44:16 : Direct: [ADMIN] ChukyN: :D
00:48:19 : Direct: [ADMIN] ChukyN: bueno
00:48:21 : Direct: [ADMIN] ChukyN: que precisas
00:48:44 : Direct: [ADMIN] ChukyN: escribi en directo
00:49:11 : Direct: JF: SI JUSTO TE ESTABA PREGUNTANDO ESO  
00:49:43 : Direct: [ADMIN] ChukyN: decime
00:49:46 : Direct: [ADMIN] ChukyN: que reclamo
00:49:58 : Direct: JF: BUENO RESULTA QUE HOY A LA MA;ANA ARRIBA ME MARCABA QUE FALTAVA 1 HORA 27 MINT
00:50:31 : Direct: JF: YO ME FUI A HAACER UNA MISION DONDE DIGAMOS TUVE EXITO 
00:50:55 : Direct: JF: TRATO DE HACERLO LO MAS BREVE POSIBLE
00:51:55 : Direct: JF: LLEGUE EN  UN CAMION  Y ERA UNA MISION DE MATERIALES TODO BIEN HASTA AHI  YA TE DIGO GUIANDOME POR EL RELOJ D ARRIBA 
00:52:19 : Direct: JF: FALTABA UN BUEN RATO Y ME SOBRAVA TIEMPO 
00:53:04 : Direct: JF: SI LA HICE QUEDABA EL DE LA AMETRALLADORA CON BASE Y LO BAJE
00:53:52 : Direct: JF: CUANDO ME VOLVI A BUSCAR MI CAMION  VENIA BAJANDO UN HELI  PERO NO ERA NADA EXTRAORDINARIO  
00:54:37 : Direct: JF: EL HECHO ES QUE YO RECLAMO EL CAMION CON LOS MATERIALES PORQUE EL SERVER ME DEJO PAGANDO VISTE CREEO QIE TENGO RAZON 
00:55:08 : Direct: [ADMIN] ChukyN: porque reclamas algo que nunca terminaste
00:55:14 : Direct: [ADMIN] ChukyN: el helicoptero es parte de la mision
00:55:16 : Direct: [ADMIN] ChukyN: tira mas bots
00:55:24 : Direct: JF: POR ESTO ES QUE TE HAGO ESTE RECLAMO , SI TAL CUAL  NO LO SE
00:55:53 : Direct: [ADMIN] ChukyN: no vamos, ni podemos compensar a cada player que pierda algo por morir, bug, o reincio del server
00:56:17 : Direct: JF: YO POR MI PARTE FUI CON EL CAMION PORQUE PENSE QUE ERA COMO EN OTROS SERVER DONDE ANDA GIRANDO UN AVION 
00:56:51 : Direct: [ADMIN] ChukyN: En las misiones rojas siempre caen helicopteros con mas tropas
00:56:55 : Direct: [ADMIN] ChukyN: y en las negras caen 20
00:57:08 : Direct: [ADMIN] ChukyN: o sea que no sepas eso no justifica una compensacion
00:57:10 : Direct: [ADMIN] ChukyN: es error tuyo
00:57:13 : Direct: [ADMIN] ChukyN: no del server
00:57:32 : Direct: JF: NO NO TE DIGO QUE FALTABA UNA HORA 27 MINUTOS , DISCULPA LOGICAMENTE NO ME CONOCES PERO YO SOY UNA PERSONA ADULTA
00:57:53 : Direct: [ADMIN] ChukyN: que tiene que ver lo que faltaba con que no hayas terminado la mision?
00:58:00 : Direct: [ADMIN] ChukyN: que se cayo el server y no volvio mas?
00:58:05 : Direct: [ADMIN] ChukyN: cual fue el problema
00:58:11 : Direct: [ADMIN] ChukyN: porque me decis que aparecio un heli
00:58:15 : Direct: [ADMIN] ChukyN: y mas nada
00:58:42 : Direct: JF:  Y ME LAS VENGO ARREGLANDO SOLO EN EL JUEGO SIMPLEMENTE PORQUE ENTIENDO QUE HAY MUCHOS JOVENES Y PASA LO QUE PASO HACE UN RATO 
00:59:57 : Direct: JF:  SI ASI ES SE CERRO EL SERVER  Y HASTA AHORA A LAS  20  HORAS APROXIMADAMENTE NO HABIA NADA DE SE;AL
01:00:21 : Direct: [ADMIN] ChukyN: el server esta levantado desde las 4 pm sin caidas
01:00:30 : Direct: [ADMIN] ChukyN: que es a la hora que yo sali del trabajo y arranque a controlarlo
01:01:04 : Direct: JF: BUENO SI NO ME QUERES RECONOCER NO HAY PROBLEMAS YO TE HAGO UN JUSTO RECLAMO NADA MAS 
01:01:18 : Direct: [ADMIN] ChukyN: yo se que jugar solo es jodido, tendrias que buscar alternativas a hacer misiones porque solo es muy dificl
01:01:25 : Direct: [ADMIN] ChukyN: anda a las minas
01:01:36 : Direct: [ADMIN] ChukyN: o lootea y hace oro como para equiparte bien
01:02:45 : Direct: JF: ESTOY BASTANTE EQUIPADO PERO AHUN NO ENCUENTRO UN LUGAR DONDE HACER LA BASE PORQUE EL LUGAR QUE ELEGI ME INDICABA MUY CERCA
01:03:15 : Direct: [ADMIN] ChukyN: bueno en el aserradero podss hacer madera bastante rapido para hacer la base
01:03:25 : Direct: [ADMIN] ChukyN: creo que precisas solo un hacha
01:03:30 : Direct: [ADMIN] ChukyN: comprate un camion y hace eso
01:03:37 : Direct: [ADMIN] ChukyN: ojo que no hay safezone ahi
01:03:41 : Direct: [ADMIN] ChukyN: y te puede matar
01:04:02 : Direct: JF: YO  HASTA AHORA ME ARREGLO BASTANTE BIEN SOLO Y TENGO ALGUNAS MUERTES QUE ME CREAS O NO FUERON INJUSTAS DESDE EL PUNTO DE VISTA
01:04:50 : Direct: [ADMIN] ChukyN: el tema es que no te puedo compensar por eso porque en realidad no fue error del server
01:05:07 : Direct: JF: QUE NO FUE QUE ME BAJARON SINO QUE FUERON CAIDAS DE LA MAQUINA  POR AHI QUEDE ATRAPADO EN EL VEICULO Y LUEGO REINICIA Y CAI MUERTO 
01:05:14 : Direct: JF: COSAS COMO ESAS 
01:05:28 : Direct: [ADMIN] ChukyN: si el vehiculo esta quieto pasa esos si
01:05:39 : Direct: [ADMIN] ChukyN: pero esas cosas pasan desde el primer dayz
01:05:48 : Direct: [ADMIN] ChukyN: son errores que vienen desde arma
01:05:56 : Direct: [ADMIN] ChukyN: y no podemos hacern ada para solucionarlos
01:06:37 : Direct: JF: BUENO ME FUI DEL TEMA PERO VUELVO A REPETIRTE YO SOY UNA PERSONA GRANDE QUE ENCONTRE ESTE JOBI O COMO QUIERAS LLAMARLO 
01:07:06 : Direct: [ADMIN] ChukyN: Esta perfecto, yo soy adulto tambien, trabajo 8 horas y el resto la dedico a tratar de ayudar a la gente aca
01:07:19 : Direct: [ADMIN] ChukyN: Igual Juan el otro administrador
01:07:20 : Direct: JF:  LE DECIA A JUAN EL OTRO DIA QUE ME GUSTO MUCHO ESTE SERVER COMO PRESENTA EL JUEGO 
01:07:35 : Direct: [ADMIN] ChukyN: bueno me voy a ayudar a los otros pibes
01:08:01 : Direct: [ADMIN] ChukyN: seguime
01:08:08 : Direct: JF:  Y ENTIENDO QUE TODOS ENTRAMOS A JUGAR A GANAR  Y SI PERDER SEA  EN BUEN A LEY 
01:08:38 : Direct: JF:  POR ESO SOSTENGO QUE ESE CAMIN ME CORRESPONDIA 
01:08:46 : Direct: [ADMIN] ChukyN: veni
01:09:33 : Direct: [ADMIN] ChukyN: ahi tenes un regalo
01:09:38 : Direct: [ADMIN] ChukyN: la llave esta en el equipo
01:09:47 : Direct: [ADMIN] ChukyN: nos vemos
01:10:17 : Direct: JF: SI ES REGALO NO LO ACEPTO POR QUE DE ESA FORMA SOLO ESTAS CONSINTIENDO UNA PROBABLE MENTIRA
01:10:36 : Direct: [ADMIN] ChukyN: es un regalo para que se te haga mas sencillo el inicio 
01:10:39 : Direct: [ADMIN] ChukyN: mas nada
01:10:50 : Direct: [ADMIN] ChukyN: no es que te este regalando un arma tampoco
01:10:54 : Direct: [ADMIN] ChukyN: es solo un transporte
01:11:21 : Direct: JF:  LO QUE YO TE RECLAMO VUELVO A REPETIRTE ES JUSTO LO QUE ME SUCEDIO  Y POR ESO CONSIDERO JUSTO HACERTELO SABER GRACIAS
01:11:42 : Direct: [ADMIN] ChukyN: dale, me fui
02:09:12 : Direct: Alan: pampita
02:09:14 : Direct: Alan: vos eras?
02:09:16 : Direct: Pampita: emmm
02:09:18 : Direct: Pampita: no
02:09:19 : Direct: Alan: jajaja
02:09:22 : Direct: Pampita: definitivamente no
02:09:29 : Direct: Alan: como mierda
02:09:31 : Direct: Alan: haces esto
02:09:34 : Direct: Alan: sexopata
02:09:51 : Direct: Pampita: Es que soy la bandida numero 1, este fue mi premio
02:10:01 : Direct: Alan: :o
02:10:08 : Direct: Alan: a donde dice
02:10:11 : Direct: Alan: q puesto estas jaja
02:10:19 : Direct: Pampita: No se, los admins me dijeron
02:10:20 : Direct: Alan: yo tmb soy bandido no tienes q matarnos
02:10:26 : Direct: Pampita: y mi amiga Noelia tambien
02:10:31 : Direct: Pampita: Pero entra menos ahora
02:10:38 : Direct: Alan: hacemos partusas de bandidos
02:10:42 : Direct: Alan: cuando entre noelia
02:10:54 : Direct: Pampita: recien le robe este mk48 a un camion
02:10:59 : Direct: Pampita: no se quien era
02:11:03 : Direct: Alan: mmm
02:11:06 : Direct: Pampita: todavia atras venia el amigo en un vodnik
02:11:07 : Direct: Alan: jajaja de rulo
02:11:09 : Direct: Pampita: me quebro toda
02:11:11 : Direct: Pampita: pero lo mate
02:11:16 : Direct: Alan: jajajaja
02:11:24 : Direct: Alan: estamos en ts con rulo
02:11:43 : Direct: Pampita: decile que fue sin querer queriendo, que no era una emboscada ni nada >P
02:11:55 : Direct: Alan: ten piedad
02:12:00 : Direct: Alan: con el nuevo del dayz
02:12:07 : Direct: Pampita: jamas
02:12:08 : Direct: Alan: ando aprendiendo
02:12:12 : Direct: Pampita: esto es matar o morir param i
02:12:18 : Direct: Alan: te matare entonces
02:12:28 : Direct: Pampita: podes intentarlo
02:15:23 : Direct: Alan: hay te doi un arma
02:15:24 : Direct: Alan: pera
02:15:55 : Direct: Alan: ay la tenes jf
16:55:43 : Direct: juandayz: listo
16:55:57 : Direct: juandayz: agarra la llave
16:56:15 : Direct: Alan: que grande juannn
16:56:20 : Direct: Alan: venite a viciar un ratoooo
16:56:21 : Direct: juandayz: ;)
16:56:30 : Direct: juandayz: jaja pera q no puedo ahora
16:56:42 : Direct: Alan: jaja dale abandonadorr !!!
16:56:48 : Direct: Alan: un abrazo papa gracias
16:57:01 : Direct: juandayz: de la suv tenes llave?
16:57:06 : Direct: Alan: no
16:57:43 : Direct: juandayz: ahi esta
16:58:00 : Direct: Alan: ohh q grandeee
16:58:02 : Direct: Alan: idolooo
16:58:12 : Direct: Alan: me voy en esta a tirar fachaa jaja
16:58:17 : Direct: juandayz: ajaja bue me voy
16:58:21 : Direct: juandayz: suerte!
16:58:24 : Direct: Alan: jaja dale igual geniasooo
17:01:59 : Direct: Alan: jajaja
17:02:07 : Direct: juandayz: ocompra rueda de auxilio rata
17:02:07 : Direct: Alan: no sabia eso
17:02:13 : Direct: Alan: ajajaja 
17:02:16 : Direct: Alan: si eso hare
17:02:17 : Direct: juandayz: si si chocas se te rompe
17:02:25 : Direct: juandayz: fijate arriba a la derecha
17:02:26 : Direct: Alan: ahh no sabia eso
17:02:37 : Direct: juandayz: si tenes algo en rojo o en naranja
17:02:42 : Direct: Alan: mm nono
17:02:45 : Direct: Alan: todo en verde
17:02:46 : Direct: juandayz: es q esta roto o por romperse
17:02:48 : Direct: juandayz: ;)
17:02:53 : Direct: Alan: ahh buenisimo
17:02:57 : Direct: Alan: no sabia tampocoe so
17:15:38 : Direct: sRulo: aca
17:19:26 : Direct: juandayz: hola leo
17:19:34 : Direct: Leodagos: hola juan
17:19:38 : Direct: juandayz: vos queres vender ese heli?
17:19:46 : Direct: Leodagos: si
17:19:50 : Direct: Leodagos: no sabemos donde
17:19:58 : Direct: juandayz: de donde lo compraste?s
17:20:08 : Direct: Leodagos: lo ise en mision
17:20:15 : Direct: Leodagos: es loot d emision
17:20:35 : Direct: Leodagos: es vendible ?
17:20:38 : Direct: juandayz: me parecia, por q esta fuera del trade
17:20:49 : Direct: Leodagos: no entiendo
17:20:58 : Direct: sRulo: estaba adentro del trade
17:21:08 : Direct: juandayz: osea no tiene compra ni venta en trade
17:21:17 : Direct: Leodagos: buuu 
17:21:19 : Direct: juandayz: solo aparece en mision y se borra con el restart
17:21:27 : Direct: sRulo: lo movi a todos lados para ver si se podia y no..
17:21:32 : Direct: Leodagos: q lastima
17:21:32 : Direct: juandayz: pero por esta vez te lo compro yo ;)
17:21:38 : Direct: Leodagos: :3
17:21:42 : Direct: Leodagos: joya
17:21:49 : Direct: Leodagos: lo q tu corazon dicte
17:22:01 : Direct: juandayz: veni a la h
17:22:07 : Direct: sRulo: pum pum pum(?
17:22:13 : Direct: Leodagos: el cierre no xfa
17:22:16 : Direct: Leodagos: hay gente mirando xD
17:22:24 : Direct: juandayz: jajaj
17:22:31 : Direct: juandayz: tenes loot adentro del heli?
17:22:44 : Direct: Leodagos: boludeces 
17:22:46 : Direct: Leodagos: no
17:22:48 : Direct: juandayz: ok
17:22:53 : Direct: Leodagos: llevalo o borralo
17:23:00 : Direct: Leodagos: gracias juan
17:23:04 : Direct: juandayz: de nada
17:23:11 : Direct: Leodagos: una ultima preg
17:23:17 : Direct: juandayz: si decime
17:23:23 : Direct: Leodagos: ningun vehiculo loot se vende entonces ?
17:23:46 : Direct: juandayz: si algunos si, pero particularmente el black este no esta en la lista de venta-compra
17:24:01 : Direct: juandayz: pero todos los de mision desaparecen con el restart
17:24:10 : Direct: Leodagos: gracias
17:24:14 : Direct: juandayz: ;)
17:54:56 : Direct: juandayz: aca adentro tenes todos los traders agrupados badgut
17:56:14 : Direct: juandayz: si tu vehiculo queda aca adentro en el restart, te lo va a escupir a 200mts a la redonda
17:56:26 : Direct: Bad Guy: x lo menos no los eliminan
17:56:30 : Direct: juandayz: los vehiculos enganchados los perdes con el restart
17:56:38 : Direct: juandayz: :D
17:56:53 : Direct: Bad Guy: ya me ha pasado
17:57:45 : Direct: juandayz: tambien hay un trader q te invita a jugar ruleta rusa
17:58:00 : Direct: Bad Guy: jajaja me voy a timbear toda la guita
17:58:07 : Direct: juandayz: :D
21:24:54 : Direct: admin#2: so yo
21:25:44 : Direct: admin#2: escucha
