00:18:18 : Side: nicolas: acepta
00:18:37 : Group: nicolas: me estoy re cagando jajajaaj
00:19:45 : Group: nicolas: ea alto flash
00:19:53 : Group: Chez_Guevara: mal jajaja
00:20:03 : Group: Chez_Guevara: che puse la pantalla panoramica y se ve mucho mas jaja
00:20:13 : Group: Chez_Guevara: 16:9 
00:20:15 : Group: nicolas: jajajaj
00:21:02 : Group: Chez_Guevara: compro una moto?
00:21:11 : Group: nicolas: para ?=
00:21:15 : Group: nicolas: dale no se ajjaja
00:21:17 : Group: Chez_Guevara: Para ir al aero y lutear
00:21:23 : Group: nicolas: el cuatri no esta igual?
00:21:33 : Group: Chez_Guevara: no, sale 4000 y tengo 3000
00:22:15 : Group: Chez_Guevara: sino me compro balas
00:22:22 : Group: Chez_Guevara: eleji jajajaja
00:22:41 : Group: nicolas: jajajja vamos a luti
00:22:52 : Group: Chez_Guevara: comrpo la moto entonces?
00:22:58 : Group: nicolas: si no queda otra jaja
00:23:14 : Group: Chez_Guevara: tengo 5 balas jajaja mas la pistol
00:23:23 : Group: nicolas: te paso un cargador
00:23:46 : Group: Chez_Guevara: compro moto o 2 bicis? estan 120 nomas
00:23:49 : Group: nicolas: son re mosca los zombis
00:23:59 : Group: Chez_Guevara: salen 2 bici no?
00:24:00 : Group: nicolas: moto que tiene para meter cosas
00:24:06 : Group: Chez_Guevara: ok
00:24:55 : Group: Chez_Guevara: voy al whatsapp ahi vengo
00:26:37 : Group: Chez_Guevara: viste que te podes elejir a un gendarme o un federal? jajajajajaj me estalle
00:26:50 : Group: nicolas: jaja no no vi
00:26:55 : Group: Chez_Guevara: prendela total estamos solos
00:27:24 : Group: Chez_Guevara: che no compramos nafta jajaja vigila eso
00:27:31 : Side: Chez_Guevara: JAJAJAJAJ
00:27:31 : Group: nicolas: jajajajja
00:27:42 : Side: Chez_Guevara: eeeh invasion a la privacidad! jajajaja
00:28:01 : Side: Chez_Guevara: Jajajaja
00:28:08 : Side: Chez_Guevara: Justo que iba a chitear! ah jajaj
00:28:10 : Group: nicolas: y si te estaba puteando que pasa :B?
00:28:30 : Side: Chez_Guevara: El ban hammer jaja
00:29:35 : Group: nicolas: che pone a los zombies menos moscas :B
00:30:01 : Group: Chez_Guevara: Jaja mal estan re picantesss
00:31:01 : Group: nicolas: hay que esperar mepa
00:31:06 : Group: Chez_Guevara: Pero hay zombies y zombies jaja
00:31:12 : Group: nicolas: pero son fan de the walking dead 
00:31:32 : Group: Chez_Guevara: Claro esos son los que van 
00:31:33 : Group: nicolas: caminan ahi solo en guerra mundial z corren los zombies :BB
00:31:35 : Group: Chez_Guevara: jajaja
00:32:26 : Group: Chez_Guevara: no queda otra jaja
00:32:46 : Group: nicolas: me olvide absolutamente como cambiar a granada y eso para tirar bengalas
00:32:53 : Group: Chez_Guevara: con la f bro
00:32:58 : Group: nicolas: gracias
00:33:01 : Group: Chez_Guevara: che guarda que la moto no tiene mas espacio para armas
00:33:31 : Group: Chez_Guevara: ah yo tengo la coyote, colgue jaja
00:33:55 : Group: nicolas: aca hay un gun bag
00:34:02 : Group: Chez_Guevara: quedatelo
00:34:32 : Group: nicolas: algo anda mal 
00:34:39 : Group: nicolas: se buguea o se laguea algo
00:34:40 : Group: Chez_Guevara: que paso
00:35:22 : Group: nicolas: zobmie
00:35:34 : Group: Chez_Guevara: anda agachado y no joden
00:35:56 : Group: Chez_Guevara: guarda
00:37:05 : Group: Chez_Guevara: ahi vengo cubrime 10 segundos
00:38:08 : Side: nicolas: maestro que onda?
00:38:13 : Side: Hawk: ?
00:38:23 : Side: nicolas: estas en el aero que onda?
00:38:28 : Side: Hawk: estoy en stary
00:38:33 : Side: Chez_Guevara: Hey es amigo mio
00:38:35 : Side: Hawk: por?
00:38:43 : Side: nicolas: por que mierda flashea el sonido
00:38:55 : Side: nicolas: escuche la moto prenderse y me dio miedo jaja
00:39:03 : Side: Chez_Guevara: JAjajaja
00:39:03 : Side: Hawk: bug capaz
00:39:46 : Side: nicolas: uhh mann vamos nosssss
00:39:50 : Side: nicolas: salgamos de aca
00:40:42 : Side: Chez_Guevara: admin ese fuiste vos? jaja
00:40:47 : Side: Chez_Guevara: o eso es normal? 
00:40:56 : Side: Hawk: que cosa?
00:40:56 : Side: nicolas: eso no es normal jajaja
00:41:13 : Side: Chez_Guevara: Nos cayeron 30 zombis de golpe de la nada jaja
00:41:18 : Side: Hawk: dispararon?
00:41:33 : Side: Chez_Guevara: si
00:41:43 : Side: Hawk: ah cuando disparas salen de abajode las piedras
00:41:49 : Side: Chez_Guevara: Uhh buen dato jhajaja
00:42:12 : Group: nicolas: aca hay cosas medicas
00:42:18 : Group: nicolas: trata de caminar jajaja
00:42:42 : Group: Chez_Guevara: no dispares mas eh jajaa
00:42:56 : Group: Hawk: estamos en el ts dice Davi
00:42:58 : Group: Chez_Guevara: che
00:43:01 : Group: Chez_Guevara: esta para poner el mic eh
00:43:06 : Group: nicolas: se mal
00:43:22 : Group: nicolas: apaga la moto
00:43:27 : Group: Chez_Guevara: yo no fui jaja
00:43:53 : Side: nicolas: deja de prenderme la moto admin :(
00:44:27 : Side: nicolas: entonces es un bug... se prende la moto sola
00:44:33 : Group: Marti: Ok, en un cacho entro dice marti jajaj
00:44:34 : Group: Chez_Guevara: admin se bugea el sonido cada tanto se escucha que prenden la moto
00:44:36 : Group: Chez_Guevara: eso nunca! jajaja
00:44:44 : Side: nicolas: no puedo es una adiccion
00:44:53 : Side: Chez_Guevara: jajajaja
00:45:04 : Side: nicolas: guarda con
00:45:50 : Group: Chez_Guevara: vienen mil guarda jajaja
00:45:52 : Group: Chez_Guevara: subite
00:45:53 : Side: nicolas: lutia rapido
00:47:03 : Side: nicolas: .
00:47:06 : Group: nicolas: disparo
00:47:27 : Group: nicolas: lutia papa lutia
00:47:32 : Group: Chez_Guevara: no puedo me siguen 5
00:47:45 : Group: Chez_Guevara: me los llevo
00:49:37 : Group: nicolas: amm jaja
00:49:40 : Group: Chez_Guevara: volvamos que pegue un arma re cara
00:49:48 : Group: Chez_Guevara: ya fue jajaja
00:50:58 : Group: nicolas: tenia de todo
00:51:24 : Group: Chez_Guevara: que tenia? jajaja vamos a stary
00:51:28 : Group: Chez_Guevara: pense que era el chabon
00:51:31 : Group: Chez_Guevara: pero era un ia
00:51:36 : Group: Chez_Guevara: toquemos 
00:51:38 : Group: Chez_Guevara: despues volvemos
00:51:41 : Group: Chez_Guevara: estoy lleno
00:51:53 : Group: nicolas: una ak y 2 granadas :B
00:52:01 : Group: Chez_Guevara: no vale nadA? jajaj
00:52:32 : Group: Chez_Guevara: che entraron un par de cuerpos, guarda
00:52:41 : Group: nicolas: no entiendo si me muero si sangro si me pasa algo esos logos chotos
00:52:50 : Group: Chez_Guevara: jaja mal
00:52:56 : Group: Chez_Guevara: yo necesito mandar painkiller
00:53:23 : Group: Chez_Guevara: eu
00:53:27 : Group: Chez_Guevara: toca a stary
00:53:30 : Group: Chez_Guevara: temngo que arreglar el mic
00:55:00 : Group: Chez_Guevara: si perro
00:55:09 : Group: Chez_Guevara: che habia uno ahi
00:55:13 : Group: nicolas: sew
00:55:17 : Group: nicolas: m,
00:55:31 : Group: Chez_Guevara: mal jajaja toca a stary fue
00:55:37 : Group: Chez_Guevara: ahora en stary arreglko el mic
00:56:01 : Group: Chez_Guevara: toca jhabia uno en bici
00:56:24 : Group: Chez_Guevara: nooo jajajajaja
00:56:32 : Group: Chez_Guevara: habnia un vago en bicla
00:56:59 : Side: reconnect: buenas
00:57:00 : Group: Chez_Guevara: mal perro
00:57:04 : Side: Hawk: alo alo
00:57:05 : Side: Chez_Guevara: buenas
00:57:28 : Side: Chez_Guevara: mira como nos corren jajaja
00:57:29 : Side: reconnect: apa cambios nuevos
00:57:41 : Side: reconnect: (no van a ser cambios viejos) 
00:57:49 : Side: Hawk: Clap calp
00:57:52 : Side: Hawk: clap
00:57:58 : Side: reconnect: =P
00:58:02 : Side: Juandayz: estamos probando distintos iconos :P
00:58:12 : Side: reconnect: copado
00:58:28 : Side: reconnect: jajajaj
00:58:36 : Side: reconnect: mientras no reinicie cuando estoy volando :D
00:58:37 : Side: Juandayz: jajaja le mande un mail
00:58:43 : Side: nicolas: se laguea cada vez que entras a una ciudad u.u
00:59:07 : Side: Hawk: capaz porque venis con 100 zombies atras hdp
00:59:10 : Side: reconnect: mas de lo normal? suele cargar muchos poligonos esta basura
00:59:25 : Side: nicolas: no cuando cuando entramos a la city paso eso
00:59:46 : Side: Hawk: siempre pasa, porque carga lso edificios, anda a cherno y enjoy the 10 fps
00:59:47 : Side: reconnect: no soy experto, pero sucede como regla general en el arma2
00:59:59 : Side: nicolas: ah :) 
01:00:02 : Side: reconnect: y el standalone olvidate...injugable
01:00:16 : Side: nicolas: tan injunable es el standalone?
01:00:18 : Side: Chez_Guevara: a mi ya de por si me tira 30 fps como mucho jajaja
01:00:41 : Side: Juandayz: yo lo jugaba con 15 fps y 350 ping en un server ruso y ensima era feliz
01:00:49 : Side: Hawk: Eramos
01:00:59 : Side: reconnect: tequila y sexo con osos polares
01:01:04 : Side: reconnect: buena convinacion
01:01:06 : Side: Juandayz: :D
01:01:06 : Side: nicolas: soy yo el que grita?
01:01:08 : Side: reconnect: vodka (?)
01:01:10 : Side: Hawk: tequila en rusia
01:01:11 : Side: Hawk: wtf
01:01:13 : Side: Hawk: okz
01:01:15 : Side: reconnect: jajaj
01:01:19 : Side: Juandayz: vodka ;;;;;;;
01:01:23 : Side: Hawk: es vodka MOTHERFUCKING VODKA
01:01:31 : Side: reconnect: ye
01:01:40 : Side: reconnect: dejame mejicanearte la bebida
01:01:49 : Direct: Juandayz: meeeeeeeeeee
01:01:51 : Side: Hawk: la cola te voy a mexicanear a vos
01:02:00 : Side: reconnect: :$
01:02:00 : Direct: Hawk: jajajaj
01:02:13 : Side: reconnect: pero sin mariconeadas
01:03:47 : Side: reconnect: ahora, sabes de alcoholismo pero de fauna nada... hay osos polares en rusia?
01:04:03 : Side: Hawk: tampoco
01:04:13 : Side: Juandayz: cuises polares lo q hay
01:04:17 : Side: Chez_Guevara: che es normal que aparezcan ia de la nada no? jaja nos cruzamos a uno, me baje y me apuntaba pero no me hacia nada
01:04:43 : Side: reconnect: ah es IA? yo me puse a baolar pensando que era un admin jajajaajajaj
01:04:56 : Side: Chez_Guevara: En el aeropuerto fue igual jaja
01:05:06 : Side: Juandayz: en el airfield hay una o dos ia
01:05:11 : Side: Chez_Guevara: me quede un rato al lado y cuando vi que me apuntaba lo vole
01:05:19 : Side: Chez_Guevara: Ah de una, lo raro es que no me hacia nada jaja
01:05:23 : Side: nicolas: quien grita de dolor :B
01:05:24 : Side: reconnect: aca en el bosque entonces era un admin :*
01:05:30 : Side: Chez_Guevara: jajajaj 
01:05:37 : Side: Juandayz: lo q pasa q son medio tontos, estan seteados en dificultd baja
01:05:48 : Side: Chez_Guevara: aaah de una
01:05:55 : Side: Chez_Guevara: los picantes son los zombies la puta madre jaja
01:06:04 : Side: reconnect: eso si es de mejicano
01:07:21 : Direct: Hawk: es mas barata la nv que un arma con linterna
01:07:37 : Direct: Chez_Guevara: si esta me la encontre igual jaja
01:07:42 : Direct: Hawk: ahi va
01:07:50 : Direct: Chez_Guevara: Ahora pego la night igual
01:11:59 : Side: reconnect: soy el unico que los stalkea en fb?
01:12:15 : Side: Hawk: a quien che
01:12:26 : Side: Hawk: yo solo stalkeo menores
01:12:30 : Side: reconnect: meto comentarios a cada rato :D
01:12:35 : Side: reconnect: apa
01:13:19 : Side: reconnect: menores de 70, a vos te deben gustar las vieja
01:13:38 : Side: Hawk: todo entre 15 y 45 va a la parrilla, no hay que hacerle asco a nada
01:13:44 : Side: reconnect: kilos
01:14:13 : Side: reconnect: aunque 15 kilos... te garchas a skeletonw
01:14:33 : Side: Hawk: con 15 kilos tiene 5 a;os pedazo de hdp
01:14:41 : Side: reconnect: bo dijiste menores
01:14:53 : Side: Hawk: naa mas abajo de 15 no >p
01:15:01 : Side: reconnect: un padre grassi a mi derecha
01:15:15 : Side: Hawk: jajaja
01:16:15 : Side: reconnect: alta pirueta ameo
01:17:25 : Side: reconnect: pium pium
01:18:09 : Side: reconnect: quien anda en el huey? pa sabe si le tiro :P
01:18:27 : Side: reconnect: ese no soy yo
01:18:45 : Side: reconnect: tetan tirando chopper si quere te rescato
01:18:51 : Side: nicolas: jajaja
01:18:56 : Side: reconnect: jojojo
01:19:00 : Side: Hawk: RIP
01:19:05 : Side: Juandayz: mejor me compro un mozzin
01:21:23 : Direct: reconnect: LEVITACION
01:21:33 : Direct: Hawk: The force is with u
01:26:10 : Side: Juandayz: por lo menos ilumine todo stary
01:28:02 : Side: reconnect: alto vuelo ameo
01:28:06 : Side: Juandayz: :D
01:28:25 : Side: Juandayz: mucho polvo levanta tu porqueria esa
01:31:35 : Side: reconnect: ademas del crowbar ue mas hacia falta para remover un supply crate? no me aparece el menu D:
01:31:53 : Side: Juandayz: pala y toolbox?
01:32:01 : Side: reconnect: uuu...esta en el mozzie
01:33:01 : Side: reconnect: bien ahiii
01:33:57 : Side: reconnect: dshkm y m2 wiii
01:40:32 : Side: reconnect: no me mejicanies el mozzi
01:56:02 : Side: reconnect: rly
14:03:28 : Side: venomsmoker: buenas
20:13:31 : Side: Hawk: buenas
20:13:55 : Side: [DMN]-Mario: buanas w
20:14:07 : Side: Hawk: china number one
20:14:10 : Side: [DMN]-Mario: perdon buenas
20:14:22 : Side: Hawk: ahora si
20:16:29 : Side: [DMN]-Mario: pregunta ...ay bases militares
20:16:44 : Side: Hawk: a que te referis con bases militares_
20:17:20 : Side: [DMN]-Mario: donde encontrar armas y equipo
20:18:00 : Side: Hawk: ah si, en el airfield de nw 
20:18:06 : Side: Hawk: y en la mayoria de las cuidades hay
20:18:13 : Side: Hawk: algun spawn
20:18:19 : Side: Hawk: pero hacer misiones es lo mejor
20:18:49 : Side: Hawk: la mayoria de las armas las podes vender
20:18:52 : Side: Hawk: haces buena guita
20:19:19 : Side: [DMN]-Mario: si pero me gustaria tener un arma mejor para una mision ..je
20:25:26 : Side: [DMN]-Mario: tu eres adm?
20:25:34 : Side: Hawk: no por
20:25:50 : Side: [DMN]-Mario: preguntaba nada mas
20:26:23 : Side: Hawk: lel
20:27:26 : Side: [DMN]-Mario: tengo un problema con fps 
20:27:43 : Side: Hawk: si? yo tengo 60 en este server, como en ninguno
