01:30:11 : Group: Jej0x |Aspirante|: perrum
01:30:14 : Group: Jej0x |Aspirante|: eu
01:30:18 : Group: Leodagos: kcs toga
01:30:18 : Group: Jej0x |Aspirante|: no tengo permisos en el plot
01:30:20 : Group: Leodagos: si ahi lei
01:30:24 : Group: Leodagos: ahi voy para alal
01:30:29 : Group: Jej0x |Aspirante|: re piola eso de la ruleta
01:30:38 : Group: Leodagos: sii menos mal
01:30:39 : Group: Jej0x |Aspirante|: dale te espero aca
01:30:44 : Group: Leodagos: sino nos kbia unsa safe
01:31:06 : Group: Jej0x |Aspirante|: tene cuidado que por grishino me tiraron
01:31:13 : Group: Jej0x |Aspirante|: pero pase rapido
01:31:26 : Group: Leodagos: con q ivas ?
01:31:28 : Group: Jej0x |Aspirante|: en mas si tenes plata comprate un heli mejor
01:31:34 : Group: Jej0x |Aspirante|: con un land rover que me compre
01:31:40 : Group: Jej0x |Aspirante|: esta re cheto
01:31:44 : Group: Leodagos: cuidado q no te allan seguido
01:31:52 : Group: Jej0x |Aspirante|: no, me fije
01:31:54 : Group: Leodagos: una vuelta nos siguieron
01:31:56 : Group: Leodagos: ok
01:32:01 : Group: Jej0x |Aspirante|: el que me tiro estaba a pata
01:32:16 : Group: Jej0x |Aspirante|: y desde que me tiro vine re perseguido mirando para atras
01:32:19 : Group: Jej0x |Aspirante|: entra al ts
01:32:19 : Group: Leodagos: voy al mercado central y veo si me puedo comprar un heli
01:32:24 : Group: Leodagos: estoy ahi GRUPO 2
01:32:28 : Group: Jej0x |Aspirante|: dale es mejor
01:32:31 : Group: Jej0x |Aspirante|: ahi entro
01:37:46 : Group: Jej0x |Aspirante|: este plot pole que esta aca es tuyo o td tu amigo?
01:38:05 : Group: Jej0x |Aspirante|: lo que podemos hacer es tener 1 cada uno todos juntos
01:38:14 : Group: Jej0x |Aspirante|: y hacemos una re base
01:38:20 : Group: Jej0x |Aspirante|: ah que raro
01:38:31 : Group: Jej0x |Aspirante|: en otro sv que jugue si tenias permisos podias
01:38:38 : Group: Jej0x |Aspirante|: y hicimos 5 plot pole pegados
01:38:50 : Group: Jej0x |Aspirante|: se
01:38:54 : Group: Jej0x |Aspirante|: mal ahi
01:39:04 : Group: Jej0x |Aspirante|: y aca como hacemos ahora ?
01:39:07 : Group: Jej0x |Aspirante|: lo sacas?
01:39:25 : Group: Jej0x |Aspirante|: oka oka
01:39:33 : Group: Jej0x |Aspirante|: estaria para hacer unos cultivos aca
01:40:00 : Group: Jej0x |Aspirante|: hora me pongo a leer el librito
01:40:37 : Group: Jej0x |Aspirante|: para la de marihuana necesitamos
01:40:43 : Group: Jej0x |Aspirante|: boogieman que no se que es
01:40:54 : Group: Jej0x |Aspirante|: 2xzombiepart 1xwoodpile 1xwaterbottle
01:41:00 : Group: Jej0x |Aspirante|: lo conseguimos rapido eso
01:41:54 : Group: Jej0x |Aspirante|: aca estoy tomando un vinito....... 
01:41:59 : Group: Jej0x |Aspirante|: jajaja
01:47:21 : Group: Jej0x |Aspirante|: 3511
02:00:23 : Group: Leodagos: escribimelo
02:00:29 : Group: Jej0x |Aspirante|: sabes lo que es el paintball
02:00:45 : Group: Jej0x |Aspirante|: unos tipos de la plata juegan estilo sobrevivencia
02:01:04 : Group: Jej0x |Aspirante|: me parece que voy a juntarme una 7mil pesos y comprarme todo un equipo
02:05:52 : Group: Jej0x |Aspirante|: bajale el volumen a los vehiculos
02:06:26 : Group: Jej0x |Aspirante|: Anti-dupe: you are can´t exit of game 1 sec. After acces at inventory
02:08:28 : Group: Jej0x |Aspirante|: tippman?
02:09:28 : Group: Jej0x |Aspirante|: yo tengo un aire comprimido jack de 15mm
02:32:37 : Group: Jej0x |Aspirante|: eu
02:36:29 : Group: Jej0x |Aspirante|: para que sirve los bonos?
02:38:25 : Group: Jej0x |Aspirante|: la concha de tu madre
03:29:32 : Group: Jej0x |Aspirante|: there a plot in here or need a plot
04:32:28 : Group: Jej0x |Aspirante|: desaparecio la muochila justo cuando le guarde todo lo que tenia
04:32:44 : Group: Leodagos: mal ahi guacho
04:32:48 : Group: Jej0x |Aspirante|: fijate si vos la ves
17:51:06 : Group: Cloudsp: .
23:20:22 : Group: reconnect: si necesitas palta te doy :)
23:20:48 : Group: Fravilml: me lees?
23:20:51 : Group: reconnect: si
23:20:51 : Group: Fravilml: hola
23:20:55 : Group: reconnect: como va
23:20:55 : Group: Fravilml: jaja 
23:21:02 : Group: Fravilml: no sem recien voy empezando
23:21:08 : Group: Fravilml: estoy buscando comida
23:21:25 : Group: Fravilml: lol
23:21:28 : Group: Fravilml: hola..
23:22:04 : Group: Fravilml: gracias xD
23:22:10 : Group: reconnect: (Y)q
23:22:10 : Group: Fravilml: cuanto llevas jugando?
23:22:31 : Group: reconnect: segun  steam unas 300hs
23:22:37 : Group: Fravilml: pero en el sv? D
23:22:40 : Group: Fravilml: 300 hrs jaja
23:22:47 : Group: reconnect: unos 3 o 4 mese
23:22:57 : Group: Fravilml: aaah igual el sv lleva su tiempo
23:24:25 : Group: Fravilml: lol
23:24:35 : Group: Fravilml: en otros sv la ciudad era stary
23:24:41 : Group: reconnect: si
23:24:53 : Group: reconnect: toma dinero
23:25:12 : Group: Fravilml: lol.
23:25:16 : Group: Fravilml: Gracias :O
23:25:23 : Group: reconnect: me voy, me desconecto
23:25:23 : Group: Fravilml: cuando tenga algo bueno te lo devolvere xd
23:25:29 : Group: reconnect: suerte!
23:25:29 : Group: Fravilml: Bye :)
23:25:32 : Group: Fravilml: gracias
