00:08:08 : Side: ChakalMDP: Buenas Santiago!
02:10:36 : Side: ChakalMDP: buenas!w
02:13:24 : Side: ChakalMDP: Buenas!
02:13:33 : Side: =[666]=Pablo_RC: como va?
02:13:49 : Side: ChakalMDP: muy bien, recien arrancando
02:14:01 : Side: =[666]=Pablo_RC: bien ahi!
02:14:16 : Side: ChakalMDP: Sos argentino_
02:14:21 : Side: ChakalMDP: ?
02:15:05 : Side: =[666]=Pablo_RC: sii
02:15:08 : Side: =[666]=Pablo_RC: vos¡
02:15:14 : Side: ChakalMDP: Porque tengo problemas de comunicacion con otras personas de habla Hispana
02:15:19 : Side: ChakalMDP: Si jajaja
02:16:11 : Side: =[666]=Pablo_RC: ahira vuelvo, voy a reiniciar que tengo los fps por el piso
02:16:19 : Side: ChakalMDP: DAle, no hay drama
02:29:51 : Side: ChakalMDP: Anda mejor?
02:29:58 : Side: =[666]=Pablo_RC: seeee
02:30:32 : Side: ChakalMDP: Che, que buena onda encontrar un argentino
02:30:47 : Side: ChakalMDP: Son medio ortivas algunos que juegan
02:31:01 : Side: =[666]=Pablo_RC: siii
02:31:19 : Side: =[666]=Pablo_RC: en este server la mayoria son argentinos
02:31:33 : Side: ChakalMDP: genial
02:31:41 : Side: ChakalMDP: Hace mucho jugas?
02:32:07 : Side: =[666]=Pablo_RC: 1 año maso
02:32:18 : Side: ChakalMDP: Bastante la verdad
02:32:25 : Side: ChakalMDP: Lo que si vi es poca gente activa
02:32:51 : Side: =[666]=Pablo_RC: sii mas temprano hay mas gente3
02:33:21 : Side: ChakalMDP: con razon
02:35:07 : Side: ChakalMDP: Y son amistosos o hay muchos bandidos?
02:35:35 : Side: =[666]=Pablo_RC: la mayoria amistosos
02:37:35 : Side: ChakalMDP: Estoy algo perdido con el tema de la construccion
02:37:56 : Side: =[666]=Pablo_RC: se mucho yo tampoco se
02:38:13 : Side: =[666]=Pablo_RC: pero hay un par de tutos en youtube 
02:38:25 : Side: =[666]=Pablo_RC: no es muy complicado
02:38:30 : Side: ChakalMDP: Tendria que pispear a ver si le agarro la mano
02:49:43 : Side: ChakalMDP: Sabes al menos como dejar algo puesto? Jajaja
02:49:51 : Side: ChakalMDP: Porque estoy atoradisimo
02:50:05 : Side: =[666]=Pablo_RC: jajaja que queres dejar?
02:50:27 : Side: ChakalMDP: Una cajita segura
02:50:35 : Side: ChakalMDP: De las mas pedorras
02:50:56 : Side: =[666]=Pablo_RC: con la barra espaciadora la colocas
02:51:06 : Side: ChakalMDP: Jodeme
02:51:09 : Side: ChakalMDP: Jajajaja
02:51:23 : Side: ChakalMDP: Gracias, un genio!
02:52:02 : Side: =[666]=Pablo_RC: anotate la conbinacion
02:52:22 : Side: ChakalMDP: Si, lo que falta, que ponga la caja y no me acuerde la combinacion dsp
02:53:06 : Side: =[666]=Pablo_RC: claaa
02:54:29 : Side: =[666]=Pablo_RC: ojo que esta por reiniciar el server
02:54:39 : Side: ChakalMDP: Posta
02:54:50 : Side: ChakalMDP: Supongo que si lo pongo ahora no pasa nada
02:54:56 : Side: =[666]=Pablo_RC: desconectate y conectate en 10
02:55:14 : Side: =[666]=Pablo_RC: sii como mucho no se te aplican los cambios
02:55:27 : Side: ChakalMDP: Nos vemos en un rato entonces
03:13:33 : Side: ChakalMDP: La ia tiene helis?
03:13:46 : Side: =[666]=Pablo_RC: no
03:15:12 : Side: ChakalMDP: Andas vos entonces?
03:15:19 : Side: =[666]=Pablo_RC: jeje si si
03:15:27 : Side: =[666]=Pablo_RC: por donde estas vos¡?
03:15:43 : Side: ChakalMDP: Cerca dek mercado
03:17:12 : Side: ChakalMDP: Te parece si vamos a hacer algo de quilombo por ahi?
03:17:44 : Side: =[666]=Pablo_RC: podriamos hacer una mision
03:18:02 : Side: =[666]=Pablo_RC: esa la mayors mansion es dificil
03:18:26 : Side: ChakalMDP: La que quieras, quiero tirar un par de tiros jaja
03:18:32 : Side: =[666]=Pablo_RC: jejeje
03:18:43 : Side: =[666]=Pablo_RC: tenes rifle de sniper?
03:19:06 : Side: ChakalMDP: El mejorcito que tengo es el dmr
03:19:21 : Side: =[666]=Pablo_RC: va bien
03:19:30 : Side: =[666]=Pablo_RC: de donde lo sacaste?
03:19:39 : Side: =[666]=Pablo_RC: jaja yo no vi ni uno
03:19:51 : Side: ChakalMDP: Me cruce un grupo de IA en una camionetita y los agarre por atras
03:19:57 : Side: ChakalMDP: Lo tenian en el vehiculo
03:19:59 : Side: =[666]=Pablo_RC: jejeje
03:21:19 : Side: ChakalMDP: Como hacemos entonces?
03:21:47 : Side: =[666]=Pablo_RC: venite para el trade}
03:21:51 : Side: ChakalMDP: dale
03:21:55 : Side: ChakalMDP: Voy a pata jaja
03:26:10 : Side: =[666]=Pablo_RC: subi nomas
03:26:24 : Group: ChakalMDP: Ahora si viejo
03:26:29 : Group: ChakalMDP: Buena onda
03:26:39 : Side: =[666]=Pablo_RC: jeje
03:29:07 : Side: =[666]=Pablo_RC: quiero ver de donde podemos tirar32
03:29:15 : Group: ChakalMDP: Esta barbaro
03:29:36 : Group: ChakalMDP: Hay un par de bases que estann jamon del medio
03:29:52 : Side: =[666]=Pablo_RC: seeeee
03:30:26 : Group: ChakalMDP: Tenes un telemtro?
03:30:33 : Side: =[666]=Pablo_RC: soo
03:30:36 : Side: =[666]=Pablo_RC: sii
03:30:40 : Group: ChakalMDP: Joya
03:31:54 : Side: =[666]=Pablo_RC: durisimo!
03:31:57 : Group: ChakalMDP: Mierda que son duros!
03:33:04 : Side: =[666]=Pablo_RC: arriba de la casa hay unas ametralladoras grandes
03:33:26 : Group: ChakalMDP: Me tapan los arbustos 
03:34:57 : Group: ChakalMDP: Y como se supone que le cambio la distancia a este arma?
03:35:03 : Group: =[666]=Pablo_RC: tiramos de aca o buscamos las ametra?
03:35:10 : Group: =[666]=Pablo_RC: con av page
03:35:24 : Group: ChakalMDP: Busquemos las metras diria yo, pero vos tenes la batuta aca jaja
03:36:10 : Group: =[666]=Pablo_RC: fijate si podes ubicar las ametralladoras
03:36:15 : Group: ChakalMDP: dale
03:38:27 : Group: ChakalMDP: Tengo una
03:38:30 : Group: ChakalMDP: Cuantas hay?
03:38:37 : Group: =[666]=Pablo_RC: cro que 2
03:39:32 : Group: ChakalMDP: Estan las dos e el techo?
03:39:59 : Group: =[666]=Pablo_RC: si
03:40:19 : Group: ChakalMDP: Tengo un lugarsito de primera fila aca
03:40:35 : Group: =[666]=Pablo_RC: voy
03:41:06 : Group: ChakalMDP: Que te parece?
03:41:21 : Group: =[666]=Pablo_RC: aguanta
03:42:03 : Group: ChakalMDP: Y para colmo se larga a llover...
03:42:12 : Group: ChakalMDP: Dura la vida del sobreviviente
03:42:18 : Group: =[666]=Pablo_RC: jeje
03:42:34 : Group: =[666]=Pablo_RC: estoy buscando a los que estaban afuera
03:42:45 : Group: ChakalMDP: Veo 5 dando vueltas
03:43:06 : Group: =[666]=Pablo_RC: ok le tiramos los dos juntos a la metra?
03:43:11 : Group: ChakalMDP: sale
03:43:56 : Group: ChakalMDP: A quien le tiran?
03:44:12 : Group: =[666]=Pablo_RC: no se
03:44:14 : Group: =[666]=Pablo_RC: jeje
03:51:52 : Group: ChakalMDP: Lo bajamos?
03:52:10 : Group: =[666]=Pablo_RC: faltan
03:52:12 : Group: ChakalMDP: Creo que mate un par de survivor "Sin querer"
03:53:23 : Group: ChakalMDP: Donde esta?
03:53:47 : Group: =[666]=Pablo_RC: no lño veo
03:54:47 : Group: =[666]=Pablo_RC: uuuhh
03:54:51 : Group: =[666]=Pablo_RC: curame!
03:55:00 : Group: =[666]=Pablo_RC: bendame
03:55:00 : Group: ChakalMDP: Apa
03:55:26 : Group: =[666]=Pablo_RC: jejeje
03:55:36 : Group: ChakalMDP: Te doy epi?
03:55:42 : Group: =[666]=Pablo_RC: na
03:55:45 : Group: ChakalMDP: Joya
03:55:46 : Group: =[666]=Pablo_RC: ahi ta
03:55:52 : Group: ChakalMDP: Lo lindo de jugar en equipo jaja
03:55:58 : Group: =[666]=Pablo_RC: sssiiiiii
03:57:33 : Group: ChakalMDP: Ni puta idea donde puede estar
03:57:59 : Group: =[666]=Pablo_RC: tiene que estar aca derecho
03:58:08 : Group: =[666]=Pablo_RC: atras de los arboles
03:58:17 : Group: ChakalMDP: Puso
03:58:23 : Group: =[666]=Pablo_RC: bien!
03:59:46 : Group: ChakalMDP: Mepa que estamos, pero hay que revisar
04:00:14 : Group: ChakalMDP: Me ofresco voluntario para avanzar un poco
04:00:21 : Group: =[666]=Pablo_RC: jejeje dale
04:00:41 : Group: =[666]=Pablo_RC: te sigo
04:02:16 : Group: ChakalMDP: Uno menos jaja
04:02:58 : Group: ChakalMDP: voy
04:04:31 : Group: ChakalMDP: Fuiste vos?
04:04:32 : Group: =[666]=Pablo_RC: estaba la otra ametralladora!
04:04:35 : Group: =[666]=Pablo_RC: sii
04:04:38 : Group: ChakalMDP: UH!!!
04:05:25 : Group: ChakalMDP: Se ve despejado
04:05:30 : Group: =[666]=Pablo_RC: sip
04:06:03 : Group: =[666]=Pablo_RC: vamos}
04:08:22 : Group: ChakalMDP: Todo limpio
04:08:39 : Group: =[666]=Pablo_RC: voy a buscar el heli
04:08:42 : Group: ChakalMDP: Dale
04:09:15 : Group: ChakalMDP: Voy al ñoba vuelvo en 2
04:09:24 : Group: =[666]=Pablo_RC: ok
04:10:17 : Group: ChakalMDP: toy
04:10:39 : Group: =[666]=Pablo_RC: no me acuerdo donde joraca deje el heli
04:10:44 : Group: ChakalMDP: Jajaja
04:11:48 : Group: ChakalMDP: Lo tendria que haber dejado marcado
04:12:31 : Group: =[666]=Pablo_RC: si encontras un dmr guardamelo
04:12:58 : Group: ChakalMDP: Estoy re desepcionado, todas armas pedorras de loot, voy a ver que hay en los cuerpos
04:21:38 : Side: ChakalMDP: Volvi!
04:21:42 : Side: ChakalMDP: Jajaja
04:21:46 : Side: ChakalMDP: No se que paso
04:21:55 : Group: ChakalMDP: S
04:21:59 : Side: =[666]=Pablo_RC: se te corto
04:22:08 : Group: ChakalMDP: Se me cayo todo
04:22:32 : Group: ChakalMDP: El heli donde anda?
04:22:47 : Side: =[666]=Pablo_RC: pegado a la casa
04:23:50 : Group: ChakalMDP: Levante mejores cosas en los cuerpos que en las cajas
04:23:59 : Side: =[666]=Pablo_RC: siii
04:24:21 : Side: =[666]=Pablo_RC: vamos al trade?
04:24:30 : Group: ChakalMDP: Vamos a vender te parece?
04:24:35 : Side: =[666]=Pablo_RC: dale
04:24:48 : Group: ChakalMDP: Repartimos miti y miti o como te manejas?
04:25:17 : Side: =[666]=Pablo_RC: dale
04:25:52 : Group: ChakalMDP: Joya, decime si te queres quedar con algunas de las que levante, cache dos de rambo y una m240 con mira
04:27:02 : Group: ChakalMDP: Que habilidad!
04:27:50 : Side: =[666]=Pablo_RC: no me vendas el m24 que esta en el heli!
04:28:00 : Group: ChakalMDP: ok
04:28:17 : Group: ChakalMDP: Vendo lo que agarre primero, dsp vemos que hay en el heli
04:32:09 : Group: ChakalMDP: Che, por que puede ser que se me hallan recargado los cargadores del dmr?
04:32:35 : Side: =[666]=Pablo_RC: ni idea
04:32:49 : Group: ChakalMDP: No me quejo igual jaja
04:33:53 : Side: =[666]=Pablo_RC: listo
04:33:54 : Group: ChakalMDP: Te paso lo tuyo queres?
04:34:03 : Side: =[666]=Pablo_RC: ya vendi lo que quedaba en el heli
04:34:08 : Group: ChakalMDP: Joya
04:34:21 : Group: =[666]=Pablo_RC: cuanto 190.000 junte
04:34:25 : Group: =[666]=Pablo_RC: vos?
04:34:29 : Group: ChakalMDP: A la mierda jajaja
04:34:33 : Group: =[666]=Pablo_RC: jejeje
04:34:41 : Group: =[666]=Pablo_RC: bajate
04:34:47 : Group: ChakalMDP: Me re pasaste, yo hice 58
04:35:22 : Group: =[666]=Pablo_RC: son 250.000
04:35:34 : Group: ChakalMDP: Ahi te pase la mitad de lo que tenia
04:36:08 : Group: ChakalMDP: Joya
04:36:15 : Group: =[666]=Pablo_RC: ahi te pase 150000
04:36:20 : Group: ChakalMDP: Barbaro
04:36:32 : Group: =[666]=Pablo_RC: ahi vas juntando
04:36:41 : Group: =[666]=Pablo_RC: che me voy a dormir!!
04:36:46 : Group: ChakalMDP: Dale
04:36:55 : Group: =[666]=Pablo_RC: mañana nos vemos
04:36:57 : Group: ChakalMDP: Yo veo de hacer alguna huevada mas y tambien me voy
04:37:00 : Group: ChakalMDP: Dale!
04:37:11 : Group: =[666]=Pablo_RC: aaaah voy a sacar el heli de aca
04:37:17 : Group: ChakalMDP: jajaja, yo diria
04:37:31 : Group: =[666]=Pablo_RC: te llevo a algun lado?}
04:37:35 : Group: ChakalMDP: Me saco algun autito, gracias
04:37:42 : Group: =[666]=Pablo_RC: joya
04:40:26 : Group: =[666]=Pablo_RC: chau che!
04:40:32 : Group: =[666]=Pablo_RC: hasta mañana!
04:40:36 : Group: ChakalMDP: Nos vemos!
04:40:38 : Group: ChakalMDP: Un gusto
04:40:48 : Group: =[666]=Pablo_RC: igual!
21:18:39 : Side: NightdeadBCE: hola agus
21:18:45 : Side: NightdeadBCE: dime quien eres
21:18:51 : Side: NightdeadBCE: quieres ser mi amigo
21:18:57 : Side: NightdeadBCE: tengo caramelos. se escribe con el guion
21:19:12 : Side: Agustin: ya se jugar y escribir nene
21:19:20 : Side: NightdeadBCE: quiere ser mi amigo
21:19:23 : Side: NightdeadBCE: tengo caramelos.
21:19:38 : Side: NightdeadBCE: a lo nene rata.
21:19:43 : Side: NightdeadBCE: todo bien
21:19:56 : Side: Agustin: muy violador jajaja
21:19:59 : Side: NightdeadBCE: xd
21:20:04 : Side: NightdeadBCE: si vite cuando esta al pedo
21:20:08 : Side: NightdeadBCE: viajando en bici y no sabesa
21:20:12 : Side: NightdeadBCE: que hacer xd
21:20:41 : Side: Agustin: jajaja nunca se llena el sv?
21:20:45 : Side: NightdeadBCE: creo que nope
21:20:50 : Side: NightdeadBCE: maximo 7 jugadoresa
21:21:32 : Side: Agustin: uh re garcha amigo
21:21:40 : Side: NightdeadBCE: masomenos.
21:21:51 : Side: NightdeadBCE: mas money para mi (?9
21:22:01 : Side: NightdeadBCE: osea digamos si hay gente ahora mira somos 3 ahora van a caer algunso
21:22:05 : Side: NightdeadBCE: hasta llegar a 20
21:22:08 : Side: NightdeadBCE: com oe lsv mayormente esta vacio
21:22:12 : Side: NightdeadBCE: no entra mucha gente
21:22:27 : Side: NightdeadBCE: ahora de a poco caeran gente ya que hay jugadores
21:24:44 : Side: Agustin: hay un humanitario que me tiene de hijo, bots de mierda
21:25:01 : Side: NightdeadBCE: si quieres unimos fuerzas y hacemos mision
21:25:33 : Side: Agustin: dale, recien empiezo igual, veo si mato estos bots y despues hacemos 
21:32:05 : Side: NightdeadBCE: avisa cualqueir cosa
21:32:36 : Side: Agustin: ahora me voy a comer, mate los bots pero no tenian mochila ni nada, y no me puedo llevar la pickup
21:32:42 : Side: NightdeadBCE: ok dale :v
21:32:43 : Side: Agustin: bueno ahora vengo
22:10:14 : Side: NightdeadBCE: hola
22:10:18 : Side: NightdeadBCE: me que de enserrado en el coche
22:10:23 : Side: NightdeadBCE: help!
22:10:28 : Side: NightdeadBCE: me encerraron con llave
22:10:31 : Side: NightdeadBCE: help!!
22:10:44 : Side: NightdeadBCE: vitecunado uno se va acomer y te encierran en un auto bueno eso oapso.
22:11:05 : Side: Agustin: ajajaja es joda?
22:11:09 : Side: NightdeadBCE: nope
22:11:14 : Side: Agustin: donde?
22:11:20 : Side: NightdeadBCE: mi novia le dije voy acomer me queco en el auto vuelvo y me dejo encerrado.
22:11:23 : Side: NightdeadBCE: en el trader t.t
22:11:57 : Side: Agustin: jugas con tu novia? re piola, mi novia se me caga de risa si le digo que juegue e.e
22:12:04 : Side: NightdeadBCE: ;-c
22:12:10 : Side: Agustin: que trader? son re raros los traders aca jajaja
22:12:13 : Side: NightdeadBCE: si pero ahora esta afk y estyoy ene l auto encerrado t.t
22:12:17 : Side: NightdeadBCE: MERCADO CENTRAL
22:12:20 : Side: NightdeadBCE: el verde
22:12:29 : Side: NightdeadBCE: Que esta abajo de puestro de troncolt tango92
22:12:37 : Side: NightdeadBCE: Cerca de la mision t.t
22:13:10 : Side: NightdeadBCE: listo por fin se movio
22:13:11 : Side: Agustin: esta re lejos amigo, estoy en cherno
22:13:11 : Side: NightdeadBCE: :v
22:13:13 : Side: NightdeadBCE: xd
22:14:11 : Side: NightdeadBCE: suieres ayuda o algo ?
22:14:15 : Side: NightdeadBCE: estamos recaudando armas
22:14:17 : Side: NightdeadBCE: de las bases
22:14:21 : Side: NightdeadBCE: para luego hacer la misioon
22:14:39 : Side: Agustin: por ahora no, quiero ir a chusmiar que onda eso de trabajos
22:15:16 : Side: NightdeadBCE: bueno avisame cualquier cosa
22:18:10 : Side: NightdeadBCE: quieres que te invite a grupo ?
22:32:58 : Side: Agustin: che que zonas son para comprar y eso?
22:33:05 : Side: NightdeadBCE: mercado central.
22:33:17 : Side: NightdeadBCE: ahi estan todo.
22:33:26 : Group: NightdeadBCE: holi
22:33:32 : Side: Agustin: y nada mas?
22:33:36 : Group: NightdeadBCE: esta alado del castillo de diablo
22:33:39 : Group: NightdeadBCE: otra zonas nose >S
22:33:42 : Group: Agustin: holuu
22:34:19 : Group: Agustin: un re viaje es jajajd
22:34:23 : Side: NightdeadBCE: se
22:35:13 : Side: NightdeadBCE: //
22:35:16 : Group: NightdeadBCE: estrasm u lejo
22:35:19 : Group: NightdeadBCE: demaciado lejos
22:37:49 : Group: Agustin: esa antena 4 no es otro lugar ? 
22:38:17 : Group: NightdeadBCE: nio revise aun digamos que el sv esta distinto a otros
22:38:44 : Group: Agustin: es todo distinto sisi por eso yo voy chusmeando aver que onda
22:50:47 : Group: NightdeadBCE: te vamos a uscar
22:50:48 : Group: NightdeadBCE: si quieres.
22:51:10 : Group: Agustin: estoy en antena 4 tienen como llegar?
22:51:15 : Group: NightdeadBCE: se
22:51:19 : Group: Agustin: okas
22:56:13 : Group: SabryBCE: las zonas verdes que estan cerce tuyo son enemigos?
22:56:33 : Group: Agustin: Re raro te escucho
22:56:45 : Group: Agustin: no se entiende
22:58:05 : Group: Agustin: mmm no hay lugar aca jajaja
22:58:09 : Group: NightdeadBCE: T.T
22:58:18 : Group: NightdeadBCE: BUE VENDEMOS
22:58:23 : Group: NightdeadBCE: Y COMPRAMOS UNO MEJOR DALE
22:58:24 : Group: NightdeadBCE: XD
22:58:27 : Group: NightdeadBCE: TU NOSE 
22:58:36 : Group: NightdeadBCE: QUE ARMA TIENES
22:58:37 : Group: Agustin: a bici jajajajaj
22:58:42 : Group: Agustin: el fal nada mas
22:58:43 : Group: NightdeadBCE: .TENEMOS 44 BALAS DE M4.
22:59:17 : Group: Agustin: para que tanto ? ajajajaj
22:59:30 : Group: NightdeadBCE: NOSE TEDE DEJE POR SI ACASO VITE XD
23:00:05 : Group: Agustin: jajajaja tengo el fn fal con 4 cargadores igual me encanta el m8 xd
23:00:12 : Side: NightdeadBCE: ok :S
23:00:24 : Group: NightdeadBCE: trataremos de conseguir un mejor vehiculo
23:01:06 : Group: Agustin: yo estoy tratando de vender las latas de fanta esas que son medias caritas pero re lejos ese mercado e.e
23:05:45 : Group: Agustin: asa nadie me dijo que me estaba muriendo de sed y de hambre, pequeño detalle
23:06:09 : Group: NightdeadBCE: tiene cosas?
23:16:24 : Group: Agustin: che para que queres faso en este juego
23:26:07 : Group: SabryBCE: night se fue
23:26:21 : Group: SabryBCE: y yo tambien me tengo que ir
