03:09:19 : Direct: Viciuz: Sabes aceptar solicitud de grupo?
03:09:23 : Direct: Viciuz: se hace por radio xD
03:10:15 : Direct: Viciuz: consegui trabajo xD
03:10:20 : Direct: Viciuz: por eso no pude jugar
03:10:38 : Direct: Viciuz: jajajajajajaja
03:10:40 : Direct: Viciuz: te lo juro
03:12:18 : Direct: Viciuz: Vamos por Max, ¿es tu amigo?
03:12:28 : Direct: Viciuz: tengo una Suv fuera de acá
03:12:32 : Direct: Viciuz: podemos ir a recogerlo
03:24:32 : Direct: Viciuz: dejare mi safe aca
03:24:36 : Direct: Viciuz: puedes guardar cosas si gustas
04:32:01 : Direct: Viciuz: tienes una rueda?
04:34:53 : Direct: Viciuz: ven
04:34:55 : Direct: Viciuz: traela
04:34:59 : Direct: Viciuz: la voy a pegar
04:37:40 : Direct: Viciuz: ven
04:37:40 : Direct: Viciuz: ven
04:37:41 : Direct: Viciuz: ven
04:37:42 : Direct: Viciuz: ven
05:00:20 : Direct: Viciuz: remolcame
05:00:22 : Direct: Viciuz: pls
18:15:30 : Direct: juandayz: hola mario, q tal te trata el server
18:17:06 : Direct: juandayz: :) me alegro te guste, si tenes alguna duda decime
