00:17:17 : Side: Bad Guy: haa como extraniaba el AS50
00:17:36 : Side: JF: jaja
00:17:51 : Side: Bad Guy: haciendo las misiones de 1000 1200 m de distancia
00:25:11 : Side: Nikyta: buenas 
00:25:20 : Side: Bad Guy: buenas
00:25:22 : Side: Nikyta: andas por la zona ?
00:26:23 : Side: JF: buenas ...
00:30:53 : Side: JF: que estas hacien ahora nikyta?
00:31:03 : Side: Nikyta: van a hacer la mision?
00:32:36 : Side: Nikyta: van a hacer la mision jf
00:32:57 : Side: JF: no te preguntaba por las dudas querias ir hasta mi base
00:33:17 : Side: Nikyta: estas fuera vos ?
00:33:30 : Side: JF: si..
00:33:44 : Side: Nikyta: jaja ok
00:34:14 : Side: Bad Guy: q nervioso q me pone ese jet del orto
00:34:25 : Side: Nikyta: jajajaj a mi tambien xd
00:34:52 : Side: Bad Guy: a mi ya me engancho el otro dia y no se como no me volo el mozzie
00:35:06 : Side: JF: jaja yo aterrice porque casi me lo choco,,
00:35:46 : Side: Bad Guy: yo taba dando vueltas haver si encontraba un humvie y cuando aterrize para buscar comida me vuela el mercadito
00:36:01 : Side: Nikyta: ahi vuelvo xd
00:45:16 : Side: Bad Guy: bueno creo q con esto me tiene q alcanzar para la base
00:45:43 : Side: JF: loteaste mucho?
00:46:07 : Side: Bad Guy: enganche la mision de municion pesada AJJAJA
00:46:39 : Side: JF: nikyta vamos o no queres?
00:47:04 : Side: Nikyta: anda al mercado central xd
00:47:47 : Side: JF: vos estas alla?
00:48:15 : Side: Nikyta: ya estoy aca xd
00:48:35 : Side: Bad Guy: te cansaste del auto oxidado nikyta?
00:48:44 : Side: Nikyta: jajaajaj si si
00:48:55 : Side: Nikyta: habia que cambiar de modelo
00:49:31 : Side: JF: AHHque cagazo por esperarte estaba comodamente tirado en el pastito  y cuando acorde tenia un chancho jabali al lado que lo pario..
00:49:32 : Side: Nikyta: el otro ya no me pasaba la vtv y tube una buena cosecha ;)
00:49:47 : Side: Nikyta: jajajajajajjaja+
00:53:45 : Side: Bad Guy: waa le erre de heli
00:54:23 : Side: Nikyta: jajaj que fueron esos gritos ??
00:54:27 : Side: Bad Guy: mios
00:54:37 : Side: Bad Guy: me desmaye AJJAJAJA
00:54:44 : Side: Nikyta: que te agarraste los dedos con la puerta ? jajajajaja
00:55:02 : Side: Bad Guy: vengo un poquito pasado de peso JAJAJAAJ
00:55:04 : Side: Nikyta: te ayudo ?
00:56:53 : Side: Nikyta: que no se te valla a soltar el auto jajajajajaj
00:57:02 : Side: Bad Guy: no pasa naranja
00:57:24 : Side: Nikyta: claro vos lo desis por que no lo tenias ensima jajajajaj
00:57:38 : Side: [WG] SnakeGeneral: nikyta
00:57:43 : Side: Nikyta: sep
00:57:52 : Side: [WG] SnakeGeneral: you have hele ?
00:58:18 : Side: Nikyta: no hablo ingles xd
00:58:32 : Side: Davi: pregunta si tenes heli
00:58:34 : Side: [WG] SnakeGeneral: jo tienes heliw
00:58:40 : Side: Nikyta: no 
00:58:45 : Side: Nikyta: jajaja
00:59:17 : Side: [WG] SnakeGeneral: no haja una persona con hele en lo serve
00:59:26 : Side: JF: snake you are in zona infest
00:59:53 : Side: Bad Guy: tocame el heli y se te pudre todo brasilerito
00:59:54 : Side: JF: my have one heli
00:59:58 : Side: [WG] SnakeGeneral: me teleported for bug game in zona final map
01:00:07 : Side: Nikyta: jajajaja
01:00:11 : Side: Davi: where are you snake?
01:00:49 : Side: [WG] SnakeGeneral: 152 000 map
01:01:03 : Side: JF: marca you psicion in de map
01:01:07 : Side: [WG] SnakeGeneral: 14.730m for safe zone
01:01:34 : Side: Davi: you need help or what?
01:01:54 : Side: [WG] SnakeGeneral: yes game for bug teleported me for water in finish map
01:02:39 : Side: Bad Guy: huuuuuu me quede sin puchos
01:03:06 : Side: Nikyta: eso si que es malo a la hora de construir xd
01:03:41 : Side: Bad Guy: sali apurado del laburo y me olvide de comprar
01:04:15 : Side: Nikyta: yo doy gracias a dios que tengo a la vuelta de mi casa una gell 24 hs xd
01:04:39 : Side: Bad Guy: yo ni ganas de sacar la moto para ir a comprar puchos
01:05:38 : Side: Bad Guy: lo peor es q se me queman solos cuando estoy en la pc
01:05:54 : Side: JF: Jajaja-taal cual
01:05:58 : Side: Nikyta: te entiendo :(
01:06:34 : Side: Bad Guy: huuuu loco como se desmaya este forro
01:06:43 : Side: JF: snack aguanta voy en camino
01:07:18 : Side: [WG] SnakeGeneral: 149 001
01:09:37 : Side: Bad Guy: huuuuuuuuuuuuuuuuuuuuuuu entra chanta el heli
01:12:43 : Side: [WG] SnakeGeneral: here you JF ?
01:13:02 : Side: JF: YES
01:13:26 : Side: [WG] SnakeGeneral: me in 143 000
01:13:31 : Side: [WG] SnakeGeneral: 146 00
01:16:35 : Side: [WG] SnakeGeneral: 144 000
01:18:24 : Vehicle: [WG] SnakeGeneral: thxs
01:18:38 : Vehicle: [WG] SnakeGeneral: yo going safe zone ?
01:19:31 : Side: JF: BUENO 
01:19:44 : Side: [WG] SnakeGeneral: thxs you going safe zone ?
01:20:05 : Side: Bad Guy: bueeeno este cuerpito se retira
01:20:41 : Side: Bad Guy: ns vemos gente
01:20:42 : Side: Nikyta: por que no tenes mas puchos jaja
01:20:48 : Side: Nikyta: por que si no seguias xd
01:20:57 : Side: Bad Guy: jajajaj aparte de q me tengo q levantar temprano
01:21:01 : Side: Rommel: q onda el sv?
01:21:08 : Side: Rommel: vale la pena para instalarse?
01:21:11 : Side: JF: JAJA YO RECIEN ABRO UN ATADITO 
01:21:19 : Side: Bad Guy: forrro mandame uno
01:21:37 : Side: Davi: Rommel aparentemente si
01:21:50 : Side: Bad Guy: y mira rommel depende si te gustan los pve o pvp
01:21:52 : Side: Rommel: tiene buen logueo durante las horas pico?
01:21:57 : Side: JF: AAjajajaja esperame en el trader y fumamo s una hierba 
01:22:06 : Side: Rommel: aguante el pvp amigo, si jugas dayz mod es para pvp
01:22:22 : Side: Davi: Igual este es mod epoch
01:22:32 : Side: Davi: el dayz mod hace mil no se juega
01:22:34 : Side: Rommel: perdon, epoch mod.
01:22:37 : Side: Davi: aaa
01:22:42 : Side: Davi: en fin
01:22:51 : Side: Rommel: tiene buen logueo ?
01:22:54 : Side: Davi: si vas a krasnostav trata de no acercarte al airfield
01:23:05 : Side: Bad Guy: todavia no esta entrando mucha gente
01:23:35 : Side: Rommel: es el momento de convencer a mi compañero de formula jaja
01:23:39 : Side: Bad Guy: jajaajjaaj
01:24:02 : Side: Bad Guy: yo estaba tratando de convencer a unos pibes para q se vengan para aca, pero se fueron todos al arma 3
01:24:08 : Vehicle: [WG] SnakeGeneral: lol 800 m alt
01:24:55 : Side: Rommel: yo igual, jugaba un server con scrypts de puta madre y unicos, pero empezaron a irse al arma 3
01:25:50 : Side: JF: yes fiend x danger of soth
01:35:27 : Side: Bad Guy: haaa q lindo q mi vieja tenga puchos escondidos
01:35:44 : Side: Nikyta: haajajaja ahora no se va nada jajajajajaja
01:35:59 : Side: Bad Guy: jajaj tuve q cerrar el juego xq se me desenchufaron los auris
01:36:14 : Side: Leodagos: buenas
01:36:16 : Side: Nikyta: jajajaaj
01:36:51 : Side: Rommel: pregunta, los circulos verdes son supply crates?
01:37:08 : Side: Bad Guy: los circulos verdes son del trader ambulante
01:37:12 : Side: [WG] SnakeGeneral: thxs JF
01:37:15 : Side: Bad Guy: ves el circulo azul q se mueve?
01:37:40 : Side: Rommel: no, ni idea donde esta jaja
01:37:53 : Side: Rommel: al norte de elektro puede ser?
01:37:57 : Side: Bad Guy: ahora esta al norte de electro
01:37:59 : Side: Bad Guy: se
01:38:05 : Side: Bad Guy: ese circulo azul es el trader ambulante
01:38:15 : Side: Rommel: la puta madre, hace como 1 año q no jugaba esto estoy re manija
01:38:17 : Side: Bad Guy: va circulando creo q cada 5 minutos si no me equioco
01:38:21 : Side: JF: guauu jojojo 
01:38:32 : Side: Rommel: voy a coquear a mi compi jaja
01:38:38 : Side: Rommel: hasta mañana
01:38:41 : Side: Bad Guy: jaja nv
01:40:34 : Side: Bad Guy: q feos q son los lucky lpm
01:42:21 : Side: Bad Guy: q fiestita q me haria si hubiera cargado municion al heli jJAJAJAJ
01:46:36 : Side: Nikyta: bueno me voy a dormir hasta mañana 
01:46:42 : Side: Leodagos: nv
01:46:48 : Side: JF: aki tengo la hierba bad
01:47:13 : Side: Bad Guy: no funo esas cosas malas yo (?
01:47:21 : Side: Bad Guy: ns vemo nikyta
01:47:21 : Side: JF: chau nikyta buen descanso..
01:47:31 : Side: JF: jajaja...
01:47:57 : Side: Nikyta: gracias y no se acuesten tarde ;) jajajaj
01:48:05 : Side: Leodagos: jajjajaja
01:48:07 : Side: JF: hey leo como va 
01:48:09 : Side: Bad Guy: ponele
01:48:15 : Side: Bad Guy: ya me acoste temprano toda la semana pasada
01:48:24 : Side: Leodagos: yo tambien me giro
01:48:26 : Side: JF: yo como a las 5
01:48:35 : Side: Leodagos: hola jf todo bien ?
01:48:41 : Side: Bad Guy: yo a las 6 de la tarde ya estaba roncando
02:01:03 : Side: Bad Guy: hay pero q idiota
02:05:28 : Side: Braian |Aspirante|: buenas noches gente. :)
02:06:08 : Side: JF: Hola , como esta Braian, 
02:06:30 : Side: Braian |Aspirante|: bien bien y vos ?
02:07:38 : Side: JF: bien amigo..
02:07:50 : Side: Braian |Aspirante|: me alegro ;)
02:08:24 : Group: Leodagos: te hablo x el juego xq estoy escuchando musica aca
02:08:27 : Group: Braian |Aspirante|: donde andas guachin
02:08:29 : Group: Leodagos: todo bien ?
02:08:39 : Group: Braian |Aspirante|: sep vos ?
02:08:52 : Group: Leodagos: yyhasta hace un rato eramos como 8 en el server y estot rastreando la base de los br
02:09:19 : Group: Braian |Aspirante|: jaja
02:09:41 : Group: Braian |Aspirante|: donde esta la base millitar
02:10:08 : Group: Leodagos: arriba a la derecha en el campo aeoreo
02:10:12 : Group: Leodagos: aereo
02:10:13 : Group: Leodagos: dice
02:10:20 : Group: Leodagos: area militar
02:10:27 : Group: Braian |Aspirante|: ohh
02:10:44 : Group: Braian |Aspirante|: que hacemos vamos aver que honda je
02:10:57 : Group: Leodagos: se
02:11:00 : Group: Braian |Aspirante|: nos juntamos con el jf je
02:11:27 : Group: Leodagos: juega solo
02:11:33 : Side: Braian |Aspirante|: che jf ya pasaste por el areamillitar aver que honda je
02:12:15 : Side: Braian |Aspirante|: -
02:12:19 : Side: JF: no , ni ahi - por ahora medio lejos jaja
02:12:31 : Side: Braian |Aspirante|: jaja
02:13:03 : Group: Braian |Aspirante|: que lastima que no aya tanques sabes que entas con uno de esos y gg
02:14:07 : Group: Braian |Aspirante|: vamos en heli ?
02:14:15 : Group: Leodagos: se
02:14:27 : Group: Braian |Aspirante|: oka me pregapro je
02:14:34 : Group: Braian |Aspirante|: preparo je
02:14:35 : Group: Leodagos: joya
02:14:55 : Group: Leodagos: dejalas abiertas las safes si las abris
02:15:00 : Group: Leodagos: asi no hay q abrirlas
02:15:03 : Group: Leodagos: y solo las cerramo
02:15:06 : Group: Leodagos: cuando nos amos
02:15:55 : Group: Leodagos: el otro dia ise una mision desde la base xD
02:16:09 : Group: Braian |Aspirante|: je piola
02:16:51 : Group: Braian |Aspirante|: vos llevas la lockbox chica para meter la llave y eso 
02:16:58 : Group: Leodagos: se
02:17:06 : Group: Braian |Aspirante|: oki
02:17:32 : Group: Braian |Aspirante|: en que venis je?
02:17:41 : Group: Leodagos: igual no creo q lo podamos hacer
02:17:43 : Group: Leodagos: a pata
02:18:38 : Group: Braian |Aspirante|: eh ahi que ver de lejos primero por que viste que ahi helis con 6 persosnas que seguro se tiran en paracaidas
02:18:55 : Group: Leodagos: si de una
02:19:58 : Group: Braian |Aspirante|: igual viste cuanto queda en el server calculo hacerla despues del res, haci ya estamos aya y sabemos bien con que nos vamos a encontrar
02:21:41 : Group: Braian |Aspirante|: por que el cuat esta afuera 
02:21:55 : Group: Leodagos: xq aparecio adentro de la puerta un dia
02:22:05 : Group: Braian |Aspirante|: jaja
02:22:33 : Group: Leodagos: cuando lo desloquie no exploto de casualidad
02:22:42 : Group: Braian |Aspirante|: jaja
02:23:54 : Group: Braian |Aspirante|: che pordiamos espandir este lado una pared mas no ?
02:24:06 : Group: Leodagos: cada plot admite
02:24:10 : Group: Leodagos: 150 items
02:24:13 : Group: Leodagos: vamos 133
02:24:28 : Group: Braian |Aspirante|: ahmm
02:24:44 : Group: Braian |Aspirante|: dejame contar je
02:25:08 : Group: Leodagos: te dice el pole cuando lo mantenes
02:25:13 : Group: Braian |Aspirante|: del del camion para ya 
02:25:38 : Group: Leodagos: pero para que queres expandir
02:25:42 : Group: Leodagos: si llegas a 150
02:25:48 : Group: Leodagos: no te deja meter mas safe x ejemploo
02:25:58 : Group: Leodagos: yo creo q el stash es mas importante que el espacio
02:26:05 : Group: Leodagos: evidentemente esta hecho para tener varios poles
02:26:17 : Group: Leodagos: si qeres tener mas lugar
02:28:04 : Group: Leodagos: ahi vengo
02:28:17 : Group: Braian |Aspirante|: oka
02:37:06 : Group: Leodagos: podemos irnos acercando
02:37:32 : Group: Braian |Aspirante|: se
02:38:15 : Group: Leodagos: bancame un toque q estoy calentando agua para el mate
02:38:30 : Group: Braian |Aspirante|: ok
02:39:03 : Group: Braian |Aspirante|: yo creo dos pabas por que esto va a llevar mucho tiempo je
02:42:32 : Group: Leodagos: bueno vamos llendo
02:42:44 : Group: Braian |Aspirante|: LLEVAS LA LOCK ?W
02:42:48 : Group: Leodagos: sip
02:43:03 : Group: Leodagos: manejas ?
02:43:07 : Group: Braian |Aspirante|: tiene combu ?
02:43:14 : Group: Leodagos: see
02:43:32 : Group: Braian |Aspirante|: como quieras
02:43:53 : Group: Leodagos: no bajes muy cerca
02:44:07 : Group: Braian |Aspirante|: no
02:47:18 : Group: Leodagos: baja
02:47:55 : Group: Braian |Aspirante|: lo hicieron mierd
02:48:02 : Group: Leodagos: 1000 es muy cerca wachin
02:48:33 : Group: Braian |Aspirante|: pence que estaban mas pa ya
02:49:58 : Group: Braian |Aspirante|: veo unos galpones que por ahi podemos hacer bajas
02:50:25 : Group: Braian |Aspirante|: son esos que estan aya los ves
02:51:17 : Group: Leodagos: no veo nada desde aca
02:51:17 : Group: Braian |Aspirante|: si queres los zombi me encargo yo
02:51:38 : Group: Braian |Aspirante|: aya donde esta la suv roja
02:52:04 : Group: Leodagos: desde alla queres disparar decis vos ?
02:52:11 : Group: Leodagos: vamos llendo
02:52:11 : Group: Braian |Aspirante|: mepa 
02:52:26 : Group: Braian |Aspirante|: va encadia esta bueno
02:53:46 : Group: Braian |Aspirante|: heli
02:53:51 : Group: Braian |Aspirante|: guarda
02:54:38 : Group: Braian |Aspirante|: nos veran ?w
02:56:24 : Group: Leodagos: voy a desloguear
02:56:29 : Group: Leodagos: vuelvo despues del reset
02:56:34 : Group: Leodagos: asivame si entras primero
02:56:52 : Group: Braian |Aspirante|: ves algo je
02:56:58 : Group: Braian |Aspirante|: oka
02:57:00 : Group: Leodagos: no me quiero ni asomar todavia
11:53:33 : Side: Rommel: buenas, gracias por la info
11:55:21 : Side: Rommel: te hago una pregunta, consideraron alguna vez poner los zombies solamente para q caminen?
11:56:52 : Side: Rommel: jaja, en realidad es depende del enfoq del server
11:57:10 : Side: Rommel: xq si caminan, se concentran en el pvp y si corren es mas onda pve, de ultima hace una encuesta en la fan page
11:58:56 : Side: Rommel: yo igual, qdate tranki q ya estoy convenciendo a mi compañero de formula para venir a hacer bardo
11:59:06 : Side: Rommel: no te parece la idea de la encuesta en la fan page?
12:24:54 : Side: JF: Hola , como estan ?.
13:45:57 : Side: JF: Gracias Juan por avisarme justo me habia sacado la mochila y estaba en el piso , 
13:48:25 : Side: JF: A la madrugada perdi todo como la otra ves , me quede dormido y me hecharon jaja , lo que mas siento es la large lumbe..
13:49:00 : Side: JF: que me la regalo nikyta por una mision-- 
13:55:08 : Direct: adm#2: toma
13:55:35 : Side: JF: gracias adm--
14:00:34 : Side: Jonny Bravo: ola
14:01:53 : Side: Jonny Bravo: Hola
14:02:19 : Side: JF: Hola jonny..
14:02:52 : Side: Jonny Bravo: que onda, es pvp el servidor ?
14:04:30 : Side: JF: mas bien no , pero esta muy bueno , por ahi se arma la grsca igual, aki hay mucos recursos y es mas constructivo..
14:05:07 : Side: Jonny Bravo: si vi que hay para hacer trabajosw
14:07:57 : Side: LarzuK: buenas
14:08:38 : Side: JF: Hola Larzuk , todo bien?
14:09:34 : Side: Jonny Bravo: entonces si veo alguien puedo rolear o me matan al toque ?
14:11:29 : Side: JF: tenes que probar , lo que pasa que si sos nuevo por ahi no te conocen , tenes que entrar en confianza y te prendes de las misiones..
14:11:46 : Side: Jonny Bravo: que son las paradas ?
14:12:53 : Side: JF: lugares optativos para no tener que hacer todo el viaje hata el mercado central
14:13:32 : Side: Jonny Bravo: quienes son los admins? 
14:16:14 : Side: JF: Un tal Juan carneador de ovejas, jaja , que anda medio borrado y otra gente que se van turnando.. 
14:16:45 : Side: JF: chucky y adm 2--
14:17:05 : Side: Jonny Bravo: y el loot que onda? no encuentro nada xD
14:17:40 : Side: JF: jajaja mas perdido que turco en la neblina..
14:18:50 : Side: Jonny Bravo: a ver si me alcanzan las balas para los zombies
14:24:43 : Side: LarzuK: buenas
14:26:54 : Side: LarzuK: hola 
14:28:58 : Side: JF: Hola Larzuk
14:30:33 : Side: JF: JONNI VENITE AL  MERCADO CENTRAL Y TE AYUDO..
17:07:57 : Side: Nikyta: hoooooo !!!!!!!
17:08:15 : Side: vodka: jajajaw
17:09:26 : Side: Nikyta: juan te nesecito en casa xd
17:14:13 : Side: Nikyta: juan deja de jugar a ser dios y aparece !! jajaja
18:47:06 : Side: Azrael1x: hola hola
19:12:23 : Side: [WG] SnakeGeneral: admin
19:12:39 : Side: Azrael1x: ehhhh juan!!
19:12:43 : Side: [WG] SnakeGeneral: pq lo game estas a cai
19:12:46 : Side: juandayz: hola azra
19:13:09 : Side: juandayz: por que , no te entiend snale
19:13:12 : Side: juandayz: snake
19:13:15 : Side: [WG] SnakeGeneral: ?
19:13:25 : Side: juandayz: can u say in english?
19:13:44 : Side: [WG] SnakeGeneral: quero saber por que o jogo esta caindo do nada...
19:14:12 : Side: juandayz: ah se cayo el juego? abra tenido un corte el vps
19:14:26 : Side: Azrael1x: ayer 3 al hilo
19:14:43 : Side: [WG] SnakeGeneral: eu perdi 1 heli por causa dessas quedas
19:14:46 : Side: juandayz: q mal, venia andando bien
19:14:55 : Side: juandayz: ahi te lo devuelvo snake
19:15:18 : Direct: juandayz: hi
19:15:29 : Direct: juandayz: veni afuera q te doy elo heli
19:15:44 : Direct: [WG] SnakeGeneral: eu ja comprei ele
19:16:45 : Direct: juandayz: keys into the heli
19:17:02 : Direct: [WG] SnakeGeneral: thxs
19:18:30 : Direct: juandayz: ojo cuando mates a los bots de la mision, q en elo destacamento hay otros bots
19:18:58 : Side: juandayz: hola gustavo
19:19:10 : Direct: Azrael1x: uh me olvide de esa gracias
19:19:18 : Direct: juandayz: ;)
19:19:29 : Direct: juandayz: despues andate a krasnostav q es un bardo
19:19:36 : Direct: juandayz: y hay loot q no apareece
19:19:44 : Direct: Azrael1x: si estoy tentado ahi
19:25:46 : Side: Nikyta: admin ??
19:27:04 : Side: Azrael1x: el loot de las cajas no aparece hasta que matas el ultimo boot no?
19:28:02 : Side: Nikyta: tengo problemas para construir
19:28:25 : Side: Nikyta: jajajajaja
19:28:31 : Side: Azrael1x: XD
19:30:20 : Direct: juandayz: q onda
19:30:27 : Direct: Nikyta: y ahora me dice que no puedo construir por que hay demaciados objetos xd
19:30:40 : Direct: juandayz: y pasa  q colmaste el plot
19:30:47 : Direct: Nikyta: quise borrar algunas cosas pero tampoco me deja
19:30:59 : Direct: juandayz: no, tenes q borrar y borrar hasta q te deje
19:31:00 : Direct: Nikyta: como los pisos de arriba de la escalera
19:31:18 : Direct: juandayz: suele pasar, cuando llegas al limite
19:31:20 : Side: Azrael1x: se fue a la mierda el boot jaja no lo encuentro
19:31:30 : Direct: juandayz: despues es como q se bugea o algo asi
19:31:43 : Direct: juandayz: y empezas a borrar como boba hasta q te deja de nuevo
19:32:00 : Direct: Nikyta: podes borrar los pisos nde la parecia a parecita 
19:32:16 : Direct: Nikyta: pero tampoco me deja borra
19:33:12 : Direct: juandayz: q queres borrar?
19:33:31 : Direct: Nikyta: ahi me paro en las que quiero borrar
19:33:34 : Direct: Nikyta: para
19:33:58 : Direct: Nikyta: estos dos pisos
19:34:30 : Side: Azrael1x: no veo marca en el mapa :(
19:34:54 : Direct: Nikyta: y estas tres xd
19:35:28 : Side: Azrael1x: :D graciassss
19:35:55 : Direct: juandayz: cual mas?
19:36:33 : Direct: juandayz: ?=
19:36:35 : Direct: Nikyta: y la de arriba de la camioneta 
19:36:55 : Direct: Nikyta: ahora si a ver si puedo
19:37:10 : Direct: Nikyta: gracias xd
19:37:59 : Direct: juandayz: te deja?
19:39:29 : Direct: Nikyta: ahora si
19:39:33 : Direct: juandayz: joya
19:39:54 : Direct: juandayz: q es de la vida de rolo?
19:39:58 : Direct: juandayz: vive todabia?
19:40:23 : Direct: Nikyta: jajaja si de joda como siempre jajaj
19:40:36 : Direct: juandayz: decile q se aparezca
19:44:50 : Direct: juandayz: para servir y proteger
19:44:55 : Direct: juandayz: :D
19:45:06 : Direct: Azrael1x: jaja te quise saludar y no me salio XDÇ
19:45:10 : Direct: juandayz: jajaj
19:47:44 : Side: juandayz: azra, vamos a reventarle la base a nikita?
19:47:56 : Side: juandayz: tiene hasta pileta la gila.. le cabe
19:48:29 : Side: Azrael1x: uhh si de una,con esto del apocalipsis hace rato que no me baño
19:48:36 : Side: juandayz: ajaj
19:48:53 : Side: Nikyta: heee que andas hablando jajajajajaj me siento y leo de refilon jajaja
19:50:13 : Side: Azrael1x: weee me vendi mis armas jaja que nabo
19:54:33 : Direct: juandayz: jajaj
19:54:36 : Direct: juandayz: q cagaso
19:54:39 : Side: Nikyta: LA PUTA MADRE !!!!!!!!!!!!!!!!!!!!!!!!!!
19:54:45 : Direct: juandayz: :D
19:55:04 : Side: Nikyta: QUE CAGASO !!!!!!!
19:55:05 : Direct: juandayz: ahora te cabe un tiro
19:56:08 : Side: Azrael1x: che no se puede hacer littles con las partes aca no?
19:56:19 : Side: juandayz: nop
19:56:24 : Side: Azrael1x: okas
19:56:26 : Side: juandayz: solo la bici
19:57:21 : Side: juandayz: pedile un heli a snake y a share , los coleccionan :P
19:57:46 : Side: Azrael1x: hay gente rica en este mundo eh
19:58:00 : Side: [WG] SnakeGeneral: eu tenho 1 com 1 as50 presa por bug do jogo
19:58:18 : Side: juandayz: no podes abrirlo?
19:58:41 : Side: [WG] SnakeGeneral: no
19:58:47 : Side: juandayz: ahi te lo abro
20:01:12 : Side: [WG] SnakeGeneral: eu vo la onde ele esta
20:01:19 : Side: juandayz: ok
20:03:16 : Side: Azrael1x: me armo y me voy para krasnotav...se prended alguien?
20:03:36 : Direct: juandayz: or give me the cords  for the heli
20:04:22 : Direct: [WG] SnakeGeneral: 078 012
20:04:28 : Direct: juandayz: ok
20:07:17 : Direct: juandayz: stopp
20:07:43 : Direct: juandayz: gona put the key into yur backpack
20:07:59 : Direct: juandayz: green key
20:08:03 : Direct: [WG] SnakeGeneral: thxs
20:08:08 : Direct: juandayz: ;)
20:09:45 : Direct: juandayz: si vas a kras
20:09:56 : Direct: juandayz: ojo los antiaereos, si vas en heli
20:10:31 : Direct: Azrael1x: nee jaja en bicla.me quedo pobre comprando armas
20:10:41 : Direct: juandayz: ahi hay una g36 en la carpa
20:11:06 : Direct: Azrael1x: uhh de una 
20:11:28 : Direct: Azrael1x: we ya me habia comprado jaja la vendo
20:11:29 : Direct: FIN4LShare: juan
20:11:39 : Direct: juandayz: fijate tambien en los humvies wreck
20:11:45 : Direct: juandayz: q podes buscar items
20:11:50 : Direct: juandayz: o pedir suministros
20:12:00 : Direct: Azrael1x: que es wrek?
20:12:11 : Direct: juandayz: viste los humvies destruidos
20:12:20 : Direct: juandayz: esos  q apareecen de adorno
20:12:22 : Direct: Azrael1x: sip
20:12:34 : Direct: juandayz: bueno, te paras al lado y pedis suministros
20:12:50 : Direct: Azrael1x: ahhh lo lei a eso pero no entendi
20:17:12 : Side: Azrael1x: ah es buenisima esa
20:21:49 : Side: JF: jajaaaajaaa a tu hermana.. che juicio que este server es serio..
20:22:26 : Side: JF: Hola gente como estan ¨?...
20:22:33 : Side: Azrael1x: holas
20:22:38 : Side: juandayz: hola jf
20:23:42 : Side: Azrael1x: che el bardo esta en el pueblo en si o por el ara militar?
20:23:50 : Side: juandayz: en el airfield
20:23:55 : Side: JF: todo bien!!!
20:23:56 : Side: Azrael1x: ok gracias
20:24:06 : Side: juandayz: igual hacen un recorrido de 1.5km mas o menos al rededor
20:24:25 : Side: juandayz: osea hay patrullas q recorren el area de afuera del airfield
20:24:40 : Side: Azrael1x: esto se va a descontrolarrrrr
20:48:29 : Side: [K.O] Polaco: que ondaaa
20:48:44 : Side: juandayz: hola polaco
20:50:20 : Side: [K.O] Polaco: como va?
20:50:32 : Side: juandayz: bienn! vos
20:50:43 : Side: [K.O] Polaco: bien che cagado de frio
20:50:43 : Side: JF: Hola polaco..
20:51:05 : Side: juandayz: se q no, yo tengo hasta las ornallas de la cocina prendidas
20:52:04 : Side: [K.O] Polaco: en los puestos de control si o si hay bots?
22:11:57 : Side: Bad Guy: buenas
22:12:42 : Side: JF: Hola bad, todo bien?
22:31:16 : Side: Bad Guy: la pecheaste final
22:35:58 : Side: Bad Guy: tan rapido me lootearon brasileros pechos frio?
22:39:45 : Side: Bad Guy: voce muito ruim final
22:40:15 : Side: FIN4LShare: eu sei
22:42:46 : Side: Bad Guy: voce solo nao podei matarmew
22:58:13 : Side: Bad Guy: che rommel
22:58:34 : Side: Rommel: q
22:58:41 : Side: Bad Guy: acepta grupow
22:58:59 : Side: Rommel: no hace falta, hablame x aca
22:59:07 : Side: Bad Guy: vo acepta 
23:48:52 : Side: Bad Guy: asi q campean afuera del tradder?
23:49:12 : Side: Leodagos: te mataron ?s
23:49:19 : Side: Bad Guy: casi
23:49:30 : Side: Bad Guy: pero son tan malos q tienen q ser 3 contra mi solo y asi y todo caen
23:49:40 : Side: Leodagos: los mataste ?
23:49:52 : Side: Bad Guy: a final 2 veces
23:50:04 : Side: JF: hey los van a banear no jodan
23:50:13 : Side: Bad Guy: son brasileritos que mas podes esperar
23:51:42 : Side: Bad Guy: son tan malos q me quisieron matar mientras looteaba, final me erro todos los tiros
23:52:19 : Side: Rommel: manso fail
23:53:18 : Side: Bad Guy: en la proxima mision q hagan q se cuiden las espaldas
