00:06:59 : Direct: N1c077: esa de hay 
00:07:18 : Direct: N1c077: queres los mats 
00:07:46 : Direct: ADMIN: a mi me deja
00:08:04 : Direct: ADMIN: no te sale la opcion?
00:08:05 : Direct: N1c077: si me sale la opcion pero cuando acepto sale un cartel 
00:08:16 : Direct: ADMIN: q te dice el cartel??=
00:08:25 : Direct: N1c077: unable to upgrade plot pole
00:08:33 : Direct: ADMIN: sos amigo del plot?
00:08:38 : Direct: N1c077: se
00:08:50 : Direct: ADMIN: a ver agregame al plot
00:08:51 : Direct: N1c077: esta afuera el pole
00:09:27 : Direct: N1c077: ta
00:10:11 : Direct: ADMIN: q raro
00:10:18 : Direct: ADMIN: toma como ageno el plot
00:10:20 : Direct: N1c077: no te deja 
00:10:40 : Direct: ADMIN: y asi no te va?
00:10:58 : Direct: N1c077: jajaj na espero q se conecte mi aimigo 
00:11:16 : Direct: ADMIN: toma te regalo una pared
00:11:17 : Direct: N1c077: cual es el limite de objetos 
00:11:20 : Direct: ADMIN: 150
00:11:21 : Direct: N1c077: ty
00:11:29 : Direct: N1c077: ok
19:44:46 : Direct: PadreMavi: jajaja
22:31:53 : Direct: Detroxx96: su cachipun
