13:59:10 : Direct: juandayz: hello
13:59:18 : Direct: Viciopata-.: hola :·
13:59:20 : Direct: juandayz: mira
13:59:27 : Direct: juandayz: hacele click derecho
13:59:46 : Direct: Viciopata-.: asdasd
13:59:48 : Direct: Viciopata-.: asdasdasdas
13:59:50 : Direct: Viciopata-.: asdasdasd jajajajaa
13:59:54 : Direct: juandayz: :D
14:00:05 : Direct: juandayz: en la comunidad hippie hay plantacion
14:00:12 : Direct: Viciopata-.: Este no es el efecto de un porro .-.
14:00:14 : Direct: juandayz: pero esta custodiada por bots
14:00:22 : Direct: Viciopata-.: Esto pasa con el acido
14:00:35 : Direct: juandayz: el trade te lo compra por 5mil cada uno
14:00:46 : Direct: Viciopata-.: :3 LOL, aca son a 10 p xD
14:00:58 : Direct: juandayz: en el apocalipsis vale mas :D
14:00:59 : Direct: Viciopata-.: Me provees una motosierra(?
14:01:12 : Direct: juandayz: con el cuchillo cortas las flores de la mariguana
14:28:20 : Direct: juandayz: no te valalas
14:29:10 : Direct: Davi: SOS UN TARADO jajajaJ
14:29:13 : Direct: juandayz: en el equipo esta la llave, en el capot la pompa :D
14:29:26 : Direct: Davi: JAJAJAJ ESTOY TENTADO
14:29:31 : Direct: juandayz: jajaja alta chata
14:29:32 : Direct: Davi: LE ESTOY ENSELÑANDO A UN AMIGO A JUGAR
14:29:39 : Direct: Davi: Y MIRA LO QUE APARECE jajajajajajajajja
14:29:44 : Direct: juandayz: jajajaj
14:29:56 : Direct: Davi: estoy tentado boludo
22:54:02 : Direct: Noelia Pompa: no le puedo tumbar la pared
