00:26:20 : Side: Jose Luis: hola
00:26:50 : Side: JF: hola ,,,
00:27:35 : Side: Jose Luis: que tal
00:27:38 : Side: Jose Luis: todo bien
00:27:53 : Side: JiNX: todo bien viejo
00:28:16 : Side: Jose Luis: estoy rodeado de zombies ja
00:28:18 : Side: JF: todo bien, y vos ?
00:28:30 : Side: Jose Luis: todo bien rodeado de zombies pero bien
00:32:02 : Side: Dragons: buenas noches gente
00:32:09 : Side: [Amish]Churro: aloha
00:32:43 : Side: Jose Luis: hola
00:33:30 : Side: JF: hola Dragons como estas , todo bien?
00:34:51 : Side: Dragons: dejando de lado q mi base tiene 2 paredes y junte solo 200 k   se puede decir q bien jejeje
00:35:41 : Side: JF: jajaja de a poco ..
00:36:40 : Side: Jose Luis: donde estan
00:37:14 : Side: JF: esos te sirven para comprar acciones 
00:37:42 : Side: Jose Luis: necesito una barra para trabajar
00:38:23 : Side: JF: aki en el trader conseguis casi todo
00:38:31 : Side: Dragons: donde esta el q vende ladrillos?_
00:38:47 : Side: JF: ese es
00:38:49 : Side: Dragons: ya ta
00:38:52 : Side: Dragons: ty
00:39:13 : Side: Jose Luis: yo necesito una barra para empezar a trabajar
00:39:38 : Side: JF: una barra o una mesa ?
00:39:46 : Side: Jose Luis: chatarreria
00:39:55 : Side: Jose Luis: una palanca
00:40:14 : Side: JF:  de todos tenes que venir al trader y aki comenzas mas facilmente
00:40:18 : Side: Dragons: epa  valor peso tiene eso!!  10k un ladrillo..como en la vida real jaja
00:40:54 : Side: Jose Luis: donde esta ubicado estoy viendo el mapa
00:40:56 : Side: JF: si te agotas te desmayas
00:41:16 : Side: Jose Luis: luego voy a la cosecha de marihuana pero primero necesito cositas
00:41:26 : Side: JF: el circulo verde al noreste
00:41:50 : Side: JF: dice mercado central
00:41:54 : Side: Jose Luis: ahhh mercado central
00:42:01 : Side: Jose Luis: toy algo lejos ire con un amigo
00:43:22 : Side: Jose Luis: santiago
00:47:41 : Side: Jose Luis: alguien?
00:48:16 : Side: Jose Luis: santiago
00:56:46 : Side: Jose Luis: santiago
00:58:24 : Side: JF: daelhim tenes solo esa arma
00:59:05 : Side: JF: Dallheim tenes solo esa arma
00:59:36 : Side: Dallheim: alejate gracias
00:59:44 : Side: JF: tenes solo esa arma
01:00:02 : Side: Dallheim: si
01:00:06 : Side: Dallheim: y?
01:00:25 : Side: JF: toma agarra
01:00:44 : Side: [Amish]Churro: como lo mimas
01:00:55 : Side: Jose Luis: y  asi nace el amor
01:01:10 : Side: Dallheim: jajaja gracias, es que me vuelvo loco con el equipo
01:01:23 : Side: [Amish]Churro: se hace el duro pero es un brownie en su interior
01:01:25 : Side: Jose Luis: necesito de alguien que me ponga una bloodpack
01:01:26 : Side: JF: trato de ayudar a todos 
01:01:32 : Side: Dallheim: no entiendo una goma *newbie here*
01:01:53 : Side: Jose Luis: estoy con un hueso partido me cai por error
01:02:10 : Side: JF: donde estas?
01:02:30 : Side: Jose Luis: hospital de berezino
01:03:16 : Side: JF: aguanta ahi voy ..
01:03:30 : Side: Jose Luis: gracias estoy haciendo la del gusano pa poder volver a entrar
01:04:25 : Side: Jose Luis: jajaja murio santy
01:04:36 : Side: Jose Luis: y yo sigo arrastrandome
01:07:57 : Side: Jose Luis: no estoy sangrando pero esta fractura me mata
01:08:39 : Side: Jose Luis: cuanto tarda en curarse
01:09:47 : Side: JF: donde estas estoy aki en el h
01:11:20 : Side: Jose Luis: hola
01:11:26 : Side: Jose Luis: gracias por venir
01:11:43 : Side: Jose Luis: dame una morfina yo te doy una bloodpack
01:11:47 : Side: Jose Luis: x favor
01:11:55 : Side: JF: wwwwwwwwwwwwwwwwwww
01:12:05 : Side: JF: ahi te la deje
01:12:21 : Side: Jose Luis: gracias
01:12:24 : Side: JF: queres sangre
01:12:27 : Side: Jose Luis: te doy la blood?
01:12:34 : Side: JF: naa
01:12:41 : Side: Jose Luis: entonces dame sangre jaja
01:13:32 : Side: Jose Luis: estoy arriba
01:16:29 : Side: Jose Luis: hola
01:16:36 : Side: JF: ahi dentro quea algo tomalo
01:17:03 : Side: Jose Luis: ok
01:17:43 : Side: Jose Luis: quedan muchos zombies ahi dentro 
01:17:51 : Side: Jose Luis: me has dado un re susto men
01:18:37 : Side: JF: jajaja perdona
01:18:49 : Side: Jose Luis: toma esta blood ponmela porfa
01:18:52 : Side: Jose Luis: que estoy viendo gris
01:18:56 : Side: Jose Luis: te la deje en el suelo
01:19:12 : Side: JF: tenes que hacerlo vos ...
01:19:37 : Side: Jose Luis: ahhh pense que tenia que ponerselo otro
01:20:55 : Side: JF: veni toma esta
01:21:53 : Side: JF: vamos yrndo
01:22:02 : Side: Jose Luis: te sigo
01:24:19 : Side: JF: vos andabas a pata o dejaste algun veiculo
01:24:27 : Side: Jose Luis: que va ando a pata
01:24:46 : Side: Jose Luis: me fui corriendo por los zombies que trajo mi amigo santiago al hospital
01:24:58 : Side: Jose Luis: estoy en tienda
01:25:06 : Side: JF: jaja
01:25:43 : Side: Jose Luis: mucho zombie por aqui
01:26:18 : Side: JF: si  y  duros
01:26:48 : Side: Jose Luis: aca hay balas de 1911 por si la usas
01:26:51 : Side: JF: juntate  el scrap y lo vendes
01:27:31 : Side: JF: anda junta eso que deje en el medio de la ruta y lo vendes
01:28:20 : Side: Jose Luis: ustedes andan en coche?
01:28:41 : Side: JF: ustede quienes
01:28:50 : Side: Jose Luis: tu y santiago
01:29:11 : Side: JF:  no se quie es santiago
01:29:24 : Side: Jose Luis: entonces quien mas esta en esta ciudad en coche
01:30:09 : Side: santiago: yo voy en una camioneta blanca 
01:30:32 : Side: santiago: creo q me secuestraron
01:30:45 : Side: Jose Luis: jajajaajja no jodas
01:31:00 : Side: Jose Luis: no sabes quien te lleva mira su nombre jajaja
01:31:10 : Side: JF: che jose luis yo te llevo al mercado central jajaja
01:31:13 : Side: santiago: estoy en la puta mierda
01:31:22 : Side: Jose Luis: jajaja llevame porfa
01:31:38 : Side: Jose Luis: estoy aqui en la ciudad
01:31:59 : Side: Jose Luis: jajaja espera jf tu eres el que conduce el la camioneta?
01:32:15 : Side: Jose Luis: o quien secuestro a mi amigo ajajaja
01:32:27 : Side: Jose Luis: santiago hoy pierdes la virginidad de atras
01:33:01 : Side: santiago: uy no eso pasa cuando te subes al auto de un desconosido
01:33:10 : Side: JF: jajajaa
01:34:00 : Side: Jose Luis: jajaaja pero quien te lleva
01:34:11 : Side: Jose Luis: jf tu lo llevas?
01:34:17 : Side: santiago: como voy a saber??
01:34:29 : Side: JF: yo te llevo a vos
01:34:37 : Side: Jose Luis: jajajajaja no a mi no
01:34:37 : Side: santiago: aaaaaaaaaaaa
01:34:49 : Side: Jose Luis: llevas a santiago yo estoy aca tirado jajaaj
01:35:03 : Side: Jose Luis: pensaste que uno te llevaba a romperte el ojete eh
01:35:04 : Side: JF: donde estas tirado
01:35:08 : Side: santiago: por que le toca siempre al gordito
01:35:25 : Side: Jose Luis: aca en la ciudad donde me ayudaste men jajaja
01:35:43 : Side: JF: la puta madre jajaja
01:35:49 : Side: JF: volvemos
01:36:13 : Side: santiago: claro
01:36:50 : Side: Jose Luis: jajaja dale men gracias
01:37:14 : Side: santiago: por q por mi estamos mas perdidos jose luis en un party transexual 
01:37:30 : Side: Jose Luis: mientras vuelvo al hospital por bloodpack
01:37:40 : Side: Jose Luis: jajaja
01:38:12 : Side: santiago: jose espepre q mañana vamos 
01:38:38 : Side: santiago: no mentiras que lo que ahi es piloto
01:38:50 : Side: Jose Luis: ese JF es un crack
01:39:06 : Side: Jose Luis: hospital men
01:39:20 : Side: santiago: ya llegamos 
01:39:34 : Side: Jose Luis: ponganse en la puerta de entrada ps
01:39:37 : Side: JF: jajajaa que confusion  xD...
01:39:40 : Side: Jose Luis: yo ya escuche el pito
01:39:53 : Side: JF: ESTAMOS TODOS AHORA
01:39:55 : Side: santiago: donde conseguimos las carbinas?
01:39:56 : Side: Jose Luis: re confundido y yo diciendote yo estoy en la tienda
01:40:13 : Side: Jose Luis: donde esta el coche
01:40:15 : Side: JF: PODEMOS IRNOS
01:40:27 : Side: santiago: en el hospital
01:40:34 : Side: Jose Luis: yo estoy en la entrada del hospital
01:41:25 : Side: Jose Luis: a santiago lo veo re mal
01:41:33 : Side: santiago: ppor q?
01:41:36 : Side: Jose Luis: y el coche ni se diga no se donde estas
01:41:59 : Side: santiago: a no ud esta re mal
01:42:12 : Side: Jose Luis: yo escuche un claxon
01:42:14 : Side: santiago: pitale a este bobo
01:42:29 : Side: santiago: estamos en toda la entrada
01:43:15 : Side: Jose Luis: te lo juro no veo el coche
01:43:20 : Side: Jose Luis: veo zombies
01:43:29 : Side: santiago: nosotros te vemos
01:44:08 : Side: santiago: ajaja pasate por un lado
01:44:35 : Side: santiago: metlele un balaso a este sapo haber q ?
01:44:48 : Side: Jose Luis: ahora estoy en la terraza para ver si los veo
01:45:38 : Side: Jose Luis: veo un zombie peleando solo
01:45:51 : Side: Jose Luis: jf compa jajaja esto esta raro
01:45:52 : Side: JF: no baja mira la puerta de la camioneta esta justo donde esta el porton de caño abierta
01:46:01 : Side: santiago: aaaa nooo
01:47:07 : Side: Jose Luis: que hijo de p juego no veo el coche
01:47:18 : Side: JF: ahi te vi  estas disparandole a un z de chaqueta azul verdad
01:47:39 : Side: Jose Luis: si estoy abajo
01:47:45 : Side: Jose Luis: pero no veo el coche jajaja
01:48:01 : Side: JF: anda a tu izquierda
01:48:16 : Side: JF: ves el z de gorra
01:48:52 : Side: Jose Luis: acabo de matar uno de gorro negro
01:49:19 : Side: JF: si pero yo decdia el otro que esta en la calle
01:49:31 : Side: Jose Luis: si lo veo
01:49:38 : Side: Jose Luis: esta en frente del hospital
01:50:20 : Side: JF: en linea recta esta con el porton celeste la hoja que esta abierta 
01:50:58 : Side: Jose Luis: y si se baja alguien y me lleva
01:51:08 : Side: Jose Luis: la verdad es que se los juro no veo un coche
01:51:16 : Side: JF: ahi te acerque la camioneta justo con la puerta frente a vos
01:51:45 : Side: Jose Luis: pues pasame por encima porque no la veo
01:52:11 : Side: JF: intenta subir porque metiste las piernas debajo 
01:52:43 : Side: Jose Luis: como le hago
01:52:52 : Side: Jose Luis: si no lo veo xD
01:53:11 : Side: JF: bueno esperame aqui que lo llevo a el y vuelvo 
01:53:48 : Side: Jose Luis: tengo un hueso roto me lo partio un zombie asi que esperas que me arrastro cuando te vea
01:55:18 : Side: Jose Luis: me ves?
01:56:26 : Side: Jose Luis: jf estas???
01:57:04 : Side: JF: no ya nos fuimos
02:00:00 : Side: Jose Luis: wtf
02:00:07 : Side: Jose Luis: no entiendo nada de lo que paso
02:00:16 : Side: Jose Luis: no veo los coches o es que estoy loco
02:01:02 : Side: Jose Luis: hola de nuevo
02:01:12 : Side: Jose Luis: estoy cerca del mercader nos vemos ahi
02:01:15 : Side: JF: donde estas santiago
02:01:26 : Side: Jose Luis: santiago me mando un whatsapp
02:01:39 : Side: Jose Luis: se tuvo que ir tiene universidad
02:02:33 : Side: JF: tenia algo de valor tu cuerpo ?
02:02:41 : Side: JF: como para rescatarlo
02:02:46 : Side: Jose Luis: 2 bloodpack
02:02:54 : Side: Jose Luis: muchas bandage
02:03:05 : Side: Jose Luis: y las armas q dan en el server
02:03:12 : Side: JF: no deja y ahora donde estas
02:03:32 : Side: Jose Luis: cerca al helicoptero del punto de comercio
02:03:52 : Side: JF: tu cuerpo esta rodeado de zombi se estan pegando una panzada con vos jajaja
02:04:04 : Side: Jose Luis: jajaja que hdpt
02:04:08 : Side: Leyva: hola ente que tal
02:04:17 : Side: Jose Luis: hola leyva
02:04:17 : Side: Leyva: gente xD
02:04:36 : Side: Leyva: al fin vacaciones ya  regresar al ruedo
02:05:45 : Side: Jose Luis: estoy entre tres vehiculos todos bloqueados
02:06:40 : Side: Leyva: como se pone en hora pico el server?
02:07:27 : Side: Jose Luis: estoy en el mercado jf
02:07:42 : Side: JF: voy llendo
02:08:28 : Side: Jose Luis: hola erick
02:08:38 : Side: erick: hola
02:08:47 : Side: Jose Luis: como funca esto
02:09:08 : Side: JF: hola erick , todo bien?
02:09:22 : Side: Jose Luis: ya lo veo necesito coins
02:09:38 : Side: Jose Luis: a trabajar me han mandado
02:10:46 : Side: Leyva: hay ncohe aqui chicos?
02:11:01 : Side: Jose Luis: supuestament estoy reparando un coche
02:11:15 : Side: JF: no no hay por ahora
02:13:38 : Side: Jose Luis: quien me da monedas para sexo xD
02:14:40 : Side: JF: jajaja primero junta otras cosas 
02:14:55 : Side: Jose Luis: jajajaja quiero mi fantasia de las rusas
02:15:06 : Side: Jose Luis: jajajaja necesito herramientas para trabajar
02:15:14 : Side: Jose Luis: ya llegaste aca?
02:15:16 : Side: JF: veni
02:16:12 : Side: JF: ansa y junta lo que esta atras del arbusto
02:16:53 : Side: Jose Luis: me manda un error yo q se
02:17:08 : Side: Jose Luis: ya lo junte
02:18:00 : Side: JF: espera anda vende la que tenes
02:18:23 : Side: JF: no 
02:18:28 : Side: Jose Luis: a quien se la vendo
02:18:43 : Side: JF: yo te la levano porque esa mochila te la hace perder}
02:19:27 : Side: Jose Luis: yo la levante pero le di cambiar por la carabina
02:19:37 : Side: Jose Luis: ahora que hago
02:20:18 : Side: JF: vendesela a ese 
02:20:28 : Side: Jose Luis: ya ta
02:20:34 : Side: JF: -y los cartuchos tambien
02:20:40 : Side: Jose Luis: si tambien
02:21:59 : Side: Jose Luis: mi cuerpo tenia balas para esta arma
02:22:41 : Side: JF: esa usa estanak 30
02:22:57 : Side: Jose Luis: si ya la tengo gracias
02:23:18 : Side: Jose Luis: donde puedo conseguir una mochila que quepa de todo
02:23:58 : Side: Jose Luis: gracias
02:24:08 : Side: JF: con aquella mujer pero seguramente te falta dinero
02:25:56 : Side: Jose Luis: donde estas yo tengo 1.500
02:26:03 : Side: Jose Luis: 1290
02:26:39 : Side: JF: aki 
02:27:01 : Side: Jose Luis: aqui donde estoy yo hay una remington para vender pero me da miedo perder la carabina
02:27:28 : Side: JF: no deja eso no sirve
02:27:51 : Side: Jose Luis: en q mercader estas
02:28:45 : Side: JF: ahora voy
02:28:55 : Side: Jose Luis: vale
02:30:32 : Side: JF: veni vende la botella vacia aqui
02:30:57 : Side: Jose Luis: a quien se la vendo
02:31:37 : Side: Jose Luis: el de aqui recibe joyas
02:31:46 : Side: JF: move la ruedita del mous y te sale la opcion 
02:32:29 : Side: JF: tenes que tenerla en tus bolsillos , no dentro de la mochila 
02:32:49 : Side: Jose Luis: me dio oro
02:32:49 : Side: JF: la cambiaste?
02:33:19 : Side: JF: si eso podes conservarlo como oro o cambiarlo por coin que es el dinero
02:33:24 : Side: Jose Luis: si y me dio oro una barra de oro
02:33:52 : Side: Jose Luis: listo
02:34:19 : Side: Jose Luis: la botella mas cara del mundo
02:34:41 : Side: Leyva: que botella?
02:35:10 : Side: Jose Luis: la que cambie por oro
02:35:14 : Side: JF: jajaja si cuando lo descubri no lo podia creer porque yo las tiraba
02:35:23 : Side: Leyva: las de aceite?
02:35:29 : Side: Jose Luis: de licor
02:35:44 : Side: Leyva: ah xD esque en otro server las de aceite balian un buen
02:36:28 : Side: JF: a no ni idea..
02:36:53 : Side: Jose Luis: listo si gustas hacemos algo
02:37:03 : Side: Jose Luis: las mochilas no las puedo encontrar en el suelo?
02:37:58 : Side: Jose Luis: quien es el del camion
02:38:04 : Side: Dragons: yo
02:38:20 : Side: Jose Luis: ahhh vale y ese auto rojo
02:38:28 : Side: JF: W
02:38:43 : Side: JF: VENI RAPIDO 
02:38:44 : Side: Dragons: mio, el camion es de mision
02:38:57 : Side: JF: TIRA AL SUELO Y JUNTA ESTO
02:39:34 : Side: JF: YO LA LEVANTO
02:39:54 : Side: JF: dale junta lo de ahi
02:40:09 : Side: JF: noo
02:40:16 : Side: Jose Luis: el arma o q
02:40:19 : Side: JF: deja tu arma en el piso
02:41:17 : Side: JF: junta todo pero vende solamente el arma 
02:41:29 : Side: JF: los remedios conservalos
02:41:31 : Side: Jose Luis: estas cerca no me deja abrir el inventario
02:42:31 : Side: Jose Luis: ya vengo ire a vender
02:43:20 : Side: JF: aki te qquedaron cartuchos
02:43:21 : Side: Jose Luis: listo con permiso agarro el arma
02:44:14 : Side: JF: vendelos
02:44:28 : Side: erick: cada cuanto es el respawn de la ia?
02:44:48 : Side: JF: no lo se..
02:45:18 : Side: Jose Luis: listo
02:45:31 : Side: JF: como cuanta guita juntaste
02:45:41 : Side: Jose Luis: 3.5
02:45:59 : Side: JF: tres y medio recien
02:46:13 : Side: Jose Luis: 3.520
02:46:27 : Side: Jose Luis: tengo para un servicio completo donde la rusa xDDD
02:47:48 : Side: JF: junta y vende medio rapido que en 15 se resetea
02:47:48 : Side: Jose Luis: oye vendo mi g17 y las balas?
02:48:57 : Side: Jose Luis: a quien se le vende eso
02:48:57 : Side: JF: aca en este de traje vendes las bolsas de arena
02:48:58 : Side: Dragons: jajaja  
02:49:06 : Side: Jose Luis: la sandbags
02:49:24 : Side: JF: si bueno para que me entiendas por las dudas jaja
02:50:12 : Side: Jose Luis: toma el otro antibiotico no tengo espacio
02:50:22 : Side: JF: ahi te quedo una todavia 
02:50:48 : Side: Jose Luis: vendo la pistola que da el server o q
02:51:10 : Side: JF: veni vende los anti
02:51:24 : Side: Jose Luis: sii dragons
02:51:35 : Side: Jose Luis: a quien se los vendo
02:51:51 : Side: Jose Luis: en serio
02:52:42 : Side: Jose Luis: wooow
02:52:56 : Side: Jose Luis: mil gracias
02:53:01 : Side: Jose Luis: a quien le vendo los antibioticos
02:53:17 : Side: JF: veni por aki
02:54:07 : Side: JF: aki tenes la caja que faltaba
02:55:46 : Side: Jose Luis: ya esta jf muchas cgracias
02:57:07 : Side: JF: el auto es tuyo tenes que dejarlo cerca del helicoptero y la camioneta 
02:57:46 : Side: JF: si lo dejas aki adentro te lo retira como docientos metros y despues tenes que andar buscandolo
02:58:02 : Side: Jose Luis: voy
02:59:26 : Side: JF: DALE BAJATE RAPIDO
02:59:53 : Side: Jose Luis: ya esta
03:05:15 : Side: Jose Luis: hola volvi
03:05:56 : Side: JF: jaja asi parece , donde estas  veni
03:06:31 : Side: Jose Luis: voy en mi ferrari
03:07:30 : Side: JF: tenes llave de ese auto
03:07:43 : Side: Jose Luis: si me lo dio el dragons
03:08:22 : Side: Jose Luis: listo
03:08:34 : Side: Jose Luis: donde te metes tantas cosas men
03:08:43 : Side: JF: siempre conviene tener una auxiliar y un bidon de combustible por las dudas
03:09:07 : Side: JF: llegaste a los 8mil
03:09:08 : Side: Jose Luis: ahh vale me dices donde puedo comprar una maleta mas grande
03:09:16 : Side: Jose Luis: 9.670
03:09:47 : Side: JF: tira tu maleta al piso 
03:09:53 : Side: JF: primero
03:10:29 : Side: JF: TIRA TU MALETA COMPLETA AL PISO  
03:10:39 : Side: Jose Luis: ya ahora cual compro
03:10:45 : Side: JF: COMPRA UNA COYOTE 
03:11:10 : Side: JF: LA 5TA
03:11:44 : Side: JF: BIEN AHI 
03:12:37 : Side: Jose Luis: y como tomo lo de la otra men
03:12:59 : Side: JF: esa tiene cincuenta espacios podes guardar las armas sin problemas 
03:13:20 : Side: JF: abri la que esta en el suelo y anda juntando y pasando 
03:13:35 : Side: Jose Luis: con la g verdad
03:13:54 : Side: JF: sin problemas digo porque con la otra te los hace desaparecer 
03:14:02 : Side: JF:  si asi es ..
03:14:09 : Side: JF: con la g
03:14:16 : Side: Jose Luis: pues no me aparece nada
03:14:44 : Side: Jose Luis: ahora si
03:14:53 : Side: Jose Luis: era con la rueda del mouse
03:15:23 : Side: JF: podes?
03:16:34 : Side: JF: pudiste?
03:16:41 : Side: Jose Luis: si ya pude guardar todo
03:16:53 : Side: Jose Luis: que me aconsejas que haga con la pistola g17
03:17:25 : Side: JF: si tenes otra mejor vendela sino guardala por un caso de emergencia 
03:18:01 : Side: Jose Luis: pues tengo la sa 61
03:18:04 : Side: JF: lo que te aconsejo es que no te arriesgues demasiado ahora lo que sigue es un poco mas caro 
03:18:25 : Side: JF: tenes que juntar cien mil para una safe 
03:18:30 : Side: Jose Luis: listo pero al menos tengo donde guardar un buen inventario
03:18:35 : Side: Jose Luis: safe?
03:19:02 : Side: Jose Luis: te parece si vamos de recolectores entonces
03:19:12 : Side: JF: lo que sucede es que si moris ahora perdes todo o practicamente todo 
03:19:35 : Side: JF: tenes que tener paciencia y juntar sin arriesgar 
03:19:55 : Side: Jose Luis: listo entonces la safe sirve para no perder las cosas si muero
03:20:05 : Side: Jose Luis: pues voy a por ella
03:20:25 : Side: Jose Luis: me olvidare del sexo con la rusa xD
03:20:31 : Side: JF: cuando tengas la caja fuerte todo cambia por mas que mueras lo mas valioso sigue siendo tuyo
03:20:46 : Side: JF: por ejemplo la llave del auto 
03:20:46 : Side: Jose Luis: listo excelente
03:21:06 : Side: Jose Luis: te parece si vamos en mi auto tu me dices a donde te llevo
03:21:24 : Side: JF: ahora podrias guardarla en una carpa . pero si la encuentra otro te la saca
03:21:58 : Side: Jose Luis: cual es la estacion de combustible mas cercana
03:21:59 : Side: JF: yo diria que andes por aki nomas porque te falta mucha evperiencia segun parece sin ofender 
03:22:15 : Side: Jose Luis: jajaja normal mi primer dia de juego lo se
03:22:39 : Side: JF: segume a ver si entendes la señas
03:22:48 : Side: Leyva: el fideloo
03:23:34 : Side: Fidelo: que ondas angelw
03:24:01 : Side: Leyva: aqui empezando jajajaja
03:24:06 : Side: JF: esto me hace falta permiso
03:24:15 : Side: Leyva: y tu?
03:24:17 : Side: Jose Luis: ahh ya lo tiro jaja
03:24:25 : Side: JF: jaja me lo levantaste
03:24:25 : Side: Fidelo: igualw
03:25:28 : Side: JF: cuando eso se vacia se llena ahi
03:25:59 : Side: Jose Luis: lo agarro o es tuyo?
03:26:10 : Side: JF: para vos
03:26:24 : Side: Jose Luis: gracias 
03:26:30 : Side: Jose Luis: oye como hago para agregarte de amigo
03:27:00 : Side: JF: no hace falta que te explique que es como en la realidad 
03:27:58 : Side: Jose Luis: nop
03:28:37 : Side: Jose Luis: que haremos ahora
03:28:53 : Side: JF: veni
03:29:24 : Side: JF: saclo de ahi porque si viene un camion te lo lleva puesto
03:30:34 : Side: Jose Luis: ya ta ahora donde estas
03:30:57 : Side: JF: atras tuyo
03:31:28 : Side: JF: agarra alla adentro hay una
03:31:32 : Side: JF: anda
03:31:45 : Side: JF: mas atras
03:32:06 : Side: JF: abri la mochila con la g y metela directamente
03:34:07 : Side: Jose Luis: listo
03:34:33 : Side: JF: seguime
03:35:19 : Side: Jose Luis: listo
03:35:27 : Side: JF: con respecto a tu pregunta la estacion mas cercana es esta 
03:35:44 : Side: JF: pero pocos lo saben
03:36:00 : Side: Jose Luis: este camion? se la sacas o q
03:36:33 : Side: JF: jajaja no divulgar
03:36:48 : Side: Jose Luis: jajaja como se hace un chat privado
03:37:48 : Side: JF: abri con la g 
03:38:05 : Side: Jose Luis: estas cerca
03:38:13 : Side: JF: la mochila 
03:38:32 : Side: JF: estoy detras de ti 
03:38:48 : Side: JF: no me digas que te quedaste ciego de nuevo
03:38:53 : Side: Jose Luis: ya la abri
03:39:04 : Side: Jose Luis: no te decia que no la podia abrir porque estabas cerca mio
03:39:35 : Side: Jose Luis: ya la abri ahora q
03:40:16 : Side: JF: click derecho en la radio
03:41:20 : Side: JF: viste  ese color es entre vos y yo 
03:41:48 : Side: JF: asi  es
12:16:00 : Side: JF: Hola Dromsito, todo bien?..
12:17:47 : Side: JF: HOLA DROMSITO, COMO ESTAS?..
12:18:52 : Side: Jose Luis: buenas
12:18:57 : Side: JF: Hola jose luis como va todo?
12:19:12 : Side: Jose Luis: bien mmigo
12:19:20 : Side: Jose Luis: todo bien y tu
12:19:53 : Side: JF: No tubiste pesadilla con los zombis xD.. jaja?
12:20:00 : Side: Jose Luis: jajaja no que va
12:20:11 : Side: Jose Luis: aunque ahora estoy en mi propia pesadilla
12:20:29 : Side: Jose Luis: te lo escribo en grupo
12:20:44 : Side: JF: no entiendo .. ah bien--
12:54:31 : Side: Jose Luis: jaja que pasa hombre
12:56:03 : Side: Jose Luis: el soldado es un bot¡
12:56:18 : Side: JF: todo bien juancito jajaj casi te hago percha ah no eras vos que lo tiro 
12:57:48 : Side: JF: si pero este 
12:57:58 : Side: Jose Luis: juan tiene el historial?
12:58:20 : Side: JF: si pero este recien empieza a jugar 
12:59:42 : Side: Jose Luis: pues corren mas que usaint bolt pero bueno
13:00:00 : Side: Jose Luis: no jodas
13:00:06 : Side: Jose Luis: voy
13:00:57 : Side: Jose Luis: hola hola
13:02:01 : Side: Jose Luis: jf
13:03:33 : Side: JF: che dronsito vos me disparaste?
13:04:04 : Side: Dromsito: no, creo que no
13:04:29 : Side: Dromsito: por que?
13:04:58 : Side: JF: no nada pense que eras vos
13:05:04 : Side: Jose Luis: entonces quien fue
13:05:55 : Side: Dromsito: hay militares que son bots
13:06:09 : Side: Dromsito: capaz fue uno de esos
13:06:31 : Side: Dromsito: puedo ir con ustedes?
13:06:55 : Side: Jose Luis: te recojo o que
13:07:02 : Side: JF: si no hay problemas
13:07:56 : Side: Jose Luis: arma grupo jf
13:08:11 : Side: JF: espera -
13:08:53 : Side: Dromsito: ok
13:09:02 : Side: Dromsito: donde estan?
13:09:17 : Side: Jose Luis: me dirijo al comercio
13:09:17 : Side: JF: JUAN LOS QUE ESTAN VESTIDO DE MILITAR ME BAJARON POR QUE SI YO YA LLEGUE HEROE
13:10:31 : Side: Dromsito: .
13:11:02 : Side: Jose Luis: dromsito eres nuevo como yo?
13:11:39 : Side: Dromsito: si ajajaj
13:11:49 : Side: Jose Luis: donde estas
13:12:07 : Side: Dromsito: en zelenogorks
13:12:44 : Side: Jose Luis: eso queda cerca a??? XD
13:13:40 : Side: Dromsito: donde te encontras? apreta M 
13:13:53 : Side: Jose Luis: yo estoy en zona de comercio
13:13:54 : Side: JF: JOSE LUIS TENES QUE ARMAR EL GRUPO VOS
13:14:00 : Side: Jose Luis: voy
13:14:54 : Side: Jose Luis: ya los invite
13:15:15 : Side: Dromsito: como me uno?
13:15:29 : Side: Jose Luis: dale click derecho al radio
13:20:51 : Side: JF: JAJAAJA BUENO PENSE QUE ESTABAMOS DEL MISMO LADO POR ESO ME ´PRIMERIARON
13:21:37 : Side: JF: pero no se de donde salieron tantos si en esta zona no figura nunguna mision
13:23:02 : Side: JF: que hijos de rmp y justo me vienen a engancahr jajaa
13:30:34 : Side: JF: jose lui te necesito aki ahora con el auto por favor
13:30:53 : Side: Jose Luis: voy entonces dronsito tu esperame
13:30:59 : Side: JF: vrni despacio no vas a tumbar pero veni
13:39:01 : Side: JF: jaja te conseguiste un todoterreno?
13:39:11 : Side: Jose Luis: jajaja lago asi
13:39:22 : Side: JF: anda por la ruta mejor 
13:41:03 : Side: JF: a la izquierda doblas
14:06:21 : Side: Jose Luis: jf amigo 
14:06:23 : Side: Jose Luis: estas
14:06:26 : Side: Jose Luis: me tiene recagado esto
14:06:37 : Side: Jose Luis: necesito ir a base para estar seguro 
14:14:08 : Side: JF: Hola dallheim como estas ?
14:14:29 : Side: Dallheim: bien aca chusmeando el server, juntando cosas
14:14:35 : Side: Dallheim: primera vez en dayz
14:14:49 : Side: JF: pobre dronsito se aburrio de esperar y se desconecto 
14:15:23 : Side: JF: bueno me alegro che ...
14:28:57 : Side: Jose Luis: de quien es la camioneta
14:30:20 : Side: juandayz: dalheim. si tiras con eso encerrado en la casita te comen los zombies
14:30:43 : Side: juandayz: lso zombies responden al sonido, si les tiras con semejante arma....pasa eso
14:36:40 : Side: Dallheim: idiotas hay en todos los juegos :)
14:37:21 : Side: Dallheim: en la mayoria de los casos son gente que la mama no le dio la teta o esa clase de carencias y desnutriciones... no piensan con claridad
14:45:28 : Side: JF: VOS NO ME LEES 
14:45:36 : Side: Jose Luis: si te leo
14:45:41 : Side: Jose Luis: men no ves mis mensajes
14:45:59 : Side: JF: no no los veo 
14:46:09 : Side: JF: ahora con celeste si
14:46:28 : Side: Jose Luis: te decia que al parecer me lo quitaron cuando me saco el server
14:46:28 : Side: JF: tenes brujula
14:46:42 : Side: Jose Luis: no
14:47:12 : Side: JF: toma esa
14:47:25 : Side: Jose Luis: tenes sardinas?
14:47:44 : Side: JF: tenes hambre
14:47:54 : Side: Jose Luis: esa si la tengo jajaja
14:57:32 : Side: Jose Luis: algo le pasa al server
14:59:01 : Side: Jose Luis: jajaja
14:59:08 : Side: Dallheim: admin estas ahi?
14:59:33 : Side: Jose Luis: vale
14:59:36 : Side: Dallheim: estoy a punto de perder mis cosas porque los cortes del server no me dejan llegar a mi cuerpo... -.- 
14:59:55 : Side: Jose Luis: cuidate
15:06:16 : Side: Jose Luis: dalheim
15:07:49 : Side: Sirfes-AR: buenaas
15:07:57 : Side: Sirfes-AR: como estan?
15:08:00 : Side: Jose Luis: buenas
15:08:04 : Side: Jose Luis: todo bien el server fallando
15:08:14 : Side: Sirfes-AR: `posta? por?
15:08:25 : Side: Jose Luis: te saca a cada rato
15:10:13 : Side: Sirfes-AR: que mal D:
15:10:23 : Side: Sirfes-AR: hay alguna mision?
15:11:06 : Side: Jose Luis: la verdad no se
15:11:14 : Side: Jose Luis: no dan ganas de hacerla porque asi dificil
15:17:05 : Side: Sirfes-AR: todavia estas?
15:17:15 : Side: Jose Luis: vengo en unos minutos poque?
15:17:26 : Side: Sirfes-AR: estas en avion?
15:17:30 : Side: Sirfes-AR: casi me dan
15:17:32 : Side: Jose Luis: no que va
15:17:40 : Side: Jose Luis: son los soldados entonces
15:17:42 : Side: Sirfes-AR: dan*
15:18:15 : Side: Sirfes-AR: voy a lootear algo y los voy a buscar jaja
16:23:47 : Side: Leyva: Hola xD
16:24:05 : Side: juandayz: bienvenido, de mexico no?
16:24:16 : Side: Leyva: sep xD
16:24:22 : Side: Leyva: solo ha un mercado?
16:24:37 : Side: juandayz: hay 2, antena 4 y mercado central
16:24:47 : Side: juandayz: en mercado central estan todos los traders juntos
16:25:01 : Side: Leyva: ok
16:25:07 : Side: juandayz: primer dia?
16:25:28 : Side: Leyva: 2do en este server xd
16:25:46 : Side: juandayz: baja de la bici si queres, y te traigo a mercado central asi aprends dl srver
16:26:22 : Side: Leyva: ok listo 
16:26:45 : Side: juandayz: mira aca estan todos los trades junts
16:26:55 : Side: juandayz: heroe, bandido, air dealer, whole salers
16:27:00 : Side: juandayz: y otras cosas mas
16:27:09 : Side: juandayz: este vende los autos
16:27:49 : Side: juandayz: agarra eso
16:28:02 : Side: juandayz: veni, q e muestro donde lo vndes
16:28:40 : Side: juandayz: ahora con esos 100.000 mil podes hacer varias cosas aca
16:28:56 : Side: Leyva: estos no se caen si muero no?
16:28:57 : Side: juandayz: comprar items, lo mas normal o comprar bonos y acciones . o apostar
16:29:29 : Side: juandayz: mira, en esta carpa podes apostar dinero.
16:29:32 : Side: Leyva: como funciona lo de bonos y acciones?
16:29:48 : Side: juandayz: comprando bonos, cada 20 min te paga 5mil
16:30:08 : Side: juandayz: comprando acciones cada diez min te liquida por unica vez, una cifra aleatoria
16:31:05 : Side: juandayz: tenes las monedas?s
16:31:13 : Side: Leyva: sep
16:31:23 : Side: juandayz: metete en esa carpa y aposta 500
16:31:35 : Side: juandayz: a ver si tenes suerte :D
16:31:44 : Side: Leyva: ya perdi xd
16:31:54 : Side: juandayz: jajaj bue vamos q te sigo mostrando
16:31:59 : Side: Leyva: ahora gene
16:32:13 : Side: juandayz: este es el vendedor de heroe
16:32:24 : Side: juandayz: armas y municion
16:33:01 : Side: juandayz: usa el menu de Compra Rapida es mas rapido
16:34:26 : Side: juandayz: este hippie de aca compra y vende mariguana, ademas de otras cosas
16:34:28 : Side: Leyva: los avionasos cada cuanto son?
16:34:51 : Side: juandayz: hay un avion, manejado por la ia, q hace un recorrido especifico
16:35:22 : Side: Leyva: ayer me callo un bombaso de ese jajaja
16:35:29 : Side: juandayz: jajaja q mala suerte
16:37:28 : Side: juandayz: en el mercado tambien podes jugar ruleta rusa por 100.000
16:37:59 : Side: Leyva: ok
16:38:59 : Side: Leyva: si me infecte en stary
16:39:06 : Side: Leyva: aqui me lo quito?
16:39:11 : Side: Leyva: o solo con antibioticos?
16:39:20 : Side: juandayz: con antibioticos
16:39:29 : Side: Leyva: a ok entonce sya quedo
16:39:35 : Side: Leyva: que es eso de porbar cura?
16:39:37 : Side: juandayz: aca esta el medico
16:45:11 : Side: Leyva: las safe cada cuanto se abren?
17:13:01 : Side: Hans: buenas
17:13:13 : Side: Leyva: buenas
17:13:25 : Side: Hans: leyva sos de venezuela?
17:13:31 : Side: Leyva: nop
17:17:02 : Side: Hans: ustedes andan en heli? ya me puso nervioso xd
17:17:16 : Side: Leyva: me acabo de subir a uno
17:22:34 : Side: Jej0x |Aspirante|: hola a todos
17:22:50 : Side: Hans: negro hay una mision de bandidos
17:23:15 : Side: Jej0x |Aspirante|: perdi mi radio ahora te mando grupo
17:23:27 : Side: Hans: ya apareces en mi grupo
17:49:59 : Side: Dragons: buenasssssssss
17:51:42 : Side: Hans: hola
17:52:12 : Side: Hans: dragons me traicionaste ayer
17:53:07 : Side: Dragons: yo??  jajaj   recordame la situacion
17:53:50 : Side: Hans: yo estaba matando a bad boy y bigote en balota
17:54:11 : Side: Jej0x |Aspirante|: yo le hice la base a bad guy
17:54:12 : Side: Jej0x |Aspirante|: ahora es mia
17:55:26 : Side: Dragons: seeee   tenes razon..  ahora me acuerdo..pero no tenia otra..entre y estaba bigote,.......a ese lo mate
17:55:40 : Side: Dragons: pero llego el otro cuando solte el arma  y no me quedo otra
17:55:42 : Side: Hans: mentiraaa
17:55:56 : Side: Hans: si le dijiste guarda guarda que uno me esta tirando
17:56:00 : Side: Dragons: habia uno a dentro..vos mateste al de la as50
17:56:06 : Side: Hans: jajaja por distraerme con vos no lo vi llegar al otro
17:56:18 : Side: Hans: me parecia que era una as50
17:56:26 : Side: Dragons: claro  era eso o moria.. si yo habia tirado mi arma para agarrar la as 50
17:56:26 : Side: Hans: cuando entre a buscarla no la encontre
17:56:41 : Side: Dragons: la recupero bad
17:56:47 : Side: Hans: aunque con un dmr soy feliz
17:56:48 : Side: Dragons: llegaban muy rapido
17:57:05 : Side: Dragons: le dije q estabas en la colina y me fui jajaja
17:57:16 : Side: Hans: puta traicionera
17:57:38 : Side: Dragons: jajajajaj  tenes razon 
17:57:55 : Side: Dragons: habia un as50!!!  vale todo
17:58:19 : Side: Hans: -.-
17:58:24 : Side: Hans: ya te voy a agarrar
17:58:45 : Side: Jej0x |Aspirante|: CHE QUE ES EL HUMANITARIO? ES NUEVO ESO
17:59:40 : Side: Hans: hola juan
17:59:49 : Side: Hans: a que no sabes la que se mando jejox
17:59:51 : Side: Hans: xD
18:04:46 : Side: Hans: otra vez lloviendo
18:05:03 : Side: Azrael1x: hola holaa
18:05:13 : Side: juandayz: hola azra
18:05:17 : Side: Hans: wtf
18:05:21 : Side: Azrael1x: como anda mr juan?
18:05:21 : Side: Hans: de que mierda estas hecho
18:05:29 : Side: Hans: aaa
18:05:31 : Side: Hans: me parecia xD
18:05:32 : Side: juandayz: bien!
18:05:40 : Side: Azrael1x: excelentee
18:05:55 : Side: juandayz: q fue de la vida de rabit y kecho
18:06:37 : Side: Azrael1x: rabbit juega standalone y kecho arma 3...pero desarmamos porque ninguno se bancaba al pt de vicio y yo jugaba con el jajaç
18:07:01 : Side: juandayz: jajaajajajaja hay cola pa sacarle el cuero pobre
18:07:17 : Side: Azrael1x: si,no lo quiere nadie jajaja
18:07:26 : Side: Hans: jejox incrusto un mv22 en 2 arboles T_T
18:07:39 : Side: juandayz: jajajaa
18:07:40 : Side: Jej0x |Aspirante|: LA MANCURA SIN CENSURAQ
18:08:06 : Side: Hans: mira donde sale esa mision
18:08:11 : Side: Hans: que te trae un lanza misiles?
18:08:13 : Side: juandayz: buee aparecio una mision en el air de kras :D debe ser un desfiladero de bots
18:08:21 : Side: Jej0x |Aspirante|: HAHAHHAHA
18:08:34 : Side: Jej0x |Aspirante|: UNA PASARELA DE BOTS
18:08:46 : Side: Azrael1x: ya solos son una banda,igual no se si se mataran entre ellos
18:09:30 : Side: juandayz: no no, no se matan mas entre bots, ya lo arregle
18:09:47 : Side: Azrael1x: aff eso venia bien jaja
18:09:51 : Side: Hans: podrias poner para que los calibre 50 no tengan aim y te tiren a 4 mil metros? xD
18:10:21 : Side: Dragons: adm los autos son indestructibles.. eso no termina indo malo para el server??
18:13:55 : Side: juandayz: mmm no creo, se les puede subir el skill o me1111111111111
18:15:13 : Side: juandayz: ah si se estan cagando a tiros con la faccion independiente del airfield :D parece wastaland
18:15:42 : Side: Azrael1x: a eso nme referia son dos misiones diferentes
18:15:57 : Side: Hans: corta con la lluvia xD
18:17:57 : Side: Dragons: adm
18:18:21 : Side: Dragons: disculpa q te moleste..pero me subi a la bici  y termine en medio del mar....me estoy muriendo
18:20:57 : Side: Dragons: q bug  raro con la bicicleta.... de gorca a 1600m de la costa de kamenka !
18:24:01 : Side: Azrael1x: che juan hay boot en el norte arriba ded todo?
18:28:20 : Side: juandayz: quien es el q pide ticket adm?
18:28:21 : Side: Jej0x |Aspirante|: EL QUE VENGA AL AIRCRAFT SOMO 4 SE VA A LLEVAR UNOS LINDOS TIROS
18:28:29 : Side: Jej0x |Aspirante|: ALMENOS QUE QUIERA SER AMIGO
18:28:34 : Side: Dragons: yo
18:28:41 : Side: Jej0x |Aspirante|: BUENO NO DISPARES Y NO DISPARAMOS
18:30:44 : Side: Jej0x |Aspirante|: que haces forro?
18:31:14 : Side: Paez 420: muerto por hablador
18:31:51 : Side: Dragons: policia dice al costado
18:32:09 : Side: juandayz: la q le falta una rueda?
18:32:14 : Side: Dragons: esta rota le faltan 2 ruedas sobre el camino, pasando gorca
18:35:25 : Side: Paez 420: buenas
18:35:33 : Side: Paez 420: juan, estas ocupado?
18:36:18 : Side: juandayz: q necesitas paez
18:36:34 : Side: Azrael1x: juan
18:36:55 : Side: juandayz: bancame un toque azra
18:37:01 : Side: Azrael1x: oka
18:39:04 : Side: juandayz: q onda azra
18:39:26 : Side: Azrael1x: que se supone que tengo una vez que tome el fuerte?
18:39:36 : Side: juandayz: en realidad  no es para tomarlo
18:39:49 : Side: juandayz: viste el humvie roto q esta al lado de los soldados amigos
18:40:05 : Side: Azrael1x: ahhh son amigos?? XD
18:40:27 : Side: Hans: este boludo
18:40:37 : Side: Hans: se mando con la vodnik lo revientan y se enoja
18:41:02 : Side: juandayz: en l humvie roto
18:41:10 : Side: juandayz: usa el scrol menu
18:42:55 : Side: Hans: terrible roll back juan
18:42:56 : Side: Hans: que onda
18:43:07 : Side: Hans: estaba en la montania y apareci al lado del fiambre
19:03:51 : Side: Fidelo: ea paez
19:04:11 : Side: Azrael1x: che donde andan?
19:07:46 : Side: Paez 420: eaa fidelo
19:08:24 : Side: Fidelo: la llamada paez
19:44:00 : Side: [Amish]Churro: como va vieja
19:44:16 : Side: [Amish]Churro: ese acento.. cordooobe?
19:45:06 : Side: [Amish]Churro: jugamo a la mancha?
19:45:18 : Side: [Amish]Churro: jaja.. explicale
19:45:48 : Side: Azrael1x: JAJAJA ESTOY EN ESO ACA CON LOS PIBES
19:46:50 : Side: BIgote: buenas
19:47:05 : Side: [Amish]Churro: tegobi.. ki hace
19:47:07 : Side: Azrael1x: ehh tegobi
19:47:18 : Side: BIgote: que andan dogs 
19:47:20 : Side: [Amish]Churro: poco originales los bepi
19:47:29 : Side: [Amish]Churro: vamo a empezar a decirte walter
19:47:45 : Side: BIgote: jajajjajaja 
19:47:52 : Side: BIgote: venite al ts 
19:48:06 : Side: BIgote: se escucha todo cortado ajajaj
19:48:10 : Side: Azrael1x: venite al mercado que creo que sale airfield
19:48:22 : Side: BIgote: dale gas
19:48:23 : Side: Azrael1x: bigo estas en la base?
19:48:30 : Side: BIgote: sapee
19:48:37 : Side: Azrael1x: traete un m24 pa uno de los píbes porfa
19:49:04 : Side: BIgote: dale ga 
19:49:08 : Side: BIgote: no tengo auto
19:49:38 : Side: Azrael1x: traete la vodnik llave verde
19:49:52 : Side: BIgote: no se las combinaciones
19:50:11 : Side: BIgote: venite para el ts jaja
19:50:48 : Side: Azrael1x: voy pa aya bancame
19:51:09 : Side: BIgote: mandale cumbia
19:51:39 : Side: BIgote: no esta hanibal , se la quiero poner
19:53:04 : Side: juandayz: al pripmero q llegue a Antena4. deje un tanque de guerra usable hasta el restart.
19:53:16 : Side: Azrael1x: wtf???
19:54:00 : Side: juandayz: una especie de minievento :D... hay un tanque en antena4.. desaparece en el restart.. pero sirve para colarle al airfield
19:54:26 : Side: Azrael1x: mmm que dicen??
19:54:29 : Side: juandayz: o opara hacer misiones
19:58:34 : Side: BIgote: alguien sabe cuanto sale la mochila large ? 
19:59:22 : Side: juandayz: 6.000 creo
20:01:15 : Side: Sonic: en que grtupo estan del ts ? 
20:01:28 : Side: Azrael1x: en el 1
20:01:38 : Side: Sonic: oka
20:06:43 : Side: [Amish]Churro: te llevo?
20:07:22 : Side: Jose Luis: hola
20:11:02 : Side: Jose Luis: que pasa men
20:11:06 : Side: Jose Luis: todo bien
20:11:08 : Side: BIgote: te vamo a aplicar
20:11:23 : Side: juandayz: jajajaaja
20:11:55 : Side: Azrael1x: XD
20:12:01 : Side: Jose Luis: ????
20:12:09 : Side: Jose Luis: Colombia men
20:12:38 : Side: Jose Luis: ese es mexicano jajaaj
20:13:35 : Side: Jose Luis: ta lleno esto ahora
20:13:47 : Side: BIgote: NO ME APUNTES COGOTE
20:13:48 : Side: Azrael1x: al toque perro
20:14:05 : Side: Jose Luis: quien te apunta?
20:14:18 : Side: BIgote: cual haces
20:14:30 : Side: BIgote: vas a cortar unos cogos?
20:14:59 : Side: BIgote: jajajajajajajjajajajaja 
20:18:18 : Side: juandayz: bienvendo jecox
20:19:08 : Side: BIgote: admin para que sirven los bonos 
20:19:45 : Side: juandayz: los bonos te dan 5.000 cada 20 min,  las acciones te liquida una unica vez en 10 min, una suma random
20:19:59 : Side: BIgote: vale la pena ?' 
20:20:15 : Side: jecoxs: admin se pueden lootear armas 
20:20:19 : Side: jecoxs: como el m107
20:20:24 : Side: jecoxs: lo da dmr
20:20:27 : Side: juandayz: fijate antes del restart quedan 40 min, vas a cobrar 10.000
20:20:30 : Side: jecoxs: o la dmr
20:20:42 : Side: BIgote: me olvide de traer plata xd
20:20:42 : Side: juandayz: la dmr no, el 107 tiene muy baja chance
20:21:12 : Side: jecoxs: y la L115
20:21:19 : Side: juandayz: fijate jecox,, en los humvies destruidos tenes una opcion para pedir suministros por radioo, te tiira una caja, ahi suele haber dmr
20:21:20 : Side: jecoxs: de municion magunm
20:21:39 : Side: jecoxs: gracias  :D
20:21:42 : Side: jecoxs: por la info
20:22:05 : Side: juandayz: la muni de lapua la conseguis en la mision del air de krasnostav, si no me acuerdo omal
20:23:41 : Side: Jose Luis: cuantos bandidos hay en este server
20:24:08 : Side: Azrael1x: yo soy pero no soy XD
20:24:36 : Side: Jose Luis: como es eso xD
20:24:48 : Side: Jose Luis: por un segundo me vi muerto xD pero esto es zona segura se supone
20:24:50 : Side: Azrael1x: por mision no mas
20:27:00 : Side: Fidelo: por que me desmallo si mi mono esta al 100
20:27:17 : Side: juandayz: sobrepeso?
20:27:38 : Side: Jose Luis: como puedo hacer mas dinero
20:27:45 : Side: juandayz: juga ruleta rus
20:28:17 : Side: Jose Luis: en el apostador?
20:28:35 : Side: juandayz: si, 50 a 50 chances de morir o ganar 100000
20:28:48 : Side: juandayz: si moris te borra todo el gear de tu cuerpo
20:29:00 : Side: Jose Luis: no me jodas 
20:29:12 : Side: Jose Luis: y cuanto se apuesta
20:29:21 : Side: juandayz: no se apuesta, es ruleta rusa
20:29:28 : Side: jecoxs: admin porque no ponen bandidos que salgan random
20:29:34 : Side: juandayz: osea, pistola en la cabeza y gatillas, si no moris,, ganas
20:29:40 : Side: jecoxs: eso le daria sabor y conseguiriamos loot de armas
20:29:43 : Side: juandayz: como es eso jecox?
20:29:51 : Side: jecoxs: en un server que jugue 
20:29:55 : Side: jecoxs: al cierto tiempo
20:30:06 : Side: jecoxs: aparecian bandidos cercas de los players
20:30:16 : Side: jecoxs: bots como los de la mision pero ellos te buscaban
20:30:23 : Side: jecoxs: para matarte
20:30:55 : Side: juandayz: ah ta bueno, pasa q todos me quieren matar por los  zombies, imaginate si ademas le meto bots q los busquen :D
20:31:21 : Side: jecoxs: los zombies estan bien no son dificultad
20:31:37 : Side: jecoxs: lo emocionante es que siempre estes sobreviviendo
20:31:48 : Side: jecoxs: te avisaban en la radio solo cuando habia bandidps cercas
20:31:50 : Side: Jose Luis: donde puedo conseguir una camioneta
20:32:02 : Side: jecoxs: y tenias que hallarlos primeros antes que te encontraran a ti
20:32:07 : Side: juandayz: bueno, lo voy a tener en cuenta jecox, gracias!
20:32:16 : Side: jecoxs: a ti 
20:32:53 : Side: juandayz: los vehiculos los compras en el mercado jose luis
20:35:48 : Side: juandayz: q necesitas roger
20:36:06 : Side: Roger: :(
20:36:19 : Side: Roger: gracias :D
20:36:22 : Side: juandayz: ;)
20:36:42 : Side: Jose Luis: hola roger estoy atras tuyo :D
20:37:01 : Side: Jose Luis: que te pasa men
20:37:38 : Side: Azrael1x: jajaja cuanta maldad
20:37:41 : Side: [Amish]Churro: nooooo!
20:37:49 : Side: Jose Luis: que hdpta me disparo
20:37:53 : Side: [Amish]Churro: no te dies de dios ni de los gms
20:37:58 : Side: [Amish]Churro: fies*
20:38:05 : Side: juandayz: creo q se asusto
20:38:08 : Side: juandayz: por eso te tiro
20:38:26 : Side: Jose Luis: pero tambien te disparo a ti
20:38:29 : Side: juandayz: si
20:38:32 : Side: Jose Luis: desgraciado 
20:38:36 : Side: Jose Luis: jajajaj 
20:38:40 : Side: [Amish]Churro: ese es mi pollo
20:38:43 : Side: Azrael1x: sos malo para poner eso ahi eh
20:38:56 : Side: Jose Luis: como no soy mala gente no voy a robar su cuerpo
20:39:02 : Side: Jose Luis: -
20:41:45 : Side: Roger: Sorry. No sabia dde estaba jaja
20:41:47 : Side: juandayz: roger, asumo q te asustaste desorientado por el spawn, no sabiendo q estabas a menos de 50mts del trade y por eso disparaste..................
20:41:58 : Side: juandayz: jaja ok
20:42:04 : Side: Roger: encima no mate a ninguno, alto queso pa disparar
20:42:15 : Side: Roger: jajaja
20:42:22 : Side: Roger: Sorry
20:42:29 : Side: Jose Luis: debo admitir que me asustaste
20:42:32 : Side: juandayz: aca te dejo tu cuerpo jose luis. sin tocarlo
20:42:37 : Side: Roger: yo me asuste tbn
20:42:51 : Side: Roger: me aparecieron dos encima casi
20:42:52 : Side: Jose Luis: y con el cuerpo temblando por los disparos no tuve mas que dispararte
20:43:58 : Side: Roger: cerca de dde estaba?
20:44:06 : Side: Jose Luis: sin rencores verdad?
20:44:08 : Side: juandayz: mercado central
20:44:19 : Side: Jose Luis: si gustas yo te llevo al cuerpo pero ojo con los disparos
20:44:24 : Side: Roger: y eso es cerca de dde? jajaja
20:44:43 : Side: [Amish]Churro: acepta la party asesino
20:44:57 : Side: juandayz: al lado de Gvozno, al noreste
20:44:59 : Side: jecoxs: porque se buguean las misiones?
20:45:03 : Side: jecoxs: acabo de hacer una
20:45:10 : Side: jecoxs: y no me sale el loot
20:45:13 : Side: jecoxs: de la mision
20:45:44 : Side: Jose Luis: quien disparo
20:45:50 : Side: Roger: bue. veo si llego corriendo
20:45:54 : Side: juandayz: te falta un bot
20:45:55 : Side: Roger: que se yo
20:45:57 : Side: Jose Luis: de la buena
20:45:58 : Side: juandayz: pera
20:46:22 : Side: Fidelo: OCUPO AYUDA
20:46:28 : Side: Jose Luis: no pues de eso no tengo 
20:46:31 : Side: Fidelo: se quedo atorada una sub
20:46:45 : Side: jecoxs: no veo ningun bot
20:46:46 : Side: Azrael1x: roger
20:46:48 : Side: jecoxs: vivo
20:46:54 : Side: jecoxs: no es la primera vez que me pasa
20:46:55 : Side: Azrael1x: te podes armar una bici
20:46:57 : Side: jecoxs: es la segunda
20:46:58 : Side: Jose Luis: talco no tengo ahora :D
20:47:10 : Side: Jose Luis: vale 
20:47:24 : Side: Fidelo: tampoco puedo desplegar una bici
20:47:28 : Side: [Amish]Churro: llegaron los helados
20:47:37 : Side: [Amish]Churro: de q quieren mis pequeños
20:47:54 : Side: [Amish]Churro: mucho toqueteo
20:48:01 : Side: [Amish]Churro: q recibimiento caluroso
20:48:12 : Side: [Amish]Churro: sale un dasneves
20:48:25 : Side: Fidelo: ty
20:48:41 : Side: [Amish]Churro: vamo al pute vieja
20:48:45 : Side: Jose Luis: buscando donde me dejo la mercancia el patron
20:48:55 : Side: [Amish]Churro: fasito y bucal
20:49:22 : Side: [Amish]Churro: epaaa
20:49:30 : Side: [Amish]Churro: q generosos
20:49:32 : Side: [Amish]Churro: gracias
20:49:41 : Side: BIgote: NO SE PUEDE VENDER NADA
20:49:41 : Side: erick: buenas
20:49:49 : Side: juandayz: hola erick
20:49:57 : Side: Jose Luis: buenas erick
20:50:04 : Side: jecoxs: se quedo bugueada :(
20:50:06 : Side: Azrael1x: erick papa
20:50:25 : Side: Azrael1x: me iba pal airfield y se tomaron el palo
20:51:29 : Side: Jose Luis: oye ya quitaste la mision?
20:51:38 : Side: [Amish]Churro: reset en 10
20:51:40 : Side: [Amish]Churro: xD
20:51:50 : Side: Jose Luis: ahhh no habia visto :(
20:51:52 : Side: Jose Luis: xD
20:52:10 : Side: Azrael1x: che juan al final que se hace en fuerte un
20:52:46 : Side: jecoxs: no me salio el loot de la mision
20:52:54 : Side: juandayz: al lado de los soldados hay un humvie roto, le pasas  el scroll menu y te deja pedir suministros, ataque de artilleria
20:53:04 : Side: juandayz: necesitas un tin bar
20:53:07 : Side: Azrael1x: sin barret
20:53:16 : Side: Azrael1x: ahhh ok ok
20:53:30 : Side: Azrael1x: pero no te matan por mas que seas bandit
20:53:30 : Side: NOSTROMO: q es un tin bar
20:53:40 : Side: juandayz: una barra de tin :D
20:54:20 : Side: [Amish]Churro: pobre erick.. juega en venezuela.. le kb el ping
20:54:46 : Side: Sonic: anthchurro}
20:54:49 : Side: Azrael1x: empti tin can no sirve entonces
20:54:57 : Side: Azrael1x: ??
20:55:03 : Side: juandayz: nop
20:55:09 : Side: Azrael1x: dafuk}
20:55:12 : Side: juandayz: con eso y el fuego podes hacer la tin bar
20:55:26 : Side: Azrael1x: si ya vi con 4
20:56:35 : Side: Jose Luis: cual es el que vende los coches
20:56:51 : Side: juandayz: el q esta al lado de la estacion de servicio del mercado
20:57:29 : Side: Azrael1x: yo?
20:57:47 : Side: Jose Luis: que pasa crack
21:12:27 : Side: Jose Luis: volvi
21:12:36 : Side: Jose Luis: eyy admin
21:12:37 : Side: JiNX: buenas
21:12:56 : Side: Jose Luis: buenas jinx
21:22:38 : Side: Jose Luis: el admin muere? xD
21:24:37 : Side: Jose Luis: juan
21:26:22 : Side: Jose Luis: que entretenido xD
21:26:35 : Side: Jose Luis: oye necesito comida y estoy ahorrando pal safe :(
21:27:21 : Side: Jose Luis: iba a ser la mision donde tuve que matar a roger y ya no esta
21:28:09 : Side: Jose Luis: roger estas
21:31:26 : Side: Jose Luis: alguien le cambio comida por balas xD
21:31:57 : Side: jecoxs: yo te lo cambio por una bala en tu cabeza
21:32:03 : Side: jecoxs: :D
21:32:20 : Side: Jose Luis: mal negocio ese xD
21:32:31 : Side: jecoxs: xD no te debes de fiar de nadie en el dayz xD
21:32:58 : Side: Jose Luis: eso veo
21:33:18 : Side: Jose Luis: aqui es dificil hacer de heroe xD
21:33:47 : Side: jecoxs: para hacer heroe tienes que matar muchos zombies o hacer misiones donde sean bandidos los enemigos
21:33:53 : Side: jecoxs: o matar players rojos
21:34:06 : Side: Jose Luis: tu eres rojo?
21:34:09 : Side: Jose Luis: xD
21:34:18 : Side: jecoxs: aun no pero dime donde estas para serlo
21:34:31 : Side: Jose Luis: jajaaj que agresivo
21:34:34 : Side: jecoxs: xD
21:44:58 : Side: Jose Luis: que pasa sonic
21:45:07 : Side: Jose Luis: ojo con mi backpack
21:45:20 : Side: Jose Luis: es mi backpack
21:45:46 : Side: Jose Luis: gracias es que voy a vender esta para hacer dinero
21:47:28 : Side: Jose Luis: graciss men
21:48:06 : Side: Jose Luis: no la supe vender
21:48:15 : Side: Jose Luis: ok
21:48:28 : Side: Jose Luis: espera la suelto la otra
21:50:10 : Side: Jose Luis: gracias
21:50:42 : Side: Jose Luis: luego vengo men suerte
21:50:48 : Side: Jose Luis: muchas gracias por no robarme xDD
21:51:42 : Side: Sonic: alguien me hace un prestamo bancario de 4 lucas  ? 
21:54:17 : Side: Sonic: welcome :D
22:27:36 : Side: Maty: se puede usar el side chat?
22:28:08 : Side: [Amish]Churro: mi amigo maty
22:28:23 : Side: [Amish]Churro: y tincho
22:28:27 : Side: [Amish]Churro: jaja
22:28:33 : Side: Maty: como?
22:28:42 : Side: [Amish]Churro: jaja nada amigo.. buenas noches
22:29:27 : Side: Maty: ah jajaja
22:29:33 : Side: Maty: hay muchos bandidos?
22:33:13 : Side: Maty: y yo que creeia que en los servers br eran hostiles, dios mio
22:35:17 : Side: Fidelo: GRUPO
22:44:59 : Side: [Amish]Churro: y eso?
22:50:06 : Side: juandayz: como vas Yotam, te ubicas mas o menos?ç
22:50:30 : Side: Yotam: si mas o menos, gracias
22:50:41 : Side: juandayz: ;) 
22:50:59 : Side: Maty: uh papu me encontré alta suv de gendarmeria
22:55:21 : Side: Maty: este sv es argentino?
22:55:27 : Side: juandayz: si
22:56:16 : Side: jecoxs: ea maneja tu tengo bugueado una madre
22:57:07 : Side: jecoxs: ea me escuchan?
22:57:14 : Side: juandayz: q paso
22:57:30 : Side: jecoxs: nada 
22:57:51 : Side: jecoxs: nel we
22:57:55 : Side: jecoxs: sabe porque 
22:58:29 : Side: Roger: Hola!
22:58:38 : Side: juandayz: hola roger
22:59:13 : Side: Roger: Igualmente Juan Diaz! :D
22:59:25 : Side: juandayz: dayz no diaz :D
22:59:32 : Side: Roger: aaaah jajaja
22:59:53 : Side: Dallheim: juan diaz de solis
22:59:55 : Side: Roger: sorry =P
23:00:07 : Side: juandayz: ;)
23:04:30 : Side: Sirfes-AR: hola a todos
23:04:39 : Side: Roger: Hola
23:04:45 : Side: juandayz: hola sirfesi, bienvenido
23:04:55 : Side: Maty: re que ningun trader quiere estas armas, me mato
23:05:02 : Side: Sirfes-AR: gracias :D
23:05:02 : Side: Yotam: hola
23:17:34 : Side: Sirfes-AR: que hacen? estoy aburrido jajaja
23:23:03 : Side: Sirfes-AR: me estas siguiendo verdad?
23:23:11 : Side: Sirfes-AR: sabia que no estaba loco jajajaja
23:23:14 : Side: juandayz: si te estoy hablando D jajaj
23:23:50 : Side: Sirfes-AR: pero que onda? sos invicible que no te veo? jajaja
23:24:07 : Side: juandayz: si, para q no te asustes y me dispares. 
23:24:24 : Side: JiNX: como roger (?)
23:24:30 : Side: Sirfes-AR: oka jajaja
23:24:30 : Side: juandayz: exacto
23:24:41 : Side: Sirfes-AR: mientras no me traikees todo bien 
23:24:46 : Side: juandayz: naa
23:25:09 : Side: juandayz: bue era para ver si necesitabas algo o tenias dudas... segui jugando no mas
23:25:33 : Side: Sirfes-AR: siii, tengo muchas dudas, pero bueno, que se yo jajajaja. soy re nuevo en day z
23:27:52 : Side: Maty: MATE A UNOS EN UN CONTRÓL Y EMPEZO A SONAR UAN SIRENA Y ESTOY RE CAGADOW
23:29:16 : Side: Sirfes-AR: che, como se compran cosas?
23:29:28 : Side: juandayz: tenes q ir a mercado central
23:30:55 : Side: Sirfes-AR: okas, y de donde saco las monedas?
23:31:18 : Side: juandayz: podes vender items en el mismo lugar y asi vas haciendo monedas
23:31:56 : Side: juandayz: para conseguir items, los podes juntar o hacer misiones. (fijate q en el mapp hay circulos grandes que dicen Hero o Bandit) esas son misones
23:33:13 : Side: Sirfes-AR: okis, gracias
23:38:47 : Side: Sirfes-AR: donde es el mercado central_
23:38:59 : Side: Maty: abri el mapa, esta al norte
23:41:20 : Side: Yotam: pregunta... si me desconecto, pierdo todo? verdad?
23:41:37 : Side: Sirfes-AR: no, al menos a mi no
23:41:44 : Side: Sirfes-AR: aparezco donde me desconecte
23:41:44 : Side: Maty: no
23:41:51 : Side: Maty: solo cuando moris perdes tus cosas
23:41:58 : Side: Yotam: ah perfecto, gracias
23:42:04 : Side: Maty: y si el sv no reinició, podes ir al cuerpo y agarrarlas de nuevo
23:44:13 : Side: Hans: jejox puto me dejaste re tirado
23:44:41 : Side: Maty: hay alguien en el aeropuerto grande?
23:44:46 : Side: Maty: o son todas IA?
23:44:54 : Side: Hans: son todos ia
23:44:55 : Side: Hans: xD
23:44:56 : Side: jecoxs: hans tu no jugastes en el server for locos?
23:45:04 : Side: Hans: creo que si
23:45:06 : Side: Hans: por
23:45:15 : Side: jecoxs: se me hacia conocido tu nombre
23:45:21 : Side: jecoxs: yo tambien jugue
23:46:01 : Side: ukaf: q se hace en los lugares de trabajo? alguien sabe?
23:46:07 : Side: San: holas, para que sirve la armeria?
23:46:08 : Side: Maty: y....
23:46:11 : Side: Hans: trabajar :T
23:46:14 : Side: Hans: xD
23:46:23 : Side: ukaf: como?
23:46:24 : Side: San: como?
23:46:33 : Side: Hans: ahi te dijieron 
23:46:34 : Side: Hans: jajaj
23:46:45 : Side: San: si pero como trabajas capita
23:47:50 : Side: San: ???!??!
23:49:33 : Side: Yotam: alto el fuego
23:54:30 : Side: Hans: estoy aburrido :C
