01:15:00 : Side: Daryl: me re cagaron a tiros
01:57:13 : Side: Daryl: filio
03:16:33 : Side: Noelia Pompa: jajajaajajajajajaaj nooooo!!!
05:40:57 : Side: GusTavoR-: daryl
05:41:12 : Side: Daryl: si?
05:41:37 : Side: GusTavoR-: es tu de heli?
05:41:42 : Side: Daryl: eu sou
05:41:53 : Side: GusTavoR-: es?
05:41:56 : Side: GusTavoR-: jaja
05:41:56 : Side: Daryl: si
05:41:59 : Side: Daryl: xD
05:42:03 : Side: GusTavoR-: xD
05:42:07 : Side: Daryl: hablo muy poco portugues
05:42:13 : Side: Daryl: no se escribir portugues
05:42:25 : Side: GusTavoR-: no faz mal
05:42:35 : Side: GusTavoR-: no sei muy spanish
05:42:41 : Side: Daryl: eu jogo LoL em br
05:42:53 : Side: GusTavoR-: jaja
05:43:05 : Side: Daryl: muito melhor que Las
05:43:08 : Side: GusTavoR-: bueno
05:43:30 : Side: GusTavoR-: juego outro juego?
05:43:36 : Side: GusTavoR-: juega*
05:43:37 : Side: Daryl: no posse
05:44:54 : Side: Daryl: nao posse eu vou ser faser colegio militar
05:45:05 : Side: GusTavoR-: hm
05:45:22 : Side: Daryl: se eu jogo, nao posse estudar
05:45:27 : Side: GusTavoR-: tua idade?
05:45:30 : Side: Daryl: 23
05:45:37 : Side: GusTavoR-: hm
05:45:49 : Side: GusTavoR-: el tengo 17
05:45:57 : Side: GusTavoR-: mi amigo talles tien 18
05:46:02 : Side: GusTavoR-: tiene*
05:46:08 : Side: GusTavoR-: xD
05:46:26 : Side: GusTavoR-: ustedes es del argentina
05:46:30 : Side: GusTavoR-: ?
05:46:44 : Side: Daryl: eu sou argentino, eu moro Corrientes capital
05:46:56 : Side: Daryl: 14hs de brasil
05:47:08 : Side: GusTavoR-: :O
05:48:19 : Side: Daryl: Muito serca do do paraguay
05:48:29 : Side: Daryl: GOOGLE TRADUCTOR OP xD
05:48:34 : Side: GusTavoR-: jaja
05:50:15 : Side: Daryl: boa noite homem, vou embora
05:50:25 : Side: GusTavoR-: boa noite
05:50:27 : Side: GusTavoR-: xD
05:50:31 : Side: Daryl: xD
05:50:37 : Side: Daryl: 5.50AM argentina xD
05:50:54 : Side: Daryl: fale com meu, facebook.com/gabixango 
05:50:56 : Side: GusTavoR-: 5.51AM brasil jaja
05:51:28 : Side: Daryl: JAJA XD, eu pensei que teniamos distintas horas
05:51:36 : Side: GusTavoR-: si
05:51:41 : Side: GusTavoR-: mui rapido
05:52:24 : Side: Daryl: si, hasta mañana :)
07:42:17 : Side: JF: hola!!
07:42:27 : Side: edgar: Hola
22:49:53 : Side: GusTavoR-: ok
22:54:54 : Side: GusTavoR-: no pls
22:55:03 : Side: GusTavoR-: flying heli
22:55:07 : Side: GusTavoR-: my friend
22:58:34 : Side: GusTavoR-: ok
22:58:40 : Side: GusTavoR-: rest now
22:58:44 : Side: GusTavoR-: :)
22:58:48 : Side: GusTavoR-: restart*
22:59:12 : Side: Pampita: si dale gil
22:59:17 : Side: TaLLeS-: YES
