15:20:34 : Group: Jej0x |Aspirante|: gay
15:20:40 : Group: Jej0x |Aspirante|: estoy en la loma del orto
15:20:49 : Group: painful: si me di cuentea
15:21:04 : Group: Jej0x |Aspirante|: que haces en komarovo?
15:21:13 : Group: Jej0x |Aspirante|: compre un heli pero lo rompi jajajajaa
15:21:26 : Group: painful: looteando un poco airport
15:21:32 : Group: painful: ahora voy a la mision
15:32:13 : Group: painful: 0
15:32:20 : Group: painful: despues entramos ts
15:35:35 : Group: painful: paseando <3
15:42:00 : Group: painful: que carajos hacen ??
15:50:11 : Group: Jej0x |Aspirante|: que pasa?
15:55:12 : Group: Jej0x |Aspirante|: ctu
15:57:10 : Group: painful: ahi voy para alla
15:58:47 : Group: Bad Guy: cuanto x muerte?
16:01:18 : Group: Jej0x |Aspirante|: moriste?
16:03:24 : Group: painful: ya llegue yo
16:03:29 : Group: painful: no me la pongan forros
16:04:42 : Group: painful: soy yo
16:04:45 : Group: painful: mongolico
16:19:23 : Group: Bad Guy: SE BUGUEO SI
16:19:36 : Group: painful: HAY QUE ENTRAR A ALGUN TS
16:19:42 : Group: painful: NO SE ENTIENDE UN CHORI
16:19:59 : Group: Bad Guy: aguantenme
16:20:38 : Group: Jej0x |Aspirante|: STANAG
16:20:39 : Group: Jej0x |Aspirante|: TENES?
16:20:44 : Group: painful: no
16:28:24 : Group: Jej0x |Aspirante|: no tenes algo de guita que te sobre
16:28:31 : Group: Jej0x |Aspirante|: tengo 25000 no compro nada con eso
16:29:04 : Group: Jej0x |Aspirante|: ni un ural me compro con eso
16:29:18 : Group: Bad Guy: jajaja lo q es la pobrezaw
16:29:30 : Group: Jej0x |Aspirante|: a ver si me puedo comprar una camioneta
16:30:12 : Group: Jej0x |Aspirante|: sino juego una ruletita
16:30:14 : Group: Jej0x |Aspirante|: a ver que onda
16:31:31 : Group: Jej0x |Aspirante|: ni un uaz
16:31:41 : Group: Bad Guy: comprate un quad de ultima
16:31:49 : Group: Jej0x |Aspirante|: ya fue me compre una hilux
16:31:53 : Group: Jej0x |Aspirante|: es qe la quiero para guardar cosas
16:31:56 : Group: Jej0x |Aspirante|: no tenes lockbox?
