15:23:14 : Side: sRulo: CHE CON CUAL SE HABLA POR ACA?
15:24:36 : Side: sRulo: ESTAS??
15:24:42 : Side: galle: si
15:24:57 : Side: sRulo: curse o hablamos por aca?
15:24:58 : Side: galle: no tenes radio?
15:25:04 : Side: sRulo: si te mande invi
15:25:05 : Side: galle: para eso estoy viendo
15:25:16 : Side: galle: creo q es el curso q me caga todo
15:25:22 : Side: sRulo: ahh ok
15:25:45 : Side: galle: no me salis en la radio :S
15:26:05 : Side: sRulo: fijate ahi
15:26:21 : Side: galle: no te veo online directamente
15:26:23 : Side: sRulo: vos si me salis
15:26:29 : Side: sRulo: wtf 
15:26:34 : Side: sRulo: jajaj
15:26:46 : Side: sRulo: relogueo
15:26:46 : Side: galle: estas en modo fantasma
20:45:14 : Side: JF: Hola gente !!!
21:09:51 : Side: Totoasd: alguien una ayudita en kamyshovo?
21:10:14 : Side: reconnect: q necesitas?
21:10:31 : Side: Totoasd: una bloodbag me palearon los zombies
21:10:40 : Side: reconnect: voy, no se donde esta
21:10:51 : Side: Totoasd: no puedo entrar a la ciudad esta lleno de bichos
21:11:21 : Side: reconnect: uuu estoy en la loma del orto
21:11:25 : Side: Totoasd: kamysh es la primera despues de elektro
21:11:38 : Side: reconnect: si me bancas que llegue
21:11:43 : Side: Totoasd: ah no importa ahora me arreglo
21:11:48 : Side: Totoasd: deja tranqui
21:11:55 : Side: reconnect: toy yendo en bici
21:12:29 : Side: JF: Che disculp'a yo estoy practicamente del otro lado
21:12:43 : Side: JF: del mapa
21:12:59 : Side: Totoasd: no importa muchachos gracias igual, de ultima sale suicidio y vengo a buscar mis cosas jajaja
21:13:11 : Side: reconnect: toy a 3km
21:13:39 : Side: Totoasd: estoy por las vias
21:13:51 : Side: reconnect: mandame un invite
21:14:03 : Side: Totoasd: ahi va
21:41:04 : Side: Totoasd: no tiene ciclo nocturno el sv, no?
21:42:29 : Side: JF: aveces si tiene ciclos nocturnos pero nunca se save cuando
21:43:14 : Side: TaLLeS-: no tiene
21:46:53 : Side: reconnect: q bien hecha la simulacion del jetski
22:02:15 : Side: Alan: buneas
22:02:47 : Side: JF: Hola Alan como va!!
22:03:17 : Side: TaLLeS-: como sua mana
22:09:49 : Side: Ivan: Hola tanto tiempo como va?
22:10:20 : Side: Alan: buenas ivan
22:10:36 : Side: Ivan: alguno tiene ganas de matar bandidos? o algo?
22:11:18 : Side: JF: Hola como va Ivan
22:11:45 : Side: Ivan: bien aca ando estan en grupo?
22:11:56 : Side: Alan: si quieres ahora hacemos
22:12:24 : Side: Ivan: si dale
22:12:36 : Side: Ivan: asi jugamos tengo ganas de hacer un team y matar a la IA
22:13:11 : Side: Alan: ok dale pero aguantame
22:13:15 : Side: Alan: 10 min
22:13:15 : Side: reconnect: quien hizo la mision del aeropuerto?
22:13:30 : Side: reconnect: cosa rara
22:13:42 : Side: reconnect: llegamos y estan todos muertos pero loa mision activada aun
22:14:12 : Side: sRulo: me ha pasado a veces
22:14:20 : Side: reconnect: hola rulo, como va
22:14:25 : Side: reconnect: sin reconres :)
22:14:30 : Side: sRulo: todo bien estamos de mejor humor(?
22:14:32 : Side: sRulo: jajaj
22:14:41 : Side: Alan: DE ENEMIGOS A AMANTES UN POCO MAS
22:14:42 : Side: sRulo: asi debe ser loco
22:14:49 : Side: sRulo: jajaj
22:15:01 : Side: reconnect: yo me voy con el que la tiene mas larga, sori alan
22:15:05 : Side: reconnect: te quedas corto
22:15:06 : Side: Alan: yo tmb quiero amor che
22:15:09 : Side: JF: si aveces se enfrentan dos grupos y vos llegas y te encontras con varios muertos pero no te descuides porque suelen aparecer mas 
22:15:10 : Side: Alan: jajajaja
22:15:12 : Side: sRulo: jajaja
22:15:31 : Side: reconnect: JF es raro porque estaba looteada los cuerpos
22:15:37 : Side: reconnect: pero la CAL 50 seguia :S
22:15:47 : Side: Ivan: los puestos de control que onda? que son?
22:15:54 : Side: reconnect: como looteo los cuerpos con la cal 50 viva no se
22:16:17 : Side: sRulo: 2 tipos con fal y 2 granadas c/u
22:16:20 : Side: Totoasd: son puestos de IA creo
22:16:28 : Side: sRulo: claro
22:16:30 : Side: sRulo: eso
22:16:42 : Side: Alan: jaja
22:16:44 : Side: JF: si eso tambien sucede como te decia aveces aparecen mas en otro veiculo o en heli cuidado
22:20:14 : Side: Ivan: bueno entonces hacemos team?
22:20:39 : Side: Ivan: alguien esta en heli?
22:20:57 : Side: reconnect: ME CHORIE UN CAMION
22:20:58 : Side: sRulo: los vehiculos abandonados desp de 5 dias se tendrian que desbloquear 
22:21:01 : Side: GusTavoR-: ;
22:21:09 : Side: Totoasd: yo lo vi todo
22:21:10 : Side: Ivan: reconect te consulto es un ural?
22:21:12 : Side: GusTavoR-: ivan donde estas?
22:21:13 : Side: Alan: devolve el camion rata
22:21:15 : Side: Alan: apestosa
22:21:16 : Side: Ivan: yo no me conecto hace banda
22:21:16 : Side: Totoasd: se lo robo el muy cara dura
22:21:23 : Side: Ivan: capas es mi ural xD
22:21:27 : Side: Alan: DEVOLVE ESE CAMION CARA DE JAPI JAJA
22:21:52 : Side: Alan: vola de aca jajaja
22:22:21 : Side: Alan: eni trae el camion jajaja
22:22:29 : Side: Alan: noo jajaja
22:22:36 : Side: Alan: jajajajajajajjaja
22:22:46 : Side: Ivan: FU---
22:22:49 : Side: Alan: q carajooo mi camionn
22:23:06 : Side: Alan: quien es
22:23:09 : Side: Alan: el del helicoptero ?
22:23:15 : Side: Ivan: nose me re cago a tiros
22:23:24 : Side: Ivan: pase por el rango de tiros y me dejo en 1000 de vida
22:23:35 : Side: Ivan: ya fue vieja muero murido
22:23:37 : Side: GusTavoR-: alan
22:23:40 : Side: GusTavoR-: holaaa
22:23:43 : Side: GusTavoR-: jaja
22:23:44 : Side: Alan: gustavoo queridoo
22:23:46 : Side: Alan: jajaja
22:23:47 : Side: reconnect: jajajajJAJAJAJAJ
22:23:51 : Side: GusTavoR-: bien?
22:23:56 : Side: Alan: todo bien y vos queridoo
22:24:00 : Side: sRulo: alguien sabe que es juliet 404?
22:24:10 : Side: Alan: si te pones ese skin
22:24:13 : Side: Alan: te rompemos la cola entre todos
22:24:16 : Side: Alan: es muy zorra juliet
22:24:19 : Side: reconnect: quien fue el mogolico? el brasuca? jajja
22:24:32 : Side: Alan: es la novia de reconnect
22:24:34 : Side: Ivan: quien hablo por voz?
22:24:35 : Side: Alan: imaginate
22:24:39 : Side: reconnect: los brasucas soy muy mogolicos jajaja
22:24:41 : Side: Ivan: me cague todo la puta que lo pario
22:24:49 : Side: JF: Jajajajaaaa
22:24:51 : Side: reconnect: che alan y se te compio el camion?
22:24:56 : Side: Alan: si la concha de tu hermana
22:24:58 : Side: Alan: .l.
22:25:02 : Side: reconnect: que me puteas a mi gil
22:25:08 : Side: reconnect: si fue el mogolico en el helicoptero
22:25:21 : Side: reconnect: le hice frente con el mozzie al muy maricon jajajaajaj
22:25:42 : Side: reconnect: como le voy a explotar la base a los brasucas
22:25:44 : Side: reconnect: no tiene nombre
22:25:58 : Side: Alan: jajaja
22:26:00 : Side: reconnect: kjajajaj
22:26:02 : Side: Alan: te odio
22:26:03 : Side: Alan: basura
22:26:15 : Side: Alan: ese camion me salio 40000
22:26:17 : Side: reconnect: lo mas triste que se debe sentir orgulloso
22:26:18 : Side: Alan: 2 horas de juego
22:26:20 : Side: Ivan: che se hace el grupo o no?
22:26:22 : Side: Alan: me cuesta ese mionca de mierda
22:26:23 : Side: reconnect: te compro 18 camiones
22:26:30 : Side: reconnect: `ppobre
22:27:14 : Side: reconnect: Talles BZR, we are at war :D
22:27:40 : Side: Alan: acepta 
22:27:46 : Side: GusTavoR-: reconnect noob ajajajaja
22:27:48 : Side: reconnect: eu vou a denunciar seu ataque en el trader con admin
22:27:53 : Side: reconnect: :)
22:27:54 : Side: TaLLeS-: ok 
22:27:58 : Side: GusTavoR-: ok
22:28:02 : Side: reconnect: noob, lol
22:28:08 : Side: GusTavoR-: el uan es nosso amigo lixo escroto
22:28:09 : Side: Alan: paz y amor
22:28:13 : Side: GusTavoR-: juan
22:28:14 : Side: reconnect: I make fun of you loser
22:28:14 : Side: Alan: argentinos brasileiros hermanos
22:28:23 : Side: GusTavoR-: seu noob lixo
22:28:24 : Side: Alan: for everalone
22:28:32 : Side: reconnect: i did it on porpouse i didn't lose anything retard :)
22:28:32 : Side: Alan: caipiroshca
22:28:49 : Side: reconnect: u noobish
22:29:08 : Side: Alan: marcelo acepta
22:29:13 : Side: GusTavoR-: hahaha
22:29:13 : Side: Alan: y cala la boca boluro
22:29:22 : Side: JF: the ward is vs zombi men dejen de romper las bolas que parece un server  brasilero esto jajajaa
22:29:23 : Side: GusTavoR-: reconnect noob
22:29:36 : Side: GusTavoR-: cry
22:29:37 : Side: reconnect: jajajaaj
22:29:41 : Side: GusTavoR-: cry
22:29:41 : Side: reconnect: cry??? lol
22:29:48 : Side: reconnect: u are so retard that you can't understand
22:30:00 : Side: Alan: marcllooo
22:30:02 : Side: Alan: acepta
22:30:04 : Side: Alan: caraio
22:30:06 : Side: reconnect: vc e muito retardado que nao entiende
22:30:24 : Side: GusTavoR-: claro
22:30:27 : Side: reconnect: jajajajaja
22:30:43 : Side: reconnect: te cague brasuca gil xDDD
22:30:47 : Side: GusTavoR-: tepende da classe
22:30:57 : Side: GusTavoR-: cry reconnect :)
22:31:07 : Side: Ivan: alan que onda? hacemo algo? pah
22:31:14 : Side: reconnect: lol cry
22:31:19 : Side: reconnect: vc chora noob 
22:31:25 : Side: reconnect: eu lixo risa
22:31:35 : Side: reconnect: xD
22:31:41 : Side: GusTavoR-: vai aprender portugues direto lixo escroto :)
22:31:52 : Side: reconnect: eu nao quiero aprender esa mierda
22:31:57 : Side: Ivan: oyeh tranquilo viejo
22:31:58 : Side: reconnect: :D
22:32:02 : Side: GusTavoR-: problema seu
22:32:05 : Side: reconnect: nao 
22:32:11 : Side: reconnect: problema tuyo
22:32:15 : Side: GusTavoR-: fica ai usando google tradutor lixo
22:32:18 : Side: reconnect: q no entendes un sorete con idioma de indio
22:32:27 : Side: reconnect: jajaja brasileiro pobre
22:33:02 : Side: reconnect: muy noob jajaja
22:33:05 : Side: Alan: YO NO FUI
22:33:07 : Side: Alan: YO NO FUII
22:33:09 : Side: reconnect: nada me estoy riendo del otario del brasuca
22:33:20 : Side: Ivan: chukyn !!!! todo bien?
22:33:22 : Side: GusTavoR-: reconnect es mui noob
22:33:28 : Side: Alan: JAJA
22:33:33 : Side: Alan: chukyn
22:33:36 : Side: Alan: mucha droga
22:33:38 : Side: Alan: corre en este juego
22:34:03 : Side: reconnect: gustavor se rie de que me mato saliedno con un mozzie del trader y el arriba del trader con un blackhawk disparandoles a todos
22:34:10 : Side: sRulo: es cualquier cosa te enchufe alto tiro
22:34:20 : Side: reconnect: a mi, al chopper de alan, etc :D pero no me molesta para nada
22:34:23 : Side: GusTavoR-: mentira
22:34:28 : Side: reconnect: el piensa que me calente y yo me rio del gil
22:34:31 : Side: GusTavoR-: tu tienes prova?
22:34:36 : Side: GusTavoR-: cry
22:34:39 : Side: GusTavoR-: cry
22:34:46 : Side: reconnect: alan, yo y otro, eramos 3 en el trader
22:35:14 : Side: reconnect: no pasa nada chuky, me la fuma posta. Me rio de el porque piensa que hizo algo glorioso :D
22:35:26 : Side: Alan: me rompieron mi helicoptero
22:35:30 : Side: GusTavoR-: sdi si chukyn es o reconnect q no tiene respect
22:35:30 : Side: Alan: era el mas carooo
22:35:34 : Side: Alan: el mas carooooo
22:35:38 : Side: Alan: jajaja
22:36:04 : Side: reconnect: los unicos que andan en el blackhawk armado.
22:36:23 : Side: reconnect: posta que no es para hacer bardo man, todo bien
22:36:37 : Side: Chopper: hola a todos, solo queria decirles q acabo de entrar y lo primero q veo es gente insultandose por sidechat
22:36:49 : Side: Alan: uh llego la vieja
22:36:51 : Side: Alan: del server
22:36:52 : Side: Alan: jajaja
22:36:58 : Side: sRulo: jajajaj
22:37:20 : Side: reconnect: chukly, me estaba yendo a comer posta. dp te contamo la historia, pero no da
22:37:38 : Side: reconnect: en 40' entro
22:37:47 : Side: reconnect: mientras que los macacos se atoren con la banana
22:37:49 : Side: reconnect: jhajajaaj
22:37:50 : Side: Chopper: leo las reglas del server y dicen que personas de cualquier pais son bienvenidas, y enseguida leo en el chat pura xenofobia
22:38:08 : Side: Alan: chopper
22:38:09 : Side: reconnect: chopper, es que los brasucas son todos trans xD
22:38:10 : Side: sRulo: es xenofobia con amor
22:38:12 : Side: Alan: nunca hay bardo jaja
22:38:18 : Side: Alan: pero ahora se armo pero no es nada jaja
22:38:22 : Side: reconnect: bueno, vuelvo al rato. besos negros
22:38:38 : Side: reconnect: bo, no es falta de respeto, es la verda de la vida
22:39:04 : Side: reconnect: 70% trans, 20% negros, 10% cosas raras y pele debuto con un pibe
22:39:14 : Side: Alan: hhahahaha
22:39:14 : Side: reconnect: jajaja
22:39:22 : Side: Alan: chukyn esta jodiendo
22:39:26 : Side: Alan: te lo tomas muy a pecho
22:48:01 : Side: JF: Alguien me puede explicar que significado tiene el reinicio del server fuera de la hora que señala el indicador???
22:48:17 : Side: sRulo: una caida)?
22:48:30 : Side: sRulo: las cosas siguen asique no fue restart
22:49:38 : Side: JF: estas caidas son intencionales presumo
22:50:07 : Side: GusTavoR-: mas nós nunca atacamos
22:50:12 : Side: GusTavoR-: é mentira dele
22:50:12 : Side: TaLLeS-: nos n fizemos nd de mais]
22:50:39 : Side: TaLLeS-: ja fizeram isso com nos e nos n fomos igual una moças chorar pra vs
22:50:45 : Side: TaLLeS-: vc
22:51:13 : Side: TaLLeS-: ok 
22:51:23 : Side: TaLLeS-: nosostros no faremos mais iso
22:51:27 : Side: TaLLeS-: isso
22:51:42 : Side: TaLLeS-: ok???
22:52:12 : Side: Alan: quiero mi auto chukynn
22:52:54 : Side: Alan: nose un camion jaja pero deja no te hagas drama
22:53:17 : Side: Alan: nose ni cual era
22:53:19 : Side: TaLLeS-: eres juan 
22:53:22 : Side: TaLLeS-: ????????
22:53:38 : Side: sRulo: el micro hjp
22:53:49 : Side: sRulo: apaga ese mic
22:54:47 : Side: sRulo: soy el unico que lo escucha?
22:54:50 : Side: JF: Admin cuando tengas un tiempo necesito decirte algo 
22:54:54 : Side: LarzuK: nope
22:54:59 : Side: LarzuK: che, el del microfono
22:55:04 : Side: adm#2: ok jf, dame un seg
22:55:12 : Side: adm#2: apaga el mic JF
22:55:31 : Side: JF: no se como se hace
22:55:36 : Side: LarzuK: prefieron poner 3000 veces la alarma 
22:55:39 : Side: LarzuK: de la base
22:55:46 : Side: LarzuK: antes que seguir escuchandolo , jaja
22:55:49 : Side: sRulo: gracias dios
22:56:03 : Side: sRulo: boe
22:56:07 : Side: LarzuK: me parece que ahora satura mas que ayer
22:56:11 : Side: LarzuK: ajaj
22:58:29 : Side: LarzuK: dale chabon
22:58:38 : Side: LarzuK: tanto te cuesta cambiar el chat y ponerle local 
22:58:46 : Side: LarzuK: que molesto
22:58:50 : Side: LarzuK: no se
22:59:02 : Side: LarzuK: pero me esta artando
22:59:17 : Side: sRulo: q molesto
22:59:26 : Side: Alan: es un manco q me acepto en steam
23:03:57 : Side: Alan: rulo
23:04:00 : Side: Alan: estas ?
23:04:04 : Side: sRulo: sep
23:04:10 : Side: Alan: quieres que vallamos de misiones?
23:04:28 : Side: LarzuK: de donde sos alan?
23:04:31 : Side: sRulo: y dale me canse de bicicletiarla
23:04:32 : Side: sRulo: jaja
23:04:40 : Side: Alan: de argentina larzuk
23:04:43 : Side: Alan: rosario
23:04:48 : Side: LarzuK: y porque hablas como goku ?
23:04:56 : Side: Alan: eh ?
23:05:21 : Side: LarzuK: porque hablas en español neutro ?
23:05:23 : Side: Alan: dale, veni para la salada dayz jaja
23:05:49 : Side: LarzuK: porque escribiste quieres que vallamos de misiones
23:05:50 : Side: Alan: jajajaja es que tengo mi prima de alla
23:05:56 : Side: LarzuK: de donde ?
23:06:07 : Side: Alan: españa
23:06:12 : Side: LarzuK: ah, jaja
23:06:18 : Side: LarzuK: si estoy chuky
23:06:23 : Side: sRulo: pues oye tio donde nos juntamos?
23:06:26 : Side: LarzuK: no me anda el mic, no se que le pasa
23:06:35 : Side: Alan: ps coje algo y vente para la salada wacho
23:06:36 : Side: Alan: jajaja
23:06:47 : Side: Ivan: cuidado con rulo me ataco
23:06:49 : Side: Ivan: es bandido
23:06:56 : Side: Alan: yo tmb soy bandido jaja
23:07:05 : Side: sRulo: jajaj a los giles ni kbida?
23:07:16 : Side: Ivan: lel
23:07:17 : Side: Alan: jaja no rulo esta en mi grupito ivan
23:07:37 : Side: Alan: acepta rulin
23:07:43 : Side: sRulo: ahi va
23:07:50 : Side: LarzuK: no me anda el mic
23:11:49 : Side: Alan: ahh jaja ya tenia pensado meterme en el medio de una mision a atropellar a todos
23:12:27 : Side: Alan: ahh tampoco sabia eso
23:12:32 : Side: LarzuK: y estan buenas ?
23:12:39 : Side: Ivan: si es verdad me paso xd
23:12:40 : Side: Alan: jajaja
23:12:45 : Side: Ivan: pase en bici y boom
23:12:47 : Side: Alan: baratas xd
23:12:48 : Side: sRulo: quise despegar un mv-22 
23:12:59 : Side: sRulo: me olvide de poner el despegue asistido
23:13:05 : Side: sRulo: kboooom
23:13:26 : Side: sRulo: todo minado 
23:18:31 : Side: CptPrice: Buenas
23:18:45 : Side: LarzuK: como va
23:18:46 : Side: adm#2: buenas noches Price.
23:18:56 : Side: CptPrice: Todo bien, vos?
23:19:16 : Side: Alan: hola price
23:19:33 : Side: CptPrice: hola :e
23:20:06 : Side: CptPrice: O.O
23:20:16 : Side: JF: Hola como va
23:20:28 : Side: CptPrice: todo peola vos?
23:21:13 : Side: JF: bien bien 
23:21:31 : Side: Ivan: no tengo gas hace 1 mes, day z para mi es un maincra(?
23:22:57 : Side: Ivan: 38m
23:23:17 : Side: Ivan: papu vivo en el monte
23:23:18 : Side: adm#2: a
23:23:28 : Side: CptPrice: Esta todo por las nubes -.-
23:23:31 : Side: Ivan: salamandra y soy vegetariano con eso me solucione la mitad de la vida
23:23:36 : Side: CptPrice: creo que tendre que seguir en bici :v
23:23:54 : Side: Ivan: xD
23:24:14 : Side: Alan: jaja
23:24:15 : Side: Ivan: Esque al vivir en la montaña es dificil conseguir carne
23:24:55 : Side: Ivan: entonces bueno prefiero comer la comida que planto antes que bajar 15km y comprar 1kg de carne a 100pe
23:27:51 : Side: Ivan: hu que garron vos que onda ibas en auto?
23:27:55 : Side: Ivan: yo tengo que caminar
23:28:55 : Side: Ivan: na yo imposible cazo nomas para proteger a los caballos, soy del campo xD 
23:30:30 : Side: Ivan: Yo en quebrada de la luna cordoba
23:30:31 : Side: CptPrice: Sos uruguayo?
23:31:26 : Side: CptPrice: se aguante uruguay ñeri :v
23:32:05 : Side: CptPrice: el que era de taviana
23:32:34 : Side: CptPrice: a mi no
23:32:40 : Side: CptPrice: fue a uno de mi antiguo clan
23:32:49 : Side: CptPrice: un tal Lizzard
23:33:15 : Side: CptPrice: el culpa de ese nabo cerramos el clan..
23:37:55 : Side: CptPrice: Alguien sabe algo para aumentar los fps?
23:38:09 : Side: Ivan: ploz
23:38:10 : Side: Alan: xd
23:38:10 : Side: sRulo: generlamente se arregla con una mejor pc
23:38:26 : Side: CptPrice: tengo una buena pc, pero no se que carajos pasa :E
23:38:27 : Side: Alan: yo de 17 q tenia ahora tengo 30
23:38:34 : Side: CptPrice: no
23:38:48 : Side: CptPrice: algo entiendo pero muy poco
23:39:03 : Side: Alan: te deje
23:39:05 : Side: Alan: los 2 cargadores
23:39:07 : Side: sRulo: tocaste las config supongo
23:39:29 : Side: CptPrice: en esta pc normalmente me iva a 70 , 80 fps
23:39:48 : Side: CptPrice: pero no se que carajos pasa que hace como 1 semana me biene andando a 20 , 25
23:40:42 : Side: CptPrice: Solamente tengo abierto del block de notas, el steam y el arma
23:41:31 : Side: Ivan: arma 2 es lo mejor que le paso a la humanidad despues del Bomberman - Ricochet - CS 1.5, 1-6 - aoe2  y Mitologi
23:41:51 : Side: CptPrice: y DayZ standalone lo peor que le paso a la humanidad jaja xd
23:42:04 : Side: Alan: tan feo es elstandalone?
23:42:07 : Side: Ivan: es el homunculo de dross :v
23:42:33 : Side: Alan: mira mira
23:42:39 : Side: CptPrice: No ahi zombies, solo es pvp y muchos hackers
23:43:17 : Side: Ivan: es SA es muy parecido a The war cancer Z
23:43:26 : Side: CptPrice: en video tengo todo en normal
23:43:34 : Side: Alan: aca los zombis son muy cargosos jaja
23:43:53 : Side: CptPrice: Lo tengo que descargar :c
23:44:02 : Side: Ivan: AHORA tambien llamado infestation - tambien bien llamado nome acuerdo pero sigue siendo mierda
23:44:07 : Side: Alan: probaron el origins 1.8.2 la nueva version ?
23:44:35 : Side: CptPrice: pasame de nuevo la ip que lo descargo y entro
23:44:50 : Side: Ivan: pregunta a los del server, alguno juega Airsoft
23:45:06 : Side: Ivan: O Paintball?
23:45:20 : Side: Ivan: y que sea de cordoba? tnego que practicar y nadie juega xD
23:45:23 : Side: sRulo: yo varias veces pero no regularmente
23:45:35 : Side: CptPrice: Dale, ahora vengo. Me descargo el ts y entro
23:45:43 : Side: sRulo: no nos da el tiempo
23:49:34 : Side: LarzuK: estaria recontra copadisimo que cuando atacas un puesto de control y suena la alarma empiece a caer refuerzos
23:49:54 : Side: Ivan: y aparesca macri con sus gendarme dando alegria y esperanza
23:50:04 : Side: Ivan: en forma de balas de goma (?
23:50:35 : Side: Ivan: alan
23:51:50 : Side: Alan: admin
23:51:52 : Side: Alan: pasa ts
23:52:03 : Side: Alan: pasa ts
23:52:10 : Side: LarzuK: lo tenes ahiw
23:52:12 : Side: Ivan: pasa ts3 asi nos metemos amiwo
23:52:22 : Side: Ivan: JA! nunca lo lei la puta madre
23:52:46 : Side: Ivan: ese momento que te das cuenta que tenes una lectura de verga
23:54:14 : Side: sRulo: ok
23:58:43 : Side: Alan: chukyn
