12:29:53 : Side: JF: HOLA NIKITA, HOLA PIP !!
14:18:18 : Side: Nikyta: jajajaja mira quien aparecio jajajaj
14:19:00 : Side: JF: Como estas juan , si seguramente por las dudas no hay que subestimar 
14:19:10 : Side: Nikyta: jajajajajaja
14:30:45 : Side: JF: a la pelotita tan jodida es?
17:44:30 : Side: [DMN]-Mario: hola nikita como va,,
17:44:40 : Side: Nikyta: hola
17:45:00 : Side: Nikyta: bien aca tratando de descubrir como se hacen las cosas jaja
17:45:18 : Side: [DMN]-Mario: jaja
17:45:58 : Side: Nikyta: volvi xd
17:46:08 : Side: Nikyta: que haces ?
17:46:42 : Side: [DMN]-Mario: sigo en aeropuerto looteando para vender
17:47:44 : Side: [DMN]-Mario: imagino que debe haber algun bots ,,,
17:48:12 : Side: Nikyta: jajaja al final trabajamos mas in game que the real life jajajaj yo voy a ir al basural o a las minas a ver que saco
17:48:14 : Side: Nikyta: jajajaja
17:48:33 : Side: [DMN]-Mario: jajaja
17:52:16 : Side: [DMN]-Mario: andas por aeropuerto ..escucho tiros
17:52:30 : Side: Nikyta: no no
17:52:37 : Side: Nikyta: no soy yo
17:52:43 : Side: [DMN]-Mario: ok
17:55:11 : Side: [DMN]-Mario: muerto jaja
18:36:49 : Side: jhonnywalker: tenes el libro q te aparece cuando spawneas?
20:32:07 : Side: JF: HOLA NIKITA ..
22:26:15 : Side: JF: Hola Chukin , como estas?
22:27:00 : Side: Nikyta: hola !! bien y vos ?
22:27:29 : Side: JF: jaja todo bien por que el Ud?
22:28:01 : Side: Nikyta: chuki podes venir ? tengo un problema con la camioneta jajaaj
22:34:55 : Side: Nikyta: perdi mi llave no se como
22:35:04 : Side: Nikyta: me desaparecio xd
22:35:27 : Side: Nikyta: no hay prisa xd cuando entres  nos fijamos xd
22:58:42 : Side: Bad Guy: buenas
22:59:02 : Side: Nikyta: buenas
23:02:03 : Side: Bad Guy: che adm una consulta
23:03:16 : Side: Bad Guy: ustedes pueden eliminar partes de edificios?
23:03:52 : Side: Bad Guy: nono, las construidas x nosotros
23:04:29 : Side: Bad Guy: oka era para despues borrar mi base
23:04:54 : Side: Bad Guy: no probe
23:06:12 : Side: Bad Guy: oka despues me fijo
23:07:15 : Side: Bad Guy: despues me van a tener q eliminar un camion tambien xq perdi la llave
23:07:31 : Side: JF: Hola Admin , como estas , no podia saludarte antes
23:28:12 : Side: Bad Guy: che q necesitaba para hacer los portones?
23:29:41 : Side: JF: metal pole y tam trak
23:29:50 : Side: Bad Guy: gracias
23:43:17 : Side: Azrael1x: hola holaa
23:43:39 : Side: Nikyta: hola
23:45:27 : Side: JF: Hola..
