01:48:23 : Side: Lucky-Strik3Py: alguno habla español
01:48:40 : Side: Dragons: si, los q juegan aca por lo general
01:48:50 : Side: =[666]=Pablo_RC: CREO QUE LA MAYORIA
01:49:03 : Side: Lucky-Strik3Py: aaaaah estaba arto de los brasileros jajaja 
01:49:27 : Side: =[666]=Pablo_RC: che esto es pvp?
01:49:35 : Side: Dragons: si
01:49:43 : Side: Dragons: pvp pve   todo
01:49:59 : Side: =[666]=Pablo_RC: ufa estoy mas pelado..
01:50:03 : Side: =[666]=Pablo_RC: jeje
01:50:05 : Side: Lucky-Strik3Py: yo me cruze con 2 en un tanque, pense que eran ustedes, son IA creo
01:51:06 : Side: Dragons: te haces rapido..  vendele los fal q le sacas a la ia...granadas tienen casi todos
01:51:15 : Side: Dragons: se venden bien...
01:51:53 : Side: =[666]=Pablo_RC: a meterle nomas... mientras no me maten!
01:52:17 : Side: Lucky-Strik3Py: por donde andas pablo, por ahi nos juntamos y farmeamos juntos, no se digow
01:52:36 : Side: =[666]=Pablo_RC: casi por gorka
02:33:13 : Side: Lucky-Strik3Py: :(
02:34:10 : Side: Dragons: ql mercado es un quilombo
02:34:24 : Side: Lucky-Strik3Py: jajajajaja te vi paseando de aqui alla
02:34:46 : Side: Dragons: jajaj tiene un puterio
02:34:55 : Side: Dragons: va  nua puta
02:34:59 : Side: Dragons: una
02:35:21 : Side: =[666]=Pablo_RC: yo le entre como loco
02:35:27 : Side: Dragons: chorra, me cobro 200 el bucal!!
02:35:43 : Side: =[666]=Pablo_RC: jajajaja
18:55:06 : Side: Jose Luis: ni con el brillo alcanza xD
18:55:16 : Side: Jose Luis: si me quito la nv quedo jodido
18:55:42 : Side: Noelia Pompa: sacate la nv y subi el brillo, vas a ver mejor me parece
18:56:19 : Side: Jose Luis: si pero la nv con el circulo que limita tu vision no te deja ver bien si estan bien puestas las cosas en los laterales a eso me refiero
18:57:26 : Side: Noelia Pompa: por eso te decia, q saques la nv y pruebes el brillo
18:57:37 : Side: Jose Luis: ya probe y no me dio xD
18:58:02 : Side: Jose Luis: hare unas lamparas 
19:00:07 : Side: Azrael1x: no funciona la nv en la lluvia?
19:00:16 : Side: [Amish]Churro: che nicolasmartin
19:00:16 : Side: Azrael1x: ocea la mira de los sniper?
19:00:22 : Side: [Amish]Churro: cuando es el wipe?
19:00:24 : Side: [DMN] NICOLASMARTIN: que onda
19:00:27 : Side: [DMN] NICOLASMARTIN: que se yo ajaj
19:00:28 : Side: Jose Luis: si usas mira de sniper se te quita la nv
19:00:33 : Side: [Amish]Churro: jajajaja
19:00:37 : Side: Azrael1x: jajaja lpm :(
19:00:51 : Side: Jose Luis: ahora tambien lo intente xD
19:01:04 : Side: [Amish]Churro: y tu torre de control de balota.. me lo hace preguntar q queres
19:03:10 : Side: Jose Luis: jajaja restart en 2 horas
19:04:30 : Side: Jose Luis: wtf?
19:04:39 : Side: Jose Luis: xD
19:04:44 : Side: Jose Luis: aparecio un admin troll
19:10:30 : Side: Jose Luis: como encuentro el grupo del server en facebookw
19:12:18 : Side: Jose Luis: alfin si se hace la fogata con el barrel vacio?
19:14:23 : Side: [WG] SnakeGeneral: admin churro camper for safe zone
19:14:23 : Side: Jose Luis: que pasa que esto esta tan movido aqui
19:14:51 : Side: [Amish]Churro: camper? pasaba corriendo maricon
19:18:22 : Side: Azrael1x: admin estas??
19:19:56 : Side: Azrael1x: ADMMMMM
19:53:00 : Side: Azrael1x: que onda ese del helii en el trade? XD
20:22:33 : Side: Dragons: en un par de dias esto se va a poner bueno...tiene muy buen ping el sv   
20:23:01 : Side: Jose Luis: a que hora amanece
20:23:01 : Side: [DMN] Kostia: pero pesimo fps
20:23:49 : Side: Dragons: con vision a 3000 me tira 405 fps.. no esta mal
20:23:56 : Side: Dragons: 45
20:24:17 : Side: [DMN] Kostia: ok
20:24:22 : Side: Dragons: el adm dijo q va a cambiar el seteo
20:24:23 : Side: Jose Luis: pues tu pc xD
20:24:40 : Side: [DMN] Kostia: okw
20:32:18 : Side: Jose Luis: dragons
20:32:31 : Side: Dragons: dime
20:32:39 : Side: Jose Luis: alfin se hace la fogata asi?
20:32:56 : Side: Dragons: no consegui el barril
20:33:13 : Side: Jose Luis: el barril y que mas necesito me dirijo a la tienda
20:33:48 : Side: Dragons: no se bien... ahora vuelvo.. antes me fijo en google 
20:33:58 : Side: Jose Luis: oka
21:13:00 : Side: Cloudsp: adm on?
21:22:21 : Side: [WG] SnakeGeneral: admin on ?
21:50:41 : Side: [WG] SnakeGeneral: admin on ?
21:50:48 : Side: Blitzkrieg: yes
21:51:18 : Side: [WG] SnakeGeneral: my plote have probleme
21:51:39 : Side: Blitzkrieg: what do you need?
21:53:42 : Side: Cloudsp: he die, and cant construct anymore on the plot... he say that its too far
22:07:55 : Side: Cloudsp: we remove and we cant put on the same place again
23:43:08 : Side: Jose Luis: buenas
