01:26:30 : Group: Nachen: holis
01:43:52 : Group: Nikres: holiii
02:23:17 : Group: 1Xeroz1: que habla?
02:23:29 : Group: 1Xeroz1: el pescado es el! jaja
02:23:53 : Group: Beto480: jaja confunde lo que hablamos 
13:41:51 : Group: Hawk: bue los pibes arrancaron a construir por lo visto
13:42:36 : Group: Hawk: relogeo
13:45:28 : Group: Hawk: estas
13:54:30 : Group: Hawk: gil
18:22:26 : Group: JHONNYWALKER: al pedo lo q el viciopata ese dice q si moris salis del grupo
18:22:34 : Group: JHONNYWALKER: ya mori 30 veces y sigo con vos
18:22:47 : Group: Hawk: a veces te saca su
18:23:05 : Group: JHONNYWALKER: una bronca me agarro ayer andaba.. looco una pija este server moris y perdes el grupo
18:23:13 : Group: JHONNYWALKER: tanto le va a costar mandar grupo
18:23:19 : Group: JHONNYWALKER: encima q anda re solo
18:23:30 : Group: Hawk: es un hincha pelota es, esta pidiendo ban
18:25:20 : Group: JHONNYWALKER: aca hay unos helis q vi
18:25:30 : Group: Hawk: si alguien esta haciendo base por aca
18:26:02 : Group: Hawk: esto de rabbit pasaba siempre?
18:26:22 : Group: JHONNYWALKER: si
18:26:35 : Group: Hawk: ok pense que podia ser algo de lo que modificamos del basic
18:26:36 : Group: JHONNYWALKER: en el server con mods tambien
18:26:52 : Group: JHONNYWALKER: a lalo le empezo a pasar anoche
18:27:17 : Group: JHONNYWALKER: a mi me pasaba en el server brazuca, pero probaba 3 o 4 veces y andaba
18:27:48 : Group: JHONNYWALKER: algunos dicen q escuchan los sonidos, los pasos pero no ven nada
18:28:00 : Group: Hawk: si si se mueven pero les queda la pantalla ahi
18:28:05 : Group: Hawk: a lalo le psaba anoche
18:28:12 : Group: Hawk: hasta que borro los archivos que vos le dijiste
18:28:19 : Group: JHONNYWALKER: y le andubo?
18:28:22 : Group: Hawk: sew
18:28:29 : Group: JHONNYWALKER: daa este rabit es un cara
18:33:58 : Group: JHONNYWALKER: ah pero estan re echos aaca
18:34:18 : Group: JHONNYWALKER: lol una feria de vehiculos
18:34:25 : Group: Hawk: faltan 60 cinder y 15 cemento para hacer la parte de arriba
18:34:34 : Group: Hawk: ese lo conseguimos en una mision
18:34:42 : Group: Hawk: una de la AI tenia la llave
18:34:45 : Group: JHONNYWALKER: me huele a la mitad de las cosas las espawneo jorge jajja
18:34:57 : Group: JHONNYWALKER: ahh si tienen llave las ia?? copado
18:35:15 : Group: Hawk: si de ese si, las 2 suv las compre yo, por lo otro no doy credito
18:36:37 : Group: Hawk: anoche destruimos un par de vehiculos blindados que estaban bloqueados
18:36:49 : Group: Hawk: que nos encontramos,
18:36:59 : Group: Hawk: y hay que poner el script que borra los vehiculos de la safezone
18:37:23 : Group: JHONNYWALKER: le aumente l precio a la comida
18:37:26 : Group: JHONNYWALKER: y bebida
18:37:40 : Group: JHONNYWALKER: y si por mi fuera se lo pondria  a 1.000 cada una
18:37:42 : Group: Hawk: como quedaron el trade de bandido y el heroe?
18:37:46 : Group: JHONNYWALKER: para q salgan a lootear los vagos
18:38:08 : Group: Hawk: pusisite los archivos que yo te habia dado?
18:38:20 : Group: JHONNYWALKER: es q es todo distinto con coins
18:38:38 : Group: Hawk: ah pero hay que modificarlos etnonces, sino lso bandidos tienen terribles vehiculosw
18:38:43 : Group: JHONNYWALKER: larzuck habia echo los precios de todo
18:38:53 : Group: JHONNYWALKER: pero cuando lo cargue me tiraba 40 errores
18:39:07 : Group: JHONNYWALKER: asi q mas o menos les baje el precio de reventa a los trades de armas
18:39:19 : Group: JHONNYWALKER: aumente los de los helis en trade normal
18:39:24 : Group: JHONNYWALKER: los vehiculs
18:39:38 : Group: Hawk: Hay que sacar los vehiculso grandes del bandido
18:39:42 : Group: JHONNYWALKER: oko
18:39:47 : Group: Hawk: pasame los archivos
18:39:52 : Group: Hawk: que los edito, el de bandido y heroe
18:42:17 : Group: JHONNYWALKER: anda no mas
18:42:27 : Group: JHONNYWALKER: yo estoy mas afuera del juego q adentro
18:42:39 : Group: Hawk: no gil queria pasar para estacionarla aca
18:42:47 : Group: JHONNYWALKER: ok
18:42:59 : Group: Hawk: pasame los archivos por skype que los edito ahora
18:43:04 : Group: JHONNYWALKER: ok
18:43:04 : Group: Hawk: asi los metemos en el proximo restart
19:01:59 : Group: Beto480: che admin, hay algun trade donde se compre ladrillos para construir casas?
19:02:50 : Group: Beto480: che admin hay algun trade donde se pueda comprar ladrillos para construir?
19:37:28 : Group: jMM: carga la moto y vamos
