00:49:26 : Group: Totoasd: 2
00:49:34 : Group: Totoasd: con esa son 2
00:49:56 : Group: Totoasd: en una de las safe
00:50:03 : Group: Totoasd: como se corta madera
00:50:28 : Group: Totoasd: cocinar cerdo
00:51:10 : Group: Totoasd: yo me rajo
00:51:51 : Group: Totoasd: lockeaste el heli?
00:54:05 : Group: Totoasd: no puedo
00:54:13 : Group: Totoasd: recien m kgaron a p2
00:54:41 : Group: Totoasd: che
00:54:47 : Group: Totoasd: aca hay 10mil nomas
00:55:03 : Group: Totoasd: ahora no hay nada
00:55:09 : Group: Totoasd: habia 10 mil pesos recien
00:55:12 : Group: Totoasd: en una safe
00:55:18 : Group: Totoasd: tendria que haber mas
00:55:21 : Group: Totoasd: 100mil
00:55:27 : Group: Totoasd: fijate en el ural o el vod
00:55:31 : Group: Totoasd: si hay plata
00:55:44 : Group: Totoasd: ponelos en safe
00:56:05 : Group: Totoasd: y el vod?
00:56:28 : Group: Totoasd: tiene plata?
00:56:32 : Group: Totoasd: ah oka
00:56:34 : Group: Totoasd: deslogeo
04:11:41 : Group: Leodagos: CUIDADO EL BOTW
04:24:50 : Group: Leodagos: hay algo q no entendi
04:24:56 : Group: Leodagos: la suv desaparecio ?
23:17:53 : Group: Totoasd: .
