21:15:44 : Direct: JF: POR MI NO TE PREOCUPES YO INTENTO SER HEROE , COMENCE HOY A LA TARDE Y CUANDO CONSEGUI UNA MOCHILA MEJOR SE DESCONECTO EL SERVIDOR Y PERDI TODO 
21:16:25 : Direct: Viciuz: Yo soy jugador pasivo
21:16:32 : Direct: Viciuz: ¿te gustaría andar juntos un rato?
21:16:39 : Direct: Viciuz: Es mi segundo día acá
21:16:52 : Direct: Viciuz: Aún no sé varios conceptos y cosas.
21:19:43 : Direct: Viciuz: Apunta a la AK 47
21:19:52 : Direct: Viciuz: Desde lejitos, y te saldrá la opción para comprar
21:20:43 : Direct: JF: JAJA SALE LA OPCION Y CUNDO INTENTO MARCAR SE BORRA 
21:20:53 : Direct: Viciuz: Típico xD
21:21:19 : Direct: Viciuz: No sabes a dónde se van los vehiculos?, compré uno ayer y no está donde lo estacione :/
21:22:46 : Direct: JF: QUE BARBARO CHE MEDIA HORA Y NADA
21:23:08 : Direct: Viciuz: jajajajajaja
21:23:18 : Direct: Viciuz: yo apunto agachado directamente al cañon de la ak
21:23:26 : Direct: Viciuz: y me sale una opción de comprar, pero le tengo que dar rápido
21:24:30 : Direct: Viciuz: que burrada, quiero mi coche :(
21:25:20 : Direct: Viciuz: aqui donde estoy yo
21:25:24 : Direct: Viciuz: si apunto al cañon
21:25:28 : Direct: Viciuz: sale la opcion
21:26:19 : Direct: JF: SI TAL CUAL SALE Y SE CAMBIA ANTES QUE PUEDA SELECCIONAR 
21:26:27 : Direct: Viciuz: Presiona el boton del scroll
21:26:29 : Direct: Viciuz: en cuanto aparezca
21:26:33 : Direct: Viciuz: presionalo xD
21:27:36 : Direct: Viciuz: Presiona la "," hasta que te aparezca un chat azul y por ahí hablamos :p 
21:47:33 : Direct: Viciuz: retira un poco porfa para poder guardar cosas
21:47:44 : Direct: Viciuz: dale
21:47:45 : Direct: Viciuz: vamonos
21:48:05 : Direct: Viciuz: Iremos 
21:48:14 : Direct: Viciuz: a el aeropuerto, te parece?
21:48:19 : Direct: Viciuz: vamos a lutear armamento y esas cosas
21:48:26 : Direct: Viciuz: dale?
21:48:40 : Direct: JF: SI VAMOS
21:49:51 : Direct: JF: AHI PASAMOS UNA CAMIONETA VISTE 
21:49:56 : Direct: Viciuz: Si
21:50:19 : Direct: Viciuz: Lo mas seguro es que este bloqueada
21:50:58 : Direct: Viciuz: Espera
21:51:02 : Direct: Viciuz: seleccionare en el mapa el lugar
21:51:21 : Direct: Viciuz: listo xD
21:51:31 : Direct: JF: PUDOSER LA TUYA O NO ERA ESE MODELO
21:51:48 : Direct: Viciuz: La anterior
21:51:56 : Direct: Viciuz: Esta perdida, pero es igual a esta
21:53:49 : Direct: Viciuz: tenes el arma silenciada?
21:53:49 : Direct: JF: ESTOY DESCUBRIENDO ESTE SERVER , EN ESTE MAPA HAY VARIAS COSAS CAMBIADAS
21:54:26 : Direct: JF: CREO QUE NO
21:54:38 : Direct: Viciuz: la puta que me pario..
21:54:41 : Direct: Viciuz: no era la ruta -.-
21:55:14 : Direct: JF: JAJAJAJAJAA
21:55:40 : Direct: Viciuz: Me seguiras en todo momento, vale?
21:55:59 : Direct: Viciuz: Hay un npc que nos puede joder la vida
21:56:07 : Direct: JF: SI DALE
21:58:03 : Direct: Viciuz: ya estamos xD
21:58:41 : Direct: Viciuz: esta no era la ruta..
21:58:46 : Direct: Viciuz: esto ni siquiera es el aerodromo xD
21:58:52 : Direct: Viciuz: vamos a la camioneta
21:58:53 : Direct: Viciuz: pero
21:59:01 : Direct: Viciuz: cuando lleguemos, corre al primer edificio abierto que mires
21:59:04 : Direct: Viciuz: ahi los mataremos
22:01:10 : Direct: Viciuz: Mira
22:01:13 : Direct: Viciuz: aca hay armas
22:01:18 : Direct: Viciuz: y mochila
22:03:30 : Direct: Viciuz: Oye
22:03:33 : Direct: Viciuz: Sabes como borrar
22:03:38 : Direct: Viciuz: lo que he marcado en el mapa?
22:04:14 : Direct: JF: SOLAMENTE MARDA OTRO PUNTO CON SHIF Y CLIK
22:05:22 : Direct: JF: QUISE DECIR MARCA OTRO PUNTO  TE DECIA QUE EL AEROPUERTO NO ES EL MISMO QUE EN OTROS  SERVER
22:05:24 : Direct: Viciuz: Será un laaaaaaargo camino xD
22:05:49 : Direct: Viciuz: Este es en el primer server que juego
22:05:52 : Direct: Viciuz: es mi segundo día
22:07:16 : Direct: JF: DONDE ENCONTRE ARMAS 
22:07:49 : Direct: JF: SUBE
22:08:01 : Direct: Viciuz: Necesitan un favor en mi casa
22:08:09 : Direct: Viciuz: Sube al asiento del conductor
22:08:20 : Direct: Viciuz: Dale a donde gustes
22:08:58 : Direct: Viciuz: Vuelvo en poco
22:09:28 : Direct: JF: ESPERO ANDA TRANQUILO
22:17:19 : Direct: JF: HEY PERDONA PERO NO TE CONOZCO
22:19:06 : Direct: JF: ah perdoná soy nuevito en este server 
22:20:18 : Direct: JF: comence hoy al mediodia  y encontre este chaval que me acompaña que de hecho la camioneta es de el 
22:21:41 : Direct: Viciuz: Voy al super
22:21:45 : Direct: Viciuz: regreso en 4 mns
22:22:48 : Direct: JF: asi es eso estabamos comentando pero mi compañero tubo un asunto personal que atender y nos salimos de la ruta je, gracias y disculpa 
22:27:58 : Direct: juandayz: saluda wey
22:28:24 : Direct: juandayz: tenes un compatriota en el server
22:42:08 : Direct: Viciuz: Volvi!
22:42:30 : Direct: Viciuz: Estabas hablando con un admin, no?
22:43:00 : Direct: Viciuz: ala
22:43:03 : Direct: Viciuz: y esa camioneta?
22:43:40 : Direct: JF: asi es estabamos medio perdidos en el monte y aparecio una camioneta y el conductor insistia que parara pero yo estaba un tantp desconfiado
22:44:34 : Direct: Viciuz: Esta jodidamente genial esa camioneta
22:45:21 : Direct: JF: luego intente escapar pero su coche era mas rapido y entre la arboleda por ahi choque y para que yo tubiera confianza reparo las cubiertas y dijo que 
22:46:34 : Direct: JF: me regalaba al camioneta , atodo esto el no sabia creo que venias conmigo y tuve que explicarle tu situacion 
22:46:51 : Direct: Viciuz: wtf, te regalo la camioneta?
22:47:35 : Direct: JF: si la quieres  a mi me da igual 
22:47:43 : Direct: Viciuz: esta jodidamente genial!
22:47:52 : Direct: Viciuz: pero.. te dio llaves y todo?
22:48:17 : Direct: Viciuz: ala xD
22:48:26 : Direct: Viciuz: Admin, una pregunta.
22:48:50 : Direct: Viciuz: Hoy por la madrugada, estaba jugando solo y compré una camioneta como la blanca que está atrás de mi 
22:48:53 : Direct: Viciuz: Lo que pasa
22:48:58 : Direct: Viciuz: es que al entrar, no esta mi camioneta
22:49:05 : Direct: Viciuz: cabe resaltar, que la deje bloqueada
22:49:10 : Direct: Viciuz: en el mercado
22:51:07 : Direct: Viciuz: Entonces.. está al rededor?
22:52:50 : Direct: Viciuz: que a pasao?
22:53:11 : Direct: Viciuz: ala 
22:53:39 : Direct: juandayz: toma vicuis
22:53:49 : Direct: juandayz: te repongo tu camioneta por esta ves
22:53:50 : Direct: Viciuz: woow :o
22:53:52 : Direct: juandayz: por q no sabioaso
22:53:57 : Direct: JF: me chocaste y se revwento el neumatico
22:54:00 : Direct: Viciuz: para mi?
22:54:05 : Direct: Viciuz: no desaparecera?
22:54:23 : Direct: juandayz: no, si no la dejas dentro del mercado no
22:54:29 : Direct: juandayz: en el equipo esta la llave
22:54:31 : Direct: Viciuz: Como la puedo abrir?
22:54:32 : Direct: Viciuz: omg
22:54:43 : Direct: Viciuz: "Gren key"?
22:54:57 : Direct: Viciuz: oh ya vi
22:54:57 : Direct: JF: gracias!!
22:55:04 : Direct: Viciuz: muchisimas gracias!!!!!
22:55:05 : Direct: juandayz: de nada chicos
22:55:13 : Direct: Viciuz: oye
22:55:17 : Direct: Viciuz: una pregunta más xD
22:55:17 : Direct: juandayz: si
22:55:23 : Direct: Viciuz: ustedes los admin juegan? 
22:55:27 : Direct: Viciuz: me refiero..
22:55:28 : Direct: juandayz: no yo no
22:55:31 : Direct: Viciuz: oh xD
22:55:46 : Direct: Viciuz: vaya, pues muchisimas gracias
22:55:52 : Direct: Viciuz: pasada de servidor! 
22:55:56 : Direct: Viciuz: ohh, cierto
22:56:01 : Direct: juandayz: si juego, me saco el adm quedate tranquilo :) q la idea es no abusar ;)
22:56:08 : Direct: Viciuz: vale xD
22:56:15 : Direct: Viciuz: una ultima
22:56:18 : Direct: Viciuz: el servidor cierra?
22:56:19 : Direct: juandayz: tenes otro chico mexicano en el server
22:56:29 : Direct: juandayz: juan p. es
22:56:31 : Direct: JF: bueno decidete en cual te vas jeje
22:56:43 : Direct: Viciuz: ohh vale
22:56:49 : Direct: Viciuz: pero disculpa, cierran el servidor?
22:56:55 : Direct: juandayz: 24/7 es el server. pasa q aveces se cae o esta un rato cerrado para agregar cosas
22:57:01 : Direct: Viciuz: hoy intenté entrar mas o menos 12pm hora mexico y estaba cerrado
22:57:04 : Direct: Viciuz: ahhh vale vale
22:57:17 : Direct: Viciuz: Es bueno saberlo
22:57:24 : Direct: juandayz: ahora estoy trabajando en una caravana de mercaderes, q van a moverse por el mapa vendiendo y comprando. :)
22:57:25 : Direct: Viciuz: Muchisimas gracias, enserio
22:57:34 : Direct: juandayz: de nada gente. suerte!
22:57:34 : Direct: Viciuz: Tu programas las cosas?
22:57:37 : Direct: juandayz: si
22:57:53 : Direct: JF: Viciuz eres Mexico ?
22:58:00 : Direct: Viciuz: Sí, soy de México
22:58:28 : Direct: JF: yo de Argentina
22:58:54 : Direct: Viciuz: Es genial tener amigos argentinos xD
22:59:27 : Direct: JF: sabes como hacer para engancharla?
22:59:32 : Direct: Viciuz: Sipi
22:59:57 : Direct: Viciuz: cuantas se podran enganchar?
23:00:49 : Direct: Viciuz: oye
23:00:51 : Direct: Viciuz: vamos a lotear aqui
23:01:04 : Direct: Viciuz: dejaremos las camionetas en algun lugar, vale? 
23:01:12 : Direct: Viciuz: cojemos y dejamos, así llegamos y vendemos
23:01:14 : Direct: Viciuz: que te parece?
23:01:39 : Direct: JF: te aparecio el cartel  hay que entrar y salir en tre minutos o morimos
23:01:50 : Direct: Viciuz: No, eso es en una zona infectada
23:02:02 : Direct: Viciuz: acá es una pista para aviones
23:02:05 : Direct: Viciuz: dejan buenas cosas
23:02:29 : Direct: Viciuz: solo tenemos que tener cuidado con el npc
23:02:37 : Direct: JF: vamos echemos una mirada
23:02:44 : Direct: Viciuz: ok
23:03:10 : Direct: Viciuz: xD
23:05:55 : Direct: Viciuz: Me volvi a equivocar de zona..
23:07:09 : Direct: JF: aki tienes una benda si necesitas
23:10:21 : Direct: Viciuz: espero que esta vez si sea.
23:16:04 : Direct: JF: vuelve Viciuz  sigueme
