01:23:37 : Direct: Viciuz: XD
01:23:47 : Direct: Viciuz: Un tipo llegó y me salvo la vida!
01:24:01 : Direct: Viciuz: Ya recuperé sangre
01:24:06 : Direct: Viciuz: Pensé que el tipo me mataria
01:24:37 : Direct: Viciuz: jajajajajajaja
01:24:59 : Direct: Viciuz: Vamos a zona segura
01:25:02 : Direct: Viciuz: tengo cosas que comerciar
01:25:14 : Direct: Viciuz: crees que se pueda anclar tu camioneta a las mias?
01:25:39 : Direct: Viciuz: Jajajajajajajajajaja
01:30:33 : Direct: Viciuz: Sube a mi camioneta
01:35:11 : Direct: Viciuz: tengo tres llantas malas
01:35:43 : Direct: Viciuz: Vamonos
01:35:45 : Direct: Viciuz: a zona segura
01:35:48 : Direct: Viciuz: a la zona de comercio
01:37:16 : Direct: Viciuz: Ya, vamos!
02:00:56 : Direct: Viciuz: Ya no me deja vender más
02:03:33 : Direct: Viciuz: mira
02:03:36 : Direct: Viciuz: Ve
02:03:37 : Direct: Viciuz: ven
02:03:43 : Direct: Viciuz: mira
02:03:51 : Direct: Viciuz: tomalo en forma de agradecimiento
02:14:11 : Direct: Dogggggggg: ?
02:14:16 : Direct: Viciuz: Me podes ayudar?
02:14:20 : Direct: Dogggggggg: con que
02:14:22 : Direct: Viciuz: Quiero municion para esta arma
02:14:27 : Direct: Viciuz: ¿sabes donde se puede conseguir?
02:14:38 : Direct: Dogggggggg: m107 es ?
02:14:49 : Direct: Viciuz: Si
02:15:00 : Direct: Dogggggggg: en las barrakas o en los trader heros si no me equivoco
04:18:58 : Direct: JF: yo segui por el camino 
