00:16:31 : Side: [Amish]Churro: juandiaz estas x ahi?.. o un admin?
00:26:48 : Side: [Amish]Churro: q silencio
00:29:25 : Side: Jose Luis: hola
00:29:39 : Side: Jose Luis: el admin esta
00:36:41 : Side: Jose Luis: tuya?
00:37:16 : Side: Jose Luis: entonces porque preguntas que hago ahi?
00:38:41 : Side: santiago: vamos pa la base
00:40:46 : Side: santiago: jajaja
00:51:14 : Side: Fidelo: como se consige un boogyeman?
00:51:46 : Side: Azrael1x: fijate que en el inventario tenes algo que es un libro,revisalo
00:53:38 : Side: JF: BUENAS GENTE COMO ESTAN ?
00:53:49 : Side: Azrael1x: aca mal
00:56:43 : Side: Fidelo: hola
00:57:13 : Side: [Amish]Churro: >D
00:58:54 : Side: Azrael1x: no se puede hablar por el cite,sait,global,esta
01:14:14 : Side: Jose Luis: que pasa roger
01:14:27 : Side: Roger: Hola
01:14:42 : Side: Roger: Nada. me chocaste xD
01:14:53 : Side: Jose Luis: naaa no alcance a tocarte o si
01:15:03 : Side: Roger: si jajaja
01:15:11 : Side: Jose Luis: jajaja lo siento 
01:15:16 : Side: Jose Luis: le ire a revisar los frenos a estow
01:15:17 : Side: Roger: todo bien
01:32:15 : Side: Jose Luis: jf
01:34:39 : Side: Jose Luis: w
01:36:52 : Side: santiago: ESTE MAN TIENE HAMBRE
01:41:15 : Side: Jose Luis: jf men
01:41:53 : Side: Jose Luis: ahi le dejo comida santiago es lo que me queda
01:45:31 : Side: Jose Luis: hay alguien?
01:46:21 : Side: Jose Luis: leyva
01:46:29 : Side: Leyva: ?
01:46:36 : Side: Jose Luis: has visto a jf
01:47:02 : Side: Leyva: nop xD
01:49:57 : Side: Jose Luis: tienes materiales?
01:56:19 : Side: Jose Luis: JF MEN ESTOY ACA YA
01:59:56 : Side: Jose Luis: LA PTM
02:00:18 : Side: JF: que te paso
02:00:26 : Side: Jose Luis: QUE ESTOY AQUI MEN
02:00:29 : Side: Jose Luis: DONDE DIJISTE
02:00:38 : Side: Jose Luis: ABRE
02:00:52 : Side: JF: vos no me lees con letra amarillita estoy al lado de tu camioneta
02:01:07 : Side: Jose Luis: NO TE LEIA
02:01:30 : Side: Jose Luis: JAJAJA CON RAZON NO TE VEIAMOS
02:01:32 : Side: JF: jaja que pasa 
02:01:43 : Side: santiago: AJAJAJ
02:01:50 : Side: Jose Luis: ESPERA ENTRO LA CAMIONETA
02:02:06 : Side: JF: vengan
02:02:47 : Side: santiago: INVITE A PROVADO JF
02:04:54 : Side: JF: che que pas aque no nos podemos comunicar 
02:04:58 : Side: Jose Luis: DONDE TE DEJO LO QUE PEDISTE
02:05:05 : Side: Jose Luis: NO HAS ENTRADO AL GRUPO MEN
02:05:23 : Side: JF: ahora entro 
02:05:32 : Side: Jose Luis: OK
02:06:08 : Side: JF: no no me dejes nada eso lo tienen que hubicar ustdes cuando esten seguros del lugar que elijan por separado es mejor
02:06:25 : Side: Jose Luis: jaajaja como asi
02:06:33 : Side: santiago: POR Q
02:06:42 : Side: Jose Luis: este viaje aqui era para eso xD
02:07:00 : Side: santiago: NO ERA PARA REFORZAR LA ZONA?
02:07:03 : Side: JF: por el simple hecho que si uno decide abandonar el juego el otro se queda en bolas
02:07:20 : Side: Jose Luis: como asi
02:07:46 : Side: santiago: NOSOTROS LO MANTENDEROS VIVO
02:07:54 : Side: JF: cada uno debe tener su privacidad y los numeros de sus cajas -safes- y demas 
02:08:13 : Side: Jose Luis: solo necesitariamos puertas porque safes cada quien compra la suya
02:08:18 : Side: Jose Luis: yo ya tengo una
02:08:52 : Side: santiago: JOSE VAMOS A COSTRUIR LAS NUESTRA
02:08:55 : Side: JF: antes de que ustedes entraran al server ya eh intentado hacer grupo en comun con al menos tres jugadores que dicho sea de paso 
02:09:10 : Side: JF: ya no juegan porque tengo entendido 
02:09:38 : Side: JF: que se fueron al juego del arma 3 
02:09:52 : Side: Jose Luis: naa yo apenas compre este 2 no me pienso ir
02:10:20 : Side: JF: no se preocupen yo tengo algunos materiales y los voy a ayudar 
02:10:31 : Side: Jose Luis: ...
02:10:37 : Side: Jose Luis: eres raro sabes xD
02:10:38 : Side: santiago: ESOOO
02:10:52 : Side: JF: raro por que jaja
02:10:56 : Side: Jose Luis: tu mismo me lo propusiste jajaja
02:11:05 : Side: Jose Luis: y ahora que estoy aqui con lo que pediste te vas a un lado
02:11:44 : Side: JF: lo que yo propuse no era darte mi casa sino que vivieramos serca para reforzar la zona eso dije
02:11:53 : Side: Jose Luis: por eso
02:13:00 : Side: Jose Luis: yo estoy aqui ya con los plot que pediste listo apra mejorar la seguridad de esto
02:13:16 : Side: santiago: DE LA ZONA
02:14:14 : Side: santiago: ES PARA ARMALRLO A UNOS 2 KM
02:14:22 : Side: JF: aqui ya no caben mas plot yo los instale para cubrir este lugar vengan yo quiero ver un lugar aqui cerquita
02:14:34 : Side: Jose Luis: listo 
02:14:41 : Side: Jose Luis: espera pongo combustible
02:14:56 : Side: JF: les parece?
02:17:35 : Side: JF: swja la cmioneta aqui vamos caminando para reconocer el lugar
02:17:47 : Side: Jose Luis: ok
02:17:56 : Side: JF: deja la camioneta aqui quise decir
02:19:34 : Side: Jose Luis: tenes comida le di lo ultimo que tenia a mi compa
02:20:05 : Side: Jose Luis: ponte en el equipo porque con tu camuflado te pierdes facil
02:22:14 : Side: JF: no lo tengo aqui al otro equipo
02:22:34 : Side: Jose Luis: cre  uno
02:24:29 : Side: JF: este lugar esta bueno -no se si a ustedes les gusta
02:25:05 : Side: Jose Luis: muy lejos del camino para llevar coches
02:25:21 : Side: santiago: mirando el mapa me gusta mas serca a la carrtera sin final
02:25:37 : Side: santiago: que esta a la derecha el mapà
02:25:39 : Side: JF: bien volvemos
02:26:24 : Side: Jose Luis: ok
02:27:03 : Side: JF: che quien armo el grupo 
02:27:09 : Side: Jose Luis: yo
02:27:21 : Side: JF: dale mandame invite
02:28:13 : Side: JF: no yo a ustedes los tengo en rojo 
02:28:29 : Side: Jose Luis: pero si vi que entraste
02:29:03 : Side: JF: no estoy en grupo
02:29:31 : Side: Jose Luis: ya
02:29:38 : Side: JF: ahora creo que si
11:19:20 : Side: Jose Luis: hola
11:21:21 : Side: JiNX: hola
11:21:54 : Side: Jose Luis: que tal todo bien
11:21:58 : Side: Jose Luis: mi amigo perdio las cosas
11:22:09 : Side: JiNX: como las perdio?
11:22:29 : Side: Jose Luis: anoche se desconecto y se fue y hoy aparecio como muerto pidiendo que escoja personaje
11:22:42 : Side: JiNX: uuuuh
11:23:11 : Side: Jose Luis: esta re ofendido jajaja
11:23:16 : Side: JiNX: jajaja
11:29:48 : Side: Jose Luis: ya empezamos con los fallos
11:30:06 : Side: JiNX: a esta hora siempre anda asi
11:33:16 : Side: JiNX: es terrible lo mal que anda a esta hora
11:33:19 : Side: Jose Luis: la puta que pario el server
11:33:25 : Side: Jose Luis: apareci con todo roto
11:34:56 : Side: Jose Luis: me voy a tirar al suelo y me dessconecto
11:35:00 : Side: Jose Luis: espero no aparecer muerto
11:35:06 : Side: Jose Luis: lvuelvo cuando esto este mejor
11:35:06 : Side: JiNX: xD
11:35:52 : Side: Jose Luis: chau men
11:36:02 : Side: JiNX: chau
11:45:31 : Side: santiago: admin
11:45:41 : Side: santiago: perdi mis cosas
11:46:06 : Side: santiago: como mierda hablo con el admin
11:47:45 : Side: Dragons: buenas
11:48:26 : Side: JiNX: buenas
11:49:20 : Side: Dragons: para ser hero o bandido son 10.000 puntos no?
11:49:57 : Side: JiNX: creo que si
12:06:42 : Side: Dragons: hay alguna mision para conseguir buena cantidad de materiales para construir o no queda otra q comprar??
12:07:28 : Side: JiNX: ni idea, yo fui a minar ayer, un embole me comi
12:07:50 : Side: JiNX: estuve como una hora y habre sacado 5 cinders y 3 mortars
12:08:03 : Side: Dragons: uhhhh  
12:08:07 : Side: Dragons: no da
12:08:15 : Side: JiNX: nops
12:08:35 : Side: Dragons: yo hice una mision, solo recuerdo q era roja. me dio 17 cinder y 4 morteros
12:08:52 : Side: JiNX: ah yo nunca hice una
12:08:58 : Side: Dragons: anoche hice 2 misiones rojas y no me vovlio a dar eso
12:09:07 : Side: JiNX: capaz es random
12:17:58 : Side: Dragons: luego del reset desapareio mi camion
12:18:09 : Side: JiNX: estabas en el mercado?
12:18:13 : Side: JiNX: o en un trader?
12:18:41 : Side: Dragons: lo deje fuera del mercado ,lejos 
12:18:48 : Side: JiNX: que raro
12:35:55 : Side: Dallheim:  el que perdio camion no era yo
12:36:01 : Side: Dragons: hola adm
12:36:03 : Side: santiago: SI 
12:36:07 : Side: Dragons: yo perdi camion
12:36:10 : Side: Dallheim: era dragons
12:36:20 : Side: Dragons: pero lo encontre a 2k del trade
12:36:25 : Side: santiago: Y YO MIS ARMAS Y MIS ACCESORIOS Y EL CHOPER
12:36:28 : Side: Dragons: un poco mas de los 200 jejej
12:36:55 : Side: santiago: SI DIME
12:36:58 : Side: JiNX: ayer churro perdio una offroad, lo agarro un restart y le quedo bloqueado con la llave adentro
12:37:08 : Side: santiago: PUES SI
12:37:29 : Side: JiNX: adentro del offroad tiene las llaves del offroad y del heli xD
12:37:32 : Side: santiago: PORVAVOR Q LOS RIFLES ERAN DE LOS BUENOS 
12:38:58 : Side: santiago: OK GRACIAS ADMIN QUE SOY NUEVO Y YA HIBA TIRAR LA TOAYA 
12:39:27 : Side: santiago: ME AYUDAS CON UN MALETIN QUE ERA MAS GRANDE
12:40:16 : Side: santiago: GRACIAS SOS GRANDE
12:40:18 : Side: JiNX: afuera del mercado central saliendo derecho por la ruleta rusa
12:41:04 : Side: JiNX: si, es igual al que tiene dallheim aca
12:42:17 : Side: JiNX: gracias :)
12:42:52 : Side: JiNX: jajaja me cague en las patas
12:43:15 : Side: JF: Hola gente como estan?
12:43:24 : Side: Dragons: adm  cuando seteo el juego para q se vea a 4000 luego de un rato cambia 
12:43:41 : Side: Dragons: y si llueve pasa mas rapido
12:44:36 : Side: Dragons: ;)
12:51:54 : Side: adm#2: dallheim y dragns, no tienen grupo ustedes?
12:53:15 : Side: Dragons: se estan por sumas 3 amigos. asi q no me sume a nunguno aun
12:53:18 : Side: santiago: SI
12:53:35 : Side: santiago: RSTOY CON JF
12:54:14 : Side: Dragons: :D
12:55:08 : Side: santiago: OOOOOOOOOOOOOO
12:55:29 : Side: Dallheim: :D
12:55:32 : Side: santiago: Y YO Q NO E LOGRADO ARREGLAR EL AMLETIN
12:55:47 : Side: santiago: JF VENI PA ACA
12:57:22 : Side: santiago: QUE ALGUIEN ME EXPLIQUE COMO VER LOS CUADRITOS DEL MALETIN
12:59:44 : Side: Dragons: terrible heli...gracias
13:01:18 : Side: JF: graciaass juan a mi lo que me interesa es tener la oveja que instale la casilla y nunca aparecio ..
13:05:07 : Side: JF: que municion usas
13:06:19 : Side: JF: QUE MUNICION USAS SANTIAGO
13:06:48 : Side: santiago: MK12
13:07:57 : Side: Dragons: nooo
13:08:06 : Side: JiNX: naah
13:08:11 : Side: JiNX: estabas ahi?
13:09:29 : Side: Dragons: buen tiro
13:09:45 : Side: JiNX: ni sabia que estabas ahi
13:09:51 : Side: Dragons: jeje np
13:09:51 : Side: JiNX: perdon
13:14:14 : Side: JiNX: juan no tenes otro por ahi? xD
13:18:37 : Side: JF: pero hace mas de una semana te acordas cuando viniste a desintalar el estanque ese dia fue o hay que agregarle algo mas . 
13:27:05 : Side: Dragons: adm me harias el favor de dejarme en donde puse reset en el map....  
13:27:21 : Side: Dragons: anda muy contento con el heli y no vi donde me metia
13:27:33 : Side: JF: jajaja me quedo la casilla de recuerdo , la extraño sin averla conocido jajaja..
13:28:44 : Side: JF: y me voy a llenar de casas ... 
13:29:42 : Side: Jose Luis: entre para verte morir no jodas santiago
13:29:47 : Side: Jose Luis: hola admin
13:30:16 : Side: Jose Luis: te iba a preguntar que le pasa al server en las mañanas siempre nos expulsa a todos
13:30:40 : Side: Jose Luis: hoy me sali poeque me saco dentro del carro y sali con los huesos rotos
13:30:51 : Side: Jose Luis: oye me puedes devolver el helicoptero?
13:30:52 : Side: JF: ahora estoy tratando de auxiliar  , pero kapa el asmin pueda poner un perro permanente en el patio mas vale
13:31:21 : Side: Dallheim: tiene asma el asmin?
13:31:44 : Side: JF: jajaja asi parece..xD
13:32:33 : Side: JF: Hola jose luis  como estas amigo
13:40:45 : Side: adm#2: che ustedes estan en la pag de face del server? si estan estaria bueno q se presenten con el nombre q usan en el juego asi nos hacemos amigos todos y 
13:40:54 : Side: adm#2: comemos un asado en la casa de JF
13:41:22 : Side: Dallheim: ok pero quien paga el asado?
13:41:38 : Side: adm#2: el dueño de la casa, porsupuesto
13:41:59 : Side: adm#2: nosotros llevabos la bebida
13:43:35 : Side: JF: jajaaj el dueño del server es juan yo no tengo nada que ver las chuletas se las pago en trader no hay problemas 
13:46:32 : Side: santiago: ADMIN AYUDA PORFAVOR
14:00:45 : Side: santiago: ADMIN
14:02:28 : Side: santiago: QUE MIERDAAAAAAAAAAA
14:05:48 : Side: santiago: ADMIN
14:05:54 : Side: santiago: QUE MIERDAQAAAAA
14:07:33 : Side: santiago: ME RECUPERAN TODO CASI TODO Y ME DAN UN CHOPER DE REGALO Y LOS 500000 Q ME RGALO EL ADMIN LOS PERDI CHOCANDO ESA MIERDA
14:07:57 : Side: santiago: NO E LOGRADO COMPRAR EL PUTO CARRO PARA GUARDAR EL DINERO
14:08:11 : Side: santiago: NI LA PUTA CAJA
14:08:38 : Side: JiNX: como hago volar el autogiro?...
14:08:43 : Side: santiago: NO ES Q NO PUEDO CRER Q EL DINERO SE PIERDA Q MIERDA
14:08:45 : Side: Dragons: jajaja mi choper me lo bajaron en el aeropuerto de krasnov
14:09:13 : Side: adm#2: el dinero lo tenias en maletin o en monedas?
14:09:20 : Side: santiago: ME PUEDES AYUDAR YO HAGO LAS COSAS BIEN
14:09:34 : Side: santiago: MONEDAS
14:09:39 : Side: adm#2: y moriste?
14:09:49 : Side: santiago: YA LO HABIA CANGIADO TODO
14:10:12 : Side: adm#2: moriste? cuando te bajaron el choper?
14:10:24 : Side: Dragons: no 
14:10:38 : Side: santiago: NO SE NI QUE FUE LO Q PASO 
14:10:46 : Side: Dragons: es mas crei q era el fin pero en llamas y todo puse salir  y como si naa
14:11:04 : Side: santiago: JOSE SABE Q SE MOVERME EN ESO
14:11:12 : Side: adm#2: pero moriste? a ver, si moriste santiago y tnias el dinero en tu cuerpo, en monedas, tenes q ir hasta tu cuerpo, ahi esta el dinero
14:11:15 : Side: santiago: ME AYUDAS PORFAVOR
14:11:18 : Side: santiago: ??
14:11:32 : Side: santiago: NO ESTABA
14:11:39 : Side: Dragons: mmmmmmmmm
14:11:43 : Side: adm#2: tenes q poner Check wallets
14:11:54 : Side: adm#2: y sacas el dinero en monedas de tu cuerp
14:12:16 : Side: santiago: OK PERO NO ME DIO LA OPCION
14:12:21 : Side: JiNX: che los "autogiro" como los hago subir?
14:12:25 : Side: adm#2: a ver donde esta cu cuerpo
14:12:34 : Side: adm#2: es como un avion el autogyto jinx
14:12:47 : Side: adm#2: despega por velocidad, vendelo a la mierda es una cagada
14:12:50 : Side: JiNX: ah con razon
14:12:59 : Side: JiNX: ya ruguste
14:13:02 : Side: santiago: PARA TERMINAR DE EMPUTARME LE DI OCULTAR CUERPO AL BUSCAR OPCIONES
14:13:04 : Side: JiNX: rugiste*
14:13:18 : Side: adm#2: bueeeeeeeeee jajajaj pero sos el rey santi :D  
14:13:46 : Side: adm#2: te explico para q no te pase de nuevo, cuando moris en tu cuerpo tenes la opcion en rojo q dice check wallets
14:13:55 : Side: adm#2: asi es como recuperas el dinero
14:14:21 : Side: santiago: PERO ESA OPCION NO ME SALIA +
14:15:32 : Side: adm#2: mira
14:15:58 : Side: adm#2: asi aprendes, me voy a suicidar frente a vos, y pone checko wallts.. no te va a dar nada por q no tengo plata ensima
14:16:05 : Side: adm#2: pero asi sabes para la prox
14:16:13 : Side: santiago: OK
14:17:08 : Side: santiago: NADA
14:17:29 : Side: santiago: QUE BOTON ES???
14:18:23 : Side: santiago: CREO Q YA ENTENDI
14:18:54 : Side: santiago: ALGUEN Q ME LLEVE A UN LUGAR DONDE PUEDA COMPRAR UN AUTO Y GUARDAR MI DINERO
14:19:08 : Side: santiago: PORFAVOR
14:19:23 : Side: JiNX: denlen un vaso de agua
14:19:31 : Side: Roger: si. por favor
14:19:41 : Side: JiNX: le va a dar un bobazo sino
14:19:53 : Side: Roger: deja de decir que tenes dinero. van a ir a ponerte un tiro y sacartelo
14:20:02 : Side: Roger: que es algo que puede pasar
14:21:41 : Side: santiago: LO SIENTO LLEGO MI NOVIA 
14:21:51 : Side: santiago: MIERDA SI NO ES UNA COSA ES LA OTRA
14:22:06 : Side: JiNX: con razon los nervios xD
14:26:40 : Side: Dragons: adm  tenes epipen q puedas inyectarme?? 
14:27:11 : Side: Dragons: reinicio mi pc sin aviso y estana en eccion  ahora estoy desmayado pero el reloj no corre
14:27:34 : Side: santiago: JF
14:27:43 : Side: JiNX: estabas con una ereccion?
14:27:54 : Side: santiago: LLEVAME PORFA UNA ZONA SEGURA PORFAVOR
14:28:22 : Side: Dragons: jajaja 
14:28:26 : Side: Dragons: tmb 
14:29:32 : Side: Dragons: ya esta  acudi al bug del la venda...  
14:29:52 : Side: JiNX: como es eso?
14:30:33 : Side: Dragons: te vendas, y corres..pero te queda el relojote en pantalla
14:30:48 : Side: JiNX: ah mira
14:51:58 : Side: JF: te refugiaste debajo del arbol bueno ,tene cuidado con las hormigas jajaja
14:59:40 : Side: Davi: Hola gente, como va todo?
15:10:45 : Side: Bad Guy: wenas
15:26:10 : Side: Bad Guy: che adm
15:26:59 : Side: BerserkMajor: holo
15:27:28 : Side: JF: hola..
15:27:36 : Side: Bad Guy: q onda jf
15:28:05 : Side: JF: hola bad todo bien y vos
15:28:22 : Side: Bad Guy: todo tranki re al pedo
15:28:25 : Side: Bad Guy: jajaja
15:36:33 : Side: Bad Guy: che jf ya sabes q es el fuerte UN??
15:36:44 : Side: JF: no
15:53:16 : Side: BerserkMajor: gracias xD
15:59:35 : Side: JF: SI TE PREGUNTO QUE SI LOS OCUPAS SI NO ME LOS AGARRO
16:00:29 : Side: JF: JAJA SI NO TE HAGAS PROBLEMAS AUNQUE NO ME LOS DES TE LLEVO IGUAL 
17:01:29 : Side: Dragons: ADM  se puede vender el fal q tienen los bot en el mercado??
17:27:50 : Side: Dragons: los vendi.
17:28:03 : Side: Dallheim: ...
17:28:23 : Side: Dragons: los q si no se venden son el ak-107 gl ni el 107 gl pso
17:28:54 : Side: Dragons: son armas de misiones fijas  quisas por eso..  seria plata facil
17:29:50 : Side: Dragons: esta bien
17:30:39 : Side: santiago: DRAGONS QUE NESESITO PARA COMPRAR EL AUTO HMVE
17:31:18 : Side: Dragons: 80k creo
17:31:19 : Side: adm#2: ser heroe o bandido, si queres el q trae armas
17:31:33 : Side: Dragons: ahh el armado
17:31:34 : Side: adm#2: el desarmado lo compras en el trade normal
17:31:44 : Side: adm#2: como dice dragons
17:32:12 : Side: santiago: NO ENTIENDO QUIERO EL HMVE NORMAL
17:32:22 : Side: adm#2: en el trade normal entonces
17:32:24 : Side: Dallheim: eeeeeh que ratas que son
17:32:41 : Side: Dallheim: devuelvan la mochila loco
17:33:12 : Side: santiago: ADMIN ME MUESTRAS DONDE O COMO POR Q NO LOGORO HACERLO DONDE ESTOY 
17:33:18 : Side: Dallheim: ... nadie se hace cargo
17:33:18 : Side: adm#2: si
17:33:26 : Side: adm#2: veni
17:33:35 : Side: adm#2: trader menu
17:33:35 : Side: Dallheim: listo, ya se que clase de gente juega aca
17:33:45 : Side: adm#2: military unarmed
17:33:52 : Side: adm#2: q paso dalheim
17:33:59 : Side: Dallheim: nada
17:34:44 : Side: santiago: NADA
17:34:47 : Side: Dallheim: cosas de gente rastrera, nada mas
17:34:52 : Side: adm#2: te robaron
17:34:54 : Side: santiago: DICE ALGO DE LOS LACKS
17:35:06 : Side: adm#2: tenes esopacio en el toolbelt
17:35:15 : Side: adm#2: para q te de la llave el trader?
17:35:54 : Side: santiago: SI CUANTO NESESITO
17:36:01 : Side: adm#2: 2 minimo
17:36:07 : Side: santiago: SI
17:36:14 : Side: adm#2: pero no en el inventario, si no en el toolbelt
17:36:29 : Side: adm#2: donde van las llaves, la caja de herramientas, la pala etc
17:36:47 : Side: santiago: SI
17:36:58 : Side: santiago: HMVE
17:37:01 : Side: adm#2: estas usando el menu de Trade?
17:37:08 : Side: adm#2: o el compra rapida
17:37:15 : Side: santiago: EL DE COLOR ZUL
17:37:18 : Side: adm#2: no
17:37:22 : Side: adm#2: usa el trade menu
17:37:34 : Side: adm#2: en el azul no podes comprar vehiculos ni vender
17:37:44 : Side: santiago: OK
17:38:26 : Side: santiago: AHORA Q
17:38:33 : Side: adm#2: te dio la llave?
17:38:52 : Side: santiago: NO NI DESCONTO
17:39:05 : Side: adm#2: dame 80k y te lo compro
17:39:15 : Side: adm#2: ahi dalheim compro uno
17:39:16 : Side: santiago: AHORA SI
17:39:19 : Side: adm#2: espera
17:39:26 : Side: adm#2: q salga el auto de dalheim
17:39:46 : Side: adm#2: dios
17:40:04 : Side: Dallheim: ya
17:40:18 : Side: Dallheim: bueno... hice lo que pude :D
17:40:29 : Side: adm#2: ;)
17:41:05 : Side: santiago: GRACIAS
17:44:00 : Side: santiago: COMO HAGO LA COPIA
17:48:17 : Side: santiago: AAJAJA AYUDA
17:49:02 : Side: adm#2: jjajajaja no podes santiago
17:49:28 : Side: santiago: NONO EL JUEGO ME VA MATAR
17:49:37 : Side: adm#2: si claro "el juego" jajaj
17:49:49 : Side: santiago: SALGO DE UNA PA METERME EN OTRA
17:50:02 : Side: santiago: AJAJAJ GRACIAS PANA
17:50:11 : Side: Dallheim: ehm... admin?
17:50:34 : Side: Dallheim: me kickeaste?
17:52:40 : Side: Dallheim: admin me estas kickeando vos? 
17:53:21 : Side: Dallheim: me aparece mensaje de kick del server y perdi 2 maletines y oro admin!
17:53:27 : Side: Dallheim: si sos vos decimelo por favor
17:54:03 : Side: Dragons: no creo. sale como q tener un error de archo o algo asi
17:55:58 : Side: santiago: QUE TECLA ES PARA INTSTALAR LOS OBLETOS COMO LA CAJA
17:56:20 : Side: Dragons: la barra
17:56:22 : Side: Dromsito: creo que espacio
17:57:23 : Side: santiago: DENTRO DE LOS AUTOS NO ME PASA NADA AL REINICIAR EL SERVER??
17:57:34 : Side: Dragons: ADM  estas??  desenganche mi camion y desapareio!!!
17:57:50 : Side: Dragons: volvi donde estaba la ultima vez y no esta
17:57:52 : Side: Dallheim: yo tambien estoy llamando al admin
17:57:56 : Side: Dallheim: no responde
17:58:00 : Side: Dallheim: debe estar afk.
17:58:07 : Side: Dragons: sep
17:58:52 : Side: Dragons: ese camion tiene todo lo q junte en estas 3 horas ahhhhhhhhhhhhhhhhhh
18:03:29 : Side: Dallheim: admin estas??
18:16:33 : Side: Azrael1x: hola holaaa
18:20:17 : Side: Dromsito: alguien sabe por que algunos autos estan bloqueados?
18:20:44 : Side: Azrael1x: son los de la gente
18:21:19 : Side: Azrael1x: che dallheim,te gastaste mi plata en trolas y droga?? XD
18:43:00 : Side: Dallheim: admin estas???
19:04:03 : Side: Dallheim: adminnnnnnnnnnnnnnnn :(
19:06:16 : Side: Dallheim: en el anterior restart el server me kickeo y cuando volvi me faltaban las armas, 100k y 2 maletines
19:06:33 : Side: Dallheim: las armas no me importan pero los 100k y los maletines... :S
19:53:06 : Side: santiago: ADMIN ME ENZEÑAS A TALAR MADERA Y HACER UN BUENA CAMPAMANETO
19:53:22 : Side: santiago: SI NO ESTAS MUY OCUPADO?
19:56:54 : Side: santiago: ESCUCHO
19:57:19 : Side: santiago: TENGO EL HACHA PERO NO VEO LA OPCION
19:59:03 : Side: santiago: SI RACIAS
19:59:12 : Side: santiago: GRACIAS
20:01:53 : Side: santiago: LO SIENTO FUE QUE LLEGO MI MUJER
20:02:01 : Side: santiago: SISI TENGO
20:02:11 : Side: santiago: PARA LOS ANIMALES VERDAD?
20:02:57 : Side: santiago: SI
20:04:12 : Side: santiago: 2 MIN 
20:08:51 : Side: santiago: NO CREO Q NO
20:09:16 : Side: santiago: O SIII
20:09:25 : Side: santiago: CRAFT 
20:10:53 : Side: santiago: HIBA BIEN PERO NO SE Q PASO
20:11:00 : Side: santiago: ME PIDE OTRO
20:12:06 : Side: santiago: SI 
20:12:27 : Side: santiago: YA TENGO 3 EN INVENTRAIO
20:13:16 : Side: santiago: ESO ERA LO QUE FALTABA
20:13:54 : Side: santiago: PARA Q ES
20:14:15 : Side: santiago: OK
20:14:59 : Side: santiago: OK
20:15:14 : Side: santiago: ESAS SON LAS PAREDES DE MADERA VERDAD?
20:16:44 : Side: santiago: AAJAJAJ OK GRACIAS 
20:16:57 : Side: santiago: COMO LO ASEGURO
20:17:23 : Side: santiago: OOO OK
20:17:40 : Side: santiago: TINES UNA MOTOSIERRA ? AJAJ
20:17:59 : Side: santiago: OK GRACIAS AMIGASO 
20:19:49 : Side: santiago: OK 
20:21:09 : Side: santiago: OK CON CLICK DERECHO PARA METERLE
20:21:25 : Side: santiago: GRACIAS
20:21:43 : Side: santiago: LISTO
20:22:29 : Side: santiago: GRACIAS HERMASNO
20:27:15 : Side: santiago: ADMIN QUE PENA MOLESTARTE PERO QUE ES LA PALANCA Q ME PIDE PARA LAS PAREDES DE MADERA
20:33:26 : Side: santiago: ADMIN
20:46:04 : Side: santiago: ADMIN
20:52:11 : Side: santiago: ADMIN
20:52:19 : Side: santiago: ESTAS POR AHI??
21:20:26 : Side: Azrael1x: holasss
21:23:20 : Side: Azrael1x: no se te escucha nada capo
22:18:06 : Side: Sirfes-AR: HOLAAAS
22:18:30 : Side: Sirfes-AR: alguno le pinta ir a joder a algun ia?
23:00:28 : Side: Sirfes-AR: baje un helicoptero 
23:00:36 : Side: Sirfes-AR: exploto
23:15:20 : Side: Paladin: saludos gente ! :D
23:19:38 : Side: Paladin: Gracias ADM !! :D
23:19:53 : Side: Sirfes-AR: hola gente
23:20:02 : Side: Bad Guy: buenas
23:20:08 : Side: Paladin: que hay Sirfes !
23:20:42 : Side: Sirfes-AR: alguien que me de una mano en airport? baje un heli y neutralice a una camioneta
23:20:54 : Side: Bad Guy: te quedan 7 nidos de m2
23:21:12 : Side: Sirfes-AR: me estan buscando. todavia no llego a base
23:21:20 : Side: Sirfes-AR: si puedo saacarlos ,ejor
23:21:31 : Side: Sirfes-AR: nunca les voy a ganar si llego a base
23:21:41 : Side: Sirfes-AR: seria suicidio si quiera acercarme
23:22:26 : Side: Sirfes-AR: escucho disparos cerca, hay alguien¿?
23:49:54 : Side: Sirfes-AR: hay algun adm?
