11:55:00 : Direct: erick: asi
11:57:31 : Direct: erick: y ahora
11:58:54 : Direct: erick: asi?
12:11:13 : Direct: erick: un disparo
12:15:12 : Direct: erick: ?
14:23:21 : Direct: erick: es mi auto negro
14:23:35 : Direct: JiNX: ya no
14:23:38 : Direct: JiNX: jajajaa
14:23:48 : Direct: JiNX: no me abras la bragueta
14:39:18 : Direct: erick: tenemos q comprar el kit de hacer llaves
16:52:55 : Direct: Niconap: salite del grupo cojaw
16:53:04 : Direct: Niconap: no se que paso te invito de nuevo, decile a rogi
16:53:04 : Direct: [Amish]Churro: x?
16:53:12 : Direct: [Amish]Churro: ok
16:56:20 : Direct: juandayz: si?
16:56:36 : Direct: juandayz: las cajas del fondo no mas son las del loot
17:20:16 : Direct: juandayz: el vod medic?
17:20:42 : Direct: juandayz: azra
17:21:00 : Direct: Azrael1x: decime
17:23:14 : Direct: juandayz: llevalo
17:23:25 : Direct: juandayz: en el equipo esta la key
17:55:51 : Direct: juandayz: churro
17:56:06 : Direct: [Amish]Churro: como va
17:56:22 : Direct: juandayz: bien
17:56:28 : Direct: juandayz: q arma perdiste?
17:56:40 : Direct: [Amish]Churro: ayer me paso con 2 q no recuerdo
17:56:50 : Direct: [Amish]Churro: hoy me paso con 2.. pero 1 era una 45 gold
17:56:50 : Direct: juandayz: cambia de mochila toma
17:57:22 : Direct: juandayz: tira
17:57:28 : Direct: juandayz: tu mochi primero
17:57:53 : Direct: [Amish]Churro: desaparecio
17:58:07 : Direct: juandayz: ahi la veo yo
17:58:28 : Direct: [Amish]Churro: no
17:58:32 : Direct: [Amish]Churro: la cargue
17:58:35 : Direct: [Amish]Churro: pero no la veo
17:58:42 : Direct: [Amish]Churro: ty
17:58:57 : Direct: juandayz: agarra esio asi compras lo q perdiste
17:59:09 : Direct: [Amish]Churro: gracias juan
17:59:12 : Direct: [Amish]Churro: >D
17:59:18 : Direct: juandayz: avisame si pasa de nuevo si?
17:59:23 : Direct: [Amish]Churro: nos vemos en un rato.. dale te aviso
17:59:24 : Direct: juandayz: deslogue por las dudas
18:09:42 : Direct: juandayz: estoy
18:09:48 : Direct: juandayz: atras tuyo
18:09:50 : Direct: [Amish]Churro: disculpa
18:09:54 : Direct: juandayz: q paso
18:09:54 : Direct: [Amish]Churro: te consulto
18:09:59 : Direct: [Amish]Churro: x el tema rollbacks
18:10:12 : Direct: juandayz: estoy viendo q tenes otro skin :S
18:10:16 : Direct: [Amish]Churro: jajaja
18:10:22 : Direct: [Amish]Churro: y ay ni tengo lo q me diste
18:10:26 : Direct: [Amish]Churro: q no hace falta
18:10:30 : Direct: juandayz: capaz q estabas re bugeado hoy por eso se te borraba
18:10:33 : Direct: juandayz: yo q vos
18:10:36 : Direct: [Amish]Churro: pero me hace rollback 
18:10:38 : Direct: juandayz: me suicido
18:10:44 : Direct: [Amish]Churro: buuuuuu
18:10:46 : Direct: juandayz: y te traigo aca de nuevo
18:10:46 : Direct: [Amish]Churro: ajjaja
18:10:50 : Direct: [Amish]Churro: ok dale
18:10:51 : Direct: juandayz: cuando spawneas
18:10:56 : Direct: [Amish]Churro: todo tuyo.. shoot
18:13:00 : Direct: [Amish]Churro: gracias juan
18:13:10 : Direct: juandayz: no de nada,
18:14:27 : Direct: [Amish]Churro: GRACIAS!
18:14:38 : Direct: juandayz: de nada! espero q te ande ahora
18:25:40 : Direct: Bad Guy: ojo lo q haces
