00:27:51 : Group: Jose Luis: que pasa amigo
00:28:08 : Group: Sirfes-AR: mi amigo!, tengo un ragalo para vos
00:28:29 : Group: Jose Luis: como asi xD
00:29:25 : Group: Jose Luis: que me tienes
00:29:48 : Group: Sirfes-AR: una margnum, nada mas ni nada menos
00:29:53 : Group: Sirfes-AR: magnum
00:29:58 : Group: Jose Luis: epa entra
00:30:06 : Group: Jose Luis: hacemos un cambio 
00:30:25 : Group: Sirfes-AR: nop, tengo 3, te regalo una
00:30:31 : Group: Jose Luis: jajajaja epa
00:30:34 : Group: Jose Luis: estas en mercado
00:30:48 : Group: Jose Luis: podes pasar por mi?
00:30:50 : Group: Sirfes-AR: voy a empezar a hacer mi base
00:30:59 : Group: Jose Luis: que va de eso compa
00:31:07 : Group: Jose Luis: hagamosla juntos aqui que mi terreno es muy grande
00:31:59 : Group: Jose Luis: lo que te ahorras es bastante
00:32:20 : Group: Sirfes-AR: ya compre mi nuevo plot. La hago cerca de tu base
00:32:46 : Group: Jose Luis: como quieras yo era para que te ahorraras porque dentro de la mia podemos hacer una gran base y torres de vigilancia ya tengo las sandbags
00:32:51 : Group: Sirfes-AR: fui con los ADM a Airport a lootear, sacamos todo. tenia como 300000
00:33:02 : Group: Sirfes-AR: Bueno, dale
00:33:16 : Group: Jose Luis: le dijiste lo de mi maleta?
00:33:40 : Group: Sirfes-AR: no me supo contestar. yo tambien le dije lo que me pasaba a mi
00:33:46 : Group: Sirfes-AR: el server anda mal
00:33:52 : Group: Jose Luis: entonces uqe nos de plata que eso cuesta xD
00:34:04 : Group: Jose Luis: esta la misma mision de antes activa
00:35:20 : Group: Jose Luis: veni por mi loco
00:36:12 : Group: Sirfes-AR: camioneta nueva jeje
00:36:14 : Group: Jose Luis: que hiciste el otro suv
00:36:16 : Group: Jose Luis: jajajaja
00:36:24 : Group: Jose Luis: acaso fuiste de mafioso o q
00:36:32 : Group: Sirfes-AR: lo abandone en airport. no le recupero mas XD
00:36:42 : Group: Jose Luis: mira en el coche te deje algo
00:36:48 : Group: Sirfes-AR: donde vamos? hagamos algo?
00:37:11 : Group: Jose Luis: mira el inventario del coche primero
00:37:19 : Group: Sirfes-AR: Genial!!
00:37:30 : Group: Sirfes-AR: gracias, saca tu magnum
00:37:34 : Group: Jose Luis: esta la mis ma mision que hicimos ayer activa
00:37:48 : Group: Jose Luis: tu veras si la hacemos o esperamos una que nos sirva para ser heroes
00:37:49 : Group: Jose Luis: cual
00:37:56 : Group: Jose Luis: l115
00:37:58 : Group: Sirfes-AR: esa
00:38:10 : Group: Sirfes-AR: esperemos, quiero poner mi safe y mi plot
00:38:13 : Group: Jose Luis: donde consigo la munision
00:38:31 : Group: Sirfes-AR: siendo heroe la conseguimos. asi que pongamonos las pilas
00:38:32 : Group: Jose Luis: municion
00:38:38 : Group: Jose Luis: jajajajaja dale
00:39:13 : Group: Jose Luis: pone tu safe donde veas que este bien
00:39:26 : Group: Jose Luis: el plot guardalo si quieres construir remueve y pon de nuevo uno de los mios y listo
00:39:35 : Group: Sirfes-AR: un arbol se me cruzo
00:39:43 : Group: Jose Luis: suele pasar es que son muy metidos
00:40:06 : Group: Sirfes-AR: como lo renuevo?
00:40:12 : Group: Jose Luis: con una pala anfianzar
00:41:05 : Group: Sirfes-AR: mira
00:41:08 : Group: Jose Luis: que es eso
00:41:17 : Group: Jose Luis: wtf
00:41:18 : Group: Sirfes-AR: un super sniper xD
00:41:29 : Group: Jose Luis: tenemos que lootear
00:41:36 : Group: Jose Luis: agarralo que se te pierde
00:42:32 : Group: Sirfes-AR: mira el rifle que tengo
00:42:45 : Group: Jose Luis: estas con un sniper
00:42:54 : Group: Jose Luis: el que me diste es verdad
00:43:06 : Group: Sirfes-AR: sisi
00:43:15 : Group: Jose Luis: pues gracias genial
00:43:25 : Group: Jose Luis: pon tu safe donde gustes 
00:43:51 : Group: Jose Luis: las esquinas las usaremos para torres de vigilancia y luego veremos donde hacemos el edificio
00:43:58 : Group: Sirfes-AR: necesito tener un plot
00:44:02 : Group: Jose Luis: yo ya tengo algunos cinder block aunque son muy caras
00:44:06 : Group: Jose Luis: quita y pone el mio loco
00:44:09 : Group: Sirfes-AR: dale
00:44:11 : Group: Jose Luis: y para poner la safe no necesitas plot
00:44:14 : Group: Sirfes-AR: prestame una pala
00:44:36 : Group: Jose Luis: te la deje en la casa
00:44:51 : Group: Jose Luis: pero apra poner safe no se necesita de plot
00:45:27 : Group: Sirfes-AR: me dice que necesito un plot D:
00:45:30 : Group: Jose Luis: mira el mio esta aqui tengo 3 repartidos por la casa
00:45:48 : Group: Sirfes-AR: porque tenes tu plot aqui
00:45:55 : Group: Jose Luis: ese que ves es 1 en esta esquina esta el otro y en la esquina de enfrente esta el otro
00:46:04 : Group: Jose Luis: los tengo puestos por si quieren invadir con escaleras no puedan
00:46:33 : Group: Sirfes-AR: voy a poner un plot por aca. no te molesta?
00:46:37 : Group: Jose Luis: con el plot no pueden construir nada cerca 
00:47:03 : Group: Jose Luis: no es necesario cada vez que cada uno necesite construir algo quita y pone el plot para que quede el terreno a nombre tuyo o mio
00:47:18 : Group: Jose Luis: solo quita y pone el mio y listo podras construir 
00:47:51 : Group: Jose Luis: se dejan los plot para que no hagan escaleras en la pared y nos invadan xD
00:47:52 : Group: Sirfes-AR: maintain area? eso pongo?
00:47:57 : Group: Jose Luis: no
00:48:09 : Group: Jose Luis: dice remover 30mplot pole
00:48:16 : Group: Jose Luis: tenes la toolbox?
00:48:26 : Group: Jose Luis: y la pala?
00:48:30 : Group: Sirfes-AR: sisi
00:48:35 : Group: Jose Luis: palanca?
00:48:41 : Group: Sirfes-AR: nop
00:48:58 : Group: Jose Luis: te pongo mi palanca en la maleta
00:49:40 : Group: Jose Luis: si quedo?
00:49:54 : Group: Sirfes-AR: mm nop
00:50:06 : Group: Jose Luis: entonces se perdio xD
00:50:54 : Group: Jose Luis: se necesita es de la palanca
00:51:07 : Group: Jose Luis: ahora la pones la safe si quieres 
00:51:17 : Group: Jose Luis: ey aqui esta
00:52:14 : Group: Jose Luis: solo ponlo ahi mismo y listo
00:52:50 : Group: Sirfes-AR: dejo aqui afuer ala safe?
00:52:56 : Group: Jose Luis: si no pasa nada 
00:53:04 : Group: Jose Luis: si supieras que la mia la tengo fuera de casa
00:53:05 : Group: Jose Luis: xD
00:53:14 : Group: Jose Luis: no la he traido
00:53:32 : Group: Jose Luis: solo apunta la clave y mete el dinero por si nos matan
00:53:43 : Group: Jose Luis: oye pasame la llave de tu coche le hago un duplicado
00:53:56 : Group: Jose Luis: dejala en la cabaña
00:54:21 : Group: Jose Luis: guardas el duplicado en la safe por si mueres y el cuerpo se pierder
00:55:36 : Group: Jose Luis: ey men pasame la llave pues para duplicarla y que tengas seguro el coche
00:56:21 : Group: Sirfes-AR: ahi esta
00:57:07 : Group: Jose Luis: ahi te las dejo
00:58:16 : Group: Sirfes-AR: tengo que ir a mercado a comprar cargadores. hagamos asi. yo te cubro de zombies y acercamientos. vos quedate de fracotirador
00:58:35 : Group: Jose Luis: mercado central?
00:58:39 : Group: Sirfes-AR: si
00:58:45 : Group: Sirfes-AR: despues de ahi, a mision
00:58:57 : Group: Jose Luis: listo
00:59:23 : Group: Sirfes-AR: quedate de frandotirador. yo me quedo como tu obserbador
00:59:47 : Group: Jose Luis: dale men
01:00:06 : Group: Jose Luis: aprovecho y tambien compro balas pa esto
01:00:14 : Group: Sirfes-AR: necesitamos comprar bendajes y blodbags
01:00:29 : Group: Jose Luis: yo tengo dos blog namas
01:00:31 : Group: Jose Luis: blod
01:01:16 : Group: Sirfes-AR: vamos que me muero de hambre jaja
01:01:24 : Group: Jose Luis: jajajaj dale espera saco plata
01:01:53 : Group: Jose Luis: en la safe tenia 3 blod y 5 bandajes
01:02:34 : Group: Sirfes-AR: cierra tu casa
01:02:43 : Group: Sirfes-AR: si tenes comida, dame
01:02:44 : Group: Jose Luis: espera
01:02:49 : Group: Jose Luis: dale ya te llevo
01:03:52 : Group: Jose Luis: ahi en el coche te deje
01:04:33 : Group: Jose Luis: me gusta nuestra base porque tenemos combustible cerca
01:06:30 : Group: Jose Luis: tenemos mision de bandidos cerca a base
01:06:49 : Group: Jose Luis: justo lo que necesitabamos no tenemos que ir muy lejos
01:07:03 : Group: Jose Luis: a khelm
01:09:06 : Group: Jose Luis: uy encontre cargadores para la magnun
01:10:01 : Group: Sirfes-AR: posta?
01:10:11 : Group: Jose Luis: si encontre 1 en la tienda
01:12:25 : Group: Sirfes-AR: estas listo? bendajes, paintkillers, blodbags?
01:12:31 : Group: Jose Luis: 5 blod 
01:12:40 : Group: Jose Luis: necesito es un painkiller mas para ir seguro porque tengo 2
01:13:00 : Group: Sirfes-AR: lleva municion extra de tu rifle, no duran mucho. cuando estemos por llegar dejo la camionera cerca
01:13:34 : Group: Jose Luis: ya
01:13:53 : Group: Jose Luis: llevo 30 balas en gear y 15 en backpag
01:14:20 : Group: Sirfes-AR: mira que yo solo llevo automatica, asi que mata a todos los que puedas a distancia
01:14:38 : Group: Jose Luis: oka
01:15:16 : Group: Sirfes-AR: lleva un poco de comida y agua tambien. por las dudas
01:15:28 : Group: Jose Luis: 2 mre y 1 lata
01:15:37 : Group: Sirfes-AR: genial
01:15:48 : Group: Sirfes-AR: cuando gustes vamos
01:16:16 : Group: Jose Luis: dale
01:16:23 : Group: Sirfes-AR: vamos por el lado de base? atravesamos el bosque
01:16:34 : Group: Jose Luis: si creo que es lo mas inteligente
01:16:54 : Group: Jose Luis: mas si se que pasando base hay zona sin arboles
01:17:38 : Group: Jose Luis: mira el mapa este puede ser nuestro punto para sniper
01:17:58 : Group: Sirfes-AR: dale
01:18:23 : Group: Sirfes-AR: maldito arbol
01:18:28 : Group: Sirfes-AR: no pone la luz de girow
01:18:35 : Group: Jose Luis: jajaja 
01:18:55 : Group: Jose Luis: asi son les regalaron la licencia en una bolsa de papas
01:20:40 : Group: Jose Luis: cuantas blood tenes porque yo te habia dejado 2 con 2 bandages
01:20:55 : Group: Sirfes-AR: tengo 3
01:21:02 : Group: Jose Luis: yo 5 xD
01:22:28 : Group: Jose Luis: antes de terminar bosque caminamos
01:23:08 : Group: Jose Luis: ey si no te molesta podriamos tener el whatsapp
01:23:33 : Group: Sirfes-AR: para comunicarnos por ahi?
01:23:43 : Group: Jose Luis: si asi quedamos para hacer misiones de vez en cuando
01:23:50 : Group: Sirfes-AR: dale
01:23:55 : Group: Sirfes-AR: anota
01:24:02 : Group: Jose Luis: apuntalo +57 317 312 5140
01:24:09 : Group: Jose Luis: te gane
01:24:46 : Group: Jose Luis: yo creo que deberiamos de bajarnos aqui
01:25:04 : Group: Jose Luis: ya a unos metros se termina el bosque y capaz que tienen ojo de aguila esos soldados estan muy chetados
01:25:21 : Group: Sirfes-AR: dale, vamos
01:25:47 : Group: Sirfes-AR: estate atento
01:26:04 : Group: Sirfes-AR: dos z adelante
01:26:06 : Group: Jose Luis: solo veo z
01:26:14 : Group: Jose Luis: los mato
01:26:26 : Group: Sirfes-AR: oka
01:26:47 : Group: Jose Luis: se me corrio xD
01:27:28 : Group: Jose Luis: limpio z
01:31:07 : Group: Jose Luis: ah buen
01:31:11 : Group: Sirfes-AR: cuatro veces le pegue
01:31:15 : Group: Sirfes-AR: estaba re duro ese
01:31:25 : Group: Jose Luis: bien duro
01:31:31 : Group: Sirfes-AR: vayamos en sigilo
01:32:15 : Group: Jose Luis: aguanto un tiro de esto
01:33:06 : Group: Jose Luis: espera que saco la de silenciador
01:33:44 : Group: Sirfes-AR: los vi
01:33:49 : Group: Jose Luis: hijos de puta z
01:33:51 : Group: Sirfes-AR: seguro ellos tambien nos vieron
01:34:01 : Group: Sirfes-AR: al bosque vamos
01:34:04 : Group: Jose Luis: donde estaw
01:34:16 : Group: Sirfes-AR: justo a mis doce, en un helicoptero
01:35:18 : Group: Sirfes-AR: ves la cola del heli?
01:35:44 : Group: Jose Luis: espera miro
01:36:02 : Group: Sirfes-AR: estamos muy cerca
01:36:24 : Group: Sirfes-AR: mira el mapa
01:36:28 : Group: Sirfes-AR: vamos ahi
01:36:45 : Group: Jose Luis: dale
01:36:47 : Group: Jose Luis: a rodear
01:36:53 : Group: Sirfes-AR: seguime
01:38:17 : Group: Jose Luis: los vi a mis 12 que venian los disparos
01:38:28 : Group: Sirfes-AR: a nosotros_
01:38:32 : Group: Sirfes-AR: ?
01:38:43 : Group: Jose Luis: si men vi las balas pasar
01:40:06 : Group: Sirfes-AR: vamos
01:41:08 : Group: Sirfes-AR: escucho un auto
01:41:23 : Group: Jose Luis: los veo de frente
01:41:33 : Group: Jose Luis: 12 en punto
01:41:42 : Group: Jose Luis: 325 metros
01:42:12 : Group: Jose Luis: la re puta
01:43:40 : Side: Jose Luis: sigues vivo
01:44:16 : Side: Sirfes-AR: sisi
01:44:31 : Side: Jose Luis: espera que salgo cerca
01:44:37 : Side: Jose Luis: de un solo disparo me mataron
01:44:43 : Side: Jose Luis: y eso que le di a un franco
01:46:11 : Side: Jose Luis: esperame voy en bici
01:46:23 : Side: Sirfes-AR: escucho un auto
01:46:54 : Side: Sirfes-AR: acepta el grupo
01:47:22 : Group: Jose Luis: listow
01:49:32 : Group: Jose Luis: viejo
01:49:42 : Group: Sirfes-AR: dime
01:49:45 : Group: Jose Luis: me tope con patrulla me dispararon pero no me dieron
01:50:03 : Group: Sirfes-AR: ese es el auto que escucho
01:51:12 : Group: Jose Luis: estoy a 400 metros como esta la cosa
01:52:09 : Group: Jose Luis: tu disparas?
01:52:10 : Group: Sirfes-AR: te disparan_
01:52:16 : Group: Sirfes-AR: son los ia
01:52:25 : Group: Jose Luis: estoy detras de una roca no me daran
01:52:33 : Group: Jose Luis: me tirare a suelo y me arrastro hasta ahi
01:52:43 : Group: Sirfes-AR: cuidado, van por vos
01:53:18 : Group: Sirfes-AR: veo un nido de m2
01:53:44 : Group: Jose Luis: me ves?
01:54:02 : Group: Jose Luis: tengo via para ir por mi cuerpo?
01:54:34 : Group: Sirfes-AR: veni hasta donde estoy yo. unas piedras te cubren desde mi posicion
01:54:51 : Group: Jose Luis: me arrastro entonces
01:55:39 : Group: Sirfes-AR: conte 5 solamente
01:55:46 : Group: Jose Luis: yo mate 1
01:56:36 : Group: Jose Luis: estan cerca al helicptero?
01:56:45 : Group: Sirfes-AR: lo rodean
01:57:01 : Group: Jose Luis: ok entonces ire arrastrado por mi cuerpo y vuelvo
01:58:11 : Group: Sirfes-AR: nos rodean
01:58:13 : Group: Sirfes-AR: corre
01:58:17 : Group: Sirfes-AR: coreeeeeeeee
01:58:22 : Group: Sirfes-AR: atras nuestro
01:58:28 : Group: Sirfes-AR: una patruyaaaa
02:00:09 : Side: Jose Luis: carajo hombre
02:00:24 : Side: Sirfes-AR: te mataron_
02:00:30 : Side: Jose Luis: no
02:00:35 : Side: Jose Luis: estoy detras de una roca
02:01:07 : Side: Jose Luis: no entiendo nuestra mala suerte como sale una patrulla atras
02:01:16 : Side: Sirfes-AR: me hicieron pomo, que mala pata
02:01:28 : Side: Jose Luis: estan disparando no se si a mi no los veo
02:01:35 : Side: Jose Luis: no se si se dan entre ellos o q
02:02:21 : Side: Jose Luis: de nuevo
02:09:26 : Side: Sirfes-AR: te disparan?
02:09:29 : Side: Jose Luis: no
02:09:55 : Group: Jose Luis: estoy a 60 metros de mi cuerpo intentare llegar
02:10:55 : Group: Jose Luis: 25 metros
02:12:05 : Group: Jose Luis: que hijo de las ... mi muñeco le dio por pararse justo ahora
02:12:23 : Group: Sirfes-AR: te vieron_
02:12:32 : Group: Jose Luis: no
02:12:34 : Group: Jose Luis: tuve suerte
02:14:12 : Group: Jose Luis: ya tengo mis cosas volvere atras a ver
02:14:23 : Group: Jose Luis: te espero
02:15:37 : Group: Jose Luis: si gustas te presto mi m4 para que no vayas asi tan solo por tu cuerpo
02:16:07 : Group: Sirfes-AR: ves alguno atras?
02:16:26 : Group: Jose Luis: pues estuve buscando y no vi pero no se exactamente donde esta tu cuerpo
02:16:47 : Group: Sirfes-AR: te lo marque en el mapa
02:16:58 : Group: Jose Luis: ya te reviso entonces
02:17:06 : Group: Sirfes-AR: no vayas, tene cuidado
02:17:11 : Group: Sirfes-AR: solo observa
02:17:18 : Group: Jose Luis: no solo observo con telemetro
02:19:27 : Group: Jose Luis: no veo lo que se me ocurre es ir a las piedras que tengo enfrente
02:19:50 : Group: Sirfes-AR: voy yo
02:19:59 : Group: Jose Luis: te paso arma?
02:20:09 : Group: Sirfes-AR: nono, por si la pierdo
02:20:14 : Group: Jose Luis: es silenciada
02:20:58 : Group: Jose Luis: me informas que ves
02:21:12 : Group: Sirfes-AR: todavia nada
02:21:36 : Group: Jose Luis: yo despues de que moriste escuche que seguian disparando
02:21:44 : Group: Jose Luis: ellos no se matan entre ia?
02:21:51 : Group: Sirfes-AR: estaba desmayado, me fusilaron
02:22:07 : Group: Jose Luis: no pero ya habia aparecido el letrero de que habias muerto hace rato
02:23:30 : Group: Sirfes-AR: veo un puesto
02:23:37 : Group: Jose Luis: puesto cerca?
02:23:37 : Group: Sirfes-AR: con una m2
02:23:42 : Group: Jose Luis: te ayudo?
02:24:01 : Group: Sirfes-AR: dejame ver bien
02:24:16 : Group: Jose Luis: mientras yo me acerco
02:26:43 : Group: Jose Luis: veo el camon
02:26:55 : Group: Sirfes-AR: hay dos camiones
02:26:58 : Group: Jose Luis: es un camion de la cruz roja eso no es de un survivor
02:28:10 : Group: Jose Luis: ya tenes tus armas?
02:28:15 : Group: Sirfes-AR: si
02:28:26 : Group: Jose Luis: entonces tu decide
02:28:41 : Group: Sirfes-AR: sigamos en mision, te parece
02:29:19 : Group: Sirfes-AR: a 652 mts una m2
02:29:40 : Group: Jose Luis: nido de m2?
02:29:49 : Group: Jose Luis: pero son de los bandidos
02:30:02 : Group: Sirfes-AR: escucho un auto de nuevo
02:30:12 : Group: Jose Luis: acuestate
02:30:18 : Group: Jose Luis: acuestate ya que estn mirando para aca
02:31:22 : Group: Jose Luis: VAMOS A LAS ROCAS QUE TENGO A MIS 12
02:31:55 : Group: Sirfes-AR: tenemos media hora, podremos?
02:32:14 : Group: Jose Luis: TU DIRAS SI NOS ARRIESGAMOS
02:32:34 : Group: Sirfes-AR: tenemos que empezar ya
02:32:50 : Group: Jose Luis: JA Y AUN NO TENEMOS PUNTO DE TIRO
02:33:47 : Group: Sirfes-AR: desde aca tengo vision
02:33:54 : Group: Sirfes-AR: a 600 mts
02:34:06 : Group: Sirfes-AR: 400mts
02:34:20 : Group: Jose Luis: LOS VEO
02:35:03 : Group: Jose Luis: ESTAN EN EL SUELO
02:35:09 : Group: Jose Luis: SEGURO QUE NO ESTAN EN COMBATE?
02:35:25 : Group: Sirfes-AR: no lo se
02:35:28 : Group: Sirfes-AR: tenes tiro?
02:35:38 : Group: Jose Luis: NO PARA TODOS PERO SI 
02:35:41 : Group: Jose Luis: ESTAN MUY ALTERADOS
02:35:50 : Group: Sirfes-AR: despacio, a los que puedas
02:36:57 : Group: Sirfes-AR: dispara y abajo
02:37:05 : Group: Jose Luis: VA ACUESTATE
02:38:05 : Group: Jose Luis: ARBOLES CORTAN VISION ESPERO QUE ESTE A TIRO
02:38:32 : Group: Sirfes-AR: son como 10
02:38:38 : Group: Jose Luis: SON BASTANTES SI
02:38:49 : Group: Jose Luis: TU SOLO DIME
02:39:15 : Group: Sirfes-AR: como gustes, vos tenes el rifle jaja, si disparas te cubro, sino vamos
02:39:46 : Group: Jose Luis: DALE LISTO PARA MORIR
02:39:57 : Group: Sirfes-AR: jajaja bien
02:40:12 : Group: Jose Luis: ESTAN DISPARANDO
02:40:18 : Group: Sirfes-AR: disparaste? 
02:40:22 : Group: Jose Luis: no
02:41:04 : Group: Jose Luis: pregunta a ver si es pablo
02:41:20 : Side: Sirfes-AR: pablo, andas por mision ?
02:41:48 : Group: Jose Luis: no responde sigamos entonces
02:42:14 : Side: =[666]=Pablo_RC: no looteando
02:42:16 : Group: Sirfes-AR: tenemos poco tiempo. si vas a matar alguno hacelo ya jaja
02:42:36 : Side: =[666]=Pablo_RC: metanle tranquilos
02:42:38 : Group: Sirfes-AR: cayo?
02:42:48 : Group: Jose Luis: no me lo conto asi que no 
02:43:00 : Group: Jose Luis: debede estar en el suelo porque vi que le di
02:44:44 : Group: Jose Luis: los ves?
02:44:45 : Group: Sirfes-AR: tenes tiro?
02:44:56 : Group: Sirfes-AR: si, tengo tiro
02:45:07 : Group: Sirfes-AR: pero no arma xD
02:45:10 : Group: Jose Luis: te dejo el rifle?
02:45:18 : Group: Sirfes-AR: pasamelo
02:45:33 : Group: Jose Luis: estan todas las balas
02:46:47 : Group: Jose Luis: cayo?
02:46:49 : Group: Sirfes-AR: cayo uno
02:48:38 : Group: Jose Luis: le diste?
02:49:10 : Group: Jose Luis: escuche un disparo
02:49:35 : Group: Sirfes-AR: mate a dos mas, pero un arbol me tapa
02:49:55 : Group: Jose Luis: quedan 11
02:50:27 : Group: Jose Luis: veni dale la vuelta a la piedra
02:50:33 : Group: Jose Luis: por atras
02:51:32 : Group: Jose Luis: te disparan?
02:51:48 : Group: Sirfes-AR: se acercan
02:52:48 : Group: Jose Luis: nos disparan cuidado
02:53:46 : Group: Sirfes-AR: corramos
02:55:33 : Group: Jose Luis: que hacemos nos quedamos aqui acostados?
02:55:36 : Group: Sirfes-AR: vienen
02:57:19 : Group: Sirfes-AR: para la proxima busquemos un buen punto de tiro
02:58:24 : Group: Sirfes-AR: estamos yendo a base militar xD
02:58:32 : Group: Jose Luis: jajaja 
02:59:05 : Group: Sirfes-AR: tenemos dos minutos
02:59:08 : Group: Jose Luis: ahora nos vemos
02:59:14 : Group: Jose Luis: acuestate
03:04:45 : Group: Sirfes-AR: vamos
03:05:05 : Group: Jose Luis: que paso porque te acuestas
03:05:17 : Group: Jose Luis: ah ya
03:06:01 : Group: Sirfes-AR: escuchas disparos?
03:06:10 : Group: Jose Luis: me parecio escuchar 1
03:06:31 : Group: Jose Luis: uy
03:06:36 : Group: Jose Luis: es a mis 12
03:06:38 : Group: Sirfes-AR: nos disparan
03:06:40 : Group: Jose Luis: veo las rafagas
03:06:46 : Group: Sirfes-AR: corramos
03:07:56 : Group: Jose Luis: donde nos metimos men
03:08:58 : Group: Sirfes-AR: carajo xD
03:12:11 : Group: Jose Luis: z
03:12:42 : Group: Jose Luis: como aguantan
03:13:41 : Group: Sirfes-AR: nada
03:14:14 : Group: Jose Luis: hay mision cerca a zeleno
03:14:51 : Group: Sirfes-AR: el antiguo destacamento?
03:15:23 : Group: Jose Luis: hay que eliminar una patrulla de bandidos
03:15:27 : Group: Jose Luis: cerca a la comuna hippie
03:15:50 : Group: Sirfes-AR: estamos muy lejos
03:16:03 : Group: Jose Luis: la unica que hay loco
03:16:09 : Group: Jose Luis: casi 12 kms
03:16:31 : Group: Sirfes-AR: hay otra de heroes
03:16:40 : Group: Jose Luis: pero nos volveriamos bandidos
03:17:05 : Group: Sirfes-AR: como gustes. sino vamos a lootear algo en alguna base
03:17:22 : Group: Jose Luis: o nos compramos un heli?
03:17:32 : Group: Sirfes-AR: sabes manejarlo?
03:17:50 : Group: Jose Luis: si es facil pero si quieres compramos de los chiquis y vamos cada 1 en 1
03:18:33 : Group: Jose Luis: severo trueno acaba de caer
03:18:48 : Group: Sirfes-AR: vamos a comprar un heli, yo no se manejarlo
03:18:59 : Group: Jose Luis: jaja oka
03:20:25 : Group: Jose Luis: con q te elevas y z bajasw
03:22:09 : Group: Jose Luis: cuanta plata tenes
03:22:15 : Group: Sirfes-AR: 100 mil
03:23:07 : Group: Jose Luis: yo tengo dinero en base
03:23:14 : Group: Jose Luis: no mucho
03:23:32 : Group: Sirfes-AR: vamos a base? o con lo que tengo llegamos?
03:23:42 : Group: Jose Luis: el heli vale 100
03:24:08 : Group: Jose Luis: y hay uno de 80
03:25:54 : Group: Jose Luis: luego tenemos que ponernos a talar men
03:26:25 : Group: Sirfes-AR: okis, vamos a mision y luego talamos?
03:26:38 : Group: Jose Luis: si el clima me lo permite que lo veo fuerte xDD
03:27:23 : Group: Jose Luis: si me salgo es porque me desconecto la energia
03:27:29 : Group: Jose Luis: oye dejame en el coche el rifle xDDD
03:27:52 : Group: Sirfes-AR: listo :D
03:28:14 : Group: Jose Luis: dale y si tenes la palanca y la pala que fue lo que me quedo faltando
03:32:50 : Group: Sirfes-AR: compro el heli?
03:32:55 : Group: Jose Luis: como lo veas men
03:33:57 : Group: Sirfes-AR: vamos men
03:37:32 : Group: Sirfes-AR: se nos fue la mision
03:37:42 : Group: Jose Luis: carajo
03:38:41 : Group: Jose Luis: vamos a la otra?
03:38:54 : Group: Jose Luis: pero en coche porque estamos muy cerca
03:38:54 : Group: Sirfes-AR: si, ya fue
03:39:04 : Group: Sirfes-AR: oka
03:39:38 : Group: Jose Luis: bloquealo que te lo roban ahi te deje un tanque de combustible
03:39:46 : Group: Sirfes-AR: al menos tenemos heli jaja
03:39:54 : Group: Jose Luis: jajaja si luego lo llevamos a base
03:40:45 : Group: Jose Luis: ven pues antes de que desaparezca la otra
03:40:49 : Group: Sirfes-AR: mira
03:40:54 : Group: Sirfes-AR: vamos en heli?
03:41:03 : Group: Jose Luis: nos van a disparar apenas estemos cerca
03:41:17 : Group: Jose Luis: te lo digo por xp me bajaron de un heli una vez
03:41:27 : Group: Sirfes-AR: conduce
03:41:35 : Group: Sirfes-AR: que voy al baño xD
03:41:42 : Group: Jose Luis: xD
03:41:56 : Group: Jose Luis: ya no esta la mision
03:41:58 : Group: Jose Luis: nos jodimos
03:42:09 : Group: Jose Luis: hay otra
03:43:56 : Group: Sirfes-AR: volvi
03:44:04 : Group: Jose Luis: hay otra mision
03:44:08 : Group: Jose Luis: 2666 metros
03:44:33 : Group: Sirfes-AR: mira, dejemos el auto en "Campo Viejo"
03:44:39 : Group: Sirfes-AR: y campeamos desde ahi
03:44:49 : Group: Jose Luis: si voy a dejarlo ahi 
03:44:53 : Group: Jose Luis: justo ahi marque
03:45:42 : Group: Sirfes-AR: mira esa base
03:45:45 : Group: Jose Luis: esa casa que
03:45:53 : Group: Jose Luis: a la m
03:46:00 : Group: Sirfes-AR: esta buena
03:46:11 : Group: Sirfes-AR: podriamos copiarla, tenemos base para heli asi
03:46:13 : Group: Jose Luis: tiene que ser de un admin
03:46:22 : Group: Sirfes-AR: seguro
03:48:38 : Group: Sirfes-AR: despues le sacamos las ruedas a esa camioneta
03:48:48 : Vehicle: Jose Luis: vale amigo
03:50:43 : Group: Sirfes-AR: y ese heli?
03:50:53 : Group: Jose Luis: espera veo
03:53:05 : Group: Sirfes-AR: los veo
03:53:08 : Side: Jose Luis: con calma loco
03:55:01 : Group: Jose Luis: donde y a cuantos
03:55:20 : Group: Sirfes-AR: la colina nos tapa
03:56:14 : Group: Sirfes-AR: deberiamos ir al bosque de nuestra derecha
03:56:59 : Group: Jose Luis: tu diras
03:59:49 : Group: Sirfes-AR: jojo
03:59:56 : Group: Jose Luis: que pasa
04:00:19 : Group: Sirfes-AR: a mis doce
04:00:25 : Group: Jose Luis: voy
04:00:58 : Group: Jose Luis: cuantos metros
04:01:19 : Group: Sirfes-AR: 200 a 300mts
04:01:28 : Group: Jose Luis: lo dejo en 300
04:01:50 : Group: Sirfes-AR: se acercan, pero no nos ven
04:02:27 : Group: Sirfes-AR: mira el mapa, es el bosque de en frente
04:02:39 : Group: Sirfes-AR: buena posicion
04:02:54 : Group: Jose Luis: vamos?
04:04:02 : Group: Jose Luis: no tengo buena vision no los veo
04:04:32 : Group: Sirfes-AR: esa no era una buena posicion
04:06:26 : Group: Sirfes-AR: los veo, calrito
04:07:05 : Group: Sirfes-AR: le dieron al z
04:07:21 : Group: Sirfes-AR: sigamos a la posicion, estamos muy expuestos
04:07:34 : Group: Sirfes-AR: veo dos m2
04:07:55 : Group: Jose Luis: cuando pongo la mira del rifle se me ponen toda la yerba enfrente
04:08:55 : Group: Sirfes-AR: son 17
04:09:35 : Group: Jose Luis: necesitamos algo con q cubrinos
04:09:45 : Group: Sirfes-AR: un z delante
04:09:59 : Group: Jose Luis: te paso mi rifle si quieres el de silenciador
04:10:14 : Group: Sirfes-AR: pasemos, no nos ve
04:11:15 : Group: Jose Luis: trajiste tu plot?
04:11:28 : Group: Jose Luis: yo tengo unas bolsas de arena en mi mochila
04:11:48 : Group: Sirfes-AR: no D:
04:11:54 : Group: Jose Luis: carajo
04:12:56 : Group: Jose Luis: distancia
04:13:08 : Group: Sirfes-AR: 400 mts
04:14:05 : Group: Sirfes-AR: ves las m2?
04:14:20 : Group: Jose Luis: veo 1 esera me pongo con la otra
04:14:51 : Group: Sirfes-AR: nos ven? O.O
04:14:54 : Group: Jose Luis: tengo tiro acostado
04:14:59 : Group: Jose Luis: y se que nos ven
04:15:17 : Group: Sirfes-AR: hay uno que no deja de mirarnos
04:15:39 : Group: Jose Luis: hay un franco con camo que nosve
04:16:00 : Group: Jose Luis: y siemrpre nos llueve eso hace mover la mira
04:16:25 : Group: Jose Luis: lastima el plot
04:16:33 : Group: Sirfes-AR: tenemos z cerca
04:16:52 : Group: Jose Luis: te doy mi rifle si quieres
04:17:10 : Group: Sirfes-AR: mato a ese z?
04:17:21 : Group: Jose Luis: atras tenemos otro si quieres te paso el rifle
04:17:51 : Group: Sirfes-AR: quieto
04:17:51 : Group: Jose Luis: viene
04:18:20 : Group: Sirfes-AR: pasame el rifle silenciado
04:18:41 : Group: Jose Luis: viene otro a mis 12
04:18:49 : Group: Jose Luis: listo
04:19:05 : Group: Sirfes-AR: empecemos
04:19:07 : Group: Jose Luis: te lo paso?
04:19:13 : Group: Sirfes-AR: no, ya esta
04:19:38 : Group: Jose Luis: le dare primero al de la m2
04:19:51 : Group: Jose Luis: ah no ya vi al franco
04:21:30 : Group: Jose Luis: 5
04:23:02 : Group: Jose Luis: le di
04:25:15 : Group: Jose Luis: si me vendo donde estaba me matan
04:26:18 : Group: Sirfes-AR: vienen
04:26:52 : Group: Sirfes-AR: jose vienen para aca
04:27:06 : Group: Jose Luis: por donde ya le di a 2
04:27:12 : Group: Jose Luis: van 10 muertos
04:28:43 : Group: Jose Luis: 11
04:30:06 : Group: Jose Luis: donde estan 
04:30:40 : Group: Sirfes-AR: justo debajo nuestro
04:31:29 : Group: Sirfes-AR: tenes mas balas?
04:31:58 : Group: Jose Luis: 2 cargadores nuevos
04:32:39 : Group: Sirfes-AR: mmate a dos
04:33:03 : Group: Jose Luis: osea que si contaste bien faltan 5
04:33:49 : Group: Sirfes-AR: ves alguno?
04:34:03 : Group: Jose Luis: no se si lo del fondo en la carretera es uno o algun efecto mal diseñado
04:35:02 : Group: Sirfes-AR: voy a ir a ver
04:35:18 : Group: Jose Luis: dale ve y me dices lo del fondo es algo porque reboto la bala
04:35:44 : Group: Sirfes-AR: veo a dos a mis doce
04:36:24 : Group: Jose Luis: voy a donde estas tu
04:37:05 : Group: Sirfes-AR: viene por la arboleda de en frente
04:38:09 : Group: Sirfes-AR: lo veo
04:38:38 : Group: Jose Luis: es el del suelo verdad
04:40:31 : Group: Jose Luis: yo no lo veo esta tirado en el suelo o q
04:40:44 : Group: Sirfes-AR: cubrime, voy a la otra arboleda
04:41:01 : Group: Jose Luis: quieto
04:41:03 : Group: Jose Luis: ya
04:41:49 : Group: Jose Luis: lo mataste
04:43:26 : Group: Sirfes-AR: nos falta alguno
04:43:26 : Group: Jose Luis: que ves
04:43:33 : Group: Sirfes-AR: nada
04:45:30 : Group: Sirfes-AR: tenes a uno?
04:45:35 : Group: Jose Luis: z
04:45:39 : Group: Jose Luis: me agarro por atras
04:46:04 : Group: Sirfes-AR: GANAMOS!!!!
04:46:04 : Group: Jose Luis: ya ganamss
04:46:07 : Group: Jose Luis: viste el letrerow
04:46:31 : Group: Sirfes-AR: siii
04:46:43 : Group: Jose Luis: voy por la recompensa
04:47:20 : Group: Sirfes-AR: el auto
04:47:33 : Group: Jose Luis: traelo que lo llenamos
04:49:27 : Group: Jose Luis: ey aqui hay una de las maletas grandes men
04:50:03 : Group: Sirfes-AR: saca lo que te quepa, que lo demas lo repartimos en ganancias
04:51:02 : Group: Sirfes-AR: abajo hay otra de bandidos mira
04:51:10 : Group: Sirfes-AR: vamos?
04:51:24 : Group: Jose Luis: espera primero llenemonos
04:52:03 : Group: Sirfes-AR: donde dejaste el auto?
04:52:19 : Group: Jose Luis: justo en no se que viejo
04:53:24 : Group: Jose Luis: ya no tienes espacio o que
04:59:05 : Group: Jose Luis: hay uno que tiene una mochila de las mas grandes
04:59:10 : Group: Jose Luis: de las que tengo yo buscalo
04:59:20 : Group: Jose Luis: es este velo
05:00:30 : Group: Jose Luis: no has visto un camo de sniper
05:01:01 : Group: Jose Luis: ey me lo pondre
05:05:44 : Group: Sirfes-AR: no metas mas cosas al auto, no caben
05:06:02 : Group: Jose Luis: aca hay una m4
05:06:59 : Group: Sirfes-AR: volvamos Jose
05:07:05 : Group: Jose Luis: oka
05:07:32 : Group: Sirfes-AR: hay un heli y no es nuestro amigo jaja
05:07:44 : Group: Jose Luis: jajaja men le di un tiro a tu coche lo siento
05:07:52 : Group: Jose Luis: estoy de gatillo facil
05:08:20 : Group: Jose Luis: tengo 10 cargadores de silenciador xD
05:08:29 : Group: Sirfes-AR: yo igual XD
05:08:46 : Group: Jose Luis: en algun caso de que yo me salga y no vuelva a entrar recuerda el punto en el mapa
05:08:58 : Group: Jose Luis: ve lo mas rapido posible a tienda
05:09:27 : Group: Jose Luis: aun esta el punto de misio nbandit patrol
05:09:34 : Group: Jose Luis: ojo que estamo cerca a una mision de heroes
05:09:37 : Group: Jose Luis: corre corre corre
05:09:55 : Group: Jose Luis: si se me va el internet aqui me jodo
05:11:17 : Group: Jose Luis: tenes el jodido coche lleno
05:11:26 : Group: Sirfes-AR: siiii jajaja
05:11:32 : Group: Sirfes-AR: salimos victoriosas
05:11:36 : Group: Sirfes-AR: sos
05:11:41 : Group: Jose Luis: victoriosas????
05:11:44 : Group: Sirfes-AR: JAJAJAJA
05:11:53 : Group: Jose Luis: no te conocia esos alcances men ya me da miedo vivir contigo jajajaa
05:12:38 : Group: Jose Luis: a la pdroxima nos venimos cada 1 en un coche para llenar mas
05:13:58 : Group: Jose Luis: cuantos puntos de humanidad se necesitan para ser heroe
05:14:06 : Group: Sirfes-AR: 5mil
05:15:11 : Group: Jose Luis: buenaa cuanto dinero tienes para saber cuanto se reparte
05:15:12 : Group: Sirfes-AR: como hacemos con las cosas? como las repartimos?
05:15:24 : Group: Sirfes-AR: tengo 29340
05:15:25 : Group: Jose Luis: yo tengo 3.400
05:15:34 : Group: Jose Luis: guarda ese dinero tuyo en el coche
05:15:46 : Group: Jose Luis: y vende y asi repartimos
05:21:35 : Group: Jose Luis: hay 2 q no puedo vender
05:22:27 : Group: Sirfes-AR: yo tampoco puedo vender algunas
05:22:46 : Group: Jose Luis: y hay una que puedo vender pero me duele vender porque tiene lanzagranadas y silenciador
05:23:06 : Group: Sirfes-AR: dejatela
05:24:22 : Group: Jose Luis: hice 18.000 te doy 9000
05:26:14 : Group: Jose Luis: los cinder block no los vendi porque sirven para nuestra casa
05:26:32 : Group: Sirfes-AR: joya
05:27:01 : Group: Sirfes-AR: che, no me puedo poner ningun uniforme
05:27:13 : Group: Jose Luis: que te dice
05:27:23 : Group: Sirfes-AR: nada D:
05:27:32 : Group: Jose Luis: ey tenes mi pala afianzar ahi?
05:27:41 : Group: Jose Luis: que raro a mi ayer tampoco me dejo y mirame hoy
05:27:54 : Group: Sirfes-AR: ahi la deje en el auto
05:28:46 : Group: Jose Luis: no me deja si estas cerca
05:28:48 : Group: Sirfes-AR: cuanta plata hiciste?
05:29:13 : Group: Jose Luis: solo pude hacer 18.000 te di los 9 para partir
05:29:31 : Group: Sirfes-AR: me los diste?
05:29:41 : Group: Jose Luis: si lee el chat
05:30:11 : Group: Sirfes-AR: okis, restando lo que me diste, hice 76.700
05:30:12 : Group: Jose Luis: tenia 3.400 ahora tengo 12.400
05:30:26 : Group: Sirfes-AR: te tengo que dar 38350
05:30:39 : Group: Jose Luis: sale hasta bueno el negocio xD
05:31:18 : Group: Jose Luis: deberias comprar una motosierra y aceite para ponernos a talar mañana
05:31:28 : Group: Jose Luis: yo tengo una nomas
05:32:10 : Group: Sirfes-AR: hay dos M8 Holo SD, agarra una
05:32:34 : Group: Jose Luis: ahi te regale una llanta
05:33:07 : Group: Sirfes-AR: bien, vamos a base?
05:33:17 : Group: Jose Luis: dale solo espera compro balas del francow
05:37:10 : Group: Jose Luis: ya casi termino xD
05:38:04 : Group: Jose Luis: ey
05:38:09 : Group: Jose Luis: agarraste la maleta mas grande?
05:38:27 : Group: Sirfes-AR: no o.o
05:38:41 : Group: Jose Luis: jaajaj y te lo dije varias veces
05:38:51 : Group: Jose Luis: que lastima perdiste capacidad de 10 cosas mas
05:39:04 : Group: Sirfes-AR: despues la compro jaja
05:39:09 : Group: Jose Luis: esa no la venden
05:39:56 : Group: Jose Luis: me quieres matar o q
05:39:57 : Group: Sirfes-AR: maldito mouse D:
05:42:05 : Group: Sirfes-AR: lagggw
05:42:23 : Group: Jose Luis: tenemos pcs malos u-u
05:43:01 : Group: Jose Luis: esa posicion de franco que tuvimos en la mision fue perfecta los tenia a todos posando para la foto
05:43:16 : Group: Sirfes-AR: estuvo genial
05:45:52 : Group: Jose Luis: bueno men un gusto jugar con usted
05:46:01 : Group: Sirfes-AR: igualmente
05:46:08 : Group: Sirfes-AR: saca la palanca del auto
05:46:13 : Group: Jose Luis: bun compa sos
05:46:26 : Group: Sirfes-AR: tenemos que seguir jugando :D
05:46:27 : Group: Jose Luis: ya tengo una se la quite a un bandido
05:46:37 : Group: Jose Luis: todas las noches cuenta con eso
05:46:55 : Group: Jose Luis: pa la proxima si no tenemos cobertura llevas el plot que yo llevo sandbags
05:47:13 : Group: Sirfes-AR: genial, dale. nos armamos un fuerte
05:47:26 : Group: Jose Luis: jajaja si nos encerramos y de ahi les damos
05:47:48 : Group: Jose Luis: mañana tengo que pasasr mi caja fuerte
05:48:00 : Group: Sirfes-AR: tenemos que hacer buenos muros
05:48:16 : Group: Jose Luis: por eso de las misiones he ido agarrando ladrillo
05:48:23 : Group: Jose Luis: porque comprando vale 10.000 cada 1
05:49:56 : Group: Jose Luis: me salgo chau
05:50:06 : Group: Jose Luis: mañana talar bastante porque tengo que subir mas las pueras para que salga el ural
05:50:09 : Group: Sirfes-AR: nos vemos
05:50:24 : Group: Sirfes-AR: genial, mañana nos ponemos a mejorar todo
05:50:32 : Group: Sirfes-AR: nos vemos
15:54:42 : Side: Sirfes-AR: hola Santi
15:55:18 : Side: santiago: bien o que?
15:56:47 : Side: santiago: como vas?
15:57:03 : Side: Sirfes-AR: bien, looteando un poco
15:57:06 : Side: Sirfes-AR: vos?w
15:57:29 : Side: santiago: aca terminando el campamento
15:58:00 : Side: Sirfes-AR: bien ahi
15:58:12 : Side: Sirfes-AR: yo estoy juntando plata y humanidad
15:58:21 : Side: santiago: como?
15:58:42 : Side: Sirfes-AR: con Jose hacemos misiones todas las noches. estamos re locos jaja
15:59:14 : Side: santiago: eso me esta contando por el whats up
16:00:15 : Side: santiago: hablame de eso de lotear
16:00:20 : Side: santiago: ?
16:00:51 : Side: Sirfes-AR: voy a puestos de control, a matar ia. le saco las armas y las vendo. de paso matando ia ganas humanidad
16:01:04 : Side: santiago: mientras me enrolo uno que estoy q me fumo
16:01:26 : Side: santiago: oooooo
16:02:27 : Side: Sirfes-AR: jajaja
16:02:42 : Side: Sirfes-AR: si te conectas en la noche hagamos unas misiones con Jose
16:02:58 : Side: Sirfes-AR: nos falta uno para juntar todo el botin de las misiones
16:03:11 : Side: Sirfes-AR: dejan un monton de cosas interesantes las misiones
16:03:11 : Side: santiago: claro q si aunque no creo mañana expongo mi trabajo de grado
16:04:55 : Side: santiago: y es q son faciles de matar o q
16:05:33 : Side: santiago: fumo y como q se me olvida mirar el chat ajajaajaj
16:05:34 : Side: Sirfes-AR: si, pero son como 20 para matar
16:06:05 : Side: santiago: a listo me le mido para las que sea camarada
16:06:32 : Side: Sirfes-AR: joya, cuando estemos con jose vamos
16:06:53 : Side: santiago: en 2 horas se conecta
16:08:52 : Side: santiago: jose me cuenta q los mataron anoche que hacen ahi volver a la esena del criemen o q???? o dejaban eso asi y perdian las cosas?
16:09:08 : Side: Sirfes-AR: volvemos a nuestros cuerpos
16:09:30 : Side: Sirfes-AR: pero en sigilo, porque a veces los ia custodian donde nos mataron
16:10:00 : Side: santiago: pero tenems q hacer las misiones con buen tiempo q no nos valla pasar la de las ves pasada q se cerraba el server
16:10:22 : Side: Sirfes-AR: si, tratamos de hacerlas con una hora maso menosw
16:10:31 : Side: santiago: eso
16:11:44 : Side: Sirfes-AR: las hacemos de 30min a 1 hora, depende la mision que seaw
18:13:03 : Side: Azrael1x: hola holaa
18:31:48 : Side: Azrael1x: ehh mario
18:31:55 : Side: [DMN]-Mario: hola
18:32:25 : Side: Azrael1x: todo bien loco?
18:32:34 : Side: [DMN]-Mario: todo tranka
18:32:57 : Side: Azrael1x: joya,ahora en 5 si queres nos encontramos en central y te psao tu guita
18:33:10 : Side: [DMN]-Mario: dale estoy aca
18:33:42 : Side: Azrael1x: ok en 5 caigo 
18:33:48 : Side: [DMN]-Mario: ok
18:42:32 : Side: [DMN]-Mario: jaja sali de ahi
18:42:52 : Group: [DMN]-Mario: sali de ahi 
18:44:08 : Side: Azrael1x: lesto
18:44:21 : Side: Azrael1x: era un poco mas pero le di al otro pibe tambien}
18:44:29 : Side: [DMN]-Mario: bien buena plata
18:44:40 : Side: Azrael1x: sep
18:45:27 : Side: [DMN]-Mario: el otro aparecio de nuevo en krasno jaja
18:45:48 : Side: Azrael1x: jaja lo habran hecho colador
18:46:48 : Side: Azrael1x: pasa que esta fue dividida pero si vas con tu gente facil te haces 1 millon en comun,y podriamos haber cargado mas cosas pero no habia espacio
18:47:05 : Side: [DMN]-Mario: si seguro tranki
18:48:39 : Side: [DMN]-Mario: se pueden levantar vehiculos con helis
18:48:50 : Side: Azrael1x: depende cual pero si
18:49:02 : Side: [DMN]-Mario: camion
18:49:18 : Side: Azrael1x: si con algo mas grande que el litle si
18:49:29 : Side: [DMN]-Mario: ah
18:50:47 : Group: [DMN]-Mario: que vas hacer cuñado?
18:50:59 : Group: [DMN] Kostia: stoy atascado aca
18:51:32 : Group: [DMN]-Mario: sali para el lado del bosque
18:51:46 : Group: [DMN] Kostia: stoy rodiado
18:51:57 : Group: [DMN] Kostia: atrincherado en galpon con armas
18:53:17 : Group: [DMN]-Mario: para la ciudad no podes
18:53:22 : Group: [DMN] Kostia: no
19:20:58 : Group: [DMN]-Mario: seguis ahi
19:22:39 : Group: [DMN]-Mario: tengo heli te saco con el 
19:46:12 : Group: [DMN]-Mario: deci algo jaja
19:46:31 : Group: [DMN] Kostia: k
19:46:36 : Group: [DMN] Kostia: me escape
19:46:59 : Group: [DMN]-Mario: jaja
19:50:30 : Group: [DMN]-Mario: vamos
19:51:43 : Group: [DMN]-Mario: que te robaste
19:51:55 : Group: [DMN] Kostia: nada
19:52:02 : Group: [DMN]-Mario: jaja
19:52:04 : Group: [DMN] Kostia: sali con vida nomas
19:54:03 : Side: [DMN]-Mario: quien esta en mision ural atack?
19:54:17 : Side: Azrael1x: nop
19:54:42 : Group: [DMN]-Mario: vamos ay cuñado
20:36:39 : Side: Azrael1x: rabbittt
20:36:52 : Side: Azrael1x: vos mataste a unoi reciien_
20:36:55 : Side: [T1ER]rabbit: si te estaba llamando :(
20:37:02 : Side: [T1ER]rabbit: no
20:37:04 : Side: Azrael1x: es que estaba en miisiion diisculpa
20:37:28 : Side: [T1ER]rabbit: apenas tengo 1 escopeta
20:38:41 : Group: [T1ER]rabbit: etas en algun ts???
20:38:57 : Side: Azrael1x: si en el de aca
23:02:11 : Group: Jose Luis: que pasa crack
23:02:22 : Group: Sirfes-AR: todo bien y vos?
23:02:28 : Group: Jose Luis: todo bien
23:02:36 : Group: Jose Luis: voy a hacer la puerta para sacar el ural
23:02:39 : Group: Jose Luis: vienes?
23:02:48 : Group: Sirfes-AR: voy
23:06:12 : Group: Jose Luis: esta abierto
23:07:42 : Group: Sirfes-AR: soy un jodido  terrorista
23:07:49 : Group: Jose Luis: jajaja que paso
23:08:05 : Group: Sirfes-AR: por mi skin jajaja
23:08:33 : Group: Jose Luis: jajaja que jodido eres
23:09:11 : Group: Jose Luis: no me jodas mi novia dejo la tarjeta en el cajero
23:09:44 : Group: Sirfes-AR: D:
23:09:48 : Group: Jose Luis: te voy a pedir un favor
23:09:57 : Group: Jose Luis: sabes hacer la pueta grande?
23:10:06 : Group: Sirfes-AR: si, dimew
23:10:44 : Group: Jose Luis: naa ya la encontro
23:11:06 : Group: Jose Luis: mira en la cabaña hay un hacha
23:11:18 : Group: Sirfes-AR: tengo hacha
23:11:32 : Group: Sirfes-AR: quieres que tale los arboles que hay aca adentro?
23:11:55 : Group: Jose Luis: pues pongamonos a talar
23:14:05 : Group: Sirfes-AR: donde dejo la madera?
23:14:12 : Group: Jose Luis: en la cabaña tu tranqui
23:14:32 : Group: Jose Luis: si puedes mientras convierte en madera y luego en plywood
23:16:52 : Group: Jose Luis: necesitamos 11 de plywood y 11 maderas
23:17:03 : Group: Jose Luis: ya tengo 4 de plywood
23:17:56 : Group: Jose Luis: un poco lento con el hacha pero no tengo gasolina para la sierra
23:18:16 : Group: Sirfes-AR: y bueno, no queda otra jaja
23:18:41 : Group: Jose Luis: tu haz madera y yo el plywood
23:18:51 : Group: Jose Luis: ya tengo 6 de plywood
23:20:13 : Group: Sirfes-AR: cuantos Plywood tienes?
23:20:24 : Group: Jose Luis: 9 ya casi termino
23:20:30 : Group: Sirfes-AR: yo tengo 3
23:20:35 : Group: Jose Luis: dale pasalos
23:20:43 : Group: Jose Luis: ponlos en la cabaña
23:21:04 : Group: Jose Luis: solo necesitamos madera
23:21:23 : Group: Sirfes-AR: wood pile o lumber?
23:21:30 : Group: Jose Luis: lumber
23:21:53 : Group: Sirfes-AR: hay 4 en la cabaña
23:23:00 : Group: Sirfes-AR: sigo talando?w
23:23:09 : Group: Jose Luis: espera ya no mas creo
23:23:24 : Group: Jose Luis: convierte lo que queda ahi en madera
23:23:48 : Group: santiago: ok
23:24:02 : Group: Sirfes-AR: que hay Santi?
23:24:10 : Group: Jose Luis: necesito 2 de madera solo y listo
23:24:15 : Group: Jose Luis: todo bien santiago o q
23:24:28 : Group: Sirfes-AR: ahora te llevo la madera
23:24:28 : Group: santiago: bn bn
23:24:40 : Group: Jose Luis: santiago en 10 minutos salimos a mision
23:25:11 : Group: santiago: AFIMATIVO ENROLANDO
23:25:11 : Group: Jose Luis: usted quiere ser heroe o bandido santiago
23:25:30 : Group: Jose Luis: ajaja ya lo va a prender
23:25:58 : Group: santiago: yo el heroe q usted es una bandida
23:26:05 : Group: Jose Luis: sapo
23:26:12 : Group: santiago: 420 24/7
23:26:27 : Group: Jose Luis: 420 xD
23:26:36 : Group: santiago: ajaajaj
23:26:51 : Group: santiago: q viva la yerba del rey
23:26:59 : Group: Sirfes-AR: vamos en helicoptero a mision?
23:27:08 : Group: santiago: esa es la q me monta en la movie con este juego
23:27:09 : Group: Jose Luis: yo llevo el camion para cargar todas las armas sirfes
23:27:23 : Group: Sirfes-AR: ah, cierto jaja
23:27:37 : Group: santiago: yo no llevo nada
23:27:43 : Group: Jose Luis: santiago tengo un regalo para ti
23:27:48 : Group: Sirfes-AR: que es el circulo naranja?
23:27:54 : Group: santiago: siiiii????????
23:27:59 : Group: Jose Luis: creo que armas
23:28:17 : Group: santiago: donde 
23:28:46 : Group: Sirfes-AR: ahi
23:28:50 : Group: Jose Luis: ahi esta been?
23:28:52 : Group: Jose Luis: la subire entonces
23:29:04 : Group: Jose Luis: sera que pasa el ural?
23:29:10 : Group: Sirfes-AR: un poco mas atras
23:29:22 : Group: Jose Luis: ahi?
23:29:23 : Group: Sirfes-AR: justo ahi
23:29:32 : Group: Jose Luis: y de altura?
23:29:37 : Group: Jose Luis: mas alto o q
23:29:56 : Group: Sirfes-AR: yo creo que ahi esta bien
23:30:09 : Group: Jose Luis: vamos a probar
23:30:25 : Group: Jose Luis: abre que salgow
23:30:30 : Group: Sirfes-AR: listo
23:31:33 : Group: Jose Luis: era mas alta jajaja
23:31:38 : Group: Sirfes-AR: carajo jajajaja
23:31:39 : Group: Jose Luis: la re cagamos
23:31:43 : Group: Jose Luis: santiago danos madera
23:31:49 : Group: Jose Luis: yo te doy una m4 con silenciador
23:31:52 : Group: Sirfes-AR: pasa fuerte
23:32:12 : Group: Sirfes-AR: toma carrera
23:32:26 : Group: Sirfes-AR: casiiii jajaja
23:32:31 : Group: Jose Luis: definitivamente esta dura la puerta xD
23:33:16 : Group: Jose Luis: acompañame ire a donde santiago a hacer un trueque
23:33:52 : Group: Jose Luis: epa marihuano
23:34:17 : Group: Jose Luis: le hago un trueque pues yerbatero
23:35:21 : Group: santiago: estoy cuadrando las FPS
23:35:40 : Group: Jose Luis: recoje tu arma
23:35:57 : Group: santiago: ESPERE Q ESTA CARGANDO
23:36:21 : Group: Jose Luis: vamos sirfes
23:36:28 : Group: santiago: UY Q CAMBIOOO
23:37:17 : Group: Jose Luis: toca mas alto
23:38:23 : Group: Jose Luis: asi o que?
23:38:32 : Group: Sirfes-AR: si, pero ve un poco mas atas
23:38:45 : Group: santiago: ESTAMOS LISTOS???
23:38:47 : Group: Sirfes-AR: ahi esta bien
23:38:47 : Group: Jose Luis: dale y abajo le ponemos una pared para que nadie pase acostado
23:39:02 : Group: Jose Luis: espere santiago
23:39:12 : Group: Sirfes-AR: no se puede pasar acostado
23:39:27 : Group: Jose Luis: mierda
23:39:28 : Group: Sirfes-AR: joder
23:39:37 : Group: Jose Luis: por poco
23:39:38 : Group: Sirfes-AR: pasa rapido
23:39:39 : Group: Jose Luis: jajaajajajaja
23:40:00 : Group: Sirfes-AR: toma mas carrera xd
23:40:00 : Group: Jose Luis: santiago
23:40:08 : Group: Jose Luis: regalame una puerta loco 
23:40:40 : Group: Jose Luis: jajaja que carajo
23:40:49 : Group: Sirfes-AR: jeje
23:41:12 : Group: Jose Luis: sube al coche
23:41:17 : Group: Sirfes-AR: tenemos 20 minutos
23:41:31 : Group: Sirfes-AR: deberiamos esperar al reset
23:41:32 : Vehicle: Jose Luis: clave 844
23:41:39 : Vehicle: Jose Luis: entonces hagamos otra puerta
23:41:46 : Group: santiago: ESTOY DEACUERDO
23:41:59 : Group: Jose Luis: hagamos otra puerta entonces xD
23:42:08 : Group: Sirfes-AR: yo creo que asi esta bien xDw
23:42:21 : Group: Jose Luis: me da miedo que se buguee y me estalle el coche conmigo dentro
23:42:36 : Group: Sirfes-AR: jajajaja oka
23:43:05 : Group: Jose Luis: santiago regalame una puerta
23:43:31 : Group: santiago: NO TENGO
23:43:47 : Group: Jose Luis: tenes como hacerla loco
23:43:54 : Group: Jose Luis: el problema va a ser salir compa
23:45:08 : Group: Jose Luis: ey sirfes
23:45:13 : Group: Sirfes-AR: que
23:45:24 : Group: Jose Luis: me ayudas a pasar las cosas de mi safe?
23:45:49 : Group: Sirfes-AR: si, dame un segundo que hago espacio
23:46:03 : Group: Jose Luis: disparos
23:46:08 : Group: santiago: AJAJAJA
23:47:14 : Group: Jose Luis: vamos
23:48:16 : Group: Sirfes-AR: quien dispara? D:
23:48:25 : Group: santiago: PROPIEDAD PROVADA SALGAN DE AQUI O LOS PRENDO A BALA
23:48:31 : Group: Sirfes-AR: JAJA
23:48:50 : Group: Jose Luis: jajajaja
23:49:59 : Group: Jose Luis: como acepto amista
23:50:55 : Group: Sirfes-AR: ya esta vacia
23:51:36 : Group: Jose Luis: ya la vaciaste?
23:51:42 : Group: Sirfes-AR: si
23:51:49 : Group: Jose Luis: entonces voy a traerla
23:56:50 : Group: Sirfes-AR: tenes agua y comida?
23:56:57 : Group: Jose Luis: en la cabaña creo que tengo algo
23:57:07 : Side: Malmsteen: hola q tal chicos
23:57:13 : Side: Jose Luis: hola hola
23:57:53 : Group: Sirfes-AR: voy a mercado central, necesitas algo?w
23:57:58 : Side: Malmsteen: de donde es el server ?
23:58:04 : Side: Jose Luis: argentino
23:58:18 : Group: Jose Luis: pues no se que quieres traer?
23:58:27 : Side: Malmsteen: soy de vzla
23:58:28 : Group: Jose Luis: quedan 2 minutos espera reinicio
23:58:42 : Side: Jose Luis: yo colombia men
23:58:42 : Group: Sirfes-AR: comida, bendaje, balas. lo que te haga falta
23:59:13 : Group: Sirfes-AR: voy a salir, nos vemos en breve
