18:13:44 : Group: painful: hola ?
18:15:40 : Group: Bad Guy: toy en la mision del ural
18:39:58 : Group: hitziquer: ahi tamo
21:37:15 : Group: Leodagos: hablemos x aca
21:37:43 : Group: Leodagos: esta mision no tiene bots
21:37:44 : Group: Leodagos: pero
21:37:49 : Group: Leodagos: nose como se hace
21:38:20 : Group: Leodagos: jaja
21:38:25 : Group: Leodagos: con quien jugabas
21:38:50 : Group: Leodagos: segui cambiando de canal con el punto o la coma hasta el verde que es de grupo
21:39:02 : Group: Nikyta: ok ahi
21:39:11 : Group: Leodagos: pero aca como se llamaban ?
21:39:28 : Group: Nikyta: somos los L3M jajaja+
21:40:02 : Group: Leodagos: q otro juego jugas
21:40:50 : Group: Nikyta: muchos jaja wow space ingenery  etc jajaj
21:40:58 : Group: Nikyta: starcraft
21:41:02 : Group: Leodagos: wow el original?
21:41:03 : Group: Nikyta: diablo 3
21:41:06 : Group: Nikyta: si si
21:41:15 : Group: Leodagos: diablo 3 y starcraft 2 tengo
21:41:19 : Group: Nikyta: los tres tengo originales :)
21:41:19 : Group: Leodagos: x si queres jugar un dia
21:41:30 : Group: Nikyta: haa ok
21:42:13 : Group: Leodagos: estoy buscando un nuevo lugar para hacer una base
21:42:24 : Group: Leodagos: quiero chequear un punto en el mapa
21:42:48 : Group: Nikyta: jaja dale si queres me quedo en el coche xd tengo que darle de comer a mis hijas antes de que me quieran comer a mi jajajaj
21:43:02 : Group: Leodagos: dale no hay drama
21:43:06 : Group: Leodagos: avisame cuando estes
21:43:17 : Group: Nikyta: mañana hay cole y tienen que acostarce temprano xd
21:43:21 : Group: Nikyta: dale
21:50:54 : Group: Nikyta: vos te tenes que ir  ?? voy a tardar un ratito si queres me bajo por si te queres desconectar 
21:51:09 : Group: Leodagos: esperame q la lockie
21:51:31 : Group: Nikyta: no solo te preguntaba por si querias que me baje jaja
21:51:40 : Group: Leodagos: no hay problema
21:51:45 : Group: Leodagos: voy a estar jugando
21:51:48 : Group: Nikyta: ok segui no mas jajaj
21:51:51 : Group: Leodagos: jaja
21:51:59 : Group: Leodagos: voy a ir a buscar unas cosas a la base te llevo
21:52:00 : Group: Leodagos: xD
22:06:49 : Group: Nikyta: aca volvi jaja
22:06:55 : Group: Leodagos: hi
22:07:09 : Group: Nikyta: encostraste alguna casa
22:07:18 : Group: Leodagos: encontre un lugar q me gustoa
22:07:24 : Group: Leodagos: esta cerca del trade
22:07:33 : Group: Leodagos: ahora te muestro
22:07:53 : Group: Nikyta: no se si te combiene lugares muy concurridos xd
22:08:07 : Group: Leodagos: seria una segunda base
22:09:20 : Group: Nikyta: ese zombi estaba disparando o me parecio a mi jajaj
22:09:29 : Group: Leodagos: tenia un arma no ? jaja
22:09:42 : Group: Nikyta: si yo lo vi jaja
22:09:46 : Group: Leodagos: yo vi q iso el movimiento como de sacar un arma
22:10:26 : Group: Nikyta: si yo tambien pense que era un jugador jajjaaj
22:10:38 : Group: Leodagos: jf no es hostil igual
22:12:16 : Group: Leodagos: vamos a cambiar de vehiculo
22:12:50 : Group: Nikyta: jaajja ok
22:13:04 : Group: Leodagos: veni
22:14:52 : Group: Leodagos: go
22:15:42 : Group: Nikyta: ahi vengo xd
22:15:44 : Group: Leodagos: q bueno q confies en mis habilidades de vuelo xD
22:15:53 : Group: Nikyta: jajajaja
22:17:53 : Group: Nikyta: aca volvi jajajj se me habia quedado dormida a upa mio y la tenia que llevar a la cama jajajaja
22:18:01 : Group: Leodagos: jaja
22:18:20 : Group: Leodagos: mira aca es
22:18:25 : Group: Nikyta: dios no saques las manos del volante !!! no escribas !!!! jajajaja
22:18:35 : Group: Leodagos: -o-
22:19:07 : Group: Nikyta: esta bueno el lugar
22:19:15 : Group: Leodagos: es plano para construir
22:19:20 : Group: Leodagos: y esta a mano de todos lados
22:19:39 : Group: Nikyta: tengo lag :(
22:19:57 : Group: Leodagos: tenes el celu actualizando x ahi
22:20:12 : Group: Leodagos: y vengo
22:20:21 : Group: Nikyta: a no me fije eso jajaj
22:20:37 : Group: Nikyta: no no jaja
22:21:39 : Group: Nikyta: me suena el grupo "rebel" jajaj
22:21:50 : Group: Nikyta: siempre jugaste en los server de juan ?
22:21:52 : Group: Leodagos: perdon
22:21:58 : Group: Leodagos: me habian llamado
22:22:11 : Group: Leodagos: xq rebel ?
22:22:31 : Group: Nikyta: a no me parecio que asi era tu nombre jaja
22:22:40 : Group: Leodagos: nono es el nombre del traje
22:22:51 : Group: Leodagos: aca esta lindo para hcer algo
22:22:53 : Group: Leodagos: es plano
22:22:57 : Group: Leodagos: y alto
22:23:09 : Group: Nikyta: si pero tambien es muy campeable xd
22:23:21 : Group: Leodagos: pero quiero hacer una torre
22:23:48 : Group: Leodagos: esto funciona en las alturas solamente
22:23:54 : Group: Leodagos: es para helicopteros
22:24:02 : Group: Nikyta: bueno igual cualquier base te la pueden campear jajaj y estes donde estes siempre te van a encontrar jajaj
22:24:21 : Group: Leodagos: jajja sii hay gente q se dedica a eso nomas
22:24:52 : Group: Leodagos: depsues voy a traer el pole y lo voy a empezar
22:25:00 : Group: Leodagos: lo q pasa es q tendria q mover el camion
22:25:06 : Group: Nikyta: yo tenia mi base en khelm 
22:25:21 : Group: Nikyta: pero me fui de ahi por que era muy concurrida jajajaj
22:25:31 : Group: Leodagos: q hay por ahi ?
22:25:32 : Group: Nikyta: no sirbo para el pvp
22:25:44 : Group: Nikyta: y estas a un paso de berezino
22:25:45 : Group: Leodagos: los trabajos
22:26:07 : Group: Nikyta: si y una ciudad industrial grande xd
22:26:35 : Group: Leodagos: queres q hagamos unas cosas en tu base ?
22:26:57 : Group: Nikyta: dale xd
22:27:06 : Group: Leodagos: cuanto falta para el reiniio
22:27:13 : Group: Leodagos: 1 ora
22:27:14 : Group: Leodagos: 30
22:27:18 : Group: Nikyta: pero tengo problemas con el plot
22:27:18 : Group: Leodagos: vamos al heli
22:27:33 : Group: Leodagos: publicaste en el facebook ?
22:27:43 : Group: Nikyta: no todabia no 
22:28:01 : Group: Nikyta: le voi a mandar un ticket
22:28:21 : Group: Leodagos: el pole tampoco te lo deja sacar ?
22:28:34 : Group: Nikyta: no
22:28:53 : Group: Nikyta: por eso no pude seguir construyendo 
22:29:19 : Group: Leodagos: bueno entonces me ayudas ?
22:29:25 : Group: Leodagos: xq no vamos a poder construir ahi entonces
22:29:32 : Group: Nikyta: oki dale
22:29:55 : Group: Nikyta: ya le mande un ticket a ver si aparece xd
22:30:05 : Group: Leodagos: ves algo asi quiero hacer
22:30:46 : Group: Nikyta: una ves con mi grupo habiamos hecho una torre asi estaba buena
22:31:03 : Group: Nikyta: haciamos las misiones desde la torre jajaja
22:31:19 : Group: Leodagos: jaja debe haber sido cerca de gorka
22:32:05 : Group: Nikyta: que item presisas para pedir ayuda por la radio ?
22:32:14 : Group: Leodagos: me mataste
22:32:16 : Group: Leodagos: ni idea
22:32:19 : Group: Leodagos: :(
22:32:39 : Group: Nikyta: tenes ts ?
22:32:43 : Group: Leodagos: si 
22:32:47 : Group: Leodagos: qeres q vaya?
22:33:02 : Group: Nikyta: cuando bajes entramos xd asi es mas facil
22:33:47 : Group: Leodagos: voy al ts del server
