14:55:33 : Direct: Jose Luis: me lees
14:57:21 : Direct: Jose Luis: -estan aca
15:58:50 : Direct: juandayz: hi
15:58:55 : Direct: Jose Luis: HOLA
15:59:05 : Direct: Jose Luis: OJO QUE HAY SOLDADOS JUAN
15:59:06 : Direct: juandayz: a ver, devuelvo plot, heli y arma
15:59:43 : Direct: Jose Luis: OK
16:00:15 : Direct: Jose Luis: VOY A TENER QUE VOLVER A RECUPERAR LA HUMANIDAD QUE CUAND ESTALLO EL HELI ME BAJO
16:00:30 : Direct: Jose Luis: PERO ESO DE ROBOS NO ES CULPA
16:00:40 : Direct: juandayz: te cambio la m240 por otra mas piola
16:00:56 : Direct: Jose Luis: MIRA LO QUE ME PASO AYER QUE ME MATO UN JUGADOR
16:01:03 : Direct: Jose Luis: PERDI PORQUE NO ALCANCE A LLEGAR
16:01:39 : Direct: juandayz: q heli era?
16:01:52 : Direct: Jose Luis: NOS DISPARAN ESPERA
16:01:54 : Direct: Jose Luis: AJJAJAJAAJ
16:02:10 : Direct: juandayz: bue te dejo uno piola con a llave adentro
16:02:12 : Direct: Jose Luis: EL MH DE 100.000
16:02:32 : Direct: Jose Luis: DONDE ESTA EL SOLDIER MEN
16:02:48 : Direct: Jose Luis: JAJAJAJAJAJA HOMBRE QUE SUERTE LA NUESTRA
16:03:05 : Direct: Jose Luis: JUAN A VOS NO TE DISPARAN O Q
16:03:45 : Direct: juandayz: en el equipo del heli les deje las llaves
16:03:52 : Direct: Jose Luis: Y LAS M2?
16:04:35 : Direct: juandayz: les deje tirada un arma mejor ahi
16:04:45 : Direct: Jose Luis: ES QUE LAS M2 ERA PA VENTA
16:06:38 : Direct: juandayz: ahi esta la m240
