13:05:00 : Side: Jej0x |Aspirante|: hola
16:53:46 : Side: Bad Guy: aca looteando un toquea
16:56:40 : Side: Bad Guy: una masa
16:56:50 : Side: Bad Guy: xq es mas dificil subir q bajar humanidad
16:58:55 : Side: Bad Guy: jajajaja
16:59:03 : Side: FlingeR: gente, donde hay que ir para comprar y vender vehiculos ?
16:59:07 : Side: Bad Guy: che podran aumentar el limite de construccion?
16:59:40 : Side: FlingeR: hello, gracias por el server
16:59:57 : Side: Bad Guy: joyaa
16:59:58 : Side: FlingeR: seguramente aparezcan unos cuantos vagos mas amigos mios en la semana
17:00:20 : Side: [Amish]Churro: lo mismo x aca.. seguro aparezcan unos amigos
17:00:25 : Side: [Amish]Churro: saludos a todos
17:00:44 : Side: Bad Guy: piola piola, mientras mas gente mejor
17:02:32 : Side: Bad Guy: me quedo un chavonsito escondido en la mision lpm
17:03:28 : Side: [Amish]Churro: ty
17:07:26 : Side: Bad Guy: donde concha esta el q falta...
17:09:18 : Side: Bad Guy: si hay alguno cerca de gvozdno queda 1 solo bot q no lo encuentro
17:10:19 : Side: [DMN]SERGIO: en dnd
17:10:46 : Side: Bad Guy: el ural atack cerca de gvozdno
17:11:15 : Side: Bad Guy: debe quedar uno solo pero no lo encuentro asi q no se puede lootear la caja
17:11:45 : Side: [DMN]SERGIO: se saben desbloquear con una llave 
17:11:52 : Side: [DMN]SERGIO: capas algun bot la tiene
17:12:00 : Side: Bad Guy: nono la caja del loot
17:12:15 : Side: Bad Guy: q hasta q no matas los bots y despejas la mision no se habilita
17:12:24 : Side: [DMN]SERGIO: si ya se 
17:14:48 : Side: [DMN]SERGIO: ahi caigo cerca
17:14:55 : Side: Bad Guy: che juan despues cuando tengas un segundito venite para mi base
17:15:15 : Side: juandayz: estoy
17:16:04 : Side: Bad Guy: donde q no te veo??
17:16:16 : Side: juandayz: en la puerta de la escalera
17:16:19 : Side: [DMN]SERGIO: a 430 mts
17:16:27 : Side: Bad Guy: subi
17:17:15 : Direct: juandayz: perate
17:17:23 : Direct: juandayz: escribime por q no oig nada
17:17:39 : Direct: Bad Guy: si habra forma de borrar esa caja fuerte xq aparentemente esta abandonada
17:18:05 : Direct: juandayz: tiene cosas adentro
17:18:12 : Direct: juandayz: agarralas y la borro
17:18:41 : Direct: Bad Guy: ta
17:18:44 : Direct: Bad Guy: un dmr
17:18:51 : Direct: Bad Guy: hace una bocha q no veo ninguno
17:19:34 : Direct: juandayz: en los suministros por radio aparecen, en las misiones q te da el trade de mercado central y en krasnostav creo q tambien
17:19:55 : Direct: Bad Guy: q misiones del mercado??
17:20:11 : Direct: Bad Guy: no vi ninguna todavia
17:20:25 : Direct: juandayz: no viste la mina esa q te pide un pollo a cambio de unas coordenadas de cajas de loot
17:20:32 : Direct: Bad Guy: haaaaaaaa
17:20:41 : Direct: Bad Guy: mira vos
17:20:47 : Direct: Bad Guy: despues voy a ver q onda
17:20:59 : Direct: juandayz: le das el pollo y te da unas coordenadas donde spawnea una caja con cosas
17:21:11 : Direct: juandayz: y tenes 15 min para encontrarla si no se borra
17:21:11 : Direct: Bad Guy: huu q piola, no tenia ni idea
17:21:38 : Direct: juandayz: jaja si hay banda de cosas q no saben muchos del server :D
17:21:51 : Direct: Bad Guy: jajajaja yo descubro cosas nuevas todos los dias jAJAJAJ
17:21:52 : Direct: juandayz: lleva tiempo adaptarse con todas las boludses q tiene
17:22:08 : Direct: juandayz: bueno te dejo ;)
17:22:12 : Direct: Bad Guy: dale dale gracias
17:22:16 : Direct: Bad Guy: despues del restart
17:22:35 : Side: Bad Guy: despues del restart voy a ver si me mando al aeropuerto
17:22:56 : Side: Bad Guy: aver q sale jajajaja
17:23:38 : Side: Bad Guy: el otro dia me mande a lo rambo con el winchester
17:23:43 : Side: Bad Guy: cayeron unos cuantos
17:32:57 : Side: Bad Guy: che juan q carajo es la zona de cuarentena??
17:36:08 : Side: Bad Guy: a pense q era una zona para arrimar plomo jajajaja
17:40:34 : Side: Bad Guy: q carajo hacia una patrulla de heroes 
17:58:37 : Direct: juandayz: hola sergio
17:58:48 : Side: [DMN]SERGIO: .
17:58:52 : Direct: [DMN]SERGIO: HOLA JUAN
17:59:19 : Direct: juandayz: logg outtttttttttttttttttttttttttttt!!!  ah re histerico
17:59:32 : Direct: [DMN]SERGIO: JAJJA
19:06:44 : Side: Azrael1x: holas
19:06:57 : Side: [Amish]Churro: alo
19:12:43 : Side: Bad Guy: buenas buenas
19:12:50 : Side: Azrael1x: holo
19:16:11 : Side: Bad Guy: q lindo donde cae la mision... 
19:26:18 : Side: Bad Guy: comportate wacho
19:27:39 : Side: Bad Guy: quien fue el atrevido???
20:19:07 : Side: Bad Guy: me quede sin balas
22:51:22 : Side: Jej0x |Aspirante|: hola a todos
23:04:28 : Direct: Jej0x |Aspirante|: hola
23:04:30 : Side: [Amish]Churro: q bilndado papa!
23:04:45 : Direct: Jej0x |Aspirante|: se lo robe a un bandido
23:04:52 : Direct: Jej0x |Aspirante|: lo mate y se lo re hice jajaja
23:05:05 : Direct: Jej0x |Aspirante|: alto manco era ese bandido petero algo de snake se llamaba
