02:04:24 : Group: nico: no puedo hablar, mi vieja me rompe las bolas 
12:57:36 : Group: Ocampo: me anda como el culo internet
12:57:44 : Group: Ocampo: manga de garcas estos de arnet
12:57:47 : Group: Dexter: jajaj a mi ahora recien me anda bien
12:58:08 : Group: Ocampo: tenes usuario de steam vos?
12:58:12 : Group: Dexter: si
12:58:13 : Group: Dexter: bola
12:58:20 : Group: Ocampo: pasamelo
12:58:25 : Group: Dexter: sniperproo1
12:58:35 : Group: Dexter: name el ingle
12:59:39 : Group: Ocampo: pasamelo devuelta q no lo alcanze a ver
12:59:55 : Group: Dexter: sniperproo1
13:00:20 : Group: Dexter: el ingle
13:01:55 : Group: Ocampo: ni ahi lo encuentra jaja
13:02:01 : Group: Dexter: el ingle?
13:02:06 : Group: Ocampo: a ver
13:02:17 : Group: Dexter: tengo un personaje que muestra los dientes
13:02:22 : Group: Dexter: perdon
13:02:24 : Group: Dexter: ese
13:02:27 : Group: Ocampo: ahi ta
13:02:28 : Group: Dexter: ahi me salto
13:02:35 : Group: Ocampo: apa 
13:02:36 : Group: Ocampo: jajajajaj
13:02:44 : Group: Dexter: jajaa
13:02:46 : Group: Dexter: :$
13:03:47 : Group: Ocampo: che aca hay un lugarsito copado
13:03:58 : Group: Dexter: ahora paso a verlo
13:04:20 : Group: Ocampo: pq en altar esta bueno pero ya hay gente
13:04:37 : Group: Dexter: esta poronga de heli
13:04:39 : Group: Ocampo: y en pulkovo tambien pero como esta la radio esa pasa gente siempre por ahi
13:05:09 : Group: Dexter: encontre la carcel
13:05:20 : Group: Dexter: a nono era
13:05:25 : Group: Ocampo: jajaaj
13:05:32 : Group: Dexter: un hospital esta bueno?
13:05:43 : Group: Ocampo: para base?
13:05:46 : Group: Dexter: si
13:05:49 : Group: Dexter: al final de kamaneka
13:05:55 : Group: Ocampo: creo q no se puede hacer en zonas de loot
13:06:10 : Group: Dexter: ahora leo las reglas
13:07:01 : Group: Ocampo: a vos te echaba ayer por pin alto?
13:07:11 : Group: Dexter: no dice nada
13:07:13 : Group: Dexter: siii
13:07:23 : Group: Ocampo: jajaj re pinoso estabas
13:07:28 : Group: Dexter: normal jajaa
13:07:31 : Group: Dexter: internet poronga
13:07:44 : Group: Ocampo: si pero igual en unhospital no te conviene
13:07:54 : Group: Ocampo: como todos los internet del pais
13:08:04 : Group: Dexter: es el unico que no tiene linea de telefono
19:44:58 : Group: kecho: Si apareces en beresino te llevo
19:46:30 : Group: Hawk: bien ahi
19:46:34 : Group: Hawk: asi nos ves en el mapa
19:46:35 : Group: Black96_ARG: quien anda en un hmmvv
19:46:41 : Group: kecho: Yo
19:46:46 : Group: kecho: En una SUV
19:46:52 : Group: kecho: Rosa
19:46:55 : Group: Hawk: el humvee era AI
19:46:59 : Group: Black96_ARG: ah ok
19:46:59 : Group: Hawk: ya lo baje
19:47:01 : Group: kecho: Estoy en vberesino
19:48:39 : Group: Black96_ARG: ah esta zarpado en minas
19:49:14 : Group: Hawk: ahi esta
19:51:26 : Group: Hawk: black veni a la caja te dejo oro
19:51:32 : Group: Black96_ARG: naa quedenselo
19:51:34 : Group: Black96_ARG: yo no hcie nada
19:51:35 : Group: Black96_ARG: ajajaj
19:51:38 : Group: Azrael1x: acercate
19:51:38 : Group: Hawk: naa bola enserio
19:51:40 : Group: Hawk: agarra
19:51:48 : Group: Black96_ARG: no posta
19:51:51 : Group: Azrael1x: hay banda de arma
19:51:51 : Group: Black96_ARG: toy looteando los muertos
19:52:02 : Group: Hawk: hay 50 oz de oro aca llevatelas
19:52:05 : Group: Azrael1x: ya sabemos donde estas por la radio no te queremos matar bola
19:52:24 : Group: Black96_ARG: no es por eso papa, uds hciieron la mision
19:52:36 : Group: Azrael1x: pero vos nos ayudaste man
19:53:02 : Group: Black96_ARG: no mate a 1
19:53:05 : Group: Black96_ARG: xd
19:53:13 : Group: Hawk: gil agarra el oro y devolve el mk jaja
19:53:16 : Group: kecho: si
19:54:04 : Group: Hawk: veni black seguime
19:54:28 : Group: Hawk: agarra eso
19:54:31 : Group: Black96_ARG: ¬¬
19:54:44 : Group: Black96_ARG: listo gracias
19:55:05 : Group: kecho: Hay cuerpos con Cinder
19:55:14 : Group: Hawk: se ahora largan cinder y gold
19:55:58 : Group: Black96_ARG: este tiene
19:56:00 : Group: Black96_ARG: si les interesa
19:56:13 : Group: Hawk: aca hay una mk 48 si queres black
19:56:18 : Group: Black96_ARG: encontre un vintorez
20:00:03 : Group: Azrael1x: parece que hay alguien por aca che
20:00:10 : Group: Hawk: solo yo esuchco un humvee detenerse?
20:00:20 : Group: Hawk: tipo oeste?
20:00:41 : Group: Black96_ARG: tendria q ponerme los auriculares
20:01:36 : Group: Azrael1x: vamos para el trade kecho
20:01:37 : Group: Hawk: ta fue esta el trader para aquel lado, capaz esta ahi
20:03:04 : Group: kecho: Vamos para el trader de Stary
20:03:35 : Group: kecho: Tenes 1 oro para prestarme Asra??
20:03:48 : Group: Azrael1x: pfff cagado en guita estoy
20:03:58 : Group: Black96_ARG: te llevo hawk?
20:04:06 : Group: Hawk: naa ni idea donde deje la suv
20:09:53 : Group: Black96_ARG: quieren cinder?
20:10:00 : Group: kecho: Si
20:10:32 : Group: Black96_ARG: toma
20:11:22 : Group: kecho: Gracias
20:13:54 : Group: kecho: Asra, hoy te compre los cinders y los mortal
20:14:24 : Group: kecho: vamos
20:15:01 : Group: kecho: ok
20:15:35 : Group: kecho: Como quieras
20:15:45 : Group: kecho: ok
20:16:29 : Group: kecho: jajaj
20:57:16 : Group: Hawk: entra al ts gil
20:57:31 : Group: jMM: enseguida entro
20:57:48 : Group: jMM: we construiste
20:57:50 : Group: jMM: no te puedo creerw
20:58:05 : Group: Hawk: callate forro
20:58:07 : Group: Hawk: hice todo yo
20:59:00 : Group: jMM: alto techo jajaja
21:31:01 : Group: Hawk: lalooo
21:31:16 : Group: vodka: chucky
21:31:24 : Group: Hawk: te deje re encerrado por gil
21:32:33 : Group: vodka: ok la staba buscando jajaja
21:37:05 : Group: Hawk: te gusto como deje la base gil
21:37:08 : Group: Hawk: toda la mañana crafteando
21:37:10 : Group: Hawk: pase
21:37:48 : Group: vodka: yo entre hoy al mediodia a hacer elpiso de metal 
21:38:11 : Group: Hawk: tenes alguno? me falta uno para hacer otra fila
21:38:14 : Group: Hawk: creo que me quedaron 2
21:38:38 : Group: vodka: se callo el server justo cuando estaba en la caja y perdi la llave de la chata 
21:38:47 : Group: vodka: me faltaba 1 para el piso 
21:38:49 : Group: Hawk: nuuu
21:48:35 : Group: Black96_ARG: ya mataron a todos?
21:48:42 : Group: Hawk: creo que queda uno
21:49:11 : Group: Hawk: tenes epineferina?
21:49:28 : Group: Black96_ARG: wat
21:52:35 : Group: Hawk: black agarra la ammo que quedo en la caja que en el heroe trader o el bandit la vender a 50k
21:53:59 : Group: [EPP] RaferZero: guardenme algo para mi
21:54:05 : Group: Hawk: black vos tenias una llave amarilla?
21:54:11 : Group: Black96_ARG: se
21:54:15 : Group: Hawk: fijate si la tenes
21:54:24 : Group: Black96_ARG: no
21:54:25 : Group: Black96_ARG: jaja
21:54:30 : Group: Hawk: la dejate en un cuerpo gil
21:54:32 : Group: Hawk: veni que la tengo yo
21:54:40 : Group: Black96_ARG: igual tengo copias en una safe
21:54:59 : Group: Hawk: tenes una copia en tu mochila
21:55:00 : Group: Black96_ARG: graciela
21:55:09 : Group: Black96_ARG: llevate la municion
21:55:23 : Group: Hawk: naa levala y vendela no tengo ningun vic q la use
21:55:55 : Group: Black96_ARG: vendela vos
