05:35:59 : Side: Viciuz: Hey
05:36:10 : Side: vodka: hola
05:36:36 : Side: Viciuz: Es mi primera vez en este juego D':
05:37:20 : Side: vodka: ok si tenes alguna duda pregunta nomas 
05:37:32 : Side: Viciuz: Tengo demasiadas xDDDD
05:37:41 : Side: Viciuz: Que tal van los jugadores, son muy hostiles?
05:38:21 : Side: vodka: por ahora no , el server es casi nuevo 
05:38:44 : Side: vodka: ni bases todabia hay 
05:38:57 : Side: Viciuz: De dónde eres? xD
05:39:06 : Side: vodka: argentina
05:39:49 : Side: Viciuz: Oh xD
05:39:55 : Side: vodka: vos?
05:39:58 : Side: Viciuz: Ahm, tengo unas dudas sobre el inventario
05:40:05 : Side: Viciuz: México :V
05:40:27 : Side: vodka: ok decime tu duda
05:40:37 : Side: Viciuz: principalmente..
05:40:47 : Side: Viciuz: como cojo las cosas?, también como se cuando las he cogido? D:
05:41:47 : Side: vodka: apuntas y te sale un icono de un arma ,con la rueda del raton te da para agarrar el objeto sino dice equipo
05:41:56 : Side: vodka: y le das doble clic 
05:42:34 : Side: Viciuz: Ohhh, vale vale
05:42:34 : Side: vodka: con la g abris tu inventario
05:42:46 : Side: Viciuz: he mirado una bici.. ¿me puedo montar en ella?
05:43:32 : Side: vodka: rueda del raton action menu y tenes para armar una bici 
05:44:24 : Side: Viciuz: vaya, este juego se ve super xD
05:44:37 : Side: vodka: si es un vicio jaja
05:45:10 : Side: Viciuz: cada cuanto hay reinicios?
05:45:20 : Side: vodka: creo cada 3 hora
05:45:30 : Side: Viciuz: Algo tedioso..
05:45:50 : Side: Viciuz: ¿crees que nos podamos reunir? xD
05:45:59 : Side: vodka: y si pero es para q se limpie el server y no laguee 
05:46:17 : Side: vodka: estoy en vibor 
05:47:07 : Side: Viciuz: -creo que yo estoy en Cherno
05:47:07 : Side: vodka: con la m abris el mapa y fijate donde estas
05:47:14 : Side: vodka: ha ok 
05:47:47 : Side: vodka: hay veo si llego para alla
05:48:00 : Side: Viciuz: igual
05:48:04 : Side: Viciuz: intentare llegar
05:48:09 : Side: Viciuz: quisa nos miremos xD
05:48:32 : Side: vodka: ok mientras hago una mision pra guntar cosas
05:48:57 : Side: Viciuz: Llegare en bici :v xD
05:49:32 : Side: vodka: si se te rompe la bici empaquetala y volve a armarla
05:49:45 : Side: Viciuz: lol tiene "vida"?
05:50:27 : Side: vodka: cuidado q se rompe de nada
05:50:50 : Side: Viciuz: De la nada se rompe?
05:51:36 : Side: vodka: si chocas algo aunque sea una rama ,arriba a la izq te avisa con color 
05:52:01 : Side: Viciuz: Ok es bueno saberlo
05:52:26 : Side: Viciuz: hay todo tipo de vehiculos?
05:53:07 : Side: vodka: si , hay armados tambien pero hay q comprarlos en la trade 
05:53:57 : Side: Viciuz: vale
05:53:59 : Side: Viciuz: y por ejemplo
05:54:02 : Side: Viciuz: si me desconectó
05:54:06 : Side: Viciuz: mis cosas se perderan?
05:54:28 : Side: vodka: no, se guarda todo 
05:55:07 : Side: Viciuz: en cuanto se reinicie..
05:55:10 : Side: Viciuz: vuelve a estar listo?
05:55:21 : Side: Viciuz: cuanto tiempo dura el reinicio? 
05:55:37 : Side: vodka: calcula unos 5 min como mucho
05:56:03 : Side: Viciuz: vaale
05:56:09 : Side: Viciuz: Tenes fb?
05:56:19 : Side: vodka: si 
05:56:25 : Side: Viciuz: Te puedo agregar?
05:56:51 : Side: vodka: ok fijate q no siempre estoy conectado a fb 
05:57:04 : Side: vodka: lalo sosa es el mio 
05:57:12 : Side: Viciuz: Dek Viciuz es el mio
05:57:36 : Side: vodka: agrega el del server tambien 
05:57:43 : Side: vodka: ahi lo anote 
05:57:48 : Side: Viciuz: Vale xd
05:57:54 : Side: Viciuz: No sé donde estoy
05:57:58 : Side: Viciuz: pero llegaré :v
05:58:02 : Side: Viciuz: donde te encontrabas?
05:58:40 : Side: vodka: estoy serca de la mision verde me estan tiroteando , voy para vybor
05:59:02 : Side: Viciuz: a ver, reviso
05:59:07 : Side: Viciuz: mmm, se reiniciara
05:59:12 : Side: Viciuz: te agrego al fb, vale?
05:59:15 : Side: vodka: ok
05:59:17 : Side: Viciuz: que foto tenes?
05:59:41 : Side: vodka: con una remera roja y pelo largo 
19:51:56 : Side: Winters: hola
19:52:08 : Side: vodka: hola
19:52:34 : Side: Winters: estoy buscando server para jugar, me imagino que jugas aca vos? o estas de casualidad?
19:52:47 : Side: vodka: juego aca
19:53:17 : Side: Winters: ahi va demas, esta siempre abierto este? porque me parecio que a veces se cierra puede ser?
19:54:06 : Side: vodka: ahora siempre esta abierto, es q hubo cambios e incombenientes son algunos mod 
19:54:32 : Side: vodka: ahora esta como de cero el server con mod mas estables 
19:54:38 : Side: Winters: ah ta de mas
19:55:44 : Side: Winters: y gente como esta? tengo ganas de decirle a unos amigos
19:57:01 : Side: vodka: y de apoco va entrando gente 
19:57:41 : Side: vodka: con los cambios es casi nuevo por decirlo de alguna manera , es mas todabia no hay bases echas por players
19:57:48 : Side: Winters: copado, voy a ver si convenzco a 2 o 3 que conozco
19:57:59 : Side: Winters: aunque ahora me tengo que ir jaja
19:58:21 : Side: Winters: gracias por la info, nos vemos
19:58:24 : Side: vodka: si yo tambien en un ratito por lo general ando de madrugada 
19:58:33 : Side: Winters: claro
19:58:37 : Side: vodka: ok no hay drama 
19:58:43 : Side: Winters: se mueve mas de noche siempre jaja
19:58:54 : Side: Winters: bueno suerte, que andes bien!
21:27:12 : Side: Daryl: juan
