00:37:47 : Group: [Sucios]Juandayz: con lq motosierra la haces de toque
00:38:03 : Group: Hawk: naaa no pienso ponerme a pasar 2 dias con la madera como la otra vez
00:38:22 : Group: [Sucios]Juandayz: la motosierra te saca los lumbers ya
00:38:40 : Group: [Sucios]Juandayz: de ultima crafteate un sheed
00:38:45 : Group: [Sucios]Juandayz: y lo usas de inventario
00:38:54 : Group: [Sucios]Juandayz: o con la safe
00:38:54 : Group: Hawk: naa fue, hacela vos entonces jajaja
00:39:49 : Group: [Sucios]Juandayz: y si no vamso a pablovo
00:40:10 : Group: Hawk: no no yo quiero hacerla aca, pero no quiero andar jodiendo con la madera, ademas la madera te la rompen al toque con motosierras
00:44:07 : Group: Hawk: te paso a buscar
15:49:00 : Group: Leodagos: asi mejor
15:49:16 : Group: Leodagos: a ver si me anda el mic
15:49:59 : Group: Leodagos: guarda
15:50:02 : Group: Leodagos: tenes gente
15:50:03 : Group: Leodagos: cerca
15:50:11 : Group: Leodagos: no entres al trader
15:50:14 : Group: Leodagos: NO entres
15:50:17 : Group: Leodagos: te cancela 
15:50:22 : Group: Leodagos: el fugitive
15:50:22 : Group: MummRa: tarde
15:50:49 : Group: Leodagos: sali
15:50:58 : Group: Leodagos: creo q te siguye tomando todavia
15:50:58 : Group: MummRa: me sigue apareciendo
15:51:03 : Group: Leodagos: sali x las dudas
15:51:11 : Group: Leodagos: son 4 maletines
15:51:15 : Group: MummRa: pa donde rajo? 
15:51:22 : Group: Leodagos: hacete un random
15:51:31 : Group: Leodagos: corre para el norte
15:51:32 : Group: Leodagos: de 
15:51:34 : Group: Leodagos: stary
15:51:42 : Group: Leodagos: yo ya casi llego
15:51:48 : Group: Leodagos: al heli
15:52:19 : Group: Leodagos: como ?
15:55:01 : Group: Leodagos: pequeño detalle
15:55:13 : Group: Leodagos: como mierda cambio el oro x monedas ? :O
15:55:26 : Group: MummRa: TRADE
15:56:05 : Group: Leodagos: bueeena
16:00:15 : Group: MummRa: te compro una safe? 
16:00:23 : Group: Leodagos: DALE
16:00:30 : Group: Leodagos: yo toy llendo a cambiar el oro
16:00:42 : Group: Leodagos: compro un heli
16:00:44 : Group: MummRa: en cualquier trade lo haces
16:01:05 : Group: Leodagos: si pero en el vendor de helis
16:01:07 : Group: Leodagos: no me aparecia
16:03:39 : Group: Leodagos: cual es la opcion para cambiar los maletines ?
16:04:01 : Group: MummRa: vas a vender y ahi lo tenes, yo  lo cambie en el tipo q vende las safe, pero creo q todos te dejan
16:06:45 : Group: MummRa: bueno ya tengo los safes, pa donde vamos? 
16:06:45 : Group: Leodagos: q compraste
16:06:53 : Group: Leodagos: hay q comprar 2 locks
16:06:56 : Group: Leodagos: digo
16:06:57 : Group: Leodagos: 1
16:07:05 : Group: Leodagos: contraseña
16:07:08 : Group: MummRa: para poner puerta? 
16:07:12 : Group: Leodagos: si
16:07:16 : Group: Leodagos: un plot
16:07:18 : Group: Leodagos: pole
16:10:06 : Group: MummRa: pudiste? 
16:10:17 : Group: Leodagos: si 
16:10:22 : Group: Leodagos: toy llendoa  comprar el heli ahora si
16:10:47 : Group: Leodagos: el de las safe te compran el oro
16:10:48 : Group: Leodagos: solamente
16:11:11 : Group: Leodagos: jaja
16:14:00 : Group: MummRa: tengo 2 fuel pumps 
16:14:07 : Group: Leodagos: uuuuuu re masa
16:14:13 : Group: Leodagos: en los hangares ?
16:14:16 : Group: Leodagos: salieron
16:14:17 : Group: Leodagos: ?
16:14:19 : Group: MummRa: se
16:14:30 : Group: Leodagos: no me deja comprar vehiculo la ocncha de su madre
16:14:40 : Group: MummRa: con el normal trade tenes q hacerlo
16:14:54 : Group: MummRa: voy a comprar un vodnik
16:17:26 : Group: Leodagos: ahi esta
16:17:27 : Group: Leodagos: uff 
16:17:29 : Group: Leodagos: como tarda
16:17:29 : Group: MummRa: ahi vengo
16:21:18 : Group: MummRa: vendi mi mk48 y nos q comprar jaja
16:21:31 : Group: Leodagos: ahi toy llegandoe
16:23:27 : Group: Leodagos: jaja
16:23:30 : Group: Leodagos: q compraste
16:24:25 : Group: Leodagos: compraste los lock ?
16:24:33 : Group: MummRa: uno compre no me daba la tarasca
16:24:46 : Group: Leodagos: ok
16:24:51 : Group: Leodagos: hay algun lugar q 
16:24:55 : Group: Leodagos: siempre qisiste
16:24:58 : Group: Leodagos: hacer base ?
16:25:04 : Group: MummRa: un lago jaja
16:25:27 : Group: Leodagos: a ver te muestro 2
16:26:12 : Group: MummRa: guarda q hay gente a ver si nos bajan jaja
16:26:57 : Group: Leodagos: ok
16:27:30 : Group: MummRa: muty cerca del trader este me pa
16:27:57 : Group: Leodagos: donde esta la mision
16:28:00 : Group: Leodagos: verde al norte esta bueno
16:28:07 : Group: MummRa: lejos
16:28:12 : Group: MummRa: puede ser
16:28:18 : Group: MummRa: q onda el trader ese q esta en klen? 
16:28:24 : Group: Leodagos: -qiero cheqiear un lugar
16:28:29 : Group: MummRa: dale
16:28:59 : Group: MummRa: no quede mucho tiempo estatico q nos la van a dar
16:29:13 : Group: Leodagos: si x una de esas casualidades
16:29:20 : Group: Leodagos: se me descoencta
16:29:24 : Group: Leodagos: pasate al asiento del
16:29:26 : Group: Leodagos: conductor
16:29:30 : Group: MummRa: queres q pilotee yo? 
16:29:40 : Group: Leodagos: no es q esta medio inestable el server
16:29:41 : Group: Leodagos: x eso
16:29:49 : Group: MummRa: a mi tb me aparece el coso rojo
16:30:20 : Group: Leodagos: qiero ver si es una base
16:30:24 : Group: Leodagos: o q
16:30:25 : Group: Leodagos: lo q vi
16:30:40 : Group: Leodagos: si no es base
16:30:41 : Group: Leodagos: esta bueno
16:31:59 : Group: Leodagos: q buenoq  esta
16:32:01 : Group: Leodagos: es alto
16:32:05 : Group: Leodagos: tiene rampa
16:32:10 : Group: Leodagos: y hay espacio
16:36:29 : Group: Leodagos: bueno no puedo
16:36:46 : Group: Leodagos: no te gusto entonces?
16:37:06 : Group: Leodagos: ok
16:37:20 : Group: Leodagos: vamos a un lago entonces?
16:37:29 : Group: Leodagos: si
16:37:39 : Group: Leodagos: voy al baño
16:46:27 : Group: Leodagos: estoy haciendo espacio en el cel
16:46:33 : Group: Leodagos: asi pongo la app del microfono
16:46:37 : Group: Leodagos: estoy podrido de escribir
16:48:19 : Group: MummRa: agregame a steam hablamos por ahi, o no tenes mic? 
17:23:16 : Group: Hawk: encontre un vechiulo de un pibe cerca de la mision estoy esperando que vuelva
17:23:36 : Group: [Sucios]Juandayz: el bobo ese se fue a sugerir al face :D
17:23:46 : Group: Hawk: jajajja me hizo caso
17:23:51 : Group: Hawk: bue hay 2 aca venite
17:24:07 : Group: Hawk: rapidooo
17:24:20 : Group: [Sucios]Juandayz: perate q estoy lejos y con el gear del spawn
17:24:47 : Group: Hawk: escucho un l11 no los habias sacado vo
17:25:04 : Group: [Sucios]Juandayz: si, salieron en el reset d las 3
17:25:16 : Group: [Sucios]Juandayz: capaz lo compraron
17:25:21 : Group: Hawk: escucho uno disparar aca. 
17:25:31 : Group: Hawk: una pkp y un lapua
17:25:34 : Group: [Sucios]Juandayz: no sera la mision
17:25:43 : Group: Hawk: no no aparecen con lapuas
17:25:55 : Group: Hawk: venite con la SUV, esta la llave en la safe
17:28:13 : Group: Hawk: para lejos de mi que esta aca no mas
17:28:27 : Group: Hawk: esta hacia mi norte
17:28:30 : Group: [Sucios]Juandayz: q coord es la base
17:28:40 : Group: Hawk: q base
17:28:47 : Group: [Sucios]Juandayz: la safe y la suv
17:29:00 : Group: Hawk: 042 091
17:29:14 : Group: Hawk: se ve el edificio en el mapa
17:29:24 : Group: [Sucios]Juandayz: ok
17:30:22 : Group: Hawk: ahi hicieron la mision dalee
17:30:31 : Group: [Sucios]Juandayz: bue voy asi
17:31:08 : Group: Hawk: wtf aparecio otra enseguida
17:31:10 : Group: Hawk: arriba de esta
17:33:05 : Group: Hawk: a mi derecha esta la camioneta
17:33:28 : Group: [Sucios]Juandayz: voy al edificio q esta atras d ella
17:33:47 : Group: Hawk: ojo que bajo hacia ahi
17:34:12 : Group: Hawk: sino pusheamos hacia donde estaba la mision
17:34:17 : Group: Hawk: caapaz hay algun vehiculo y se va en eso
17:35:19 : Group: [Sucios]Juandayz: donde era la miss
17:35:29 : Group: Hawk: hay un chopper mas abajo
17:35:31 : Group: Hawk: atento
17:36:01 : Group: Hawk: littlebird enfrente mio
17:37:10 : Group: Hawk: estaba como 600 metros adelante la mision
17:37:11 : Group: [Sucios]Juandayz: lockbox
17:37:46 : Group: [Sucios]Juandayz: aca esta la mision
17:38:17 : Group: Hawk: lol murieron los dos mepa
17:38:21 : Group: [Sucios]Juandayz: si
17:38:28 : Group: [Sucios]Juandayz: en la otra mis
17:41:10 : Group: Hawk: buscamos los cuerpos y los campeamos
17:41:25 : Group: [Sucios]Juandayz: ok
17:41:34 : Group: Hawk: aca
17:41:57 : Group: [Sucios]Juandayz: m110 nv
17:42:10 : Group: Hawk: fuck
17:43:37 : Group: [Sucios]Juandayz: veni
17:44:25 : Group: [Sucios]Juandayz: jaaaajaja
17:44:41 : Group: Hawk: es escondo el cuerpo ahora por pavos
17:45:21 : Group: Hawk: econtraste el otro cuerpo
17:45:41 : Group: [Sucios]Juandayz: no
17:46:18 : Group: [Sucios]Juandayz: el otrestaba vivo
17:46:24 : Group: [Sucios]Juandayz: ah no habia muerto
17:46:32 : Group: Hawk: era los dos spawns recientes
17:46:43 : Group: [Sucios]Juandayz: un miedo tenia el leo
17:47:07 : Group: [Sucios]Juandayz: sabe q fuimos nosottso?
17:47:15 : Group: Hawk: no no dio mensaje
17:47:28 : Group: [Sucios]Juandayz: es re lloron ese y el munra
17:47:34 : Group: Hawk: veo si
17:47:58 : Group: Hawk: esa fue la IA rajemos
17:48:03 : Group: [Sucios]Juandayz: se
17:48:13 : Group: [Sucios]Juandayz: sew
17:48:40 : Group: [Sucios]Juandayz: yo tengo un par de armas en la mochila
17:48:47 : Group: [Sucios]Juandayz: .y una large gunbag
17:49:14 : Group: [Sucios]Juandayz: tengo el sniper ese con nv
17:49:47 : Group: [Sucios]Juandayz: q haces ahi jaja
17:49:55 : Group: [Sucios]Juandayz: no vienen mas
17:50:20 : Group: [Sucios]Juandayz: esta en la lockbox
17:50:24 : Group: [Sucios]Juandayz: usan tu metodo
17:50:31 : Group: [Sucios]Juandayz: al costado del heli
17:51:01 : Group: Leodagos: LEODAGOS
17:51:53 : Group: [Sucios]Juandayz: ta lentisimo el server, seguro q tiene 10 megas :S
17:52:54 : Group: [Sucios]Juandayz: jaja
17:53:06 : Group: Hawk: esta el otro todavia venite
17:53:42 : Group: [Sucios]Juandayz: aca ta el heli
17:53:56 : Group: Hawk: tengo la AI arriba mio
17:56:47 : Group: Hawk: la IA me esta tirando ayuda
17:56:53 : Group: Hawk: estoy inconciente
17:57:10 : Group: Hawk: ya lo banie no te calientes
18:46:04 : Group: Nachen: buen dia grupo
18:46:07 : Group: Seba: aca no mas estas
18:46:09 : Group: Seba: xD
18:46:22 : Group: Nachen: jaja mal
18:46:42 : Group: Nachen: tenes vehiculo querido?
18:47:03 : Group: Seba: estoy arreglando mi camioneta que me sacaron hasta las llantas
18:47:14 : Group: Nachen: no la lockeaste?
18:47:23 : Group: Seba: si :P
18:47:42 : Group: Nachen: ah pero tienen god mode
18:48:26 : Group: Nachen: aca no hay nada che
18:49:03 : Group: Seba: ya termino de arreglarla 
18:49:12 : Group: Seba: venite para aca que ni bien pueda te voy a buscar
18:49:18 : Group: Nachen: uy boludo
18:49:25 : Group: Nachen: vienen para aca!
18:49:35 : Group: Seba: quien? :O
18:49:46 : Group: Nachen: fijate lo que dice el mensaje ese
18:50:01 : Group: Seba: no lo entiendo 
18:50:22 : Group: Nachen: upsi
18:50:24 : Group: Nachen: casi muero
18:50:40 : Group: Nachen: dice que la partuya se movia hacia donde estoy yo
18:50:58 : Group: Nachen: me hice pija che ajajja
18:52:43 : Group: Nachen: tas vivo?
18:52:56 : Group: Seba: si safe safe
18:53:07 : Group: Nachen: te tiraron?
18:53:23 : Group: Seba: sniper
18:53:37 : Group: Nachen: quedate ahi
18:53:38 : Group: Nachen: voy
18:54:09 : Group: Nachen: fijate si lo podes ver
18:54:20 : Group: Seba: ya estoy arreglando el auto
18:54:29 : Group: Nachen: tengo una chata yo
18:55:54 : Group: Seba: anda re lag esto tarda mucho todo en cargar
18:56:06 : Group: Nachen: cargar que?
21:04:53 : Group: Seba: se me callo internet hoy
21:04:59 : Group: Nachen: ah me parecio ajaj
21:06:54 : Group: Nachen: te habia ido a rescatar encima
21:25:06 : Group: JHONNYWALKER: mira el 110
21:27:52 : Group: JHONNYWALKER: q
21:28:10 : Group: Hawk: SUV artillada a cuanto esta
21:29:21 : Group: JHONNYWALKER: 200 000
21:30:25 : Group: Seba: no sabes donde queda la carcel?
21:30:32 : Group: Nachen: ni idea
21:30:42 : Group: Seba: la encuentro y te aviso
21:30:48 : Group: Nachen: dale de una
21:31:02 : Group: Seba: venite pa estos lados por si encuentro algun heli
21:31:52 : Group: Nachen: quiero campear la mision
21:32:00 : Group: Seba: joya
21:32:02 : Group: Seba: ahora te apoyo
21:32:44 : Group: popiso: ahi esta el hospital mina
21:34:32 : Group: JHONNYWALKER: q pasa
21:34:43 : Group: JHONNYWALKER: escrtibime
21:34:49 : Group: Hawk: precisas ammo?
21:34:54 : Group: JHONNYWALKER: si
21:35:04 : Group: JHONNYWALKER: bue
21:40:06 : Group: Hawk: baja que yo lo hago
21:49:02 : Group: popiso: juan no tiene balas
21:49:25 : Group: JHONNYWALKER: no importa a chuny lo mato con la glok
21:49:33 : Group: popiso: che juan
21:49:38 : Group: popiso: dijo chukyn
21:49:40 : Group: JHONNYWALKER: ey
21:49:45 : Group: popiso: que en febrero vayamos a hacer el asado
21:49:49 : Group: popiso: yo compro el cordero
21:50:11 : Group: JHONNYWALKER: bueno dale
21:50:18 : Group: popiso: vas a poder ?
21:50:18 : Group: JHONNYWALKER: cordero piola trae
21:50:25 : Group: popiso: compramos alla
21:50:28 : Group: popiso: si llevo se abomba todo
21:50:31 : Group: popiso: tengo como 10 horas de viaje
21:50:35 : Group: JHONNYWALKER: lo frizas y llega
21:50:48 : Group: JHONNYWALKER: si de formosa me traen lechon en colectivo
21:50:54 : Group: popiso: we posta ?
21:50:57 : Group: JHONNYWALKER: si
21:51:03 : Group: popiso: a donde vas chuky
21:51:06 : Group: popiso: mira el mapa chamigo
21:51:53 : Group: popiso: en el bosque de ahi abajo esta la marca
21:51:55 : Group: JHONNYWALKER: hay q agregar el fast rope
21:55:00 : Group: JHONNYWALKER: coyote 
21:55:35 : Group: Hawk: ahi tenes municion juan
21:55:40 : Group: JHONNYWALKER: si ya agarre
21:57:03 : Group: JHONNYWALKER: al mozin
21:59:34 : Group: Hawk: vende los maletines
22:00:12 : Group: JHONNYWALKER: salgo un toque
22:02:05 : Group: Hawk: pilotea que quiero tomar un mate
22:02:11 : Group: Hawk: hasta el heroe trader
22:06:41 : Group: Hawk: alguien esta haciendo base en el lago negro
22:06:52 : Group: Hawk: recien viste un chopper vos
22:07:04 : Group: popiso: ahora pasamos
22:07:09 : Group: Hawk: dame la guita, dame 320
22:07:24 : Group: Hawk: asi compro 4 cosos de municion
22:07:47 : Group: popiso: comprame municion de fal
22:08:59 : Group: Hawk: no pases por lago negro, nos llegan a cagar  a tiros perdemos muhco
22:09:19 : Group: Hawk: ahi esta le chopper
22:09:22 : Group: popiso: estamos solos gil
22:09:25 : Group: Hawk: alguien esta construllendo
22:09:31 : Group: Hawk: construyendo
22:10:03 : Group: Hawk: ahi
22:10:12 : Group: Hawk: ta anda a la base
22:10:35 : Group: popiso: ,e caogp
22:10:37 : Group: popiso: se me cayo el ts
22:10:55 : Group: Hawk: y a mi que gil si no estoy en el ts
22:11:07 : Group: popiso: se me puede caer el juego
22:11:10 : Group: popiso: tengo microcortes
22:11:16 : Group: Hawk: no no, es el server que esta lag
22:11:26 : Group: Hawk: ojo que ahi hay AI
22:15:39 : Group: popiso: AL BANDIT YA VENGO
22:15:42 : Group: popiso: estoy en ts
22:35:35 : Group: popiso: estamos yendo juan
22:35:38 : Group: popiso: te estamos buscando
23:27:43 : Group: Hawk: escribi por aca gil
23:28:00 : Group: vodka: jaja 
23:28:22 : Group: Hawk: Que dice Lalo todo bien
23:28:43 : Group: vodka: todo bien ,con muchoooo calor 
23:29:01 : Group: Hawk: esta fatal dejate de cosas, mira el mapa, aca estamos haciendo base si queres traer una safe
23:29:24 : Group: vodka: ok
