00:17:45 : Side: JF: Como estas Juan ?
00:18:02 : Side: Alan: buenas
00:18:06 : Side: JF: Hola alan como va
00:19:05 : Side: JF: recien salude pero solo faltaban 30 segundos para el recet 
00:19:30 : Side: JF: buena a todos
00:19:36 : Side: sRulo: hola
00:19:36 : Side: Alan: dificil q te saluden aca jaja
00:20:30 : Side: JF: Si por que no xD 
00:23:35 : Side: sRulo: fue matame
00:23:48 : Side: sRulo: estoy hecho mierda matame 
00:42:34 : Side: JF: Hola juan  bien y vos 
00:42:50 : Side: JF: cambiaste el lock jaja
00:43:34 : Side: JF: esa melenita te quita años 
00:44:04 : Side: JF: esta bueno eso 
00:45:05 : Side: JF: pero con esa pilcha no atrae ni al loro jaja
00:47:13 : Side: JF: jaja funciono parece
00:48:24 : Side: JF: juan vendeme una suv como la primera que me diste haceme esa gauchada
00:49:11 : Side: JF: si pero las comunes 
00:49:50 : Side: JF: yo la pago ahi 
00:50:23 : Side: JF: a que macana yo queria conservar la pixelada multicolor 
00:50:50 : Side: JF: no deja 
00:52:26 : Side: JF: che no se se meclavo aqui y no se mueve 
00:57:25 : Side: JF: ahorita en este momento
00:59:00 : Side: JF: ya la pague pero me salio una camo comun jaja
00:59:58 : Side: JF: y cual es la pixelada
01:00:45 : Side: JF: la que tenia cuadritos de multicolor
01:01:35 : Side: JF: no por eso te dije que la dejes nomas cuando las pongas de nuevo hacemos negocio jaja
01:02:12 : Side: JF: bueno como quieras se la iv a dar a galle porque dijo estaba pobre
01:02:57 : Side: JF: no esa se ve a la legua jaja
01:03:26 : Side: JF: no te agradezco 
01:04:02 : Side: JF: che ayer habia una que decia manicomio esa me puede interesar
01:04:32 : Side: JF: y por que sacaste las mejores
01:40:40 : Side: Alan: buenas
01:41:06 : Side: JF: jaja buenas de nuevo
01:41:19 : Side: Alan: jaja
01:41:59 : Side: JF: te fuiste a dormir y se te requebrajo el ojo como la pantera rosa 
01:42:12 : Side: Alan: jajaja noo me estaban saludando
01:42:17 : Side: Alan: es mi cumple hoyy jaja
01:43:40 : Side: JF: Ho que bueno loquin que lo cumplas muy feliz !!
01:43:49 : Side: Alan: jaja gracias genio
01:44:56 : Side: JF: es mas venite al trade y pago la ronda bebible jaja
01:45:03 : Side: Alan: ajajaja
01:46:37 : Side: JF: como andas Daro te ayudo en algo amigo
01:47:01 : Side: Alan: oh fekher
01:47:06 : Side: daro: hola todo bien
01:47:07 : Side: Alan: el q me queria matar en rg1
01:47:17 : Side: daro: los conosco_ jaja
01:47:31 : Side: Alan: a mi ni de vista amigo
01:47:53 : Side: Fekher: quien te conoce papa?
01:48:07 : Side: Alan: tu novia
01:48:13 : Side: JF: che sos bandido Daro aqui tratamos de ayudarnos entre todos a diferencia de otros server
01:48:40 : Side: Fekher: really
01:52:17 : Side: daro: che a ustedes tmb se les ve nublado
01:52:24 : Side: Alan: no
01:52:44 : Side: daro: oka
01:52:48 : Side: JF: que cosa se ve nublado
01:52:51 : Side: Fekher: es raro, es como si se viera nublado
01:53:09 : Side: Fekher: debe ser alguna opcion
01:53:19 : Side: Alan: a los 2 se les ve nublado _
01:53:42 : Side: Fekher: si, de cerquita se ve bien. Pero miras un toque a los costados o al horizonte y se ve sin definicion
01:54:22 : Side: Alan: q raro che, a ninguno se le vio asi
01:54:29 : Side: Alan: es mas es el mejor server optimizado
01:54:29 : Side: Fekher: nunca antes
01:54:42 : Side: JF: talves ya tiene que beber o comer y se le empiesa a bajar la sangre
01:54:50 : Side: Pampita: Hola chicos
01:55:03 : Side: Alan: hola pampita
01:55:07 : Side: JF: Hola niña
01:56:10 : Side: JF: che tengo un rotor de heli a alguien le interesa?
01:57:43 : Side: Alan: para pampita lpm
01:59:54 : Side: Alan: pampitaa
02:00:00 : Side: Pampita: ?
02:00:06 : Side: Alan: es mi cumpleaños y asi me tratas
02:00:16 : Side: Pampita: uy perdon
02:00:21 : Side: Pampita: despues me mando una foto en pelotas
02:00:24 : Side: Alan: aparte soy nuevo en esto jaja
02:00:39 : Side: Alan: no quiero eso, quiero q no me mates y me dejes mis cosas jaja
02:00:43 : Side: Pampita: ah no que soy menor y es ilegal
02:01:52 : Side: Alan: pampita
02:01:56 : Side: Alan: no quieres ir de misiones ?
02:02:28 : Side: Pampita: no solo entre a satisfacer mi necesidad de muerte
02:02:31 : Side: Pampita: ya me voy a dormir
02:05:40 : Side: Pampita: adios chicos
02:08:39 : Side: Alan: esa pampita
02:08:44 : Side: Alan: tiene terrible cheat
02:09:26 : Side: Alan: che jf estas ?
02:09:35 : Side: JF: si estoy
02:09:45 : Side: Alan: no me puedes trarr cosas para reparar mi auto ?
02:10:03 : Side: JF: que necesitas y dondde estas
02:10:33 : Side: Alan: NECESIT body, engine, 2 ruedas
02:10:42 : Side: Alan: glass 1 y glass 2
02:10:56 : Side: Alan: yo te doi los coins
02:11:23 : Side: Alan: ay te marque en el mapa
02:14:08 : Side: Alan: y podes jf ?
02:14:35 : Side: JF: si voy en camino
02:14:43 : Side: Alan: buenisimo
02:18:49 : Side: Alan: me hizo mierda ese tal pampita
02:19:02 : Side: JF: JAJAJA
02:21:18 : Side: Alan: falta el body y el engine
02:22:29 : Side: Alan: te mande grupo edgar
02:22:47 : Side: Alan: graciass jff
02:22:49 : Side: Alan: querido
02:24:49 : Side: Alan: jaja yo sabia q eras vos
02:25:05 : Side: Alan: sabes por q me di cuenta q era un admin
02:25:08 : Side: Alan: o un cheat o lo q sea
02:25:22 : Side: Alan: por q hacia 5 minutos su camioneta
02:25:29 : Side: Alan: que estaba en la otra punta del mapa
02:25:35 : Side: Alan: entro y enseguida aparecio en la otra punta
02:26:09 : Side: Alan: ella tiene su propia skin
02:26:16 : Side: Alan: por eso te digo
02:26:42 : Side: Alan: es la unica q hay se la regalo juan
02:27:23 : Side: Alan: jaja bueno no importa, pero mis dudas no me la sacaran
02:27:34 : Side: Alan: por q vi su camioneta y esa camioneta la tiene solamente ella
02:27:44 : Side: Alan: la vi en la otra punta del mapacuando habia deslogueado ayer
02:29:26 : Side: Alan: ta bienn chuky querido fue una opinion nada mas
02:29:37 : Side: Alan: es mas no me saco nada jaja bien generosa
02:30:16 : Side: Alan: jajaja es q
02:30:28 : Side: Alan: mira yo opine pero no dije de la manera cheat cheat
02:31:07 : Side: Alan: jaja pero yo no puedo acusarla soy nuevo en esto jaja
02:31:11 : Side: Alan: no tengo ni la menor idea del juego aun
02:31:35 : Side: Alan: lo q si nose como mierda hace
02:31:40 : Side: Alan: para encontrar gente tran rapido jaja
02:32:50 : Side: Alan: o encuentro puro zombis jaja
02:34:00 : Side: Alan: si igual soy muy nuevo en este juego
02:34:03 : Side: Alan: me falta montonasoo aunw
02:35:16 : Side: Alan: si ya me contaron de ese dayz
02:35:25 : Side: Alan: decian q casi todos se morian del hambre o sed jaja
02:35:30 : Side: Alan: ni comida encontraban
02:37:56 : Side: Alan: jaja claroo igual
02:38:00 : Side: Alan: es dificil este tmb
02:38:40 : Side: Alan: maneja
02:38:43 : Side: Alan: sos mas rapido vos
02:48:52 : Side: Alan: chuky
02:48:53 : Side: Alan: estas_
02:49:16 : Side: Alan: mmm
02:49:18 : Side: Alan: tendriamos q ir
02:49:22 : Side: Alan: y comprar un camion
02:49:27 : Side: Alan: para llevar todo
02:49:32 : Side: Alan: quieres coins
02:49:35 : Side: Alan: y va con el heli
02:49:36 : Side: Alan: _
02:49:49 : Side: Alan: con el heli lo haremos mas rapido
04:21:46 : Side: Alan: jf tienes base _
04:23:34 : Side: JF: por que me preguntas
04:23:43 : Side: Alan: por preguntar
04:24:04 : Side: JF: ah y vos tenes?
04:24:10 : Side: Alan: no se hacer
04:24:46 : Side: Alan: vos tenes_
04:25:31 : Side: JF: en este server es medio complicado mantener la base por eso no me preocupo mucho viste que pasa el avion y te destruye todo
04:26:15 : Side: Alan: si pero pasa
04:26:21 : Side: Alan: siempore por los mismo lados
04:26:24 : Side: Alan: pero sabes hacer bases ?
04:27:37 : Side: JF: y si lo haces con puro material una que cuesta mucho dinero y otra que hay que mantenerlo o se degrada y se pierden las paredes
04:27:52 : Side: Alan: y con maderas _
04:28:00 : Side: JF: mas o menos algnas cosas se y otras no 
04:28:56 : Side: JF: con madera no se como sera pienso que las armas de alto poder atraviesan igual las paredes de madera 
04:30:14 : Side: Alan: las cajas fuerte y el lockbox
04:30:22 : Side: Alan: puedo agarrarlo con todas las cosas adentro
04:30:26 : Side: Alan: o tengo q sacar todo _
04:31:30 : Side: JF: en el supuesto caso de que lo queres cambiar de lugar creo que se desancla solamente vacia
04:35:57 : Side: Alan: quieres
04:35:59 : Side: Alan: q hagamos una base
04:36:01 : Side: Alan: para los 2
04:36:02 : Side: Alan: _
04:37:03 : Side: JF: ah perdoná no estaba prestando atencion podes repetirme
04:37:14 : Side: Alan: q si quieres hacer una base conmigo
04:37:16 : Side: Alan: q sea para los 2
04:38:06 : Side: JF: por mi no hay problema pero tenes algun lugar
04:38:12 : Side: Alan: sisi ya tengo todo
04:38:25 : Side: Alan: aca donde te puse en el mapa
04:38:30 : Side: Alan: es mi antigua chosa
04:38:36 : Side: Alan: ven asi agarramos todo lo qtengo
04:38:43 : Side: Alan: y la llevamos donde va hacer la base
04:39:07 : Side: JF: bueno esperame un momentito
04:41:21 : Side: Alan: yac ya traje el ural
04:41:24 : Side: Alan: asi q estoy poniendo todo
04:45:31 : Side: JF: jaja queda retirado  hay voy 
04:46:01 : Side: Alan: tengo como 5 motosierra
04:46:07 : Side: Alan: asi q juntaremos madera rapidisimo jaja
04:58:10 : Side: Alan: alfin jaja
04:58:12 : Side: Alan: mira ese camion
04:59:33 : Side: Alan: tamos
05:00:35 : Side: Alan: pera
05:01:20 : Side: Alan: ven vamos
05:01:34 : Side: Alan: en q viniste _
05:04:39 : Side: Alan: pero dejalo abierto
05:05:12 : Side: Alan: jf estas ?
05:07:52 : Side: Alan: NOOO
05:10:16 : Side: Alan: jf me voy a al mierda ma;ana compro todo de nuevo
05:10:19 : Side: Alan: esta tu cuerpo
05:10:22 : Side: Alan: alado del camion
05:10:31 : Side: Alan: ma;ana armamos la base
13:04:55 : Side: juandayz: hola alann
13:05:25 : Side: Alan: juan querido
13:05:27 : Side: Alan: como estas
13:05:36 : Side: juandayz: bienn feliz cumple
13:05:45 : Side: Alan: ohh graciass queridoo
13:06:19 : Side: Alan: ayer en la noche
13:06:24 : Side: Alan: no sabes lo q me paso xd
13:06:31 : Side: juandayz: q onda
13:06:41 : Side: Alan: me compro un camion y un helicoptero
13:07:00 : Side: Alan: para llevar todo lo q tenia en mi base a otro lado por que me sacaron todos los vehiculos
13:07:18 : Side: Alan: lleno el camion con todo cuando estaba por llegar paso por arriba de una mision
13:07:26 : Side: Alan: y me explotaron todo jaja
13:07:27 : Side: juandayz: jajaj te fundieron
13:07:29 : Side: Alan: perdii toodoo
13:07:44 : Side: juandayz: estas viniendo al mercado?
13:07:48 : Side: Alan: si
13:07:57 : Side: juandayz: bajate de la bici q te traigo
13:08:05 : Side: Alan: ya
13:08:12 : Side: juandayz: tengo un regalo de cumple aca en el mercado :P
13:08:18 : Side: Alan: ohhh me gusta esoo
13:08:22 : Side: Alan: que grandeee juancitooo
13:15:20 : Side: juandayz: acercate a la gitana
13:15:27 : Side: juandayz: y subi el volumen :D
13:15:38 : Side: Alan: a ver jaja 
13:15:44 : Side: Alan: te maldicen las gitanas
13:15:50 : Side: Alan: a donde esta
13:16:06 : Side: Alan: jajajaja
13:16:18 : Side: Alan: veo mucha muerte jaja
13:16:20 : Side: juandayz: re paraguaya por ahi
14:59:19 : Side: Alan: entro y restart
14:59:20 : Side: Alan: lpm
14:59:26 : Side: Alan: server d emierdaaa jaja
15:31:34 : Side: galle: WHAAAAATS
15:31:48 : Side: galle: WHERE
15:32:14 : Side: galle: mamadera, estan baratas?
15:33:18 : Side: galle: te dejan tiritando
15:33:22 : Side: galle: me imagino
15:34:05 : Side: galle: no T-T jajaja
15:34:36 : Side: juandayz: alan salio chueco de ahi adentro
15:36:47 : Side: galle: necesito ayuda
15:36:53 : Side: galle: para construir
15:37:12 : Side: Alan: yo tmb
15:37:15 : Side: Alan: estoy por empezar
15:37:18 : Side: Alan: a construir mi base
15:38:57 : Side: Alan: queres venir galle
15:39:02 : Side: Alan: y contruyamos 1 juntos ?
15:39:15 : Side: sRulo: me queres robar a mi compa gil q te pasa? jaja
15:39:24 : Side: Alan: q onda rulo cabeza de garcha jaja
15:39:24 : Side: galle: jaja pasa q ya tengo team
15:39:56 : Side: Alan: entonces para q pedis ayuda pedazo de gorreado
15:42:47 : Side: galle: juan
15:42:52 : Side: galle: me das una mano
15:45:34 : Side: galle: juan, estas?
15:45:42 : Side: galle: adm estas?
15:56:47 : Side: Davi: Hola a que hora abre el cabaret?
15:56:55 : Side: Alan: las 24 hrs
15:57:18 : Side: Davi: Alguien sabe donde queda?
15:57:27 : Side: Alan: en el mercado cenrtal
15:57:30 : Side: Alan: en una carpa
15:57:47 : Side: Davi: Listo voy para alla. Alguien quiere ir a tomar algo?
15:58:01 : Side: Alan: ando haciendo mi base
15:58:04 : Side: Alan: dsp jaja
15:58:07 : Side: Alan: vente a laburar conmigo
15:58:39 : Side: Davi: Voy a atender una negra y vengo.
15:58:54 : Side: galle: admin estas?
15:59:03 : Side: Davi: Sip
15:59:19 : Side: galle: sos adm?
15:59:38 : Side: juandayz: vino a probar las putas el adm david
15:59:58 : Side: Davi: Hola juan! vengo a ver que onda todo y me echo uno y me voy
16:00:10 : Side: galle: necesito ayuda con el snap
16:00:17 : Side: galle: no se alinea automatico?
16:00:40 : Side: juandayz: scroll menu, snap on, tecla F
16:01:02 : Side: galle: gracias
16:04:42 : Side: Davi: Alan donde tenes tu base?
16:04:52 : Side: Davi: Voy a visitarte.. Soy friendli no disparo a nadie
16:04:56 : Side: Alan: si lo digo va avenir rulo y el otro
16:04:59 : Side: Alan: y me mataran
16:05:01 : Side: Alan: dame grupo
16:05:29 : Side: Alan: ay te mande
16:21:14 : Side: galle: quien es el loco manija ese
16:21:36 : Side: Davi: Son los NPC
16:21:50 : Side: juandayz: el avion?
16:21:58 : Side: sRulo: no -.- es un heli
16:22:05 : Side: galle: un heli tirando bots y bazokasos
16:22:08 : Side: juandayz: si no tiene armas es player
16:22:13 : Side: juandayz: ah si heli bot
16:22:19 : Side: juandayz: de alguna mision
16:22:22 : Side: sRulo: wtf??
16:22:28 : Side: Davi: Menos mal que no me lo cruce. 
16:23:00 : Side: sRulo: estamos muy lejos de las misiones
16:23:02 : Side: sRulo: demasiado
16:23:13 : Side: juandayz: por ahi se dispersan, y mas si era un heli
16:23:19 : Side: Davi: Pero aca habia un avion que tiraba bombas sigue estando?
16:23:25 : Side: juandayz: si esta
16:23:31 : Side: Davi: Me acuerdo en zeleno explotaba todo
16:23:35 : Side: sRulo: si ese si lo vi generalmente atacando las mismas zonas
16:23:39 : Side: juandayz: pero ese es IA del server
16:23:40 : Side: sRulo: pero el heli nunca
16:23:46 : Side: juandayz: el heli debe ser de mision de spawn
16:24:01 : Side: Davi: Pero te mata el heli?
16:24:14 : Side: galle: me picaron a 100mts
16:24:18 : Side: galle: los bazokasos
16:24:38 : Side: Davi: o.O
17:41:55 : Side: galle: matar bandidos no te da humanidad?
19:33:24 : Side: sebastian: cabros por que no se puede vender armas ahora ?
20:32:33 : Side: JF: Hola!!
20:32:43 : Side: sebastian: hola
20:37:28 : Side: JF: Jajajaja al final juan
20:41:20 : Side: sebastian: ya no se puede vender armas ?
20:41:51 : Side: JF: no se. por que preguntas?
20:42:12 : Side: sebastian: no me sale la opcion del ese vendedor de armas
20:43:04 : Side: JF: no te sale la opcion proba con otra arma de la lista capas justo esa no esta y si no busca otro comprador 
20:43:43 : Side: juandayz: hola jf
20:43:47 : Side: sebastian: tampoco
20:43:59 : Side: JF: hay armas que no se venden al menos en los comerciantes en blanco 
20:44:11 : Side: sebastian: nada de nada
20:44:28 : Side: sebastian: hay esta gracias xd
20:44:29 : Side: JF: Hola juan todo bien ,que sorpresita me diste jajaja 
20:44:41 : Side: juandayz: jajaj con que?
20:45:14 : Side: juandayz: probaste la prostituta?
20:45:23 : Side: JF: con la de la carpa del fondo
20:45:26 : Side: sebastian: si, me iso 3 kiko
20:45:29 : Side: juandayz: ajajaj 
20:45:45 : Side: JF: no todavia no le tome confianza jajaja
20:46:04 : Side: JF: que es eso de tred kiko 
20:46:13 : Side: juandayz: ahora para el restart estoy armando otro, tengo q ver si funciona, es un doctor q te paga por probar la cura del virus z en tu cuerpo
20:46:58 : Side: JF: no  jodas ajja paso 
20:47:17 : Side: JF: a proposito me surgio una consulta
20:48:53 : Side: JF: El otro dia mori en un accidente y se me quemo el veiculo naci de nuevo fui y rescate todas mis cosas 
21:21:29 : Side: AbrahamAaron: alguien puede hacer team conmigo? xD
21:22:42 : Side: sebastian: yop
21:22:51 : Side: AbrahamAaron: ts?
21:22:54 : Side: sebastian: oka
21:23:15 : Side: JF: por ahora no puedo abraham pero gracias de todos modos
21:24:20 : Side: sebastian: ya estoy en ts
21:31:38 : Side: JF: jajajaa me encanto la musica 
21:32:38 : Side: JF: aaahhh vos tambien escuchaste la musiquita guachin jajaja
21:32:54 : Side: JF: bandera sovietica
21:34:54 : Side: JF: que pasa?
21:35:37 : Side: JF: cual arma
21:35:52 : Side: sebastian: tu escopeta estaba flotando
21:36:20 : Side: sebastian: jaja
21:38:21 : Side: sebastian: omg
21:38:49 : Side: JF: que este eras vos jajaja-
21:39:49 : Side: JF: y que paso con la chiva?
21:39:49 : Side: juandayz: te hiciste tirar las cartas por la gitana?
21:40:10 : Side: sebastian: ese juego de suicidarse es para puro matarse ?
21:40:26 : Side: juandayz: si no te matas te ganas 100.000
21:40:31 : Side: sebastian: sii ?
21:40:40 : Side: juandayz: ajam
21:40:41 : Side: JF: no no me tiro las cartas pide monedas
21:40:43 : Side: sebastian: aver
21:40:46 : Side: juandayz: si moris te borra todo
21:41:13 : Side: juandayz: al lado podes buscar items usados
21:41:23 : Side: juandayz: por 10nz de silver
21:41:26 : Side: sebastian: como wardo la llave
21:41:35 : Side: juandayz: guarda aca en la camio
21:41:51 : Side: juandayz: en tu camioneta
21:41:59 : Side: sebastian: pero no se pueden meter ?
21:42:09 : Side: juandayz: la llave?
21:42:12 : Side: sebastian: se
21:42:18 : Side: juandayz: si pero estamos nosotros
21:42:25 : Side: juandayz: no te vamos a robar
21:42:27 : Side: sebastian: oka
21:42:42 : Side: sebastian: aka voy
21:42:58 : Side: juandayz: safaste
21:42:58 : Side: sebastian: gane
21:43:06 : Side: sebastian: y los 100 ?
21:43:11 : Side: JF: ahhhhh se sintio desde aka
21:43:15 : Side: juandayz: fijate en tu inventario
21:43:21 : Side: juandayz: tenes un maletin
21:43:26 : Side: sebastian: oooo verdad
21:43:32 : Side: sebastian: ala ala joder tio
21:43:41 : Side: juandayz: jaajaaajajaja
21:43:44 : Side: sebastian: merda
21:43:55 : Side: juandayz: eso por goloso
21:44:45 : Side: sebastian: me equiboq de opcion
21:46:22 : Side: sebastian: mi maletin :c
21:48:47 : Side: sebastian: hey
21:48:59 : Side: JF: que pasa
21:49:04 : Side: sebastian: quiere un auto ?
21:49:33 : Side: JF: no te hagas drama te agradezco
21:49:39 : Side: sebastian: oka
21:51:26 : Side: JF: xhe juan no deberia ser tan fatal la ruleta, deberia tener algo asi como un sorteo de sexo a ciegas y si te va mal te toca con un morocho jaja 
21:51:35 : Side: sebastian: vamos por la mision ?
22:04:08 : Side: JF: vendo todo lo que encuentro 
22:14:52 : Side: juandayz: JF deja de vender latitas vacias para pagarte la puta
22:15:00 : Side: sebastian: xd
22:15:10 : Side: JF: jaajajaja 
22:15:54 : Side: JF: nosotros los chatarreros somos los mas desamparados del señor 
22:24:27 : Side: juandayz: --
22:25:15 : Side: JF: eh'
22:37:54 : Side: sebastian: juan
22:43:50 : Side: JF: hey juan que es lo que paso que es la segunda vez que me mata la bici cuando la quiero armar apreto enter y me aparezco en el medio del oceano
22:44:19 : Side: sebastian: no me deja comprar un ural :c
22:46:16 : Side: juandayz: jf lo q pasa con la bici es q te subis antes de q este totalmente armada
22:46:28 : Side: sebastian: eso mismo me paso
22:47:01 : Side: juandayz: sip a mi tambien me ah pasado
22:47:13 : Side: sRulo: bueenas
22:47:15 : Side: sebastian: juan por quen i puedo comprarme un ural ?
22:47:36 : Side: JF: no se pero la otra ves era mas facil armarla ahora tenes que pedirle por favor qque arme y parece que esta lista y pasa eso
22:48:19 : Side: juandayz: no, se es cuestion de esperar q termine todo el movimiento
22:49:05 : Side: juandayz: veni mira
22:49:23 : Side: juandayz: atras tuyo estoy
22:49:43 : Side: JF: encima recien salia de la carpa estaba liquidado no podia llegar a la costa jajaja
22:50:11 : Side: juandayz: ahora
22:50:33 : Side: juandayz: ta llevala
22:50:54 : Side: JF: no me sale a mi el armado la verdad no se 
22:51:11 : Side: juandayz: pero no es mucha vuelta, te sale el cartel cuando termina de armarse
22:51:30 : Side: juandayz: ademas el muñeco hace todo la animacion mientras la estas armando
22:55:25 : Side: juandayz: hola rulo
22:55:39 : Side: sRulo: holaaa 
22:55:59 : Side: sRulo: q onda?? las putas estan ganando algo de guita?
22:56:10 : Side: sRulo: como va el negocio? jaja
22:56:11 : Side: juandayz: si JF se esta dejando todo
22:56:25 : Side: juandayz: a cada rato sale de la carpa
22:56:26 : Side: sRulo: el pibe hace las misiones solo para ir a las putas 
22:56:29 : Side: sRulo: jajajaw
22:56:44 : Side: JF: jajaajjaja
22:56:47 : Side: juandayz: ya se gasto 3 camiones en puta
22:56:49 : Side: juandayz: s
22:56:55 : Side: sebastian: xd
22:57:04 : Side: sebastian: andamos iguales
22:57:54 : Side: juandayz: creo q se enamoro, enseguida le voy a poner un bot en la puerta q le cague un tiro si se quiere llevar la puta del mercado
22:58:06 : Side: sRulo: jajajjaaj
22:58:09 : Side: JF: jaaaaaajajajajajaa
22:59:04 : Side: sRulo: no me saques la puta del trader que todavia no la pruebo jf!! aguaaantiaaa
23:00:00 : Side: sRulo: los pibes piden misiones que dejen putas para llevarlas a las bases(?
23:00:05 : Side: juandayz: se te va a poner celoso, anoche estaba borracho en la puerta de la carpa haciendo quilombo por q otro player habia pasado con la puta
23:00:44 : Side: sRulo: jjaja tirando tiros al aire para que se alejen(?
23:00:47 : Side: juandayz: miraa miraaa esta adentro con la puta ahora jajajajajajajajajajajajaja
23:00:54 : Side: sRulo: jajajajjaajaw
23:00:59 : Side: JF: es la misma que te vende comida en lata apurate y veni porque despues cabia el turno con la vieja jajaa
23:01:01 : Side: juandayz: JAJAJAJAAJ
23:01:10 : Side: sRulo: jajajjajaa
23:01:25 : Side: juandayz: jajajajaj naa te cague ya no esta mas la puta q vende
23:02:47 : Side: juandayz: fijence en el libro q hay un crafteo nuevo para las bases
23:04:04 : Side: JF: jajaajaajaja
23:07:21 : Side: sRulo: la adivina me trajo suerte y no me sale el cartel de ruleta rusa T-T
23:07:31 : Side: juandayz: a ver
23:07:56 : Side: sRulo: jojo
23:08:02 : Side: juandayz: no te endulces jaja
23:08:16 : Side: sRulo: la cantidad de cuerpos jaja
23:08:24 : Side: juandayz: :D
23:08:34 : Side: juandayz: en la carpa medica hay uno nuevo
23:08:50 : Side: juandayz: q te ofrece probar la cura del virus en tu cuerpo
23:08:57 : Side: juandayz: pero todabia no me anda
23:09:37 : Side: sRulo: te falta poner trabas para galle y esta todo full cañon
23:09:58 : Side: juandayz: jajaja ahora le pongo la opcion al hippie :D
23:10:03 : Side: sRulo: jajajjajaaa
23:11:04 : Side: sRulo: me lees galle -.-??
23:11:34 : Side: sRulo: alguien mas esta leyendo esto?? jaja
23:11:37 : Side: sRulo: asdas
23:11:37 : Side: juandayz: si
23:12:03 : Side: sRulo: perdon era para el group chat
23:12:07 : Side: sRulo: jajaja
23:12:40 : Side: juandayz: de aca arriba te voy a vigilar jf
23:12:41 : Side: sebastian: juan
23:12:51 : Side: juandayz: si
23:12:59 : Side: sebastian: se me bugeo la llave de mi ural y no la tengo y mi ural esta cerrado :c
23:13:09 : Side: juandayz: ok ahi voy
23:14:04 : Side: juandayz: fijate q si no tenes mas espacio de armas cuando guardas las llllaves se bugean
23:14:20 : Side: sRulo: en realidad caen al piso creo
23:14:29 : Side: sebastian: si, pense que era el otro numero que tenia 1 
23:17:45 : Side: sRulo: la granada de humo para distraer a JF(?
23:19:11 : Side: JF: jajajaa yo no fui el ultimo en entrar
23:20:05 : Side: juandayz: ta re puerca esa puta ya, hay q esperar el restart 
23:20:17 : Side: sRulo: jajjaa
23:43:10 : Side: juandayz: cagaste JF tu enamorada tiene mas clientes ahora
23:43:27 : Side: JF: jjjaaaajaaaaajajaaja
23:43:42 : Side: Totoasd: coman mamey
23:44:58 : Side: Dotterkletch: joseph kennedy?
23:45:14 : Side: sRulo: no le van a dejar ni un hueco sin rellenar
23:45:19 : Side: sRulo: a la novia de jf
23:45:20 : Side: juandayz: jacinto kirchner
23:58:09 : Side: juandayz: hola reco
23:58:17 : Side: reconnect: como va juan :D
23:58:29 : Side: juandayz: bien :)
23:58:54 : Side: reconnect: la gente no trabaja mañana...
23:59:03 : Side: reconnect: el iernes no habia nadie y un lunes esta medio lleno :P
23:59:40 : Side: juandayz: ne es por la puta no mas
