01:24:01 : Group: Alan: reconnect
01:24:05 : Group: reconnect: man
01:24:12 : Group: Alan: hay 1 nuevo en el grupo
01:24:16 : Group: Alan: viste la base ?
01:24:19 : Group: reconnect: no
01:24:29 : Group: Alan: pasame a buscar y vamos
01:25:26 : Group: Alan: voy yo para alla mejor
01:25:47 : Group: reconnect: salada la mision
01:25:54 : Group: Alan: la hacemos o no ? xd
01:25:58 : Group: reconnect: yo la estoy haciendo
01:26:16 : Group: reconnect: me estan rodeando
01:40:51 : Group: reconnect: YO ESTOY LABURANDO ENCIMA
01:47:20 : Group: Alan: y por q no dicen
02:04:59 : Group: reconnect: SALIO UNA MISION VENI
02:05:02 : Group: reconnect: AL LADO TUYO
02:05:29 : Group: reconnect: JAJAAJJ
02:12:02 : Group: reconnect: TODO ESTE BARDO PARA ESQUIVAR LA MISION
02:12:10 : Group: Alan: jaja
02:12:17 : Group: reconnect: SI QUERE LA HACEMO
02:12:27 : Group: Alan: la hubieramos echo
02:12:33 : Group: reconnect: TA CERCA AUN
02:12:46 : Group: Alan: esto se queda sin gasoil
02:13:36 : Group: Alan: cuanto humanidad tenes _
02:13:48 : Group: reconnect: -18k
02:14:05 : Group: Alan: ahh
02:15:18 : Group: reconnect: ALTA BASE
02:15:23 : Group: Alan: cual
02:15:32 : Group: reconnect: CIEGO
02:15:34 : Group: Alan: a ver
02:15:34 : Group: reconnect: JAJAJ
02:15:36 : Group: Alan: pera
02:15:39 : Group: Alan: vmos a verla xd
02:15:45 : Group: reconnect: YO VOY IENDO :d
02:16:00 : Group: Alan: de quien es _
02:16:03 : Group: reconnect: NI IDEA
02:16:05 : Group: reconnect: DEBE SER DE NAH
02:16:24 : Group: Alan: y eso q juega solo
02:16:37 : Group: reconnect: ;d
02:16:43 : Group: Alan: me disparan
02:16:50 : Group: reconnect: ERA YO JAJAJA
02:16:54 : Group: Alan: AHH CULIADO
02:16:55 : Group: Alan: jaja
02:16:58 : Group: Alan: estoy escondido
02:17:00 : Group: Alan: atras del mionca
02:17:02 : Group: Alan: como un cagon
02:17:10 : Group: Alan: jaja
02:17:15 : Group: Alan: soldado que huye sirve para otra guerra
02:17:32 : Group: reconnect: JAJ
02:20:22 : Group: reconnect: SRY
02:20:45 : Group: Alan: me estas rayando todo elmionca
02:20:48 : Group: reconnect: JAAJD
02:21:40 : Group: Alan: como vendo el camion
02:21:45 : Group: reconnect: TRADER VIEJO
02:21:54 : Group: Alan: eh ?
02:22:05 : Group: reconnect: EL MENU DEL TRADER
02:22:49 : Group: Alan: pero en cual
02:22:51 : Group: Alan: de todos
02:23:10 : Group: Alan: me tengo q bajar ?
02:23:14 : Group: reconnect: si
02:23:23 : Group: Alan: compra rapida ?
02:23:29 : Group: reconnect: no menu del trader
02:23:31 : Group: reconnect: y fijate
02:23:33 : Group: reconnect: truck
02:23:59 : Group: Alan: 10k nomas
02:24:01 : Group: Alan: viejo rata
02:24:04 : Group: reconnect: le sacaste las cosas?
02:24:07 : Group: Alan: se
02:24:33 : Group: reconnect: che, hay que buscar el mi17, hay cosas aca que no son para vender
02:25:03 : Group: Alan: la pusimos todo en la base
02:25:04 : Group: Alan: dsp fijate
02:25:07 : Group: Alan: ay muchas cosas
02:26:27 : Group: Alan: no deja vender
02:26:34 : Group: Alan: este autito de mierda
02:26:37 : Group: reconnect: 225k, compro otro heli :P
02:26:42 : Group: Alan: wo 
02:26:43 : Group: Alan: como mierda
02:26:46 : Group: Alan: haces tanta plata
02:26:50 : Group: reconnect: vendi todo
02:26:53 : Group: Alan: yo me hize 25k
02:26:54 : Group: reconnect: bueno no todo
02:27:54 : Group: Alan: no deja venderlo
02:27:55 : Group: Alan: xd
02:28:04 : Group: Alan: q se meta lo 2500 en el ogt
02:28:18 : Group: reconnect: NO
02:28:21 : Group: reconnect: JAJAJAAJ LE PIFIE
02:28:24 : Group: Alan: jajajaja
02:28:27 : Group: Alan: vendiste el mionca
02:28:30 : Group: reconnect: tenia todo adentro :P
02:28:34 : Group: reconnect: 25 cinder
02:28:43 : Group: Alan: uh
02:29:54 : Group: reconnect: bue me fui
02:30:02 : Group: reconnect: te deje la guita
14:00:14 : Group: Ignacio: asd
14:00:16 : Group: Ignacio: vieja
14:00:18 : Group: Ignacio: tas?
18:22:48 : Group: Alan: venite
18:22:53 : Group: Alan: hola reconnect
18:22:54 : Group: Alan: querido
18:23:09 : Group: reconnect: seguis aca? :P
18:23:10 : Group: Alan: vamos a trabajar a la cantera
18:23:15 : Group: Alan: recien me conecto
18:23:26 : Group: reconnect: na, olvidate yo voy a atirotear misione
18:23:41 : Group: Alan: ok vamos a misiones entonces
18:23:53 : Group: reconnect: quien disparo?
18:23:58 : Group: Alan: vamos en este q lo compre para llevar cosas
18:24:25 : Group: reconnect: llevemo la bici es re importante jajaj
18:24:38 : Group: Alan: maneja vos xd
18:24:41 : Group: reconnect: dispararon ojo
18:24:45 : Group: Alan: jaja es larzuk
18:25:48 : Group: reconnect: siguen disparando
18:26:59 : Group: Alan: hice bien en comprar esto
18:27:01 : Group: Alan: q te parece jaja
18:27:04 : Group: Alan: nooo
18:27:07 : Group: Alan: me dio el hdp
18:27:16 : Group: reconnect: aca hay una base
18:27:18 : Group: reconnect: curate
18:27:33 : Group: reconnect: veni cerra el mionca dp
18:27:42 : Group: Alan: esta base
18:27:45 : Group: Alan: es de nuestro amigo
18:27:49 : Group: Alan: q juega con nosotros
18:28:03 : Group: Alan: ojo q nos dispararon y me dieron
18:28:11 : Group: reconnect: es la mision
18:28:22 : Group: Alan: ah
18:28:25 : Group: Alan: mira
18:28:38 : Group: Alan: esto es de
18:28:44 : Group: Alan: el q juega con nosotros
18:28:55 : Group: Alan: luego de vaciar todo llevara todo para alla
18:29:02 : Group: Alan: igual llevo como 4 lockbox ya
18:29:44 : Group: reconnect: volvi
18:30:19 : Group: reconnect: hay gente muerta
18:30:37 : Group: reconnect: ojo seguro hay otro pibe por ahi
18:30:48 : Group: reconnect: separemosno
18:30:53 : Group: Alan: voy por el bosque
18:30:57 : Group: reconnect: 20 - 30 metros de distancia llevemo
18:31:09 : Group: reconnect: cerra el mionac
18:31:44 : Group: Alan: no me deja cerrarlo
18:31:50 : Group: Alan: ta
18:32:13 : Group: reconnect: tiros
18:32:15 : Group: Alan: se
18:33:02 : Group: Alan: desaparecio la mision
18:33:05 : Group: Alan: vamos rapido
18:33:11 : Group: reconnect: esta el tipito ahi ojo
18:34:36 : Group: reconnect: che desaparecioern los cuerpos todo
18:34:41 : Group: reconnect: no hay nada
18:35:07 : Group: Alan: como joraca sabes
18:35:10 : Group: Alan: si estas lejisimow
18:35:17 : Group: reconnect: estoy con binoculares
18:36:03 : Group: reconnect: tengo binoculares, banca q tengo qq hacer una llamada
18:36:10 : Group: Alan: ok
18:36:59 : Group: reconnect: el chopper? lo perdiste por completo?
18:37:26 : Group: Alan: si xd
18:37:38 : Group: Alan: por q tiemblo tanto ? ya me tome 3 paikiller
18:37:39 : Group: reconnect: la llave la tenes o perdiste el lugar?
18:37:46 : Group: reconnect: llevas mucho peso?
18:37:51 : Group: Alan: mm
18:37:53 : Group: Alan: 400
18:46:19 : Group: reconnect: volvi
18:46:34 : Group: reconnect: matate un zombi
18:46:37 : Group: reconnect: q
18:56:34 : Group: reconnect: deje la llave en el lockbox
18:56:40 : Group: reconnect: trae la del mionca
18:57:00 : Group: reconnect: si tenes algo de valor mandalo
18:57:55 : Group: reconnect: ANOTA LA COMBINACION: BLUE82
18:58:00 : Group: reconnect: SI TENES GUITA DEJALA TMB
18:58:05 : Group: reconnect: O LO QUE SEA DE VALOR POR SI MORIS
18:58:13 : Group: Alan: ta
18:58:18 : Group: reconnect: BLUE 82
18:58:20 : Group: Alan: ok
18:58:44 : Group: reconnect: VAMOS EN FORMACION ABIERTA. 30MT APROX
18:58:49 : Group: Alan: ok
18:59:18 : Group: Alan: queda para la derecha
18:59:52 : Group: reconnect: SEGUIS TEMBLANDO?
19:00:04 : Group: Alan: nono
19:00:36 : Group: reconnect: mas abiertos, cosa que yo no te escuche
19:00:40 : Group: reconnect: por si hay otro
19:00:50 : Group: Alan: mata esos zombis
19:00:52 : Group: Alan: q tenes silenciador
19:00:54 : Group: reconnect: nosotros nos vemos por la radio
19:01:49 : Group: reconnect: siempre que veas zombis en una zona que no estuviste desconfia
19:01:56 : Group: reconnect: los zombis respawnean cerca de los players
19:02:01 : Group: reconnect: 150-200m
19:02:06 : Group: Alan: ahh
19:02:15 : Group: reconnect: puede ser por nosotros--- o no
19:02:33 : Group: Alan: claro
19:03:27 : Group: reconnect: tengo buena vision para bajar un cal50
19:03:38 : Group: reconnect: 1sec
19:03:48 : Group: reconnect: murio
19:03:49 : Group: Alan: ok
19:03:52 : Group: reconnect: veo la otra
19:03:56 : Group: Alan: aca veo 2
19:04:01 : Group: Alan: c.50
19:04:16 : Group: reconnect: pegaba en la chapa jaja
19:04:22 : Group: reconnect: otra menos, me falta 1
19:04:27 : Group: Alan: esta cerca
19:04:29 : Group: Alan: del heli
19:04:30 : Group: reconnect: alla al fondo
19:05:03 : Group: Alan: le estas errando feo
19:05:04 : Group: Alan: xd
19:05:36 : Group: Alan: uhh
19:05:43 : Group: Alan: me dieron
19:13:51 : Group: reconnect: NO PUDE RECUPERAR TU CUERPO
19:14:02 : Group: reconnect: TENIA A DOS, NO SE SI SON BOTS O PLAYERS
19:14:20 : Group: Alan: uhh
19:16:16 : Group: Alan: ya recupere el mio
19:16:20 : Group: reconnect: JOYA
19:16:28 : Group: reconnect: ME RECAGARON A TIROS 2 
19:16:38 : Group: reconnect: UNA M240 Y UN SVD 
19:16:44 : Group: Alan: son player ?
19:16:57 : Group: reconnect: NO SE, LOS TENIA MUY CERCA ERA MUY RARO
19:18:45 : Group: Alan: decime
19:18:48 : Group: Alan: cunado le damos
19:18:54 : Group: reconnect: DAME 1MINU
19:19:18 : Group: reconnect: CON ESA Q HACE RUIDO TRATA DE ESCONDERTE ATRAS DE UN ARBOL GRANDE
19:19:45 : Group: Alan: ta
19:19:51 : Group: reconnect: YO ESTOY READY
19:19:59 : Group: Alan: vos le das a .50 ?
19:20:05 : Group: reconnect: YA NO HAY MAS
19:20:09 : Group: Alan: si ay 1
19:20:10 : Group: reconnect: TELEFONO
19:20:13 : Group: Alan: ok
20:02:31 : Group: Alan: juan no para de mirar porno
20:03:16 : Group: Alan: empiezo ?
20:03:17 : Group: reconnect: ahi baje la otra artillada
20:12:31 : Group: reconnect: NO SE KE ONDA DESAPARECIO LA MISION
20:12:51 : Group: Alan: ESO VI, UNA MIERDA
20:13:26 : Group: reconnect: AH NO OJO
20:13:30 : Group: reconnect: ESTA LA MISION AHI
20:13:34 : Group: reconnect: CAPAZ Q HAY ALGUIEN
20:14:09 : Group: Alan: q paso
20:15:40 : Group: reconnect: encontraste tu cuerpo?
20:15:49 : Group: Alan: sisi
20:16:01 : Group: Alan: ahh abra pasado el tiempo ya
20:16:19 : Group: reconnect: .vamo al centro
20:17:35 : Group: reconnect: vos que estas mas cerca
20:17:40 : Group: reconnect: traete el mionca
20:17:44 : Group: reconnect: ah no
20:17:47 : Group: reconnect: ahi voy
20:17:57 : Group: Alan: viste eso xd
20:18:03 : Group: reconnect: q
20:18:03 : Group: Alan: alan banned for hack
20:18:12 : Group: reconnect: donde?
20:19:08 : Group: reconnect: como era el pass?
20:19:16 : Group: Alan: blue82
20:21:00 : Group: Alan: HABIA UN BOT JAJA
20:21:02 : Group: Alan: EN EL MEDIOO
20:33:47 : Group: reconnect: lol, me estrelle
20:34:00 : Group: Alan: jaja q pleotudo
20:35:14 : Group: Alan: no moriaa
20:35:21 : Group: Alan: 3 cargadores
20:35:23 : Group: Alan: me gaste
20:35:42 : Group: Alan: se los cuerpos
20:38:26 : Group: Alan: tamos
20:39:40 : Group: Alan: sacaste
20:39:43 : Group: Alan: los coins
20:39:49 : Group: Alan: ?
20:39:52 : Group: reconnect: DE DONDE?
20:39:57 : Group: Alan: del lockbox q pusiste
20:40:00 : Group: Alan: donde estaban las llaves
20:40:02 : Group: reconnect: NO PUSE MONEDAS
20:40:08 : Group: Alan: yo puse 300
20:40:11 : Group: Alan: k
20:40:14 : Group: reconnect: AH
20:40:21 : Group: Alan: vamos a agarrarlo
20:40:28 : Group: Alan: de paso voy a comprar algo para morfar
20:40:35 : Group: Alan: tardo 5 minutitos
20:40:35 : Group: reconnect: AHI TE DEJE
20:40:42 : Group: reconnect: AH EN LA VIDA REAL
20:40:49 : Group: Alan: jajajaja
20:40:51 : Group: Alan: sos un culiao
20:41:03 : Group: Alan: fijate q en el lockbox deje como 300k de coins
20:41:06 : Group: reconnect: ACA NO ERA?
20:41:07 : Group: Alan: agarralos 
20:41:09 : Group: Alan: ya vuelvo
20:41:16 : Group: Alan: no me acuerdo jaja
20:43:18 : Group: Alan: y lo encontraste ?
20:43:33 : Group: reconnect: NO
20:43:42 : Group: Alan: uhh jaja
20:43:43 : Group: reconnect: LO ANOTE ME DA PAJA
20:43:46 : Group: reconnect: EN EL MAUIL
20:43:48 : Group: reconnect: AMILE
20:43:50 : Group: reconnect: MAIL
20:43:59 : Group: Alan: ok, ay vengo
20:44:03 : Group: Alan: voy al kiosko
20:44:14 : Group: reconnect: OK
21:12:18 : Group: 造TreYC造: ahora sii
21:12:26 : Group: BrianNN: para no matarnos es
21:12:38 : Group: BrianNN: nosotros andamos mirando que tiene el sv
21:13:02 : Group: 造TreYC造: que onda con el server, tiene alguna pagina o algo para promocionarlo
21:13:12 : Group: BrianNN: ni idea
21:13:19 : Group: BrianNN: tieneFB
22:40:42 : Group: Alan: alfin te conectaste papa jaja
22:40:53 : Group: edgar: xD 
22:41:04 : Group: edgar: si me conecto pero a otras horas
22:41:17 : Group: Alan: te conectas en otros servers ?
22:41:23 : Group: edgar: tambien
22:41:26 : Group: Alan: ahh con razon
22:41:29 : Group: Alan: agregame a steam
22:41:31 : Group: Alan: asi viciamos juntos
22:41:32 : Group: edgar: ok
22:41:40 : Group: edgar: tienes ts?
22:41:44 : Group: Alan: ts3 si
22:41:50 : Group: edgar: micro?
22:41:53 : Group: Alan: tambien
22:41:58 : Group: edgar: mmmm
22:42:05 : Group: edgar: cual es tu cuenta de steam?
22:42:12 : Group: Alan: MukHenn
22:42:21 : Group: Alan: la foto de perfil
22:42:24 : Group: edgar: ok
22:42:27 : Group: edgar: la mia es edgarknd
22:42:27 : Group: Alan: es la cara del wazon
22:42:35 : Group: edgar: ok boy a steam
22:42:39 : Group: Alan: ok
22:43:31 : Group: edgar: llisto
22:43:37 : Group: Alan: ay tamos
22:43:43 : Group: Alan: che me estoy por hacer mi base
22:43:47 : Group: Alan: vi la tuya
22:43:49 : Group: Alan: y me emocione jajaja
22:43:57 : Group: edgar: la mia se esta destruyendo :(
22:44:04 : Group: Alan: como que destruyendo ?
22:44:09 : Group: edgar: pos nose
22:44:20 : Group: Alan: quieres sacar
22:44:25 : Group: edgar: nole puedo dar manteminiento
22:44:28 : Group: Alan: tu base y la hacemos en mi parte
22:44:35 : Group: Alan: tengo ya bastante cinder block y lo otro
22:44:42 : Group: edgar: en donde?
22:44:42 : Group: Alan: con vos seriamos 4
22:44:57 : Group: Alan: ven quieres q vallamos ?
22:45:00 : Group: edgar: si
22:45:07 : Group: edgar: te sigo
22:46:20 : Group: Alan: a 6k de m esta
22:46:26 : Group: edgar: mmm
22:46:29 : Group: edgar: muy lejos
22:46:32 : Group: Alan: se jaja
22:48:38 : Group: edgar: me puedes desir las cordenadas?
22:48:42 : Group: edgar: dela base
22:49:08 : Group: Alan: 14 de arriba y 01 
22:49:14 : Group: Alan: 01 de los costado
22:50:25 : Group: edgar: sale que esta a 9.5 kilometros
22:50:34 : Group: Alan: naa 3900 ahora
22:51:10 : Group: edgar: entonces era 114 arriba 01 al ladoe
22:52:35 : Group: edgar: ubiaramos ido por la calle para yagar asta aki
22:52:51 : Group: Alan: jaja no me se el camino bien
22:52:55 : Group: Alan: es la primera ves q lo hago por tierra
22:57:18 : Group: Alan: y eso
22:57:36 : Group: edgar: que
22:57:41 : Group: Alan: esto no es mio
22:57:59 : Group: Alan: jaja lel
22:58:01 : Group: Alan: ven rapido
22:58:13 : Group: edgar: espera mi auto es muy lento en tierra
22:58:21 : Group: Alan: me hice 1 meter plot
23:00:09 : Group: Alan: vas mas rapido q el mio
23:00:09 : Group: Alan: xd
23:00:15 : Group: Alan: me encontre
23:00:17 : Group: Alan: con esto
23:00:20 : Group: Alan: cerca de mi base
23:00:27 : Group: Alan: ya saque el meterpole
23:00:37 : Group: Alan: vamos
23:00:40 : Group: Alan: ahora a la mia xd
23:00:48 : Group: edgar: esta no es tuyo?
23:00:53 : Group: Alan: no
23:02:44 : Group: edgar: me dejastes muy atras
23:02:55 : Group: Alan: se _
23:03:24 : Group: Alan: pura pinta eso
23:03:28 : Group: Alan: pero de motor una banana jaja
23:03:35 : Group: edgar: xDDe
23:04:47 : Group: edgar: lol
23:05:01 : Group: Alan: jaja
23:05:03 : Group: edgar: me gusta este lugar
23:05:08 : Group: Alan: esta muyy bueno
23:05:13 : Group: Alan: por eso te digo
23:05:17 : Group: Alan: q si quieres unirte 
23:05:20 : Group: Alan: ven con nosotros
23:05:33 : Group: edgar: mmm
23:05:37 : Group: Alan: mira
23:05:40 : Group: edgar: quienes son
23:05:46 : Group: edgar: los otros
23:05:51 : Group: Alan: reconnect y otro q ni se conecta
23:05:58 : Group: Alan: pero todo locos grandes
23:06:03 : Group: Alan: no son pendejos
23:06:06 : Group: Alan: cara de japis
23:06:07 : Group: Alan: xd
23:06:14 : Group: Alan: mira
23:06:17 : Group: edgar: pero
23:06:24 : Group: edgar: creo que hay un bug
23:06:29 : Group: Alan: cual
23:06:30 : Group: edgar: las bases se desaparecen
23:06:47 : Group: Alan: no creo por q vi la de Nah
23:06:53 : Group: Alan: q hace rato la tiene
23:06:57 : Group: Alan: nunca le desaparecio
23:07:07 : Group: Alan: mira
23:07:27 : Group: edgar: bamos a mi base a sacar cosas
23:07:37 : Group: edgar: y por mi heli
23:07:41 : Group: Alan: ok mira
23:07:43 : Group: Alan: esta
23:07:55 : Group: Alan: la primera es blue31
23:07:58 : Group: Alan: digo 
23:08:00 : Group: Alan: blue06
23:08:08 : Group: Alan: la 2da es green60
23:08:14 : Group: Alan: y esta ultima blue71
23:08:21 : Group: edgar: ok
23:08:28 : Group: Alan: y esta
23:08:30 : Group: Alan: blue31
23:08:51 : Group: Alan: pera q lo vuelvo a poner
23:09:00 : Group: edgar: ok
23:09:33 : Group: Alan: no me deja sacarlo
23:10:14 : Group: Alan: accepta
23:10:17 : Group: Alan: el friend
23:10:33 : Group: edgar: como
23:10:47 : Group: Alan: con la ruedita
23:11:15 : Group: Alan: fijate
23:11:18 : Group: Alan: si podes sacar el plot
23:18:38 : Group: edgar: seme fue el internet :V
23:18:43 : Group: Alan: si vi xd
23:18:48 : Group: Alan: viste
23:18:52 : Group: Alan: los cinder blok q hay _
23:19:04 : Group: edgar: cuantos?
23:19:35 : Group: Alan: fijate q estaba
23:20:15 : Group: Alan: ah ya lo hicimos
23:20:20 : Group: Alan: todo paredes
23:20:24 : Group: Alan: fijate las paredes, garage
23:20:28 : Group: edgar: ok
23:20:40 : Group: Alan: tenemos que
23:20:45 : Group: Alan: mira veni
23:20:48 : Group: Alan: vos q sabes mas
23:20:54 : Group: Alan: esto es lo q queriamos hacer
23:21:00 : Group: Alan: hacer un garage
23:21:10 : Group: Alan: y tmb un helipuerto
23:21:13 : Group: Alan: algo bien grande
23:21:15 : Group: Alan: y que cubra
23:21:18 : Group: Alan: la casa esta
23:21:22 : Group: edgar: como el mio?
23:21:25 : Group: Alan: claroo
23:21:29 : Group: Alan: pero como mas grande
23:21:30 : Group: edgar: mmm
23:21:43 : Group: edgar: y que esta mas alto
23:21:58 : Group: Alan: claro
23:22:13 : Group: edgar: cuando bamos por mis 2 safes
23:22:18 : Group: edgar: y mis materiales
23:22:19 : Group: Alan: ya si quieres
23:22:58 : Group: Alan: la clave deaca
23:23:00 : Group: Alan: es 046
23:23:13 : Group: edgar: vamos en el heli?
23:23:20 : Group: Alan: si
23:23:23 : Group: Alan: pero
23:23:27 : Group: Alan: alla tenes una chata _
23:23:31 : Group: Alan: un camion o algo _
23:23:34 : Group: edgar: si
23:23:36 : Group: Alan: ok
23:23:42 : Group: Alan: maneja vos
23:23:48 : Group: Alan: no recuerdo donde era tu base
23:26:15 : Group: edgar: xD
23:26:16 : Group: Alan: deja de hacer eso culiado me asustaste
23:26:17 : Group: Alan: jaja
23:27:07 : Group: edgar: tengo 2 plot
23:27:19 : Group: Alan: yo 1 mas tengo
23:27:36 : Group: edgar: ya lo encontre
23:28:09 : Group: Alan: lel/
23:28:14 : Group: Alan: veo todo buugueado
23:28:27 : Group: Alan: ves todo bien vos +_
23:28:35 : Group: edgar: pos mira la base por partes
23:28:46 : Group: Alan: espera relogueo
23:28:48 : Group: Alan: q veo todo bug
23:28:54 : Group: edgar: ok
23:37:24 : Group: Alan: lel-
23:37:26 : Group: edgar: ya estoy lleno de cosas
23:37:29 : Group: Alan: veo todo bug
23:37:35 : Group: edgar: y el carro tambien
23:37:43 : Group: edgar: deseguro miras todo normal
23:37:44 : Group: Alan: llenaste mi helicoptero ?
23:37:53 : Group: edgar: me falto eso
23:38:28 : Group: edgar: no tiene espacio
23:38:35 : Group: Alan: uh
23:38:58 : Group: Alan: pera
23:39:01 : Group: Alan: no vallas en eso
23:39:05 : Group: Alan: te lo llevo con el helicoptero
23:39:07 : Group: edgar: por
23:39:17 : Group: edgar: nose puede
23:39:21 : Group: Alan: como q no ?
23:39:28 : Group: edgar: con ese heli no
23:39:33 : Group: Alan: si si se puede
23:39:36 : Group: Alan: ya lleve 1
23:39:40 : Group: edgar: aber intenta
23:39:44 : Group: Alan: mandale tow
23:39:51 : Group: edgar: ya
23:39:52 : Group: Alan: bajate ydejalo abierta
23:40:00 : Group: edgar: lol
23:40:06 : Group: Alan: tenemos qvenir de nuevo ?
23:40:10 : Group: edgar: si
23:40:12 : Group: Alan: ok sube
23:40:31 : Group: edgar: que paso
23:40:48 : Group: edgar: por que me dejas
23:40:50 : Group: edgar: xD
23:40:54 : Group: Alan: no te subiste ?
23:40:57 : Group: edgar: si
23:41:01 : Group: edgar: pero se bajo solo
23:41:13 : Group: Alan: ahh no vi q te habias bajado xd
23:42:33 : Group: Alan: te volviste a bajar ?
23:42:35 : Group: Alan: jaja q carajo
23:42:38 : Group: edgar: se baja solo
23:42:41 : Group: Alan: anda en el tuyo
23:42:47 : Group: edgar: ok
23:42:52 : Group: edgar: solo me falta repararlo
23:42:58 : Group: Alan: uhh
23:43:12 : Group: edgar: mmm
23:43:22 : Group: Alan: por q se te baja ?
23:43:24 : Group: edgar: orita buelves
23:43:26 : Group: edgar: nose
23:47:47 : Group: edgar: ya boy para aya
23:49:01 : Group: edgar: dije que ya iba
23:49:11 : Group: Alan: no te habia leido
23:51:19 : Group: edgar: orita bamos por las demas cosas y por mi heli
23:51:33 : Group: Alan: ok
23:51:36 : Group: Alan: 046
23:51:38 : Group: Alan: anotala
23:52:27 : Group: edgar: no puedo poner la safe
23:52:49 : Group: Alan: esta la safe esta
23:52:52 : Group: Alan: pero no la puedo sacar
23:53:22 : Group: Alan: fijate si la podes sacar
23:53:27 : Group: edgar: si puedo
23:54:16 : Group: edgar: entonces?
23:54:36 : Group: Alan: mmm
23:54:40 : Group: Alan: ahora cuando venga juan
23:54:42 : Group: Alan: le digo
23:54:55 : Group: edgar: por que que bas a aser?
23:55:07 : Group: Alan: me aparece mantain area y maintain area preview en rojo
23:55:23 : Group: edgar: ocupo ir rapido a un lugar
23:55:36 : Group: Alan: ok
23:55:39 : Group: Alan: te espero
23:59:08 : Group: edgar: llege a tiempo
