01:02:35 : Side: reconnect: acepta el ivnite dp
01:04:15 : Side: reconnect: e putow
01:04:20 : Side: Alan: putasoo
01:04:27 : Side: reconnect: radio
01:12:37 : Side: reconnect: ts
01:14:28 : Side: reconnect: radio
01:14:31 : Side: reconnect: o ts
01:17:06 : Side: Alan: jajaja
01:23:05 : Side: reconnect: estas?
01:29:35 : Side: Alan: ACEPTA
01:35:06 : Side: reconnect: ENTRA AL TS
01:58:40 : Side: sebastian: hola
01:59:07 : Side: Alan: hola sbea
01:59:10 : Side: reconnect: comov a
01:59:24 : Side: sebastian: jaja bien son las 2 de la mañana aca xd
01:59:33 : Side: sebastian: y ustedes
01:59:45 : Side: Alan: tmb y borrachso
01:59:47 : Side: Alan: borrachos
02:00:02 : Side: sebastian: xd donde andan ?
02:00:27 : Side: Alan: haciendo misiones
02:00:52 : Side: sebastian: ah
02:03:06 : Side: Alan: ay 3 armas
02:03:09 : Side: Alan: q no la puedo vender
02:03:20 : Side: Alan: como haces tan rapido _
02:03:30 : Side: sebastian: que onda ya no puedo crear la bici :c
02:03:41 : Side: Alan: woo
02:03:49 : Side: Alan: q mierda haces
02:03:52 : Side: sebastian: 5 km a pata
02:04:07 : Side: Alan: ahh
02:04:43 : Side: reconnect: ya te damos una mano banca q estamos vendiendo
02:04:57 : Side: sebastian: estan el el centro ?
02:05:09 : Side: sebastian: mercado
02:05:11 : Side: Alan: sisi venite
02:05:32 : Side: Alan: nono yo tmp
02:05:35 : Side: sebastian: un kilometro y medio
02:07:10 : Side: Alan: woo
02:07:13 : Side: Alan: pero 
02:07:16 : Side: Alan: yo tmb vendi
02:07:26 : Side: Alan: mira
02:07:28 : Side: Alan: ay bastante
02:07:30 : Side: Alan: cosas
02:07:31 : Side: Alan: para vender
02:07:34 : Side: Alan: pero nose donde
02:07:37 : Side: Alan: simuchisimo
02:09:19 : Side: sebastian: reconect encontre un veiculo igual al tuyo
02:09:28 : Side: Alan: y vediste todo _
02:10:02 : Side: reconnect: SEBA, DONDE?
02:10:07 : Side: reconnect: capaz es el mio :)
02:10:22 : Side: sebastian: esta a 600 metros de el mercado central
02:10:29 : Side: reconnect: si es mio :)
02:10:37 : Side: sebastian: a oka xd
02:11:14 : Side: reconnect: venite seba estamos en el trader
02:11:26 : Side: sebastian: falta poco
02:12:59 : Side: Davi: Hola gente como les anda el server?
02:13:14 : Side: reconnect: el mejor sevver de latino america
02:13:16 : Side: Alan: hola davi
02:14:01 : Side: Davi: Hola Alan, cualquier duda me avisan, y se lo trasmito al admin. Yo vengo a ver como anda y ver como andan ustedes.
02:14:19 : Side: Alan: a sos admin _ 
02:14:32 : Side: reconnect: anda joya
02:14:49 : Side: reconnect: es lo mejor que jugue en latam
02:15:04 : Side: Alan: en  cualquier momento nos deja las jermu
02:15:08 : Side: reconnect: fps altos y buen server
02:15:09 : Side: Alan: por este server de mierd !! jaja
02:15:09 : Side: Davi: Admin de la FanPage, pero cualquier cosa me avisan no hay drama.
02:15:23 : Side: reconnect: es el unico server que tengo fps altos, excelente
02:15:54 : Side: Davi: Bueno me alegro, si el admin se la pasa haciendo cosas y mejorando todo el tiempo. Asique me alegro que les ande bien.
02:15:56 : Side: Alan: un bondi vas acomprar _
02:16:00 : Side: sebastian: no me deja vender armas :c
02:16:07 : Side: Alan: gracias papa
02:16:09 : Side: Alan: gran server
02:49:37 : Side: reconnect: te escuche tirar D:
02:49:49 : Side: Davi: Se yo tire jaja vaan nomas
02:49:57 : Side: Davi: Uhhh se mato aquel
02:50:10 : Side: Alan: culiao jaja
02:50:13 : Side: Alan: ta loco este heli
02:51:01 : Side: Davi: posta que estan asperos los zombies
02:51:10 : Side: Alan: si eso hay q bajarle un poco
02:51:14 : Side: Alan: es lo unico malo
02:51:33 : Side: reconnect: DAVI friendly?
02:51:57 : Side: Davi: Si sii
02:51:58 : Side: reconnect: davo
02:52:00 : Side: reconnect: OK
02:52:03 : Side: Davi: Bajen tranqui no les hago nada
02:52:10 : Side: Alan: davi
02:52:13 : Side: Alan: dame respiracion boca a boca
02:52:16 : Side: Alan: q no me levanto mas
02:52:37 : Side: Alan: saca
02:57:37 : Side: Alan: abri
02:57:40 : Side: Alan: el heli q voy al kiosko y vengo
02:57:42 : Side: Alan: lo dejo adentro
03:06:10 : Side: Alan: pera ay me conecto aguantame qvoi al kiosko
03:35:13 : Side: reconnect: q pasa mana
03:35:18 : Side: reconnect: q ona
03:35:34 : Side: reconnect: q onda flaco
03:35:36 : Side: /morraco/: hola
03:35:47 : Side: reconnect: todo bien 
03:36:12 : Side: /morraco/: aqui conociendo el server
03:36:33 : Side: reconnect: nice
03:36:47 : Side: /morraco/: aqui no sevenden armas
03:36:55 : Side: Alan: aca donde estoy
03:37:24 : Side: Alan: este
03:37:27 : Side: Alan: trader menu
03:37:34 : Side: reconnect: no
03:37:35 : Side: Alan: acerca el zoom
03:37:36 : Side: reconnect: COMPRA RAPIDA
03:37:37 : Side: Alan: y sacalo
03:37:55 : Side: /morraco/: a con razon
03:38:03 : Side: /morraco/: ok gracias
03:38:16 : Side: Alan: de nada
03:38:42 : Side: Alan: ,
03:51:12 : Side: Alan: loco
03:51:15 : Side: Alan: queres este camion _
03:51:16 : Side: reconnect: morraco estas en el trader aun?
03:51:27 : Side: /morraco/: si
03:51:50 : Side: Alan: te tiro las llaves aca
03:51:54 : Side: /morraco/: me serviria mucho
03:51:54 : Side: reconnect: dale las llaves no te olvide
03:52:01 : Side: Alan: pera q llaves eran
03:52:13 : Side: Alan: pera morraco
03:52:15 : Side: Alan: q me fijo las llaves
03:52:17 : Side: Alan: asi te las doi
03:52:37 : Side: Alan: aca estan
03:52:45 : Side: reconnect: sos nuevo en el dayzmod?
03:53:01 : Side: /morraco/: si hace poco lo compre
03:53:09 : Side: Alan: correte reco
03:53:13 : Side: Alan: q no lo dejas agarrar la llave
03:53:14 : Side: reconnect: esa arma es medio pija
03:53:24 : Side: reconnect: no compres nada que diga HOLO
03:53:33 : Side: /morraco/: ok
03:53:50 : Side: Alan: aca estan
03:53:51 : Side: Alan: abajo tuyo
03:54:02 : Side: /morraco/: ok ya gracias
03:54:08 : Side: reconnect: toma
03:54:18 : Side: /morraco/: algun sitio bueno para buscar cosas
03:54:28 : Side: reconnect: te di 80k de monedas, usalas
03:54:53 : Side: /morraco/: huy bien gracias
03:55:16 : Side: reconnect: usa el camion para guardar la plata. Si lo guardas y lo cerras, es indestructible
03:55:32 : Side: /morraco/: a bien 
03:56:16 : Side: Alan: a donde vamos
03:56:43 : Side: reconnect: mision
03:56:54 : Side: Alan: lo hubieramos traido
03:56:56 : Side: Alan: a moraco
03:56:57 : Side: Alan: xd
03:56:59 : Side: Alan: asi veia
04:08:16 : Side: reconnect: tas vivo?
04:08:20 : Side: Alan: sisi
04:08:47 : Side: Alan: terribleee
04:09:30 : Side: /morraco/: ups los puestos de control  no se puede uno ni medio arrimar
04:10:08 : Side: Alan: jaja ta dificil
04:10:10 : Side: Alan: pero se puede
04:10:32 : Side: /morraco/: si
04:48:45 : Side: Alan: moraco si ma;ana te conectas
04:48:49 : Side: Alan: te llevamos demision
04:48:56 : Side: Alan: asi te haces buena moneda
04:49:10 : Side: /morraco/: ok listo
04:52:50 : Side: Alan: woo se me tildo todo
04:52:54 : Side: Alan: sigo remil tildadod
04:53:10 : Side: Alan: me salgo q esta todo tildado
04:53:17 : Side: Alan: ma;ana seguimos 
04:53:20 : Side: reconnect: dale
04:53:20 : Side: Alan: un arbrazoo
04:53:29 : Side: Alan: lel se me ve todo en cualquiera jaja
16:50:32 : Side: galle: asique casi te mata el pablo
20:08:06 : Side: Alan: buenas
20:15:30 : Side: Alan: q carajo 
20:15:31 : Side: Alan: paso
20:35:46 : Side: juandayz: hola alan
20:43:49 : Side: Alan: juan estas ?
21:51:41 : Side: Alan: rulo triadorr
21:52:36 : Side: Alan: ruloo
23:45:58 : Side: galle: JELOU
23:46:24 : Side: galle: NO ME DEJA LABURAR
23:47:24 : Side: galle: nop
23:59:44 : Side: JF: Hola gente
