00:18:39 : Side: JF: HOLA GENTE, TODO BIEN?
00:19:13 : Side: jco winchester: todo bien?
00:19:18 : Side: jco winchester: smn
00:21:00 : Side: JF: barbaro!!
00:23:30 : Side: [WG] SnakeGeneral: admin on ?
01:36:19 : Side: JF: veni toma
01:37:18 : Side: JF: en el fondo en la enfermeria
01:48:39 : Side: Leyva: .l.
01:48:53 : Side: Paez 420: ????
03:16:18 : Side: Leyva: ,,}-}
12:49:38 : Side: JF: Hola Jose todo bien?
12:50:51 : Side: JF: no se todas las veces me hace la misma historia la maquina despuesd que entro me corta y tengo que volver a entrar a veces  mas de una ves
12:51:44 : Side: JF: el problema que no podes confiar porque te subis a un veiculo y te hace palmar 
12:53:04 : Side: JF: si error del derver pero ayer me mató literalmente no me dejaba bajar de un camioneta y al hacer la extracion me da por muerto 
12:53:36 : Side: JF: es una cagada por que me va matando por los errores de la maquina no por los mios 
12:54:45 : Side: JF: Che como andas ,vos estabas medio en terapia me dijo santiago jaja
12:55:04 : Side: JF: No nada por ahora gracias
12:56:04 : Side: JF: y es cierto que te pusiste mimoson y te atacó peor ..xD!!
12:56:18 : Side: JF: jajajajajaaaa
12:56:57 : Side: JF: asi dijo santiago yo solo hago eco de sus palabras 
12:57:46 : Side: JF: estoy esperando que se le da la puta ganas de cortar de nuevo pero seguro se le va a antojar cuando me decida a machar
12:59:43 : Side: JF: no la tengo muy clara , los aceites del frasquito negro se preparan previamente con nafta para el funcionamiento de motosierras y eso 
13:00:13 : Side: JF: probablemente tenga algun uso con los barcos y lanchas digo no se...
13:01:09 : Side: JF: vendeselo o al de traje o al de los cinder block
13:02:04 : Side: JF: si creo que si esperame un rato que estan golpeando la puerta debo atender
13:08:23 : Side: JF: ya volvi 
13:08:39 : Side: JF: Hola santiago como anda
13:08:52 : Side: santiago: mal
13:09:11 : Side: JF: que te pasó!!! xD
13:10:07 : Side: santiago: me mattaeron y sali or mi cosas pero me tuve q salir por un momento pero no veo la marca de donde esta mi cuerpo
13:10:59 : Side: JF: Como que te saliste?
13:11:17 : Side: JF: del juego , te desconectaste queres decir
13:11:43 : Side: santiago: forzado
13:12:39 : Side: JF: uhhh no se puede que el admin te ayude invocalo a ver si el puede no pierdas tiempo porque corre el tiempo
13:15:26 : Side: santiago: ya vienen ustedes?
13:16:09 : Side: JF: y vos donde estas?
13:16:39 : Side: santiago: si perdi todo
13:16:47 : Side: santiago: el cuerpo no esta
13:21:52 : Side: santiago: ayuda
13:22:55 : Side: JF: SANTIAGO ESCRIBI " ADMIN" Y PEDILE AYUDA
13:23:04 : Side: JF: CON LETRAS BLANCAS
13:27:29 : Side: JF: No no puedo invoca al admin como te dije si no vas a perder todo
13:30:56 : Side: JF: jose luis podrias rescatarlo vos yo estoy tratando de terminar un problema del trader
13:32:06 : Side: JF: no no hagas eso porque vas  a perder lo poco que tenes 
13:32:10 : Side: JF: de nuevo
13:33:24 : Side: juandayz: hola chicos
13:34:09 : Side: JF: HOLA JUAN COMO ESTAS ??
13:34:16 : Side: juandayz: bien, vos
13:34:34 : Side: JF: AQUI CON ALGUNOS INCONVENIENTES SANTIAGO NO SE SI PODRAS AYUDARLO
13:34:43 : Side: juandayz: que te pasa santiago
13:35:50 : Side: JF: Ami me bardeo la maquina ayer pero bue ya paso tuve que nacer de nuevo por errores de la maquina no por los mios..
13:40:48 : Side: santiago: INVITEN AL GRUPO+
13:42:48 : Side: juandayz: eu quieren venir al airfield conmigo? a joder un rato
13:43:14 : Side: JF: y es jose l el que te tiene que invitar pero esta paralizado
13:43:31 : Side: juandayz: nos vamos en este seuper heli :D
13:44:37 : Side: JF: cuidado con la helice que esta incrustada en el techo del puestito ...
13:44:44 : Side: juandayz: venis?
13:44:55 : Side: juandayz: yo proveo las armas
13:45:52 : Side: JF: -jose luis puede ir yo estoy hasta las macetas 
13:46:06 : Side: juandayz: jajajaja sos una nena jf
13:47:00 : Side: JF: jajajaja si vos lo decis , vos porque tenes vida eterna
13:54:17 : Side: juandayz: entonces JF no me acompañas al airfield?
13:54:44 : Side: JF: si me esperas que voy y vuwlvo ai
13:55:03 : Side: Jose Luis: juan
13:55:08 : Side: JF: que voy y vuelvo si
13:55:26 : Side: Helmans: fazer missao no airfield ?
13:55:36 : Side: juandayz: sim, queres venr?
13:55:47 : Side: Helmans: no gracias
13:55:56 : Side: juandayz: ok, bienvenido helmans
13:56:30 : Side: Helmans: gracias
13:58:30 : Side: Helmans: puesto de controle charlie 44 tienes NPC
14:08:57 : Side: Helmans: server caiu ?
14:17:26 : Side: Jose Luis: jf
14:22:23 : Side: JF: LA PUTA MADRE QUE LO REMIL PARIO LOCO OTRA VES ME SACÓ ESTA CAGADA AHORA ME HIZO PERDER EL CARGAMENTO. 
14:22:51 : Side: Jose Luis: asi es esta mierda
14:23:06 : Side: Jose Luis: no hay otro server latino
14:23:18 : Side: Jose Luis: ???
14:25:06 : Side: Jose Luis: yo estoy que me voy al carajo de este server
14:25:37 : Side: Jose Luis: por x o y razon lo unico que hago es perder
14:26:20 : Side: Jose Luis: santiago mi plot
14:29:27 : Side: JF: CHE JUAN se me corto el server jutito antes de aterrizar en la torre y perdi todo lo que traia ---
14:30:28 : Side: JF: ahora el heli aparece adentro de la torre y para completar me bloquea la entrada 
14:30:54 : Side: Jose Luis: jf no hay mas server platinos
14:31:00 : Side: Jose Luis: latinos?
14:31:36 : Side: PaLMaK2: helo
14:31:56 : Side: PaLMaK2: tava andando de bike, bugou e fui teleportado pro oceano
14:32:18 : Side: Jose Luis: tienes que esperar a que termine de armarse
14:32:43 : Side: PaLMaK2: no entendo
14:32:48 : Side: JF: tendre que esperar al reinicio para entrar , no te puedo acompañar ,esto no esta bien 
14:33:16 : Side: Jose Luis: santiago mi plot
14:34:03 : Side: JF: Hola uno mas que confirma que las bici son otro peligro
