03:46:07 : Direct: Viciuz: Hola :P
03:46:39 : Direct: Viciuz: es tu camioneta?
03:46:50 : Direct: Viciuz: NO ESCRIBAS EN CHAT AZUL
03:46:52 : Direct: Viciuz: ESCRIBE AQUI
03:46:55 : Direct: Viciuz: EN CHAT BLANCO
03:47:35 : Direct: Viciuz: yo tengo una igual
03:47:37 : Direct: Viciuz: acompañame porfa
03:47:40 : Direct: Viciuz: ire a reparar mi camion
03:56:21 : Direct: edgar: este heli?
03:56:25 : Direct: Viciuz: Si
04:03:55 : Direct: Viciuz: Oye!
04:03:57 : Direct: Viciuz: oye oye oye
04:04:01 : Direct: Viciuz: me ayudas?
04:04:24 : Direct: Viciuz: Dejare mis vehiculos, el servidor ya no es muy de fiar para andar ahí como loco con muchas llaves
04:04:41 : Direct: Viciuz: me ayudas a llegra a mi caja fuerte? ahi guardare las llaves mias y de mi amigo
04:05:49 : Direct: Viciuz: Dale
04:05:54 : Direct: Viciuz: llevame en tu camioneta a mi caja
04:05:55 : Direct: Viciuz: porfa
04:10:00 : Direct: Viciuz: tienes caimoneta? xD
04:10:58 : Direct: Viciuz: necesito dinero
04:11:02 : Direct: Viciuz: tu ayer me grifeaste todo xD
04:52:59 : Direct: Viciuz: vamos
05:36:00 : Direct: Viciuz: Seguimos lejos
05:50:06 : Direct: edgar: ok
13:50:09 : Direct: GusTavoR-: si
13:53:14 : Direct: GusTavoR-: ah :(
21:11:51 : Direct: Viciuz: D:
22:01:44 : Direct: Viciuz: si ahuevo
22:01:47 : Direct: Viciuz: esta es la llave
22:01:54 : Direct: Viciuz: se la pelo 
22:01:59 : Direct: Viciuz: yo tengo mis llaves de la camioneta!
23:35:47 : Direct: Viciuz: es tuya?
23:39:57 : Direct: edgar: quien quiere raite? xD
