00:12:23 : Side: Bad Guy: esto va quedando cada vez mas seguro
00:15:10 : Side: JF: mejor para cuando te busquen los brasileros jaja
00:15:37 : Side: Bad Guy: los brazucas no tienen huevos
00:15:44 : Side: Bad Guy: son pecheadores natos
00:16:21 : Side: Nikyta: jajaj ya le pusiste la escalerita a tu heli ?
00:16:23 : Side: Nikyta: jajajaja
00:16:25 : Side: Bad Guy: se
00:16:30 : Side: Bad Guy: jajaj pasame tu posicion asi voy
00:16:48 : Side: JF: che ahi aparecieron bien ahora tal como lo habia puesto la verdad no se que honda la de fundicion 
00:16:53 : Side: Nikyta: 034 069
00:17:30 : Side: Bad Guy: entre putoshka y vybor?
00:17:42 : Side: Nikyta: si si xd
00:17:46 : Side: Bad Guy: ahi voy
00:17:50 : Side: JF: che necesitan algo tengo de todo un poco si necesitan pregunten si tengo les alcanzo
00:17:50 : Side: Nikyta: ok
00:18:10 : Side: Bad Guy: necesito craftear metal floor 
00:18:13 : Side: Nikyta: naa jaja por ahora no puedo seguir construyendo jaja
00:18:20 : Side: Nikyta: el plot no me deja xd
00:18:34 : Side: Bad Guy: jajaja llegaste al limite?
00:18:37 : Side: JF: sabes como se hace aqui?
00:18:42 : Side: Nikyta: creo que lo pase xd
00:18:51 : Side: Bad Guy: son 100 unidades x plot
00:19:08 : Side: Nikyta: antes no era asi jaajaj 
00:19:18 : Side: Nikyta: podias hacer lo que querias xd
00:19:31 : Side: JF: sabes como se hace el metal foor
00:19:40 : Side: JF: floor
00:19:45 : Side: Nikyta: si
00:20:11 : Side: Bad Guy: son como 16 metal pole y 16 tank trap si no me equivoco
00:20:13 : Side: Nikyta: pero lo mio es mas rustico una cabañita de madera jajajaj
00:20:38 : Side: Bad Guy: son 4 metal panel para 1 metal floor
00:20:41 : Side: Nikyta: es apenas un pequeño lugar de descanzo :)
00:20:53 : Side: JF: y cuantos necesitas pisos 
00:21:12 : Side: Bad Guy: para hacer lo q yo quiero hacer una banda JAJAAJ
00:21:22 : Side: JF: cuantos
00:22:07 : Side: Bad Guy: tengo q ver cuantos pisos me deja poner todavia
00:22:24 : Side: Bad Guy: me quedan como para 70 pisos
00:22:26 : Side: Bad Guy: JAJJAJAJA
00:22:48 : Side: Nikyta: como ves la cantidad que tenes construida en el plot ?
00:23:01 : Side: Bad Guy: tenes q darle a mantain area preview
00:23:09 : Side: Nikyta: haa ok
00:23:22 : Side: Bad Guy: hu la rubie
00:23:44 : Side: JF: ja jajajaja bueno con algo te colaboro en un rato 
00:24:40 : Side: Bad Guy: tengo material todavia
00:26:46 : Side: Bad Guy: se me hace a mi o las cajas de la rubie town se estan bugueando?
00:29:22 : Side: Bad Guy: nop definitivamente no la encuentro
00:29:46 : Side: Bad Guy: no dije nada
00:31:16 : Side: Bad Guy: estaba bien escondida JAJAJAJA
00:31:35 : Side: Nikyta: hablas de mi ??
00:31:40 : Side: Bad Guy: nop
00:31:45 : Side: Nikyta: jajajaja
00:32:08 : Side: Nikyta: haa por que estaba re entretenida con el ws y lei 
00:32:50 : Side: Nikyta: estaciona afuera jaja aca no entra xd
00:32:50 : Side: Bad Guy: q quilombo de base JAJAJAJAJA
00:32:57 : Side: Nikyta: jajajaja
00:33:42 : Side: Nikyta: haa que flash ajaj pense que se metia con el heli en la pileta !!!! jajajaja
00:33:48 : Side: Bad Guy: jajajajajaja
00:33:53 : Side: Bad Guy: tan bien no lo manejo
00:34:26 : Side: Bad Guy: q hacia con la pileta en medio de la base jajajja
00:34:36 : Side: Nikyta: pesco xd
00:34:41 : Side: Bad Guy: naaa jajajaaja
00:34:48 : Side: Nikyta: jajajajajaj
00:35:27 : Side: Bad Guy: bastante defendible la casita esta che
00:35:46 : Side: Nikyta: jajaj y eso que el plot no me dejo seguir jajaja
00:36:12 : Side: Bad Guy: hay q decirle a juan o a chuky q le aumenten el limite
00:36:40 : Side: Nikyta: si se pudiese estaria jolla xd
00:36:58 : Side: Nikyta: tenia una ideas barbaras pero no pude seguir xd
00:37:18 : Side: Bad Guy: yo espero poder concluir con mi idea xq sino me corto un huevo
00:37:27 : Side: Nikyta: jajajajajajaj
00:37:49 : Side: Nikyta: veni mira adentro de la casa xd
00:38:30 : Side: Nikyta: tenes la cocina para cocinar y la estufa xd
00:38:34 : Side: Bad Guy: jajajajajajja
00:38:45 : Side: Bad Guy: y cajas fuertes para tirar para arriba
00:39:00 : Side: Nikyta: y... la cosecha va bien xd
00:39:13 : Side: Bad Guy: q tipo de cosecha? jajaajaaj
00:39:23 : Side: Nikyta: antes estaba en beresino pero la casa era chica xd 
00:39:36 : Side: Nikyta: esta es mas grande y tiene televisor jajajaj
00:39:45 : Side: Nikyta: la de marihuana jajajajajaja
00:39:51 : Side: Bad Guy: algo interesante en la programacion?
00:40:18 : Side: Nikyta: see las tenelovelas brasileras mientras construyo pisos jajajaja
00:40:25 : Side: Bad Guy: AJAJJAJAJAJAJAAJ
00:40:35 : Side: Nikyta: ese poso tambien lo puse yo xd
00:41:03 : Side: Nikyta: y si tenes calor te das un chapuson jajaja
00:41:08 : Side: Bad Guy: jajajajajaja
00:41:19 : Side: Bad Guy: la mia ni baño tiene
00:41:27 : Side: Nikyta: jajaj jaja
00:41:41 : Side: Bad Guy: la voy guardando en bolsas para tirarselas a los brazucas
00:41:47 : Side: Nikyta: los bancon para tomar mate a la tardecita xd
00:42:02 : Side: Bad Guy: tas re instalada aca
00:42:12 : Side: Bad Guy: te falta el helipuerto nada mas
00:42:23 : Side: Nikyta: see jajaj para mi es como jugar sims con zombis xd
00:42:32 : Side: Bad Guy: ajjajajajajaaj
00:42:48 : Side: Nikyta: lo hiba a hacer arriba de la casa en el techo pero no pude xd
00:43:12 : Side: Nikyta: mira la idea mia es poner asi pero no veo si esta bien
00:44:11 : Side: Nikyta: lo puedo girar a ver
00:44:24 : Side: Bad Guy: para cubrirte la posicion esta?
00:44:31 : Side: Nikyta: queda muy alto no ?
00:44:33 : Side: Nikyta: si
00:44:45 : Side: Bad Guy: ahi
00:45:07 : Side: Nikyta: ahi lo pongo ?
00:45:13 : Side: Bad Guy: nop levantala
00:45:25 : Side: Bad Guy: bajala 1 toque
00:45:43 : Side: Bad Guy: ahi quedaria bien
00:46:35 : Side: Nikyta: haa jolla quedo como queria xd
00:46:58 : Side: Bad Guy: hu se tan re tirando los de la mision
00:47:09 : Side: Nikyta: lo podria haber puesto un toque mas adelantye
00:47:23 : Side: Bad Guy: no te iba a dejar pasar el poste
00:48:06 : Side: Nikyta: mmm no se he por que si lo pegaba a la esquina capaz que no
00:48:37 : Side: Bad Guy: capas nomas
00:49:02 : Side: Bad Guy: aguantame q relogueo xq no me deja cambiar la distancia de vista
00:49:14 : Side: Nikyta: ok
00:50:17 : Side: Bad Guy: nop, xq carajo
00:50:24 : Side: Bad Guy: ahi ta
00:51:06 : Side: Bad Guy: haa los arboles no me dejan ver la mision
00:53:14 : Side: Bad Guy: huuu casi me la re ponen
00:55:26 : Side: Bad Guy: che nikytaw
00:55:51 : Side: Nikyta: sep
00:56:21 : Side: Bad Guy: tenes comida y agua?
00:56:36 : Side: Nikyta: sep
00:56:41 : Side: Bad Guy: me salvas la vida jajaja
00:57:05 : Side: Nikyta: entra
00:57:26 : Side: Nikyta: agarra lo que presises xd
00:57:45 : Side: Bad Guy: ya taba titilando la comida y agua jajajaja
00:57:46 : Side: Nikyta: nesecitas sangre -?
00:58:02 : Side: Bad Guy: no con eso bastaba
00:58:06 : Side: Nikyta: ok
00:58:14 : Side: Bad Guy: anda preparando si queres ir a lootear algo
00:58:23 : Side: Nikyta: jaja dale
00:59:08 : Side: Bad Guy: buenooo se largaba a llover
00:59:55 : Side: Nikyta: ahi voy yo xd
01:00:23 : Side: Bad Guy: dale dale
01:02:26 : Side: Nikyta: que estan del otro lado no ?
01:02:53 : Side: Bad Guy: sep
01:03:28 : Side: Nikyta: de aca no los veo lpm
01:03:42 : Side: Bad Guy: igual creo q no queda ninguno
01:04:05 : Side: Nikyta: jaja llegue tarde xd
01:04:20 : Side: Bad Guy: me parece medio raro xq mate 9 nada mas
01:04:58 : Side: Bad Guy: traete un vehiculo
01:05:01 : Side: Bad Guy: para cargarlo
01:05:04 : Side: Nikyta: jajaj dios casi te disparo xd
01:05:16 : Side: Nikyta: dale ahi voy
01:05:21 : Side: Bad Guy: ibas a ganar bastaaaaante humanidad
01:05:42 : Side: Bad Guy: limpio
01:06:03 : Side: Nikyta: jajaja
01:08:19 : Side: Bad Guy: no te traigas large gunbag xq aca hay bastantes
01:08:49 : Side: Nikyta: ok
01:11:22 : Side: Bad Guy: traelo aca q ya meti todo en la caja
01:12:45 : Side: Bad Guy: huuu el convoy
01:14:11 : Side: Bad Guy: este aca tiene mochila con armas
01:14:47 : Side: Nikyta: si queres vamos al mercado y las vendes 
01:14:51 : Side: Bad Guy: na
01:14:58 : Side: Bad Guy: juntala
01:15:01 : Side: Bad Guy: q yo tengo de sobra
01:15:14 : Side: Bad Guy: si queres renegar un rato vamos a la mision del convoy
01:16:01 : Side: Nikyta: na ya csi me voy xd
01:16:08 : Side: Bad Guy: jajaj oka
01:16:08 : Side: Nikyta: mañana hay que madrugar xd
01:16:14 : Side: Bad Guy: jajaj
01:16:40 : Side: Bad Guy: yo me voy a poner a renegar un rato con esa
01:17:31 : Side: Nikyta: dale yo junto y me voy xd
01:17:50 : Side: Bad Guy: dale dale, acordate de no dejar nada adentro de las mochilas
01:17:58 : Side: Nikyta: si si
01:24:08 : Side: Bad Guy: y me quebre una gamba lpm
01:24:22 : Side: Nikyta: jajaja tenes morfina ?
01:24:35 : Side: Bad Guy: creo q si
01:25:04 : Side: Bad Guy: la ultima JAJAJAJA
01:28:43 : Side: Bad Guy: me cai JAJAJAJAw
01:29:06 : Side: Nikyta: jajajajaj
01:29:42 : Side: Bad Guy: taba poniendo el piso en la base
01:41:54 : Side: Nikyta: bueno ahora si me voy ya descargue
01:42:05 : Side: Bad Guy: nos vemos niky
01:42:11 : Side: Nikyta: by
01:42:45 : Side: JF: bye
01:43:33 : Side: Bad Guy: tendria q hacer la mision del heli
01:53:05 : Side: Bad Guy: bueno viendo que me quede sin materiales x hoy me voy a ir a dormir
01:53:46 : Side: Bad Guy: ns vemo loco
02:13:18 : Side: A-Gusto: hola
12:30:48 : Side: JF: Hola, como estas..?
15:45:57 : Side: por ejemplo juan: COMO CAMBIO LA VISTA?
20:02:04 : Side: JF: Buenas , todo bien?
20:02:51 : Side: [Amish]Churro: aloo
20:02:59 : Side: [Amish]Churro: aca andamo
20:03:28 : Side: [Amish]Churro: q cant de zombis
20:03:58 : Side: JF: en la caceria ..?
20:04:18 : Side: [Amish]Churro: jaja no
20:04:24 : Side: [Amish]Churro: hippi mode
20:05:48 : Side: [Amish]Churro: todavia no conozco bien este mapa
20:06:09 : Side: JF: Che no sabes que sucedio con el server que se ve todo turbio , al principio pensé que era yo o mi maquina pero veo como que cambiaron la resolucion..
20:06:54 : Side: JF: nada que ver como se veia anteriormente , ahora todo mal , parece neblina permanente , que bajon ..
20:07:36 : Side: [Amish]Churro: va ni idea.. vos devis?
20:07:41 : Side: [Amish]Churro: se me ve bien
20:08:23 : Side: JF: el mapa esta bueno , porque varian algunas cosas y le da otro toque ...
20:09:44 : Side: JF: Ah no se entonces porque otro vago tambien estaba comentando lo mismo hoy temprano ..
20:10:36 : Side: [Amish]Churro: mañana seguro loguee un rato mas
20:10:48 : Side: [Amish]Churro: ahora voy a jugar unos dotita
20:10:52 : Side: [Amish]Churro: jaja :D
20:11:22 : Side: [Amish]Churro: nos vemos JD
20:11:27 : Side: JF: que es dotita? xD
20:11:33 : Side: [Amish]Churro: dota 2
20:11:55 : Side: JF: Bueno suerte ..
20:12:13 : Side: [Amish]Churro: igual nos vemos
20:15:42 : Side: JF: Jaja como anda Admin , che Juan no de verdad vos saves que se empezo a ver mal en el sentido que la imagen no es nitida...
20:16:28 : Side: JF: un poco sera la vejez pero no es para tanto la cegera..
20:17:52 : Side: JF: no , tal cual cuando te quedas asi bajo esas es la perspectiva pero tengo todos los niveles en condiciones tope agua comida vida , 
20:20:44 : Side: JF: probe con los controles de video en gama , brillo etc. pero tampoco  se normaliza. sera mi plaquita que se esta fundiendo que lo tiro...
20:29:43 : Side: popph: hola
20:30:26 : Side: JF: Hola popph.. 
20:31:28 : Side: popph: todo bien? recien entro al server, no juego dayz desde que el standalone rompio mi corazon </3
20:32:01 : Side: JF: jaja..
20:36:01 : Side: popph: sabes donde puedo conseguir un toolbox?
20:38:55 : Side: JF: en el mercado central , aparte de que te lo venden , aveces aparecen en distintos lugares .. pegate una vuelta por allá..
20:43:38 : Side: juandayz: mmm mi juego se ve bien jf
20:45:36 : Side: JF: no la verdad que no se lo mismo que se me vinieron abajo los fps andaba funcionando entre 18 y 24 mas o menos y ahora 7 8 11
20:46:44 : Side: JF: cosa e" mandinga fijeze..!!
20:47:24 : Side: juandayz: aca en tu base tengo 38-42 fps
20:47:52 : Side: JF: a mi me marca 9 en este momento
20:48:13 : Side: JF: los camiones son de moyano jaja..
20:49:13 : Side: juandayz: hay algo del server q no entindas popph?
20:49:58 : Side: popph: por el momento es volver a acostumbrarme a esto, hace muchisimo no juego xD
20:50:39 : Side: JF: Ahi estube chusmeando la pag, del face , como es que se adiestran los zombis?
20:50:41 : Side: juandayz: :D okkk  lo mas basico q tenes q saber es q en el mercado central tenes todos los vendedores.
20:50:58 : Side: popph: sips ya voy a ir a chusmear
20:51:19 : Side: popph: seguro traiga unos cuantos amigos que tienen ganas de volver a jugar
20:51:26 : Side: juandayz: dale buensimo
20:55:05 : Side: juandayz: en el equipo de la suv, esta la llave. agarrala antes del restart
20:57:46 : Side: juandayz: si queres tirotearte un poco, anda al airfield de krasnostav esta lleno de bots y esta el mejor loot militar 
20:58:02 : Side: popph: joya :)
20:58:03 : Side: juandayz: hay armas q no aparecen de spawn
20:58:13 : Side: juandayz: ni se venden
21:19:57 : Side: juandayz: jf
21:20:08 : Side: juandayz: hay algo nuevo en el server
21:20:27 : Side: juandayz: fijate en el mapa los puntos blancos q dicen humanidad
21:20:41 : Side: juandayz: ahi podes ganar humanidad ayudando a los bots
21:29:41 : Side: JF: disculpá Juan no se si me comentabas a mi o habia alguien mas hasta recien lo de los puntos blancos , gracias de todos modos , ahora los veo 
21:56:27 : Side: Lizzard: Hola
22:23:44 : Side: Nikyta: buenas
22:24:10 : Side: JF: Hola nikyta como estas?
22:24:23 : Side: Nikyta: bien vos ?
22:25:14 : Side: JF: bien gracias , solo que renegando con los zombys que no me dejan plantar el plot jaja
22:25:32 : Side: Nikyta: huu jajajaj
22:26:28 : Side: Nikyta: quiero salir a hacer misiones xd
22:26:59 : Side: Nikyta: o termino de bajar la humanidad o la empiezo a subir de nuebo xd
22:27:45 : Side: JF: huy que pena yo planto esta y me estoy saliendo pero teneme en cuenta para la proxima si queres..
22:28:01 : Side: Nikyta: dale 
22:28:23 : Side: Nikyta: hoy que me puedo acostar mas tarde no hay nadie xd
22:28:26 : Side: Nikyta: jajajaj
22:29:35 : Side: JF: viste vos , que desperdicio xD jajaja.. y bue que le vamos ha hacer 
22:30:02 : Side: Nikyta: jajajaj
22:33:14 : Side: JF: Jaja podes creer tanto poner y sacar el plot probando como quedaban mejor se me hizo un desbole de varillas que no se cual es cual que lo tiro.. 
22:33:39 : Side: Nikyta: jajajajaja
