01:48:18 : Direct: jackaroe: fuiste a ver el naufragio?
01:48:29 : Direct: kecho: Nooo
01:48:43 : Direct: jackaroe: no sabes que hay_
01:48:51 : Direct: kecho: Ni idea
01:49:34 : Direct: jackaroe: despues t cuento
01:49:39 : Direct: kecho: Ok
04:04:13 : Direct: Hawk: no se sonaba a bot
04:06:31 : Direct: reconnect: CHE, EN MI MOCHILE TIENEN  MUNICION PARA VEHICULOS LA QUIEREN?
04:06:41 : Direct: Hawk: venedla
04:06:45 : Direct: Hawk: son como 50k cada una
04:08:07 : Direct: reconnect: dkshkm Y m134 7.63 nATO
04:08:29 : Direct: Hawk: no la veo
04:08:58 : Direct: Hawk: naa desaparece la hdp
04:09:08 : Direct: Hawk: cargalas a la suv
04:09:34 : Direct: Hawk: mi mochila
04:09:42 : Direct: Hawk: se
04:10:17 : Direct: Hawk: vamos hasta el trader
04:10:18 : Direct: Hawk: venis
04:23:42 : Direct: vodka: hola
22:00:55 : Direct: JhonnyWalker: hola
22:01:03 : Direct: Marce: nas
