00:06:19 : Side: hitziquer: uuu
00:06:27 : Side: hitziquer: se me buguearon llaves
00:06:30 : Side: hitziquer: q onda?
00:07:17 : Side: hitziquer: aaa mira
00:07:33 : Side: hitziquer: cdo logueas aparecen de nuevo el mapa la brujula y el reloj :/
00:07:47 : Side: Nikyta: por que me callo una bomba ??
00:07:58 : Side: hitziquer: y ahi se fueron :(
00:07:58 : Side: Bad Guy: cayo o te tiraron?
00:08:19 : Side: ChukyN: no porque ninguno de esos son items de respawn, solo el gps y la radio
00:08:24 : Side: ChukyN: y la toolbox
00:08:25 : Side: Nikyta: yo solo vi la luz "Carolain " jajaja
00:08:41 : Side: hitziquer: tenes razon jaja ahi los saque y estan las llaves xD
00:08:51 : Side: hitziquer: es como tener 11 slots
00:09:02 : Side: ChukyN: por eso siempre dejen las llaves en las safe en los restarts
00:09:07 : Side: ChukyN: o espacios libres
00:09:20 : Side: ChukyN: Nikyta
00:09:29 : Side: Bad Guy: a mi nunca me aparecen...
00:09:30 : Side: Nikyta: que
00:09:33 : Side: ChukyN: te prometo que los misiles se dispararon solos
00:09:52 : Side: Bad Guy: JAJAJAJAJAJA
00:09:55 : Side: ChukyN: fue "nikyta detectada disparando"
00:10:01 : Side: ChukyN: debe ser un script de juan
00:10:16 : Side: Nikyta: no te creo jaja si antes me debias la carga ahora me debes la motosierra !!!!
00:10:26 : Side: Nikyta: y la mochila de 50
00:10:35 : Side: Nikyta: y mis herramientas
00:10:51 : Side: Bad Guy: che chuky, hay motos de agua?
00:19:32 : Side: Bad Guy: son blando lo zombiee
00:37:43 : Side: Bad Guy: che quien anda en un camion de salvamento?
00:49:03 : Side: [WG] SnakeGeneral: adm on ?
00:52:34 : Side: IAAK7: hola
00:52:40 : Side: Bad Guy: hola
00:52:55 : Side: Nikyta: hola
00:52:58 : Side: Jej0x |Aspirante|: UE ONDA PERRO
00:52:59 : Side: IAAK7: alguien me puede llevar al trade de stary
00:53:05 : Side: Bad Guy: a
00:53:11 : Side: Bad Guy: no esta en stary el trader
00:53:13 : Side: Nikyta: jajaja
00:53:19 : Side: Jej0x |Aspirante|: ESTO SE VA A DESCONTROLARRRRR-
00:53:23 : Side: Jej0x |Aspirante|: NTREN AL TS3
00:53:25 : Side: Bad Guy: pero si queres ir ahi bajo tu propio riesgo
00:53:32 : Side: Nikyta: vamo a calmarno
00:53:40 : Side: Jej0x |Aspirante|: VAMO A JUGARNOS
00:53:43 : Side: Bad Guy: entraria pero tengo q actualizarlo y el windows trucho se ortiva
00:53:44 : Side: Nikyta: jajaja
00:53:45 : Side: Jej0x |Aspirante|: entren al ts
00:53:49 : Side: IAAK7: donde ahi un trade
00:53:51 : Side: Jej0x |Aspirante|: asi charlamos un toqye
00:53:57 : Side: Jej0x |Aspirante|: usa el mapa manco
00:54:13 : Side: Jej0x |Aspirante|: jajajjaja windows trucho?
00:54:13 : Side: Nikyta: jajajajaj hibas bien xd
00:54:16 : Side: Jej0x |Aspirante|: sos un chanta
00:54:30 : Side: Bad Guy: mas vale wacho
00:54:38 : Side: Jej0x |Aspirante|: mi amigo me edjo una safe en la mochila
00:54:40 : Side: Jej0x |Aspirante|: pero desparecio
00:55:14 : Side: Bad Guy: el removewat se ortiva y no se quiere descargar
00:55:24 : Side: Jej0x |Aspirante|: este wachin vende autos?
00:56:28 : Side: Jej0x |Aspirante|: donde esta la ruleteishon?
00:56:30 : Side: Bad Guy: esquivando balas en mi bicicleta
00:56:38 : Side: Jej0x |Aspirante|: vamos a descontrolarlon
00:57:06 : Side: Jej0x |Aspirante|: vamos a descontrolarrrrrr-
00:57:15 : Side: Jej0x |Aspirante|: si me muero por la culpa del chanta este de la ruleta-
00:57:18 : Side: Jej0x |Aspirante|: los quiero muchos
00:57:21 : Side: Bad Guy: che alguno anduvo cerca del punto del control 44?
00:57:22 : Side: Jej0x |Aspirante|: no me looteeen
00:57:32 : Side: Jej0x |Aspirante|: eeaaaa
00:57:35 : Side: Jej0x |Aspirante|: gane 100mil
00:58:02 : Side: Jej0x |Aspirante|: no juego denuevo porque segur me la pego
00:58:37 : Side: Bad Guy: yo con la suerte q tengo no le pone bala y me mato igual
00:58:43 : Side: Jej0x |Aspirante|: jajajajaj
00:58:55 : Side: Jej0x |Aspirante|: quien es el chanta que vende safe en el trader central?
00:58:58 : Side: Bad Guy: 2 toolbox al hilo rompi para sacar el plotpole
00:59:11 : Side: Bad Guy: fijate en el centro
00:59:11 : Side: Jej0x |Aspirante|: ahhahaha se saca con la pala de afianzar
00:59:20 : Side: Bad Guy: q esta la minita q vende pescados
00:59:31 : Side: Bad Guy: a tu derecha esta el q vende suministros y safes
00:59:43 : Side: Bad Guy: bueno lo quise remover y me salto las 2 veces q rompi la toolbox
00:59:51 : Side: Jej0x |Aspirante|: la minita que vende que?
01:00:25 : Side: Bad Guy: viste la q esta en el centro q vende acciones?
01:00:31 : Side: Jej0x |Aspirante|: no
01:00:39 : Side: Bad Guy: anda a esa
01:00:55 : Side: Jej0x |Aspirante|: ya ta igual
01:02:00 : Side: Bad Guy: huuuu venia piloteando la bici como un champion y se me cruza un arbol
01:02:10 : Side: hitziquer: es lo pior eso
01:02:17 : Side: hitziquer: más cuesta abajo :/
01:02:29 : Side: Bad Guy: venia cuesta abajo rebotando como un gila
01:03:25 : Side: Jej0x |Aspirante|: si salgo del trader y me matan son putos
01:03:54 : Side: Bad Guy: te salvas xq no estoy cerca AJJAJAAJ
01:04:06 : Side: Jej0x |Aspirante|: ahh sos puto
01:04:19 : Side: Jej0x |Aspirante|: este gato del monte no me dio msa el auto que le compre
01:04:23 : Side: Nikyta: huuu!!!!!!
01:04:39 : Side: Jej0x |Aspirante|: ahi me lo dio
01:06:51 : Side: Bad Guy: :D
01:07:50 : Side: Bad Guy: hit quedate tranquilo q no te saque nada
01:08:02 : Side: hitziquer: jajaja me agarraste con la guardia re baja 
01:08:05 : Side: hitziquer: q guacho
01:08:16 : Side: Bad Guy: fue pura casualidad
01:08:58 : Side: Bad Guy: q ganas de complicarte la vida con la construccion de la base che
01:09:06 : Side: hitziquer: viste jaja
01:09:08 : Side: Jej0x |Aspirante|: se jajaja
01:09:12 : Side: hitziquer: me quedo torcida mal
01:09:33 : Side: hitziquer: dsps me rescate de la loma de meirda esa
01:09:37 : Side: Bad Guy: jajajajja
01:09:41 : Side: Bad Guy: si no me equivoco
01:09:49 : Side: Bad Guy: te pueden entrar tirando el granero de madera
01:09:55 : Side: hitziquer: se
01:10:10 : Side: hitziquer: provisorio esas paredes 
01:10:17 : Side: hitziquer: sino no termino ma
01:11:33 : Side: Bad Guy: toda la moneda en materiales jajaja
01:12:55 : Side: Bad Guy: hu como se queja el chabonsito
01:16:10 : Side: Jej0x |Aspirante|: fiesta en berezino aserradero vengan ya
02:07:38 : Side: Jej0x |Aspirante|: anti-dupe: you are can´t exit of game 1 sec. After access at inventory
02:07:45 : Side: Jej0x |Aspirante|: que es eso?
02:33:46 : Side: Leodagos: /karate
11:00:08 : Side: Bad Guy: buenas
11:00:36 : Side: Jej0x |Aspirante|: Hola bad
11:01:48 : Side: Jej0x |Aspirante|: cuando el server restartea se borran los cultivos?
11:01:55 : Side: Bad Guy: ni ideaw
11:02:04 : Side: Jej0x |Aspirante|: porque ayer me fui y tenia los cultivos
11:02:09 : Side: Jej0x |Aspirante|: ahora entre recien y no los tengo
11:02:18 : Side: Bad Guy: tonces capas q siw
11:04:24 : Side: Bad Guy: no sirvo para bandido mepa
11:04:31 : Side: Jej0x |Aspirante|: jajaja yo amo jugar en equipo
11:04:34 : Side: Jej0x |Aspirante|: no puedo jugar solo
11:04:47 : Side: Bad Guy: yo juego casi siempre solo
11:04:57 : Side: Bad Guy: ayer cuando le entre de prepo al pobre pibe
11:05:04 : Side: Bad Guy: le podria haber robado todo
11:05:05 : Side: Jej0x |Aspirante|: jajaja
11:05:30 : Side: Bad Guy: el little, los urales
11:05:43 : Side: Jej0x |Aspirante|: y que te impidio hacerlo?
11:05:53 : Side: Bad Guy: me dio lastima JJAAJJAAJ
11:06:12 : Side: Jej0x |Aspirante|: en un rato vengo
11:06:16 : Side: Bad Guy: fue de casualidad ensima
11:06:25 : Side: Bad Guy: taba pedaleando a mi base y escuche el little
12:56:35 : Side: Bad Guy: q onda, aca paseando x chernarus
12:56:49 : Side: painful: jeje holis
12:57:20 : Side: painful: si amigo
12:57:30 : Side: painful: jaja gracias 
12:57:59 : Side: painful: antes ya jugaba a un epoch
12:58:05 : Side: painful: con un tal remix
12:58:14 : Side: painful: creo que organiza esto
12:59:13 : Side: painful: el libro donde esta ? no lo pillo
13:00:18 : Side: painful: supongo que lo tire a la mierda por que no esta 
13:00:29 : Side: Bad Guy: che juan como es el tema de la humanidad
13:02:55 : Side: Bad Guy: pff como esta la ia
13:06:24 : Side: Bad Guy: eso ya se
13:06:29 : Side: Bad Guy: pero con los traders
13:06:35 : Side: painful: che bad guy
13:06:41 : Side: painful: pinta hacer una mision juntos ?
13:07:05 : Side: Bad Guy: la humanidad q pide el de bandidos
13:08:21 : Side: Bad Guy: ahora cuando llego al trader me fijo
13:08:36 : Side: Bad Guy: capas q con -12900 alcanze
13:08:46 : Side: painful: che adm me das una manito con el trader este ?
13:09:35 : Side: painful: me sale totalmente en blanco el trade
13:09:44 : Side: painful: re duro
13:11:51 : Side: adm#2: no es un trade ese
13:12:03 : Side: painful: ah
13:12:08 : Side: painful: con razon
13:12:10 : Side: adm#2: este tipo te cura
13:12:15 : Side: adm#2: por unas monedas
13:12:22 : Side: painful: sorry ni idea
13:12:32 : Side: adm#2: fijate que en el scroll meul tenes la opcion de curar :)
13:12:45 : Side: painful: el mercado central
13:14:05 : Side: adm#2: en el mercado central estan todos los traders
13:16:53 : Side: painful: GRACIAS TE AMO
13:17:00 : Side: painful: alto pique me esta dando
13:17:11 : Side: adm#2: tenes una bicicleta para armar
13:17:24 : Side: painful: posta?
13:17:26 : Side: adm#2: si le haces click derecho a la caja
13:17:29 : Side: adm#2: de herramientas
13:17:36 : Side: painful: hdp ni sabia jajaj
13:17:56 : Side: adm#2: aca no la podes armar , pero cuando estes fuera del mercado la armas
13:18:10 : Side: adm#2: apreta sace
13:18:13 : Side: adm#2: space
13:18:20 : Side: adm#2: para terminar de armarla
13:18:45 : Side: painful: dale gracias
13:18:50 : Side: adm#2: aca mira
13:18:57 : Side: adm#2: para hacer plata facil
13:19:03 : Side: adm#2: podes jugar ruleta rusa
13:19:19 : Side: adm#2: 50 a 50 de chances de morir o ganar 100.00
13:19:23 : Side: adm#2: 100000
13:19:39 : Side: painful: jajaja la tiba de la muerte
13:19:52 : Side: painful: donde esta el loco ese ?
13:19:58 : Side: adm#2: aca donde estoy
13:20:01 : Side: Bad Guy: che juan vos te encargas de los plug?
13:20:06 : Side: adm#2: sni
13:20:40 : Side: Bad Guy: era para dar unas ideas de unos pluguins q vi muy buenos
13:22:29 : Side: Bad Guy: son medio basicos pero sirven bastante
13:22:52 : Side: Bad Guy: poner eyescan en los bloqueos de las puertas y poner la llave unica para vehiculos propios
13:23:27 : Side: Bad Guy: hu cagamoa
13:32:57 : Side: Bad Guy: para pachin chin chin chin
13:46:08 : Side: Bad Guy: haaa
13:46:51 : Side: Bad Guy: JAJAJAJA
13:47:18 : Side: Bad Guy: no se te entiende nada cacho
13:47:37 : Side: painful: de donde venis 
13:47:39 : Side: painful: eso habia dicho
13:47:53 : Side: Bad Guy: de aca nomas
13:48:04 : Side: painful: pinta mision ?
13:48:14 : Side: Bad Guy: toy armando la base 
13:49:26 : Side: Bad Guy: pera un cachito y te recibo los zombies chuky
13:51:53 : Side: Bad Guy: q quilombo de llaves q me hise...
13:52:13 : Side: Nikyta: jajaja
13:52:58 : Side: Bad Guy: che los lav estan en el hero trader?
13:56:14 : Side: Nikyta: ????
13:56:23 : Side: Bad Guy: opa ajajaja
13:56:56 : Side: Nikyta: que te mandaron a lavar la ropa ?? ;)
13:57:07 : Side: Bad Guy: JAJAAJJA
13:59:31 : Side: Nikyta: jajajajaja no se no se jajajajaj
13:59:32 : Side: Bad Guy: me hiciste acordar q tengo q poner el lavarropas loco
13:59:45 : Side: Nikyta: a vos tambien te deben tener cagando jajajaj
13:59:59 : Side: Bad Guy: yo xq vivo practicamente solo
14:00:49 : Side: Nikyta: jajajajajaj
14:01:14 : Side: Nikyta: aca que chuky no sabe tender calzones 
14:02:04 : Side: Bad Guy: atrapadoo
14:02:07 : Side: Bad Guy: AJJAJAA
14:02:12 : Side: Nikyta: jajajajaja
14:02:37 : Side: Bad Guy: es un puto genio el q invento el lavarropas automatico
14:03:52 : Side: Bad Guy: JAJAJAJAJAJAAJ
14:04:14 : Side: Nikyta: juan ayer chuky me espauneo 100 zombis donde estaba cortando madera !!!!!
14:04:25 : Side: Nikyta: eso no se hace !!!
14:05:06 : Side: Bad Guy: a mi me los spawneo y estaba con la remington y la glock
14:05:36 : Side: Nikyta: jajaj claro ahora lo defendes !!!!
14:06:44 : Side: Bad Guy: JAJAJAJAJAJJAJAJA
14:06:45 : Side: Nikyta: si lo hiciste tambien
14:06:56 : Side: Nikyta: me tiro un misil a mi base y m,e mato !!!
14:07:05 : Side: Nikyta: minutos antes del restar 
14:07:13 : Side: Nikyta: juan decile algo !!!
14:08:21 : Side: Nikyta: jajajaja
14:08:22 : Side: Bad Guy: JAJAJAJAJAJA
14:09:07 : Side: Bad Guy: se me fundio la cooperativa che...
14:10:03 : Side: Bad Guy: aguante el delivery loco
14:10:03 : Side: Nikyta: jajajajaja no ves que solo hace maldades el nombre le biene de perilla jajaj
14:11:07 : Side: Nikyta: por que gastas mucho ?? o por la verdulera ?? jajajaja
14:13:02 : Side: Bad Guy: hu me desmaye 
14:13:26 : Side: Nikyta: jajajaj
14:13:30 : Side: Bad Guy: no, eso es panza de fernet
14:19:39 : Side: Bad Guy: como se me va la guita en materiales lpm
14:21:00 : Side: ChukyN: sacalos de las canteras y demas
14:21:13 : Side: Bad Guy: mucha fiaca JAAJAJ
14:22:09 : Side: ChukyN: si tenian algun vehiculo cerca del trader cagaron
14:22:33 : Side: Bad Guy: x?
14:22:43 : Side: ChukyN: estoy borrando los que estan en el rango del trader
14:22:56 : Side: Bad Guy: yo tenia un mozzie... pero sin la llave XD
14:23:06 : Side: ChukyN: cagaste
14:23:34 : Side: Bad Guy: igual son 4000
14:23:37 : Side: Bad Guy: es lo de menos
14:26:54 : Side: Bad Guy: q haces con eso animal
14:27:13 : Side: ChukyN: matar a nikyta
14:27:23 : Side: Bad Guy: AJAJAJJAJAJA
14:27:37 : Side: Nikyta: que te hice yo :(
14:27:45 : Side: Bad Guy: ese lo spawneaste vos o esta en el hero trader?
14:28:18 : Side: ChukyN: spawne
14:28:41 : Side: Bad Guy: escuche un heli y al toque me entre a perseguir
14:29:24 : Side: Nikyta: me llegas a matar y no entro nunca mas al servidor !!
14:29:29 : Side: ChukyN: jjajajaa
14:29:37 : Side: Bad Guy: MATA MATA MATA MATA 
14:29:38 : Side: ChukyN: ni cerca te caen los misiles
14:29:40 : Side: Bad Guy: JAJAJAJAJAJA
14:32:14 : Side: Bad Guy: segunda vez q me quiebro la gamba con el porton
14:32:21 : Side: ChukyN: jajaja 
14:32:23 : Side: Bad Guy: me voy a cambiar el nombre a Bad Luck
14:32:30 : Side: Nikyta: jsajaja que boludo el porton jajaja
14:32:32 : Side: ChukyN: bad luck brian
14:33:02 : Side: Bad Guy: ayer q se me rompian las toolbox y no podia sacar el plot
14:33:10 : Side: Bad Guy: ahora q se me quiebra la gamba con el porton...
14:43:27 : Side: Bad Guy: q onda con ese mensaje?
14:43:56 : Side: Nikyta: no lo vi
14:44:25 : Side: Bad Guy: lo de materiales para construccion
14:45:20 : Side: Bad Guy: haaaa los fps
15:16:22 : Side: Bad Guy: q cerquita q me paso el jet
15:36:07 : Side: Bad Guy: q mierda es el pesquero?
15:36:54 : Side: Nikyta: no se 
15:45:50 : Side: Bad Guy: ese aveces me suena a q nunca en la vida va a spawnearte una
15:50:49 : Side: Bad Guy: a listo
15:52:06 : Side: Bad Guy: pero q suerte de mierda q tengo
16:09:28 : Side: Bad Guy: epa...
16:20:36 : Side: Bad Guy: q carajo hacia un ia solo en el aeropuerto del noroeste
16:20:52 : Side: adm#2: son bots agregados
16:21:14 : Side: Bad Guy: me disparaban y yo no veia a los zombies haciendole agro a nada
16:23:10 : Side: Bad Guy: aver donde puedo ir a molestar...
16:27:47 : Side: Bad Guy: no te desmayes ahora la puta madre
16:28:13 : Side: Bad Guy: hijo de una gran....
16:29:54 : Side: Bad Guy: dale loco son 1700kg nada mas
16:36:16 : Side: adm#2: vende ese auto feo nikita hace 1 mes q andas con ese cacharro
16:36:22 : Side: Bad Guy: JAJAJAAJA
16:36:31 : Side: Bad Guy: yo se lo tirotie un par de veces ya
16:36:31 : Side: Nikyta: jajaj no tengo plata jajaja
16:36:33 : Side: adm#2: pareces el impector dodo en ese auto
16:36:43 : Side: Nikyta: yo la cuido no soy derrochon como vos
16:37:09 : Side: adm#2: ensima ni parabrisas tiene
16:37:50 : Side: Bad Guy: deja de desmayarte forroooq
16:38:36 : Side: Nikyta: volvi+
16:39:50 : Side: Bad Guy: q cerquita de hacerme mierda q estoy
16:42:10 : Side: Nikyta: ya que estas vestidito de policia cual the bill gay peaple jajaja subite al auto jajajaaj
16:43:14 : Side: Bad Guy: uff q justo q llegue
16:49:45 : Side: Fravilml: Hola :D
16:50:05 : Side: Nikyta: hola 
17:00:09 : Side: [WG] SnakeGeneral: WTF
17:00:15 : Side: [WG] SnakeGeneral: adm on ?
17:22:10 : Side: Fravilml: -hola? :c
17:44:03 : Side: Fravilml: Hola?
17:44:54 : Side: reconnect: holas
17:45:08 : Side: Fravilml: Pense que estaba equivocado de chat, nadie respondia xd
17:45:21 : Side: Fravilml: Buen server, me encanto xD
17:47:30 : Side: [WG] SnakeGeneral: donde estas los veiculos 
17:47:40 : Side: [WG] SnakeGeneral: perto de la safe zone ?
17:49:29 : Side: Cloudsp: we let then outside of safe range and they vanish
17:51:20 : Side: Cloudsp: they where more than 290m :/
17:52:10 : Side: [WG] SnakeGeneral: adm tell me plxs
17:53:05 : Side: reconnect: check market surroundings, for sure your vehicle is there
17:53:38 : Side: Cloudsp: can u give us a hand w/ a safe that is bugged
17:55:06 : Side: [WG] SnakeGeneral: adm ?
17:55:42 : Side: Cloudsp: adm, can u help us w/ a safe that is bugged on a three?
17:58:12 : Side: Cloudsp: its possible slote a locked veicle?
17:59:08 : Side: [WG] SnakeGeneral: adm i need you help teleport for me plxs
18:06:57 : Side: [WG] SnakeGeneral: adm ?
18:08:07 : Side: [WG] SnakeGeneral: adm
18:08:24 : Side: [WG] SnakeGeneral: teleport for me i need help
18:09:23 : Side: Nikyta: admin 
18:09:38 : Side: Cloudsp: adm can u plz teleport to my or snake loc, we need help w/ a safe that is bugged
18:10:34 : Side: Cloudsp: nykita, by any chance u lost any vehicle close to the safe?
18:11:16 : Side: Nikyta: no hablo ingles xd
18:11:34 : Side: [WG] SnakeGeneral: nikyta compreendes PT BR ?
18:13:21 : Side: [WG] SnakeGeneral: admin
18:13:34 : Side: Nikyta: hablas español ?
18:13:42 : Side: [WG] SnakeGeneral: no much
18:14:30 : Side: [WG] SnakeGeneral: necessito del ajuda de lo admin para remover mio safe por estas a bugado por la arvore
18:16:29 : Side: Cloudsp: can u help us? just need something to cute the three and then access the safe.....
18:18:13 : Side: Cloudsp: and how about the 3 vehicles we lost more than 200m from safe? we loose 3 but more than 15 vehicles dissapear there too
18:19:39 : Side: Cloudsp: but we left more than 290 meters
18:20:35 : Side: Cloudsp: and they disappear for good? or just change place? because we let then on the same spot for more than 3 days and only today we lost then
18:22:20 : Side: Cloudsp: but was more than 15 vehicles (3 from my group), i read the hotwire was rare to drop
18:25:02 : Side: [WG] SnakeGeneral: you delet 1 hel Hi and my utility cargo and one car for 250m safe
18:28:24 : Side: Cloudsp: hello
18:45:07 : Side: Nikyta: por que tanto lag ?? alguno tiene ??
20:44:23 : Side: Bad Guy: wenas
21:35:26 : Side: [WG] SnakeGeneral: de boas
21:35:30 : Side: Bad Guy: aca plantando faso
21:37:32 : Side: Bad Guy: a nikita cuando pase con ese auto oxidado se lo lleno de plomo >D
21:37:47 : Side: Bad Guy: :D
21:39:11 : Side: Bad Guy: tengo mi propia guardia personal en el porton JAJAJA
21:40:02 : Side: Bad Guy: jajajaja
21:41:50 : Side: Bad Guy: q cagada q no puedo poner la bandera en lo alto de la base
21:46:26 : Side: Bad Guy: nas ganas de derribar el jet..
21:47:05 : Side: Bad Guy: una masa
21:49:19 : Side: Bad Guy: quiero dispararle a alguien....
23:08:31 : Side: Fravilml: Hola :)
23:08:38 : Side: reconnect: beunas
23:10:21 : Side: Fravilml: Aveces entra mas gente?
23:10:50 : Side: reconnect: si
23:11:43 : Side: Fravilml: los circulos verdes grandes
23:11:47 : Side: Fravilml: son misiones?
23:11:57 : Side: reconnect: no, son zonas de vendedor ambulante
23:12:27 : Side: reconnect: hay un punto azul que va de zona verde en zona verde, es el vendedor ambulatne
23:12:37 : Side: Fravilml: aah vale :3
23:12:41 : Side: reconnect: ahora esta en Staroye
23:16:12 : Side: Fravilml: donde verga estan las ciudades traders? xd
23:16:29 : Side: reconnect: mercado central es el unico trader
23:16:35 : Side: Fravilml: y donde esta
23:16:42 : Side: reconnect: fijate en el mapa .d
23:16:45 : Side: Fravilml: y colonia hippie?
23:17:24 : Side: reconnect: q hay con eso?
23:17:28 : Side: Fravilml: es el unico el mercado central? 
23:17:31 : Side: reconnect: si
23:17:35 : Side: Fravilml: verga xd esta lejisimos
23:17:43 : Side: reconnect: donde estas? te llevo
23:17:51 : Side: Fravilml: no xd
23:18:10 : Side: reconnect: jaja no soy bandido :)
23:18:59 : Side: reconnect: estoy buscando para cargar nafta a mi chopper y me voy
23:19:06 : Side: reconnect: sin cambias de opinion avisame
23:19:18 : Side: Fravilml: xD si te digo por global todos vendran a mi
23:19:26 : Side: reconnect: te pongo la radio
23:19:32 : Side: reconnect: :)
23:30:08 : Side: Fravilml: hola..
23:40:07 : Side: Fravilml: Duda,
23:40:16 : Side: Fravilml: Existe algun sistema de banco, para guarda el dinero?
23:40:22 : Side: Fravilml: si uno muere pierde el dinerO'
23:40:39 : Side: Cloudsp: buy a safe
23:40:48 : Side: Fravilml: aah okey :)
