01:15:44 : Side: Viciuz: buenas gente :p
01:15:47 : Side: Viciuz: que tal les va?
01:15:50 : Side: Viciopata-.: Buenaas!
01:15:59 : Side: Azrael1x: hola loco todo wey_
01:16:01 : Side: Viciopata-.: señor que me copio la mitad del  nombre
01:16:33 : Side: Viciuz: xD
01:16:43 : Side: Viciuz: comuna hippie?
01:16:45 : Side: Viciuz: lol?
01:16:51 : Side: Viciopata-.: Si, anda, esta re piola
01:16:56 : Side: Viciopata-.: Altos fasitos
01:17:04 : Side: Viciuz: Ese color rojo no me convence :v xD
01:17:18 : Side: Viciopata-.: Fijate... es para fasitos
01:17:29 : Side: Viciuz: ya después.
01:48:01 : Side: Viciopata-.: Jajajjajjaa
01:48:09 : Side: Azrael1x: jajajaja mala gente
01:56:41 : Side: Viciopata-.: Comida(?
02:07:43 : Side: Viciopata-.: Juan, lees¿
02:43:03 : Side: Viciuz: :P
02:49:47 : Side: Viciuz: alguien sabe que es la zona de los hippies? xD
05:15:57 : Side: GusTavoR-: enzo
05:16:18 : Side: enzo: que ?
05:16:23 : Side: GusTavoR-: br?
05:16:28 : Side: enzo: no
05:16:36 : Side: GusTavoR-: spanish?
05:16:38 : Side: Daryl: que preciza homem
05:17:15 : Side: GusTavoR-: compra um mozzie pra mim? dps te pago nao ta aparecendo pra mim aqui :C
05:17:50 : Side: Daryl: agora no posse, voce esta precizando agora?
05:18:02 : Side: GusTavoR-: é eu e meu amigo
05:18:06 : Side: GusTavoR-: a gente ia compra
05:18:18 : Side: GusTavoR-: mas nao aparece a opçao pra fala com o cara
05:18:28 : Side: GusTavoR-: esta bugado
05:18:31 : Side: Daryl: fique do mercado central
05:18:43 : Side: Daryl: eu agora voy
05:18:49 : Side: GusTavoR-: ok
05:18:57 : Side: GusTavoR-: nos pagamos
05:19:42 : Side: Daryl: fale cuando voce este do mercado central
05:23:49 : Side: GusTavoR-: holaaa
05:25:33 : Side: GusTavoR-: gracias
05:25:41 : Side: Daryl: denada filio
05:26:54 : Side: GusTavoR-: daryl
05:27:05 : Side: Daryl: si?
05:27:13 : Side: GusTavoR-: donde estas?
05:28:01 : Side: Daryl: cerrando jogo
05:28:11 : Side: GusTavoR-: ah ok
05:28:15 : Side: GusTavoR-: gracias pelo mozzie
05:28:17 : Side: GusTavoR-: xD
05:28:37 : Side: Daryl: denada fhilio, muita suerte
14:37:48 : Side: JF: HOLA 
14:37:58 : Side: Noelia Pompa: holaa como te va
14:38:30 : Side: JF: BIEN Y VOS 
14:39:00 : Side: Noelia Pompa: bien bien, jugas a esta hora siempre vos?
14:41:17 : Side: JF: Se puede decir que si pero no siempre en realidad entro cuando puedo y cuando veo que estan algunos conocidos del juego
14:41:51 : Side: Noelia Pompa: a la noche siempre hay mucha gente se pone copado
14:42:35 : Side: JF:  si pero no te eh visto antes sos nueva
14:43:39 : Side: Noelia Pompa: si vengo aca por que es re distinto este servidor, y por que los chicos no me cargosean por ser mujer
14:47:19 : Side: JF: hey que paso noelia por que moriste
14:51:29 : Side: JF: hola noelia me copias
15:13:10 : Side: JF: hey noelia eres heroe o bandido¨?
15:13:50 : Side: Noelia Pompa: 11.000 de humanidad tengo, soy heroina :)
15:16:07 : Side: JF: ho que bueno yo intento ser heroe es decir me contengo de no dispararle a ningun jugador anque te confieso que ya pasaron un par de sucesos que bueno 
15:17:29 : Side: JF: tube que levantarme de mi silla ir afuera fumar un cigarrillo y volver por que me confie de un supuesto heroe que no lo era je 
17:05:07 : Side: Azrael1x: hola gente
17:05:42 : Side: Daryl: hola azla
17:06:12 : Side: Azrael1x: como va loco?
17:06:20 : Side: Daryl: aca andamo chabon
17:06:31 : Side: Daryl: corriendo como si no hubiera un mañana
17:06:42 : Side: Azrael1x: jajajaja
17:08:12 : Side: Viciopata-.: Bueenas!
17:08:19 : Side: Daryl: puti
17:08:37 : Side: Viciopata-.: PUTI QUE LA CONCHA DE TU MADRE
17:08:53 : Side: Daryl: ja, sabes como te haces llamar
17:09:07 : Side: Viciopata-.: (? Zr.Culillo
17:09:25 : Side: Viciopata-.: cómo*
17:18:50 : Side: Viciopata-.: quien andaba por fuera de una base decinder?
17:19:12 : Side: Cololaucha: yo creo, habia un heli afuera'
17:19:23 : Side: Viciopata-.: PT ES MIA ESA -.- jajjajajaja como va col?
17:19:25 : Side: Viciopata-.: colo *
17:19:31 : Side: Cololaucha: jajajaja todo bien, vos?
17:19:40 : Side: Viciopata-.: Tranqui che
17:24:25 : Side: Viciopata-.: A alguno le aparece el action menu?
17:24:32 : Side: Cololaucha: sisi
17:24:40 : Side: Viciopata-.: a relogear se ha dicho
17:24:46 : Side: Viciopata-.: se bugea cada 2 x 3 este sv -.-
17:25:16 : Side: Cololaucha: bajon
17:26:07 : Side: Viciopata-.: Che colo, como es eso de base por aqui?
17:26:32 : Side: Cololaucha: como?
17:26:42 : Side: Cololaucha: justo paso y vi eso y la revise ah
17:26:45 : Side: Viciopata-.: Me pusieron base por aqui en mi base...
17:26:57 : Side: Cololaucha: y hacela mierda, yo no tengo base
17:27:09 : Side: Viciopata-.: EN EL MAPA MARCARN MI BASE PT
17:27:34 : Side: Cololaucha: ah no tengo ni idea, yo no la veo
17:27:50 : Side: Cololaucha: se te abra marcado a vos
17:27:58 : Side: Viciopata-.: Si no? jajaja
17:28:01 : Side: Viciopata-.: Dios esta gente
17:30:08 : Side: Viciopata-.: qué te pasa edgar -.- ?
17:31:16 : Side: Cololaucha: a we
17:31:20 : Side: Cololaucha: quien fue el gil?
17:33:55 : Side: Cololaucha: vicio me mataron cerca de tu base
17:33:59 : Side: Viciopata-.: En que parte'
17:34:01 : Side: Viciopata-.: ¿?
17:34:06 : Side: Cololaucha: yendo al mercado
17:34:11 : Side: Cololaucha: eran 3
17:34:20 : Side: Cololaucha: norte
17:34:25 : Side: Viciopata-.: BrZ quieren pvp?
17:34:33 : Side: Cololaucha: esos banans
17:34:45 : Side: Cololaucha: le regale un arma a gustabo y asi lo devuelve 
17:35:02 : Side: Viciopata-.: dsps te doy yo pt
17:35:07 : Side: Cololaucha: no pasa nada 
17:35:09 : Side: Cololaucha: tengo tengo
17:35:19 : Side: Viciopata-.: Me sobran :P
17:35:34 : Side: Cololaucha: jajaj tranqui
17:35:52 : Side: Viciopata-.: En mi base no hay nadie :P
17:36:07 : Side: Viciopata-.: Muy cerca del mercado?
17:36:15 : Side: Cololaucha: no en tu base. cerca
17:36:23 : Side: Cololaucha: claro, cerca del mercado
17:36:29 : Side: Viciopata-.: Pff, tirame mas especificaciones... 
17:36:39 : Side: Cololaucha: habia un arbol, ah jajajaja
17:36:40 : Side: Viciopata-.: Cerca cerca del mercado? porque si no le decis a juan y es motivo de ban
17:36:54 : Side: Cololaucha: casi entrando
17:37:01 : Side: Viciopata-.: JAJAJAJAJA se van a comer algo ban
17:37:03 : Side: Viciopata-.: Alto*
17:45:21 : Side: Cololaucha: uf
17:45:54 : Side: Viciopata-.: Colo vos tenes micro o no al final?
17:47:26 : Side: Viciopata-.: Donde te mataron colo?
17:48:24 : Side: Viciopata-.: BrZ
17:48:33 : Side: Viciopata-.: Vc quere um pouco da PVP?
17:48:55 : Side: Viciopata-.: LIXO LIXO
17:48:59 : Side: Viciopata-.: FDP
18:06:12 : Side: Azrael1x: adminn >*
18:10:31 : Side: Viciopata-.: ADMIN
18:10:34 : Side: Viciopata-.: BRAZUCA
18:11:47 : Side: Viciopata-.: PAAa bldo
18:11:54 : Side: Viciopata-.: Necesito un admin bldo
18:12:07 : Side: Viciopata-.: Ese azrael alto wallero en cod
18:12:20 : Side: Azrael1x: jajaja que tenoia que ver
18:12:30 : Side: Viciopata-.: tenoia? nada
18:12:41 : Side: Azrael1x: lebguaje azraewliano
18:56:49 : Side: Viciopata-.: WTF? sin que te maten los 400 BOTS?
18:58:05 : Side: Viciopata-.: osea que no hay mas bots? ami no me hables mal capo
18:58:42 : Side: Viciopata-.: Listo, no era mas facil hablar tranqui?
18:59:07 : Side: Viciopata-.: Quien pija sos ?
18:59:41 : Side: Viciopata-.: Estoy tranqui, hablo asi
18:59:50 : Side: Viciopata-.: no estoy educado
19:00:08 : Side: Viciopata-.: Gracias:3
19:15:58 : Side: Viciopata-.: COLO
19:16:03 : Side: Viciopata-.: Vos tenes micro o no?
19:16:38 : Side: Cololaucha: Nono, mañana me comprare alguno
19:16:43 : Side: Viciopata-.: dale
19:38:37 : Side: Viciopata-.: colo
19:39:49 : Side: Viciopata-.: en la disabled andan los brz
19:39:51 : Side: Viciopata-.: cuidado
19:39:58 : Side: Cololaucha: oka
19:40:09 : Side: GusTavoR-: hahaha
19:40:20 : Side: Viciopata-.: Fucking brazucas noobg
19:40:26 : Side: Viciopata-.: LIxO FDP
19:40:38 : Side: GusTavoR-: nub seu pai fdp
19:40:48 : Side: GusTavoR-: aquele que n te fez homem :)
19:40:54 : Side: GusTavoR-: viadinho
19:41:02 : Side: Viciopata-.: FUCKING LIXO FDP LA CONCHA DE SU VIEJA BRAZUCAS DEL ORTO
19:41:05 : Side: GusTavoR-: bamby
19:41:08 : Side: TaLLeS-: quando morre n reclama otario
19:41:12 : Side: Viciopata-.: MANGA DE CHUPA PIJAS
19:41:15 : Side: GusTavoR-: jajaja
19:41:29 : Side: Viciopata-.: BAMBY YO? JAJAJA AMI ME SOBRA AMIGO
19:41:41 : Side: GusTavoR-: bamby
19:41:43 : Side: Viciopata-.: Cuantos millones queres? yo te los doy
19:43:46 : Side: Viciopata-.: jajaajajja unos pts estos brazucas
19:43:57 : Side: GusTavoR-: jajaja
19:45:00 : Side: Viciopata-.: Unos pts encima los brz campean trade los pajeros
19:45:08 : Side: GusTavoR-: no
19:45:10 : Side: GusTavoR-: noob
19:45:15 : Side: GusTavoR-: tu emui noob
19:45:16 : Side: Viciopata-.: no? lo mataste a colo ahi pajero
19:45:20 : Side: Viciopata-.: La concha de tu madre
19:45:22 : Side: GusTavoR-: qm?
19:45:36 : Side: GusTavoR-: cara cala boca tu começo a nos xingar do nada animal
19:45:49 : Side: Viciopata-.: escuchame, queres que dejemos de bardiar? hacemos un pvp y te dejo con la boca abierta pa
19:46:03 : Side: GusTavoR-: nao obrigado!
19:46:11 : Side: GusTavoR-: nao to afim de matar noobs
19:46:15 : Side: Cololaucha: dejalo vicio, si es un pt
19:46:16 : Side: GusTavoR-: seria muito facil!!!
19:46:18 : Side: Viciopata-.: C A G O N
19:46:22 : Side: Viciopata-.: MANGA DE PTS
19:46:27 : Side: GusTavoR-: tu es cagon
19:46:37 : Side: Viciopata-.: Che juan a cuanto esta el little?
19:46:56 : Side: GusTavoR-: esta o teu cú
19:46:58 : Side: Viciopata-.: tu es cagon? ajajajajjajajajajjajajajajajjajjjajajajaj que yo se payo no me cague al pvp
19:47:10 : Side: Viciopata-.: sepa yo*
19:47:28 : Side: Viciopata-.: aprende portugues primero juan en vez de venir a bardiar al pdo
19:47:29 : Side: GusTavoR-: é isso msm
19:47:29 : Side: Viciopata-.: pedo *
19:47:53 : Side: GusTavoR-: viciopata noob
19:48:00 : Side: GusTavoR-: nick de viadindo bambi
19:48:08 : Side: Viciopata-.: Jajajajajj dios
20:15:06 : Side: Cololaucha: son unos giles mataron a los nuestros ah
20:15:13 : Side: Viciopata-.: jajajjaa
20:16:27 : Side: Viciopata-.: Se subieron XD
20:18:25 : Side: Viciopata-.: juan los podes bajar? por favor
20:20:03 : Side: Viciopata-.: si se suben se suben
20:20:05 : Side: Viciopata-.: ami no me rompas
20:20:50 : Side: Viciopata-.: lo acabas de llevar vos y no paso nada, que queres que haga?
20:29:59 : Side: [BrZ]-Rafael: morreram ?
20:32:45 : Side: [BrZ]-Rafael: mano onde vcs tão
21:22:53 : Side: GusTavoR-: holaaa
21:22:57 : Side: GusTavoR-: bien?
