10:29:43 : Group: Leodagos: BRIAN
11:21:44 : Group: Leodagos: wire kit
11:42:34 : Group: Jej0x |Aspirante|: deja de joder y venime a buscar
11:42:39 : Group: Jej0x |Aspirante|: levanto el heli y me tiran
16:03:20 : Group: Jej0x |Aspirante|: abrime 
16:03:23 : Group: Jej0x |Aspirante|: me van a coger aca
16:29:21 : Group: Jej0x |Aspirante|: 6185
16:32:34 : Group: Jej0x |Aspirante|: CTU
16:32:45 : Group: Jej0x |Aspirante|: LA CONOCES?
16:32:54 : Group: Jej0x |Aspirante|: comunidad tacctica unida
16:33:13 : Group: Jej0x |Aspirante|: soy de anotar mucho las coordenadas y jugar medio tactico por que estuve mucho tempo esn eso
16:33:18 : Group: Jej0x |Aspirante|: juegan misiones tacticas
16:33:42 : Group: Jej0x |Aspirante|: matar al objetivo, defender al convoy, entre otras
16:33:49 : Group: Jej0x |Aspirante|: si
16:33:57 : Group: Jej0x |Aspirante|: por la parte de sobrevivir
16:33:59 : Group: Jej0x |Aspirante|: yo tambien
16:34:05 : Group: Jej0x |Aspirante|: me gusta tener una buena base
23:18:03 : Group: Nikyta: por donde venis ?
23:18:20 : Group: Alan: de la mision
23:18:53 : Group: Nikyta: 034 069
23:19:13 : Group: Nikyta: el portron esta abierto xd
23:33:58 : Group: Alan: imposible q no la encontremos
23:35:42 : Group: Alan: siempre esta
23:35:46 : Group: Alan: en un coso asi tipo l
23:35:51 : Group: Alan: L
23:36:23 : Group: Alan: ven quieres hacer una mision
23:36:36 : Group: Alan: donde ganasbuenas cosas
23:37:11 : Group: Alan: hay te deje un arma
23:37:15 : Group: Alan: en el auto
23:37:17 : Group: Alan: jaja no ay drama
23:37:22 : Group: Alan: solo escondete atras de un arbol
23:37:33 : Group: Alan: y mientras sales del arbol vas mirando
23:37:40 : Group: Alan: osea asi mira
23:37:52 : Group: Alan: jaja es q si haces esto
23:37:57 : Group: Alan: por ejemplo esto es el arbol
23:37:59 : Group: Alan: si haces esto
23:38:04 : Group: Alan: obvio te mataran
23:38:08 : Group: Alan: es con calma
23:38:16 : Group: Alan: y asi vas matando de a 1
23:38:27 : Group: Alan: ay salio una vamos
23:38:38 : Group: Alan: vamos a una facil
23:40:25 : Group: Alan: subite vamos jaja
23:41:00 : Group: Alan: deci q es malo jajaw
23:42:01 : Group: Alan: jaja
23:42:44 : Group: Alan: ay te doi
23:43:12 : Group: Alan: jaja no ay drama
23:45:35 : Group: Alan: se
23:48:14 : Group: Alan: a ver si alcanzo a hacerla
23:48:18 : Group: Alan: uh me llaman por  tel
23:49:59 : Group: Alan: no llegaremos
23:50:04 : Group: Alan: esperemos al restart
23:50:10 : Group: Alan: y hacemos 1 mision
23:50:16 : Group: Alan: asi tienes buenas cosas
23:50:27 : Group: Alan: deslogueo y logueo apenas vuelva q estoy en el tel
