00:10:13 : Group: Alan: jaja terrible aterrizaje
00:10:45 : Group: edgar: xD
00:12:10 : Group: Alan: falta algo mas ?
00:12:16 : Group: edgar: si
00:12:34 : Group: edgar: aki que ba aser
00:12:42 : Group: Alan: aca nada
00:12:53 : Group: edgar: entonces es mi cuarto
00:13:04 : Group: edgar: :V
00:13:08 : Group: Alan: jaja
00:13:56 : Group: edgar: lo quieres quitar y poner?
00:14:04 : Group: Alan: se
00:14:19 : Group: Alan: como hiciste ?
00:14:27 : Group: edgar: por que tengo palanca
00:14:37 : Group: edgar: hay esta
00:14:40 : Group: Alan: yo tmb tengo palanca
00:15:43 : Group: Alan: ta
00:20:26 : Group: edgar: mucho lag
00:20:48 : Group: Alan: un poco
00:24:42 : Group: edgar: vamos por mas cosas
00:24:51 : Group: edgar: para abrir esta safe es 4620
00:25:01 : Group: Alan: ok
00:25:24 : Group: Alan: hay q traer otro vehiculo ?
00:25:31 : Group: edgar: si
00:25:52 : Group: edgar: me equivoque
00:26:04 : Group: Alan: xd
00:26:17 : Group: Alan: para q llevas ese carro ?
00:26:31 : Group: edgar: si se empiesa a caer el heli seme due el internet :V
00:26:38 : Group: edgar: para traer cosas
00:26:45 : Group: Alan: hubieras agarrado el camion
00:26:49 : Group: Alan: podes traer muchisimas mas cosas
00:26:53 : Group: Alan: por eso me lo compre xd
00:27:05 : Group: edgar: le cabe mas ala suv
00:27:12 : Group: edgar: pero nose por que no la traje
00:27:54 : Group: edgar: 360
00:27:57 : Group: edgar: :V
00:28:00 : Group: Alan: nono
00:28:01 : Group: Alan: xd
00:37:36 : Group: edgar: esto es normal para mi
00:37:52 : Group: Alan: morir ?
00:37:57 : Group: edgar: en 1 dia tube que comprar 6 helis
00:38:03 : Group: Alan: wtf jajaja
00:38:06 : Group: Alan: tas loquito vo
00:40:44 : Group: edgar: lo tengo que reparar otra bes
00:40:51 : Group: Alan: jaja sos un culia
00:41:06 : Group: edgar: hay que sacar cosas
00:41:47 : Group: edgar: ven
00:44:00 : Group: edgar: ucupa gas
00:44:06 : Group: Alan: mm no
00:44:34 : Group: edgar: si
00:44:58 : Group: Alan: si q
00:45:12 : Group: edgar: si ocupa hay que comprar
00:45:43 : Group: edgar: vamos
00:46:02 : Group: Alan: espera mellaman por tel
00:46:04 : Group: Alan: ay vuelvo
00:46:07 : Group: edgar: ok
00:50:05 : Group: Alan: volvi
00:50:38 : Group: edgar: sele acaba rapido el gas
00:50:59 : Group: edgar: bamos ala base
00:51:05 : Group: Alan: vamos
00:54:00 : Group: edgar: manejas muy lento
00:54:06 : Group: edgar: :V
00:54:18 : Group: Alan: pero seguro jaja
00:54:29 : Group: edgar: xD
00:55:10 : Group: edgar: para abrirla es 3616
00:57:16 : Group: edgar: sabes construir bien?
00:57:24 : Group: Alan: no sera mi primera ves
00:57:27 : Group: Alan: jaja
00:57:34 : Group: Alan: no te acuerdas q soy nuevo en este
00:57:36 : Group: Alan: esto
00:57:54 : Group: edgar: si pero nose podria ser que alguien te dijo
00:58:30 : Group: edgar: deje las llaves en la safe
00:58:37 : Group: Alan: mmm
00:58:44 : Group: edgar: me tengo que ir
00:58:51 : Group: Alan: uh q lastima
00:58:57 : Group: edgar: hay esta la llave de mis helis
00:59:05 : Group: edgar: por si lo reparas 
00:59:15 : Group: Alan: ok
00:59:22 : Group: edgar: falto cosas en la base?
00:59:29 : Group: Alan: mmm no 
00:59:36 : Group: edgar: bueno me boy
00:59:39 : Group: Alan: dale
00:59:41 : Group: Alan: nos vemos edgar
00:59:47 : Group: Alan: yo tmb me salgo, aburre jugar solo xd
01:00:02 : Group: edgar: podria ser que mas tarde entrara
01:00:05 : Group: edgar: pero nose
01:00:08 : Group: Alan: en cuanto ?
01:00:13 : Group: edgar: pos nose
01:00:21 : Group: edgar: abeses juego alas 3am
01:00:32 : Group: Alan: q hora
01:00:33 : Group: Alan: tenes
01:00:36 : Group: Alan: en tu pais ?
01:00:40 : Group: edgar: creo que orita son las 9
01:00:52 : Group: Alan: woo no estare jaja
01:00:56 : Group: Alan: aca son la 1 am
01:01:04 : Group: edgar: lol
01:01:11 : Group: Alan: estare 2 horas mas
01:01:14 : Group: edgar: abeses me queda alas 6 am
01:01:15 : Group: edgar: xD
01:01:20 : Group: Alan: jajaja 
01:01:26 : Group: Alan: ps quedate un rato mas ahora
01:01:29 : Group: Alan: y luego no te conectas
01:01:31 : Group: Alan: jajaja
01:01:42 : Group: edgar: mmmm
01:01:56 : Group: edgar: bueno ya me boy
01:02:04 : Group: Alan: jaja ok
