15:09:28 : Side: JF: Hola Nicolaidyz
15:09:29 : Side: Nikolaidys: viste cuando no sabes que hacer? .. bueno asi que onda
15:10:16 : Side: JF: ja ja , es la primera ves que entras en este server o ya viniste antes?
15:10:23 : Side: Nikolaidys: ya vine alguna vez
15:10:38 : Side: Nikolaidys: a donde se puede lootear? ...y no voy a ir a krasno ya conozco xDDDD
15:12:00 : Side: JF: anduviste por el trader hay cosas nuevas , mesa de apuesta , ruleta rusa , y otras mas que si les encontras la vuelta de dan ganancias
15:12:17 : Side: Nikolaidys: no tengo un sope
15:13:08 : Side: Nikolaidys: que onda los religiosos?
15:13:47 : Side: JF: y para lotear espera una mison armas , grosas y no tanto por ahi  te tira en el trder tambien y ahi empezas un rejunte y te vas armando
15:14:07 : Side: Nikolaidys: que hay en la comuna religiosa?
15:15:38 : Side: Nikolaidys: me da miedo bajar, escucho musica de la iglesia :$
15:16:01 : Side: JF: la verdad no la he visitado , cuidate de los puestos de control y en algunos sectores te aparecen bodt medio de sorpresa y te liquidan
15:16:20 : Side: Nikolaidys: ando en heli
15:17:04 : Side: Nikolaidys: que raro quieren plata los curas -.-
15:17:34 : Side: JF: ja ja contribucion para alguna obra venefica..
15:19:09 : Side: Nikolaidys: me estan violando los zombies u.u
15:20:16 : Side: JF: jaja ja le encontraron otro gustito a la carne parece .. van evolucionando .xD
15:21:33 : Side: Nikolaidys: muy dificil el server si jugas solo
15:22:50 : Side: JF: naa.., va depende donde te vayas a meter , 
15:23:42 : Side: Nikolaidys: zonas de looteo normal no hay
15:25:05 : Side: Nikolaidys: que onda la zona infectada? ... estoy encima de ella
15:25:33 : Side: JF: te infectas y moris , alejate
15:26:03 : Side: Nikolaidys: precioso
15:27:48 : Side: JF: zonas para lotear armas encontras en chernogorsk , en el trader , y galpones viejos 
15:28:18 : Side: Nikolaidys: me aburrio, nos vemos
15:28:26 : Side: JF: para comida galpones viejos y edificios de autoservicios
15:52:28 : Side: JF: Hola Fin4l , todo bien?
15:53:22 : Side: FIN4LShare: Hola.   Sí bien  
15:54:10 : Side: FIN4LShare: y tu?
15:55:17 : Side: JF: me alegro , yo bien tambien..
17:54:51 : Side: Azrael1x: hola holaa
21:27:01 : Side: JF: Hola gente ..!!
21:33:10 : Side: [WG] SnakeGeneral: admin on ?
22:24:04 : Side: torabe: ola gente
22:24:39 : Side: JF: Hola ,todo bien?
22:25:00 : Side: torabe: bien
22:25:02 : Side: orlando: solo me atacaron en el spawn...
22:27:12 : Side: JF: esta algo complicado a esta hora..
23:33:47 : Side: Bad Guy: buenas
23:34:53 : Side: JF: Hola Bad, como estas?
23:35:04 : Side: Bad Guy: todo tranki
23:35:05 : Side: Bad Guy: vs?
23:37:01 : Side: JF: SI igual , hoy ,no hubo concurrencia , hace un rato habia como 5 y para mi 3 o 4 nuevos no se..
23:37:34 : Side: Bad Guy: se hay un par de pibes nuevos q entraron ayer
23:38:20 : Side: Bad Guy: yo quiero terminar la base asi le empiezo a dar caza a los brazucas
23:38:49 : Side: JF: jaja te quedaste con la sangre en el ojo he..
23:39:09 : Side: Bad Guy: seee
23:40:28 : Side: JF: pasa que no estan acostumbrados a hacer un juego mas inteligente , este server te da esa opcion y hay que aprovecharlo.. 
23:41:10 : Side: Bad Guy: claaaro
23:41:19 : Side: Bad Guy: igual cuando me mataron me la mande yo
23:41:26 : Side: Bad Guy: me quede mucho tiempo en un solo lugar
23:42:19 : Side: JF: los brasileros tienen puros server al menos los que yo eh entrado pvp y tenes que andar deambulando como huevon para bajar alguno o que te bajen 
23:43:00 : Side: Bad Guy: yo el otro dia entre a boludear a un sv br, era puro tiroteo
23:43:35 : Side: Bad Guy: y eso q estabamos en balota
23:44:02 : Side: JF:  aqui podes ver el juego de otra manera te permite lograr una base te dan un monton de recursos y te apasionas por ver si podes seguir viviendo..
23:44:51 : Side: Bad Guy: de 1, aparte ellos juegan en grupo
23:45:03 : Side: Bad Guy: tienen todas las posibilidades de dominar el juego
23:45:32 : Side: JF: vos viste que la mayoria nos hacemos gamba y por ahi se da que podes lotear o hacer misiones mas en confianza
23:46:28 : Side: Bad Guy: see, nosotros hacemos mas el papel de heroe q el de bandidow
23:46:58 : Side: Nikyta: buenas 
23:47:04 : Side: Bad Guy: hu cagamo
23:47:15 : Side: Bad Guy: jajaja como andas
23:47:28 : Side: Nikyta: :/
23:48:02 : Side: Nikyta: jajaja presiso un ojo que me ayude a construir xd
23:48:27 : Side: JF: claro pero seguramente ellos se conocen de la vida real por eso forman vandos , nosotros ni ahi , yo no conocia (una forma de decir) a nadie cuando
23:48:46 : Side: JF: entre aqui por primera vez.
23:48:58 : Side: Bad Guy: yo tampoco
23:49:09 : Side: Bad Guy: q necesitabas nikita q no alcanze a leer?
23:49:27 : Side: JF: HOLA NIKYTA , COMO TE VA , YA SE TE EXTRAÑABA , JAJAJA...
23:49:48 : Side: Nikyta: jajaj es que quiero construir un par de cosas y no veo si lo pongo bien jajaj
23:49:53 : Side: Nikyta: hola xd
23:50:10 : Side: Bad Guy: con el snap no podes?
23:50:11 : Side: Nikyta: presiso un ojo que me guie xd
23:50:35 : Side: JF: Segun parece estas por enebrar la ahuja jaja
23:50:40 : Side: Bad Guy: JAAJAJAJJAJA
23:51:00 : Side: JF: aguja 
23:51:06 : Side: Bad Guy: si me aguantas despues del restart te presto el ojo bueno
23:51:22 : Side: JF: bueno algo asi se escribia jja
23:52:18 : Side: Nikyta: no por que tengo que colocar un forest camo net xd
23:52:40 : Side: Bad Guy: jajajaja si esperas a q craftee la escalera, y la ponga despues del restart te doy una mano
23:52:51 : Side: Nikyta: jaja dale
23:53:09 : Side: Bad Guy: ahora toy haciendo paredes xq me canse de caerme de las escaleras del castillo
23:53:10 : Side: Nikyta: todabia no pusiste la escalera para subir al heli ? jajajajaj
23:53:19 : Side: JF: que era eso , refrescame la memoria
23:53:24 : Side: Bad Guy: na si recien fui a buscar las palancas
23:53:36 : Side: Nikyta: jajajaj
23:53:46 : Side: Nikyta: yo le llamo techito camuflado xd
23:54:43 : Side: JF: aaahh si  ya caigo que bolu.. me anda fallando la memoria, xD..
23:55:15 : Side: Bad Guy: aver si ahi me queda bien la escalerita
23:55:16 : Side: Nikyta: cuando sacas un scream lo guarda en steam no ? pero como lo descargas en la maquina ?
23:55:45 : Side: Bad Guy: cuando cerras el juego te va a aparecer una ventana de steam
23:55:54 : Side: Bad Guy: con la opcion de compartir o eliminar la foto
23:56:01 : Side: Bad Guy: creo q se te guarda sola en la carpeta de steam
23:56:29 : Side: JF: Che una preguntita si me pueden ayudar yo quise instalar una cosinita y me decia que se instalo pero nunca aparecio..
23:56:51 : Side: Nikyta: mmm 
23:56:55 : Side: Bad Guy: mmm fijate q no haya quedado de afuera
23:57:45 : Side: Nikyta: bueno nos vemos despues del restart xd
23:57:54 : Side: Bad Guy: dale dale
23:58:02 : Side: Bad Guy: despues pasame las coordenadas y voy nikita
23:58:02 : Side: JF: hasta donde vi la estaba poniendo bien no creo que la haya puesto afuera,  y no agarren para otro lado jajaja
23:58:24 : Side: Bad Guy: mira yo el otro dia puse el chiquero en medio de las dos puertas de la base
23:58:31 : Side: Bad Guy: asi q podes esperar cualquier cosa
23:59:02 : Side: JF: jaajaja -cuando reinicie me fijo , lo que faltaria
23:59:07 : Side: Bad Guy: ajjajajja
