00:30:19 : Side: edgar: lol
00:30:27 : Side: Alan: por q hiciste eso culiado jaja
00:30:34 : Side: edgar: xD me excedi
00:30:49 : Side: edgar: ven por tu cuerpo
00:30:49 : Side: Alan: vos no moriste ?
00:30:52 : Side: edgar: no
00:30:55 : Side: Alan: .l.
00:31:02 : Side: Alan: vos tendria q a ver muerto jaja
00:36:51 : Side: Alan: acepta edgar
00:36:55 : Side: edgar: ok
03:24:07 : Side: Alan: jf
03:25:32 : Side: JF: Alan todo bien
03:25:42 : Side: Alan: todo bienn
03:25:49 : Side: Alan: probando unas configuraciones para subir mis fps
03:25:53 : Side: Alan: cuantos fps tenes ?
03:26:56 : Side: JF: 33 ahora
03:27:01 : Side: Alan: ahhh
03:27:50 : Side: Alan: eh
03:27:56 : Side: Alan: no alcanze a leer
03:28:49 : Side: JF: 35 ahora
03:28:59 : Side: Alan: ahh un poco mejor q yo
03:29:02 : Side: Alan: xd
03:29:22 : Side: Alan: q estas haciendo jf
03:29:25 : Side: JF: cuantos vos
03:29:27 : Side: Alan: misiones ?
03:29:44 : Side: Alan: de 20 q tenia, me fije un videito para subir y tengo 26
03:29:48 : Side: JF: voy yendo al trade
03:30:10 : Side: Alan: estabas en misiones ?
03:31:24 : Side: JF: no me fui un rato a recorrer y habia un lugar que estaba lleno de z y casi me quedo sin municion
03:32:21 : Side: Alan: jaja, no hces misiones solo ?
03:32:59 : Side: JF: cuando puedo  y me animo si jaja
03:33:08 : Side: Alan: jaja
03:34:07 : Side: Alan: bueno me ire a dormir
03:34:14 : Side: Alan: mañana si quieres hacemos misiones
03:34:22 : Side: Alan: que yo tampoco me animo a ir solo jaja
21:43:23 : Side: juandayz: hola reco
21:43:49 : Side: reconnect: hola mannnn
21:44:03 : Side: juandayz: qeres venir a jugar a la ruleta rusa con el trader :P
21:44:19 : Side: reconnect: :O
21:44:55 : Side: reconnect: banca que encuentro el heli
21:44:55 : Side: juandayz: si no te matas te ganas 100.000 si moris, moris :D
21:45:11 : Side: reconnect: y anoto donde esta
21:45:21 : Side: juandayz: en los menonitas esta
21:45:31 : Side: reconnect: el heli?
21:45:36 : Side: juandayz: ah no jaja
21:45:43 : Side: juandayz: la ruleta rusa
21:45:48 : Side: reconnect: ah oka
21:46:34 : Side: reconnect: -ya
21:47:32 : Side: juandayz: aca
21:47:38 : Side: juandayz: scroll menu
21:48:26 : Side: juandayz: safaste
21:48:54 : Side: juandayz: no tedio el maletin?
21:49:06 : Side: juandayz: no no
21:49:21 : Side: juandayz: tira algo
21:49:50 : Side: juandayz: aquel es una maquinita
21:50:03 : Side: juandayz: por un silverbar
21:50:10 : Side: juandayz: te da un item al azar
21:50:28 : Side: juandayz: es q lo hize para coins y gold system
21:51:13 : Side: reconnect: hay de todo :D
21:54:32 : Side: reconnect: uuu me voy a la mision del v22
21:55:45 : Side: juandayz: hola larz
21:55:52 : Side: LarzuK: buenas
21:56:03 : Side: LarzuK: que se cuenta 
21:56:10 : Side: reconnect: muy buena la ruleta :_D
21:56:15 : Side: juandayz: :D
21:56:32 : Side: juandayz: le puse la sirena al plot :P larz
21:56:53 : Side: LarzuK: aaaaaaaaaaaaaaaaaaaaaaaaaaaaaaaa
21:57:08 : Side: LarzuK: ajajaj la queria apagar y me ponia mas sirenas , ajajaj
21:57:17 : Side: reconnect: che larzu
21:57:20 : Side: juandayz: aajaaj
21:57:34 : Side: LarzuK: que paso
21:57:41 : Side: reconnect: como te cagaste el otro dia eh
21:57:55 : Side: reconnect: te tire unas m203 jajaja eras vos?
21:58:05 : Side: LarzuK: mmmm nope
21:58:09 : Side: LarzuK: en donde ?
21:58:09 : Side: reconnect: buuu
21:58:31 : Side: reconnect: en una mision que fui a hacer y ya la habian terminado. tire unas m203 
21:58:41 : Side: reconnect: y eramos 3 onnline vos yo y otro mas pense q eras vos
21:58:47 : Side: reconnect: y me desconecte
21:58:55 : Side: LarzuK: je nope
22:09:59 : Side: reconnect: alguien arranco la mision del mv22?
22:10:49 : Side: reconnect: tan casi todos muertos
22:17:20 : Side: reconnect: no se puede vender el mv22 :(
22:20:06 : Side: reconnect: juan, a modo de bug report, no me puedo poner el bandit sniper
22:23:37 : Side: LBDT-14: hola muchachos por donde andan
22:27:18 : Side: reconnect: oka
22:28:53 : Side: reconnect: JAJAJJAJA JUAN VENI A VER
22:28:59 : Side: reconnect: UN MOZZIE LEVANTANDO UN MV 22
22:29:51 : Side: reconnect: LO VOY A LLEVAR PA ASER FACHA
22:32:27 : Side: reconnect: JAJAJAAJ Y EN MARCHA 
22:32:38 : Side: reconnect: Donde estan muchachos tienen que ver esto
23:10:05 : Side: reconnect: rly
23:11:34 : Side: reconnect: q mal orto
23:12:07 : Side: reconnect: apague el motor en lugar de autohover porque iba a ver el mapa
