01:16:59 : Side: santiago: '???
01:27:43 : Side: Jose Luis: hpta tan bobo no ve que por irle a ayudar me quebbraron primero
01:27:49 : Side: Jose Luis: vea eso me estan disparando en el aire
01:38:38 : Side: Jose Luis: vos agarraste mis monedas
01:39:42 : Side: Jose Luis: bien
01:40:32 : Side: Jose Luis: si estan muertos todos los soldados
01:40:39 : Side: Jose Luis: vamos por las cosas que dejaron entonces
01:41:23 : Side: Jose Luis: la chimba vamonos
01:41:52 : Side: Jose Luis: vamonos a comprar llantas
01:44:13 : Side: Jose Luis: churro
01:44:17 : Side: Jose Luis: tu no eres admin verdad
01:46:44 : Side: [Amish]Churro: buenas noches
01:46:56 : Side: Jose Luis: buenas churro que tal
01:47:12 : Side: [Amish]Churro: aca.. medio ebrio
01:47:14 : Side: [Amish]Churro: vos?
01:47:20 : Side: Jose Luis: enfermo y enojado
01:47:28 : Side: [Amish]Churro: jaja q paso
01:47:37 : Side: Jose Luis: se cargo una mision
01:47:48 : Side: Jose Luis: justo al lado de donde estabamos
01:47:57 : Side: Jose Luis: y nos armaron la guerra los bot
01:48:07 : Side: [Amish]Churro: jaja
01:48:20 : Side: Jose Luis: no se cuantas veces mori
01:48:36 : Side: [Amish]Churro: asi practicas punteria
01:48:47 : Side: Jose Luis: el problema es que nos agarraron desprevenidos
01:53:11 : Side: Jose Luis: santiago
01:55:45 : Side: [Amish]Churro: qui hace
01:56:00 : Side: Jose Luis: recuperando mi toolbox
02:00:43 : Side: Jose Luis: la puta que los pario
02:11:47 : Side: santiago: jose
02:11:57 : Side: Jose Luis: que paso
02:12:41 : Side: santiago: arregle el auto y vamos al campamento
02:13:00 : Side: [Amish]Churro: yo estoy desmayado
02:13:02 : Side: [Amish]Churro: jaja
02:13:16 : Side: Jose Luis: me debe 2.000 y falta comprar otra rueda que esta al 93%
02:13:20 : Side: Jose Luis: jajaja donde estas amish
02:13:31 : Side: [Amish]Churro: haciendo la casa
02:13:43 : Side: [Amish]Churro: laburando
02:13:44 : Side: [Amish]Churro: jaja
02:14:12 : Side: Jose Luis: jajaja
02:14:18 : Side: santiago: entonces
02:14:22 : Side: Jose Luis: santiago a tienda compras otra rueda para esto y vamos
02:14:37 : Side: [Amish]Churro: ustedes?
02:14:41 : Side: [Amish]Churro: en q andas?w
02:14:46 : Side: [Amish]Churro: andan?
02:14:51 : Side: Jose Luis: pensando en hacer la casa tambien
02:14:53 : Side: santiago: si
02:15:10 : Side: [Amish]Churro: te digo q de madera es facil
02:15:16 : Side: [Amish]Churro: ahora con ladrillo cara
02:15:34 : Side: Jose Luis: santiago anda en la bici
02:15:43 : Side: Jose Luis: esa llanta al 93% no sirve
02:15:56 : Side: Jose Luis: nosotros vamos a talar
02:16:08 : Side: [Amish]Churro: si tala.. ladrillo caro
02:16:18 : Side: [Amish]Churro: edspues a lo sumo revestis
02:16:29 : Side: Jose Luis: si ladrillo es muy caro
02:17:00 : Side: Jose Luis: santiago anda en la bici por una rueda solo falta una
02:17:12 : Side: santiago: ok
02:17:20 : Side: santiago: cuidate
02:17:23 : Side: Jose Luis: si puede compre cristal porque tambien esta dañado
02:17:30 : Side: Jose Luis: pero no tan dañado podemos andar
02:17:44 : Side: Jose Luis: hoy hemos usado la bici mas que nunca
02:19:02 : Side: Jose Luis: santiago compre 2 ruedas de una vez porque la otra esta como malangas
02:23:13 : Side: Jose Luis: como vas santiago
02:23:20 : Side: Jose Luis: lo que nos pasa a nosotros no es ni medio normal
02:23:41 : Side: santiago: bn
02:24:14 : Side: Jose Luis: no se olvide viejo 2 ruedas y si puede compre una motosierra que yo le devuelvo digame cuanto le cuesta
02:24:29 : Side: Jose Luis: motocierra negra o gris
02:24:31 : Side: [Amish]Churro: jaja
02:24:43 : Side: Jose Luis: jajaja
02:25:12 : Side: Jose Luis: heroe o bandido amish?
02:25:26 : Side: [Amish]Churro: x ahora no llegue a ninguno de los 2
02:25:37 : Side: Jose Luis: cuanto de humanidad
02:25:37 : Side: [Amish]Churro: el primero q salga sera mi destino
02:25:54 : Side: [Amish]Churro: veremos como me encuentra el destino
02:26:00 : Side: [Amish]Churro: x ahora.. -2663
02:26:05 : Side: santiago: q es esa balasera
02:26:13 : Side: Jose Luis: un jodido zombie
02:26:36 : Side: Jose Luis: vas pa bandido
02:26:45 : Side: [Amish]Churro: nah.. se dio asi
02:26:56 : Side: [Amish]Churro:  si despues me resulta ser heroe sere heroe
02:27:10 : Side: Jose Luis: cuanto llevas jugandolo
02:27:20 : Side: Jose Luis: me trajiste la cierra
02:27:36 : Side: Jose Luis: loco como le va a poner la rueda sin caja de herramientas
02:27:41 : Side: Jose Luis: tiene que desarmar la bici
02:27:51 : Side: [Amish]Churro: 4 dias
02:27:53 : Side: [Amish]Churro: creo
02:28:28 : Side: [Amish]Churro: vos_
02:28:30 : Side: Jose Luis: el mismo poco tiempo
02:28:41 : Side: Jose Luis: yo creo que 4 o 5
02:29:16 : Side: Jose Luis: estos soldados nos jodieron bien jodidos
02:29:33 : Side: santiago: si
02:29:42 : Side: Jose Luis: ya se las puso?
02:29:52 : Side: Jose Luis: no me diga que las cambio por las que yo habia cambiado ya 
02:30:56 : Side: Jose Luis: eso demos la vuelta porque si vamos por ahi nos joden de nuevo
02:31:17 : Side: Jose Luis: vamos a tienda loco
02:31:27 : Side: Jose Luis: compro mi sierra
02:34:44 : Side: Paladin: saludos gente !!!
02:34:49 : Side: Jose Luis: hola paladin
02:34:51 : Side: [Amish]Churro: saludos
02:35:48 : Side: Paladin: oigan algunas preguntas tontas: alguien me puede explicar por que despues de morir jugando ruleta apareci con mucho oro ?
02:40:07 : Side: Jose Luis: santiago
02:40:09 : Side: Jose Luis: vamos ps
02:40:38 : Side: Jose Luis: sigame
02:40:40 : Side: santiago: voy
02:41:15 : Side: santiago: esperate yo lo pongo al pelo
02:41:24 : Side: santiago: lsito carabana
02:43:22 : Side: santiago: madamen invt
02:47:48 : Side: santiago: echale 100
02:48:29 : Side: Jose Luis: muchachos una pregunta
02:49:10 : Side: Paladin: adelante !
02:49:22 : Side: Jose Luis: como enciendo el generador de energia
02:50:48 : Side: Paladin: ni idea hermano :S
02:51:00 : Side: Jose Luis: santiago busca en youtube a ver
02:51:03 : Side: Jose Luis: tu sabes amish?
02:51:24 : Side: Jose Luis: como se enciende planta de energia 
02:51:27 : Side: Jose Luis: en el juego
02:51:35 : Side: Leyva: a ocupas hecharle gasolina xD
02:52:24 : Side: Jose Luis: como va a necesitar bbateria si es una planta de energia
02:52:33 : Side: Jose Luis: si tuviera bateria no usaria la planta
02:52:44 : Side: Jose Luis: que pasa leyva todo bien
02:53:05 : Side: Leyva: ocupas hachercate con un jerry can
02:53:09 : Side: Leyva: y ya xD
02:53:21 : Side: Jose Luis: santiago
02:53:25 : Side: Jose Luis: llename el tanque
02:53:51 : Side: Jose Luis: rueda del mouse
02:54:00 : Side: Jose Luis: donde dice fill 
02:54:43 : Side: Jose Luis: tanqueando ando
02:54:47 : Side: Jose Luis: que haces leyva todo bien
02:55:33 : Side: Jose Luis: vaya ponga su carro santiago yo le tanqueo
02:55:53 : Side: Jose Luis: ayudame cubreme
02:55:56 : Side: Jose Luis: zombies
02:57:46 : Side: Jose Luis: cubrame pues
02:57:54 : Side: Jose Luis: yo disque a usar
02:58:05 : Side: Jose Luis: le quedo lleno el tanque?
02:59:26 : Side: Jose Luis: bajate
02:59:28 : Side: Jose Luis: bajate
02:59:40 : Side: Jose Luis: reinicio de server
03:56:10 : Side: mauro: me warpeo al mar
03:57:30 : Side: Dragons: deja q termine de armar la bici
04:30:48 : Side: Jose Luis: leyva una pregunta
04:30:56 : Side: Leyva: que paso?
04:30:58 : Side: Jose Luis: el que planta el plot puede habilitar a un compa para que construya
04:31:09 : Side: Leyva: la neta nose xD
04:31:15 : Side: Leyva: siempre construyo yo solo xd
04:31:17 : Side: Jose Luis: xD xD
04:31:56 : Side: Jose Luis: tu que haces
04:32:58 : Side: Leyva: andaba recogiendo unas cosas xd
04:33:20 : Side: santiago: invt
04:34:32 : Side: santiago: yo se
04:36:58 : Side: santiago: no se 
04:45:29 : Side: Jose Luis: leyva vas en helicoptero?
04:45:42 : Side: Leyva: nop
04:45:50 : Side: Jose Luis: necesito un aventon pero en heli para no tardar
04:46:39 : Side: Jose Luis: puedes?
04:46:55 : Side: Jose Luis: es que deje el coche lejos y necesito ir por el
04:53:38 : Side: Jose Luis: podes leyvaw
04:53:53 : Side: Leyva: que cosa?
04:54:09 : Side: Jose Luis: pasar por mi e en hel
04:54:24 : Side: Leyva: no tengo heli
04:54:50 : Side: Jose Luis: ahhh vale
05:15:50 : Side: Jose Luis: santiago ya me voy
05:58:07 : Side: Fidelo: de que es la otra lkey?
05:59:49 : Side: Fidelo: tiene vivion termina esta madre
05:59:53 : Side: Fidelo: ea
09:51:56 : Side: Dallheim: q onda amishw
09:55:06 : Side: Dallheim: atende churrosaurio
09:55:36 : Side: erick: no se xq carajo no me deja remover el piso de madera
09:56:04 : Side: Dallheim: acepta la party erick
09:56:13 : Side: Dallheim: hay skype?
16:19:59 : Side: Jose Luis: admin?
17:23:21 : Side: Jose Luis: algun admin
19:02:38 : Side: Jose Luis: hay algun admin
20:03:51 : Side: Bad Guy: algun adm???
22:41:32 : Side: Helmans: tu estas na missão amarela ?
23:23:54 : Side: Paladin: que debo hacer para poder comprar un vehiculo ?
23:24:24 : Side: [WG] SnakeGeneral: cuanto tienes del oro
23:24:43 : Side: Paladin: 50000
23:25:00 : Side: [WG] SnakeGeneral: tu pudes compra 
23:25:15 : Side: [WG] SnakeGeneral: uno carro
23:25:21 : Side: Paladin: ok gracias !
