00:18:41 : Side: TITAN - FENIX: consulta como activo el maphack?
00:19:44 : Side: Totoasd: las paredes de cincer no se rompen no?
00:44:24 : Side: Totoasd: esto es para los que estaban cerca del stash:
00:44:30 : Side: Totoasd: SON UNOS MUERTOS
00:44:36 : Side: Totoasd: COMPRENSE PUNTERIA
00:44:42 : Side: Totoasd: CON UN HACHA LES FUI
00:49:26 : Group: Totoasd: 2
00:49:34 : Group: Totoasd: con esa son 2
00:49:56 : Group: Totoasd: en una de las safe
00:50:03 : Group: Totoasd: como se corta madera
00:50:28 : Group: Totoasd: cocinar cerdo
00:51:10 : Group: Totoasd: yo me rajo
00:51:51 : Group: Totoasd: lockeaste el heli?
00:54:05 : Group: Totoasd: no puedo
00:54:13 : Group: Totoasd: recien m kgaron a p2
00:54:41 : Group: Totoasd: che
00:54:47 : Group: Totoasd: aca hay 10mil nomas
00:55:03 : Group: Totoasd: ahora no hay nada
00:55:09 : Group: Totoasd: habia 10 mil pesos recien
00:55:12 : Group: Totoasd: en una safe
00:55:18 : Group: Totoasd: tendria que haber mas
00:55:21 : Group: Totoasd: 100mil
00:55:27 : Group: Totoasd: fijate en el ural o el vod
00:55:31 : Group: Totoasd: si hay plata
00:55:44 : Group: Totoasd: ponelos en safe
00:56:05 : Group: Totoasd: y el vod?
00:56:28 : Group: Totoasd: tiene plata?
00:56:32 : Group: Totoasd: ah oka
00:56:34 : Group: Totoasd: deslogeo
01:49:30 : Side: maxstiven: buenas noches gente
01:50:14 : Side: maxstiven: como va jf, soy maxbraian por las dudas je
01:50:43 : Side: JF: Hola como estas max , todo bien?
01:51:17 : Side: maxstiven: todo bien aca ando buscando el cuat que desaparecio ja
01:53:08 : Side: JF: fijate en el mapa te marque uno que se ve ahi
01:53:41 : Side: maxstiven: ah oka ahi veo
01:56:09 : Side: JF: che no te asustes que le estoy tirando al z
01:57:08 : Side: maxstiven: oka
01:58:26 : Side: maxstiven: lo encontre grax je
01:59:11 : Side: JF: ahi tenes un perro re lindo cerca de la montaña de pasto en el galpon
01:59:13 : Side: maxstiven: casi te piso bola
01:59:59 : Side: JF: jajaja ni te vi
02:00:16 : Side: maxstiven: jajaja
02:00:42 : Side: JF: awenti un vientito en la pelada jaja
02:00:58 : Side: maxstiven: jaja
02:02:43 : Side: maxstiven: ??
02:16:31 : Side: maxstiven: che jf no quedo mi cuat por ahi  ?
02:16:45 : Side: maxstiven: por que lo solte y no esta jaja
02:17:43 : Side: JF: no no lo veo ,de aqui saliste co el remolque 
02:17:55 : Side: maxstiven: se
02:50:47 : Side: Leodagos: jf estas en heli ?
02:51:17 : Side: JF: no, a pata
02:51:48 : Side: Leodagos: ojo hay bots volando
02:52:31 : Side: JF: puede ser 
02:53:11 : Side: Viciuz: buenas a todos
02:53:42 : Side: maxstiven: buenas
02:54:42 : Side: JF: Vicius qurido como estas que es de tu vida que te as perdido
02:54:54 : Side: Viciuz: hahahaha, hola JF :D
02:56:37 : Side: Viciuz: JF
02:56:43 : Side: Viciuz: despues del restart seguirás aca?
02:56:44 : Side: JF: si 
02:57:14 : Side: JF: un ratito talves que si
02:57:22 : Side: Viciuz: Dale
02:57:25 : Side: JF: que hora tenes vos ahi
02:57:30 : Side: maxstiven: wtf apareci en el mar 
02:57:34 : Side: Viciuz: te puedo ver en la trade? xD
02:57:45 : Side: Viciuz: Media noche, casi la una de la madrugada
02:57:56 : Side: JF: ho max armaste la bici 
02:58:06 : Side: Viciuz: Esa bici es del diablo xDDDDDDDDD
02:58:20 : Side: JF: y  ya nohay tiempo que cagada
02:58:47 : Side: Viciuz: xDDD
02:59:01 : Side: maxstiven: boludo sere el cuat y se bugeo todo y apareci en el mar O.O
02:59:01 : Side: Viciuz: entonces JF, estaré en la trade después del restart
02:59:41 : Side: JF: max fijate en el mapa te marque donde te tira mas o menos
03:06:51 : Side: Viciuz: Que paja xD
03:07:18 : Side: maxstiven: la puta madeeeee
03:07:38 : Side: Viciuz: Queue sucedio? xD
03:08:06 : Side: maxstiven: se me buego el pj y me hiso crear otro nuevo 
03:08:16 : Side: Viciuz: ajajajajajaja
03:08:17 : Side: JF: ho hermano jajaja estas igualito a mi
03:08:25 : Side: maxstiven: perdi la llave de la suv jaja
03:08:34 : Side: maxstiven: ajjaa
03:08:38 : Side: Viciuz: suele suceder xD
03:09:04 : Side: JF: si alla sonde te quedo el cuerpo en el mar 
03:09:19 : Direct: Viciuz: Sabes aceptar solicitud de grupo?
03:09:23 : Direct: Viciuz: se hace por radio xD
03:09:50 : Side: JF: que as hecho este tiempo que te has perdido
03:10:15 : Direct: Viciuz: consegui trabajo xD
03:10:20 : Direct: Viciuz: por eso no pude jugar
03:10:24 : Side: JF: naaaa
03:10:33 : Side: JF: estas jodiendo 
03:10:38 : Direct: Viciuz: jajajajajajaja
03:10:40 : Direct: Viciuz: te lo juro
03:11:20 : Side: JF: jajajaaj que te pario  y de que trabajas
03:11:34 : Side: JF: veni max
03:11:40 : Side: Viciuz: Soy doctor (?) xD
03:11:43 : Side: maxstiven: que ?
03:12:16 : Side: JF: enserio o me estas cachando
03:12:18 : Direct: Viciuz: Vamos por Max, ¿es tu amigo?
03:12:28 : Direct: Viciuz: tengo una Suv fuera de acá
03:12:32 : Direct: Viciuz: podemos ir a recogerlo
03:12:40 : Side: Viciuz: Max, ¿eres jugador pasivo?
03:12:48 : Side: JF: si es un tipo piola 
03:12:56 : Side: Viciuz: Dale, vamos a recogerlo
03:12:57 : Side: maxstiven: aajaja
03:12:59 : Side: maxstiven: se
03:12:59 : Side: Viciuz: sigueme
03:13:06 : Side: JF: pero no tengo ni idea por donde anda
03:13:10 : Side: Leodagos: haganle la iniciacion
03:13:23 : Side: maxstiven: charli 44
03:13:23 : Side: Viciuz: hahahaha iniciación? xD
03:13:31 : Side: maxstiven: me estan por atacar
03:13:43 : Side: Viciuz: quien te atacará? D:
03:13:53 : Side: Leodagos: yo esoty haciendo una movida parair a buscarlo
03:14:00 : Side: Viciuz: yo llevo Suv
03:14:02 : Side: Viciuz: todos podemos ir
03:14:07 : Side: Viciuz: donde te encuentras Leo?
03:14:16 : Side: Leodagos: cerca de gorka
03:14:27 : Side: Viciuz: regresa al mercado
03:14:29 : Side: Viciuz: de acá nos vamos
03:14:33 : Side: maxstiven: el otro dia mate a los bot y me vino una camioneta con una rpk en cima 
03:14:36 : Side: maxstiven: jaja
03:14:41 : Side: Leodagos: si , lo q pasa es q estoy llendoa  buscar un camion
03:14:56 : Side: Viciuz: vale
03:14:58 : Side: Viciuz: donde nos miramos?
03:15:11 : Side: Leodagos: qme queres mirar ?
03:15:19 : Side: Viciuz: tu hermoso corazón bb.
03:15:28 : Side: Viciuz: iré a Kabimo.
03:15:34 : Side: maxstiven: jajaja
03:17:52 : Side: Viciuz: y esa base?
03:17:54 : Side: Viciuz: de quien es? :o
03:18:04 : Side: JF: ni idea
03:19:28 : Side: Viciuz: donde vienes?
03:20:18 : Side: Viciuz: ya hay bots?
03:20:27 : Side: Viciuz: o sea.. ya está más "realista" el serv?
03:20:38 : Side: maxstiven: se
03:20:53 : Side: Viciuz: y donde se encuentran?
03:22:12 : Side: maxstiven: les parece hacer una mision de bot en grupo ?
03:22:19 : Side: Viciuz: Dale
03:22:53 : Side: maxstiven: cuando aya una buena nos juntamos
03:23:06 : Side: Viciuz: yo y JF te estamos buscando xD
03:23:22 : Side: maxstiven: jaja
03:23:45 : Side: maxstiven: ahi marque
03:24:13 : Side: JF: qque hay ahi
03:24:17 : Side: Viciuz: acaca?
03:24:23 : Side: Viciuz: ahi vamos quedate ahi, estamos cerca xD
03:24:26 : Side: maxstiven: soy yo jajaa
03:24:32 : Direct: Viciuz: dejare mi safe aca
03:24:36 : Direct: Viciuz: puedes guardar cosas si gustas
03:27:08 : Side: maxstiven: ya vienen sino sigo corriendo xD
03:27:23 : Side: Viciuz: ya vamos
03:27:25 : Side: Viciuz: espera xD
03:28:39 : Side: Viciuz: Jf, donde te metiste? xD
03:29:14 : Side: Viciuz: estamos a 2000 mts xD
03:30:32 : Side: Viciuz: 800 mts
03:30:55 : Side: maxstiven: aca
03:31:16 : Side: Viciuz: donde?
03:33:32 : Side: Viciuz: xD
03:33:55 : Side: Leodagos: me3rcado central
03:34:04 : Side: Viciuz: cosecha de mariguana? xD
03:34:15 : Side: maxstiven: sabee!!!
03:34:17 : Side: Leodagos: proxima parada
03:34:28 : Side: Leodagos: no tenog liyos
03:34:38 : Side: Viciuz: por que los "trabajos"
03:34:42 : Side: Viciuz: tienen un circulo rojo?
03:34:52 : Side: JF: jaja si le pedi a juan que podia hacer por el trade y hamp y puso una plantacion 
03:35:44 : Side: JF: donde vas ahora
03:35:58 : Side: Viciuz: me da curiosidad xD
03:40:36 : Side: JF: te perdi de vista
03:40:42 : Side: Viciuz: voy al plantio
03:40:49 : Side: JF: -
03:41:18 : Side: JF: tene cuiodado con el puestocaminero adelante}
03:41:49 : Side: Leodagos: ya pasamos re piola
03:43:22 : Side: Viciuz: es zona segura?
03:47:20 : Side: Viciuz: tienes vendas?
03:47:42 : Side: JF: si
03:49:30 : Side: Viciuz: y ya es todo?
03:49:49 : Side: Viciuz: ala
03:49:53 : Side: Viciuz: como se corta? D:
03:49:58 : Side: JF: junta eso que te deje ahi para vos
03:50:34 : Side: JF: con el cute nife
03:50:43 : Side: JF: con el cuchillo
03:51:08 : Side: Viciuz: se vende?
03:51:33 : Side: JF: jajajajaa te drogaste 
03:51:36 : Side: Viciuz: xD
03:52:02 : Side: JF: la plantacion tira ocho atados cuatro y cuatro 
03:52:12 : Side: Viciuz: no, deja
03:52:17 : Side: Viciuz: ni siquiera se para que sirven
03:52:28 : Side: Viciuz: quedatelos
03:52:35 : Side: JF: se vende a 5000 cada uno
03:52:40 : Side: Viciuz: lol
03:54:44 : Side: Viciuz: Por que los trabajos están seleccionados con rojo? D:
03:54:53 : Side: JF: no se
03:55:09 : Side: JF: se tranquilizaronlos zombis por ahora
03:55:25 : Side: Viciuz: vamos a la mision
03:56:36 : Side: JF: no no puedo hacer esa espera a que salga una contra bandidos
03:56:45 : Side: Viciuz: cierto xD
03:57:45 : Side: Viciuz: vamos al basural
03:58:20 : Side: JF: seguime y cargamos combus
04:02:26 : Side: Viciuz: machete xD
04:02:43 : Side: Viciuz: caña y machete
04:02:58 : Side: JF: que lo pario que tenia las  garras afiladas 
04:03:10 : Side: Viciuz: jajajajaja
04:03:37 : Side: JF: aca tenes un machete
04:03:44 : Side: Viciuz: no quiero xD
04:03:50 : Side: JF: para que necesitas
04:03:54 : Side: JF: jajaajajaa
04:08:48 : Vehicle: Leodagos: todo bien ?
04:09:19 : Vehicle: maxstiven: se se
04:11:41 : Group: Leodagos: CUIDADO EL BOTW
04:13:39 : Side: Viciuz: shiiiiiiit
04:13:44 : Side: Viciuz: jajajajajajajajajajajaja
04:13:56 : Side: maxstiven: lol que les paso ja
04:16:18 : Side: Viciuz: que fue eso? xD
04:17:34 : Side: JF: no tengo idea encima est mierda me tiro como zombi y los controles no me responde es cualquiera la reputra madre
04:18:46 : Side: Viciuz: fue demasiado repentino xD
04:18:58 : Side: JF: donde estas vos
04:19:06 : Side: Viciuz: ya recogi lo que tenia en mi cuerpo xD
04:19:33 : Side: JF: aqui en la calle veni matame este soy yo
04:20:57 : Side: JF: dale 
04:24:50 : Group: Leodagos: hay algo q no entendi
04:24:56 : Group: Leodagos: la suv desaparecio ?
04:27:33 : Side: Viciuz: tienes rueda?
04:32:01 : Direct: Viciuz: tienes una rueda?
04:34:53 : Direct: Viciuz: ven
04:34:55 : Direct: Viciuz: traela
04:34:59 : Direct: Viciuz: la voy a pegar
04:37:40 : Direct: Viciuz: ven
04:37:40 : Direct: Viciuz: ven
04:37:41 : Direct: Viciuz: ven
04:37:42 : Direct: Viciuz: ven
04:39:15 : Vehicle: Viciuz: no creo que sea factible venir por aca
04:39:20 : Vehicle: Viciuz: hacia acá vino la camioneta
04:47:53 : Side: JF: vos tenes que pasr por donde vinimos?
04:48:07 : Vehicle: Viciuz: Mmmm no
04:48:16 : Vehicle: Viciuz: Vamos a la zona de trade
04:48:33 : Side: JF: bueno entonces me alejo del radio de la mision
04:53:02 : Side: JF: hay un heli ahi viste
04:53:12 : Vehicle: Viciuz: cierto..
04:53:13 : Vehicle: Viciuz: omg
04:53:14 : Vehicle: Viciuz: veamos
04:54:12 : Side: Viciuz: alguien sabe como tumbar puerta de madera?
04:54:24 : Side: maxstiven: nopi
04:54:50 : Side: maxstiven: tumba la casa mami 
04:54:53 : Side: maxstiven: akaka
04:54:57 : Side: Viciuz: como? :v xD
04:55:01 : Side: Leodagos: ya probaste con la motosierra ?
05:00:20 : Direct: Viciuz: remolcame
05:00:22 : Direct: Viciuz: pls
05:01:17 : Side: JF: queres una rueda
05:02:04 : Side: Viciuz: donde se vende la marihuana ? xD
05:02:30 : Side: JF: alla atras donde esta la camionetita celeste
05:02:56 : Side: Viciuz: gracias xD
05:04:30 : Side: maxstiven: lol
05:04:57 : Side: JF: que mierda fue eso 
05:05:06 : Side: Viciuz: el burdel xD
05:05:12 : Side: maxstiven: la bisi bomba 
05:05:31 : Side: maxstiven: te gusto ?
05:05:47 : Side: JF: que cagaso me pegaste loco
05:05:53 : Side: Viciuz: ajajajajajajaja
05:05:54 : Side: maxstiven: jajaja
05:06:45 : Side: JF: hace 10 minutos me masticaron los zombis 
05:06:57 : Side: maxstiven: jaja
05:07:07 : Side: Viciuz: jugamos a la ruleta?
05:07:35 : Side: JF: recien el estruendo de la bomba y ahora un puto trueno afuera que esta lloviendo aqui que lo repariooo
05:07:43 : Side: maxstiven: jaja
05:08:10 : Side: JF: donde hay un papel higienico por favorrr
05:09:53 : Side: JF: aqui podes jugar apuestas 
05:10:08 : Side: JF: ya no necesito remolcarte vicius
05:10:14 : Side: JF: pregunmto
05:10:19 : Side: Viciuz: no c:
05:10:20 : Side: Viciuz: gracias
05:10:31 : Side: maxstiven: jaja
05:11:30 : Side: Viciuz: chao, amiguitos.
05:11:45 : Side: maxstiven: nos vemos 
05:12:34 : Side: JF: chao amigos yo tambien me estoy retirando 
05:12:46 : Side: maxstiven: nos vemos pa
05:12:52 : Side: Leodagos: nos vemos
12:30:25 : Side: JF: Hola gente !!
12:30:34 : Side: maxstiven: BUENAS!
12:30:42 : Side: maxstiven: dormiste bien ?
12:31:27 : Side: JF: max querido como estad si bastante me dormi llegue tarde al laburo
12:32:00 : Side: JF: y vos quetal?
12:33:07 : Side: maxstiven: bien sin dormir todabia ja
12:33:18 : Side: maxstiven: todavia
12:33:22 : Side: maxstiven: ajaj
12:34:03 : Side: JF: jajaja te agarró el sindrome de nostradamus
12:34:12 : Side: maxstiven: ajaaj se
12:56:47 : Side: JF: como decis?
12:57:12 : Side: JF: no estoy comerciando
12:57:18 : Side: maxstiven: AH OKA
15:24:26 : Side: juandayz: hola jf
15:25:02 : Side: JF: HOLA JUAN COMO ESTAS ?
15:25:06 : Side: juandayz: bienn
15:26:37 : Side: JF: me alegro , todo bien jeje
15:26:55 : Side: juandayz: ;)
17:50:16 : Side: [DMN]-Mario: hola
17:50:45 : Side: Negroqueroba: hola
18:15:30 : Direct: juandayz: hola mario, q tal te trata el server
18:16:43 : Side: [DMN]-Mario: hola soy nuevo aqui lo estoy conciendo y me parece interesente sale de lo habitual de los server
18:17:06 : Direct: juandayz: :) me alegro te guste, si tenes alguna duda decime
18:17:28 : Side: [DMN]-Mario: ok te agradezco
18:18:24 : Side: juandayz: fijate despues si vas a mercado central ahi tenes todos los traders, tambien podes jugar ruleta rusa, apostar, estar con una prostituta, conseguir mis
18:18:26 : Side: juandayz: misiones
18:18:34 : Side: juandayz: etc etc
18:19:07 : Side: [DMN]-Mario: oh si ya pase por trade muy bueno tambien
20:02:33 : Side: Azrael1x: hola hola :D
20:02:42 : Side: Juan: que tal
20:03:00 : Side: Azrael1x: hola juan todo bien loco??
20:03:15 : Side: Juan: Mira que no soy el damin eh jajajaja
20:03:19 : Side: Juan: el admin*
20:03:29 : Side: Azrael1x: ahh XD bueno igual todo bien? jaja
20:03:35 : Side: Juan: Se por suerte
20:03:38 : Side: Juan: usted?
20:03:55 : Side: Azrael1x: bien bien gracias 
20:08:39 : Side: Azrael1x: alguien sabe como conseguir partes de zombis?
20:09:24 : Side: Negroqueroba: no es eso cuando pones gut zombie_
20:09:30 : Side: Negroqueroba: ?
20:10:08 : Side: Azrael1x: ahhh cierto y necesito un cuchillo si o si no?
20:10:41 : Side: Negroqueroba: ni idea, supono que si
20:10:47 : Side: Azrael1x: ok gracias
22:33:27 : Side: Juan: buen dia juan
22:33:34 : Side: Juan: bah....noche jajaja
22:33:42 : Side: juandayz: holaa juan como estas
22:34:12 : Side: Juan: bien vos?
22:34:27 : Side: juandayz: bien bien probando unas cosas nuevas
22:34:31 : Side: Juan: Que cosas?
22:34:53 : Side: juandayz: le puse una opcion a los humvies miilitares destruidos para q se les pueda arreglar el radio
22:35:05 : Side: Juan: Ahhh si...vi ela viso
22:35:07 : Side: juandayz: y llamar un paquete de suministros por radio
22:35:09 : Side: Juan: el aviso*
22:35:17 : Side: Juan: Pero no es facil conseguir cosas entocnes?
22:35:43 : Side: juandayz: pasa q podes ejecutarlo cada 1 hora no mas al pedido
22:35:51 : Side: Juan: ahhhhh ok...y que te tira?
22:35:55 : Side: Juan: armas? municion?
22:36:01 : Side: juandayz: y necesitas estar cerca de esos humvies militares rotos
22:36:07 : Side: juandayz: viste los q son de adorno
22:36:12 : Side: Juan: sisi
22:38:39 : Side: juandayz: LOL! cayo arriba de un arbol la caja con suministros jajaja
22:38:44 : Side: Juan: op
22:38:48 : Side: juandayz: mas real q eso imposible jajajaa
22:39:26 : Side: Totoasd: che juan lo de los mercaditos que estan en las zonas verdes como es? porque nunca hay nadie q vnda
22:39:28 : Side: Totoasd: venda
22:39:39 : Side: juandayz: hola toto, te explico
22:39:46 : Side: Totoasd: ah perdon, hola
22:39:50 : Side: juandayz: los circulos verdes son paradas
22:40:00 : Side: juandayz: fijate que hay 9 paradas
22:40:03 : Side: Totoasd: si
22:40:13 : Side: juandayz: tambien hay un circulito azul q se mueve
22:40:19 : Side: Totoasd: aaah
22:40:24 : Side: Totoasd: solo si esta el circulo azul
22:40:27 : Side: Totoasd: podes comprar
22:40:29 : Side: juandayz: ese circulo azul son los vendedores. 
22:40:31 : Side: juandayz: claro
22:40:56 : Side: juandayz: cuando llegan a una parada, estan 5 minutos, se suben en su vehiculo y viaijan a la siguiente parada
22:41:23 : Side: Totoasd: oka, gracias por la info
22:41:28 : Side: juandayz: no de nad
22:42:11 : Side: juandayz: ahi le contaba a juan q podes arreglar las radios de los humvies wreck ahora para pedir por radio un paquete sde suministros
22:42:29 : Side: juandayz: tengo q testear si funciona con todos o solo con los q yo agregue
23:02:26 : Side: Juan: Admin....mi amigo toto y yo encontramos una carcel....alguna idea?
23:02:42 : Side: juandayz: si es la famosa carcel oculta :D
23:02:44 : Side: Juan: Tiene un par de puertas con cerrojo pero no parece ser de algun jugador...es muy elaborado
23:02:48 : Side: Juan: ahhhhh
23:02:52 : Side: Juan: y que tiene jajajaja?=
23:03:29 : Side: juandayz: felicitaciones :D son los primeros q la encuentran :P nada, fue echa pensando q si alguien la encontrba podia hacerce una base ahi
23:03:42 : Side: Juan: Justo pensamos eso jajajajaja
23:03:42 : Side: Totoasd: sin duda
23:03:49 : Side: Juan: Pero als puertas con cerrojo?
23:04:00 : Side: juandayz: fijate q tiene una ntrada oculta
23:04:17 : Side: juandayz: perate ahi voy
23:04:18 : Side: Juan: ya entramos adentro jajajaja la parte con fuegow
23:04:22 : Side: juandayz: claro esa
23:04:32 : Side: Juan: Y el chabon colgado es creepy ;_;
23:04:44 : Side: Juan: igual digo cual es la pass de las llaves...asi las abrimos nosotros
23:05:24 : Side: juandayz: no, estan bloqueadas desde el editor. ponele yo te la puedo desbloquear pero en el restart la vas a ver bloqueada otra vez
23:05:36 : Side: Juan: ahhhhh ok...so..unica entrada la aprte con fuego
23:05:43 : Side: Juan: que hay adentro?
23:05:47 : Side: Juan: me da curiosidad
23:06:03 : Side: juandayz: es la misma entrada al mismo lugar
23:06:08 : Side: Juan: ahhhh oka
23:06:35 : Side: Totoasd: no hay otra entrada que podamos usar no? asi tipo tapamos la del fuego
23:06:41 : Side: Totoasd: que no es muy discreta jajaja
23:07:00 : Side: juandayz: no, solo tenes q tapar el fuego, si no la otra es usar solo el patio
23:07:16 : Side: juandayz: superponer una puerta sobre la q da al patio y listo
23:09:59 : Side: Juan: Che....mi heli pierde combustible
23:10:04 : Side: Juan: Ademas no se carga
23:10:10 : Side: Juan: le puse 210 lts y nada jajaja
23:10:10 : Side: juandayz: tiene los vidrios rotos?
23:10:17 : Side: Juan: No....los tiene al 25%
23:10:25 : Side: juandayz: tenes q tenerlos al 100
23:10:37 : Side: Juan: ahhhh ok
23:10:37 : Side: juandayz: es un bug del arma2 eso de q pierda fuel por los vidrios
23:10:53 : Side: Juan: claro...y como le hago un full refuel?
23:10:58 : Side: Juan: asi rapido
23:11:09 : Side: juandayz: es q hasta q no repares los vidrios
23:11:36 : Side: Juan: pero digo....en vez de cargar con jerry cans cargar full...de una
23:11:50 : Side: juandayz: tendrias q ir a una estacion de servicio
23:11:53 : Side: Juan: Mira....como en contramos la carcel...no nos tiras unos mangitos y un poco de combustible? jajajajaja
23:12:04 : Side: Juan: No llego al mercado central
23:12:07 : Side: Juan: u.u
23:12:08 : Side: juandayz: pero sobre q llenas el tanque se te vacia
23:12:23 : Side: Juan: Bue tirame 4 ventanas tambien... y te las pago con intereses
23:12:25 : Side: juandayz: donde tenes el heli?
23:12:35 : Side: Juan: al lado del basural
23:13:50 : Side: juandayz: listo
23:14:01 : Side: Juan: o arregalste?
23:14:15 : Side: juandayz: si
23:14:18 : Side: Totoasd: MAGIC
23:14:29 : Side: Juan: mentira C:
23:14:52 : Side: juandayz: yo lo veo arreglado :S full full
23:15:04 : Side: juandayz: fijate en los indicadores del piloto
23:15:32 : Side: Juan: ah claro....bueno gracias
23:15:35 : Side: Juan: :D
23:15:40 : Side: juandayz: de nada :)
23:16:11 : Side: Totoasd: que groso eso de la carcel boludo
23:16:15 : Side: Totoasd: 10/10
23:16:18 : Side: Totoasd: recomendado
23:16:36 : Side: Totoasd: ahora nosotros vamos a hacer roleplay de walking dead (?
23:16:43 : Side: juandayz: fue una de las primeras cosas q le pusimos :D
23:16:56 : Side: juandayz: es mas hasta aparece en las reglas del server lo de la carcel
23:16:57 : Side: Totoasd: si me imagine que hay mas cosas escondidas
23:17:22 : Side: Totoasd: bueno, supongo que vamos a ser los residentes nosotros
23:17:50 : Side: Totoasd: va a ser dificil mantenerla segura por lo del patio pero bueno
23:17:53 : Group: Totoasd: .
23:17:57 : Side: Totoasd: se puede
23:17:59 : Side: juandayz: fijense para ponoer en esa carcel hay banda de cosas agregadas al crafteo, las torres por ej
23:18:06 : Side: Totoasd: se
23:18:15 : Side: Totoasd: muy util las torres nos van a venir
23:18:49 : Side: juandayz: cuando puedan compren en el wholesaler las cajas esas de trampas de tanque  y de bolsas de arena q tienen varias opciones de crafteo
23:18:59 : Side: juandayz: y la pala y el martillo tambien
23:20:20 : Side: juandayz: despues no se si se fijaron, cuando hacen misiones en los descampados, con la pala y la bolsa de arena pueden armar trincheras
23:20:35 : Side: Juan: No...no tenemos idea del sistema de crafteo jajajaja
23:20:57 : Side: juandayz: :D fijate despues leete el librito ese q viene con el spawn
23:36:43 : Side: Juan: che no me deja hacer safes adentro dfe la carcel
