01:13:47 : Direct: Roger: LPM
12:33:20 : Direct: adm#2: hoolaa santiago
12:33:28 : Direct: adm#2: lei q perdiste tu personaje
12:33:32 : Direct: adm#2: con sus cosas
12:33:42 : Direct: adm#2: decime q cosas eran asi te las devuelvo
12:33:51 : Direct: adm#2: o si queres te devuelvo en dinero
12:34:27 : Direct: adm#2: santiago
12:35:50 : Direct: adm#2: santiago
12:36:45 : Direct: adm#2: santiago
12:36:54 : Direct: adm#2: queres q te devuelva las cosas en plata?
12:37:44 : Direct: adm#2: agarra ahi hay 500.000
12:37:50 : Direct: adm#2: creo q te alcanza
12:38:39 : Direct: adm#2: ahi tenes un rifle de los buenos
12:38:53 : Direct: adm#2: quedamos saldados? :D
12:40:15 : Direct: adm#2: agarra la mochila
12:43:03 : Direct: adm#2: espera q te doy la llave
12:43:26 : Direct: adm#2: ahi en la mochila te la deje
12:43:32 : Direct: JiNX: gracias!
12:43:39 : Direct: JiNX: me haces un favor ya que estas aca?
12:44:26 : Direct: adm#2: si
12:44:45 : Direct: JiNX: me volas esta mierda?
12:44:49 : Direct: JiNX: jaja mankie
12:45:00 : Direct: adm#2: son un bajon estas stick
12:45:00 : Direct: JiNX: esaaa
12:45:12 : Direct: JiNX: si, las quise romper y no pude con nada
12:45:17 : Direct: adm#2: en el server brazuca yo me habia armado un rancho todo cn estas cosas
12:45:25 : Direct: JiNX: jajaja
12:45:29 : Direct: adm#2: se me reian los brasileros jaj
12:45:34 : Direct: JiNX: jajajaja
12:45:55 : Direct: adm#2: esta base va a estar piola
12:46:02 : Direct: JiNX: va queriendo
12:46:06 : Direct: adm#2: demaciado predio tiene, me gusta
12:46:08 : Direct: JiNX: es un quilombo edificar
12:46:20 : Direct: adm#2: comprate los bulk
12:46:24 : Direct: adm#2: del wholesaler
12:46:40 : Direct: adm#2: q traen para hacer andamios y torres de vigilancia y bande de cosas
12:46:40 : Direct: JiNX: que hace eso?
12:46:46 : Direct: JiNX: aaaaah
12:46:52 : Direct: JiNX: copado
12:46:56 : Direct: adm#2: si le haces click derecho ves las opciones
12:47:08 : Direct: adm#2: y en el librito de spawn estan los rrequisitos
12:47:20 : Direct: JiNX: groso
12:47:24 : Direct: adm#2: hay otra cosa, no se si sabias
12:47:28 : Direct: adm#2: cuando hacen misiones
12:47:47 : Direct: adm#2: con una pala y una bolsa de arena pueden armar trincheras en cualquier part edel map
12:47:57 : Direct: JiNX: sisi eso sabia
12:48:07 : Direct: adm#2: bueno, te dejn suerte!
12:48:14 : Direct: JiNX: gracias! suerte
12:54:06 : Direct: adm#2: jf
12:54:12 : Direct: adm#2: santiago
12:54:14 : Direct: adm#2: perdon
12:54:27 : Direct: adm#2: veni
12:54:36 : Direct: adm#2: toma tu regalo para compartir co jf
12:54:44 : Direct: adm#2: desaparece en el restart ok?s
12:55:13 : Direct: adm#2: pera
12:55:32 : Direct: adm#2: agarra
12:55:47 : Direct: adm#2: ahi te deje el heli
12:56:14 : Direct: adm#2: dalheim y jinx no?w
12:56:21 : Direct: JiNX: si
12:56:26 : Direct: adm#2: les dejo su regalo
12:56:32 : Direct: adm#2: desparece en el restart
12:56:48 : Direct: JiNX: :OOOOOO
12:56:52 : Direct: Dallheim: YEAAAAAAAAAAAAAAH
12:57:00 : Direct: adm#2: aprovechenlo :
12:57:14 : Direct: Dallheim: olvidate!!!! :D
12:57:15 : Direct: JiNX: buenisimo, gracias!
12:57:33 : Direct: adm#2: dragonsç
12:57:40 : Direct: adm#2: te dejo tu regalo
12:57:46 : Direct: adm#2: desaparece en el restart
12:57:51 : Direct: Dragons: gracias!
12:58:01 : Direct: Dragons: jaja  crei q me volvia a matar un bot
12:58:11 : Direct: adm#2: atras tuyo
12:58:19 : Direct: Dragons: uhhhhhhhhhhhhhhhhhhhhhhhhhhhhhh
12:58:25 : Direct: Dragons: jajajaja no me lo esperaba
12:58:32 : Direct: adm#2: :D aprovechalo
12:58:33 : Direct: Dragons: gracias!!
12:58:45 : Direct: adm#2: guarda q no te lo bajen los bots
12:58:58 : Direct: Dragons: jejej  nono antes la termino
13:17:13 : Direct: JiNX: gracias jajaja
13:17:21 : Direct: adm#2: no lo rompas ¬¬ jaaja
13:17:27 : Direct: JiNX: le estaba queriendo mostrar una cosa a dallheim y me hice mierda
13:31:31 : Direct: adm#2: que heli era
13:32:08 : Direct: adm#2: el little bird?
13:33:20 : Direct: adm#2: ahi tenes la llave dentro del heli
14:14:58 : Direct: adm#2: por ahi tarda, pero sale la opcion te lo aseguro :)
14:15:29 : Direct: adm#2: m
15:35:03 : Direct: BerserkMajor: holo
15:35:26 : Direct: santiago: MORFIN?
15:36:44 : Direct: santiago: ???
15:38:12 : Direct: BerserkMajor: epaaa
19:58:39 : Direct: adm#2: hi
19:58:47 : Direct: adm#2: entendiste?
19:59:24 : Direct: adm#2: a los pinos dale
19:59:35 : Direct: adm#2: grlmente ttienen mas madera
20:00:14 : Direct: adm#2: veni
20:01:32 : Direct: adm#2: temes cuchillo??
20:02:18 : Direct: adm#2: agarra 2 
20:02:23 : Direct: adm#2: de esos troncs
20:02:31 : Direct: adm#2: hacele click derecho a uno
20:02:38 : Direct: adm#2: y pone craft lumber
20:03:08 : Direct: adm#2: te hizo una tabla?
20:04:13 : Direct: adm#2: ahora agarra 2 tablas, click derecho y Craft plywood
20:07:43 : Direct: adm#2: 2 tablas, click derecho craft plywood
20:08:38 : Direct: adm#2: tenes el plywood
20:08:41 : Direct: adm#2: ?
20:09:07 : Direct: adm#2: le hiciste clik derecho a los tablones?
20:09:41 : Direct: adm#2: 2 tablas + 1 lplywood
20:09:55 : Direct: adm#2: click derecho al plywood.. craft workbench
20:10:28 : Direct: adm#2: si tenes el pywood echo agarra esas 2 tablas
20:11:16 : Direct: adm#2: otro que?
20:11:20 : Direct: adm#2: mira
20:11:36 : Direct: adm#2: eso q tire es un plywood
20:12:11 : Direct: adm#2: bueno ahora
20:12:19 : Direct: adm#2: con 2 tablas y 1 plywood
20:12:25 : Direct: adm#2: haces un workbench
20:12:37 : Direct: adm#2: click derecho al plywood Craft workbench
20:12:52 : Direct: adm#2: ahi tenes 2 tablas
20:13:31 : Direct: adm#2: ahora tenes q poner el workbench 
20:13:56 : Direct: adm#2: eso es un banco de trabajo te sirve para hacer las pareds de madera y muchas cosas mas
20:14:16 : Direct: adm#2: ahora por ej. si queres hacer 1/4 de pared
20:14:33 : Direct: adm#2: necesitas 3 tablas y 3 plywood, y estar cerca del banco ese
20:15:11 : Direct: adm#2: por lo tanto para hacer 1 pared entera necesitas 3x4= 12 tablas  y 3x4=12 plywoods
20:15:19 : Direct: adm#2: si
20:15:29 : Direct: adm#2: se construyen de a 1/4
20:15:42 : Direct: adm#2: una vez q tenes 2 de 1/4 haces 1/2
20:16:00 : Direct: adm#2: y cuando tenes 2 de 1/2 .. haces 4/4 osea la pared entera
20:16:23 : Direct: adm#2: en la carpa te deje troncos
20:16:30 : Direct: adm#2: vas a tener q talar bastante
20:16:43 : Direct: adm#2: y el plot q pusiste ahi, tene cuidado por q te lo pueden robar
20:17:08 : Direct: adm#2: tenes q encerrarlo entre paredes
20:17:40 : Direct: adm#2: bueno me voy
20:18:39 : Direct: adm#2: nafta y aceite necesita la motosierras
20:20:34 : Direct: adm#2: te doy un gas mezclado con aceite
20:20:46 : Direct: adm#2: y otro sin mezclar, le hace falta una botella de aceite
20:20:58 : Direct: adm#2: pero con la mezcla de 12lts tenes para rato
20:21:13 : Direct: adm#2: si
20:21:28 : Direct: adm#2: despues apretas R para recargar la motosierra
20:22:00 : Direct: adm#2: fijate q en vez de tirar troncos, teda los tablones echos
20:22:06 : Direct: adm#2: te ahorras mucho tiempos
20:22:10 : Direct: adm#2: bue me voy
