01:50:42 : Side: Ivan: buenas
01:56:27 : Side: Ivan: como va todo bien?
01:57:59 : Side: Hawk: buenas
02:00:19 : Side: Hawk: en que andan gente
02:00:43 : Side: Ivan: nada aburrido aca perdido xD
02:01:01 : Side: Hawk: jaja precisas tiraje?
02:01:42 : Side: Ivan: no gracias, solo estoy haciendo tiempo, mis compañeros no se conectan :c
02:02:01 : Side: Hawk: con quien jugas?
02:02:17 : Side: Ivan: xeroz, nico,beto, y federico
02:02:21 : Side: Ivan: somos un team
02:02:31 : Side: Hawk: ahi va, si me suenan algunos
02:02:44 : Side: Ivan: admin donde puedo hablar con ustedes tengo una cierta sugenrencia
02:02:57 : Side: Ivan: para que recomienden en el sv encontre bugs rarisimos
02:03:06 : Side: Ivan: los cuales varios me permitieron dupear las cosas
02:03:18 : Side: Ivan: me gustaria hablarte por privado para que no sea publico
02:03:26 : Side: Ivan: y no comiencen los dupeos
02:04:40 : Side: Ivan: clero pero en este caso no fue un dupeo intencional
02:05:01 : Side: Ivan: si no que el servidor hizo una especie de rolback con mi pj permitiendome asi tener las armas y todo el oot
02:05:03 : Side: Ivan: loot
02:08:16 : Side: Ivan: perfecto entonces me quedo tranquilo 
02:08:41 : Side: Ivan: gracias!!
02:11:41 : Side: Hawk: alguien en la mision de bandidos?
02:23:43 : Side: Ivan: pregunta el gobernador de la provincia es manco?
02:23:47 : Side: Hawk: Mision NEGRAAA 
02:23:57 : Side: Hawk: vvamos? tenemos que estar todos
02:24:01 : Side: Hawk: Son re saladas
02:27:08 : Side: Hawk: vengan a la mision negra cagones
04:14:02 : Side: vodka: hola
04:14:15 : Side: Ivan: wemas
04:14:22 : Side: Beto480: hola man
04:14:38 : Side: vodka: todo abiena
04:14:53 : Side: Beto480: todo viento? que bueno...
05:06:43 : Side: vodka: bue encima eso
07:19:16 : Side: jMM: que onda perras
07:19:24 : Side: jMM: quien se banca un mano a mano
07:19:25 : Side: 1Xeroz1: todo bien?
07:19:33 : Side: 1Xeroz1: uhh papa como cansas con el mano a mano la verdad
07:19:38 : Side: 1Xeroz1: porq no te vas a clavar una paja
07:19:44 : Side: jMM: cagon
07:40:57 : Side: jMM: we en el pecho te puse la bala y no te moris
07:40:59 : Side: jMM: que onda
12:53:38 : Side: jMM: JUAN hablame 
12:53:40 : Side: jMM: juaaaaan
17:15:24 : Side: Nachen: buenas
17:15:41 : Side: 1Xeroz1: buenas
17:15:54 : Side: Beto480: buenas admin
17:16:18 : Side: Hawk: Buenas
17:17:37 : Side: Hawk: q hace la gente?, alguno haciendo misiones?
17:18:18 : Side: 1Xeroz1: yo por ahora no estoy lidiando con la contru xD
17:18:31 : Side: Hawk: Fa si, yo arranque, pero tengo para rato
17:36:56 : Side: Hawk: 64 fps con lluvia Kreygasm
17:37:27 : Side: 1Xeroz1: yo te juro que jugaria a los fps que sea con tal de que me haga un puto plywood 
17:37:32 : Side: 1Xeroz1: por satanasssssssssssssssssssssssss xD
17:37:49 : Side: Hawk: jajaaj si el crafting es re demoron.
17:38:02 : Side: 1Xeroz1: xD
17:41:02 : Side: Hawk: quien deja vehiculos tirados al costado de la ruta, recuerden que no hay godmode cuando estan bloqueados
17:55:51 : Side: jMM: quien se banca un mano a mano
17:55:59 : Side: jMM: te voy a ir a buscar
18:08:42 : Side: 1Xeroz1: jmm asi que anoche los cagaste a tiros al ivan,beto y federico?? JAJAJAJAj
18:08:48 : Side: 1Xeroz1: me mori de la risa cuando me contaron xD
18:08:51 : Side: jMM: hice el intento
18:08:52 : Side: jMM: no se morian
18:08:54 : Side: jMM: no se que onda
18:09:10 : Side: jMM: le tiraba y se quedaban vivos, pura desangrada tenian
18:09:10 : Side: 1Xeroz1: ivan y beto murieron
18:09:19 : Side: 1Xeroz1: jajaja 
18:09:32 : Side: jMM: claro pero 1 vez
18:09:39 : Side: jMM: despues les tire de nuevo y quedaron en coma
18:09:59 : Side: 1Xeroz1: bajon pero bueno te quedaste con el loot hdp... asi que saliste ganando
18:10:03 : Side: jMM: me tuve que esconder atras de una piedra xq me tiraban de todos lados y habia sido que en la city habia IA
18:10:14 : Side: jMM: nah tampoco habia mucho loot XD 2 DMR y una Mk 48
18:10:21 : Side: 1Xeroz1: ufff esos culiados la rushean mal 
18:10:23 : Side: jMM: no llegue a agarrar todos los maletines, solo 3
18:10:32 : Side: 1Xeroz1: eran 4 igual no mas
18:10:41 : Side: 1Xeroz1: 3 de 4 esta re bien
18:11:17 : Side: jMM: lo divertido fue que le tire al que manejaba el camion y lo dejo re de presa alque estaba atras
18:11:29 : Side: 1Xeroz1: jajaajaj
18:12:53 : Side: jMM: y vos te desconectaste loco
18:13:07 : Side: 1Xeroz1: si boludo ya estaba re mil cansado
18:13:26 : Side: 1Xeroz1: no daba mas si estube casi 2 horas haciendo 2 misiones con federico
18:13:40 : Side: 1Xeroz1: y mori como mmmm nose facil 16 veces entre las dos jaja
18:13:41 : Side: jMM: jajajaja y yo les cague el loot
18:13:48 : Side: 1Xeroz1: algo asi xD
18:13:54 : Side: jMM: los re delato el fugitivo jajaja
18:14:10 : Side: 1Xeroz1: una verga si
18:24:47 : Side: 1Xeroz1: naaaaaaaaaaaaaaaaa culiado
18:24:54 : Side: jMM: que rompiste
18:24:56 : Side: 1Xeroz1: desde 1km los AI me bajaron el heli
18:25:06 : Side: Hawk: jajaja a mi desde 2
18:25:07 : Side: jMM: ah si a veces hasta a 2km
18:25:08 : Side: 1Xeroz1: un solo tiro me dieron al motor 
18:25:16 : Side: jMM: esta bien que
18:25:21 : Side: jMM: tus amigos me rompieron mi heli anoche
18:25:37 : Side: 1Xeroz1: son unos culiados me eh cansado de que me rompan vehiculos culiado xD
18:25:53 : Side: Hawk: con las m2 estaticas te cagan a tiros si te acercas en helis o vehiculos
18:26:15 : Side: 1Xeroz1: ey pero desde 1 km es un culiado
18:34:46 : Side: jMM: beto como la comiste anocheeee
18:36:52 : Side: jMM: eh xeroz
18:36:56 : Side: 1Xeroz1: si?
18:36:58 : Side: jMM: pasame tu ts loco
18:37:01 : Side: jMM: una soledad tengo
18:38:04 : Side: 1Xeroz1: bancame en un par te lo paso
18:38:11 : Side: 1Xeroz1: estoy concentrado que no me maten xD jajaj
18:38:17 : Side: jMM: todo bien mandame por steam nomas
18:38:27 : Side: 1Xeroz1: agregame
18:38:31 : Side: jMM: ya me tenes
18:38:39 : Side: 1Xeroz1: pone shift + tab y ver jugadores
18:38:43 : Side: 1Xeroz1: jmm quien sos?
18:38:49 : Side: jMM: ahi te escribi
18:38:53 : Side: jMM: pero salis desconectado
18:39:14 : Side: 1Xeroz1: popiso sos vos?
18:39:21 : Side: jMM: se
18:39:27 : Side: 1Xeroz1: te cambiaste le nombre hdp jajaja
18:39:31 : Side: 1Xeroz1: con razon no te vi mas xD
18:39:34 : Side: jMM: es que me saque el admin
18:39:48 : Side: jMM: uso popiso cuando entro de admin
18:39:50 : Side: 1Xeroz1: esta bien! para ahcer mas "transparente" la jugabilidad
18:40:12 : Side: jMM: nah igual era re choto xq tipo te cagaban a tiros y te re tentaba spectear a ver de donde te tiraban
18:40:19 : Side: jMM: era re tentador
18:40:20 : Side: 1Xeroz1: jajaja mal
18:40:26 : Side: jMM: entonces chau admin
18:40:29 : Side: 1Xeroz1: el poder es asi xD. ya despues te la paso 
18:40:30 : Side: jMM: entro si pasa algo nomas
18:42:34 : Side: jMM: we 3 metal pole pide 
18:42:37 : Side: jMM: hacer la puerta
18:42:39 : Side: jMM: super cara
18:43:02 : Side: 1Xeroz1: jajaja
18:45:08 : Side: jMM: me voy a buscar mirinda manzana
18:45:36 : Side: 1Xeroz1: de manzana?? 
18:45:40 : Side: 1Xeroz1: aca ni llegan esas 
18:45:45 : Side: 1Xeroz1: :(
18:48:36 : Side: jMM: listo
18:48:37 : Side: jMM: que rico
18:54:09 : Side: jMM: esta base con 3 plots es de ustedes ?
18:54:23 : Side: 1Xeroz1: nose que base te referis popiso xD
18:54:37 : Side: jMM: una de madera sin techo
18:54:40 : Side: jMM: 2 camionetas
18:54:45 : Side: 1Xeroz1: jajajajajajajajaj xD
19:02:24 : Side: 1Xeroz1: a donde vas popiso?
19:02:29 : Side: jMM: we casi me cai
19:02:31 : Side: jMM: JAJAJAJAJAJAJA
19:02:32 : Side: 1Xeroz1: te vimos pasar hace rato xD
19:02:38 : Side: jMM: casi me estrelle
19:02:44 : Side: jMM: no se vine a la mision pero esta hecha
19:02:57 : Side: 1Xeroz1: posta??? ya la hiciste qu ehdp
19:04:43 : Side: jMM: la hicieron ustedes?
19:04:47 : Side: jMM: hay fiambres por todos lados
19:04:50 : Side: 1Xeroz1: si ya nos fuimos de ahi
19:05:02 : Side: 1Xeroz1: porq nunca terminaba esta bugeada
19:05:15 : Side: jMM: como buggeada ?
19:05:16 : Side: jMM: a ver
19:05:21 : Side: 1Xeroz1: bueno para 
19:05:24 : Side: 1Xeroz1: no nos mates 
19:05:42 : Side: 1Xeroz1: baaa
19:05:44 : Side: jMM: xd
19:05:46 : Side: 1Xeroz1: jajaja
19:05:52 : Side: 1Xeroz1: llegaste vos y se termino xD
19:06:01 : Side: jMM: tienen
19:06:05 : Side: jMM: painkiller ?
19:06:13 : Side: 1Xeroz1: see
19:06:34 : Side: jMM: me dan 1 ?
19:06:55 : Side: 1Xeroz1: aca tenes
19:07:16 : Side: jMM: ese avion no se como se usa
19:07:23 : Side: 1Xeroz1: yo ya me estrelle con uno jajaja
19:07:35 : Side: 1Xeroz1: pero vamos a comprar otro y venir hasta aca
19:08:10 : Side: jMM: vamos los llevo
19:08:32 : Side: 1Xeroz1: aguanta que llevemos todo el loot al heli feo ese y vamos
19:08:37 : Side: 1Xeroz1: por si se cae el server o algo 
19:08:39 : Side: jMM: okas
19:08:55 : Side: jMM: me voy a llevar las cosas a la cocina mientras
19:09:05 : Side: 1Xeroz1: dale
19:11:29 : Side: jMM: listo
19:12:10 : Side: jMM: a donde quieren ir ?
19:12:30 : Side: 1Xeroz1: al campamento de heroes
19:12:38 : Side: 1Xeroz1: tenes idea cuanto salen los helis ahi?
19:12:48 : Side: 1Xeroz1: deben tener los mismos valores que en los bandidos
19:13:13 : Side: jMM: cual
19:13:29 : Side: jMM: ese se puede vender en el comun creo
19:13:29 : Side: 1Xeroz1: como el que me rompieron :(
19:13:33 : Side: 1Xeroz1: un UH60 M
19:13:36 : Side: 1Xeroz1: algo asi era
19:13:38 : Side: jMM: ah el black hawk
19:13:40 : Side: 1Xeroz1: es bastante espacioso
19:13:43 : Side: 1Xeroz1: see
19:13:52 : Side: 1Xeroz1: nose porq todos se compran los little bird
19:14:02 : Side: jMM: xq son livianos
19:14:05 : Side: jMM: bajas y subis rapido
19:14:17 : Side: 1Xeroz1: pero no cargan casi nada :/
19:14:24 : Side: jMM: son para agitar noams
19:14:27 : Side: jMM: lo uso para pasear
19:14:37 : Side: 1Xeroz1: xD
19:15:05 : Side: jMM: tengo 2 suv artilladas, una camioneta pkp y un militar con 2 artillados en la base para hacer misiones jaja
19:15:08 : Side: jMM: las limpias al toque
19:15:24 : Side: 1Xeroz1: pero te hacen bosta desde las torretas 
19:15:25 : Side: 1Xeroz1: o no?
19:15:32 : Side: jMM: las bajas con el sniper
19:15:48 : Side: jMM: uno snipea las torretas el otro descarga balas desde el artillado
19:16:23 : Side: jMM: los llevo a comprar el heli ?
19:16:25 : Side: 1Xeroz1: bueno me llevas al trader de heroes?
19:16:27 : Side: jMM: o donde quieren ir ?
19:16:28 : Side: jMM: okas
19:16:58 : Side: 1Xeroz1: un heroes con bandido en el mismo heli xd
19:17:02 : Side: jMM: jajaja
19:17:06 : Side: jMM: el otro se queda ?
19:17:10 : Side: 1Xeroz1: si
19:17:39 : Side: 1Xeroz1: salen mas misiones ahora esta copado eso... le metieron mano ahi?
19:17:51 : Side: jMM: sacaron el fugitivo
19:18:01 : Side: 1Xeroz1: y eso influia en las misiones?
19:18:06 : Side: jMM: ni idea xd
19:18:10 : Side: 1Xeroz1: aahh xD
19:19:02 : Side: jMM: me estoy cagando, vuelvo y entro al ts
19:35:40 : Side: jMM: pw
20:47:41 : Side: Alfreditto Stroessner: buenas gente
20:47:47 : Side: jMM: holis
20:47:54 : Side: jMM: nada mas lindo que hacer caca
20:47:58 : Side: Alfreditto Stroessner: nada
20:48:05 : Side: 1Xeroz1: buenas alfredd
20:48:27 : Side: Alfreditto Stroessner: como andamos¡? primera vez en el servidor esta bueno los ms
20:48:35 : Side: jMM: gracias
20:48:40 : Side: Alfreditto Stroessner: estare testeando a detalle :)
21:10:54 : Group: jMM: MUTEE UN TOQUE EL TS
21:10:56 : Group: jMM: ya vengo
21:19:41 : Group: jMM: que onda richard
21:20:40 : Side: jMM: que onda la muchachada
21:20:55 : Side: Alfreditto Stroessner: aqui nomas el buen looteo
21:21:03 : Side: Leodagos: hola
21:21:04 : Side: jMM: looteando como loco ?
21:21:11 : Side: Leodagos: entonces ya no esta el evento del fugitivo ?
21:21:16 : Side: jMM: nop
21:21:18 : Side: Alfreditto Stroessner: looteo farmeo
21:21:19 : Side: jMM: se quejaban mucho
21:21:19 : Side: Leodagos: q cagada
21:21:29 : Side: Leodagos: yo me llene de guita
21:21:32 : Side: Alfreditto Stroessner: porque si el fujitivo pega :(
21:21:34 : Side: Leodagos: y estaba bueno xD
21:21:42 : Side: Leodagos: es del bueno
21:22:06 : Side: Leodagos: se quejaron muchos ?
21:22:12 : Side: Leodagos: de los que jugamos ?
21:22:20 : Side: jMM: y un grupito de 5 maso
21:22:25 : Side: Leodagos: pf
21:22:37 : Side: Leodagos: y q hacen esos?
21:22:38 : Side: jMM: despues 2 tarados mas
21:22:39 : Side: Leodagos: misiones ?
21:22:48 : Side: jMM: se misiones y castillitos jajaja
21:22:53 : Side: Leodagos: jajaj
21:22:59 : Side: Leodagos: esta el minecraft
21:23:01 : Side: Leodagos: q esta bueno para eso
21:23:09 : Side: jMM: pasa que anoche, bah hoy a la madrugada
21:23:12 : Side: Leodagos: esto es realismo y balas loco
21:23:13 : Side: Leodagos: pvp
21:23:15 : Side: Leodagos: a full
21:23:20 : Side: jMM: entre tipo 6 y estaban cerca mio
21:23:24 : Side: Leodagos: como te pensas q es un mundo post apolaliptico ?
21:23:25 : Side: jMM: eran 4 y los liquide jajaja
21:23:27 : Side: Leodagos: es un qilombo
21:23:33 : Side: jMM: seee el dato es pvp
21:23:42 : Side: jMM: pero bueno, se saco el fugitivo que era easy money
21:23:48 : Side: Leodagos: fuck
21:23:54 : Side: jMM: ahora habra que campear misiones
21:23:59 : Side: jMM: y atacar bases
21:24:04 : Side: Leodagos: vamos a ver si hacemos fuerza para q vuelva , o lo oragnizamos de alguna forma 
21:24:16 : Side: jMM: capaz hagamos algunos eventos copados
21:24:19 : Side: Leodagos: -claro
21:24:23 : Side: Leodagos: esa va
21:24:26 : Side: jMM: en la carcel queriamos hacerlo
21:24:29 : Side: jMM: que es gigante
21:24:33 : Side: jMM: onda the walking dead
21:24:35 : Side: Leodagos: denle para adelante en esa
21:24:38 : Side: Leodagos: bien rolero
21:24:40 : Side: Leodagos: tiene q ser
21:24:46 : Side: jMM: tipo 
21:24:53 : Side: jMM: meterse adentro de la carcel y les largamos zombies
21:25:10 : Side: jMM: o algo asi
21:25:16 : Side: Leodagos: y el evento lo van a presentar asi nomas o le van a poner una " historia " ?
21:25:17 : Side: jMM: llenas de zombies la carcel
21:25:21 : Side: jMM: y meter muchos zombies
21:25:31 : Side: jMM: no sabriamos, estoy tirando la idea recien
21:25:38 : Side: jMM: pero estaria bueno que tenga historia
21:25:49 : Side: Leodagos: cla algo relacionado con lo q sea q pase
21:27:54 : Side: Alfreditto Stroessner: con que cambio el fog?
21:28:09 : Side: jMM: no podes, es depende el clima
21:28:45 : Side: Azrael1x: hola gente :D
21:28:49 : Side: Leodagos: buenas
21:28:51 : Side: jMM: hola bebe
21:28:59 : Side: Leodagos: perdon no me meto
21:29:00 : Side: Leodagos: xD
21:29:01 : Side: Azrael1x: mmm mi love
21:29:22 : Side: rafer: este server es pvp?
21:29:39 : Side: Leodagos: si
21:29:41 : Side: jMM: si
21:29:42 : Side: Leodagos: gracias a dios
21:30:01 : Side: jMM: Piñas vagancia y papoteo
21:30:07 : Side: Leodagos: woohooo
21:30:08 : Side: Azrael1x: pero a mi no vale matarme eh
21:30:53 : Side: Leodagos: para vos tenemos reservado algo .. especial
21:30:59 : Side: Leodagos: (?)
21:33:56 : Side: Alfreditto Stroessner: admines on?
21:35:08 : Side: Beto480: pasa algo?
21:35:27 : Side: Beto480: queres ayuda?
21:35:38 : Side: Alfreditto Stroessner: queria dar una recomendacion, implementar los earplugs
21:35:49 : Side: jMM: esta implementado creo
21:35:50 : Side: Leodagos: en el face
21:35:55 : Side: Leodagos: para las recomendaciones
21:40:27 : Side: jMM: azra estas constuyendo ?
21:40:54 : Side: Azrael1x: queria empezar pero me falta un cuchillo XD
21:41:14 : Side: jMM: we me encontre una safe en un castillo JAJA
21:41:34 : Side: Leodagos: es negra?
21:41:54 : Side: jMM: y desde el castillo se ve la mision jajaja me siento re pro
21:42:13 : Side: Azrael1x: la pudiste abrir?
21:42:19 : Side: jMM: nop esta bloqueada
21:42:31 : Side: jMM: debe ser la base de algun tarado
21:42:56 : Side: Azrael1x: mmm beto me la  quiere poner 
21:43:11 : Side: jMM: apa
21:49:11 : Side: Alfreditto Stroessner: que hacen los muchachos?
21:49:36 : Side: Beto480:  paseando en bici
21:49:38 : Side: 1Xeroz1: estoy en el puti club de electro
21:49:56 : Side: Beto480: voy al super :v
21:50:02 : Side: 1Xeroz1: estan re zarpadas las pibitas de electro por 10oz de oro te entregan la cola
21:50:25 : Side: Leodagos: building
21:51:26 : Side: Azrael1x: che se puede sacar el bios que esta a la derecha de la pantalla?
21:51:34 : Side: Leodagos: no
21:51:41 : Side: Azrael1x: :(
21:51:44 : Side: Leodagos: si
21:51:46 : Side: Leodagos: una caca
21:51:59 : Side: Leodagos: podes achicar el hood
21:52:10 : Side: Leodagos: safa un poco mas
21:52:24 : Side: Azrael1x: que es eso? XD
21:52:32 : Side: Leodagos: la interfaz
21:52:34 : Side: 1Xeroz1: hud*
21:52:45 : Side: Azrael1x: ahh ok gracias
21:52:47 : Side: Leodagos: eso
21:52:50 : Side: 1Xeroz1: xD
21:57:08 : Side: Alfreditto Stroessner: que tal juan como estamos?
21:57:22 : Side: Alfreditto Stroessner: un placer estar testeando el server
21:58:33 : Side: Alfreditto Stroessner: que bueno man!, asi sera! espero ayudar a crecer el servidor
22:05:44 : Side: Azrael1x: dale ahi voy
22:07:12 : Side: jMM: we me kickea el juego, re plaga
22:09:35 : Side: Azrael1x: che tiene medio lento la respuesta a abrir safes y  craft el sv no?
22:09:51 : Side: jMM: a mi me esta andando bien, pero por ahi si anda medio retardado
22:10:09 : Side: Azrael1x: a capaz que soy yo entonces
22:10:50 : Side: jMM: no, es el servidor pero por ahi anda bien por ahi mal, no se que debe ser
22:11:08 : Side: Leodagos: depende cuanta gente alla
22:11:13 : Side: Leodagos: tambien influye
22:11:23 : Side: Leodagos: cuando eramos 3 fluia mejor
22:11:25 : Side: jMM: leo es el capo
22:11:33 : Side: Azrael1x: leo sape
22:11:46 : Side: Leodagos: jaja
22:12:08 : Side: Leodagos: estoy construyendo y me fije eso
22:12:36 : Side: jMM: me voy a cenar y vuelvo a matar gente
22:12:39 : Side: jMM: cuidense
22:12:46 : Side: Leodagos: bye
22:12:55 : Side: jMM: mas que nada las bases del norte
22:22:32 : Direct: kecho: Hola
22:22:38 : Direct: Azrael1x: holo 
22:22:40 : Direct: kecho: Estoy en el TS
22:22:46 : Direct: Azrael1x: voy
22:22:51 : Direct: kecho: Te mande solicitud de radio
22:24:09 : Direct: Azrael1x: no me aparece
23:12:41 : Side: kecho: Hola Chuny
23:13:46 : Side: Leodagos: hola , todo tranqi
23:13:54 : Side: Azrael1x: holaaaa
23:14:49 : Side: kecho: Ande todo muy laggg
23:15:16 : Side: Leodagos: por lo de los menu dice
23:42:17 : Side: jMM: puto el que lee
23:42:39 : Side: Hawk: ay gracias
23:42:55 : Side: Leodagos: me lo lei de principio a fin <3
23:43:10 : Side: jMM: te voy a asediar loco
23:43:26 : Side: Leodagos: mmmm
23:43:29 : Side: Leodagos: q rico
23:44:39 : Side: jMM: como se hacen los metal floor ?
23:45:16 : Side: Leodagos: pone epoch wiki
23:45:18 : Side: Leodagos: en google
23:45:28 : Side: Leodagos: modular building
23:45:35 : Side: Leodagos: todas las recertas
23:45:38 : Side: Leodagos: recetas
23:45:41 : Side: Leodagos: asd
23:48:14 : Side: Leodagos: puse los links en el face
23:48:24 : Side: jMM: no me fije ahi miro
23:48:33 : Side: Leodagos: dale
23:50:49 : Side: jMM: che re pinta que se haga de noche eh ?
23:50:54 : Side: Leodagos: mal
23:50:59 : Side: Nachen: si viejaaaaa
23:51:10 : Side: jMM: el restart va a demorar un poquito mas
23:51:15 : Side: jMM: asi se pone de noche cuando es de noche
23:51:16 : Side: Nachen: ah buenas a todas 
23:51:18 : Side: jMM: no se si entende
23:51:26 : Side: Leodagos: si
23:51:34 : Side: jMM: todavia estoy afuera de tu base nachen
23:51:35 : Side: Leodagos: de cuanto esta el ciclo?
23:52:00 : Side: jMM: 18hs 6hs
23:52:22 : Side: Leodagos: buenisimo
23:52:32 : Side: jMM: si jugas de noche es de noche
23:52:38 : Side: jMM: y clima de invierno dice el admin
23:52:49 : Side: jMM: que cae nieve y necesitas fuego y blabla
23:53:00 : Side: Leodagos: joya
23:53:29 : Side: Leodagos: me cruce el mapa 2 veces corriendo al reverendo pedo
