22:27:27 : Direct: TaLLeS-: ok
22:30:31 : Direct: Alan: cual es la mejor arma
22:36:27 : Direct: Alan: tales
22:37:17 : Direct: Alan: tales
22:37:42 : Direct: Alan: talesss
22:37:49 : Direct: TaLLeS-: q tu qé
22:37:53 : Direct: Alan: a donde
22:37:59 : Direct: Alan: a donde venden la DMR
22:38:01 : Direct: Alan: ?
22:38:40 : Direct: TaLLeS-: no tienes la DMR p la venda
22:38:51 : Direct: Alan: Donde la consigo ?
22:52:40 : Direct: adm#2: q paso alan?
22:52:45 : Direct: adm#2: que perdiste
22:53:01 : Direct: Alan: no te hagas drama adm
22:53:02 : Direct: Alan: fue
22:53:17 : Direct: adm#2: entre soloamente para esto asi que dakle jaja
22:53:33 : Direct: Alan: es q nose cual era jaja
22:53:35 : Direct: adm#2: no, juan no esta hoy
22:53:52 : Direct: adm#2: un camion y que mas?
22:53:52 : Direct: Alan: a ver
22:54:38 : Direct: Alan: pera q me estoy fijando
22:55:46 : Direct: Alan: estas aca adm ?
22:55:50 : Direct: adm#2: si
22:55:56 : Direct: Alan: no recuerdo cual era
22:56:12 : Direct: Alan: dame lo q usted quiera no hay drama
22:56:14 : Direct: Alan: y sino no importa
22:56:23 : Direct: adm#2: era camion?
22:56:25 : Direct: Alan: no se haga drama
22:56:32 : Direct: Alan: si un camion o chata
22:56:49 : Direct: adm#2: veni
22:56:56 : Direct: Alan: a donde estas
22:57:18 : Direct: Alan: esto me gusto jaja
22:57:31 : Direct: Alan: fuira jaja
22:57:38 : Direct: adm#2: salga de aqui
22:57:41 : Direct: GusTavoR-: alan
22:57:45 : Direct: GusTavoR-: es teu?
22:57:47 : Direct: Alan: si
22:57:56 : Direct: GusTavoR-: mui bien es blindado ajaja
22:58:01 : Direct: adm#2: salga de aqui
22:58:05 : Direct: Alan: jaja gracias
22:58:07 : Direct: adm#2: por favor gustavo
22:58:25 : Direct: Alan: me lo robaran jajaja
22:58:29 : Direct: adm#2: en el quipo esta la llave
22:58:35 : Direct: adm#2: cerralo
22:58:48 : Direct: adm#2: gustavo, telles
22:58:54 : Direct: adm#2: que paso?
22:58:59 : Direct: GusTavoR-: si
22:59:01 : Direct: GusTavoR-: nada jaja
22:59:07 : Direct: Alan: muchisimas gracias genioo
23:01:01 : Direct: adm#2: alan
23:01:07 : Direct: Alan: si decime
23:01:13 : Direct: adm#2: gustavo y telles campearon este trade?
23:01:21 : Direct: Alan: si pero no les hagas nada
23:01:29 : Direct: Alan: dejalos ya esta
23:01:31 : Direct: adm#2: no, tranquilo.
23:01:34 : Direct: Alan: yo no me e enojado ni nada
23:01:54 : Direct: Alan: es mas me reia 
23:02:17 : Direct: adm#2: ok
23:02:22 : Direct: Alan: gracias genio
23:02:42 : Direct: adm#2: es q esas actitudes terminan en peleas por el chat global de gusto
23:03:00 : Direct: Alan: sii reconnect se enojo
23:03:02 : Direct: adm#2: bueno, disculpa las molestias, segui tranquilo
23:03:10 : Direct: Alan: pero es alpedo pelear en un juego
23:03:15 : Direct: Alan: noo no te hagas drama papa
23:03:27 : Direct: Alan: disculpa vos por tomarte tu tiempito
23:03:31 : Direct: Alan: en ayudarme
23:03:37 : Direct: adm#2: ahora voy a hablar con ellos. suerte!
23:03:42 : Direct: Alan: esto q me diste
23:06:56 : Direct: adm#2: bonita base, recuerde mantenerla cada dia. es gratis.
23:09:50 : Direct: adm#2: por dios
23:09:56 : Direct: LarzuK: ah me asustaste
23:10:01 : Direct: LarzuK: ajajja yo dije quien carajos entro
23:10:02 : Direct: adm#2: en el tercer piso ya te da paja robarte la base
23:10:08 : Direct: LarzuK: ajajajaa
23:10:26 : Direct: adm#2: acordate de mantener la base cada dia es gratis
23:10:34 : Direct: LarzuK: jaja no no es gratis
23:10:38 : Direct: LarzuK: me cobra 100 coins
23:10:43 : Direct: LarzuK: me fundo !
23:10:44 : Direct: adm#2: bue casi gratis
23:10:45 : Direct: LarzuK: jaja
23:11:13 : Direct: LarzuK: es medio embolante subir
23:11:15 : Direct: LarzuK: pero
23:12:18 : Direct: adm#2: como va todo JF ?
23:13:12 : Direct: adm#2: fijate que aveces dejas el mic prendido en el canal global y todos pueden oir. para prenderlo/apagarlo
23:13:21 : Direct: adm#2: apreta block mayuscula
