20:46:11 : Side: [Sucios]Juandayz: hola gente!
20:46:35 : Side: 1Xeroz1: JAJAJAJA la musica que carjo
20:46:37 : Side: 1Xeroz1: que haces juan
20:46:39 : Side: [Sucios]Juandayz: jajaja :D
20:46:45 : Side: 1Xeroz1: gracias loco por habilitar el server
20:46:59 : Side: [Sucios]Juandayz: ;) a ustedes por meterse
20:47:18 : Side: Ivan: GRACIAS
20:47:24 : Side: Ivan: DIOS NO AGUANTABA MAS :D
20:47:31 : Side: [Sucios]Juandayz: aajajajaj
20:48:09 : Side: [Sucios]Juandayz: en las reglas del server van a encontrar alguna informacion sobre algunos mods
20:48:16 : Side: 1Xeroz1: ahh oka
20:54:29 : Side: Ew: hola :)
21:07:15 : Side: popiso: hola gays
21:07:31 : Side: popiso: we apareci desmayado
21:07:32 : Side: 1Xeroz1: quee onda los adminsss
21:07:33 : Side: popiso: que onda JAJAJA
21:07:35 : Side: 1Xeroz1: jajaja
21:07:38 : Side: [Sucios]Juandayz: llego la reina de la vendimia :D
21:07:47 : Side: Ivan: Wenas !!
21:07:49 : Side: 1Xeroz1: de donde sos juan=
21:07:49 : Side: Nachen: Buenas tardeeees
21:07:56 : Side: [Sucios]Juandayz: esooo nachoo!!!
21:08:01 : Side: [Sucios]Juandayz: hola querido
21:08:05 : Side: [Sucios]Juandayz: bienvenido :P
21:08:10 : Side: Nachen: Gracias!
21:08:15 : Side: Nachen: Alfin pude arreglar la pc jaja
21:08:21 : Side: [Sucios]Juandayz: jaja bien ahi
21:08:29 : Side: [Sucios]Juandayz: te presento a... todos jaja
21:08:38 : Side: [Sucios]Juandayz: deja de joder chuky y juga
21:08:40 : Side: Nachen: ajja un gutso
21:08:46 : Side: Nachen: gusto
21:08:48 : Side: Nachen: ajajaja
21:09:24 : Direct: popiso: hola
21:09:25 : Side: ChukyN: que demas la musica ptm
21:09:27 : Direct: popiso: bastardo
21:09:39 : Direct: ChukyN: q haces muerto
21:09:39 : Direct: popiso: no me defendiste en el taki
21:09:48 : Direct: popiso: me hago el muerto
21:09:50 : Direct: popiso: hay snipers
21:10:28 : Direct: ChukyN: donde
21:10:43 : Direct: popiso: we re lento el chancho
21:11:02 : Side: Nachen: Alto server che son unos cracks!
21:11:14 : Side: PijaMan: ta re piola
21:12:00 : Side: Nachen: ajajaj
21:12:11 : Side: PijaMan: se puede hacer pvp y matar a todos sin drama?
21:12:17 : Side: [Sucios]Juandayz: see
21:12:21 : Side: popiso: pijazo por todos lados
21:12:28 : Side: [Sucios]Juandayz: lo unico es no joder a nadie en los trades
21:12:32 : Side: PijaMan: acepta
21:12:39 : Side: PijaMan: anga
21:13:12 : Group: [Sucios]Juandayz: dale naa
21:13:24 : Group: PijaMan: soy gabi
21:13:25 : Side: Nachen: dice quien mato a quien o es anonimo? :O
21:13:35 : Group: PijaMan: me olvide que quede con bondad negativa aca
21:13:35 : Side: [Sucios]Juandayz: dice aveces
21:13:39 : Side: ChukyN: Juan putin
21:13:43 : Group: PijaMan: y entre como bandido, asi que ahora me lo voy a sacar
21:13:52 : Group: [Sucios]Juandayz: usa el admin para darte humanidad
21:13:55 : Side: Nachen: ah joya
21:13:56 : Group: PijaMan: sisi
21:13:57 : Group: [Sucios]Juandayz: asi tenes la normal
21:14:29 : Group: PijaMan: listo, quedo en 15
21:15:24 : Group: [Sucios]Juandayz: por q te veo en el agua en el mapa chuky
21:15:32 : Group: [Sucios]Juandayz: ahi ta
21:15:33 : Group: PijaMan: wtf?
21:15:37 : Group: ChukyN: estoy resusitando gil
21:15:44 : Group: ChukyN: ehh pijaman
21:15:48 : Group: ChukyN: porque estas en elgrupo
21:15:49 : Group: ChukyN: ajajaj
21:16:04 : Group: PijaMan: por que te voy a meter la pija papu
21:16:09 : Group: [Sucios]Juandayz: es pa tu regalo chuky
21:16:24 : Group: [Sucios]Juandayz: sabiamos q querias una buena pija en el grupo :P
21:16:31 : Group: [Sucios]Juandayz: asi q le llamaaaaaamos
21:16:38 : Group: ChukyN: porque me disparas gil
21:16:56 : Group: PijaMan: te pegue?
21:17:31 : Group: PijaMan: a mil metros y le pegue
21:17:33 : Group: PijaMan: jodeme
21:18:49 : Side: popiso: cual es mejor la doble caño o la remmington ?
21:18:58 : Side: Viciopata-.: doble caño
21:19:28 : Side: Viciopata-.: Depende a cuanta distancia las uses.. a 5 mts la doble caño.. a 10-15 mts la remmington
21:19:41 : Side: popiso: de uina
21:20:47 : Side: Viciopata-.: muy buena la adicion de contactar al admin.. ahora cagaron todos los pelotudos :D
21:21:07 : Side: PijaMan: no entendi
21:21:37 : Side: Viciopata-.: En Player menu, podes contactar con el admin.. para reportar o lo que sea
21:21:49 : Side: PijaMan: aaaah
21:21:53 : Side: [Sucios]Juandayz: ticket to admin dice el
21:22:08 : Side: Viciopata-.: Aca dice Contact an Admin .-.
21:22:20 : Side: Viciopata-.: Ves? ahi lo toque
21:22:41 : Side: popiso: ah interesante, sale como una cola de tickets
21:22:44 : Side: popiso: ahi me salto el tuyo
21:23:20 : Side: Viciopata-.: wtf? para que mierda son los bolu*** estos? 
21:24:02 : Side: ChukyN: ?
21:24:23 : Side: Viciopata-.: Che no hay nada de lo que teniamos antes no? todo de 0
21:24:31 : Side: ChukyN: yep
21:24:35 : Side: ChukyN: se hizo de 0 el server
21:24:37 : Side: popiso: si
21:24:39 : Side: Viciopata-.: :P
21:24:48 : Side: Viciopata-.: que verga xD 
21:24:50 : Side: popiso: igual tenias tus cosas a 200 metros de stary, ahora no te va a dejar construir
21:24:55 : Side: Viciopata-.: Estaba re fuliado yo
21:25:14 : Side: Viciopata-.: Si ya se donde las tenia.. pero habiamos quedado con juan en algo que nunca se hizo
21:25:42 : Side: Viciopata-.: Con acciones que perjudiquen a los demas a que se refieren?
21:25:49 : Side: Viciopata-.: No puedo romperle toda la base?
21:25:54 : Side: ChukyN: exacto
21:25:56 : Side: ChukyN: si vsa a entrar
21:25:59 : Side: ChukyN: rompe una pared
21:26:01 : Side: ChukyN: no las 4
21:26:32 : Side: Viciopata-.: LOL jajajaj porque? no entiendo la regla.. si quiero romper 4 porque se que en la otra habitacion hay mas loot no puedo? lpm ok
21:26:50 : Side: ChukyN: no gil con las 4 me refiero a las 4 exteriores de afuera
21:26:53 : Side: popiso: una pared por sala
21:27:06 : Side: ChukyN: tenes menos sentido comun que un chimpance de laboratorio
21:27:32 : Side: Viciopata-.: Ahh esas no son paredes capo.. pared es cada una de cinder o madera
21:27:39 : Side: Viciopata-.: si vos no te expresas bien no se quien es peor
21:27:59 : Side: Viciopata-.: Puede ser que el edificio de atras de stary este a 900 mts?
21:28:06 : Side: ChukyN: yo no soy el que no entiende las reglas >p
21:28:07 : Side: PijaMan: saca medida
21:28:13 : Side: popiso: 750
21:28:23 : Side: Viciopata-.: Yo no soy el que las escribe mal <3
21:28:47 : Side: ChukyN: yo tampoco
21:29:08 : Side: PijaMan: ah listo
21:29:35 : Side: Viciopata-.: Me desconencto un toque, dentro de un rato vengo a romper las pelotas un poco :)
21:29:42 : Side: PijaMan: dale dale
21:29:43 : Side: Viciopata-.: Con Azrael supongo
21:29:59 : Side: ChukyN: dale
21:30:23 : Side: Seba: hola
21:30:31 : Side: ChukyN: buenas
21:30:38 : Side: LarzuK: buenas
21:30:44 : Side: LarzuK: hubo wipe en el server ?
21:31:02 : Side: ChukyN: si se hizo todo de 0
21:31:09 : Side: LarzuK: joya
21:31:16 : Side: LarzuK: voy a empezar a invitar gent
21:32:30 : Side: Nachen: heeey
21:32:35 : Side: PijaMan: cagaste
21:32:38 : Side: ChukyN: RAJAAA
21:33:03 : Side: Nachen: pe...pe.. pero yo soy bueno
21:34:50 : Side: Nachen: me duran muy poco los mensajes
21:35:12 : Side: PijaMan: estas a 4mil de mi :3
21:36:59 : Side: ChukyN: RAJA nachen
21:37:17 : Side: Nachen: me siento el chapo
21:37:21 : Side: ChukyN: jajajjaja
21:37:52 : Side: PijaMan: sentite mi cuñado cuando se rajo por que embarazo a mi hermana. WE
21:38:01 : Side: Nachen: ajajajj
21:43:30 : Side: popiso: la musica
21:43:32 : Side: popiso: que plaga JAJAJAJA
21:53:45 : Group: PijaMan: negro
21:53:51 : Group: PijaMan: hay que poner los 3mil de distancaiw
21:55:15 : Side: LarzuK: zugar tututututu
21:55:20 : Side: LarzuK: ahre que no era zugar la musica
21:55:43 : Side: popiso: we una mochila no encuentro
21:56:21 : Side: popiso: hasta las benditas le sacaron a la IA del airfield
21:56:41 : Side: LarzuK: esta bien , jajaja
21:57:53 : Group: PijaMan: marty mcfly?
22:04:55 : Side: 1Xeroz1: quien esta en el airfield¿?
22:05:07 : Side: Hawk: buenas gente
22:05:45 : Direct: Hawk: hola
22:05:52 : Direct: LarzuK: ajajaj , tiras un tiro y se tiran todos al suelo los guachos
22:05:54 : Side: Ivan: ´popiso me mataste vos?
22:06:00 : Side: Ivan: porque te vi y me cagaste a tiros
22:06:04 : Side: popiso: si poes
22:06:18 : Side: popiso: me quedan 2 balas 
22:06:30 : Side: 1Xeroz1: popiso trolo me dejaste en 2 mil de sangre jajaja
22:06:43 : Side: popiso: pense que te amte
22:06:47 : Side: popiso: y cuando fui a lootear
22:06:49 : Side: popiso: te paraste JAJA
22:06:55 : Side: 1Xeroz1: la primera vez si pero la segunda me desmayaste
22:07:49 : Side: 1Xeroz1: yo pense que salia cuando te mataba 
22:07:57 : Side: 1Xeroz1: otro player
22:08:50 : Side: popiso: hay uno escondido en los arboles ojo rodeado de zombies estaba
22:09:24 : Side: popiso: no encuentro una fucking mochila jaja
22:09:38 : Group: [Sucios]Juandayz: eh gato alta suv
22:09:58 : Group: Hawk: e gato donde estas
22:10:00 : Group: Hawk: te paso a buscar
22:10:04 : Group: Hawk: y vamos a buscar unas minitas
22:10:08 : Group: [Sucios]Juandayz: ajajaaj
22:10:18 : Side: popiso: alguien looteo los hospitales del NWAF ?
22:10:26 : Side: 1Xeroz1: no nos dejaste tiempo
22:10:30 : Side: 1Xeroz1: sino te diria que si xD
22:10:51 : Side: popiso: ah andas en patota jaja como no me cagaron a tiros
22:11:03 : Group: [Sucios]Juandayz: hay q tomar la carcel
22:11:10 : Side: 1Xeroz1: porq no somos bandidos somos friendly nosotros
22:11:17 : Group: Hawk: te paso a buscar y la tomamos, donde estas
22:11:24 : Group: [Sucios]Juandayz: bere
22:11:25 : Side: popiso: yo estoy -2160
22:11:29 : Side: popiso: si me matas te sube, no te baja
22:11:30 : Group: Hawk: ok voy llenod
22:11:31 : Group: [Sucios]Juandayz: en la canchita de futbol
22:11:44 : Side: 1Xeroz1: da igual no sabia que la estabas rolleando de bandido de nuevo xD
22:12:02 : Side: popiso: es que disparo antes que me disparen
22:12:07 : Group: Hawk: esta aca no mas el fugitivo go
22:12:10 : Side: 1Xeroz1: xD
22:12:14 : Side: popiso: se me fue eso de preguntar primero, me trajo malas experiencias jaja
22:12:26 : Side: [Sucios]Juandayz: hay fujitivo empeza a correr !! :D
22:12:47 : Side: popiso: igual re croto 
22:12:54 : Side: popiso: te erre como 2 cargadores de DMR en la primera
22:13:38 : Side: 1Xeroz1: si mal pero bueno me asome para ver de donde venian los disparon y me coquiaste mal
22:14:30 : Group: [Sucios]Juandayz: ya el de heroe
22:14:34 : Group: [Sucios]Juandayz: jajaja q gato
22:15:04 : Group: Hawk: alla esta la moto tiene que estar aca
22:16:14 : Group: [Sucios]Juandayz: par atra
22:16:15 : Group: Hawk: se movio
22:17:20 : Side: popiso: con una remington me mato
22:17:25 : Side: popiso: con una escopeta locooo
22:17:36 : Group: [Sucios]Juandayz: LOL
22:17:51 : Group: [Sucios]Juandayz: ERAN 2?
22:17:58 : Side: LarzuK: asi es la vida
22:19:45 : Group: Hawk: me escuchasw
22:19:53 : Group: [Sucios]Juandayz: no
22:20:01 : Group: Hawk: nunca agarro la mk48 el pajero
22:20:04 : Group: Hawk: dond esta la carcel
22:20:15 : Group: [Sucios]Juandayz: en alguna parte de pablovo
22:20:24 : Group: [Sucios]Juandayz: vamos a comprar un plot antes
22:20:33 : Group: Hawk: si y unas puertas
22:20:45 : Group: [Sucios]Juandayz: si no la otrra
22:20:59 : Group: [Sucios]Juandayz: es dejar q la tomen players y despues la invadimos
22:21:08 : Group: [Sucios]Juandayz: y hacemos en alguna casita por ahi
22:21:54 : Group: [Sucios]Juandayz: van bien los fps en el auto¿
22:22:01 : Group: Hawk: 40
22:22:05 : Group: [Sucios]Juandayz: igual
22:22:20 : Group: [Sucios]Juandayz: entre 33 y 40
22:22:30 : Group: Hawk: 40-47
22:23:00 : Group: [Sucios]Juandayz: ojo q no hay god mod aca
22:23:13 : Group: Hawk: q preciso para una puerta
22:23:21 : Group: Hawk: de cemento
22:23:28 : Group: [Sucios]Juandayz: metal creo
22:23:41 : Group: [Sucios]Juandayz: para hacer la puerta
22:23:59 : Group: [Sucios]Juandayz: y despues tenes serian 9 cinders y 3 morteros creo
22:24:00 : Group: Hawk: pero no vende puertas hechas este, asi que necesito cinder tambien
22:24:14 : Group: [Sucios]Juandayz: xada 3 cinder 1 mortero
22:24:24 : Group: Hawk: fuck no me compra los maletines este
22:24:27 : Group: Hawk: vamos a star
22:24:27 : Side: [Sucios]Juandayz: te estan debutando popiso
22:25:18 : Side: [Sucios]Juandayz: hola lalo!!
22:25:31 : Group: Hawk: hace de gps gil
22:25:45 : Side: vodka: hola juan !! 
22:25:54 : Side: [Sucios]Juandayz: :)
22:25:59 : Group: [Sucios]Juandayz: dale no mas
22:26:03 : Side: Ivan: misiones hay para hacer?
22:26:06 : Side: 1Xeroz1: che metan misiones sino popiso nos quiere cazar jaja
22:26:09 : Side: Ivan: o solo esperamos?
22:26:24 : Side: [Sucios]Juandayz: si hay
22:26:34 : Side: [Sucios]Juandayz: al menos en los test habia
22:26:38 : Side: Ivan: pero activas?
22:26:42 : Side: Ivan: yo no veo ninguna :c
22:26:53 : Side: 1Xeroz1: yo tampoco solo veo la del grupo sectario
22:28:11 : Vehicle: [Sucios]Juandayz: agarra la bifurcacion
22:28:29 : Vehicle: [Sucios]Juandayz: o corta por el pasto
22:28:32 : Vehicle: [Sucios]Juandayz: lo mismo
22:28:46 : Vehicle: [Sucios]Juandayz: segui por este
22:29:23 : Vehicle: [Sucios]Juandayz: en el ramal corta por el pasto 100mts derecho
22:30:09 : Vehicle: [Sucios]Juandayz: cuando ves la ruta, dale a la derecha, esta aca no mas
22:30:32 : Vehicle: [Sucios]Juandayz: aca no estan las chicas gil
22:30:36 : Vehicle: [Sucios]Juandayz: en stary estan
22:31:08 : Vehicle: [Sucios]Juandayz: pasa de largo el cruze
22:31:47 : Vehicle: [Sucios]Juandayz: y ese
22:32:04 : Side: [Sucios]Juandayz: bloquealo
22:32:44 : Group: Hawk: esta re lento el server para responder
22:32:47 : Side: [Sucios]Juandayz: che, aviso.. en los traddes bloqueen los autos por que no hay tu tia si se los afanan :)
22:32:56 : Side: 1Xeroz1: ajajjaaj si mas vale
22:32:58 : Side: 1Xeroz1: eso se sabe
22:33:48 : Group: [Sucios]Juandayz: copate y comprame un m14
22:33:57 : Group: Hawk: tengo el pol y la safe
22:34:09 : Group: [Sucios]Juandayz: ok
22:34:14 : Group: [Sucios]Juandayz: yo tengo pizza
22:34:19 : Group: Hawk: fak u
22:34:36 : Side: 1Xeroz1: boeeeeeeeeee quien saco un helicoptero 
22:34:45 : Side: 1Xeroz1: tan rapido jaja
22:34:46 : Side: PijaMan: alado de stary estaba
22:34:58 : Side: 1Xeroz1: jaja que ocote
22:35:08 : Side: PijaMan: si, pero un forro me cago matando antes
22:35:12 : Group: Hawk: compra con esa plata
22:35:13 : Side: PijaMan: mientras estaba con la mision
22:35:16 : Group: Hawk: el m14
22:35:22 : Side: PijaMan: james bond un poroto yo ahi, me gire y me bajaron
22:35:23 : Side: Ivan: yo se jajaja quien fuue a nosotros nos mato xD
22:35:30 : Side: PijaMan: quien era?
22:35:39 : Side: Ivan: Pipo nose que verga xD
22:35:53 : Side: Hawk: no esta mas online el bandido ese
22:35:56 : Side: Ivan: POPISO
22:35:59 : Side: Ivan: ES! EL!
22:36:51 : Group: Hawk: carcel o buscamos donde hacer base?
22:36:57 : Vehicle: [Sucios]Juandayz: busqemos
22:37:02 : Group: Hawk: ok
22:37:12 : Vehicle: [Sucios]Juandayz: por ahi da para cambiar esata por un lil bird
22:37:30 : Group: Hawk: naa
22:37:41 : Side: [Sucios]Juandayz: cuando lo q viene ese david llalo jajaj
22:38:30 : Side: vodka: despues de los examenes q tiene para entrar a poli 
22:38:53 : Side: [Sucios]Juandayz: ahh mira se pasa de fuerza
22:38:56 : Side: [Sucios]Juandayz: no sabia
22:39:28 : Side: vodka: si porque si a tal año no aciende le dan de baja 
22:39:37 : Side: [Sucios]Juandayz: q bajon
22:40:20 : Side: vodka: si por eso lo hace ahora para tener un punto a favor a la hora de entrar 
22:40:55 : Side: [Sucios]Juandayz: y si aparte se respalda el trabajo ya
22:42:29 : Group: Hawk: tadaaaa
22:42:30 : Side: [Sucios]Juandayz: esa?
22:42:36 : Group: Hawk: el mejor lugar para hacer base
22:42:53 : Group: [Sucios]Juandayz: vos lo q qeres er es el tigre de los llanos
22:43:15 : Group: Hawk: esta ideal aca, estamos rodeados por llanuras
22:43:24 : Group: [Sucios]Juandayz: por eso te digo :D
22:43:35 : Group: Hawk: te gusta o no
22:43:45 : Group: [Sucios]Juandayz: q naa
22:43:56 : Group: Hawk: sii o nooo
22:43:58 : Group: [Sucios]Juandayz: aca mi pieza :P jjaa
22:44:02 : Group: [Sucios]Juandayz: si bola
22:44:10 : Group: Hawk: anota
22:44:11 : Group: Hawk: safe
22:44:57 : Group: [Sucios]Juandayz: como es?
22:44:59 : Group: Hawk: 6276
22:45:36 : Group: Hawk: deje la plata y el pole ahi adentro, hasta que podamos cerrar
22:46:04 : Group: [Sucios]Juandayz: hay q pegar una motosierra como para cerrar precario
22:46:16 : Group: Hawk: cuanto valen
22:46:26 : Group: [Sucios]Juandayz: como 20.000
22:46:31 : Group: Hawk: ok saca de la safe
22:46:37 : Group: [Sucios]Juandayz: tengo 27
22:46:40 : Group: Hawk: ok
22:46:41 : Group: [Sucios]Juandayz: ensima
22:47:05 : Group: Hawk: vista aca tenemos para dejar los vehiculos
22:47:09 : Group: Hawk: no los ven desde arriba
22:47:12 : Group: [Sucios]Juandayz: de una
22:47:21 : Group: Hawk: yo siempre hacia base en esa casa roja
22:47:45 : Group: [Sucios]Juandayz: hasta q te agregue ese rancho al lado
22:47:54 : Group: Hawk: justito lo agregaste
22:48:15 : Group: [Sucios]Juandayz: si dee pedo no fue premeditado :P
22:48:26 : Group: Hawk: maneja voy a encargar comida
22:51:22 : Side: 1Xeroz1: otro bandido mas
22:51:36 : Side: 1Xeroz1: andaa cagar jaja ahora todos la rollean de bandidos
22:51:48 : Side: PijaMan: vieja disculpa
22:51:53 : Side: PijaMan: yo vi cabeza y tire
22:52:04 : Side: PijaMan: te cuido tus cosas volve rapido
22:52:30 : Side: 1Xeroz1: vieja la costumbre de chupar pijas que tenes jajaja
22:52:49 : Side: PijaMan: ensima de que te digo para cuidar tus cosas -_-
22:53:04 : Side: 1Xeroz1: si es obvio que nos vas a lootear todo 
22:53:10 : Side: 1Xeroz1: pero ta bien ya sabemos quien mas es bandido
22:53:36 : Side: PijaMan: yo te dejo tus cosas ahi, si queres buscar buscalo, y punto
22:53:43 : Side: PijaMan: la cuestion del juego es tratar de sobrevivr
22:53:50 : Side: 1Xeroz1: jajajaja dale si voy a seguir yendo para que me mates xD 
22:54:07 : Side: Ivan: Pijaman una duda hay bandidos por ahi? estas haciendo la mision?
22:54:22 : Side: PijaMan: yo me vine para la mision pero hay un ural aca
22:54:47 : Side: Ivan: estoy llegando ahi si me ves no me mates soy un soldado
22:54:52 : Side: [Sucios]Juandayz: abri
22:55:11 : Side: PijaMan: yo me rajo de aca
22:55:16 : Side: Ivan: che me mataste?
22:55:19 : Side: PijaMan: no
22:55:27 : Group: Ivan: hu bueno que picardia
22:55:39 : Side: PijaMan: no fui yo
22:56:06 : Group: [Sucios]Juandayz: listo
22:56:10 : Group: Hawk: segui manejando q estoy esperando la morfi
22:56:11 : Side: 1Xeroz1: jajajaja
23:08:56 : Side: PijaMan: mas tarde me conecto. abrazo
23:09:06 : Side: Hawk: nos vemos
23:09:08 : Side: 1Xeroz1: abrazo con puñalada en la espalda jaja
23:26:26 : Group: popiso: que haces alla hdp
23:26:48 : Group: vodka: revisando el airfield
23:28:12 : Group: Hawk: la movi para aca a la safe
23:28:14 : Group: Hawk: es mejor
23:28:16 : Group: Hawk: mas alto
23:28:17 : Group: [Sucios]Juandayz: ok
23:28:28 : Group: [Sucios]Juandayz: hay un perro tenes carne?=
23:28:44 : Group: Hawk: no
23:29:29 : Group: Hawk: te pase la nueva pwd a face
23:31:27 : Group: popiso: me voy al airfield grande
23:31:47 : Group: vodka: ok dale 
23:32:37 : Group: Hawk: habria que cerrar todo en la vuelta con muro
23:32:43 : Group: Hawk: y poner una peurta de garage
23:32:57 : Group: [Sucios]Juandayz: vamo a hacerlo mierda a jorge
23:33:00 : Side: Hawk: RAJA JORGE
23:33:12 : Side: popiso: raja vos
23:33:16 : Side: [Sucios]Juandayz: vamos a darle 
23:34:12 : Vehicle: [Sucios]Juandayz: esta suv te la spawneaste a mi no me cagas jaja
23:34:32 : Vehicle: Hawk: permisoooo
23:34:42 : Vehicle: Hawk: no lo marco en el mapa
23:34:44 : Vehicle: Hawk: wtf
23:34:51 : Vehicle: [Sucios]Juandayz: si esta en el airfield
23:34:51 : Vehicle: Hawk: ahi
23:35:14 : Vehicle: [Sucios]Juandayz: debe estar con lalo
23:37:25 : Side: [Sucios]Juandayz: con lo q me gustan las mk48
23:37:49 : Side: [Sucios]Juandayz: hola mades! como andas
23:38:23 : Vehicle: Hawk: tiene admin el?
23:38:29 : Vehicle: [Sucios]Juandayz: si
23:38:55 : Vehicle: [Sucios]Juandayz: ya debe tener una base de 8 pisos jajaj
23:39:10 : Vehicle: Hawk: nos va a re cagar a tiros antes que lleguemos
23:39:28 : Side: popiso: veni defendeme lalo
23:39:57 : Side: vodka: no te preocupes ahi voy con mi escopeta
23:40:09 : Side: [Sucios]Juandayz: jajaaja dejalo solo lalo
23:40:16 : Side: [Sucios]Juandayz: repartimos el botin
23:41:37 : Group: [Sucios]Juandayz: esperemos la prox actualizacion
23:41:53 : Group: Hawk: tire la llave de la camioneta ahi en el arbol de enfrente
23:45:38 : Group: [Sucios]Juandayz: en bombero esta aña moto
23:46:07 : Group: [Sucios]Juandayz: torre bomb
23:47:29 : Side: popiso: lalo veni son 2 ahora
23:47:31 : Side: popiso: lalo ayudame
23:47:34 : Side: popiso: lalo ayudameeee
23:47:45 : Side: [Sucios]Juandayz: jaja cagon
23:48:35 : Group: [Sucios]Juandayz: tirale
23:49:11 : Group: [Sucios]Juandayz: jaja me la dio
