00:58:50 : Side: Alan: buenas
13:17:46 : Side: Bad Guy: buenas
13:38:39 : Side: juandayz: hola badguy
13:39:02 : Side: Bad Guy: como va
13:39:08 : Side: juandayz: bien ;)
13:40:22 : Side: Bad Guy: aver si me pongo a terminar la casa...
13:45:46 : Side: juandayz: que ip rara tenes cabezon, parece de suiza :D
13:46:07 : Side: Bad Guy: jajajajaja
13:46:14 : Side: Bad Guy: de los amigos de fyber
13:46:49 : Side: juandayz: :D
13:46:58 : Side: Bad Guy: che te consulto
13:47:07 : Side: Bad Guy: como es ahora el tema de las acciones y los bonos?
13:51:52 : Side: Bad Guy: haaa me olvide la mitad de las herramientas lpm
13:57:41 : Side: Bad Guy: che juan
14:04:23 : Side: MaxBraian: buenas
14:04:32 : Side: MaxBraian: lo que me costo jaja
14:09:27 : Side: Bad Guy: che me tira como mini bajones de fps pero estan siempre estables en 50
14:13:46 : Side: Bad Guy: bueno espero tener todo para seguir con la construccion ahora
14:14:13 : Side: MaxBraian: je siempre pasa que te falta la mitad xD
14:14:27 : Side: Bad Guy: fui al trade a comprar materiales
14:14:36 : Side: Bad Guy: llego a la base y me olvido la almadena
14:15:21 : Side: juandayz: jaja anda a la cantera con la masa y la pala q sacas cinder y mortero gratis 
14:15:36 : Side: Bad Guy: me queda RE lejos
14:15:42 : Side: Bad Guy: y ya me pudrio de manejar la vodnik
14:16:04 : Side: MaxBraian: JAJA
14:16:37 : Side: Bad Guy: son como 6 km
14:16:45 : Side: MaxBraian: GG
14:17:11 : Side: Bad Guy: me tengo q comprar el heli
14:17:15 : Side: juandayz: a vos te pasa como a mi que por no llevar el envase retornable de coca la pago $36 en vez de 26$
14:17:38 : Side: Bad Guy: eso olvidate q a los envases los llevo siempre
14:17:45 : Side: Bad Guy: 10p son 10p
14:18:46 : Side: Bad Guy: si esto ganara experiencia x craftear como en el rust...
14:31:02 : Side: MaxBraian: QUE FUE ESP
14:31:04 : Side: MaxBraian: ESO
14:31:12 : Side: Bad Guy: eso creo q es el bombardero
14:31:21 : Side: Bad Guy: me paso x al lado
14:31:36 : Side: MaxBraian: ME RE CAGARON A TIROS CHAVON 
14:31:41 : Side: Bad Guy: JAJAAJJAJAJA
14:31:47 : Side: Bad Guy: donde estas?
14:31:51 : Side: MaxBraian: QUEDE SIEGO 2356 DE VIDA
14:32:12 : Side: Bad Guy: jajajjajaa
14:32:14 : Side: MaxBraian: ahi lo marque
14:32:23 : Side: MaxBraian: pero me siguen xada
14:32:30 : Side: Bad Guy: sep provablemente el bombardero
14:32:54 : Side: MaxBraian: hijo de ----
14:33:19 : Side: MaxBraian: creo que me muero xD
14:33:32 : Side: Bad Guy: q no me la venga a jeder q estoy muy expuesto aca
14:33:41 : Side: MaxBraian: JAJA
14:34:01 : Side: Bad Guy: no tengo techo todavia
20:32:44 : Side: Hijo De Remil: buenas
20:33:00 : Side: Hijo De Remil: viejo, cual es el trader del mercado negro??
20:33:07 : Side: LarzuK: hola
20:33:35 : Side: LarzuK: es uno que esta bien en la entrada
20:33:39 : Side: LarzuK: a la izquierda
20:33:52 : Side: LarzuK: entras y a la izquierda del todo esta
20:33:58 : Side: LarzuK: esta medio alejado de los otros
20:34:15 : Side: LarzuK: la otra vez tambien me costo encontrarlo
20:34:35 : Side: Hijo De Remil: ahhh aca estaba el puto
20:34:43 : Side: Hijo De Remil: gracias vieja
20:34:57 : Side: LarzuK: de nada che
20:35:33 : Side: Hijo De Remil: no agarro un futbol.. medio que no entiendo una chota jajaj
20:35:40 : Side: Hijo De Remil: encima perdi el libro
20:35:45 : Side: Hijo De Remil: no se que lo hice
20:35:59 : Side: LarzuK: jaja hace poco jugas al epoch ?ew
20:36:20 : Side: Hijo De Remil: al epoch hace bocha, pero en este server que es bastante customizado reciem empiezo
20:36:32 : Side: LarzuK: ah de una
20:36:43 : Side: LarzuK: el librito te lo da cuando spawneas
20:36:54 : Side: LarzuK: y creo que en el trader que te vende las cosas agricolas tambien te lo da
20:37:02 : Side: Hijo De Remil: se, lo debo haber djado cuando lotea algo
20:37:11 : Side: LarzuK: igual estoy viendo de hacer algunos manuales para colgarlos en la pagina
20:37:15 : Side: LarzuK: los de las recetas
20:37:30 : Side: Hijo De Remil: sos el admin?
20:37:36 : Side: LarzuK: nope
20:37:59 : Side: Hijo De Remil: un entusiasta, bien
20:38:00 : Side: LarzuK: pero le estoy ayudando a armar unas recetas con el sistema de crafteo que puso
20:38:29 : Side: Hijo De Remil: esta muy copado el server
20:38:30 : Side: LarzuK: para el tema de la construccion de la base van a venir banda de recetas
20:38:56 : Side: LarzuK: por ahora se pusieron las de las escaleras , algunas torres de fierros, algunas luces
20:39:03 : Side: LarzuK: el foco de busqueda
20:39:04 : Side: Hijo De Remil: lo unico malo que le veo yo, pero es mi caso no se porque
20:39:21 : Side: Hijo De Remil: veo todo como suifuera cuadro por cuadro
20:39:26 : Side: Hijo De Remil: no se porque....
20:39:33 : Side: LarzuK: como cuadro por cuadro ?
20:39:36 : Side: LarzuK: todo lagueado ? 
20:39:48 : Side: Hijo De Remil: ya le baje la calidad grafica al misnimo, me va a 90 fps pero se me ve cortado igual
20:39:56 : Side: Hijo De Remil: claro
20:40:02 : Side: LarzuK: le podes cambiar el rando de vision
20:40:15 : Side: LarzuK: con la ruedita y setview
20:40:29 : Side: Hijo De Remil: lo puse al minimo
20:41:08 : Side: Hijo De Remil: cual sreria ese?
20:42:48 : Side: Hijo De Remil: la tengo en 100
