00:25:24 : Side: jMM: que onda perras
00:25:56 : Side: Ivan: buenas! que cambios se hicieron?
00:26:21 : Side: jMM: ni idea recien llego yo
00:26:39 : Side: Ivan: yo tambien estoy haciendo tiempo para ver los x-files en Foz
00:26:46 : Side: Ivan: FOX
00:28:10 : Side: Ivan: MORTAL Gracias
00:54:00 : Side: jMM: hola marti mi amor
00:54:28 : Side: Marti: jajajaja
00:54:48 : Side: Ivan: QUIEn esta en la base?
00:55:32 : Side: jMM: yo estoy construyendo con hawk en mi base
00:55:50 : Side: Ivan: me refiero a la mia jaja lo veo pero no me dice el nombre
00:56:01 : Side: jMM: disparale
00:56:13 : Side: Ivan: dejo estacionada una camioneta
00:56:20 : Side: jMM: robale
00:56:23 : Side: Ivan: con las luces encendidas
00:56:43 : Side: Hawk: a veces se prenden sola capaz ya estaba ahi la camioneta
01:00:38 : Side: jMM: te fijaste ya?
01:00:44 : Side: jMM: fijate si esta lockeada
01:01:06 : Side: Ivan: me sueno a trampa xd
01:01:14 : Side: Ivan: ahora lo estoy redeando
01:01:42 : Side: jMM: ponete nightvision y matalo
01:01:51 : Side: Ivan: no lo veo lo perdi
01:01:52 : Side: jMM: o rompele la camioneta
01:07:23 : Side: Hawk: Es un forro este JMM
01:07:26 : Side: Hawk: era el no mas
01:07:33 : Side: jMM: JAJAJAJAJA
01:07:50 : Side: Ivan: ya lo sabia igual no tenia nada xD 
01:07:57 : Side: jMM: te lo dejo ahi al cuerpo
01:08:01 : Side: jMM: era por la diversion jajajw
01:08:16 : Side: Ivan: Sabia que estabas por ahi no te encontraba jaja
01:08:25 : Side: Ivan: Por dnd andabas
01:08:34 : Side: jMM: atras de un pino
01:08:37 : Side: jMM: a tu izquierda
01:08:46 : Side: Ivan: ERAS VOS JAJA Y NO TE TIRE LPM
01:10:20 : Side: jMM: tenes que tirar nomas jajaja
01:10:22 : Side: jMM: alta trampa te pusew
01:10:46 : Side: Ivan: Si Y LO peor que lo sabia jaja
01:11:05 : Side: jMM: nadie se resiste a una camioneta con las luces prendidasw
01:11:14 : Side: jMM: esta ahi tu cuerpo igualw
01:11:27 : Side: Ivan: Yo te buscaba  a vos no a la camioneta
01:11:54 : Side: jMM: justito te vi que te apareciste y te pegue 1 bala
01:16:46 : Side: jMM: encima te tire con stanag, no se xq duraste 1 bala xd
01:20:57 : Side: Ivan: necesito una dmr jajaja no puedo bajar ni las moscas vos jmm tenes algo?
01:21:10 : Side: jMM: tengo una mk16 nomas
01:21:19 : Side: Ivan: quiero hacer la mission esa que esta al lado de la base
01:21:40 : Side: jMM: tengo una mk16 con mk4CQ/T
01:22:13 : Side: Ivan: se
01:23:55 : Side: jMM: me dijeron que te enojaste loco
01:24:12 : Side: Ivan: yo ? no jaja estoy pidiendo un dmr para hacer la mision
01:24:36 : Side: jMM: los vagos no tienen ?
01:39:20 : Side: jMM: en un rato vuelvo a atacarlos
01:39:34 : Side: Hawk: Faltas vos no mas, puta
01:39:35 : Side: jMM: aunque ahora son 3 contra 1 hmmm
01:39:36 : Side: Ivan: no espera que estoy haciendo la mision despues mañana si queres
01:39:45 : Side: jMM: ahora cuando la terminan
01:39:48 : Side: jMM: estoy crafteando todavia
01:40:06 : Side: Ivan: caza a otros xD 
01:40:19 : Side: jMM: marti donde estas ?
01:40:58 : Side: Marti: por ahi
01:41:06 : Side: jMM: donde maso? asi voy a matarte.
01:41:46 : Side: Marti: estoy al lado de una casa
01:43:19 : Side: Hawk: no te procupes que ya esta tratando
01:43:37 : Side: jMM: los puedo atacar ahora? 
01:43:42 : Side: jMM: estaba haciendo focos para mi casa
01:43:44 : Side: Ivan: espera 
01:43:57 : Side: Ivan: dejanos jugar a la mision toda la noche esperando jaja dejame disfrutar un toque
01:47:56 : Side: jMM: jajajajajajaja soy bandido
01:47:58 : Side: jMM: re malote
01:49:29 : Side: jMM: le pago 3 maletines al que se aguanta atacarme
01:53:56 : Side: jMM: mandense
01:57:26 : Side: Marti: estoy en el grupo de face :)
01:57:38 : Side: jMM: WE pasame tu face, tu whatsapp
01:57:42 : Side: jMM: cual es tu direccion ?
01:57:53 : Side: NIKOLAY96: ALGUIEN SAVE POR Q MIERDA NO ME PUEDO CAMBIAR LA ROPA?
01:58:04 : Side: jMM: que skin tenes ?
01:58:53 : Side: Nachen: buenas
01:58:55 : Side: Zedsdead96: wtf por eso lo baneaba_
01:59:03 : Side: Nachen: alto dictador este chuky
01:59:03 : Side: Zedsdead96: lol dat
01:59:04 : Side: Hawk: fue un kick
01:59:06 : Side: Hawk: no un ban
01:59:11 : Side: jMM: no lo baneo jajaja
01:59:20 : Side: NIKOLAY96: uh bue loq faltaba...
01:59:31 : Side: Zedsdead96: dejalo ser al pibe
01:59:44 : Side: NIKOLAY96: el nene de 15 años que maneja el server (va con honda)
01:59:54 : Side: jMM: lo kickeo por las mayus
02:00:25 : Side: NIKOLAY96: tengo el skin del piloto naranja fluor
02:00:29 : Side: NIKOLAY96: brillo en la oscuridad
02:00:32 : Side: NIKOLAY96: y no me lo puedo cambiar
02:00:38 : Side: NIKOLAY96: alguien save por q?
02:00:44 : Side: jMM: si es de los ultimos skins
02:00:50 : Side: jMM: es xq son editados y no te deja
02:00:59 : Side: NIKOLAY96: que clase me tengo q elejir?
02:01:05 : Side: NIKOLAY96: para poder cambiarlo?
02:01:16 : Side: jMM: las de arriba
02:01:23 : Side: jMM: las que no tienen casco de aviador
02:02:19 : Side: Hawk: q concha fue eso nachen
02:02:30 : Side: Nachen: jaja ustedes me querian matar
02:02:42 : Side: Hawk: yo no! soy heroe gil, me costaste 2k de humanidad
02:02:55 : Side: Nachen: ahh no eras vos entonces
02:02:57 : Side: Nachen: pero jmm si
02:03:01 : Side: jMM: cual
02:03:09 : Side: Nachen: xeroz
02:07:02 : Side: 1Xeroz1: juan todo bien?
02:07:56 : Side: 1Xeroz1: me alegro.... fresquita noche 
02:08:06 : Side: Nachen: linda linda
02:08:14 : Side: 1Xeroz1: y con cazadores como hawk y jmm se pone caliente la cosa xD
02:08:24 : Side: jMM: ahora vamos
02:09:07 : Side: 1Xeroz1: si porfavor
02:09:14 : Side: 1Xeroz1: pero que sean 2 esta vez jajaja
02:22:10 : Side: Ivan: che jmm puede ser depsues del reset el pvp?
02:22:23 : Side: jMM: tarde jajaja
02:41:43 : Side: 1Xeroz1: jajaja es imposible jugar de noche sin armas nocturns
02:41:59 : Side: 1Xeroz1: te vi hace rato hawk y de aca que se aclaraba
02:42:04 : Side: 1Xeroz1: la mira mori xD
02:44:16 : Side: Hawk: yo no tengo arma de nv no se que decis
02:44:36 : Side: Zedsdead96: picaron
02:44:43 : Side: 1Xeroz1: yo tenia la nv y de aca que se aclara la vision del player tarda una eternidad
02:44:59 : Side: Hawk: claro pasa queestabas usando sniper, mala idea de noche
02:52:19 : Side: 1Xeroz1: hawk te looteaste mi cuerpo?
02:52:45 : Side: Hawk: sip
02:52:51 : Side: 1Xeroz1: ahhh lesto
02:53:14 : Side: Hawk: otra vez nachen campeando la base
02:53:20 : Side: Hawk: no aprendes mas
02:53:22 : Side: 1Xeroz1: bueno fue un gusto loco
02:53:25 : Side: 1Xeroz1: nos vemos
02:53:30 : Side: Hawk: chau xeroz
12:48:08 : Side: Ocampo: q paso aca
12:48:16 : Side: Dexter: adonde?
12:48:48 : Side: Ocampo: en el sv
12:48:53 : Side: Dexter: nada por?
12:48:56 : Side: Ocampo: lo volvieron atras?
12:49:11 : Side: Dexter: no porq
12:49:11 : Side: Ocampo: ni si quiera me marca donde estoy
12:49:19 : Side: Dexter: a ver
12:49:20 : Side: Ocampo: ayer se cagaba el sv
12:49:23 : Side: Dexter: haceme grupo
12:49:30 : Side: Dexter: y te digo adonde estas
12:49:41 : Side: Ocampo: y estaba volando un heli y bueno
12:49:50 : Side: Ocampo: nose q paso despues pq no lo encontre mas al sv
12:49:54 : Side: Ocampo: ahi te mando
12:50:26 : Side: Dexter: estas en bor
12:51:17 : Side: Ocampo: uh q hago aca
12:51:21 : Side: Dexter: jajaja
12:51:24 : Side: Dexter: andate a zeleno
12:51:41 : Side: Ocampo: ayer andaba tan mal el sv boludo
12:51:44 : Side: Ocampo: deja
12:52:11 : Side: Dexter: si ajjaa
12:52:12 : Side: Ocampo: habia encontrado un heli tirado
12:52:16 : Side: Ocampo: se ve q no sobrevivio
12:52:33 : Side: Dexter: jugas solo?
12:52:40 : Side: Ocampo: si a este sv si
12:52:45 : Side: Ocampo: lo uso para boludear
12:52:52 : Side: Dexter: peola 
12:52:55 : Side: Dexter: armamos base?
12:52:56 : Side: Ocampo: estoy en otro donde tengo de todo jajaj hasta tanques
12:53:01 : Side: Ocampo: si dale te ayudo
12:53:06 : Side: Ocampo: si queres hacer misiones tambien
12:53:12 : Side: Dexter: dale bola
12:53:21 : Side: Dexter: ahora estoy  buscando algo para hacerla
12:53:25 : Side: Ocampo: me habia comprado un vodnik
12:53:27 : Side: Dexter: algun lugar tranq
12:53:33 : Side: Ocampo: anda a saber si sobrevivio tambien
12:53:59 : Side: Dexter: consigo un heli ye te paso a buscar
12:54:12 : Side: Ocampo: oka
12:55:00 : Side: Dexter: no tenes idea adonde esta la carcel?
12:55:05 : Side: Ocampo: no ni ahi sobrevivio
12:55:34 : Side: Ocampo: en el otro sv esta cerca de ´pulkovo
13:32:50 : Side: Dexter: LALOOOOOOOOOOOOOOOOOOO
13:33:09 : Side: vodka: queeee?
13:33:23 : Side: Dexter: EL CINTAZO
13:33:29 : Side: Dexter: HACE TIEMPO
13:33:42 : Side: Dexter: soy sasu
13:34:19 : Side: vodka: sasuke ? nooo , como estas ?tantoo tiempo 
13:34:35 : Side: Dexter: ahora me conecto ya vuelvo
13:34:36 : Side: Dexter: jajaja
13:34:41 : Side: vodka: dale
14:36:09 : Side: Dexter: hanw tengo algo para vos 
14:36:14 : Side: Dexter: hawk
14:36:16 : Side: Hawk: mmmmm
14:36:22 : Side: Hawk: grandota y negra?
14:36:24 : Side: Dexter: ESTA !!!! 
14:36:25 : Side: Dexter: JAJAJAJAJAA
14:36:44 : Side: Dexter: che adonde andan no se pongan la gorra
14:37:13 : Side: Dexter: ortivas
14:37:31 : Side: Hawk: recien entro loco
14:37:35 : Side: Hawk: queres hacer algun mision
14:37:43 : Side: Dexter: dale adonde nos vemos?
14:37:58 : Side: Hawk: cuando spawnen las misiones vemos
14:39:23 : Side: Dexter: me re pinta el punga
14:39:32 : Side: Dexter: le damo?
14:40:30 : Side: Hawk: bandit patrol?
14:40:45 : Side: Dexter: no ya esta no puedo jugar mas hasta mañana
14:40:50 : Side: Dexter: internet pija
14:41:00 : Side: Hawk: anda
14:41:04 : Side: Dexter: enserio paja
14:41:08 : Side: Dexter: solo anda de mañana el ping
14:41:37 : Side: Hawk: faa 250 tenes
14:41:44 : Side: Hawk: creo q a 350 te kickea
14:41:54 : Side: Dexter: una pija AIROS
14:42:07 : Side: Dexter: fibra optica de mierda
14:42:13 : Side: Black96_ARG: donde vivis
14:42:15 : Side: Dexter: con 200 y pico te saca
14:42:25 : Side: Dexter: con 350 soy yo :P
14:42:28 : Side: Dexter: arg
14:42:33 : Side: Black96_ARG: seee pero donde
14:42:38 : Side: Dexter: necochea
14:42:39 : Side: Hawk: yo soy ur y tengo 63
14:42:41 : Side: Black96_ARG: uhh
14:43:12 : Side: Dexter: te juro me hacen re calentar
14:43:16 : Side: Black96_ARG: no te deberia andar tan mal por la distanciad
14:43:37 : Side: Hawk: no te deberia andar mal ni enpedo, gente de EEUU tiene 200 de ping
14:43:50 : Side: Hawk: no tenes otra pc o un cel conectado que te este comiendo el banda de ancha?
14:43:54 : Side: Hawk: o el wifi abierto
14:44:16 : Side: Black96_ARG: quien va en la suv
14:44:22 : Side: Hawk: yo no
14:44:24 : Side: Dexter: no no tengo nada abierto
14:44:33 : Side: Dexter: y en wifi no hay nadie
14:44:33 : Side: Hawk: ojo que puede ser la patrulla
14:44:35 : Side: Black96_ARG: paso una armored suv por adelante mio
14:44:36 : Side: Black96_ARG: jaja
14:44:43 : Side: Hawk: Debe ser la patrulla
14:44:45 : Side: Hawk: de AI
14:45:08 : Side: Dexter: wtf!
14:45:43 : Side: Hawk: se, reinicia a las 14, 17, 20, 23, 02, 05, 08, 11.
14:45:47 : Side: Hawk: cada 3 horas
14:45:53 : Side: Hawk: Reloj
14:46:04 : Side: Dexter: pero si recien lo prendieron (?
14:46:10 : Side: Hawk: claro pero porque estaba caido el vps
14:46:31 : Side: Black96_ARG: se cae todo el dia jaja
14:46:33 : Side: Hawk: o eso dijo el admin
14:46:35 : Side: Black96_ARG: ayer andaba para el ogt
14:46:37 : Side: Dexter: se la vive off
14:46:53 : Side: Hawk: se de arranque caia una vez al dia, pero ultimamente cae como 20, no se que onda.
14:47:00 : Side: Dexter: se cayo
14:47:02 : Side: Dexter: de nuevo
14:47:08 : Side: Hawk: nop
14:47:13 : Side: Dexter: parecia
14:47:29 : Side: Hawk: se que los admins tienen pensado arquilar un server mejor pero son como 20k al año
14:47:35 : Side: Black96_ARG: pff
14:47:48 : Side: Black96_ARG: q dolor
14:47:59 : Side: Hawk: see con como 2000 mango por mes
14:48:08 : Side: Hawk: igual eso evitaria las caidas y demas
14:48:15 : Side: Hawk: estaria bueno, yo dije que donaba algo
14:48:25 : Side: Dexter: naa son todos una pija los host de ar
14:48:52 : Side: Dexter: no hay uno que brinde lo que dice
14:48:53 : Side: Hawk: si por eso ellos buscaron uno bueno, porque igual conseguis por 300 al mes, pero son una pija
14:49:18 : Side: Dexter: yo pague un dedicado a 3000 por mes y se la vivia off
14:49:22 : Side: Dexter: me re apague
14:49:48 : Side: Hawk: aca en uy hay un par de empresas, pero son caribe
14:50:21 : Side: Hawk: las conexiones son buenas aca, aca en mi casa cae una vez sola al dia la conexion para cambiar IP y mas nada
14:50:29 : Side: Hawk: tengo 10 mb
14:50:32 : Side: Black96_ARG: depende de donde
14:50:40 : Side: Black96_ARG: yo tengo 20 de bajada y 7 de subida
14:50:44 : Side: Black96_ARG: pero la mayoria de la gente tiene problemas
14:50:51 : Side: Hawk: yo soy de uruguay, por eso dije de aca
14:50:59 : Side: Black96_ARG: ahh jaja
14:51:10 : Side: Black96_ARG: na aca la mayoria te cagan
14:51:22 : Side: Black96_ARG: me bajan la velocidad a 3mb cada 2x3 y tengo q llamar
14:51:51 : Side: Hawk: aca yo no, tengo fija esa velocidad y a la mieda, igual rinde cerca del 10 %, o sea si descargo algo baja a 1 mb
14:51:56 : Side: Hawk: /s
14:52:08 : Side: Black96_ARG: raro
14:52:29 : Side: Hawk: nunca te va a rendir lo que contratas
14:52:48 : Side: Hawk: para que te rinda lo que contratas tienen que tener un datacenter en cada ciudad
14:53:07 : Side: Dexter: jajaja
14:53:09 : Side: Hawk: igual estan instalando fibra y mi plan se va a 120 mb
14:53:09 : Side: Dexter: maso o menos
14:53:14 : Side: Dexter: eso o nada
14:53:45 : Side: Dexter: !upt
14:53:48 : Side: Hawk: claro igual al ser ilimitado no precisas mas
14:53:51 : Side: Dexter: ya no es como antes :C
14:53:59 : Side: Black96_ARG: 120 mb si o si? ._.
14:54:05 : Side: Hawk: esos comandos los tienen que habilitar los admins sino no anda. 
14:54:13 : Side: Dexter: ahh ajaja xD
14:54:14 : Side: Hawk: naa hay planes mas bajos, de 30 mb para arriba
14:54:25 : Side: Hawk: pero menos de 30 mb por fibra no hay
14:54:31 : Side: Dexter: yo tengo 1 y a veces 512 :/
14:54:38 : Side: Dexter: tengo 250 de subida jajaja
14:54:41 : Side: Black96_ARG: msa de 20 es al pedo, salvo q lo uses para algo en especial
14:54:45 : Side: Dexter: una verga los proovedores de aca
14:55:01 : Side: Hawk: claro pero acordate que un plan de 120 mb al 10 % bajas a 12 mb por segundo no mas
14:55:19 : Side: Black96_ARG: pero no se porq eso del 10%
14:55:24 : Side: Hawk: eso si, se clava en 12 mb y no baja
14:55:37 : Side: Black96_ARG: aca pagas y te funciona siempre a esa velocidad, salvo cuando se hacen los vivos y te lo bajan
14:55:39 : Side: Black96_ARG: pero es raro
14:56:02 : Side: Hawk: pero vos cuando bajas archivos se clava en mb/s?
14:56:06 : Side: Hawk: 20
14:56:17 : Side: Black96_ARG: 2.4 mb/s
14:56:19 : Side: Black96_ARG: aprox
14:56:25 : Side: Hawk: claro, el 10 % mas o menos
14:56:34 : Side: Hawk: o sea la velocidad real de descarga siemrpe ronda eso
14:56:46 : Side: Black96_ARG: ahh si ya te tentendi
14:56:52 : Side: Black96_ARG: si eso siempre es asi
14:56:53 : Side: Hawk: salgo hasta el restart
15:22:08 : Side: Hawk: black vos jugas solo?
15:22:22 : Side: Black96_ARG: sep
15:22:43 : Side: Hawk: ah pense que estabas con ivan y ese grupo
15:22:48 : Side: Black96_ARG: no se ni quien es
15:22:49 : Side: Black96_ARG: jaja
15:23:03 : Side: Hawk: anoche los matamos y amenazaron de no volver al server, terrible llorones
15:23:22 : Side: kecho: Hola Hawk
15:23:23 : Side: Black96_ARG: jajajaja
15:23:45 : Side: Hawk: kechoooo
15:24:04 : Side: kecho: En algun momento dormis? jejejeje
15:24:22 : Side: Hawk: A veces, anoche me acoste a las 4, tenia medico en otra ciudad hoy, asi que me levante a las 8
15:24:33 : Side: Hawk: entras ts? me conecto
15:24:43 : Side: kecho: Ya estoy ahi
15:24:57 : Side: Hawk: dale ahi entro, relogeo asi enchufo los auris
16:00:21 : Side: JhonnyWalker: naa no juego mas ahora van a ver con mi mama, un quilombo barbaro voy a armar, les voy a decir a los q les alquilan el host que no le den mas nada
16:00:36 : Side: TheWoo: que paso?
16:00:43 : Side: Hawk: sos una llorona
16:00:49 : Side: JhonnyWalker: buaaaaaaaaaaa
16:01:02 : Side: JhonnyWalker: vos vas a ver con mami cuando llegue
16:01:09 : Side: Hawk: nada thewoo, ayer un par de players se enojaron porque los matamos y les robamos un par de cosas
16:01:19 : Side: Hawk: Jhonny los esta interpretando muy bien
16:10:22 : Side: Hawk: nachen forro venite de nuevo mas plata para mi
16:10:43 : Side: Nachen: jaja a vos nunca te quise matar
16:10:48 : Side: Nachen: solo a jmm
16:11:05 : Side: Hawk: ta pero atacabas nuestra base, yo tenia que defenderla, y si por mi cagalo a tiros, pero no en la base
16:11:12 : Side: Hawk: es lo mas bandido que hay el forro
16:11:20 : Side: Nachen: si esta perfecto olvidate
16:47:01 : Side: Hawk: toda la mañana crafteando pisos, aguante epoch locaaa
16:47:21 : Side: galle: y si buscas un laburo vieja?
16:47:37 : Side: Nachen: opaaa
16:47:46 : Side: Hawk: tengo uno, y probablemente gano mas que vos y tu padres juntos, asi que stfu.
16:47:56 : Side: galle: para billgate
16:47:56 : Side: Nachen: oooopaaa
16:48:12 : Side: galle: ta caliente el punto eh?
16:48:17 : Side: galle: cuanto cobras?
16:48:27 : Side: Hawk: solo digo, ser encargado de una provincia tiene sus ventajas
16:48:39 : Side: Nachen: macrui¡
16:48:45 : Side: Nachen: macri sos vos?
16:48:45 : Side: galle: jajajajaaj
16:48:45 : Side: Hawk: soy uruguayo gil
16:49:03 : Side: galle: una provincia?
16:49:08 : Side: galle: jah, diras un pais
16:49:21 : Side: Hawk: aca se les dice departamentos, pero para que vos entiendas
16:49:33 : Side: galle: por lo chiquito
16:50:13 : Side: Hawk: no exactamente
17:00:35 : Side: Hawk: dejen de morir vo, donde andan? en la mision?
17:02:55 : Side: Hawk: uhh si escucho los tiros
17:03:09 : Side: Hawk: precisan ayuda?
17:06:21 : Side: Hawk: lol no pudieron con la mision y se desconectaron
17:06:24 : Side: Hawk: mas para mi
17:06:33 : Side: Nachen: cuak ajajaj
17:06:38 : Side: Nachen: tamos solos
17:06:43 : Side: Nachen: queres que te vaya a ayudar?
17:07:01 : Side: Hawk: estoy ne la de bandido si queres venir
17:07:15 : Side: Nachen: si me prometes amor
17:07:19 : Side: Nachen: y no plomo
17:07:25 : Side: Hawk: todavia no mataron un puto bot los giles estos
17:07:34 : Side: Hawk: soy heroe, si no sos bandido no te mato >P
17:07:43 : Side: Nachen: estoy en camino a heroe
17:07:51 : Side: Hawk: bien entonces veni tranqui
17:07:56 : Side: Nachen: voy
17:08:00 : Side: Hawk: ayer me costaste 2k de humanidad hdp
17:08:38 : Side: Nachen: mi mision era matar a jmm
17:08:44 : Side: Hawk: uhh boludo me re rushean
17:08:47 : Side: Nachen: nda mas
17:09:04 : Side: Nachen: si se te re adelantan los gatos
17:09:04 : Side: Hawk: fuck una m2
17:09:15 : Side: Hawk: me quebro las patas ptm
17:09:24 : Side: Nachen: cagaste
17:09:28 : Side: Nachen: aguantala
17:09:38 : Side: Hawk: tengo sangre
17:09:43 : Side: Hawk: estoy bien, me estan re resuheando
17:10:15 : Side: Nachen: llevo sangre y eso
17:10:24 : Side: Hawk: ahi me di morfina y sangre ya estoy bien
17:10:31 : Side: Nachen: ah oka
17:10:33 : Side: Hawk: no veo la otra m2
17:10:35 : Side: Hawk: baje una
17:11:19 : Side: Nachen: estoy saliendo
17:11:34 : Side: Hawk: s ivenis en heli baja a 2 km porque te re tira la m2
17:11:46 : Side: Nachen: ah oka
17:12:06 : Side: Hawk: ah mi me hizo bosta los otros dias y estaba a 2 km de la mision
17:12:08 : Side: Nachen: ta heavy entonces
17:14:14 : Side: Hawk: tengo 29 bandidos muertos no se cuantos de ahora
17:14:17 : Side: Hawk: pero voy como 15
17:14:24 : Side: Nachen: opa
17:14:31 : Side: Nachen: estoy cerca
17:22:18 : Side: Hawk: bue se me queda con blackscreen, voy a aplciar el fix
17:22:20 : Side: Hawk: tpm
17:22:22 : Side: Hawk: ptm
17:22:30 : Side: Nachen: paaaja
17:22:37 : Side: Hawk: quedaban nada de bots
17:22:40 : Side: Hawk: trata de terminarla
17:41:03 : Side: ChukyN: nachen
17:41:42 : Side: ChukyN: nachen
18:25:52 : Side: Hawk: hola
18:26:03 : Side: Black96_ARG: hola
18:26:08 : Side: Hawk: como va eso
18:26:14 : Side: Black96_ARG: tranqui
18:26:16 : Side: Black96_ARG: vos?
18:26:24 : Side: Hawk: igual, sigo crafteando mierda
18:26:36 : Side: Black96_ARG: haciendo base? u.u
18:26:50 : Side: Hawk: see, hacer los metal floors es un trabajo boludo
18:27:05 : Side: Black96_ARG: no podes hacer todo de madera?
18:27:22 : Side: Hawk: si, pero mira que no hay godmode aca
18:27:32 : Side: Black96_ARG: see ya se
18:27:32 : Side: Hawk: en las bases
18:27:38 : Side: Black96_ARG: pero metela en algun lugar q nadie vaya
18:27:42 : Side: Black96_ARG: y fue
18:27:56 : Side: Hawk: si esa es buena, hasta que la encuentra es buena
18:28:16 : Side: Black96_ARG: como haces los metal floor? con mineral?
18:28:17 : Side: Hawk: despues te llevan una sierra y a la mierda pared
18:28:33 : Side: Hawk: noo, con metal pole x 4 y tank trap x 4
18:28:42 : Side: Hawk: y para hacerl os mteal pole precisas 2 metal scrap
18:28:55 : Side: Black96_ARG: q embole
18:29:10 : Side: Hawk: mal, pero ta, mientras no hay gente aprovecho
18:29:15 : Side: Black96_ARG: nunca fui de hacer mucha base
18:29:25 : Side: Black96_ARG: prefiero esconder una safe por ahi y fue
18:29:49 : Side: Hawk: si el tema es los vehiculos, aca al no haber godmode cuando estan bloqueados tenes que tener un lugar donde guardarlos
18:30:18 : Side: Black96_ARG: sep, pero por ahora soy pobre y ando en atv
18:30:21 : Side: Black96_ARG: jajajaja
18:30:31 : Side: Hawk: jajaja vos estabas cuando estaba el modo fugitivo
18:30:32 : Side: Black96_ARG: che no me deja poner el ghillie suit
18:30:37 : Side: Black96_ARG: si
18:30:42 : Side: Black96_ARG: insoportable jaja
18:30:51 : Side: Hawk: nosotros nos lleamos de maletines con eso, y asi hicimos la mayoria de la base
18:31:04 : Side: Hawk: si tenes customs skin no te deja cambiarla
18:31:08 : Side: Hawk: tenes que usar la basica no mas
18:31:15 : Side: Black96_ARG: q cagada
18:31:22 : Side: Black96_ARG: no me gusta eso del fugitivo
18:31:31 : Side: Black96_ARG: estas en tu base y apareces en el mapa ._.
18:31:34 : Side: Hawk: estaba bueno
18:31:51 : Side: Hawk: la cagada que la mayoria no sabia que si vos ibas a un trader te cancelaba como fugitivo si no querias hacerla
18:32:15 : Side: Black96_ARG: y si pero da paja ir hasta el trader
18:32:41 : Side: Black96_ARG: tengo q suicidarme para cambiar este skin lpm
18:32:46 : Side: Hawk: igual esta lleno de llorones, esto, lo matas y le escondes el cuerpo y es santo pecado, se van ofendidos y no vuelven por una semana
18:33:03 : Side: Black96_ARG: jaajaj
18:33:21 : Side: Black96_ARG: es q para el q no esta acostumbrado es una hinchada de bolas q te maten
18:33:42 : Side: Black96_ARG: mas si no tenes una safe o algo para asegurar cosas
18:33:47 : Side: Hawk: se nota que no jugaron el dayz cuando recien salio
18:33:59 : Side: Hawk: ahi tenias miedo de morir, pesadillas tenias
18:34:00 : Side: Black96_ARG: bueno a mi el dayz nunca me gusto
18:34:18 : Side: Hawk: porque ahi cagabas, no tenias indicador de donde quedaba el cuerpo, no tenias safe, no habia como bloquear los vehiculos
18:34:22 : Side: Hawk: ahi estaba bueno
18:34:36 : Side: Hawk: no habia custom spawns
18:34:50 : Side: Black96_ARG: see pero las bases y la guita le dan gracia
18:34:54 : Side: Hawk: si morias en le norte olvidate de recuperar algo
18:35:13 : Side: Black96_ARG: ademas era un simulador de correr
18:35:31 : Side: Hawk: y bueno, es un simulador despues de todo
18:35:37 : Side: Hawk: ademas re cuidabas los vehiculos ahi
18:35:49 : Side: Black96_ARG: jaajj pero estar corriendo 3 horas seguidas.. neee
18:36:05 : Side: Hawk: naa te cruzabas el mapa de punta a punta en 40 min, si lo habre hecho
18:36:34 : Side: Hawk: Juandayz uno de los admins tenia un server en la casa, de dayz clasico, hace anios, lo re vicie a ese
18:36:41 : Side: Black96_ARG: no tenes el standalone?
18:37:04 : Side: Hawk: see pero me anda como el orto, este me corre a 70 fps, el standalone a 20
18:37:39 : Side: Black96_ARG: en un momento me lo queria comprar
18:37:47 : Side: Black96_ARG: despues me di cuenta de q era una cagada bugueada y mal optimizada
18:38:10 : Side: Black96_ARG: a mi este online me anda a 30-40
18:38:10 : Side: Hawk: yo lo tengo, y algun dia va a quedar bueno
18:38:13 : Side: Hawk: pero no ahora
18:38:17 : Side: Black96_ARG: asi que olvidate
18:38:38 : Side: Hawk: ahora es un openworld pvp
18:39:07 : Side: Black96_ARG: yo para pvp prefiero un wasteland
18:39:11 : Side: Black96_ARG: o warfare
18:39:21 : Side: Hawk: see yo aca no mato si no son bandidos, o me tiran primero, o a un amigo
18:39:44 : Side: Black96_ARG: yo prefiero evitar a la gente jajaa
18:40:26 : Side: Hawk: yo a veces voy y miro como hacne las misiones, esocndidito, y donde matan a alguien los bajo
18:40:33 : Side: Hawk: sino los dejo tranqui
18:40:50 : Side: Black96_ARG: nunca fui a una mision en este servidor todavia
18:41:07 : Side: Black96_ARG: me estoy dedicando a conseguir una safe
18:41:25 : Side: Hawk: hacete una mision, sacas bien 100k de vender las armas no mas, queres que te ayude a hacer una?
18:41:28 : Side: Black96_ARG: pasa q los bots estan re chiteados y tenes q tener dmr o algo asi
18:41:55 : Side: Black96_ARG: wtf un osprey
18:42:07 : Side: Hawk: donde?
18:42:13 : Side: Black96_ARG: bancame q quiero ver si esta cerrado JAJ
18:42:28 : Side: Hawk: yo vi uno en la base de unos pibes los otros dias
18:42:39 : Side: Black96_ARG: uhh si es una base
18:42:42 : Side: Black96_ARG: hay autos
18:42:50 : Side: Hawk: see esos fueron los que se enojaron cuando los matamos
18:42:51 : Side: Black96_ARG: cerca del dique
18:42:52 : Side: Hawk: ayer
18:43:02 : Side: Black96_ARG: esta lockeado
18:43:13 : Side: Hawk: lo peor de todo que ellos tiraron primero
18:43:18 : Side: Black96_ARG: jaajaj
18:43:46 : Side: Black96_ARG: ahora voy a ver si puedo chorear algo
18:44:23 : Side: Hawk: ayer estaba todo cerrado, todavia que fuimos buenos y no les cagamos a tiros los vehiculos
18:44:50 : Side: Black96_ARG: una suv verde y una pickup
18:44:54 : Side: Hawk: se
18:44:58 : Side: Hawk: igual que ayer
18:45:12 : Side: Black96_ARG: esta re lag
18:45:14 : Side: Hawk: creo que es de ivan, xerox, beto y no se quien mas
18:45:24 : Side: Black96_ARG: una carpa con cosas
18:47:01 : Side: Hawk: se ayer estaba, le afane un par de armas 
18:47:39 : Side: Black96_ARG: sabelo le choree como 6
18:47:40 : Side: Black96_ARG: jaja
18:47:55 : Side: Hawk: tienen como 4 safes adentro fijate si no dejaron nada abierto
18:48:28 : Side: Black96_ARG: sep 4
18:48:58 : Side: Black96_ARG: 18 sandbags jaja
18:49:01 : Side: Black96_ARG: a casa
18:49:08 : Side: Hawk: uhhh hdp
18:51:37 : Side: Black96_ARG: no es un buen lugar para base
18:51:39 : Side: Black96_ARG: muy visible
18:51:46 : Side: Hawk: si nosotros la encontramos enseguida
18:51:50 : Side: Hawk: pero no se si vuelve
18:51:53 : Side: Hawk: se fueron ofendidos ayer
18:51:56 : Side: Black96_ARG: en un heli no te dura un pedo
18:52:11 : Side: Black96_ARG: si vuelven se van a ofender masw jajaja
18:53:19 : Side: Black96_ARG: cada vez q entro al server se me resetea la humanidad
18:53:25 : Side: Black96_ARG: no se como se supone q llegas a ser hero
18:53:36 : Side: Hawk: se resetea_
18:53:40 : Side: Hawk: a mi no
18:53:47 : Side: Black96_ARG: se
18:53:53 : Side: Black96_ARG: no se si con el reset
18:53:57 : Side: Black96_ARG: o cuando me desconecto
18:54:17 : Side: Hawk: se que si salis sin respawnear o sea si moris, no respawneas y volves depsues de un reset, no te toma esa humanidad que ganaste en esa vida
18:54:37 : Side: Black96_ARG: nunca mori todavia
18:54:45 : Side: Hawk: que raro entonces
18:55:17 : Side: Hawk: uhh vamo a esa mision amego
18:55:29 : Side: Black96_ARG: bancame q vendo
18:56:35 : Side: Hawk: yo estaba en stary re cerca, voy llendo a la mision
18:57:10 : Side: Black96_ARG: yo en klen
18:57:25 : Side: Hawk: dale te aguanto, voy explorando mientras cuantos son
18:58:18 : Side: Hawk: no se ve una concha con la lluvia
18:59:10 : Side: Hawk: uhh mision negraaa
18:59:11 : Side: Azrael1x: holaa
18:59:12 : Side: Hawk: vamoooooo
18:59:16 : Side: Hawk: azra
18:59:22 : Side: Hawk: vamo a la mision negra dale
18:59:24 : Side: Hawk: metete ts
18:59:48 : Side: Azrael1x: voy
19:00:07 : Side: Black96_ARG: demasiado caras las armas
19:00:11 : Side: Black96_ARG: no me da la guita jajaj
19:00:24 : Side: Hawk: lotea el airfiled si no queres comprar
19:02:35 : Side: Black96_ARG: hay bots en el NE?
19:02:45 : Side: Hawk: creo que no
19:10:47 : Side: Hawk: black venite a la mision negra
19:10:50 : Side: Hawk: son re saldas
19:10:54 : Side: Hawk: necesitamos ayuda
19:10:58 : Side: Black96_ARG: voy con la bizon jajaaj
19:24:10 : Side: Hawk: raja black
19:24:12 : Side: Hawk: cubrite
19:24:31 : Side: Black96_ARG: me viste?
19:24:35 : Side: Hawk: te escuche
19:24:38 : Side: Black96_ARG: jajaa
19:25:27 : Side: jackaroe: hola gente
19:25:48 : Side: Black96_ARG: hola
19:25:54 : Side: Azrael1x: holas
19:30:01 : Side: Dexter: se fue el chitero asqueroso?
19:30:09 : Side: [EPP]djeyvind: buenas
19:30:13 : Side: Dexter: hola
19:30:14 : Side: Hawk: cual che
19:30:20 : Side: Dexter: al que le salto gamehack
19:30:22 : Side: Azrael1x: hola
19:30:24 : Side: jackaroe: hola
19:30:52 : Side: Dexter: joya yo lo publique en el fb por si no habia admin aca
19:30:53 : Side: Black96_ARG: hawk vos tenias m110?
19:31:04 : Side: Hawk: si estoy atras tuyo
19:31:09 : Side: Hawk: no me robes gil
19:31:13 : Side: Black96_ARG: no toque nada papa
19:31:16 : Side: Black96_ARG: sino no preguntaria
19:31:17 : Side: Dexter: eh gato me debes una mision vos
19:31:21 : Side: Dexter: ortiva
19:31:40 : Side: jackaroe: alguien en la mision amarilla?
19:32:09 : Side: [EPP]djeyvind: por favor hagan que se pueda cambiar el fog x(
19:32:21 : Side: Dexter: el que?
19:32:36 : Side: [EPP]djeyvind: fog, vision general
19:32:49 : Side: [EPP]djeyvind: rango de vision
19:32:52 : Side: Dexter: ahh
19:32:58 : Side: Dexter: si estaria buena la idea
19:33:04 : Side: Dexter: publicala en facebook
19:33:08 : Side: Dexter: asi se campea de mas lejos xD
19:33:12 : Side: Hawk: toma
19:33:14 : Side: Hawk: black
19:33:20 : Side: jackaroe: se puede packear la bici_
19:33:22 : Side: Hawk: en mi mochila
19:33:44 : Side: Hawk: acepta el grupo con la radio
19:39:25 : Side: Azrael1x: acepta el grupo black
19:44:53 : Side: Hawk: black acepta la invitacion
19:44:57 : Side: Hawk: con la radio
19:45:12 : Side: Black96_ARG: ni idea de como se usa
19:45:33 : Side: Hawk: click derecho en la radio
19:45:36 : Side: Hawk: group management
19:46:14 : Side: Black96_ARG: ahi ta
20:05:58 : Side: jackaroe: no se puede comprar ksvk?
20:06:46 : Side: jackaroe: lol
20:16:43 : Side: Hawk: ahi rompi el grupo black, pero todo bien
20:16:56 : Side: Black96_ARG: ok
20:17:08 : Side: Hawk: si vamos a otra mision te avisod
20:17:12 : Side: Black96_ARG: dalep
20:17:53 : Side: Black96_ARG: che no esta funcionando el vago del black market
20:18:03 : Side: Hawk: apuntale el mouse unos segunods
20:18:07 : Side: Hawk: y te aparece el menu
20:18:14 : Side: Black96_ARG: espere bastante pero nada, ya fue
20:18:23 : Side: Hawk: yo recien compre, andar anda
20:18:41 : Side: Black96_ARG: no me quiere vender jaja
20:21:35 : Side: jackaroe: son hdp esto bots jajaja
20:22:02 : Side: Azrael1x: si son jodidos
20:25:34 : Side: kecho: Si si
20:26:57 : Side: jackaroe: cuantos bots son en el mv22?
20:27:08 : Side: kecho: 85
20:27:08 : Side: Hawk: entre 15 y hasta 26 he matado
20:27:15 : Side: jackaroe: lol
20:27:23 : Side: Azrael1x: si son una banda
20:29:11 : Side: Black96_ARG: la base al oeste del gorka es de alguno deustedes?
20:29:29 : Side: Azrael1x: nope
20:29:37 : Side: jackaroe: nop
20:35:43 : Side: jackaroe: 26 bots
20:35:49 : Side: Hawk: te dije
20:45:06 : Side: Black96_ARG: cuantas coins se pueden guardar en una safe?
20:45:11 : Side: jackaroe: 16
20:45:34 : Side: Black96_ARG: ???
20:45:51 : Side: Hawk: 200k
20:45:56 : Side: Black96_ARG: gracias
20:52:01 : Side: Detroxx96: asd
20:55:52 : Side: jMM: azra me voy a vivir con vos
20:55:57 : Side: jMM: me cambiaron todas las contraseñas
20:56:05 : Side: Azrael1x: jaja no te quiere mas hawk?
20:56:47 : Side: jMM: me echo el puto
20:56:52 : Side: jMM: xq puse un foco
20:56:56 : Side: jMM: y le campean la base
20:57:11 : Side: Azrael1x: jajajaja 
20:59:09 : Side: jMM: en el restart me mudo con vos
20:59:33 : Side: Azrael1x: jajaja veni que esta es la  base del amor
21:26:25 : Side: Azrael1x: black vamos para la que esta abajo del airfield?
21:26:48 : Side: Black96_ARG: bueno pero estoy con problemas de nafta
21:26:50 : Side: Black96_ARG: jaja
21:27:12 : Side: Azrael1x: las estaciones de servicio tienen refuel
21:28:27 : Side: Black96_ARG: creo q no hay ninguna cerca
21:28:36 : Side: Hawk: la bandit
21:28:59 : Side: Black96_ARG: estacion de servicio
21:29:13 : Side: Black96_ARG: tengo q encontrar uno de esos tanques
21:29:22 : Side: Black96_ARG: y cargar los jerry
21:29:33 : Side: Hawk: hay autorefuel en las estaciones, gratis
21:29:34 : Side: Azrael1x: por donde andas asi te buscop uno cerca
21:29:50 : Side: Black96_ARG: cercade gvozno
21:29:52 : Side: Black96_ARG: o como sea
21:30:54 : Side: Azrael1x: 107-045 tenes una
21:31:30 : Side: Azrael1x: anotaste?
21:31:40 : Side: Black96_ARG: sisi
21:31:43 : Side: Black96_ARG: ahora veo
21:32:29 : Side: Black96_ARG: uhh no ahi no llego ni a palos
21:32:41 : Side: Black96_ARG: voy air a gvozno y buscar un tanque
21:33:07 : Side: Azrael1x: ok nosotros ya estamos aca por si nos cruzamos
21:33:23 : Side: Black96_ARG: ok
21:35:49 : Side: Azrael1x: en frishino tenes pero esta cerca de la mision
21:35:55 : Side: Azrael1x: grishino
21:36:24 : Side: Black96_ARG: encontre un jerry can lleno en un galpn
21:36:26 : Side: Black96_ARG: todo el culo
21:36:39 : Side: Black96_ARG: jaja
21:41:45 : Side: Hawk: venis black
21:41:49 : Side: Black96_ARG: toy cerca
22:17:40 : Side: Hawk: nooo black
22:25:24 : Side: Hawk: black como moriste?
22:25:36 : Side: Black96_ARG: me suicide
22:25:41 : Side: Hawk: ahi va
22:32:56 : Side: Black96_ARG: me voy, nos vemos che
22:33:07 : Side: Azrael1x: chau man nos vemos
22:41:07 : Side: Hawk: callate gil
22:41:39 : Side: Hawk: kickeame esta
22:42:06 : Side: reconnect: lol
22:42:43 : Side: Hawk: trolita
22:44:16 : Side: Hawk: te voy a desacatar la cola a vos
22:44:41 : Side: vodka: hola juan !! todo bien 
23:03:19 : Side: Hawk: bien reconnect hiciste una mision
23:03:39 : Side: reconnect: una?
23:05:13 : Side: reconnect: esto e asi... al poder respawnear en cualquier lado y con la marca de nmi cuerpo, no tengo porque preocuparme al morir :)
23:05:21 : Side: reconnect: menos si somos 4
23:05:30 : Side: Hawk: si, ojo igual, te re lootean
23:05:48 : Side: reconnect: seh, pero como no tengo nada que perder no importa :D
23:06:01 : Side: reconnect: de hecho en las misiones podes estar a 200 mts que ni te tiran
23:06:24 : Side: JhonnyWalker: me acaban de matar a 350 a mi :S
23:06:26 : Side: Hawk: sera? a mi me tiran a los 600 mtrs y me re rushean
23:07:05 : Side: reconnect: si no pudiese respawnear a menos de 3000mts de mi cuerpo y no me lo marcara... la historia seria diferente :/
23:07:13 : Side: reconnect: ahi si que seria complicau
23:07:27 : Side: reconnect: a 600 mts?
23:07:32 : Side: reconnect: pero eso es porque tiraste
23:07:58 : Side: reconnect: acabo de hacer la roja y a 200 mt no me tiraban si yo no tiraba
23:08:39 : Side: JhonnyWalker: habria q poner la mision de la gata flor
23:08:41 : Side: JhonnyWalker: a
23:08:54 : Side: JhonnyWalker: hay algun admin=
23:09:18 : Side: reconnect: me puedo llevar el carro?
23:09:21 : Side: JhonnyWalker: ponganle la mision de la gata flora
23:09:21 : Side: reconnect: :P
23:15:00 : Side: reconnect: che, quien se dejo el offroad? se lo llevo ;)
23:15:44 : Side: vodka: ya estaba shi llevala si queres
23:15:52 : Side: reconnect: lo llevo en el chopp
23:16:02 : Side: reconnect: a domiciolio
23:22:29 : Side: reconnect: conchale no puedo vender el mi17 D:
23:23:08 : Side: vodka: creo que en bandido o heroe
23:23:22 : Side: JhonnyWalker: proba en antena
23:23:23 : Side: reconnect: por eso, no soy ninguno de lo do
23:23:46 : Side: vodka: uu mal ahi
23:26:01 : Side: reconnect: vamos a explotarlo
23:26:17 : Side: reconnect: el que escucha la explosion y ve mi cuerpo
23:26:22 : Side: reconnect: tiene 60k
23:26:28 : Side: reconnect: en monedita
23:27:01 : Side: vodka: depocitalo antes 
23:27:28 : Side: reconnect: ne
23:29:37 : Side: JhonnyWalker: ajajaj na podes reconect te vi en paracaidas tu jugada :P
