00:36:37 : Side: CptPrice: Buenas
00:36:53 : Side: reconnect: como va
00:36:59 : Side: CptPrice: bien, vos?
00:37:05 : Side: reconnect: joya
00:37:26 : Side: CptPrice: ñeri tenes clan?
00:37:39 : Side: reconnect: no
00:38:00 : Side: reconnect: juego mayoritariamente deambulando solo
00:38:11 : Side: CptPrice: Estoy en proceso de crear un nuevo clan, queres unirte?
00:39:22 : Side: CptPrice: tenes base?
00:39:56 : Side: reconnect: no, no hago base porque hay que mantenerla
00:41:08 : Side: reconnect: hay varios chicos
00:41:15 : Side: reconnect: lo que pasa que ahora no se pero no hay nadie
00:42:05 : Side: CptPrice: ayer entre y eramos como 10
00:45:20 : Side: CptPrice: se me rompio la moto :c
00:45:31 : Side: reconnect: :S
00:45:36 : Side: reconnect: a q le diste? a un arbol? jaja
00:45:45 : Side: CptPrice: a un zombi
00:45:47 : Side: CptPrice: jaja
00:45:52 : Side: CptPrice: me dejo en rojo la rueda
00:45:53 : Side: reconnect: ah si es un pijazo eso
01:34:14 : Side: [FOUNDER] ChukyN: hola trolita
01:34:21 : Side: reconnect: como va man
01:34:22 : Side: reconnect: ;D
01:34:32 : Side: [FOUNDER] ChukyN: en que andas
01:34:39 : Side: reconnect: en la sniper extraction
01:34:45 : Side: reconnect: probando un arma
01:34:52 : Side: reconnect: la m249 con stanag sd y mira
01:35:08 : Side: reconnect: impresisa, medio pija
01:35:18 : Side: [FOUNDER] ChukyN: es que SD siempre es una pij
01:35:33 : Side: reconnect: pero lo que tiene de bueno es que no te detectan rapido
01:35:56 : Side: [FOUNDER] ChukyN: estoy atras tuyo
01:35:59 : Side: [FOUNDER] ChukyN: no te vayas a asustar
01:36:11 : Side: reconnect: te vi vine por mi cuerpo :D tas en ts?
01:36:19 : Side: [FOUNDER] ChukyN: se
02:57:15 : Side: reconnect: brb
02:58:46 : Side: reconnect: culiaa
02:59:46 : Side: reconnect: lo vi de pedo estaba en la cocina D:
17:43:46 : Side: Alan: buenas
17:44:08 : Side: sebastian: buenas
17:44:08 : Side: juandayz: dios
17:44:22 : Side: Totoasd: que onda alan
18:16:14 : Side: sebastian: alan
18:16:31 : Side: Alan: eu
18:16:39 : Side: sebastian: vamos hacer misiones ?
18:16:56 : Side: sebastian: recien ise una de materiales y tengo mucho y no se hacer bases :c
18:18:54 : Side: Alan: dale hay vmos
18:19:00 : Side: Alan: yo tampoco se hacer bases jaja
18:19:08 : Side: sebastian: jaja
18:19:43 : Side: sebastian: estoy en grishino
18:25:35 : Side: Alan: quien hablo 
18:26:07 : Side: Totoasd: xd
18:26:20 : Side: Alan: chupame un huevo
18:26:45 : Side: Alan: rulo chupa pijas ajena
19:46:43 : Side: LarzuK: buenas
19:47:15 : Side: Alan: hola larzuk
19:51:11 : Side: Alan: noo jaja
19:51:15 : Side: sebastian: jaajajaj
19:51:20 : Side: reconnect: jajajajajaa
19:51:30 : Side: sebastian: pobre cuerpo
19:56:08 : Side: LarzuK: estaba colgado
19:56:19 : Side: LarzuK: viendo unos temas 
19:56:23 : Side: LarzuK: de las construcciones
19:57:54 : Side: LarzuK: me dice insuficient permisiones
20:06:51 : Side: sRulo: jajaja
20:06:59 : Side: sRulo: is the truth(?w
20:07:16 : Side: sRulo: esta re loca esa nena desesperada por sangre
20:09:06 : Side: Alan: yo la quiero matar
20:09:10 : Side: Alan: invocala
20:09:21 : Side: Totoasd: .
20:10:33 : Side: Alan: sisi yo estaba esa noche jajaja
20:10:36 : Side: Alan: no paraba de morir
20:18:05 : Side: Alan: ok yo ahi entro
20:36:06 : Side: Bad Guy: buenas
20:39:49 : Side: Bad Guy: buenas
20:39:55 : Side: Totoasd: hola
20:39:59 : Side: Alan: hola
20:44:59 : Side: Alan: chuky eswtas _
20:45:22 : Side: Alan: se bugueo esta mision
20:45:28 : Side: Alan: ya no quedan mas bots y no se activa
20:46:08 : Side: Totoasd: alan vos decis la del convoy?
20:46:16 : Side: Alan: e
20:46:19 : Side: Alan: si
20:46:23 : Side: Totoasd: yo recien pase por ahi
20:46:26 : Side: Totoasd: revise todo
20:46:35 : Side: Totoasd: no habia ningun bot, a lo mejor no lo vi
20:46:47 : Side: Alan: hace 3 hrs
20:47:02 : Side: Alan: lo estoy buscando yn ada
20:47:35 : Side: Alan: encontre la suv de pampita
20:48:23 : Side: Bad Guy: no soy mas verga xq no me da el tiempo...
20:48:46 : Side: Alan: jaja q te paso
20:48:54 : Side: Bad Guy: me choque un arbol con la suv
20:49:22 : Side: Bad Guy: me quedan 3000 de vida y estoy noqueadisimo
20:49:32 : Side: Totoasd: bueno muchachos yo me rajo, muy bueno el sv
20:49:37 : Side: Bad Guy: si no aparece ningun zombi me salvo 
20:49:40 : Side: Totoasd: bad si estas cerca del mercado te salvo
20:49:40 : Side: Alan: nos vemos toto !!
20:49:56 : Side: Bad Guy: estoy antes de gvozdno
20:50:08 : Side: Totoasd: voy
20:50:16 : Side: Bad Guy: no me salvo ni a gancho
20:50:36 : Side: Totoasd: que parte decime
20:50:41 : Side: Bad Guy: ta
20:50:48 : Side: Bad Guy: me vende a tiempo
20:51:02 : Side: Totoasd: oka
20:51:18 : Side: Totoasd: bueno ahora si chau
20:51:25 : Side: Bad Guy: ns vemo
20:51:51 : Side: Bad Guy: fue lindo mientras duro la suv XD 
20:52:18 : Side: Alan: jaja
20:54:10 : Side: Alan: ay mate a 1
20:54:23 : Side: Bad Guy: nota mental, no chocar arboles con la suv, se rompen y mucho
20:55:24 : Side: Bad Guy: bueno x suerte gane 100000 en la ruleta rusa JAJAJAJAJA
20:57:02 : Side: juandayz: te falta un bot alan
20:57:09 : Side: juandayz: por eso no se activa
20:57:10 : Side: Alan: hay vengo
20:57:20 : Side: juandayz: aca le estoy viendo, esta re acobachadito jaja
21:45:22 : Side: Bad Guy: a intentar no chocar arboles denuevo...w
21:46:28 : Side: JF: Hola gente como estan?
21:46:54 : Side: [K.O] Polaco: hola
21:50:26 : Side: [K.O] Polaco: no hay ni una mision
21:50:56 : Side: Alan: juan estas _
21:51:18 : Side: [K.O] Polaco: ee alan que estas haciendo wuachin
21:51:29 : Side: Alan: ehh amigaso, como estas
21:51:39 : Side: [K.O] Polaco: bien aburrido
21:51:41 : Side: [K.O] Polaco: hiciste base ya?
21:51:46 : Side: Alan: no xd
21:51:52 : Side: [K.O] Polaco: que culia
21:51:53 : Side: Alan: intente pero salio todas las paredes torcidas
21:51:56 : Side: Alan: un asco xd
21:52:02 : Side: [K.O] Polaco: jajajaja
21:52:07 : Side: Alan: agarre y saque todo a la mierda
21:52:37 : Side: [K.O] Polaco: jajajaj ni hablar
21:52:49 : Side: JF: hola jaja como estas loquin recien salude a todos pero vos estavas con la baga chamuyando jaja
21:53:03 : Side: Alan: jjajaja
21:53:20 : Side: JF: che vaga con v corta jajaa
21:53:23 : Side: [K.O] Polaco: che alguno ha trabajado?d
21:53:28 : Side: [K.O] Polaco: te dan buena plata?
21:53:37 : Side: Alan: yo nunca
21:53:42 : Side: Alan: no tengo ni idea
21:54:00 : Side: JF: jaaaajajajaa de bromas o de an deveras 
21:54:09 : Side: [K.O] Polaco: aca en el juego
21:54:54 : Side: JF: si pero solo sembrando canavis noble tarea del agricultor
21:58:24 : Side: [K.O] Polaco: mate los de un puesto de control, que pasa con esa sirena?
22:00:21 : Side: [K.O] Polaco: que estas haciendo alan
22:00:38 : Side: Alan: por ir a hacer la mision
22:00:53 : Side: [K.O] Polaco: yo tmb estoy yendo pero no tengo arma
22:01:00 : Side: Alan: uh jaja
22:01:07 : Side: [K.O] Polaco: tengo una ssin mira
22:01:42 : Side: [K.O] Polaco: veni que la hacemos al toque y me voy a toamr un fernet
22:02:29 : Side: Alan: yo estoy aca
22:02:46 : Side: [K.O] Polaco: dame grupo
22:08:41 : Side: JF: Polaco todavia seguis sin arma?
22:09:32 : Side: JF: POLACO
22:09:41 : Side: [K.O] Polaco: quew
22:09:54 : Side: JF: TODAVIA SEGUIS SIN ARMA
22:09:59 : Side: [K.O] Polaco: tengo una sin mira
22:10:39 : Side: JF: SI QUERES UNA VENITE DE UNA ESCAPADA AL TRADE CONFIA EN MI SOMOS AMIGOS CON ALAN
22:10:52 : Side: Alan: sisi polaco
22:11:08 : Side: Alan: si quiero
22:11:11 : Side: Alan: o wsin tengo _
22:11:14 : Side: Alan: se
22:11:23 : Side: Alan: no no tiene
22:11:25 : Side: Alan: mira veni
22:11:50 : Side: Alan: ah no tengo las ruedas
22:13:10 : Side: JF: AVISAME SI VENIS ASI TE ESPERO  VENI Y PAGATE UNA VUELTA DE CHULETAS JAJA A CAMBIO POR EL ARMA 
22:15:33 : Side: Alan: no no tengo ruedas
22:17:00 : Side: Alan: se
22:17:08 : Side: Alan: no no tiene
22:17:10 : Side: Alan: culiao xd
22:17:20 : Side: Alan: nono
22:20:30 : Side: JF: QUE LE PASO A POLACO , ALAN SE FUE ?
22:20:51 : Side: Alan: si eso parece
22:22:39 : Side: JF: AH YO QUERIA COLABORAR PORQUE TENGO ALGUNAS ARMAS Y A EL LE ESTABA HACIENDO FALTA PERO ME PARECE QUE ESTABA UN POCO DESCONFIADO
22:23:07 : Side: Alan: yo termine con mision 
22:23:11 : Side: Alan: y el agarro muchas cosas
22:24:02 : Side: Alan: q mierda no ay nadie hoy
22:24:02 : Side: JF: JA  y despues se fue que lo tiro 
22:24:18 : Side: JF: y es muy sabado 
22:24:37 : Side: Alan: me voy al origins
22:24:40 : Side: Alan: a ver q onda
22:24:46 : Side: JF: a vos que te hace falta
22:25:00 : Side: Alan: a mi nada, tenes base jf _
22:25:47 : Side: JF: no no tengo porque estaba juntando un montonaso de cosas que ya practicamente la tenia lista 
22:26:57 : Side: JF: pero el otro dia cuando se armo el bolonki con los brazucas mis veiculos tambien los hicieron bosta
22:27:13 : Side: Alan: ah sabes donde esta la base
22:27:16 : Side: Alan: de los brazucas _
22:27:31 : Side: JF: no ni idea
22:28:48 : Side: JF: a precio de costo debo haber tenido talves como 3millon hijos de su brazilera madre que los pario jaja
22:29:00 : Side: Alan: jajaja
22:29:07 : Side: Alan: bueno luego me conecto
