01:16:13 : Side: Jej0x |Aspirante|: este servidor es argentino?
01:16:25 : Side: Nikyta: si si
01:16:40 : Side: Jej0x |Aspirante|: genial
01:16:43 : Side: Jej0x |Aspirante|: re piola
01:16:51 : Side: Jej0x |Aspirante|: es pvp o pve?
01:17:07 : Side: Nikyta: un poco dew todo xd
01:17:13 : Side: Jej0x |Aspirante|: ah bueno
01:17:27 : Side: Jej0x |Aspirante|: Alguno quiere jugar en equipo? es mas divertido
01:17:59 : Side: Nikyta: ahora estoy haciendo unas cosas 
01:18:08 : Side: Nikyta: termino y si queres hacemos algo
01:18:10 : Side: Jej0x |Aspirante|: bueno dale yo quiero construirme una basi si queres
01:18:25 : Side: Jej0x |Aspirante|: ahora que consegui un buen server olvidate todos los dias aca estoy
01:18:47 : Side: JF: te agradezco por ahora no 
01:18:57 : Group: Nikyta: jaja parece que vamos a tener que esperar xd
01:26:07 : Side: Jej0x |Aspirante|: a la mierda si que le gustan los zombies en este sv
01:26:12 : Side: Jej0x |Aspirante|: por todos lados re jodidow
01:26:40 : Side: Nikyta: jajaj recien reapareci como zombi xd
01:28:17 : Side: JF: si eso pasa cuando te toca morir seguido 
01:28:25 : Side: Jej0x |Aspirante|: se
01:28:37 : Side: Nikyta: sera xd 
01:28:51 : Side: Nikyta: ustedes me mataron o fue una patrulla ?
01:29:24 : Side: Jej0x |Aspirante|: alguno me hace la 2 para sobrevivir un rato?
01:29:40 : Side: JF: no yo no mato player
01:29:47 : Side: Nikyta: dejame a ver si recupero mis cosas xd
01:29:57 : Side: Jej0x |Aspirante|: me mato y voy con vos estoy en solni
01:30:12 : Side: Nikyta: jajaja el otro dia me disparaste en el bosque xd
01:30:19 : Side: Jej0x |Aspirante|: yo?
01:30:26 : Side: Nikyta: creo que si 
01:30:31 : Side: Jej0x |Aspirante|: es mi primera ve
01:30:41 : Side: Jej0x |Aspirante|: la primera ves que entro a este sv
01:31:01 : Side: Jej0x |Aspirante|: me mate
01:31:17 : Group: Jej0x |Aspirante|: voy a ir a gorka siempre ahi encontras buen loot
01:32:22 : Side: Jej0x |Aspirante|: a donde recomiendan ir?
01:32:43 : Side: JF: depende para que
01:32:57 : Side: Jej0x |Aspirante|: quiero conseguir un buen fierro y empezar a construir una base
01:33:04 : Side: Jej0x |Aspirante|: no esta el campo de marihuana aca?
01:33:43 : Side: JF: si esta!!
01:33:47 : Side: Jej0x |Aspirante|: donde?
01:34:01 : Side: Jej0x |Aspirante|: en otro sv con la granja me llene de plata y me hice alta base
01:34:51 : Side: Jej0x |Aspirante|: donde estas=?
01:34:53 : Side: JF: en coordenada 08 03 diice campo de marihuan
01:34:53 : Side: Jej0x |Aspirante|: hacemos team
01:35:51 : Side: Jej0x |Aspirante|: gracias
01:35:58 : Side: Jej0x |Aspirante|: que mercado tengo cerca?
01:36:45 : Side: Jej0x |Aspirante|: estoy como zombie?
01:36:47 : Side: Jej0x |Aspirante|: que?
01:38:28 : Side: Jej0x |Aspirante|: no entiendo esto de ser zombie
01:38:52 : Side: Nikyta: suicidate
01:39:06 : Side: Jej0x |Aspirante|: como?
01:41:12 : Side: Jej0x |Aspirante|: escuche un auto
01:42:29 : Side: Jej0x |Aspirante|: bue me aburrio el sv este medio flashero
01:42:54 : Side: Nikyta: jajaja
01:43:18 : Side: JF: jaja ..
01:47:12 : Side: Nikyta: jkajjajajaja
01:47:23 : Side: [WG] SnakeGeneral: LOL
01:47:49 : Side: Nikyta: llego dios xd jajajaja
01:48:25 : Side: JF: jajaja!!
01:48:52 : Side: Nikyta: y juan que hace que no se conecta ?
01:49:04 : Side: Nikyta: jajajajaja ya lo vi
01:49:13 : Side: Nikyta: es un hdp !!
01:49:29 : Side: Nikyta: jajajaja
01:50:24 : Side: JF: Che es la segunda o tercera vez que se toca ese tema sera verdad?
01:50:30 : Side: Nikyta: con razon puso un burdel en el sv ;)
01:52:34 : Side: Nikyta: el otro dia fui para ver como era jajajaj me sacaron 500 monedas para cantarme mueve la carnasa mamasa ..... WTF!!! jajajajaaj
01:52:52 : Side: JF: eso empezo como una joda y termino como podes ver (lo del burdel)
01:53:09 : Side: JF: jaajaajaa...
01:53:29 : Side: JF: es el precio de la curiosidad
01:53:51 : Side: JF: chau chukin buen descanso
01:53:52 : Side: Nikyta: by
01:55:58 : Side: Nikyta: bueno ahora que ya estoy sana y salva en mi casa quien fue el desgraciado que me mato !!!! :(
01:59:20 : Side: JF: yo estoy construyendo y no me divierte matar a otro jugador podes preguntarle a juan salvo que se arme un tiroteo y me quede acorralado no mato a nadi
02:00:03 : Side: JF: nadie yo entiendo el juego de otra manera y hasta ahora me esta resultando
02:00:08 : Side: Nikyta: jajajaj el desgraciado ya se fue jajaj me vacio dos cargadores jaja
02:00:32 : Side: Nikyta: todo por la marihuana jajaj maldita droga :(
02:01:32 : Side: JF: vos decis que era bueno ya me olvide del nombre el que se aburrio 
02:02:16 : Side: Nikyta: snakegeneral ?
02:02:20 : Side: [WG] SnakeGeneral: ?w
02:02:27 : Side: Nikyta: jaja
02:03:23 : Side: JF: te pregunto porque suele haber bodt  - bandidos que te estan esperando en algun lugar y te matan y vos pensas que es otro jugador  a mi ya me ha pasad
02:04:13 : Side: Nikyta: jajaj naa primero me mataron en la carretera una sub artillada esa si era un bots
02:04:37 : Side: Nikyta: recupere mis cosas y llegando a la plantacion habia un flaquito con un heli
02:04:42 : Side: Nikyta: ese me lincho
02:05:50 : Side: JF: ah entonces si estas segura no digo nada 
02:06:05 : Side: Nikyta: jajaja ya fue jaja
02:06:13 : Side: Nikyta: asi es el juego 
02:06:32 : Side: Nikyta: pero matarme con tanta saña jajajaj
02:06:35 : Side: JF: y si por ahi hay que correr el riesgo 
02:06:42 : Side: Nikyta: estaba enajenado el flaco jajaja
02:08:39 : Side: JF: a mi me paso que iva contra reloj porque reseteaba en un mozzi el helicop de caño y por apurado lo empine demasiado y aterrice con la frente 
02:08:56 : Side: Nikyta: jajjajaj
02:11:00 : Side: [WG] SnakeGeneral: ??
02:13:03 : Side: [WG] SnakeGeneral: adm ?
02:13:08 : Side: Nikyta: bueno me voy
02:13:16 : Side: Nikyta: creo que ya se fue
02:13:45 : Side: Nikyta: nos vamos mañana :)
02:13:52 : Side: JF: te vas bueno buen descanso
02:14:07 : Side: Nikyta: gracias 
02:15:22 : Side: JF: que scede snake
02:15:37 : Side: [WG] SnakeGeneral: bots in stary kill for explode my car
02:16:01 : Side: [WG] SnakeGeneral: bots in suv minigun
02:18:57 : Side: JF: stary is zone infest 2 minuts and dead
02:19:37 : Side: [WG] SnakeGeneral: me pass for car bots kill me
02:22:56 : Side: JF: if you can pass
04:06:45 : Side: JF: necesitas que te ayude en algo 
04:07:29 : Side: [WG] SnakeGeneral: no gracias
04:07:58 : Side: JF: vos andas a pata queres un veiculo?
04:08:25 : Side: [WG] SnakeGeneral: yo fizeste la mission much armas no veiculo
04:09:22 : Side: JF: queres uno yo te ayudo , queres una suv
04:09:47 : Side: [WG] SnakeGeneral: suv no espacios para much armas
04:10:30 : Side: JF: ah, un truck cargo
04:10:49 : Side: [WG] SnakeGeneral: utility tienes cuantos espacios para la armas ?
04:11:13 : Side: JF: como 50 
04:11:32 : Side: JF: creo...
04:11:56 : Side: [WG] SnakeGeneral: vo a comprar uno
13:39:33 : Side: IAAK7: hola
13:39:52 : Side: IAAK7: jf sos argentino
13:40:23 : Side: JF: Hola como estas , si argentino
13:40:45 : Side: IAAK7: que bueno
13:41:19 : Side: IAAK7: juega gente aca
13:41:54 : Side: JF: si , hay tardes y/o noches que se pone bueno
13:42:06 : Side: JF: vos de donde sos?
13:42:29 : Side: IAAK7: uruguay
13:42:54 : Side: IAAK7: estoy por balota
13:43:25 : Side: JF: ah estamos relativamente cerca yo de Entre rios
13:44:01 : Side: IAAK7: yo soy de capital
13:44:54 : Side: JF: capital es montevideo, si?!
13:45:00 : Side: IAAK7: si
13:46:03 : Side: IAAK7: estoy por balota donde estas vos
13:46:38 : Side: JF: no digo lo de relativamente cerca porque algunos son del sur otros del lado de cordoba y mas alla ..
13:47:42 : Side: JF: hace un ratito llegue al trader a compra y vender algunas cosas luego a la base antes que me llegue la hora del laburo je
13:48:27 : Side: IAAK7: a mi tambine me toca trabajar estooy por chernogorsk a aca en el mapa despues no juntamos
13:50:03 : Side: JF: bueno si hay tiempo sino en cualquier momento , aiempre ando por este server
14:13:50 : Side: Nikyta: hola xd 
14:13:53 : Side: Nikyta: buen dia 
14:14:38 : Side: JF: Hola como estas Nikyta ?
14:15:06 : Side: Nikyta: sin ganas de trabajar jajajaja
14:15:40 : Side: JF: JAJA no me digas que vos tqambien tenes que ir a laburar y cortar el dayz
14:16:12 : Side: Nikyta: no algo peor jajaj trabajo en casa xd
14:17:21 : Side: Nikyta: ahi vuelvo xd
14:17:24 : Side: JF: a pero esta bueno , tenes tu propio negocio 
14:18:01 : Side: Nikyta: jajaj soy modista asi que tengo la maquina de coser de un lado y la compu del otro xd
14:18:14 : Side: Nikyta: y adivina que prendi primer ;)
14:18:35 : Side: Nikyta: ya vuelvo
14:19:19 : Side: JF: JAJAJAJA coses con el mouse 
14:20:38 : Side: Nikyta: volvi xd
14:21:28 : Side: JF: y te salen bien las costuras jajaja pregunto?  
14:21:42 : Side: Nikyta: jajaj creo que si jajaja
14:22:15 : Side: Nikyta: que desastre este juego es un vicio
14:23:27 : Side: JF: jaja si esta bueno yo soy medio vicioso de por si y me enganche con este y fue para peor 
14:24:15 : Side: Nikyta: yo hace años que juego dayz y he jugado a otros pero siempre termino en este jaja
14:26:15 : Side: JF: si una ves que le encontras la vuelta entretiene un monton , anoche me quede como hasta las 5 y agi varias noches
14:26:35 : Side: JF: despues zombi de verdad jajaja
14:28:25 : Side: Nikyta: me a pasado de sentarme a jugar y al ratito ver como amanecia jajajajaja
14:29:36 : Side: JF: tal cual , es increible y se pierde la nocion de tiempo 
14:30:45 : Side: Nikyta: jaja da miedo jajaj por poco no les doy de cenar a las chicas y al rato las estas despertandolas para ir al cole jajaja
14:31:14 : Side: JF: jajajajaa
14:31:30 : Side: Nikyta: jajaj la mina re zombi ajajja
14:31:41 : Side: JF: y como es que te enganchaste con este juego 
14:32:33 : Side: Nikyta: cuando recien salio el origins conoci a juan jaja habia abierto un sv y desde ese tiempo me engancho mal 
14:32:51 : Side: Nikyta: el mapa que mas me gusta es taviana
14:34:14 : Side: Nikyta: hace 5 años o mas jaja
14:34:21 : Side: JF: A mira yo soy nuevo en esto pero me defiendo bastante a decir verdad no eh probado los  otros mapas
14:34:30 : Side: Nikyta: yo jugaba wow y cancele la suscripcion por que no jugaba jajaja
14:34:56 : Side: Nikyta: taviana es re lindo el mapa
14:35:19 : Side: Nikyta: islas con puentes jaja esta buena 
14:37:35 : Side: Nikyta: y es enorme para recorrer
14:43:57 : Side: JF: no se que sucedio que ya no me entraba el camion en el porton 
14:58:45 : Side: JF: hasta luefo Nikyta..
14:59:04 : Side: Nikyta: chau chau
16:08:56 : Side: Nikyta: hay vehiculos blindados ?
17:18:12 : Side: Jej0x |Aspirante|: no puedo abrir el menu de exit
17:18:19 : Side: Jej0x |Aspirante|: estoy echo un zombie y quiero matarme
17:18:37 : Side: [WG] SnakeGeneral: kill zombie
17:19:00 : Side: [WG] SnakeGeneral: yo no puedes a dar exit y combat
17:19:16 : Side: Jej0x |Aspirante|: Como pongo el comando ese?
17:19:30 : Side: Jej0x |Aspirante|: /kill zombie 
17:19:47 : Side: [WG] SnakeGeneral: no use armas
17:20:35 : Side: Jej0x |Aspirante|: Como lo pongo el comando?
17:20:53 : Side: Jej0x |Aspirante|: kill zombie
17:21:33 : Side: Jej0x |Aspirante|: ñlisto
17:22:43 : Side: Jej0x |Aspirante|: estan en el ts?
17:26:08 : Side: Jej0x |Aspirante|: anda el ts3?
17:29:12 : Side: [L]eoZ1nn: cuemo seto la distance ?
17:30:58 : Side: [L]eoZ1nn: tem br ai ?
17:31:04 : Side: [WG] SnakeGeneral: naooooooo
17:31:16 : Side: [L]eoZ1nn: como seta distancia ?
17:31:53 : Side: [WG] SnakeGeneral: marca no mapa ?
17:32:01 : Side: [L]eoZ1nn: distancia da visao
17:32:36 : Side: [WG] SnakeGeneral: roda o mouse set view
17:32:44 : Side: [L]eoZ1nn: n tem isso nao
17:33:03 : Side: [WG] SnakeGeneral: te,
17:33:07 : Side: [L]eoZ1nn: tem que ter binoclus ?
17:33:34 : Side: [WG] SnakeGeneral: mano vc q ceta visao do bots pra ver distancia ?
17:33:44 : Side: [L]eoZ1nn: nao man
17:33:53 : Side: [L]eoZ1nn: distancia da minha visao
17:34:14 : Side: [L]eoZ1nn: tipo ela ta em 800 metros, padrao... quero por pra 1500
17:34:20 : Side: [WG] SnakeGeneral: rpdp a bpla do mouse
17:34:44 : Side: [WG] SnakeGeneral: roda a bola do mouse
17:34:50 : Side: [L]eoZ1nn: normalmente nos servidores br se clica com botao direito do mouse no binoclus pra setar
17:35:02 : Side: [WG] SnakeGeneral: roda a bola do mouse
17:35:15 : Side: [WG] SnakeGeneral: vai ta em preto setview
17:35:24 : Side: [L]eoZ1nn: nao tem isso ai aki pra mim
17:35:38 : Side: [L]eoZ1nn: so tem o action menu
17:35:39 : Side: Jej0x |Aspirante|: porque siendo un server argentino tantos brazucas?w
17:35:58 : Side: [L]eoZ1nn: porque tu es boludido ?
17:36:09 : Side: [WG] SnakeGeneral: sai do serve e entra de novo deve ter bugado
17:36:18 : Side: [L]eoZ1nn: a n
17:36:22 : Side: [L]eoZ1nn: to sem arma mesmo
17:36:30 : Side: [L]eoZ1nn: vo tentar arranjar arma
17:51:12 : Side: Jej0x |Aspirante|: anda el ts3?
18:36:32 : Side: Jej0x |Aspirante|: alguien me viene a buscar a berezino?
18:36:42 : Side: Jej0x |Aspirante|: estoy hasta las manos
18:40:52 : Side: Jej0x |Aspirante|: quien me envio solicitud?
18:40:58 : Side: Leodagos: yo
18:41:06 : Side: Jej0x |Aspirante|: ahi te acepto compa
18:41:10 : Side: Leodagos: k
18:41:26 : Group: Leodagos: hola medio lejos
18:41:30 : Group: Jej0x |Aspirante|: TENES MICRO?
18:41:31 : Group: Leodagos: pero como vi q necesitabas ayuda
18:41:42 : Group: Jej0x |Aspirante|: estoy en berezino
18:41:46 : Group: Jej0x |Aspirante|: pero ahora estoy mejor
18:41:50 : Group: Leodagos: si tengo pero lo esta usando mi hermano
18:41:51 : Group: Jej0x |Aspirante|: baje 29 zombies todos juntos
18:42:00 : Group: Leodagos: necesitas ayuda ?
18:42:08 : Group: Jej0x |Aspirante|: si queres jugamos en equipo
18:42:22 : Group: Jej0x |Aspirante|: donde estas?
18:42:24 : Group: Leodagos: ok, voy llendo para alla
18:42:33 : Group: Jej0x |Aspirante|: tenes auto o algo?
18:42:34 : Group: Leodagos: estoy en airfield norte pero voy en una suv cammo 
18:42:54 : Group: Jej0x |Aspirante|: ok dale 
18:43:22 : Group: Jej0x |Aspirante|: voy a estar en el aserradero
18:44:25 : Side: Jej0x |Aspirante|: cual es el ts3?
18:44:33 : Group: Leodagos: teamspeack 3
18:44:41 : Group: Jej0x |Aspirante|: pero la ip digow
18:44:53 : Group: Leodagos: esta escrito arriba en las estadisticas
18:45:04 : Group: Leodagos: es el cuadrado q cerras desde el scroll del mouse
18:45:05 : Group: Jej0x |Aspirante|: no me funciono ahora pruebo denuevo
18:45:10 : Group: Jej0x |Aspirante|: si ya se
18:45:40 : Group: Leodagos: http://ts5.freets3.net:10113
18:46:25 : Group: Jej0x |Aspirante|: bueno ahi intento entrar
18:46:33 : Group: Jej0x |Aspirante|: te espero aca en el aserradero de berezino
18:46:59 : Group: Leodagos: escuchame
18:47:03 : Group: Jej0x |Aspirante|: se
18:47:10 : Group: Leodagos: convendria encontrarnos en otra posicion
18:47:15 : Group: Jej0x |Aspirante|: por?
18:47:19 : Group: Leodagos: ya que ya saben donde estas
18:47:24 : Group: Leodagos: y q alguien va por vos
18:47:27 : Group: Jej0x |Aspirante|: no no saben
18:47:30 : Group: Jej0x |Aspirante|: igual no se
18:47:33 : Group: Jej0x |Aspirante|: donde decis?
18:47:43 : Group: Leodagos: y si hablaste a global y djiste ayuda en berezino y marcaste  HELP en el mapa 
18:47:53 : Group: Jej0x |Aspirante|: see
18:48:11 : Group: Leodagos: te animas a moverte a dubrovka ?
18:48:29 : Group: Leodagos: 104 x 054 
18:48:32 : Group: Jej0x |Aspirante|: no llego mas pero dale ahi voy
18:48:40 : Group: Leodagos: estas herido ?
18:48:41 : Group: Jej0x |Aspirante|: espera que looteo el aserradero
18:48:43 : Group: Jej0x |Aspirante|: no
18:48:53 : Group: Leodagos: tenes toolbox ?
18:49:01 : Group: Jej0x |Aspirante|: se
18:49:11 : Group: Leodagos: la podes hacer bicicleta
18:49:19 : Group: Jej0x |Aspirante|: okw
18:50:00 : Group: Leodagos: ahora enrto al ts
18:53:03 : Side: Leodagos: q paso
18:53:29 : Side: Leodagos: voy jejo ?
18:53:48 : Side: Jej0x |Aspirante|: se
18:54:00 : Side: Leodagos: te saliste del party
18:54:08 : Side: Jej0x |Aspirante|: capaz
18:54:37 : Group: Jej0x |Aspirante|: me puse un skin por eso
18:54:44 : Group: Leodagos: estoy en el ts ahi rescate microfono
18:54:49 : Group: Jej0x |Aspirante|: ahi entro
18:55:33 : Group: Jej0x |Aspirante|: estoy llenod a druvroka
18:57:01 : Group: Jej0x |Aspirante|: listo llwfw
18:57:03 : Group: Jej0x |Aspirante|: llege
18:57:34 : Group: Jej0x |Aspirante|: me voy a esconder en el bosque
18:57:52 : Group: Leodagos: ok
18:57:59 : Group: Jej0x |Aspirante|: ahi entro al ts
18:58:04 : Group: Leodagos: ok
18:59:38 : Group: Jej0x |Aspirante|: me tira error la ip
18:59:54 : Group: Leodagos: proba denuevo
18:59:58 : Group: Leodagos: a veces tira error
19:00:00 : Group: Jej0x |Aspirante|: estoy probando
19:00:32 : Group: Jej0x |Aspirante|: me escuchas?
19:00:49 : Group: Jej0x |Aspirante|: si
19:00:56 : Group: Jej0x |Aspirante|: me parece que tengo puesto el taskforce
19:02:42 : Group: Jej0x |Aspirante|: estabas cantando can?
19:02:49 : Group: Jej0x |Aspirante|: jajajaja
19:05:15 : Group: Jej0x |Aspirante|: 5 p la chupada
19:06:44 : Group: Jej0x |Aspirante|: bueno voy habla que yo te escucho
19:06:54 : Group: Jej0x |Aspirante|: no se que le pinta
19:06:58 : Group: Jej0x |Aspirante|: dale vmaos
19:07:07 : Group: Jej0x |Aspirante|: estaria para hacer una base
19:07:21 : Group: Jej0x |Aspirante|: see
19:07:34 : Group: Jej0x |Aspirante|: aprende a manejar manco
19:07:36 : Group: Jej0x |Aspirante|: dale dale
19:07:46 : Group: Jej0x |Aspirante|: lo importante es tener una safe cada uno
19:07:51 : Group: Jej0x |Aspirante|: jajaja tomando mate
19:07:56 : Group: Jej0x |Aspirante|: 100% argentino
19:08:03 : Group: Jej0x |Aspirante|: alfin encontre un server argento papa
19:08:09 : Group: Jej0x |Aspirante|: me moria jugando en los de rusia
19:08:19 : Group: Jej0x |Aspirante|: me tiraban de 1000 
19:08:27 : Group: Jej0x |Aspirante|: aca estoy jugando joya
19:08:31 : Group: Jej0x |Aspirante|: jugue a ese
19:08:41 : Group: Jej0x |Aspirante|: pero medio caca jugar con todos brazucas
19:09:00 : Group: Jej0x |Aspirante|: ahora ya esta encontre este server y no me voy mas
19:09:10 : Group: Jej0x |Aspirante|: see
19:09:20 : Group: Jej0x |Aspirante|: gato lo conocia
19:09:21 : Group: Jej0x |Aspirante|: gatos
19:09:26 : Group: Jej0x |Aspirante|: yo jugue mucho ese
19:09:37 : Group: Jej0x |Aspirante|: nisman
19:09:43 : Group: Jej0x |Aspirante|: jugue con unos pibes
19:09:49 : Group: Jej0x |Aspirante|: no me acuerdo los nombres ahora
19:09:57 : Group: Jej0x |Aspirante|: con galle si
19:10:02 : Group: Jej0x |Aspirante|: a rulo no lo conoci
19:10:09 : Group: Jej0x |Aspirante|: lo esuche nombrar mucho
19:10:21 : Group: Jej0x |Aspirante|: se
19:10:27 : Group: Jej0x |Aspirante|: a mi me rompian todo jajaja
19:10:32 : Group: Jej0x |Aspirante|: pero nos cagabamos de risa
19:11:04 : Group: Jej0x |Aspirante|: a mi me gusta jugar muy tactico
19:11:15 : Group: Jej0x |Aspirante|: see
19:11:21 : Group: Jej0x |Aspirante|: para esconder las cajas tambien
19:11:45 : Group: Jej0x |Aspirante|: un bug que me enseñaron es que cuando estas a punto de morir desconectarte
19:11:50 : Group: Jej0x |Aspirante|: y despues aparecias vivo
19:11:57 : Group: Jej0x |Aspirante|: pero ahora no funciona mas
19:12:21 : Group: Jej0x |Aspirante|: jajja re forro
19:12:42 : Group: Jej0x |Aspirante|: donde vendo un reolver
19:13:04 : Group: Jej0x |Aspirante|: queres comida? avisame tengo bastante
19:13:58 : Group: Jej0x |Aspirante|: casco de malvinas
19:14:02 : Group: Jej0x |Aspirante|: tienen estos
19:14:21 : Direct: Leodagos: gola
19:14:23 : Direct: Leodagos: hola
19:14:29 : Direct: hitziquer: como va
19:14:31 : Direct: Leodagos: donde venden el 30 m pole 
19:14:33 : Direct: Leodagos: ?
19:14:35 : Group: Jej0x |Aspirante|: estaria para ir a la granja de marihuana
19:14:38 : Direct: hitziquer: veni
19:14:47 : Direct: hitziquer: xdf
19:14:50 : Direct: hitziquer: aca
19:14:55 : Direct: Leodagos: gracias 
19:14:59 : Direct: hitziquer: np
19:15:29 : Group: Jej0x |Aspirante|: vamos a la granja de marihuana
19:15:33 : Group: Jej0x |Aspirante|: tengo 800 pesos jajaja
19:15:41 : Group: Jej0x |Aspirante|: es mi primer dia aca
19:15:59 : Group: Jej0x |Aspirante|: vamos y depaso llenamos la camioneta de marihuana
19:16:03 : Group: Jej0x |Aspirante|: y vendemos
19:16:21 : Group: Jej0x |Aspirante|: bueno dale
19:16:26 : Group: Jej0x |Aspirante|: vamos nomas
19:16:32 : Group: Jej0x |Aspirante|: tengo aveces lagazos
19:16:34 : Group: Jej0x |Aspirante|: maneja vos
19:16:38 : Group: Jej0x |Aspirante|: porque te la voy a hacer concha
19:16:48 : Group: Jej0x |Aspirante|: dale
19:16:58 : Group: Jej0x |Aspirante|: todo recto
19:17:00 : Group: Jej0x |Aspirante|: se donde es
19:17:09 : Group: Jej0x |Aspirante|: no se que carajo abra
19:17:19 : Group: Jej0x |Aspirante|: en todos los servers que jugue siempre voy a la cosecha esa
19:17:24 : Group: Jej0x |Aspirante|: un cuchillo
19:17:27 : Side: Javier-Pc: hola?
19:17:32 : Group: Jej0x |Aspirante|: yo tambien tengo
19:17:39 : Group: Jej0x |Aspirante|: si
19:17:42 : Group: Jej0x |Aspirante|: mandale recto
19:17:46 : Group: Jej0x |Aspirante|: despues a la derecha
19:17:59 : Group: Jej0x |Aspirante|: nope
19:18:03 : Group: Jej0x |Aspirante|: lo baje
19:18:20 : Group: Jej0x |Aspirante|: derecha
19:18:25 : Group: Jej0x |Aspirante|: si sino te cagan a tiros
19:18:29 : Group: Jej0x |Aspirante|: o te muerden los zombies
19:18:45 : Group: Jej0x |Aspirante|: esquivamos gorka mejor
19:19:19 : Group: Jej0x |Aspirante|: derecha denuevo
19:19:32 : Side: Javier-Pc: español?
19:19:32 : Group: Jej0x |Aspirante|: en el proximo cruze
19:19:44 : Group: Jej0x |Aspirante|: ajajja
19:19:46 : Group: Jej0x |Aspirante|: see-
19:19:54 : Group: Jej0x |Aspirante|: derecha 100 metros a 90 grados
19:20:02 : Group: Jej0x |Aspirante|: hora mandale todo recto-
19:20:35 : Group: Jej0x |Aspirante|: todo recto por izquierda
19:20:59 : Group: Jej0x |Aspirante|: izquieda
19:21:12 : Group: Jej0x |Aspirante|: para
19:21:16 : Group: Jej0x |Aspirante|: me equivoque
19:21:18 : Group: Jej0x |Aspirante|: volve
19:21:23 : Group: Jej0x |Aspirante|: jajaj si
19:21:29 : Group: Jej0x |Aspirante|: es que en el mapa lo voe alrevez
19:21:36 : Group: Jej0x |Aspirante|: todo recto mandale
19:21:43 : Group: Jej0x |Aspirante|: vamos a pasar por stary tene cuidado
19:22:27 : Group: Jej0x |Aspirante|: NO CREO QUE NOS TIREN
19:22:40 : Group: Jej0x |Aspirante|: PERO MUCHOS ZOMBIES EN ESA ZONA POR ESO DIGO
19:23:00 : Group: Jej0x |Aspirante|: DALE
19:23:03 : Group: Jej0x |Aspirante|: COMO ESCUDO
19:23:16 : Group: Jej0x |Aspirante|: derecha
19:23:29 : Group: Jej0x |Aspirante|: jajajaja
19:23:32 : Group: Jej0x |Aspirante|: un monton
19:23:35 : Group: Jej0x |Aspirante|: la hibernas?
19:23:55 : Group: Jej0x |Aspirante|: derecha
19:24:00 : Group: Jej0x |Aspirante|: en esta
19:24:17 : Group: Jej0x |Aspirante|: atras boludo
19:24:26 : Group: Jej0x |Aspirante|: ajajaa
19:24:29 : Group: Jej0x |Aspirante|: mapa de mierda
19:24:45 : Group: Jej0x |Aspirante|: ahi mandale todo recto por esta calle
19:24:54 : Group: Jej0x |Aspirante|: seee setview de mierda
19:25:05 : Group: Jej0x |Aspirante|: yo la tenog en 1000
19:25:14 : Group: Jej0x |Aspirante|: parada de vendedor
19:25:43 : Group: Jej0x |Aspirante|: izquierda
19:26:04 : Group: Jej0x |Aspirante|: derecha
19:26:11 : Group: Jej0x |Aspirante|: dale
19:26:21 : Group: Jej0x |Aspirante|: ya llegmaos
19:26:37 : Group: Jej0x |Aspirante|: derecha
19:26:53 : Group: Jej0x |Aspirante|: derecha denuevo
19:27:11 : Group: Jej0x |Aspirante|: mandate en diagonal por el campo
19:27:21 : Group: Jej0x |Aspirante|: dale recto
19:27:25 : Group: Jej0x |Aspirante|: marihuana al rolete
19:27:33 : Group: Jej0x |Aspirante|: tenes que cortarla
19:27:42 : Group: Jej0x |Aspirante|: seee
19:27:46 : Group: Jej0x |Aspirante|: son campos narcos
19:28:04 : Group: Jej0x |Aspirante|: vaciemos las mochilas
19:28:06 : Group: Jej0x |Aspirante|: en la camioneta
19:28:22 : Group: Jej0x |Aspirante|: asi llenamos de mari
19:28:57 : Group: Jej0x |Aspirante|: ahora abri el menu aca
19:29:02 : Group: Jej0x |Aspirante|: y pone click derecho en el cuchi
19:29:21 : Group: Jej0x |Aspirante|: lo que podes hacer de bug es clickear mucho en el cuchi
19:29:49 : Group: Jej0x |Aspirante|: no osea clicke de menu
19:30:09 : Group: Jej0x |Aspirante|: donde dice cutdrugflowers
19:30:23 : Group: Jej0x |Aspirante|: zombieee
19:31:35 : Group: Jej0x |Aspirante|: jajaja
19:31:42 : Group: Jej0x |Aspirante|: llenate la mochila y volca todo en la camioneta
19:32:26 : Group: Jej0x |Aspirante|: see
19:32:30 : Group: Jej0x |Aspirante|: en un rato volvemos
19:32:44 : Group: Jej0x |Aspirante|: mira una lockbox
19:32:56 : Group: Jej0x |Aspirante|: see-se
19:33:04 : Group: Jej0x |Aspirante|: 2
19:33:42 : Group: Jej0x |Aspirante|: tengo pala de afianzar para el plot despues
19:33:48 : Group: Jej0x |Aspirante|: vamos nomas
19:33:55 : Group: Jej0x |Aspirante|: agarrar diagonal para atras
19:34:24 : Group: Jej0x |Aspirante|: yo la llevo en la mochi porque es mas facil vender
19:34:31 : Group: Jej0x |Aspirante|: sino tenes que ir al equipo de la camioneta 
19:34:35 : Group: Jej0x |Aspirante|: vamos
19:35:24 : Group: Jej0x |Aspirante|: recto
19:35:35 : Group: Jej0x |Aspirante|: derecha
19:35:43 : Group: Jej0x |Aspirante|: ok
19:35:48 : Group: Jej0x |Aspirante|: maneje usted sabe
19:36:00 : Group: Jej0x |Aspirante|: dale dale
19:36:15 : Group: Jej0x |Aspirante|: lindo cz tenes 
19:36:21 : Group: Jej0x |Aspirante|: estaria prra comprar municion
19:36:27 : Group: Jej0x |Aspirante|: el rifle que tenes en la camioneta
19:36:38 : Group: Jej0x |Aspirante|: el m4?
19:36:48 : Direct: Leodagos: mk12
19:36:48 : Group: Jej0x |Aspirante|: se alto rifle
19:36:53 : Group: Jej0x |Aspirante|: a mi me gusta el m40a3
19:36:58 : Group: Jej0x |Aspirante|: o el dmr
19:37:09 : Group: Jej0x |Aspirante|: el dmr podes usarlo con nightvision
19:37:12 : Group: Jej0x |Aspirante|: por eso me gusta
19:37:17 : Group: Jej0x |Aspirante|: con supresor
19:37:28 : Group: Jej0x |Aspirante|: no suena tanto
19:37:33 : Group: Jej0x |Aspirante|: el dmr se re escucha
19:38:05 : Group: Jej0x |Aspirante|: podemos ir a la comunidada jippie sino
19:38:08 : Group: Jej0x |Aspirante|: capaz nos compran
19:38:20 : Group: Jej0x |Aspirante|: la tenemos cerca
19:38:24 : Group: Jej0x |Aspirante|: sino cualquier medico nos compra
19:38:33 : Group: Jej0x |Aspirante|: see
19:39:20 : Group: Jej0x |Aspirante|: jajaja si entras siempre?
19:39:32 : Group: Jej0x |Aspirante|: jajaja o cuando se reinicia el sv
19:39:37 : Group: Jej0x |Aspirante|: neee
19:39:42 : Group: Jej0x |Aspirante|: en los hangares
19:39:44 : Group: Jej0x |Aspirante|: fijate
19:39:48 : Group: Jej0x |Aspirante|: ahi siempre hay fierros
19:41:18 : Group: Jej0x |Aspirante|: vamos a lootearlo
19:42:10 : Group: Jej0x |Aspirante|: en la torre?
19:42:48 : Group: Jej0x |Aspirante|: me la dieron
19:42:59 : Group: Jej0x |Aspirante|: see
19:43:02 : Group: Jej0x |Aspirante|: ahi me estoy bendando
19:43:05 : Group: Jej0x |Aspirante|: vendando
19:43:27 : Group: Jej0x |Aspirante|: ok
19:43:41 : Group: Jej0x |Aspirante|: en todos los server hay bots aca
19:43:45 : Group: Jej0x |Aspirante|: jajajaa
19:43:51 : Group: Jej0x |Aspirante|: carlos el boludo
19:44:01 : Group: Jej0x |Aspirante|: jajaja
19:44:09 : Group: Jej0x |Aspirante|: alta base
19:45:00 : Group: Jej0x |Aspirante|: alta base
19:45:43 : Group: Jej0x |Aspirante|: agarralo
19:45:46 : Group: Jej0x |Aspirante|: y fue
19:45:50 : Group: Jej0x |Aspirante|: una door?
19:45:54 : Group: Jej0x |Aspirante|: o alguna pared
19:45:56 : Group: Jej0x |Aspirante|: la hacemos aca cerca
19:46:02 : Group: Jej0x |Aspirante|: asi no queda tan lejos
19:46:15 : Group: Jej0x |Aspirante|: yo juego siempre en equipo porque me aburro solo
19:46:49 : Group: Jej0x |Aspirante|: aveces dejo de jugar por un mes o 2 porque me aburro solo
19:46:54 : Group: Jej0x |Aspirante|: el que tengas
19:46:59 : Group: Jej0x |Aspirante|: vos dame que yo uso
19:47:13 : Group: Jej0x |Aspirante|: estoy usando una m8 como rifle jaja
19:47:44 : Group: Jej0x |Aspirante|: tenog un lumber pack mira
19:47:50 : Group: Jej0x |Aspirante|: re cheto
19:47:59 : Group: Jej0x |Aspirante|: jajajaja
19:48:09 : Group: Jej0x |Aspirante|: ni una pared hago
19:48:26 : Group: Jej0x |Aspirante|: bueno
19:48:40 : Group: Jej0x |Aspirante|: si me pones una safe para poner cositas piola
19:48:55 : Group: Jej0x |Aspirante|: esta el 30 m plot
19:49:01 : Group: Jej0x |Aspirante|: no me lo va a dejar agarrar
19:49:12 : Group: Jej0x |Aspirante|: ah si mira
19:49:32 : Direct: Jej0x |Aspirante|: me parece
19:49:38 : Direct: Jej0x |Aspirante|: que se salio el grupo denuevo
19:49:54 : Direct: Jej0x |Aspirante|: ahi esta
19:50:16 : Direct: Jej0x |Aspirante|: entro alguien al ts
19:50:38 : Group: Jej0x |Aspirante|: me habia parecido que alguien escribio
19:51:06 : Group: Jej0x |Aspirante|: a dpmde vamos¡
19:51:25 : Group: Jej0x |Aspirante|: dalew
19:51:28 : Group: Jej0x |Aspirante|: jaja
19:51:47 : Side: [WG] SnakeGeneral: como q reboca os veiculos ?
19:56:09 : Group: Jej0x |Aspirante|: guiamew
19:57:28 : Group: Jej0x |Aspirante|: una suv mira
19:57:43 : Group: Leodagos: creo q esta cerrada
19:57:50 : Group: Jej0x |Aspirante|: la prendemos fuego
19:58:02 : Group: Jej0x |Aspirante|: see
19:58:13 : Group: Jej0x |Aspirante|: dale
19:58:17 : Group: Jej0x |Aspirante|: te desconectas o que?
19:58:21 : Group: Jej0x |Aspirante|: no para
19:58:28 : Group: Jej0x |Aspirante|: yo me tengo que ir 6 minutos
19:58:38 : Group: Jej0x |Aspirante|: avisame cuando volves por ts
19:58:40 : Group: Jej0x |Aspirante|: sisi vuelvo
19:58:44 : Group: Jej0x |Aspirante|: voy y vengo
19:58:45 : Group: Jej0x |Aspirante|: dale
19:58:59 : Group: Jej0x |Aspirante|: ee?
19:59:11 : Group: Jej0x |Aspirante|: avisame cuando volves
19:59:16 : Group: Jej0x |Aspirante|: me quedo en ts
19:59:33 : Group: Jej0x |Aspirante|: estaciona aca
19:59:59 : Group: Jej0x |Aspirante|: dale yo tambien 
23:03:03 : Side: Bad Guy: buenas, algun adm on?
23:28:48 : Side: Bad Guy: so gracioso so
23:29:08 : Side: Nikyta: jaja buenas 
23:30:01 : Side: Bad Guy: JAJAJAJAJAJAAJ
23:30:07 : Side: Nikyta: jajajajaj naaa ni a palos jajajaja
23:30:18 : Side: Nikyta: puaj !!!!
23:30:38 : Side: Bad Guy: emm como te explico
23:30:45 : Side: Nikyta: ya que estas aca me vas a hacer un favor jajaja
23:30:52 : Side: Bad Guy: toqueteando la almadena puse un chiquero en medio de mi base
23:31:04 : Side: Bad Guy: pero BIEN en el medio
23:31:11 : Side: Nikyta: jajajajajaja
23:31:48 : Side: Nikyta: jajajajaja
23:32:03 : Side: Bad Guy: es q no quiero chanchos en la base
23:32:11 : Side: Bad Guy: aparte me tapa las 2 puertas JAJAJAJA
23:32:28 : Side: Bad Guy: no, yo me dedico a las drogas
23:33:00 : Side: Nikyta: jajaj quien no se dedica a las drogas jajaja
23:33:08 : Side: Bad Guy: dale dale no hay problema
23:33:18 : Side: Bad Guy: igual toy probando suerte en la ruleta, xq me quede seco
23:33:25 : Side: Bad Guy: y sin vodnik
23:35:37 : Side: Bad Guy: voy
23:35:59 : Side: Nikyta: yo tambien presiso que saques algo de mi base xd
23:38:42 : Side: Nikyta: si querido xd
23:39:05 : Side: ChukyN: avisame cuando llegues good boy
23:39:17 : Side: Bad Guy: toy casi arriba
23:40:18 : Side: Bad Guy: aterrizaje casi perfecto
23:40:36 : Side: Nikyta: jajajaj
23:40:56 : Direct: Nikyta: veni xd
23:41:01 : Side: Bad Guy: toy
23:41:36 : Direct: Nikyta: esta sub perdi las llaves jaja y me molesta 
23:41:41 : Direct: Nikyta: la podes sacar ?
23:42:26 : Side: Bad Guy: entra
23:43:01 : Side: ChukyN: te quedo perfecto
23:43:07 : Side: ChukyN: bien de arquitecto argentino
23:43:07 : Side: Bad Guy: perfecto.. si claro
23:43:11 : Side: Bad Guy: jajajaj
23:43:21 : Side: Bad Guy: eso por apretar cosas q no c para q sirven
23:43:44 : Side: Bad Guy: ahora se me rompe denuevo la toolbox...
23:43:48 : Side: Bad Guy: a listo
23:43:53 : Side: Bad Guy: 2 tooblox seguidas
23:44:10 : Side: ChukyN: eso por romperme las bolas con giladas ajajaj
23:44:19 : Side: ChukyN: bad luck + 100
23:44:23 : Side: Bad Guy: sep
23:44:32 : Side: Bad Guy: ir al trader a comprar...
23:45:09 : Direct: Nikyta: que paso jajaj
23:47:26 : Direct: hitziquer: q hashe
23:47:29 : Direct: hitziquer: admin imagino
23:47:38 : Direct: ChukyN: sep
23:47:47 : Direct: ChukyN: lindo rancho
23:47:48 : Side: Nikyta: chuky veni para aca !!! jajaja
23:47:52 : Direct: ChukyN: cuidado con las indundaciones
23:47:53 : Direct: hitziquer: medio torcido me quedo
23:47:56 : Side: ChukyN: que paso?
23:47:57 : Direct: hitziquer: jaja
23:48:06 : Side: Nikyta: no te hagas !!!
23:48:11 : Side: ChukyN: :D
23:48:12 : Direct: hitziquer: no use la regla xd
23:48:30 : Side: Nikyta: tas aburrido ?? jajaj veni !!!
23:48:32 : Direct: ChukyN: le spawne 100 zombies a nikyta y raje
23:48:37 : Direct: hitziquer: jajajajjaja
23:48:40 : Side: Bad Guy: bieeen
23:49:32 : Direct: Nikyta: ves esas paredes que estan mal ?? ahora por tu broma las vas arreglar jsjajjajaja
23:49:37 : Side: Bad Guy: como estrellar un mozzie en 1 simple paso
23:49:46 : Direct: ChukyN: segui participando
23:49:52 : Direct: Nikyta: jajajajaja
23:50:06 : Direct: Nikyta: como me vas a llenar el bosque de zombis ??!!
23:50:23 : Side: Bad Guy: darmelo a mi para q lo pilote
23:50:47 : Direct: ChukyN: me olvide de algo
23:50:53 : Direct: Bad Guy: de?
23:51:45 : Side: Bad Guy: so jodido so
23:51:56 : Side: ChukyN: jajaja
23:52:07 : Side: Bad Guy: encima sin balas estoy
23:52:23 : Side: ChukyN: deci que fueron solo 20, a nikyta le spawne 100
23:52:25 : Side: Nikyta: ojala te coman !!!!
23:52:31 : Side: Nikyta: jajajajaj
23:52:58 : Side: Bad Guy: 20 zombies 10 plantas de droga
23:53:00 : Side: Bad Guy: graciela
23:53:20 : Side: Nikyta: sacamelos !!!
23:53:38 : Side: Bad Guy: no puedo sacar ni sangre de la caja fuerte
23:55:26 : Side: Bad Guy: ahora dejame una toolbox de bronca
23:55:49 : Side: Nikyta: mira lo que es esto una masacre jajaj
23:56:08 : Side: Nikyta: me debes una carga de la motosierra jajaja
23:56:24 : Side: ChukyN: Sos la nueva daryl
23:56:27 : Side: ChukyN: verson lesbiana
23:56:28 : Side: Bad Guy: estoy a punto de desmayarme
23:56:46 : Side: Bad Guy: graciela
23:58:01 : Side: Bad Guy: q tal esta quedando el cuadrado chuky?
23:58:16 : Side: ChukyN: como dije arquitecto argentino
23:58:27 : Side: Bad Guy: faltan detalles y material todavia JAJAJA
23:58:53 : Side: Bad Guy: con q me estan tirando?
