04:54:27 : Vehicle: Viciuz: no hables por el chat azul
04:54:32 : Vehicle: Viciuz: Edgar es mal tipo
04:54:39 : Vehicle: Viciuz: roba y mata a los demás jugadores
04:54:48 : Vehicle: Viciuz: permiteme conducir, por favor
04:54:55 : Vehicle: Viciuz: necesito esconder algo
04:56:08 : Vehicle: Viciuz: lo menos que puedas mantener contacto directo con el
04:56:13 : Vehicle: Viciuz: ayer me destrozo mi base
04:56:17 : Vehicle: Viciuz: me intento robar mis coches
04:56:31 : Vehicle: Viciuz: habla por chat de vehiculo
04:56:36 : Vehicle: Viciuz: no hables por azuld
04:56:44 : Vehicle: JF: NO HAY PROBLEMA
04:57:43 : Vehicle: Viciuz: iremos a la caja fuerte
04:57:45 : Vehicle: Viciuz: de mi compañero
04:57:48 : Vehicle: Viciuz: ahi dejare mis llaves
05:01:42 : Vehicle: Viciuz: vamos a mi antigua base
05:01:46 : Vehicle: Viciuz: le coloco unas paredes y nos vamos
05:01:48 : Vehicle: Viciuz: esta bien?
05:02:15 : Vehicle: JF: SI DALE
05:03:01 : Vehicle: Viciuz: necesito un sniper xD
05:03:04 : Vehicle: Viciuz: espero encontrar uno
05:05:01 : Vehicle: Viciuz: si lo miramos
05:05:06 : Vehicle: Viciuz: me ayudarias a matarlo?
05:05:41 : Vehicle: JF: SI PERO NO TE ACERQUES TANTO 
05:12:59 : Vehicle: JF: ESO ES PARA CORTAR ARBOLES 
05:13:04 : Vehicle: Viciuz: Sip
05:13:19 : Vehicle: Viciuz: y zombies x
05:13:21 : Vehicle: Viciuz: xD
05:13:54 : Vehicle: JF: CUIDADO ESTAE SEGURO DE DONDE VAS  Y ACORDATE YO NO TENGO RUEDA DE AUXILO
05:14:13 : Vehicle: Viciuz: valee
05:14:36 : Vehicle: Viciuz: ire de nuevo a la safe
05:14:39 : Vehicle: Viciuz: y ya de ahi nos vamos, va?
05:14:44 : Vehicle: Viciuz: es que el plot vale 100k
05:14:49 : Vehicle: Viciuz: y si lo robaba, no me lo perdonaria
05:15:28 : Vehicle: JF: DALE , DALE
05:17:16 : Vehicle: Viciuz: ya olvide donde era xD
05:17:56 : Vehicle: JF: JAJA 
05:18:13 : Vehicle: Viciuz: volvere a la trade
05:18:17 : Vehicle: Viciuz: de ahi si se llegar xD
05:19:00 : Vehicle: JF: TENES QUE IR MIRANDO EL MAPA
05:19:32 : Vehicle: JF: YO NO SE AHORA POR DONDE ANDAMOS
05:20:01 : Vehicle: Viciuz: ni yo xDa
05:20:10 : Vehicle: Viciuz: ahh ya mire
05:20:17 : Vehicle: JF: DALE DERECHO NOMAS YA ME ORIENTE
05:22:04 : Vehicle: Viciuz: creo..
05:22:07 : Vehicle: Viciuz: que pase la entrada
05:22:13 : Vehicle: Viciuz: no estoy muy seguro
05:22:15 : Vehicle: Viciuz: pero mirare
05:24:02 : Vehicle: Viciuz: ya supe donde estamos
05:26:55 : Vehicle: Viciuz: tienes algun sniper que me prestes? xD
05:29:39 : Vehicle: Viciuz: Vamos a solo matarlo xD
05:30:57 : Vehicle: JF: ESTACIONA EN LA SOMBRA 
05:31:06 : Vehicle: Viciuz: Todavia falta mucho
05:31:07 : Vehicle: Viciuz: pero
05:31:11 : Vehicle: Viciuz: la dejaremos antes de llegar
05:31:18 : Vehicle: Viciuz: asi podremos ver de lejos y si algo pasa podemos huir
05:31:20 : Vehicle: Viciuz: te parece?
05:31:34 : Vehicle: JF: BUENO CUANDO LLEGUEMOS ES PARA QUE SE CAMOUFLE MAS AUN
05:32:20 : Vehicle: Viciuz: fue disparo?
05:32:23 : Vehicle: Viciuz: o fue mi imaginacion?
05:32:44 : Vehicle: JF: YO NO OI NADA
05:32:55 : Vehicle: Viciuz: de nuevo..
05:33:05 : Vehicle: JF: AHORA SI
05:33:10 : Vehicle: Viciuz: disparo..
