01:12:25 : Side: Braian |Aspirante|: que contas jf
01:13:03 : Side: Braian |Aspirante|: soy maxbraian je
01:13:57 : Side: JF: por ahora todo bien construyendo max , si me acuerdo cambiaste la identidad jeje
01:14:48 : Side: Braian |Aspirante|: si por que estoy en una comunidad tactica de tvt y eso
01:15:25 : Side: JF: perdona mi ignorancia que es tvt
01:16:23 : Side: Braian |Aspirante|: ja yo tampoco sabia shh je pero es como pvp contra otros equipos
01:17:38 : Side: JF: ahhh y como entraste a la comunidad
01:18:57 : Side: Braian |Aspirante|: mi compa aca el leo que se le fue la luz gg jaja, estava metido en este y me contacte con uno de rango alto y de momento estoy en practica je
01:20:24 : Side: JF: ah mira que bueno , interesante porque yo juego porque me gusta nada mas pero ni idea de lo que me contas
01:20:55 : Side: Braian |Aspirante|: como no alcance a ver 
01:21:03 : Side: Braian |Aspirante|: je
01:22:11 : Side: JF: que te decia que es intereante lo que me contas porque yo juego por gusto nada mas pero no tenia ni idea de eso
01:23:17 : Side: Braian |Aspirante|: yo avia visto por arma 3 pense que no quedava ninguna de estas para arma 2 pero ahi muchas arg 
01:25:20 : Side: JF: si depende del server tambien por ahi capa que estan buenos pero no te dan los filtros de steam
01:25:36 : Side: Braian |Aspirante|: claro
01:27:01 : Side: Braian |Aspirante|: quedo el heli bloquiado lp
01:27:29 : Side: JF: por???
01:28:08 : Side: Braian |Aspirante|: w
01:28:08 : Side: JF: no habre tu llave?
01:28:34 : Side: Braian |Aspirante|: lo lockeo y se le cayo el inter o la luz jaa
01:30:06 : Side: JF: ahh ,no se que esta pasando pporque hace un rato como que se me bloqueo un mozzi que tengo y pense que me equivoque de llave
01:30:38 : Side: Braian |Aspirante|: ah mira
01:30:57 : Side: JF: pero despues segui probando y le apunte arriba medio al rotor y ahi recien desplego el menu y pude habrir
02:09:44 : Direct: Leodagos: hola jf
02:10:27 : Side: JF: saludo chino jajaja
02:11:02 : Side: Braian |Aspirante|: eh jeje
02:12:13 : Group: Leodagos: hola?
02:12:19 : Side: Leodagos: q onda brian
02:12:22 : Group: Braian |Aspirante|: hola
02:12:27 : Group: Braian |Aspirante|: no se
02:17:09 : Group: Leodagos: kporali
02:46:36 : Side: Leodagos: jf vos estas al sur ?
02:46:41 : Side: Leodagos: en el mapa
02:47:11 : Side: JF: maso menos si pero ahora wstoy en el trader
02:47:40 : Side: Leodagos: te salen la smisiones cerca delas bases ?
02:48:34 : Side: JF: no que yo sepa salen medios retirados 
03:23:44 : Group: Leodagos: camping tent
03:23:47 : Group: Leodagos: son carpas
03:23:49 : Group: Leodagos: verdes
03:23:51 : Group: Leodagos: bastantes
03:45:12 : Side: JF: cambiaste la pilcha eh ..
03:46:16 : Side: JF: veni toma te doy este grador
03:46:43 : Side: JF: por ahi te sirve  yo ya tngo varios
06:35:04 : Group: Leodagos: che si subis traes unas sandbags q me olvide ?
06:35:08 : Group: Leodagos: bolsas d arena
06:35:12 : Group: Leodagos: xfa
06:36:15 : Group: Leodagos: naa tanto no
06:36:18 : Group: Leodagos: necesito 2 noas
06:36:20 : Group: Leodagos: nomas
06:37:12 : Group: Leodagos: q ¿
06:38:07 : Group: Leodagos: me trajiste
06:38:09 : Group: Leodagos: tank trap
06:42:44 : Group: Leodagos: nada
06:43:51 : Group: Leodagos: para hacer eso
06:44:02 : Group: Leodagos: hay q hacer como un cuarto arriba
06:47:57 : Group: Leodagos: que lastima q no se pueden girar las cosas 
06:48:05 : Group: Leodagos: 90º
06:48:41 : Group: Leodagos: xq sino poniamos una puerta con candado en el techo
06:50:57 : Group: Leodagos: ahora voy
06:53:32 : Group: Leodagos: no pongas nada esperame
06:53:41 : Group: Leodagos: voy a hacer la escalera asi vemos donde la ponemos
06:55:09 : Group: Leodagos: q falta ?
06:55:35 : Group: Leodagos: puerta de madera ?
06:56:00 : Group: Leodagos: y q llevo
06:56:15 : Group: Leodagos: q te pide para actualizar la puerta ?
06:56:19 : Group: Leodagos: 3 pole 3 tank ?
06:56:21 : Group: Braian |Aspirante|: una pueta, una escalera y un candado
06:56:58 : Group: Braian |Aspirante|: creo que se
06:58:26 : Group: Leodagos: la hacemos al medio ?
07:01:23 : Group: Leodagos: y dsp ?
07:02:30 : Group: Leodagos: q se abra para afuera o para adentro ?
07:03:28 : Group: Leodagos: che ni ahi tenes para hacer otra no ?
07:03:34 : Group: Leodagos: deja ya fue
07:03:47 : Group: Leodagos: decia poner la escalera aca masomenos
07:03:53 : Group: Leodagos: y hacer este cuadrado
07:04:22 : Group: Leodagos: si pero yo digo correr la escalera aca
07:04:27 : Group: Leodagos: donde estoy parado
07:04:59 : Group: Leodagos: y la pared de costado va a quedar horrible
07:05:11 : Group: Leodagos: no te entiendo
07:05:31 : Group: Leodagos: para no la pongas
07:06:06 : Group: Leodagos: si pero fijate q estamos
07:06:10 : Group: Leodagos: cagando mucho espacio
07:06:17 : Group: Leodagos: si hacemos el cuadrado en este
07:06:26 : Group: Leodagos: no sirve ahi
07:06:32 : Group: Leodagos: aca yo decia
07:06:41 : Group: Leodagos: la escalera entendes ?
07:06:46 : Group: Leodagos: la escalera !!
07:06:48 : Group: Leodagos: no la pared
07:06:53 : Group: Leodagos: pelotudo
07:06:56 : Group: Leodagos: xD
07:07:03 : Group: Leodagos: tenes para hacer otra puerta ?
07:07:14 : Group: Leodagos: si
07:07:16 : Group: Leodagos: tenes ?
07:07:31 : Group: Leodagos: voy a hacer otra escalera
07:07:57 : Group: Leodagos: te explique recien
07:08:01 : Group: Leodagos: pajero
07:08:14 : Group: Leodagos: ahora te voy a mostrar
07:08:17 : Group: Leodagos: voy a hacer otra puerta
07:09:39 : Group: Leodagos: si una puerta igual q la q isiste
07:09:52 : Group: Leodagos: sabes cual te digo ?
07:12:12 : Group: Leodagos: remove la puerta
07:12:15 : Group: Leodagos: x eso te ise hacer otra
07:16:31 : Group: Leodagos: x lo menos asi algo podemos dejar ya
07:16:56 : Group: Leodagos: 118 contraseña
07:19:14 : Group: Leodagos: donde estas
07:19:43 : Group: Leodagos: estoy bajando
07:19:44 : Group: Braian |Aspirante|: toy abajo
07:19:52 : Group: Braian |Aspirante|: dale
07:20:49 : Group: Leodagos: como ?
07:21:00 : Group: Leodagos: dale ahora vamos
07:22:42 : Group: Leodagos: estoy buscando algo boludito
07:25:23 : Group: Leodagos: hay q cerrar
07:25:27 : Group: Leodagos: el cuartito
07:25:43 : Group: Braian |Aspirante|: SI MERO NO TENGO MATERIALES JE
07:25:56 : Group: Leodagos: voy a traerme la suv camo
07:26:37 : Group: Braian |Aspirante|: oka yo voy a comodar algunas cosas de ultima te traes algunas cosas dentro de la suv
07:26:49 : Group: Leodagos: ok
07:33:46 : Group: Leodagos: q ?
07:33:54 : Group: Leodagos: no
07:33:57 : Group: Leodagos: depsues la llevo
07:34:01 : Group: Leodagos: para q
07:34:15 : Group: Leodagos: no te entendi nada lo q decis
07:34:19 : Group: Leodagos: escribime mejor
07:34:34 : Group: Leodagos: hablas muy rapido y no se enteinde nada
07:34:55 : Group: Leodagos: nono 
07:35:00 : Group: Braian |Aspirante|: JAJA
07:35:07 : Group: Leodagos: no me anda bien desde steam
07:35:42 : Group: Braian |Aspirante|: te decia de los otros veiculos, los rompo o guardo las llaves todas en una loker
07:35:58 : Group: Leodagos: yy yo diria q te fijes si los vas a usar o no
07:36:12 : Group: Leodagos: si ves q no los vas a usar vacialos y vendelos o hacelos mierda
07:36:26 : Group: Leodagos: yo con un heli , 2 camiones y una suv estoy bien
07:36:26 : Group: Braian |Aspirante|: mierda xD
07:36:32 : Group: Leodagos: mas los armados q tenemos
07:36:47 : Group: Braian |Aspirante|: si ya es mucho
07:36:53 : Group: Leodagos: los camiones los uso para guardar , la suv para moverme rapido y los heli para comprar y explorar
07:36:56 : Group: Braian |Aspirante|: hasta que seamos mas
07:37:06 : Group: Leodagos: .
07:37:11 : Group: Leodagos: dejalos aca
07:37:17 : Group: Leodagos: total esta base no nos cobran dinero
07:37:23 : Group: Leodagos: vamos a tenerla tambien como deposito
07:37:41 : Group: Braian |Aspirante|: si dejo una suv y un camion
07:37:49 : Group: Leodagos: ok
07:37:54 : Group: Braian |Aspirante|: el resto chau
07:37:54 : Group: Leodagos: llevo algunas cosas para alla
07:38:07 : Group: Leodagos: vos tenes para un rato mas aca en la base ?
07:38:24 : Group: Braian |Aspirante|: si anda llendo 
07:38:39 : Group: Leodagos: tenes para actualizar una ciner ?
07:38:39 : Group: Braian |Aspirante|: yo te acomodo la suv despues papa jaja
07:38:55 : Group: Leodagos: necesito levantar una pared
07:38:56 : Group: Braian |Aspirante|: si creo que ahi aca en la base
07:39:50 : Group: Leodagos: no , no hay bueno no importa
07:40:04 : Group: Braian |Aspirante|: si ves comida llevala
07:40:17 : Group: Leodagos: estoy cargado hasta las pelotas
07:40:32 : Group: Braian |Aspirante|: LA SAFE 2 CUAL ES 
07:42:57 : Group: Braian |Aspirante|: esta suv esta llena de cosas y de playa --
07:45:31 : Group: Braian |Aspirante|: ahi una safe la 2 creo que no me da
07:47:56 : Group: Braian |Aspirante|: la 2 era 47 algo no 
07:56:46 : Group: Leodagos: si tenemos balas de m240 trae 
07:56:54 : Group: Leodagos: asi dejamos aca algunas
07:57:15 : Group: Leodagos: solo me falta actualizar la pared de atras del cuarto y listo
07:57:34 : Group: Braian |Aspirante|: oka igual tengo un camion lleno de armas voy para la trader o me pasas a buscar y vamos pa la trader
07:58:17 : Group: Leodagos: ahora te voy a buscar dame un toqe q estoy acomodando unas cosas
08:01:07 : Group: Leodagos: llendo
08:01:15 : Group: Braian |Aspirante|: ok
08:02:07 : Group: Braian |Aspirante|: ok
08:04:15 : Group: Leodagos: subi
08:04:30 : Group: Braian |Aspirante|: ese
08:06:04 : Group: Braian |Aspirante|: dentro del heli te deje la m249 y el unico carg, pero igual puedo comprar 
08:06:24 : Group: Leodagos: m240 ese es m249 jaja
08:06:42 : Group: Braian |Aspirante|: por eso es la potente que encontre jajaj
08:06:54 : Group: Leodagos: pero nose si dispara con esa
08:07:15 : Group: Braian |Aspirante|: igual, despues ahi que ver jaja
08:08:04 : Group: Leodagos: habria que llevar 
08:08:10 : Group: Leodagos: cinder block
08:08:16 : Group: Leodagos: x cualquier cosa q queramos hacer
08:09:10 : Group: Leodagos: ya vuelvo
08:09:12 : Group: Braian |Aspirante|: ahora yo vengo todo y compro y te llamo
08:09:20 : Group: Leodagos: voy a cargarle nafta
08:09:25 : Group: Leodagos: hay q conseguir una bomba
08:09:28 : Group: Leodagos: de nafta
08:10:05 : Group: Braian |Aspirante|: ok
08:10:17 : Group: Braian |Aspirante|: queres que lo compre y lo llevas ?
08:10:23 : Group: Leodagos: venden ?
08:10:42 : Group: Braian |Aspirante|: un camion de nafta ? se
08:10:49 : Group: Leodagos: no la bomba
08:11:21 : Group: Braian |Aspirante|: mm me mataste 
08:12:41 : Group: Leodagos: podriamos lelvar un camion de nafta y tenerlo afuera para repostar
08:13:06 : Group: Leodagos: voy a comprar uno
08:13:06 : Group: Braian |Aspirante|: calro por eso para los heli
08:13:15 : Group: Braian |Aspirante|: que sea lindo jaja
08:15:19 : Group: Leodagos: el camuflado compre
08:15:42 : Group: Braian |Aspirante|: piola, che mira en el camion aver si queres alguna arma 
08:16:04 : Group: Leodagos: correte
08:16:48 : Group: Leodagos: no
08:18:40 : Group: Braian |Aspirante|: no estava que paso
08:18:50 : Group: Leodagos: no quiero ninguna
08:18:53 : Group: Leodagos: vendelas
08:19:00 : Group: Braian |Aspirante|: ok
08:27:57 : Group: Braian |Aspirante|: che traes el camion de la base o cargo este y despues destruimos ?
08:28:22 : Group: Leodagos: dejalo con la llave adentro x ahi
08:28:32 : Group: Leodagos: par aalguno q lo encuentr
08:29:17 : Group: Braian |Aspirante|: ajja oka pero los materiales que ahi que comprar te traes el camion ?
08:29:43 : Group: Leodagos: usa ese q tenes bola
08:29:47 : Group: Leodagos: antes de irnos lo dejamos x ahi
08:30:00 : Group: Braian |Aspirante|: ahhddd okokok
08:30:13 : Group: Leodagos: cuarto cerrado
08:30:34 : Group: Braian |Aspirante|: ok
08:32:08 : Group: Leodagos: q necesitas q haga
08:32:38 : Group: Braian |Aspirante|: ahi que espandir el techo ?
08:32:46 : Group: Leodagos: x ahora no
08:32:58 : Group: Braian |Aspirante|: oka
08:33:29 : Group: Leodagos: ahora solo habria q juntar comida , cosas medicas , balas q usamos y hacer la parte de plantacion y ya estariamos full 
08:33:37 : Group: Leodagos: en la otra etapa podemos ayudar o matar jugadores
08:34:02 : Group: Braian |Aspirante|: oka
08:38:06 : Group: Braian |Aspirante|: madera, alambre ?
08:38:17 : Group: Leodagos: madera
08:38:31 : Group: Leodagos: y x las dudas traete unos pares de suply crate de scrap metal
08:38:36 : Group: Leodagos: x ahi nos pide 
08:38:44 : Group: Leodagos: cuando hagamos los cultivos
08:38:59 : Group: Braian |Aspirante|: dale
08:40:51 : Group: Leodagos: VENDAS
08:41:13 : Group: Braian |Aspirante|: oka
08:53:42 : Group: Braian |Aspirante|: jaja
08:54:06 : Group: Leodagos: xq no vendiste esas armas ?
08:54:24 : Group: Braian |Aspirante|: no las podia vender lp
08:56:37 : Group: Leodagos: queda poco espacio
08:56:56 : Group: Braian |Aspirante|: abri tu camion
08:58:59 : Group: Leodagos: las armas q estan ahi son todas una garcha
08:59:01 : Group: Leodagos: ni las traigas
09:08:02 : Group: Braian |Aspirante|: como se lansa granada ?
09:08:23 : Group: Leodagos: tenes q tocar la F  hasta q se ponga la granada
09:08:26 : Group: Leodagos: arriba ala derecha
09:08:35 : Group: Leodagos: y despues mantener el click para la distancia y soltar
09:08:57 : Group: Braian |Aspirante|: como pega 
09:09:01 : Group: Braian |Aspirante|: jaja
09:09:05 : Group: Leodagos: jaja
09:09:39 : Group: Braian |Aspirante|: y eso que hago ?
09:09:58 : Group: Braian |Aspirante|: donde lo dejo ?
09:10:07 : Group: Leodagos: dejale la llave adentro
09:10:11 : Group: Leodagos: y prestamelo
09:10:42 : Group: Leodagos: aca ya no entra mas nada
09:10:42 : Group: Braian |Aspirante|: ajja
09:11:14 : Group: Braian |Aspirante|: jajja
09:12:44 : Group: Braian |Aspirante|: eh yo estaba tirando ..
09:14:20 : Group: Braian |Aspirante|: lagero jaja
09:15:32 : Group: Braian |Aspirante|: jaja
09:15:44 : Group: Braian |Aspirante|: tranquilo
09:16:38 : Group: Braian |Aspirante|: que estoy to loco
09:18:37 : Group: Braian |Aspirante|: aguataaaa
09:18:49 : Group: Leodagos: cuidado q tiene poco espacio
09:18:52 : Group: Leodagos: la gunrack
09:19:06 : Group: Leodagos: `la puse para poder sacar armas si hay tiroteo
09:19:11 : Group: Braian |Aspirante|: se
09:20:49 : Group: Leodagos: t digo q tner este heli aca arriba es como tener una ametralladora
09:21:00 : Group: Braian |Aspirante|: jaja se
09:21:44 : Group: Braian |Aspirante|: hace mucho que no manejo un heli y avion je
09:22:49 : Group: Leodagos: quedo piola no ?
09:22:54 : Group: Braian |Aspirante|: se
09:23:41 : Group: Braian |Aspirante|: yo traje alambre que lo deje abajo
09:23:50 : Group: Leodagos: ya recubri todo de alambre
09:23:54 : Group: Braian |Aspirante|: porrrr las dudas
09:24:06 : Group: Leodagos: buenisimo
09:26:07 : Group: Braian |Aspirante|: mepa que me compro un heli para practicar jaja
09:26:19 : Group: Leodagos: jaja
09:29:53 : Group: Leodagos: mepa q me voy a dormir che
09:30:18 : Group: Braian |Aspirante|: oka 
09:30:56 : Group: Leodagos: despues voy a entrar a diseñar 
09:31:01 : Group: Leodagos: lo de la plantacion
09:31:09 : Group: Leodagos: pero sino la plantacion la podemos tner en la otra base
09:31:11 : Group: Leodagos: q se yo
09:31:36 : Group: Leodagos: adentro de esa base llenamos de plantaciones y listo
09:31:39 : Group: Braian |Aspirante|: puede ser. avia que ver
09:31:53 : Group: Leodagos: bueno me voy , mas tarde entro
09:32:12 : Group: Braian |Aspirante|: ok
09:32:41 : Group: Braian |Aspirante|: wtf
09:33:29 : Group: Braian |Aspirante|: lol
09:33:54 : Group: Braian |Aspirante|: tenias racion
09:34:11 : Group: Leodagos: q cosa
09:34:28 : Group: Braian |Aspirante|: jajja que tenias racon jaja
09:34:44 : Group: Braian |Aspirante|: jajaja
09:34:59 : Group: Braian |Aspirante|: no me sale la palabra por que mierda put. juego
09:35:57 : Group: Braian |Aspirante|: vamos a ver como ando con la conducuion de helis jaja
09:36:53 : Group: Braian |Aspirante|: como agarro el cuat con el heli
09:37:21 : Group: Leodagos: tenes q dejarlo abierto el cuatri , te acercas con el heli y aparece lift object
09:37:25 : Group: Leodagos: le das click y lo agarra
09:37:43 : Group: Leodagos: y despues cuando llegas a destino te acercas al piso y pones DROP OBJECT y lo suelta
09:37:59 : Group: Braian |Aspirante|: ah oka
09:39:57 : Group: Leodagos: intentemos cuidar este de 1 millon
09:43:16 : Group: Braian |Aspirante|: aver ajja
09:43:23 : Group: Leodagos: ya vuelvo
09:43:29 : Group: Braian |Aspirante|: ok
09:45:34 : Group: Braian |Aspirante|: laggg de fps
09:46:28 : Group: Braian |Aspirante|: jaja
09:47:29 : Group: Braian |Aspirante|: listo jajaj
09:47:57 : Group: Braian |Aspirante|: uh casi me mato jaja
09:48:03 : Group: Leodagos: jaja
09:48:11 : Group: Braian |Aspirante|: jaja
09:48:37 : Group: Braian |Aspirante|:  ta bueno esta parte 
09:50:47 : Group: Braian |Aspirante|: ahi ta mejor jaja
12:16:17 : Side: JF: Hola Jejox ccomo estas..¡
12:16:27 : Side: Jej0x |Aspirante|: hola jf todo bien vos'
12:16:54 : Side: Jej0x |Aspirante|: hacemos misiones?w
12:17:31 : Side: JF: bien amigo bien un poco engripado nada mas jeje...
12:17:42 : Side: Jej0x |Aspirante|: a mi me duele un toque la garganta
12:18:28 : Side: Jej0x |Aspirante|: hacemos mla mision?
12:18:39 : Side: JF: Ja estamos en el horno unos cuantos ..
12:18:58 : Side: Jej0x |Aspirante|: seew
12:19:18 : Side: JF: bueno pero me estaba fijando
12:20:14 : Side: JF: y como que no salen , yo no puedo hacer las de heroes y por ahora es la unica
12:20:30 : Side: Jej0x |Aspirante|: porque mno?
12:21:00 : Side: JF: porque me baja la humanidad 
12:21:09 : Side: Jej0x |Aspirante|: me la chupa la humanidad
12:21:21 : Side: Jej0x |Aspirante|: tengo 3000
12:21:22 : Side: JF: jajajaaaaja
12:21:45 : Side: Jej0x |Aspirante|: nunca le di bola
12:21:56 : Side: JF: che vos no arias un trabajito para mi --
12:22:03 : Side: Jej0x |Aspirante|: cual?
12:22:28 : Side: JF: ahora te explico
12:23:11 : Side: JF: necesito partes de zombi nos encontrariamos en el trade cuando tengas la mercancia 
12:23:39 : Side: Jej0x |Aspirante|: cuantas queres?w
12:24:08 : Side: JF: por 25 partes te doy el equivalente a 5000 si te parece
12:24:19 : Side: Jej0x |Aspirante|: jajajaja
12:24:31 : Side: Jej0x |Aspirante|: no compro ni las balas de mi m24
12:24:57 : Side: JF: cuanto queres por 25
12:25:06 : Side: Jej0x |Aspirante|: 100000
12:25:12 : Side: Jej0x |Aspirante|: 10000
12:26:09 : Side: JF: diez mil las 30 aceptas?
12:27:24 : Side: Jej0x |Aspirante|: juan me das una mano aca
12:27:41 : Side: Jej0x |Aspirante|: veni y mira
12:28:36 : Side: JF: Jaajaaajaa gracias Juan como andas , vos siempre apareciendo de la nada ..
12:29:33 : Side: JF: yo estoy haciendo un esfuerzo por reactivar la economia y vos le pateas los negocios a Jejox ..
12:29:36 : Side: Jej0x |Aspirante|: dale juancito dame una manito en la mision
12:30:48 : Side: JF:  despues se quejan de este pais , xD jajaja....
12:30:50 : Side: Jej0x |Aspirante|: bueno si muero me traes denuevo?
12:31:21 : Side: JF: y Jejox aceptas el trato o no?
12:31:29 : Side: Jej0x |Aspirante|: si logro hacer la mision si
12:31:39 : Side: juandayz: q onda
12:31:44 : Side: Jej0x |Aspirante|: me matas a los bots?
12:31:52 : Side: Jej0x |Aspirante|: soy medio manco yo
12:32:03 : Side: juandayz: :S pero q necesitabas de ayuda?
12:32:13 : Side: Jej0x |Aspirante|: si con los forritos esos
12:32:36 : Side: Jej0x |Aspirante|: si muero me traes?
12:32:44 : Side: juandayz: ¬¬ te voy a matar me hiciste abrir todo el juego para q te mate los bots de la mision.. pense q era un bug o allgo
12:33:00 : Side: Jej0x |Aspirante|: si igual tengo otro bug
12:33:06 : Side: Jej0x |Aspirante|: te acordas de mi safe ayer
12:33:09 : Side: juandayz: si
12:33:12 : Side: Jej0x |Aspirante|: me sigue sin tomar la contrasñea-
12:33:19 : Side: Jej0x |Aspirante|: y no la piedp sacara
12:33:21 : Side: JF: jua jua jua jua
12:33:24 : Side: Jej0x |Aspirante|: no la puedo sacar
12:33:44 : Side: JF: che a mi me pasa lo mismo que se puede hacer
12:33:50 : Side: Jej0x |Aspirante|: son demasiados bots
12:33:52 : Side: Jej0x |Aspirante|: voy a morir
12:34:00 : Side: Jej0x |Aspirante|: encima son heroes
12:34:02 : Side: Jej0x |Aspirante|: disparan re bien
12:34:26 : Side: Jej0x |Aspirante|: un auto como escudo me vendria bien ahora
12:35:05 : Side: Jej0x |Aspirante|: porfa juan matamelos
12:35:07 : Side: Jej0x |Aspirante|: tengo miedo
12:35:26 : Side: Jej0x |Aspirante|: no es divertido ser un manco
12:35:32 : Side: JF: encima la embarre con la safe que se puede hacer
12:43:10 : Side: Jej0x |Aspirante|: naaaaa
12:43:12 : Side: Jej0x |Aspirante|: anda a cagar
12:43:16 : Side: Jej0x |Aspirante|: 1 mision que hago
12:45:15 : Side: Jej0x |Aspirante|: juan porfavor
12:45:20 : Side: Jej0x |Aspirante|: te lo suplico dame una mano
12:45:26 : Side: Jej0x |Aspirante|: no viste que en tiroteo ni 2 minutos dure
12:45:34 : Side: Jej0x |Aspirante|: s.soy un asco
12:45:34 : Side: juandayz: no te puedo matar los bots jejo, es trampa eso
12:45:41 : Side: Jej0x |Aspirante|: llevame con mis cossa plis
12:46:13 : Direct: juandayz: donde esta tu safe jf?
12:46:27 : Side: Jej0x |Aspirante|: eso si podes
12:46:49 : Side: juandayz: donde qeres q te lleve?
12:46:54 : Side: Jej0x |Aspirante|: con mi cuerpo
12:47:02 : Side: juandayz: marcalo en el mapa
12:47:28 : Side: Jej0x |Aspirante|: agarro mis cosas y me voy  ala mierda
12:47:33 : Side: Jej0x |Aspirante|: no sirvo para hacer misiones
12:47:34 : Side: JF: castillo Ros jaun me vine lejos por un problema  de amores con la aneta 
12:47:45 : Side: Jej0x |Aspirante|: jajaja
12:47:54 : Side: juandayz: pero marca tu cuerpo, no se donde esta :D
12:48:00 : Side: Jej0x |Aspirante|: lo marque
12:48:03 : Side: Jej0x |Aspirante|: dice "Aca"
12:48:13 : Side: juandayz: q puta no me sale, dame las coordenadas
12:48:42 : Side: Jej0x |Aspirante|: 109 068
12:49:17 : Side: Jej0x |Aspirante|: deja voy caminando
12:49:41 : Side: Jej0x |Aspirante|: me confundi por una
12:50:16 : Side: JF: jaajaja
12:50:17 : Direct: juandayz: donde esta la safe
12:50:30 : Side: JF: no 
12:50:36 : Side: JF: estas otra
12:51:04 : Side: JF: esas 
12:51:11 : Side: juandayz: ¬¬ mira donde la pusiste jaja
12:51:53 : Side: juandayz: ni si quiera me da la opcion de nada :D
12:52:05 : Side: JF: que cagada puse una y no me abrio y por cabezon le meti otra encima
12:52:26 : Side: JF: eso me paso desde el principio
12:52:56 : Side: Jej0x |Aspirante|: se reproducen los zombies
12:53:02 : Side: Jej0x |Aspirante|: digo los heroes
12:53:45 : Direct: juandayz: agarra esa
12:53:55 : Direct: juandayz: ponela en un lugar normal bola
12:54:15 : Side: juandayz: nop
12:54:21 : Side: Jej0x |Aspirante|: parecira
12:54:24 : Side: Jej0x |Aspirante|: pareciera
12:54:48 : Side: Jej0x |Aspirante|: como puedo hacer para matarlos?
12:54:48 : Side: juandayz: no, aca estoy en el centro de la mision, son banda no mas
12:55:02 : Side: JF: jajajaja el cerrajero  me fallllo ..
12:55:30 : Side: juandayz: ahi te deje una safe pelootas  de trapo, trata de no ponerlas adentro de las paredes jajaja
12:55:52 : Side: juandayz: ni si quiera me deja borrarla de lo bugeada q la dejaste _D
12:56:18 : Side: JF:  pero viste que lugar genial ese deveria funcionar
12:56:18 : Side: juandayz: mata el cal 50 primero jejox
12:56:32 : Side: Jej0x |Aspirante|: no me carga la 9m y m tengo que curra
12:56:56 : Side: JF: gracias juan la dejo como decorado  entonces 
12:57:46 : Side: Jej0x |Aspirante|: me la re dieron
12:57:48 : Direct: juandayz: tirales con el sniper ese bola
12:57:50 : Side: Jej0x |Aspirante|: y encima la 9m sd no me carga
12:57:56 : Side: Jej0x |Aspirante|: tengo que matar al zombie
12:58:04 : Direct: juandayz: mira
12:58:21 : Side: Jej0x |Aspirante|: papa no me anda la 9m para matar al zomiie
12:58:25 : Side: Jej0x |Aspirante|: le tire ocn el m24
12:58:49 : Side: Jej0x |Aspirante|: ahora si
12:59:36 : Direct: juandayz: agarra
12:59:41 : Side: Jej0x |Aspirante|: tiran con todo
13:01:22 : Side: Jej0x |Aspirante|: zobmies de mierda
13:01:27 : Side: Jej0x |Aspirante|: te juro los odio
13:03:40 : Side: Jej0x |Aspirante|: voy  allorar
13:03:51 : Side: Jej0x |Aspirante|: te lo juro
13:04:01 : Side: Jej0x |Aspirante|: que juego de mirda
13:04:02 : Side: Jej0x |Aspirante|: loco
13:04:05 : Side: Jej0x |Aspirante|: no se puede hacer nada
13:05:32 : Side: Jej0x |Aspirante|: por este motivo dejo de jugar 3 meses 
13:10:36 : Side: juandayz: seguis renegando con la mision?
13:10:55 : Side: Jej0x |Aspirante|: se
13:11:14 : Side: juandayz: ahi le decimos al ejercito q te ayude
13:11:51 : Side: Jej0x |Aspirante|: ya perdi mi dignidad
13:12:14 : Side: Jej0x |Aspirante|: gracias ejercitow
13:13:44 : Side: Jej0x |Aspirante|: en los que?w
13:13:56 : Side: juandayz: en los humvies destruidos
13:18:04 : Side: Jej0x |Aspirante|: asi juan?
13:18:19 : Side: juandayz: e?
13:18:31 : Side: Jej0x |Aspirante|: mirame
13:18:48 : Side: juandayz: si
13:19:07 : Side: juandayz: despues la podes remover y salvas la bolsa de arena
13:19:20 : Side: Jej0x |Aspirante|: si no me cogen si
13:19:29 : Side: Jej0x |Aspirante|: zombies de mierda
13:19:34 : Side: Jej0x |Aspirante|: ahi baje al cal50
13:19:44 : Side: Jej0x |Aspirante|: pero estos zombies me van a joder un ratito
13:19:55 : Side: Jej0x |Aspirante|: enciima me quede sin balas ne la silenciada
13:20:20 : Side: Jej0x |Aspirante|: mira ahi me vienen a matar
13:20:36 : Side: Jej0x |Aspirante|: viene el ejercito?
13:20:44 : Side: JF: tenes muchos zombis cerca aprovecha y sacale las partes , no te olvides del trato
13:21:02 : Side: Jej0x |Aspirante|: lo que menos estoy pensando es en tu trato
13:21:31 : Side: Jej0x |Aspirante|: dame otra mano
13:21:37 : Side: Jej0x |Aspirante|: soy muy manco
13:22:11 : Side: Jej0x |Aspirante|: porfavor tierra tragame
13:22:24 : Side: juandayz: se fue el ejercito
13:22:26 : Side: Jej0x |Aspirante|: tengo a los bots alado mio
13:22:40 : Side: Jej0x |Aspirante|: muerto
13:23:08 : Side: Jej0x |Aspirante|: bots putos soy un asco
13:23:17 : Side: Jej0x |Aspirante|: conrazon la ctu me echo
13:24:45 : Side: Jej0x |Aspirante|: naaaa encima me robaron los bandidos o me la cago alguien
13:27:06 : Side: Jej0x |Aspirante|: bad gyt compaw
13:27:50 : Side: Bad Guy: buenas
13:27:58 : Side: Jej0x |Aspirante|: .estoy sufriendo con una mision
13:28:07 : Side: Bad Guy: JAJAJA entra ts wacho
13:28:15 : Side: Jej0x |Aspirante|: 4 veces mori ahora entrow
13:28:25 : Side: Bad Guy: cual mision??
13:41:40 : Side: Jej0x |Aspirante|: JUAN
14:03:36 : Side: JF: Ohh que bueno Juan ya tengo agua ..xD
14:30:31 : Side: Jej0x |Aspirante|: painful
14:57:14 : Group: Jej0x |Aspirante|: 9578
15:29:42 : Side: [WG] SnakeGeneral: onde eu arrumo o 30m pra construi a casa ?
15:55:20 : Side: Bad Guy: che juan o chuky?
16:14:45 : Side: [WG] SnakeGeneral: what location for Wood Shack
16:17:07 : Group: [WG] SnakeGeneral: Wood Shack
16:23:12 : Side: Kirito: HOLAS
16:27:48 : Side: Kirito: DIJE HOLA CHE 
17:11:13 : Side: [WG] SnakeGeneral: adm anark used hack
17:11:41 : Side: AnarKo: ¿¿ hack ? ?? stupid ignorant !
17:13:16 : Side: AnarKo: y malagradecido ademas
17:14:49 : Side: AnarKo: hablan español or only english ?
17:16:39 : Side: AnarKo: por si hablas español.. no les robè el pole plot ni ocultè su cuerpo
17:17:11 : Side: AnarKo: solo le quitè el dinero, andaba algo corto
17:17:38 : Side: AnarKo: su heli era grande y se ve de lejos aterrizar.. fue facil
17:18:07 : Side: chilesito: buenass
17:18:12 : Side: AnarKo: buenas
17:21:40 : Side: [WG] SnakeGeneral: np 
19:53:18 : Side: Jej0x |Aspirante|: como hago una puerta de madera?
19:53:28 : Side: Jej0x |Aspirante|: how to craft a woood door?
20:05:34 : Side: JF: Buenas gente..
20:05:36 : Side: Jej0x |Aspirante|: jf compaw
20:05:45 : Side: Jej0x |Aspirante|: bad guy me regalo su base
20:07:13 : Side: JF: jojo barbaro , podes mantenersela pero cuando el muera tenes que replantar los plot ahi es tuya definitivamente
20:08:55 : Side: Jej0x |Aspirante|: eu que necesito para craftear la puerta de madera
20:10:25 : Side: JF: no tengo idea..
20:28:14 : Side: Alan: BUENAS
20:28:28 : Side: Jej0x |Aspirante|: alan tood piola?
20:28:43 : Side: Alan: todo piola por suerte y vos
20:29:02 : Side: Jej0x |Aspirante|: todo piola aca acomodando la base
20:29:09 : Side: JF: Alan como estas , todo bien?
20:29:57 : Side: Jej0x |Aspirante|: quien anda en heli por el mercado?
20:30:02 : Side: Jej0x |Aspirante|: lo iba a bajar
20:33:01 : Side: Alan: quien esta haciendo misiones ?
20:33:15 : Side: Jej0x |Aspirante|: yo no pero en un rato capaz
20:33:23 : Side: Alan: ahh me podes venir a buscar
20:33:36 : Side: Alan: es q hice una mision y desaparecio el vehiculo
20:33:38 : Side: Alan: y quede a pata
20:42:59 : Side: Alan: como andas queridoo
20:43:42 : Side: JF: Buena como esta dotorrr ..
20:43:45 : Side: Alan: me alegro papa
20:43:46 : Side: Jej0x |Aspirante|: che juan como solucionamos lo de la safe de mierda esta?
20:44:03 : Side: Jej0x |Aspirante|: dale porfa
20:45:04 : Side: Jej0x |Aspirante|: che el 30m plot tira 30 metros para arriba y los costados?
20:45:40 : Side: Jej0x |Aspirante|: la tengo aca
20:45:50 : Side: Jej0x |Aspirante|: la necesito para guardar cosas la tengo alpedo
20:45:57 : Direct: juandayz: hi
20:46:06 : Direct: juandayz: cual es
20:46:12 : Direct: Jej0x |Aspirante|: la safe izquierda
20:46:15 : Direct: Jej0x |Aspirante|: sacalaw
20:46:29 : Direct: juandayz: sacale todo
20:46:35 : Direct: juandayz: empaca y volve a plantar
20:46:36 : Direct: Jej0x |Aspirante|: no tiene nada se lo saque auer
20:46:42 : Direct: juandayz: ok
20:46:49 : Direct: Jej0x |Aspirante|: pero no me deja empacar
20:46:53 : Direct: Jej0x |Aspirante|: me pide la contraseña
20:46:54 : Direct: juandayz: ok banca
20:47:01 : Direct: Jej0x |Aspirante|: empacala vos
20:47:37 : Direct: Jej0x |Aspirante|: gfracias
20:47:40 : Direct: Jej0x |Aspirante|: geniowd
20:47:49 : Direct: juandayz: de nada, anotate la contraseña
20:47:57 : Direct: Jej0x |Aspirante|: seee
20:47:59 : Direct: juandayz: ta linda tu base
20:51:52 : Side: Alan: q son los DShKM 
20:52:04 : Side: Alan: LOS M134 7.62 NATO Y M2 MACHINE GUN ?
20:52:06 : Side: Jej0x |Aspirante|: cargadores de heli creo
20:52:15 : Side: Jej0x |Aspirante|: creo que son caros
20:52:22 : Side: Jej0x |Aspirante|: vendelos
20:52:46 : Side: Alan: OK GRACIAS JEJOX
20:53:12 : Side: Jej0x |Aspirante|: che juan cual es el limite de items en un plot?
20:57:05 : Side: Alan: te voy a cagar a tiro la concha de tu madreee !!
20:57:14 : Side: Fravilml: lol
20:57:15 : Side: Jej0x |Aspirante|: jajajaj re sacado
20:57:18 : Side: Alan: jaja
20:58:34 : Side: Fravilml: hola
20:58:37 : Side: Alan: hola
20:58:46 : Side: Alan: pera que vendo esto
20:58:52 : Side: Fravilml: d
21:07:54 : Side: Alan: en q parte vendo lasmuniciones de helicopteros _
21:08:20 : Side: Alan: los dshkm, m134 7.62 nato y m2 machine gun
21:08:36 : Side: juandayz: hero, bandit o antena 4
21:08:57 : Side: Jej0x |Aspirante|: antena
21:09:01 : Side: Jej0x |Aspirante|: pero para que?
21:09:04 : Side: Alan: donde esta bandit _
21:09:16 : Side: juandayz: al lado del medico
21:09:19 : Direct: Alan: donde esta bandit _
21:09:33 : Side: Jej0x |Aspirante|: pero para que preguntabas?
21:11:35 : Side: Alan: woo me hice 1 millon
21:11:47 : Side: Jej0x |Aspirante|: vendiste los dh?
21:11:59 : Side: Alan: si saque bastante de una mision
21:12:14 : Side: Jej0x |Aspirante|: cuanto te dieron por cada uno?
21:12:21 : Side: Alan: 7 5 2
21:12:27 : Side: Jej0x |Aspirante|: ah mierda
21:12:43 : Side: Jej0x |Aspirante|: juan podes mover objetos?
21:12:51 : Side: Alan: harry poter _
21:13:00 : Side: Jej0x |Aspirante|: jajaja es que puse mal un piso
21:13:01 : Direct: Alan: q lindoo
21:13:10 : Side: juandayz: no, mover no
21:13:10 : Direct: Alan: vos no, lo q vendi
21:13:16 : Side: Jej0x |Aspirante|: leo putooo
21:13:20 : Side: Jej0x |Aspirante|: eliminar?
21:13:28 : Direct: Alan: terrible casi 900k
21:13:32 : Side: juandayz: con la barreta sacas los pisos
21:13:38 : Direct: juandayz: bien
21:13:43 : Side: Jej0x |Aspirante|: es que lo puse ayer antes de morir
21:13:46 : Direct: juandayz: guardalo antes q te maten :D
21:13:50 : Direct: Alan: jaja si 
21:13:51 : Direct: Alan: che
21:13:54 : Direct: Alan: con la caja de herramienta
21:13:58 : Side: Jej0x |Aspirante|: entonces ahora no me sale la opcion
21:13:59 : Direct: Alan: se puede hacer un helicoptero _
21:14:21 : Direct: Alan: y recien leo lo q me pusiste en steam
21:14:25 : Direct: Alan: jaja y es verdad me cago el restart
21:14:25 : Side: Jej0x |Aspirante|: avisame cuando estes aburrido y te muestro
21:14:31 : Direct: Alan: no llegue a vender la mierda del auto jaja
21:14:35 : Direct: juandayz: jajaj
21:15:26 : Direct: Alan: se puede hacer el heli _
21:15:31 : Direct: juandayz: no
21:15:32 : Direct: Alan: con la caja de herramientas _
21:15:54 : Direct: Alan: q mierda jaja
21:16:00 : Direct: Alan: voy en bicicleta a las misiones
21:16:01 : Direct: juandayz: lo saque a eso
21:16:05 : Direct: Alan: para traerme los vehiculos y venderlo
21:16:16 : Direct: juandayz: comprate una moto rata aunque sea
21:16:23 : Direct: Alan: jaja
21:16:37 : Direct: Alan: mira una mision aca nomas
21:16:45 : Direct: Alan: vamos hacerla
21:17:27 : Direct: Alan: specteame miraa
21:17:30 : Direct: Alan: lo bueno q soy
21:17:30 : Direct: Alan: jaja
21:17:31 : Direct: juandayz: jajaj anda a guardar la plata
21:17:37 : Direct: Alan: jaja no pasa nada
21:20:14 : Direct: juandayz: hi guys
21:20:38 : Direct: juandayz: :) todo bien?
21:20:43 : Direct: [WG] SnakeGeneral: si y tu
21:20:51 : Group: Leodagos: escribime mejor
21:20:53 : Direct: juandayz: bien, necesitan algo?
21:21:00 : Group: Jej0x |Aspirante|: dale 
21:21:05 : Group: Jej0x |Aspirante|: podes aterrizar en el techo
21:21:05 : Group: Leodagos: xq no te entiendo una verga
21:21:10 : Group: Leodagos: estoy en bici
21:21:10 : Group: Jej0x |Aspirante|: fijate si te entra el heli
21:21:11 : Group: Leodagos: xD
21:21:15 : Group: Jej0x |Aspirante|: ah ok
21:21:21 : Group: Jej0x |Aspirante|: ahi bajo a abrirte
21:21:23 : Direct: [WG] SnakeGeneral: no tienes el npc metal panel para vender ?
21:21:31 : Group: Jej0x |Aspirante|: los vehiculos se los lleva a su base nueva pero yo me quedo con todo
21:21:56 : Group: Leodagos: tenes guita ?
21:22:09 : Group: Jej0x |Aspirante|: se que queres?
21:22:20 : Group: Leodagos: sino te ayudaba a hgacer
21:22:36 : Group: Jej0x |Aspirante|: no tenog que hacer nada
21:22:40 : Group: Leodagos: vendemos marihuana o hacemos alguna mision 
21:22:51 : Group: Jej0x |Aspirante|: dalle
21:22:53 : Group: Jej0x |Aspirante|: entra
21:23:02 : Direct: juandayz: detras tuyo, snake
21:23:03 : Group: Leodagos: jaja
21:23:10 : Group: Leodagos: aa mira q cheta
21:23:23 : Group: Jej0x |Aspirante|: el ultimo piso fue invento mio
21:23:29 : Group: Leodagos: trae el pole y ponelo aca boludo
21:23:39 : Group: Jej0x |Aspirante|: cando escuchas a alguien lo cagas a tiros por las puertas
21:23:45 : Group: Jej0x |Aspirante|: despues al pole le voy  ahacer una casita
21:23:49 : Group: Leodagos: aa ok
21:23:53 : Group: Leodagos: sii hacele algo con candado
21:23:55 : Group: Leodagos: urgente
21:23:57 : Group: Jej0x |Aspirante|: mira esto
21:24:05 : Group: Jej0x |Aspirante|: la casa de las puertas
21:24:05 : Group: Leodagos: re agitador
21:24:18 : Group: Leodagos: te convenia q se habran para afuera
21:24:23 : Group: Jej0x |Aspirante|: es lo mismo
21:24:47 : Group: Leodagos: listo para el combate
21:24:48 : Group: Jej0x |Aspirante|: erra gil
21:24:50 : Group: Leodagos: buenisimo
21:24:51 : Group: Jej0x |Aspirante|: no me las abras
21:25:12 : Group: Jej0x |Aspirante|: le iba a hacer techo
21:25:13 : Group: Leodagos: muy buena 
21:25:17 : Group: Jej0x |Aspirante|: pero estoy casi en el limite de items
21:25:28 : Group: Leodagos: xq ?
21:25:37 : Group: Jej0x |Aspirante|: 100 de items tengo
21:25:39 : Group: Jej0x |Aspirante|: en el pole
21:25:42 : Group: Jej0x |Aspirante|: el limite es 150
21:25:50 : Group: Leodagos: aah uu
21:25:56 : Group: Jej0x |Aspirante|: cuando bad se lleov su camion y el vodnik
21:25:56 : Group: Leodagos: bueno sino lo q flashe
21:26:00 : Group: Jej0x |Aspirante|: le hago la casita al pole
21:26:02 : Group: Leodagos: es esto
21:26:08 : Group: Leodagos: viste q cada pole
21:26:10 : Group: Leodagos: son 30m
21:26:12 : Group: Jej0x |Aspirante|: se
21:26:18 : Group: Jej0x |Aspirante|: 30 para cada lado
21:26:20 : Group: Leodagos: justo donde termina el 30 pones otro
21:26:22 : Group: Leodagos: claro
21:26:26 : Group: Leodagos: entonces haces la base
21:26:31 : Group: Leodagos: teniendo en cuenta eso
21:26:33 : Group: Jej0x |Aspirante|: se pero no se juntan
21:26:34 : Group: Leodagos: y tens mas de 150
21:26:42 : Group: Leodagos: pero si vos haces un puente
21:26:42 : Group: Jej0x |Aspirante|: no se juntan
21:26:53 : Group: Leodagos: tendria q llegar
21:26:53 : Group: Jej0x |Aspirante|: aparte etre cada plot tiene que haber 200 metros
21:27:04 : Group: Leodagos: habia uno q jugaba
21:27:10 : Group: Jej0x |Aspirante|: mira aca esta haciendose su base bad guy
21:27:11 : Group: Leodagos: q eran plots de 100m
21:27:21 : Group: Jej0x |Aspirante|: a mis 12
21:27:28 : Group: Leodagos: empeso ahi
21:27:32 : Group: Jej0x |Aspirante|: ee
21:27:34 : Group: Leodagos: no puso casi nada todavia
21:27:36 : Group: Jej0x |Aspirante|: para estar cerca
21:27:39 : Group: Leodagos: qeres ver como quedo la mia ?
21:27:40 : Group: Jej0x |Aspirante|: apenas empezo
21:27:48 : Group: Jej0x |Aspirante|: ahora vamos
21:27:52 : Group: Leodagos: esta aca nomas
21:27:56 : Group: Jej0x |Aspirante|: tengo que hacer cosas todabiad
21:28:09 : Group: Leodagos: te vengo a busar con el heli
21:28:14 : Group: Leodagos: asi la miras desde el aire
21:28:16 : Group: Jej0x |Aspirante|: como guardar las cosas de comida y medicamentos que tengo aca
21:28:19 : Group: Leodagos: y te traigo
21:28:27 : Group: Jej0x |Aspirante|: dale
21:28:31 : Group: Leodagos: te saco algo para comer y beber
21:28:35 : Group: Jej0x |Aspirante|: ok
21:29:15 : Group: Leodagos: cuchame
21:29:20 : Group: Jej0x |Aspirante|: anda a buscar el heli
21:29:24 : Group: Leodagos: mi idea es jugar con varias personas
21:29:24 : Group: Jej0x |Aspirante|: y aterriza arriba
21:29:28 : Group: Leodagos: yo hago bases con cada uno
21:29:45 : Group: Leodagos: las puertas siempre estan abiertas para vos , el qiere tener sus safe viste
21:29:50 : Group: Jej0x |Aspirante|: se ya se
21:29:53 : Group: Leodagos: asi q mienrtas no toque esas
21:30:00 : Group: Leodagos: si te vienen corriendo o algo
21:30:08 : Group: Jej0x |Aspirante|: se
21:30:11 : Group: Leodagos: depues te paso la contraseña del garage
21:30:15 : Group: Jej0x |Aspirante|: dale
21:30:17 : Direct: juandayz: cual es la situacion?
21:30:22 : Group: Jej0x |Aspirante|: la de aca es 704
21:30:23 : Direct: juandayz: ahh re flashadoo jajaj
21:30:24 : Group: Leodagos: baja y abrime forro
21:30:35 : Group: Jej0x |Aspirante|: la otra no me acuerdo la tengo en el bloc
21:30:37 : Group: Leodagos: la del frente mia es 040
21:30:39 : Group: Jej0x |Aspirante|: pero la derecha es 704
21:31:00 : Group: Jej0x |Aspirante|: bloqueala la puerta
21:31:05 : Direct: Alan: jjajaa
21:31:06 : Direct: Alan: dalee juan
21:31:09 : Direct: Alan: ni 1 tiro tiraste hdp
21:31:11 : Group: Leodagos: si ya la bloq
21:31:20 : Direct: Alan: hay una calibre 50 que no la puedo ver
21:31:23 : Direct: juandayz: tengo una m4 silenciada q queres
21:31:27 : Group: Leodagos: ese es tu heli?
21:31:28 : Direct: Alan: jajaja
21:31:31 : Direct: Alan: deja de flashearla
21:31:34 : Direct: Alan: hay viene 1 zombii
21:31:36 : Direct: Alan: mtaaloo
21:31:36 : Direct: Alan: jaja
21:31:42 : Group: Jej0x |Aspirante|: nono es de bad
21:31:47 : Group: Jej0x |Aspirante|: pero tengo la llave aca
21:31:53 : Group: Leodagos: aah no deja pense q era tuyo
21:31:56 : Group: Jej0x |Aspirante|: me dijo que lo use
21:32:03 : Group: Leodagos: na peoro
21:32:06 : Group: Leodagos: si se lo rompow
21:32:10 : Group: Jej0x |Aspirante|: jajjaa
21:32:13 : Group: Leodagos: no me quedo
21:32:14 : Group: Leodagos: tranq
21:32:40 : Group: Leodagos: depaso exploro un poco
21:32:43 : Group: Leodagos: ya vuelvo
21:32:43 : Direct: Alan: mejore
21:32:44 : Direct: Alan: bastante jaja
21:32:48 : Direct: juandayz: :D
21:32:57 : Group: Leodagos: che quien es bandit
21:33:00 : Direct: Alan: che
21:33:00 : Group: Leodagos: averiguaste algo ?
21:33:03 : Direct: Alan: dan muy pocos puntos
21:33:04 : Direct: Alan: los ia
21:33:07 : Direct: Alan: pero muyyy poco
21:33:09 : Direct: juandayz: 25
21:33:10 : Direct: Alan: de humanida
21:33:12 : Group: Leodagos: quienes juegan al pvp aca?
21:33:12 : Group: Jej0x |Aspirante|: yo soy
21:33:16 : Direct: Alan: es muy poco eso, no bajas mas
21:33:18 : Group: Jej0x |Aspirante|: tengo 1315 de humanidad
21:33:21 : Direct: Alan: tendrian q dar 100 minimo
21:33:25 : Group: Leodagos: pero vos matas gente?
21:33:33 : Direct: juandayz: aya esta el cal
21:33:42 : Direct: juandayz: estaba
21:33:48 : Direct: Alan: uhh
21:33:52 : Direct: Alan: depedo lo vi
21:33:54 : Group: Jej0x |Aspirante|: mate heroes en una mision
21:34:07 : Group: Leodagos: de jugadores te hablo pelotudo
21:34:10 : Group: Leodagos: jaja
21:34:11 : Group: Jej0x |Aspirante|: estan snakegeneral y el otro brazuca que juegan en grupo con brazucas nada mas
21:34:22 : Direct: Alan: a ver q da la mision
21:34:26 : Group: Jej0x |Aspirante|: y a los otros matan
21:34:32 : Group: Jej0x |Aspirante|: a mi me mataron llendo al mercado
21:34:40 : Group: Leodagos: ok
21:34:47 : Group: Leodagos: como se visten usualmente tenes idea o no te acordas?
21:34:51 : Group: Leodagos: y en q se mueven
21:34:54 : Group: Jej0x |Aspirante|: ropa d ebandidos
21:35:09 : Group: Jej0x |Aspirante|: se mueven en un black hawk siempre cuando los veo es en el mercado
21:35:19 : Group: Leodagos: ahroa q termine la base
21:35:23 : Group: Leodagos: puedo jugar dayz
21:35:24 : Direct: Alan: pura mierda jaja
21:35:27 : Group: Leodagos: asi q 
21:35:29 : Group: Jej0x |Aspirante|: tenemos que empezar a atacar
21:35:34 : Group: Leodagos: decidi esta vez
21:35:40 : Group: Leodagos: jugar a cazar bandidos
21:35:44 : Group: Leodagos: heroe
21:35:44 : Group: Jej0x |Aspirante|: seeee
21:35:51 : Group: Leodagos: nunca hay
21:35:56 : Group: Leodagos: solo hay bandidos
21:35:59 : Group: Jej0x |Aspirante|: es verdad
21:36:05 : Group: Jej0x |Aspirante|: bad guy tambien quiere ser heroe
21:36:10 : Group: Jej0x |Aspirante|: asi que el es compañero
21:36:11 : Group: Leodagos: quiero ayudar alos noobs para q se le llene el server a juan
21:36:28 : Direct: Alan: casi te matoo jaja
21:36:31 : Direct: Alan: me cague todo
21:36:33 : Direct: juandayz: jajaj
21:36:34 : Group: Leodagos: piola
21:36:42 : Group: Jej0x |Aspirante|: see estaria
21:36:48 : Group: Jej0x |Aspirante|: juan nos lo agradeceria
21:36:53 : Direct: Alan: esta arma
21:36:55 : Group: Jej0x |Aspirante|: se porta bien juan con los jugadores
21:36:55 : Direct: Alan: esta muy buena
21:36:58 : Group: Jej0x |Aspirante|: pero aveces no te da bola
21:37:07 : Direct: Alan: bajas un helicoptero
21:37:09 : Group: Leodagos: si pero igual yo lo enganche 2 veces haciendo abuso de gm
21:37:10 : Direct: juandayz: si la de rambo
21:37:11 : Direct: Alan: de una patada
21:37:13 : Group: Leodagos: pero bueno ya esta
21:37:33 : Direct: Alan: esta tengo
21:37:35 : Direct: Alan: en el origin
21:37:37 : Direct: Alan: es una masa
21:37:50 : Direct: Alan: esperame que voy a comer
21:37:51 : Direct: Alan: y vuelvo
21:37:52 : Group: Leodagos: el es bandido
21:37:54 : Direct: Alan: y hacemos misiones
21:37:56 : Group: Leodagos: cuando juega
21:38:00 : Group: Leodagos: y garka
21:38:06 : Group: Jej0x |Aspirante|: se a mi me ayudo contra los heroes
21:38:09 : Group: Leodagos: pero como persona y gm es una masa
21:38:18 : Direct: Alan: jaja anda preparando la colita
21:38:19 : Direct: Alan: asi vamos
21:38:30 : Direct: Alan: jaja
21:39:56 : Group: Jej0x |Aspirante|: no existe forma de volcar todo lo de la mochila rapido?
21:40:05 : Group: Leodagos: q yo sepa no
21:40:51 : Group: Jej0x |Aspirante|: avisame si venis en heli asi se que sos vos y no te tiro
21:40:57 : Group: Leodagos: si voy en heli
21:41:06 : Group: Leodagos: pero si vos quyeres ser heroe
21:41:11 : Group: Leodagos: no tenes q hacer eso bobo
21:41:16 : Group: Jej0x |Aspirante|: si ya se
21:41:20 : Group: Jej0x |Aspirante|: pero queria hacer una mision
21:41:24 : Group: Jej0x |Aspirante|: y era la unica que tenia
21:41:29 : Group: Leodagos: noo
21:41:35 : Group: Leodagos: tirarle al primer heli q pasa digo
21:41:55 : Group: Leodagos: hijo de puta xD
21:41:58 : Group: Jej0x |Aspirante|: pero le tiro si veo que tiene armas
21:42:03 : Group: Leodagos: jajaja
21:42:10 : Group: Leodagos: q chorizo q soss
21:42:22 : Group: Jej0x |Aspirante|: igual pregunto por canal global
21:42:30 : Group: Leodagos: jajaja
21:42:37 : Group: Leodagos: despues de tirarle xD
21:42:48 : Group: Leodagos: el q murio era alguien de ustedes ? xD
21:42:56 : Group: Jej0x |Aspirante|: si le tiro para asustar no pasa nada
21:43:07 : Group: Leodagos: pero marcan tu base como hostil
21:43:18 : Group: Jej0x |Aspirante|: que marquen no mas
21:43:27 : Group: Jej0x |Aspirante|: los espero bien armado
21:43:29 : Group: Leodagos: ves q sos un gato
21:43:45 : Group: Jej0x |Aspirante|: jajaja
21:43:53 : Group: Jej0x |Aspirante|: lo soy con los brazucas
21:44:30 : Group: Jej0x |Aspirante|: no te choques
21:44:48 : Group: Jej0x |Aspirante|: estoy acomodadndo la safe
21:44:53 : Group: Leodagos: cuidado cuando subas la escalera q no te revane la cabeza la helice xD
21:45:27 : Group: Jej0x |Aspirante|: e bugeo esto
21:45:30 : Group: Jej0x |Aspirante|: no se que le pinta
21:46:19 : Group: Jej0x |Aspirante|: abrila es 9578
21:46:27 : Group: Jej0x |Aspirante|: me buge y no me sale la opcion
21:46:51 : Group: Leodagos: lito
21:46:52 : Group: Jej0x |Aspirante|: viste la cantidad de zombies que se me juntan afuera?
21:47:00 : Group: Leodagos: sii esta bueno eso
21:47:08 : Group: Leodagos: es mas realista
21:47:20 : Group: Leodagos: y no te aburris tanto cuandoe stas en la base podes tirarle a los zombies
21:47:42 : Group: Jej0x |Aspirante|: en un toque vengo
21:47:44 : Group: Jej0x |Aspirante|: voy a comer
23:11:40 : Side: JF: Heeee que pasa loco que cortan mf
23:12:01 : Side: Jej0x |Aspirante|: malll
23:14:36 : Side: JF: me cagaron la fogata con el corte ..
23:14:45 : Side: Jej0x |Aspirante|: jajja
23:16:30 : Side: JF: deci que todavia no le habia tirado el churrasco arriba que lo tiro..
23:16:47 : Side: Jej0x |Aspirante|: jaajjaa
23:16:56 : Side: Jej0x |Aspirante|: por un churrasco tanto bardo?
23:18:11 : Side: JF:  no es el churazco lo que vale es que te confias que el display te marca 45 todavia y si te agarra en el aire te haces bosta
23:22:48 : Side: Jej0x |Aspirante|: hellow
23:23:07 : Side: [WG] SnakeGeneral: adm why serve is down ?
23:23:27 : Side: Jej0x |Aspirante|: i dont know
23:23:44 : Side: JF: Hola admin 3
23:23:58 : Side: [WG] SnakeGeneral: ok
23:26:09 : Side: JF: Hola ,hola todo bien?
23:26:15 : Side: Jej0x |Aspirante|: no tood mal
23:27:00 : Side: JF: jaja callate vos que estas estrenando casucha nueva 
23:27:11 : Side: Jej0x |Aspirante|: no ves que estamos en un apolapscis? o como se escriba
23:27:19 : Side: Jej0x |Aspirante|: casucha de arriba
23:27:45 : Side: Jej0x |Aspirante|: me vino de arriba
23:27:48 : Side: Jej0x |Aspirante|: me cayo del cielo
23:29:12 : Side: JF: no pero todo buena honda men,  
23:29:18 : Side: Jej0x |Aspirante|: jajaja
23:29:19 : Side: Jej0x |Aspirante|: se
23:29:28 : Side: Jej0x |Aspirante|: me caes bien jf aunque no se tu nombre
23:30:28 : Side: JF: el caos siempre esta en todos lados no necesariamente tienen que aparecer zombis ..
23:30:45 : Side: Jej0x |Aspirante|: como en el gobierno de macri?
23:31:14 : Side: JF: nombre real jorge ..amigo
23:31:35 : Side: Jej0x |Aspirante|: nombre real agustin ..amigo
23:32:57 : Side: JF: en el de macri , cristina y mongoreto aurelio ya lo dice el tango "el que no afana es un gil"
23:35:14 : Side: Jej0x |Aspirante|: hasta mañana gente
23:35:26 : Side: Jej0x |Aspirante|: admin echame porque no puedo abrir
23:35:30 : Side: Jej0x |Aspirante|: el menu
23:35:38 : Side: JF: eh buen descanso jejox
23:36:30 : Side: Jej0x |Aspirante|: la puta madre del anti dupe este
23:42:06 : Side: Alan: buenas
23:42:52 : Side: JF: Alan como va, te curaste ya? 
23:43:25 : Side: Alan: nono, falta la operacion para que me cure jaja
23:43:37 : Side: JF: te mejoraste se dice ?
23:43:37 : Side: Alan: ahh de la gripe decis, sii ando mejor por suertee
23:43:52 : Side: Alan: o de q me mejore _ jajaw
23:43:57 : Side: JF: si eso 
23:45:28 : Side: JF: desconozco lo demas pero bue la mejor honda amigo y lo bueno de eso que te mimosean y te bañan las enfermeras hoo jojo..
23:45:49 : Side: Alan: jajaja 
23:45:57 : Side: Alan: pero me tengo que aguantar 2 clavos adentro de mi rodilla
23:46:01 : Side: Alan: no quiero ni pensar el dolor
23:46:04 : Side: Alan: encima mi novia me dejooo
23:46:07 : Side: Alan: justo ahora q me operan
23:47:41 : Side: JF: ya se le va pasar si te quiere de verdad, si no para que retener a alguien que no se lo merece... 
23:47:52 : Side: Alan: tenes toda la razon
23:48:08 : Side: Alan: es una hija de pta me dio mucha bronca lo que hizo
23:48:18 : Side: Alan: pero ma;ana viene una minita a mi casaaa !!! 
23:48:41 : Side: JF: che por ahi soy medio frontal pero a mi ya me paso por eso te digo lo que te digo
23:48:54 : Side: Alan: sii todos me dijieron lo mismo
23:49:04 : Side: Alan: pero tenes mucha razon delo que decis por q es asi
23:49:07 : Side: Alan: pero duele
23:49:14 : Side: Alan: por que estuve 3 a;os y no pense
23:49:17 : Side: Alan: que seria asi
23:49:35 : Side: JF: ja viste mintras tanto aguante natacha y la carpa del amor
23:50:01 : Side: Alan: jaja seee
23:50:30 : Side: JF: toma su tiempo , no te hagas mala sangre y pone buena cara al mal tiempo vieja...
