00:12:50 : Side: Jose Luis: que pasa gente todo bien
00:13:06 : Side: ChakalMDP: Hola Jose!, Buenas noches
00:13:24 : Side: Azrael1x: hola jose
00:32:02 : Side: Farias: server es pve?
00:32:33 : Side: Azrael1x: nop
00:32:34 : Side: [T1ER]rabbit: tratamos de que sea asi
00:42:06 : Side: JF: HOLA GENTE COMO ESTAN??...
00:42:14 : Side: Azrael1x: holo
00:42:16 : Side: Jose Luis: fj!!!
00:42:20 : Side: Jose Luis: tiempo sin verte
00:42:30 : Side: ChakalMDP: Buenas
00:42:49 : Side: JF: Jajaja yerba mala nunca muere ..
00:43:11 : Side: Jose Luis: que tal todo bien
00:43:18 : Side: JF: buenas a todos !!!
00:43:45 : Side: JF: todo bien jose y vos que tal ?..
00:43:55 : Side: Jose Luis: bn te tengo que mostrar lo que ha
00:43:57 : Side: Jose Luis: hay
00:44:49 : Side: JF: bueno aguantame un toque que el muñeco esta con hambre para empezar ..
00:45:07 : Side: Jose Luis: oka
00:58:42 : Side: Jose Luis: jf
00:58:56 : Side: JF: si!!
00:59:01 : Side: Jose Luis: tengo una pregutn
00:59:09 : Side: Jose Luis: es que no entiendo bn lo del libro
00:59:13 : Side: Jose Luis: como hago el pozo de agua
01:00:10 : Side: JF: ah para que no me acuerdo dejame ver
01:00:28 : Side: JF: tenes la pala?
01:00:46 : Side: Jose Luis: la de afianzar o cual
01:01:02 : Side: Jose Luis: voy y la compro
01:01:25 : Side: JF: no la otra la de cabo largo , en el dibujo se ve finita como una cucharita
01:01:49 : Side: Jose Luis: voy a comprarla
01:02:25 : Side: Jose Luis: mejor dicho entra a grupo
01:02:26 : Side: JF: creo que con esa te da la opcioon para crear pero tenes que tener los elementos 
01:02:43 : Side: Jose Luis: que elementos son? eso es lo q no entiendo
01:04:03 : Side: JF: jo jo muy bueno congratulaciones !!
01:34:37 : Side: Jose Luis: alguien va a esa mision
01:34:39 : Side: Jose Luis: yo voy
01:34:59 : Side: ChakalMDP: Por ahora no
01:35:24 : Side: Jose Luis: oka entonces voy solo
01:44:35 : Side: Jose Luis: ya empezo el server
01:44:41 : Side: Azrael1x: mal
01:44:59 : Side: Jose Luis: voy a mision con plot y sand
01:45:36 : Side: Azrael1x: jajaja te vas a hacer bunkersito?
01:45:42 : Side: Jose Luis: claro
01:45:47 : Side: Jose Luis: ellos tienen base yo tambien
01:45:48 : Side: Azrael1x: jaja bien ahi
01:46:18 : Side: Jose Luis: si quieres ven
01:46:53 : Side: Azrael1x: yo ahora vendo y me voy pero gracias igual
01:47:19 : Side: Jose Luis: oka
01:57:56 : Side: Jose Luis: quien mas esta en mision?
01:58:30 : Side: ChakalMDP: Casi estoy Libre Jose, hay alguna mision para hacer?
01:58:41 : Side: Jose Luis: estoy en una mirala
01:59:01 : Side: ChakalMDP: Barbaro, te aviso cuando voy
02:06:06 : Side: Jose Luis: mataron a mi compa xD se acerco mucho
02:06:14 : Side: ChakalMDP: Uh!
02:10:22 : Side: Jose Luis: creo que ya estan todos muertos
02:10:45 : Side: Jose Luis: no se dentro de los bunker no veo desde aca
02:12:52 : Side: Jose Luis: jf ves algo?
02:14:01 : Side: ChakalMDP: Existe alguna forma de que te desaparesca dinero de la caja fuerte?
02:14:07 : Side: Jose Luis: no
02:14:18 : Side: Jose Luis: que yo sepa la unica es un bug
02:14:46 : Side: ChakalMDP: Que garron, perdi 120000 jajaja
02:15:02 : Side: Jose Luis: si yo pierdo lo que hay en mi caja ya me retiro
02:15:07 : Side: Jose Luis: jajajaajaj
02:15:13 : Side: ChakalMDP: JAjajaja
02:15:33 : Side: Jose Luis: jf donde estas
02:15:38 : Side: Jose Luis: ve por tus cosas creo que estamos libres
02:16:43 : Side: ChakalMDP: En mercado central venden cajas fuertes?
02:16:49 : Side: Jose Luis: si las safe
02:16:52 : Side: Jose Luis: el tipo de traje
02:16:54 : Side: ChakalMDP: Genial
02:18:44 : Side: Jose Luis: mi personaje es adicto al painkiller
02:18:57 : Side: ChakalMDP: Jajajaja
02:19:02 : Side: ChakalMDP: El mio come bendajes
02:19:20 : Side: JF: el mio a los dos jajajaa
02:19:29 : Side: Jose Luis: cayeron del aire bandidos cuidado jf
02:20:47 : Side: JF: no se pero fue muy dudoso mi muerte me parece que anda alguna oveja armada
02:20:48 : Side: Jose Luis: jf donde estas estas en el punto de ellos o no para saber si debo matarlo
02:21:17 : Side: JF: espera te digo
02:21:40 : Side: Jose Luis: ponte en grupo loco
02:25:44 : Side: Jose Luis: ey estas libre men
02:26:03 : Side: ChakalMDP: Yo ya casi estoy, llevo unas cosas a la base y me libero
02:26:40 : Side: JF: me estoy arraastrando hacia mi cadaver justo en tu lado opuesto por ahora soy pelado no me dispares
02:26:57 : Side: Jose Luis: creo que 
02:27:10 : Side: Jose Luis: ire a por ellos
02:28:33 : Side: Jose Luis: es ahora o nunca
02:28:44 : Side: ChakalMDP: Ahi estoy
02:28:57 : Side: Jose Luis: yo ya voy a tomarme el sitio
02:29:15 : Side: JF: vos estas en el camioncito
02:29:20 : Side: Jose Luis: no
02:29:33 : Side: Jose Luis: vos vas en camion???
02:29:43 : Side: JF: porqque se eta moviendo con uno en la ametralladora 
02:29:46 : Side: Jose Luis: acepta el grupo men
02:30:17 : Side: JF: pregunto lo puedo bajar 
02:30:32 : Side: JF: o es un player nuetro
02:32:55 : Side: JF: eraa un bandido ya lo baje 
02:36:16 : Side: JF: si creo  que si 
02:39:32 : Side: JF: che a mi me enloquecieron los zombis
02:39:42 : Side: JF: si
02:41:33 : Side: Jose Luis: recuperaste tus cosas jf
02:41:53 : Side: JF: no los veo 
02:42:02 : Side: JF: algunas cosas recupere
02:42:09 : Side: Jose Luis: a mi me mato no se quien
02:42:19 : Side: JF: pero me ataco una orda de zombi
02:42:23 : Side: Jose Luis: me vio en el suelo
02:43:29 : Side: JF: esta haciendo demaciada trampa para mi gusto esto 
02:43:56 : Side: Jose Luis: a mi no se como me dieron si estaba en una colina acostado
02:44:01 : Side: Jose Luis: ire por mis cosas
02:44:13 : Side: JF: ya te digo a mi no habia forma de que me bajara y sin embargo me bajaron
02:44:16 : Side: Jose Luis: tenia una racha de matar a 60 bandidos
02:45:20 : Side: Jose Luis: invitenme a lgrupo
02:45:50 : Side: ChakalMDP: Jose, ahi baje varios bandidos que aparecieron de la izquierda
02:46:03 : Side: Jose Luis: invitame al grupo
02:46:09 : Side: Jose Luis: porque sino me mataras me estoy arrastrando
02:46:11 : Side: ChakalMDP: Tiene JF el mando
02:46:24 : Side: ChakalMDP: Y veo un homve 
02:46:37 : Side: Jose Luis: luisto mirame chakal
02:46:38 : Side: Jose Luis: cubreme
02:47:00 : Side: JF: ese heli de quien es ?
02:47:11 : Side: Jose Luis: el de la estacion de un player
02:47:18 : Side: Jose Luis: mira en frente tuya
02:47:41 : Side: Jose Luis: bot?
02:47:45 : Side: JF: no yo digo el que anda volando bajo
02:47:54 : Side: Jose Luis: mira el mapa
02:48:02 : Side: Jose Luis: estoy a 80 metros tuyo
02:48:04 : Side: Jose Luis: soldado 
02:53:29 : Side: JF: che queda uno en el jeep que no lo puedo bajar porque de nuevo me aqtacaron los zombi
02:53:48 : Side: JF: yo soy el de los disparos
02:55:33 : Side: Jose Luis: chakal que paso
02:56:20 : Side: JF: yo estuve resistiendo los zombi deci que encontre un lugar  que me cubrio porque el del jeep me siguio y el heli lo tengo arriba
02:56:52 : Side: ChakalMDP: Alguien de atras me mato
02:57:02 : Side: ChakalMDP: Creo una IA, pero no estoy seguro
02:57:19 : Side: Jose Luis: a mi me agarraron por atras
02:57:27 : Side: ChakalMDP: Habra sido el mismo
02:57:39 : Side: ChakalMDP: No llegue a escribir para avisarte
02:57:52 : Side: Jose Luis: perdere mis cosas loco jajajaaj
02:57:58 : Side: ChakalMDP: Jajaja, estamos igual!
02:57:59 : Side: Jose Luis: las llaves de mis coches
02:58:22 : Side: JF: que cagada estoy rodeado 
02:58:28 : Side: ChakalMDP: Ya fue JF
02:58:32 : Side: Jose Luis: yo me estaba yendo
02:58:34 : Side: Jose Luis: y me dispararon
02:58:35 : Side: ChakalMDP: JAJAJAJA
02:58:37 : Side: Jose Luis: a quemaropa
02:58:38 : Side: ChakalMDP: LOSEEEER
02:58:48 : Side: ChakalMDP: Fuiste vos cabron
02:58:56 : Side: Jose Luis: hijo de las re mil putas
02:59:10 : Side: ChakalMDP: Que no te agarre amigo...
02:59:11 : Side: JF: son bod a mi ya me ha pasado en otras 
02:59:58 : Side: Jose Luis: loser escribi loco
03:04:12 : Side: Jose Luis: che loser
03:06:10 : Side: Jose Luis: esta suv camo de quien es
03:06:57 : Side: Jose Luis: loser responde
03:10:22 : Side: Jose Luis: loser
03:22:26 : Side: Jose Luis: la p q te pario
03:23:10 : Side: Jose Luis: mierda viejo
03:24:07 : Side: Jose Luis: jf
03:24:26 : Side: Jose Luis: me quito mas de 2000 de humanidad el matarte
03:24:41 : Side: Jose Luis: pense que eras el que me habia matado carajo ahora no podre comprar mi mk
03:25:09 : Side: JF: HEY YOU LOSEER ARE IDIOT THIS SERVER IS PVE NO PVP
03:25:37 : Side: Jose Luis: jf este si fui yo lo siento me mataron a disparos ahora rato y vi a un soldier agachado asi que le dispare
03:26:14 : Side: Jose Luis: hay una patrulla de bandidos ojo
03:26:39 : Side: JF: JAJA justo estaba mirando el mapa y hata que aprete la m ya era tarde
03:26:51 : Side: Jose Luis: por eso te invite a grupo loco
03:27:03 : Side: Jose Luis: estoy cubriendo tu cuerpo
03:27:18 : Side: Jose Luis: cuidado patrulla de bandits
03:27:57 : Side: JF: sory x que no comuniq loseer 
03:28:25 : Side: Jose Luis: jf al lado de tu cuerpo hay un vodnik
03:28:53 : Side: JF: no lo se
03:28:56 : Side: Jose Luis: yo estoy al lado de tu cuerpo tambien
03:29:03 : Side: Jose Luis: lo estoy viendo es patrulla o algo asia
03:29:08 : Side: JF: ahora voy hacia alla
03:29:41 : Side: Jose Luis: mierda eran soldados
03:29:49 : Side: Jose Luis: me lo conto como asesinato
03:30:04 : Side: Jose Luis: ya no tienen artillero podes venir por tus cosas
03:30:13 : Side: Jose Luis: cuanta humanidad tienes
03:30:43 : Side: JF: 7000
03:30:47 : Side: JF: casi
03:31:07 : Side: Jose Luis: yo tenia 6900 y matarte me bajo a 4200 de golpe
03:32:32 : Side: Jose Luis: acepta para no matarnos de nuevo loco
03:33:02 : Side: JF: ahi voy 
03:34:44 : Side: Jose Luis: la patrulla ya no hace daño mate al artillero
03:35:16 : Side: Jose Luis: acercate sin problema
03:36:21 : Side: Jose Luis: agarralo 
03:36:34 : Side: Jose Luis: si tenes una blood seria lindo que me curaras
03:37:15 : Side: JF: aguanta ahora me fijo
03:37:44 : Side: Jose Luis: ok tu tienes vehiculo cerca?
03:38:06 : Side: JF: no yo ando caminando
03:38:19 : Side: Jose Luis: entonces caminemos a mi base me rearmo
03:39:08 : Side: JF: queres la pistola y lo que seje ahi agarralo
03:39:59 : Side: JF: sangre no tengo vos me pedias eso ?
03:41:09 : Side: JF: jajaaj no gracias
03:41:31 : Side: JF: lo mejor es caminar
03:46:08 : Side: JF: bueno 
03:48:29 : Side: JF: jaja cacho fuerte te mandaste
03:49:26 : Side: Jose Luis: jajaja
03:49:41 : Side: Jose Luis: y tengo las paredes y bloques ya para hacer casa de ladrillo
03:50:35 : Side: JF: donde estas ahora?
03:50:54 : Side: Jose Luis: acepta grupo
03:50:56 : Side: Jose Luis: aqui estoy
03:51:48 : Side: JF: vos escuchas disparos
03:51:58 : Side: Jose Luis: estoy sin salud ando sordo
03:52:19 : Side: JF: alguien esta disparando 
03:52:51 : Side: Jose Luis: necesito un favor
03:52:56 : Side: Jose Luis: vamonos en este
03:53:26 : Side: Jose Luis: oigo los disparos
03:53:47 : Side: JF: hay que solucionar eso primero
03:55:04 : Side: Jose Luis: que carajo pasa xD
03:55:30 : Side: JF: y probablemente algunos bandidos
03:56:02 : Side: Jose Luis: yo solo quiero ir por mi mk
03:57:14 : Side: JF: y viste algo
03:57:18 : Side: Jose Luis: nada
03:59:03 : Side: Jose Luis: vamos?
04:01:55 : Side: JF: donde queres ir
04:02:16 : Side: Jose Luis: a tienda tu que eres heroe para que me compres la mk17
04:02:36 : Side: JF: vamos
04:04:07 : Side: Jose Luis: .conduce tu
04:04:22 : Side: JF: jaja dale nomas 
04:04:39 : Side: Jose Luis: dale loco xD
04:06:29 : Side: JF: me fallo el calculo
04:06:36 : Side: Jose Luis: re mal
04:09:03 : Side: Jose Luis: dejalo fuera
04:09:19 : Side: Jose Luis: cosa que en el restart no se vaya
04:09:27 : Side: Jose Luis: compro una barck
04:09:31 : Side: Jose Luis: back
04:09:38 : Side: Jose Luis: y tu me ayudas con el arma
04:09:42 : Side: Jose Luis: y me voy a la cama
04:11:17 : Side: Jose Luis: cuanto es que cuesta
04:12:15 : Side: JF: adonde estas que no te veo
04:12:24 : Side: Jose Luis: aca al lado del de las safe
04:12:51 : Side: JF: ah 
04:13:11 : Side: JF: vos queres una como esta que tengo
04:13:29 : Side: Jose Luis: naa yo quiero la mk17 francotirador
04:13:55 : Side: Jose Luis: creo que cuesta 80.000 tu dime le precio
04:15:04 : Side: JF: esta tambien es m k 17 y no hace tanto estruendo como el rifle
04:15:23 : Side: Jose Luis: si pero yo quiero es el rifle de francotirador mk17
04:15:34 : Side: Jose Luis: pues ese es el que pienso comprar
04:15:59 : Side: JF: bien
04:16:06 : Side: Jose Luis: pero el normal no el sd
04:16:42 : Side: Jose Luis: cuanto cuesta
04:18:06 : Side: JF: el silenciado 70 y el no silenciado 80 -dame 50 5n oro y el reto te lo regalo
04:18:27 : Side: Jose Luis: 5n de oro?
04:18:45 : Side: JF: queres el no silenciado entonces
04:18:51 : Side: Jose Luis: el no silenciado
04:18:55 : Side: Jose Luis: cuantas monedas te doy
04:19:01 : Side: JF: 50 000
04:19:27 : Side: Jose Luis: ya
04:19:57 : Side: Jose Luis: vuelve a mi amado rifle xD
04:20:47 : Side: Jose Luis: yo me vuelvo a volver heroe mañana
04:20:52 : Side: Jose Luis: oye me acomapañas?
04:21:13 : Side: Jose Luis: naa mejor lo hago mañana
04:21:16 : Side: Jose Luis: me salgo aqui
04:21:18 : Side: JF: a para ese traje es de bandido queres uno de estos
04:21:24 : Side: Jose Luis: ya tengo sueño
04:21:34 : Side: Jose Luis: dale ese era el que yo tenia
04:24:14 : Side: JF: tenes los cincuenta ?
04:24:24 : Side: Jose Luis: ya te los di?
04:24:29 : Side: Jose Luis: ya te los di men
04:24:40 : Side: Jose Luis: perdi mi m4 sd al cambiarme de ropa xD
04:25:19 : Side: JF: ah vos lo pusiste en mi mochila ?
04:25:31 : Side: Jose Luis: le di dar 50.000
04:25:56 : Side: JF: porque no me di cuenta , si esta bien 
04:26:21 : Side: Jose Luis: en la de al lado hay balas de la sa
04:28:29 : Side: Jose Luis: bueno amigo
04:28:32 : Side: Jose Luis: me retiro
04:28:39 : Side: Jose Luis: un gusto volver a jugar contigo
04:29:00 : Side: JF: bueno buen descanso , ah para yo te queria  preguntar
04:29:10 : Side: Jose Luis: dime
04:29:26 : Side: JF: vos seguis jugando al wot? 
04:29:38 : Side: Jose Luis: world of tankks?
04:30:04 : Side: JF: si es asi buscame como EVERMORDELON , si ese mismo
04:30:12 : Side: Jose Luis: nunca lo he jugado xD juego battlefield 4 y estoy y ahora solo esto
04:30:29 : Side: Jose Luis: aregame a whatsapp
04:30:48 : Side: Jose Luis: +57 317 312 5140
04:31:02 : Side: Jose Luis: por ahi nos ponemos de acuerdo para hacer misiones o loot
04:31:03 : Side: JF: ah cuando tengas ganas si queres probalo es un buen juego 
04:31:26 : Side: Jose Luis: dale men
04:31:39 : Side: Jose Luis: tu agregame y lo hablamos a ver si me meto a otro juego
05:04:28 : Side: JF: Hola Lucas todo bien?..
13:11:30 : Side: NightdeadBCE: asdasd
13:19:02 : Side: Jose Luis: que pasa gente
13:19:08 : Side: NightdeadBCE: holi
13:19:14 : Side: Jose Luis: todo bien
13:19:17 : Side: NightdeadBCE: si vo
13:19:29 : Side: Jose Luis: enojado aun
13:19:32 : Side: NightdeadBCE: xq
13:19:42 : Side: Jose Luis: ayer estba en una mision faltaban 5 pal restart
13:19:53 : Side: Jose Luis: y aparece un jugador no un ia y me mata ...
13:20:06 : Side: Jose Luis: perdi lo que no te imaginas
13:20:20 : Side: Jose Luis: perdi hasta las ganas de jugar xD
13:20:54 : Side: Jose Luis: necesito hacer una mision para tener la maleta grande de nuevo
13:21:44 : Side: Jose Luis: y paso algo ilogico
13:22:11 : Side: Jose Luis: cuando me conecte de nuevo luego del restart encontre un pj acostado y lo mate y tenia 7000 de humanidad me la bajo a 4200
13:22:30 : Side: Jose Luis: un tienen el coche que les di xD
13:23:18 : Side: NightdeadBCE: se we
13:23:32 : Side: Jose Luis: invitenme a grupo
13:53:18 : Side: Jose Luis: epaaa santiago
13:55:36 : Side: Jose Luis: santiago
13:55:49 : Side: santiago: JOSE
13:56:01 : Side: Jose Luis: entra a mi casa tengo la puerta principal abierta
13:56:41 : Side: Jose Luis: traiga todas las cantimploras vacias que tenga
13:58:57 : Side: santiago: LISTO
13:59:05 : Side: Jose Luis: wnrew pa
14:00:05 : Side: Jose Luis: santiago entra
14:00:20 : Side: santiago: ACA ESTOY
14:00:30 : Side: NightdeadBCE: me sigue saliendo ese error de mierda
14:00:45 : Side: Jose Luis: entonces intenta en trader menu
14:00:51 : Side: Jose Luis: ahi si te deja comprar
14:01:04 : Side: Jose Luis: al grupo loco
14:13:12 : Side: Jose Luis: que suerte la mia ...
14:13:46 : Side: Jose Luis: salga en gorka por aire viejo
14:14:49 : Side: Jose Luis: que meirda esto
14:15:16 : Side: Jose Luis: y no entiendo porque me bajo la humanidad
14:15:22 : Side: Jose Luis: de nuevo 2000 mas
14:15:45 : Side: Jose Luis: ahora tendre que matar al menos 70 bandidos
14:16:11 : Side: Jose Luis: me cago en todo
14:20:06 : Side: Jose Luis: night
14:20:13 : Side: NightdeadBCE: _
14:20:16 : Side: NightdeadBCE: ?
14:20:31 : Side: Jose Luis: estoy con loda la mala suerte del mundo
14:20:43 : Side: NightdeadBCE: a veces sucede eso en los juegos
14:20:47 : Side: NightdeadBCE: hoy es tu momento.
14:20:59 : Side: Jose Luis: pero esta vez lo perdi todo por un bug
14:21:19 : Side: NightdeadBCE: el bug siempre esta en todas partes.
14:21:37 : Side: Jose Luis: pues se esta quemando toda mi base con todo lo que habia
14:21:55 : Side: NightdeadBCE: De nuevo_
14:22:25 : Side: NightdeadBCE: es que me acuerdo que se quemo esa base
14:22:27 : Side: Jose Luis: no se habia quemado con anteriorirdad
14:22:28 : Side: NightdeadBCE: a no era en otro sv
14:23:29 : Side: Jose Luis: veo mi cuerpo y no lo puedo agarrar
14:23:58 : Side: NightdeadBCE: holi agustin
14:24:13 : Side: Agustin: holuss
14:26:33 : Side: NightdeadBCE: esos bug es normal a mariole sucedio eso. a mi tambien a sabry tambien a agustin tambien
14:26:47 : Side: Agustin: que bug?
14:26:47 : Side: NightdeadBCE: esto es un mod ameo que mas queres deci que anda bien masomenos *_(
14:26:52 : Side: Jose Luis: esta vez fue el bug del helicoptero
14:27:31 : Side: NightdeadBCE: el de las armas desaparecen .o que no puedes agarar tu cosas de tu cadaver o desaparece entre otras cosillas
14:27:44 : Side: Agustin: aaa sisi
14:27:56 : Side: Jose Luis: o que tu helicoptero se estrelle contra lo invisible?
14:28:08 : Side: NightdeadBCE: o que se de vuelta de la nada
14:28:13 : Side: NightdeadBCE:  se rompa sin nada.
14:28:30 : Side: Agustin: lo del heli no jajaja 
14:28:46 : Side: Jose Luis: pues me salio como pegado al suelo yo que se
14:28:51 : Side: Jose Luis: cuando despegue de una se giro
14:38:41 : Side: Jose Luis: uffff dios ....
14:40:50 : Side: Jose Luis: santiago
14:43:27 : Side: Jose Luis: porque no puedo quitar mis propias paredes
14:47:27 : Side: Jose Luis: santiago veni
14:48:22 : Side: Jose Luis: santiago rapido veni
14:49:01 : Side: santiago: ya voy
14:49:11 : Side: Jose Luis: aca esta tu calabera ya tescate tu arma
14:52:04 : Side: santiago: abraaaa pueeessss+
14:52:11 : Side: Jose Luis: esta abierto ome
14:52:23 : Side: Jose Luis: da la vuelt por la principa
14:54:02 : Side: santiago: quitate q no lo veo
14:54:09 : Side: Jose Luis: acostate donde estaba
14:54:12 : Side: Jose Luis: llevate lo que queda
14:54:17 : Side: Jose Luis: lo demas lo guarde aqui
14:55:14 : Side: Jose Luis: tenia 7 cargadores stanag ya estan en la tienda de campaña
14:55:24 : Side: Jose Luis: el arma la tengo en la cabaña
14:57:15 : Side: santiago: y las aguas
14:57:23 : Side: Jose Luis: aca
14:57:27 : Side: Jose Luis: veni
14:57:39 : Side: Rodrigo: hola
14:57:45 : Side: Jose Luis: hola rodrigo
14:58:11 : Side: Jose Luis: en la tienda esta el resto
14:58:27 : Side: santiago: r
14:58:32 : Side: santiago: gracias
14:58:52 : Side: Jose Luis: agarra 5 bandages 1 antibiotico 9 cargadores stanag y 4 water
14:59:03 : Side: Jose Luis: q reloj y un sistema de vision
14:59:07 : Side: Jose Luis: no lo agarres espera el reinicio
14:59:17 : Side: santiago: en la mia pues 
14:59:31 : Side: Jose Luis: espera el reinicio
14:59:40 : Side: Jose Luis: no hagas mas cambios
14:59:42 : Side: Jose Luis: espera aca conmigo
15:09:22 : Side: NightdeadBCE: holi rodrigo
15:09:29 : Side: NightdeadBCE: quieres ser mi amigo intimo>?_
15:10:36 : Side: santiago: ajajja caunto pagas ?
15:14:17 : Side: NightdeadBCE: rodrigo se mi amigo
15:29:01 : Side: Rodrigo: alguien en nwair?
15:38:47 : Side: NightdeadBCE: que es la cosa naranjka
15:39:46 : Side: NightdeadBCE: que es la cosa naranja del mapa como mision pero icono naranja.
15:48:42 : Side: juandayz: hola gente
15:50:22 : Side: Jose Luis: HOLA JUAN
15:50:25 : Side: Jose Luis: MENOS MAL APARECISTE
15:50:43 : Side: juandayz: mira q vengo a saludar no a trabajar ehh ¬¬ :D
15:50:53 : Side: Jose Luis: JAJAJA
15:50:57 : Side: Jose Luis: NECESITO PREGUNTARTE ALGO
15:50:59 : Side: juandayz: q paso
15:51:02 : Side: juandayz: dale decime
15:51:13 : Side: Jose Luis: PORQUE SE BUGUEAN LAS BACKPAG
15:51:17 : Side: Jose Luis: YA ME HA PASADO 2 VECES
15:51:28 : Side: juandayz: se te borra lo q tenes adentro?
15:51:29 : Side: Jose Luis: UNA VEZ PERDI UNAS M2 QUE HABIA SACADO DE MISION
15:51:32 : Side: Jose Luis: LA OTRA UN PLOT
15:51:33 : Side: Jose Luis: SI
15:51:44 : Side: juandayz: cuando haces que te pasa?
15:51:51 : Side: Jose Luis: AHHH Y TAMBIEN HABIA PERDIDO LA LLAVE DE UNA SUV PERO NI AL CASO COMPRE OTRA
15:52:28 : Side: Jose Luis: COMO ASI?
15:52:35 : Side: Jose Luis: SANTIAGO VAMOS A LA ESTACION DE COMBUSTIBLE
15:52:53 : Side: juandayz: a veces cuando las mochilas no tienen espacio y metes llaves o armas, estas se borran. lo mismo pasa con los vehiculos cuando los cargas y no tienen 
15:52:56 : Side: juandayz: espacio
15:53:09 : Side: Jose Luis: NO PERO SE BORRO TODO
15:53:12 : Side: Jose Luis: Y 
15:53:18 : Side: juandayz: despues de un restart?
15:53:46 : Side: Jose Luis: SANTIAGO LO DEL HELICOPTERO NO CREO QUE SEA ERROR DEL MOD DAYZ SINO DEL JUEGO LO DEL MURO INVISIBLE CON EL QUE SE DIO EL HELI
15:54:02 : Side: Jose Luis: UNA FUE EN EL RESTART
15:54:08 : Side: Jose Luis: EL OTRO FUE SALIENDO DE MISION
15:54:20 : Side: Jose Luis: BAJATE LO REPARO SANTIAGO
15:54:44 : Side: Jose Luis: LISTO REPARANDO SANT
15:55:04 : Side: juandayz: bueno puede ser puro bug, el arma es un juego re bugero de por si.. pero aveces tambien el personaje se bugea, te pasa q estas 2hs jugando y de repent
15:55:13 : Side: juandayz: te hace un rollback y quedas en boolas
15:55:27 : Side: juandayz: no suele pasar seguido, pero ah pasado
15:55:42 : Side: Jose Luis: NO SOLO A MI ME HA PASADO
15:55:44 : Side: juandayz: que perdiste?
15:55:46 : Side: Jose Luis: HACE UNOS DIAS
15:55:56 : Side: juandayz: por eso te digo, no suele pasar pero pasa
15:56:09 : Side: Jose Luis: LE PASO A OTRO COMPA
15:56:21 : Side: Jose Luis: PERDI LAS LLAVES DE UN SUV QUE YA TUVE QUE COMRPAR OTRO
15:56:28 : Side: Jose Luis: TAMBIEN UNAS M2 QUE SAQUE EN UNA MISION
15:56:33 : Side: Jose Luis: Y UN PLOT POLE
15:56:46 : Side: Jose Luis: NO RECUERDO QUE MAS
15:56:53 : Side: Jose Luis: ESTOY NOMBRANDO LO IMPORTANTE QUE RECUERDO
15:56:56 : Side: Jose Luis: YA QUE FUE DOS VECES
15:57:15 : Side: juandayz: eso te lo devuelvo no hay drama, lo q te digo q no puedo controlar eso yo. osea no te puedo asegurar q no te pase de nuevo
15:57:24 : Side: Jose Luis: CLARO NO PASA NADA
15:57:40 : Side: juandayz: mas q devolvertelo, otra cosa no puedo hacer ;)
15:57:44 : Side: NightdeadBCE: eres admin ?
15:57:56 : Side: Jose Luis: Y LO OTRO QUE SE Q NO TENES LA CULPA
15:58:04 : Side: Jose Luis: ES LO DEL HELICOPTERO QUE SE DIO CON LA NADA Y ESTALLO
15:58:21 : Side: Jose Luis: DONDE ESTAN LOS QUE NOS DISPARAN SANTIAGO
15:58:53 : Side: Jose Luis: HOY ESTOY DE SUERTE
15:59:07 : Side: NightdeadBCE: ere admin :_¨?
15:59:56 : Side: santiago: ADMI
16:00:11 : Side: santiago: A MI ME ROBARON UNOS BASTARDOS EL SNIPER
16:00:26 : Side: NightdeadBCE: ahora se pelean por armas 
16:00:29 : Side: NightdeadBCE: por bug
16:00:39 : Side: NightdeadBCE: nose que hacen aca...si quieres un sniper andate al aeropuerto.
16:00:57 : Side: santiago: -SNIPER
16:01:09 : Side: SabryBCE: ._.
16:01:17 : Side: juandayz: si night,  santi si te roban no te puedo devovler es parte del juego
16:01:36 : Side: NightdeadBCE: exacto esto es supervivencia.
16:01:43 : Side: NightdeadBCE: aparte hay drop en todo lados. ;v
16:02:30 : Side: NightdeadBCE: ahora admin dime que se siente tener tanto poder?
16:02:43 : Side: santiago: MIERDAAAAAAAAAAAAAAAAAA
16:03:00 : Side: juandayz: yo en realidad arme todo el server night, ni queria ser adm :D era trabajo de otro, pero bue
16:03:13 : Side: NightdeadBCE: pero dime puedes volar ?
16:03:53 : Side: NightdeadBCE: como en otro juegos el famoso..noclip(?)
16:04:02 : Side: juandayz: si se puede volar
16:04:18 : Side: SabryBCE: :O
16:04:24 : Side: NightdeadBCE: el tema de fps porque tan bajo
16:04:39 : Side: NightdeadBCE: es mi duda..
16:05:25 : Side: santiago: adim si ves 
16:05:26 : Side: NightdeadBCE: nomedigas.
16:05:28 : Side: juandayz: sacar el pasto ayuda mucho a olos fps, pero hay muchos q lo qupieren
16:05:31 : Side: santiago: ahora q??
16:05:43 : Side: NightdeadBCE: esenomedigaseraparasabryodiaqueescribamal.
16:06:35 : Side: santiago: adminnn
16:07:05 : Side: NightdeadBCE: que sucede santi
16:07:53 : Side: santiago: que por estar hablando con el admin me mataron
16:08:05 : Side: Jose Luis: JAJAJAJAJA
16:08:07 : Side: Jose Luis: OME 
16:08:08 : Side: juandayz: :S
16:08:32 : Side: NightdeadBCE: a mi mme atacan loz zombies mientras eskrivo papu.
16:08:34 : Side: Jose Luis: EN SERIO SANTIAGO?
16:08:37 : Side: santiago: admin me podes recoger y llevarme a mis cosas pofavor
16:08:48 : Side: santiago: siiii hombre
16:08:52 : Side: Jose Luis: NO VEO LOS SOLDIER SANTIAGO
16:09:22 : Side: NightdeadBCE: ahora el admin es la mula de carga. interesante santiagito(?)
16:09:26 : Side: Jose Luis: ESPERO SE HAYAN IDO
16:09:36 : Side: Jose Luis: CARAJO AUN ESTA
16:10:22 : Side: Jose Luis: NO VEO ESTE SOLDIER 
16:10:32 : Side: Jose Luis: MEJOR DICHO NO SE QUE NOS DISPARA
16:10:53 : Side: santiago: que mierdaaaa estoy q tiro a la mierda este juego
16:11:03 : Side: NightdeadBCE: PORQUE SANTI
16:11:04 : Side: Jose Luis: JAJAJA CALMA VIEJO
16:11:06 : Side: NightdeadBCE: dime.
16:11:09 : Side: NightdeadBCE: que te pasa
16:11:10 : Side: Jose Luis: VENI POR TU CUERPO
16:11:41 : Side: Jose Luis: JUAN ERAS TU EL QUE MATO AL Z?
16:11:45 : Side: Jose Luis: O FUE UN SOLDADO
16:11:46 : Side: santiago: no se entonces pa que estan los putos admin
16:11:55 : Side: juandayz: naa yo estoy en el mercado
16:11:57 : Side: santiago: meirdaaaaaaa
16:12:00 : Side: Jose Luis: JAJAJAJA
16:12:04 : Side: Jose Luis: ENTONCES SON SOLDADOS
16:12:09 : Side: juandayz: el adm esta para ayudarte, no para hacerte el juego mas facil santiago
16:12:21 : Side: Jose Luis: TURN DAWN
16:12:35 : Side: juandayz: si necesitas un juego facil, por ahi no se candy crush o alguno de esos
16:12:47 : Side: NightdeadBCE: No no..
16:12:54 : Side: Jose Luis: DOBLE TURN DAWN
16:13:05 : Side: NightdeadBCE: empeza en www.cartoonnetwoks.com y listo.
16:13:23 : Side: Jose Luis: FRIV
16:13:54 : Side: Jose Luis: EY NIGHT
16:14:41 : Side: NightdeadBCE: q
16:14:46 : Side: Jose Luis: SEÑOR PARA USTED
16:14:53 : Side: NightdeadBCE: nope
16:14:58 : Side: Jose Luis: Xd
16:14:58 : Side: NightdeadBCE: soy libre en este mundo
16:15:10 : Side: Jose Luis: VOS DONDE ESTAS
16:15:17 : Side: Jose Luis: MERCADO?
16:15:21 : Side: NightdeadBCE: nope
16:15:35 : Side: NightdeadBCE: revisando si hay suvivor en este mundo cruel.
16:16:48 : Side: Jose Luis: santiago ya podes venir por tus cosas
16:16:55 : Side: Jose Luis: ya mate al soldier
16:17:28 : Side: santiago: si q bueno yo estoy mas alla de la mierda
16:17:38 : Side: Jose Luis: dale no pasa nada
16:17:55 : Side: Jose Luis: yo me quedo cuidando tu cuerpo
16:17:59 : Side: NightdeadBCE: Hay jodido lag aki.
16:18:15 : Side: Jose Luis: pense que era el unico al que le iba mal las fps
16:21:35 : Side: Jose Luis: zona segura santiago
16:21:50 : Side: NightdeadBCE: santiago dime tu edad.
16:22:10 : Side: santiago: estoy como 1km
16:22:24 : Side: santiago: 27 modelo 89
16:22:27 : Side: Jose Luis: dale yo te agarre la plata ahora te la paso
16:23:23 : Side: Jose Luis: ahora santiago agarras las cosas del cuerpo del soldado para que vendas
16:23:34 : Side: santiago: R
16:23:46 : Side: Jose Luis: al fin y al cabo el te mato xD
16:24:24 : Side: Jose Luis: ey night
16:24:28 : Side: Jose Luis: hacemos mision?
16:25:08 : Side: NightdeadBCE: nope hacelo con santi xd
16:25:23 : Side: NightdeadBCE: estoy explorando el mapa
16:25:25 : Side: NightdeadBCE: cosas nuevas
16:25:26 : Side: NightdeadBCE: raras.
16:25:50 : Side: Jose Luis: raras?
16:25:52 : Side: Jose Luis: como que
16:26:05 : Side: Jose Luis: tpdas las ciudades tienen casi lo mismo
16:26:39 : Side: Jose Luis: ahi te pase el dinero
16:26:59 : Side: santiago: el arma
16:27:08 : Side: Jose Luis: cual arma
16:27:29 : Side: Jose Luis: yo no agarre nada de tu cuerpo
16:27:41 : Side: Jose Luis: solo el dinero por si se volvia calavera
16:28:46 : Side: Jose Luis: ahi esta todo no perdio nada
16:33:17 : Side: Jose Luis: vamos por mi coche pues santiago
16:34:47 : Side: Jose Luis: voy por comida espera
16:42:43 : Side: Jose Luis: ey night cuanto llevas en este server
16:42:50 : Side: NightdeadBCE: ni idea
16:42:53 : Side: NightdeadBCE: desde las 12
16:42:59 : Side: NightdeadBCE: ahora son 16
16:43:05 : Side: NightdeadBCE: 4hr
16:43:07 : Side: Jose Luis: fecha loco no desde hoy
16:43:14 : Side: NightdeadBCE: em
16:43:19 : Side: NightdeadBCE: desde q lo vi con mario
16:43:25 : Side: NightdeadBCE: esa vez que pedi que si me invitan agurpo
16:43:29 : Side: NightdeadBCE: 2 dias
16:43:38 : Side: Jose Luis: ah vale
16:44:56 : Side: NightdeadBCE: usted joven
16:45:07 : Side: Jose Luis: yo creo que un mes
16:45:15 : Side: Jose Luis: cuantos años tenes?
16:45:21 : Side: NightdeadBCE: 22
16:45:35 : Side: Jose Luis: entonces no hay razon para decir joven
16:45:40 : Side: Jose Luis: tenemos la misma edad
16:45:46 : Side: NightdeadBCE: viejo choto tonces;V
16:46:16 : Side: Jose Luis: asi papu xD
16:49:31 : Side: [DMN]-Mario: hola gente como va!!!
16:49:41 : Side: Jose Luis: HOLA MARIO QUE TL
16:50:10 : Side: [DMN]-Mario: todo tranka --
16:50:17 : Side: [DMN]-Mario: estas en mision?
16:50:26 : Side: Jose Luis: no yo voy a comprar blood
16:50:58 : Side: [DMN]-Mario: estoy en mercado y quiero ir a la mision amarilla
16:51:08 : Side: Jose Luis: yo voy para mercado esperame
16:51:15 : Side: [DMN]-Mario: dale
16:52:30 : Side: Jose Luis: un poco lejos la weapon
16:52:37 : Side: Jose Luis: aunque se que no tarda en irse porque ya lleva tiempo
16:52:38 : Side: [DMN]-Mario: tengo heli
16:52:43 : Side: Jose Luis: jajaja asi si
16:52:45 : Side: Jose Luis: espera ps
16:52:58 : Side: Jose Luis: solo no me hagas estrellar xD
16:53:54 : Side: [DMN]-Mario: tengo muchas horas de vuelo en arma2
16:54:45 : Side: Jose Luis: que hiciste boludo
16:58:44 : Side: [DMN]-Mario: estas armas no las puedo vender
17:00:16 : Side: [DMN]-Mario: el que las pueda vender que agarre
17:01:35 : Side: Jose Luis: eh loco apaga tu coche que esta consumiento combustible
17:01:58 : Side: [DMN]-Mario: se bugueo todas las cosas
17:02:27 : Side: Jose Luis: como asi mario
17:02:44 : Side: Jose Luis: apaga tu vehiculo night
17:02:55 : Side: [DMN]-Mario: es como si no existieran
17:03:36 : Side: Jose Luis: cosas de tu inventario¡?
17:03:44 : Side: [DMN]-Mario: todavia esta la mision
17:04:02 : Side: [DMN]-Mario: estas armas que deje y mochila
17:04:19 : Side: Jose Luis: saco el carro de comercio y vamos a mision vale
18:09:57 : Side: Jose Luis: hola azra
18:10:47 : Side: Azrael1x: hola holaa
18:10:53 : Side: Jose Luis: que tal azra todo bien
18:11:02 : Side: Azrael1x: todo joya y vos?
18:11:11 : Side: Jose Luis: todo bien aunque esto ha sido una locura
18:11:28 : Side: Jose Luis: ayer me mataron faltando 3 mintos para reinicio
18:11:29 : Side: Azrael1x: que paso??
18:11:42 : Side: Azrael1x: uhhh 
18:11:46 : Side: Jose Luis: y fue un jugador poque no habian bots cerca ademas estaba en el suelo
18:11:53 : Side: Azrael1x: perdiste todo
18:12:04 : Side: Jose Luis: menos mal tenia llaves del coche
18:12:33 : Side: Azrael1x: si al menos eso
18:13:00 : Side: Jose Luis: entre luego del reinicio y encontre un pj tirado en el suelo apuntando a donde estaba y era mi amigo jf buscando al otro pj
18:13:20 : Side: Jose Luis: lo mate pensando que era el que me mato jajajaa me bajo casi 3000 de golpe la humanidad y deje de ser heroe
18:13:41 : Side: Azrael1x: ajaja que mala suerte
18:13:53 : Side: Azrael1x: si queres dejo que me mates,yo soy bandit
18:13:56 : Side: Jose Luis: y hoy se me bugueo el heli y estallo
18:14:03 : Side: Jose Luis: pero el admin me lo repuso
18:14:10 : Side: Jose Luis: cuanto me dan por matarte xD
18:14:34 : Side: Azrael1x: ah que mala racha jaja
18:14:40 : Side: Jose Luis: ven a mercado que aqui te espera la muerte xD
18:14:40 : Side: Azrael1x: no se pero debe ser algo
18:14:52 : Side: Azrael1x: XDD aca ya estoy ç
18:15:01 : Side: Jose Luis: que tuto
18:15:09 : Side: Jose Luis: salgamos entonces
18:15:14 : Side: Azrael1x: espera
18:15:21 : Side: Jose Luis: jajaja ok
18:15:26 : Side: Azrael1x: tenes auto asi guardo mi mochila y el arma?
18:15:37 : Side: Jose Luis: tienes miedo de perderlas
18:15:40 : Side: Jose Luis: acompañame a mi coche
18:16:34 : Side: Jose Luis: ahi esta
18:17:39 : Side: Jose Luis: ey cuanto cuesta el heli donde el vendedor de bandits
18:17:40 : Side: Azrael1x: te doy a vos mi plata asi me la guardas
18:17:50 : Side: Jose Luis: oka
18:18:05 : Side: Jose Luis: madre mia
18:18:08 : Side: Azrael1x: ahora si
18:18:28 : Side: Jose Luis: wtf
18:18:35 : Side: Azrael1x: no mori XD
18:19:30 : Side: Jose Luis: pues no dieron mucho o mejor dicho nada
18:19:42 : Side: Jose Luis: sera que tenia que ser un tiro de muerte inmediata
18:19:56 : Side: Azrael1x: no te dio nada?
18:20:02 : Side: Jose Luis: nada 
18:20:27 : Side: Azrael1x: queres provar de nuevo?
18:20:43 : Side: Jose Luis: pero con el rifle de franco a ver
18:20:56 : Side: Jose Luis: porque cargas tanto dinero ensima
18:21:19 : Side: Azrael1x: quede en el mercado despues de la mision
18:21:28 : Side: Jose Luis: con razon
18:21:31 : Side: Jose Luis: pareces un banco
18:21:36 : Side: Azrael1x: jaja XD
18:21:49 : Side: Jose Luis: oye cual es el mejor heli
18:21:51 : Side: Jose Luis: en carga y demas
18:21:53 : Side: Jose Luis: y cuanto cuesta
18:22:11 : Side: Azrael1x: no se habria que ver en el trade
18:22:21 : Side: Jose Luis: te mato
18:22:24 : Side: Azrael1x: dale
18:22:35 : Side: Azrael1x: y ahora?
18:22:38 : Side: Jose Luis: nada loco
18:23:02 : Side: Jose Luis: ser bandido sale mas facil
18:23:34 : Side: Azrael1x: pfff que basofia
18:23:39 : Side: Azrael1x: si mucho mas
18:23:42 : Side: Jose Luis: oye
18:23:54 : Side: Jose Luis: pues me dan ganas hasta de volverme bandit
18:23:59 : Side: Jose Luis: hay diferencias en el comercio o algo?
18:24:29 : Side: Azrael1x: yo pense que si pero segun lucas no
18:24:42 : Side: Jose Luis: ya veo
18:24:57 : Side: Jose Luis: yo mato un soldado y me quitan el triple de humanidad que con un bandido
18:25:01 : Side: Jose Luis: o hasta mas
18:25:09 : Side: Jose Luis: agarra tus cosas ya te doy tu dinero
18:25:16 : Side: Azrael1x: si cuesta menos y es mejor creo
18:25:50 : Side: Jose Luis: listo 
18:25:53 : Side: Azrael1x: gracias
18:25:54 : Side: Jose Luis: podemos ver tu comercio?
18:25:59 : Side: Jose Luis: a ti por dejarte matar
18:26:07 : Side: Jose Luis: cuanta humanidad tenes
18:26:21 : Side: Azrael1x: claro vamos -12818
18:27:14 : Side: Jose Luis: cuanto te cuesta la mk a ti
18:27:32 : Side: Azrael1x: la que te di no la venden asi que cuidala mucho XD
18:27:42 : Side: Jose Luis: jajaja en los heroes si la venden
18:27:46 : Side: Jose Luis: 80.000
18:27:54 : Side: Jose Luis: esta la tuve que comprar porque perdi la otra anoche
18:27:59 : Side: Azrael1x: ohhhh me podes comprar una plz??
18:28:08 : Side: Jose Luis: y tampoco venden la mk17 sd?
18:28:15 : Side: Azrael1x: si la sd si
18:28:17 : Side: Jose Luis: carajo men tengo que volver a ser heroe
18:28:18 : Side: Azrael1x: ay vuelvo
18:28:38 : Side: Jose Luis: cuanto cuestan los heli
18:28:40 : Side: Jose Luis: okaa
18:28:55 : Side: Azrael1x: ya estoy
18:29:07 : Side: Azrael1x: entonces si los heroes tienen varias cosas
18:29:18 : Side: Jose Luis: tendria que recuperar la humanidad me faltan 3000 asi que tengo que hacer misiones cuando sea heroe te la regalo
18:29:30 : Side: Jose Luis: que helicopteros tienes para comprar aqui
18:29:58 : Side: Azrael1x: UH-1H
18:30:03 : Side: Jose Luis: capacidad
18:30:06 : Side: Azrael1x: UH-1Y
18:30:08 : Side: Jose Luis: y precio
18:30:18 : Side: Jose Luis: el que mas capacidad tiene cuanto cuesta
18:30:19 : Side: Azrael1x: MH-60S ALÇ
18:30:28 : Side: Azrael1x: NO DICE LA CAPACIDAD CREOÇ
18:30:36 : Side: Jose Luis: cuando le das click si
18:30:43 : Side: Jose Luis: dice cuanto tiene
18:30:47 : Side: Jose Luis: en compra rapida claro esta
18:31:09 : Side: Azrael1x: ahh
18:31:34 : Side: Azrael1x: el uh-1h 25 mags 5 armas y 4 mochis
18:31:49 : Side: Azrael1x: uh-1y lo mismo
18:31:58 : Side: Jose Luis: y el q mas le cabe cual es
18:32:28 : Side: Azrael1x: y el mh-60s 100 mags 10 armas y 5 mochis
18:32:39 : Side: Azrael1x: ese sale 400000
18:32:40 : Side: Jose Luis: ese es el mas grande?
18:32:46 : Side: Azrael1x: sip
18:33:04 : Side: Jose Luis: aca el piloto vende uno con 25 armas y 80 mags en 500.000
18:33:31 : Side: Azrael1x: es mas caro que el mejor del bandit
18:33:34 : Side: Jose Luis: pienso comprar un heli de carga para las misiones
18:33:53 : Side: Jose Luis: te parece si vamos a matar a unos de los de tu tipo?
18:34:01 : Side: Jose Luis: asi puedo ser heroe y comprarte la mk
18:34:12 : Side: Azrael1x: rabbit me va a estar esperando en el area militar
18:34:20 : Side: Azrael1x: para hacer esa parte de nuevo
18:34:21 : Side: Jose Luis: ahh xD
18:34:50 : Side: Jose Luis: pues me dan ganas de ir a matar soldiers
18:34:57 : Side: Azrael1x: veni con nosotros
18:35:01 : Side: Jose Luis: dale
18:35:39 : Side: Azrael1x: jose con cuanto te haces heroe
18:35:47 : Side: Jose Luis: 5000
18:35:53 : Side: Azrael1x: ok gracias
18:35:59 : Side: Jose Luis: con eso ya el vendedor te da las cosas
18:37:52 : Side: Jose Luis: cuando necesites algo de heroes me dices
18:38:15 : Side: Jose Luis: yo me hare heroe de nuevo
18:39:58 : Side: Jose Luis: mario
18:40:39 : Side: Jose Luis: mario
18:40:59 : Side: [DMN]-Mario: eu
18:41:06 : Side: Jose Luis: hay mision
18:41:20 : Side: Jose Luis: invitame a grupo y bamos
18:41:22 : Side: Jose Luis: vamos
18:41:28 : Side: [DMN]-Mario: banca
18:41:53 : Side: Jose Luis: te parece si vamos en mi cochew
18:42:01 : Side: [DMN]-Mario: hola azrael y rabbit
18:42:13 : Side: [T1ER]rabbit: hola loco!!!!
18:42:15 : Side: Azrael1x: hola mario como va?
18:42:24 : Side: [DMN]-Mario: todo tranki
18:43:07 : Side: [DMN]-Mario: lo pueden agregar a jose luis asi estamos todos en el grupo y no nos matamos entre nosotros
18:43:27 : Side: Jose Luis: ahh jaja xD
18:44:13 : Side: [DMN]-Mario: muchas gracias muhachos!!!
18:44:21 : Side: Azrael1x: ;D
20:28:31 : Side: [T1ER]rabbit: se vieja
20:28:54 : Side: [T1ER]rabbit: bien vieja
20:28:55 : Side: [DMN]-Mario: todo tranki
20:28:57 : Side: Azrael1x: ehhh juan!!
20:29:11 : Side: [T1ER]rabbit: vos como andas tanto tiempo??
20:29:47 : Side: [T1ER]rabbit: aca jugando un poco de nievo muy bueno el server
20:29:58 : Side: [T1ER]rabbit: nuevo
20:30:59 : Side: [DMN]-Mario: vendiste lo de la mochila azra
20:31:25 : Side: Azrael1x: nop estoy con lo de la camioneta
20:34:38 : Side: [DMN]-Mario: podemos volver a juntar lo que falta
20:35:00 : Side: [DMN]-Mario: oh trajimos todo
20:35:22 : Side: Azrael1x: solo arma de boot porque de la caja nos llevamos todo,y a los boot les saque a la mayoria yo
20:35:42 : Side: [DMN]-Mario: faltan 25 y tenemos una mision cerca
20:36:02 : Side: [DMN]-Mario: bue ya fue desaparecio
20:36:22 : Side: Azrael1x: ta
20:36:27 : Side: [DMN]-Mario: en el vodnik habia una mochila con armas
20:36:32 : Side: Azrael1x: yo vendi 700000
20:36:37 : Side: Azrael1x: si ya la agarre
20:36:59 : Side: [DMN]-Mario: bien ...es mucho
20:37:48 : Side: Azrael1x: 233.333 pa cada uno
20:39:19 : Side: Azrael1x: jaja que boludoç
20:39:25 : Side: [DMN]-Mario: jaja
20:40:09 : Side: Azrael1x: vamo de puta
20:41:44 : Side: [T1ER]rabbit: ahi viene
20:43:29 : Side: [DMN]-Mario: nos vemos rabbit
20:49:09 : Side: Azrael1x: vamo de putaaaaaa
21:53:49 : Side: Malmsteen: we
21:54:13 : Side: Malmsteen: night
21:54:17 : Side: NightdeadBCE: q
21:54:25 : Side: Malmsteen: q tal
21:54:31 : Side: NightdeadBCE: te invite grupo
21:54:37 : Side: NightdeadBCE: todo bien usted que tal.
22:06:20 : Side: NightdeadBCE: trabajo ;-c
22:54:17 : Side: NightdeadBCE: agus
22:54:20 : Side: NightdeadBCE: quieres que te invite 
22:54:26 : Side: NightdeadBCE: a grupo necesito ayua xd
22:54:53 : Side: Agustin: jajajaja dale 
23:04:19 : Side: NightdeadBCE: SI mejoraron gracias por el consejo
23:54:11 : Side: Chavito: este server no es para matar?
23:55:32 : Side: NightdeadBCE: masomenos
