00:12:50 : Side: Jose Luis: que pasa gente todo bien
00:13:06 : Side: ChakalMDP: Hola Jose!, Buenas noches
00:13:17 : Group: Jose Luis: hola veo que estoy en el grupo
00:13:24 : Side: Azrael1x: hola jose
00:13:26 : Group: Jose Luis: llegue tarde justo mision donde estan ustedds
00:13:39 : Group: [T1ER]rabbit: recien arrancamos asi que bienvenido
00:13:49 : Group: Jose Luis: ahi voy
00:16:04 : Group: Jose Luis: como hacen con los soldier y bandidos a la vez
00:16:47 : Group: Jose Luis: goool de argentina
00:32:02 : Side: Farias: server es pve?
00:32:33 : Side: Azrael1x: nop
00:32:34 : Side: [T1ER]rabbit: tratamos de que sea asi
00:36:45 : Group: Jose Luis: ustedes estan en mision o loot contra soldados
00:37:24 : Group: Jose Luis: si escuchan un coche no se asusten voy para aia
00:42:06 : Side: JF: HOLA GENTE COMO ESTAN??...
00:42:14 : Side: Azrael1x: holo
00:42:16 : Side: Jose Luis: fj!!!
00:42:20 : Side: Jose Luis: tiempo sin verte
00:42:20 : Group: ChakalMDP: HOla!
00:42:30 : Side: ChakalMDP: Buenas
00:42:49 : Side: JF: Jajaja yerba mala nunca muere ..
00:43:11 : Side: Jose Luis: que tal todo bien
00:43:18 : Side: JF: buenas a todos !!!
00:43:45 : Side: JF: todo bien jose y vos que tal ?..
00:43:55 : Side: Jose Luis: bn te tengo que mostrar lo que ha
00:43:57 : Side: Jose Luis: hay
00:44:49 : Side: JF: bueno aguantame un toque que el muñeco esta con hambre para empezar ..
00:45:07 : Side: Jose Luis: oka
00:49:50 : Group: Jose Luis: chicos ya voy no recordaba que iba con el mk sd y ese es poco preciso de lejos
00:58:42 : Side: Jose Luis: jf
00:58:56 : Side: JF: si!!
00:59:01 : Side: Jose Luis: tengo una pregutn
00:59:09 : Side: Jose Luis: es que no entiendo bn lo del libro
00:59:13 : Side: Jose Luis: como hago el pozo de agua
01:00:10 : Side: JF: ah para que no me acuerdo dejame ver
01:00:28 : Side: JF: tenes la pala?
01:00:46 : Side: Jose Luis: la de afianzar o cual
01:01:02 : Side: Jose Luis: voy y la compro
01:01:25 : Side: JF: no la otra la de cabo largo , en el dibujo se ve finita como una cucharita
01:01:49 : Side: Jose Luis: voy a comprarla
01:02:25 : Side: Jose Luis: mejor dicho entra a grupo
01:02:26 : Side: JF: creo que con esa te da la opcioon para crear pero tenes que tener los elementos 
01:02:43 : Side: Jose Luis: que elementos son? eso es lo q no entiendo
01:02:59 : Group: Jose Luis: que elementos son amigo
01:03:06 : Group: Jose Luis: ahh y soy heroe
01:04:03 : Side: JF: jo jo muy bueno congratulaciones !!
01:04:18 : Group: Jose Luis: y tengo el suv artillado
01:04:40 : Group: JF: che por donde estas vos??
01:04:50 : Group: Jose Luis: en mi base si quieres ven
01:05:02 : Group: Jose Luis: o paso por ti en heli
01:05:08 : Group: JF: lo que pasa que no te hubicoen el mapa
01:05:23 : Group: Jose Luis: arriba e dubrovka
01:05:35 : Group: JF: no yo voy no te hagas problemas 
01:05:49 : Group: Jose Luis: oka
01:06:04 : Group: JF: si ahora te localice
01:19:20 : Group: Jose Luis: que es el generic
01:19:40 : Group: JF: crap metal
01:19:42 : Group: Jose Luis: part generic
01:19:54 : Group: JF: si es lo mismo
01:19:54 : Group: Jose Luis: entonces cuanto necesito de cada
01:20:48 : Group: JF: ahi arriba te aparece un letrero en rojo que dura poco tiempo trata de poner la imagen contra una pared por ejemplo para 
01:21:04 : Group: Jose Luis: creo que ya podre
01:21:07 : Group: JF: que tenga contraste y la puedas leer mas facil
01:21:43 : Group: Jose Luis: uno luego de ponerla puede reacomodarla?
01:22:33 : Group: Jose Luis: epaa gracias
01:22:38 : Group: Jose Luis: ya tengo donde llenar el agua
01:23:07 : Group: JF: y ... se presenta en bacio luego la hubicas donde mas te convenga le das la altura y la enclavas definitiva
01:23:14 : Group: Jose Luis: ahora ven
01:23:40 : Group: Jose Luis: te invito a un asado
01:24:44 : Group: JF: no me hago rogar jaja voy en camino... xD!!
01:25:00 : Group: Jose Luis: jaja te tengo cordero aqui listo y el barril encendido
01:29:52 : Group: Jose Luis: wtf
01:30:05 : Group: Jose Luis: iba a poner una trinchera me mando a volar y me rompio los huesos
01:34:37 : Side: Jose Luis: alguien va a esa mision
01:34:39 : Side: Jose Luis: yo voy
01:34:59 : Side: ChakalMDP: Por ahora no
01:35:04 : Group: JF: que mision
01:35:17 : Group: Jose Luis: colocaron una nueva mira el mapa bandit base
01:35:24 : Side: Jose Luis: oka entonces voy solo
01:36:34 : Group: JF: yo estoy yendo al asado que me invitaste pero no hay problemas lo suspendemos estaria apareciendo por el sur
01:36:35 : Group: Jose Luis: vamos jf?
01:36:59 : Group: JF: en polana apareco cuando llego te aviso
01:37:03 : Group: Jose Luis: jajaja pues matamos unos bandidos ganamos sus cosas y hacemos asado
01:37:08 : Group: JF: -
01:37:55 : Group: JF: estoy en dolina
01:38:16 : Group: Jose Luis: nos vemos en colina dubina
01:44:35 : Side: Jose Luis: ya empezo el server
01:44:41 : Side: Azrael1x: mal
01:44:59 : Side: Jose Luis: voy a mision con plot y sand
01:45:36 : Side: Azrael1x: jajaja te vas a hacer bunkersito?
01:45:41 : Side: Jose Luis: claro
01:45:47 : Side: Jose Luis: ellos tienen base yo tambien
01:45:48 : Side: Azrael1x: jaja bien ahi
01:46:18 : Side: Jose Luis: si quieres ven
01:46:53 : Side: Azrael1x: yo ahora vendo y me voy pero gracias igual
01:47:19 : Side: Jose Luis: oka
01:49:02 : Group: Jose Luis: jf compa estoy armando base con sandbags
01:51:54 : Group: JF: SE ME CORTO LA TRANMISION 
01:52:00 : Group: Jose Luis: si se fue el server
01:52:01 : Group: Jose Luis: ven
01:52:04 : Group: JF: YA VOLVI
01:52:47 : Group: JF: vos quedate ahi en el norte y yo aqui en el sur y los tenemos rodeados
01:52:47 : Group: Jose Luis: lo que me va a llover es balas
01:52:57 : Group: Jose Luis: oka
01:54:01 : Group: JF: yo estoy buscnndo una hubicacion 
01:54:14 : Group: Jose Luis: espero que te ubiques para empezar entonces?
01:55:11 : Group: JF: esta todo el campo minado
01:55:13 : Group: Jose Luis: cuando quieras compa
01:55:19 : Group: Jose Luis: si 
01:55:33 : Group: Jose Luis: pero cuando limpiemos estara vacio
01:55:41 : Group: Jose Luis: cuando me digas bajo una m2
01:56:22 : Group: JF: yo los tengo a 700 cuando queras empeza nomas
01:57:56 : Side: Jose Luis: quien mas esta en mision?
01:58:30 : Side: ChakalMDP: Casi estoy Libre Jose, hay alguna mision para hacer?
01:58:41 : Side: Jose Luis: estoy en una mirala
01:59:01 : Side: ChakalMDP: Barbaro, te aviso cuando voy
02:03:42 : Group: Jose Luis: reinicio cargadores
02:06:06 : Side: Jose Luis: mataron a mi compa xD se acerco mucho
02:06:14 : Side: ChakalMDP: Uh!
02:10:22 : Side: Jose Luis: creo que ya estan todos muertos
02:10:45 : Side: Jose Luis: no se dentro de los bunker no veo desde aca
02:12:52 : Side: Jose Luis: jf ves algo?
02:14:01 : Side: ChakalMDP: Existe alguna forma de que te desaparesca dinero de la caja fuerte?
02:14:07 : Side: Jose Luis: no
02:14:18 : Side: Jose Luis: que yo sepa la unica es un bug
02:14:46 : Side: ChakalMDP: Que garron, perdi 120000 jajaja
02:15:02 : Side: Jose Luis: si yo pierdo lo que hay en mi caja ya me retiro
02:15:07 : Side: Jose Luis: jajajaajaj
02:15:13 : Side: ChakalMDP: JAjajaja
02:15:33 : Side: Jose Luis: jf donde estas
02:15:38 : Side: Jose Luis: ve por tus cosas creo que estamos libres
02:16:43 : Side: ChakalMDP: En mercado central venden cajas fuertes?
02:16:49 : Side: Jose Luis: si las safe
02:16:52 : Side: Jose Luis: el tipo de traje
02:16:54 : Side: ChakalMDP: Genial
02:18:44 : Side: Jose Luis: mi personaje es adicto al painkiller
02:18:57 : Side: ChakalMDP: Jajajaja
02:19:02 : Side: ChakalMDP: El mio come bendajes
02:19:20 : Side: JF: el mio a los dos jajajaa
02:19:29 : Side: Jose Luis: cayeron del aire bandidos cuidado jf
02:20:47 : Side: JF: no se pero fue muy dudoso mi muerte me parece que anda alguna oveja armada
02:20:48 : Side: Jose Luis: jf donde estas estas en el punto de ellos o no para saber si debo matarlo
02:21:17 : Side: JF: espera te digo
02:21:40 : Side: Jose Luis: ponte en grupo loco
02:22:06 : Group: Jose Luis: caen mas
02:25:12 : Group: Jose Luis: las m2 estan fuera
02:25:44 : Side: Jose Luis: ey estas libre men
02:26:03 : Side: ChakalMDP: Yo ya casi estoy, llevo unas cosas a la base y me libero
02:26:40 : Side: JF: me estoy arraastrando hacia mi cadaver justo en tu lado opuesto por ahora soy pelado no me dispares
02:26:57 : Side: Jose Luis: creo que 
02:27:10 : Side: Jose Luis: ire a por ellos
02:28:33 : Side: Jose Luis: es ahora o nunca
02:28:44 : Side: ChakalMDP: Ahi estoy
02:28:57 : Side: Jose Luis: yo ya voy a tomarme el sitio
02:29:15 : Side: JF: vos estas en el camioncito
02:29:20 : Side: Jose Luis: no
02:29:33 : Side: Jose Luis: vos vas en camion???
02:29:43 : Side: JF: porqque se eta moviendo con uno en la ametralladora 
02:29:46 : Side: Jose Luis: acepta el grupo men
02:30:13 : Group: Jose Luis: escucho disparos pero ni idea de a quien van
02:30:17 : Side: JF: pregunto lo puedo bajar 
02:30:32 : Side: JF: o es un player nuetro
02:30:32 : Group: Jose Luis: bajalos si puedes porque yo estoy a pie
02:30:46 : Group: Jose Luis: el unico que esta en auto es nuestro compa y esta en un suv no un camion
02:32:55 : Side: JF: eraa un bandido ya lo baje 
02:33:15 : Group: Jose Luis: ya vi el camion
02:34:11 : Group: Jose Luis: avancemos loco
02:34:15 : Group: Jose Luis: o perderemos la mision
02:34:59 : Group: Jose Luis: el coche al que le disparaste quedo vacio?
02:36:14 : Group: Jose Luis: falta una m2 ya la bajo
02:36:16 : Side: JF: si creo  que si 
02:36:52 : Group: Jose Luis: le di en la cabeza y no murio wtf
02:37:13 : Group: ChakalMDP: LLevaba casco :D
02:37:21 : Group: Jose Luis: jajajajaja
02:37:27 : Group: Jose Luis: ante todo la proteccion
02:37:47 : Group: Jose Luis: ahora si
02:37:52 : Group: ChakalMDP: Estoy llegando
02:38:15 : Group: Jose Luis: jf esta libre creo avancemos a ver
02:38:19 : Group: ChakalMDP: Quedo algo para matar?
02:38:40 : Group: Jose Luis: hijo de puta
02:39:32 : Side: JF: che a mi me enloquecieron los zombis
02:39:34 : Group: ChakalMDP: Tienen Heli los bots?
02:39:42 : Side: JF: si
02:39:46 : Group: ChakalMDP: OMG
02:40:47 : Group: ChakalMDP: Encontre tu spot Jose
02:41:19 : Group: ChakalMDP: JF, donde andan los enemigos?
02:41:33 : Side: Jose Luis: recuperaste tus cosas jf
02:41:53 : Side: JF: no los veo 
02:42:02 : Side: JF: algunas cosas recupere
02:42:07 : Group: ChakalMDP: Veo uno, a ver si lo bajo
02:42:09 : Side: Jose Luis: a mi me mato no se quien
02:42:19 : Side: JF: pero me ataco una orda de zombi
02:42:23 : Side: Jose Luis: me vio en el suelo
02:43:29 : Side: JF: esta haciendo demaciada trampa para mi gusto esto 
02:43:36 : Group: ChakalMDP: Hay cuatro 
02:43:41 : Group: ChakalMDP: Se estan empezando a meter
02:43:46 : Group: ChakalMDP: Son survivors creo
02:43:56 : Side: Jose Luis: a mi no se como me dieron si estaba en una colina acostado
02:43:58 : Group: ChakalMDP: No, bandidos
02:44:01 : Side: Jose Luis: ire por mis cosas
02:44:13 : Side: JF: ya te digo a mi no habia forma de que me bajara y sin embargo me bajaron
02:44:16 : Side: Jose Luis: tenia una racha de matar a 60 bandidos
02:45:14 : Group: ChakalMDP: Quedan pócos
02:45:20 : Side: Jose Luis: invitenme a lgrupo
02:45:49 : Group: ChakalMDP: JF, vos lo podes invitar
02:45:50 : Side: ChakalMDP: Jose, ahi baje varios bandidos que aparecieron de la izquierda
02:46:03 : Side: Jose Luis: invitame al grupo
02:46:09 : Side: Jose Luis: porque sino me mataras me estoy arrastrando
02:46:11 : Side: ChakalMDP: Tiene JF el mando
02:46:24 : Side: ChakalMDP: Y veo un homve 
02:46:37 : Side: Jose Luis: luisto mirame chakal
02:46:38 : Side: Jose Luis: cubreme
02:47:00 : Side: JF: ese heli de quien es ?
02:47:09 : Group: ChakalMDP: No me apareces Jose
02:47:11 : Side: Jose Luis: el de la estacion de un player
02:47:18 : Side: Jose Luis: mira en frente tuya
02:47:33 : Group: ChakalMDP: Veo un bot parado
02:47:41 : Side: Jose Luis: bot?
02:47:45 : Side: JF: no yo digo el que anda volando bajo
02:47:54 : Side: Jose Luis: mira el mapa
02:47:56 : Group: ChakalMDP: Si jaja, Como estas vestido?
02:48:02 : Side: Jose Luis: estoy a 80 metros tuyo
02:48:04 : Side: Jose Luis: soldado 
02:48:10 : Group: ChakalMDP: Ahora si te veo :P
02:48:19 : Group: Jose Luis: cubreme loco
02:48:37 : Group: ChakalMDP: Si señor!
02:49:18 : Group: ChakalMDP: Esta armado ese heli?
02:50:02 : Group: ChakalMDP: No veo nadie
02:50:13 : Group: Jose Luis: vamos a ver
02:50:29 : Group: ChakalMDP: Veni a mi posicion Jose, yo avanzo
02:52:20 : Group: Jose Luis: ahora o nunca compas
02:52:39 : Group: Jose Luis: te dispararon?
02:52:49 : Group: ChakalMDP: Voy!w
02:52:57 : Group: Jose Luis: ojo
02:52:59 : Group: Jose Luis: hay minas
02:53:01 : Group: Jose Luis: en coche no
02:53:14 : Group: ChakalMDP: Vieron los disparos?
02:53:29 : Side: JF: che queda uno en el jeep que no lo puedo bajar porque de nuevo me aqtacaron los zombi
02:53:48 : Side: JF: yo soy el de los disparos
02:53:50 : Group: Jose Luis: pero no tengo angulo pal jeep
02:54:00 : Group: Jose Luis: y ya quedan 7 minutos
02:54:04 : Group: ChakalMDP: Cuando avance con la camioneta me tiraron
02:54:11 : Group: ChakalMDP: Me bajaron
02:54:46 : Group: Jose Luis: wtf chakal que paso
02:55:16 : Group: Jose Luis: jf abortemos podriamos perderlo todo
02:55:16 : Group: ChakalMDP: Jose, fijate que a tu izq hay enemigos
02:55:33 : Side: Jose Luis: chakal que paso
02:55:56 : Group: Jose Luis: mierda
02:56:01 : Group: Jose Luis: quien me mato
02:56:20 : Side: JF: yo estuve resistiendo los zombi deci que encontre un lugar  que me cubrio porque el del jeep me siguio y el heli lo tengo arriba
02:56:52 : Side: ChakalMDP: Alguien de atras me mato
02:57:02 : Side: ChakalMDP: Creo una IA, pero no estoy seguro
02:57:19 : Side: Jose Luis: a mi me agarraron por atras
02:57:27 : Side: ChakalMDP: Habra sido el mismo
02:57:39 : Side: ChakalMDP: No llegue a escribir para avisarte
02:57:52 : Side: Jose Luis: perdere mis cosas loco jajajaaj
02:57:58 : Side: ChakalMDP: Jajaja, estamos igual!
02:57:59 : Side: Jose Luis: las llaves de mis coches
02:58:22 : Side: JF: que cagada estoy rodeado 
02:58:28 : Side: ChakalMDP: Ya fue JF
02:58:32 : Side: Jose Luis: yo me estaba yendo
02:58:34 : Side: Jose Luis: y me dispararon
02:58:35 : Side: ChakalMDP: JAJAJAJA
02:58:37 : Side: Jose Luis: a quemaropa
02:58:38 : Side: ChakalMDP: LOSEEEER
02:58:48 : Side: ChakalMDP: Fuiste vos cabron
02:58:56 : Side: Jose Luis: hijo de las re mil putas
02:59:10 : Side: ChakalMDP: Que no te agarre amigo...
02:59:11 : Side: JF: son bod a mi ya me ha pasado en otras 
02:59:58 : Side: Jose Luis: loser escribi loco
03:04:12 : Side: Jose Luis: che loser
03:06:10 : Side: Jose Luis: esta suv camo de quien es
03:06:36 : Group: JF: ni idea ja
03:06:43 : Group: JF: yo no la veo
03:06:57 : Side: Jose Luis: loser responde
03:07:29 : Group: Jose Luis: fue el hijo de puta de loser men
03:07:37 : Group: Jose Luis: yo no tenia ninguna suv cerca
03:07:43 : Group: Jose Luis: mis cosas deben de estar en ella
03:08:22 : Group: JF: pero yo no entiendo a que se meten si este server es pve no pvp
03:09:00 : Group: Jose Luis: me re joden estos jugadores
03:09:40 : Group: Jose Luis: jf puedes venir a mi posicion
03:10:16 : Group: JF: ahora veo si puedo llegar 
03:10:22 : Side: Jose Luis: loser
03:13:15 : Group: Jose Luis: definitivamente
03:13:19 : Group: Jose Luis: un bot no fue
03:13:42 : Group: Jose Luis: porque tambien se me llevaron el plot pole
03:14:10 : Group: JF: que lo pario che y para que lo tenias encima
03:14:24 : Group: Jose Luis: por eso te digo men ven xD
03:16:41 : Group: Jose Luis: jajaja te estas alejando loco en que vienes
03:17:38 : Group: JF: estoy rodeando por las dudas
03:17:50 : Group: Jose Luis: avisa si ves aun pj
03:19:01 : Group: Jose Luis: es un jugador va la madre
03:22:26 : Side: Jose Luis: la p q te pario
03:23:10 : Side: Jose Luis: mierda viejo
03:24:07 : Side: Jose Luis: jf
03:24:26 : Side: Jose Luis: me quito mas de 2000 de humanidad el matarte
03:24:41 : Side: Jose Luis: pense que eras el que me habia matado carajo ahora no podre comprar mi mk
03:25:09 : Side: JF: HEY YOU LOSEER ARE IDIOT THIS SERVER IS PVE NO PVP
03:25:37 : Side: Jose Luis: jf este si fui yo lo siento me mataron a disparos ahora rato y vi a un soldier agachado asi que le dispare
03:26:14 : Side: Jose Luis: hay una patrulla de bandidos ojo
03:26:39 : Side: JF: JAJA justo estaba mirando el mapa y hata que aprete la m ya era tarde
03:26:51 : Side: Jose Luis: por eso te invite a grupo loco
03:27:03 : Side: Jose Luis: estoy cubriendo tu cuerpo
03:27:18 : Side: Jose Luis: cuidado patrulla de bandits
03:27:57 : Side: JF: sory x que no comuniq loseer 
03:28:25 : Side: Jose Luis: jf al lado de tu cuerpo hay un vodnik
03:28:53 : Side: JF: no lo se
03:28:56 : Side: Jose Luis: yo estoy al lado de tu cuerpo tambien
03:29:03 : Side: Jose Luis: lo estoy viendo es patrulla o algo asia
03:29:08 : Side: JF: ahora voy hacia alla
03:29:41 : Side: Jose Luis: mierda eran soldados
03:29:49 : Side: Jose Luis: me lo conto como asesinato
03:30:04 : Side: Jose Luis: ya no tienen artillero podes venir por tus cosas
03:30:13 : Side: Jose Luis: cuanta humanidad tienes
03:30:43 : Side: JF: 7000
03:30:47 : Side: JF: casi
03:31:07 : Side: Jose Luis: yo tenia 6900 y matarte me bajo a 4200 de golpe
03:32:32 : Side: Jose Luis: acepta para no matarnos de nuevo loco
03:33:02 : Side: JF: ahi voy 
03:34:44 : Side: Jose Luis: la patrulla ya no hace daño mate al artillero
03:35:16 : Side: Jose Luis: acercate sin problema
03:36:21 : Side: Jose Luis: agarralo 
03:36:34 : Side: Jose Luis: si tenes una blood seria lindo que me curaras
03:37:15 : Side: JF: aguanta ahora me fijo
03:37:44 : Side: Jose Luis: ok tu tienes vehiculo cerca?
03:38:06 : Side: JF: no yo ando caminando
03:38:19 : Side: Jose Luis: entonces caminemos a mi base me rearmo
03:39:08 : Side: JF: queres la pistola y lo que seje ahi agarralo
03:39:33 : Group: Jose Luis: puesp ara tener con que defenderme mientras lllego
03:39:59 : Side: JF: sangre no tengo vos me pedias eso ?
03:40:04 : Group: Jose Luis: si
03:40:06 : Group: Jose Luis: vamos entonces
03:40:55 : Group: Jose Luis: hazte una bici
03:41:09 : Side: JF: jajaaj no gracias
03:41:23 : Group: Jose Luis: si te montas antes de terminar se buguea
03:41:27 : Group: Jose Luis: solo espera que se termine
03:41:29 : Group: Jose Luis: vamos
03:41:31 : Side: JF: lo mejor es caminar
03:45:23 : Group: Jose Luis: aca te espero
03:45:29 : Group: Jose Luis: buscare herramientas para ir por mis sand
03:46:08 : Side: JF: bueno 
03:48:29 : Side: JF: jaja cacho fuerte te mandaste
03:49:26 : Side: Jose Luis: jajaja
03:49:41 : Side: Jose Luis: y tengo las paredes y bloques ya para hacer casa de ladrillo
03:50:35 : Side: JF: donde estas ahora?
03:50:54 : Side: Jose Luis: acepta grupo
03:50:56 : Side: Jose Luis: aqui estoy
03:51:48 : Side: JF: vos escuchas disparos
03:51:58 : Side: Jose Luis: estoy sin salud ando sordo
03:52:19 : Side: JF: alguien esta disparando 
03:52:51 : Side: Jose Luis: necesito un favor
03:52:56 : Side: Jose Luis: vamonos en este
03:53:26 : Side: Jose Luis: oigo los disparos
03:53:47 : Side: JF: hay que solucionar eso primero
03:55:04 : Side: Jose Luis: que carajo pasa xD
03:55:30 : Side: JF: y probablemente algunos bandidos
03:56:02 : Side: Jose Luis: yo solo quiero ir por mi mk
03:57:14 : Side: JF: y viste algo
03:57:18 : Side: Jose Luis: nada
03:59:03 : Side: Jose Luis: vamos?
04:01:55 : Side: JF: donde queres ir
04:02:16 : Side: Jose Luis: a tienda tu que eres heroe para que me compres la mk17
04:02:36 : Side: JF: vamos
04:04:07 : Side: Jose Luis: .conduce tu
04:04:22 : Side: JF: jaja dale nomas 
04:04:39 : Side: Jose Luis: dale loco xD
04:06:29 : Side: JF: me fallo el calculo
04:06:36 : Side: Jose Luis: re mal
04:09:03 : Side: Jose Luis: dejalo fuera
04:09:19 : Side: Jose Luis: cosa que en el restart no se vaya
04:09:27 : Side: Jose Luis: compro una barck
04:09:31 : Side: Jose Luis: back
04:09:38 : Side: Jose Luis: y tu me ayudas con el arma
04:09:42 : Side: Jose Luis: y me voy a la cama
04:11:17 : Side: Jose Luis: cuanto es que cuesta
04:12:15 : Side: JF: adonde estas que no te veo
04:12:24 : Side: Jose Luis: aca al lado del de las safe
04:12:51 : Side: JF: ah 
04:13:11 : Side: JF: vos queres una como esta que tengo
04:13:29 : Side: Jose Luis: naa yo quiero la mk17 francotirador
04:13:55 : Side: Jose Luis: creo que cuesta 80.000 tu dime le precio
04:15:04 : Side: JF: esta tambien es m k 17 y no hace tanto estruendo como el rifle
04:15:23 : Side: Jose Luis: si pero yo quiero es el rifle de francotirador mk17
04:15:34 : Side: Jose Luis: pues ese es el que pienso comprar
04:15:59 : Side: JF: bien
04:16:06 : Side: Jose Luis: pero el normal no el sd
04:16:42 : Side: Jose Luis: cuanto cuesta
04:18:06 : Side: JF: el silenciado 70 y el no silenciado 80 -dame 50 5n oro y el reto te lo regalo
04:18:27 : Side: Jose Luis: 5n de oro?
04:18:45 : Side: JF: queres el no silenciado entonces
04:18:51 : Side: Jose Luis: el no silenciado
04:18:55 : Side: Jose Luis: cuantas monedas te doy
04:19:01 : Side: JF: 50 000
04:19:27 : Side: Jose Luis: ya
04:19:57 : Side: Jose Luis: vuelve a mi amado rifle xD
04:20:47 : Side: Jose Luis: yo me vuelvo a volver heroe mañana
04:20:52 : Side: Jose Luis: oye me acomapañas?
04:21:13 : Side: Jose Luis: naa mejor lo hago mañana
04:21:16 : Side: Jose Luis: me salgo aqui
04:21:18 : Side: JF: a para ese traje es de bandido queres uno de estos
04:21:24 : Side: Jose Luis: ya tengo sueño
04:21:34 : Side: Jose Luis: dale ese era el que yo tenia
04:24:14 : Side: JF: tenes los cincuenta ?
04:24:24 : Side: Jose Luis: ya te los di?
04:24:29 : Side: Jose Luis: ya te los di men
04:24:40 : Side: Jose Luis: perdi mi m4 sd al cambiarme de ropa xD
04:25:19 : Side: JF: ah vos lo pusiste en mi mochila ?
04:25:31 : Side: Jose Luis: le di dar 50.000
04:25:56 : Side: JF: porque no me di cuenta , si esta bien 
04:26:21 : Side: Jose Luis: en la de al lado hay balas de la sa
04:28:29 : Side: Jose Luis: bueno amigo
04:28:32 : Side: Jose Luis: me retiro
04:28:39 : Side: Jose Luis: un gusto volver a jugar contigo
04:29:00 : Side: JF: bueno buen descanso , ah para yo te queria  preguntar
04:29:10 : Side: Jose Luis: dime
04:29:26 : Side: JF: vos seguis jugando al wot? 
04:29:38 : Side: Jose Luis: world of tankks?
04:30:04 : Side: JF: si es asi buscame como EVERMORDELON , si ese mismo
04:30:12 : Side: Jose Luis: nunca lo he jugado xD juego battlefield 4 y estoy y ahora solo esto
04:30:29 : Side: Jose Luis: aregame a whatsapp
04:30:48 : Side: Jose Luis: +57 317 312 5140
04:31:02 : Side: Jose Luis: por ahi nos ponemos de acuerdo para hacer misiones o loot
04:31:03 : Side: JF: ah cuando tengas ganas si queres probalo es un buen juego 
04:31:26 : Side: Jose Luis: dale men
04:31:39 : Side: Jose Luis: tu agregame y lo hablamos a ver si me meto a otro juego
05:04:28 : Side: JF: Hola Lucas todo bien?..
13:11:30 : Side: NightdeadBCE: asdasd
13:19:02 : Side: Jose Luis: que pasa gente
13:19:08 : Side: NightdeadBCE: holi
13:19:14 : Side: Jose Luis: todo bien
13:19:17 : Side: NightdeadBCE: si vo
13:19:29 : Side: Jose Luis: enojado aun
13:19:32 : Side: NightdeadBCE: xq
13:19:42 : Side: Jose Luis: ayer estba en una mision faltaban 5 pal restart
13:19:53 : Side: Jose Luis: y aparece un jugador no un ia y me mata ...
13:20:06 : Side: Jose Luis: perdi lo que no te imaginas
13:20:20 : Side: Jose Luis: perdi hasta las ganas de jugar xD
13:20:54 : Side: Jose Luis: necesito hacer una mision para tener la maleta grande de nuevo
13:21:44 : Side: Jose Luis: y paso algo ilogico
13:22:11 : Side: Jose Luis: cuando me conecte de nuevo luego del restart encontre un pj acostado y lo mate y tenia 7000 de humanidad me la bajo a 4200
13:22:30 : Side: Jose Luis: un tienen el coche que les di xD
13:23:18 : Side: NightdeadBCE: se we
13:23:32 : Side: Jose Luis: invitenme a grupo
13:24:29 : Group: Jose Luis: listo necesito hacer una mision
13:24:33 : Group: Jose Luis: me acompañan?
13:25:44 : Group: Jose Luis: la bandit base es muy dura si la haces solo
13:25:52 : Group: Jose Luis: ayer tarde limpiando 40 minutos
13:26:11 : Group: NightdeadBCE: te acompañamos
13:26:17 : Group: Jose Luis: si puedes traeme balas de mk17
13:26:17 : Group: NightdeadBCE: yo tarde 15 minutos :v
13:26:30 : Group: NightdeadBCE: cuales era mk17?
13:26:52 : Group: Jose Luis: las vende el de en medio del comercio
13:26:57 : Group: Jose Luis: traeme unas 5 aca te las pago
13:27:08 : Group: NightdeadBCE: pero no tengo moneyt
13:27:10 : Group: NightdeadBCE: ;_C
13:27:17 : Group: Jose Luis: no cuestan mucho
13:27:31 : Group: NightdeadBCE: pero
13:27:33 : Group: NightdeadBCE: cuial es
13:27:34 : Group: NightdeadBCE: nose
13:27:37 : Group: NightdeadBCE: como era
13:27:47 : Group: Jose Luis: un cartucho dorado dice mk17
13:32:04 : Group: Jose Luis: maldita seaaaaaa
13:32:22 : Group: Jose Luis: se me rompe la jodida palancaaaa
13:32:36 : Group: Jose Luis: si puedes traeme 2 me cago en todo
13:32:57 : Group: NightdeadBCE: no tengo tanto dinero.
13:33:12 : Group: Jose Luis: cuanto tenes
13:33:17 : Group: NightdeadBCE: 1500
13:33:25 : Group: Jose Luis: con eso alcanza
13:33:26 : Group: NightdeadBCE: perdi unos 24 el otro dia
13:33:28 : Group: NightdeadBCE: y nojuego
13:33:36 : Group: NightdeadBCE: asi que estoy guardando.
13:33:56 : Group: Jose Luis: pero si te los voy a pagar
13:34:04 : Group: Jose Luis: ando con 112.000 en el bolsillo
13:34:10 : Group: NightdeadBCE: nisiquiera se lo que quieres
13:34:22 : Group: NightdeadBCE: traeme 2
13:34:24 : Group: NightdeadBCE: pero que cosa 2 ?
13:34:29 : Group: Jose Luis: alanca
13:34:33 : Group: Jose Luis: palanca
13:42:28 : Group: NightdeadBCE: pero tienes 26 cargadores de mk17 para qe me pediste...
13:42:42 : Group: Jose Luis: no esos son para los sd
13:42:56 : Group: Jose Luis: es que en el coche negro que ves al lado tengo la sd
13:43:05 : Group: NightdeadBCE: ok :x
13:43:17 : Group: Jose Luis: voy por mis sand
13:43:32 : Group: NightdeadBCE: igual
13:43:35 : Group: NightdeadBCE: se fue la misio n:v
13:43:37 : Group: Jose Luis: vamos a mision entonces
13:43:41 : Group: Jose Luis: hay otr
13:44:17 : Group: Jose Luis: la ves?
13:44:24 : Group: Jose Luis: cuantote debo loco
13:44:26 : Group: NightdeadBCE: si
13:44:31 : Group: NightdeadBCE: voy a guardar cosas
13:53:18 : Side: Jose Luis: epaaa santiago
13:54:25 : Group: NightdeadBCE: donde se compra tu ural.
13:54:39 : Group: Jose Luis: ahi mismo donde yo te compre tu coche papu
13:54:48 : Group: NightdeadBCE: me dice you could not buyu these item bcause the contaier lack space to hold them
13:55:04 : Group: Jose Luis: tienes que tener espacios en la herramientas
13:55:36 : Side: Jose Luis: santiago
13:55:49 : Side: santiago: JOSE
13:56:01 : Side: Jose Luis: entra a mi casa tengo la puerta principal abierta
13:56:41 : Side: Jose Luis: traiga todas las cantimploras vacias que tenga
13:58:57 : Side: santiago: LISTO
13:59:05 : Side: Jose Luis: wnrew pa
14:00:05 : Side: Jose Luis: santiago entra
14:00:20 : Side: santiago: ACA ESTOY
14:00:30 : Side: NightdeadBCE: me sigue saliendo ese error de mierda
14:00:45 : Side: Jose Luis: entonces intenta en trader menu
14:00:51 : Side: Jose Luis: ahi si te deja comprar
14:01:04 : Side: Jose Luis: al grupo loco
14:06:18 : Group: Jose Luis: no te salgas del grupo weba
14:06:24 : Group: Jose Luis: ve mrk
14:06:30 : Group: santiago: YO NO E ECHO NADA
14:06:31 : Group: Jose Luis: tenes vehiculo para que vayamos por mi suv o q
14:06:44 : Group: santiago: MAS BN DIGAME DE DONDE SACO EL POZO
14:06:51 : Group: Jose Luis: lo hice pana
14:06:57 : Group: Jose Luis: venga vamos por mi carro
14:07:05 : Group: Jose Luis: ustd lo trae
14:07:11 : Group: santiago: COMO
14:07:23 : Group: Jose Luis: veni ps
14:07:26 : Group: Jose Luis: con la pala
14:07:29 : Group: Jose Luis: click segundario
14:07:36 : Group: Jose Luis: necesitas ladrilos madera cemento 
14:07:42 : Group: santiago: NESITO Q ME HAGA UNO O Q ME DE CLAVE PA UNA DE ESAS PUERTAS PA YO ENTRAR A CARGAr
14:07:53 : Group: Jose Luis: jajajaja listo
14:07:58 : Group: Jose Luis: si no va a robar de una
14:08:02 : Group: Jose Luis: veni ps
14:08:07 : Group: santiago: obvio q no
14:09:00 : Group: Jose Luis: ay jueputaaa
14:09:01 : Group: santiago: y q sea una desas traseras esa base sulldddddddddddddddddddddddddddddddddddddddd
14:13:12 : Side: Jose Luis: que suerte la mia ...
14:13:46 : Side: Jose Luis: salga en gorka por aire viejo
14:14:49 : Side: Jose Luis: que meirda esto
14:15:16 : Side: Jose Luis: y no entiendo porque me bajo la humanidad
14:15:22 : Side: Jose Luis: de nuevo 2000 mas
14:15:45 : Side: Jose Luis: ahora tendre que matar al menos 70 bandidos
14:16:11 : Side: Jose Luis: me cago en todo
14:20:06 : Side: Jose Luis: night
14:20:13 : Side: NightdeadBCE: _
14:20:16 : Side: NightdeadBCE: ?
14:20:31 : Side: Jose Luis: estoy con loda la mala suerte del mundo
14:20:43 : Side: NightdeadBCE: a veces sucede eso en los juegos
14:20:47 : Side: NightdeadBCE: hoy es tu momento.
14:20:59 : Side: Jose Luis: pero esta vez lo perdi todo por un bug
14:21:19 : Side: NightdeadBCE: el bug siempre esta en todas partes.
14:21:37 : Side: Jose Luis: pues se esta quemando toda mi base con todo lo que habia
14:21:55 : Side: NightdeadBCE: De nuevo_
14:22:25 : Side: NightdeadBCE: es que me acuerdo que se quemo esa base
14:22:27 : Side: Jose Luis: no se habia quemado con anteriorirdad
14:22:28 : Side: NightdeadBCE: a no era en otro sv
14:23:29 : Side: Jose Luis: veo mi cuerpo y no lo puedo agarrar
14:23:58 : Side: NightdeadBCE: holi agustin
14:24:13 : Side: Agustin: holuss
14:26:33 : Side: NightdeadBCE: esos bug es normal a mariole sucedio eso. a mi tambien a sabry tambien a agustin tambien
14:26:47 : Side: Agustin: que bug?
14:26:47 : Side: NightdeadBCE: esto es un mod ameo que mas queres deci que anda bien masomenos *_(
14:26:52 : Side: Jose Luis: esta vez fue el bug del helicoptero
14:27:31 : Side: NightdeadBCE: el de las armas desaparecen .o que no puedes agarar tu cosas de tu cadaver o desaparece entre otras cosillas
14:27:44 : Side: Agustin: aaa sisi
14:27:56 : Side: Jose Luis: o que tu helicoptero se estrelle contra lo invisible?
14:28:08 : Side: NightdeadBCE: o que se de vuelta de la nada
14:28:13 : Side: NightdeadBCE:  se rompa sin nada.
14:28:30 : Side: Agustin: lo del heli no jajaja 
14:28:46 : Side: Jose Luis: pues me salio como pegado al suelo yo que se
14:28:51 : Side: Jose Luis: cuando despegue de una se giro
14:38:41 : Side: Jose Luis: uffff dios ....
14:40:50 : Side: Jose Luis: santiago
14:43:27 : Side: Jose Luis: porque no puedo quitar mis propias paredes
14:47:27 : Side: Jose Luis: santiago veni
14:48:22 : Side: Jose Luis: santiago rapido veni
14:49:01 : Side: santiago: ya voy
14:49:11 : Side: Jose Luis: aca esta tu calabera ya tescate tu arma
14:52:04 : Side: santiago: abraaaa pueeessss+
14:52:11 : Side: Jose Luis: esta abierto ome
14:52:23 : Side: Jose Luis: da la vuelt por la principa
14:54:02 : Side: santiago: quitate q no lo veo
14:54:09 : Side: Jose Luis: acostate donde estaba
14:54:12 : Side: Jose Luis: llevate lo que queda
14:54:17 : Side: Jose Luis: lo demas lo guarde aqui
14:55:14 : Side: Jose Luis: tenia 7 cargadores stanag ya estan en la tienda de campaña
14:55:24 : Side: Jose Luis: el arma la tengo en la cabaña
14:55:33 : Direct: Jose Luis: me lees
14:57:15 : Side: santiago: y las aguas
14:57:21 : Direct: Jose Luis: -estan aca
14:57:23 : Side: Jose Luis: aca
14:57:27 : Side: Jose Luis: veni
14:57:39 : Side: Rodrigo: hola
14:57:45 : Side: Jose Luis: hola rodrigo
14:58:11 : Side: Jose Luis: en la tienda esta el resto
14:58:27 : Side: santiago: r
14:58:32 : Side: santiago: gracias
14:58:52 : Side: Jose Luis: agarra 5 bandages 1 antibiotico 9 cargadores stanag y 4 water
14:59:03 : Side: Jose Luis: q reloj y un sistema de vision
14:59:07 : Side: Jose Luis: no lo agarres espera el reinicio
14:59:17 : Side: santiago: en la mia pues 
14:59:31 : Side: Jose Luis: espera el reinicio
14:59:40 : Side: Jose Luis: no hagas mas cambios
14:59:42 : Side: Jose Luis: espera aca conmigo
15:09:22 : Side: NightdeadBCE: holi rodrigo
15:09:29 : Side: NightdeadBCE: quieres ser mi amigo intimo>?_
15:10:36 : Side: santiago: ajajja caunto pagas ?
15:14:17 : Side: NightdeadBCE: rodrigo se mi amigo
15:16:15 : Group: Jose Luis: PANA
15:16:45 : Group: Jose Luis: TOME
15:16:48 : Group: Jose Luis: VAMOS POR MI CARRO
15:16:53 : Group: santiago: pana
15:16:59 : Group: Jose Luis: que paso
15:17:09 : Group: santiago: ok
15:17:15 : Group: Jose Luis: veni agarra tu agua
15:17:24 : Group: Jose Luis: hay 4 tarros
15:17:41 : Group: santiago: ya las cogi del almacen por eso le deje esas ahi
15:17:46 : Group: Jose Luis: bn
15:17:52 : Group: Jose Luis: vamos a tu casa
15:18:20 : Group: santiago: esa es la clave q nesesito
15:18:22 : Group: Jose Luis: veni
15:18:26 : Group: Jose Luis: 298
15:18:36 : Group: santiago: r
15:18:45 : Group: Jose Luis: tengo una mk sd tambien
15:18:58 : Group: Jose Luis: lo malo es que es un franco de 300 de distancia
15:19:35 : Group: Jose Luis: hagamosle una puerta a esta mierda webon
15:19:41 : Group: Jose Luis: ahi tenes tu plot al menos no te robaron
15:20:26 : Group: Jose Luis: como te di la clave entonces solo te hare la bodega
15:20:30 : Group: Jose Luis: y hagamos una puta puerta ome
15:20:46 : Group: Jose Luis: pana venga ps maneje
15:20:49 : Group: santiago: r
15:20:51 : Group: Jose Luis: abra ps 
15:20:54 : Group: Jose Luis: la moto
15:20:58 : Group: santiago: nos vamos en la cuatri?
15:21:05 : Group: Jose Luis: si veni
15:21:09 : Group: Jose Luis: y te dejo manejar mi carro
15:21:12 : Group: Jose Luis: se que te va a gusstar
15:21:41 : Group: santiago: la llave las guardo cuando voy a salir con ud 
15:21:49 : Group: santiago: va tocar guardar todo
15:21:50 : Group: Jose Luis: porque sera? xD
15:22:45 : Group: Jose Luis: veni ps
15:23:12 : Group: Jose Luis: montate ome so bobo
15:23:21 : Group: santiago: no nos vas a matar si?
15:23:49 : Group: Jose Luis: maneja vos
15:24:00 : Group: santiago: nono 
15:24:33 : Group: santiago: como se pone el casco
15:24:40 : Group: Jose Luis: bobote
15:24:44 : Group: santiago: aajaj
15:25:03 : Group: santiago: uyyyyy
15:25:06 : Group: Jose Luis: uy que paso
15:25:25 : Group: Jose Luis: jajajajaja vida hpta
15:25:49 : Group: Jose Luis: pana estoy dentro del arbol
15:25:57 : Group: Jose Luis: mirame omeee
15:26:21 : Group: santiago: cual mirame si estoy herido
15:26:23 : Group: Jose Luis: pana voy a morir jajajaajajajajjaajajajaja
15:26:30 : Group: Jose Luis: que putas paso
15:26:33 : Group: Jose Luis: jajajajaja
15:26:51 : Group: Jose Luis: jajaja curame
15:26:54 : Group: Jose Luis: poneme una blood
15:26:56 : Group: Jose Luis: jajajaaj
15:27:27 : Group: Jose Luis: pana que putas pasa ome
15:27:47 : Group: Jose Luis: veni poneme una blof que no tengo
15:27:49 : Group: santiago: me toco cargarlo
15:28:11 : Group: Jose Luis: haceme una transfusion que tengo 3000 de sangre
15:28:22 : Group: santiago: espere si solo tengo una mierda y 3111
15:28:30 : Group: Jose Luis: ya tengo 
15:28:49 : Group: santiago: si me la cogiste
15:28:57 : Group: Jose Luis: te la hare a ti
15:28:59 : Group: santiago: perra
15:29:01 : Side: Rodrigo: alguien en nwair?
15:29:23 : Group: Jose Luis: tenes blood en tu casa?
15:29:25 : Group: santiago: que le pso a la cuatri
15:29:39 : Group: Jose Luis: no tiene llanta
15:29:39 : Group: santiago: ud si tiene en la carpa
15:30:18 : Group: Jose Luis: ADMIN
15:30:37 : Group: santiago: dañaste las dos llantas
15:30:50 : Group: Jose Luis: YA LLEVO
15:31:31 : Group: santiago: y metal
15:31:37 : Group: Jose Luis: PARA Q
15:32:46 : Group: santiago: mierd el tanque se daño y carrosera ud es q no sabe manejar nada a lo bn
15:33:31 : Group: Jose Luis: JAAJAJAJAJAJA
15:33:54 : Group: santiago: NOS CHOCAMOS A 20 M DE LA CASA NO JODAS
15:34:15 : Group: Jose Luis: PANA NO TENGO BLOOD
15:34:47 : Group: santiago: PANA ARRIBA EN LA CARPA DE MI CAMBUCHE PERO REVISE EN MI BODEGA PROMERO
15:35:08 : Group: Jose Luis: OK
15:35:17 : Group: santiago: ;)
15:35:51 : Group: Jose Luis: QUE TANTO LLEVO
15:35:56 : Group: Jose Luis: MEJOR VENI CAMOS EN MI CAMION
15:36:03 : Group: santiago: Y SI NO ME AVISA Q YO SE Q EN EL CARRO FIJO AHI PERO LA LLAVE ESTA EN LA BODEGA
15:37:34 : Group: santiago: PA Q CAMION Y LA CUATRI ME VA REGALAR OTRA O Q
15:37:34 : Group: Jose Luis: UFFFF CASI QUE NO
15:38:22 : Group: Jose Luis: QUE TANTO NECESITA
15:38:47 : Side: NightdeadBCE: que es la cosa naranjka
15:39:46 : Side: NightdeadBCE: que es la cosa naranja del mapa como mision pero icono naranja.
15:46:23 : Group: Jose Luis: AHI LE PONGO UNA LLANTA
15:46:27 : Group: Jose Luis: NECESITAMOS METAL
15:46:44 : Group: santiago: A YO LE DIJE
15:46:49 : Group: Jose Luis: MARICA
15:46:53 : Group: Jose Luis: VAMOS A MI BASE SUBI
15:47:20 : Group: Jose Luis: PANA USTED TIENE LA CABEZA RAJADA
15:47:48 : Group: santiago: COMO Q RAJADA
15:47:53 : Group: Jose Luis: AHI LE MANDE FOTO
15:48:11 : Group: Jose Luis: VAMOS A MI BASE YO SACO EL ORO Y LISTO VAMOS A ARREGAR ESTA JODA
15:48:42 : Side: juandayz: hola gente
15:48:49 : Group: Jose Luis: HOLA JUAN
15:48:52 : Group: Jose Luis: MENOS MAL APARECISTE
15:48:59 : Group: Jose Luis: HE DEJADO VARIOS MENSAJES AL GRUPO DE FACEBOOK
15:50:22 : Side: Jose Luis: HOLA JUAN
15:50:25 : Side: Jose Luis: MENOS MAL APARECISTE
15:50:43 : Side: juandayz: mira q vengo a saludar no a trabajar ehh ¬¬ :D
15:50:53 : Side: Jose Luis: JAJAJA
15:50:57 : Side: Jose Luis: NECESITO PREGUNTARTE ALGO
15:50:59 : Side: juandayz: q paso
15:51:02 : Side: juandayz: dale decime
15:51:13 : Side: Jose Luis: PORQUE SE BUGUEAN LAS BACKPAG
15:51:17 : Side: Jose Luis: YA ME HA PASADO 2 VECES
15:51:28 : Side: juandayz: se te borra lo q tenes adentro?
15:51:29 : Side: Jose Luis: UNA VEZ PERDI UNAS M2 QUE HABIA SACADO DE MISION
15:51:32 : Side: Jose Luis: LA OTRA UN PLOT
15:51:33 : Side: Jose Luis: SI
15:51:44 : Side: juandayz: cuando haces que te pasa?
15:51:51 : Side: Jose Luis: AHHH Y TAMBIEN HABIA PERDIDO LA LLAVE DE UNA SUV PERO NI AL CASO COMPRE OTRA
15:52:28 : Side: Jose Luis: COMO ASI?
15:52:35 : Side: Jose Luis: SANTIAGO VAMOS A LA ESTACION DE COMBUSTIBLE
15:52:40 : Group: santiago: Y DIGA Q EL CHOPER SE DESPARAECIO CUANDO UD SE MONTO
15:52:53 : Side: juandayz: a veces cuando las mochilas no tienen espacio y metes llaves o armas, estas se borran. lo mismo pasa con los vehiculos cuando los cargas y no tienen 
15:52:56 : Side: juandayz: espacio
15:53:02 : Group: Jose Luis: .
15:53:09 : Side: Jose Luis: NO PERO SE BORRO TODO
15:53:12 : Side: Jose Luis: Y 
15:53:18 : Side: juandayz: despues de un restart?
15:53:46 : Side: Jose Luis: SANTIAGO LO DEL HELICOPTERO NO CREO QUE SEA ERROR DEL MOD DAYZ SINO DEL JUEGO LO DEL MURO INVISIBLE CON EL QUE SE DIO EL HELI
15:54:02 : Side: Jose Luis: UNA FUE EN EL RESTART
15:54:08 : Side: Jose Luis: EL OTRO FUE SALIENDO DE MISION
15:54:20 : Side: Jose Luis: BAJATE LO REPARO SANTIAGO
15:54:44 : Side: Jose Luis: LISTO REPARANDO SANT
15:55:04 : Side: juandayz: bueno puede ser puro bug, el arma es un juego re bugero de por si.. pero aveces tambien el personaje se bugea, te pasa q estas 2hs jugando y de repent
15:55:13 : Side: juandayz: te hace un rollback y quedas en boolas
15:55:27 : Side: juandayz: no suele pasar seguido, pero ah pasado
15:55:42 : Side: Jose Luis: NO SOLO A MI ME HA PASADO
15:55:44 : Side: juandayz: que perdiste?
15:55:46 : Side: Jose Luis: HACE UNOS DIAS
15:55:56 : Side: juandayz: por eso te digo, no suele pasar pero pasa
15:56:09 : Side: Jose Luis: LE PASO A OTRO COMPA
15:56:21 : Side: Jose Luis: PERDI LAS LLAVES DE UN SUV QUE YA TUVE QUE COMRPAR OTRO
15:56:28 : Side: Jose Luis: TAMBIEN UNAS M2 QUE SAQUE EN UNA MISION
15:56:33 : Side: Jose Luis: Y UN PLOT POLE
15:56:46 : Side: Jose Luis: NO RECUERDO QUE MAS
15:56:53 : Side: Jose Luis: ESTOY NOMBRANDO LO IMPORTANTE QUE RECUERDO
15:56:56 : Side: Jose Luis: YA QUE FUE DOS VECES
15:57:15 : Side: juandayz: eso te lo devuelvo no hay drama, lo q te digo q no puedo controlar eso yo. osea no te puedo asegurar q no te pase de nuevo
15:57:24 : Side: Jose Luis: CLARO NO PASA NADA
15:57:40 : Side: juandayz: mas q devolvertelo, otra cosa no puedo hacer ;)
15:57:44 : Side: NightdeadBCE: eres admin ?
15:57:53 : Group: santiago: NOS CALLERON MARICA
15:57:56 : Side: Jose Luis: Y LO OTRO QUE SE Q NO TENES LA CULPA
15:58:04 : Side: Jose Luis: ES LO DEL HELICOPTERO QUE SE DIO CON LA NADA Y ESTALLO
15:58:21 : Side: Jose Luis: DONDE ESTAN LOS QUE NOS DISPARAN SANTIAGO
15:58:38 : Group: santiago: NO TENGO NI PUTA IDEA
15:58:50 : Direct: juandayz: hi
15:58:53 : Side: Jose Luis: HOY ESTOY DE SUERTE
15:58:55 : Direct: Jose Luis: HOLA
15:58:56 : Group: santiago: DE DONDE SIEMPRE MAS ABAJO DE LA CALLE
15:59:05 : Direct: Jose Luis: OJO QUE HAY SOLDADOS JUAN
15:59:06 : Direct: juandayz: a ver, devuelvo plot, heli y arma
15:59:07 : Side: NightdeadBCE: ere admin :_¨?
15:59:43 : Direct: Jose Luis: OK
15:59:56 : Side: santiago: ADMI
16:00:11 : Side: santiago: A MI ME ROBARON UNOS BASTARDOS EL SNIPER
16:00:15 : Direct: Jose Luis: VOY A TENER QUE VOLVER A RECUPERAR LA HUMANIDAD QUE CUAND ESTALLO EL HELI ME BAJO
16:00:26 : Side: NightdeadBCE: ahora se pelean por armas 
16:00:29 : Side: NightdeadBCE: por bug
16:00:30 : Direct: Jose Luis: PERO ESO DE ROBOS NO ES CULPA
16:00:39 : Side: NightdeadBCE: nose que hacen aca...si quieres un sniper andate al aeropuerto.
16:00:40 : Direct: juandayz: te cambio la m240 por otra mas piola
16:00:56 : Direct: Jose Luis: MIRA LO QUE ME PASO AYER QUE ME MATO UN JUGADOR
16:00:57 : Side: santiago: -SNIPER
16:01:03 : Direct: Jose Luis: PERDI PORQUE NO ALCANCE A LLEGAR
16:01:09 : Side: SabryBCE: ._.
16:01:17 : Side: juandayz: si night,  santi si te roban no te puedo devovler es parte del juego
16:01:36 : Side: NightdeadBCE: exacto esto es supervivencia.
16:01:39 : Direct: juandayz: q heli era?
16:01:43 : Side: NightdeadBCE: aparte hay drop en todo lados. ;v
16:01:52 : Direct: Jose Luis: NOS DISPARAN ESPERA
16:01:54 : Direct: Jose Luis: AJJAJAJAAJ
16:02:10 : Direct: juandayz: bue te dejo uno piola con a llave adentro
16:02:12 : Direct: Jose Luis: EL MH DE 100.000
16:02:30 : Side: NightdeadBCE: ahora admin dime que se siente tener tanto poder?
16:02:32 : Direct: Jose Luis: DONDE ESTA EL SOLDIER MEN
16:02:43 : Side: santiago: MIERDAAAAAAAAAAAAAAAAAA
16:02:48 : Direct: Jose Luis: JAJAJAJAJAJA HOMBRE QUE SUERTE LA NUESTRA
16:03:00 : Side: juandayz: yo en realidad arme todo el server night, ni queria ser adm :D era trabajo de otro, pero bue
16:03:05 : Direct: Jose Luis: JUAN A VOS NO TE DISPARAN O Q
16:03:13 : Side: NightdeadBCE: pero dime puedes volar ?
16:03:45 : Direct: juandayz: en el equipo del heli les deje las llaves
16:03:52 : Direct: Jose Luis: Y LAS M2?
16:03:53 : Side: NightdeadBCE: como en otro juegos el famoso..noclip(?)
16:04:02 : Side: juandayz: si se puede volar
16:04:18 : Side: SabryBCE: :O
16:04:24 : Side: NightdeadBCE: el tema de fps porque tan bajo
16:04:35 : Direct: juandayz: les deje tirada un arma mejor ahi
16:04:39 : Side: NightdeadBCE: es mi duda..
16:04:45 : Direct: Jose Luis: ES QUE LAS M2 ERA PA VENTA
16:05:25 : Side: santiago: adim si ves 
16:05:26 : Side: NightdeadBCE: nomedigas.
16:05:28 : Side: juandayz: sacar el pasto ayuda mucho a olos fps, pero hay muchos q lo qupieren
16:05:31 : Side: santiago: ahora q??
16:05:43 : Side: NightdeadBCE: esenomedigaseraparasabryodiaqueescribamal.
16:06:35 : Side: santiago: adminnn
16:06:38 : Direct: juandayz: ahi esta la m240
16:07:05 : Side: NightdeadBCE: que sucede santi
16:07:53 : Side: santiago: que por estar hablando con el admin me mataron
16:08:05 : Side: Jose Luis: JAJAJAJAJA
16:08:07 : Side: Jose Luis: OME 
16:08:08 : Side: juandayz: :S
16:08:32 : Side: NightdeadBCE: a mi mme atacan loz zombies mientras eskrivo papu.
16:08:34 : Side: Jose Luis: EN SERIO SANTIAGO?
16:08:37 : Side: santiago: admin me podes recoger y llevarme a mis cosas pofavor
16:08:48 : Side: santiago: siiii hombre
16:08:52 : Side: Jose Luis: NO VEO LOS SOLDIER SANTIAGO
16:09:22 : Side: NightdeadBCE: ahora el admin es la mula de carga. interesante santiagito(?)
16:09:26 : Side: Jose Luis: ESPERO SE HAYAN IDO
16:09:36 : Side: Jose Luis: CARAJO AUN ESTA
16:10:22 : Side: Jose Luis: NO VEO ESTE SOLDIER 
16:10:32 : Side: Jose Luis: MEJOR DICHO NO SE QUE NOS DISPARA
16:10:53 : Side: santiago: que mierdaaaa estoy q tiro a la mierda este juego
16:11:03 : Side: NightdeadBCE: PORQUE SANTI
16:11:04 : Side: Jose Luis: JAJAJA CALMA VIEJO
16:11:06 : Side: NightdeadBCE: dime.
16:11:09 : Side: NightdeadBCE: que te pasa
16:11:10 : Side: Jose Luis: VENI POR TU CUERPO
16:11:41 : Side: Jose Luis: JUAN ERAS TU EL QUE MATO AL Z?
16:11:45 : Side: Jose Luis: O FUE UN SOLDADO
16:11:46 : Side: santiago: no se entonces pa que estan los putos admin
16:11:55 : Side: juandayz: naa yo estoy en el mercado
16:11:57 : Side: santiago: meirdaaaaaaa
16:12:00 : Side: Jose Luis: JAJAJAJA
16:12:04 : Side: Jose Luis: ENTONCES SON SOLDADOS
16:12:09 : Side: juandayz: el adm esta para ayudarte, no para hacerte el juego mas facil santiago
16:12:21 : Side: Jose Luis: TURN DAWN
16:12:35 : Side: juandayz: si necesitas un juego facil, por ahi no se candy crush o alguno de esos
16:12:47 : Side: NightdeadBCE: No no..
16:12:54 : Side: Jose Luis: DOBLE TURN DAWN
16:13:05 : Side: NightdeadBCE: empeza en www.cartoonnetwoks.com y listo.
16:13:23 : Side: Jose Luis: FRIV
16:13:54 : Side: Jose Luis: EY NIGHT
16:14:41 : Side: NightdeadBCE: q
16:14:46 : Side: Jose Luis: SEÑOR PARA USTED
16:14:53 : Side: NightdeadBCE: nope
16:14:58 : Side: Jose Luis: Xd
16:14:58 : Side: NightdeadBCE: soy libre en este mundo
16:15:10 : Side: Jose Luis: VOS DONDE ESTAS
16:15:17 : Side: Jose Luis: MERCADO?
16:15:21 : Side: NightdeadBCE: nope
16:15:35 : Side: NightdeadBCE: revisando si hay suvivor en este mundo cruel.
16:16:48 : Side: Jose Luis: santiago ya podes venir por tus cosas
16:16:55 : Side: Jose Luis: ya mate al soldier
16:17:28 : Side: santiago: si q bueno yo estoy mas alla de la mierda
16:17:38 : Side: Jose Luis: dale no pasa nada
16:17:55 : Side: Jose Luis: yo me quedo cuidando tu cuerpo
16:17:59 : Side: NightdeadBCE: Hay jodido lag aki.
16:18:15 : Side: Jose Luis: pense que era el unico al que le iba mal las fps
16:21:35 : Side: Jose Luis: zona segura santiago
16:21:50 : Side: NightdeadBCE: santiago dime tu edad.
16:22:10 : Side: santiago: estoy como 1km
16:22:24 : Side: santiago: 27 modelo 89
16:22:27 : Side: Jose Luis: dale yo te agarre la plata ahora te la paso
16:23:23 : Side: Jose Luis: ahora santiago agarras las cosas del cuerpo del soldado para que vendas
16:23:34 : Side: santiago: R
16:23:46 : Side: Jose Luis: al fin y al cabo el te mato xD
16:24:24 : Side: Jose Luis: ey night
16:24:28 : Side: Jose Luis: hacemos mision?
16:25:08 : Side: NightdeadBCE: nope hacelo con santi xd
16:25:23 : Side: NightdeadBCE: estoy explorando el mapa
16:25:25 : Side: NightdeadBCE: cosas nuevas
16:25:26 : Side: NightdeadBCE: raras.
16:25:50 : Side: Jose Luis: raras?
16:25:52 : Side: Jose Luis: como que
16:26:05 : Side: Jose Luis: tpdas las ciudades tienen casi lo mismo
16:26:39 : Side: Jose Luis: ahi te pase el dinero
16:26:59 : Side: santiago: el arma
16:27:08 : Side: Jose Luis: cual arma
16:27:29 : Side: Jose Luis: yo no agarre nada de tu cuerpo
16:27:41 : Side: Jose Luis: solo el dinero por si se volvia calavera
16:28:46 : Side: Jose Luis: ahi esta todo no perdio nada
16:33:17 : Side: Jose Luis: vamos por mi coche pues santiago
16:34:47 : Side: Jose Luis: voy por comida espera
16:35:18 : Group: Jose Luis: listo
16:39:27 : Group: Jose Luis: vamos ps
16:40:39 : Group: santiago: y ojo con ese hp de nahgit q es traicionero
16:40:49 : Group: Jose Luis: xq
16:41:16 : Group: santiago: yo se por q le digo
16:41:27 : Group: Jose Luis: q te hizo
16:41:50 : Group: santiago: ese man fue el amigo q me robo por eso no decia nada hp
16:42:05 : Group: Jose Luis: pero si ese es nuevo en el server
16:42:31 : Group: santiago: no le hable a ese perro hp
16:42:43 : Side: Jose Luis: ey night cuanto llevas en este server
16:42:50 : Side: NightdeadBCE: ni idea
16:42:53 : Side: NightdeadBCE: desde las 12
16:42:59 : Side: NightdeadBCE: ahora son 16
16:43:05 : Side: NightdeadBCE: 4hr
16:43:07 : Side: Jose Luis: fecha loco no desde hoy
16:43:08 : Group: santiago: jose pa donde vas home
16:43:14 : Side: NightdeadBCE: em
16:43:19 : Side: NightdeadBCE: desde q lo vi con mario
16:43:25 : Side: NightdeadBCE: esa vez que pedi que si me invitan agurpo
16:43:29 : Side: NightdeadBCE: 2 dias
16:43:38 : Side: Jose Luis: ah vale
16:43:57 : Group: Jose Luis: si ves el no es
16:44:00 : Group: santiago: joseee
16:44:07 : Group: santiago: mira el mapa
16:44:18 : Group: Jose Luis: si por eso pare aque
16:44:31 : Group: Jose Luis: ya desaparecio
16:44:56 : Side: NightdeadBCE: usted joven
16:45:07 : Side: Jose Luis: yo creo que un mes
16:45:15 : Side: Jose Luis: cuantos años tenes?
16:45:21 : Side: NightdeadBCE: 22
16:45:35 : Side: Jose Luis: entonces no hay razon para decir joven
16:45:40 : Side: Jose Luis: tenemos la misma edad
16:45:46 : Side: NightdeadBCE: viejo choto tonces;V
16:45:47 : Group: santiago: como q no
16:46:08 : Group: Jose Luis: vamos a mercdo sant
16:46:16 : Side: Jose Luis: asi papu xD
16:46:30 : Group: Jose Luis: santiago
16:46:38 : Group: Jose Luis: vas a matar ese z con el coche?
16:48:59 : Group: Jose Luis: O USTED VERA SI DEJA SU CUATRI EN BASE Y VAMOS EN MI CAMIONETA
16:49:20 : Group: santiago: la dejamos en la bomba
16:49:26 : Group: Jose Luis: BN
16:49:31 : Side: [DMN]-Mario: hola gente como va!!!
16:49:41 : Side: Jose Luis: HOLA MARIO QUE TL
16:50:10 : Side: [DMN]-Mario: todo tranka --
16:50:17 : Side: [DMN]-Mario: estas en mision?
16:50:26 : Side: Jose Luis: no yo voy a comprar blood
16:50:58 : Side: [DMN]-Mario: estoy en mercado y quiero ir a la mision amarilla
16:51:08 : Side: Jose Luis: yo voy para mercado esperame
16:51:15 : Side: [DMN]-Mario: dale
16:52:30 : Side: Jose Luis: un poco lejos la weapon
16:52:37 : Side: Jose Luis: aunque se que no tarda en irse porque ya lleva tiempo
16:52:38 : Side: [DMN]-Mario: tengo heli
16:52:43 : Side: Jose Luis: jajaja asi si
16:52:45 : Side: Jose Luis: espera ps
16:52:58 : Side: Jose Luis: solo no me hagas estrellar xD
16:53:54 : Side: [DMN]-Mario: tengo muchas horas de vuelo en arma2
16:54:32 : Group: santiago: joweeeeeeeeeeeeeeeeeeeee
16:54:45 : Side: Jose Luis: que hiciste boludo
16:55:19 : Group: santiago: listo
16:55:33 : Group: Jose Luis: donde estas
16:55:37 : Group: santiago: me cambuie de puesto y se quebro el culño
16:56:08 : Group: Jose Luis: severa locaw
16:56:19 : Group: Jose Luis: invita a mario
16:56:28 : Group: santiago: r
16:58:08 : Group: Jose Luis: llevo las sand?
16:58:44 : Side: [DMN]-Mario: estas armas no las puedo vender
16:58:54 : Group: Jose Luis: cuales
16:59:09 : Group: Jose Luis: bajate sant
16:59:50 : Group: Jose Luis: eso las compra el de mis 12
17:00:16 : Side: [DMN]-Mario: el que las pueda vender que agarre
17:01:35 : Side: Jose Luis: eh loco apaga tu coche que esta consumiento combustible
17:01:58 : Side: [DMN]-Mario: se bugueo todas las cosas
17:02:27 : Side: Jose Luis: como asi mario
17:02:44 : Side: Jose Luis: apaga tu vehiculo night
17:02:55 : Side: [DMN]-Mario: es como si no existieran
17:03:36 : Side: Jose Luis: cosas de tu inventario¡?
17:03:44 : Side: [DMN]-Mario: todavia esta la mision
17:04:02 : Side: [DMN]-Mario: estas armas que deje y mochila
17:04:19 : Side: Jose Luis: saco el carro de comercio y vamos a mision vale
17:04:31 : Group: Jose Luis: llevo las sand?
17:06:50 : Group: santiago: y esas armas q
17:06:59 : Group: Jose Luis: SUBETE RAPIDO
17:07:01 : Group: Jose Luis: SANTIAGO
17:07:06 : Group: [DMN]-Mario: vendelas si podes
17:07:34 : Group: Jose Luis: TE CREERE QUE SOS UN GRAN PILOTO
17:07:40 : Group: Jose Luis: TRAJE EL PLOT Y LA SAND PARA QUE HAGAMOS FUETE
17:07:42 : Group: Jose Luis: FUERTE
17:08:04 : Group: Jose Luis: SI VES UNA LARGE GUNBAG ME LA DAS 
17:08:12 : Group: [DMN]-Mario: ok
17:08:35 : Group: [DMN]-Mario: en heli ay mochi
17:08:43 : Group: Jose Luis: POQUE NO VENDES LAS CARGAS CONCENTRADAS
17:09:00 : Group: Jose Luis: NAA PERO TENES LAS NORMALES BACKPACK
17:09:28 : Group: [DMN]-Mario: las large tienen 50espacios
17:09:38 : Group: Jose Luis: SI
17:09:39 : Group: [DMN]-Mario: 60
17:09:43 : Group: Jose Luis: 60
17:09:49 : Group: [DMN]-Mario: y coyote 50
17:09:57 : Group: Jose Luis: OYE HAGAMONOS EN COLINA 334
17:10:01 : Group: Jose Luis: NO TE PARECE?
17:10:17 : Group: [DMN]-Mario: ok
17:10:43 : Group: [DMN]-Mario: naaaa
17:10:55 : Group: Jose Luis: SOLO PODEMOS GUARDAR 3 ARMAS AQUI
17:10:58 : Group: [DMN]-Mario: desaparecio
17:10:58 : Group: Jose Luis: QUE LASTIMA
17:11:03 : Group: santiago: OJO PS NOS MATAMOS QUE YA LO VOY A PRENDER
17:11:12 : Group: Jose Luis: VAMOS A COMUNA HIPPIE
17:11:14 : Group: [DMN]-Mario: por eso llevo varias mochilas
17:11:17 : Group: Jose Luis: OJO PASAMOS POR CHARLIE
17:11:28 : Group: Jose Luis: QUE NOS DISPARAN
17:12:25 : Group: Jose Luis: ESPERAMOS MISION AHI EN ZONA SEGURA Y LISTO
17:12:30 : Group: Jose Luis: OJALA NO SEA MUY PEGADA AL RESTART
17:12:40 : Group: Jose Luis: HABLE CON EL ADMIN HOY Y LE COMENTE EL CASO TUYO QUE PERDISTE TUS COSAS 
17:12:51 : Group: Jose Luis: A MI ME DEVOLVIERON LO DE LA MOCHILA BUENO NO TODO PERO QUE ESO NO ES CULPA DE ELLOS
17:13:05 : Group: santiago: ESE BOBO NO SIVRE PA PUTA MIERDA
17:14:12 : Group: [DMN]-Mario: aca venden cigarros jaja
17:14:33 : Group: Jose Luis: DAME YERBA LOCO
17:15:04 : Group: Jose Luis: BURLAP
17:15:06 : Group: Jose Luis: Xd
17:15:21 : Group: Jose Luis: VAMOS VAMOS VAMOS
17:15:27 : Group: [DMN]-Mario: -
17:15:32 : Group: Jose Luis: ESTA AQUI NOMAS
17:15:33 : Group: Jose Luis: JAJAJAAJAJAJAA
17:15:37 : Group: [DMN]-Mario: estan aca a lado
17:15:57 : Group: Jose Luis: DEJA LES ARMO EL LIO CON LAS SAND
17:16:40 : Group: Jose Luis: veni mario
17:17:18 : Group: Jose Luis: no dispares que ya les armo base
17:17:24 : Group: santiago: DESAPARECIO MI M4
17:17:58 : Group: Jose Luis: vamos que vamos espera pongo una grande
17:18:24 : Group: Jose Luis: hazte aca conmigo mario
17:18:33 : Group: Jose Luis: a que disancia estan
17:19:21 : Group: Jose Luis: listo nomas digan
17:19:36 : Group: Jose Luis: e doy al de la izquierda a la m2
17:19:42 : Group: [DMN]-Mario: 500metros
17:19:46 : Group: Jose Luis: listo?
17:19:54 : Group: Jose Luis: ya o q
17:20:20 : Group: santiago: MUCHACHOS BORRE LA M4
17:21:00 : Group: santiago: ACA VENDEN ARMAS?
17:21:32 : Group: Jose Luis: no santiago
17:21:37 : Group: Jose Luis: son hippies xD
17:21:51 : Group: [DMN]-Mario: agarra de los bots ya esta
17:22:20 : Group: Jose Luis: creo que ya esta
17:22:30 : Group: Jose Luis: cuantos bajaste
17:22:48 : Group: [DMN]-Mario: tengo 5
17:22:55 : Group: Jose Luis: yo 7
17:23:08 : Group: Jose Luis: entonces deben faltar al menos 2
17:23:09 : Group: santiago: ALGUNO TIENE M4W
17:23:15 : Group: [DMN]-Mario: casi siempre son 18
17:23:50 : Group: [DMN]-Mario: ay que acercarse despacio
17:23:50 : Group: Jose Luis: no se si detras de caja hayan
17:23:56 : Group: Jose Luis: alcanzas a ver?
17:24:18 : Group: [DMN]-Mario: veo pero no se mueve nadie
17:24:32 : Group: Jose Luis: avanzamos?
17:24:47 : Group: [DMN]-Mario: cubranme
17:24:56 : Group: Jose Luis: ok
17:25:50 : Group: Jose Luis: si ves algo activa el micro
17:26:44 : Group: Jose Luis: yo tengo la vista a 1500 y el bosque de atras esta vacio
17:27:29 : Group: santiago: MARIO SI VES ALGUNA M4 ME AVISAS
17:27:38 : Group: Jose Luis: ahora vamos para aia
17:27:47 : Group: santiago: OK
17:27:49 : Group: Jose Luis: dejaste el heli abierto?
17:27:53 : Group: [DMN]-Mario: listo
17:27:55 : Group: Jose Luis: avanza santiago ve
17:27:58 : Group: [DMN]-Mario: si
17:28:06 : Group: Jose Luis: vienes por el o lo llevo?
17:28:15 : Group: [DMN]-Mario: traelo
17:28:22 : Group: Jose Luis: ok
17:28:43 : Group: Jose Luis: recuerda una largue para mi
17:29:02 : Group: [DMN]-Mario: aqui ay una
17:29:11 : Group: Jose Luis: santiago quedate con una m4 el resto lo vendemos ok
17:29:12 : Group: santiago: ?
17:29:25 : Group: santiago: RW
17:30:46 : Group: santiago: LISTO GRACIAS YA LÑA ENCONTRE
17:30:54 : Group: santiago: LA MISMA
17:31:30 : Group: Jose Luis: sera que si dejo mi backpag se cae¡
17:31:35 : Group: Jose Luis: se desaparece
17:31:50 : Group: [DMN]-Mario: dejala en heli
17:31:59 : Group: Jose Luis: pero se confunde con las otras loco
17:32:03 : Group: Jose Luis: es para cambiar las cosas
17:32:16 : Group: [DMN]-Mario: despues la buscas 
17:32:30 : Group: Jose Luis: santago esa era la largue
17:32:31 : Group: Jose Luis: mia
17:32:33 : Group: [DMN]-Mario: o dejas las cosa en la caja
17:33:02 : Group: santiago: ?
17:33:11 : Group: Jose Luis: -confuare en que no se buguea el juego
17:33:36 : Group: santiago: NO EL MALETIN NO LO E VISTO SI VES OTRO DAMELO TAMBN
17:34:51 : Group: Jose Luis: santiago aca hay una pala para plot y un telemetro
17:35:33 : Group: Jose Luis: mete las armas que puedas en el maletin santiago para venderlas luego
17:35:45 : Group: Jose Luis: tengo ganas de comprar un helicoptero de carga
17:35:48 : Group: santiago: NO ME CABE NADA MAS
17:36:07 : Group: santiago: EL ARMA Q ME DIO AQUEL Y LA MUNICION Y LO Q LLEVO PA LA BASE
17:37:01 : Group: santiago: VES ALGUN MALETIN COMO EL TUYO
17:37:07 : Group: Jose Luis: no veo
17:38:19 : Group: Jose Luis: voy por carne de cordero
17:38:33 : Group: [DMN]-Mario: faltan 20
17:39:01 : Group: Jose Luis: subete santiago
17:39:04 : Group: Jose Luis: vamonos
17:39:09 : Group: Jose Luis: que al parecer hay soldados
17:39:18 : Group: Jose Luis: vamonos loco que escuche disparos aparte de los tuyos
17:39:35 : Group: [DMN]-Mario: otra mision
17:39:44 : Group: Jose Luis: pero ya sin tiempo
17:39:53 : Vehicle: Jose Luis: tu veras
17:40:05 : Group: Jose Luis: como quieras si quieres hacerla dale
17:40:13 : Group: santiago: PS MIENTRAS VAN A VENDER Y EPERAMOS EL RESTART
17:40:17 : Group: [DMN]-Mario: no por los disparos
17:40:24 : Group: Jose Luis: ahh ok
17:40:41 : Group: Jose Luis: santiago hijo mio
17:40:56 : Group: santiago: Q
17:40:56 : Group: Jose Luis: cuantas arma recogiste
17:41:03 : Group: santiago: LA MIA
17:41:05 : Group: Jose Luis: señor xD
17:41:06 : Group: santiago: AJAJA
17:41:15 : Group: Jose Luis: pero si podias cargar mas locota webon
17:41:23 : Group: Jose Luis: este man no sabe lo q es loot
17:41:31 : Group: [DMN]-Mario: jaja
17:41:32 : Group: santiago: NO HOME NO TENGO ESPACIO
17:41:33 : Group: Jose Luis: acaso tenes una mochila de las pequeñas
17:41:42 : Group: Jose Luis: que tenes en esa mochila
17:41:45 : Group: [DMN]-Mario: tenes que sacarles hasta las botas
17:41:46 : Group: santiago: SI
17:42:01 : Group: Jose Luis: que tenes en la mochila
17:42:03 : Group: Jose Luis: fijo pendejadas
17:42:16 : Group: Jose Luis: jajajaaj
17:42:17 : Group: santiago: -FUK U
17:42:33 : Group: Jose Luis: no pana la proxima vea agarra lo mas que pueda de armas que esa es la recompensa
17:42:34 : Group: santiago: SALIR CON UD TOCA LLEVAR 10 BLOOD 
17:42:45 : Group: Jose Luis: jajajaajajajajaja 10 blood llevaste?
17:42:58 : Group: Jose Luis: ey mario
17:43:05 : Group: Jose Luis: y si nos compramos un heli de carga?
17:43:06 : Group: [DMN]-Mario: eu
17:43:11 : Group: santiago: MENTIRAS PERO PRACTICAMENTE ASI ME PREPARO PA SALIR CON UD 
17:43:31 : Group: [DMN]-Mario: vemos
17:43:41 : Group: Jose Luis: voy a ver cuanto cuesta
17:43:54 : Group: Jose Luis: si algo me llevas a mi base retiro del cajero electronico y compramos
17:44:49 : Group: santiago: ESO Y ME PRESTA 20.000
17:45:00 : Group: Jose Luis: ya te di 50.000 loco
17:45:17 : Group: Jose Luis: mario las vendo yo o tu?
17:45:23 : Group: [DMN]-Mario: jaja
17:45:58 : Group: Jose Luis: tengo en este momento 73436 ya les digo cuanto ganamos
17:47:42 : Group: Jose Luis: con lo que vendi hice 26500
17:47:56 : Group: Jose Luis: nos toca de 8833
17:48:20 : Group: Jose Luis: quieo santiago
17:48:44 : Group: santiago: YO TAMBN TE QIERO
17:48:54 : Group: Jose Luis: quieto mario
17:48:58 : Group: [DMN]-Mario: para
17:49:11 : Group: Jose Luis: ahi parti lo que agarre yo
17:49:12 : Group: [DMN]-Mario: yo hice 160mil en la venta
17:50:02 : Group: santiago: Q AHI PA MI
17:50:05 : Group: santiago: ?
17:50:09 : Group: Jose Luis: ya le di su parte santiago
17:50:27 : Group: [DMN]-Mario: y yo que hago tengo 160mil
17:50:28 : Group: santiago: 2000?
17:50:30 : Group: Jose Luis: dividi entre 3 lo que vendi
17:50:34 : Group: Jose Luis: te di 8833
17:50:46 : Group: Jose Luis: pues como veas justo repartirlo
17:50:58 : Group: Jose Luis: si uno aporta menos se gana menos claro esta
17:51:05 : Group: [DMN]-Mario: le doy 50mil a cada uno
17:51:09 : Group: Jose Luis: o como lo veas
17:51:14 : Group: santiago: Q VA ME ESTA VACUNANDO O Q
17:51:15 : Group: Jose Luis: como quieras compa
17:51:27 : Group: Jose Luis: le estamos dando plata antes santiago 
17:51:31 : Group: Jose Luis: gracias
17:51:40 : Group: santiago: GRACIAS
17:52:06 : Group: Jose Luis:  mas grande cuesta 500.000
17:52:10 : Group: Jose Luis: sera que lo compro?
17:52:11 : Group: [DMN]-Mario: nos vemos despues de restar
17:52:17 : Group: Jose Luis: dale mario
17:52:28 : Group: Jose Luis: te esperamos aqui en merado
17:52:31 : Group: Jose Luis: mercado
17:55:58 : Group: santiago: JOSE
17:56:06 : Group: Jose Luis: que pasa
17:56:24 : Group: santiago: DONDE ESTAS
17:56:35 : Group: Jose Luis: afuera de mercado
17:56:41 : Group: Jose Luis: me voy a salir para esperar restart
17:56:51 : Group: santiago: R
18:09:57 : Side: Jose Luis: hola azra
18:10:47 : Side: Azrael1x: hola holaa
18:10:53 : Side: Jose Luis: que tal azra todo bien
18:11:02 : Side: Azrael1x: todo joya y vos?
18:11:11 : Side: Jose Luis: todo bien aunque esto ha sido una locura
18:11:28 : Side: Jose Luis: ayer me mataron faltando 3 mintos para reinicio
18:11:29 : Side: Azrael1x: que paso??
18:11:42 : Side: Azrael1x: uhhh 
18:11:46 : Side: Jose Luis: y fue un jugador poque no habian bots cerca ademas estaba en el suelo
18:11:53 : Side: Azrael1x: perdiste todo
18:12:04 : Side: Jose Luis: menos mal tenia llaves del coche
18:12:33 : Side: Azrael1x: si al menos eso
18:13:00 : Side: Jose Luis: entre luego del reinicio y encontre un pj tirado en el suelo apuntando a donde estaba y era mi amigo jf buscando al otro pj
18:13:20 : Side: Jose Luis: lo mate pensando que era el que me mato jajajaa me bajo casi 3000 de golpe la humanidad y deje de ser heroe
18:13:41 : Side: Azrael1x: ajaja que mala suerte
18:13:53 : Side: Azrael1x: si queres dejo que me mates,yo soy bandit
18:13:56 : Side: Jose Luis: y hoy se me bugueo el heli y estallo
18:14:03 : Side: Jose Luis: pero el admin me lo repuso
18:14:10 : Side: Jose Luis: cuanto me dan por matarte xD
18:14:34 : Side: Azrael1x: ah que mala racha jaja
18:14:40 : Side: Jose Luis: ven a mercado que aqui te espera la muerte xD
18:14:40 : Side: Azrael1x: no se pero debe ser algo
18:14:52 : Side: Azrael1x: XDD aca ya estoy ç
18:15:01 : Side: Jose Luis: que tuto
18:15:09 : Side: Jose Luis: salgamos entonces
18:15:14 : Side: Azrael1x: espera
18:15:21 : Side: Jose Luis: jajaja ok
18:15:26 : Side: Azrael1x: tenes auto asi guardo mi mochila y el arma?
18:15:37 : Side: Jose Luis: tienes miedo de perderlas
18:15:40 : Side: Jose Luis: acompañame a mi coche
18:16:34 : Side: Jose Luis: ahi esta
18:17:39 : Side: Jose Luis: ey cuanto cuesta el heli donde el vendedor de bandits
18:17:40 : Side: Azrael1x: te doy a vos mi plata asi me la guardas
18:17:50 : Side: Jose Luis: oka
18:18:05 : Side: Jose Luis: madre mia
18:18:08 : Side: Azrael1x: ahora si
18:18:28 : Side: Jose Luis: wtf
18:18:35 : Side: Azrael1x: no mori XD
18:19:30 : Side: Jose Luis: pues no dieron mucho o mejor dicho nada
18:19:42 : Side: Jose Luis: sera que tenia que ser un tiro de muerte inmediata
18:19:56 : Side: Azrael1x: no te dio nada?
18:20:02 : Side: Jose Luis: nada 
18:20:27 : Side: Azrael1x: queres provar de nuevo?
18:20:43 : Side: Jose Luis: pero con el rifle de franco a ver
18:20:56 : Side: Jose Luis: porque cargas tanto dinero ensima
18:21:19 : Side: Azrael1x: quede en el mercado despues de la mision
18:21:28 : Side: Jose Luis: con razon
18:21:31 : Side: Jose Luis: pareces un banco
18:21:36 : Side: Azrael1x: jaja XD
18:21:49 : Side: Jose Luis: oye cual es el mejor heli
18:21:51 : Side: Jose Luis: en carga y demas
18:21:53 : Side: Jose Luis: y cuanto cuesta
18:22:11 : Side: Azrael1x: no se habria que ver en el trade
18:22:21 : Side: Jose Luis: te mato
18:22:24 : Side: Azrael1x: dale
18:22:35 : Side: Azrael1x: y ahora?
18:22:38 : Side: Jose Luis: nada loco
18:23:02 : Side: Jose Luis: ser bandido sale mas facil
18:23:34 : Side: Azrael1x: pfff que basofia
18:23:39 : Side: Azrael1x: si mucho mas
18:23:42 : Side: Jose Luis: oye
18:23:54 : Side: Jose Luis: pues me dan ganas hasta de volverme bandit
18:23:59 : Side: Jose Luis: hay diferencias en el comercio o algo?
18:24:29 : Side: Azrael1x: yo pense que si pero segun lucas no
18:24:42 : Side: Jose Luis: ya veo
18:24:57 : Side: Jose Luis: yo mato un soldado y me quitan el triple de humanidad que con un bandido
18:25:01 : Side: Jose Luis: o hasta mas
18:25:09 : Side: Jose Luis: agarra tus cosas ya te doy tu dinero
18:25:16 : Side: Azrael1x: si cuesta menos y es mejor creo
18:25:50 : Side: Jose Luis: listo 
18:25:53 : Side: Azrael1x: gracias
18:25:54 : Side: Jose Luis: podemos ver tu comercio?
18:25:59 : Side: Jose Luis: a ti por dejarte matar
18:26:07 : Side: Jose Luis: cuanta humanidad tenes
18:26:21 : Side: Azrael1x: claro vamos -12818
18:27:14 : Side: Jose Luis: cuanto te cuesta la mk a ti
18:27:32 : Side: Azrael1x: la que te di no la venden asi que cuidala mucho XD
18:27:42 : Side: Jose Luis: jajaja en los heroes si la venden
18:27:46 : Side: Jose Luis: 80.000
18:27:54 : Side: Jose Luis: esta la tuve que comprar porque perdi la otra anoche
18:27:59 : Side: Azrael1x: ohhhh me podes comprar una plz??
18:28:08 : Side: Jose Luis: y tampoco venden la mk17 sd?
18:28:15 : Side: Azrael1x: si la sd si
18:28:17 : Side: Jose Luis: carajo men tengo que volver a ser heroe
18:28:18 : Side: Azrael1x: ay vuelvo
18:28:38 : Side: Jose Luis: cuanto cuestan los heli
18:28:40 : Side: Jose Luis: okaa
18:28:55 : Side: Azrael1x: ya estoy
18:29:07 : Side: Azrael1x: entonces si los heroes tienen varias cosas
18:29:18 : Side: Jose Luis: tendria que recuperar la humanidad me faltan 3000 asi que tengo que hacer misiones cuando sea heroe te la regalo
18:29:30 : Side: Jose Luis: que helicopteros tienes para comprar aqui
18:29:58 : Side: Azrael1x: UH-1H
18:30:03 : Side: Jose Luis: capacidad
18:30:06 : Side: Azrael1x: UH-1Y
18:30:08 : Side: Jose Luis: y precio
18:30:18 : Side: Jose Luis: el que mas capacidad tiene cuanto cuesta
18:30:19 : Side: Azrael1x: MH-60S ALÇ
18:30:28 : Side: Azrael1x: NO DICE LA CAPACIDAD CREOÇ
18:30:36 : Side: Jose Luis: cuando le das click si
18:30:43 : Side: Jose Luis: dice cuanto tiene
18:30:47 : Side: Jose Luis: en compra rapida claro esta
18:31:09 : Side: Azrael1x: ahh
18:31:34 : Side: Azrael1x: el uh-1h 25 mags 5 armas y 4 mochis
18:31:49 : Side: Azrael1x: uh-1y lo mismo
18:31:58 : Side: Jose Luis: y el q mas le cabe cual es
18:32:28 : Side: Azrael1x: y el mh-60s 100 mags 10 armas y 5 mochis
18:32:39 : Side: Azrael1x: ese sale 400000
18:32:40 : Side: Jose Luis: ese es el mas grande?
18:32:46 : Side: Azrael1x: sip
18:33:04 : Side: Jose Luis: aca el piloto vende uno con 25 armas y 80 mags en 500.000
18:33:31 : Side: Azrael1x: es mas caro que el mejor del bandit
18:33:34 : Side: Jose Luis: pienso comprar un heli de carga para las misiones
18:33:53 : Side: Jose Luis: te parece si vamos a matar a unos de los de tu tipo?
18:34:01 : Side: Jose Luis: asi puedo ser heroe y comprarte la mk
18:34:12 : Side: Azrael1x: rabbit me va a estar esperando en el area militar
18:34:20 : Side: Azrael1x: para hacer esa parte de nuevo
18:34:21 : Side: Jose Luis: ahh xD
18:34:50 : Side: Jose Luis: pues me dan ganas de ir a matar soldiers
18:34:57 : Side: Azrael1x: veni con nosotros
18:35:01 : Side: Jose Luis: dale
18:35:39 : Side: Azrael1x: jose con cuanto te haces heroe
18:35:47 : Side: Jose Luis: 5000
18:35:53 : Side: Azrael1x: ok gracias
18:35:59 : Side: Jose Luis: con eso ya el vendedor te da las cosas
18:37:52 : Side: Jose Luis: cuando necesites algo de heroes me dices
18:38:15 : Side: Jose Luis: yo me hare heroe de nuevo
18:39:58 : Side: Jose Luis: mario
18:40:39 : Side: Jose Luis: mario
18:40:59 : Side: [DMN]-Mario: eu
18:41:06 : Side: Jose Luis: hay mision
18:41:20 : Side: Jose Luis: invitame a grupo y bamos
18:41:22 : Side: Jose Luis: vamos
18:41:28 : Side: [DMN]-Mario: banca
18:41:53 : Side: Jose Luis: te parece si vamos en mi cochew
18:42:01 : Side: [DMN]-Mario: hola azrael y rabbit
18:42:13 : Side: [T1ER]rabbit: hola loco!!!!
18:42:15 : Side: Azrael1x: hola mario como va?
18:42:24 : Side: [DMN]-Mario: todo tranki
18:43:07 : Side: [DMN]-Mario: lo pueden agregar a jose luis asi estamos todos en el grupo y no nos matamos entre nosotros
18:43:27 : Side: Jose Luis: ahh jaja xD
18:43:51 : Group: Jose Luis: ya esta
18:44:13 : Side: [DMN]-Mario: muchas gracias muhachos!!!
18:44:21 : Side: Azrael1x: ;D
18:44:32 : Group: Jose Luis: listo mario yo creo que llegamos rapido en coche
18:44:41 : Group: Jose Luis: me queda espacio para 25 armas 
18:47:00 : Group: Jose Luis: me indicas el camino porfa
18:47:32 : Group: [DMN]-Mario: dale derecho por esa calle
18:47:49 : Group: [DMN]-Mario: mas a la derecha
18:48:07 : Group: [DMN]-Mario: mas
18:49:16 : Group: [DMN]-Mario: dale derecho y no te desvies del camino
18:50:34 : Group: [DMN]-Mario: no
18:50:43 : Group: [DMN]-Mario: derecho
18:51:54 : Group: [DMN]-Mario: en la que viene izquierda
18:52:21 : Group: Jose Luis: buena gps
18:52:46 : Group: Jose Luis: ya escogiste punto para tiro
18:52:49 : Group: [DMN]-Mario: dale
18:53:01 : Group: [DMN]-Mario: ahora derecha
18:53:56 : Group: [DMN]-Mario: sali del camino po la derecha
18:54:22 : Group: [DMN]-Mario: bien todo derecho
18:55:39 : Group: [DMN]-Mario: aca
18:55:49 : Group: [DMN]-Mario: estamos a mil metros
18:55:50 : Group: Jose Luis: llevo plot
18:57:05 : Group: Jose Luis: de aca no veo nada
18:57:07 : Group: [DMN]-Mario: estan del otro lado de la montaña
18:58:09 : Group: Jose Luis: avancemos entonces
18:58:17 : Group: [DMN]-Mario: vamos para el punto 391
18:58:33 : Group: Jose Luis: dale
18:58:45 : Group: Azrael1x: caimos del lado equivocado XD
18:58:53 : Group: [DMN]-Mario: jaja
18:59:02 : Group: Jose Luis: si xD
18:59:53 : Group: [DMN]-Mario: trata de ir por atras de la montaña
19:00:26 : Group: [DMN]-Mario: me parece que estan en stary
19:00:38 : Group: Azrael1x: hay ua construccion que viene de 10 aca
19:00:50 : Group: [DMN]-Mario: lo ves
19:01:48 : Group: Azrael1x: tampoco se ve de aca
19:02:12 : Group: Jose Luis: UMMM
19:02:19 : Group: Jose Luis: MIREN EL PUNTO QUE LES MAQUE
19:02:42 : Group: Jose Luis: O DISPARAMOS DESDE CARRETERA DE NOVT
19:02:44 : Group: [DMN]-Mario: ahi voy
19:05:15 : Group: Jose Luis: NO 
19:05:31 : Group: Jose Luis: METAMONOS A LO  BESTIA 
19:05:35 : Group: [DMN]-Mario: de aca si
19:05:48 : Group: [DMN]-Mario: 400metros
19:06:22 : Group: [DMN]-Mario: abajo metralla
19:07:19 : Group: Jose Luis: PONDRE SAND
19:08:50 : Group: Jose Luis: TENES VISION AZRA?
19:08:59 : Group: Azrael1x: casi nada
19:10:19 : Group: Azrael1x: callo la otra metra
19:10:36 : Group: Jose Luis: tenes el poder de ver detras de las plantas o q
19:10:51 : Group: Azrael1x: por lo agujeritos XD
19:12:55 : Group: Jose Luis: 1 menos
19:13:13 : Group: [DMN]-Mario: yo tengo 4menos
19:15:48 : Group: [DMN]-Mario: ojo con las minas
19:16:17 : Group: Jose Luis: llamaron a mi puerta que pena
19:16:49 : Group: Azrael1x: veo 3
19:17:28 : Group: Azrael1x: 3 menos
19:18:07 : Group: Azrael1x: parece limpio no?
19:18:18 : Group: [DMN]-Mario: me acerco
19:18:42 : Group: Jose Luis: avancemos
19:19:05 : Group: Jose Luis: voy por eel coche
19:21:23 : Group: [DMN]-Mario: no veo bueno el premio
19:21:36 : Group: Jose Luis: q es
19:21:52 : Group: [DMN]-Mario: nada cambas
19:21:58 : Group: Jose Luis: no jodas
19:22:03 : Group: Azrael1x: la verdad que se cobra mas llevando las armas de los boot jaja
19:22:04 : Group: [DMN]-Mario: un par de armas y comida
19:22:13 : Group: [DMN]-Mario: si jaja
19:22:34 : Group: Jose Luis: aqui dejo elcoche
19:26:29 : Group: [DMN]-Mario: vamos al mercado
19:26:41 : Group: Jose Luis: conduce tu mario
19:27:08 : Group: [DMN]-Mario: azra?
19:27:41 : Group: [DMN]-Mario: vamos azra
19:27:58 : Group: Jose Luis: vamos mario
19:28:06 : Group: Jose Luis: ustedes vendan
19:28:07 : Group: [DMN]-Mario: jaja te corren
19:28:27 : Group: Azrael1x: ME DEJAN EN CAMPO VIEJO QUE AHI TENGO LA VOD?
19:28:33 : Group: Azrael1x: XDD
19:28:41 : Group: Jose Luis: naa llevalo a tienda xD
19:28:52 : Group: [DMN]-Mario: me echo
19:28:57 : Group: Jose Luis: yo ya vengo dejan mi parte en el coche
19:29:03 : Group: Azrael1x: esta de pasada
19:29:04 : Group: [DMN]-Mario: volvi
19:29:26 : Group: Azrael1x: nos salio una roja re cerca ojo
19:30:01 : Group: [DMN]-Mario: que hacemos
19:30:10 : Group: Jose Luis: ustedes diran
19:30:11 : Group: Azrael1x: le damos no?
19:30:24 : Group: [DMN]-Mario: vamos a darles
19:30:28 : Group: Jose Luis: yo me ire a dar un baño xD
19:30:37 : Group: Jose Luis: me quedo aqui en el coche para que lo lleves mario
19:30:56 : Group: [DMN]-Mario: maten al zombi
19:31:32 : Group: Jose Luis: si quieren usen la metralleta del coche
19:31:37 : Group: Jose Luis: ahi tengo las balas
19:32:02 : Group: [DMN]-Mario: vamos por atras
19:32:09 : Group: Azrael1x: dale te sigo
19:32:34 : Group: Jose Luis: yo me quedo aca no me vayan a dejar tirado
19:32:54 : Group: Azrael1x: lockea el auto y desconecta si no
19:33:30 : Group: Jose Luis: y que hacemos con lo que tengo aca
19:34:13 : Group: [DMN]-Mario: ay uno que esta en mercado que traiga un camion
19:34:30 : Group: Azrael1x: yo aca a mil metros tengo la vodnik
19:35:07 : Group: [DMN]-Mario: de al casa donde estabas oy tenemoas tiro seguro
19:35:24 : Group: Azrael1x: vamos para ahi
19:36:53 : Group: Azrael1x: no me acuerdo donde estaba jaja
19:38:09 : Group: [DMN]-Mario: de aqui 700metros
19:38:17 : Group: Azrael1x: joya
19:38:44 : Group: [DMN]-Mario: para vehiculo con metralla
19:38:52 : Group: Azrael1x: si 900 mts
19:39:08 : Group: [DMN]-Mario: dale al artillero
19:39:24 : Group: Azrael1x: listo
19:39:52 : Group: [DMN]-Mario: desmayado
19:40:04 : Group: [DMN]-Mario: epinefrina
19:40:20 : Group: Azrael1x: no tengo eso,te vendo
19:40:27 : Group: [DMN]-Mario: dale
19:41:00 : Group: [DMN]-Mario: estoy quebrado tambien
19:42:22 : Group: [DMN]-Mario: cubrite
19:42:33 : Group: Azrael1x: lo explote
19:42:42 : Group: [DMN]-Mario: lo vi jaja
19:42:55 : Group: [DMN]-Mario: es poderosa la sa50
19:43:08 : Group: Azrael1x: alto cañon jaja
19:43:50 : Group: [DMN]-Mario: no pierdas de vista a los bots
19:45:35 : Group: [DMN]-Mario: guarda son dos con esa arma
19:48:35 : Group: [DMN]-Mario: necesito painkiller
19:50:19 : Group: Azrael1x: me acerco,cuidenme la cola
19:50:29 : Group: [DMN]-Mario: jaja dale
19:55:46 : Group: [DMN]-Mario: guarda falta alguno nose borra
19:55:57 : Group: [DMN]-Mario: ahi esta
19:57:02 : Group: Azrael1x: voy a buscar la vod a 1000 mts
19:57:08 : Group: [DMN]-Mario: busca el vodnik
20:02:10 : Group: [DMN]-Mario: un bots
20:02:37 : Group: Azrael1x: ojo que no sea rabbit
20:03:06 : Group: [DMN]-Mario: era
20:03:10 : Group: [DMN]-Mario: jajaja
20:03:13 : Group: Azrael1x: era rabbit jaja
20:03:25 : Group: [DMN]-Mario: en la cabeza le pegue
20:03:52 : Group: [DMN]-Mario: no aparecia en el grupo
20:04:06 : Group: [DMN]-Mario: refurezos
20:04:35 : Group: [DMN]-Mario: perdon rabbit
20:04:43 : Group: [T1ER]rabbit: te puse soy yo
20:04:54 : Group: [DMN]-Mario: no aparecias en el grupo y pense que eras un bots perdido
20:05:03 : Group: [DMN]-Mario: no salio
20:07:16 : Group: Azrael1x: y ese helii??
20:07:47 : Group: [DMN]-Mario: pueden sr refuerzos guarda
20:07:47 : Group: Azrael1x: boots
20:07:52 : Group: [DMN]-Mario: si
20:09:59 : Group: Azrael1x: cuidado entra
20:10:24 : Group: [DMN]-Mario: tenes sangre
20:10:28 : Group: Azrael1x: sip
20:11:41 : Group: Azrael1x: rabbit esdta en la suv negra
20:13:22 : Group: [DMN]-Mario: vuelve
20:14:58 : Group: [DMN]-Mario: vuelve
20:15:42 : Group: [DMN]-Mario: ay que darle al piloto
20:16:12 : Group: Azrael1x: .yo no le doy ni a palos jaja
20:19:24 : Group: Azrael1x: arranco pa mercado
20:19:51 : Group: [DMN]-Mario: banca
20:20:32 : Group: [DMN]-Mario: vamos
20:22:22 : Group: Azrael1x: ves alguna moto por ahi mario?
20:22:32 : Group: [DMN]-Mario: no
20:23:24 : Group: [DMN]-Mario: uh por matarlo a rabbit me bajo un monton la humanidad
20:24:39 : Group: [DMN]-Mario: la mochila que esta en el vodnik tambien tiene armas
20:24:47 : Group: Azrael1x: copado
20:28:31 : Side: [T1ER]rabbit: se vieja
20:28:54 : Side: [T1ER]rabbit: bien vieja
20:28:55 : Side: [DMN]-Mario: todo tranki
20:28:57 : Side: Azrael1x: ehhh juan!!
20:29:11 : Side: [T1ER]rabbit: vos como andas tanto tiempo??
20:29:47 : Side: [T1ER]rabbit: aca jugando un poco de nievo muy bueno el server
20:29:58 : Side: [T1ER]rabbit: nuevo
20:30:59 : Side: [DMN]-Mario: vendiste lo de la mochila azra
20:31:25 : Side: Azrael1x: nop estoy con lo de la camioneta
20:34:38 : Side: [DMN]-Mario: podemos volver a juntar lo que falta
20:35:00 : Side: [DMN]-Mario: oh trajimos todo
20:35:22 : Side: Azrael1x: solo arma de boot porque de la caja nos llevamos todo,y a los boot les saque a la mayoria yo
20:35:42 : Side: [DMN]-Mario: faltan 25 y tenemos una mision cerca
20:36:02 : Side: [DMN]-Mario: bue ya fue desaparecio
20:36:22 : Side: Azrael1x: ta
20:36:27 : Side: [DMN]-Mario: en el vodnik habia una mochila con armas
20:36:32 : Side: Azrael1x: yo vendi 700000
20:36:37 : Side: Azrael1x: si ya la agarre
20:36:59 : Side: [DMN]-Mario: bien ...es mucho
20:37:48 : Side: Azrael1x: 233.333 pa cada uno
20:39:19 : Side: Azrael1x: jaja que boludoç
20:39:25 : Side: [DMN]-Mario: jaja
20:40:09 : Side: Azrael1x: vamo de puta
20:41:44 : Side: [T1ER]rabbit: ahi viene
20:43:29 : Side: [DMN]-Mario: nos vemos rabbit
20:49:09 : Side: Azrael1x: vamo de putaaaaaa
21:53:49 : Side: Malmsteen: we
21:54:13 : Side: Malmsteen: night
21:54:17 : Side: NightdeadBCE: q
21:54:25 : Side: Malmsteen: q tal
21:54:31 : Side: NightdeadBCE: te invite grupo
21:54:37 : Side: NightdeadBCE: todo bien usted que tal.
21:54:58 : Group: Malmsteen: INVITAME A LLAMADA STEAM
22:06:20 : Side: NightdeadBCE: trabajo ;-c
22:32:16 : Group: NightdeadBCE: Tengo qeu comer
22:32:23 : Group: NightdeadBCE: igual capas termine cuando lleges a la mision
22:32:25 : Group: NightdeadBCE: :V
22:32:31 : Group: NightdeadBCE: melees (?)
22:32:33 : Group: NightdeadBCE: xd
22:54:17 : Side: NightdeadBCE: agus
22:54:20 : Side: NightdeadBCE: quieres que te invite 
22:54:26 : Side: NightdeadBCE: a grupo necesito ayua xd
22:54:53 : Side: Agustin: jajajaja dale 
23:04:19 : Side: NightdeadBCE: SI mejoraron gracias por el consejo
23:05:12 : Group: NightdeadBCE: estoy jodidamente rodeado.
23:05:20 : Group: NightdeadBCE: tengo una 
23:05:49 : Group: NightdeadBCE: hamer con m240disparandome a full un heli tambien 18 soldados la mayoria snipers.
23:05:53 : Group: NightdeadBCE: help (?)
23:06:00 : Group: NightdeadBCE: le doy un caramelño el que me rescata...(?)
23:06:15 : Group: Agustin: pongo la lock y voy jajajaja
23:16:26 : Group: Agustin: no llego mase
23:16:36 : Group: NightdeadBCE: si igual esta jopdidamente defendido xd
23:16:47 : Group: Agustin: no pasa nada
23:21:36 : Group: NightdeadBCE: VAMOS A RODEAR
23:22:29 : Group: NightdeadBCE: agustin sabes usar sniper?
23:22:33 : Group: NightdeadBCE: te doy mi m4.
23:22:46 : Group: Agustin: sisi 
23:23:01 : Group: NightdeadBCE: voy a infiltrarme en el enemigo
23:23:06 : Group: NightdeadBCE: ya lo hice no se preocupen
23:23:08 : Group: Agustin: che alguno tiene morfi? deje la mochila y todo y ni cuenta
23:23:22 : Group: NightdeadBCE: nope
23:23:24 : Group: NightdeadBCE: me mataron
23:23:32 : Group: NightdeadBCE: miren yo me meto al edificio
23:23:40 : Group: NightdeadBCE: me van a atacar como loco maten al hamer
23:24:15 : Group: Agustin: no se de que hablas todavia no vi nada de la mision jajaja
23:25:41 : Group: Agustin: a la mierda estan re lejos y te la dan
23:25:54 : Group: NightdeadBCE: es que es jodido
23:25:56 : Group: NightdeadBCE: tiene todo
23:25:59 : Group: NightdeadBCE: nsoe son muchos xd
23:31:37 : Group: NightdeadBCE: invita a malteen
23:31:43 : Group: NightdeadBCE: abandonemos la mision es dificil
23:32:12 : Group: Agustin: ya lo invite
23:41:10 : Group: NightdeadBCE: soy rambo.
23:50:29 : Group: NightdeadBCE: pone iniciar chat de voz
23:54:11 : Side: Chavito: este server no es para matar?
23:55:32 : Side: NightdeadBCE: masomenos
