00:22:45 : Group: MaxBraian: andas medi lejos je
00:23:33 : Group: MaxBraian: quiero subir la humanidad pero ando medio perdido ja
00:24:51 : Group: JF: para subir la humanidad en positivo solo tenes que matar bandidos o zombis 
00:25:32 : Group: MaxBraian: claro yo quiero ser bandido ya tengo -3843 pero aveses me baja 
00:26:32 : Group: JF: si te hubicas en algun pueblo donde encuentres un galpon de esos largos y logras quw te sigan un grupo de zomb los matas facilmente
00:28:29 : Group: JF: jajaja no bolu es preferible ser heroe porque tenes mejores veneficios cuando desbloqueas las armas del trader
00:30:35 : Group: MaxBraian: estoy por hacer esta mision pero me vine en bisi si queres venir compartimos
00:31:56 : Group: JF: no puedo ahora porque tengo un problemita , si me bajan pierdo la guita que tengo porque no la he podido guardar
00:32:14 : Group: MaxBraian: ah oka
00:35:55 : Group: MaxBraian: te estas muriendo ?
00:36:50 : Group: JF: me preguntas a mi ?  no yo estoy bien
00:37:36 : Group: MaxBraian: pero me apareces en naranja :/
00:39:30 : Group: JF: me estare volviendo holandes jajaa
00:39:48 : Group: MaxBraian: jajaa
00:40:19 : Group: MaxBraian: no encuentro una mision buena para que me de human
00:40:22 : Group: MaxBraian: jeje
00:40:58 : Group: JF: no se  yo veo en el mapa las dos cruces en verde
00:41:32 : Group: MaxBraian: ajaja
00:42:07 : Group: JF: guarda que vas hacia una mision contra heroes y si los atacas te la baja a la humanidad
00:42:57 : Group: MaxBraian: pero ayer hice una de bandidos y me la bajo como puede ser ?
00:43:51 : Group: JF: si te animas a ir al basural ahi esta lleno de zombis pero tenes que tener buena provicion de municiones y cuidate porque la maquina hace trampas
00:44:16 : Group: MaxBraian: como ?
00:45:40 : Group: JF: vos queres matar zombi te acrecenta la humanidad en 50 por cada uno pero la maquina o sea el server hace trampas 
00:46:08 : Group: MaxBraian: en que sentido ?
00:47:18 : Group: JF: algunos zombis atraviesan las paredes y puede haber algunos bodt que te disparan 2 o 3
00:47:35 : Group: MaxBraian: ahh
00:48:29 : Group: JF: como andas reco
00:48:32 : Group: MaxBraian: esa mision esta buena pero esta muy lejos je
01:00:04 : Group: MaxBraian: yo ?
01:00:13 : Group: JF: si vos
01:00:29 : Group: MaxBraian: stanac
01:00:34 : Group: MaxBraian: 30
01:00:56 : Group: MaxBraian: stanag 30 je
01:01:03 : Group: MaxBraian: por je
01:01:11 : Group: JF: pero la comun verdad porque la sd no se consigue en el trader
01:01:33 : Group: MaxBraian: claro esta la de 100 balas 
01:03:31 : Group: JF: no no es de 100 viene de treinta por lo menos la que se consiguen aqui
01:04:15 : Group: MaxBraian: claro
01:06:13 : Group: JF: hagarra ahi
01:06:29 : Group: MaxBraian: teno como 15 jaja
01:06:37 : Group: MaxBraian: mas no porfa xD
01:06:52 : Group: MaxBraian: gracias igual xD
01:07:39 : Group: JF: levantalas no te hagas drama
01:08:26 : Group: MaxBraian: gracias je
01:09:49 : Group: JF: vos no te hagas problemas si necesitas algo decime es parte de levantar mi humanidad 
01:10:32 : Group: MaxBraian: se voy a ver mañana aver si la puedo subir je
01:10:56 : Group: JF: ahi afuera tengo un camion si l necesitas a mi me esta sobrando
01:11:14 : Group: MaxBraian: na tenemos 2 ya xD
01:11:58 : Group: MaxBraian: nos vemos, 
01:12:28 : Group: JF: bueno como digas 
01:12:37 : Group: MaxBraian: jaja
