01:40:13 : Side: Leodagos: hola todo bien ?
01:41:00 : Side: JF: Hola leo como estas ?
01:41:16 : Side: JF: si todo bien y vos?
01:41:18 : Side: Leodagos: todo tranqui , vos
01:41:26 : Side: Leodagos: entre un ratito a ver q onda
01:42:26 : Side: JF: esta todo quietito hoy en el reseteo anterior estaba bastante concurrido peo 
01:43:00 : Side: JF: pero se fueron todos juntos parece que estaban  con frio y sueño jaja
01:43:14 : Side: Leodagos: esta especial para dormir
01:43:19 : Side: Leodagos: pero yo prefiero vicear xD
01:43:41 : Side: JF: jajaja xD
12:54:54 : Side: JF: Hola como estas?
12:55:06 : Side: RemiX: bien 
13:29:18 : Side: JF: Hola Nikita como estas?
13:29:31 : Side: Nikyta: bien y vos ?
13:31:10 : Side: JF: bien aqui como siempre fiel a Universo jajaja.. xD
13:31:42 : Side: Nikyta: jajajaja parece una promo de una radio jajajaj
13:32:20 : Side: JF: Che que sera de la vida de Juan se lo manyaron los dientudos estos jajaja
13:33:53 : Side: JF: si me salio sin querer lo del spot publicitario tendria que tener una radio como el juego del wot que administran los rusos ...
13:34:46 : Side: Nikyta: jajaja no entenderiamos un carajo en ruso jajaja KAXKYKASSERKYKK JAJAJAJAJ
13:36:44 : Side: JF: Lo que pusiste no se puede repetir por el horario de proteccion al menor ... Jaa ja ja ja!!
13:44:23 : Side: JF: todavia no entiendo para que sirven las navajas y el rollo de papel bueno el papel puede que si pero es alusivo nada mas?
13:45:45 : Side: Nikyta: HAY UN BAÑO QUE PODES CONSTRUIR JAJAJ PERO TIENE CASI NADA DE LUGAR PARA GUARDAR PARA CONSTRUIRLO PRESISAS UN ROLLO DE PAPEL HIGIENICO JAJAJAJ
13:45:58 : Side: Nikyta: la nabaja nunca le encontre la utilidad
13:49:29 : Side: JF: ah mira que interesante , algo de eso sospechaba por que la otra ves al muñeco le hagarro la flojera de panza y se sentian unos puidos raros jaja..
13:49:36 : Side: JF: de verdad...
13:49:52 : Side: Nikyta: jajajajaja pero en este server ?? 
13:50:02 : Side: Nikyta: aca creo que no les da cagadera jajajaj
13:50:38 : Side: Nikyta: en el origins si hasta tenes que tomar un medicamento para eso
13:50:56 : Side: Nikyta: y mientras la pansa te hace unos ruidos barbaros jajaj
13:51:29 : Side: JF: ruidos jajaja si, solo eso . pobre vago como no sabia lo deje que siguiera en bici pedaleando jajaja
13:51:55 : Side: Nikyta: jajajajaja
13:53:35 : Side: JF: si claro es gracioso cuando le pasa a otro , vos reite jajaja!!!
13:54:10 : Side: Nikyta: jajaja el pobre con gastroenteritis y vos obligandolo a pedalear jajajajaja
13:57:14 : Side: JF: pedaleando y para peor todos cuestas arriba ...xD
14:05:04 : Side: Nikyta: para hacer el mantenimiento no presisas tener oro no ?
14:05:10 : Side: Nikyta: o sea no te cobra
14:06:11 : Side: JF: No solo tenes que pararte o arrodillarte frente al cartel del plot y te aparece el menu en amarillo
14:07:18 : Side: JF: oro te pide cuando decidis reparar un veiculo.
14:07:37 : Side: Nikyta: ok
14:16:42 : Side: JF: Hola Juan..
14:16:48 : Side: Juan: hola
14:17:13 : Side: JF: Hola totoask..
14:17:32 : Side: Dotterkletch: no hables por side
14:17:37 : Side: Totoasd: totoask_ jajaja
14:18:08 : Side: JF: perdon jjaja totoasd
14:18:18 : Side: Totoasd: xd
14:18:33 : Side: JF: Hola loly
14:19:24 : Side: JF: Hola dotterkletch..
15:21:40 : Side: Bad Guy: wenas
16:23:20 : Side: Bad Guy: hitzi cuidado con las puertas
16:23:44 : Side: hitziquer: xd
16:23:52 : Side: hitziquer: me las bardeaste ya?
16:24:07 : Side: Bad Guy: na AJJAJAAJ
16:24:27 : Side: hitziquer: xddd
16:24:40 : Side: hitziquer: hace rato que no entro
16:36:35 : Side: hitziquer: /kill
16:36:45 : Side: hitziquer: uh toy re bug
16:37:00 : Side: hitziquer: eh chaval
16:37:08 : Side: hitziquer: el gillie del market
16:37:23 : Side: hitziquer: me arrimas una bici a ver si me puedo subir?
16:37:28 : Side: hitziquer: a ver si me desbuguedo
16:41:04 : Direct: hitziquer: jaja quede re bug
17:48:13 : Side: Bad Guy: buenas
17:48:36 : Side: hitziquer: q hacemo
17:49:05 : Side: Bad Guy: aca probando el mouse nuevo
17:50:18 : Side: Bad Guy: sale mision?
17:50:27 : Side: hitziquer: dsps del restar
17:50:37 : Side: Bad Guy: hu posta
17:50:59 : Side: hitziquer: la estoy buscando a nikita pero no la encuentro xd
17:51:09 : Side: Bad Guy: jajaja
17:51:25 : Side: Bad Guy: si no esta en el trader...
17:55:06 : Side: Bad Guy: como se me fue la guita en materiales lpm
17:55:29 : Side: hitziquer: la inflacion llega hasta al dayz
17:55:36 : Side: Bad Guy: seeeee
17:55:43 : Side: Nikyta: jajajajaja
17:56:02 : Side: Bad Guy: gaste 1.000.000 recien
17:56:28 : Side: Nikyta: hoy en dia sale caro construir jaja
17:56:37 : Side: hitziquer: y eso que no pagas el terreno xd
17:56:42 : Side: Nikyta: jajajaj
17:56:44 : Side: Bad Guy: y eso q todavia no empeze con los pisos de metal
17:56:54 : Side: hitziquer: esos son mas baratos
17:57:02 : Side: hitziquer: pero una hinchada de pija pa armar
17:57:09 : Side: Bad Guy: neee, los pisos de madera son mas baratos
17:57:37 : Side: hitziquer: che nik estas en la bandit?
17:58:14 : Side: hitziquer: ya se va xd
18:11:56 : Side: hitziquer: ahura se
18:13:42 : Side: hitziquer: le metemo bad?
18:13:44 : Group: painful: hola ?
18:15:40 : Group: Bad Guy: toy en la mision del ural
18:18:46 : Side: hitziquer: q ariscos
18:18:58 : Side: Bad Guy: :d
18:19:07 : Side: Bad Guy: no vi q eras vos JAJAJAJA
18:19:10 : Side: hitziquer: uno q pasa a saludar xd
18:20:08 : Side: hitziquer: me la va a poner el avion
18:22:09 : Side: hitziquer: q pacho?
18:22:35 : Side: hitziquer: te juiste?
18:22:44 : Side: Bad Guy: me fui a otra mision
18:25:14 : Side: hitziquer: decime
18:26:48 : Side: hitziquer: pa hay dos juntas
18:30:07 : Side: hitziquer: ahi voy al bardo
18:30:33 : Side: hitziquer: tenes grupo de radio?
18:32:07 : Side: Bad Guy: ahi los invite al grupo
18:36:05 : Side: Bad Guy: ahi los invite a los 2
18:38:12 : Side: hitziquer: como la pechie
18:39:58 : Group: hitziquer: ahi tamo
19:16:51 : Side: Nikyta: admin ?
21:05:40 : Side: JF: Nikita, todo bien?
21:06:43 : Side: Leodagos: buena
21:06:45 : Side: Leodagos: s
21:07:16 : Side: Nikyta: buenas
21:07:40 : Side: JF: Hola Leo , como estas?
21:08:00 : Side: Leodagos: hola jf todo bien, vos ? comienzan las rondas nocturnas xD
21:10:05 : Side: JF: Bien , bien ,ja ja yo contra reloj un ratito mas para calmar el vicio 
21:10:53 : Side: Leodagos: hola
21:10:55 : Direct: Leodagos: hola
21:10:59 : Side: Nikyta: hola xd
21:11:05 : Side: Nikyta: me asustaste jaja
21:11:08 : Direct: Leodagos: q paso
21:11:22 : Direct: Leodagos: guardo mi arma para q no tengas miedo
21:11:26 : Direct: Nikyta: esta mierda se me bugueo
21:11:34 : Direct: Leodagos: estoy desarmado
21:11:54 : Direct: Leodagos: no te aparece una opcion para desarmarlo ?
21:12:00 : Direct: Nikyta: y no hay admins jaja
21:12:05 : Direct: Nikyta: no
21:12:19 : Direct: Leodagos: q herramientas tenes ensima ?
21:12:33 : Direct: Nikyta: todas jaja
21:13:19 : Direct: Leodagos: q raro
21:14:08 : Direct: Leodagos: jaja
21:14:23 : Direct: Leodagos: buena base
21:14:43 : Direct: Nikyta: gracias :)
21:15:03 : Direct: Leodagos: la isiste solo ?
21:15:25 : Direct: Nikyta: si si "" sola "" jajajaj
21:15:34 : Direct: Leodagos: buena
21:15:38 : Direct: Leodagos: necesitas algo ?
21:16:18 : Direct: Nikyta: jajaj y me gustaria sacar ese baño xd
21:16:35 : Direct: Nikyta: tenes caña de pescar ?
21:16:39 : Direct: Leodagos: estaria bueno q pongas
21:16:44 : Direct: Leodagos: unas torres de vigilancia de madera
21:16:49 : Direct: Leodagos: aca
21:16:51 : Direct: Leodagos: y aca
21:17:07 : Direct: Nikyta: si lo que pasa que tardo mucho en juntar la madera jajaj
21:17:09 : Direct: Leodagos: podrias hacer algo arriba del arbol
21:17:20 : Direct: Leodagos: y aca otra torre
21:17:25 : Direct: Leodagos: si queres te ayudo a juntar madera
21:17:36 : Direct: Nikyta: para 
21:20:06 : Direct: Nikyta: entra en la casa 
21:20:40 : Direct: Leodagos: permiso
21:20:50 : Direct: Nikyta: este es mi hogar jajaj
21:21:02 : Direct: Leodagos: muy bueno
21:21:12 : Direct: Leodagos: estaria bueno militarizarlo un poco
21:21:16 : Direct: Leodagos: es un server pvp
21:21:20 : Direct: Leodagos: tnes q tener cuidado
21:21:36 : Direct: Nikyta: si ya se jajaja
21:21:44 : Direct: Leodagos: igual lo importante lo tenes resguardado
21:21:50 : Direct: Nikyta: vamos a pescar jajaja
21:21:59 : Direct: Leodagos: lock la puerta
21:22:36 : Direct: Leodagos: me dejas entrar la camioneta ?
21:24:22 : Direct: Leodagos: :(
21:25:16 : Direct: Leodagos: me dejas pasar ?
21:26:04 : Direct: Leodagos: agarra el arma q quieras
21:26:06 : Vehicle: Nikyta: para que se me quema la comida jajajaja
21:26:14 : Vehicle: Leodagos: jaja ok
21:31:15 : Side: Leodagos: jf hacemos una base ?
21:31:29 : Side: Leodagos: tengo de todo
21:31:50 : Side: Nikyta: ya esta jajaj
21:32:05 : Direct: Leodagos: queria ver una locacion
21:32:11 : Direct: Leodagos: me acompañas ?
21:32:27 : Direct: Nikyta: dale para que dejo unas cosas 
21:32:33 : Direct: Leodagos: agarra algun arma
21:32:40 : Direct: Leodagos: y cosas medicas
21:32:43 : Side: JF: te agradezco de verdad amigo, yo ya tengo .. 
21:32:45 : Direct: Leodagos: x las dudas
21:32:51 : Side: Leodagos: ok
21:32:54 : Side: Leodagos: np
21:34:50 : Direct: Leodagos: si queres
21:34:53 : Vehicle: Leodagos: vamos a
21:34:56 : Vehicle: Leodagos: en el mapa
21:35:09 : Vehicle: Nikyta: como ?
21:35:11 : Vehicle: Leodagos: 081 x 062
21:35:18 : Vehicle: Leodagos: para q sepas a donde vamos
21:35:45 : Vehicle: Nikyta: jajaja no me preocupa donde vamos jajaja
21:35:55 : Vehicle: Leodagos: aca hay una mision
21:36:00 : Vehicle: Leodagos: sin bots
21:36:52 : Direct: Nikyta: que bueno si esto andubiera jajaj
21:36:53 : Direct: Leodagos: no hay nada aca?
21:36:57 : Direct: Leodagos: jaja
21:37:00 : Direct: Leodagos: aceptame el grupo
21:37:15 : Group: Leodagos: hablemos x aca
21:37:27 : Direct: Nikyta: yo no hago misiones soy pesima tirando jajaja
21:37:43 : Group: Leodagos: esta mision no tiene bots
21:37:44 : Group: Leodagos: pero
21:37:49 : Group: Leodagos: nose como se hace
21:37:52 : Direct: Nikyta: yo era la luteadora del grupo jajaja
21:38:20 : Group: Leodagos: jaja
21:38:25 : Group: Leodagos: con quien jugabas
21:38:50 : Direct: Nikyta: tengo un grupo somos muchos pero ahora estan con otro juego xd
21:38:50 : Group: Leodagos: segui cambiando de canal con el punto o la coma hasta el verde que es de grupo
21:39:02 : Group: Nikyta: ok ahi
21:39:11 : Group: Leodagos: pero aca como se llamaban ?
21:39:28 : Group: Nikyta: somos los L3M jajaja+
21:40:02 : Group: Leodagos: q otro juego jugas
21:40:50 : Group: Nikyta: muchos jaja wow space ingenery  etc jajaj
21:40:58 : Group: Nikyta: starcraft
21:41:02 : Group: Leodagos: wow el original?
21:41:03 : Group: Nikyta: diablo 3
21:41:06 : Group: Nikyta: si si
21:41:15 : Group: Leodagos: diablo 3 y starcraft 2 tengo
21:41:19 : Group: Nikyta: los tres tengo originales :)
21:41:19 : Group: Leodagos: x si queres jugar un dia
21:41:30 : Group: Nikyta: haa ok
21:42:13 : Group: Leodagos: estoy buscando un nuevo lugar para hacer una base
21:42:24 : Group: Leodagos: quiero chequear un punto en el mapa
21:42:48 : Group: Nikyta: jaja dale si queres me quedo en el coche xd tengo que darle de comer a mis hijas antes de que me quieran comer a mi jajajaj
21:43:02 : Group: Leodagos: dale no hay drama
21:43:06 : Group: Leodagos: avisame cuando estes
21:43:17 : Group: Nikyta: mañana hay cole y tienen que acostarce temprano xd
21:43:21 : Group: Nikyta: dale
21:50:54 : Group: Nikyta: vos te tenes que ir  ?? voy a tardar un ratito si queres me bajo por si te queres desconectar 
21:51:09 : Group: Leodagos: esperame q la lockie
21:51:31 : Group: Nikyta: no solo te preguntaba por si querias que me baje jaja
21:51:40 : Group: Leodagos: no hay problema
21:51:45 : Group: Leodagos: voy a estar jugando
21:51:48 : Group: Nikyta: ok segui no mas jajaj
21:51:51 : Group: Leodagos: jaja
21:51:59 : Group: Leodagos: voy a ir a buscar unas cosas a la base te llevo
21:52:00 : Group: Leodagos: xD
22:06:49 : Group: Nikyta: aca volvi jaja
22:06:55 : Group: Leodagos: hi
22:07:09 : Group: Nikyta: encostraste alguna casa
22:07:18 : Group: Leodagos: encontre un lugar q me gustoa
22:07:24 : Group: Leodagos: esta cerca del trade
22:07:33 : Group: Leodagos: ahora te muestro
22:07:53 : Group: Nikyta: no se si te combiene lugares muy concurridos xd
22:08:07 : Group: Leodagos: seria una segunda base
22:09:20 : Group: Nikyta: ese zombi estaba disparando o me parecio a mi jajaj
22:09:29 : Group: Leodagos: tenia un arma no ? jaja
22:09:42 : Group: Nikyta: si yo lo vi jaja
22:09:46 : Group: Leodagos: yo vi q iso el movimiento como de sacar un arma
22:10:26 : Group: Nikyta: si yo tambien pense que era un jugador jajjaaj
22:10:38 : Group: Leodagos: jf no es hostil igual
22:12:16 : Group: Leodagos: vamos a cambiar de vehiculo
22:12:50 : Group: Nikyta: jaajja ok
22:13:04 : Group: Leodagos: veni
22:14:52 : Group: Leodagos: go
22:15:42 : Group: Nikyta: ahi vengo xd
22:15:44 : Group: Leodagos: q bueno q confies en mis habilidades de vuelo xD
22:15:53 : Group: Nikyta: jajajaja
22:17:53 : Group: Nikyta: aca volvi jajajj se me habia quedado dormida a upa mio y la tenia que llevar a la cama jajajaja
22:18:01 : Group: Leodagos: jaja
22:18:20 : Group: Leodagos: mira aca es
22:18:25 : Group: Nikyta: dios no saques las manos del volante !!! no escribas !!!! jajajaja
22:18:35 : Group: Leodagos: -o-
22:19:07 : Group: Nikyta: esta bueno el lugar
22:19:15 : Group: Leodagos: es plano para construir
22:19:20 : Group: Leodagos: y esta a mano de todos lados
22:19:39 : Group: Nikyta: tengo lag :(
22:19:57 : Group: Leodagos: tenes el celu actualizando x ahi
22:20:12 : Group: Leodagos: y vengo
22:20:21 : Group: Nikyta: a no me fije eso jajaj
22:20:37 : Group: Nikyta: no no jaja
22:21:39 : Group: Nikyta: me suena el grupo "rebel" jajaj
22:21:50 : Group: Nikyta: siempre jugaste en los server de juan ?
22:21:52 : Group: Leodagos: perdon
22:21:58 : Group: Leodagos: me habian llamado
22:22:11 : Group: Leodagos: xq rebel ?
22:22:31 : Group: Nikyta: a no me parecio que asi era tu nombre jaja
22:22:40 : Group: Leodagos: nono es el nombre del traje
22:22:51 : Group: Leodagos: aca esta lindo para hcer algo
22:22:53 : Group: Leodagos: es plano
22:22:57 : Group: Leodagos: y alto
22:23:09 : Group: Nikyta: si pero tambien es muy campeable xd
22:23:21 : Group: Leodagos: pero quiero hacer una torre
22:23:48 : Group: Leodagos: esto funciona en las alturas solamente
22:23:54 : Group: Leodagos: es para helicopteros
22:24:02 : Group: Nikyta: bueno igual cualquier base te la pueden campear jajaj y estes donde estes siempre te van a encontrar jajaj
22:24:21 : Group: Leodagos: jajja sii hay gente q se dedica a eso nomas
22:24:52 : Group: Leodagos: depsues voy a traer el pole y lo voy a empezar
22:25:00 : Group: Leodagos: lo q pasa es q tendria q mover el camion
22:25:06 : Group: Nikyta: yo tenia mi base en khelm 
22:25:21 : Group: Nikyta: pero me fui de ahi por que era muy concurrida jajajaj
22:25:31 : Group: Leodagos: q hay por ahi ?
22:25:32 : Group: Nikyta: no sirbo para el pvp
22:25:44 : Group: Nikyta: y estas a un paso de berezino
22:25:45 : Group: Leodagos: los trabajos
22:26:07 : Group: Nikyta: si y una ciudad industrial grande xd
22:26:35 : Group: Leodagos: queres q hagamos unas cosas en tu base ?
22:26:57 : Group: Nikyta: dale xd
22:27:06 : Group: Leodagos: cuanto falta para el reiniio
22:27:13 : Group: Leodagos: 1 ora
22:27:14 : Group: Leodagos: 30
22:27:18 : Group: Nikyta: pero tengo problemas con el plot
22:27:18 : Group: Leodagos: vamos al heli
22:27:33 : Group: Leodagos: publicaste en el facebook ?
22:27:43 : Group: Nikyta: no todabia no 
22:28:01 : Group: Nikyta: le voi a mandar un ticket
22:28:21 : Group: Leodagos: el pole tampoco te lo deja sacar ?
22:28:34 : Group: Nikyta: no
22:28:53 : Group: Nikyta: por eso no pude seguir construyendo 
22:29:19 : Group: Leodagos: bueno entonces me ayudas ?
22:29:25 : Group: Leodagos: xq no vamos a poder construir ahi entonces
22:29:32 : Group: Nikyta: oki dale
22:29:55 : Group: Nikyta: ya le mande un ticket a ver si aparece xd
22:30:05 : Group: Leodagos: ves algo asi quiero hacer
22:30:46 : Group: Nikyta: una ves con mi grupo habiamos hecho una torre asi estaba buena
22:31:03 : Group: Nikyta: haciamos las misiones desde la torre jajaja
22:31:19 : Group: Leodagos: jaja debe haber sido cerca de gorka
22:32:05 : Group: Nikyta: que item presisas para pedir ayuda por la radio ?
22:32:14 : Group: Leodagos: me mataste
22:32:16 : Group: Leodagos: ni idea
22:32:19 : Group: Leodagos: :(
22:32:39 : Group: Nikyta: tenes ts ?
22:32:43 : Group: Leodagos: si 
22:32:47 : Group: Leodagos: qeres q vaya?
22:33:02 : Group: Nikyta: cuando bajes entramos xd asi es mas facil
22:33:47 : Group: Leodagos: voy al ts del server
22:55:18 : Side: Nikyta: admin ?
23:23:17 : Side: Nikyta: admin ?
