20:39:32 : Direct: Dexter: sos real?
20:39:36 : Direct: juandayz: im real
20:39:40 : Direct: Dexter: jajaja
20:39:48 : Direct: Dexter: prefectura jajaa
20:39:52 : Direct: juandayz: jaja
20:40:15 : Direct: Dexter: que onda estos autos no andan?
20:40:22 : Direct: juandayz: son decorado
20:40:35 : Direct: Dexter: ahh esta bueno esto que has echoo
20:40:39 : Direct: Dexter: cambio un poco el mod
20:40:41 : Direct: juandayz: este vende autos
20:40:58 : Direct: juandayz: este partes de autos
20:41:07 : Direct: Dexter: re buena onda
20:41:20 : Direct: juandayz: este compra oro
20:41:28 : Direct: juandayz: hero trade
20:41:44 : Direct: Dexter: armas y balas
20:41:45 : Direct: juandayz: wepon y ammo
20:41:51 : Direct: juandayz: air delear
20:42:11 : Direct: juandayz: hola lalo
20:42:17 : Direct: juandayz: este el bandit
20:42:21 : Direct: Dexter: joyya ajjaa
20:42:25 : Direct: juandayz: y aca otro bandit
20:42:37 : Direct: juandayz: yesteel wholesalerw
20:44:00 : Direct: Dexter: cual es el mercado negro
20:44:01 : Direct: juandayz: un aventon?
21:07:05 : Direct: juan p: gracias
21:08:36 : Direct: juan p: tienes epipen
21:08:51 : Direct: juan p: perdon morfina
21:36:32 : Direct: juandayz: hola
21:36:44 : Direct: juandayz: te dejo para tu camioneta :) cuidala
21:39:19 : Direct: juandayz: mira
21:39:42 : Direct: juandayz: :D
21:59:20 : Direct: juandayz: te sirve ese
22:00:01 : Direct: juandayz: ahi ta la llave
