00:50:34 : Group: Malmsteen: dale grupo
00:50:40 : Group: Malmsteen: para no matarnos
00:51:48 : Group: Jose Luis: no que solo estaban haciendo las de heroes
00:53:32 : Group: Jose Luis: estoy intentando buscar posicion
00:53:36 : Group: Jose Luis: estan metidos entre una sanja
00:54:02 : Group: =[666]=Pablo_RC: ya casi los tengo
00:54:14 : Group: Jose Luis: tu estas con heroes loco nosotros estamos en la roja
00:55:13 : Group: =[666]=Pablo_RC: jajajaja
00:56:12 : Group: Jose Luis: yo estoy a 1500 metros de ti
00:56:47 : Group: =[666]=Pablo_RC: ustedes estan todos tirando a la roja no¡?
00:56:56 : Group: Jose Luis: si
00:57:00 : Group: =[666]=Pablo_RC: ok
00:57:18 : Group: Jose Luis: ven algo chicos o apenas llegan?
00:58:13 : Group: =[666]=Pablo_RC: me cague todo!
00:58:20 : Group: Jose Luis: como?
00:58:54 : Group: Jose Luis: no los veo malms estan cerca mio?
01:02:28 : Group: Jose Luis: COMO ESTA LA POSICION DE USTEDES
01:03:11 : Group: Jose Luis: como esta la posicion de ustedes
01:03:14 : Group: Jose Luis: para saber a donde no ir
01:03:52 : Group: Jose Luis: yo pase por ahi donde esta night la posicion es mala-
01:04:08 : Group: Jose Luis: cuando tienes contacto ya los tienes en la cara
01:04:59 : Group: Jose Luis: lo dije
01:05:28 : Group: Jose Luis: que tal tu posicion malms
01:06:11 : Group: Jose Luis: .
01:07:54 : Group: Malmsteen: JOSE LUIS PORQ TAN LEJOS
01:08:06 : Group: Jose Luis: me estoy acercando de atras
01:09:03 : Group: Malmsteen: no me da invite
01:29:03 : Group: Jose Luis: SABRI VA A LOLOCO Xd
01:29:56 : Group: SabryBCE: quien me saco mi llave y mis otras cosas?
01:30:07 : Group: Jose Luis: NADIE SE HA ACERCADO A TU CUERPO
01:30:09 : Group: Jose Luis: NO QUE YO SEPA
01:31:38 : Group: Jose Luis: BUENAA
01:31:41 : Group: Jose Luis: VOY POR MI COCHE
01:35:00 : Group: Jose Luis: escucho disparos
01:35:53 : Group: Jose Luis: ey night
01:38:19 : Group: Jose Luis: de donde vienen los disparos
01:43:13 : Group: Jose Luis: nada era 
01:45:55 : Group: Jose Luis: NO SE QUE CARAJO SEA
01:46:18 : Group: Jose Luis: UY
02:28:11 : Group: Jose Luis: de nada men
02:28:18 : Group: Jose Luis: una lastima que no pudimos hacer mucho con la mision
02:28:47 : Group: Jose Luis: hasta lueg
02:29:02 : Group: Jose Luis: quien anda en ese mini heli
