02:56:16 : Direct: Leyva: eres hero o bandit o algo asi?
02:56:25 : Direct: Leyva: tengo un amunicion que creo que no puedo vender xd
02:56:43 : Direct: Leyva: aun tengo 3k de humandiad es a los 5 para hero creo
02:58:25 : Direct: Leyva: nop traigo una coca xd
05:15:10 : Direct: Leyva: jajaja
05:15:15 : Direct: Leyva: esta en el carrito rojo 
05:15:22 : Direct: Leyva: la maleta
17:08:26 : Direct: Leyva: que hacs viejo?
17:51:57 : Direct: Leyva: no te anda lento jinx?
18:49:41 : Direct: Azrael1x: juan?
19:27:58 : Direct: Leyva: es tardado?
19:28:08 : Direct: JiNX: si, bastante
19:30:12 : Direct: Leyva: cuanto vale en tienda estas cosas xD?
19:30:25 : Direct: JiNX: 10.000 cada una
19:31:02 : Direct: Leyva: ire av ender xD
19:31:08 : Direct: Leyva: creo que comrpando es mas rapido jaja
19:31:15 : Direct: Leyva: andan con lso 12k de sandre?
19:31:24 : Direct: JiNX: si
19:31:39 : Direct: Leyva: sale nos vemos
19:31:58 : Direct: JiNX: nos vemos
23:34:49 : Direct: Roger: lindo chumbo
23:41:19 : Direct: [Amish]Churro: 9915
