16:13:49 : Direct: juandayz: bien :)
16:14:08 : Direct: Leodagos: juan
16:14:12 : Direct: juandayz: viste el humvie nuevo de los terroristas?
16:14:18 : Direct: Leodagos: ningun vendor vende metal floor hecho ?
16:14:26 : Direct: juandayz: nop
16:14:28 : Direct: Leodagos: ok
16:14:31 : Direct: Leodagos: ty
16:14:36 : Direct: juandayz: scrap y pole no mas
16:14:41 : Direct: Leodagos: yes
16:15:10 : Direct: MaxBraian: que avias dicho de los terros ?
16:15:12 : Direct: MaxBraian: juan
16:20:48 : Direct: MaxBraian: chau juan
16:31:45 : Direct: galle: hola
16:31:47 : Direct: galle: muuu
16:32:41 : Direct: galle: juan
16:32:47 : Direct: galle: las balas de heli se venden?
16:33:55 : Direct: Pampita: mis viejos amigos
16:37:16 : Direct: juandayz: q contas de bueno
16:37:29 : Direct: Pampita: trolo
16:37:32 : Direct: juandayz: q nato quiere este
16:37:38 : Direct: Pampita: stanag
16:37:41 : Direct: Pampita: 30 rounds
16:37:43 : Direct: Pampita: son las nato
16:37:52 : Direct: Pampita: a ver si lees el steam pedazo de puto
16:37:57 : Direct: juandayz: a ver
16:38:00 : Direct: Pampita: me voy a matar giles chau
16:40:53 : Direct: Juan: Nighty
16:41:17 : Direct: Juan: juanl22
17:12:28 : Direct: juandayz: q es de mision este no?
17:12:44 : Direct: juandayz: nop no se vende chicos
17:12:51 : Direct: sRulo: T-T
17:13:05 : Direct: galle: :/
17:43:45 : Direct: Pampita: gil
17:43:46 : Direct: Pampita: y esto
17:44:11 : Direct: Pampita: lo agregste vos_
17:44:33 : Direct: juandayz: es el su34
17:45:11 : Direct: Pampita: q es esto gil
17:46:50 : Direct: Pampita: de donde salio este
17:46:53 : Direct: Pampita: lo pusiste vos
17:47:39 : Direct: Pampita: aa que cuando e queda sin nafta aterriza
17:48:12 : Direct: Pampita: ok
17:48:17 : Direct: Pampita: le voy a tirar a aquel gil
20:31:04 : Direct: reconnect: donde esta la trola?
