00:11:07 : Side: Jose Luis: buenas
00:11:12 : Side: Jose Luis: .
00:50:09 : Side: Jose Luis: oye porque te saliste del grupo
00:50:55 : Side: Malmsteen: invitame
00:51:00 : Side: Jose Luis: ya
00:55:27 : Side: Malmsteen: jhonny
01:15:37 : Side: ChakalMDP: Buenas!
01:15:48 : Side: Jose Luis: hola chakal
01:16:03 : Side: ChakalMDP: Como va?
01:19:19 : Side: ChakalMDP: Soy nuevo en el servidor y no tuve tiempo de ver las reglas a fondo. Algunas cosa muy esencial que deba saber?
01:20:01 : Side: Jose Luis: en este server puedes cultivar tu comida tener animales y todo
01:20:21 : Side: Jose Luis: la unica regla que tengo entendido que hay es no ser grosero ni hacer comentarios rascistas
01:21:11 : Side: ChakalMDP: Buenisimo, habia leido algo de eso ni bien entraba al server, me llamo mucho la atencion eso de poder ser una suerte de "Granjero"
01:31:55 : Side: Jose Luis: maldito internet
01:32:07 : Side: Malmsteen: domnde quedaste
01:32:26 : Side: Jose Luis: mirame en el mapa
01:33:10 : Side: Jose Luis: me recogen por favor
01:33:29 : Side: ChakalMDP: Juegan en partys?
01:33:43 : Side: Jose Luis: si chakal
01:34:05 : Side: ChakalMDP: Oh, y yo que pensaba que era al estilo de todos contra todos
01:34:33 : Side: Jose Luis: se puede pero estamos haciendo misiones
01:34:59 : Side: ChakalMDP: Buena onda, les molesta si me les uno?
01:35:12 : Side: Jose Luis: que opina la crew?
01:35:27 : Side: NightdeadBCE: yo no me opongo
01:35:57 : Side: Jose Luis: seguro que no nos vas a matar?
01:36:10 : Side: Malmsteen: queremos una prueba de amor
01:36:18 : Side: Jose Luis: recuerda que somos mas :3
01:36:19 : Side: ChakalMDP: Un par de veces nomas, dsp sup´pongo que me aburro :D
01:37:21 : Side: ChakalMDP: No se si le puedo confiar mi amor... Primero tenemos que conocernos un poco
01:37:41 : Side: Jose Luis: no eres facil xD
01:37:52 : Side: Jose Luis: aceptas rosas?
01:37:57 : Side: Malmsteen: no me fio huele a q nos matara
01:38:02 : Side: ChakalMDP: Y, sino donde esta la diversion ;)
01:38:13 : Side: ChakalMDP: Puede ser, vienen con bombones?
01:38:47 : Side: ChakalMDP: Ey!, son tres contra un bambi que recien entra al server, no puedo hacer mucho daño que digamos
01:39:14 : Side: Jose Luis: 4
01:40:11 : Side: ChakalMDP: Con mas razon!, ademas este juego solo es un tanto aburrido
01:40:31 : Side: NightdeadBCE: si te aburre vete.
01:42:54 : Side: ChakalMDP: Seguramente si juego con gente buena onda un rato no me aburra :D
01:43:05 : Side: NightdeadBCE: van a vender todo
02:34:33 : Side: ChakalMDP: Spawnean vehiculos por el mapa?
02:34:50 : Side: Jose Luis: solo vehiculos destruidos
02:34:59 : Side: Jose Luis: para que tu los remuevas y ganes partes
02:35:07 : Side: NightdeadBCE: yo me voy 
02:35:10 : Side: NightdeadBCE: tengo que ir a dormir
02:35:13 : Side: NightdeadBCE: chau cuidese jose t.t
02:35:16 : Side: NightdeadBCE: gracias por todo.}
02:35:20 : Side: Jose Luis: dale night luego jugamos 
02:36:15 : Side: ChakalMDP: Que lastima, al menos stary sigue vendiendo vehiculos?
02:36:29 : Side: Jose Luis: se venden en mercado central
02:36:32 : Side: Jose Luis: o antena 4
02:37:43 : Side: ChakalMDP: Gracias por la info, ya me estaba haciendo pequeño viaje a Stary
02:37:53 : Side: Jose Luis: muerte fija
02:37:57 : Side: Jose Luis: mucho z 
02:38:16 : Side: ChakalMDP: Por eso me habia llamado la atencion el nombre en el mapa
02:42:57 : Side: ChakalMDP: Le cai muy mal a tu compañero?
02:43:03 : Side: Jose Luis: no 
02:43:04 : Side: Jose Luis: xD
02:43:09 : Side: Jose Luis: solo desconfia
02:43:24 : Side: ChakalMDP: Jajaja, debe ser porque no me conoce en lo absoluto
02:43:42 : Side: Jose Luis: en dayz es dificil confiar en alguien
02:43:42 : Side: ChakalMDP: Pensaba haberle dado esa impresion
02:44:12 : Side: ChakalMDP: Si, en párte es verdad, pero si no te arriesgas como haces aliados?
02:44:33 : Side: Jose Luis: exacto
02:44:33 : Side: ChakalMDP: Ademas, si te traicionan ya sabes en quien no confiar, no?
02:46:54 : Side: ChakalMDP: Vamos de mision dsp del restart?
02:47:04 : Side: Jose Luis: dale yo estoy matando unos mientras se hace el restart
02:48:51 : Side: Jose Luis: ya baje a 5
02:49:14 : Side: ChakalMDP: de la ia?
02:49:28 : Side: Jose Luis: si de la mision que hay
02:50:11 : Side: ChakalMDP: A mi me limpiaron un par con un vehiculo montado
02:50:38 : Side: Jose Luis: bandidos
02:50:57 : Side: ChakalMDP: Eso mismo... Para colmo estan pegados a una mision humanitaria
02:51:49 : Side: Jose Luis: tu estas en mision
02:51:58 : Side: Jose Luis: estoy apuntanto a uno y dice survivor
02:52:02 : Side: ChakalMDP: No, recien llego a zona 4
02:52:05 : Side: Jose Luis: quiero saber si eres tu
02:52:29 : Side: ChakalMDP: Mi personaje es pelado, para identificarlo mejor jaja
02:52:55 : Side: Jose Luis: eran bandidos
02:52:59 : Side: Jose Luis: pero decia survivor
02:53:01 : Side: Jose Luis: ya mate 9
02:53:11 : Side: ChakalMDP: Que raro...
02:53:27 : Side: ChakalMDP: Vas bastante bien!, me imagino que estas muy bien armado con un sniper
02:53:55 : Side: Jose Luis: si y si no eres traicionero te puedo ayudar
02:54:18 : Side: ChakalMDP: Entonces nos vamos a llevar muy bien! jaja
02:54:51 : Side: Jose Luis: creo que ya mate a todos los bandidos de la mision
02:55:04 : Side: Jose Luis: pero mejor me quedo aqui porque me da miedo que me maten justo antes del reinicio
02:55:33 : Side: ChakalMDP: Se
02:55:57 : Side: ChakalMDP: El dinero se pierde cuando uno muere?
02:56:01 : Side: Jose Luis: mejor no arriesgar
02:56:17 : Side: Jose Luis: no ... te acercas a tu cuerpo y le das check wallet te aparece en rojo
02:56:38 : Side: ChakalMDP: Ah, genial!, y no, es mejor no arriesgarse
02:56:47 : Side: ChakalMDP: De a mas si es mas seguro
02:57:50 : Side: Jose Luis: que lastima que pongan la mision justo en el restart
02:58:11 : Side: ChakalMDP: Si, una pena, igual entramos y hacemos la que este
02:58:25 : Side: Jose Luis: ojala continue esta
02:58:47 : Side: ChakalMDP: Cual es la recompensa?
02:58:54 : Side: Jose Luis: una caja de armas
02:59:03 : Side: ChakalMDP: cool!
02:59:14 : Side: ChakalMDP: Nos vemos a la vuelta del restart!
02:59:15 : Side: Jose Luis: salte para que guarte lo ultimo que haces
03:07:04 : Side: Jose Luis: que lastima hombre
03:08:15 : Side: ChakalMDP: Ahora si!
03:40:37 : Side: Jose Luis: ya
13:27:30 : Side: Jose Luis: que pasa mariow
13:27:40 : Side: Jose Luis: ahi tengo tu dinero
14:20:25 : Side: Jose Luis: cuantos viste que faltaban
14:21:33 : Side: Jose Luis: no viste cuantos faltaban?
14:23:33 : Side: [DMN]-Mario: creo que 5 bots y las metrallas
14:23:44 : Side: [DMN]-Mario: mate una
14:23:52 : Side: Jose Luis: y son dos
14:23:59 : Side: [DMN]-Mario: la otra esta del lado de aero 
14:24:45 : Side: Jose Luis: tengo posicion de tiro
14:25:04 : Side: [DMN]-Mario: conrtui tu cobertura si podes
14:25:22 : Side: Jose Luis: no deja por el aero
14:25:45 : Side: [DMN]-Mario: el mejor tiro tenes dondeyo mori
14:26:13 : Side: [DMN]-Mario: perdi la bici lpm
14:26:24 : Side: Jose Luis: te montaste antes de terminar de hacerla?
14:26:39 : Side: [DMN]-Mario: no sola
14:26:53 : Side: Jose Luis: listo una metralla menos
14:26:54 : Side: [DMN]-Mario: estoy por krasno
14:28:34 : Side: Jose Luis: uh la puta
14:28:43 : Side: [DMN]-Mario: que paso
14:28:58 : Side: Jose Luis: todos estan listos para matarme
14:29:54 : Side: Jose Luis: maldito z
14:29:55 : Side: [DMN]-Mario: a mi me persiguen soldados y heli
14:30:26 : Side: Jose Luis: estoy desangrandome y no me pudo curar porque si me paro adios
14:31:46 : Side: Jose Luis: ya mate a 3 mas
14:33:10 : Side: [DMN]-Mario: estoy corriendo a full
14:33:10 : Side: Jose Luis: 1 mas
14:34:50 : Side: Jose Luis: mate otro
14:35:48 : Side: Jose Luis: ya lo vi
14:36:58 : Side: [DMN]-Mario: ya estoy cerca
14:37:32 : Side: [DMN]-Mario: no me mates
14:38:13 : Side: Jose Luis: mierda no lo veia
14:38:16 : Side: Jose Luis: solo queda uno
14:40:20 : Side: [DMN]-Mario: marca donde te mato
14:40:55 : Side: Jose Luis: estabamos frente a frente mate a otro asi
14:41:05 : Side: Jose Luis: y con z dandome
14:41:41 : Side: [DMN]-Mario: esta herido
14:41:47 : Side: Jose Luis: si creo
14:42:32 : Side: [DMN]-Mario: son dos
14:42:43 : Side: Jose Luis: carajo entonces lo deje herido y el otro esta bien
14:42:47 : Side: Jose Luis: pero si los vi caer
14:45:14 : Side: Jose Luis: actua ya men actua
14:45:24 : Side: Jose Luis: o perdere mis cosas
14:46:10 : Side: [DMN]-Mario: aytres mas
14:46:19 : Side: Jose Luis: agarra tu cuerpo
14:46:23 : Side: Jose Luis: tu cuerpo esta descubierto
14:46:51 : Side: Jose Luis: n pueden haber 3
14:46:54 : Side: Jose Luis: ya habia matado 16
14:48:35 : Side: Jose Luis: ve a por todas no hay mucho que perder
14:49:13 : Side: [DMN]-Mario: eran seis mas
14:51:51 : Side: [DMN]-Mario: quedan dos
14:52:01 : Side: Jose Luis: eran 2 men
14:52:03 : Side: Jose Luis: lo sabia
14:52:11 : Side: Jose Luis: intentare recuperar mis cosas
14:52:18 : Side: [DMN]-Mario: yo mate 4
14:52:49 : Side: [DMN]-Mario: ahora quedan dos
14:54:25 : Side: NightdeadBCE: :V
14:54:42 : Side: Jose Luis: recupere mis cosas
14:54:44 : Side: Jose Luis: me largo de aqui
14:54:50 : Side: NightdeadBCE: vete (?)
14:55:02 : Side: NightdeadBCE: acabo siempre me dejas ;-v
14:55:05 : Side: [DMN]-Mario: jaja
14:55:15 : Side: Jose Luis: ajajajaj
14:55:33 : Side: NightdeadBCE: como le van
14:55:40 : Side: [DMN]-Mario: mal
14:55:40 : Side: Jose Luis: re mal
14:55:43 : Side: NightdeadBCE: xq
14:55:49 : Side: NightdeadBCE: necesitan un sniper (?)
14:55:56 : Side: Jose Luis: se va a acabar el tiempo
14:55:59 : Side: NightdeadBCE: se
14:56:07 : Side: NightdeadBCE: a mi no me funcioanba
14:56:09 : Side: NightdeadBCE: e lsv
14:56:12 : Side: [DMN]-Mario: lavanta armas
14:56:22 : Side: Jose Luis: con esos dos ahi ni loco men
14:56:30 : Side: Jose Luis: espera intento darles
14:56:37 : Side: NightdeadBCE: 4 minutos
14:56:45 : Side: NightdeadBCE: luego acuerdse el tiempo en caminar y erecoger
14:56:50 : Side: NightdeadBCE: me invita a su grupo
14:56:55 : Side: NightdeadBCE: stoy solito.
14:56:56 : Side: Jose Luis: se perdieron las balas del franco
14:57:12 : Side: Jose Luis: hare la heroica
14:57:27 : Side: Jose Luis: cuanto perdiste men
14:57:41 : Side: Jose Luis: yo me fui acostado hasta mi cuerpo
14:58:17 : Side: Jose Luis: la mision mas dura que he hecho
14:59:07 : Side: Jose Luis: me quedo aqui ahora te ayudo mari
15:20:28 : Side: NightdeadBCE: me sali
15:20:32 : Side: NightdeadBCE: we
16:38:00 : Side: Jose Luis: hola mario regrese
16:38:16 : Side: [DMN]-Mario: hola
16:38:30 : Side: Jose Luis: vamos en helicoptero o el server se sta cayendo?
16:38:56 : Side: [DMN]-Mario: estoy cerca de la mision roja
16:39:25 : Side: Jose Luis: voy asi si atacas no desaparece
16:39:39 : Side: [DMN]-Mario: dale
16:40:10 : Side: Jose Luis: voy en heli?
16:40:22 : Side: [DMN]-Mario: mejor
16:41:59 : Side: Jose Luis: carajo no sirve la llave en mi helicoptero
16:50:06 : Side: [DMN]-Mario: estas cerca
16:50:15 : Side: Jose Luis: 5 km
16:54:04 : Side: [DMN]-Mario: demasiadas balas jaja
16:54:13 : Side: Jose Luis: te disparan mucho?w
16:54:27 : Side: [DMN]-Mario: si
16:54:28 : Side: Jose Luis: manda grupo
16:54:59 : Side: [DMN]-Mario: no tengo radio
16:55:13 : Side: Jose Luis: wtf
16:55:55 : Side: [DMN]-Mario: cuando reapareci lo hice sin nada
16:56:13 : Side: Jose Luis: que joda
16:57:28 : Side: Jose Luis: marcame donde estas
16:58:03 : Side: [DMN]-Mario: voy para ahi me estoy moviendo
16:58:21 : Side: Jose Luis: no te siguen?
17:05:58 : Side: Jose Luis: ahora si
17:23:29 : Side: Jose Luis: van 9 muertos
17:23:57 : Side: [DMN]-Mario: guarda una metralla m
17:24:00 : Side: Jose Luis: 11
17:24:19 : Side: Jose Luis: cae por aire men
17:24:35 : Side: [DMN]-Mario: refuerzos ojo
17:24:43 : Side: Jose Luis: donde no los veo
17:25:15 : Side: [DMN]-Mario: paracaidas
17:25:34 : Side: [DMN]-Mario: por todos lados
17:25:34 : Side: Jose Luis: no lo veo caer
17:25:43 : Side: [DMN]-Mario: solo caen 6
17:27:18 : Side: Jose Luis: otro muere
17:28:05 : Side: Jose Luis: mario
17:28:24 : Side: [DMN]-Mario: estoy a 2k
17:28:39 : Side: Jose Luis: quejeso
17:28:42 : Side: Jose Luis: xD
17:28:57 : Side: Jose Luis: men no saliste por aireo q
17:29:51 : Side: Jose Luis: cayo la otra metralleta
17:29:59 : Side: [DMN]-Mario: llego
17:30:10 : Side: Jose Luis: llego q
17:30:22 : Side: [DMN]-Mario: yo
17:30:28 : Side: Jose Luis: acepta grupo loco
17:30:29 : Side: [DMN]-Mario: jaja
17:31:51 : Side: Jose Luis: maldita sea casi te mato
17:31:55 : Side: Jose Luis: acepta grupo xD
17:35:49 : Side: [DMN]-Mario: voy de puntas de pie jeje
17:53:07 : Side: Jose Luis: BUSCALO 
17:59:04 : Side: Jose Luis: TU AGARRASTE EL BUCKET
17:59:58 : Side: Jose Luis: QUEDATE EN EL AUTO A VER
18:50:00 : Side: Jose Luis: mario
18:50:05 : Side: Azrael1x: hola holaaa
18:50:13 : Side: Jose Luis: hola azra
18:51:23 : Side: Jose Luis: maldita sea mams
18:51:31 : Side: Azrael1x: como va eso?
18:51:56 : Side: Jose Luis: bien todo bien tu
18:52:04 : Side: Azrael1x: bien bien :D
19:24:32 : Side: Malmsteen: YA VENGO
23:13:34 : Side: ChakalMDP: Buenas!
23:35:18 : Side: ChakalMDP: Hola Javier, hace mucho juegas?
23:35:42 : Side: Javier: hola
23:36:11 : Side: ChakalMDP: Hola!
23:36:21 : Side: Hans: hola
23:36:24 : Side: ChakalMDP: No D:
23:37:56 : Side: ChakalMDP: Hace mucho que juegas?
23:38:04 : Side: Javier: no
23:38:13 : Side: Javier: comense hoy
23:38:28 : Side: ChakalMDP: Yo ayer :D
23:40:01 : Side: ChakalMDP: Vos Han?
23:40:06 : Side: ChakalMDP: Hace cuanto que jugas?
23:42:52 : Side: ChakalMDP: Encontre un microfono!
23:46:49 : Side: ChakalMDP: SI quieres Javier armamos party y hacemos algunas busquedas
