19:13:54 : Side: Davi: Que haces hijo de re mil?
19:14:23 : Side: Hijo De Remil: buenas
19:14:37 : Side: Davi: Todo bien?
19:14:51 : Side: Hijo De Remil: sep, aprendiedo como es el server
19:15:29 : Side: Davi: bueno me alegro. cualquier cosa consultanos en la pagina
19:15:39 : Side: Hijo De Remil: sos admin?
19:16:04 : Side: Davi: Si si, pero no tengo acceso al server.
19:16:06 : Side: Hijo De Remil: despreocupate que no pido nada
19:16:40 : Side: Davi: jaja no hay drama, solo Juan tiene acceso al server- Yo manejo la pagina nomas y entro a ver como andan aca-
19:16:44 : Side: Hijo De Remil: mas que por ahi pedri solucion por algun bug
19:17:03 : Side: Davi: si no hay problema, para nada
19:17:09 : Side: Hijo De Remil: ahora por tratar de hacer una mision, mi primera
19:17:20 : Side: Davi: por donde andas?
19:17:47 : Side: Davi: yo estoy yendo a vibor a buscar comida porque juan me dejo en la nada jaja
19:18:12 : Side: Hijo De Remil: buscando la lockbox xq no me acuerdo dnd esta.. jaja
19:19:03 : Side: Davi: estas por hacer la del black hawk¡
19:19:06 : Side: Davi: ?
19:19:11 : Side: Hijo De Remil: sep
19:19:25 : Side: Hijo De Remil: con una svd.. 2000 tiros me voy a morfar.. jaja
19:19:59 : Side: Davi: jaja yo tengo un m24 con 5 balas jaja voy a vibor y alguno te ayudo a bajar
19:31:11 : Side: Hijo De Remil: no encuentro los bots...
19:31:16 : Side: Hijo De Remil: solo al de la m240
19:31:59 : Side: Davi: Deben estar patrullando, por lo general estan siempre en los descampados.
19:32:45 : Side: Davi: no se que arma tenias pero si ves al de la estatica tirale primero a ese porque te hace mierda
19:33:01 : Side: Hijo De Remil: estan muertos lso bots...
19:33:13 : Side: Hijo De Remil: estan torados en el piso
19:33:16 : Side: Hijo De Remil: muertos
19:33:26 : Side: Davi: ah joya entonces
19:33:47 : Side: Hijo De Remil: pero xq??
19:33:53 : Side: Hijo De Remil: si lo inicie yo al mapa
19:34:14 : Side: Davi: no habia nadie antes?
19:34:20 : Side: Hijo De Remil: nope
19:34:33 : Side: Davi: que raro, anda a saber.
19:36:30 : Side: Hijo De Remil: ah pero q corneta q soy
19:37:02 : Side: Hijo De Remil: habia perdido el quad
19:37:49 : Side: Davi: jaja yo me vine al airfield
19:41:25 : Side: Davi: puta madre tengo una mision en lajeta
19:43:50 : Side: Hijo De Remil: recien no saliio un amision ahi??
19:44:07 : Side: Davi: si por eso te digo justo en frente mio
19:44:15 : Side: Hijo De Remil: 2 en el mismo lugar?
19:44:47 : Side: Davi: no habia una en stary y salio una aca ahora
19:49:17 : Side: Hijo De Remil: si haces la mision de herores te saca humanidad ceirto?
19:49:23 : Side: Hijo De Remil: *cierto?
19:49:38 : Side: Davi: claro
19:50:01 : Side: Davi: che tenes razon
19:50:04 : Side: Davi: estan muertos
19:50:08 : Side: Davi: esta el de la estatica nomass
19:50:27 : Side: Hijo De Remil: aviasr al admin urgente
19:50:41 : Side: Davi: si despues le voy a avisar. se ve que el de la estatica los mato
19:50:58 : Side: Davi: debe ser de otra unidad
19:52:47 : Side: Hijo De Remil: una cosnsulta
19:52:55 : Side: Hijo De Remil: sabes si hay vetas de minerales??
19:53:17 : Side: Davi: creo que en el centro de comercio
20:03:54 : Side: Davi: por donde andas vos?
20:04:08 : Side: Hijo De Remil: yendo a ver que onda la cantera
20:04:21 : Side: Davi: ahaa bien
20:05:18 : Side: Hijo De Remil: wtf?
20:07:31 : Side: Davi: estaba buscando sangree en el hispi del airfield y me boleteraon jaja
20:07:49 : Side: Hijo De Remil: hay bots patrullando?
20:08:09 : Side: Davi: me parece que si porque me mande en bici por el medio y sone
20:08:18 : Side: Davi: estoy en vivor asique voy de nuevo jaja
20:08:51 : Side: Hijo De Remil: tenes idea de que es centro de manobras? en amarillo
20:09:23 : Side: Davi: no la verdad no tengo idea
20:09:42 : Side: Davi: este juan ah echo tantas ediciones que hasta un burdel puso
20:16:54 : Side: Hijo De Remil: hola leo
20:17:21 : Side: Leodagos: hola
20:52:54 : Side: MaxBraian: hola juan como va !
20:53:07 : Side: Juan: Que tal max!
20:54:47 : Side: MaxBraian: andamos en ts juan si queres.
21:14:05 : Side: MaxBraian: juan esta para bugera el mapa de nuevo con las misiones jaja
21:14:19 : Side: Juan: eh?
21:14:38 : Side: MaxBraian: te acordas del otro dia
21:14:57 : Side: MaxBraian: que se cayo el server en pleno mision terminada
21:15:25 : Side: Juan: ahhhh si
21:15:27 : Side: Juan: que cagada
21:15:28 : Side: Juan: dios
21:30:23 : Side: MaxBraian: che juan estas jugando solo ?
21:30:28 : Side: Juan: con amigos
21:30:39 : Side: MaxBraian: ah oka 
22:32:26 : Side: Juan: Estan en laguna mission?
22:32:52 : Side: MaxBraian: nop
22:52:52 : Side: Leodagos: vengan al ts
22:55:58 : Side: Leodagos: aceptame elparty brian
