01:12:25 : Side: Braian |Aspirante|: que contas jf
01:13:03 : Side: Braian |Aspirante|: soy maxbraian je
01:13:57 : Side: JF: por ahora todo bien construyendo max , si me acuerdo cambiaste la identidad jeje
01:14:48 : Side: Braian |Aspirante|: si por que estoy en una comunidad tactica de tvt y eso
01:15:25 : Side: JF: perdona mi ignorancia que es tvt
01:16:23 : Side: Braian |Aspirante|: ja yo tampoco sabia shh je pero es como pvp contra otros equipos
01:17:38 : Side: JF: ahhh y como entraste a la comunidad
01:18:57 : Side: Braian |Aspirante|: mi compa aca el leo que se le fue la luz gg jaja, estava metido en este y me contacte con uno de rango alto y de momento estoy en practica je
01:20:24 : Side: JF: ah mira que bueno , interesante porque yo juego porque me gusta nada mas pero ni idea de lo que me contas
01:20:55 : Side: Braian |Aspirante|: como no alcance a ver 
01:21:03 : Side: Braian |Aspirante|: je
01:22:11 : Side: JF: que te decia que es intereante lo que me contas porque yo juego por gusto nada mas pero no tenia ni idea de eso
01:23:17 : Side: Braian |Aspirante|: yo avia visto por arma 3 pense que no quedava ninguna de estas para arma 2 pero ahi muchas arg 
01:25:20 : Side: JF: si depende del server tambien por ahi capa que estan buenos pero no te dan los filtros de steam
01:25:36 : Side: Braian |Aspirante|: claro
01:27:01 : Side: Braian |Aspirante|: quedo el heli bloquiado lp
01:27:29 : Side: JF: por???
01:28:08 : Side: Braian |Aspirante|: w
01:28:08 : Side: JF: no habre tu llave?
01:28:34 : Side: Braian |Aspirante|: lo lockeo y se le cayo el inter o la luz jaa
01:30:06 : Side: JF: ahh ,no se que esta pasando pporque hace un rato como que se me bloqueo un mozzi que tengo y pense que me equivoque de llave
01:30:38 : Side: Braian |Aspirante|: ah mira
01:30:57 : Side: JF: pero despues segui probando y le apunte arriba medio al rotor y ahi recien desplego el menu y pude habrir
02:10:27 : Side: JF: saludo chino jajaja
02:11:02 : Side: Braian |Aspirante|: eh jeje
02:12:19 : Side: Leodagos: q onda brian
02:46:36 : Side: Leodagos: jf vos estas al sur ?
02:46:41 : Side: Leodagos: en el mapa
02:47:11 : Side: JF: maso menos si pero ahora wstoy en el trader
02:47:40 : Side: Leodagos: te salen la smisiones cerca delas bases ?
02:48:34 : Side: JF: no que yo sepa salen medios retirados 
03:45:12 : Side: JF: cambiaste la pilcha eh ..
03:46:16 : Side: JF: veni toma te doy este grador
03:46:43 : Side: JF: por ahi te sirve  yo ya tngo varios
12:16:17 : Side: JF: Hola Jejox ccomo estas..¡
12:16:27 : Side: Jej0x |Aspirante|: hola jf todo bien vos'
12:16:54 : Side: Jej0x |Aspirante|: hacemos misiones?w
12:17:31 : Side: JF: bien amigo bien un poco engripado nada mas jeje...
12:17:42 : Side: Jej0x |Aspirante|: a mi me duele un toque la garganta
12:18:28 : Side: Jej0x |Aspirante|: hacemos mla mision?
12:18:39 : Side: JF: Ja estamos en el horno unos cuantos ..
12:18:58 : Side: Jej0x |Aspirante|: seew
12:19:18 : Side: JF: bueno pero me estaba fijando
12:20:14 : Side: JF: y como que no salen , yo no puedo hacer las de heroes y por ahora es la unica
12:20:30 : Side: Jej0x |Aspirante|: porque mno?
12:21:00 : Side: JF: porque me baja la humanidad 
12:21:09 : Side: Jej0x |Aspirante|: me la chupa la humanidad
12:21:21 : Side: Jej0x |Aspirante|: tengo 3000
12:21:22 : Side: JF: jajajaaaaja
12:21:45 : Side: Jej0x |Aspirante|: nunca le di bola
12:21:56 : Side: JF: che vos no arias un trabajito para mi --
12:22:03 : Side: Jej0x |Aspirante|: cual?
12:22:28 : Side: JF: ahora te explico
12:23:11 : Side: JF: necesito partes de zombi nos encontrariamos en el trade cuando tengas la mercancia 
12:23:39 : Side: Jej0x |Aspirante|: cuantas queres?w
12:24:08 : Side: JF: por 25 partes te doy el equivalente a 5000 si te parece
12:24:19 : Side: Jej0x |Aspirante|: jajajaja
12:24:31 : Side: Jej0x |Aspirante|: no compro ni las balas de mi m24
12:24:57 : Side: JF: cuanto queres por 25
12:25:06 : Side: Jej0x |Aspirante|: 100000
12:25:12 : Side: Jej0x |Aspirante|: 10000
12:26:09 : Side: JF: diez mil las 30 aceptas?
12:27:24 : Side: Jej0x |Aspirante|: juan me das una mano aca
12:27:41 : Side: Jej0x |Aspirante|: veni y mira
12:28:36 : Side: JF: Jaajaaajaa gracias Juan como andas , vos siempre apareciendo de la nada ..
12:29:33 : Side: JF: yo estoy haciendo un esfuerzo por reactivar la economia y vos le pateas los negocios a Jejox ..
12:29:36 : Side: Jej0x |Aspirante|: dale juancito dame una manito en la mision
12:30:48 : Side: JF:  despues se quejan de este pais , xD jajaja....
12:30:50 : Side: Jej0x |Aspirante|: bueno si muero me traes denuevo?
12:31:21 : Side: JF: y Jejox aceptas el trato o no?
12:31:29 : Side: Jej0x |Aspirante|: si logro hacer la mision si
12:31:39 : Side: juandayz: q onda
12:31:44 : Side: Jej0x |Aspirante|: me matas a los bots?
12:31:52 : Side: Jej0x |Aspirante|: soy medio manco yo
12:32:03 : Side: juandayz: :S pero q necesitabas de ayuda?
12:32:13 : Side: Jej0x |Aspirante|: si con los forritos esos
12:32:36 : Side: Jej0x |Aspirante|: si muero me traes?
12:32:44 : Side: juandayz: ¬¬ te voy a matar me hiciste abrir todo el juego para q te mate los bots de la mision.. pense q era un bug o allgo
12:33:00 : Side: Jej0x |Aspirante|: si igual tengo otro bug
12:33:06 : Side: Jej0x |Aspirante|: te acordas de mi safe ayer
12:33:09 : Side: juandayz: si
12:33:12 : Side: Jej0x |Aspirante|: me sigue sin tomar la contrasñea-
12:33:19 : Side: Jej0x |Aspirante|: y no la piedp sacara
12:33:21 : Side: JF: jua jua jua jua
12:33:24 : Side: Jej0x |Aspirante|: no la puedo sacar
12:33:44 : Side: JF: che a mi me pasa lo mismo que se puede hacer
12:33:50 : Side: Jej0x |Aspirante|: son demasiados bots
12:33:52 : Side: Jej0x |Aspirante|: voy a morir
12:34:00 : Side: Jej0x |Aspirante|: encima son heroes
12:34:02 : Side: Jej0x |Aspirante|: disparan re bien
12:34:26 : Side: Jej0x |Aspirante|: un auto como escudo me vendria bien ahora
12:35:05 : Side: Jej0x |Aspirante|: porfa juan matamelos
12:35:07 : Side: Jej0x |Aspirante|: tengo miedo
12:35:26 : Side: Jej0x |Aspirante|: no es divertido ser un manco
12:35:32 : Side: JF: encima la embarre con la safe que se puede hacer
12:43:10 : Side: Jej0x |Aspirante|: naaaaa
12:43:12 : Side: Jej0x |Aspirante|: anda a cagar
12:43:16 : Side: Jej0x |Aspirante|: 1 mision que hago
12:45:15 : Side: Jej0x |Aspirante|: juan porfavor
12:45:20 : Side: Jej0x |Aspirante|: te lo suplico dame una mano
12:45:26 : Side: Jej0x |Aspirante|: no viste que en tiroteo ni 2 minutos dure
12:45:34 : Side: Jej0x |Aspirante|: s.soy un asco
12:45:34 : Side: juandayz: no te puedo matar los bots jejo, es trampa eso
12:45:41 : Side: Jej0x |Aspirante|: llevame con mis cossa plis
12:46:27 : Side: Jej0x |Aspirante|: eso si podes
12:46:49 : Side: juandayz: donde qeres q te lleve?
12:46:54 : Side: Jej0x |Aspirante|: con mi cuerpo
12:47:02 : Side: juandayz: marcalo en el mapa
12:47:28 : Side: Jej0x |Aspirante|: agarro mis cosas y me voy  ala mierda
12:47:33 : Side: Jej0x |Aspirante|: no sirvo para hacer misiones
12:47:34 : Side: JF: castillo Ros jaun me vine lejos por un problema  de amores con la aneta 
12:47:45 : Side: Jej0x |Aspirante|: jajaja
12:47:54 : Side: juandayz: pero marca tu cuerpo, no se donde esta :D
12:48:00 : Side: Jej0x |Aspirante|: lo marque
12:48:03 : Side: Jej0x |Aspirante|: dice "Aca"
12:48:13 : Side: juandayz: q puta no me sale, dame las coordenadas
12:48:42 : Side: Jej0x |Aspirante|: 109 068
12:49:17 : Side: Jej0x |Aspirante|: deja voy caminando
12:49:41 : Side: Jej0x |Aspirante|: me confundi por una
12:50:16 : Side: JF: jaajaja
12:50:30 : Side: JF: no 
12:50:36 : Side: JF: estas otra
12:51:04 : Side: JF: esas 
12:51:11 : Side: juandayz: ¬¬ mira donde la pusiste jaja
12:51:53 : Side: juandayz: ni si quiera me da la opcion de nada :D
12:52:05 : Side: JF: que cagada puse una y no me abrio y por cabezon le meti otra encima
12:52:26 : Side: JF: eso me paso desde el principio
12:52:56 : Side: Jej0x |Aspirante|: se reproducen los zombies
12:53:02 : Side: Jej0x |Aspirante|: digo los heroes
12:54:15 : Side: juandayz: nop
12:54:21 : Side: Jej0x |Aspirante|: parecira
12:54:24 : Side: Jej0x |Aspirante|: pareciera
12:54:48 : Side: Jej0x |Aspirante|: como puedo hacer para matarlos?
12:54:48 : Side: juandayz: no, aca estoy en el centro de la mision, son banda no mas
12:55:02 : Side: JF: jajajaja el cerrajero  me fallllo ..
12:55:30 : Side: juandayz: ahi te deje una safe pelootas  de trapo, trata de no ponerlas adentro de las paredes jajaja
12:55:52 : Side: juandayz: ni si quiera me deja borrarla de lo bugeada q la dejaste _D
12:56:18 : Side: JF:  pero viste que lugar genial ese deveria funcionar
12:56:18 : Side: juandayz: mata el cal 50 primero jejox
12:56:32 : Side: Jej0x |Aspirante|: no me carga la 9m y m tengo que curra
12:56:56 : Side: JF: gracias juan la dejo como decorado  entonces 
12:57:46 : Side: Jej0x |Aspirante|: me la re dieron
12:57:50 : Side: Jej0x |Aspirante|: y encima la 9m sd no me carga
12:57:56 : Side: Jej0x |Aspirante|: tengo que matar al zombie
12:58:21 : Side: Jej0x |Aspirante|: papa no me anda la 9m para matar al zomiie
12:58:25 : Side: Jej0x |Aspirante|: le tire ocn el m24
12:58:49 : Side: Jej0x |Aspirante|: ahora si
12:59:41 : Side: Jej0x |Aspirante|: tiran con todo
13:01:22 : Side: Jej0x |Aspirante|: zobmies de mierda
13:01:27 : Side: Jej0x |Aspirante|: te juro los odio
13:03:40 : Side: Jej0x |Aspirante|: voy  allorar
13:03:51 : Side: Jej0x |Aspirante|: te lo juro
13:04:01 : Side: Jej0x |Aspirante|: que juego de mirda
13:04:02 : Side: Jej0x |Aspirante|: loco
13:04:05 : Side: Jej0x |Aspirante|: no se puede hacer nada
13:05:32 : Side: Jej0x |Aspirante|: por este motivo dejo de jugar 3 meses 
13:10:36 : Side: juandayz: seguis renegando con la mision?
13:10:55 : Side: Jej0x |Aspirante|: se
13:11:14 : Side: juandayz: ahi le decimos al ejercito q te ayude
13:11:51 : Side: Jej0x |Aspirante|: ya perdi mi dignidad
13:12:14 : Side: Jej0x |Aspirante|: gracias ejercitow
13:13:44 : Side: Jej0x |Aspirante|: en los que?w
13:13:56 : Side: juandayz: en los humvies destruidos
13:18:04 : Side: Jej0x |Aspirante|: asi juan?
13:18:19 : Side: juandayz: e?
13:18:31 : Side: Jej0x |Aspirante|: mirame
13:18:48 : Side: juandayz: si
13:19:07 : Side: juandayz: despues la podes remover y salvas la bolsa de arena
13:19:20 : Side: Jej0x |Aspirante|: si no me cogen si
13:19:29 : Side: Jej0x |Aspirante|: zombies de mierda
13:19:34 : Side: Jej0x |Aspirante|: ahi baje al cal50
13:19:44 : Side: Jej0x |Aspirante|: pero estos zombies me van a joder un ratito
13:19:55 : Side: Jej0x |Aspirante|: enciima me quede sin balas ne la silenciada
13:20:20 : Side: Jej0x |Aspirante|: mira ahi me vienen a matar
13:20:36 : Side: Jej0x |Aspirante|: viene el ejercito?
13:20:44 : Side: JF: tenes muchos zombis cerca aprovecha y sacale las partes , no te olvides del trato
13:21:02 : Side: Jej0x |Aspirante|: lo que menos estoy pensando es en tu trato
13:21:31 : Side: Jej0x |Aspirante|: dame otra mano
13:21:37 : Side: Jej0x |Aspirante|: soy muy manco
13:22:11 : Side: Jej0x |Aspirante|: porfavor tierra tragame
13:22:24 : Side: juandayz: se fue el ejercito
13:22:26 : Side: Jej0x |Aspirante|: tengo a los bots alado mio
13:22:40 : Side: Jej0x |Aspirante|: muerto
13:23:08 : Side: Jej0x |Aspirante|: bots putos soy un asco
13:23:17 : Side: Jej0x |Aspirante|: conrazon la ctu me echo
13:24:45 : Side: Jej0x |Aspirante|: naaaa encima me robaron los bandidos o me la cago alguien
13:27:06 : Side: Jej0x |Aspirante|: bad gyt compaw
13:27:50 : Side: Bad Guy: buenas
13:27:58 : Side: Jej0x |Aspirante|: .estoy sufriendo con una mision
13:28:07 : Side: Bad Guy: JAJAJA entra ts wacho
13:28:15 : Side: Jej0x |Aspirante|: 4 veces mori ahora entrow
13:28:25 : Side: Bad Guy: cual mision??
13:41:40 : Side: Jej0x |Aspirante|: JUAN
14:03:36 : Side: JF: Ohh que bueno Juan ya tengo agua ..xD
14:30:31 : Side: Jej0x |Aspirante|: painful
15:29:42 : Side: [WG] SnakeGeneral: onde eu arrumo o 30m pra construi a casa ?
15:55:20 : Side: Bad Guy: che juan o chuky?
16:14:45 : Side: [WG] SnakeGeneral: what location for Wood Shack
16:23:12 : Side: Kirito: HOLAS
16:27:48 : Side: Kirito: DIJE HOLA CHE 
17:11:13 : Side: [WG] SnakeGeneral: adm anark used hack
17:11:41 : Side: AnarKo: ¿¿ hack ? ?? stupid ignorant !
17:13:16 : Side: AnarKo: y malagradecido ademas
17:14:49 : Side: AnarKo: hablan español or only english ?
17:16:39 : Side: AnarKo: por si hablas español.. no les robè el pole plot ni ocultè su cuerpo
17:17:11 : Side: AnarKo: solo le quitè el dinero, andaba algo corto
17:17:38 : Side: AnarKo: su heli era grande y se ve de lejos aterrizar.. fue facil
17:18:07 : Side: chilesito: buenass
17:18:12 : Side: AnarKo: buenas
17:21:40 : Side: [WG] SnakeGeneral: np 
19:53:18 : Side: Jej0x |Aspirante|: como hago una puerta de madera?
19:53:28 : Side: Jej0x |Aspirante|: how to craft a woood door?
20:05:34 : Side: JF: Buenas gente..
20:05:36 : Side: Jej0x |Aspirante|: jf compaw
20:05:45 : Side: Jej0x |Aspirante|: bad guy me regalo su base
20:07:13 : Side: JF: jojo barbaro , podes mantenersela pero cuando el muera tenes que replantar los plot ahi es tuya definitivamente
20:08:55 : Side: Jej0x |Aspirante|: eu que necesito para craftear la puerta de madera
20:10:25 : Side: JF: no tengo idea..
20:28:14 : Side: Alan: BUENAS
20:28:28 : Side: Jej0x |Aspirante|: alan tood piola?
20:28:43 : Side: Alan: todo piola por suerte y vos
20:29:02 : Side: Jej0x |Aspirante|: todo piola aca acomodando la base
20:29:09 : Side: JF: Alan como estas , todo bien?
20:29:57 : Side: Jej0x |Aspirante|: quien anda en heli por el mercado?
20:30:02 : Side: Jej0x |Aspirante|: lo iba a bajar
20:33:01 : Side: Alan: quien esta haciendo misiones ?
20:33:15 : Side: Jej0x |Aspirante|: yo no pero en un rato capaz
20:33:23 : Side: Alan: ahh me podes venir a buscar
20:33:36 : Side: Alan: es q hice una mision y desaparecio el vehiculo
20:33:38 : Side: Alan: y quede a pata
20:42:59 : Side: Alan: como andas queridoo
20:43:42 : Side: JF: Buena como esta dotorrr ..
20:43:45 : Side: Alan: me alegro papa
20:43:46 : Side: Jej0x |Aspirante|: che juan como solucionamos lo de la safe de mierda esta?
20:44:03 : Side: Jej0x |Aspirante|: dale porfa
20:45:04 : Side: Jej0x |Aspirante|: che el 30m plot tira 30 metros para arriba y los costados?
20:45:40 : Side: Jej0x |Aspirante|: la tengo aca
20:45:50 : Side: Jej0x |Aspirante|: la necesito para guardar cosas la tengo alpedo
20:51:52 : Side: Alan: q son los DShKM 
20:52:04 : Side: Alan: LOS M134 7.62 NATO Y M2 MACHINE GUN ?
20:52:06 : Side: Jej0x |Aspirante|: cargadores de heli creo
20:52:15 : Side: Jej0x |Aspirante|: creo que son caros
20:52:22 : Side: Jej0x |Aspirante|: vendelos
20:52:46 : Side: Alan: OK GRACIAS JEJOX
20:53:12 : Side: Jej0x |Aspirante|: che juan cual es el limite de items en un plot?
20:57:06 : Side: Alan: te voy a cagar a tiro la concha de tu madreee !!
20:57:14 : Side: Fravilml: lol
20:57:15 : Side: Jej0x |Aspirante|: jajajaj re sacado
20:57:18 : Side: Alan: jaja
20:58:34 : Side: Fravilml: hola
20:58:37 : Side: Alan: hola
20:58:46 : Side: Alan: pera que vendo esto
20:58:52 : Side: Fravilml: d
21:07:54 : Side: Alan: en q parte vendo lasmuniciones de helicopteros _
21:08:20 : Side: Alan: los dshkm, m134 7.62 nato y m2 machine gun
21:08:36 : Side: juandayz: hero, bandit o antena 4
21:08:57 : Side: Jej0x |Aspirante|: antena
21:09:01 : Side: Jej0x |Aspirante|: pero para que?
21:09:04 : Side: Alan: donde esta bandit _
21:09:16 : Side: juandayz: al lado del medico
21:09:33 : Side: Jej0x |Aspirante|: pero para que preguntabas?
21:11:35 : Side: Alan: woo me hice 1 millon
21:11:47 : Side: Jej0x |Aspirante|: vendiste los dh?
21:11:59 : Side: Alan: si saque bastante de una mision
21:12:14 : Side: Jej0x |Aspirante|: cuanto te dieron por cada uno?
21:12:21 : Side: Alan: 7 5 2
21:12:27 : Side: Jej0x |Aspirante|: ah mierda
21:12:43 : Side: Jej0x |Aspirante|: juan podes mover objetos?
21:12:51 : Side: Alan: harry poter _
21:13:00 : Side: Jej0x |Aspirante|: jajaja es que puse mal un piso
21:13:10 : Side: juandayz: no, mover no
21:13:16 : Side: Jej0x |Aspirante|: leo putooo
21:13:20 : Side: Jej0x |Aspirante|: eliminar?
21:13:32 : Side: juandayz: con la barreta sacas los pisos
21:13:43 : Side: Jej0x |Aspirante|: es que lo puse ayer antes de morir
21:13:58 : Side: Jej0x |Aspirante|: entonces ahora no me sale la opcion
21:14:25 : Side: Jej0x |Aspirante|: avisame cuando estes aburrido y te muestro
23:11:40 : Side: JF: Heeee que pasa loco que cortan mf
23:12:01 : Side: Jej0x |Aspirante|: malll
23:14:36 : Side: JF: me cagaron la fogata con el corte ..
23:14:45 : Side: Jej0x |Aspirante|: jajja
23:16:30 : Side: JF: deci que todavia no le habia tirado el churrasco arriba que lo tiro..
23:16:47 : Side: Jej0x |Aspirante|: jaajjaa
23:16:56 : Side: Jej0x |Aspirante|: por un churrasco tanto bardo?
23:18:11 : Side: JF:  no es el churazco lo que vale es que te confias que el display te marca 45 todavia y si te agarra en el aire te haces bosta
23:22:48 : Side: Jej0x |Aspirante|: hellow
23:23:07 : Side: [WG] SnakeGeneral: adm why serve is down ?
23:23:27 : Side: Jej0x |Aspirante|: i dont know
23:23:44 : Side: JF: Hola admin 3
23:23:58 : Side: [WG] SnakeGeneral: ok
23:26:09 : Side: JF: Hola ,hola todo bien?
23:26:15 : Side: Jej0x |Aspirante|: no tood mal
23:27:00 : Side: JF: jaja callate vos que estas estrenando casucha nueva 
23:27:11 : Side: Jej0x |Aspirante|: no ves que estamos en un apolapscis? o como se escriba
23:27:19 : Side: Jej0x |Aspirante|: casucha de arriba
23:27:45 : Side: Jej0x |Aspirante|: me vino de arriba
23:27:48 : Side: Jej0x |Aspirante|: me cayo del cielo
23:29:12 : Side: JF: no pero todo buena honda men,  
23:29:18 : Side: Jej0x |Aspirante|: jajaja
23:29:19 : Side: Jej0x |Aspirante|: se
23:29:28 : Side: Jej0x |Aspirante|: me caes bien jf aunque no se tu nombre
23:30:28 : Side: JF: el caos siempre esta en todos lados no necesariamente tienen que aparecer zombis ..
23:30:45 : Side: Jej0x |Aspirante|: como en el gobierno de macri?
23:31:14 : Side: JF: nombre real jorge ..amigo
23:31:35 : Side: Jej0x |Aspirante|: nombre real agustin ..amigo
23:32:57 : Side: JF: en el de macri , cristina y mongoreto aurelio ya lo dice el tango "el que no afana es un gil"
23:35:14 : Side: Jej0x |Aspirante|: hasta mañana gente
23:35:26 : Side: Jej0x |Aspirante|: admin echame porque no puedo abrir
23:35:30 : Side: Jej0x |Aspirante|: el menu
23:35:38 : Side: JF: eh buen descanso jejox
23:36:30 : Side: Jej0x |Aspirante|: la puta madre del anti dupe este
23:42:06 : Side: Alan: buenas
23:42:52 : Side: JF: Alan como va, te curaste ya? 
23:43:25 : Side: Alan: nono, falta la operacion para que me cure jaja
23:43:37 : Side: JF: te mejoraste se dice ?
23:43:37 : Side: Alan: ahh de la gripe decis, sii ando mejor por suertee
23:43:52 : Side: Alan: o de q me mejore _ jajaw
23:43:57 : Side: JF: si eso 
23:45:28 : Side: JF: desconozco lo demas pero bue la mejor honda amigo y lo bueno de eso que te mimosean y te bañan las enfermeras hoo jojo..
23:45:49 : Side: Alan: jajaja 
23:45:57 : Side: Alan: pero me tengo que aguantar 2 clavos adentro de mi rodilla
23:46:01 : Side: Alan: no quiero ni pensar el dolor
23:46:04 : Side: Alan: encima mi novia me dejooo
23:46:07 : Side: Alan: justo ahora q me operan
23:47:41 : Side: JF: ya se le va pasar si te quiere de verdad, si no para que retener a alguien que no se lo merece... 
23:47:52 : Side: Alan: tenes toda la razon
23:48:08 : Side: Alan: es una hija de pta me dio mucha bronca lo que hizo
23:48:18 : Side: Alan: pero ma;ana viene una minita a mi casaaa !!! 
23:48:41 : Side: JF: che por ahi soy medio frontal pero a mi ya me paso por eso te digo lo que te digo
23:48:54 : Side: Alan: sii todos me dijieron lo mismo
23:49:04 : Side: Alan: pero tenes mucha razon delo que decis por q es asi
23:49:07 : Side: Alan: pero duele
23:49:14 : Side: Alan: por que estuve 3 a;os y no pense
23:49:17 : Side: Alan: que seria asi
23:49:35 : Side: JF: ja viste mintras tanto aguante natacha y la carpa del amor
23:50:01 : Side: Alan: jaja seee
23:50:30 : Side: JF: toma su tiempo , no te hagas mala sangre y pone buena cara al mal tiempo vieja...
