00:03:47 : Group: ADMIN: apreta Aceptar nico
00:05:53 : Side: N1c077: admin 
00:06:01 : Side: ADMIN: diga
00:06:12 : Side: N1c077: no puedo upgradear una pared 
00:06:59 : Direct: N1c077: esa de hay 
00:07:18 : Direct: N1c077: queres los mats 
00:07:25 : Side: ADMIN: cual
00:07:46 : Direct: ADMIN: a mi me deja
00:08:04 : Direct: ADMIN: no te sale la opcion?
00:08:05 : Direct: N1c077: si me sale la opcion pero cuando acepto sale un cartel 
00:08:16 : Direct: ADMIN: q te dice el cartel??=
00:08:25 : Direct: N1c077: unable to upgrade plot pole
00:08:33 : Direct: ADMIN: sos amigo del plot?
00:08:38 : Direct: N1c077: se
00:08:50 : Direct: ADMIN: a ver agregame al plot
00:08:51 : Direct: N1c077: esta afuera el pole
00:09:27 : Direct: N1c077: ta
00:10:11 : Direct: ADMIN: q raro
00:10:18 : Direct: ADMIN: toma como ageno el plot
00:10:20 : Direct: N1c077: no te deja 
00:10:40 : Direct: ADMIN: y asi no te va?
00:10:58 : Direct: N1c077: jajaj na espero q se conecte mi aimigo 
00:11:16 : Direct: ADMIN: toma te regalo una pared
00:11:17 : Direct: N1c077: cual es el limite de objetos 
00:11:20 : Direct: ADMIN: 150
00:11:21 : Direct: N1c077: ty
00:11:29 : Direct: N1c077: ok
00:43:23 : Side: PadreMavi: muchachos, una pregunta, hay alguna solución cuando te metes al server y se te queda la pantalla de carga pero escuchas moverse al personaje?
00:44:06 : Side: User: varias vezes acontece, eu uso control alt del e loggoff
00:44:48 : Side: N1c077: entrar en modo ventan aveces agarra pero nose cual sea la solucion 
00:49:00 : Side: PadreMavi: muchas gracias, hay algun ts de este server'
01:16:45 : Side: PadreMavi: user estas haciendo la misión ural attack?
01:16:55 : Side: User: nao
01:17:07 : Side: User: estou pilhando
04:10:54 : Side: N1c077: como se arreglaba lo de la pantalla de carga ¿
04:48:19 : Side: reconnect: hola
04:48:35 : Side: reconnect: vi tu bici
04:49:11 : Side: User: c:
04:49:20 : Side: reconnect: jejeje
04:49:32 : Side: reconnect: safe de pedo por lo que veo
04:50:17 : Side: reconnect: mozzi
04:59:05 : Side: reconnect: uff
04:59:08 : Side: reconnect: dont shoot
04:59:33 : Side: reconnect: se puede confiar en vos?
04:59:45 : Side: User: que passa
04:59:58 : Side: reconnect: esttas en el trader bandido y estoy llegando
05:00:34 : Side: reconnect: no tiene god mode 
05:01:49 : Side: reconnect: ok, eso es un no
05:02:00 : Side: User: hun?
05:43:36 : Side: reconnect: olor a que me quieren chorear el loot
05:44:11 : Side: vodka: quien ?
05:44:21 : Side: reconnect: ese
05:44:26 : Side: vodka: jaja
05:45:55 : Side: reconnect: el v22 donde lo vendo?
05:46:02 : Side: reconnect: aero ?
05:46:06 : Side: reconnect: del norte?
05:46:24 : Side: reconnect: User, si respawneaste, tu cuerpo esta intacto no te saque nada
05:46:29 : Side: vodka: proba en heroe porque en bandido no lo vi 
05:46:40 : Side: reconnect: soy bandido en humanidad: (
05:46:56 : Side: vodka: huua bajon
05:47:35 : Side: reconnect: User, si respawneaste, tu cuerpo sigue intacto
05:47:44 : Side: reconnect: solamente me cuide
05:47:52 : Side: vodka: fijate de ultima en bandido w
05:48:18 : Side: reconnect: voy a probar en el aero
05:50:39 : Side: reconnect: che User, disculpa, pero me estaba cuidando man...estaba looteando la mision
05:51:03 : Side: User: ha ok np
05:51:08 : Side: reconnect: no te saque nada
05:51:08 : Side: vodka: si no es gringo es br 
05:52:06 : Side: reconnect: User, i'm sry, i was keeping myself to safety
05:52:18 : Side: reconnect: User, desculpe, eu estaba cuidando meu. 
05:52:23 : Side: reconnect: alto idioma
05:52:25 : Side: reconnect: jajaj
05:52:29 : Side: vodka: jaja
05:53:12 : Side: reconnect: eu nao loot seu corpo. I didn't loot your body and mission bodies are still ther.
05:53:24 : Side: User: jaja
05:53:25 : Side: reconnect: peace :^*
05:55:39 : Side: reconnect: User, vc e br?
05:55:52 : Side: User: user br
05:56:45 : Side: reconnect: bembindo :) desculpa meu tiro...vc emtendera eu a la defensiva :)
05:57:11 : Side: User: eu achei que tinha uma mv22 sobrando
05:57:54 : Side: reconnect: ele mv22 era do mission eu finalizou
05:58:18 : Side: User: era mission
05:58:31 : Side: reconnect: eu nao sou enemigo, eu = friendly
15:06:33 : Side: Dexter: me tiro rooll back :(
15:07:08 : Side: Dexter: perdi todo lo que junte andate a la puta que te re pario
15:14:25 : Side: Dexter: admin estas?
16:04:22 : Side: Dexter: ad
17:17:08 : Side: Dexter: hola
17:17:26 : Side: rectodecerdo: buenas
19:05:59 : Side: Dexter: admin estas?
19:07:23 : Side: Dexter: vos sabes que me tiro roll back hoy y habia comprado 3 vehiculos la cual perdi las 3 key :/
19:08:08 : Side: Dexter: si sali pero por eso me parecio raro
19:08:16 : Side: Dexter: 2 min antes deslouee
19:10:25 : Side: Dexter: nono hoy los compre y las tenia en el cinturon las 3
19:13:28 : Side: Dexter: en el de las 2 
19:15:29 : Side: Dexter: ahh :(
19:16:51 : Side: Dexter: el coso que abre los autos nose puede comprar no?
19:17:46 : Side: Dexter: oks gracias
19:18:08 : Side: rectodecerdo: che, admin, por que està tan desequilibrado el tema de la humanidad?
19:18:24 : Side: rectodecerdo: matas un bandido y te da 5 e humanidad
19:18:35 : Side: rectodecerdo: matas un heroe y te saca como 200
19:19:29 : Side: rectodecerdo: bueno pero mayormente matas en las misiones
19:20:17 : Side: rectodecerdo: claro
19:20:22 : Side: rectodecerdo: ok
19:20:23 : Side: User: zumbi = 5?
19:24:22 : Side: Dexter: uuuuuuuuuuuuuuuuuuuu
19:24:32 : Side: Dexter: que pelotudo ajajajajajaj
19:25:11 : Side: rectodecerdo: q paso?
19:25:23 : Side: Dexter: nada nda _/
19:25:46 : Side: Dexter: saque las camionetas empujando para explotarlas afueara
19:25:50 : Side: Dexter: y volaron ajajaja
19:26:01 : Side: rectodecerdo: jeje
19:44:39 : Group: rectodecerdo: no seas idiota
19:44:46 : Direct: PadreMavi: jajaja
19:44:49 : Group: rectodecerdo: que hay boludos cerca
19:46:33 : Group: PadreMavi: no me deja
19:46:39 : Group: PadreMavi: se disparo solo
19:46:53 : Group: rectodecerdo: proba
19:47:30 : Group: PadreMavi: error me tira
19:47:39 : Group: rectodecerdo: pero yo estoy metido
19:48:04 : Group: PadreMavi: el ip pasame, pero es el de ayer...
22:31:53 : Direct: Detroxx96: su cachipun
22:37:52 : Group: folken: 2543
22:37:59 : Group: folken: 2543
