00:11:55 : Side: MaxBraian: che juan me ayudas con la humanidad ?
00:14:44 : Side: JF: HOLA TODOS !!
00:14:54 : Side: MaxBraian: como va jf !
00:15:00 : Side: Totoasd: buenas
00:15:14 : Side: MaxBraian: todo bien.
00:15:43 : Side: JF: como estan chicos ?  todo bien
00:15:57 : Side: MaxBraian: se se
00:18:46 : Side: MaxBraian: jf tas ocupado ?
00:19:12 : Side: JF: si aqui ando perdido jaja 
00:19:38 : Side: MaxBraian: ja ahi te mando grup
00:20:03 : Side: JF: no se que diablos pasaba que hace tres dias me quede fuera del server 
00:20:22 : Side: MaxBraian: como ยก
00:21:23 : Side: JF: parece que se habian borrado unos archivos y ya me estaba arrancando los pelos 
00:21:34 : Side: MaxBraian: jaja
00:37:56 : Side: MaxBraian: juan 
00:48:49 : Side: JF: como andas reco
00:49:13 : Side: JF: te viniste en bici ?
00:49:26 : Side: reconnect: toy pobre
00:49:37 : Side: JF: queres un camion?
00:49:47 : Side: JF: veni
00:49:50 : Side: reconnect: no gracias, vendi armas y tengo
00:50:00 : Side: reconnect: estoy buscando el trader bandido, no esta mas
00:50:04 : Side: reconnect: el de la punta
00:50:32 : Side: JF: see ahi lo ves
00:50:44 : Side: reconnect: no lo veo che
00:51:12 : Side: JF: este!!
00:51:12 : Side: reconnect: estaba aca pero desaparecio
00:51:31 : Side: reconnect: ah los unieron en uno?
00:51:36 : Side: reconnect: antes estaba acas
00:51:48 : Side: JF: se cambio la pilcha je
00:51:58 : Side: reconnect: jaja no no, habia uno aca afuera
00:52:04 : Side: reconnect: eran 2, uno de vehiculos y otro de armas
00:52:28 : Side: JF: a ese lo despdieron porque dormia con la oveja
00:52:33 : Side: reconnect: JAJAJAJA
00:52:48 : Side: MaxBraian: jaja
00:53:06 : Side: reconnect: che, viste que esta bugueado el taggin
00:56:31 : Side: JF: ahi hay una 
00:56:56 : Side: MaxBraian: para mi o rec ?
00:57:04 : Side: MaxBraian: je
00:57:41 : Side: JF: te decia a vos
00:57:49 : Side: reconnect: me jui besos en la cola
00:57:56 : Side: MaxBraian: vuela vuela se libre !!!!!!!!!!!!!!!!!!!!!!
00:59:44 : Side: JF: que municion usas 
01:32:05 : Side: reconnect: el antidupe me patio la concha desu madre
01:37:09 : Side: JF: no alcance a leer si podes repetime que decias
01:40:44 : Side: JF: reco no alcance a leer si podes repetir
01:43:57 : Side: reconnect: q onda
01:44:03 : Side: reconnect: ahora tengo la conexion estable
01:44:37 : Side: reconnect: y me patea algun admin? te decia que me patio el antidupe cuando estaba sacando de mi lockbox y se me cayo fiber. y ahora no se me cayo nada.
01:44:42 : Side: reconnect: pero me patearon igual wtf
01:45:37 : Side: reconnect: media pila
01:45:45 : Side: JF: no no se que es lo que pasa la verdad a  mi tampoco me dejaba subir y me decia que se me habian borrado archivos 
01:46:35 : Side: JF: lo que entendi que me parece que crea conflictos con el steam en el filtro porque tiene muchos mod 
01:46:40 : Side: reconnect: yo si se que me paso la primera vez
01:46:40 : Side: reconnect: pero ahora me patearon posta.
01:47:23 : Side: reconnect: hay un sistema que no te deja dupear, o sea, si vos te desconectas cuando estas trabajando con el gear te patea
01:47:42 : Side: reconnect: a mi me pateo por eso al principio, pero recien nada que ver, estoy juntando los cuerpos de una mision y me aparecio kicked.
01:48:20 : Side: JF: si algo parecido me paso tambien hace algunos dias
01:50:59 : Side: reconnect: bue
01:52:11 : Side: JF: que barbaro che aqui aparece el anuncio que se te vence el plazo de confirmacion de firma y que perdes la coneccion
14:24:18 : Side: JF: hola leo como estas?
14:24:30 : Side: Leodagos: hola jf todo bien
14:24:33 : Side: Leodagos: vos ?
14:25:03 : Side: JF: bien..
14:36:36 : Side: JF: por donde andas leo , tengo una camioneta que ya no me hace falta si la queres es tuya.
14:37:12 : Side: Leodagos: q camioneta ?
14:37:16 : Side: Leodagos: es
14:37:43 : Side: JF: SUV camel con llave en mano
14:37:46 : Side: JF: jaja
14:38:29 : Side: Leodagos: estoy looteando el airfield antes q reinicie
14:38:32 : Side: Leodagos: vos donde estas
14:38:45 : Side: JF: si te interesa estoy en el trader
14:39:01 : Side: Leodagos: bueno termino con este edificio y voy
14:39:23 : Side: JF: bueno 
14:42:58 : Side: Leodagos: espero llegar antes del reinicio
14:43:03 : Side: Leodagos: estoy en camino
14:44:02 : Side: JF: en que andas (veiculo)
14:44:12 : Side: Leodagos: kamaz
14:45:01 : Side: JF: veni tranqui nomas que hay tiempo
14:54:11 : Side: JF: todo bien?
14:54:22 : Side: Leodagos: sisi
14:55:02 : Side: Leodagos: gracias jf
14:55:09 : Side: Leodagos: q te vas a comprar ?
14:55:27 : Side: JF: ahi te dejo la llave y cuatro de oro por una reparacion suerte 
14:55:55 : Side: Leodagos: q te vas a comprar para anmdar x ahji ?
14:56:14 : Side: JF: no se todavia talves una igual pero 2016 jajaa
14:56:26 : Side: Leodagos: ajajja aa andas bien vos
14:57:07 : Side: JF: todo a fuerza de chatarra y latas desconocidas jajaja
14:57:19 : Side: Leodagos: zombie parts
14:57:20 : Side: Leodagos: jaja
14:57:52 : Side: JF: si tambien pero le cayo mal al pelado  jajaja
14:58:06 : Side: Leodagos: jaja
14:58:27 : Side: Leodagos: me salgo al lobby
14:58:32 : Side: Leodagos: gracias denuevo
14:58:40 : Side: JF: che si necesitas alguna cosa no te hagas problemas  si puedo te ayudo
14:58:50 : Side: Leodagos: dale vos =
22:49:31 : Side: Bad Guy: algun adm on?
