22:28:11 : Vehicle: [Sucios]Juandayz: agarra la bifurcacion
22:28:29 : Vehicle: [Sucios]Juandayz: o corta por el pasto
22:28:32 : Vehicle: [Sucios]Juandayz: lo mismo
22:28:46 : Vehicle: [Sucios]Juandayz: segui por este
22:29:23 : Vehicle: [Sucios]Juandayz: en el ramal corta por el pasto 100mts derecho
22:30:09 : Vehicle: [Sucios]Juandayz: cuando ves la ruta, dale a la derecha, esta aca no mas
22:30:32 : Vehicle: [Sucios]Juandayz: aca no estan las chicas gil
22:30:36 : Vehicle: [Sucios]Juandayz: en stary estan
22:31:08 : Vehicle: [Sucios]Juandayz: pasa de largo el cruze
22:31:47 : Vehicle: [Sucios]Juandayz: y ese
22:36:57 : Vehicle: [Sucios]Juandayz: busqemos
22:37:12 : Vehicle: [Sucios]Juandayz: por ahi da para cambiar esata por un lil bird
23:34:12 : Vehicle: [Sucios]Juandayz: esta suv te la spawneaste a mi no me cagas jaja
23:34:32 : Vehicle: Hawk: permisoooo
23:34:42 : Vehicle: Hawk: no lo marco en el mapa
23:34:44 : Vehicle: Hawk: wtf
23:34:51 : Vehicle: [Sucios]Juandayz: si esta en el airfield
23:34:51 : Vehicle: Hawk: ahi
23:35:14 : Vehicle: [Sucios]Juandayz: debe estar con lalo
23:38:23 : Vehicle: Hawk: tiene admin el?
23:38:29 : Vehicle: [Sucios]Juandayz: si
23:38:55 : Vehicle: [Sucios]Juandayz: ya debe tener una base de 8 pisos jajaj
23:39:10 : Vehicle: Hawk: nos va a re cagar a tiros antes que lleguemos
