00:54:39 : Side: Jose Luis: hola
01:04:31 : Side: Jose Luis: algun admin
01:05:03 : Side: Agustin: ahora no
01:05:11 : Side: Jose Luis: que tal todo bien
01:05:51 : Side: Agustin: bieen todo bien
01:20:36 : Side: Jose Luis: me asustaste loco
01:20:38 : Side: Jose Luis: casi te mato
01:20:46 : Side: Agustin: quien?
01:20:56 : Side: Jose Luis: sirfes agus 
01:21:07 : Side: Jose Luis: estoy en casa y aparece dentro de casa un tipo vestido de bandido
01:21:08 : Side: Jose Luis: jajajaaj
01:21:19 : Side: Agustin: aaa pense que eramos 2 nada mas jajaja
01:21:28 : Side: Jose Luis: acaba de entrar aparecio
01:22:41 : Side: Agustin: que son las ciudades verdes?
01:23:01 : Side: Jose Luis: comercios
01:23:10 : Side: Jose Luis: antena 4 comercio central y comuna hipie
01:23:20 : Side: Jose Luis: y los puntos verdes son los puntos donde para el vendedor ambulante
01:23:29 : Side: Agustin: aaaa esta bien, gracias
01:23:42 : Side: Jose Luis: de nada men 
04:28:59 : Side: Jose Luis: ponte de chofer a ver
04:29:22 : Side: Jose Luis: espera
04:45:46 : Side: Jose Luis: ey
04:45:49 : Side: Jose Luis: en cual te vas
04:46:05 : Side: Jose Luis: necesitas algo mas
04:46:08 : Side: Jose Luis: camos o algo
05:35:46 : Side: Jose Luis: van 5
05:36:43 : Side: Jose Luis: me estan rodeando loco
05:37:04 : Side: Sirfes-AR: voy
05:37:19 : Side: Jose Luis: acepta grupo
05:39:00 : Side: Sirfes-AR: te rodean?w
05:39:07 : Side: Sirfes-AR: en el edificio?
05:43:27 : Side: Sirfes-AR: 5 objetivos
05:43:45 : Side: Sirfes-AR: una m2
05:44:32 : Side: Sirfes-AR: ya no tienen m2
05:48:28 : Side: Sirfes-AR: aqui
05:54:10 : Side: Sirfes-AR: toma mi rifle
05:56:48 : Side: Sirfes-AR: mira este heli
05:56:53 : Side: Sirfes-AR: carga las cosas aqui
05:57:17 : Side: Jose Luis: se pierde en el restart
05:57:20 : Side: Sirfes-AR: si?
05:57:25 : Side: Jose Luis: si desaparece
05:57:52 : Side: Jose Luis: carga lo mas caro
05:58:08 : Side: Jose Luis: este tiene una m8 es cara agarrala
05:58:12 : Side: Jose Luis: yo tengo los franco
05:58:34 : Side: Sirfes-AR: tengo un Javelin O.O
05:58:40 : Side: Jose Luis: wtf
18:40:03 : Side: [DMN]-Mario: hola azrael
18:40:13 : Side: Azrael1x: hola mario todo bien?
18:40:37 : Side: [DMN]-Mario: todo tranki ..estas en mision
18:40:55 : Side: Azrael1x: nope estoy llendo para el mercado
18:41:40 : Side: [DMN]-Mario: ok voy a la mision de bandidos
18:42:28 : Side: Azrael1x: dale capaz que vaya despues
18:42:34 : Side: [DMN]-Mario: listo
18:54:12 : Side: [DMN]-Mario: bue desaparecio la mision 
18:54:34 : Side: Azrael1x: see
18:54:41 : Side: Azrael1x: voy para la pick up
18:54:51 : Side: [DMN]-Mario: pero me encontre un plot de construccion
18:55:16 : Side: Azrael1x: algo es algo jaja
18:56:25 : Side: Azrael1x: bue lpm
18:56:38 : Side: [DMN]-Mario: jaja
18:57:25 : Side: [DMN]-Mario: ay que esperar que aparezca algo
18:57:33 : Side: [DMN]-Mario: yo ando en heli
18:58:01 : Side: Azrael1x: si espero que aparesca rapido
18:58:17 : Side: Azrael1x: yo en bici jaja ni daba pa sacar las cosas
19:00:52 : Side: [DMN]-Mario: antes del restar hice la mision de la mansion
19:01:11 : Side: Azrael1x: y te dio algo bueno?
19:01:28 : Side: [DMN]-Mario: 470mil entre armas y cosas que vendi de ahi bien
19:01:52 : Side: Azrael1x: si bastante para ser mision
19:02:04 : Side: [DMN]-Mario: era de la roja
19:02:52 : Side: Azrael1x: el otro dia hice la del uh creo que era y me dio 50 mil o algo asi por el heli
19:02:59 : Side: Azrael1x: era mejor que me lo quede jaja
19:03:04 : Side: [DMN]-Mario: la hice a mil metros mas o menos ,,,con una buena sniper ni te tiran los bots
19:03:26 : Side: Azrael1x: see ya a partir de los 700 les cuesta creo
19:04:32 : Side: [DMN]-Mario: ahora que soy heroe pense que tenia algun beneficio
19:04:53 : Side: Azrael1x: no tienen mejores cosas?
19:05:08 : Side: [DMN]-Mario: la municion de mi sniper sale 10mil cada cartucho de 5
19:05:19 : Side: Azrael1x: l11?
19:05:30 : Side: [DMN]-Mario: l115
19:06:14 : Side: [DMN]-Mario: recien looteando encontre una ksvk
19:06:21 : Side: Azrael1x: de esos da bastante ahi en lo de krasnotav,yo tengo 7 l115 en la base jaja
19:06:55 : Side: [DMN]-Mario: son buenas pera la municion cara
19:07:29 : Side: [DMN]-Mario: no quiere largar mision el server
19:07:33 : Side: Azrael1x: si son una masa,lastima tambien que los cargadores son muy chicos
19:07:42 : Side: Azrael1x: che
19:07:54 : Side: Azrael1x: vamos ahi donde te digo?
19:08:38 : Side: [DMN]-Mario: en donde
19:09:01 : Side: Azrael1x: el area militar arriba de krasnotav
19:09:23 : Side: [T1ER]rabbit: ayudaaa
19:09:41 : Side: [T1ER]rabbit: tengo bots encima mio estoy desmallado
19:09:41 : Side: Azrael1x: que te paso conejoi?
19:10:12 : Side: Azrael1x: donde andas??
19:10:15 : Side: [DMN]-Mario: donde esta
19:10:23 : Side: [DMN]-Mario: jaja tarde
19:10:27 : Side: Azrael1x: XDD
19:11:01 : Side: [DMN]-Mario: voy al mercado
19:11:10 : Side: Azrael1x: dale
19:13:08 : Side: [DMN]-Mario: salio mision
19:13:36 : Side: Azrael1x: me voy a krasno con rabbit venite si queres
19:13:46 : Side: [DMN]-Mario: dale
19:13:56 : Side: [DMN]-Mario: manda grupo
21:32:41 : Side: ChakalMDP: Buenas!
21:32:50 : Side: Azrael1x: holas
21:33:09 : Side: ChakalMDP: Como va?
21:33:47 : Side: Azrael1x: todo bien y vos_
21:34:19 : Side: ChakalMDP: Aca andamos, respawneando, la ultima vez que entre se me bugueo el pj abajo de un piso
21:34:54 : Side: Azrael1x: jajaja que bajon
21:35:09 : Side: ChakalMDP: se, un garron, perdi todo lo que tenia para construiir
21:37:46 : Side: ChakalMDP: Deci igual que no tenia plata encima
21:38:19 : Side: Azrael1x: y eso para cortarse las bolas jaja\
21:40:53 : Side: ChakalMDP: Alguna idea quien vende palas?
21:41:35 : Side: Azrael1x: en el mercado,creo que el de la lavadora de ropa o el otro hombre del costado.justo en el medio
21:41:48 : Side: ChakalMDP: Joya, ahi me fijo
21:41:51 : Side: ChakalMDP: Gracias
21:42:02 : Side: Azrael1x: /no problemo
22:12:51 : Side: ChakalMDP: Hola Rabbit, de donde sos?
22:13:07 : Side: [T1ER]rabbit: argentima viejo vos???
22:13:14 : Side: ChakalMDP: Buena onda, yo tambien
22:13:26 : Side: ChakalMDP: Que lindo es encontrar argentos jugando jaja
22:13:33 : Side: [T1ER]rabbit: joya que edad tenes loquito??
22:13:44 : Side: ChakalMDP: 23, vos?
22:13:50 : Side: [T1ER]rabbit: lo mismo
22:14:16 : Side: ChakalMDP: Joya, te va ir a hacer algunas misiones?
22:14:47 : Side: [T1ER]rabbit: si si por eso te preguntaba la edad la mayoria de los chicos mas chicos te pegan un tiro en la espalda
22:14:57 : Side: ChakalMDP: Jajaja, posta?
22:15:20 : Side: ChakalMDP: Dsp te andan pidiendo party seguro....
22:15:23 : Side: [T1ER]rabbit: se me paso mil veces pero ne este server no hay mucha gente la mayoria son buena onda
22:15:36 : Side: ChakalMDP: Claro, eso es lo que mas me gusto
22:15:59 : Side: [T1ER]rabbit: estas lejor del mercado central loco??
22:16:08 : Side: ChakalMDP: Re cerca, llego en un pedo
22:16:26 : Side: [T1ER]rabbit: venite y vamos a la mission de la mansion
22:16:30 : Side: ChakalMDP: dale
22:16:43 : Side: [T1ER]rabbit: necesitas armas algo??
22:16:57 : Side: ChakalMDP: Tengo que recuperar mucho de lo que perdi jaja, alguna pisto con sd
22:17:19 : Side: [T1ER]rabbit: acepta la radio
