00:37:34 : Side: Jose Luis: que pasa sapo
00:37:55 : Side: santiago: eee casi q no
00:38:05 : Side: Jose Luis: vientos?
00:38:16 : Side: santiago: nada la cague borrwe doto el botiquin
00:38:29 : Side: Jose Luis: como asi
00:38:41 : Side: santiago: radio inv.
00:38:51 : Side: santiago: ?
00:39:19 : Side: Jose Luis: espereme q mi mama me llamo
00:49:16 : Side: Sirfes-AR: Hola!
01:04:34 : Side: Sirfes-AR: me desconecto el server, me reconecto y mi personaje estaba inconciente jaja
01:04:47 : Side: FlingeR: se, medio bugero eso
01:05:22 : Side: Sirfes-AR: mal, no se que onda. Hoy el Server estuvo andando medio mal
01:14:40 : Side: Jose Luis: sirfes
01:14:50 : Side: Sirfes-AR: dime
01:15:02 : Side: Jose Luis: donde estas
01:15:12 : Side: Sirfes-AR: voy al mercado central
01:15:42 : Side: Jose Luis: ve a base
01:15:43 : Side: Sirfes-AR: por?
01:15:52 : Side: Sirfes-AR: kk, dame un segundo
01:18:04 : Side: Jose Luis: hacemos loot?
01:18:31 : Side: Sirfes-AR: sii, dale
01:18:39 : Side: Sirfes-AR: como compro un auto?
01:18:49 : Side: Jose Luis: con el trader menu
01:23:15 : Side: Jose Luis: ya estaban los huesos de mi cuerpo
01:23:28 : Side: Sirfes-AR: de verdad?w
01:23:31 : Side: Jose Luis: si
01:23:34 : Side: Jose Luis: que cosa mas rara
01:23:47 : Side: Jose Luis: yo entre ahora y apareci muerto 
01:23:55 : Side: Jose Luis: pero entre y deje el pc quieto porque mi mama me hablo
01:24:00 : Side: Jose Luis: pero estaba en zona segura
01:25:46 : Side: Jose Luis: la epi pen ya n osirve
01:26:23 : Side: Sirfes-AR: par que sirve?
01:26:32 : Side: Jose Luis: era para revivirte del desmayo
01:26:41 : Side: Jose Luis: pero despues de la actualizacion del server no volvio a servir
01:27:01 : Side: Jose Luis: cual es el mejor rifle de franco
01:27:25 : Side: Sirfes-AR: estoy usando el m40. me funciona bastante bien
01:27:47 : Side: Jose Luis: yo tengo ese que no le consigo balas que me imagino que mata hasta con un tiro en el dedo gordo del pie
01:27:57 : Side: Jose Luis: y el mk12 spr que es un td
01:28:24 : Side: Sirfes-AR: deberias ir a antena 4. o al vendedor ambulantew
01:29:01 : Side: Jose Luis: vamos?
01:30:26 : Side: Sirfes-AR: hola
01:30:35 : Side: Jose Luis: hola
01:30:44 : Side: Jose Luis: vamos a antena?
01:30:49 : Side: Jose Luis: que coche compraste?
01:30:49 : Side: Sirfes-AR: vamos
01:31:01 : Side: Sirfes-AR: el mismo que tenia, lo deje por aca cerca
01:31:06 : Side: Sirfes-AR: no tengo cash
01:31:10 : Side: Jose Luis: vamos en ese 
01:31:15 : Side: Jose Luis: mi cash se perdio 
01:31:17 : Side: Jose Luis: asi que ni modo
01:31:21 : Side: Sirfes-AR: vamos
01:31:21 : Side: Jose Luis: pero le hablare al admin
01:32:07 : Side: Jose Luis: luego construimos las zonas de tiro por si nos invaden
01:32:17 : Side: Sirfes-AR: dales
01:32:35 : Side: Jose Luis: ahora te hago una caseta para que pongas tus cosas seguras
03:54:38 : Side: Jose Luis: ey men
03:54:47 : Side: Sirfes-AR: dime
03:54:49 : Side: Jose Luis: tas sfuera e grupo o q
03:54:55 : Side: Jose Luis: que hiciste la atv
03:55:09 : Side: Sirfes-AR: yo no me sali del grupo D:
03:55:51 : Side: Jose Luis: a casa dejamos la atv y mision
03:55:59 : Side: Jose Luis: ah no espera primero mision
04:29:19 : Side: Jose Luis: wtf men soy un zombie
04:30:50 : Side: Jose Luis: ey compa que pasa 
04:30:54 : Side: Jose Luis: soy un jodido z
04:31:16 : Side: Sirfes-AR: me dieron, me desangro jaja- mate a dos mas, me queda una bala en el rifle
04:31:32 : Side: Jose Luis: jajaja yo sali como zombie que esta pasando no entiendo
04:31:34 : Side: Jose Luis: jajaja
04:32:05 : Side: Jose Luis: me voy a suicidar espera xD
05:10:45 : Side: Sirfes-AR: lo mataste? queda uno mas
05:10:51 : Side: Jose Luis: ya acabo de verlo
05:11:27 : Side: Jose Luis: muerto
05:11:49 : Side: Jose Luis: seguro solo quedaba 1?
05:12:00 : Side: Sirfes-AR: atras del camion vi solo a uno
05:12:11 : Side: Jose Luis: lo vi corriendo de un lado a otro y lo mate
05:12:21 : Side: Sirfes-AR: sii, porque la mision se acaboÇ!!!!
05:12:33 : Side: Jose Luis: entonces voy ya?
05:12:44 : Side: Sirfes-AR: asegurate
05:13:00 : Side: Jose Luis: que pasa cuando la mision acaba
05:13:07 : Side: Jose Luis: que no quedan mas soldados o que la terminaron
05:13:35 : Side: Sirfes-AR: voy a ver
05:15:49 : Side: Sirfes-AR: deja de robarmeeee 
05:16:03 : Side: Jose Luis: jajaajaja este no lo jodi yo?
05:16:06 : Side: Jose Luis: o eras tu?
05:16:09 : Side: Jose Luis: jajaja sos vos 
05:16:10 : Side: Sirfes-AR: es miooo
05:16:14 : Side: Sirfes-AR: jajajajajaj
05:16:29 : Side: Jose Luis: ahi te dejo
05:16:59 : Side: Jose Luis: bueno y entonces que paso con la mision
14:19:55 : Side: Jose Luis: que dice el leñador
14:20:02 : Side: Jose Luis: algun admin?
14:20:26 : Side: santiago: mipana
14:20:42 : Side: santiago: como fue?
14:20:52 : Side: Jose Luis: aqui pana esperando que mi novia se vista
14:21:16 : Side: santiago: ayudame a talar
14:21:25 : Side: Jose Luis: no tengo gasola
14:21:41 : Side: santiago: aaa
14:21:56 : Side: santiago: hp se me olvido el aciete
14:22:11 : Side: santiago: hp alcanzas a traerme
14:22:19 : Side: Jose Luis: pues solo paso a ver tu casa
14:23:06 : Side: santiago: party
14:25:36 : Side: Jose Luis: tengo m4 con silenciador y 5 cargadores para esta
14:25:49 : Side: Jose Luis: y estoy atras tuyo
14:26:41 : Side: santiago: hacercate mientra construyo
14:26:54 : Side: Jose Luis: ya
14:27:02 : Side: santiago: esta una re chimbaaaa
14:27:29 : Side: santiago: esa no la venden o si?
14:27:35 : Side: Jose Luis: nada no la venden
14:28:02 : Side: Jose Luis: esta si
14:31:46 : Side: wilson: neste server no tienes funcion fone de ouvido ?
14:32:32 : Side: santiago: santy killer do mas gande du mundo
18:19:40 : Side: Azrael1x: hola holaa
18:20:00 : Side: [DMN]-Mario: hola
18:47:40 : Side: [DMN] Kostia: que aselga
18:48:03 : Side: Azrael1x: to viento loco vos?
18:56:54 : Side: [DMN]-Mario: acepta radio
19:12:43 : Side: Azrael1x: pregunta muchachos
19:13:02 : Side: Azrael1x: alguien sabe si se vende el rpg y en donde lo puedo vender_
19:13:39 : Side: [DMN] Kostia: ni idea man
19:14:01 : Side: [DMN]-Mario: lanza misiles decis
19:14:02 : Side: Azrael1x: ok gracias\
19:14:07 : Side: Azrael1x: sip
19:14:52 : Side: [DMN]-Mario: tenes que ser heroe o bandido y fijate en mercado central
19:15:29 : Side: Azrael1x: si estoy aca y soy bandido pero no me aparece
19:15:48 : Side: [DMN]-Mario: pero casi siempre en los server no se vende
19:16:12 : Side: Azrael1x: ah dale,gracias
19:17:51 : Side: [DMN]-Mario: guarda puesto rojo
19:17:56 : Side: [DMN]-Mario: bots
19:37:47 : Side: Azrael1x: dmn
19:37:57 : Side: [DMN] Kostia: ?
19:38:09 : Side: Azrael1x: armamos grupo y vamos a krasnotav_
19:38:26 : Side: Azrael1x: lpm no me sale el signo de pregunta jaja
19:38:31 : Side: [DMN]-Mario: que ay en krasno?
19:38:47 : Side: Azrael1x: banda de boots y un loot de puta madre
19:39:04 : Side: Azrael1x: muchas torretas y eso XD
19:39:33 : Side: [DMN]-Mario: nos encontramos en mercado central
20:50:43 : Side: Azrael1x: jodidiio no?
21:19:37 : Side: [DMN] Kostia: mario poneme en radio
21:25:19 : Side: [DMN] Kostia: aw
21:25:56 : Side: [DMN] Kostia: salidel grupode dolby y llamame
21:26:04 : Side: [DMN] Kostia: o te llame otro chat
22:22:03 : Side: [DMN] Kostia: mario radio
22:23:52 : Side: [DMN] Kostia: mario donde stas
22:25:39 : Side: [DMN]-Mario: mapa
22:26:01 : Side: [DMN] Kostia: no figuras
22:26:37 : Side: Azrael1x: ahora si que uno mande grupo a los 3
22:28:59 : Side: Azrael1x: loggeo por las balas
22:29:24 : Side: [DMN] Kostia: jajajaj
22:29:29 : Side: [DMN] Kostia: no me tires
22:31:04 : Side: [DMN] Kostia: radio
22:31:19 : Side: Azrael1x: ya mande
22:31:28 : Side: [DMN]-Mario: no me aparece por eso no acepto
22:32:01 : Side: [DMN] Kostia: stoy e tore de control, no me tiren
22:32:49 : Side: [DMN] Kostia: lovi
22:35:13 : Side: Azrael1x: mario acepta
22:42:19 : Side: [DMN]-Mario: que falta
22:44:54 : Side: Agustin: che hayu algun admin?
22:45:01 : Side: Agustin: apareci en el mar
22:53:01 : Side: [DMN]-Mario: radio
22:59:29 : Side: Sirfes-AR: holas
22:59:54 : Side: [DMN]-Mario: hola
23:00:12 : Side: Azrael1x: HOLO
23:00:17 : Side: Sirfes-AR: jaja
23:00:32 : Side: Sirfes-AR: che, alguno sabe donde consigo balas de M4A1 SD?
23:01:10 : Side: [DMN]-Mario: vendedor de heroes
23:01:40 : Side: Sirfes-AR: gracias!
23:08:12 : Side: Azrael1x: SIRFER TE COPAS UN TOQUE Y NOS AYUDAS A LOOTEAR?
23:08:27 : Side: Sirfes-AR: sii, voy a mercado central y los acompaño
23:08:38 : Side: Sirfes-AR: tienen vehiculo?w
23:08:57 : Side: Azrael1x: CUANNDO VAYAS AL CENTRALO AGARRA UN URAL AMARILLO Y VENI CON NOSOTROS
23:09:04 : Side: Azrael1x: AHII TE MANDO GRUPO
