18:36:59 : Group: Sirfes-AR: no tengo municion D:
18:37:24 : Group: [DMN]-Mario: ahora compramos
18:37:33 : Group: [DMN]-Mario: es varata aqui
18:38:20 : Group: [DMN]-Mario: conseguiste
18:38:52 : Group: [DMN]-Mario: rebisa esas carpas
18:40:32 : Group: [DMN]-Mario: lo que encontres vendelo
18:40:47 : Group: [DMN]-Mario: que tenes
18:41:13 : Group: Sirfes-AR: para vender, nada.
18:41:21 : Group: Sirfes-AR: municion, comida y bebida
18:41:25 : Group: [DMN]-Mario: jaja
18:42:03 : Group: [DMN]-Mario: te di plata
18:42:11 : Group: [DMN]-Mario: compra municion
18:42:32 : Group: Sirfes-AR: ya compre
18:42:44 : Group: Sirfes-AR: te la regrese
18:42:45 : Group: [DMN]-Mario: tenes telemetro
18:42:51 : Group: Sirfes-AR: gracias
18:43:06 : Group: Sirfes-AR: nop
18:43:12 : Group: [DMN]-Mario: compra
18:43:20 : Group: [DMN]-Mario: sale 2mil
18:43:57 : Group: Sirfes-AR: listo
18:44:05 : Group: [DMN]-Mario: ese es para que puedas medir tu distancia con el blanco
18:44:15 : Group: Sirfes-AR: que buena onda
18:44:22 : Group: [DMN]-Mario: sabes regular tu sniper
18:44:44 : Group: Sirfes-AR: por la distancia? si, algo se
18:44:50 : Group: [DMN]-Mario: tu arma
18:45:09 : Group: [DMN]-Mario: re pag y av pag
18:45:23 : Group: [DMN]-Mario: regulas la mira
18:45:33 : Group: Sirfes-AR: como funciona eso? la calibro asi
18:45:45 : Group: [DMN]-Mario: si
18:46:16 : Group: [DMN]-Mario: primero telemetro y ves distancia y despues regulas
18:46:23 : Group: Sirfes-AR: entiendo
18:46:54 : Group: [DMN]-Mario: bien la m24 solo regula 800 nada mas
18:47:07 : Group: Sirfes-AR: 800mts?
18:47:28 : Group: [DMN]-Mario: cuanta municion tenes
18:47:42 : Group: Sirfes-AR: 30 balas
18:48:02 : Group: Sirfes-AR: es poco?
18:48:02 : Group: [DMN]-Mario: bien ..tambien tiene doble zoom
18:48:14 : Group: Sirfes-AR: sip, con el + y -
18:48:21 : Group: [DMN]-Mario: bien
18:48:33 : Group: [DMN]-Mario: vamos a probar
18:49:03 : Group: Sirfes-AR: como?
18:49:05 : Group: [DMN]-Mario: arma tu bici y vamos donde yo estaba para practicar
18:50:55 : Group: [DMN]-Mario: tenes arma g17
18:51:00 : Group: Sirfes-AR: si
18:51:13 : Group: [DMN]-Mario: ok
18:55:52 : Group: [DMN]-Mario: de aqui caminando
18:56:15 : Group: [DMN]-Mario: un camion adelante
18:56:31 : Group: [DMN]-Mario: una base
19:01:26 : Group: [DMN]-Mario: adelante 700m 
19:01:39 : Group: [DMN]-Mario: maldita lluvia
19:01:50 : Group: [DMN]-Mario: ves una casa
19:01:52 : Group: Sirfes-AR: la lluvia no me deja ver
19:02:03 : Group: [DMN]-Mario: dale doble zoom
19:02:24 : Group: [DMN]-Mario: yo conte 9 bots
19:02:40 : Group: [DMN]-Mario: tienen metrallas
19:03:32 : Group: [DMN]-Mario: de aqui 600m
19:04:21 : Group: Sirfes-AR: no llego a ver por mi configuracion
19:04:36 : Group: [DMN]-Mario: si cuando calibras el blanco esta mas adelante 
19:04:48 : Group: [DMN]-Mario: es medio punto arriba
19:05:10 : Group: Sirfes-AR: los veo
19:05:14 : Group: [DMN]-Mario: si esta antes es medio punto abajo
19:05:34 : Group: Sirfes-AR: conte 7
19:05:43 : Group: [DMN]-Mario: bien
19:06:19 : Group: [DMN]-Mario: pero ay que cubrirnos de los zombis por que delatan posision
19:06:50 : Group: Sirfes-AR: donde?
19:07:01 : Group: [DMN]-Mario: ellos vieron a los zombis que me atacaban y empezaron a tirarme
19:07:45 : Group: Sirfes-AR: hay 9
19:08:06 : Group: Sirfes-AR: en el arbol de la derecha hay dos mas
19:08:09 : Group: [DMN]-Mario: esperemos que pare la lluvia
19:08:51 : Group: Sirfes-AR: yo puse la setview hig en 1500 y se paro
19:09:36 : Group: Sirfes-AR: un z delante nuestro
19:09:40 : Group: Sirfes-AR: a tus 10
19:10:23 : Group: [DMN]-Mario: que pase nomas
19:10:45 : Group: [DMN]-Mario: mientras menos ruidos mejor
19:12:01 : Group: [DMN]-Mario: ay que operderlo en los arboles
19:12:44 : Group: Sirfes-AR: lo perdiste?
19:13:04 : Group: Sirfes-AR: va otro z
19:14:24 : Group: [DMN]-Mario: no empeza que yo los pierdo
19:14:41 : Group: Sirfes-AR: baje a uno jaja, queres que mate al otro?
19:14:58 : Group: Sirfes-AR: lo perdiste
19:15:36 : Group: [DMN]-Mario: empeza con los bots
19:18:40 : Group: [DMN]-Mario: tenes painkiller
19:18:58 : Group: Sirfes-AR: no
19:19:05 : Group: [DMN]-Mario: la pastilla ´para no temblar
19:19:57 : Group: Sirfes-AR: no, no tengo
19:20:07 : Group: [DMN]-Mario: gastamos mas municion en z
19:20:20 : Group: Sirfes-AR: posta, empecemos
19:20:41 : Group: Sirfes-AR: hay dos debajo de un arbol, a la derecha de la casa
19:20:49 : Group: Sirfes-AR: los ves?
19:20:55 : Group: [DMN]-Mario: el esta temblando no puedo apuntar
19:21:35 : Group: Sirfes-AR: el mio esta re bien, queres volver?
19:21:52 : Group: [DMN]-Mario: no itra yo te cubro
19:22:42 : Group: Sirfes-AR: nos estan buscando jaja
19:24:40 : Group: [DMN]-Mario: cuantos mataste
19:24:49 : Group: Sirfes-AR: 4
19:24:54 : Group: [DMN]-Mario: bien
19:25:19 : Group: Sirfes-AR: 5
19:25:35 : Group: Sirfes-AR: 6
19:26:46 : Group: Sirfes-AR: tiemblo como un cabron
19:27:02 : Group: [DMN]-Mario: la cajita roja
19:28:00 : Group: Sirfes-AR: falta 1
19:28:23 : Group: Sirfes-AR: 9
19:28:45 : Group: Sirfes-AR: falta 1
19:28:51 : Group: Sirfes-AR: espera
19:29:05 : Group: Sirfes-AR: cayo
19:29:26 : Group: Sirfes-AR: que ves?
19:29:57 : Group: [DMN]-Mario: creo z
19:30:06 : Group: Sirfes-AR: donde?
19:30:27 : Group: [DMN]-Mario: corrio por los arboles
19:30:52 : Group: [DMN]-Mario: ya esta
19:31:50 : Group: [DMN]-Mario: listo
19:32:06 : Group: [DMN]-Mario: yo me acerco y vos miras
19:33:39 : Group: [DMN]-Mario: jaja solo tengo dos balas
19:36:35 : Group: Sirfes-AR: ningun painkiller
19:36:57 : Group: [DMN]-Mario: el ultimo que mataste tiene la llave del patrullero
19:38:10 : Group: Sirfes-AR: no la tiene
19:38:34 : Group: [DMN]-Mario: granadas y gps y nv se venden
19:42:25 : Group: Sirfes-AR: la tenes?
19:42:46 : Group: [DMN]-Mario: no quizas este adentro
19:49:19 : Group: [DMN]-Mario: vamos
19:51:28 : Group: [DMN]-Mario: vamos a vender
19:53:14 : Group: [DMN]-Mario: aprendiste algo
19:53:26 : Group: Sirfes-AR: siii
19:53:43 : Group: Sirfes-AR: no sabia lo de la mira
19:53:47 : Group: [DMN]-Mario: bien
19:59:58 : Group: [DMN]-Mario: con lo que vendas comprate mochila mas grande
20:03:57 : Group: Sirfes-AR: donde compro la mochjila?
20:04:14 : Group: [DMN]-Mario: aca 
20:04:24 : Group: [DMN]-Mario: sacate la vieja
20:05:40 : Group: [DMN]-Mario: lleva siempre sangre morfina painkiller y antibioticos
20:06:26 : Group: [DMN]-Mario: compra coyote
20:07:34 : Group: [DMN]-Mario: comprate un vehiculo con llave para poder guardar mas cosas
20:09:14 : Group: [DMN]-Mario: 50mil una suv
20:10:20 : Group: [DMN]-Mario: cuantos años tenes
20:10:27 : Group: Sirfes-AR: 20
20:10:30 : Group: Sirfes-AR: vos?
20:10:36 : Group: [DMN]-Mario: yo 37
20:11:00 : Group: [DMN]-Mario: te recomiendo bajarte dolby axon
20:11:14 : Group: [DMN]-Mario: es un programa para hablar
20:11:37 : Group: Sirfes-AR: primero me tengo que comprar un mic jaja
20:12:00 : Group: [DMN]-Mario: no consume mucho recurso de la pc
20:12:13 : Group: [DMN]-Mario: jaja si seguro
20:12:29 : Group: [DMN]-Mario: bien tengo qoe irme 
20:13:03 : Group: [DMN]-Mario: espero nos crucemos de nuevo ...suerte
20:13:05 : Group: Sirfes-AR: oka, un gusto
20:13:13 : Group: Sirfes-AR: dale! segui conectandote!
20:13:19 : Group: Sirfes-AR: suerte
20:13:20 : Group: [DMN]-Mario: ay mejores sniper que esa
20:13:33 : Group: Sirfes-AR: soy super fanatico de la m24
20:13:42 : Group: [DMN]-Mario: y con muchom mas alcance
20:13:43 : Group: Sirfes-AR: por eso la ocupo jaja
20:14:03 : Group: [DMN]-Mario: la m40es igal y mas potente
20:14:20 : Group: [DMN]-Mario: suerte
20:14:39 : Group: Sirfes-AR: suerte para vos tambien
