00:05:24 : Group: Jose Luis: epaa
00:05:28 : Group: Jose Luis: que pasa terrorista
00:06:12 : Group: Sirfes-AR: voy a comprar suministros
00:06:23 : Group: Jose Luis: oye sirfes
00:06:31 : Group: Jose Luis: tu tambien traiste las llaves?
00:06:42 : Group: Sirfes-AR: sisi
00:06:46 : Group: Jose Luis: esas pensaba dejarlas perder son coches que perdi
00:06:54 : Group: Sirfes-AR: traje todo jaja
00:09:42 : Group: Jose Luis: oye sirfes trae aceite de motosierra
00:17:46 : Group: Jose Luis: voy a mercado ya nos vemos ahi
00:18:11 : Group: Sirfes-AR: kk
00:22:05 : Group: Jose Luis: a donde vas
00:23:33 : Group: Jose Luis: punto naranja
00:23:46 : Group: Jose Luis: la de heroes no la hagamos perdemos humanidad
00:23:52 : Group: Sirfes-AR: gogogo
00:25:06 : Group: Jose Luis: llevas el plot?a
00:25:11 : Group: Sirfes-AR: sip
00:25:20 : Group: Jose Luis: entonces voy por las sandbags
00:25:22 : Group: Sirfes-AR: vamos al punto naranja?
00:25:37 : Group: Jose Luis: si
00:25:57 : Group: Sirfes-AR: pasas por mi?
00:26:10 : Group: Jose Luis: entonces compra 2 sandbags ya paso por tiw
00:26:18 : Group: Sirfes-AR: okaw
00:26:41 : Group: Jose Luis: men hay un helicoptero pasando ensima miow
00:28:23 : Group: Sirfes-AR: te sigue el heli?
00:28:31 : Group: Sirfes-AR: a mi tambien me seguia
00:28:41 : Group: Sirfes-AR: y me siguio hasta mercado central casi
00:28:50 : Group: Jose Luis: no lo se si me sige
00:28:53 : Group: Jose Luis: sigue
00:31:00 : Group: Sirfes-AR: vamos
00:31:05 : Group: Jose Luis: espera lleno cantimplora
00:31:14 : Group: Sirfes-AR: oka, voy a l baño jaja
00:36:26 : Group: Sirfes-AR: volvi
00:36:32 : Group: Jose Luis: tabas cagando o q
00:36:41 : Group: Sirfes-AR: siii jajaj
00:36:53 : Group: Jose Luis: con razon
00:36:59 : Group: Jose Luis: se jodio este vidrio
00:37:20 : Group: Sirfes-AR: como?
00:37:27 : Group: Jose Luis: mira en primeraw
00:37:42 : Group: Sirfes-AR: lo vi, pense que te habian disparado
00:38:01 : Group: Jose Luis: no en esa esquina los arboles lo jodieron
00:39:19 : Group: Sirfes-AR: patrulla?
00:39:31 : Group: Jose Luis: ni idea
00:39:37 : Group: Sirfes-AR: espero que no
00:40:36 : Group: Sirfes-AR: joder
00:40:39 : Group: Sirfes-AR: desaparecio
00:40:40 : Group: Jose Luis: que pasa
00:41:14 : Group: Jose Luis: que hacemos
00:41:30 : Group: Sirfes-AR: esperemos a mision
00:41:46 : Group: Sirfes-AR: vamos a Control Bravo 10?
00:41:54 : Group: Jose Luis: son soldiers?
00:41:58 : Group: Sirfes-AR: si
00:42:18 : Group: Jose Luis: baja de inmediato la humanidad necesitamos tener balas para la magnum
00:42:40 : Group: Sirfes-AR: matando soldiers baja la humanidad?
00:42:48 : Group: Jose Luis: que es eso de lugar del naufragio
00:42:56 : Group: Jose Luis: si men los soldados son heroes supuestamente
00:43:07 : Group: Sirfes-AR: la verdad no tengo idea
00:43:34 : Group: Sirfes-AR: esperemos jaja
00:43:37 : Group: Jose Luis: vamos a antena?
00:43:41 : Group: Sirfes-AR: vamos
00:44:12 : Group: Sirfes-AR: esquiva Juliet 404
00:44:22 : Group: Sirfes-AR: aqui a la derecha
00:44:37 : Group: Jose Luis: santiago malparido
00:44:57 : Group: Jose Luis: dale voy entonces a la derecha
00:46:15 : Group: Sirfes-AR: a la izquierda
00:46:51 : Group: Sirfes-AR: pasemos por Stary? que es?
00:47:10 : Group: Jose Luis: muchos z aumenta humanidad matandolos
00:47:27 : Group: Sirfes-AR: ah, entonces nah
00:47:35 : Group: Jose Luis: si esa zona tiene por montones
00:47:55 : Group: Jose Luis: ves alguna estacion de combustible cerca?
00:49:02 : Group: Jose Luis: me llevas
00:49:23 : Group: Sirfes-AR: dale
00:49:40 : Group: Sirfes-AR: a la izquierda
00:50:50 : Group: Sirfes-AR: sigue
00:50:55 : Group: Sirfes-AR: bueno xD
00:51:11 : Group: Jose Luis: ibamos a stary?
00:51:27 : Group: Sirfes-AR: nono. pero me parecia mas corto por la otra ruta
00:51:46 : Group: Sirfes-AR: izq
00:51:55 : Group: Jose Luis: no hay calle a la izq
00:52:00 : Group: Sirfes-AR: der
00:52:02 : Group: Sirfes-AR: xD
00:52:20 : Group: Sirfes-AR: veo el mapa y nosotros estamos al revez
00:52:20 : Group: Jose Luis: xD
00:53:31 : Group: Sirfes-AR: ahora si a la izquierda jaja
00:54:29 : Group: Jose Luis: nada de mision?
00:54:41 : Group: Sirfes-AR: para nosotros no
00:58:44 : Group: Jose Luis: que haces loco
00:59:05 : Group: Sirfes-AR: veo unas ruinas
00:59:31 : Group: Jose Luis: al lado nuestro hay un punto verde lo ves?
00:59:52 : Group: Sirfes-AR: si, es una parada del vendedor ambulante
01:00:32 : Group: Jose Luis: ahh
01:01:01 : Group: Jose Luis: que pistola es la mejor
01:01:37 : Group: Sirfes-AR: la verdad no se
01:01:50 : Group: Jose Luis: aca hay una m9 con silenciador
01:01:54 : Group: Jose Luis: la usare contra los z
01:03:48 : Group: Jose Luis: listo tengo pistola con silenciador
01:07:30 : Group: Jose Luis: si esta buena la pistola
01:07:41 : Group: Jose Luis: te doy un tiro?
01:07:50 : Group: Sirfes-AR: no gracias jajaja
01:07:53 : Group: Jose Luis: jajajaja
01:08:13 : Group: Jose Luis: porque no sale mision para nosotros carajo
01:08:49 : Group: Jose Luis: vamos a stary y matamos de muy lejos?
01:09:26 : Group: Jose Luis: dime por donde
01:09:35 : Group: Sirfes-AR: izq
01:09:58 : Group: Sirfes-AR: derecha
01:11:09 : Group: Jose Luis: no hay alguna zona de bandidos?
01:11:19 : Group: Sirfes-AR: nop
01:12:53 : Group: Jose Luis: loot?
01:13:02 : Group: Sirfes-AR: dale
01:13:04 : Group: Jose Luis: que hay en la cosecha de yerba
01:13:16 : Group: Sirfes-AR: vamos, seguro hay bandidos
01:13:27 : Group: Jose Luis: dale pone el plot y las sand en el carro
01:14:14 : Group: Jose Luis: dime por donde porfa
01:14:32 : Group: Sirfes-AR: derecha
01:16:44 : Group: Sirfes-AR: izquierda
01:18:09 : Group: Sirfes-AR: izquierda y derecha
01:19:39 : Group: Sirfes-AR: dejalo aca, en el bosque
01:19:57 : Group: Sirfes-AR: aca esta bien
01:21:26 : Group: Sirfes-AR: mira. mision
01:21:38 : Group: Jose Luis: jajaja vamos
01:21:43 : Group: Jose Luis: justo donde estabamos antes
01:22:07 : Group: Jose Luis: conduce
01:22:39 : Group: Jose Luis: ey conduce
01:22:41 : Group: Sirfes-AR: hay una ciudad cerca, asi que vamos por el bosque
01:23:11 : Group: Sirfes-AR: guiame
01:23:12 : Group: Jose Luis: como quieras 
01:23:40 : Group: Jose Luis: dale te gui
01:24:07 : Group: Jose Luis: izquierda 
01:24:09 : Group: Jose Luis: luego derecha
01:24:41 : Group: Jose Luis: ey
01:24:47 : Group: Jose Luis: dije derecha xD
01:24:58 : Group: Jose Luis: mira
01:25:04 : Group: Jose Luis: hay 2 rutas
01:25:12 : Group: Jose Luis: dejemos el coche en antena
01:25:22 : Group: Jose Luis: te parece?
01:25:32 : Group: Sirfes-AR: dalew
01:25:39 : Group: Jose Luis: entonces volve por donde ibas
01:25:40 : Group: Sirfes-AR: aca a la izq?
01:25:57 : Group: Jose Luis: naa pa donde vas regresa
01:26:30 : Group: Jose Luis: eso sigue ese camino
01:26:39 : Group: Sirfes-AR: sigo por aca?
01:26:46 : Group: Jose Luis: si no pares
01:27:09 : Group: Jose Luis: sigue
01:27:11 : Group: Sirfes-AR: sigo?w
01:27:30 : Group: Jose Luis: te pregunto
01:27:37 : Group: Jose Luis: el terreno que tenes en frente de esta curva
01:27:39 : Group: Jose Luis: esta plano?
01:27:55 : Group: Jose Luis: si puedes pasartelo pasalo 
01:28:10 : Group: Sirfes-AR: no es plano 
01:28:16 : Group: Jose Luis: entonces sigue la via
01:28:21 : Group: Jose Luis: y vas a la derecha
01:28:28 : Group: Jose Luis: eso sigue
01:29:29 : Group: Jose Luis: sigue esta ruta al pasar antena vas a la derecha unos cuantos metros ire al baño
01:31:09 : Group: Jose Luis: volvi
01:31:12 : Group: Jose Luis: derecha en esta
01:31:47 : Group: Jose Luis: mira el mapa dejanos cerca a la montaña llamada colina
01:31:53 : Group: Jose Luis: ese sera el punto para plot y disparos
01:32:35 : Group: Jose Luis: para
01:32:35 : Group: Sirfes-AR: aca?
01:32:45 : Group: Sirfes-AR: saca el plot
01:32:54 : Group: Jose Luis: ya
01:32:56 : Group: Sirfes-AR: ire a ver la posicion
01:34:12 : Group: Jose Luis: si hay vision o nada
01:34:17 : Group: Sirfes-AR: no veo nada
01:34:21 : Group: Jose Luis: avancemos un poco
01:34:29 : Group: Jose Luis: este punto es alto y podemos sacar provecho
01:35:06 : Group: Sirfes-AR: nada
01:35:44 : Group: Jose Luis: arbolada de mis 12?
01:36:05 : Group: Jose Luis: olvidalo no veremos nada
01:36:18 : Group: Jose Luis: vamos a la zona llana que tenes ahi y ponemos plot
01:36:52 : Group: Jose Luis: espera
01:36:56 : Group: Sirfes-AR: ves algo?
01:37:17 : Group: Jose Luis: nada
01:37:45 : Group: Sirfes-AR: no alcanzo a ver de donde disparan
01:40:08 : Group: Sirfes-AR: nos dispararon?
01:40:11 : Group: Jose Luis: si
01:40:30 : Group: Jose Luis: z detras nuestro
01:40:59 : Group: Jose Luis: los veo
01:41:11 : Group: Sirfes-AR: direccion?
01:41:28 : Group: Jose Luis: olvidalo no se si eso sea
01:41:35 : Group: Jose Luis: 275 metros a mis 12
01:42:05 : Group: Jose Luis: esta justo a mis 12 confirmado
01:42:06 : Group: Sirfes-AR: debemos ir al otro lado del circulo
01:42:11 : Group: Jose Luis: pongo plot
01:42:20 : Group: Sirfes-AR: la ciudad es muy arriesgada
01:42:29 : Group: Jose Luis: nos disparan
01:42:43 : Group: Jose Luis: esta a mis 12 que hago
01:43:11 : Group: Sirfes-AR: dale
01:44:49 : Group: Jose Luis: buscamos otro punto?
01:45:09 : Group: Sirfes-AR: si, pero si podes matar a alguno hacelo. porque nos van a seguir
01:45:35 : Group: Jose Luis: se pusieron detras de colina
01:46:44 : Group: Jose Luis: vamonos muchos z
01:46:59 : Group: Sirfes-AR: al otro lado de la colina
01:50:19 : Group: Sirfes-AR: podriamos subir a la asotea del hospital militar
01:50:38 : Group: Jose Luis: no hay soldados ahi?
01:50:44 : Group: Jose Luis: si no lo hay es excelente idea
01:50:58 : Group: Sirfes-AR: creo que no, ya he pasado por ahi
01:51:15 : Group: Jose Luis: espera me asomo por aqui
01:51:30 : Group: Sirfes-AR: voy a ver mas adelantew
01:51:58 : Group: Jose Luis: nada no hay vision la colina la corta
01:52:59 : Group: Sirfes-AR: ahi estaw
01:53:14 : Group: Jose Luis: dale un ojo
01:55:14 : Group: Sirfes-AR: tumbate
01:55:23 : Group: Sirfes-AR: y mira. es perfecto
01:55:24 : Group: Jose Luis: ok
01:56:11 : Group: Jose Luis: donde pongo las bolsas de arena
01:56:24 : Group: Jose Luis: me dejo poner plot
01:56:35 : Group: Sirfes-AR: arriba de esa plataforma? jajaja
01:56:49 : Group: Jose Luis: tu dime cual
01:57:00 : Group: Jose Luis: esa de las escaleras?
01:57:02 : Group: Sirfes-AR: aca estaria bien
01:57:09 : Group: Sirfes-AR: si subimos nos matan
01:57:18 : Group: Jose Luis: oka espera me pongo contra la pared
01:57:54 : Group: Sirfes-AR: y otra atras
01:57:58 : Group: Jose Luis: una vez empiece a hacerla me paro asi que cuidado
01:58:25 : Group: Jose Luis: la otra donde
01:58:36 : Group: Sirfes-AR: justo detras de nosotros
01:58:48 : Group: Jose Luis: donde aqui?
01:58:56 : Group: Sirfes-AR: ahi
01:59:09 : Group: Jose Luis: o aqui?
01:59:35 : Group: Sirfes-AR: ahi, mejor
02:00:21 : Group: Jose Luis: distancia?
02:00:33 : Group: Jose Luis: 200
02:01:22 : Group: Sirfes-AR: empecemos
02:01:31 : Group: Jose Luis: 1
02:01:37 : Group: Sirfes-AR: 2
02:01:54 : Group: Sirfes-AR: 3
02:02:00 : Group: Jose Luis: 5
02:02:44 : Group: Jose Luis: ya?
02:02:46 : Group: Sirfes-AR: atras
02:02:56 : Group: Sirfes-AR: mira, estan viniendo detras del heli
02:03:24 : Group: Jose Luis: mate a uno estan alerta
02:05:08 : Group: Jose Luis: donde estan
02:05:23 : Group: Sirfes-AR: en el cerco. detras del heli
02:05:41 : Group: Sirfes-AR: casi me volas la cabeza jaja
02:05:47 : Group: Jose Luis: jajaja tranquilo
02:07:40 : Group: Jose Luis: no lo veo
02:07:45 : Group: Sirfes-AR: en el bosque a tus 9
02:09:20 : Group: Jose Luis: jajaja me lo robaste
02:09:20 : Group: Sirfes-AR: te gane
02:09:24 : Group: Sirfes-AR: jajajaja
02:10:12 : Group: Jose Luis: yo ya no veo a nadie
02:10:18 : Group: Jose Luis: me paro a ver si me disparan?
02:11:04 : Group: Sirfes-AR: viste uno?
02:11:11 : Group: Jose Luis: z nada mas
02:11:17 : Group: Jose Luis: me voy a parar y caminar a ver si disparan
02:11:50 : Group: Jose Luis: al parecer ya ganamos esta
02:12:27 : Group: Jose Luis: ya hay hasta un z en la zona
02:13:40 : Group: Jose Luis: ves algo?
02:13:43 : Group: Sirfes-AR: para mi quedan varios
02:14:43 : Group: Sirfes-AR: te quedas mirando y voy a investigar
02:14:49 : Group: Sirfes-AR: o vas vos, como gustes
02:14:56 : Group: Jose Luis: como quieras quiero
02:15:28 : Group: Sirfes-AR: cubrime
02:15:36 : Group: Jose Luis: oka
02:15:49 : Group: Sirfes-AR: voy a llegar hasta esa casita amarilla y me dices que ves
02:16:05 : Group: Jose Luis: slist
02:18:34 : Group: Sirfes-AR: ves algo?
02:18:41 : Group: Jose Luis: solo un z caminando por el heli
02:18:57 : Group: Jose Luis: z soldier
02:18:58 : Group: Sirfes-AR: fuiste vos?
02:19:04 : Group: Jose Luis: si lo mate
02:19:19 : Group: Sirfes-AR: voy a avanzar por la carretera
02:19:35 : Group: Jose Luis: suena heli
02:20:32 : Group: Sirfes-AR: patrulla
02:20:39 : Group: Jose Luis: donde
02:20:42 : Group: Sirfes-AR: es pablo
02:21:22 : Group: Sirfes-AR: enviale grupo
02:22:22 : Group: Jose Luis: nada no entro
02:31:12 : Group: Sirfes-AR: que buena posicion encontramos
02:31:36 : Group: Jose Luis: y las sand excelente idea
02:38:06 : Group: Jose Luis: necesitas machete o palanca?
02:38:15 : Group: Sirfes-AR: nop
02:39:23 : Group: Sirfes-AR: listo?
02:39:26 : Group: Jose Luis: fuiste tu?
02:39:42 : Group: Sirfes-AR: siw
02:41:00 : Group: Jose Luis: recogiste el plot?
02:41:17 : Group: Sirfes-AR: voy a eso
02:42:03 : Group: Sirfes-AR: para sacarlo necesito palanca?
02:42:10 : Group: Jose Luis: espera ya voy yo
02:42:15 : Group: Jose Luis: en el hospital hay un vendedor
02:43:33 : Group: Jose Luis: men
02:44:02 : Group: Jose Luis: este cambia partes de zombie por barras de oro
02:44:09 : Group: Jose Luis: aqui esta el dinero por montoneswww
02:44:34 : Group: Sirfes-AR: empeza a cortar zombies
02:46:10 : Group: Sirfes-AR: empecemos a venir en heli hasta aca
02:46:21 : Group: Sirfes-AR: tradeamos las partes de zombie
02:46:35 : Group: Jose Luis: lo malo de cortar z es que te baja un poquito la humanidad
02:47:52 : Group: Sirfes-AR: vamos man
02:47:52 : Group: Jose Luis: 3000 en un momento xD
02:47:57 : Group: Jose Luis: este mismo los compra
02:48:03 : Group: Sirfes-AR: tenemos poco tiempo
02:48:13 : Group: Jose Luis: conduce loco
02:48:41 : Group: Sirfes-AR: guia
02:48:47 : Group: Jose Luis: hay una mision de bandidos pero queda justo al lado del area militar esa no la hace nadie
02:49:13 : Group: Jose Luis: derecha
02:49:29 : Group: Jose Luis: eso sigue
02:51:08 : Group: Jose Luis: sigue men no pares
02:51:41 : Group: Jose Luis: ope 
02:51:47 : Group: Jose Luis: dejamos el plot alfin
02:51:49 : Group: Jose Luis: jajajajaja
02:51:59 : Group: Sirfes-AR: jajajajaw
02:52:02 : Group: Jose Luis: campeemos en antena 4
02:52:24 : Group: Sirfes-AR: despues compro otro plot
02:52:28 : Group: Sirfes-AR: vamos a base
02:52:36 : Group: Jose Luis: cuesta 100.000 loco seria perder
02:52:45 : Group: Jose Luis: vamos a antena 4 y de ahi al hospital
02:53:03 : Group: Sirfes-AR: oka, doy la vuelta
02:53:06 : Group: Jose Luis: si encontramos otra mision seria perfecto
02:53:23 : Group: Jose Luis: pero si vas para adelante loco
02:53:37 : Group: Sirfes-AR: ya se jaja, giro en el pueblow
02:53:57 : Group: Jose Luis: wtf oka
02:54:06 : Group: Jose Luis: izq
02:55:05 : Group: Jose Luis: por eso decia yo lo de volver por el mismo camio xD
02:55:45 : Group: Jose Luis: izq
02:56:04 : Group: Sirfes-AR: tengo 6 fps
02:56:17 : Group: Jose Luis: a veces me pasa me va re mal
02:56:22 : Group: Jose Luis: ahora lo tengo en 17
02:58:55 : Group: Jose Luis: dejas el coche al lado del tractor y volvemos
03:06:09 : Group: Jose Luis: bueno men mision cumplida
03:06:14 : Group: Sirfes-AR: sip,
03:06:21 : Group: Jose Luis: en un caso de que tu entres primero que yo
03:06:33 : Group: Jose Luis: este vende la paanca para que saques las cosas del hospital
03:06:44 : Group: Sirfes-AR: voy a sacar el plot
03:06:47 : Group: Sirfes-AR: joya
03:06:50 : Group: Jose Luis: ya?
03:06:59 : Group: Sirfes-AR: okas
03:07:04 : Group: Jose Luis: entonces vamos ps
03:07:26 : Group: Sirfes-AR: a donde vamos?
03:07:38 : Group: Jose Luis: por el plot
03:07:41 : Group: Jose Luis: o mañana
03:07:56 : Group: Sirfes-AR: mañana mejor. o si queres anda vos
03:08:04 : Group: Jose Luis: naa ps me ire a dormir
03:08:07 : Group: Jose Luis: yo toy cansado
03:08:11 : Group: Sirfes-AR: yo igual jaja
03:08:46 : Group: Jose Luis: adios men descansa
03:08:49 : Group: Jose Luis: mañana lo recojo 
03:08:59 : Group: Sirfes-AR: adios men
18:42:10 : Group: Azrael1x: esta conmigo el de la sub roja
18:42:17 : Group: Jose Luis: bigote?
18:42:20 : Group: Azrael1x: sip
18:42:22 : Group: BIgote: sapeee
18:42:33 : Group: BIgote: ahh sos vos , me cague todo xd 
18:42:42 : Group: Jose Luis: jajaja tranquilo
18:43:43 : Group: Jose Luis: entonces las llevo?
18:44:12 : Group: Azrael1x: si pero tendriamos que fijar posicion todavia
18:44:36 : Group: Jose Luis: donde dejo esto
18:44:55 : Group: Azrael1x: donde quieras vos
18:47:37 : Group: Jose Luis: la re cago mi internet
18:49:35 : Group: Jose Luis: seguros que quieren hacerlo con tanto z cerca xD
18:50:01 : Group: Azrael1x: el tema es la posicion}
18:50:07 : Group: Jose Luis: yo traje plot y sandbags
18:51:17 : Group: Azrael1x: para donde dicen de ir?
18:51:45 : Group: [DMN]-Mario: por donde estan ay una torre de agua no se puede ver de ahi
18:51:45 : Group: Jose Luis: espera miro el mapa
18:51:57 : Group: Azrael1x: no me deja subir
18:52:20 : Group: Jose Luis: miren mapa
18:52:31 : Group: [DMN]-Mario: entonces desde el bosque por polana
18:53:06 : Group: BIgote: no se ve desde polana 
18:53:39 : Group: Jose Luis: aca menaca
18:53:42 : Group: [DMN]-Mario: marque mapa el terreno es nivelado ahi
18:54:22 : Group: Jose Luis: se ponen unas sandbags y listo arreglado tenemos cobertura
18:54:29 : Group: Azrael1x: ya pase por esos 3 puntos
18:54:40 : Group: Azrael1x: me di toda la vuelta al circulo en realidad
18:54:47 : Group: [DMN]-Mario: jaja
18:54:49 : Group: Azrael1x: es para hacer a menos de 300 mts
18:55:41 : Group: Azrael1x: vamos jose veni a lasub
18:55:47 : Group: Jose Luis: ok
18:57:22 : Group: Jose Luis: hacemos lo de las sandbags?
18:57:41 : Group: Azrael1x: si
18:58:09 : Group: Azrael1x: de aca se ven son 740 mts
18:58:23 : Group: Jose Luis: espera me pongo el rifle
18:58:28 : Group: Jose Luis: ese jet no pasa nada?
18:58:45 : Group: Azrael1x: nope
18:58:56 : Group: Jose Luis: diganme donde pongo la cobertura entonces
18:59:07 : Group: Azrael1x: si ves todo ahi
19:00:01 : Group: Azrael1x: para este lado jose
19:00:16 : Group: Jose Luis: dale loco xD
19:00:26 : Group: BIgote: no tengo silenciada
19:00:33 : Group: Jose Luis: espera saco la mia
19:01:05 : Group: Jose Luis: listo
19:01:06 : Group: Azrael1x: we entro a tirar
19:01:15 : Group: BIgote: gracia 
19:01:51 : Group: Azrael1x: voy a bajar la torreta
19:02:07 : Group: Jose Luis: pongo las sand ps
19:02:23 : Group: Azrael1x: dale
19:02:31 : Group: Jose Luis: carajo las deje en la camioneta carajo
19:02:34 : Group: Jose Luis: vamos asi
19:03:45 : Group: Jose Luis: me encargo de los z yo
19:03:47 : Group: Jose Luis: ustedes den
19:04:53 : Group: [DMN]-Mario: eliminen las metrallas veo si puedo llegar por atras
19:05:17 : Group: Azrael1x: oka
19:07:51 : Group: Jose Luis: listo continuen
19:08:47 : Group: Jose Luis: queda alguno¡
19:08:49 : Group: [DMN]-Mario: veo uno
19:08:54 : Group: Azrael1x: donde
19:09:31 : Group: [DMN]-Mario: atrasa de los arboles
19:10:10 : Group: Jose Luis: yo veo solo un z
19:11:20 : Group: Jose Luis: quien dispara
19:11:32 : Group: [T1ER]rabbit: me
19:11:40 : Group: Azrael1x: le pudioste dar a ese mario de los arboles?
19:11:49 : Group: Jose Luis: quedaban?
19:11:53 : Group: [DMN]-Mario: no esta por ahi
19:12:03 : Group: [T1ER]rabbit: no trate de salvar a bigote
19:12:22 : Group: Azrael1x: hay caja nos llevamos a vender y repartimos
19:12:37 : Group: Jose Luis: alguien que me lleve hasta gorka
19:13:08 : Group: Azrael1x: si tranqui
19:14:24 : Group: [DMN]-Mario: gracias
19:16:18 : Group: Azrael1x: subi
19:16:43 : Group: Jose Luis: gracias por el aventon
19:17:13 : Group: BIgote: son 50 pe
19:17:27 : Group: Jose Luis: jaja oka oka
19:17:39 : Group: Azrael1x: vamos para el central y ahi rerpartimos
19:17:41 : Group: Azrael1x: ?
19:18:03 : Group: Azrael1x: yo tengo lo de la caja 
19:18:37 : Group: [DMN]-Mario: el vehiculo tambien se vende ahi
19:18:55 : Group: Azrael1x: si creo 
19:18:59 : Group: Azrael1x: en el bandit
19:19:04 : Group: Jose Luis: pongo un arma en tu coche men
19:19:13 : Group: Azrael1x: jose te llevo al ural y vamos
19:19:29 : Group: Jose Luis: dae
19:19:45 : Group: Jose Luis: pondre un arma mientras en el coche
19:21:38 : Group: Jose Luis: nos vemos en central
19:25:50 : Group: Jose Luis: mision cerca?
19:27:13 : Group: Jose Luis: ey azra que es el punto naranja
19:29:35 : Group: Azrael1x: bueno de la caja salieron 590.000
19:29:56 : Group: Jose Luis: aja
19:31:05 : Group: [T1ER]rabbit: .
19:31:09 : Group: Jose Luis: es tuya?
19:31:33 : Group: Jose Luis: rabbit es tuya?
19:31:34 : Group: [T1ER]rabbit: la puta si
19:31:42 : Group: Jose Luis: jajaja te la regalo
19:33:15 : Group: Jose Luis: donde puedo vender una pkm
19:33:25 : Group: Azrael1x: esa tampoco
19:34:40 : Group: Jose Luis: regalo esa pkm
19:34:43 : Group: Azrael1x: veni jose que te doy lo tuyo
19:34:55 : Group: Jose Luis: oka
19:35:05 : Group: Jose Luis: madre mia xD
19:35:31 : Group: Azrael1x: jaja tocaron buenos cargadores en la caja
19:35:41 : Group: Azrael1x: lastima que no se venden los de m240
19:35:51 : Group: Jose Luis: no los puedes vender donde ste?
19:37:55 : Group: Jose Luis: la mg36 no se vende que la dejaron tirada?
20:14:13 : Group: Jose Luis: ya
20:14:20 : Group: Azrael1x: oka
20:15:06 : Group: Jose Luis: ahi voy
20:15:41 : Group: Jose Luis: ey me regalan una soda tengo la garganta seca
20:16:03 : Group: Azrael1x: yo tengo si vcenis aca XD
20:16:20 : Group: Jose Luis: todo calmado o ya esta prendido?
20:19:02 : Group: Jose Luis: me disparanw
20:20:21 : Group: Jose Luis: como esta la cosa donde estan ustedes?
20:23:46 : Group: Jose Luis: que distancia estan?
20:24:40 : Group: Jose Luis: pongo sand?
20:24:48 : Group: Azrael1x: no aca al pedo
20:30:18 : Group: Jose Luis: en este juego cada ralla son 100 metro?
20:34:05 : Group: Jose Luis: carajo quien tiene balas de m24
20:35:31 : Group: Jose Luis: no estaba con vos loco
20:35:50 : Group: Jose Luis: te hago transfusion?
20:37:14 : Group: Jose Luis: quien falta sangre
20:37:33 : Group: BIgote: ahi deje balas
20:37:37 : Group: BIgote: agarra 
20:41:14 : Group: Azrael1x: voy a tratar de llegar a lado del hangar,hay torretas por la derecha,mas al fondo e izuierda creo que tambien
20:41:36 : Group: Azrael1x: jose sacame la mk de la mochila y cubrime plz
20:41:38 : Group: Jose Luis: intentare darle al de la torreta de el fondo
20:41:52 : Group: Jose Luis: voy
20:41:55 : Group: Azrael1x: no llega es mucha distancia por eso me quieiro acercar
20:42:29 : Group: Jose Luis: que balas usas
20:42:32 : Group: Jose Luis: si te escucho
20:42:34 : Group: Azrael1x: mk
20:44:53 : Group: Jose Luis: DALE YA
20:45:20 : Group: Jose Luis: NO YA CAGAMOS ESTO
20:47:18 : Group: Jose Luis: EN EL CAMION HAY UNO
20:56:27 : Group: BIgote: tenes painkiller ? 
20:56:32 : Group: Jose Luis: DALE AGARRA
20:56:50 : Group: BIgote: gracielas
20:56:59 : Group: Jose Luis: SOS DE COLOMBIA O Q BIGOTE
20:57:07 : Group: BIgote: negativo
21:13:33 : Group: Jose Luis: EPAA
21:13:52 : Group: Jose Luis: estuve atacando la base
21:13:57 : Group: Jose Luis: vendi una carga concentrada
21:14:33 : Group: Sirfes-AR: ni idea de qeu es eso jaja
21:14:44 : Group: Jose Luis: c4 loco
21:14:50 : Group: Jose Luis: vale 100000
21:14:57 : Group: Sirfes-AR: :O
21:15:14 : Group: Sirfes-AR: atacaste airport? 
21:15:21 : Group: Jose Luis: si con azra
21:15:31 : Group: Jose Luis: pero estoy esperando que se meta para devolverle su mk17
21:15:41 : Group: Jose Luis: te recojo?
21:15:43 : Group: Sirfes-AR: como atacan? desde que lado?w
21:15:52 : Group: Jose Luis: arboles de la izquierda
21:16:07 : Group: Jose Luis: a 700 metros
21:16:10 : Group: Sirfes-AR: como quieras. me voy acercando
21:16:18 : Group: Jose Luis: en que vas
21:16:38 : Group: Sirfes-AR: a pie
21:16:48 : Group: Jose Luis: espera que compro un heli
21:16:57 : Group: Sirfes-AR: okas
21:18:45 : Group: Jose Luis: ahi voy espera
21:18:55 : Group: Sirfes-AR: vamos a mision de bandidos?
21:19:14 : Group: Jose Luis: si esperame
21:20:00 : Group: Jose Luis: tenes comida?
21:21:21 : Group: Jose Luis: mira el mapa me avisas si voy a szona cliente
21:22:05 : Group: Sirfes-AR: oka
21:24:18 : Group: Sirfes-AR: mira que no tengo balas de mi m24. vas a ser vos el tiradorç
21:24:59 : Group: Jose Luis: azra se quedo con mi m40
21:25:04 : Group: Jose Luis: y yo con su mk17
21:27:58 : Group: Jose Luis: jajajaja que suerte
21:28:00 : Group: Jose Luis: jajajaajajajajaja
21:28:14 : Group: Jose Luis: vamos?
21:28:19 : Group: Sirfes-AR: ese rifle va bien?
21:28:35 : Group: Jose Luis: re bueno
21:28:38 : Group: Jose Luis: y es silenciado
21:29:26 : Group: Jose Luis: ahora si
21:29:57 : Group: Sirfes-AR: donde vamos?
21:30:01 : Group: Jose Luis: a tienda
21:30:06 : Group: Sirfes-AR: okas
21:31:39 : Group: Sirfes-AR: que buena bse
21:34:19 : Group: Jose Luis: listo veni compro comida
21:35:41 : Group: Jose Luis: ey tenes comida que me des
21:36:13 : Group: Sirfes-AR: solo eso
21:37:12 : Group: Jose Luis: ese helicoptero q
21:37:50 : Group: Sirfes-AR: son ia?
21:37:58 : Group: Sirfes-AR: sip
21:37:59 : Group: Jose Luis: pues estamos solo los 2
21:38:12 : Group: Jose Luis: les damos de baja?
21:38:20 : Group: Sirfes-AR: wtf? jaja
21:38:31 : Group: Jose Luis: los matamos?
21:39:55 : Group: Sirfes-AR: los baje
21:40:10 : Group: Jose Luis: en serio?
21:40:17 : Group: Sirfes-AR: sip
21:40:48 : Group: Jose Luis: vamos a casa
21:41:05 : Group: Sirfes-AR: espera que le saco las cosas
21:41:45 : Group: Jose Luis: tengo otro l115 y 3 cargadores para esa arma
21:43:59 : Group: Jose Luis: tenes otra m40?
21:44:26 : Group: Sirfes-AR: tengo pero en base
21:44:48 : Group: Jose Luis: calma loco
21:45:03 : Group: Jose Luis: poye porque no puedo comprar
21:45:07 : Group: Jose Luis: directamente en compra rapida
21:46:19 : Group: Sirfes-AR: vamos?
21:46:21 : Group: Jose Luis: no puedo darle compra rapida men
21:46:27 : Group: Jose Luis: necesito comprar balas pero no me deja en compra rapida
21:46:35 : Group: Sirfes-AR: que raro o.O
21:47:01 : Group: Jose Luis: hazme un favor comprame balas de m24
21:47:12 : Group: Jose Luis: me dices que te costo yo te devuelvo
21:47:21 : Group: Sirfes-AR: cuantas?
21:47:28 : Group: Jose Luis: 10 xD
21:48:43 : Group: Jose Luis: cuanto costo?
21:48:50 : Group: Sirfes-AR: mil
21:49:25 : Group: Jose Luis: toma conserva el cambio xD
21:50:05 : Group: Jose Luis: uy ese l115 tiene distancia de 1400
21:50:40 : Group: Jose Luis: creo que lo usare tengo 15 balas
21:51:02 : Group: Sirfes-AR: WTFFFFFF?
21:51:04 : Group: Jose Luis: que pasa
21:51:16 : Group: Jose Luis: hay soldados?
21:51:29 : Group: Sirfes-AR: no veo
21:51:53 : Group: Jose Luis: vamos a base?
21:52:50 : Group: Sirfes-AR: no vi nada
21:53:04 : Group: Jose Luis: vamos a base?
21:53:49 : Group: Jose Luis: sirfes loco
21:54:14 : Group: Sirfes-AR: cayo
21:54:20 : Group: Jose Luis: que cosa
21:54:27 : Group: Sirfes-AR: un soldier
21:54:41 : Group: Jose Luis: que hace aquiw
21:55:10 : Group: Jose Luis: me quieren dar una paliza
21:55:13 : Group: Jose Luis: espera
21:55:15 : Group: Jose Luis: quien
21:55:24 : Group: Sirfes-AR: JAJAJAJAJA
21:55:27 : Group: Jose Luis: jajajaja
21:55:32 : Group: Jose Luis: que se venga que no estoy manco
21:55:32 : Group: Sirfes-AR: los ia te van a buscar
21:55:50 : Group: Jose Luis: llevame a casa rapido que ire a hacer algo de beber
22:04:28 : Group: Jose Luis: ey sirfes
22:05:21 : Group: Sirfes-AR: volvi
22:05:25 : Group: Sirfes-AR: nos seguia un avion
22:05:32 : Group: Jose Luis: no jodas
22:05:39 : Group: Jose Luis: jajaj
22:05:46 : Group: Jose Luis: oye men yo vuelvo en unos minutos comere algo
22:05:48 : Group: Sirfes-AR: si jodo. te quieren matar jajaja
22:05:54 : Group: Sirfes-AR: yo igual
22:05:59 : Group: Jose Luis: saca tu dinero de la cabaña
22:06:05 : Group: Sirfes-AR: manda whatsapp
22:06:36 : Group: Jose Luis: cierro la puerta porque nos van a joder
22:06:43 : Group: Jose Luis: hablamos x whatsapp
22:07:00 : Group: Sirfes-AR: dale
