01:54:41 : Group: Rommel: como mierda aseguro la mision?
01:54:45 : Group: Rommel: mate a todos los bots
01:54:47 : Group: Rommel: -_-
01:54:59 : Group: Bad Guy: mandate al centro donde esta la caja
01:55:06 : Group: Bad Guy: anda caminando xq hay minas
01:55:19 : Group: Rommel: jaja ya probe todo
01:55:25 : Group: Rommel: pasear en la caja
01:55:30 : Group: Rommel: hay un mionca reventando
01:55:36 : Group: Rommel: pasar por todo el mionca tmb
01:55:54 : Group: Bad Guy: fijate q siempre queda uno escondido
01:56:00 : Group: Bad Guy: generalmente en el bosque
01:56:11 : Group: Rommel: ya me tendria q haber cagado a tiros
01:56:27 : Group: Bad Guy: se
01:56:31 : Group: Bad Guy: cuantos mataste_
01:57:22 : Group: Bad Guy: quedaba 1?
01:57:40 : Group: Rommel: no se aseguro jaja
01:57:51 : Group: Bad Guy: jajajaja
01:57:59 : Group: Bad Guy: justo aparecio la otra mision
01:58:10 : Group: Bad Guy: cuantos bajaste??
01:58:27 : Group: Rommel: 11
01:58:40 : Group: Rommel: deben ser 12
01:58:44 : Group: Bad Guy: fijate q tiene q quedar uno mas entonces
01:59:09 : Group: Bad Guy: desde donde vos la hiciste, fijate que te debe estar pegando la vuelta
02:01:53 : Group: Bad Guy: che me re fui
02:02:01 : Group: Rommel: se yo tmb
02:02:07 : Group: Rommel: se va al choto esta mision
02:02:08 : Group: Rommel: jaja
02:02:11 : Group: Bad Guy: JAJAJAJAJAJ
02:03:11 : Group: Rommel: me fui, nos vemos suerte
02:03:17 : Group: Bad Guy: ns vemo loco 
