16:21:45 : Side: Jose Luis: hola mario
16:22:00 : Side: [DMN]-Mario: hoka
16:22:05 : Side: Jose Luis: como vas men
16:22:06 : Side: [DMN]-Mario: hola
16:22:21 : Side: [DMN]-Mario: escondido de unos bots jeje
16:22:29 : Side: Jose Luis: bandido o heroe eres?
16:22:42 : Side: Jose Luis: donde estas
16:22:53 : Side: [DMN]-Mario: control por aeropuerto
16:23:08 : Side: Jose Luis: estabas loot
16:23:15 : Side: [DMN]-Mario: mas cerca de vybor
16:23:19 : Side: Jose Luis: buee estoy un poco lejos men
16:23:23 : Side: Jose Luis: siii ya te veo
16:23:26 : Side: [DMN]-Mario: eso tenia pensado
16:23:27 : Side: Jose Luis: y tienes transporte?
16:23:55 : Side: [DMN]-Mario: no a gamba ..volvi a perder mis cosas en un restar
16:24:14 : Side: Jose Luis: carajo te toca tirar bici
16:24:50 : Side: [DMN]-Mario: si pero esto bots tiran granadas
16:25:18 : Side: Jose Luis: si voy en heli me fusilan
16:26:14 : Side: [DMN]-Mario: voy para el lado de stary mejor
16:26:24 : Side: [DMN]-Mario: no me dejan pasar
16:26:35 : Side: Jose Luis: dale men esa zona esta llena de z
16:26:54 : Side: Jose Luis: asi que cuidado carga bastantes baas
16:26:57 : Side: Jose Luis: balas
16:26:58 : Side: [DMN]-Mario: si pero no tienen armas jaja
16:27:17 : Side: [DMN]-Mario: tengo la escopeta
16:27:27 : Side: Jose Luis: ah bue
16:28:01 : Side: [DMN]-Mario: si sale mision y vas avisame y me arrimo
16:28:39 : Side: Jose Luis: dale yo estoy esperando una de matar bandidos
16:28:56 : Side: [DMN]-Mario: cuanto de humanidad tenes
16:29:15 : Side: Jose Luis: baje 3000 ahora haciendo una de heroes
16:29:23 : Side: Jose Luis: tengo namas 1500
16:29:48 : Side: [DMN]-Mario: yo tengo 5800
16:29:55 : Side: Jose Luis: mision
16:29:58 : Side: Jose Luis: nos vemos ahi
16:30:10 : Side: [DMN]-Mario: con cuanto llegas a heroe
16:30:29 : Side: Jose Luis: creo que con 10.000 pero si matas soldiers te baja
16:30:37 : Side: [DMN]-Mario: listo nos vemos
17:40:33 : Side: Jose Luis: maldita sea admin
17:40:47 : Side: NightdeadBCE: Hola soy nuevo en el sv
17:40:55 : Side: Jose Luis: hola nigh que talwwwwwwwwwwwwwwww
17:41:13 : Side: NightdeadBCE: bien usted?
17:41:20 : Side: Jose Luis: bien de donde sos
17:41:28 : Side: NightdeadBCE: Argentina.
17:41:48 : Side: NightdeadBCE: usted
17:42:05 : Side: Jose Luis: colombia
17:42:12 : Side: NightdeadBCE: mm hay lag ?_
17:42:28 : Side: Jose Luis: va con poco fps nada mas
17:42:42 : Side: NightdeadBCE: como se aregla el tema de fps.
17:42:55 : Side: Jose Luis: baja graficos 
17:43:06 : Side: NightdeadBCE: le baje pero igaul me anda asi t.t
17:43:12 : Side: NightdeadBCE: eso que tengo una gtx 950..
17:51:06 : Side: NightdeadBCE: grupo no quieren invitar (?) XD
17:51:11 : Side: Jose Luis: dale
18:12:36 : Side: NightdeadBCE: HELLO?
19:07:38 : Side: Jose Luis: voy
19:08:07 : Side: Jose Luis: por aire disparen para cubrirme
19:09:06 : Side: Jose Luis: no jodas
19:09:16 : Side: Jose Luis: cubranse detras de las sandbags
19:14:05 : Side: Jose Luis: mario
19:14:13 : Side: [DMN]-Mario: eu
19:14:20 : Side: Jose Luis: donde saliste
19:14:22 : Side: Jose Luis: acepta grupo
19:14:34 : Side: [DMN]-Mario: voy en paracaidas 
19:15:31 : Side: NightdeadBCE: me quiere putear seguro tu amigo
19:15:36 : Side: NightdeadBCE: pense que era un but
19:15:50 : Side: NightdeadBCE: dios.
19:15:51 : Side: [DMN]-Mario: jaja
19:15:56 : Side: NightdeadBCE: como odio confundirme seguro me odia
19:16:06 : Side: NightdeadBCE: porque no lo invitas agrupo
19:16:11 : Side: Jose Luis: maldita sea
19:16:15 : Side: NightdeadBCE: perdoname
19:16:22 : Side: Jose Luis: acaso eres tan noob carajo
19:16:23 : Side: NightdeadBCE: juro que pense que era un bot
19:16:31 : Side: [DMN]-Mario: yo no tengo para invitar
19:16:36 : Side: NightdeadBCE: es que me vinieron a atacar por eso.
19:16:58 : Side: [DMN]-Mario: jefe de grupo es el queve las foto de todos
19:17:00 : Side: NightdeadBCE: los botos me vinieron a atacar por eso dislculpame 
19:17:01 : Side: Jose Luis: ok
19:17:28 : Side: [DMN]-Mario: vos tenes que invitar
19:18:13 : Side: [DMN]-Mario: me estoy acercando no tires
19:21:24 : Side: [DMN] Kostia: mario ya vajaste?
19:23:42 : Side: [DMN] Kostia: miche
19:24:15 : Side: miche: hola
19:24:20 : Side: [DMN] Kostia: hola
19:25:47 : Side: [DMN]-Mario: UNO GUARDA
19:26:31 : Side: [DMN]-Mario: es una metralla
19:30:19 : Side: [DMN] Kostia: no se scucha nada de radio
19:30:32 : Side: BIgote: hola gente 
19:30:43 : Side: [DMN] Kostia: hola
19:30:52 : Side: BIgote: todo  manso gente
19:30:56 : Side: Azrael1x: hola holaaa
19:30:56 : Side: [DMN]-Mario: hola
19:32:19 : Side: [DMN] Kostia: Miche que ses aya?
19:32:58 : Side: miche: apareci aca
19:33:06 : Side: [DMN] Kostia: jajajajaa
19:41:17 : Side: Jose Luis: ey azra
19:41:27 : Side: Azrael1x: hola papa
19:41:33 : Side: Azrael1x: diga usted
19:41:35 : Side: Jose Luis: tengo tu arma men
19:41:48 : Side: Azrael1x: dale tranqui usala si queres
19:41:48 : Side: Jose Luis: no alcance a ponerla en el reinicio
19:41:57 : Side: Jose Luis: jajaja vale tu tenes mi m40 xD
19:42:04 : Side: Jose Luis: me la das o que esta?
19:42:12 : Side: Azrael1x: allate que a mi el restart me tiro al lado del angar...me hicieron colador
19:42:27 : Side: Jose Luis: no jodas
19:42:33 : Side: Azrael1x: se bolo
19:42:38 : Side: Azrael1x: quedatela uno regalo
19:42:47 : Side: Jose Luis: epaaaa gracias
19:45:12 : Side: Azrael1x: no problemo
19:47:32 : Side: Malmsteen: hola q tal
19:48:08 : Side: [DMN]-Mario: hola
19:48:18 : Side: Azrael1x: hola loco
19:48:52 : Side: Malmsteen: de donbde es el server
19:49:02 : Side: NightdeadBCE: sinceramente nose.
19:49:16 : Side: Jose Luis: ARGENTINO
19:51:29 : Side: Malmsteen: apenas entro y ya me estan disparando -.-
19:51:42 : Side: NightdeadBCE: debes morir.
19:51:46 : Side: NightdeadBCE: capas son bots ;:V
20:09:36 : Side: [DMN]-Mario: la municion al tranza de heroes o bandidos
20:10:15 : Side: Malmsteen: la zona de trabajo es zona segura?
20:10:36 : Side: NightdeadBCE: zona de trabajo.
20:10:44 : Side: [DMN]-Mario: si ay laburo noo jaja
20:11:26 : Side: [DMN]-Mario: no se tengo de humanidad 5800
20:11:57 : Side: Malmsteen: como se gana humanidad ? por cierto
20:12:06 : Side: Jose Luis: matando z y bandidos
20:12:11 : Side: Malmsteen: ok
20:13:32 : Side: Jose Luis: en el camion te dejo la municion
20:14:47 : Side: Jose Luis: toma mas
20:23:21 : Side: NightdeadBCE: Alguien me invita a su grupo estare solo solo solo Quiero amigos...Tengo caramelos (?)
20:23:34 : Side: Malmsteen: >v
20:24:14 : Side: NightdeadBCE: Alguien quiere grupo :_?
20:35:09 : Side: Malmsteen: wtf la IA me rompio lapierda >S
20:35:32 : Side: NightdeadBCE: alguien quiere grupo t.t
20:35:44 : Side: Malmsteen: night si me ayudas te ayudo
20:36:02 : Side: NightdeadBCE: ahi te invite.
20:49:30 : Side: [MM] Crono: buenas
22:14:57 : Side: Azrael1x: gente les hago una pregunta
22:15:14 : Side: Azrael1x: las lapua o l11 las puedo vender en algun lado_
22:15:16 : Side: NightdeadBCE: q
22:19:01 : Side: Azrael1x: bueno hago oferta,vendo l11...l115 llra o lago asi con 9 cargadores 100000
22:19:07 : Side: Azrael1x: en mercado central
22:19:31 : Side: Azrael1x: l115a2 rra
22:19:41 : Side: Azrael1x: llr
22:19:44 : Side: Azrael1x: XD|
22:19:51 : Side: Azrael1x: algun interesado_
22:21:11 : Side: Azrael1x: nadieee___
23:21:05 : Side: NightdeadBCE: .
23:57:54 : Side: Jose Luis: buenas
