00:08:16 : Group: galle: pensaba q me habia bugueado hijo de dios
00:08:23 : Group: sRulo: jajjaja me hice pija con los arboles jaja
00:09:46 : Group: sRulo: si hay bandit base
00:09:53 : Group: sRulo: pasa que no esta marcada en el mapa
00:10:21 : Group: sRulo: 2 opciones para hacer la base
00:10:28 : Group: sRulo: al lado de la fabrica
00:10:37 : Group: sRulo: o entre berezino y gorka
00:10:49 : Group: sRulo: vos que decis?
00:10:57 : Group: galle: 2da
00:11:03 : Group: sRulo: ok
00:11:48 : Group: galle: te robe el oro
00:12:17 : Group: sRulo: jajaja me habia olvidado
00:12:31 : Group: galle: vamos?
00:12:34 : Group: sRulo: vamos
00:12:38 : Group: sRulo: me canse de minar jaja
00:13:10 : Group: galle: vamos a fabrica tenemos q hacer la mesa de laburo
00:13:16 : Group: galle: y traer las demas cinder
00:13:21 : Group: sRulo: sep
00:13:27 : Group: galle: y deberiamos comprar la plot
00:13:38 : Group: galle: ojo con el control aca adelante
00:14:02 : Group: sRulo: no tocamos ninguno 
00:15:37 : Group: galle: diria q 
00:15:43 : Group: galle: saquemos para 1 safe y una plot
00:15:53 : Group: galle: y transportamos lo de construccion para allá
00:15:55 : Group: galle: directo
00:16:15 : Group: sRulo: de one
00:16:30 : Group: sRulo: no queria hablar en la subida por que se quedaba el camion si no lo embalaba jaja
00:17:45 : Side: JF: Como estas Juan ?
00:18:02 : Side: Alan: buenas
00:18:06 : Side: JF: Hola alan como va
00:18:21 : Group: sRulo: mierda 5 negros conectados
00:19:05 : Side: JF: recien salude pero solo faltaban 30 segundos para el recet 
00:19:30 : Side: JF: buena a todos
00:19:36 : Side: sRulo: hola
00:19:36 : Side: Alan: dificil q te saluden aca jaja
00:20:08 : Group: galle: q te paso
00:20:11 : Group: sRulo: sos un qliaaaa
00:20:12 : Group: sRulo: jajajajaja
00:20:19 : Group: sRulo: me quebraste
00:20:26 : Group: sRulo: contra la pared me diste re firme
00:20:27 : Group: sRulo: jajajaja
00:20:30 : Side: JF: Si por que no xD 
00:20:33 : Group: galle: xddd
00:20:42 : Group: galle: cuchame
00:20:47 : Group: galle: metal poles necesitamos
00:20:51 : Group: galle: para las paredes grandes
00:20:53 : Group: galle: me parece 
00:20:56 : Group: galle: o era la puerta?
00:21:07 : Group: sRulo: nope era para la puerta pero ya tenemos un porton hecho
00:21:18 : Group: galle: joya
00:21:28 : Group: sRulo: 5k de sangre wtf
00:21:41 : Group: sRulo: y sordo -.-
00:22:04 : Group: sRulo: revoleame una lata
00:22:57 : Group: galle: estos si tiran de todo
00:23:35 : Side: sRulo: fue matame
00:23:48 : Side: sRulo: estoy hecho mierda matame 
00:27:36 : Group: galle: jajaja
00:27:39 : Group: sRulo: jajaja
00:28:43 : Group: sRulo: mepa que falta unos cargadores y un m9sd
00:28:45 : Group: sRulo: jajaj
00:29:03 : Group: galle: no te la dan gratis de bandit?
00:29:20 : Group: sRulo: si jajaj te estoy jodiendo
00:29:37 : Group: galle: yo me quiero hacer heroe
00:29:53 : Group: sRulo: y si cuando me matas te debe sumar banda
00:29:56 : Group: sRulo: o no?
00:30:08 : Group: galle: no me dio nada
00:30:13 : Group: sRulo: mba?
00:30:17 : Group: galle: x lo q estabamos en grupo parece
00:30:25 : Group: sRulo: yo cuando te mate me dio como 4k en el reset
00:30:31 : Group: sRulo: y estabamos en grupo
00:30:46 : Group: galle: ni idea entnc
00:31:28 : Group: sRulo: che tengo cagaso de perder todo
00:31:55 : Group: galle: mmm
00:31:58 : Group: galle: y si 
00:32:02 : Group: sRulo: ahhh mira con 2 g la arreglamos en la estacion
00:32:04 : Group: galle: armamos las paredes primero aca
00:32:32 : Group: sRulo: ok
00:32:57 : Group: galle: we need mesa de trabajo y el barril con fuego?
00:33:49 : Group: sRulo: workshop no es la mesa no mas?
00:33:59 : Group: galle: necesitamos plot pole
00:33:59 : Group: sRulo: tengo hacha
00:34:01 : Group: galle: si o si
00:34:07 : Group: sRulo: cuantas?
00:34:11 : Group: galle: para poner la mesa aca
00:34:15 : Group: galle: y hacer las cosas
00:34:19 : Group: sRulo: fuuuck
00:34:57 : Group: galle: como es la pass?
00:35:02 : Group: sRulo: 0090
00:35:18 : Group: galle: encima las plot estan en la otra safe
00:35:48 : Group: sRulo: pero la mesa no se arma con plot pole
00:36:06 : Group: galle: necesitamos plot urgente
00:36:18 : Group: galle: voy o vas a comprar una?
00:36:37 : Group: sRulo: estoy buscando si una rueda
00:36:41 : Group: galle: aca ta
00:36:59 : Group: sRulo: ya esta lista la suv??
00:37:03 : Group: galle: si
00:37:07 : Group: galle: full cañon
00:37:07 : Group: sRulo: anda yo tengo hacha voy cortando madera
00:37:25 : Group: sRulo: comprate aceite y un tacho de gasoil grande
00:37:56 : Group: galle: llevo 30k?
00:38:05 : Group: sRulo: no se cuanto sale la pole
00:38:11 : Group: sRulo: la plot digo
00:38:16 : Group: galle: 100mil seguro
00:38:22 : Group: galle: llevo 250
00:38:27 : Group: galle: y a la chotastruli
00:38:31 : Group: sRulo: de one
00:38:39 : Group: galle: 1 safe 1 pole y el resto en chucherias
00:38:57 : Group: galle: re q hacia q eramos millos
00:38:59 : Group: sRulo: y si te sobra merca pa lo pibe(?
00:39:09 : Group: galle: qedan 119mil
00:39:10 : Group: galle: aca
00:39:16 : Group: galle: compro plot nada mas
00:39:33 : Group: sRulo: fuck jaja lleva todo y fijate tambien hay armas para vender ahi
00:39:35 : Group: sRulo: en la safe
00:40:09 : Group: sRulo: trate si o si el tacho grande
00:40:14 : Group: galle: oka
00:40:57 : Group: galle: cuida ese camion q es nuestra vida
00:41:18 : Group: sRulo: tendria que meter la llave a la safe y lockearla jaja
00:41:55 : Direct: juandayz: hola jf como te va
00:42:34 : Side: JF: Hola juan  bien y vos 
00:42:42 : Direct: juandayz: bien :)
00:42:50 : Side: JF: cambiaste el lock jaja
00:43:01 : Direct: juandayz: jajaj estoy mas vago ahora
00:43:34 : Side: JF: esa melenita te quita años 
00:43:59 : Direct: juandayz: viste la gitana que te lee la suerte?
00:44:04 : Side: JF: esta bueno eso 
00:44:11 : Direct: juandayz: para joder no mas
00:45:05 : Side: JF: pero con esa pilcha no atrae ni al loro jaja
00:46:26 : Direct: juandayz: voy a probar suerte con la ruleta rusa, la gitana me dijo q probara
00:46:33 : Direct: juandayz: a ver q tan confiable es
00:47:13 : Side: JF: jaja funciono parece
00:47:16 : Direct: juandayz: si
00:47:18 : Direct: juandayz: :D
00:47:50 : Direct: juandayz: hola galle
00:48:24 : Side: JF: juan vendeme una suv como la primera que me diste haceme esa gauchada
00:48:33 : Direct: juandayz: mu
00:48:44 : Direct: galle: jaja
00:48:48 : Direct: juandayz: aya venden bola
00:49:11 : Side: JF: si pero las comunes 
00:49:21 : Direct: galle: pedazo de tetas
00:49:42 : Direct: juandayz: no, hay de gendarmeria, prefectura, y una de policia como la de galle, las otras las saque
00:49:50 : Side: JF: yo la pago ahi 
00:50:13 : Direct: galle: en donde compro los barriles vacios?
00:50:21 : Direct: juandayz: en el whole
00:50:23 : Side: JF: a que macana yo queria conservar la pixelada multicolor 
00:50:23 : Direct: juandayz: venii
00:50:35 : Direct: galle: donde esta la vaca
00:50:41 : Direct: juandayz: al conejo segu
00:50:42 : Group: sRulo: que onda como van los negocios en la ciudad? jaja
00:50:50 : Side: JF: no deja 
00:50:54 : Direct: galle: ty
00:51:16 : Direct: juandayz: el ultimo, fuel barrel empty es el de naafta de 200lt
00:51:29 : Direct: juandayz: el q no te deja jf?
00:52:23 : Group: galle: estas?
00:52:26 : Side: JF: che no se se meclavo aqui y no se mueve 
00:52:29 : Group: sRulo: si que paso?
00:52:35 : Group: galle: alcanzo para todo
00:52:41 : Group: sRulo: joia
00:53:02 : Group: sRulo: yo ya tengo la mesita lista
00:53:18 : Direct: juandayz: ruleta rusa es este
00:53:27 : Direct: galle: jajaja q copado
00:53:36 : Group: sRulo: la mesa se podia contruir  asi no ma jaja
00:53:40 : Direct: juandayz: 50 a 50 chances, si no te matas ganas 100.000
00:53:56 : Group: sRulo: osea ya la instale
00:54:09 : Direct: galle: si no tuviera q hacer cosas importantes
00:54:11 : Direct: galle: me la juego
00:54:21 : Direct: juandayz: si moris te borra todo el gear
00:54:30 : Direct: galle: q copado
00:54:34 : Direct: galle: ya la voy a probar
00:54:44 : Direct: galle: no se mata el viejo si gano?
00:54:54 : Direct: juandayz: tambien podes revolver en las cosas del viejo
00:55:00 : Direct: juandayz: para sacar un item al azar
00:55:18 : Direct: galle: como?
00:55:20 : Direct: galle: pero me mata?
00:55:22 : Direct: juandayz: por una silverbar de 10on
00:55:29 : Direct: juandayz: no, no te mata
00:55:47 : Direct: juandayz: buscar items usados
00:55:48 : Direct: galle: a ver..
00:56:47 : Direct: juandayz: y compraste la suv?
00:57:25 : Side: JF: ahorita en este momento
00:57:40 : Direct: juandayz: jodeme q te toco un papel higienico jjaja
00:57:42 : Direct: galle: 1 rueda
00:57:44 : Direct: galle: si
00:57:46 : Direct: juandayz: ahh bienn
00:57:46 : Direct: galle: jajaja
00:57:50 : Direct: juandayz: jaaj
00:57:56 : Direct: galle: lo mas piola q podes sacar?
00:57:59 : Direct: juandayz: hay 33 items distintos
00:58:01 : Direct: galle: estan todos los items de juego?
00:58:13 : Direct: juandayz: si casi todos
00:58:26 : Direct: galle: copado
00:58:31 : Direct: juandayz: comida,bebida. municion,partes de auto..etc
00:58:36 : Direct: galle: muy lindo server, los felicito
00:58:43 : Direct: juandayz: gracias :)
00:58:45 : Direct: galle: gracias x la ayudita
00:58:48 : Direct: juandayz: ;)
00:58:51 : Direct: galle: sigo con lo mio q mi compa me mata
00:58:56 : Direct: juandayz: la proxima visita a la gitana :P
00:59:00 : Side: JF: ya la pague pero me salio una camo comun jaja
00:59:04 : Direct: galle: qe gitaananaaaa
00:59:12 : Direct: juandayz: pero elegiste la camo
00:59:17 : Direct: juandayz: la q te lee la suerte
00:59:20 : Direct: galle: donde esta la gitana?
00:59:31 : Direct: juandayz: es para joder no mas
00:59:41 : Direct: galle: jaja estoy pobre
00:59:58 : Side: JF: y cual es la pixelada
01:00:06 : Direct: juandayz: cual queres vos?
01:00:15 : Group: galle: estuve con el adm
01:00:21 : Group: galle: me explico unas cosas re piolas en el trade
01:00:25 : Direct: juandayz: editadas qedaron 3- la suv black, es la policia
01:00:26 : Group: galle: va re wtf
01:00:31 : Direct: juandayz: la green es la gendarme
01:00:32 : Group: sRulo: ah si??
01:00:34 : Group: sRulo: q onda?
01:00:37 : Direct: juandayz: y la white la de prefectura
01:00:41 : Group: galle: esta el de la ruleta rusa
01:00:45 : Side: JF: la que tenia cuadritos de multicolor
01:00:56 : Group: galle: si ganas te da 100mil
01:00:56 : Direct: juandayz: quedaron esas 3 no mas
01:01:03 : Group: galle: si perdes te matas y perdes todo el gear
01:01:11 : Group: sRulo: ta bueno
01:01:20 : Group: sRulo: onda si no tenes nada en cima
01:01:21 : Group: sRulo: jaja
01:01:21 : Group: galle: la gitana te lee la suerte
01:01:35 : Group: galle: y por 200 silver podes revolver entre las cosas viejas de un viejo
01:01:35 : Side: JF: no por eso te dije que la dejes nomas cuando las pongas de nuevo hacemos negocio jaja
01:01:40 : Direct: juandayz: ahi te di la plata y te borre esta
01:01:58 : Direct: juandayz: la white esta piola
01:02:12 : Side: JF: bueno como quieras se la iv a dar a galle porque dijo estaba pobre
01:02:14 : Group: sRulo: nos quedamos sin valdes
01:02:26 : Group: sRulo: 32 media paredes
01:02:34 : Group: sRulo: osea 16 paredes
01:02:57 : Side: JF: no esa se ve a la legua jaja
01:03:09 : Group: sRulo: mmm andamos con eso para hacer la parte de abajo?
01:03:26 : Side: JF: no te agradezco 
01:03:28 : Group: galle: sobrado
01:04:02 : Side: JF: che ayer habia una que decia manicomio esa me puede interesar
01:04:11 : Direct: juandayz: no, la saque
01:04:20 : Direct: juandayz: para achicar el archivo
01:04:32 : Side: JF: y por que sacaste las mejores
01:05:07 : Group: sRulo: uhh me olvide de decirte que compres fosforos
01:05:18 : Group: galle: cagamo
01:05:30 : Group: sRulo: igual es para desp
01:06:08 : Group: galle: como pusiste la mesa?
01:06:24 : Group: sRulo: de una asi cuando la crafte me dejo
01:06:33 : Group: galle: ami no me dejaba
01:06:38 : Group: galle: keku
01:06:53 : Group: galle: bueno vamos?
01:07:02 : Group: sRulo: cuando crafteaste una mesa qlia??
01:07:03 : Group: sRulo: jaja
01:07:33 : Group: galle: llevo esta safe?
01:07:38 : Group: galle: o la dejamos?
01:07:53 : Group: galle: dejamos por las dudas
01:07:58 : Group: sRulo: como quieras
01:08:07 : Group: sRulo: ahh bue me pego antes de subirme
01:10:09 : Group: galle: la mision mas dificil del dia
01:10:20 : Group: sRulo: la mas arriesgada
01:12:21 : Group: sRulo: mira el sabandija este donde esta
01:12:32 : Group: galle: me tiritaba la mano por chocarlo
01:12:36 : Group: sRulo: full repair jaja
01:13:11 : Group: galle: q piola eso de la ruleta rusa
01:13:44 : Group: galle: si arrancas en el server
01:13:45 : Group: sRulo: cuanto te podias ganar?
01:13:48 : Group: galle: y haces eso y sale
01:13:52 : Group: galle: sacas 100mil
01:13:54 : Group: galle: 1 safe..
01:14:10 : Group: sRulo: se pero no es fuaaa
01:14:17 : Group: galle: bueno pero es gratis..
01:14:46 : Group: galle: en vez de q me culeen 15 veces los bots, me juego unas 5 ruletas rusas
01:15:05 : Group: sRulo: si pero lo de la ruleta rusa no te sale siempre o si?
01:15:16 : Group: galle: 50%
01:15:30 : Group: sRulo: osea no te sale siempre en el marcador para hacerla
01:15:51 : Group: galle: no, tenes q ir al trade y le propones el juego a 1 viejo q esta en la entrada
01:15:58 : Group: galle: y justo al lado por 20silver
01:16:05 : Group: galle: revolves entre los objetos del viejo
01:16:10 : Group: galle: podes sacar por 20 silver
01:16:11 : Group: galle: una safe
01:16:14 : Group: galle: o una plot
01:16:24 : Group: galle: o un papel higienico
01:16:27 : Group: galle: etc
01:16:27 : Group: sRulo: aca te gusta?
01:16:33 : Group: sRulo: o donde decis?
01:16:42 : Group: galle: mm algo mas derecho?
01:16:57 : Group: sRulo: la cosa es no estar en un pozo
01:17:11 : Group: galle: aca ta piola
01:17:19 : Group: galle: se ponen en la fire y los hacemo pija
01:17:27 : Group: sRulo: de una
01:17:36 : Group: sRulo: espero que se pueda
01:17:43 : Group: galle: ojo con los cables
01:17:46 : Group: galle: q no nos molesten
01:17:56 : Group: galle: aca
01:18:03 : Group: sRulo: ok
01:18:09 : Group: sRulo: pone
01:18:22 : Group: sRulo: aca
01:18:28 : Group: sRulo: esta mas al medio de lo liso
01:18:31 : Group: galle: gg
01:18:36 : Group: sRulo: wtf
01:18:36 : Group: galle: trade city a 900m
01:18:57 : Group: sRulo: el acerradero esta a 830
01:18:57 : Group: galle: 900mts lejos de un loot militar
01:19:02 : Group: sRulo: fuck
01:19:56 : Group: galle: es muchisimo
01:20:52 : Group: sRulo: aca estamos a 900
01:21:02 : Group: galle: aca?
01:21:09 : Group: sRulo: se
01:21:28 : Group: sRulo: para
01:21:37 : Group: sRulo: aca
01:22:04 : Group: galle: lo ves?
01:22:11 : Group: sRulo: se´p
01:22:33 : Group: sRulo: es grande la zona
01:22:51 : Group: galle: enorme
01:23:06 : Group: galle: sabes q nos faltan pisos
01:23:08 : Group: galle: :S
01:23:34 : Group: sRulo: los podemos hacer de mader
01:23:37 : Group: sRulo: madera
01:23:51 : Group: galle: aceite no traje
01:23:52 : Group: galle: T-T
01:24:00 : Group: sRulo: fuck
01:24:08 : Group: galle: se fue el adm
01:24:10 : Group: galle: lcsm
01:24:12 : Group: sRulo: bueno traje otra hacha asi no me dejas solo jaja
01:24:32 : Group: sRulo: pero ni pongamos piso abajo digamos
01:24:33 : Group: galle: guardemos todo en una safe
01:24:34 : Group: galle: ya
01:25:18 : Group: sRulo: sabes que estamos muy cerca del herozone?
01:25:24 : Group: galle: 1196
01:25:24 : Group: sRulo: no me gusta mucho jaja
01:25:33 : Group: galle: bueno rajemos
01:25:38 : Group: galle: busquemos otra zona
01:25:39 : Group: sRulo: na ya fue
01:25:40 : Group: sRulo: jaja
01:25:51 : Group: galle: no me gusta mucho aca
01:25:54 : Group: sRulo: no creo que sea tan abuzo
01:25:57 : Group: galle: x lo q esta inclinado
01:25:57 : Group: sRulo: abuso
01:27:10 : Group: sRulo: es que si no es aca es al lado de gorka
01:27:52 : Group: sRulo: o detras de la ciudad de orlovets
01:28:17 : Group: sRulo: si pusiste esa marca sacala ya la ven todos
01:28:36 : Group: sRulo: segundo esta muy al camino de todo
01:28:36 : Group: galle: y cerca del altar?
01:28:44 : Group: sRulo: esa puede ser
01:29:00 : Group: sRulo: ahi te iba bien jaja
01:29:07 : Group: sRulo: estaba lisa esa zona creo
01:29:07 : Group: galle: se olvidate
01:29:09 : Group: sRulo: vamos
01:29:10 : Group: galle: si
01:29:12 : Group: galle: vamo
01:29:16 : Group: galle: tenes palanca?
01:29:22 : Group: sRulo: sepw
01:30:00 : Group: galle: qdo marcada
01:30:27 : Group: sRulo: sepw
01:30:44 : Group: sRulo: la safe la sacaste?
01:30:53 : Group: galle: si
01:31:00 : Group: galle: el del bandit esta donde siempre?
01:31:04 : Group: galle: o esta en otro lado?
01:31:15 : Group: sRulo: ahh?
01:31:18 : Group: sRulo: siii
01:31:20 : Group: galle: el camp
01:31:23 : Group: sRulo: sisisiw
01:31:28 : Group: sRulo: creo que esta mas atras
01:31:42 : Group: sRulo: osea en el descampado de atras donde gralmente estabaw
01:31:49 : Group: galle: ahh si
01:32:52 : Group: galle: mamadera
01:34:43 : Group: galle: de ahi se pueden sacar pisos o los metal pole?
01:34:48 : Group: sRulo: sew
01:34:50 : Group: galle: o te tiran las trap
01:34:53 : Group: galle: tank
01:35:15 : Group: sRulo: metal pole traps y scrapw
01:35:52 : Group: sRulo: che yo ya tengo que abandonar
01:36:00 : Group: sRulo: dejamos en la fabrica?
01:36:01 : Group: galle: lleguemos
01:36:09 : Group: galle: y meto todo en la safe
01:36:15 : Group: galle: te da el tiempo?
01:36:21 : Group: sRulo: seaw
01:36:27 : Group: sRulo: a la fabrica
01:36:31 : Group: galle: oka
01:36:44 : Group: sRulo: porque la otra zona tengo miedo de cruzarme denuevo a los otros giles
01:37:20 : Group: sRulo: mira esta era la otra zona q te deciaw
01:37:52 : Group: sRulo: aca
01:37:58 : Group: galle: puede ser
01:38:06 : Group: sRulo: bueno mañna vemos
01:38:06 : Group: galle: ya buena
01:38:31 : Group: galle: aca esta re parejo
01:38:49 : Group: galle: pongo aca
01:38:51 : Group: galle: la safe
01:39:06 : Group: sRulo: aca la vamos hacer entoncs?
01:39:07 : Group: galle: 2293
01:39:09 : Group: galle: anota
01:39:35 : Group: sRulo: listorti
01:40:06 : Group: sRulo: te sampe la llave del camion en la mochi
01:40:13 : Group: sRulo: yo me voy
01:40:21 : Group: sRulo: me van a castrar si sigo
01:40:25 : Group: sRulo: nos vimos
01:40:26 : Group: galle: jajaj bueno
01:40:29 : Group: galle: ns vemo
01:40:39 : Group: sRulo: no te olvides de desenganchar el camion
01:40:40 : Side: Alan: buenas
01:40:45 : Group: galle: oka
01:40:53 : Group: sRulo: x q con el rest desaparece si esta town
01:41:06 : Side: JF: jaja buenas de nuevo
01:41:19 : Side: Alan: jaja
01:41:59 : Side: JF: te fuiste a dormir y se te requebrajo el ojo como la pantera rosa 
01:42:12 : Side: Alan: jajaja noo me estaban saludando
01:42:17 : Side: Alan: es mi cumple hoyy jaja
01:43:40 : Side: JF: Ho que bueno loquin que lo cumplas muy feliz !!
01:43:49 : Side: Alan: jaja gracias genio
01:44:56 : Side: JF: es mas venite al trade y pago la ronda bebible jaja
01:45:03 : Side: Alan: ajajaja
01:46:37 : Side: JF: como andas Daro te ayudo en algo amigo
01:47:01 : Side: Alan: oh fekher
01:47:06 : Side: daro: hola todo bien
01:47:07 : Side: Alan: el q me queria matar en rg1
01:47:17 : Side: daro: los conosco_ jaja
01:47:31 : Side: Alan: a mi ni de vista amigo
01:47:53 : Side: Fekher: quien te conoce papa?
01:48:07 : Side: Alan: tu novia
01:48:13 : Side: JF: che sos bandido Daro aqui tratamos de ayudarnos entre todos a diferencia de otros server
01:48:40 : Side: Fekher: really
01:52:17 : Side: daro: che a ustedes tmb se les ve nublado
01:52:24 : Side: Alan: no
01:52:44 : Side: daro: oka
01:52:48 : Side: JF: que cosa se ve nublado
01:52:51 : Side: Fekher: es raro, es como si se viera nublado
01:53:09 : Side: Fekher: debe ser alguna opcion
01:53:19 : Side: Alan: a los 2 se les ve nublado _
01:53:42 : Side: Fekher: si, de cerquita se ve bien. Pero miras un toque a los costados o al horizonte y se ve sin definicion
01:54:22 : Side: Alan: q raro che, a ninguno se le vio asi
01:54:29 : Side: Alan: es mas es el mejor server optimizado
01:54:29 : Side: Fekher: nunca antes
01:54:42 : Side: JF: talves ya tiene que beber o comer y se le empiesa a bajar la sangre
01:54:50 : Side: Pampita: Hola chicos
01:55:03 : Side: Alan: hola pampita
01:55:07 : Side: JF: Hola niña
01:56:10 : Side: JF: che tengo un rotor de heli a alguien le interesa?
01:57:43 : Side: Alan: para pampita lpm
01:59:54 : Side: Alan: pampitaa
02:00:00 : Side: Pampita: ?
02:00:06 : Side: Alan: es mi cumpleaños y asi me tratas
02:00:16 : Side: Pampita: uy perdon
02:00:21 : Side: Pampita: despues me mando una foto en pelotas
02:00:24 : Side: Alan: aparte soy nuevo en esto jaja
02:00:39 : Side: Alan: no quiero eso, quiero q no me mates y me dejes mis cosas jaja
02:00:43 : Side: Pampita: ah no que soy menor y es ilegal
02:01:52 : Side: Alan: pampita
02:01:56 : Side: Alan: no quieres ir de misiones ?
02:02:28 : Side: Pampita: no solo entre a satisfacer mi necesidad de muerte
02:02:31 : Side: Pampita: ya me voy a dormir
02:05:40 : Side: Pampita: adios chicos
02:08:39 : Side: Alan: esa pampita
02:08:44 : Side: Alan: tiene terrible cheat
02:09:26 : Side: Alan: che jf estas ?
02:09:35 : Side: JF: si estoy
02:09:45 : Side: Alan: no me puedes trarr cosas para reparar mi auto ?
02:10:03 : Side: JF: que necesitas y dondde estas
02:10:33 : Side: Alan: NECESIT body, engine, 2 ruedas
02:10:42 : Side: Alan: glass 1 y glass 2
02:10:56 : Side: Alan: yo te doi los coins
02:11:23 : Side: Alan: ay te marque en el mapa
02:14:08 : Side: Alan: y podes jf ?
02:14:35 : Side: JF: si voy en camino
02:14:43 : Side: Alan: buenisimo
02:18:49 : Side: Alan: me hizo mierda ese tal pampita
02:19:02 : Side: JF: JAJAJA
02:21:18 : Side: Alan: falta el body y el engine
02:22:29 : Side: Alan: te mande grupo edgar
02:22:47 : Side: Alan: graciass jff
02:22:49 : Side: Alan: querido
02:24:49 : Side: Alan: jaja yo sabia q eras vos
02:25:05 : Side: Alan: sabes por q me di cuenta q era un admin
02:25:08 : Side: Alan: o un cheat o lo q sea
02:25:22 : Side: Alan: por q hacia 5 minutos su camioneta
02:25:29 : Side: Alan: que estaba en la otra punta del mapa
02:25:35 : Side: Alan: entro y enseguida aparecio en la otra punta
02:26:09 : Side: Alan: ella tiene su propia skin
02:26:16 : Side: Alan: por eso te digo
02:26:42 : Side: Alan: es la unica q hay se la regalo juan
02:27:23 : Side: Alan: jaja bueno no importa, pero mis dudas no me la sacaran
02:27:34 : Side: Alan: por q vi su camioneta y esa camioneta la tiene solamente ella
02:27:44 : Side: Alan: la vi en la otra punta del mapacuando habia deslogueado ayer
02:27:51 : Group: Alan: edgar
02:27:56 : Group: edgar: khe
02:28:00 : Group: Alan: tengo pensado
02:28:04 : Group: Alan: hacerla mas cerca a la base
02:28:07 : Group: Alan: q te parece _
02:28:09 : Group: edgar: si
02:28:15 : Group: Alan: quieres q traigamos
02:28:17 : Group: Alan: todo
02:28:18 : Group: edgar: donde sera
02:28:21 : Group: Alan: vi un lugar bastante bueno
02:28:28 : Group: Alan: pera q compro engine
02:28:37 : Group: edgar: lo sacastes de la mission?
02:28:47 : Group: Alan: lo compre
02:28:49 : Group: Alan: ta bueno jaja
02:29:26 : Side: Alan: ta bienn chuky querido fue una opinion nada mas
02:29:37 : Side: Alan: es mas no me saco nada jaja bien generosa
02:29:58 : Group: Alan: a donde consigo boddy -
02:30:03 : Group: edgar: creo que tengo balas pal auto
02:30:13 : Group: Alan: me falta reparar el boddy
02:30:15 : Group: edgar: compra scrap
02:30:16 : Side: Alan: jajaja es q
02:30:28 : Side: Alan: mira yo opine pero no dije de la manera cheat cheat
02:31:07 : Side: Alan: jaja pero yo no puedo acusarla soy nuevo en esto jaja
02:31:11 : Side: Alan: no tengo ni la menor idea del juego aun
02:31:35 : Side: Alan: lo q si nose como mierda hace
02:31:40 : Side: Alan: para encontrar gente tran rapido jaja
02:32:31 : Group: edgar: a donde bamos?
02:32:36 : Group: Alan: te voy a mostrar
02:32:40 : Group: Alan: donde quiero hacer la base
02:32:40 : Group: edgar: ok
02:32:50 : Side: Alan: o encuentro puro zombis jaja
02:34:00 : Side: Alan: si igual soy muy nuevo en este juego
02:34:03 : Side: Alan: me falta montonasoo aunw
02:34:30 : Group: Alan: q te parece aca
02:34:35 : Group: edgar: mmmm
02:34:51 : Group: edgar: esta bien
02:35:00 : Group: Alan: ok
02:35:08 : Group: Alan: buscamos todo lo de la otra base entonces _
02:35:12 : Group: edgar: si
02:35:16 : Side: Alan: si ya me contaron de ese dayz
02:35:25 : Side: Alan: decian q casi todos se morian del hambre o sed jaja
02:35:30 : Side: Alan: ni comida encontraban
02:35:41 : Group: Alan: compramos un heli
02:35:44 : Group: Alan: y la hacemos de madera
02:35:56 : Group: edgar: ok
02:37:56 : Side: Alan: jaja claroo igual
02:38:00 : Side: Alan: es dificil este tmb
02:38:40 : Side: Alan: maneja
02:38:43 : Side: Alan: sos mas rapido vos
02:39:11 : Group: Alan: tenemos como 5 motosierra
02:39:17 : Group: edgar: mmm
02:39:17 : Group: Alan: yo traigo oil y gasolina ya
02:39:23 : Group: edgar: bueno
02:39:25 : Group: Alan: asi q tendremos los materiales rapido
02:39:30 : Group: edgar: sabes contruir con madera
02:39:33 : Group: edgar: ?
02:39:33 : Group: Alan: por q con la motosierra ya te da lumber pack
02:39:41 : Group: Alan: sera mi primera ves q contruya algo
02:39:44 : Group: Alan: xd
02:39:59 : Group: Alan: todo lo q se hasta ahora es por vos y juan
02:45:17 : Group: edgar: y los otros autos
02:45:19 : Group: edgar: ?
02:45:23 : Group: Alan: woo
02:45:25 : Group: Alan: robaron todo
02:45:34 : Group: Alan: q mierda
02:45:43 : Group: edgar: pero tenian llave
02:45:52 : Group: Alan: si pero yo las guardaba
02:45:55 : Group: Alan: aca en la carpa
02:46:34 : Group: Alan: esta es 3616
02:46:34 : Group: edgar: y la otra safe?
02:46:37 : Group: Alan: viste
02:46:39 : Group: Alan: me la robaron
02:47:08 : Group: edgar: mmmm tenian de todo
02:47:14 : Group: Alan: puedo llevar los lockbox con todo adentro _
02:47:52 : Group: Alan: me sacaron las llaves tmb de esto
02:48:00 : Group: edgar: mmmm
02:48:52 : Side: Alan: chuky
02:48:53 : Side: Alan: estas_
02:49:16 : Side: Alan: mmm
02:49:18 : Side: Alan: tendriamos q ir
02:49:22 : Side: Alan: y comprar un camion
02:49:27 : Side: Alan: para llevar todo
02:49:32 : Side: Alan: quieres coins
02:49:35 : Side: Alan: y va con el heli
02:49:36 : Side: Alan: _
02:49:40 : Group: edgar: pos nose
02:49:49 : Side: Alan: con el heli lo haremos mas rapido
02:49:57 : Group: edgar: como quieras
02:50:07 : Group: Alan: dime vos que sabes mas jaja
02:50:28 : Group: Alan: te doi 100k compras 1 camion y lo enganchas al heli
02:50:30 : Group: Alan: y lo traes
02:50:34 : Group: edgar: ok
02:50:38 : Group: Alan: llevamos todo adentro del camion y lo llevamos con el heli
02:50:49 : Group: Alan: quieto xd
02:51:03 : Group: Alan: ta
02:51:33 : Group: Alan: a esat este tmb
02:51:36 : Group: Alan: compramos 2 camion
02:51:40 : Group: Alan: y traemos los 2
02:51:44 : Group: Alan: asi hacemos todo de un tiro
02:51:59 : Group: Alan: ah no tengo
02:52:25 : Group: edgar: tu maneja
02:52:34 : Group: edgar: me tengo que ir
02:52:47 : Group: Alan: ah ya te vas _
02:52:55 : Group: edgar: si 
02:53:03 : Group: Alan: ahh entonces lo hacemos otro dia
02:53:07 : Group: edgar: si
02:53:24 : Group: Alan: cuando estamos por empezar
02:53:27 : Group: Alan: te tiens q ir siempre
02:53:28 : Group: Alan: hdp xd
04:21:46 : Side: Alan: jf tienes base _
04:23:34 : Side: JF: por que me preguntas
04:23:43 : Side: Alan: por preguntar
04:24:04 : Side: JF: ah y vos tenes?
04:24:10 : Side: Alan: no se hacer
04:24:46 : Side: Alan: vos tenes_
04:25:31 : Side: JF: en este server es medio complicado mantener la base por eso no me preocupo mucho viste que pasa el avion y te destruye todo
04:26:15 : Side: Alan: si pero pasa
04:26:21 : Side: Alan: siempore por los mismo lados
04:26:24 : Side: Alan: pero sabes hacer bases ?
04:27:37 : Side: JF: y si lo haces con puro material una que cuesta mucho dinero y otra que hay que mantenerlo o se degrada y se pierden las paredes
04:27:52 : Side: Alan: y con maderas _
04:28:00 : Side: JF: mas o menos algnas cosas se y otras no 
04:28:56 : Side: JF: con madera no se como sera pienso que las armas de alto poder atraviesan igual las paredes de madera 
04:30:14 : Side: Alan: las cajas fuerte y el lockbox
04:30:22 : Side: Alan: puedo agarrarlo con todas las cosas adentro
04:30:26 : Side: Alan: o tengo q sacar todo _
04:31:30 : Side: JF: en el supuesto caso de que lo queres cambiar de lugar creo que se desancla solamente vacia
04:35:57 : Side: Alan: quieres
04:35:59 : Side: Alan: q hagamos una base
04:36:01 : Side: Alan: para los 2
04:36:02 : Side: Alan: _
04:37:03 : Side: JF: ah perdoná no estaba prestando atencion podes repetirme
04:37:14 : Side: Alan: q si quieres hacer una base conmigo
04:37:16 : Side: Alan: q sea para los 2
04:38:06 : Side: JF: por mi no hay problema pero tenes algun lugar
04:38:12 : Side: Alan: sisi ya tengo todo
04:38:25 : Side: Alan: aca donde te puse en el mapa
04:38:30 : Side: Alan: es mi antigua chosa
04:38:36 : Side: Alan: ven asi agarramos todo lo qtengo
04:38:43 : Side: Alan: y la llevamos donde va hacer la base
04:39:07 : Side: JF: bueno esperame un momentito
04:41:21 : Side: Alan: yac ya traje el ural
04:41:24 : Side: Alan: asi q estoy poniendo todo
04:45:31 : Side: JF: jaja queda retirado  hay voy 
04:46:01 : Side: Alan: tengo como 5 motosierra
04:46:07 : Side: Alan: asi q juntaremos madera rapidisimo jaja
04:58:10 : Side: Alan: alfin jaja
04:58:12 : Side: Alan: mira ese camion
04:59:33 : Side: Alan: tamos
05:00:35 : Side: Alan: pera
05:01:20 : Side: Alan: ven vamos
05:01:34 : Side: Alan: en q viniste _
05:03:14 : Direct: Alan: acepta grupo
05:04:01 : Direct: Alan: vamos _
05:04:39 : Side: Alan: pero dejalo abierto
05:05:12 : Side: Alan: jf estas ?
05:07:38 : Vehicle: JF: cuidado  abajo
05:07:52 : Side: Alan: NOOO
05:10:16 : Side: Alan: jf me voy a al mierda ma;ana compro todo de nuevo
05:10:19 : Side: Alan: esta tu cuerpo
05:10:22 : Side: Alan: alado del camion
05:10:31 : Side: Alan: ma;ana armamos la base
05:10:36 : Group: JF: no espera que hay que recuperar
05:10:52 : Group: Alan: estaba todo adentro del camion
05:10:57 : Group: Alan: imposible recuperar
05:11:13 : Group: JF: ño de tu mochila
05:11:24 : Group: JF: lo de tu mochila
05:11:33 : Group: Alan: no tenia nada en mi mochila
05:11:36 : Group: Alan: puse todo en el camion
05:12:19 : Group: JF: que cagada por suerte el otro salio
05:12:47 : Group: JF: tengo dos kilometros y medio ya llego
05:12:59 : Group: Alan: te veo
05:13:29 : Group: Alan: a eran refuerzos
05:13:59 : Group: Alan: yo me voy jf esta tu cuerpo alado del camion
05:13:59 : Group: JF: si ahi abajo justo habia una mision pense que vos sabias
05:14:04 : Group: Alan: ma;ana le damos duro a la base
05:14:11 : Group: Alan: noo no la habia visto
05:14:19 : Group: Alan: jaja
05:14:23 : Group: Alan: ma;ana compro todo
05:14:26 : Group: Alan: no te hagas drama
05:14:49 : Group: Alan: nso vemos
13:04:55 : Side: juandayz: hola alann
13:05:25 : Side: Alan: juan querido
13:05:27 : Side: Alan: como estas
13:05:36 : Side: juandayz: bienn feliz cumple
13:05:45 : Side: Alan: ohh graciass queridoo
13:06:19 : Side: Alan: ayer en la noche
13:06:24 : Side: Alan: no sabes lo q me paso xd
13:06:31 : Side: juandayz: q onda
13:06:41 : Side: Alan: me compro un camion y un helicoptero
13:07:00 : Side: Alan: para llevar todo lo q tenia en mi base a otro lado por que me sacaron todos los vehiculos
13:07:18 : Side: Alan: lleno el camion con todo cuando estaba por llegar paso por arriba de una mision
13:07:26 : Side: Alan: y me explotaron todo jaja
13:07:27 : Side: juandayz: jajaj te fundieron
13:07:29 : Side: Alan: perdii toodoo
13:07:44 : Side: juandayz: estas viniendo al mercado?
13:07:48 : Side: Alan: si
13:07:57 : Side: juandayz: bajate de la bici q te traigo
13:08:05 : Side: Alan: ya
13:08:12 : Side: juandayz: tengo un regalo de cumple aca en el mercado :P
13:08:18 : Side: Alan: ohhh me gusta esoo
13:08:22 : Side: Alan: que grandeee juancitooo
13:15:20 : Side: juandayz: acercate a la gitana
13:15:27 : Side: juandayz: y subi el volumen :D
13:15:38 : Side: Alan: a ver jaja 
13:15:44 : Side: Alan: te maldicen las gitanas
13:15:50 : Side: Alan: a donde esta
13:16:06 : Side: Alan: jajajaja
13:16:18 : Side: Alan: veo mucha muerte jaja
13:16:20 : Side: juandayz: re paraguaya por ahi
14:59:19 : Side: Alan: entro y restart
14:59:20 : Side: Alan: lpm
14:59:26 : Side: Alan: server d emierdaaa jaja
15:31:34 : Side: galle: WHAAAAATS
15:31:48 : Side: galle: WHERE
15:32:14 : Side: galle: mamadera, estan baratas?
15:33:18 : Side: galle: te dejan tiritando
15:33:22 : Side: galle: me imagino
15:34:05 : Side: galle: no T-T jajaja
15:34:36 : Side: juandayz: alan salio chueco de ahi adentro
15:36:47 : Side: galle: necesito ayuda
15:36:53 : Side: galle: para construir
15:37:12 : Side: Alan: yo tmb
15:37:15 : Side: Alan: estoy por empezar
15:37:18 : Side: Alan: a construir mi base
15:38:57 : Side: Alan: queres venir galle
15:39:02 : Side: Alan: y contruyamos 1 juntos ?
15:39:15 : Side: sRulo: me queres robar a mi compa gil q te pasa? jaja
15:39:24 : Side: Alan: q onda rulo cabeza de garcha jaja
15:39:24 : Side: galle: jaja pasa q ya tengo team
15:39:56 : Side: Alan: entonces para q pedis ayuda pedazo de gorreado
15:42:47 : Side: galle: juan
15:42:52 : Side: galle: me das una mano
15:45:34 : Side: galle: juan, estas?
15:45:42 : Side: galle: adm estas?
15:56:47 : Side: Davi: Hola a que hora abre el cabaret?
15:56:55 : Side: Alan: las 24 hrs
15:57:18 : Side: Davi: Alguien sabe donde queda?
15:57:27 : Side: Alan: en el mercado cenrtal
15:57:30 : Side: Alan: en una carpa
15:57:47 : Side: Davi: Listo voy para alla. Alguien quiere ir a tomar algo?
15:58:01 : Side: Alan: ando haciendo mi base
15:58:04 : Side: Alan: dsp jaja
15:58:07 : Side: Alan: vente a laburar conmigo
15:58:39 : Side: Davi: Voy a atender una negra y vengo.
15:58:54 : Side: galle: admin estas?
15:59:03 : Side: Davi: Sip
15:59:19 : Side: galle: sos adm?
15:59:38 : Side: juandayz: vino a probar las putas el adm david
15:59:58 : Side: Davi: Hola juan! vengo a ver que onda todo y me echo uno y me voy
16:00:10 : Side: galle: necesito ayuda con el snap
16:00:15 : Direct: juandayz: entrale al burdel
16:00:17 : Side: galle: no se alinea automatico?
16:00:40 : Side: juandayz: scroll menu, snap on, tecla F
16:00:54 : Direct: Davi: hasta una cama tiene
16:01:02 : Side: galle: gracias
16:01:07 : Direct: juandayz: si es buen servicio
16:01:11 : Direct: juandayz: pusiste?
16:01:16 : Direct: Davi: inodoro jajajajajaj
16:01:27 : Direct: Davi: esta re cara la loca esta
16:01:31 : Direct: juandayz: ahi te di 1000 pa q debutes
16:01:33 : Direct: Davi: no tengo 
16:01:37 : Direct: Davi: aa a ver
16:01:52 : Direct: Davi: JAJAJAJAJAJAJAJAJAJAJJAJAJA
16:02:00 : Direct: juandayz: :D
16:02:02 : Direct: Davi: ME TENTE BOLUDO
16:02:13 : Direct: juandayz: eso q no viste la gitana q te pide moneda
16:02:14 : Direct: Davi: LOS DE AFUERA ESCUCHAN LA MUSICA?
16:02:19 : Direct: juandayz: veni
16:02:50 : Direct: Davi: jajajajajajajajajajajajja
16:02:57 : Direct: juandayz: re paraguaya jajaj
16:03:08 : Direct: Davi: qioere ser mi amiga dice
16:03:18 : Direct: juandayz: jajaj pone oir mi suerte
16:03:23 : Direct: Davi: isisis 
16:03:42 : Direct: Davi: che donde esta la camioenta de noelia?
16:03:51 : Direct: juandayz: te hize la gendarme pa vos
16:03:55 : Direct: Davi: me le voy aparecer en la base al otro con eso
16:04:20 : Direct: Davi: estan genial boludo no habia visto esto
16:04:30 : Direct: Davi: JAJAJAJAJJAJAJAJ
16:04:42 : Side: Davi: Alan donde tenes tu base?
16:04:52 : Side: Davi: Voy a visitarte.. Soy friendli no disparo a nadie
16:04:56 : Side: Alan: si lo digo va avenir rulo y el otro
16:04:59 : Side: Alan: y me mataran
16:05:01 : Side: Alan: dame grupo
16:05:03 : Direct: juandayz: vamo
16:05:08 : Direct: Davi: vamos juan?
16:05:13 : Direct: Davi: vamos a ver que mierda hacen
16:05:29 : Side: Alan: ay te mande
16:05:38 : Direct: Alan: we jaja
16:05:42 : Direct: Alan: dale juan
16:05:45 : Direct: Davi: AJJAJAJAJAJAJA
16:05:45 : Direct: Alan: ayudame cara de japi
16:05:49 : Direct: Alan: es la primera ves q hare una base
16:05:51 : Direct: Alan: jajaja
16:06:08 : Direct: Alan: estoy haciendo todas las paredes
16:06:24 : Direct: Davi: JAJAJAJAJ
16:06:25 : Direct: Alan: viene a pelotudear jajaja
16:06:30 : Direct: Alan: aca hay q laburar vago
16:06:32 : Direct: Davi: MIRALO AL OTRO
16:06:41 : Direct: Davi: che viste nuestras camioneta
16:06:54 : Direct: Alan: sii esta muyy buena jaja
16:06:58 : Direct: Alan: esa donde se compran ?
16:07:10 : Direct: Alan: asi me clavo una
16:07:14 : Direct: Alan: mirando la camioneta
16:07:34 : Direct: Alan: jajaja
16:07:48 : Direct: Davi: mirale la cara
16:08:06 : Direct: Alan: vickyxipolitakis
16:08:16 : Direct: juandayz: es noelia :D
16:08:16 : Direct: Alan: tiene una cara de zorra jaja
16:08:27 : Direct: Davi: recien vui al burdel
16:08:35 : Direct: Davi: esta caro el polvo
16:08:48 : Direct: Alan: yo voy a las esquinas
16:08:53 : Direct: Alan: y me garcho cada travas
16:09:04 : Direct: Alan: jajaja
16:09:10 : Direct: Alan: voy a cortar madera
16:09:14 : Direct: Alan: no se vallan eh
16:09:20 : Direct: Davi: no anda
16:10:10 : Direct: Davi: el sonido de la motosierra es el da minigun de los helis aahah
16:10:53 : Direct: Alan: wooo
16:10:55 : Direct: Alan: y esoo
16:11:04 : Direct: Davi: es para navidad
16:11:06 : Direct: juandayz: vamo a talar
16:11:12 : Direct: Alan: jaja lel
16:11:23 : Direct: Davi: JAJAJAJAJAJAJAJAJAJAJAJAJAJ
16:11:28 : Direct: Davi: HDP
16:11:31 : Direct: juandayz: se pusieron atras jaja
16:11:43 : Direct: Alan: es mas facil 
16:11:50 : Direct: Davi: quieramos ver de cerca
16:11:51 : Direct: Alan: saquenle a ese chico eso
16:11:54 : Direct: Alan: eso un peligro
16:12:01 : Direct: Davi: ni le pegaste
16:12:05 : Direct: juandayz: jajaj
16:12:06 : Direct: Alan: sos malisimoo jaja
16:12:38 : Direct: Davi: che y estas solo aca Alan??
16:12:44 : Direct: Alan: si si
16:12:54 : Direct: Alan: todos los q vienen
16:12:57 : Direct: Alan: tienen todos team dicen
16:13:24 : Direct: juandayz: te queres matar davi por q tengo alta pelota q vuela
16:13:38 : Direct: Alan: jajaja
16:13:48 : Direct: Davi: jajajajajajaj
16:13:49 : Direct: Alan: q carajo es eso
16:14:08 : Direct: Alan: un dron
16:14:28 : Direct: Davi: che que estas haciendo alan?
16:14:37 : Direct: Alan: quiero hacer una base
16:14:55 : Direct: Alan: estoy haciendo paredes ahora
16:14:58 : Direct: Alan: en el camion ya tengo
16:15:00 : Direct: Alan: bastante
16:15:36 : Direct: Davi: hay mas gente haciendo bases?
16:15:49 : Direct: Alan: mm rulo y el otro
16:15:50 : Direct: juandayz: rulo y cursi
16:15:53 : Direct: Alan: se estan haciendo una
16:16:04 : Direct: Alan: les pedi ayuda aesos hdps
16:16:08 : Direct: Alan: y me dijieron ya tenemos team
16:16:14 : Direct: Alan: metete la ayuda en el orto le dije jaja
16:16:28 : Direct: Davi: que haces juan? jajaja
16:16:35 : Direct: Alan: vive en una nube de pedo juan jaja
16:16:46 : Direct: Davi: hay que salir a vender verdura
16:16:50 : Direct: Davi: naaa mira lo que hace aquel
16:16:59 : Direct: juandayz: vamos a dar una vuelta
16:17:01 : Direct: Alan: q carajo es eso jaja
16:17:13 : Direct: juandayz: ahi venimos alan
16:17:16 : Direct: Alan: dale
16:17:20 : Direct: Davi: cuidaa noelia
16:17:26 : Direct: Alan: le dedcio 4
16:17:27 : Direct: Alan: dedico 4
16:17:40 : Direct: Davi: jajajaj
16:18:02 : Direct: Davi: estaba solo en la loma del orto armando una base aquel
16:18:13 : Vehicle: juandayz: jaja 
16:18:23 : Vehicle: juandayz: vamo a sobrevolar a rulo
16:18:31 : Vehicle: Davi: dale dale jajaja
16:19:05 : Vehicle: Davi: anda por aca?a
16:19:11 : Vehicle: juandayz: 3km
16:19:16 : Vehicle: juandayz: no le vas a matar jaaj
16:19:22 : Vehicle: Davi: noo jaja
16:19:33 : Vehicle: Davi: hay que buscar un skin de algo y aparecerles
16:19:50 : Vehicle: juandayz: ahi taba
16:20:11 : Vehicle: Davi: esta solo este?
16:20:14 : Vehicle: juandayz: aca hay otro
16:21:01 : Vehicle: Davi: jajajaj
16:21:14 : Side: galle: quien es el loco manija ese
16:21:17 : Vehicle: juandayz: se acobacharon
16:21:22 : Vehicle: Davi: mira mira jajajaja
16:21:27 : Vehicle: juandayz: el bot es :D
16:21:36 : Side: Davi: Son los NPC
16:21:50 : Side: juandayz: el avion?
16:21:58 : Side: sRulo: no -.- es un heli
16:22:05 : Side: galle: un heli tirando bots y bazokasos
16:22:08 : Side: juandayz: si no tiene armas es player
16:22:13 : Side: juandayz: ah si heli bot
16:22:19 : Side: juandayz: de alguna mision
16:22:22 : Side: sRulo: wtf??
16:22:28 : Side: Davi: Menos mal que no me lo cruce. 
16:22:35 : Vehicle: juandayz: lol
16:22:45 : Vehicle: Davi: se cagaron hasta las patas
16:22:59 : Vehicle: juandayz: el galle ese se re amotino en el bosque
16:23:00 : Side: sRulo: estamos muy lejos de las misiones
16:23:02 : Side: sRulo: demasiado
16:23:13 : Side: juandayz: por ahi se dispersan, y mas si era un heli
16:23:19 : Side: Davi: Pero aca habia un avion que tiraba bombas sigue estando?
16:23:25 : Side: juandayz: si esta
16:23:31 : Side: Davi: Me acuerdo en zeleno explotaba todo
16:23:35 : Side: sRulo: si ese si lo vi generalmente atacando las mismas zonas
16:23:39 : Side: juandayz: pero ese es IA del server
16:23:40 : Side: sRulo: pero el heli nunca
16:23:46 : Side: juandayz: el heli debe ser de mision de spawn
16:24:01 : Side: Davi: Pero te mata el heli?
16:24:14 : Side: galle: me picaron a 100mts
16:24:18 : Side: galle: los bazokasos
16:24:19 : Vehicle: juandayz: jajaajaja
16:24:31 : Vehicle: Davi: JAJAJAJAJAJ
16:24:38 : Side: Davi: o.O
16:24:59 : Vehicle: juandayz: vo tenes artiillero no?
16:25:08 : Vehicle: Davi: no estoy atras
16:25:14 : Vehicle: Davi: ahi me pase
16:25:31 : Vehicle: juandayz: vamo a matar los bots del puesto
16:25:38 : Vehicle: Davi: dale
16:25:51 : Vehicle: juandayz: 1.5km
16:26:34 : Vehicle: Davi: estan aca abao?
16:26:37 : Vehicle: juandayz: si
16:29:02 : Vehicle: Davi: no quedo nadie no?
16:31:58 : Vehicle: Davi: no tiene municion esta poronga
16:32:05 : Vehicle: Davi: hay que traerloa  juan pedroq ue campee
16:32:34 : Vehicle: juandayz: no tenes ammo?
16:32:39 : Vehicle: Davi: nop
16:32:57 : Vehicle: Davi: tirele esos misiles
16:33:00 : Vehicle: Davi: ajajaja
16:39:08 : Direct: Alan: q bueno esta esew
16:39:27 : Direct: juandayz: q tul la base
16:39:36 : Direct: Alan: ay te mande grupo
16:39:42 : Direct: Alan: ay hice 40 paredes
16:39:43 : Direct: juandayz: nop tengo radio
16:39:48 : Direct: Alan: ahh ok
16:39:51 : Direct: juandayz: 40 paredes :S
16:39:51 : Direct: Alan: ay tengo 40 paredes
16:39:58 : Direct: Alan: sisi, poco ?
16:40:05 : Direct: juandayz: demaciado jjaja
16:40:10 : Direct: Alan: lel
16:40:14 : Direct: Alan: pero solo
16:40:24 : Direct: Alan: estoy solo haciendolo xd
16:40:29 : Direct: juandayz: por eso te digo es un monton
16:40:41 : Direct: Alan: ahh jaja
16:40:47 : Direct: Alan: ya me alcanzara para la base ?
16:41:03 : Direct: juandayz: si son 40 woodwall te sobra
16:41:15 : Direct: juandayz: floor celling hiciste?
16:41:15 : Direct: Alan: mmm pero aun nose
16:41:20 : Direct: Alan: como are la base
16:41:23 : Direct: Alan: mm no
16:41:27 : Direct: Alan: solamente wall
16:41:29 : Direct: juandayz: ese es el piso
16:41:31 : Direct: Alan: nose hacer eso de floor celling
16:41:38 : Direct: Alan: a ver
16:41:38 : Direct: juandayz: igual q la pared es
16:41:54 : Direct: Alan: ok ahora hago
16:41:58 : Direct: Alan: el piso entonces
16:42:06 : Direct: juandayz: alan, vos sacaste la puerta de madera q habiamos echo de tu base vieja?
16:42:13 : Direct: Alan: me sacaron todo
16:42:16 : Direct: Alan: me robaron
16:42:23 : Direct: Alan: todos los vehiculos tmb me sacaron todo
16:42:29 : Direct: juandayz: q mas te sacaron?
16:42:43 : Direct: Alan: los vehiculos que tenia y la caja fuerte q tenia lo mas importante
16:42:49 : Direct: Alan: armas,y un monton de cosas
16:43:20 : Direct: juandayz: o dejaste abierto
16:43:24 : Direct: Alan: nono
16:43:27 : Direct: Alan: cerrado
16:43:36 : Direct: Alan: siempre q me desconectaba iva a desconectar a la base
16:43:38 : Direct: Alan: y cerraba todo
16:46:50 : Direct: Alan: craft floor es ?
16:46:59 : Direct: juandayz: sip
16:47:03 : Direct: Alan: ok
16:49:04 : Direct: juandayz: sabias esto con la pala?
16:49:14 : Direct: Alan: no, q es eso ?
16:49:24 : Direct: juandayz: bue
16:49:25 : Direct: Alan: jajajaja
16:49:27 : Direct: Alan: q boluu
17:11:38 : Group: edgar: tarde mucho ene entrar
17:11:46 : Group: Alan: bastante jaja
17:11:57 : Group: edgar: seme apagaba el pc
17:12:07 : Group: Alan: uhh limpiala bien
17:12:33 : Group: edgar: ben por mi
17:12:48 : Group: Alan: voi
17:14:21 : Group: Alan: uhh estas lejisimos
17:14:25 : Group: Alan: no llego mas en esto
17:14:40 : Group: Alan: en bicicleta llegas mas rapido pro q
17:14:44 : Group: Alan: no ay camino por ay
17:14:51 : Group: Alan: y el camion va super lento en la tierra
17:21:43 : Group: Alan: no tesubiste ?
17:21:46 : Group: edgar: si
17:21:51 : Group: edgar: estoy atras
17:21:56 : Group: Alan: ah
17:26:19 : Group: Alan: adentro del camion
17:26:24 : Group: Alan: estan todas las paredessd
17:26:27 : Group: Alan: escucha
17:26:29 : Group: Alan: anoche
17:26:33 : Direct: juandayz: q son pareja gay ahora?
17:26:33 : Group: Alan: quise traer todo
17:26:42 : Direct: Alan: jajaja algo aii
17:26:53 : Direct: juandayz: edgar, lo q quedo de tu base
17:26:59 : Direct: Alan: ya que vos no me ayudas culiao me ayudara edgar jaja
17:27:00 : Direct: juandayz: hace cuanto mas o menos lo armaste
17:27:22 : Direct: edgar: nose pero se desarmaba sola
17:27:36 : Direct: juandayz: si, hace 2 dias que la estoy usando de prueba
17:27:49 : Direct: juandayz: la vengo manteniendo y no desaparecio lo q resta de ella
17:27:54 : Direct: edgar: y mejor ya no la contrui por que me gastaba como 2m
17:28:09 : Direct: juandayz: pero no se si es q funciona o si todabia no cumplio la cantidad de dias antes de q se borre
17:28:10 : Direct: edgar: yo tambien le e echo mantenimiento
17:28:32 : Direct: juandayz: cuanto hace mas o menos q hiciste esa parte que quedo? te acordas?
17:28:50 : Direct: edgar: como una semana
17:29:06 : Direct: juandayz: mmmm ok, podria ser q este fucionando entonces
17:30:02 : Direct: juandayz: hay cosas nuevas para construir, click derecho al libro, advanced craft para leer q se necesita
17:30:13 : Direct: juandayz: se pueden hacer torres de metal,, blablabla
17:30:24 : Direct: Alan: ay vengo
17:30:29 : Direct: Alan: la acompaño a mi vieja hacer un mandado
17:30:33 : Direct: Alan: 15 min y vengo
17:31:45 : Group: edgar: solo alcanso para aser 6 pisos
17:31:57 : Group: Alan: en el camion
17:32:02 : Group: edgar: si
17:32:02 : Group: Alan: ay paredes y pisos
17:32:12 : Group: edgar: si pero son 1/4
17:33:00 : Group: edgar: no puedes aser algo para que pueda construir?
17:33:11 : Group: Alan: q cosa
17:33:16 : Group: Alan: pero esperame 15 minutitos
17:33:18 : Group: Alan: voy y vengo
17:33:20 : Group: edgar: ok
17:33:31 : Group: Alan: hay te di friendly
17:33:45 : Group: edgar: ok
17:33:52 : Group: edgar: como quieres que aga la base?
17:34:11 : Group: Alan: como mas teguste
17:34:18 : Group: Alan: bien linda jaja
17:34:23 : Group: edgar: ok
17:41:55 : Side: galle: matar bandidos no te da humanidad?
18:13:20 : Group: edgar: ucupo mas material
18:13:33 : Group: Alan: paredes o piso ?
18:13:37 : Group: edgar: los 2
18:13:50 : Group: Alan: te paso lumbers
18:13:59 : Group: edgar: te saque muchos :V
18:15:52 : Group: edgar: ponme eso para poder contruir
18:16:00 : Group: edgar: construir*
18:16:00 : Group: Alan: q cosa ?
18:16:11 : Group: Alan: ta
18:23:23 : Group: Alan: ay te dejes
18:23:25 : Group: Alan: deje paredes
18:23:27 : Group: Alan: en la mochila
18:23:31 : Group: edgar: ok
18:30:26 : Group: Alan: estaria bueno tmb
18:30:30 : Group: Alan: hacer como un camino
18:30:36 : Group: Alan: por 
18:30:59 : Group: edgar: pero para eso se nesesita mas plot pole
18:31:09 : Group: Alan: tengo 1 mas 
18:32:08 : Group: edgar: ucupo muchos pisos
18:32:21 : Group: Alan: hago pisos entonces ?
18:32:24 : Group: edgar: si
18:42:07 : Group: sebastian: what wea happendsss
18:44:28 : Group: edgar: me muero de ambre
18:44:43 : Group: Alan: fijate en el camionn
18:44:46 : Group: Alan: tiene q a ver
18:44:49 : Group: edgar: no hay nada
18:44:52 : Group: Alan: uhhh
18:44:58 : Group: Alan: vamos por comida
18:51:06 : Group: edgar: cual es el conbustible del la sierra?
18:51:11 : Group: Alan: jerry can
19:04:23 : Group: edgar: corte muchos
19:04:27 : Group: edgar: estan tirados
19:04:40 : Group: Alan: ok
19:06:30 : Group: Alan: sigo con el piso ?
19:06:34 : Group: edgar: si
19:06:58 : Group: edgar: faltan como 13
19:07:07 : Group: Alan: woo jaja
19:07:26 : Group: edgar: y 9 paredes
19:08:02 : Group: Alan: falta pooco
19:08:11 : Group: edgar: si
19:11:58 : Group: Alan: ay tenes 6 pisos
19:12:08 : Group: edgar: ok
19:12:25 : Group: edgar: por cada 4 pisos que me das son 1
19:12:54 : Group: Alan: ok
19:13:12 : Group: Alan: q si hacia solo esto no terminaba masss
19:15:41 : Group: edgar: el piso ya esta terminado
19:15:53 : Group: edgar: pero falta el techo
19:15:54 : Group: Alan: paredes ahora ?
19:16:08 : Group: edgar: no
19:16:35 : Group: Alan: y las paredes
19:16:38 : Group: Alan: son los pisos
19:16:39 : Group: Alan: ?
19:16:44 : Group: edgar: pos tambien faltan
19:16:53 : Group: Alan: entonces sigo haciendo pisos 
19:16:57 : Group: edgar: si
19:33:24 : Side: sebastian: cabros por que no se puede vender armas ahora ?
19:39:03 : Group: Alan: asd
19:45:37 : Group: edgar: solo faltan 6
19:45:49 : Group: Alan: uff
19:45:52 : Group: Alan: ya estamos
19:51:09 : Group: Alan: q mas falta ?
19:51:18 : Group: edgar: deja miro
19:51:27 : Group: edgar: falta mas pisos
19:53:20 : Group: edgar: faltan 4
19:55:21 : Group: Alan: vos estas enfermo ?
19:55:29 : Group: edgar: seme ase que tu
19:56:09 : Group: Alan: era yo xd
19:56:58 : Group: edgar: faltan 3
19:57:13 : Group: edgar: me tengo que irw
19:57:20 : Group: Alan: ya tengo las  3
19:57:21 : Group: Alan: toma
19:57:35 : Group: edgar: be poniendolas en el auto
19:57:38 : Group: edgar: me tengo que ir
19:57:41 : Group: Alan: ok dale
20:32:33 : Side: JF: Hola!!
20:32:43 : Side: sebastian: hola
20:37:28 : Side: JF: Jajajaja al final juan
20:41:20 : Side: sebastian: ya no se puede vender armas ?
20:41:51 : Side: JF: no se. por que preguntas?
20:42:12 : Side: sebastian: no me sale la opcion del ese vendedor de armas
20:43:04 : Side: JF: no te sale la opcion proba con otra arma de la lista capas justo esa no esta y si no busca otro comprador 
20:43:05 : Direct: juandayz: hellod
20:43:16 : Direct: sebastian: hola
20:43:25 : Direct: juandayz: que te anda pasando?
20:43:41 : Direct: sebastian: no me deja vender armas
20:43:43 : Side: juandayz: hola jf
20:43:47 : Side: sebastian: tampoco
20:43:59 : Side: JF: hay armas que no se venden al menos en los comerciantes en blanco 
20:44:05 : Direct: juandayz: no te da la opcion de compra rapida?
20:44:11 : Side: sebastian: nada de nada
20:44:17 : Direct: juandayz: hacele zoom
20:44:28 : Side: sebastian: hay esta gracias xd
20:44:28 : Direct: juandayz: click derecho
20:44:29 : Side: JF: Hola juan todo bien ,que sorpresita me diste jajaja 
20:44:33 : Direct: juandayz: de nada
20:44:41 : Side: juandayz: jajaj con que?
20:45:14 : Side: juandayz: probaste la prostituta?
20:45:23 : Side: JF: con la de la carpa del fondo
20:45:26 : Side: sebastian: si, me iso 3 kiko
20:45:29 : Side: juandayz: ajajaj 
20:45:45 : Side: JF: no todavia no le tome confianza jajaja
20:46:04 : Side: JF: que es eso de tred kiko 
20:46:13 : Side: juandayz: ahora para el restart estoy armando otro, tengo q ver si funciona, es un doctor q te paga por probar la cura del virus z en tu cuerpo
20:46:58 : Side: JF: no  jodas ajja paso 
20:47:17 : Side: JF: a proposito me surgio una consulta
20:48:53 : Side: JF: El otro dia mori en un accidente y se me quemo el veiculo naci de nuevo fui y rescate todas mis cosas 
21:21:29 : Side: AbrahamAaron: alguien puede hacer team conmigo? xD
21:22:42 : Side: sebastian: yop
21:22:51 : Side: AbrahamAaron: ts?
21:22:54 : Side: sebastian: oka
21:23:15 : Side: JF: por ahora no puedo abraham pero gracias de todos modos
21:24:20 : Side: sebastian: ya estoy en ts
21:30:58 : Direct: sebastian: que haces ?
21:31:13 : Direct: juandayz: miralo a este putaneando
21:31:19 : Direct: sebastian: xd
21:31:38 : Side: JF: jajajaa me encanto la musica 
21:31:42 : Direct: sebastian: kajakja
21:31:46 : Direct: sebastian: es bkn
21:31:56 : Direct: juandayz: wtf :S las texturas de los carteles se fueron.. q pta paso
21:32:23 : Direct: juandayz: ustedes ven la bandera yanqui ahi o el cartl del burdel?
21:32:38 : Side: JF: aaahhh vos tambien escuchaste la musiquita guachin jajaja
21:32:41 : Direct: sebastian: veo la bandera de EE.UU
21:32:54 : Side: JF: bandera sovietica
21:32:55 : Direct: juandayz: ok. algo paso mm
21:34:27 : Direct: sebastian: wtf xd
21:34:54 : Side: JF: que pasa?
21:35:00 : Direct: sebastian: el arma
21:35:37 : Side: JF: cual arma
21:35:52 : Side: sebastian: tu escopeta estaba flotando
21:36:20 : Side: sebastian: jaja
21:38:21 : Side: sebastian: omg
21:38:49 : Side: JF: que este eras vos jajaja-
21:39:49 : Side: JF: y que paso con la chiva?
21:39:49 : Side: juandayz: te hiciste tirar las cartas por la gitana?
21:40:10 : Side: sebastian: ese juego de suicidarse es para puro matarse ?
21:40:26 : Side: juandayz: si no te matas te ganas 100.000
21:40:31 : Side: sebastian: sii ?
21:40:40 : Side: juandayz: ajam
21:40:41 : Side: JF: no no me tiro las cartas pide monedas
21:40:43 : Side: sebastian: aver
21:40:46 : Side: juandayz: si moris te borra todo
21:41:13 : Side: juandayz: al lado podes buscar items usados
21:41:23 : Side: juandayz: por 10nz de silver
21:41:26 : Side: sebastian: como wardo la llave
21:41:35 : Side: juandayz: guarda aca en la camio
21:41:51 : Side: juandayz: en tu camioneta
21:41:59 : Side: sebastian: pero no se pueden meter ?
21:42:09 : Side: juandayz: la llave?
21:42:12 : Side: sebastian: se
21:42:18 : Side: juandayz: si pero estamos nosotros
21:42:25 : Side: juandayz: no te vamos a robar
21:42:27 : Side: sebastian: oka
21:42:42 : Side: sebastian: aka voy
21:42:58 : Side: juandayz: safaste
21:42:58 : Side: sebastian: gane
21:43:06 : Side: sebastian: y los 100 ?
21:43:11 : Side: JF: ahhhhh se sintio desde aka
21:43:15 : Side: juandayz: fijate en tu inventario
21:43:21 : Side: juandayz: tenes un maletin
21:43:26 : Side: sebastian: oooo verdad
21:43:32 : Side: sebastian: ala ala joder tio
21:43:41 : Side: juandayz: jaajaaajajaja
21:43:44 : Side: sebastian: merda
21:43:55 : Side: juandayz: eso por goloso
21:44:45 : Side: sebastian: me equiboq de opcion
21:46:22 : Side: sebastian: mi maletin :c
21:48:47 : Side: sebastian: hey
21:48:59 : Side: JF: que pasa
21:49:04 : Side: sebastian: quiere un auto ?
21:49:33 : Side: JF: no te hagas drama te agradezco
21:49:39 : Side: sebastian: oka
21:51:26 : Side: JF: xhe juan no deberia ser tan fatal la ruleta, deberia tener algo asi como un sorteo de sexo a ciegas y si te va mal te toca con un morocho jaja 
21:51:35 : Side: sebastian: vamos por la mision ?
22:03:53 : Direct: juandayz: q es lo q haces con el medico siempre jf :S
22:04:08 : Side: JF: vendo todo lo que encuentro 
22:04:19 : Direct: juandayz: :D
22:14:52 : Side: juandayz: JF deja de vender latitas vacias para pagarte la puta
22:15:00 : Side: sebastian: xd
22:15:10 : Side: JF: jaajajaja 
22:15:54 : Side: JF: nosotros los chatarreros somos los mas desamparados del señor 
22:24:27 : Side: juandayz: --
22:25:15 : Side: JF: eh'
22:37:54 : Side: sebastian: juan
22:43:50 : Side: JF: hey juan que es lo que paso que es la segunda vez que me mata la bici cuando la quiero armar apreto enter y me aparezco en el medio del oceano
22:44:19 : Side: sebastian: no me deja comprar un ural :c
22:46:16 : Side: juandayz: jf lo q pasa con la bici es q te subis antes de q este totalmente armada
22:46:28 : Side: sebastian: eso mismo me paso
22:47:01 : Side: juandayz: sip a mi tambien me ah pasado
22:47:13 : Side: sRulo: bueenas
22:47:15 : Side: sebastian: juan por quen i puedo comprarme un ural ?
22:47:36 : Side: JF: no se pero la otra ves era mas facil armarla ahora tenes que pedirle por favor qque arme y parece que esta lista y pasa eso
22:48:19 : Side: juandayz: no, se es cuestion de esperar q termine todo el movimiento
22:49:05 : Side: juandayz: veni mira
22:49:23 : Side: juandayz: atras tuyo estoy
22:49:43 : Side: JF: encima recien salia de la carpa estaba liquidado no podia llegar a la costa jajaja
22:50:11 : Side: juandayz: ahora
22:50:33 : Side: juandayz: ta llevala
22:50:54 : Side: JF: no me sale a mi el armado la verdad no se 
22:51:11 : Side: juandayz: pero no es mucha vuelta, te sale el cartel cuando termina de armarse
22:51:30 : Side: juandayz: ademas el muñeco hace todo la animacion mientras la estas armando
22:52:02 : Direct: juandayz: pudiste con el ural?
22:52:07 : Direct: sebastian: nop .c
22:52:19 : Direct: juandayz: trader menu usa
22:52:30 : Direct: juandayz: compra rapida no sirve para vehiculos
22:52:34 : Direct: sebastian: :vvvvv
22:52:46 : Direct: sebastian: thanks
22:52:49 : Direct: juandayz: ;)
22:52:50 : Direct: sebastian: :D
22:52:54 : Direct: sebastian: soy happy
22:52:59 : Direct: juandayz: para vender es igual
22:53:01 : Direct: juandayz: trader menu
22:53:08 : Direct: sebastian: oka bro muchas gracias
22:53:12 : Direct: juandayz: de nada :)
22:53:53 : Direct: juandayz: wtf volvieron ls texturas :O
22:54:23 : Direct: juandayz: se ve q no se habian cargado hoy
22:54:28 : Direct: sebastian: akjak hay si po
22:55:25 : Side: juandayz: hola rulo
22:55:39 : Side: sRulo: holaaa 
22:55:59 : Side: sRulo: q onda?? las putas estan ganando algo de guita?
22:56:10 : Side: sRulo: como va el negocio? jaja
22:56:11 : Side: juandayz: si JF se esta dejando todo
22:56:25 : Side: juandayz: a cada rato sale de la carpa
22:56:26 : Side: sRulo: el pibe hace las misiones solo para ir a las putas 
22:56:29 : Side: sRulo: jajajaw
22:56:44 : Side: JF: jajaajjaja
22:56:47 : Side: juandayz: ya se gasto 3 camiones en puta
22:56:49 : Side: juandayz: s
22:56:55 : Side: sebastian: xd
22:57:04 : Side: sebastian: andamos iguales
22:57:54 : Side: juandayz: creo q se enamoro, enseguida le voy a poner un bot en la puerta q le cague un tiro si se quiere llevar la puta del mercado
22:58:06 : Side: sRulo: jajajjaaj
22:58:09 : Side: JF: jaaaaaajajajajajaa
22:59:04 : Side: sRulo: no me saques la puta del trader que todavia no la pruebo jf!! aguaaantiaaa
23:00:00 : Side: sRulo: los pibes piden misiones que dejen putas para llevarlas a las bases(?
23:00:05 : Side: juandayz: se te va a poner celoso, anoche estaba borracho en la puerta de la carpa haciendo quilombo por q otro player habia pasado con la puta
23:00:44 : Side: sRulo: jjaja tirando tiros al aire para que se alejen(?
23:00:47 : Side: juandayz: miraa miraaa esta adentro con la puta ahora jajajajajajajajajajajajaja
23:00:54 : Side: sRulo: jajajajjaajaw
23:00:59 : Side: JF: es la misma que te vende comida en lata apurate y veni porque despues cabia el turno con la vieja jajaa
23:01:01 : Side: juandayz: JAJAJAJAAJ
23:01:10 : Side: sRulo: jajajjajaa
23:01:25 : Side: juandayz: jajajajaj naa te cague ya no esta mas la puta q vende
23:02:47 : Side: juandayz: fijence en el libro q hay un crafteo nuevo para las bases
23:03:47 : Direct: juandayz: guarda q esta borracho rulo
23:03:54 : Direct: juandayz: ni te acerques a la carpa
23:03:54 : Direct: sRulo: jajaja
23:04:04 : Side: JF: jajaajaajaja
23:04:20 : Direct: sRulo: poneme un guardia me da miedo asiw
23:04:25 : Direct: sRulo: jajaw
23:04:39 : Direct: juandayz: jajajajajajajaj
23:05:35 : Direct: sRulo: jajajajaj la musica
23:05:37 : Direct: sRulo: jajajajaja
23:06:04 : Group: sRulo: curse
23:06:22 : Direct: juandayz: miralo rulo
23:06:31 : Direct: juandayz: como lootea el mercado pa juntar plata
23:06:37 : Direct: juandayz: para ya sabes q
23:07:21 : Side: sRulo: la adivina me trajo suerte y no me sale el cartel de ruleta rusa T-T
23:07:31 : Side: juandayz: a ver
23:07:56 : Side: sRulo: jojo
23:08:02 : Side: juandayz: no te endulces jaja
23:08:16 : Side: sRulo: la cantidad de cuerpos jaja
23:08:24 : Side: juandayz: :D
23:08:34 : Side: juandayz: en la carpa medica hay uno nuevo
23:08:49 : Group: sRulo: me acabo de ganar un brief ;D
23:08:50 : Side: juandayz: q te ofrece probar la cura del virus en tu cuerpo
23:08:57 : Side: juandayz: pero todabia no me anda
23:09:37 : Side: sRulo: te falta poner trabas para galle y esta todo full cañon
23:09:58 : Side: juandayz: jajaja ahora le pongo la opcion al hippie :D
23:10:03 : Side: sRulo: jajajjajaaa
23:10:21 : Group: sRulo: estas qliadaso?
23:10:36 : Group: sRulo: escribi al menos jaja
23:11:04 : Side: sRulo: me lees galle -.-??
23:11:34 : Side: sRulo: alguien mas esta leyendo esto?? jaja
23:11:37 : Side: sRulo: asdas
23:11:37 : Side: juandayz: si
23:12:03 : Side: sRulo: perdon era para el group chat
23:12:07 : Side: sRulo: jajaja
23:12:40 : Side: juandayz: de aca arriba te voy a vigilar jf
23:12:41 : Side: sebastian: juan
23:12:48 : Group: sRulo: subite mientras cambio la guita
23:12:51 : Side: juandayz: si
23:12:59 : Side: sebastian: se me bugeo la llave de mi ural y no la tengo y mi ural esta cerrado :c
23:13:09 : Side: juandayz: ok ahi voy
23:13:44 : Group: sRulo: carl compraste todo?
23:14:04 : Side: juandayz: fijate q si no tenes mas espacio de armas cuando guardas las llllaves se bugean
23:14:20 : Side: sRulo: en realidad caen al piso creo
23:14:29 : Side: sebastian: si, pense que era el otro numero que tenia 1 
23:14:48 : Direct: juandayz: blue key
23:14:58 : Direct: sebastian: si
23:14:58 : Direct: juandayz: en el equipo del camion
23:15:00 : Group: sRulo: sos vos pablo?? jaja con - abris el chat
23:15:15 : Direct: sebastian: gracias
23:15:15 : Group: galle: AH MEDIA HORA BUSCANO LA PUTA TECLA
23:15:19 : Direct: juandayz: ;)
23:15:22 : Direct: sebastian: enserio gracias me salaste xd
23:15:23 : Group: sRulo: jajajaj
23:15:27 : Direct: sebastian: todo ese esfuerzo
23:15:31 : Direct: juandayz: ajaja todo bien
23:15:51 : Group: galle: xD te hable en el curse pero ni te salio por lo visto jasja
23:15:51 : Group: sRulo: q qlia me colgue escribiendo y compre de mas unas mierdas jaja
23:15:58 : Group: sRulo: ahi te llamo yo
23:16:06 : Group: galle: a quien matamos
23:17:14 : Group: galle: tengo mucho oro me siento importante donde estan las putas que escuche
23:17:23 : Group: sRulo: aca mira jaja
23:17:45 : Side: sRulo: la granada de humo para distraer a JF(?
23:17:51 : Direct: juandayz: jajajaja
23:18:02 : Direct: sRulo: le estan sacudieindo la novia por unos mangos jaja
23:18:03 : Direct: juandayz: tengo algo mejor
23:18:19 : Direct: sRulo: jajaj hdp
23:18:23 : Direct: juandayz: con ese no jode
23:18:29 : Direct: sRulo: jajajaj
23:18:30 : Direct: juandayz: ;D
23:18:49 : Direct: galle: yo queria disparar cañonazos 
23:18:51 : Group: sRulo: contestaste?
23:19:11 : Side: JF: jajajaa yo no fui el ultimo en entrar
23:19:29 : Group: galle: yo si te escucho xD
23:19:55 : Group: galle: que hacemos 
23:20:05 : Side: juandayz: ta re puerca esa puta ya, hay q esperar el restart 
23:20:17 : Side: sRulo: jajjaa
23:22:01 : Group: galle: polleriando
23:22:34 : Group: galle: se tendrian que aver creado la base cerca de un camino asi al que pase en auto lo cagan a tiros
23:22:36 : Group: galle: xD 
23:24:49 : Group: galle: no me acuerdo jasja con el juego
23:25:04 : Group: galle: ah el shift
23:25:29 : Group: galle: ah no el mayusculas
23:28:48 : Group: galle: WINCHESTER
23:29:37 : Group: galle: las balas cuales son
23:30:04 : Group: galle: ah si un cargador
23:33:49 : Group: galle: gg
23:35:01 : Group: galle: ni se cual es
23:35:14 : Group: galle: no me encuentro donde estamos
23:35:17 : Group: galle: xD
23:35:33 : Group: galle: ah sisi ya nos encontre
23:36:04 : Group: galle: yo voy primero xD
23:36:23 : Group: galle: rodeo
23:37:07 : Group: galle: moscas
23:37:56 : Group: galle: wtf me desmaye
23:38:29 : Group: galle: cinder blocks blood bag morpinha mg36
23:38:43 : Group: galle: 2 plot deed pistachos
23:38:51 : Group: galle: wood ramp
23:38:56 : Group: galle: 4
23:39:17 : Group: galle: no me acuerdo donde esta
23:39:21 : Group: galle: esta por tu lado?
23:40:00 : Group: galle: voy a los desmayasos
23:40:33 : Group: galle: en bicii
23:41:10 : Group: galle: help
23:42:32 : Direct: juandayz: hola loly
23:42:49 : Group: galle: xDD puedo dejar en la camioneta mientras anda esto?
23:43:10 : Side: juandayz: cagaste JF tu enamorada tiene mas clientes ahora
23:43:27 : Side: JF: jjjaaaajaaaaajajaaja
23:43:39 : Group: galle: no me sale equipo en la camioneta
23:43:42 : Side: Totoasd: coman mamey
23:44:58 : Side: Dotterkletch: joseph kennedy?
23:45:14 : Side: sRulo: no le van a dejar ni un hueco sin rellenar
23:45:19 : Side: sRulo: a la novia de jf
23:45:20 : Side: juandayz: jacinto kirchner
23:45:55 : Group: galle: okas yo voy a cazar al de la bici
23:45:59 : Group: galle: oks no me salgo xD
23:46:06 : Group: galle: no joda
23:46:06 : Direct: juandayz: muuu
23:46:12 : Group: galle: me salgo
23:46:14 : Direct: juandayz: jajja
23:46:32 : Group: galle: dale nos vemos
23:46:35 : Direct: juandayz: es q soy el admin, no te asustes
23:46:50 : Direct: juandayz: :D
23:47:20 : Direct: juandayz: ahi tienen una prostituta
23:47:28 : Direct: juandayz: pueden jugar ruleta rusa
23:47:33 : Direct: juandayz: buscar items usados
23:47:44 : Direct: juandayz: y algunas otras cosas ademas de tradear
23:48:01 : Direct: juandayz: ah joya :)
23:48:18 : Direct: juandayz: como?
23:48:35 : Direct: juandayz: si de una
23:48:39 : Direct: juandayz: es pvp el server
23:48:47 : Direct: juandayz: -osea mientra
23:48:49 : Direct: juandayz: s
23:48:55 : Direct: juandayz: no campeen el trade
23:49:03 : Direct: juandayz: el resto podes matar donde quieras
23:49:25 : Direct: juandayz: :D si hacen falta un par de bandidos
23:50:44 : Direct: juandayz: pareces la gitana
23:50:51 : Direct: juandayz: veni
23:51:09 : Direct: juandayz: jajajaa
23:51:22 : Direct: juandayz: llevale
23:55:14 : Direct: juandayz: ni idea , pero si no lo sacan se lo escupe el restart
23:55:31 : Direct: juandayz: llevalo no mas
23:55:38 : Direct: juandayz: osea somos 3 aca dentro
23:55:59 : Direct: juandayz: tengo una pa vos amego
23:56:34 : Direct: juandayz: anda llevala
23:58:09 : Side: juandayz: hola reco
23:58:17 : Side: reconnect: como va juan :D
23:58:29 : Side: juandayz: bien :)
23:58:54 : Side: reconnect: la gente no trabaja mañana...
23:59:03 : Side: reconnect: el iernes no habia nadie y un lunes esta medio lleno :P
23:59:40 : Side: juandayz: ne es por la puta no mas
