00:29:55 : Group: santiago: JOSE
00:30:07 : Group: Jose Luis: elpaaa
00:30:10 : Group: Jose Luis: epaa
00:30:11 : Group: Jose Luis: como va
00:30:35 : Group: santiago: ACABO DE ENTRAR
00:31:29 : Group: Jose Luis: breve camos adar una vueltaw
00:33:23 : Group: Jose Luis: no te han hecho nada?
00:33:48 : Group: Jose Luis: dejaste tirada tu cantimplora tienes otra o q
00:33:49 : Group: santiago: si se me robaron lo que tenia en maletin cuando me desconecte
00:34:10 : Group: Jose Luis: nadie puede abrir tu maletin si permiso
00:34:14 : Group: Jose Luis: sin permiso
00:34:21 : Group: Jose Luis: -seguro que lo estabas guardando bien
00:34:37 : Group: santiago: como es bn?
00:34:52 : Group: Jose Luis: osea darle open bag y pasar las cosas el 1 al otro lado
00:39:18 : Group: Jose Luis: cambia a canal de grupo
00:39:24 : Group: Jose Luis: ojo que estos son bandidos todos
00:40:30 : Group: Jose Luis: que hacias bobo jajaja
00:41:09 : Group: Jose Luis: pongase en canal de grupo
00:41:15 : Group: Jose Luis: asi no leen lo que decis
00:41:24 : Group: santiago: asi
00:41:30 : Group: Jose Luis: eso asi
00:42:39 : Group: santiago: o si
00:42:59 : Group: santiago: para la base amigo
00:43:06 : Group: Jose Luis: cual base
00:43:54 : Group: santiago: como asi el bosque ese que yo le tengo el hacha 
00:44:09 : Group: Jose Luis: en serio?
00:44:18 : Group: santiago: siiii
00:45:29 : Group: Jose Luis: breve ps
00:45:52 : Group: santiago: que sea una montaña
00:46:08 : Group: santiago: el filo
00:46:19 : Group: Jose Luis: no puede ser muy lejos
00:46:25 : Group: santiago: vea por allaaaa
00:47:04 : Group: santiago: pare
00:47:24 : Group: Jose Luis: que paso
00:47:26 : Group: santiago: saque el mapa al las 10 en punto monte negro
00:47:59 : Group: Jose Luis: que pasa
00:48:13 : Group: Jose Luis: eso es zona ya conquistada pueden ser soldados bot nos dan duro apenas pasemos
00:48:37 : Group: Jose Luis: ojo con esas marcas que todos en el server la ven y pueden ir a buscarnos xD
00:49:47 : Group: Jose Luis: yo decia por aqui
00:49:56 : Group: santiago: ME GUSTA
00:50:02 : Group: Jose Luis: aca tengo mi caja fuerte
00:51:03 : Group: Jose Luis: ahi tengo mis cosas caja de 100.000
00:51:51 : Group: santiago: JOSE TE DEJO EL HACHA EN EL SUELO PILAS PUES
00:52:40 : Group: santiago: SI
00:52:44 : Group: Jose Luis: bien
00:52:45 : Group: santiago: ?
00:52:47 : Group: Jose Luis: hola jf
00:52:53 : Group: Jose Luis: ya estas online
00:53:51 : Group: Jose Luis: jf donde quieres hacer la base tu
00:54:02 : Group: Jose Luis: santiago pasa que ya jf tiene parte de la casa hecha
00:54:19 : Group: santiago: A QUE BIEN
00:54:35 : Group: JF: Hola como estas jose luis , santiago ..
00:54:51 : Group: santiago: PERO EMPESEMOS LA NUESTRA TAMMBN PARA QUE SE OTRA ZONA TU SABES
00:55:05 : Group: Jose Luis: se necesita arto recurso y tiempo
00:55:05 : Group: santiago: HOLA JF
00:55:38 : Group: JF: yo tengo mi base si ustedes quieren pueden ocupar territorios cercanos asi reforzamos la zona  y nos cuidamos como equipo
00:55:57 : Group: santiago: ESOOOO DE ESO ES LO QUE ESTOY HABLANO
00:55:59 : Group: Jose Luis: ves santiago
00:56:12 : Group: Jose Luis: jf es cerca de donde estamos o dime donde nos vemos
00:56:15 : Group: JF: ven donde estoy en el mapa  vengan
00:56:50 : Group: Jose Luis: vamos santiago
00:56:56 : Group: santiago: NOS VEMOS EN DURBOVKA
00:57:25 : Group: santiago: DUBROVKA
00:57:31 : Group: Jose Luis: al coche santiago
00:57:46 : Group: JF: si pueden traigan plot . los que puedan
00:57:54 : Group: Jose Luis: plot que?
00:58:12 : Group: Jose Luis: entonces vamos a tienda y hacemos la compra
00:58:18 : Group: Jose Luis: tu solo dime que compramos
00:58:29 : Group: Leyva: bots?
00:58:33 : Group: Leyva: que pedo xD
00:59:28 : Group: santiago: IZQUIERDA
00:59:39 : Group: JF: en la tienda del que tiene traje y le vendes los sacos de arena - plot 30 mtr figura - vean si pueden comprar algunos son necesarios para 
00:59:53 : Group: Jose Luis: dalew
00:59:54 : Group: JF: ser propietario
01:00:10 : Group: Jose Luis: cuantos necesitas y que mas necesitasw
01:00:11 : Group: JF: del trreno que elijan
01:00:30 : Group: JF: al menos uno cada uno si puden mas mejor
01:00:47 : Group: Jose Luis: llevo 6
01:00:47 : Group: Leyva: con razon escuche 2 disparon diferenes
01:01:17 : Group: Fidelo: MAMES WE QUERIA LOIGEA
01:01:32 : Group: Leyva: te queires salir alv a salirnos
01:01:37 : Group: Leyva: capas de que nso violan no?
01:01:54 : Group: Fidelo: ERAN COMO 4
01:04:32 : Group: Jose Luis: aparte del lock q mas
01:05:16 : Group: Jose Luis: cuesta 100.000 jajaja santiaogo cuato tenes
01:05:43 : Group: santiago: NADA UD TIENE
01:05:56 : Group: Jose Luis: no tenes monedas?
01:06:20 : Group: Jose Luis: jf estas?
01:07:00 : Group: Jose Luis: ya llevo 2 que mas llevo
01:07:14 : Group: Jose Luis: santiago no tenes monedas seguro?
01:07:34 : Group: santiago: 5000
01:07:46 : Group: Jose Luis: dameas 
01:07:54 : Group: Jose Luis: acercate y le das give money
01:08:04 : Group: santiago: AAAA 
01:08:14 : Group: santiago: POR Q
01:08:24 : Group: santiago: NO QUIERO
01:08:27 : Group: Jose Luis: porque yo ya me gaste 200.000 en los 2
01:08:38 : Group: Jose Luis: y usted no va a ser capaz de dar 5.000 xD
01:08:40 : Group: santiago: Y
01:09:04 : Group: santiago: VAMOS A CONSEGUIR GUARDE
01:09:04 : Group: Jose Luis: ya empezo este man con la tacañeria
01:09:14 : Group: santiago: AAAJAJAJJAJJJAAJ
01:09:21 : Group: Jose Luis: jf que mas necesitamos
01:10:18 : Group: Jose Luis: jf men
01:10:29 : Group: Jose Luis: santiago vamonos avancemos mientras
01:12:51 : Group: Jose Luis: vamos
01:13:06 : Group: Jose Luis: subite ps
01:13:31 : Group: santiago: YA NO ME SALE LOS CUADRITOS DLE MALETIN
01:13:43 : Group: santiago: AHORA SI
01:13:50 : Group: Jose Luis: ojo ps
01:13:57 : Group: Jose Luis: con robarse mis cosas
01:16:02 : Group: santiago: .ME DAN GANAS DE ISULTAR ESO HPS
01:16:13 : Group: Jose Luis: ojo son masw
01:16:45 : Group: santiago: VAMOS POR DINERO??
01:24:56 : Group: santiago: ?????ZZZZZ
01:25:11 : Group: Jose Luis: aun falta
01:25:15 : Group: Jose Luis: mapa grande mijo
01:32:10 : Group: Jose Luis: jf
01:34:21 : Group: santiago: SUBA QUE ARRIBA ESTA EL PLAN
01:36:18 : Group: Jose Luis: que man pa vivir lejos
01:37:06 : Group: Jose Luis: tenes comida?
01:37:15 : Group: santiago: SI
01:37:24 : Group: Jose Luis: coma entonces
01:37:38 : Group: santiago: NO NO TENGO
01:37:51 : Group: santiago: MEDICINA
01:39:41 : Group: Jose Luis: sali ps
01:40:44 : Group: Jose Luis: jf
01:42:15 : Group: Jose Luis: hablale por microfono a jf
01:44:26 : Group: santiago: no puedo hablar
01:44:34 : Group: Jose Luis: y eso
01:44:41 : Group: santiago: el no nos quiere dejar entrar 
01:44:57 : Group: Jose Luis: no responde los mensajes 
01:45:00 : Group: santiago: hagamos una nosotros
01:45:33 : Group: santiago: suerte con ese mentiroso hp la hacemos cerca de este
01:49:44 : Group: santiago: armemos el campamento aca lado
01:50:19 : Group: santiago: cuales?
01:50:41 : Group: Jose Luis: el problema es que esta zona ya esta y pa saber a q distancia nos deja
01:50:59 : Group: santiago: si ve
01:51:26 : Group: santiago: ponga esa chimbada alla en la punta del morro bn lejos
01:51:41 : Group: Jose Luis: eso cuesta mricon
01:51:48 : Group: Jose Luis: mire en dos cosas se me fueron 200.000
01:52:23 : Group: santiago: y que se hace pa conseguir ps
01:52:27 : Group: santiago: ?
01:52:35 : Group: Jose Luis: buscar las armas dentro de la tienda y venderlas
01:52:41 : Group: Jose Luis: o jugar a la ruleta rusa y ganar
01:53:34 : Group: santiago: cuanto cuesta yo lo patrosino
01:53:51 : Group: santiago: yo lo cuido
01:53:52 : Group: Jose Luis: ja vida hpta si no me quizo dar 5000 jajaja
01:54:14 : Group: santiago: todooooooooooo???????????
01:54:22 : Group: santiago: 1000
01:54:30 : Group: Jose Luis: 1000 q?
01:54:36 : Group: santiago: eee
01:54:38 : Group: Jose Luis: -eso vale una lata de comida en la tienda
01:54:59 : Group: santiago: ENTONCES
01:58:45 : Group: santiago: NO TENES EL HACHA YA PS
02:27:34 : Group: Jose Luis: ahora si
02:29:36 : Group: Jose Luis: ya o no
02:29:50 : Group: Jose Luis: todo listo
02:30:01 : Group: Jose Luis: aqui nos queda muy dificil traer un auto va a ser eterno
02:30:10 : Group: Leyva: ya donde sea we
02:30:15 : Group: Leyva: no tenemos llave igual 
02:30:26 : Group: santiago: por eso tien que ser donde termina la carretera
02:30:37 : Group: Jose Luis: muy cerca a pueblo
02:30:43 : Group: Jose Luis: zombies y gente pueden rondar
02:31:10 : Group: JF: che no se ofendan tengo una idea bastante buena creo pero necesito apoyo y confianza de ustedes dos si podemos 
02:31:17 : Group: JF: lo hacemos
02:31:21 : Group: Jose Luis: a ver
02:31:23 : Group: JF: vamos
02:31:24 : Group: Jose Luis: q pasa
02:31:30 : Group: santiago: entonces al lado izquierdo en la curva q ?
02:31:49 : Group: Jose Luis: q pasa jf
02:32:00 : Group: JF: bueno dale vamos donde vos decis  a si me hjubico
02:32:08 : Group: JF: te sigo
02:32:15 : Group: Jose Luis: que ibas a decir jf
02:32:44 : Group: JF: seguimos hablando ariba si te parece
02:32:49 : Group: Jose Luis: ok
02:33:54 : Group: JF: vamos santiago
02:34:24 : Group: JF: veni subiendo en zizac  para que avance
02:35:16 : Group: Leyva: me quedaron unas que no se peuden vender xd
02:35:27 : Group: Jose Luis: cual es tu idea crack
02:36:21 : Group: JF: en el tiempo anterior a que ustedes entraran era mas facil hacer misiones y llevarse un buen botin 
02:37:04 : Group: Jose Luis: aja?
02:37:09 : Group: santiago: ?
02:37:10 : Group: JF: pero de golpe empezaron a aparecer nuevos players y ahora hay un buen numero que no es mucho pero 
02:37:44 : Group: JF: suficiente para que se esten tiroteando y se pierda mas de lo que se gana me entienden 
02:37:55 : Group: Jose Luis: si
02:38:22 : Group: JF: asi que yo creo que hay que buscar otros recursos y ono de eso es la madera 
02:38:34 : Group: JF: talar arboles no es dificil 
02:38:41 : Group: Jose Luis: yo tengo hacha
02:38:45 : Group: JF: pero 
02:39:15 : Group: JF: si con el hacha se hace leña pero tardas el doble de tiempo 
02:39:49 : Group: JF: yo traje la motosierra y con eso  ya salen varios lumber por arbol
02:39:52 : Group: Jose Luis: entonces
02:39:54 : Group: JF: uno 
02:40:43 : Group: JF: uno corta el ños otros guardan y lo llevamos al comercio y hacemos plata
02:41:03 : Group: Jose Luis: aja entonces
02:41:21 : Group: JF: ustedes contruyen su vivienda y tenemos un lugar de tala en comun 
02:41:42 : Group: JF: al que le podemos ir mejorando 
02:41:44 : Group: Jose Luis: ok
02:41:50 : Group: JF: si quieren 
02:42:17 : Group: Jose Luis: si pero yo ya me coy me estoy enfermando
02:42:42 : Group: JF: si otro quiere venir se le paga algo pero no sirbe que seamos muchos dueños
02:42:57 : Group: JF: que necesitas .de que te estas enfermando
02:43:05 : Group: Jose Luis: jajajaja
02:43:12 : Group: Jose Luis: gripe en la vida real
02:43:18 : Group: Jose Luis: jajaja
02:43:29 : Group: Jose Luis: tecnicamente seriamos 2 los dueños santiago casi no entra
02:43:40 : Group: santiago: como q no 
02:43:40 : Group: JF: ah yo pense que tu personaje disculpa
02:43:53 : Group: JF: por que santiago no
02:43:58 : Group: santiago: si la base es lo q me motiva 
02:44:08 : Group: santiago: no e visto la accion en el juego
02:44:09 : Group: Jose Luis: pues no es tan activo como nosotros
02:44:36 : Group: Jose Luis: los survival no tienen accion
02:44:41 : Group: Jose Luis: no mucha
02:44:49 : Group: Jose Luis: la accion aqui son los bandidos
02:44:52 : Group: JF: no me entendes yo quiero que nos instalemos cerca uno del otro para ganar espacio
02:45:12 : Group: Jose Luis: por eso y yo quiero en la colina que esta atras mia
02:45:29 : Group: Jose Luis: la 306
02:45:30 : Group: JF: eso depende como lo interpretes al juego 
02:45:30 : Group: santiago: cerca a la carretera
02:46:00 : Group: Jose Luis: el problema es q no se construir y mucho menos ubicar las paredes
02:46:10 : Group: JF: si , no hay problemas , ustedes son dueños de plantar el plot donde les convenga
02:46:37 : Group: JF: no no te hagas problemas yo tampoco sabia nada cuando comence
02:46:49 : Group: santiago: jose si donde dijo usten aguanta
02:47:01 : Group: Jose Luis: hagamosle ahi
02:47:12 : Group: Jose Luis: el plot si lo ponemos solo se lo pueen robar?
02:47:26 : Group: JF: y mori un monton de veces por caerme apretado ect ect jaja
02:47:46 : Group: JF: no pero hay que mantenerlo 
02:47:47 : Group: santiago: pero donde conseguimos las paredes que tiene el amigo
02:48:08 : Group: Jose Luis: las de ladrillo cuestan mucho
02:48:26 : Group: JF:  los blok yo les ayudo no hay drama 
02:48:51 : Group: santiago: gracias jf
02:48:59 : Group: santiago: empezemos pues
02:49:01 : Group: Jose Luis: ok gracias
02:49:19 : Group: JF: total vemos con la mercaderia que se venda si ustedes le parece recupero un poco mas para compensar lo que mas o meno pierdo
02:49:23 : Group: santiago: que si no ahi bala ps q sea contrucion pues
02:49:59 : Group: JF: lo que pasa que el juego original es estar como monos disparandose unos a otros
02:50:00 : Group: Jose Luis: ok pero no se si pueda seguir me estoy sintiendo cada vez mas mal
02:50:08 : Group: santiago: es un prestamo que te pagaremos en cuatoas
02:50:34 : Group: santiago: aaaaa esta chillona
02:50:46 : Group: Jose Luis: ya me esta dando fiebre
02:50:50 : Group: JF: pero si le das motivacion de realismo ves que es necesario comer tomar bebida etc
02:51:34 : Group: JF: entonces no creo que sea logico que le dispares al primero que pasa mientras tranto algo hay que hacer
02:52:02 : Group: JF: o sea construir y tratar de estar mas comodo y mejor 
02:52:27 : Group: santiago: zona segura para objetos
02:52:38 : Group: JF: cuando yo llegue a este lugar no tenia ni agua y ese pozo que hay ahi lo construi yo mismo
02:53:03 : Group: JF: te dan ganas de seguir jugando y ver que mas podes lograr 
02:53:05 : Group: santiago: eso me gusta 
02:53:11 : Group: Jose Luis: te oebsaba oreguntar com lo hiciste
02:53:45 : Group: JF: porque para estar tirando tiros para adelante me voy aol juego de la guerra de los tanques no se si loconocen 
02:54:01 : Group: Jose Luis: word of tanks
02:54:08 : Group: Jose Luis: nosotros venimos de battlefield
02:54:27 : Group: Jose Luis: world
02:55:08 : Group: JF: ademas en este juego si bajas al otro esta re lindo pero cuando te bajan perdes dos horas para volver a entrar bieno no tanto 
02:55:10 : Group: Jose Luis: bueno yo me voy al reinicio del server
02:55:38 : Group: JF: pero se te va la hora en intentos por entrar al server 
02:56:03 : Group: JF: bueno gracias por escucharme lo hacemos si estan de acuerdo..amigos
02:56:19 : Group: Jose Luis: conmigo cuenta
02:56:31 : Group: Jose Luis: me voy de verdad ya estoy maluco
02:56:35 : Group: santiago: si
02:56:45 : Group: Jose Luis: mañana empiezo a construir
02:56:52 : Group: JF: bueno que te mejores cuidate buen descanso a los dos
02:58:00 : Group: Jose Luis: chao santiago
02:58:11 : Group: santiago: no entendi como se consigue dinero
02:58:22 : Group: santiago: aaaaaa
02:58:37 : Group: JF: jajaja luego te explicamos mejor
12:44:38 : Group: JF: Santiago como estas?
12:45:01 : Group: santiago: HOLA JF 
12:45:15 : Group: JF: todo bien?
12:45:20 : Group: santiago: TE CUENTO Q ANOCHE PERDI TODO Y ACABO DE RECUPERARLO CON EL ADMIN
12:45:45 : Group: JF: como que perdiste todo , que te pasó?
12:46:15 : Group: santiago: NO SE QUE HICE ME DESCONECTE EN UNA DE ESAS ZONAS VERDES Y APAGUE LA PC FORZADO 
12:46:47 : Group: JF: que raro eso no seria motivo
12:47:26 : Group: santiago: PUES JOSE DICE ALGO DE POR AHI LO MATAN A UNO
12:48:34 : Group: JF: unicamente que te halla atacado un zombi y vos te estabas desconectando
12:51:31 : Group: santiago: JK NO LGRO VER LOS CUADRITOS EN EL MALETIN
12:53:12 : Group: santiago: SI
13:00:26 : Group: JF: Santiago por las dudas me escribiste en los ultimos minutos porque vino gentea la puerta y me sali de la pc
13:25:57 : Group: JF: estoy en camino espero que sea las municiones correctas
13:31:33 : Group: Jose Luis: que pasa jf todo bien
13:31:49 : Group: Jose Luis: no recuerdo si era el de 80 o el de 100 todos se parecen
13:32:19 : Group: Jose Luis: si uno de esos creo que era el de 100
13:32:37 : Group: Jose Luis: podria decir el mas caro del mercado pero nee ante todo lo lo que me gane yo no abusar xD
13:32:41 : Group: Jose Luis: todo bien y tu JF
13:33:14 : Group: JF: yendo en auxilio de santiago
13:33:54 : Group: Jose Luis: gracias
13:37:11 : Group: JF: LO RESCATAS VOS JOSE 
13:37:20 : Group: Jose Luis: voy por el
13:37:33 : Group: JF: bien regreso entonces
13:37:50 : Group: Jose Luis: dale si puedes deje el coche tirado en carretera a casa
13:39:32 : Group: Jose Luis: para bobo
13:40:43 : Group: Jose Luis: ese man no para
13:41:15 : Group: Jose Luis: asado
13:41:23 : Group: Jose Luis: yo le voy a dar me gusta pero es que caso no entro
13:41:48 : Group: Jose Luis: santiago ...
13:43:19 : Group: Jose Luis: vuelvo a casa jf santiago n opara 
13:43:36 : Group: Jose Luis: se metio al bosque y no puedo aterrizar
13:44:25 : Group: JF: y que slga a un claro jajaja
13:44:44 : Group: Jose Luis: jajaj no ahce caso el men
13:44:50 : Group: Jose Luis: le estoy escribiendo y siguio
13:44:53 : Group: Jose Luis: opte por volver
13:45:47 : Group: JF: Santiago vos estas quebrado o algo , si podes volve si no avisa que te pasa
13:46:06 : Group: santiago: NO PUDE RECUPERAR MI DINERO
13:46:22 : Group: JF: donde lo dejaste
13:46:57 : Group: santiago: COMO Q DONDE LO DEJE
13:47:07 : Group: santiago: ?
13:47:30 : Group: Jose Luis: jajaja bien atrevido el santiago
13:47:34 : Group: JF: por que dices que no puedes recuperar tu dinero
13:47:39 : Group: santiago: DONDE SE VEN LAS PUTAS MONEDAS EN LA PANTALLA
13:47:51 : Group: Jose Luis: al lado derecho 
13:48:01 : Group: Jose Luis: bueno yo ya tengo mi helicoptero me doy por bien servido
13:48:01 : Group: santiago: SIII
13:48:09 : Group: Jose Luis: cuantas tiene?
13:48:15 : Group: santiago: 0
13:48:26 : Group: Jose Luis: bueno entonces no se preocupe
13:48:29 : Group: JF: al lado derecho un circulo dorado 
13:48:34 : Group: Jose Luis: recupero las armas?
13:48:40 : Group: Jose Luis: y el contenido del cuerpo?
13:48:44 : Group: santiago: LAS ARMAS SI
13:48:58 : Group: Jose Luis: entonces no llore y juegue de todas maneras las monedas te las habian regalado 
13:48:59 : Group: santiago: SI TAMBN
13:49:22 : Group: santiago: NO PERO NO COMPRE LO Q ME FALTABA
13:49:31 : Group: Roger: Hola
13:49:43 : Group: Jose Luis: pues hace lo que hacemos todos buscamos armas para vender y arreglado 
13:49:43 : Group: santiago: Q MIERDA DE JUEGO COMO SE GUARDA EL DINERO PS
13:49:47 : Group: JF: para recuperar dinero de cuerpo caido tienes del lado izquierdo una opcion que sale en rojo 
13:50:09 : Group: Jose Luis: zzz
13:50:13 : Group: JF: si es que no paso demasiado tiempo en recuperar
13:51:11 : Group: santiago: ESTOY JUNTO AL CUERPO Y NO VO LO Q DICES
13:51:27 : Group: Jose Luis: entonces se le perdio el dinero
13:51:42 : Group: Jose Luis: viejo vaya y juegue a la ruleta que si gana son 100.000 yo le estoy diciendo desde ayer
13:52:11 : Group: santiago: QUE NO TENGO NADA GRAN MARICA NO VES QUE PWERDI TODO EL DINRO
13:52:17 : Group: JF: espera santiago voy a tratar de llegar
13:52:19 : Group: Jose Luis: y dime antes
13:52:23 : Group: Jose Luis: cuanto dinero tenias
13:52:29 : Group: Jose Luis: es un dinero regalado bobo 
13:52:32 : Group: santiago: 450000
13:52:37 : Group: Jose Luis: no llore por algo que le regalaron
13:52:51 : Group: Jose Luis: yo estaria asi si me lo hubiera ganado ademas no es culpa del juego usted se estrello
13:53:20 : Group: JF: con que te estrellaste con un heli
13:53:27 : Group: Jose Luis: si
13:53:38 : Group: JiNX: negro
13:53:40 : Group: JF: y el cuerpo se quemó
13:53:45 : Group: santiago: POR Q MOTIVO VOY A PERDER EL DINERO EN BOLSILLO 
13:53:49 : Group: Roger: que onda?
13:53:53 : Group: Roger: que haces?
13:53:56 : Group: santiago: NO
13:53:59 : Group: JF: esta carbonizado
13:54:09 : Group: santiago: NO
13:54:19 : Group: JiNX: nos hicieron verga el heli
13:54:23 : Group: JiNX: estoy volviendo xD
13:54:27 : Group: Roger: quien?
13:54:31 : Group: JiNX: la ia
13:54:34 : Group: Jose Luis: a la tarde vuelvo a hacer la casa
13:54:44 : Group: JiNX: el admin le dio un apache a cada grupo hasta el restart
13:55:05 : Group: santiago: MIERDAAAAAA LE DI OCULTAR CUERPOOO
13:55:12 : Group: JF: si vos queres anda plantando el plot y algo hacemos si da el tiempo
13:55:34 : Group: Jose Luis: ahora que vuelva los planto
13:55:36 : Group: Roger: estoy saliendo en mi auto
13:55:44 : Group: JF: quedarte ahi santiago no te muevas del lugar
13:55:45 : Group: Jose Luis: compra una motocierra yo te doy el dinero cuando entre
13:56:01 : Group: JiNX: que vas a hacer?
13:56:05 : Group: Roger: lootear
13:56:21 : Group: santiago: QUENO TENGO NADA CARE CULO
13:56:24 : Group: JiNX: ok
13:56:29 : Group: santiago: ESTA MIERDA DE JUEGO
14:02:49 : Group: JF: que te pasa jaja voy llegando
14:14:03 : Group: JF: APUNTA CON LA PUNTA DEL RIFLE EL LUGAR EXACTO DE TU CUERPO
14:19:51 : Group: JF: VAMOS SANTIAGO DALE SEGUIME
14:21:23 : Group: JF: QUE HACES SANTIAGO NO TE RESPONDE LA MAQUINA O QUE VAMOS QUE TE VAN A BAJAR DE NUEVO CHE
14:22:34 : Group: JF: JAAJAJAJAAAA Y BUENO QUE VA SER EXPLICALE COMO REVISAR LOS CUERPOS JAJAJA
14:23:12 : Group: JF: ME VOY LOCO ME VAN A HACER PALMAR POR NADA
14:27:52 : Group: JF: SI QUE PASA
14:28:07 : Group: JF: BUENO SEGUIME
14:28:16 : Group: santiago: OK
14:29:52 : Group: JF: Anda fijandote en el mapa no te vas a meter de frente en algun lugar peligroso de cualquier especie, de  verdadd
14:30:24 : Group: JF: che vos venis caminando o te quedaste parado todavia
14:31:16 : Group: santiago: ES Q JF VENGAS EN CARRO Y ME LLEVES A COMPRAR UN CARRO
14:31:49 : Group: JF: no no queres caminar jaja yo me vine caminando sale seguime
14:32:07 : Group: santiago: ES Q MI MUJER ME ESTA HABLANDO
14:32:08 : Group: JF: dale seguime
14:32:50 : Group: JF: no puedo hacer lo que me pedis por estoy re lejos de  mis recursos
14:40:07 : Group: JF: CHE SANTIAGO ESTAS AHI ?
14:41:16 : Group: JF: SANTIAGO TODAVIA ESTAS EN EL MISMO LUGAR?
14:41:22 : Group: santiago: SI
14:42:44 : Group: JF: MIRA POR QUE NO VAS AHI CERQUITA HAY UN PEDAZO SE CASTILLO Y TE REFUGIAS DONDE TE PARESCA QUE ESTAS BIEN SOLAMENTE NO
14:43:26 : Group: JF: NO TE PONGAS DEMASIADO CERCA DE ALGUNA PIEDRA PORQUE DESPUES DEL RESET CAUSA PROBLEMAS PARA ENTRAR
14:44:37 : Group: santiago: DONDE ESTOY NO PASA NADA VERDAD?
14:45:19 : Group: JF: AHI EN EL MEDIO DEL CAMPO DESCUBIERTO NO TE GARANTIZO NADA 
14:45:53 : Group: santiago: ESTOY ALADO DE LA ZONA ESTA DE LA ANTENA DE LA TIENDAS Y ESO
14:45:59 : Group: santiago: ??
14:46:08 : Group: JF: BUSCATE UN ARBOL DE ESOS PINOS QUE TIENEN RAMAS HASTA EL PISO Y TE ESCONDES AHI
14:46:32 : Group: santiago: POR Q?
14:46:36 : Group: JF: ESE LUGAR NO ES SEGURO SIEMPRE HAY ALGUIEN USMEANDO 
14:46:43 : Group: santiago: ACA NO PUEDO?
14:46:57 : Group: santiago: OK
14:47:40 : Group: JF: CON LA LETRA Z LO ACOSTAS ESO LO SABES 
14:47:57 : Group: JF: BIEN OCULTO DEBAJO DELAS RAMAS 
14:48:33 : Group: santiago: NO SIRVE LA CARPA DE ACAMPAR
14:49:11 : Group: JF: NO deja para que aqui no te moris de frio como en otros serv
14:50:52 : Group: santiago: LISTO YA ESTOY DEBAJO DEL ARBOL ESE QUE ME DICES
14:56:47 : Group: JF: que te paso ahora?
14:57:18 : Group: santiago: NO SE ASERCANDOME AL ARBOL HIZO UN GLICH
14:57:46 : Group: JF: jaja pisaste una rama y la quebraste
14:58:06 : Group: santiago: COMO ME AREGLO EL HUESO
14:59:01 : Group: JF: te quebraaste una pata xD tenes que usar una morfina 
14:59:49 : Group: JF: el cigarrito rojo si lo tenes en la mochila ponlo en tu menu 
15:19:08 : Group: santiago: JF
15:19:46 : Group: JF: si santiago te escucho
15:21:29 : Group: santiago: AYUDA
15:21:47 : Group: santiago: MORFINA CAMARADA NO AHI EN ESTA ZONA
15:22:13 : Group: JF: voy pero ten pasiencia 
15:22:40 : Group: santiago: OK
15:35:15 : Group: santiago: HI
15:39:16 : Group: santiago: JF COMO VAS?
15:39:49 : Group: JF: estoy buscando la morfina y salgo para alla
15:47:44 : Group: JF: No me ves que estoy llegando
15:48:08 : Group: santiago: AUTOMATICO LO DICE
15:51:34 : Group: santiago: NO VENDE
15:51:58 : Group: JF: y por que no le compraste una morfina a este vago
15:52:16 : Group: santiago: NO VENDE?
15:52:53 : Group: santiago: SI VENDE????
15:53:43 : Group: JF: no no vende me sacaste la que te traia
15:54:15 : Group: JF: la tenes te la colocaste ya
15:54:20 : Group: santiago: SACASTE???????
15:54:49 : Group: santiago: OOO
15:54:50 : Group: JF: he aqui donde vas
15:55:31 : Group: JF: click derecho y esta bien che
15:56:11 : Group: santiago: SI MUCHAS GRACIAS
15:56:38 : Group: santiago: ME LLEVAS ENTONCES
15:57:11 : Group: JF: no los ocupas a estos 
15:58:18 : Group: JF: no los ocupas a estos
15:58:20 : Group: santiago: ME LLEVAS A COMPRAR UN AUTO 
15:58:53 : Group: JF: NO LOS OCUPAS A ESTOS
15:59:08 : Group: santiago: ES UNA PREGUNTA?
15:59:56 : Group: santiago: TE LOS DOY PERO LLEVAME
16:00:39 : Group: santiago: OK
16:01:07 : Group: JF: ESO DE AHI SIRVE PARA CARGAR LA CANTIMPLORA SI TE QUEDASTE SIN AGUA
16:01:57 : Group: JF: A PERO ALLA DEJASTE LA CANTIMPLORA TIRADA
16:04:07 : Group: santiago: ESTOY ALADO EL CHOPER
16:05:15 : Group: JF: SUBI
16:10:04 : Group: santiago: JF UN LUGAR DONDE COMPRE EL AUTO
16:10:08 : Group: santiago: PORFAVOR
16:10:43 : Group: santiago: AJAJAJ
16:11:22 : Group: JF: AHORA VAMOS
16:12:37 : Group: santiago: QUE HAGO
16:12:51 : Group: santiago: AJAJAJ
16:12:52 : Group: JF: AHI VOY ANDA SUBIENDO
16:13:12 : Group: JF: O MIRA ASENTRO SDEL GALPON QUE ENCONTRAS
16:15:08 : Group: JF: ESTOS DE CERC A ANDAN BEIN AGARRATELO
16:17:33 : Group: JF: ASI CARGAS COMBUSTIBLE
16:18:02 : Group: santiago: QUE PASO AHI NO ENTENDI 
16:18:45 : Group: JF: QUE ESA ES UNA ESTCION DE SERVICIO Y ASI CARGAS COMBUSTIBLE
16:18:59 : Group: santiago: TE APROXIMAS Y LISTO
16:19:33 : Group: JF: si te aparece una opcion del lado izquierdo
16:19:59 : Group: santiago: CUANDO TENGA EL AUTO ME EXPLICAS 
16:27:28 : Group: JF: bueno me voy al laburo chau
23:35:52 : Group: Jose Luis: que dice peaez
23:36:01 : Group: Jose Luis: pelaez
23:36:34 : Group: santiago: CABALLERO
23:37:35 : Group: Jose Luis: voy para aia
23:38:07 : Group: santiago: AA YO YA NI SE POR DEONDE HABLARLE BOBO
23:38:17 : Group: Jose Luis: jajajapor aqui ome
23:40:40 : Group: santiago: SE PIERDE SI SE QUITA
23:40:51 : Group: Jose Luis: se quita q
23:41:20 : Group: santiago: LA PARED SE PIERDE NO QUEDA EN CAJA CONSTRUIBLE
23:41:29 : Group: Jose Luis: oe venga tengo donde aterrizar o q
23:43:00 : Group: Jose Luis: ve santiago y el castillo de aia arriba esta ocupado o q
23:43:43 : Group: santiago: SI
23:44:42 : Group: Jose Luis: esta gran puta mierda
23:45:59 : Group: Jose Luis: quejesto xDD
23:46:12 : Group: Jose Luis: pana suúestamente se me daño el helicoptero y lo aterrize bien
23:46:28 : Group: santiago: QUE NESEESITA
23:46:34 : Group: Jose Luis: vidrio
23:46:57 : Group: Jose Luis: y partes de motor
23:46:58 : Group: santiago: NEGATIVO
23:47:10 : Group: Jose Luis: tengo que ir al carro rojo que tengo en tienda aia tengo vidrio
23:47:17 : Group: Jose Luis: ya vengo
23:48:12 : Group: Jose Luis: no enciende
23:48:15 : Group: Jose Luis: tenes comida 
23:48:33 : Group: santiago: SI
23:49:25 : Group: Jose Luis: llevame en tu carro a tienda veni por mi
23:49:27 : Group: santiago: EN LA CARBA VENGA
23:50:03 : Group: santiago: QUE PASO 
23:50:27 : Group: Jose Luis: veni en el carro por mi que este hpta helicoptero se daño todo no se porque
23:51:00 : Group: santiago: ESTOY EMPACANDO
23:51:18 : Group: Jose Luis: jajaja tan bello pero veni ome que necesito arreglar esta vaina
23:51:50 : Group: santiago: VOY
23:51:58 : Group: Jose Luis: quedan 8 minutos de server
23:54:18 : Group: Jose Luis: a tienda mijo
23:54:21 : Group: santiago: OJO PS CON LOS M4
23:54:28 : Group: Jose Luis: yo pa que esa basura 
23:54:57 : Group: Jose Luis: hagale mas bien que van a cerrar el server
23:55:06 : Group: Jose Luis: ahhh vida hpta
23:55:07 : Group: santiago: ASELEEE
23:56:11 : Group: santiago: PANA 
23:56:17 : Group: Jose Luis: epa
23:57:05 : Group: santiago: UD COMO VE SU AUTO EN EL MAPA
23:57:17 : Group: Jose Luis: no lo veo
23:57:31 : Group: santiago: O ES ASI
23:59:24 : Group: Jose Luis: maldito reinicio
23:59:43 : Group: Jose Luis: saca el carro porque lo sacan 
23:59:51 : Group: Jose Luis: o mejor no ahora lo buscamos
