17:14:48 : Direct: juandayz: q te llevo a conocer unos amigs
17:14:56 : Direct: LarzuK: ajjaj
17:15:07 : Direct: LarzuK: soy heroe, va todavia no
17:15:12 : Direct: juandayz: ahi vienen
17:15:51 : Direct: juandayz: jaja la banda de los pibes del trade
17:16:09 : Direct: LarzuK: son 3 locos nomas ?
17:16:14 : Direct: LarzuK: jajaj , los van a moler a tiros
17:16:18 : Direct: juandayz: se pasa q mas ia mas lag
17:16:24 : Direct: juandayz: na son inmortales
17:16:28 : Direct: LarzuK: ah ta , joya
17:16:35 : Direct: LarzuK: el coche tambien ?
17:16:45 : Direct: juandayz: si, le tire un heli ensima y nada
17:17:09 : Direct: juandayz: esta bloqueado
17:17:17 : Direct: juandayz: no se puede abrir 
17:17:27 : Direct: LarzuK: ajajaj piola
17:17:34 : Direct: LarzuK: sino alto transporte
17:17:38 : Direct: juandayz: lo unico q son tontos
17:17:43 : Direct: juandayz: para manejar
17:17:45 : Direct: LarzuK: aunque estaria bueno una especie de colectivo
17:17:55 : Direct: juandayz: pero siempre encuentran la manera de hacer la ruta
17:18:16 : Direct: juandayz: lo q àsa q a mas grande el vehiculo mas torpe para manejar
17:18:30 : Direct: LarzuK: ah , cierto , un colectivo se trabaria en todos lados
17:19:22 : Direct: LarzuK: y despues van a haber algunas patrullas asi ?
17:19:29 : Direct: juandayz: ya llas tengow
17:19:31 : Direct: LarzuK: se va a ver el iconito en el mapa ?
17:19:39 : Direct: juandayz: en el restart aparecen, no sin marca
17:19:49 : Direct: LarzuK: ah , ta bien
17:20:17 : Direct: LarzuK: pero son polentosos o cirujas ?
17:20:27 : Direct: juandayz: son militares
17:20:32 : Direct: juandayz: `potentes
17:20:43 : Direct: juandayz: tropas de erradicacion humana
17:20:46 : Direct: juandayz: :D
17:20:55 : Direct: LarzuK: jajaa , peola
17:21:09 : Direct: juandayz: militar a la par
17:21:14 : Direct: LarzuK: ajaja se pegaron alta vuelta , casi se van ?
17:21:18 : Direct: LarzuK: casi se van
17:21:28 : Direct: juandayz: jajaj si siempre hacen lo mismo en esta parada
17:21:40 : Direct: juandayz: hay uno q le tego q agregar la clase de venta
17:21:47 : Direct: LarzuK: ah este
17:21:57 : Direct: juandayz: si
17:22:01 : Direct: juandayz: el de las armas
17:22:22 : Direct: juandayz: aca comienzan el bucle otra vz de recorrido
17:22:36 : Direct: juandayz: estan 5 min , se suben y se van a laproxima parada
17:22:39 : Direct: LarzuK: hay un chabon que te cobra 800k el plot
17:22:48 : Direct: juandayz: si mas barato
17:22:59 : Direct: juandayz: ese tiene las ofertas
17:23:11 : Direct: LarzuK: no estaba a 80k ?
17:23:15 : Direct: juandayz: 100
17:23:23 : Direct: LarzuK: bueno , este te la cobra a 800
17:23:27 : Direct: LarzuK: ajaj
17:23:46 : Direct: juandayz: loll se me fue un 0
17:23:51 : Direct: juandayz: bien ahi q te diste cuenta
17:24:28 : Direct: LarzuK: jaja ya me parecia raro
17:25:02 : Direct: juandayz: ahi taba viendo, tambien se me fue un cero en la safe
17:26:43 : Direct: juandayz: vamo en este
17:26:48 : Direct: LarzuK: ajjaja alto piquete le hice
17:26:57 : Direct: LarzuK: borra la suv
17:27:02 : Direct: juandayz: se borra solaa
17:27:05 : Direct: LarzuK: ah ok
17:27:21 : Direct: juandayz: tirales
17:27:48 : Direct: LarzuK: ajajaj
17:35:50 : Direct: juandayz: estas?
17:35:54 : Direct: LarzuK: se
17:36:09 : Direct: juandayz: vamo a asustarle a lalo
17:36:19 : Direct: LarzuK: jajaj dale
17:36:25 : Direct: juandayz: subi
17:36:39 : Direct: LarzuK: ya subi
17:36:46 : Direct: juandayz: :S te veo al costado jaja
17:36:59 : Direct: LarzuK: ajaj cualquiera
17:38:08 : Direct: juandayz: _D
17:38:10 : Direct: LarzuK: hue
17:39:22 : Direct: LarzuK: no , me lo marca con inflarojjo , jjaja
17:39:29 : Direct: LarzuK: si le tiro lo parto
17:39:31 : Direct: juandayz: jaj no lo mates
17:39:38 : Direct: LarzuK: jaja ya se
17:39:44 : Direct: juandayz: alta base lalo
17:39:50 : Direct: juandayz: nee
