13:26:39 : Side: Nikyta: buenas :)
16:15:23 : Side: Dexter: hola
16:15:57 : Side: Nikyta: hola xd
16:16:57 : Side: Dexter: que lastima no entre nadie
16:17:23 : Side: Nikyta: si la verdad por que esta bueno el sv
16:17:35 : Side: Dexter: se cae seguido?
16:17:56 : Side: Nikyta: yo desde que empese a jugar nunca se sallo
16:19:26 : Side: Dexter: capas que entre a los servidores brasileros y empieze a buscar argentino
16:19:59 : Side: Nikyta: jajaj estaria bueno jajaj aca no tenemos casi nada de pin
16:21:06 : Side: Dexter: tenes la ip?
16:21:25 : Side: Dexter: tiene ts este servidor?
16:22:01 : Side: Nikyta: si si entra a la pag de face ahi tenes todos los datos
16:24:02 : Side: Dexter: la ip no la encuentro
16:24:44 : Side: Nikyta: dayz.universe-xt.com
16:24:52 : Side: Nikyta: esa es la ip
16:25:00 : Side: Nikyta: el puerto es 2302
16:33:05 : Side: Dexter: el basural para que sirve
16:33:37 : Side: Nikyta: pata trabajar y ganar monedas
16:34:10 : Side: Dexter: que necesita para trabjar
16:34:51 : Side: Nikyta: no se nunca fui pero seran herramientas creo
16:39:58 : Side: Dexter: se puede jugar con el juego trucho?
17:33:47 : Side: Dexter: porque me echo?
17:53:46 : Side: Nikyta: admin ?
18:53:58 : Side: Dexter: que onda con los cazas que andan?
18:54:33 : Side: Nikyta: creo que te cagan a tiros jajaja
19:51:05 : Side: Azrael1x: hola hola
20:09:59 : Side: Azrael1x: chicos alguien sabe cada cuanto es la mantecion del plot??
20:10:23 : Side: Nikyta: a mi me dijeron que era diario
20:11:01 : Side: Azrael1x: todos os dias? -.-
20:11:12 : Side: Nikyta: asi me dijeron xd
20:11:27 : Side: Nikyta: igual preguntale al admin
20:11:32 : Side: Azrael1x: asdasdasd XD
20:11:40 : Side: Nikyta: jajajajajaja+
20:15:08 : Side: Azrael1x: ahh ok gracias adm!
20:15:53 : Side: Nikyta: admin ?
20:16:15 : Side: Nikyta: podes venir ?
20:16:17 : Side: Nikyta: jajaja
20:17:36 : Side: [WG] SnakeGeneral: adm donde vendes el heli mission ?
20:21:49 : Side: Azrael1x: la del m-22?
20:22:50 : Direct: adm#2: hey
20:23:00 : Direct: adm#2: where you have your heli?
20:23:17 : Direct: adm#2: snakegeneral
20:23:38 : Direct: adm#2: el helicoptero que queres vender
20:23:42 : Direct: [WG] SnakeGeneral: in mission finishi
20:24:05 : Direct: [WG] SnakeGeneral: con una lança missel
20:25:12 : Direct: adm#2: esos helis no se venden, pero por esta vez te lo compro yo
20:25:52 : Direct: adm#2: stop
20:26:07 : Direct: adm#2: i gonna give you the money
20:26:11 : Direct: adm#2: for the heli
20:26:38 : Direct: adm#2: $200.000
20:26:46 : Direct: [WG] SnakeGeneral: thx
20:26:50 : Direct: adm#2: ;)
20:27:14 : Direct: adm#2: q necesitas nikita=ç
20:27:26 : Side: Azrael1x: adm que se hace en juliet y grupo religioso?
20:27:44 : Side: adm#2: juliet es un puesto de control del ejercito, hay bots
20:27:45 : Direct: Nikyta: ahi salgo xd
20:27:59 : Side: adm#2: en el grupo religioso, es un trade sin god mode
20:28:08 : Side: adm#2: venden palas y boludeces
20:28:16 : Direct: adm#2: ?¿
20:28:18 : Side: Azrael1x: ahh ok gracias :D
20:28:44 : Direct: adm#2: q paso
20:28:50 : Direct: Nikyta: pense que el estanque era mas pequeño xd  asi que tube que agrandar jaja
20:29:04 : Direct: adm#2: :)
20:29:09 : Direct: Nikyta: no puedo sacar estas paredes 
20:29:29 : Direct: adm#2: toda la fila?
20:29:35 : Direct: Nikyta: si
20:29:49 : Direct: Nikyta: asi puedo pescar tranquila xd
20:29:51 : Direct: Nikyta: jajaj
20:30:20 : Direct: Nikyta: no se por que no me dejaba sacarlos
20:30:32 : Direct: Nikyta: gracias !!
20:30:35 : Direct: adm#2: de nada!
20:30:41 : Direct: adm#2: cerra el frente
20:30:46 : Direct: Nikyta: ahora tengo casa con pileta xd
20:31:52 : Direct: adm#2: si quieren pueden apostar aqui, comprar bonos, jugar ruleta rusa
20:35:36 : Side: adm#2: En la torre de amplitud modulada pueden pedir suministros y/o un ataque de artilleria a un punto especifico del mapa.
20:37:15 : Side: Nikyta: cuando quiero plantar marihuana me dice que tengo que ser un boogieman jajaja que es eso ?¿
20:40:03 : Side: Azrael1x: es el espantapajaros
20:46:22 : Side: [WG] SnakeGeneral: adm pq my amigo is kick game ?
21:35:10 : Side: Dexter: no porque me gusta usa el cheat de teletranportacion :C
21:58:21 : Side: JF: Hola gente como estan?
22:42:06 : Side: JF: jajaja de incognito la gallinita!!
