01:34:00 : Direct: Pampita: alejate trola
01:34:03 : Direct: Pampita: se
02:09:07 : Direct: Viciuz: Necesito
02:09:10 : Direct: Viciuz: recuperar esa base
02:09:16 : Direct: Viciuz: me intentan robar todas las llaves que tengo
02:10:24 : Direct: Viciuz: por favor
02:10:28 : Direct: Viciuz: ayudame pls :c
02:10:42 : Direct: Viciuz: a mi y ami amigo Vodka nos costo mucho trabajo tener lo que nos intentaron robar
02:11:08 : Direct: reconnect: vos sos amigo de vodka?
02:11:18 : Direct: Viciuz: Si
02:11:58 : Direct: reconnect: pampita estaba con vodka
02:12:07 : Direct: Viciuz: enserio?
02:12:12 : Direct: Viciuz: no se lo creo..
02:12:18 : Direct: reconnect: yo los vi aca en el trader
02:12:20 : Direct: Viciuz: entonces quien intentó grifear la base?
02:12:28 : Direct: Viciuz: me puedes ayudar?
02:12:29 : Direct: reconnect: no se, ni idea, yo estaba haciendo la mision verde
02:13:09 : Direct: reconnect: cuando vine a comprar el chopper, estaba vodka con pampita y otro mas
02:13:13 : Direct: Viciuz: Simplemente no lo creo
02:13:17 : Direct: reconnect: bue
02:13:19 : Direct: Viciuz: por que pampita
02:13:23 : Direct: Viciuz: estaba revisando el cuerpo
02:13:24 : Direct: Viciuz: y cajas.
02:13:41 : Direct: Viciuz: yo logge en nuestra base y en nada mire eso y le dispare
02:13:42 : Direct: reconnect: yo estuve aca man, te deigo que vodka estaba con pampita y otro mas, etan 3
02:13:56 : Direct: Viciuz: mmm...
02:14:03 : Direct: Viciuz: me puedes ayudar?
02:14:07 : Direct: Viciuz: mirando a ver si siguen en bsae
02:14:13 : Direct: Viciuz: esas llaves son importantes :/
02:14:26 : Direct: reconnect: no, paso, si queres te presto guita o un arma
02:14:30 : Direct: Viciuz: arma
02:14:31 : Direct: Viciuz: pls
02:14:57 : Direct: reconnect: que arma queres?
02:15:04 : Direct: Viciuz: lo que sea
02:15:07 : Direct: reconnect: decime una
02:15:08 : Direct: Viciuz: si tienes distancia, mucho mejor
02:15:17 : Direct: reconnect: nombre y apellido del arma
02:15:23 : Direct: Viciuz: hahahaha
02:15:28 : Direct: Viciuz: cualquier sniper estaria bien
02:34:08 : Direct: Viciuz: hola :p
02:34:13 : Direct: ChukyN: que
02:34:30 : Direct: Viciuz: Recientemente intentaron grifear mi base, intentando quitar los vehiculos, la base estaba bloqueada, no estoy alegando nada, pero..
02:34:32 : Direct: Viciuz: en una regla
02:34:42 : Direct: Viciuz: establece que no se pueden hacer acciones
02:34:47 : Direct: Viciuz: que perjudiquen a los demás jugadores
02:34:57 : Direct: Viciuz: Nonono, no te digo eso xD
02:35:01 : Direct: Viciuz: o bueno, en parte si.
02:35:12 : Direct: Viciuz: ¿se castiga con sansión o algo por el estilo? :p
02:35:27 : Direct: ChukyN: Entrar en las bases esta permitido
02:35:37 : Direct: ChukyN: lo que no esta permitido es destruirla completamente
02:35:48 : Direct: Viciuz: Pero, estaba bloqueada.. entraron con heli a lo rambo xD.
02:35:58 : Direct: ChukyN: por ejemplo, si asaltas una base, destrui una sola pared, no toda la base para robar una safe
02:36:03 : Direct: Viciuz: de hecho, ni esta acabada, sólo falta techo :v. 
02:36:08 : Direct: Viciuz: ohh..
02:36:13 : Direct: Viciuz: entonces, está permitido el griffeo?
02:36:17 : Direct: ChukyN: Si
02:36:21 : Direct: ChukyN: y mas si no tenes techo
02:36:29 : Direct: Viciuz: mmm, vale 
02:36:29 : Direct: ChukyN: es obvio que van a entrar en heli
02:36:35 : Direct: Viciuz: otra pregunta.
02:36:50 : Direct: Viciuz: ¿recuerdas cuando me salvaste? 
02:36:56 : Direct: ChukyN: Si
02:37:00 : Direct: Viciuz: ¿recuerdas que tenia una camioneta, no?
02:37:04 : Direct: ChukyN: hay un TS para este tipo de preguntas sabias
02:37:19 : Direct: Viciuz: después de un restart, perdi la llave, o sea, no la tenia ._., ¿es normal?
02:37:24 : Direct: Viciuz: y no, no lo sabía
02:37:28 : Direct: Viciuz: además, no tengo TS.
02:37:51 : Direct: ChukyN: Las llaves no desaparecen por amor al arte, debes haberla buggeado con otra herramienta o otra llave
02:38:11 : Direct: Viciuz: ¿y que se puede hacer?
02:38:21 : Direct: Viciuz: además de lamentarse :V
02:38:34 : Direct: ChukyN: hay una mision donde aparece un hotwire que te deja desbloquear vehiculos
02:38:46 : Direct: ChukyN: En tods las misiones hay chance de que aparezca en realidad
02:38:50 : Direct: ChukyN: Pero minimas
02:38:56 : Direct: Viciuz: Y eso.. dura infinitamente?
02:39:30 : Direct: ChukyN: No solo un tiempo
02:39:36 : Direct: Viciuz: Mmm, vale..
02:39:38 : Direct: ChukyN: lo suficiente para que vendas y compres otro vehiculo
02:39:48 : Direct: Viciuz: al robar el vehiculo se puede vender?
02:40:03 : Direct: ChukyN: ts5.freets3.net:10113
02:40:07 : Direct: ChukyN: Ese es el TS
02:40:12 : Direct: Viciuz: vale.
02:40:15 : Direct: ChukyN: Si lo podes vender
02:40:17 : Direct: Viciuz: Pues muchas gracias.
02:40:32 : Direct: Viciuz: ... me podes enviar a la trade? :l
02:41:00 : Direct: Viciuz: gracias
21:38:42 : Direct: juandayz: jaajaja
21:38:44 : Direct: Pampita: q le tira a mi suv
21:38:49 : Direct: juandayz: no cuidaba nada la suv
21:42:30 : Direct: Pampita: puto metete al ts
21:42:42 : Direct: jMM: no puedo
21:42:44 : Direct: jMM: no tengo audio
21:42:48 : Direct: jMM: rompi el auricular
21:42:52 : Direct: Pampita: estas pollereando
21:42:57 : Direct: jMM: no loco
21:42:57 : Direct: Pampita: subi
21:43:13 : Direct: jMM: ahi conecto el auricular
21:43:17 : Direct: jMM: pero escucho de un solo lado
21:49:00 : Direct: juandayz: jaja bien
22:19:36 : Direct: Pampita: jaja vas a tener que esperar a juan que te saque
22:20:08 : Direct: reconnect: es tuyo?
22:20:16 : Direct: reconnect: el chopo
22:20:17 : Direct: Pampita: no de juan
22:22:05 : Direct: Pampita: mientras salgamos de aca sirve
22:31:57 : Direct: Pampita: hhahahahahahh
22:32:29 : Direct: Pampita: safezone!
