16:07:47 : Direct: juandayz: bu
16:08:13 : Direct: Hijo De Remil: buenas
16:08:17 : Direct: juandayz: ;)
16:08:23 : Direct: Hijo De Remil: vos sos dios??
16:08:30 : Direct: juandayz: na juan no mas
16:08:36 : Direct: Hijo De Remil: jaja
16:08:57 : Direct: juandayz: aya esta la cara de dios
16:08:57 : Direct: Hijo De Remil: estamso re perdidos
16:09:07 : Direct: juandayz: en la carpa aquella q dice burdel
16:09:20 : Direct: juandayz: no entienden el server?
16:09:23 : Direct: Nikolaidys: deja gatoo
16:09:27 : Direct: Nikolaidys: vamos al burdel, ya fue el dayz
16:10:09 : Direct: juandayz: venim q hay un arma para lootear y todo donde esta la chica
16:10:54 : Direct: Hijo De Remil: no tengo ni mochi para juntar el ama..
16:11:34 : Direct: juandayz: ahi tenes una
16:11:55 : Direct: Hijo De Remil: gracias
16:11:58 : Direct: juandayz: d nada :)
16:12:01 : Direct: Hijo De Remil: si sos dios!!
16:12:17 : Direct: juandayz: jajaj me tengo q hacer el skin del diego entonces
16:12:33 : Direct: Nikolaidys: cuanto vale el completo?
16:12:38 : Direct: juandayz: 500
16:12:47 : Direct: juandayz: tratala bien no mas
16:12:48 : Direct: Nikolaidys: iajuu ... pero soy pobre
16:12:52 : Direct: Nikolaidys: decile que me haga descuento
16:13:26 : Direct: juandayz: veni
16:13:35 : Direct: Nikolaidys: que rapido 500 pesos
16:13:39 : Direct: Nikolaidys: y duro 5 segundos
16:13:41 : Direct: juandayz: ahi tenes para debutar
16:13:49 : Direct: juandayz: podes apostar tambien
16:13:53 : Direct: juandayz: en la carpa del casino
16:14:01 : Direct: Nikolaidys: voy para alla !!!! donde esta ?????????????????
16:14:15 : Direct: Hijo De Remil: cual es el trader de armas del mercado negro?
16:14:28 : Direct: juandayz: este
16:14:48 : Direct: Nikolaidys: perdi todo 
16:14:51 : Direct: Nikolaidys: O.o
16:15:06 : Direct: juandayz: el del humbie es el hero trade, en la torre de control esta el air dealer y al lado el bandit trade
16:15:11 : Direct: Nikolaidys: la bnca siempre gana
16:15:15 : Direct: juandayz: :D
16:15:22 : Direct: Nikolaidys: el del casino me robo 100 k
16:15:25 : Direct: Nikolaidys: lo voy a denunciar
16:15:47 : Direct: juandayz: te durmio jaaja
16:16:30 : Direct: Nikolaidys: y asi es como volvimos a ser pobres :D
16:16:38 : Direct: Nikolaidys: me delire la guita en putas y juegos
16:16:43 : Direct: juandayz: usalo con sabiduria :Ds
16:17:12 : Direct: juandayz: este de aca
16:18:35 : Direct: Nikolaidys: como se cambia
16:18:40 : Direct: Nikolaidys: el maletin por oro?
16:19:16 : Direct: juandayz: este te cambia el maletin
16:19:59 : Direct: juandayz: te dio las monedas?
16:20:17 : Direct: Nikolaidys: daaaa la inflacion
16:20:25 : Direct: Nikolaidys: se me fue a la chota
16:20:30 : Direct: Nikolaidys: el heli xD
16:20:57 : Direct: juandayz: este medicoo te paga 1.000 por probar la cura del virus en tu cuerpo
16:21:05 : Direct: Nikolaidys: me da miedo :$
16:21:10 : Direct: juandayz: jaja
16:21:45 : Direct: Nikolaidys: ya dios, deja de disparar
16:22:40 : Direct: juandayz: el hippie ese compra la droga y la vende
16:22:58 : Direct: Hijo De Remil: no encuentro el que ende las safes
16:23:04 : Direct: juandayz: acaw
16:23:22 : Direct: juandayz: este abogado
16:23:26 : Direct: Nikolaidys: volvi a ser pobre ajajajjajjajaa ... pablo comprame cargadores stanag
16:24:03 : Direct: Hijo De Remil: me faltan 14 k..
16:24:11 : Direct: juandayz: fijense q hay un circulito azul q se mueeve por el mapa despues.. esos son los vendedores ambulantes tienen mejor precio
16:24:35 : Direct: juandayz: paran en cada circulo verde. y ahi se puede comerciar
16:24:36 : Direct: Nikolaidys: es auto-refuel?
16:24:48 : Direct: juandayz: el que?
16:24:56 : Direct: Nikolaidys: los vehiculos
16:25:05 : Direct: Hijo De Remil: eso de zona infectada que es??
16:25:20 : Direct: juandayz: los autos aca en el server tienen refuel en las estaciones de servicio no mas
16:25:28 : Direct: Nikolaidys: y el heli?
16:25:34 : Direct: juandayz: tambien
16:25:43 : Direct: Nikolaidys: ok
16:25:47 : Direct: juandayz: la zona infectada es un area de loot militar
16:26:04 : Direct: juandayz: pero tenes q entrar y salir en menos de 2 min si no moris
16:26:15 : Direct: juandayz: infectado
16:26:30 : Direct: Hijo De Remil: hay z?? o loot nomas?
16:26:41 : Direct: juandayz: hay zombies tambien
16:29:35 : Direct: Alan: q punteria
16:29:38 : Direct: Alan: la concha de la lora
16:30:30 : Direct: juandayz: dale q te llevo al cuerpo
16:30:34 : Direct: Alan: veo un chico en moto y me vuelvo loco
16:30:37 : Direct: Alan: jaja
16:30:42 : Direct: juandayz: donde esta jajaajaja
16:30:59 : Direct: juandayz: veniii venii subite a mi gilera vayamos despoaocito finito a la vereda
16:30:59 : Direct: Alan: hay te lo marque
16:31:05 : Direct: Alan: jajaja
16:31:34 : Direct: juandayz: sos la cara
16:33:15 : Direct: Hijo De Remil: eso que dice de vam de electro a vishnoe, es un convoy o algo asi?
16:36:00 : Direct: Alan: odio las vacas jajajaja
16:36:35 : Direct: Alan: 2 enanos culiado adentro del cuatrii
16:36:39 : Direct: Alan: maldito pekeee !!!
16:37:01 : Direct: juandayz: bajale
16:38:00 : Direct: juandayz: q paso
16:38:10 : Direct: sebastian: el server tiene antihack ? 
16:38:21 : Direct: juandayz: el del battle no mas
16:38:31 : Direct: sebastian: esque desde ayer
16:38:38 : Direct: sebastian: me anda pegoteado a veces
16:38:44 : Direct: sebastian: el juego
16:38:55 : Direct: juandayz: se te lagea?
16:39:17 : Direct: sebastian: nop voy normal con los 50 fpd y de repente se me van a 8 a cada rato
16:39:26 : Direct: sebastian: fps
16:39:44 : Direct: juandayz: en zonas determinadas? o en cualquier parte
16:39:48 : Direct: sebastian: dsp en unos minutos me vuelve a los 50 y le bajo mas los graficos y es igual
16:39:52 : Direct: sebastian: cualquier parte
16:40:14 : Direct: juandayz: ni idea capaz sea algun mal funcionamiento del vps
16:40:25 : Direct: sebastian: puede ser por que antes no me pasaba
16:40:56 : Direct: juandayz: probaste las apuestas?
16:41:07 : Direct: sebastian: si perdi como 120.000
16:41:12 : Direct: sebastian: y gane 3.000
16:41:13 : Direct: juandayz: lol
16:41:22 : Direct: sebastian: xd
16:41:24 : Direct: juandayz: juga de a 500 q hay mas chance :P
16:41:34 : Direct: sebastian: pero es poquito xd
16:41:38 : Direct: juandayz: goloso
16:41:49 : Direct: sebastian: uno que es millonario u.u
16:41:51 : Direct: juandayz: aya hay un laboratorio de alquimia tambien
16:41:57 : Direct: juandayz: para hacer joyas
16:42:01 : Direct: sebastian: donde ?
16:42:14 : Direct: sebastian: :o
16:42:39 : Direct: sebastian: pide muchos item
16:42:56 : Direct: juandayz: el de 1er grado es una botella y una barra de oro
16:43:04 : Direct: juandayz: con un martillo en el inventario
16:43:22 : Direct: sebastian: las barras de bronce o de silver 
16:43:55 : Direct: juandayz: silver y oro
16:44:18 : Direct: sebastian: con ls monedas que tengo puedo canjear bar de silver y de oro con el mismo precio
16:44:39 : Direct: juandayz: sip
16:44:50 : Direct: sebastian: aa oka entonces tengo que ir donde ese npc
16:44:52 : Direct: juandayz: una barra de oro = 1000
16:44:56 : Direct: sebastian: sip
16:45:46 : Direct: sebastian: ya entendi vale
16:45:57 : Direct: sebastian: voy al puterio un rato
16:46:53 : Direct: juandayz: vamo al tiro al blanco
16:47:21 : Direct: sebastian: ooo bkn
16:47:26 : Direct: juandayz: con la pistola ee
16:47:39 : Direct: sebastian: la zona no es segura sale xd
16:47:42 : Direct: juandayz: 10 tiros
16:47:49 : Direct: juandayz: y chequeas el puntaje
16:48:30 : Direct: juandayz: 43 :(
16:48:48 : Direct: sebastian: 79
16:48:54 : Direct: juandayz: pone clear
16:49:53 : Direct: juandayz: por dio 38 ¬¬
16:50:05 : Direct: sebastian: 77 xd
16:50:18 : Direct: juandayz: voy a tirar con la m8
16:50:24 : Direct: sebastian: oka xd
16:51:16 : Direct: juandayz: 89...
16:51:22 : Direct: sebastian: omg 88 xd
16:51:27 : Direct: juandayz: :D
16:51:31 : Direct: juandayz: perate
16:51:32 : Direct: sebastian: por uno
16:51:41 : Direct: sebastian: no tengo mas ammo
16:51:54 : Direct: sebastian: voy a comprar mas
16:52:13 : Direct: juandayz: ahi tenes la m4
16:52:34 : Direct: sebastian: estoy lleno de armas deja ir a vender xd
16:52:38 : Direct: juandayz: guarda en la caja si queres
16:52:51 : Direct: juandayz: 5 entran
16:52:59 : Direct: sebastian: deje 4
16:54:09 : Direct: juandayz: 88
16:54:18 : Direct: sebastian: 85
16:55:43 : Direct: sebastian: 85 xd
16:56:57 : Direct: juandayz: amos ?
16:57:10 : Direct: sebastian: deja comprar municion
16:58:39 : Direct: sebastian: espera falta poco
