02:54:03 : Side: Mijael: Quedo copado el servidor 
02:54:25 : Side: juandayz: mira le acabo de meter un solo trade central
02:54:46 : Side: Mijael: Uh a ver... 
02:54:54 : Side: Mijael: estoy re desorientado con el tema del server
02:54:57 : Side: Mijael: hace un monton no entro
02:55:07 : Side: juandayz: ahi esta agrupado , klen, stary, bash, air dealer, whole saler, hero trade, y bandit trade
02:55:37 : Side: Mijael: Esta bueno
02:55:46 : Side: juandayz: aca te traje
02:55:49 : Side: Mijael: para los que no tienen transporte y les da paja ir de punta en punta
02:55:57 : Side: Mijael: Todavia no spawnee jaja
02:55:57 : Side: juandayz: claro
02:56:23 : Side: Mijael: foa
02:56:35 : Side: juandayz: uaaah  reinicia en 4 min mas o menos
02:56:41 : Side: Mijael: El cartelito del costado no veo un pomo lo que dice
02:56:56 : Side: juandayz: con la rued del mouse lo ocultas
02:57:02 : Side: Mijael: Tengo las settings en ultra hyper low
02:57:18 : Side: juandayz: esste es el trade
02:57:23 : Side: Mijael: Nice
02:57:35 : Side: Mijael: Cuando jugaba antes
02:57:43 : Side: Mijael: con el tema este de ir en punta en punta, termine chocando mi avion
02:57:48 : Side: Mijael: por eso deje de jugar, una paja caminar jaja
02:57:49 : Side: juandayz: jajaja
02:58:04 : Side: juandayz: en el edificio grande venden aviones y helis
02:58:15 : Side: juandayz: veni q te doy plata :D
02:58:20 : Side: Mijael: :D
02:58:34 : Side: Mijael: Groso jaja
02:58:45 : Side: juandayz: ese es el hero trade
02:59:16 : Side: Mijael: A la mier
02:59:21 : Side: Mijael: pense que era mucho lo que me diste
02:59:25 : Side: Mijael: me alcanza para el pan nomas
02:59:26 : Side: Mijael: jajaja
02:59:32 : Side: juandayz: jajajaj compra un lil bird
02:59:49 : Side: juandayz: ojo q reinicia el server ya
17:46:24 : Side: juandayz: hola lalo
17:46:32 : Side: juandayz: te gusta el nuevo mercado central :D
17:46:40 : Side: vodka: hola juan , como estas ?
17:46:47 : Side: vodka: esta bueno 
17:47:03 : Side: juandayz: esta basado en la joda q hacia david con hacer el carrefur y la salada :D
17:47:08 : Side: vodka: fui a klem y no vi nada jaja
17:47:21 : Side: juandayz: jajaj na borre todos los trades y agrupe aca
17:48:14 : Side: vodka: heroe y bandido tiene god mode ?
17:48:23 : Side: juandayz: estan todos aca
17:48:32 : Side: juandayz: heroe , bandido, wholesaler
17:48:37 : Side: juandayz: veni
17:48:40 : Side: vodka: haa en el mismo predio 
17:48:44 : Side: juandayz: claro
17:49:05 : Side: juandayz: las marcas afuera son por q no me entraba todo en el mismo texto de MERCADO CENTRAL
17:49:14 : Side: juandayz: ese es el heroe
17:49:24 : Side: juandayz: este el bandit
17:49:43 : Side: juandayz: el primero e la izq es el air dealer
17:49:49 : Side: vodka: quedo copadpo
17:50:01 : Side: juandayz: este es el air dealear
17:50:11 : Side: juandayz: y aya esta el wholesaler
17:51:54 : Side: juandayz: este de aca tiene las armas del overwacht
17:52:51 : Side: juandayz: este chatarrero vende partes de vehiculos
17:53:52 : Side: juandayz: y los vehiculos spawnean en el coso ese amarillo
17:54:10 : Side: juandayz: me alcanzaba para una bici no mas :D
17:54:37 : Side: vodka: quedo re copado 
17:54:56 : Side: juandayz: queria q quede un poco mas concentrado el tema de tradear
17:55:14 : Side: juandayz: si no tenes q ir para todos lados
17:55:26 : Side: juandayz: ah y ese del medio es el black market
17:56:27 : Side: vodka: me gusto esto q este junto ,te ahorras el viaje de ir y venir en todo el mapa 
17:56:38 : Side: juandayz: claro er la idea :)
17:57:05 : Side: juandayz: me hubiera gustado ponerlo mas al centro, pero no habia lugar llano
17:57:41 : Side: vodka: queda justo en un triangulo , para la emboscada en las rutas 
17:58:30 : Side: juandayz: abajo en la T q hace la ruta principal esta bueno para emboscar
17:58:45 : Side: juandayz: habria q agregar ahi, algun puesto asi camuflado para campear :D
17:59:19 : Side: vodka: claro de los dos lado algo como una especie de reten 
19:26:57 : Side: juandayz: hola ariel
19:27:28 : Side: Ariel: como va
19:27:34 : Side: juandayz: bien
19:27:44 : Side: Ariel: y como anda el servers
19:28:07 : Side: juandayz: ahi va, saque todos los trades e hice uno solo grande q tiene todo
19:28:42 : Side: Ariel: ah sos el admin?
19:29:00 : Side: juandayz: sip
19:29:08 : Side: Ariel: un gusto
19:29:22 : Side: Ariel: tenes que hacer que los zombies no corran
19:29:26 : Side: juandayz: igualmente :)
19:30:43 : Side: Ariel: hola
19:30:50 : Side: juandayz: llevate el heli :) regalo de bienvenida :D
19:31:00 : Side: Ariel: grax amigo
19:31:05 : Side: Ariel: tenes sangre
19:31:11 : Side: Ariel: toy re moribundo
19:31:33 : Side: Ariel: grax
19:31:45 : Side: juandayz: fue un milagro de dios :P 
19:31:49 : Side: juandayz: ah re religioso era
19:31:50 : Side: Ariel: de donde sos amigo
19:31:57 : Side: juandayz: argentina, vos?
19:32:02 : Side: Ariel: tambien
19:33:06 : Side: Ariel: pregunta se puede construir en cualquier lado?
19:33:40 : Side: juandayz: casi en cualqier lado, pero tranquilo q hay una restriccion automatica q no te deja cerca de ciertos lugares
19:33:49 : Side: juandayz: como trades, airfield etc
19:34:02 : Side: Ariel: buenisimo
19:34:25 : Side: Ariel: necesitaria un plot entonces
19:34:25 : Side: juandayz: en el mapa vas a ver MERCADO CENTRAL .. ahi estan todos los vendedores
19:34:31 : Side: juandayz: si
19:34:44 : Side: Ariel: va ser dificil conseguir uno
19:34:48 : Side: Ariel: jajaj
19:35:30 : Side: juandayz: hola zarmin!
19:35:40 : Side: Ariel: que eso de la antena
19:36:19 : Side: juandayz: es otro Trade, con menos cosas. simula ser una radio de emergencia q transmite todos los mensjes de misiones
19:37:24 : Side: Ariel: buenisimo
19:38:10 : Side: Ariel: tiene llave el heli
19:38:58 : Side: Ariel: jajaja
19:39:16 : Side: Ariel: sos un capo amigo
19:39:29 : Side: ZARMIN: holaa
19:39:36 : Side: ZARMIN: que hacen??
19:39:45 : Side: juandayz: como te va zarmin
19:39:50 : Side: ZARMIN: me persiguio un zombi xD
19:39:59 : Side: ZARMIN: aki todo bien che
19:40:07 : Side: ZARMIN: de donde ss??
19:40:11 : Side: juandayz: arg
19:40:20 : Side: ZARMIN: jajaj
19:40:28 : Side: ZARMIN: see pero de q parte xD
19:40:33 : Side: juandayz: zarate bs as
19:40:39 : Side: Ariel: te quiero preguntar algo en privado juan
19:40:43 : Side: ZARMIN: ahh vale
19:41:50 : Side: juandayz: vos de donde? zarmin
19:42:10 : Side: ZARMIN: naa yo de salta
19:42:25 : Side: juandayz: uh q bueno salta
