04:09:51 : Group: vodka: haaa esa es sd 
04:10:24 : Group: vodka: creo q se vende en bandido 
04:12:19 : Group: vodka: en la mochi ?
04:14:23 : Group: vodka: hay una amarilla como el de ayer
04:15:13 : Group: vodka: este poco creo q 3
04:15:52 : Group: vodka: vemos si sale una con vehiculos y nos la llevamos ahi 
04:16:11 : Group: vodka: se fue la mision espermos a otra
04:16:30 : Group: vodka: dael
04:17:52 : Group: vodka: el heli mas grande es mar rapida aun
04:18:04 : Group: vodka: este de 2 psajero 80k
04:18:14 : Group: vodka: y de 4 100k
04:18:24 : Group: Viciuz: vaya.. creo que quiero uno :p 
04:18:32 : Group: Viciuz: la gasolina es lo mismo?
04:18:43 : Group: vodka: yo el mas grande pero sale 400k
04:19:36 : Group: Viciuz: quiza... es un punto neutral, no?
04:19:42 : Group: Viciuz: por que comenzaste a avisar a central
04:20:32 : Group: vodka: por las dudas lo dejo aca por si hay npc 
04:20:42 : Group: Viciuz: dale
04:20:45 : Group: Viciuz: pues, vamos
04:22:15 : Group: vodka: bue lo deje lejos a heli jaja
04:22:22 : Group: Viciuz: regresamos?
04:22:30 : Group: vodka: no ya estamos 
04:22:45 : Group: vodka: volvemos en bici
04:23:00 : Group: Viciuz: lo tradicional xDw
04:23:34 : Group: Viciuz: estamos cerca
04:24:40 : Group: Viciuz: te lo dije
04:24:43 : Group: Viciuz: zona neutral xD
04:24:58 : Group: Viciuz: el admin me comentó que pondría una caravana que iria por todo el mapa deteniendose en ciertos puntos
04:25:00 : Group: Viciuz: sip
04:25:24 : Group: Viciuz: pero, por lo pronto su caravana atacaba a todos xD
04:26:10 : Group: Viciuz: la zona infectada
04:26:17 : Group: Viciuz: tiene buen looteow
04:27:02 : Group: Viciuz: si esa xD
04:27:46 : Group: Viciuz: vamos a la ural?
04:28:01 : Group: Viciuz: vale
04:29:23 : Group: Viciuz: aqui dejaremos el heli?
04:29:53 : Group: Viciuz: vale
04:30:11 : Group: Viciuz: ya encontré mi punto perfecto para snipear.. xD
04:30:17 : Group: Viciuz: esos arboles se ven comprometedores.
04:31:14 : Group: Viciuz: hay zombies delante
04:31:23 : Group: Viciuz: llevas silenciada o algo?
04:31:30 : Group: Viciuz: o los rodeamos?
04:31:44 : Group: Viciuz: coño, hay muchos
04:32:49 : Group: Viciuz: Viaje tan comodo y relajante
04:32:53 : Group: Viciuz: en medio del apocalipsis xD
04:33:46 : Group: Viciuz: eso no es un granero..
04:34:13 : Group: Viciuz: xD
04:34:16 : Group: Viciuz: parecia granero de lejos
04:34:38 : Group: Viciuz: de aca ya se mira
04:34:43 : Group: Viciuz: tienen un camion echo trizas
04:34:48 : Group: Viciuz: estan a 300 mts
04:34:57 : Group: Viciuz: son cinco
04:35:01 : Group: Viciuz: sin estatic ni nada
04:35:03 : Group: Viciuz: 6*
04:35:34 : Group: Viciuz: y si se bugea y era roja y se convirtió en verde? D:
04:36:18 : Group: Viciuz: ya vi, son varios enemigos..
04:36:36 : Group: Viciuz: pues a comenzar con la masacre.
04:38:04 : Group: Viciuz: que hijosdeputa xD
04:42:24 : Group: Viciuz: ALA
04:42:27 : Group: Viciuz: esa m4!
04:42:31 : Group: Viciuz: es como la que yo tenia! :C
04:42:54 : Group: Viciuz: vale
04:43:43 : Group: Viciuz: al oro que se le hace?
04:44:00 : Group: Viciuz: el Wire Fencing Kit
04:44:02 : Group: Viciuz: para que sirve? :o
04:44:29 : Group: Viciuz: no te sirve para tu casa?
04:44:34 : Group: Viciuz: también hay sandbags
04:45:32 : Group: vodka: ahi se mueve la carabana
04:45:43 : Group: Viciuz: si xD
04:45:47 : Group: Viciuz: todavia atacaran?
04:45:53 : Group: vodka: ni idea
04:46:27 : Group: Viciuz: como se usa el machete? xD
04:46:47 : Group: vodka: tenes q sacarte el arma y ponerlo ahi 
04:46:56 : Group: vodka: con clic derecho
04:47:47 : Group: Viciuz: es verdad que hay algo para abrir coches?
04:48:15 : Group: vodka: si es un loot raro cuesta mucho conseguir 
04:48:30 : Group: Viciuz: a Jf le salieron dos y los mal gastó! D:
04:49:14 : Group: vodka: es q tenes un porcentaje de exito no siempre te funciona 
04:50:02 : Group: Viciuz: siempre dispara mi ratón -.-
04:50:08 : Group: Viciuz: desconfigure el DPI :v xD
04:52:40 : Group: vodka: vas a vender o guardar ?
04:53:54 : Group: Viciuz: aqui dejaremos las cosas y después al trade?
04:55:08 : Group: Viciuz: la M4 utiliza los mismos cartuchos que esta arma?
04:55:28 : Group: vodka: cual arma
04:55:37 : Group: Viciuz: que la m24
04:55:40 : Group: vodka: no
04:55:51 : Group: vodka: el dmr 
04:56:04 : Group: vodka: tenes q comvertirlo nomas
04:57:12 : Group: Viciuz: ahora a donde?
04:57:21 : Group: Viciuz: a la amarilla?
04:57:54 : Group: vodka: vamos
04:58:54 : Group: Viciuz: Ahora, de nuevo el mismo nerviosismo de ayer volverá al hacer esta misión xD
05:00:04 : Group: vodka: en las misiones de color negro vienen 3 heli y caen npc mas un vehiculo patruyando 
05:00:24 : Group: Viciuz: woooooooooow hahahahahaha
05:00:34 : Group: Viciuz: cuando mori al perder mis vehiculos, estaba un vehiculo patruyando
05:00:37 : Group: Viciuz: y un heli sobrevolando!
05:01:00 : Group: vodka: donde te ve el heli te tira
05:03:15 : Group: Viciuz: ya hay otra atrás también
05:03:18 : Group: Viciuz: amarilla
05:03:55 : Group: Viciuz: si ubiesen estado más cerca, les ubieramos dado con todo!
05:04:07 : Group: vodka: vamos w
05:04:10 : Group: Viciuz: yo no los veo xD
05:04:31 : Group: vodka: lo puse aca sino la estatica nos baja
05:05:48 : Group: Viciuz: hambre..
05:06:08 : Group: vodka: veni q tengo comida
05:06:51 : Group: Viciuz: dale yo tengo
05:06:52 : Group: Viciuz: cuidado
05:07:54 : Group: Viciuz: transfucion xD
05:08:07 : Group: vodka: come carne q te recupera
05:10:22 : Group: Viciuz: ya los lograste ver?
05:10:29 : Group: Viciuz: atrás hay una caseta para franco xD
05:10:30 : Group: vodka: vamos a tener q cruzar al frente no se ve desde aca
05:10:38 : Group: Viciuz: dale
05:10:39 : Group: Viciuz: te sigo
05:13:17 : Group: Viciuz: los miras?
05:13:30 : Group: vodka: si 
05:13:45 : Group: vodka: fijate en el menu setviow
05:13:55 : Group: Viciuz: sip, ya los mire
05:14:08 : Group: vodka: en low a 1000
05:14:19 : Group: Viciuz: a la static
05:14:29 : Group: Viciuz: solo es una?
05:14:29 : Group: vodka: si 
05:14:53 : Group: Viciuz: cuando me indiques
05:15:23 : Group: vodka: puede q si igual hay q ver dertas del pino si no hay
05:15:40 : Group: Viciuz: dale
05:15:43 : Group: Viciuz: ahora vemos eso
05:16:01 : Group: Viciuz: a tu orden
05:16:07 : Group: vodka: listo
05:16:33 : Group: Viciuz: vehiculo?
05:18:28 : Group: Viciuz: creo que ya
05:18:43 : Group: vodka: la estatica detras del pino
05:18:48 : Group: Viciuz: no es static
05:18:53 : Group: Viciuz: son dos tipos
05:20:39 : Group: Viciuz: listo?
05:20:58 : Group: vodka: cambi el armo y avanso
05:21:17 : Group: Viciuz: solo tengo machete :(
05:21:49 : Group: vodka: quedate mas atras y cubrime con el sniper
05:22:08 : Group: Viciuz: mierda
05:22:11 : Group: Viciuz: ya no tengo muni
05:24:08 : Group: vodka: pino a la derc hay unow
06:05:15 : Group: Viciuz: xD
06:06:06 : Group: Viciuz: vodka
06:06:12 : Group: Viciuz: como caminas con tu arma abajo?
06:06:25 : Group: vodka: doble clic control
06:06:43 : Group: Viciuz: ohhhhhhhhhhhh
06:06:45 : Group: Viciuz: magia! :O
06:07:08 : Group: vodka: vamos al heli
06:08:24 : Group: Viciuz: Vodka
06:08:29 : Group: Viciuz: por que mi humanidad está bajando?
06:09:01 : Group: vodka: xq matamos a heroes 
06:09:08 : Group: Viciuz: BUUUUUUUUUUUUUUUUUUUU
06:09:10 : Group: vodka: era la mision de heroes
06:09:22 : Group: Viciuz: yo que queria ser heroe hahahaha
06:09:51 : Group: vodka: esperamos un minuto a q aparesca una mision 
06:10:10 : Group: Viciuz: Dale
06:10:19 : Group: Viciuz: me llevas a tu base y me remolcas a la zona de trade? xD
06:11:08 : Group: Viciuz: Tengo un super bajon de fps
06:11:10 : Group: Viciuz: ya se quito xD
06:11:19 : Group: Viciuz: la trade me da lag a veces y de la anda se quita
06:11:39 : Group: vodka: muchas cosas la trade muy cargado esta
06:12:17 : Group: vodka: como es editado y no parte del juego base x eso
06:12:24 : Group: Viciuz: Que es mejor, bandido o heroe?
06:12:28 : Group: Viciuz: o hay alguna otra "clase"?
06:12:46 : Group: vodka: las 2 igual podes comprar lo mismo creo 
06:13:08 : Group: vodka: 3 survivor bandido y heroe
06:13:47 : Group: Viciuz: vamos por los bandidos?
06:14:12 : Group: vodka: dale guardo la plata y vamos
06:21:33 : Group: vodka: capas el server 
06:22:27 : Group: vodka: si lo tenes en alto bajalo a medio
06:22:44 : Group: Viciuz: no me sirvio :/
06:22:48 : Group: Viciuz: quisa fue por que entre antes?
06:22:56 : Group: Viciuz: tuve que esperar a que el server se colocara
06:23:20 : Group: vodka: no creow
06:24:00 : Group: vodka: montaña de mierda jaja no deja ver
06:24:05 : Group: Viciuz: xd
06:24:08 : Group: Viciuz: tienes comida?
06:24:11 : Group: Viciuz: No traje -_-
06:26:19 : Group: vodka: cuidado 
06:26:48 : Group: Viciuz: bajooooooon
06:26:50 : Group: Viciuz: ahhhhhhh ya mire por que
06:26:54 : Group: Viciuz: que idioooota jajajajajaja
06:27:09 : Group: Viciuz: desconecte mi alienware y se paso a modo ahorro y no tenia encendido ni proce ni nada xDDDDDDDDD
06:27:25 : Group: vodka: haa con razon
06:27:34 : Group: Viciuz: hay solo una statik?
06:27:39 : Group: vodka: 2 
06:27:47 : Group: Viciuz: yo le dare a la que tengo enfrente
06:27:50 : Group: Viciuz: a tu orden
06:30:03 : Group: Viciuz: NO
06:30:04 : Group: Viciuz: ME
06:30:05 : Group: Viciuz: JOD
06:30:07 : Group: Viciuz: ASKDJOIWQEJASJDLKASDJ
07:06:30 : Group: vodka: no hace falta ser bandido
07:06:33 : Group: vodka: jaja
07:07:25 : Group: vodka: ahora no pero cuando este lleno el server si 
07:10:19 : Group: Viciuz: 48 :D
07:11:10 : Group: Viciuz: necesito retirar el dinero de tu casa xD
07:11:14 : Group: Viciuz: me sobraran 10k
07:11:35 : Group: Viciuz: compro eso o compro algun heli?
07:11:38 : Group: Viciuz: tengo 90k
07:12:36 : Group: Viciuz: mejor la SUV jajajajaja
07:13:07 : Group: Viciuz: o un camión militar..
07:13:11 : Group: Viciuz: para armas trae 50
07:13:14 : Group: Viciuz: mags 200
07:13:18 : Group: Viciuz: y cuesta 30k
07:13:50 : Group: Viciuz: vamos a tu base
07:13:55 : Group: Viciuz: ahi tengo el dinero restante
07:14:08 : Group: vodka: te alcansa para la suv
07:14:13 : Group: vodka: ?
07:14:26 : Group: Viciuz: Me alcanza para la suv
07:14:32 : Group: Viciuz: en su total con el dinero de tu base
07:14:38 : Group: Viciuz: tendria 89k masomenos
07:14:40 : Group: vodka: oka
07:15:00 : Group: Viciuz: igual, tengo armas alla
07:15:02 : Group: Viciuz: las vendo
07:15:06 : Group: Viciuz: y alcanzo para el camion militar
07:15:13 : Group: Viciuz: y ahi podemos guardar muchisimas armas
23:11:17 : Group: juan p: gracias
