05:20:12 : Side: Mijael: Todo bien?
05:20:24 : Side: Leodagos: hola , si todo tranqi
05:20:36 : Side: Mijael: Viciando a las 4 de la mañana eh 
05:20:45 : Side: Leodagos: ma vale ameo
05:20:56 : Side: Mijael: jajaja
05:21:18 : Side: Leodagos: tenes idea si se puede vender el mi 17 armado ?
05:21:31 : Side: Mijael: no teeeengo la menor idea
05:25:56 : Side: Mijael: el grande
05:25:57 : Side: Mijael: si
05:26:16 : Side: Mijael: en grinshino bajate
05:26:27 : Side: Mijael: y anda tirando con el paracaidas hacia el aeropuerto
05:26:41 : Side: Mijael: le erre re feo, era para el chat de steam jajaja
05:27:32 : Side: Mijael: sisi
05:27:44 : Group: Mijael: No tengo jaja acordate que usaba el celular
05:27:50 : Group: xTetex: jaja
05:28:03 : Group: Mijael: un que?
05:28:07 : Group: Mijael: mier
05:28:09 : Group: Mijael: que culo jaja
05:28:19 : Group: Mijael: yo llege al aeropuerto y me cago a tiros un bot
05:28:25 : Group: Mijael: pero lo logre matar y le afane la ak 47
05:28:25 : Group: xTetex: UNA boknick
05:29:32 : Group: xTetex: disparos
05:29:37 : Group: xTetex: de aka
05:29:50 : Group: Mijael: 12314124 zombies
05:30:28 : Group: Mijael: agarrate el ak del bot 
05:30:39 : Group: xTetex: ahora voy espera
05:31:31 : Group: Mijael: Hay armas hasta para regalar aca
05:32:34 : Group: Mijael: fua
05:32:36 : Group: Mijael: una re arma aca
05:33:10 : Group: Mijael: metete aca
05:33:13 : Group: Mijael: caminan lento
05:34:34 : Group: xTetex: te puedo disparar :D
05:34:46 : Group: Mijael: hay armas re copadas por todos lados jaja
05:34:48 : Group: Mijael: na
05:35:01 : Group: xTetex: nesesito mochila
05:35:07 : Group: Mijael: aca hay una m8 de precision
05:35:10 : Group: Mijael: por si te interesa jaja
05:35:40 : Group: Mijael: no tengo mucho espacio
05:37:02 : Group: Mijael: morfina aca por si queres
05:37:16 : Group: xTetex: ok
05:39:04 : Group: Mijael: a la mierw
05:39:11 : Group: xTetex: q
05:39:15 : Group: Mijael: muchosw
05:40:16 : Group: Mijael: si nos pagaran por matar zombies
05:40:26 : Group: xTetex: se
05:41:19 : Group: Mijael: que manera de haber zombies chabon
05:41:25 : Group: Mijael: la proxima que vea otro me va agarrar una embolia
05:41:52 : Group: Mijael: esto no lo lootie eh 
05:43:24 : Group: xTetex: siiii=
05:43:49 : Group: xTetex: no dejes ninguna arma mas
05:43:55 : Group: Mijael: por?
05:43:55 : Group: xTetex: se callo
05:44:00 : Group: Mijael: jajaja
05:49:10 : Group: xTetex: otra mas
05:49:16 : Group: xTetex: :(
05:49:21 : Group: Mijael: pone las buenas
05:49:26 : Group: Mijael: tira las truchas jaja
05:49:33 : Group: xTetex: jaja
05:50:11 : Group: Mijael: vendemos las armas y venimos a buscar las demas
05:50:21 : Group: xTetex: oj
05:51:57 : Group: Mijael: en esa caja probablemente haya algo copado
05:52:11 : Group: xTetex: si ahora la abrimos
05:52:20 : Group: xTetex: yo se lo q hay
05:52:44 : Group: Mijael: yo que vos voy a cargar rapido la gasolina
05:52:53 : Group: Mijael: sino no llegas ni en pedo con la cantidad que hay ahora
05:53:02 : Group: xTetex: y el trader
05:53:15 : Group: Mijael: en el mercado central
05:53:17 : Group: Mijael: ahi esta todo
05:53:37 : Group: xTetex: y la estacion de servicio 
05:53:46 : Group: Mijael: no tengo idea
05:54:03 : Group: Mijael: se que hay algunas por elektro y cherno pero no llegas ni en pedo
05:54:26 : Group: Mijael: control
05:54:40 : Group: Mijael: en el auto hay un barril de gasolina
05:54:50 : Group: xTetex: como se maraca en el mapa
05:54:52 : Group: Mijael: de ultima nos fijamos si hay algun coso por aca en el aeropuerto para cargar
05:54:56 : Group: Mijael: Con control pancho
05:55:01 : Group: xTetex: y q mas
05:55:10 : Group: Mijael: y click
05:55:22 : Group: Mijael: shift
05:55:36 : Group: Mijael: tengo un re sueño
05:55:43 : Group: Mijael: me da que me duermo en 10
05:58:56 : Group: Mijael: un heli
05:58:59 : Group: Mijael: re cheto
05:59:17 : Group: Mijael: ?
05:59:42 : Group: Mijael: esta abieeertooo
06:02:25 : Group: Mijael: la cancion jajaja
06:02:36 : Group: xTetex: se
06:02:52 : Group: Mijael: cargale gasolina al heli
06:02:54 : Group: Mijael: tiene la mitad
06:03:04 : Group: Mijael: llena el barril que esta en el auto
06:04:06 : Group: Mijael: gira solo
06:04:08 : Group: Mijael: para la derecha
06:04:17 : Group: Mijael: re flashero
06:04:20 : Group: xTetex: esta roto
06:04:24 : Group: Mijael: esta todo en verde
06:04:30 : Group: xTetex: a ve
06:04:36 : Group: xTetex: dame
06:04:40 : Group: xTetex: amo
06:04:44 : Group: Mijael: ptm
06:04:50 : Group: Mijael: es dficil controlar con esta cagada girando
06:04:55 : Group: xTetex: baja
06:05:01 : Group: Mijael: para
06:05:04 : Group: Mijael: trato de no explotar
06:05:05 : Group: Mijael: jaja
06:05:31 : Group: xTetex: tiene cosas
06:05:41 : Group: Mijael: nop
06:05:43 : Group: xTetex: ah
06:05:55 : Group: xTetex: esta roto paja
06:06:02 : Group: Mijael: pero esta en amarillo
06:06:03 : Group: Mijael: que poronga
06:06:07 : Group: xTetex: jaja
06:06:24 : Group: Mijael: una toolbox hay aca
06:06:25 : Group: Mijael: nop
06:07:54 : Group: Mijael: lel
06:08:32 : Group: Mijael: scrap metal es para reparar el heli?
06:12:44 : Group: Mijael: y que onda
06:12:59 : Group: xTetex: ni 1
06:15:48 : Group: xTetex: no che
06:15:55 : Group: Mijael: pucha
06:16:21 : Group: Mijael: y como se consigue
06:16:47 : Group: xTetex: aparece en lugares industriales
06:17:35 : Group: Mijael: estoy hecho percha
06:18:04 : Group: Mijael: perfecto
06:18:08 : Group: Mijael: el autito roto tambien jaja
06:18:21 : Group: xTetex: no yo lo aregle por eso tarde
06:18:43 : Group: Mijael: putaw
06:18:46 : Group: xTetex: lol
06:18:47 : Group: Mijael: nos disparan
06:18:48 : Group: Mijael: bolo
06:18:49 : Group: Mijael: raja
06:19:10 : Group: Mijael: no tengo la menor idea de donde pero nos cagaron a tiros
18:32:13 : Direct: Ariel: grax
18:32:28 : Direct: juandayz: de nada
18:32:35 : Direct: Ariel: che hay una puerta q me dice unlock
18:33:54 : Direct: Ariel: que no se puede entrar aca
18:34:11 : Direct: juandayz: son los pabellones
18:34:24 : Direct: Ariel: esta re bueno
18:34:34 : Direct: Ariel: te pasaste man
18:35:19 : Direct: juandayz: aca esta la sala de vigilancia :D
18:37:00 : Direct: juandayz: mira por aca hay una entrada auxiliar, para no pasar por l puerta bloqueada esa
18:37:43 : Direct: Ariel: ok
18:37:50 : Direct: juandayz: ves, tendrias que cerrar esa entrada coon una puerta con candado
18:38:02 : Direct: Ariel: sisi
18:38:13 : Direct: juandayz: la puerta bloqueada q saque recien, en el proximo restart vuelve, asi q no te preocupes
18:38:21 : Direct: Ariel: ok
18:38:22 : Direct: juandayz: fuiste al patio?
18:38:27 : Direct: Ariel: nono
18:39:17 : Direct: juandayz: solo habia entrada por heli en el patio
18:39:38 : Direct: Ariel: ok+
18:39:44 : Direct: Ariel: ok
18:40:09 : Direct: Ariel: solo x heli tengo q entrar
18:41:27 : Direct: juandayz: ahh habia entrada por dentro :P es q es un laberinto esto jajaj
18:41:35 : Direct: Ariel: sisi
18:42:27 : Direct: Ariel: te pasast 
18:42:30 : Direct: juandayz: sabias q podes armr una bici con la toolbox no?
18:42:35 : Direct: Ariel: muy bueno
18:42:38 : Direct: Ariel: sisi
18:42:48 : Direct: Ariel: te tiro un dato 
18:42:53 : Direct: juandayz: si decime
18:43:10 : Direct: Ariel:  en otro servers q staba con mis amigos habia una isla llamada otmel 
18:43:18 : Direct: juandayz: si otmel
18:43:41 : Direct: Ariel: esa isla se podia pasar caminando y estaba llena de barracones con armamento y municiones de todo tipo
18:43:49 : Direct: Ariel: tenelo en cuenta
18:43:56 : Direct: juandayz: copado
18:44:19 : Direct: Ariel: era un lugar donde hjabia loot
18:44:27 : Direct: juandayz: yo habia metido una ciudad tomada por una secta religiosa en skalistic, pero lageaba mucho la ia
18:44:28 : Direct: Ariel:  habia zombies obvio 
18:44:50 : Direct: Ariel: sisi
18:45:03 : Direct: juandayz: de todas maneras, fijate en los iconos amarillos, en el mapa, ahi hay zonas de loot
18:45:17 : Direct: Ariel: y te lague el tema de usar bancos
18:45:31 : Direct: Ariel: donde guardar plata
18:45:46 : Direct: Ariel: y usar cajeros automaticos para sacar la plata
18:46:11 : Direct: juandayz: pasa q los cajeros, usan el sistema ese viejo de home banking
18:46:20 : Direct: juandayz: y hay q modificar todo la db
18:46:33 : Direct: Ariel: ahhh
18:47:01 : Direct: juandayz: bueno me voy a seguir con el trade
18:47:10 : Direct: Ariel: tenes q poner misiones donde la recompensa sea materilaes de construcion
18:47:16 : Direct: juandayz: hay hay
18:47:23 : Direct: Ariel: ah joya
18:47:40 : Direct: juandayz: fijate tambien en la ia muerta de las misiones, tienen ladrillos y esas cosas
18:47:40 : Direct: Ariel:  antes q te vayas me restauras tengo poca vida y muerto de ham,bre y sed
18:48:23 : Direct: Ariel: me leistes ?
18:49:43 : Direct: Ariel: che lo q contruis se destrulle?
18:50:03 : Direct: Ariel: osea viene otro y te lo puede romper?
18:50:40 : Direct: juandayz: las paredes de madera si
18:50:53 : Direct: juandayz: bno salgo
18:50:58 : Direct: Ariel: uh necesito ladrillos jeje
19:20:13 : Direct: Ariel: que hay un plot  aca
19:20:31 : Direct: juandayz: te dice esoo?
19:20:50 : Direct: Ariel: ya te digo q dice
19:21:31 : Direct: juandayz: ta, toma las cosas de la carcel como si fueran de un plot.. no habia pensado en eso
19:21:59 : Direct: Ariel: can not build, too many objetc within 30 m
19:22:50 : Side: juandayz: en el patio te deja
19:24:25 : Direct: Ariel: perdon
19:24:28 : Side: juandayz: :D
19:25:37 : Side: Ariel: adentro no se puede entonces?
19:25:53 : Side: juandayz: no, pero el plot ahi, tendria q llegar hasta dentro
19:26:07 : Side: Ariel: a ver
19:27:50 : Side: Ariel: ese es tu plot?
20:50:43 : Direct: juandayz: buuu
20:53:36 : Direct: juandayz: te asustaste? jajaj
20:54:00 : Direct: Ariel: jejej
20:55:29 : Direct: Ariel: ladrillos donde consigo
20:55:37 : Direct: juandayz: en el trade
20:55:58 : Direct: Ariel: no sale como loot ¡
20:56:03 : Direct: juandayz: si tambien
20:56:28 : Direct: Ariel: tenes palanca¡
20:58:14 : Direct: Mades: Hola admin
20:58:25 : Direct: Mades: adios
21:07:41 : Side: Mijael: seeeeeeeeeeeee
21:07:45 : Side: Mijael: welcome to paradise
21:10:17 : Side: Mijael: Ariel
21:10:48 : Side: Ariel: si decime
21:11:02 : Side: Mijael: Tenes uno de scrap metal para prestarme? jaja
21:11:23 : Side: Ariel: nono, jeje ojala
21:11:46 : Side: Mijael: ooh, y sabes donde se puede conseguir?
21:12:07 : Side: Ariel: trader
21:12:20 : Side: Mijael: jajaja no tengo nada de plata
21:21:36 : Side: Mijael: Che ariel, pinta team?
21:22:01 : Side: Mijael: es un bajon estar solo
22:25:03 : Group: Mijael: loco
22:25:07 : Group: Mijael: porque se cae tanto esta cagada
22:25:09 : Group: Mijael: ,,,
