08:08:34 : Side: JF: Hola gente como estan?
08:08:45 : Side: Leodagos: todo bien jf ?
08:08:52 : Side: Braian |Aspirante|: bien pa como andas ?
08:10:27 : Side: JF: jajaja todo bien...!!!  xD
09:05:56 : Side: JF: Leo como va. estas contruyendo tu base todavia ? 
09:06:07 : Side: Leodagos: si , re bien
09:06:11 : Side: Leodagos: con brian
09:06:57 : Side: Negan: hola
09:07:35 : Side: JF: Necesitas algun material, si precisas avisame nomas y colaboro .. 
09:07:44 : Side: Negan: recien empiezo
09:07:54 : Side: Negan: eres el dueño?
09:07:56 : Side: Leodagos: dale gracias
09:08:24 : Side: JF: Hola Nigan , como estas?
09:08:27 : Side: Negan: bien
09:08:58 : Side: Negan: una preg es no-cd el sv? yo lo tengo origi pero por consultar nomas
09:09:32 : Side: JF: si me preguntas a mi , no , no soy dueño del servr solo le estaba ofreciendo colaboracion a leo
09:09:58 : Side: Negan: a okey
09:10:35 : Side: Negan: hace cuanto no jugaba esto...
09:10:54 : Side: JF: vos Negan ya as entrado a este server en otras ocasiones , verdad..
09:11:02 : Side: Negan: si ayer entre con un amigo
09:11:38 : Side: Leodagos: ese nick
09:11:43 : Side: JF: no , no  necesitas cd, solo descargar los mod , en este caso el epoch.
09:11:51 : Side: Leodagos: espero no tenga nada de la personalidad de la serie
09:12:10 : Side: Negan: no jaja 
09:12:17 : Side: Negan: entonces puede jugar la gente con el juego pirata?
09:13:18 : Side: Negan: se hace de noche aca ?
09:13:29 : Side: Leodagos: no
09:13:39 : Side: JF: no lo se pero supongo que no porque te verifica varias veces las firmas 
09:14:20 : Side: JF: cada 6 meses como en el polo jajaj..
10:29:43 : Group: Leodagos: BRIAN
11:21:44 : Group: Leodagos: wire kit
11:40:33 : Side: Jej0x |Aspirante|: euu wachin
11:40:38 : Side: Jej0x |Aspirante|: esta todo piola
11:40:41 : Side: Jej0x |Aspirante|: no tires
11:41:13 : Side: Jej0x |Aspirante|: amiito
11:41:18 : Side: Jej0x |Aspirante|: tranqui todo piola
11:42:34 : Group: Jej0x |Aspirante|: deja de joder y venime a buscar
11:42:39 : Group: Jej0x |Aspirante|: levanto el heli y me tiran
12:33:00 : Side: Ratatatatatatata: leodagos
12:33:05 : Side: Ratatatatatatata: sos leo o pablo?
12:33:25 : Side: Leodagos: los 2
12:33:48 : Side: Ratatatatatatata: no, leo es pro, pablo es medio manco
12:34:35 : Side: Leodagos: q onda qien sos bolo
12:34:43 : Side: Ratatatatatatata: un amigo de leo
12:35:41 : Side: Ratatatatatatata: va, jugue con el en el server gatos
12:35:58 : Side: Leodagos: q nick tenias ?
12:36:02 : Side: Ratatatatatatata: hasta que arruinaron el server
12:36:05 : Side: Ratatatatatatata: Marce
12:36:19 : Side: Leodagos: kcs marce como andas
12:36:44 : Side: Ratatatatatatata: solo pasaba por aqui a saludar 
12:36:57 : Side: Leodagos: esta bueno este server hasta ahora
12:37:01 : Side: Leodagos: si te pinta
12:37:04 : Side: Leodagos: aca estoy haciendo una base
12:37:28 : Side: Ratatatatatatata: puede ser, pero estoy rompiendo culos en un server brasuca
12:37:43 : Side: Leodagos: cual ?
12:37:46 : Side: Ratatatatatatata: matadouro
12:38:15 : Side: Leodagos: mm no no lo conosco
12:38:24 : Side: Leodagos: el unico q jugue fue sobrevivente
12:38:26 : Side: Leodagos: s
12:38:41 : Side: Ratatatatatatata: entonces sos pablo
12:38:57 : Side: Leodagos: no ahora estoy jugando yo leo
12:39:15 : Side: Ratatatatatatata: con tu hno probamos ese server, es alta mierda
12:39:40 : Side: Leodagos: donde etas
12:39:54 : Side: Ratatatatatatata: el matadouro era un server copado, hasta q lo resetearon, se fueron muchos,volvio y ahora es nuestro jajaja
12:40:08 : Side: Ratatatatatatata: estoy en lo q seria trader city klen
12:40:14 : Side: Ratatatatatatata: este mapa es cualquiera
12:40:37 : Side: Leodagos: tiene bastantes cosas para hacer
12:40:39 : Side: Leodagos: y creaftear
12:40:57 : Side: Ratatatatatatata: mas tarde entro un rato
12:41:15 : Side: Ratatatatatatata: en el server br nos odian mal, y tengo q ir para alla
12:41:18 : Side: Leodagos: dale negro avisame
12:41:27 : Side: Ratatatatatatata: es el server contra nosotros jaja
12:41:35 : Side: Leodagos: jaja cuantos son ustedes?
12:41:49 : Side: Ratatatatatatata: 4
12:41:56 : Side: Ratatatatatatata: 5 con suerte
12:42:12 : Side: Ratatatatatatata: pero somos 2 los mas activos
12:42:35 : Side: Leodagos: y de ping ?
12:42:47 : Side: Ratatatatatatata: yo tengo 70 de ping
12:42:53 : Side: Ratatatatatatata: despues buscalo
12:43:19 : Side: Ratatatatatatata: lo unico malo es q no tiene pasco como aca
12:43:28 : Side: Leodagos: pasto ?
12:43:37 : Side: Ratatatatatatata: si, pasto 
12:44:03 : Side: Ratatatatatatata: te acordas q el gatos tenia pasto, y despues lo sacaron
12:44:07 : Side: Ratatatatatatata: aca hay pasto
12:44:15 : Side: Leodagos: x rendimiento seguro
12:44:20 : Side: Ratatatatatatata: claro
12:44:49 : Side: Ratatatatatatata: bueno chabon, despues paso 
12:45:01 : Side: Ratatatatatatata: voy a ver el otro, saludos a pablo :P
12:45:02 : Side: Leodagos: dale , yo voy a ver q onda tambien me voy a pasar
12:45:07 : Side: Leodagos: dale gracias
13:19:17 : Side: Nikyta: buenas 
13:19:28 : Side: Leodagos: hola nikita
13:19:28 : Side: Nikyta: admin ?
13:19:30 : Side: Jej0x |Aspirante|: nikyta compa
13:19:37 : Side: Jej0x |Aspirante|: me vas a dejar matarte?
13:19:39 : Side: Leodagos: se me corto la luz el otro dia
13:19:45 : Side: Nikyta: jajaja naaa
13:19:50 : Side: Jej0x |Aspirante|: anda a cagar
13:19:52 : Side: JF: Hola nikita como estas?
13:20:00 : Side: Nikyta: jaja me imagine que algo te habria pasado xd
13:20:04 : Side: Jej0x |Aspirante|: te mato hacemos los 100mil y te doy 50
13:20:14 : Side: Nikyta: bien matando el vicio jaja 
13:20:39 : Side: Nikyta: vos te pensas que chuki te vav a dar 100 000 por matarme jajaja
13:20:55 : Side: Jej0x |Aspirante|: i dont know
13:20:59 : Side: Jej0x |Aspirante|: confio 
13:21:00 : Side: Nikyta: ponete a cultivar marihuana jajajaja
13:21:03 : Side: Jej0x |Aspirante|: en su administracion
13:21:27 : Side: Jej0x |Aspirante|: yo cultivo para consumo propio 
13:21:35 : Side: Nikyta: jajajaja
13:22:38 : Side: Nikyta: despues de que la otra ves me espauneara 100 zombis mientras cortaba madera y me tirara un misil en mi base y me matara minutos antes del restar
13:22:47 : Side: Nikyta: dudo de su administracion jajajaja
13:23:03 : Side: Jej0x |Aspirante|: jajajja
13:23:32 : Side: Nikyta: bueno voy a hacer la comida en la vida real jajaj
13:23:37 : Side: Nikyta: ahi vuelvo xd
13:23:41 : Side: Jej0x |Aspirante|: can o  beans
13:23:44 : Side: Jej0x |Aspirante|: ofw
13:24:02 : Side: JF: jajajaajaaaajaja cuidado la quemason 
13:24:12 : Side: Jej0x |Aspirante|: jajaja
13:24:28 : Side: Nikyta: seee jajaja ayer casi se me quema la comida por jugar LPM !!!! jajajaj
13:24:35 : Side: Jej0x |Aspirante|: jajjajaj vicio
13:24:57 : Side: JF: no podes jajajajaa...xD!!!
13:29:23 : Side: Jej0x |Aspirante|: ajjajaw
13:30:27 : Side: JF: Hola Juan resusitaste men jajajaa, que paso estabas de luna de miel..
13:31:38 : Side: Nikyta: hola juan 
13:31:49 : Side: Nikyta: te nesecito !!!!
13:31:53 : Side: Nikyta: jajajajajaj
13:32:37 : Side: Nikyta: jajaja dale que tengo un problema xd
13:33:16 : Side: JF: jajaajjajaaaa muy bueno lo tuyo juan ..
13:36:05 : Side: Jej0x |Aspirante|: admin me comi un re lagaso y rompi la camioneta 
13:36:18 : Side: Jej0x |Aspirante|: se me descontrolo
13:36:28 : Side: Jej0x |Aspirante|: y ahora estoy pidiendo Aiudaaa!!!!
13:37:05 : Direct: juandayz: y la camioneta?
13:37:25 : Direct: Leodagos: jejox
13:37:39 : Direct: juandayz: listo
13:37:45 : Side: Jej0x |Aspirante|: gracia
13:38:15 : Direct: juandayz: alta base
13:38:31 : Direct: Nikyta: me mude 
13:38:41 : Direct: Nikyta: en la ciudad habia mucho ruido jajaj
13:38:51 : Direct: Nikyta: mira veni
13:38:52 : Direct: juandayz: :D q necesitabs
13:39:20 : Direct: juandayz: no lo podes sacar no?
13:39:29 : Direct: Nikyta: escondi el plot en el baño y venia haciendo mantenimiento hasta que se buguio jajaj+
13:39:43 : Direct: Nikyta: podes borrar el baño ? jajaja
13:39:49 : Direct: juandayz: vos no estas bien
13:39:53 : Direct: juandayz: jaa
13:40:00 : Direct: Nikyta: voy a tener que ponerlo en otro lado xd
13:40:10 : Direct: Nikyta: gracias !!!!
13:40:14 : Direct: juandayz: ponelo adentro , te lo afanan aca
13:40:30 : Direct: juandayz: no hace falta q mantegas la base
13:40:30 : Direct: Nikyta: para una cosa mas jajaj
13:41:02 : Direct: Nikyta: podes sacarme esta casa ?
13:41:23 : Direct: Nikyta: ok gracias ya esta :)
13:41:28 : Direct: juandayz: ;)
13:43:11 : Side: Jej0x |Aspirante|: afk
13:45:19 : Direct: juandayz: hi tio chuk :)
13:45:35 : Direct: Tio  Chuck: dae
13:46:11 : Direct: Tio  Chuck: quem e vc
13:46:17 : Direct: juandayz: admin
13:46:21 : Direct: Tio  Chuck: abom
13:46:23 : Direct: juandayz: dont shut
13:46:31 : Direct: Tio  Chuck: ok
13:46:40 : Direct: juandayz: do you need something?
13:46:52 : Direct: Tio  Chuck: braziliam man
13:47:00 : Direct: juandayz: yea i know
13:47:05 : Direct: Tio  Chuck: no ingues
13:47:13 : Direct: juandayz: ok, necesitas algo?
13:47:25 : Direct: juandayz: todo bien?
13:47:28 : Direct: Tio  Chuck: se puder uma porta de garragem
13:47:29 : Side: Bad Guy: buenas
13:47:33 : Direct: Tio  Chuck: eu agradeço
13:48:31 : Direct: juandayz: ahi esta la puerta
13:48:54 : Direct: Tio  Chuck: ea de madeira
13:49:36 : Direct: Tio  Chuck: muito oibrigado
13:49:42 : Direct: juandayz: de nada :) bye
13:49:49 : Direct: Tio  Chuck: bay man
13:50:07 : Side: juandayz: hola bad guy como esta
13:50:09 : Side: juandayz: s
13:50:31 : Side: Bad Guy: aca trabajando en la base
13:50:38 : Side: Bad Guy: aver si algun dia la termino AJAJA
13:50:41 : Side: Bad Guy: vs?
13:51:07 : Side: juandayz: jjjaj aca juntando agua en un balde para q nikita me baldee mi base
13:51:23 : Side: Bad Guy: JAJAJAJAJA
13:51:33 : Side: Bad Guy: dale las cantimploras y q se maneje
13:52:00 : Side: juandayz: se con 3 cantimloras y un par de ojotas tiene q poder
13:52:14 : Side: Bad Guy: q haga ahorro de agua JAJAJAJAAJ
13:52:53 : Side: juandayz: ya q en la casa no cocina ni lava, por lo menos q lo haga aca ::D
13:53:09 : Side: Bad Guy: jajajajaja vos decis?
13:53:41 : Side: juandayz: y no se , todo el dia aca viciando esta :P
13:53:55 : Side: Bad Guy: maaaaaaaaaaal jajajajajajaja
13:55:03 : Side: Bad Guy: che juan tenes idea xq se buguean las misiones de bandidos?
14:00:49 : Side: juandayz: no se si sabian q en la torre de amplitud o en los humvies destruidos, puden pedir suministros o un ataque de artilleria a x lugar del mapa. 
14:01:04 : Side: Bad Guy: en la torre tambien se puede?
14:01:34 : Side: juandayz: si, en la torre q esta marcada en el mapa
14:02:11 : Side: Bad Guy: che y q onda con el grupo religioso? todavia no me pude dar una vuelta x ahi
14:02:50 : Side: juandayz: no hay mucho, solo u-n trade q vende lo necesario para hacer huertas y eso
14:04:53 : Side: Jej0x |Aspirante|: bad guy nos quedo la parti
14:05:02 : Side: Bad Guy: sep jajajja
14:09:23 : Side: Bad Guy: me ta perdiendo nafta el heli
14:24:12 : Side: Bad Guy: che juan estas?
14:26:16 : Side: Bad Guy: estas al tanto del bug de las misiones?
14:27:00 : Side: Bad Guy: las misiones de bandidos aparecen con casi toda la ia muerta
14:27:05 : Side: Alan: buenas
14:27:51 : Side: Alan: wtf
14:27:56 : Side: Alan: esta mi carro con las ruedas rotas
14:28:07 : Side: Alan: y yo lo deje de lujito
14:28:26 : Side: JF: Alan viejita apareciste o te habias ido con juan jajaja como estas 
14:28:37 : Side: Alan: luna de miel !!!
14:28:46 : Side: Alan: jaja como andass verdulero queridoo
14:29:35 : Side: JF: jaajajajaaa viste otro que te da con lo de la luna de miel , estoy empezando a creer que es verdad
14:29:40 : Side: Nikyta: buenas 
14:29:48 : Side: JF: bien locura bien
14:30:05 : Side: Alan: hola nikyta... asi que me anda engañando y no sabia nada eh
14:30:27 : Side: Nikyta: pregunta juan me dijiste que no es necesario hacer el mantenimiento del plot 
14:30:40 : Side: Nikyta: WTF!! jajaja engañando ??
14:30:46 : Side: Nikyta: yo a quien ??
14:30:49 : Side: Nikyta: jajajajaj
14:30:55 : Side: Alan: jajaja noo a vos no a juan 
14:31:06 : Side: Nikyta: haaa jajajajaj
14:31:13 : Side: Alan: pero ahora tengo permiso para engañarlo
14:31:19 : Side: Alan: lo engañamos?
14:31:22 : Side: Alan: e.e
14:31:36 : Side: JF: jajajaja que locos y que es sano se contagia ...xD
14:32:16 : Side: Nikyta: bueno de verdad jaja hablando en serio el mantenimiento hay que hacerlo siempre o no pasa nada si no lo haces nunca ?
14:32:29 : Side: Nikyta: jajajajajaaj que ordinario
14:32:41 : Side: Nikyta: ok
14:33:36 : Side: JF: Che no no digas asi , yo respeto siempre bueno casi siempre jajajaa...
14:34:13 : Side: Alan: me acostumbre al origins
14:34:13 : Side: Nikyta: jajajajaj dejalo al final voy a terminar creyendo que lo que dice lo dice de envidia jajajaj
14:34:27 : Side: Bad Guy: se xq sino no subo mas de humanidad
14:34:42 : Side: Nikyta: jajaj
14:34:45 : Side: Alan: con vos estoy arrecha jajaja
14:35:05 : Side: Alan: me irecon el verdulero
14:35:42 : Side: Alan: juannn
14:35:46 : Side: Alan: arreglame esta mierda
14:36:29 : Side: Bad Guy: ha juan una recomendacion, yo moveria el trader de aviones y helis al aeropuerto de krasno
14:36:55 : Side: Tano: hola chicos , les doy una recomendacion para los fps?
14:37:09 : Side: Alan: urgente
14:37:13 : Side: Tano: antes me tiraba 25-30 y ahora 50-57
14:37:19 : Side: Tano: quieren saber como?
14:37:20 : Side: Alan: yo juego con 15
14:37:23 : Side: Alan: siii
14:37:24 : Side: Bad Guy: a mi ya me tira 60 
14:37:28 : Side: Alan: wtf
14:37:31 : Side: Tano: pone opciones , video
14:37:34 : Side: Alan: q lindo se veria asi jaja
14:37:43 : Side: Tano: relacion de aspecto
14:37:43 : Side: Alan: ajam
14:37:48 : Side: Tano: normal pone
14:37:51 : Side: Bad Guy: aunque yo naci con los fps bajos
14:37:52 : Side: Tano: 4:3 
14:38:00 : Side: Bad Guy: cs 1.6 con 15 fps
14:38:02 : Side: Nikyta: bueno o sea que yo puedo poner el plot dentro de una pared de una casa y no pasa nada ?
14:38:07 : Side: Tano: yo tambien , igual mi pc esta buena lo juego todo en muy alto
14:38:18 : Side: Alan: wtf men
14:38:26 : Side: Alan: se me puso mas larga la pantalla
14:38:29 : Side: Tano: es una ati 7970 con fx 8350
14:38:32 : Side: Alan: no alcanzo a leer jaja
14:38:38 : Side: Tano: si es nornal alan , es normal alan
14:38:48 : Side: Tano: ................................................................... reinicia ok?
14:38:59 : Side: Alan:  okkkkkkkkkkkkkkkkkkkkkkkkkk reinicioooo
14:38:59 : Side: Tano: ------------------------------------despues te digo que mas hacer
14:39:02 : Side: Alan: ya vuelvooooooooooooooooooooooooo
14:39:07 : Side: Alan: hay vuelvoooooooooooooo
14:40:07 : Side: Alan: te perdone la vida bad
14:40:12 : Side: Alan: xd
14:40:13 : Side: Bad Guy: jajja x?
14:40:28 : Side: Bad Guy: sos vos el del mozzie_
14:40:51 : Side: JF: no soy yo
14:41:09 : Side: Tano: alan estas?
14:41:21 : Side: juandayz: deslogeo
14:41:31 : Side: Tano: si , lo estoy esperando
14:41:36 : Side: Tano: tiene que poner el comando -winxp
14:41:43 : Side: Tano: para aumentar 10 fps mas
14:41:50 : Side: juandayz: en los parametros?
14:41:53 : Side: Tano: si
14:41:58 : Side: juandayz: ahi le aviso
14:42:01 : Side: Tano: asi ejecuta el juegocon dx 9
14:50:24 : Side: Bad Guy: el tema es q si le sacas el pasto pierde la gracia el ghillie
14:51:06 : Side: Nikyta: a parte que van a comer mis vacas ?? hee ?? he ??
14:51:09 : Side: Nikyta: jajajajajaja
14:51:20 : Side: Bad Guy: aparte donde voy a esconder el faso_
14:51:34 : Side: JF: jajajajajaa con pastito es mas lindo , 
14:51:46 : Side: Nikyta: jajajaja
14:52:35 : Side: Bad Guy: hacele acordar a chuky q revise lo de las misiones
14:52:41 : Side: Bad Guy: q no quiero ser mas bandido
14:52:57 : Side: Bad Guy: y con -16000 de humanidad no se me hace facil :D
14:53:06 : Side: Tano: alan anda mejor?
14:53:21 : Side: Alan: sii 1 mas de fps pero
14:53:25 : Side: Alan: como q me anda con mucho mas fps
14:53:49 : Side: Tano: a mi me mejoro muchissimo
14:53:56 : Side: Alan: sisi a mi tmb, pero como q 
14:54:00 : Side: Alan: me veo muy grande
14:54:03 : Side: Alan: las letras tmb
14:54:09 : Side: Alan: y el mapa chiquititoo jaja
14:54:15 : Side: Bad Guy: cuantas pulgadas el monitor?
14:54:28 : Side: Alan: no tengo ni la mas puta idea
14:54:30 : Side: Alan: jaja
14:54:33 : Side: Bad Guy: JAJAAJJAJAJA
14:55:34 : Side: Bad Guy: aguante enchufar el tele y quedar ciego vieja!!!!
14:55:50 : Side: Alan: eso lo hacia hasta que lo tuve q mandar a arreglar
14:56:22 : Side: Bad Guy: q disparas al mado mio gil
14:56:33 : Side: Alan: mato zombii
14:56:40 : Side: Bad Guy: jajaa
14:56:52 : Side: Alan: vamos hacer misiones ?
14:57:18 : Side: Alan: q hacee vo so loquitoo
14:57:43 : Side: Bad Guy: hago la defensa de la casa AJJAJAJA
14:58:03 : Side: Alan: te bajo los zombis
14:58:28 : Side: Alan: pero si le pegara 1 tiro
14:58:30 : Side: Alan: seria buenisimo
14:58:42 : Side: Bad Guy: jajajja
14:59:23 : Side: Alan: alta orgia estan haciendo adentro de tu casa
14:59:55 : Side: Alan: juan
15:12:42 : Side: Alan: por q no me aparece la opcion para arreglar el auto ?
15:12:49 : Side: Alan: para arreglarle las ruedas
15:13:19 : Side: juandayz: toolbox?
15:13:24 : Side: Alan: jeje 
15:15:30 : Side: JF: eh Juan vos estas tirando?
15:15:47 : Side: Bad Guy: te pegue????
15:16:01 : Side: juandayz: ne yo no juego jf
15:16:21 : Side: JF: maso..
15:16:29 : Side: Alan: ya en 2 semanitas me operannn
15:16:33 : Side: Bad Guy: JAJAJAJAJAJAJAJA
15:16:35 : Side: Alan: mas vicio aunnn
15:16:38 : Side: Bad Guy: tire un tiro x tirar bldo
15:17:40 : Side: JF: un tiro jajaja, se te pego el dedo en el gatillo..
15:18:08 : Side: Bad Guy: vos estas cerca del trader?
15:18:39 : Side: JF: no .
15:18:47 : Side: Bad Guy: tonces yo no fui
15:21:05 : Side: Alan: q poco espacio tienen los helicopteros
15:21:19 : Side: Bad Guy: el mv22 es el q mas lugar tiene
15:23:42 : Side: Bad Guy: pero q torcido q me quedo el piso
15:23:48 : Side: Alan: jaja
15:23:54 : Side: Nikyta: jajajaj
15:24:13 : Side: Nikyta: te dije no bebas cuando construis 
15:24:29 : Side: Bad Guy: vengo construyendo todo con el snap y pisos enteros y me queda una luz de medio metro entre 2 pisos
15:24:39 : Side: JF: talves tenias un hormiguero debajo jajaja
15:24:59 : Side: Nikyta: haa eso es jodido jajajaja
15:25:34 : Side: Bad Guy: armaria otra base de 0 si no fuera x lo jodido de los materiales
15:32:03 : Side: Alan: a no
15:32:08 : Side: Alan: pero yo soy un pelotudo importante
15:32:31 : Side: Nikyta: jajajajaj que te paso ajaja
15:32:44 : Side: Alan: traje una mk17 pensando q era el sniper
15:32:49 : Side: Alan: y era la maldita CO
15:32:55 : Side: JF: Juan como se planta el tacho de 200 L para prender fuego?
15:33:21 : Side: Bad Guy: creo q necesitas scrap el tacho vacio y una lata de combustible
15:34:26 : Side: JF: Ah gracias ahora veo si funciona
15:34:51 : Side: Alan: quien esta haciendo la mision
15:34:54 : Side: Alan: de bandit?
15:34:58 : Side: Bad Guy: sino cuando la intentes plantar te va a pedir q lo q te falta
15:35:28 : Side: Bad Guy: yo (?
15:35:30 : Side: Alan: quien esta haciendo la mision de bandit ?
15:36:27 : Side: Bad Guy: ya voy a lootearla
15:36:28 : Side: Bad Guy: JAJAJA
15:36:35 : Side: Alan: vos estas haciendo la mision ?
15:36:38 : Side: Bad Guy: na
15:36:43 : Side: Bad Guy: fijate q debe estar bugueada
15:36:50 : Side: Alan: no escucho disparos
15:37:04 : Side: Bad Guy: tonces esta bugueada
15:37:11 : Side: Bad Guy: fijate q deben quedar 1 o 2 a lo sumo
15:39:16 : Side: Alan: era un maldito survivor
15:39:23 : Side: Bad Guy: jajaja
15:51:05 : Side: Bad Guy: no disparen no disparen
15:51:27 : Side: Alan: q carajo juan
15:51:32 : Side: Alan: desaparecio mi puta mochila
15:51:34 : Side: Jej0x |Aspirante|: Hois volvi
15:51:43 : Side: Bad Guy: quien esta en la del uh60?
15:51:48 : Side: Jej0x |Aspirante|: Bad guy andas ocupado?
15:52:01 : Side: Bad Guy: toy looteando una mision x?
15:52:16 : Side: Jej0x |Aspirante|: Te iba a pedir si me ayudas a empezar mi base
15:52:18 : Side: juandayz: adonde la fuiste a meter aan
15:52:25 : Direct: juandayz: ey
15:52:30 : Direct: Alan: ei
15:52:35 : Direct: Alan: desaparecio mi mochila
15:52:38 : Direct: Alan: vengo de hacer una mision
15:52:40 : Side: Jej0x |Aspirante|: Mandame grupo que te ayudow
15:52:43 : Direct: juandayz: donde la pusiste=
15:52:52 : Direct: Alan: en ningun ladoo me subi al heli al terminar la mision
15:52:58 : Direct: Alan: y ahora cuando me baje no la tenia mas
15:53:00 : Side: Bad Guy: ta
15:53:32 : Direct: Alan: como te amo zorra
15:53:37 : Direct: juandayz: gata
15:53:39 : Direct: Alan: che gato
15:53:43 : Direct: Alan: no tenes una mk17 _
15:53:48 : Direct: Alan: el sniper silenciado
15:53:58 : Direct: juandayz: no, tengo una cco
15:54:08 : Direct: Alan: cual es _
15:54:24 : Direct: juandayz: la q tengo en la mano :D
15:54:30 : Direct: Alan: ahh
15:54:38 : Direct: Alan: a quien mate antes _
15:54:38 : Direct: juandayz: es silenciada
15:54:40 : Direct: Alan: no viste?
15:54:44 : Direct: juandayz: pero no sniper
15:54:47 : Direct: Alan: pero quiero el sniper
15:54:55 : Side: Bad Guy: che juan
15:55:04 : Side: juandayz: ?
15:55:08 : Direct: Alan: encontraste alguien mas cargoso q yo eh jaja
15:55:10 : Direct: juandayz: usa el dmr bola
15:55:14 : Direct: juandayz: esta bueno ese
15:55:18 : Direct: Alan: sii pero
15:55:22 : Direct: Alan: hay algunos que andan matando
15:55:23 : Direct: juandayz: seeeee q no
15:55:27 : Side: Bad Guy: serias amable de traerme un motorsito q el heli de la mision spawneo hecho bosta
15:55:33 : Direct: Alan: si antes pregunte quien estaba haciendo la mision
15:55:36 : Direct: Alan: y me empezo adisparar
15:55:42 : Direct: Alan: y lo termine matando por ser mas malo que yo jaja
15:55:46 : Direct: juandayz: jaja mejor q se empiezen a matar
15:55:54 : Direct: Alan: sii q se ponga mas divertido
15:56:31 : Direct: juandayz: te lo arreglo
15:56:43 : Direct: juandayz: pero aveces salen asi, es config de la mision
15:57:12 : Direct: juandayz: listo ;)
16:01:59 : Direct: juandayz: hello
16:02:26 : Direct: Jej0x |Aspirante|: bb
16:03:03 : Direct: juandayz: tu base es?
16:03:20 : Group: Jej0x |Aspirante|: abrime 
16:03:23 : Group: Jej0x |Aspirante|: me van a coger aca
16:03:29 : Direct: Jej0x |Aspirante|: mia  no de el
16:04:27 : Direct: juandayz: ta buena. bueno venia a saludar no mas :D  bye
16:07:28 : Side: Alan: a donde vendo este juan
16:07:43 : Side: juandayz: enfrente
16:08:05 : Side: juandayz: fijate q agregue uno q compra los vehiculos de mision, fijate si lo toma
16:09:15 : Direct: Alan: casi me choco 500 veces
16:09:19 : Direct: Alan: que dificil manejar esooo
16:09:23 : Direct: juandayz: jaja
16:09:27 : Direct: Alan: encima 
16:09:29 : Direct: Alan: se lo robe
16:09:32 : Direct: Alan: al q hizo la mision jajaja
16:09:36 : Direct: juandayz: :D
16:09:39 : Direct: Alan: estaba looteando los cuerpos
16:09:46 : Direct: Alan: y ni lo mate corri directo al heli
16:09:50 : Direct: Alan: no paraba de dispararme jajaja
16:10:06 : Side: Alan: quien era el forro q me disparaba
16:10:16 : Side: Jej0x |Aspirante|: yo
16:10:25 : Side: Alan: bueno >l
16:10:34 : Side: Jej0x |Aspirante|: jajajja na mentira
16:10:40 : Direct: juandayz: al verdulero hay q matar
16:10:49 : Direct: Alan: jajaja
16:10:50 : Direct: Alan: por quee
16:11:06 : Direct: juandayz: jaaja por cobarde, se paso 1 mes loteando adentro del mercado
16:11:17 : Direct: Alan: jajaja na de encerio _
16:11:40 : Side: Alan: hace 3 semanas me fui y cunado volvi veo a jf looteando en el mercado jaja
16:11:48 : Side: Alan: deja de lootear en el mercado culiadoooo
16:11:58 : Direct: Alan: jaja es muy buen loco el verdulero
16:12:00 : Direct: Alan: lo amoo jaja
16:12:21 : Direct: Alan: wooo
16:12:25 : Direct: Alan: hay airplaness !!
16:12:48 : Direct: Alan: mira
16:12:51 : Direct: Alan: hay algo mal juan
16:13:01 : Side: JF: jajaja no no estoy ahi estas confusionado
16:13:01 : Direct: juandayz: q pasa
16:13:03 : Direct: Alan: el helicoptero que traje
16:13:07 : Direct: Alan: cuesta 1millon
16:13:11 : Direct: juandayz: si
16:13:12 : Direct: Alan: y se vnnde a 50k nomas
16:13:17 : Direct: Alan: y aca los airplanes
16:13:26 : Direct: Alan: cuesta 500k y sevenden a 200k
16:13:30 : Direct: juandayz: por q l puse exclusivamente para vender los vehiculos de mision
16:13:59 : Direct: Alan: sisi entiendo
16:14:02 : Direct: juandayz: osea esta carisimo el q vos trajiste para q no sea tan facil comprarlo
16:14:04 : Direct: Alan: pero entiendes lo que te digo _
16:14:12 : Direct: juandayz: no
16:14:19 : Direct: Alan: osea el airplane por ejemplo
16:14:28 : Direct: Alan: el mv 22
16:14:39 : Direct: Alan: cuesta 700k, 300k menos que el heli q traje
16:14:45 : Side: JF: debe ser juan con la rubia que a proposito le apaga el cartel para tener motivo  de entrar jaja...
16:14:49 : Direct: Alan: y se vende a 150k mas que el heli que traje
16:14:56 : Direct: juandayz: aja
16:15:00 : Side: Bad Guy: jajajajaW
16:15:00 : Direct: Alan: entendes
16:15:06 : Side: Bad Guy: ta muy cayadito
16:15:09 : Direct: Alan: hdp reprobaste matematica
16:15:22 : Direct: juandayz: ajaaj no es q no entiendo cual es la pregunta
16:15:24 : Side: Alan: esta sacando cuentas
16:15:39 : Side: JF: jajaajaaajaa
16:15:40 : Direct: juandayz: osea el avion cuesta mas barato y se vende mas caro q tu heli, si
16:15:41 : Direct: Alan: que no te dije ninguna pregunta cabeza de termo jaja
16:15:51 : Direct: Alan: BIENNNNNNNNNNNNNNNNNNN
16:15:56 : Side: Bad Guy: ta viendo si le alcanza para el completo
16:15:57 : Direct: Alan: osea 
16:15:59 : Direct: juandayz: y entonces?
16:16:01 : Direct: Alan: tendria que invertir eso
16:16:12 : Direct: juandayz: ahi va, por que?
16:16:16 : Direct: Alan: lo que se compra mas caro se vende mas caro
16:16:27 : Direct: juandayz: es que el avion no aprece en mision
16:16:32 : Direct: juandayz: el heli si
16:16:39 : Direct: Alan: y donde joraca aparecen
16:16:42 : Direct: Alan: los aviones _
16:16:43 : Side: JF: el no tiene problemas saca todo fiado si es el que la trajo y le instalo el kioskito jaaajaaja
16:16:45 : Direct: juandayz: en el  trade nada mas
16:16:47 : Direct: juandayz: aca
16:16:53 : Side: Bad Guy: JAJAJAJAJA
16:16:54 : Direct: Alan: ahhh
16:16:57 : Direct: Alan: no sabia eso
16:16:59 : Direct: Alan: igual
16:17:03 : Direct: juandayz: osea si queres un mv22 lo compras aca
16:17:13 : Direct: Alan: si trajiera un airplane no lo aterrizo me chocaria todo
16:17:13 : Direct: juandayz: a 700 y lo revenddes a 200
16:17:18 : Direct: juandayz: claro
16:17:19 : Direct: Alan: nunca maneje eso en el arma 2
16:17:29 : Direct: juandayz: ademas q no hay espacio aca
16:17:36 : Direct: juandayz: por eso es q los puse caros
16:17:40 : Direct: Alan: ahh
16:17:44 : Direct: Alan: y eso tienen ametralladoras _
16:17:49 : Direct: juandayz: para comprarlos, es como si quiciera q no estn
16:18:17 : Direct: Alan: y si lo compro
16:18:22 : Direct: Alan: donde aparece
16:18:23 : Direct: Alan: aca _
16:18:27 : Direct: juandayz: en la h
16:18:33 : Direct: Alan: y como joraca despegas
16:18:36 : Direct: Alan: con tan poco espacio _
16:19:00 : Direct: juandayz: con poasiencioa, por eso los precios caros
16:19:09 : Direct: Alan: jaja
16:19:13 : Direct: Alan: pera juntare 20k
16:19:15 : Direct: Alan: te mostrare
16:19:18 : Direct: Alan: como se despega
16:20:15 : Direct: Alan: wow
16:20:52 : Side: Alan: nose pero me veo muerto
16:20:53 : Direct: juandayz: no te aseguro q no mueras e
16:20:53 : Side: Bad Guy: quien fue el guampa q dejo el avion ahi?
16:21:05 : Direct: Alan: bueno entonces maneja bien culiado jaja
16:21:17 : Direct: Alan: no me hagas morir
16:21:18 : Side: Bad Guy: juan yo pondria este trader en el aeropuerto
16:21:23 : Side: Jej0x |Aspirante|: jajaja
16:21:25 : Side: JF: como que te ves muerto?
16:21:32 : Side: Jej0x |Aspirante|: o haria una pista de aterrizajke
16:21:34 : Side: juandayz: es lo q estamos probando bad
16:21:35 : Side: Alan: es un presentimiento jaja
16:21:42 : Side: Bad Guy: d
16:21:56 : Side: Bad Guy: xq yo me quiero comprar el c130 :D
16:21:58 : Side: Alan: no entra
16:22:42 : Direct: Alan: jaja
16:22:54 : Side: Alan: ojo el arboll juann
16:22:55 : Side: Alan: jajajajaja
16:22:57 : Side: Alan: omggg
16:23:04 : Side: Alan: jajajajjajajajaj
16:23:08 : Side: Alan: jajajaja
16:23:11 : Side: juandayz: LOL
16:23:14 : Side: Alan: jajajajaj 
16:23:21 : Side: Alan: esta mierda no despega nuncaa
16:23:24 : Side: juandayz: bajate
16:23:47 : Side: juandayz: bue salir sale
16:23:51 : Side: Alan: jajaja
16:23:55 : Side: Alan: pero la cosa es que vuele
16:24:14 : Side: Bad Guy: juan dejamelo a mi y te lo aterrizo en el trader
16:24:21 : Side: juandayz: jajaj dale
16:24:30 : Side: juandayz: yo no sirvo para pilotear esto
16:24:32 : Side: Bad Guy: q me das si lo hago
16:24:33 : Side: Alan: yo si
16:24:34 : Side: Alan: mira 
16:24:36 : Side: Alan: dejame a mi
16:24:43 : Side: Alan: pone freno de mano
16:25:23 : Side: Alan: esto parece un barrilete
16:26:38 : Side: Alan: que hacess
16:26:40 : Side: Alan: kamikaze
16:26:43 : Side: Alan: prende esoo
16:26:46 : Side: juandayz: ;)
16:26:50 : Side: Alan: flotaa
16:27:07 : Side: juandayz: vos agarrate
16:27:18 : Side: Alan: tengo los huevos en la garganta
16:28:13 : Side: juandayz: vamos a salr de chernarus y cruzamos a Utes
16:28:41 : Side: Alan: ok
16:28:45 : Side: Alan: suena interesante
16:28:55 : Side: juandayz: despues pasaamos por taviana
16:29:16 : Side: Alan: vamos a sector b
16:29:18 : Side: juandayz: y aterrizamos en takistan
16:29:21 : Group: Jej0x |Aspirante|: 6185
16:29:29 : Side: Alan: jaja
16:29:50 : Side: juandayz: todo tuyo
16:30:01 : Side: Alan: seguro _
16:30:39 : Side: Alan: pera
16:31:24 : Side: Alan: seguro _
16:31:28 : Side: Alan: es la primera ves eh
16:31:41 : Side: Alan: culea como los perros esto
16:32:34 : Group: Jej0x |Aspirante|: CTU
16:32:44 : Side: Alan: me arrepenti
16:32:45 : Group: Jej0x |Aspirante|: LA CONOCES?
16:32:54 : Group: Jej0x |Aspirante|: comunidad tacctica unida
16:33:13 : Group: Jej0x |Aspirante|: soy de anotar mucho las coordenadas y jugar medio tactico por que estuve mucho tempo esn eso
16:33:18 : Group: Jej0x |Aspirante|: juegan misiones tacticas
16:33:23 : Side: Bad Guy: traeme ese avion juan q te hago las piruetas q quieras
16:33:36 : Side: Alan: ay te lo llevo al trader
16:33:42 : Group: Jej0x |Aspirante|: matar al objetivo, defender al convoy, entre otras
16:33:49 : Group: Jej0x |Aspirante|: si
16:33:57 : Group: Jej0x |Aspirante|: por la parte de sobrevivir
16:33:59 : Group: Jej0x |Aspirante|: yo tambien
16:34:05 : Group: Jej0x |Aspirante|: me gusta tener una buena base
16:34:40 : Side: Bad Guy: traemelo a la base
16:34:46 : Side: Alan: ok
16:34:52 : Side: Alan: jaja hare lo q pueda para aterrizar
16:34:54 : Side: Alan: es la primera ves
16:34:56 : Side: Bad Guy: jajajaja
16:35:26 : Side: Alan: pera 
16:35:31 : Side: Alan: me posicione mal
16:36:39 : Side: Alan: jajaja
16:36:53 : Side: Alan: q carjaoo
16:37:16 : Side: juandayz: q onda no morimos todabia?
16:37:20 : Side: Alan: ahhora jaja
16:37:25 : Side: juandayz: aca me bajo :D
16:37:28 : Side: Alan: nono jaja
16:37:30 : Side: Alan: quedate
16:37:33 : Side: Alan: mira este aterrizaje
16:37:39 : Side: Alan: me lo ense;o mayweather
16:37:53 : Side: Alan: para
16:37:54 : Side: Alan: jaja
16:38:05 : Side: juandayz: ahi te specteo para verlo
16:38:34 : Side: Bad Guy: mmmm
16:38:38 : Side: juandayz: donde te mueras te saqueo todo, y lo reparto
16:38:47 : Side: Bad Guy: jjajaajajaj
16:38:49 : Side: Alan: jajajaja olee
16:39:08 : Side: juandayz: q ganas de spawnear un antiaereo :P
16:39:12 : Side: Alan: ay va
16:39:36 : Side: Alan: no ay lugar acaa
16:39:44 : Side: juandayz: aca en el mercado
16:39:47 : Side: Bad Guy: dale no seas cagon
16:39:48 : Side: juandayz: hay semejante campo
16:39:54 : Side: Alan: ok ay voy
16:40:23 : Side: Alan: jajajaja
16:40:25 : Side: Bad Guy: jajajajajaja
16:40:26 : Side: juandayz: LOL
16:45:00 : Side: Alan: jaja dure mas yo
16:45:03 : Side: Alan: q el muerto este
16:45:15 : Side: Bad Guy: JAJAJAJA
16:45:23 : Side: Bad Guy: ahi voy para el trader
16:45:54 : Side: Bad Guy: bugueate si 
16:46:50 : Side: Alan: la peor cuando se termina una relacion
16:46:58 : Side: Alan: y me manda un msj del celular de la madre puteandome
16:47:06 : Side: Alan: la puteo y me contesta la madre que se habia ido a laburar
16:47:07 : Side: Alan: jajaja
16:47:16 : Side: Alan: estoy abajo de mi cama
16:47:49 : Side: Bad Guy: nada mas lindo q responderle: y vos eras?
16:47:56 : Side: Alan: jajaja
16:49:11 : Side: Alan: juan por q no puedo lootear
16:49:12 : Side: Alan: mi cuerpo
16:54:17 : Side: juandayz: pudiste alan=
16:54:28 : Side: Alan: sisi tuve que reloguear
17:11:01 : Side: Jej0x |Aspirante|: ADMIN!!!
17:11:05 : Side: Jej0x |Aspirante|: TENGO UN PROBLEMA
17:11:31 : Side: Jej0x |Aspirante|: Juan vnei porfavor
17:11:35 : Side: Jej0x |Aspirante|: no me funciona la safe
17:12:22 : Side: Jej0x |Aspirante|: juan
17:12:50 : Direct: Jej0x |Aspirante|: la contraseña es 6186 pero no me abre
17:13:06 : Direct: juandayz: q onda
17:13:19 : Direct: Jej0x |Aspirante|: la contraseña es 6186 pero no me abre
17:13:48 : Direct: juandayz: incorrecta
17:13:59 : Direct: juandayz: te la abro y saca todo
17:14:05 : Direct: juandayz: y volve a ponerla
17:14:17 : Direct: Jej0x |Aspirante|: OK
17:14:26 : Direct: juandayz: listo
17:15:04 : Direct: Jej0x |Aspirante|: EU
17:15:11 : Direct: Jej0x |Aspirante|: COMO LA SACO? ME PIDE DENUEVO LA CONTRASEÑA
17:15:25 : Side: Jej0x |Aspirante|: CHE JUAN
17:15:52 : Side: Jej0x |Aspirante|: COMO LA SACO?
17:16:42 : Side: Alan: bajate el lompa y listo amigo
17:16:45 : Side: Jej0x |Aspirante|: ????
17:16:57 : Side: Jej0x |Aspirante|: como la saco si no me toma la contrseña
17:17:13 : Side: Alan: ah tan dominado te tienen _ jajajaja
17:18:23 : Side: Jej0x |Aspirante|: bue me tengo que ir despues me compro otraw
17:18:45 : Side: Alan: q queres saber _
17:19:57 : Side: Jej0x |Aspirante|: juan
17:20:06 : Side: Jej0x |Aspirante|: Te moriste o que'
17:20:43 : Side: Alan: ok
19:44:08 : Side: Alan: que buen helicoptero el de la mision juann
19:44:19 : Side: Alan: pero ahora no encuentro el mioo
19:59:05 : Side: juandayz: che no aparecipo mision
19:59:23 : Side: Alan: si aparecio 1 y cuando llegue desaparecio
19:59:29 : Side: Alan: encima nose donde joraca deje mi helicoptero
19:59:31 : Side: Alan: asi que ando en bici
19:59:50 : Side: juandayz: de bandido necesito a ver si se corrijio eso q aparecen muertos
20:00:07 : Side: juandayz: si ahi esta
20:00:13 : Side: juandayz: soy tan groso
20:00:17 : Side: Alan: jajaja
20:00:20 : Side: juandayz: :D
20:00:31 : Side: Alan: tengo una maña con perder las cosas
20:00:33 : Side: Alan: terrible
20:21:24 : Side: JF: Alan , todo bien ?
20:21:40 : Side: Alan: todo bien papa y vos
20:22:10 : Side: Alan: termine de hacer una mision
20:22:40 : Side: Alan: vos q haces jf
20:22:48 : Side: JF: Ja si todo bien igual, hoy queria entrar y no podia sera que se corto el server?  
20:23:18 : Side: Alan: desde q estoy yono se corto
20:23:35 : Side: JF: ahora entro y estaba sangrando, ni idea que sucedio
20:24:49 : Side: JF: estoy tratando de entender algunas cosas basicas que todavia no tengo claro , ya que estamos vos por ahi me ayudas 
20:25:08 : Side: Alan: sii pregunta nomas no hay drama
20:25:13 : Side: Alan: en lo que peda te ayudare
20:25:15 : Side: Alan: pueda*
20:25:25 : Side: JF: como se enciende el fuego con leña paso por paso
20:25:36 : Side: Nikyta: buenas
20:25:44 : Side: Alan: coon una madera y la herramienta de fosforo
20:25:48 : Side: Alan: hola nikyta
20:26:16 : Side: JF: Hola Nikyta como estas?
20:26:32 : Side: Nikyta: me estoy resfriando :(
20:26:41 : Side: Alan: yo hace 1 semana y media
20:26:43 : Side: Alan: que estoy engripado
20:26:47 : Side: Alan: y en 2 semana me operan
20:27:06 : Side: Nikyta: hu que mal
20:28:09 : Side: JF: paaa estamos iguales , yo me resfriee ayer y me agarrra con dolor se ojos y todo hoy falte al laburo sera que se le escaparon los virus a chernarus
20:28:51 : Side: Alan: jaja te lo pase en ingame
20:30:12 : Side: JF: que lo pario como intimida un gallo que se para en la puerta y habre las alas parece que se te viene directo a los  ojos jaja
20:31:19 : Side: JF: ah alan como pongo el hacha en lugar del arma
20:34:14 : Side: Alan: tengo una mision
20:34:16 : Side: Alan: aca nomass
20:34:24 : Side: Alan: quien viene ?
20:35:07 : Side: JF: donde es aca nomas
20:36:04 : Side: JF: Alan , donde es aca nomas
20:36:21 : Side: Alan: anda al trader
20:36:25 : Side: Alan: q estoy llendo para vender el heli
20:37:19 : Side: JF: bueno me arreglo y voy jaja
20:41:31 : Side: Alan: queque
20:41:33 : Side: Alan: perdon
20:41:35 : Side: Alan: estaba afk
20:42:00 : Side: JF: jaja que en un ratito voy decia
20:42:05 : Side: Alan: ah ok
20:42:09 : Side: Alan: te espero aca
20:42:17 : Side: JF: al trader
20:42:21 : Side: Alan: sese
20:49:37 : Side: Alan: te falta mucho ?
20:49:41 : Side: Alan: ire haciendo la otra mision
20:49:52 : Side: JF: no, bueno como quieras
20:50:11 : Side: Alan: venite directamente a la mision
20:50:22 : Side: Alan: ya desaparecio la mision jaja
20:55:23 : Side: Alan: restart cada 20 minutos
20:55:24 : Side: Alan: q mierda
20:55:40 : Side: JF: no se que pasa 
20:56:39 : Side: JF: encima pense que me habia equivocado de llave pero traje otray no me deja subir al veiculo
22:24:17 : Side: Alan: jf
22:24:20 : Side: Alan: donde andas
22:24:54 : Side: Alan: jajajaja
22:25:13 : Side: Alan: che si agarre un heli de la mision
22:25:18 : Side: Alan: al restart desaparecen ?
22:25:28 : Side: JF: jajajajaa qu eamigo 
22:26:14 : Side: Alan: q verga q soyy jaja
22:29:25 : Side: Alan: dalee jf
22:29:28 : Side: Alan: larga las putaaaass
22:30:25 : Side: JF: noooooo,  jajaa estoy haciendo huerta porque recien llovio y esta blandita la tierra jaja
22:30:37 : Side: Alan: jajaja
22:31:23 : Side: Alan: encima misiones mas lejos imposible jaja
22:31:41 : Side: JF: juan como consigo el wood pile
22:32:15 : Side: Alan: con arboles
22:32:38 : Side: JF: y de los lumber no sale
22:33:05 : Side: Alan: los lumber los podes sacar si directamente talas los arboles con la motosierra
22:33:26 : Side: Alan: sino hacesuna mesa de trabajo y con 2 wood pile haces 1 lumber
22:33:52 : Side: JF: si gracias ya se el problema que no se como se pone el hacha en lugar del arma
22:34:27 : Side: Alan: tira el hacha al suelo sacate el arma principal y ponetela
22:35:46 : Side: JF: ahh chas gracias para entonces ya me masticaron los Z.. jaja
22:47:31 : Side: Alan: jf q m,ierda haces q estas siempre ocupado jaja
22:48:14 : Side: JF: aprendiendo a cortar leña aunque sea virtual jajaja
22:48:26 : Side: Alan: no sabias ?
22:49:12 : Side: JF: no  no entendia la tecnologia del hacha jaja
22:49:32 : Side: Alan: y con la motosierra te los hace lumber directamente
22:51:59 : Side: JF: si pasa que nesecitaba leña si o si 
22:52:22 : Side: Alan: para ?
22:52:33 : Side: JF: che se me recalento el hacha cambio de color jojo
22:53:03 : Side: Alan: jaja
22:53:10 : Side: Alan: yo tengo muchos pisos de madera
22:53:16 : Side: Alan: si los quieres veni
22:53:28 : Side: JF: para hacer andar la calefaccion jaja como en el campo 
22:53:53 : Side: Alan: jaja
22:55:19 : Side: Nikyta: volvi xd
22:55:33 : Side: Alan: nikytaa quieres ir de misiones?
22:55:53 : Side: JF: no si tengo te a gradezco , la otra vez trabaje con hacha y no se que pasó que no daba pie con bola no me acordaba ni de que extremo se agarraba...
22:56:08 : Side: Alan: jaja ok 
22:56:12 : Side: Alan: pero si necesitas ayuda avisame
22:56:22 : Side: Nikyta: jajajaja
22:56:47 : Side: Alan: de q te reis vos
22:56:52 : Side: Nikyta: por ahora no salio ninguna mision igual queria cunstruir algunas cosas
22:57:03 : Side: Nikyta: queres ayudarme ?
22:57:16 : Side: Alan: ok pera q hago 1 sola mision
22:57:31 : Side: Nikyta: oki voy a cortar madera
22:57:32 : Side: Alan: puta vida, mas lejos imposiblee
22:57:47 : Side: Alan: tengo pisos de madera
22:57:51 : Side: Alan: unos 20
22:57:57 : Side: Alan: si quieres venite a mi base
22:58:16 : Side: Nikyta: jaja salio serca de casa xd
22:58:26 : Side: Alan: hay voy jaja
22:58:33 : Side: Alan: marcame donde estas
23:00:44 : Side: Nikyta: pustoshka
23:02:52 : Side: Alan: escucharas mis disparos ahra jaja
23:03:21 : Side: Nikyta: seguro vas a estar serca xd
23:13:30 : Side: Alan: ya la hiceee jaja
23:13:45 : Side: Alan: ay voy
23:13:49 : Side: Alan: nikyta
23:14:00 : Side: Nikyta: dale
23:14:17 : Side: Alan: ay los inite al grupo
23:18:03 : Group: Nikyta: por donde venis ?
23:18:20 : Group: Alan: de la mision
23:18:53 : Group: Nikyta: 034 069
23:19:13 : Group: Nikyta: el portron esta abierto xd
23:19:33 : Side: JF: jaja ahora si !!!
23:19:42 : Side: Alan: q paso jaja
23:20:08 : Side: JF: invente la polvora jaja
23:20:17 : Side: Alan: jaja vamoo carajo
23:20:36 : Side: JF: ahora voy . no se donde estan
23:20:41 : Side: Nikyta: jajajajaja
23:20:46 : Side: Leodagos: holaaa
23:20:51 : Side: Nikyta: hola
23:20:59 : Side: Alan: hola leo
23:21:08 : Side: Nikyta: trajiste el asado no ?
23:21:08 : Side: Leodagos: todo bien ?
23:21:14 : Side: JF: Leo querido como va ?
23:21:40 : Side: Leodagos: todo tranqui a continuar con la base hoy la termino
23:21:41 : Side: Leodagos: si o si
23:21:49 : Side: Nikyta: bienvenido a mi umilde hogar xd
23:21:55 : Side: JF: Che asado ahora voy jaja
23:21:55 : Side: Alan: soy el unico que tengo la base terminada ? jaja
23:21:58 : Side: Alan: ohh esta linda
23:22:12 : Side: Alan: te la ingeniastee
23:22:14 : Side: Leodagos: ajaja
23:22:17 : Side: Nikyta: jajajaja
23:22:22 : Side: JF: la mia maso 
23:22:25 : Side: Alan: yo la hice de 0
23:22:28 : Side: Leodagos: yo ise la tipica torre
23:22:36 : Side: Nikyta: tengo hasta cocina de verdad para cocinar mis peces jajaja
23:22:53 : Side: Braian |Aspirante|: hola buenas
23:22:55 : Side: Alan: jaja buenisimoo
23:23:00 : Side: Alan: hola brian
23:23:03 : Side: Leodagos: jaja es verdad yo la vi
23:23:11 : Side: JF: y maquina de coser , y a proposito como van las costuras jajajaj por preguntar nomas
23:23:13 : Side: Nikyta: hola 
23:23:20 : Side: Leodagos: supervivencia confort
23:23:23 : Side: Leodagos: jaja
23:23:36 : Side: Nikyta: jajaj ni ganas jaja ensima estoy engripada jaja
23:24:10 : Side: Alan: te faltan pisos ?
23:24:16 : Side: Alan: tengo unos cuantos
23:24:22 : Side: JF: yo tambien podriamos tomar mates juntos total ninguno va a contagiar al otro jajajaa
23:24:23 : Side: Nikyta: tengo que terminar esas paredes pero hasta en el juego me da paja trabajar jajaja
23:24:36 : Side: Alan: jaja
23:24:59 : Direct: Alan: mira
23:25:00 : Side: JF: cuantas paredes te faltan
23:25:03 : Side: Nikyta: creo que me canso de ver como labura jajajaja
23:25:03 : Direct: Alan: tienes una mision sin bots
23:25:05 : Direct: Alan: aca alado
23:25:23 : Direct: Nikyta: pero no se como se hace xd
23:25:26 : Direct: Alan: ven
23:25:39 : Direct: Alan: abre
23:25:41 : Direct: Alan: y subete
23:25:46 : Direct: Alan: antes q la hagan los demas jaja
23:28:55 : Direct: Alan: es tipo una caja de madera
23:28:58 : Direct: Alan: tirada en el piso
23:31:35 : Side: Leodagos: alan vos jugabas con frank en el beer bandits?
23:32:14 : Side: Alan: mmm nono
23:33:51 : Side: Alan: tiene q estar
23:33:58 : Group: Alan: imposible q no la encontremos
23:35:08 : Side: Alan: como puede ser
23:35:13 : Side: Alan: q no encuentre la maldita caja jaja
23:35:17 : Side: Alan: en la mision sin ia
23:35:42 : Group: Alan: siempre esta
23:35:46 : Group: Alan: en un coso asi tipo l
23:35:51 : Group: Alan: L
23:36:23 : Group: Alan: ven quieres hacer una mision
23:36:36 : Group: Alan: donde ganasbuenas cosas
23:37:01 : Direct: Nikyta: dale pero te advierto que soy mala disparando xd
23:37:11 : Group: Alan: hay te deje un arma
23:37:15 : Group: Alan: en el auto
23:37:17 : Group: Alan: jaja no ay drama
23:37:22 : Group: Alan: solo escondete atras de un arbol
23:37:33 : Group: Alan: y mientras sales del arbol vas mirando
23:37:40 : Group: Alan: osea asi mira
23:37:46 : Direct: Nikyta: siempre me matan en las misiones :(
23:37:52 : Group: Alan: jaja es q si haces esto
23:37:53 : Direct: Nikyta: jajaja
23:37:57 : Group: Alan: por ejemplo esto es el arbol
23:37:59 : Group: Alan: si haces esto
23:38:04 : Group: Alan: obvio te mataran
23:38:08 : Group: Alan: es con calma
23:38:16 : Group: Alan: y asi vas matando de a 1
23:38:27 : Group: Alan: ay salio una vamos
23:38:38 : Group: Alan: vamos a una facil
23:38:53 : Direct: Nikyta: oki
23:39:30 : Direct: Nikyta: que fue eso !!!
23:39:35 : Direct: Nikyta: jajajajaja
23:40:25 : Group: Alan: subite vamos jaja
23:41:00 : Group: Alan: deci q es malo jajaw
23:41:02 : Direct: Nikyta: haa el puesto de control
23:41:50 : Direct: Nikyta: habia muchos disparos uno solo no puede ser era el puesto de control jaja
23:42:01 : Group: Alan: jaja
23:42:37 : Direct: Nikyta: huff no me traje comida xd
23:42:44 : Group: Alan: ay te doi
23:42:55 : Direct: Nikyta: despues te lo debuelvo xd
23:43:12 : Group: Alan: jaja no ay drama
23:45:17 : Direct: Nikyta: huu ya casi resetea
23:45:35 : Group: Alan: se
23:48:05 : Direct: Nikyta: LPM jaja traje las llaves de mi auto xd las guardo en la sub xd
23:48:14 : Group: Alan: a ver si alcanzo a hacerla
23:48:18 : Group: Alan: uh me llaman por  tel
23:49:59 : Group: Alan: no llegaremos
23:50:04 : Group: Alan: esperemos al restart
23:50:06 : Direct: Nikyta: no no
23:50:10 : Group: Alan: y hacemos 1 mision
23:50:16 : Group: Alan: asi tienes buenas cosas
23:50:25 : Direct: Nikyta: dale
23:50:27 : Group: Alan: deslogueo y logueo apenas vuelva q estoy en el tel
