00:20:51 : Group: Totoasd: no puedo hablar, encontraste la brief?
00:20:59 : Group: Totoasd: algo asi
00:21:08 : Group: Totoasd: bueno voy a abusar el sistema
00:23:24 : Group: Totoasd: EZ MONEY
00:23:53 : Group: Totoasd: no
00:23:55 : Group: Totoasd: quiero mas
00:24:30 : Group: Totoasd: no me busques
00:24:32 : Group: Totoasd: espera
00:24:36 : Group: Totoasd: juancho
00:24:41 : Group: Totoasd: puedo llegar ahi
00:24:43 : Group: Totoasd: rapido
00:24:51 : Group: Totoasd: no
00:24:56 : Group: Totoasd: primero los lockpick
00:25:04 : Group: Totoasd: para las puertas
00:25:24 : Group: Totoasd: esperame
00:25:43 : Group: Totoasd: no
00:25:46 : Group: Totoasd: esperame
00:25:51 : Group: Totoasd: voy a la carcel
00:25:56 : Group: Totoasd: estoy a 500 m
00:26:17 : Group: Totoasd: guardaste las brief?
00:26:40 : Group: Totoasd: si pero esperame
00:28:09 : Group: Totoasd: c
00:28:29 : Group: Totoasd: para
00:28:34 : Group: Totoasd: una brief mas
00:29:18 : Group: Totoasd: cerraste todo?
00:29:50 : Group: Totoasd: las brief las tenes encima tuyo?
00:30:09 : Group: Totoasd: puse una mas en el heli
00:30:37 : Group: Totoasd: perdon?
00:30:41 : Group: Totoasd: perdon?
00:30:48 : Group: Totoasd: priscila pilotando?
00:30:52 : Group: Totoasd: no pls
00:30:54 : Group: Totoasd: xq
00:31:07 : Group: Totoasd: lo podes enganchar
00:31:11 : Group: Totoasd: al heli
00:31:16 : Group: Totoasd: si
00:31:18 : Group: Totoasd: se puede
00:31:25 : Group: Totoasd: no sabemos volar
00:34:38 : Group: Totoasd: agarraste la brief de heli?
00:34:56 : Group: Totoasd: agarra la del heliiii
00:37:09 : Group: Totoasd: si
00:37:42 : Group: Totoasd: rip
00:37:59 : Group: Totoasd: denuevo
00:38:09 : Group: Totoasd: en el pecho maricona
00:39:04 : Group: Totoasd: yo tengo 3600 de hum
00:39:12 : Group: Totoasd: despues lo puedo hacer yo?
00:41:10 : Group: Totoasd: tengo los huesos rotos pero no me importa vieja
00:42:34 : Group: Totoasd: dejame hacerlo a mi desp
00:42:45 : Group: Totoasd: y compra los lockpick
00:42:49 : Group: Totoasd: para las puertas
00:42:56 : Group: Totoasd: y materiales de construccion
00:42:59 : Group: Totoasd: y carpas
00:43:07 : Group: Totoasd: para poner la comida en las carpas
00:43:20 : Group: Totoasd: comida y cosas de cura
00:43:32 : Group: Totoasd: las carpas creo que pueden ir adentro
00:44:13 : Group: Totoasd: jajajaja
00:44:20 : Group: Totoasd: no sangro mas
00:44:24 : Group: Totoasd: dame un tiritp
00:44:32 : Group: Totoasd: kgon
00:44:56 : Group: Totoasd: dejame hacerlo a mi desp de que compres las cosas
00:45:03 : Group: Totoasd: que tengo 3600
00:45:08 : Group: Totoasd: tardamo 2 min
00:45:22 : Group: Totoasd: ademas asi tengo la skin de heroe
00:45:30 : Group: Totoasd: con la camisa
00:45:34 : Group: Totoasd: bien piola
00:46:02 : Group: Totoasd: voy a explotar
00:47:22 : Group: Totoasd: vendame pelotdo
00:47:30 : Group: Totoasd: decile q me pege un tiro
00:47:33 : Group: Totoasd: y me vendas
00:47:42 : Group: Totoasd: EN EL PECHOI LOCO DALE
00:47:46 : Group: Totoasd: MUERTE A UBER
00:47:54 : Group: Totoasd: AGUANTEN LOS TACHEROS
00:48:07 : Group: Totoasd: OPRIMEN CON SU POLITICA NEO LIBERAL
00:48:14 : Group: Totoasd: SE CREEM Q ESTAMOS EN YANKILANDIA
00:48:30 : Group: Totoasd: xddddd
00:48:39 : Group: Totoasd: DALE MARICONA
00:48:41 : Group: Totoasd: EN EL PECHO
00:48:54 : Group: Totoasd: SI VIEJA AGUANTE CALLEJEEEEROOOOOOS
00:49:05 : Group: Totoasd: AAAAAAAAAA
00:49:10 : Group: Totoasd: AAAAAAAAAA
00:49:14 : Group: Totoasd: MAMAAAAAAAAAA
00:49:43 : Group: Totoasd: m boi a morir xDDD
00:49:52 : Group: Totoasd: NO
00:49:53 : Group: Totoasd: MMO
00:49:54 : Group: Totoasd: AAAAAA
00:50:02 : Group: Totoasd: no me hizo nada
00:50:10 : Group: Totoasd: k floja
00:50:15 : Group: Totoasd: AAAAAAA
00:50:26 : Group: Totoasd: M MUERO XDDDDDDDD
00:50:36 : Group: Totoasd: me van a dejar con los huesos rotos?
00:50:39 : Group: Totoasd: en serio?
00:50:49 : Group: Totoasd: m kgan a tiros y m dejan
00:51:10 : Group: Totoasd: juancho
00:51:15 : Group: Totoasd: veni y arreglaa esto
00:51:45 : Group: Totoasd: UH
00:51:49 : Group: Totoasd: COMPRA UNO D ESOS
00:51:54 : Group: Totoasd: a
00:51:59 : Group: Totoasd: FIJATE SI VENDE LUPUA
00:52:02 : Group: Totoasd: AAA
00:52:05 : Group: Totoasd: COMPRAME BALAS
00:52:07 : Group: Totoasd: DE ESO
00:52:09 : Group: Totoasd: YA
00:52:11 : Group: Totoasd: YA
00:52:14 : Group: Totoasd: BALAS
00:52:21 : Group: Totoasd: 4 CARGADORES O 5
00:52:47 : Group: Totoasd: DEJAME KGARTE A TIROS
00:53:16 : Group: Totoasd: si ya se
00:53:27 : Group: Totoasd: no, pri te dispara a vos
00:53:39 : Group: Totoasd: si boludo sino te dropea
00:53:45 : Group: Totoasd: y no le comprar un choto
00:54:02 : Group: Totoasd: el de heroes vende helis grosos?w
00:54:32 : Group: Totoasd: busca en gogol
00:54:40 : Group: Totoasd: che
00:54:44 : Group: Totoasd: me arreglan las piernas
00:54:54 : Group: Totoasd: y compra los lockpick
00:55:12 : Group: Totoasd: primero compra lo que hay  comprar y vamos a la base
00:55:18 : Group: Totoasd: no
00:55:21 : Group: Totoasd: arreglame
00:55:34 : Group: Totoasd: chabon me tengo q ir, compramos esto y me rajo yo
00:55:37 : Group: Totoasd: es tarde
00:55:57 : Group: Totoasd: lockpicks, el heli y nada mas, dejame cagarte a tiros
00:56:07 : Group: Totoasd: oka
00:57:05 : Group: Totoasd: el que pienses q es mas op
00:59:09 : Group: Totoasd: mierda
00:59:11 : Group: Totoasd: q grande
01:00:34 : Group: Totoasd: para
01:00:39 : Group: Totoasd: quiero cagarte a tiros
01:00:55 : Group: Totoasd: bueno banca q compro los lockpick
01:02:07 : Group: Totoasd: para
01:02:11 : Group: Totoasd: me dejaste media hora
01:02:13 : Group: Totoasd: tirado
01:02:16 : Group: Totoasd: espera
01:02:33 : Group: Totoasd: eh
01:02:38 : Group: Totoasd: chabon no seas asi
01:03:37 : Group: Totoasd: no se pilotar te dije
01:04:01 : Group: Totoasd: yp tam´poco puedo
01:04:42 : Group: Totoasd: se
01:04:49 : Group: Totoasd: quiero skin de heroe
01:06:15 : Group: Totoasd: yo no se ni hoverear asi que
01:06:30 : Group: Totoasd: bueno, llegamos deja que pri te dispare
01:06:37 : Group: Totoasd: consigo el heroe y listo
01:06:49 : Group: Totoasd: si
01:06:56 : Group: Totoasd: tengo 8 blood bags
01:08:17 : Group: Totoasd: hoy la re hicimos
01:09:07 : Group: Totoasd: che y el vodnik
01:09:17 : Group: Totoasd: hay que acordarnos
01:09:33 : Group: Totoasd: igual creo q con este bebe ya esta
01:09:50 : Group: Totoasd: man, esta minigun es el hacedor de misiones 5000
01:10:06 : Group: Totoasd: si es una mision sin montadas
01:10:07 : Group: Totoasd: ez
01:11:21 : Group: Totoasd: 500 mb una update del android
01:11:27 : Group: Totoasd: anda a cagar
01:11:37 : Group: Totoasd: cuidado las gradas
01:12:14 : Group: Totoasd: lockea los dos helis cuando bajes
01:12:36 : Group: Totoasd: este tmb
01:12:43 : Group: Totoasd: sep
01:12:53 : Group: Totoasd: lockea
01:13:22 : Group: Totoasd: lockea los 2 y veni
01:13:26 : Group: Totoasd: q te curo
01:13:29 : Group: Totoasd: llamala a pri
01:13:42 : Group: Totoasd: nop
01:14:30 : Group: Totoasd: 150 mil nada mas
01:15:34 : Group: Totoasd: me falto pero ya fue
01:15:42 : Group: Totoasd: juancho 
01:15:49 : Group: Totoasd: lockeaste los 2 heli?
01:16:05 : Group: Totoasd: no te vayas
01:16:08 : Group: Totoasd: veni
01:16:15 : Group: Totoasd: la concha tuya es importante
01:16:21 : Group: Totoasd: la puerta
01:17:16 : Group: Totoasd: cp,p se lo pongo?
