01:10:36 : Group: PAOX: la concha de tu madre  lagero...
01:27:37 : Group: venomsmoker: ahi estamo
01:28:52 : Group: venomsmoker: en esta mision hay una persona
01:29:24 : Group: vodka: se escucha tiros ?
01:29:36 : Group: venomsmoker: hay un ural a 800 metros
01:29:55 : Group: vodka: voy para alla
01:29:59 : Group: venomsmoker: la distancia justa para q no te escuchen
01:30:16 : Group: venomsmoker: la voy a campear no tengo muchas balas ni nv
01:30:23 : Group: vodka: voy en heli espero q no me bajen 
01:32:00 : Group: venomsmoker: estoy aca
01:32:02 : Group: venomsmoker: viendo q pasa
01:32:08 : Group: venomsmoker: estoy muy cerca igual
01:32:15 : Group: venomsmoker: 177 metros
01:32:48 : Group: vodka: casi me estrllo por mirar el mapa
01:32:55 : Group: venomsmoker: jajaja
01:33:02 : Group: venomsmoker: vienen en un little?
01:33:08 : Group: vodka: si
01:33:17 : Group: venomsmoker: me quedo a pata entonces jaja
01:33:32 : Group: venomsmoker: ah no ser q agarremos este heli
01:37:49 : Group: venomsmoker: marti?
01:38:04 : Group: Marti: que?
01:39:29 : Group: venomsmoker: marti estas?
01:39:48 : Group: Marti: si, que pasa?
01:39:55 : Group: venomsmoker: tengo un problemita
01:40:07 : Group: Marti: cual?
01:40:12 : Group: venomsmoker: me estan rre cagando a tiros
01:40:40 : Group: venomsmoker: .jajaja
01:40:42 : Group: venomsmoker: queria correr
01:40:47 : Group: vodka: tosio me heli
01:41:07 : Group: Marti: encima yo estoy en Stary en bici
01:41:47 : Group: vodka: a juntar monedita pa` otro jaja 
01:42:11 : Group: Marti: ustedes tienen un camion?
01:42:16 : Group: vodka: no
01:42:38 : Group: vodka: fijate si esta bloqueado ,sino llevatelo o vendelo 
01:43:52 : Group: vodka: quien te mato venom ?
01:45:53 : Group: vodka: martina ahi saco del grupo hago unas misiones y vuelvo con vos 
01:46:15 : Group: Marti: dale dale, no problem
01:46:50 : Group: vodka: ha ya esta el otro en el grupo 
01:48:55 : Group: vodka: te mataron los npc ?
01:50:07 : Group: venomsmoker: me voy a mandar con la akm q tengo
01:50:12 : Group: venomsmoker: de cabesa a la mision
01:50:21 : Group: venomsmoker: si los mato a todos de 10 y si no bueno
01:50:44 : Group: venomsmoker: jaja
02:02:48 : Group: venomsmoker: listo u.u
02:04:03 : Group: venomsmoker: una pregunta q le pueda hacer a una mina?
02:04:27 : Group: vodka: es para los vehiculos 
02:04:32 : Group: venomsmoker: jajajaj
02:05:05 : Group: venomsmoker: encontre una m8 sd
02:05:08 : Group: venomsmoker: nunca vi eso
02:05:24 : Group: vodka: en la caja hay una mk48
02:07:20 : Group: venomsmoker: la pkp se vende?
02:07:23 : Group: venomsmoker: no me acuerdo
02:07:53 : Group: vodka: creo q si , la pkm e nbandido
02:08:51 : Group: venomsmoker: vamos?
02:09:15 : Group: vodka: si en bici , tosio mi heli
02:09:37 : Group: venomsmoker: ah
02:09:41 : Group: venomsmoker: ajajaj
02:09:54 : Group: vodka: vamos a klhem 
02:10:00 : Group: venomsmoker: sep
02:10:07 : Group: venomsmoker: y dps a la del presi?
02:10:24 : Group: vodka: dale , creo q me alcansa para otro heli
02:11:28 : Group: venomsmoker: este juego y el wpp no se llevan
02:16:12 : Group: venomsmoker: cuanto sacaste?
02:16:54 : Group: vodka: 4000 jaja , es q tengo la mochi llena de cosas pa vender y aca no comprarn 
02:17:08 : Group: venomsmoker: tenemos 80
02:17:10 : Group: venomsmoker: en total
02:17:20 : Group: venomsmoker: 76500 saque yo
02:17:36 : Group: vodka: ahi saco una chata 
02:17:42 : Group: venomsmoker: 3km de aca a la mision
02:17:52 : Group: venomsmoker: vamos en bici
02:18:01 : Group: venomsmoker: o en mozzy
02:18:02 : Group: vodka: ok
02:18:07 : Group: venomsmoker: como quieras
02:18:21 : Group: vodka: en mozzy te tira la estatica a mil metros
02:22:08 : Group: venomsmoker: y como venis
02:22:10 : Group: venomsmoker: chocaste?
02:22:16 : Group: vodka: casiw
02:24:14 : Group: vodka: tomo posicion en el bosque
02:24:25 : Group: venomsmoker: hay un auto aca
02:24:43 : Group: vodka: guarda q anda un humbie artillado de la misiom
02:24:47 : Group: venomsmoker: te estoy esperando
02:24:48 : Group: venomsmoker: veni
02:24:51 : Group: venomsmoker: vamos los 2
02:24:57 : Group: venomsmoker: es mas facil
02:25:03 : Group: venomsmoker: no corras
02:25:07 : Group: venomsmoker: vas a perder pulso 
02:25:17 : Group: vodka: es negra cuando nos hacerquemos viene un heli con npc
02:25:46 : Group: venomsmoker: esperemos q venga
02:25:48 : Group: venomsmoker: y le damos
02:26:17 : Group: vodka: ahi q bajar primero a la statica 
02:26:30 : Group: venomsmoker: del humve?
02:26:39 : Group: venomsmoker: tengo silenciada
02:26:40 : Group: vodka: tambien jaja
02:26:48 : Group: venomsmoker: vos?
02:27:00 : Group: venomsmoker: bueno
02:27:01 : Group: venomsmoker: son
02:27:07 : Group: venomsmoker: mmmm 23?
02:27:09 : Group: vodka: haaa bue 3 heli 
02:27:09 : Group: venomsmoker: por ahi
02:27:19 : Group: venomsmoker: 30
02:27:22 : Group: venomsmoker: entonces jajaja
02:27:26 : Group: venomsmoker: es muchooooo lpm
02:27:42 : Group: venomsmoker: veni aca
02:27:59 : Group: venomsmoker: hay una subida
02:28:01 : Group: venomsmoker: no nos ven aca
02:28:34 : Group: vodka: la caca q no tengo silenciada me van a venir a buscar
02:28:45 : Group: venomsmoker: yo tenia otra
02:28:47 : Group: venomsmoker: pero la vendi
02:28:58 : Group: venomsmoker: el zombi
02:29:31 : Group: vodka: lo q puedo hacer es toma distancia y snipear de ahi
02:29:58 : Group: venomsmoker: noooo
02:29:59 : Group: vodka: y vos baja lo q se acercan
02:30:01 : Group: venomsmoker: son una bocha bldo
02:30:09 : Group: venomsmoker: eh bueno dale
02:30:24 : Group: venomsmoker: tira desde mi izquierda
02:30:34 : Group: venomsmoker: si tiras desde mi derecha te cago el humve
02:30:35 : Group: vodka: buscamos otra sino , creo entre 2 va a ser impocible
02:30:44 : Group: venomsmoker: na si se puede
02:30:55 : Group: vodka: bue tomo distancia
02:30:55 : Group: venomsmoker: dale
02:32:19 : Group: venomsmoker: jajajaj
02:32:22 : Group: venomsmoker: te fuiste en bajada
02:32:25 : Group: venomsmoker: no vas a ver nada
02:32:42 : Group: venomsmoker: ah no
02:32:44 : Group: vodka: veo todo de aca
02:32:47 : Group: venomsmoker: bueno tira cuando quieras
02:33:37 : Group: venomsmoker: si podes tirale al humve
02:34:08 : Group: venomsmoker: no se movio nadie
02:34:16 : Group: vodka: las 3 torreta me apuntan jaja
02:34:35 : Group: venomsmoker: veo 1
02:34:38 : Group: venomsmoker: si le tiro
02:34:43 : Group: venomsmoker: se me viene el humve
02:34:44 : Group: venomsmoker: creo
02:35:10 : Group: vodka: ya tiro quedan 2 mirando
02:35:16 : Group: venomsmoker: lo mate?
02:35:40 : Group: vodka: si le diste al artillero dejalo q no hace nado 
02:36:42 : Group: vodka: callo uno
02:37:04 : Group: venomsmoker: ahi mate
02:37:08 : Group: venomsmoker: al del humve
02:37:14 : Group: venomsmoker: no tiene artillero
02:37:20 : Group: vodka: listo 3 menos 
02:37:32 : Group: vodka: queda los de a pata
02:38:39 : Group: vodka: callo en arti del humbie
02:38:49 : Group: venomsmoker: ah no lo mate?
02:39:26 : Group: vodka: 5 veces le pegue y n omoria
02:44:29 : Group: venomsmoker: fijate al fondo
02:44:39 : Group: venomsmoker: les tire pero quedaron quebrados
02:45:24 : Group: venomsmoker: son un monton
02:47:17 : Group: venomsmoker: uuuh
02:50:40 : Group: venomsmoker: lel
02:51:21 : Group: venomsmoker: NOOO
02:51:25 : Group: venomsmoker: Pise una mina
02:51:26 : Group: venomsmoker: nooooo
02:51:30 : Group: venomsmoker: ya me veia adentro
02:51:32 : Group: vodka: jajajaja
02:56:19 : Group: venomsmoker: estaba adentro
02:56:21 : Group: venomsmoker: ....
19:58:44 : Group: Azrael1x: vamos al ts de universe?
19:59:41 : Group: [T1ER]rabbit: no lo tengo
20:01:19 : Group: Azrael1x: ese nico anda cerca de la base
20:01:42 : Group: [T1ER]rabbit: oka voy en heli igual
20:02:17 : Group: [T1ER]rabbit: -
20:03:08 : Group: Azrael1x: ojo si venis para aca
22:53:44 : Group: ToxiGamer: eae
22:53:49 : Group: GoodKiller: vai em action
22:54:02 : Group: GoodKiller: bolinha do mause
22:54:19 : Group: ToxiGamer: e dps?
22:54:31 : Group: GoodKiller: action = action menu = bike
22:58:11 : Group: ToxiGamer: to caido no xao
22:58:23 : Group: GoodKiller: vem no air
22:58:32 : Group: ToxiGamer: to desmaiado
22:58:40 : Group: ToxiGamer: falta bastante
22:59:08 : Group: GoodKiller: oxi
23:00:45 : Group: Charlie: y bueh
23:01:42 : Group: GoodKiller: achei sniper m24
23:02:28 : Group: GoodKiller: tem arma aki pra vc
23:02:58 : Group: ToxiGamer: ebaaa zoas
