02:37:10 : Direct: Hawk: ahi tenes un regalo, la llave esta en el equipo
02:38:42 : Direct: Marti: Yo perdi todos los regalos que me hizo lalo jajajjajajajjaj
02:38:49 : Direct: Hawk: jajaja macanuda
02:38:59 : Direct: Hawk: esa es rosada, la llegas a perder te pego un tiro
02:39:46 : Direct: Marti: pero JAJAJAJAJAJA estas seguro de lo que estas haciendo?
02:39:56 : Direct: Marti: que es tow?
02:40:05 : Direct: Hawk: vale 50k tengo como 20 maletines en la base
02:40:11 : Direct: Hawk: es para llevar otro vehiculo atras
02:40:24 : Direct: Hawk: "sinchando"
02:40:55 : Direct: Marti: aaaaah y que me dijiste de la llave? 
02:41:18 : Direct: Hawk: en el equipo
02:41:24 : Direct: Hawk: acercate desde atras
02:41:31 : Direct: Hawk: y te aparece el equipo de la suv
02:43:00 : Direct: Marti: es probable que me pase algo con la camioneta y me voy a sentir mal, graciaasss igual
02:43:28 : Direct: Hawk: es mejor que la bici al menos! 
02:43:37 : Direct: Hawk: espera que tow la moto
02:43:48 : Direct: Marti: ah obvio 
02:43:55 : Direct: Marti: towneala
02:44:12 : Direct: Hawk: no puedo yo proba vos
02:45:10 : Direct: Hawk: naa no deja
02:45:26 : Direct: Marti: bue, mala onda la moto
02:45:39 : Direct: Marti: che como es la onda con la llave?
02:45:41 : Direct: Hawk: yo tampoco me dejaria sinchar por una SUV ROSADA
02:45:53 : Direct: Hawk: fijate que te dice lock, para bloqeuarla
02:45:53 : Direct: Marti: AJAJAJAJAJAJAJAJA
02:45:59 : Direct: Hawk: y Unlock para desbloquear
02:46:48 : Direct: Marti: aah, ahi esta
02:47:08 : Direct: Marti: sub pink, me causa
