18:31:01 : Direct: jhonnywalker: te voy a reventar el ranncho
18:32:00 : Direct: jhonnywalker: hola sonsa
18:32:19 : Direct: Nikyta: hola
18:32:24 : Direct: jhonnywalker: soy juan
18:32:28 : Direct: Nikyta: jajaj no estaba recien me sente
18:32:40 : Direct: jhonnywalker: q onda como te trata el server
18:32:41 : Direct: Nikyta: jajaja me imagine 
18:32:44 : Direct: jhonnywalker: entendes algo
18:32:57 : Direct: Nikyta: y hay muchas cosas que no entiendo
18:33:28 : Direct: Nikyta: como sembrar y cultivar marihuana
18:33:31 : Direct: Nikyta: jajajaja
18:37:03 : Direct: Nikyta: jajaja pero esta en ingles xd
18:37:09 : Direct: Nikyta: no entiendo nada xd
18:37:41 : Direct: Nikyta: subi
18:38:18 : Direct: jhonnywalker: fuiste al mercado central?
18:38:43 : Direct: jhonnywalker: bajate 
18:38:52 : Direct: jhonnywalker: o pasate de asiento
18:39:48 : Direct: jhonnywalker: tenes plata?
18:40:01 : Direct: Nikyta: aca no jaja
18:40:07 : Direct: Nikyta: la deje en la caja
18:40:22 : Direct: Nikyta: para que plata ?
18:40:25 : Direct: jhonnywalker: alejate un toque
18:40:57 : Direct: jhonnywalker: jugaste epoch alguna vez?
18:41:03 : Direct: jhonnywalker: o solo dayz
18:41:10 : Direct: Nikyta: si muchas veces 
18:41:13 : Direct: jhonnywalker: joya
18:41:20 : Direct: jhonnywalker: vamos a vender eso
18:41:28 : Direct: jhonnywalker: veni
18:41:28 : Direct: Nikyta: me gusta la forma de construir
18:41:44 : Direct: jhonnywalker: compra rapida
18:41:46 : Direct: jhonnywalker: sell
18:42:13 : Direct: Nikyta: que queres que compre jaja
18:42:18 : Direct: jhonnywalker: ahora hay q comprar un martillo y una pala
18:42:37 : Direct: jhonnywalker: comprale la pala a este
18:42:39 : Direct: Nikyta: pala ya tengo
18:42:45 : Direct: jhonnywalker: etool o pala?
18:43:18 : Direct: Nikyta: Shovel ?
18:43:27 : Direct: jhonnywalker: si
18:43:30 : Direct: Nikyta: ya la tengo
18:43:36 : Direct: jhonnywalker: martillo?
18:43:37 : Direct: Nikyta: jajaja
18:43:40 : Direct: Nikyta: no
18:44:06 : Direct: jhonnywalker: almadena
18:44:38 : Direct: jhonnywalker: hacele click derecho a la pala
18:44:44 : Direct: jhonnywalker: y fijate las opciones
18:45:17 : Direct: Nikyta: si ya
18:45:19 : Direct: jhonnywalker: si vos queres sembrar por ej
18:45:31 : Direct: jhonnywalker: necesitas hacerle click derecho a la pala
18:45:45 : Direct: jhonnywalker: y construir un boogieman (espantapajaros)
18:45:58 : Direct: jhonnywalker: apartir de ahi te va a dejar sembrar las cosas
18:46:06 : Direct: Nikyta: haa pero presiso el plot
18:46:10 : Direct: jhonnywalker: es como si fuera el plot del sembrado
18:46:17 : Direct: Nikyta: ok
18:46:18 : Direct: jhonnywalker: si queres criar animales
18:46:30 : Direct: jhonnywalker: le haces click derecho al martillo
18:46:57 : Direct: jhonnywalker: animal sheed (granero) es como el espantapajaros pero para animales
18:47:12 : Direct: Nikyta: haa ok
18:47:18 : Direct: jhonnywalker: tambien podes cnstruir una cocina
18:47:26 : Direct: jhonnywalker: para cocinar toda la carne
18:47:30 : Direct: Nikyta: igual presiso tener mi casa con el plot no ?
18:47:35 : Direct: jhonnywalker: o hacer un estanque para criar peces
18:47:40 : Direct: jhonnywalker: si necesitas un plot
18:48:02 : Direct: jhonnywalker: tenes un plot ya?
18:48:27 : Direct: Nikyta: no en eso estaba jaj
18:48:58 : Direct: jhonnywalker: ahi tenes
18:49:00 : Direct: Nikyta: jaja pero no vale que me lo des vos jajaja
18:49:16 : Direct: jhonnywalker: viste lo de comprar acciones, bonos
18:49:19 : Direct: jhonnywalker: y apostar?
18:49:31 : Direct: Nikyta: si jaja tambien el burdel hjajajaja
18:49:41 : Direct: jhonnywalker: tambien tenes ruleta rusa
18:49:46 : Direct: jhonnywalker: :D
18:50:07 : Direct: Nikyta: y mesa de apuestas jajaja
18:50:15 : Direct: Nikyta: como se juega ?
18:50:34 : Direct: jhonnywalker: apostar 500 pone
18:51:00 : Direct: Nikyta: haaaa perdi puto chorro !!! jajajaj
18:51:11 : Direct: jhonnywalker: yo gane las dos :D
18:51:24 : Direct: jhonnywalker: la de 500 tiene mas chance de ganar
18:51:53 : Direct: jhonnywalker: despues atras hay un medico q te ofrece probar la cura del virus en tu cuerpo a cambio de 1000
18:52:34 : Direct: Nikyta: y que pasa si la probas jajaj
18:52:38 : Direct: jhonnywalker: la mariguana, podes ir a la cosecha, te acercas a la planta y le haces click derecho al cuchillo y ahi te lo corta
18:52:51 : Direct: jhonnywalker: nada te hace un efecto re loco por 60 seg
18:54:23 : Direct: Nikyta: vamos a la cosecha jajajaj
18:54:54 : Direct: jhonnywalker: podes plantar vos en tu plot tambien
18:56:30 : Direct: jhonnywalker: hacele click derecho al kilohemp
18:57:15 : Direct: Nikyta: haaajajaj estoy drogada jajajajajajaja
18:57:18 : Direct: jhonnywalker: jajaja
18:57:48 : Direct: jhonnywalker: tambien lo podes vender en vez de fumar
18:57:56 : Direct: jhonnywalker: te da 5.000
18:58:09 : Direct: Nikyta: ha bien hjajajaj
18:58:36 : Direct: Nikyta: y cada cuanto crece aca ?
18:58:44 : Direct: jhonnywalker: reset
18:59:13 : Direct: jhonnywalker: con la pala podes plantar las tuyas
18:59:21 : Direct: jhonnywalker: fuiste a las areas de trabajo
18:59:44 : Direct: Nikyta: no estaba por ir cuando apareciste
19:00:04 : Direct: Nikyta: junto esto y vamos jajaj
19:00:08 : Direct: jhonnywalker: por ej para la cantera
19:00:23 : Direct: jhonnywalker: necesitas el martillo en la mano y la pala en el inventario
19:00:40 : Direct: jhonnywalker: para el basural, la barreta en mano y la pala en el inv
19:02:47 : Direct: jhonnywalker: scroll meni
19:02:51 : Direct: jhonnywalker: trabajar piedra
19:02:55 : Direct: jhonnywalker: asi no
19:03:38 : Direct: jhonnywalker: sale algo?
19:03:47 : Direct: Nikyta: por ahora no jaj
19:04:36 : Direct: jhonnywalker: mira
19:04:45 : Direct: jhonnywalker: la pala + bolsa de arena
19:05:30 : Direct: jhonnywalker: este es para hacer trincheras en las misiones
19:05:41 : Direct: Nikyta: haa eso lo lei si
19:05:45 : Direct: Nikyta: esta bueno
19:06:00 : Direct: jhonnywalker: te muestro otro
19:06:11 : Direct: Nikyta: dale
19:06:32 : Direct: jhonnywalker: acercate al humvue
19:06:53 : Direct: jhonnywalker: reparar radio
19:07:10 : Direct: jhonnywalker: dios
19:07:16 : Direct: jhonnywalker: reparar radio no remover
19:07:19 : Direct: jhonnywalker: jaja
19:07:24 : Direct: Nikyta: jJJAJAJA 
19:07:29 : Direct: jhonnywalker: ahora no te puedo mostrar
19:07:30 : Direct: Nikyta: PERDON :(
19:07:43 : Direct: jhonnywalker: cuando tte encontras esos humvies rotos
19:08:00 : Direct: jhonnywalker: podes pedir suministros tirados por paracaidas
19:08:17 : Direct: jhonnywalker: o pedir un ataque de mortero al lugar q elijas
19:08:35 : Direct: Nikyta: Y ESTAN EN LAS ANTENAS NOMAS ??
19:08:39 : Direct: jhonnywalker: n
19:08:43 : Direct: Nikyta: O EN OTROS LADOS
19:08:44 : Direct: jhonnywalker: por las calles
19:08:52 : Direct: Nikyta: ok
19:10:25 : Direct: jhonnywalker: donde es tu base
19:10:47 : Direct: Nikyta: 122 - 043
19:11:01 : Direct: Nikyta: por ahora jaja
19:12:09 : Direct: jhonnywalker: ?
19:12:23 : Direct: Nikyta: dejame manejar
19:13:12 : Direct: Nikyta: jajaj mi casita xd
19:13:15 : Direct: jhonnywalker: :D
19:13:25 : Direct: jhonnywalker: por los bosques agregue varias casa
19:13:27 : Direct: jhonnywalker: s
19:13:34 : Direct: jhonnywalker: pero ta bueno tu rancho
19:13:48 : Direct: jhonnywalker: tenes jardin para sembrar y todo :D
19:13:52 : Direct: Nikyta: jajajaja te invitaria mate pero no tengo yerba xd
19:14:14 : Direct: jhonnywalker: y la q juntaste en la plantacion?
19:14:33 : Direct: Nikyta: jajajaj esa es para vender vicioso jajaja
19:15:29 : Direct: jhonnywalker: en la suv esta la llave
19:15:42 : Direct: jhonnywalker: por q tu carcacha quedo en el trade
19:16:07 : Direct: jhonnywalker: pone el plot bola
19:16:15 : Direct: Nikyta: jajajaaj heee no ves que para hacer las transas tengo que pasar disimulada jajaja
19:16:23 : Direct: jhonnywalker: jaja
19:18:42 : Direct: jhonnywalker: no tenes un puto arbol cerca para sacar madera
19:18:54 : Direct: Nikyta: si mas alla esta el bosque
19:22:34 : Direct: jhonnywalker: te puse la llave en la safe
19:22:47 : Direct: Nikyta: ok jaja gracias
19:23:08 : Direct: jhonnywalker: acepta la inv
19:23:22 : Direct: Nikyta: cual ?
19:23:28 : Direct: jhonnywalker: ña de la radio
19:24:55 : Direct: jhonnywalker: tag as friendly dame
19:25:29 : Direct: Nikyta: tengo que ir al mercado jaja
19:25:36 : Direct: Nikyta: a comprar materiales
19:25:45 : Direct: jhonnywalker: jaaj bueno
19:25:54 : Direct: jhonnywalker: llllevate la lave
19:26:06 : Direct: jhonnywalker: te la deje en la safe
19:26:07 : Direct: Nikyta: no venis ?? jajaj
19:26:17 : Direct: jhonnywalker: no ahi ya salgo
