01:43:40 : Side: Jose Luis: sigues vivo
01:44:16 : Side: Sirfes-AR: sisi
01:44:31 : Side: Jose Luis: espera que salgo cerca
01:44:37 : Side: Jose Luis: de un solo disparo me mataron
01:44:43 : Side: Jose Luis: y eso que le di a un franco
01:46:11 : Side: Jose Luis: esperame voy en bici
01:46:23 : Side: Sirfes-AR: escucho un auto
01:46:54 : Side: Sirfes-AR: acepta el grupo
02:00:09 : Side: Jose Luis: carajo hombre
02:00:24 : Side: Sirfes-AR: te mataron_
02:00:30 : Side: Jose Luis: no
02:00:35 : Side: Jose Luis: estoy detras de una roca
02:01:07 : Side: Jose Luis: no entiendo nuestra mala suerte como sale una patrulla atras
02:01:16 : Side: Sirfes-AR: me hicieron pomo, que mala pata
02:01:28 : Side: Jose Luis: estan disparando no se si a mi no los veo
02:01:35 : Side: Jose Luis: no se si se dan entre ellos o q
02:02:21 : Side: Jose Luis: de nuevo
02:09:26 : Side: Sirfes-AR: te disparan?
02:09:29 : Side: Jose Luis: no
02:41:20 : Side: Sirfes-AR: pablo, andas por mision ?
02:42:14 : Side: =[666]=Pablo_RC: no looteando
02:42:36 : Side: =[666]=Pablo_RC: metanle tranquilos
03:53:08 : Side: Jose Luis: con calma loco
15:54:42 : Side: Sirfes-AR: hola Santi
15:55:18 : Side: santiago: bien o que?
15:56:47 : Side: santiago: como vas?
15:57:03 : Side: Sirfes-AR: bien, looteando un poco
15:57:06 : Side: Sirfes-AR: vos?w
15:57:29 : Side: santiago: aca terminando el campamento
15:58:00 : Side: Sirfes-AR: bien ahi
15:58:12 : Side: Sirfes-AR: yo estoy juntando plata y humanidad
15:58:21 : Side: santiago: como?
15:58:42 : Side: Sirfes-AR: con Jose hacemos misiones todas las noches. estamos re locos jaja
15:59:14 : Side: santiago: eso me esta contando por el whats up
16:00:15 : Side: santiago: hablame de eso de lotear
16:00:20 : Side: santiago: ?
16:00:51 : Side: Sirfes-AR: voy a puestos de control, a matar ia. le saco las armas y las vendo. de paso matando ia ganas humanidad
16:01:04 : Side: santiago: mientras me enrolo uno que estoy q me fumo
16:01:26 : Side: santiago: oooooo
16:02:27 : Side: Sirfes-AR: jajaja
16:02:42 : Side: Sirfes-AR: si te conectas en la noche hagamos unas misiones con Jose
16:02:58 : Side: Sirfes-AR: nos falta uno para juntar todo el botin de las misiones
16:03:11 : Side: Sirfes-AR: dejan un monton de cosas interesantes las misiones
16:03:11 : Side: santiago: claro q si aunque no creo mañana expongo mi trabajo de grado
16:04:55 : Side: santiago: y es q son faciles de matar o q
16:05:33 : Side: santiago: fumo y como q se me olvida mirar el chat ajajaajaj
16:05:34 : Side: Sirfes-AR: si, pero son como 20 para matar
16:06:05 : Side: santiago: a listo me le mido para las que sea camarada
16:06:32 : Side: Sirfes-AR: joya, cuando estemos con jose vamos
16:06:53 : Side: santiago: en 2 horas se conecta
16:08:52 : Side: santiago: jose me cuenta q los mataron anoche que hacen ahi volver a la esena del criemen o q???? o dejaban eso asi y perdian las cosas?
16:09:08 : Side: Sirfes-AR: volvemos a nuestros cuerpos
16:09:30 : Side: Sirfes-AR: pero en sigilo, porque a veces los ia custodian donde nos mataron
16:10:00 : Side: santiago: pero tenems q hacer las misiones con buen tiempo q no nos valla pasar la de las ves pasada q se cerraba el server
16:10:22 : Side: Sirfes-AR: si, tratamos de hacerlas con una hora maso menosw
16:10:31 : Side: santiago: eso
16:11:44 : Side: Sirfes-AR: las hacemos de 30min a 1 hora, depende la mision que seaw
18:13:03 : Side: Azrael1x: hola holaa
18:31:48 : Side: Azrael1x: ehh mario
18:31:55 : Side: [DMN]-Mario: hola
18:32:25 : Side: Azrael1x: todo bien loco?
18:32:34 : Side: [DMN]-Mario: todo tranka
18:32:57 : Side: Azrael1x: joya,ahora en 5 si queres nos encontramos en central y te psao tu guita
18:33:10 : Side: [DMN]-Mario: dale estoy aca
18:33:42 : Side: Azrael1x: ok en 5 caigo 
18:33:48 : Side: [DMN]-Mario: ok
18:42:32 : Side: [DMN]-Mario: jaja sali de ahi
18:44:08 : Side: Azrael1x: lesto
18:44:21 : Side: Azrael1x: era un poco mas pero le di al otro pibe tambien}
18:44:29 : Side: [DMN]-Mario: bien buena plata
18:44:40 : Side: Azrael1x: sep
18:45:27 : Side: [DMN]-Mario: el otro aparecio de nuevo en krasno jaja
18:45:48 : Side: Azrael1x: jaja lo habran hecho colador
18:46:48 : Side: Azrael1x: pasa que esta fue dividida pero si vas con tu gente facil te haces 1 millon en comun,y podriamos haber cargado mas cosas pero no habia espacio
18:47:05 : Side: [DMN]-Mario: si seguro tranki
18:48:39 : Side: [DMN]-Mario: se pueden levantar vehiculos con helis
18:48:50 : Side: Azrael1x: depende cual pero si
18:49:02 : Side: [DMN]-Mario: camion
18:49:18 : Side: Azrael1x: si con algo mas grande que el litle si
18:49:29 : Side: [DMN]-Mario: ah
19:54:03 : Side: [DMN]-Mario: quien esta en mision ural atack?
19:54:17 : Side: Azrael1x: nop
20:36:39 : Side: Azrael1x: rabbittt
20:36:52 : Side: Azrael1x: vos mataste a unoi reciien_
20:36:55 : Side: [T1ER]rabbit: si te estaba llamando :(
20:37:02 : Side: [T1ER]rabbit: no
20:37:04 : Side: Azrael1x: es que estaba en miisiion diisculpa
20:37:28 : Side: [T1ER]rabbit: apenas tengo 1 escopeta
20:38:57 : Side: Azrael1x: si en el de aca
23:57:07 : Side: Malmsteen: hola q tal chicos
23:57:13 : Side: Jose Luis: hola hola
23:57:58 : Side: Malmsteen: de donde es el server ?
23:58:04 : Side: Jose Luis: argentino
23:58:27 : Side: Malmsteen: soy de vzla
23:58:42 : Side: Jose Luis: yo colombia men
