00:09:29 : Side: Viciuz: Adm.. sigues ahi?
00:09:35 : Side: juandayz: si
00:09:51 : Side: Viciuz: Entré y mori de la nada ._. que se hace en esos casos? D:
00:10:06 : Side: Viciuz: Sólo se escuchó el grito de mi personaje, se miro un reloj de arena y pum, a seleccionar personaje
00:10:13 : Side: juandayz: decime q desconectaste dentro de un auto
00:10:22 : Side: Viciuz: Yo me baje a cerrarlo
00:10:27 : Side: juandayz: :D
00:10:29 : Side: Viciuz: y en cuanto lo cerre me desconectó D:
00:10:53 : Side: juandayz: mira es un bug del juego eso, si estas dentro del auto te mata. 
00:11:01 : Side: juandayz: ahora te ayudo
00:11:05 : Side: Viciuz: Vale
00:11:11 : Side: Viciuz: ¿perdí mis vehiculos y todo? :(
00:12:47 : Side: juandayz: desconectate del servidor 2 minuto
00:12:49 : Side: juandayz: s
00:12:55 : Side: Viciuz: Vale
00:13:05 : Side: Viciuz: Perdí mis vehiculos? :(
00:13:13 : Side: juandayz: no
00:13:24 : Side: juandayz: si no mas facil
00:13:30 : Side: Viciuz: vale
00:13:32 : Side: juandayz: marcame donde esta tu cuerpo
00:13:40 : Side: juandayz: en el map
00:13:42 : Side: Viciuz: Yo lo tengo marcado en mapa
00:13:47 : Side: Viciuz: con "cuerpo"
00:13:49 : Side: juandayz: si por eso pero yo noo
00:13:58 : Side: juandayz: omarcamelo
00:14:03 : Side: Viciuz: como se hace?
00:14:23 : Side: juandayz: doble click donde dice "body"
00:14:48 : Side: Viciuz: ajam y luego?
00:15:17 : Side: juandayz: ves, te mato el vehiculo
00:15:22 : Side: Viciuz: vaya..
00:15:52 : Side: juandayz: tu cuerpo esta abajo del auto
00:17:02 : Side: Viciuz: cojo las llaves?
00:17:05 : Side: Viciuz: y con eso tengo?
00:17:05 : Side: juandayz: si
00:18:31 : Side: juandayz: en el mapa puse una marca que dice cuidado
00:18:38 : Side: juandayz: tengan cuidado :D
00:18:48 : Side: Viciuz: Suena interesante xD
00:18:48 : Side: juandayz: q ehay 2 ia en un auto disparando :P
00:19:02 : Side: Viciuz: ala, que loco jajajaja
00:19:09 : Side: Viciuz: traia mi otra camioneta enganchada..
00:19:11 : Side: Viciuz: se perdio? D:
00:19:25 : Side: juandayz: la idea no es esa, pero estoy probando de hacer los vendedores ambulantes y por el momento no esta terminado y disparan
00:19:49 : Side: Viciuz: jajajajaja, los vendedores se rehusan a vender xD
00:20:22 : Side: juandayz: vicius :D arma2 esta lleno de bugs... lo de dejar camionetas enganchadas en el restart hace q la pierdas
00:20:41 : Side: juandayz: te la devuelvo de nuevo por q no sabias :) pero acordate para la proxima
00:20:44 : Side: Viciuz: jajajaja, vale
00:20:56 : Side: juandayz: puto trade jaja
00:20:59 : Side: Viciuz: JAJAJAJAJAJAJA
00:21:39 : Side: juandayz: olvide poner q sean amigos de los civiles
00:23:11 : Side: juandayz: ahi te deje la camioneta
00:23:17 : Side: Viciuz: Encontre una m249 y un barret! :O
00:24:43 : Side: Viciuz: Las camionetas se pueden customizar?
00:25:04 : Side: juandayz: las puedo customizar yo desde fuera del juego
00:25:13 : Side: juandayz: vos las podes comprar customizadas
00:25:16 : Side: Viciuz: Ohh.. vale
00:25:25 : Side: Viciuz: La llave de esta camioneta ya la tengo?
00:39:01 : Side: Viciuz: Te expulsó el server? xD
00:51:29 : Side: Viciuz: wtf
00:53:00 : Side: Viciuz: JF!!!
00:53:12 : Side: Viciuz: PRESIONA LA "," COMA HASTA QUE TE SALGA UNAS LETRAS AZULES!
00:53:18 : Side: Viciuz: Y POR AHI HABLAMOS!
00:55:05 : Side: JF: SI HOLA  COMO TE COMUNICAS CON EL ADMINISTRADOR PORQUE NO ME ATIENDE
00:55:17 : Side: Viciuz: el administrador no está
00:55:20 : Side: Viciuz: estoy muriendoooooooooooo x_x
00:55:53 : Side: JF: DONDE ESTAS
00:56:09 : Side: Viciuz: Campo aereo de Vibor
00:56:13 : Side: Viciuz: me rompi las piernas
00:56:17 : Side: Viciuz: y tengo poca sangre
00:56:44 : Side: JF: AHORA VOY ESPERO LLEGAR
00:56:53 : Side: Viciuz: pare las emorragias
00:57:09 : Side: Viciuz: pero el dolor está presente y la sangre está muuy baja
00:58:07 : Side: Viciuz: Sabes como puedo lanzar alguna granada?
01:00:38 : Side: Viciuz: Estás cerca? x_x
01:01:18 : Side: JF: MASO AGUANTA
01:01:28 : Side: Viciuz: Vale, vale
01:01:31 : Side: Viciuz: estoy en una azotea
01:02:54 : Side: Viciuz: Se está poniendo oscura la pantalla, no quiero morir x-x
01:06:18 : Side: Viciuz: estás cerca? x_x
01:06:36 : Side: ChukyN: quien in naf
01:06:51 : Side: Viciuz: Nadie, nadie.
01:06:59 : Side: ChukyN: gil
01:07:03 : Side: ChukyN: que sos un zombie ahi arriba
01:07:16 : Side: JF: SI AGUANTA MI CAMIONETA NO DA JEJE
01:07:45 : Side: ChukyN: tas hecho percha
01:07:50 : Side: Viciuz: Deja
01:07:53 : Side: Viciuz: Soy pasivo pls.
01:08:07 : Side: ChukyN: no te voy a matar gil
01:08:22 : Side: Viciuz: Tenes morfina?
01:08:25 : Side: ChukyN: tuve 50 posibilidades de matarte ya
01:08:28 : Side: ChukyN: creo que si
01:08:55 : Side: ChukyN: tengo
01:08:56 : Side: ChukyN: subo
01:09:00 : Side: Viciuz: Vale
01:09:44 : Side: Viciuz: COÑO
01:09:46 : Side: ChukyN: perfecto
01:09:47 : Side: Viciuz: Te pasó lo mismo!
01:09:52 : Side: Dogggggggg: bien con esa intro me quede sordo .
01:10:09 : Side: Viciuz: Presta la morfina, pls
01:10:14 : Side: ChukyN: si si tengo 2
01:10:18 : Side: Viciuz: vale vale
01:10:21 : Side: Viciuz: muchisimas gracias
01:11:09 : Side: ChukyN: sangre precisas
01:11:10 : Side: Viciuz: Muchas gracias bro
01:11:17 : Side: Viciuz: Ven, sigueme
01:12:45 : Vehicle: ChukyN: los skins son muy grosos
01:12:57 : Vehicle: Viciuz: demasiado xD
01:13:24 : Vehicle: Viciuz: Pera
01:14:00 : Vehicle: Viciuz: Uff
01:14:02 : Vehicle: Viciuz: Listo xD
01:14:26 : Vehicle: Viciuz: Tengo bajon de fps
01:14:33 : Vehicle: Viciuz: vamos a la zona segura?
01:14:49 : Vehicle: ChukyN: si? yo ni uno, tengo como 60-50, como en ninung otro server
01:15:14 : Vehicle: Viciuz: Es algo inusual
01:15:20 : Vehicle: Viciuz: pero me está pasando desde la mañana
01:15:23 : Vehicle: ChukyN: dejame por acan o mas, tengo un chopper cerca
01:15:38 : Side: JF: DONDE ESTAS
01:15:50 : Side: Viciuz: ChukyN, enserio, te agradezco!
01:15:58 : Side: ChukyN: no hay problema
01:16:10 : Side: Viciuz: Espero pagartelo algún día
01:16:19 : Side: Viciuz: JF, estoy ya por las afueras, ¿dónde estás tu?
01:17:50 : Side: JF: SI QUERES GUIAME ESTOY AQUI EN LA ENTRADA DEL ESTE  SERIA
01:18:41 : Side: ChukyN: cualquiera que precisa ayuda a las ordenes, soy uno de los guardias de la zona de cuarentena, todos exceptos bandidos son bienvenidos
01:18:48 : Side: Viciuz: que miras a tu alrededor?
01:18:59 : Side: Viciuz: Muchisimas gracias por tu ayuda, insisto
01:20:27 : Side: JF: ESTOY ENTRE KABANINO Y VIVOR EN EL CRUCE  FIJATE EN EL MAPA
01:20:59 : Side: Viciuz: Estás cerca
01:21:05 : Side: Viciuz: seguiré la ruta, te veo sobre esa ruta.
01:22:10 : Side: JF: SI AMIGO EN EL CRUCE HAY UNA CAMIONETA VIOLETA Y UNA NEGRA
01:22:29 : Side: Viciuz: Estoy donde me indicaste
01:23:22 : Side: JF: ESTAS CAMBIADO JEJE
01:23:37 : Direct: Viciuz: XD
01:23:44 : Side: JF: TRAJE SANGRE TE HACE FALTA
01:23:47 : Direct: Viciuz: Un tipo llegó y me salvo la vida!
01:24:01 : Direct: Viciuz: Ya recuperé sangre
01:24:06 : Direct: Viciuz: Pensé que el tipo me mataria
01:24:29 : Side: JF: CHE MI CAMONETA SE PERDIO Y EL ADMI NIST RADOR NO ME DIO CORTE
01:24:37 : Direct: Viciuz: jajajajajajaja
01:24:59 : Direct: Viciuz: Vamos a zona segura
01:25:02 : Direct: Viciuz: tengo cosas que comerciar
01:25:13 : Side: ChukyN: aca en el campamento hay una suv
01:25:14 : Direct: Viciuz: crees que se pueda anclar tu camioneta a las mias?
01:25:30 : Side: JF: TUVE QUE COMPRAR ESTA MAQUINA PERO ES UNA TORTUGA JAJAJA
01:25:39 : Direct: Viciuz: Jajajajajajajajajaja
01:25:42 : Side: ChukyN: una suv de policia
01:25:51 : Side: ChukyN: en el centro de cuarentena
01:25:56 : Side: Viciuz: Está desbloqueada?
01:25:58 : Side: JF: LA VEMOS 
01:26:09 : Side: ChukyN: no bloqueada
01:26:18 : Side: JF:  TE SIGO
01:26:33 : Side: Viciuz: No, mira mejor..
01:26:35 : Side: Viciuz: espera
01:27:00 : Side: Viciuz: baja
01:27:29 : Side: Viciuz: Sube
01:27:55 : Side: Viciuz: Llevate esta, sube a esta
01:28:05 : Side: JF: DONDE
01:30:33 : Direct: Viciuz: Sube a mi camioneta
01:31:32 : Side: Viciuz: Todo bien?
01:32:00 : Side: JF: SI
01:33:27 : Side: Viciuz: Cubreme
01:33:29 : Side: ChukyN: si precisan comida, medicina o lo que fuera pueden venir al centro de cuarentena. Si yo estoy online hay todo, y proteccion
01:34:05 : Side: Viciuz: Es bueno saberlo.
01:34:52 : Side: Viciuz: espera
01:34:54 : Side: ChukyN: ando en chopper si alguno precisa medevac
01:35:10 : Side: Dogggggggg: ah eras vos el del uh ?
01:35:11 : Direct: Viciuz: tengo tres llantas malas
01:35:23 : Side: ChukyN: si, el medic UH si
01:35:43 : Direct: Viciuz: Vamonos
01:35:45 : Direct: Viciuz: a zona segura
01:35:48 : Direct: Viciuz: a la zona de comercio
01:37:16 : Direct: Viciuz: Ya, vamos!
01:40:44 : Side: Viciuz: Hay un heli recorriendo ciertas zonas, ¿es normal?
01:40:55 : Side: ChukyN: yo andaba en uno recien
01:41:00 : Side: ChukyN: no seria yo?
01:41:07 : Side: Viciuz: Posiblemente.
01:41:13 : Side: Viciuz: Estabas cerca de la zona infectada?
01:41:19 : Side: ChukyN: Si pase por ahi
01:41:31 : Side: Viciuz: Entonces eras tu
01:41:33 : Side: juan p: que sepa no hay bots
01:41:38 : Side: ChukyN: ahora ya estoy en el campamento de cuarentena de nuevo
01:42:23 : Side: Viciuz: Este es mi segundo día acá
01:43:03 : Side: ChukyN: yo entro cuando hay gente, para cuidar el centro de cuarentena y ayudar mas que nada.
01:43:09 : Side: ChukyN: pero estoy desde el principio
01:43:28 : Side: Viciuz: yo nunca habia jugado
01:46:48 : Side: ChukyN: bueno gente, a dormir que mañana se labura, nos vemos.
01:47:01 : Side: Viciuz: Hasta mañana!
01:47:04 : Side: Viciuz: Muchisimas gracias
01:47:13 : Side: ChukyN: Adios
01:47:26 : Side: JF: JAJA BUEN DESCANSO
01:50:02 : Side: JF: JA ME TRAVE Y NO PODIA SALIR 
01:50:07 : Side: Viciuz: jajajaja
01:52:57 : Side: JF: JAAAAJAAAJA PARA QUE SEMEJANTE VUELTA
01:53:05 : Side: Viciuz: xD
01:53:19 : Side: Viciuz: Trala acá porfa
02:00:56 : Direct: Viciuz: Ya no me deja vender más
02:03:33 : Direct: Viciuz: mira
02:03:36 : Direct: Viciuz: Ve
02:03:37 : Direct: Viciuz: ven
02:03:43 : Direct: Viciuz: mira
02:03:51 : Direct: Viciuz: tomalo en forma de agradecimiento
02:08:48 : Side: Viciuz: veni aca
02:09:16 : Side: Viciuz: aqui
02:09:22 : Side: JF: QUE PASO
02:09:31 : Side: Viciuz: recogela
02:09:51 : Side: Viciuz: también esta
02:10:07 : Side: Viciuz: Cogela
02:10:25 : Side: JF: PARA NO TE HAGAS PROBLEMAS
02:10:32 : Side: Viciuz: Dale, cogela
02:10:49 : Side: JF: BUENO MUCHAS GRACIAS
02:12:34 : Side: Viciuz: Mira esta sabrosura
02:13:43 : Side: JF: JAJAJAJA YO CONSEGUI UNA PARECIDA HOY Y SE FUE CON LA CAMIONETA NO ME HAGAS ACORDAR 
02:13:50 : Side: Viciuz: jajajajajajaja
02:13:52 : Side: Viciuz: Hey, Juan
02:14:02 : Side: Viciuz: Juan
02:14:06 : Side: Viciuz: Doggggg
02:14:11 : Direct: Dogggggggg: ?
02:14:16 : Direct: Viciuz: Me podes ayudar?
02:14:20 : Direct: Dogggggggg: con que
02:14:22 : Direct: Viciuz: Quiero municion para esta arma
02:14:27 : Direct: Viciuz: ¿sabes donde se puede conseguir?
02:14:38 : Direct: Dogggggggg: m107 es ?
02:14:49 : Direct: Viciuz: Si
02:15:00 : Direct: Dogggggggg: en las barrakas o en los trader heros si no me equivoco
02:15:14 : Side: juan p: hola soy juan 
02:15:47 : Side: JF: HOLA 
02:18:54 : Side: Viciuz: Una pregunta..
02:19:01 : Side: Viciuz: ¿yo le puedo agregar silenciador a mis armas?
02:19:10 : Side: juan p: no
02:19:24 : Side: JF: CREERIA QUE NO
02:19:49 : Side: juan p: solo en arma 3
02:20:02 : Side: Viciuz: Vale..
02:20:14 : Side: Viciuz: Alguien sabe donde conseguir municion para la m107?
02:21:13 : Side: Viciuz: La Uzi puede ir como secundaria? xD
02:22:07 : Side: juan p: donde agarraste ese barret
02:22:21 : Side: Viciuz: La encontré
02:22:26 : Side: Viciuz: Looteando
02:22:44 : Side: Viciuz: Que es mejor, una m8 o una m4a1?
02:22:46 : Side: juan p: yo quiero un dmr
02:23:31 : Side: JF: CHE QUE BUENA ESTA LA MOROCHA ESTA DE CALZA PERO OJO ALLADO ESTA LA VIEJA JAJAJAJA
02:23:55 : Side: Viciuz: xD
02:24:33 : Side: Viciuz: Como subo mi humanidad?
02:25:19 : Side: JF: MATANDO ZOMBY Y BANDIDOS EN LAS MISIONES
02:28:18 : Side: Viciuz: donde compro las cosas para reparar mi camioneta?
02:28:21 : Side: Viciuz: osea.. la caja
02:36:48 : Side: Dogggggggg: bueno se me corto el internet y perdi el auto que compre, adivino los que estaban en el trader lo agarraron ?
02:36:59 : Side: Viciuz: Ammm, que?
02:37:08 : Side: Viciuz: hay una Jeep Camoo en el trader
02:37:13 : Side: Dogggggggg: pregunto, vieron alguna SUV camo
02:37:29 : Side: Viciuz: Si, al toque te la dejé ahi
02:37:44 : Side: Dogggggggg: ah gracias.
02:37:50 : Side: JF: NO , SE DESAPARECEN A MI YA ME PASO UN BAJON 
02:37:54 : Side: Viciuz: Como la conseguiste Camoo?
02:37:57 : Side: Dogggggggg: la compre
02:39:26 : Side: Viciuz: donde la compraste?
02:39:39 : Side: Dogggggggg: en el trader de vehiculos ._.
02:39:48 : Side: Viciuz: pero como salió Camo? ._.
02:39:57 : Side: Dogggggggg: SUV Camo figura
02:40:09 : Side: Dogggggggg: sale 10.000 mas que el resto de las suv
02:40:14 : Side: Viciuz: ohhh
02:40:40 : Side: Viciuz: Yo tengo dos  Suv, pero una de ellas no me deja bloquearla ._.
02:48:33 : Side: Viciuz: JF
02:48:37 : Side: Viciuz: ENCONTRÉ TU CAMIONETA
02:57:17 : Side: Viciuz: ven
02:57:18 : Side: Viciuz: ven
02:57:19 : Side: Viciuz: ven
02:57:38 : Side: Viciuz: Sube
02:58:34 : Side: Viciuz: Ahi está tu hermosura
02:59:29 : Side: JF: JAJAJA SALTE RAPIDO PORQUE ESTA POR CORTAR EL SERVER Y YA ME MATO UNA VEZ POR QUEDARME SERCA CUIDADO
02:59:40 : Side: Viciuz: Dale
03:05:40 : Side: JF: JEJE ES MUY ESCURRIDIZA
03:05:47 : Side: Viciuz: ;(
03:05:56 : Side: Viciuz: Mi camioneta:c
03:06:08 : Side: JF: DONDE SE HABRA IDO AHORA
03:06:45 : Side: Viciuz: La verdad no se
03:06:48 : Side: Viciuz: pero me preocupa
03:07:36 : Side: Viciuz: necesito otra arma
03:09:34 : Side: Viciuz: Me disparaste?
03:10:10 : Side: JF: NO OO  AL ZOMBY  QUE CASI ME ATRAPA
03:10:15 : Side: Viciuz: Ahh vale
03:10:18 : Side: Viciuz: me asusté xD
03:11:12 : Side: JF: JAJA NO TE HAGAS PROBLEMAS
03:13:08 : Side: JF: NO ENTIENDO QUE PASA CON LA CAMIONETA POR QUE ESAS OTRAAS NO DESAPARECEN Y JUSTO ESTA CHE QU E LO TIRO
03:13:28 : Side: Viciuz: No se que suceda
03:13:32 : Side: Viciuz: pero me enferma que suceda eso
03:14:00 : Side: Viciuz: Espera..
03:14:04 : Side: Viciuz: esta es tu camioneta?
03:14:07 : Side: Viciuz: por que... 
03:14:15 : Side: Viciuz: dice "Red" como decía la mía..
03:14:46 : Side: JF: DONDE?
03:17:55 : Side: JF: YA ESTA YA LA ENCONTRE VENITE AL MERCADO COMAMOS UNOS CHURASCOS ESTOY MURIENDO DE HAMBRE
03:18:05 : Side: Viciuz: ok
03:19:46 : Side: JF: ESPERA YO INVITO
03:20:57 : Side: Viciuz: Tienes resfriado?
03:21:45 : Side: JF: POR EL CLIMA,  UN RESFRIO NADA GRAVE
03:29:25 : Side: Viciuz: Vamos
03:29:29 : Side: Viciuz: a buscar cosas
03:30:15 : Side: JF: VOY 
03:30:21 : Side: Viciuz: Trae cuchillo de caza
03:33:39 : Side: Viciuz: tu camioneta me encanta, enserio xD
03:33:45 : Side: Viciuz: El diseño es super guay
03:34:17 : Side: JF: JAJA LO QUE IMPORTA ES QUE NO NOS DEJE A PATA 
03:34:48 : Side: JF: POR SIERTO CUAL ES LA BOCINA
03:34:53 : Side: Viciuz: El click
03:35:34 : Side: JF: SIGUEME VAMOS A LA VUELTA NO ES LEJOS
03:36:15 : Side: Viciuz: como se usa la hacha?
03:41:24 : Side: Viciuz: Y esto?
03:42:02 : Side: JF: JOJO
03:42:11 : Side: Viciuz: Bloqueada :(
03:45:12 : Side: JF: QUE LASTIMA NO HAY ARMAS LAS VECES ANTERIORES SIMPRE HABIA
03:46:46 : Side: JF: ESPERA VENI CARGUEMOS COMBUSTIBLE
03:47:08 : Side: Viciuz: bro
03:47:11 : Side: Viciuz: quiero hacer misiones
03:47:14 : Side: Viciuz: sabes como ir?
03:48:27 : Side: JF: COMO ESTAS DE COMBUSTIBLE VENI LLENALO Y NOS VAMOS
03:51:00 : Side: Viciuz: Cubreme
03:52:58 : Side: Viciuz: tenes rueda?
03:53:50 : Side: Viciuz: ala
03:53:53 : Side: Viciuz: es tu camioneta!?
03:54:26 : Side: JF: ENGANCHATELA Y LLEVATELA ES TUYA
03:54:34 : Side: Viciuz: Dame la llave entonces xDDDDDD
03:55:26 : Side: JF: LO QUE PASO ES QUE+WWWWWDDDDD
03:55:39 : Side: Viciuz: xDDDDDDDDDDDDDDD
03:57:01 : Side: JF: TE DECIA LO QUE PASO ES QUE REVISE UN MUERTO Y ME DIO UN DESBLOQUEADOR NO TENGO LA LLAVE 
03:57:21 : Side: Viciuz: oh xD
03:57:36 : Side: JF: SOLO TENES QUE VENDERLA Y COMPRATE UNA OK JEJE
03:57:50 : Side: Viciuz: se puede vender sin llave?
03:57:52 : Side: JF: VAMOS
04:02:39 : Side: Viciuz: ...
04:02:40 : Side: Viciuz: Rueda.
04:05:01 : Side: Viciuz: nosotros como podemos ver esas misiones?
04:06:27 : Side: JF: AHORA VEMOS HAGAMOS PRIMERO ESTO  BUSCAMOS LA OTRA
04:07:20 : Side: Viciuz: Manejo muy muy agresivo jajaja
04:07:40 : Side: JF: AH PENSE Q LA HABIAS DESENGANCHADO 
04:08:35 : Side: Viciuz: ahi voy.
04:08:41 : Side: Viciuz: necesito muni y listo
04:09:39 : Side: Viciuz: PUTA MIERDA
04:13:12 : Side: Viciuz: Necesito balas
04:13:16 : Side: Viciuz: para esta sniper
04:13:55 : Side: JF: COMPRA TRNQUI NOMAS 
04:14:01 : Side: Viciuz: Pero que bala compro?
04:14:35 : Side: Viciuz: Ya mire
04:15:13 : Side: Viciuz: vamos a mision
04:15:32 : Side: JF: YA CONSEGUISTE?
04:15:49 : Side: Viciuz: Ya
04:15:57 : Side: Viciuz: Dale xD
04:18:19 : Side: Viciuz: onde estas?
04:18:43 : Side: JF: te perdi de vista
04:18:58 : Direct: JF: yo segui por el camino 
04:20:04 : Side: Viciuz: todo bien?
04:20:40 : Side: JF: si pero te perdi de nuevo
04:21:10 : Side: Viciuz: atras
04:21:12 : Side: Viciuz: atras
04:21:48 : Side: Viciuz: Acelera con la E
04:21:54 : Side: Viciuz: al parecer va mejor en todo terreno
04:23:49 : Side: Viciuz: vamos por el alcalde?
04:24:13 : Side: Viciuz: Estamos a 2000 metros de llegar a una mision
04:27:08 : Side: Viciuz: NOOOOOOOOOOOO
04:27:11 : Side: Viciuz: LA PUTAMADRE
04:28:01 : Side: JF: AHI VOY 
04:29:30 : Side: Viciuz: que mierda
04:29:37 : Side: Viciuz: espero que no desaparezcan los cuerpos
04:30:03 : Side: JF: TE BAJARON A VOS TAMBIEN
04:30:07 : Side: Viciuz: Si
04:31:09 : Side: Viciuz: Me bajaron la camioneta también
04:35:41 : Side: Viciuz: ya me habian advertido
04:35:45 : Side: Viciuz: sobre que eran peor que rambo xD
04:36:47 : Side: JF: JAJA YA VEMOS
04:38:03 : Side: Viciuz: ataco o me espero?
04:38:57 : Side: JF: HACE COMO CREAS PERO CUIDATE 
04:39:23 : Side: Viciuz: me dieron x_x
04:40:17 : Side: JF: CARAJO MI MIRA ES NOCTURNA ME PEGO UNA ENCANDILADA DE LA PM
04:40:38 : Side: Viciuz: ya baje a dos
04:41:40 : Side: Viciuz: tres
04:41:43 : Side: Viciuz: creo que faltan dos
04:42:41 : Side: Viciuz: cuidado
04:42:46 : Side: JF: NO TE VALLAS A PARAR PPOR FAVOR PORQUE PUEDO CONFUNDIRTE  YA ME DECTECTARON
04:43:00 : Side: Viciuz: falta uno
04:43:06 : Side: Viciuz: también a mi ya me detectaron
04:43:09 : Side: Viciuz: pero ya acabaremos
04:44:22 : Side: JF: VA A BUSCARTE YA LO VI
04:44:48 : Side: Viciuz: listo
04:44:50 : Side: Viciuz: cayo
04:44:54 : Side: Viciuz: cuantos faltan?
04:45:53 : Side: Viciuz: la zona está limpia
04:46:10 : Side: JF: YA NO VEO A NINGUNO MAS VAMOS
04:46:59 : Side: Viciuz: mitad de cuerpos
04:47:01 : Side: Viciuz: vale
04:47:39 : Side: JF: SI NO HAY DRAMA ME PREOCUPA LA CAMIONETA
04:48:05 : Side: Viciuz: trae una camioneta
04:49:16 : Side: Viciuz: ALA
04:49:17 : Side: Viciuz: ALA
04:49:18 : Side: Viciuz: ALAAAAA
04:49:42 : Side: JF: QUE PASÓ
04:49:49 : Side: Viciuz: prestame un poco tu camioneta
04:49:51 : Side: Viciuz: por favor
04:50:01 : Side: Viciuz: ire por la mia
04:50:12 : Side: Viciuz: vale?
04:50:30 : Side: Viciuz: mira ese cargamento
04:51:48 : Side: Viciuz: mi camioneta murio
04:56:20 : Side: Viciuz: Ya no tengo camioneta :(
04:56:23 : Side: Viciuz: ni dinero :(
04:57:20 : Side: JF: TENES QUE IR A TU CADAVER Y APRETA LAOPCION QUE DA EN ROJO  ALGO ASI COMO CHEK NO ME ACUERDO QUE
04:58:01 : Side: Viciuz: si tengo llaves y todo
04:58:04 : Side: Viciuz: pero dinero no :(
05:00:06 : Side: Viciuz: vamos a otra mision? jajajajajaw
05:00:29 : Side: JF: ESPERA QUE FALTA RATO DE JUNTAR
05:02:25 : Side: JF: CARAJO NOS QUEDARON CHICOS NO ENTRAN MAS
05:02:31 : Side: Viciuz: jajajajaja
05:02:37 : Side: Viciuz: necesitamos ambos dos camionetas
05:04:50 : Side: Viciuz: traes repuesto de tanque de gas?
05:05:23 : Side: JF: NO PARA QUE SE USA ESO?
05:10:01 : Side: Viciuz: Dale
05:10:03 : Side: Viciuz: vamos a base
05:11:02 : Side: JF: CHE ESTA NO SE PUEDE
05:11:07 : Side: Viciuz: No xD
05:12:41 : Side: Viciuz: Estamos a cuatromil metros
05:12:46 : Side: Viciuz: llegamos rápido, creo
05:14:34 : Side: JF: TENGO QUE IR DESPACI  POR QE NO ME HABIA FIJADO QUE TENGO LA CAMIONETA EN MAL ESTADO
05:14:42 : Side: Viciuz: te remolco?
05:14:58 : Side: JF: POR AHORA NO
05:15:02 : Side: Viciuz: dale
05:15:06 : Side: Viciuz: asi si la mia se jode
05:15:08 : Side: Viciuz: tenemos la tuya
05:15:27 : Side: Viciuz: veni, dale
05:16:08 : Side: Viciuz: traela
05:16:50 : Side: Viciuz: baja
05:17:04 : Side: Viciuz: ahi estamos
05:17:05 : Side: Viciuz: sube
05:19:13 : Group: Viciuz: wtf
05:19:27 : Group: Viciuz: WTF
05:19:58 : Side: Viciuz: wtf
05:20:00 : Side: Viciuz: que coño paso
05:20:28 : Side: JF:  NO TENGO LA MENOR IDEA
05:20:52 : Side: Viciuz: ohh... ya mire que sucedio
05:21:04 : Side: Viciuz: entramos en terriotrio bandido
05:22:24 : Side: Viciuz: LA PUTA
05:22:26 : Side: Viciuz: QUE LOS PARIOP
05:22:28 : Side: Viciuz: HIJOSDEPUTA
05:22:54 : Side: JF: JAJA QUE PASA
05:24:17 : Side: Viciuz: nada
05:24:24 : Side: Viciuz: espero mi cuerpo no se vaya
05:28:51 : Side: Viciuz: jajajaja
05:28:55 : Side: Viciuz: te veo arrastrandote
05:31:05 : Side: Viciuz: que miedo..
05:31:12 : Side: Viciuz: no se si caminar, o dejar ahí mi camioneta
05:34:40 : Side: JF: ???????? JAJAJAJAAAJAAAAA QUE HIJO DE MIL ME TIRO COMO ZOMBY PODES CREER
05:35:11 : Side: Viciuz: si lo mire xD
05:37:03 : Side: Viciuz: ya llegue
05:37:44 : Side: Viciuz: que hijos de puta
05:37:46 : Side: Viciuz: me mataron
05:39:22 : Side: Viciuz: ya encontre la maneraw
05:39:22 : Side: JF: ESTOY SIN MAPA NO SE QUE DARAJO HACER
05:42:11 : Side: Viciuz: dios
05:42:12 : Side: Viciuz: que presion
05:42:50 : Group: Viciuz: que hijos de puta..
