00:48:24 : Side: Sirfes-AR: si, en la ciudad que viene
01:18:06 : Side: =[666]=Pablo_RC: buenas!
01:18:15 : Side: Sirfes-AR: buenas
01:18:19 : Side: Jose Luis: buenas
01:19:21 : Side: Jose Luis: me dices cuando pare
02:20:49 : Side: Sirfes-AR: pablo
02:20:55 : Side: Jose Luis: pablo
02:20:55 : Side: Sirfes-AR: estamos cerca tuyo
02:22:08 : Side: Jose Luis: pablo
02:22:19 : Side: =[666]=Pablo_RC: hey
02:22:32 : Side: Jose Luis: estas cerca a mision?
02:22:56 : Side: =[666]=Pablo_RC: si
02:23:08 : Side: =[666]=Pablo_RC: estan haciendo la de bandi?
02:23:11 : Side: Jose Luis: la de bandidos?
02:23:19 : Side: Jose Luis: ya la terminates
02:23:25 : Side: Jose Luis: terminamos
02:23:33 : Side: =[666]=Pablo_RC: estaba por hacerla
02:23:38 : Side: =[666]=Pablo_RC: ahhh}
02:23:42 : Side: =[666]=Pablo_RC: ok
02:23:49 : Side: Jose Luis: sirfes
02:24:14 : Side: Jose Luis: voy para aia
02:24:20 : Side: Sirfes-AR: dale
02:24:38 : Side: Jose Luis: te lo dije no habian mas
02:25:18 : Side: =[666]=Pablo_RC: que es el punto naranja??
02:25:47 : Side: Jose Luis: z
02:26:46 : Side: Jose Luis: epaaaa
02:27:02 : Side: =[666]=Pablo_RC: invalid name
02:27:10 : Side: Jose Luis: xd
02:27:13 : Side: Jose Luis: voy por la camioneta
02:27:36 : Side: Sirfes-AR: dale
02:28:00 : Side: Sirfes-AR: no hubo mucho en esta mision
02:28:21 : Side: Jose Luis: ni tampoco muchos bandidos
02:28:55 : Side: Jose Luis: ey tu mientras recoge el plot y las sand
04:16:11 : Side: [DMN]-Mario: hola ..estas en mision de bandid mansion ?
04:16:30 : Side: lechu: nop estoy viendo como es este server
04:16:39 : Side: [DMN]-Mario: ah ok
04:16:46 : Side: lechu: estoy viendo el tema de la zona infectada
04:17:18 : Side: [DMN]-Mario: solo dos minutos o moris
04:17:27 : Side: lechu: cuanta gente hay en este server full?
04:17:47 : Side: [DMN]-Mario: y ahora somos dos
04:18:01 : Side: lechu: en el mejor momento me refiero
04:18:15 : Side: [DMN]-Mario: ah si
04:18:51 : Side: [DMN]-Mario: tenes buena arma
04:19:19 : Side: [DMN]-Mario: vpy a la mision que esta cerca tuyo
04:19:40 : Side: lechu: che puede ser q en la zona infectada si pasas mas de 2 min salga un npc y te mate?
04:20:06 : Side: [DMN]-Mario: no moris infectado
04:20:17 : Side: [DMN]-Mario: debe ser de la mision
04:20:18 : Side: lechu: ok entonces hay un puto npc de misiona ca
04:26:09 : Side: lechu: queres que te de una mano? estoy al pedo?
04:27:01 : Side: [DMN]-Mario: dale yo vine para ganar humanidad mas que nada quiero ser heroe
04:27:05 : Side: lechu: ok
04:31:09 : Side: [DMN]-Mario: cuidado va por atras de los arboles
04:33:45 : Side: lechu: queda alguno??
04:33:56 : Side: [DMN]-Mario: atras de la mansion
04:36:06 : Side: [DMN]-Mario: ay uno que no veo y me tira
04:36:21 : Side: lechu: lo estoy bucsando
04:37:08 : Side: [DMN]-Mario: atras
04:37:33 : Side: lechu: listo
04:38:18 : Side: [DMN]-Mario: otro menos
04:38:41 : Side: lechu: estoy en la mansion ahi subo a mirar
04:38:49 : Side: [DMN]-Mario: dale
04:39:34 : Side: [DMN]-Mario: no ay vehiculo ahi
04:39:48 : Side: lechu: todo limpio
04:40:04 : Side: [DMN]-Mario: ok me acerco
04:41:58 : Side: [DMN]-Mario: soy yo en heli
04:42:05 : Side: lechu: oook
04:46:56 : Side: lechu: tenes large gunbag
04:47:00 : Side: lechu: aca
04:47:20 : Side: lechu: este
04:52:00 : Side: [DMN]-Mario: mas no puedo levantar
04:52:09 : Side: lechu: jaja
04:52:16 : Side: [DMN]-Mario: queres ir al mercado
04:52:24 : Side: lechu: nono me salgo
04:52:26 : Side: lechu: nos vemos
04:52:36 : Side: [DMN]-Mario: ok nos vemos gracias
11:08:28 : Side: Jose Luis: hola que tal
11:08:48 : Side: Dragons: hola
11:08:55 : Side: Jose Luis: todo bien dragons
11:09:15 : Side: Dragons: todo tranqui
11:09:21 : Side: Dragons: ustdes?
11:09:33 : Side: Jose Luis: todo bien 
11:18:37 : Side: Jose Luis: alguien esta en mision?
11:18:47 : Side: [DMN]-Mario: yo
11:19:00 : Side: Jose Luis: ah vale suerte :D
11:19:15 : Side: [DMN]-Mario: gracias
18:33:23 : Side: Jose Luis: que pasa todo bien
18:33:36 : Side: Azrael1x: holas
18:33:42 : Side: Azrael1x: todo bien y vos?
18:33:48 : Side: Jose Luis: bn aqui entrando
18:36:34 : Side: Jose Luis: algun admin por aca
18:37:59 : Side: Jose Luis: que haces azra
18:38:11 : Side: Azrael1x: bien bien loco
18:38:13 : Side: Azrael1x: vos?
18:38:17 : Side: Jose Luis: bin
18:38:22 : Side: Jose Luis: estas en mision?
18:38:27 : Side: Azrael1x: copado :D
18:38:40 : Side: Azrael1x: eso trtato jaja pero no tengo un buen lugar
18:38:58 : Side: Jose Luis: bandidos o heroes
18:39:10 : Side: Azrael1x: bandidos
18:39:26 : Side: Jose Luis: apoyo?
18:40:01 : Side: Azrael1x: no empece todavia,no encuentro un buen punto
18:40:21 : Side: Jose Luis: nada que unas sandbags no arregle
18:40:36 : Side: Azrael1x: ah no se me ocurrio jaja
18:41:15 : Side: Jose Luis: ahi lo tenes xD
18:41:53 : Side: Jose Luis: que pasa todo bien
18:46:23 : Side: Azrael1x: mario?
18:46:33 : Side: [DMN]-Mario: eu
18:46:39 : Side: Azrael1x: so vo? XD
18:47:02 : Side: [DMN]-Mario: ja ja donde
18:47:20 : Side: Azrael1x: el tiroteado
18:47:40 : Side: Azrael1x: en el pino jaja 
18:47:40 : Side: [DMN]-Mario: perdi mis cosas en el restar y quede barado en la mision de heroes
18:47:55 : Side: [DMN]-Mario: estoy lejos de ahi
18:48:01 : Side: Azrael1x: ah oka
18:48:45 : Side: [DMN]-Mario: estoy en bolas voy para bandidos haber si ligo algo si no te jode
18:49:01 : Side: Azrael1x: jaja dale venite vamos a estar los 4
18:49:27 : Side: [DMN]-Mario: manda grupo asi no nos matamos
19:01:57 : Side: Jose Luis: espera
19:21:32 : Side: Jonny Bravo: holis
19:21:45 : Side: BIgote: aloha
19:21:45 : Side: Azrael1x: holas
19:21:59 : Side: Jonny Bravo: que ondis ?
19:21:59 : Side: Jose Luis: hola
19:23:48 : Side: Jose Luis: punto naranja en comercio
19:25:01 : Side: Jonny Bravo: donde viven ?
19:25:14 : Side: Jose Luis: en mi casa xD
19:25:49 : Side: Azrael1x: por?me queres venir a ver? jaja
19:25:55 : Side: Jonny Bravo: quiero matarte
19:26:06 : Side: Azrael1x: we por que esa agresion?
19:26:13 : Side: Jonny Bravo: soy re malo
19:26:16 : Side: Jose Luis: re malo el jonny
19:26:24 : Side: Azrael1x: y tenes hoppo tambien? XD
19:26:28 : Side: Jonny Bravo: re bravo el jonny xd
19:32:47 : Side: Azrael1x: che no se venden los cargadores de m249??
19:32:56 : Side: Azrael1x: m240
19:38:15 : Side: [T1ER]rabbit: jm maricon cagon!!!!
19:38:39 : Side: Jose Luis: ???
19:38:55 : Side: Azrael1x: jm sos vos peton??
19:39:18 : Side: [T1ER]rabbit: johny bravo es jm lo puedo ver con mi chit
19:41:04 : Side: Azrael1x: che jose
19:41:09 : Side: Jose Luis: dimelo
19:41:41 : Side: Azrael1x: en en toque nos vamos para krasno te prendess?
19:42:10 : Side: Jose Luis: ale
19:42:41 : Side: Jose Luis: van al area militar?
19:42:52 : Side: Azrael1x: sipe
19:43:03 : Side: Azrael1x: pero primero pasamos por base a dejar las cosas
19:43:14 : Side: Jose Luis: bueee me va a bajar un poco la humanidad pero dale
19:43:28 : Side: Azrael1x: jajaja lo que importa es el loot
19:43:50 : Side: Jose Luis: listo aia nos vemos
19:43:57 : Side: Jose Luis: llevo los sand para cubrirnos
19:44:28 : Side: Azrael1x: ok desarmo grupo.despues armo de nuevo
19:48:16 : Side: Jose Luis: espera que vendo cosas de mi antigua mision
19:53:23 : Side: Jose Luis: ey azra invita ps
19:53:36 : Side: Azrael1x: aguanta que estoy en base todavia
19:53:40 : Side: Jonny Bravo: me siento solo
19:53:44 : Side: Jonny Bravo: quien me busca ?
19:54:02 : Side: Azrael1x: que quere j?
19:54:19 : Side: Jonny Bravo: nose salir a pasear loco
19:54:29 : Side: Jonny Bravo: la soledad por la noche desespera
19:54:33 : Side: Jonny Bravo: enseguida duermo con los zumbis
19:55:08 : Side: Jose Luis: voy a base yo entonces tmbien
19:55:15 : Side: Azrael1x: dales
19:55:18 : Side: Jonny Bravo: yo ni base tengo
19:55:19 : Side: Jonny Bravo: :(
19:55:25 : Side: Azrael1x: jajaja no te hagas 
19:55:44 : Side: Jonny Bravo: estoy yendo al NWAF a buscar cosas para vender
19:56:02 : Side: Azrael1x: que es eso?
19:56:10 : Side: Jonny Bravo: North west air field xd
19:56:17 : Side: Azrael1x: ahh jaja
19:56:21 : Side: BIgote: estamos yendo  
19:57:10 : Side: Jonny Bravo: estoy a 1km
20:03:29 : Side: Jose Luis: se me re bugeo el ural
20:05:38 : Side: Jose Luis: me vi muerto
20:08:42 : Side: Jose Luis: que es ese romance novel?
20:12:11 : Side: Jose Luis: toy listo
20:12:20 : Side: BIgote: acepta el grupo
20:14:06 : Side: Azrael1x: acepta grupo jose
20:14:11 : Side: Jose Luis: ya esta
20:34:51 : Side: BIgote: mata el zombii
21:03:24 : Side: Jose Luis: OJALA ENTRE AZRA
21:09:56 : Side: Jose Luis: SANT
21:11:57 : Side: Jose Luis: SIRFES
21:12:22 : Side: Sirfes-AR: que hay muchachos?
21:12:30 : Side: Jose Luis: TODO BIEN?
21:36:11 : Side: Jose Luis: el del helicoptero quien es
