01:40:13 : Side: Leodagos: hola todo bien ?
01:41:00 : Side: JF: Hola leo como estas ?
01:41:16 : Side: JF: si todo bien y vos?
01:41:18 : Side: Leodagos: todo tranqui , vos
01:41:26 : Side: Leodagos: entre un ratito a ver q onda
01:42:26 : Side: JF: esta todo quietito hoy en el reseteo anterior estaba bastante concurrido peo 
01:43:00 : Side: JF: pero se fueron todos juntos parece que estaban  con frio y sueño jaja
01:43:14 : Side: Leodagos: esta especial para dormir
01:43:19 : Side: Leodagos: pero yo prefiero vicear xD
01:43:41 : Side: JF: jajaja xD
12:54:54 : Side: JF: Hola como estas?
12:55:06 : Side: RemiX: bien 
13:29:18 : Side: JF: Hola Nikita como estas?
13:29:31 : Side: Nikyta: bien y vos ?
13:31:10 : Side: JF: bien aqui como siempre fiel a Universo jajaja.. xD
13:31:42 : Side: Nikyta: jajajaja parece una promo de una radio jajajaj
13:32:20 : Side: JF: Che que sera de la vida de Juan se lo manyaron los dientudos estos jajaja
13:33:53 : Side: JF: si me salio sin querer lo del spot publicitario tendria que tener una radio como el juego del wot que administran los rusos ...
13:34:46 : Side: Nikyta: jajaja no entenderiamos un carajo en ruso jajaja KAXKYKASSERKYKK JAJAJAJAJ
13:36:44 : Side: JF: Lo que pusiste no se puede repetir por el horario de proteccion al menor ... Jaa ja ja ja!!
13:44:23 : Side: JF: todavia no entiendo para que sirven las navajas y el rollo de papel bueno el papel puede que si pero es alusivo nada mas?
13:45:45 : Side: Nikyta: HAY UN BAÑO QUE PODES CONSTRUIR JAJAJ PERO TIENE CASI NADA DE LUGAR PARA GUARDAR PARA CONSTRUIRLO PRESISAS UN ROLLO DE PAPEL HIGIENICO JAJAJAJ
13:45:58 : Side: Nikyta: la nabaja nunca le encontre la utilidad
13:49:29 : Side: JF: ah mira que interesante , algo de eso sospechaba por que la otra ves al muñeco le hagarro la flojera de panza y se sentian unos puidos raros jaja..
13:49:36 : Side: JF: de verdad...
13:49:52 : Side: Nikyta: jajajajaja pero en este server ?? 
13:50:02 : Side: Nikyta: aca creo que no les da cagadera jajajaj
13:50:38 : Side: Nikyta: en el origins si hasta tenes que tomar un medicamento para eso
13:50:56 : Side: Nikyta: y mientras la pansa te hace unos ruidos barbaros jajaj
13:51:29 : Side: JF: ruidos jajaja si, solo eso . pobre vago como no sabia lo deje que siguiera en bici pedaleando jajaja
13:51:55 : Side: Nikyta: jajajajaja
13:53:35 : Side: JF: si claro es gracioso cuando le pasa a otro , vos reite jajaja!!!
13:54:10 : Side: Nikyta: jajaja el pobre con gastroenteritis y vos obligandolo a pedalear jajajajaja
13:57:14 : Side: JF: pedaleando y para peor todos cuestas arriba ...xD
14:05:04 : Side: Nikyta: para hacer el mantenimiento no presisas tener oro no ?
14:05:10 : Side: Nikyta: o sea no te cobra
14:06:11 : Side: JF: No solo tenes que pararte o arrodillarte frente al cartel del plot y te aparece el menu en amarillo
14:07:18 : Side: JF: oro te pide cuando decidis reparar un veiculo.
14:07:37 : Side: Nikyta: ok
14:16:42 : Side: JF: Hola Juan..
14:16:48 : Side: Juan: hola
14:17:13 : Side: JF: Hola totoask..
14:17:32 : Side: Dotterkletch: no hables por side
14:17:37 : Side: Totoasd: totoask_ jajaja
14:18:08 : Side: JF: perdon jjaja totoasd
14:18:18 : Side: Totoasd: xd
14:18:33 : Side: JF: Hola loly
14:19:24 : Side: JF: Hola dotterkletch..
15:21:40 : Side: Bad Guy: wenas
16:23:20 : Side: Bad Guy: hitzi cuidado con las puertas
16:23:44 : Side: hitziquer: xd
16:23:52 : Side: hitziquer: me las bardeaste ya?
16:24:07 : Side: Bad Guy: na AJJAJAAJ
16:24:27 : Side: hitziquer: xddd
16:24:40 : Side: hitziquer: hace rato que no entro
16:36:35 : Side: hitziquer: /kill
16:36:45 : Side: hitziquer: uh toy re bug
16:37:00 : Side: hitziquer: eh chaval
16:37:08 : Side: hitziquer: el gillie del market
16:37:23 : Side: hitziquer: me arrimas una bici a ver si me puedo subir?
16:37:28 : Side: hitziquer: a ver si me desbuguedo
17:48:13 : Side: Bad Guy: buenas
17:48:36 : Side: hitziquer: q hacemo
17:49:05 : Side: Bad Guy: aca probando el mouse nuevo
17:50:18 : Side: Bad Guy: sale mision?
17:50:27 : Side: hitziquer: dsps del restar
17:50:37 : Side: Bad Guy: hu posta
17:50:59 : Side: hitziquer: la estoy buscando a nikita pero no la encuentro xd
17:51:09 : Side: Bad Guy: jajaja
17:51:25 : Side: Bad Guy: si no esta en el trader...
17:55:06 : Side: Bad Guy: como se me fue la guita en materiales lpm
17:55:29 : Side: hitziquer: la inflacion llega hasta al dayz
17:55:36 : Side: Bad Guy: seeeee
17:55:43 : Side: Nikyta: jajajajaja
17:56:02 : Side: Bad Guy: gaste 1.000.000 recien
17:56:28 : Side: Nikyta: hoy en dia sale caro construir jaja
17:56:37 : Side: hitziquer: y eso que no pagas el terreno xd
17:56:42 : Side: Nikyta: jajajaj
17:56:44 : Side: Bad Guy: y eso q todavia no empeze con los pisos de metal
17:56:54 : Side: hitziquer: esos son mas baratos
17:57:02 : Side: hitziquer: pero una hinchada de pija pa armar
17:57:09 : Side: Bad Guy: neee, los pisos de madera son mas baratos
17:57:37 : Side: hitziquer: che nik estas en la bandit?
17:58:14 : Side: hitziquer: ya se va xd
18:11:56 : Side: hitziquer: ahura se
18:13:42 : Side: hitziquer: le metemo bad?
18:18:46 : Side: hitziquer: q ariscos
18:18:58 : Side: Bad Guy: :d
18:19:07 : Side: Bad Guy: no vi q eras vos JAJAJAJA
18:19:10 : Side: hitziquer: uno q pasa a saludar xd
18:20:08 : Side: hitziquer: me la va a poner el avion
18:22:09 : Side: hitziquer: q pacho?
18:22:35 : Side: hitziquer: te juiste?
18:22:44 : Side: Bad Guy: me fui a otra mision
18:25:14 : Side: hitziquer: decime
18:26:48 : Side: hitziquer: pa hay dos juntas
18:30:07 : Side: hitziquer: ahi voy al bardo
18:30:33 : Side: hitziquer: tenes grupo de radio?
18:32:07 : Side: Bad Guy: ahi los invite al grupo
18:36:05 : Side: Bad Guy: ahi los invite a los 2
18:38:12 : Side: hitziquer: como la pechie
19:16:51 : Side: Nikyta: admin ?
21:05:40 : Side: JF: Nikita, todo bien?
21:06:43 : Side: Leodagos: buena
21:06:45 : Side: Leodagos: s
21:07:16 : Side: Nikyta: buenas
21:07:40 : Side: JF: Hola Leo , como estas?
21:08:00 : Side: Leodagos: hola jf todo bien, vos ? comienzan las rondas nocturnas xD
21:10:05 : Side: JF: Bien , bien ,ja ja yo contra reloj un ratito mas para calmar el vicio 
21:10:53 : Side: Leodagos: hola
21:10:59 : Side: Nikyta: hola xd
21:11:05 : Side: Nikyta: me asustaste jaja
21:31:15 : Side: Leodagos: jf hacemos una base ?
21:31:29 : Side: Leodagos: tengo de todo
21:31:50 : Side: Nikyta: ya esta jajaj
21:32:43 : Side: JF: te agradezco de verdad amigo, yo ya tengo .. 
21:32:51 : Side: Leodagos: ok
21:32:54 : Side: Leodagos: np
22:55:18 : Side: Nikyta: admin ?
23:23:17 : Side: Nikyta: admin ?
