18:41:26 : Group: Leodagos: hola medio lejos
18:41:30 : Group: Jej0x |Aspirante|: TENES MICRO?
18:41:31 : Group: Leodagos: pero como vi q necesitabas ayuda
18:41:42 : Group: Jej0x |Aspirante|: estoy en berezino
18:41:46 : Group: Jej0x |Aspirante|: pero ahora estoy mejor
18:41:50 : Group: Leodagos: si tengo pero lo esta usando mi hermano
18:41:51 : Group: Jej0x |Aspirante|: baje 29 zombies todos juntos
18:42:00 : Group: Leodagos: necesitas ayuda ?
18:42:08 : Group: Jej0x |Aspirante|: si queres jugamos en equipo
18:42:22 : Group: Jej0x |Aspirante|: donde estas?
18:42:24 : Group: Leodagos: ok, voy llendo para alla
18:42:33 : Group: Jej0x |Aspirante|: tenes auto o algo?
18:42:34 : Group: Leodagos: estoy en airfield norte pero voy en una suv cammo 
18:42:54 : Group: Jej0x |Aspirante|: ok dale 
18:43:22 : Group: Jej0x |Aspirante|: voy a estar en el aserradero
18:44:33 : Group: Leodagos: teamspeack 3
18:44:41 : Group: Jej0x |Aspirante|: pero la ip digow
18:44:53 : Group: Leodagos: esta escrito arriba en las estadisticas
18:45:04 : Group: Leodagos: es el cuadrado q cerras desde el scroll del mouse
18:45:05 : Group: Jej0x |Aspirante|: no me funciono ahora pruebo denuevo
18:45:10 : Group: Jej0x |Aspirante|: si ya se
18:45:40 : Group: Leodagos: http://ts5.freets3.net:10113
18:46:25 : Group: Jej0x |Aspirante|: bueno ahi intento entrar
18:46:33 : Group: Jej0x |Aspirante|: te espero aca en el aserradero de berezino
18:46:59 : Group: Leodagos: escuchame
18:47:03 : Group: Jej0x |Aspirante|: se
18:47:10 : Group: Leodagos: convendria encontrarnos en otra posicion
18:47:15 : Group: Jej0x |Aspirante|: por?
18:47:19 : Group: Leodagos: ya que ya saben donde estas
18:47:24 : Group: Leodagos: y q alguien va por vos
18:47:27 : Group: Jej0x |Aspirante|: no no saben
18:47:30 : Group: Jej0x |Aspirante|: igual no se
18:47:33 : Group: Jej0x |Aspirante|: donde decis?
18:47:43 : Group: Leodagos: y si hablaste a global y djiste ayuda en berezino y marcaste  HELP en el mapa 
18:47:53 : Group: Jej0x |Aspirante|: see
18:48:11 : Group: Leodagos: te animas a moverte a dubrovka ?
18:48:29 : Group: Leodagos: 104 x 054 
18:48:32 : Group: Jej0x |Aspirante|: no llego mas pero dale ahi voy
18:48:40 : Group: Leodagos: estas herido ?
18:48:41 : Group: Jej0x |Aspirante|: espera que looteo el aserradero
18:48:43 : Group: Jej0x |Aspirante|: no
18:48:53 : Group: Leodagos: tenes toolbox ?
18:49:01 : Group: Jej0x |Aspirante|: se
18:49:11 : Group: Leodagos: la podes hacer bicicleta
18:49:19 : Group: Jej0x |Aspirante|: okw
18:50:00 : Group: Leodagos: ahora enrto al ts
18:54:37 : Group: Jej0x |Aspirante|: me puse un skin por eso
18:54:44 : Group: Leodagos: estoy en el ts ahi rescate microfono
18:54:49 : Group: Jej0x |Aspirante|: ahi entro
18:55:33 : Group: Jej0x |Aspirante|: estoy llenod a druvroka
18:57:01 : Group: Jej0x |Aspirante|: listo llwfw
18:57:03 : Group: Jej0x |Aspirante|: llege
18:57:34 : Group: Jej0x |Aspirante|: me voy a esconder en el bosque
18:57:52 : Group: Leodagos: ok
18:57:59 : Group: Jej0x |Aspirante|: ahi entro al ts
18:58:04 : Group: Leodagos: ok
18:59:38 : Group: Jej0x |Aspirante|: me tira error la ip
18:59:54 : Group: Leodagos: proba denuevo
18:59:58 : Group: Leodagos: a veces tira error
19:00:00 : Group: Jej0x |Aspirante|: estoy probando
19:00:32 : Group: Jej0x |Aspirante|: me escuchas?
19:00:49 : Group: Jej0x |Aspirante|: si
19:00:56 : Group: Jej0x |Aspirante|: me parece que tengo puesto el taskforce
19:02:42 : Group: Jej0x |Aspirante|: estabas cantando can?
19:02:49 : Group: Jej0x |Aspirante|: jajajaja
19:05:15 : Group: Jej0x |Aspirante|: 5 p la chupada
19:06:44 : Group: Jej0x |Aspirante|: bueno voy habla que yo te escucho
19:06:54 : Group: Jej0x |Aspirante|: no se que le pinta
19:06:58 : Group: Jej0x |Aspirante|: dale vmaos
19:07:07 : Group: Jej0x |Aspirante|: estaria para hacer una base
19:07:21 : Group: Jej0x |Aspirante|: see
19:07:34 : Group: Jej0x |Aspirante|: aprende a manejar manco
19:07:36 : Group: Jej0x |Aspirante|: dale dale
19:07:46 : Group: Jej0x |Aspirante|: lo importante es tener una safe cada uno
19:07:51 : Group: Jej0x |Aspirante|: jajaja tomando mate
19:07:56 : Group: Jej0x |Aspirante|: 100% argentino
19:08:03 : Group: Jej0x |Aspirante|: alfin encontre un server argento papa
19:08:09 : Group: Jej0x |Aspirante|: me moria jugando en los de rusia
19:08:19 : Group: Jej0x |Aspirante|: me tiraban de 1000 
19:08:27 : Group: Jej0x |Aspirante|: aca estoy jugando joya
19:08:31 : Group: Jej0x |Aspirante|: jugue a ese
19:08:41 : Group: Jej0x |Aspirante|: pero medio caca jugar con todos brazucas
19:09:00 : Group: Jej0x |Aspirante|: ahora ya esta encontre este server y no me voy mas
19:09:10 : Group: Jej0x |Aspirante|: see
19:09:20 : Group: Jej0x |Aspirante|: gato lo conocia
19:09:21 : Group: Jej0x |Aspirante|: gatos
19:09:26 : Group: Jej0x |Aspirante|: yo jugue mucho ese
19:09:37 : Group: Jej0x |Aspirante|: nisman
19:09:43 : Group: Jej0x |Aspirante|: jugue con unos pibes
19:09:49 : Group: Jej0x |Aspirante|: no me acuerdo los nombres ahora
19:09:57 : Group: Jej0x |Aspirante|: con galle si
19:10:02 : Group: Jej0x |Aspirante|: a rulo no lo conoci
19:10:09 : Group: Jej0x |Aspirante|: lo esuche nombrar mucho
19:10:21 : Group: Jej0x |Aspirante|: se
19:10:27 : Group: Jej0x |Aspirante|: a mi me rompian todo jajaja
19:10:32 : Group: Jej0x |Aspirante|: pero nos cagabamos de risa
19:11:04 : Group: Jej0x |Aspirante|: a mi me gusta jugar muy tactico
19:11:15 : Group: Jej0x |Aspirante|: see
19:11:21 : Group: Jej0x |Aspirante|: para esconder las cajas tambien
19:11:45 : Group: Jej0x |Aspirante|: un bug que me enseñaron es que cuando estas a punto de morir desconectarte
19:11:50 : Group: Jej0x |Aspirante|: y despues aparecias vivo
19:11:57 : Group: Jej0x |Aspirante|: pero ahora no funciona mas
19:12:21 : Group: Jej0x |Aspirante|: jajja re forro
19:12:42 : Group: Jej0x |Aspirante|: donde vendo un reolver
19:13:04 : Group: Jej0x |Aspirante|: queres comida? avisame tengo bastante
19:13:58 : Group: Jej0x |Aspirante|: casco de malvinas
19:14:02 : Group: Jej0x |Aspirante|: tienen estos
19:14:35 : Group: Jej0x |Aspirante|: estaria para ir a la granja de marihuana
19:15:29 : Group: Jej0x |Aspirante|: vamos a la granja de marihuana
19:15:33 : Group: Jej0x |Aspirante|: tengo 800 pesos jajaja
19:15:41 : Group: Jej0x |Aspirante|: es mi primer dia aca
19:15:59 : Group: Jej0x |Aspirante|: vamos y depaso llenamos la camioneta de marihuana
19:16:03 : Group: Jej0x |Aspirante|: y vendemos
19:16:21 : Group: Jej0x |Aspirante|: bueno dale
19:16:26 : Group: Jej0x |Aspirante|: vamos nomas
19:16:32 : Group: Jej0x |Aspirante|: tengo aveces lagazos
19:16:34 : Group: Jej0x |Aspirante|: maneja vos
19:16:38 : Group: Jej0x |Aspirante|: porque te la voy a hacer concha
19:16:48 : Group: Jej0x |Aspirante|: dale
19:16:58 : Group: Jej0x |Aspirante|: todo recto
19:17:00 : Group: Jej0x |Aspirante|: se donde es
19:17:09 : Group: Jej0x |Aspirante|: no se que carajo abra
19:17:19 : Group: Jej0x |Aspirante|: en todos los servers que jugue siempre voy a la cosecha esa
19:17:24 : Group: Jej0x |Aspirante|: un cuchillo
19:17:32 : Group: Jej0x |Aspirante|: yo tambien tengo
19:17:39 : Group: Jej0x |Aspirante|: si
19:17:42 : Group: Jej0x |Aspirante|: mandale recto
19:17:46 : Group: Jej0x |Aspirante|: despues a la derecha
19:17:59 : Group: Jej0x |Aspirante|: nope
19:18:03 : Group: Jej0x |Aspirante|: lo baje
19:18:20 : Group: Jej0x |Aspirante|: derecha
19:18:25 : Group: Jej0x |Aspirante|: si sino te cagan a tiros
19:18:29 : Group: Jej0x |Aspirante|: o te muerden los zombies
19:18:45 : Group: Jej0x |Aspirante|: esquivamos gorka mejor
19:19:19 : Group: Jej0x |Aspirante|: derecha denuevo
19:19:32 : Group: Jej0x |Aspirante|: en el proximo cruze
19:19:44 : Group: Jej0x |Aspirante|: ajajja
19:19:46 : Group: Jej0x |Aspirante|: see-
19:19:54 : Group: Jej0x |Aspirante|: derecha 100 metros a 90 grados
19:20:02 : Group: Jej0x |Aspirante|: hora mandale todo recto-
19:20:35 : Group: Jej0x |Aspirante|: todo recto por izquierda
19:20:59 : Group: Jej0x |Aspirante|: izquieda
19:21:12 : Group: Jej0x |Aspirante|: para
19:21:16 : Group: Jej0x |Aspirante|: me equivoque
19:21:18 : Group: Jej0x |Aspirante|: volve
19:21:23 : Group: Jej0x |Aspirante|: jajaj si
19:21:29 : Group: Jej0x |Aspirante|: es que en el mapa lo voe alrevez
19:21:36 : Group: Jej0x |Aspirante|: todo recto mandale
19:21:43 : Group: Jej0x |Aspirante|: vamos a pasar por stary tene cuidado
19:22:27 : Group: Jej0x |Aspirante|: NO CREO QUE NOS TIREN
19:22:40 : Group: Jej0x |Aspirante|: PERO MUCHOS ZOMBIES EN ESA ZONA POR ESO DIGO
19:23:00 : Group: Jej0x |Aspirante|: DALE
19:23:03 : Group: Jej0x |Aspirante|: COMO ESCUDO
19:23:16 : Group: Jej0x |Aspirante|: derecha
19:23:29 : Group: Jej0x |Aspirante|: jajajaja
19:23:32 : Group: Jej0x |Aspirante|: un monton
19:23:35 : Group: Jej0x |Aspirante|: la hibernas?
19:23:55 : Group: Jej0x |Aspirante|: derecha
19:24:00 : Group: Jej0x |Aspirante|: en esta
19:24:17 : Group: Jej0x |Aspirante|: atras boludo
19:24:26 : Group: Jej0x |Aspirante|: ajajaa
19:24:29 : Group: Jej0x |Aspirante|: mapa de mierda
19:24:45 : Group: Jej0x |Aspirante|: ahi mandale todo recto por esta calle
19:24:54 : Group: Jej0x |Aspirante|: seee setview de mierda
19:25:05 : Group: Jej0x |Aspirante|: yo la tenog en 1000
19:25:14 : Group: Jej0x |Aspirante|: parada de vendedor
19:25:43 : Group: Jej0x |Aspirante|: izquierda
19:26:04 : Group: Jej0x |Aspirante|: derecha
19:26:11 : Group: Jej0x |Aspirante|: dale
19:26:21 : Group: Jej0x |Aspirante|: ya llegmaos
19:26:37 : Group: Jej0x |Aspirante|: derecha
19:26:53 : Group: Jej0x |Aspirante|: derecha denuevo
19:27:11 : Group: Jej0x |Aspirante|: mandate en diagonal por el campo
19:27:21 : Group: Jej0x |Aspirante|: dale recto
19:27:25 : Group: Jej0x |Aspirante|: marihuana al rolete
19:27:33 : Group: Jej0x |Aspirante|: tenes que cortarla
19:27:42 : Group: Jej0x |Aspirante|: seee
19:27:46 : Group: Jej0x |Aspirante|: son campos narcos
19:28:04 : Group: Jej0x |Aspirante|: vaciemos las mochilas
19:28:06 : Group: Jej0x |Aspirante|: en la camioneta
19:28:22 : Group: Jej0x |Aspirante|: asi llenamos de mari
19:28:57 : Group: Jej0x |Aspirante|: ahora abri el menu aca
19:29:02 : Group: Jej0x |Aspirante|: y pone click derecho en el cuchi
19:29:21 : Group: Jej0x |Aspirante|: lo que podes hacer de bug es clickear mucho en el cuchi
19:29:49 : Group: Jej0x |Aspirante|: no osea clicke de menu
19:30:09 : Group: Jej0x |Aspirante|: donde dice cutdrugflowers
19:30:23 : Group: Jej0x |Aspirante|: zombieee
19:31:35 : Group: Jej0x |Aspirante|: jajaja
19:31:42 : Group: Jej0x |Aspirante|: llenate la mochila y volca todo en la camioneta
19:32:26 : Group: Jej0x |Aspirante|: see
19:32:30 : Group: Jej0x |Aspirante|: en un rato volvemos
19:32:44 : Group: Jej0x |Aspirante|: mira una lockbox
19:32:56 : Group: Jej0x |Aspirante|: see-se
19:33:04 : Group: Jej0x |Aspirante|: 2
19:33:42 : Group: Jej0x |Aspirante|: tengo pala de afianzar para el plot despues
19:33:48 : Group: Jej0x |Aspirante|: vamos nomas
19:33:55 : Group: Jej0x |Aspirante|: agarrar diagonal para atras
19:34:24 : Group: Jej0x |Aspirante|: yo la llevo en la mochi porque es mas facil vender
19:34:31 : Group: Jej0x |Aspirante|: sino tenes que ir al equipo de la camioneta 
19:34:35 : Group: Jej0x |Aspirante|: vamos
19:35:24 : Group: Jej0x |Aspirante|: recto
19:35:35 : Group: Jej0x |Aspirante|: derecha
19:35:43 : Group: Jej0x |Aspirante|: ok
19:35:48 : Group: Jej0x |Aspirante|: maneje usted sabe
19:36:00 : Group: Jej0x |Aspirante|: dale dale
19:36:15 : Group: Jej0x |Aspirante|: lindo cz tenes 
19:36:21 : Group: Jej0x |Aspirante|: estaria prra comprar municion
19:36:27 : Group: Jej0x |Aspirante|: el rifle que tenes en la camioneta
19:36:38 : Group: Jej0x |Aspirante|: el m4?
19:36:48 : Group: Jej0x |Aspirante|: se alto rifle
19:36:53 : Group: Jej0x |Aspirante|: a mi me gusta el m40a3
19:36:58 : Group: Jej0x |Aspirante|: o el dmr
19:37:09 : Group: Jej0x |Aspirante|: el dmr podes usarlo con nightvision
19:37:12 : Group: Jej0x |Aspirante|: por eso me gusta
19:37:17 : Group: Jej0x |Aspirante|: con supresor
19:37:28 : Group: Jej0x |Aspirante|: no suena tanto
19:37:33 : Group: Jej0x |Aspirante|: el dmr se re escucha
19:38:05 : Group: Jej0x |Aspirante|: podemos ir a la comunidada jippie sino
19:38:08 : Group: Jej0x |Aspirante|: capaz nos compran
19:38:20 : Group: Jej0x |Aspirante|: la tenemos cerca
19:38:24 : Group: Jej0x |Aspirante|: sino cualquier medico nos compra
19:38:33 : Group: Jej0x |Aspirante|: see
19:39:20 : Group: Jej0x |Aspirante|: jajaja si entras siempre?
19:39:32 : Group: Jej0x |Aspirante|: jajaja o cuando se reinicia el sv
19:39:37 : Group: Jej0x |Aspirante|: neee
19:39:42 : Group: Jej0x |Aspirante|: en los hangares
19:39:44 : Group: Jej0x |Aspirante|: fijate
19:39:48 : Group: Jej0x |Aspirante|: ahi siempre hay fierros
19:41:18 : Group: Jej0x |Aspirante|: vamos a lootearlo
19:42:10 : Group: Jej0x |Aspirante|: en la torre?
19:42:48 : Group: Jej0x |Aspirante|: me la dieron
19:42:59 : Group: Jej0x |Aspirante|: see
19:43:02 : Group: Jej0x |Aspirante|: ahi me estoy bendando
19:43:05 : Group: Jej0x |Aspirante|: vendando
19:43:27 : Group: Jej0x |Aspirante|: ok
19:43:41 : Group: Jej0x |Aspirante|: en todos los server hay bots aca
19:43:45 : Group: Jej0x |Aspirante|: jajajaa
19:43:51 : Group: Jej0x |Aspirante|: carlos el boludo
19:44:01 : Group: Jej0x |Aspirante|: jajaja
19:44:09 : Group: Jej0x |Aspirante|: alta base
19:45:00 : Group: Jej0x |Aspirante|: alta base
19:45:43 : Group: Jej0x |Aspirante|: agarralo
19:45:46 : Group: Jej0x |Aspirante|: y fue
19:45:50 : Group: Jej0x |Aspirante|: una door?
19:45:54 : Group: Jej0x |Aspirante|: o alguna pared
19:45:56 : Group: Jej0x |Aspirante|: la hacemos aca cerca
19:46:02 : Group: Jej0x |Aspirante|: asi no queda tan lejos
19:46:15 : Group: Jej0x |Aspirante|: yo juego siempre en equipo porque me aburro solo
19:46:49 : Group: Jej0x |Aspirante|: aveces dejo de jugar por un mes o 2 porque me aburro solo
19:46:54 : Group: Jej0x |Aspirante|: el que tengas
19:46:59 : Group: Jej0x |Aspirante|: vos dame que yo uso
19:47:13 : Group: Jej0x |Aspirante|: estoy usando una m8 como rifle jaja
19:47:44 : Group: Jej0x |Aspirante|: tenog un lumber pack mira
19:47:50 : Group: Jej0x |Aspirante|: re cheto
19:47:59 : Group: Jej0x |Aspirante|: jajajaja
19:48:09 : Group: Jej0x |Aspirante|: ni una pared hago
19:48:26 : Group: Jej0x |Aspirante|: bueno
19:48:40 : Group: Jej0x |Aspirante|: si me pones una safe para poner cositas piola
19:48:55 : Group: Jej0x |Aspirante|: esta el 30 m plot
19:49:01 : Group: Jej0x |Aspirante|: no me lo va a dejar agarrar
19:49:12 : Group: Jej0x |Aspirante|: ah si mira
19:50:38 : Group: Jej0x |Aspirante|: me habia parecido que alguien escribio
19:51:06 : Group: Jej0x |Aspirante|: a dpmde vamos¡
19:51:25 : Group: Jej0x |Aspirante|: dalew
19:51:28 : Group: Jej0x |Aspirante|: jaja
19:56:09 : Group: Jej0x |Aspirante|: guiamew
19:57:28 : Group: Jej0x |Aspirante|: una suv mira
19:57:43 : Group: Leodagos: creo q esta cerrada
19:57:50 : Group: Jej0x |Aspirante|: la prendemos fuego
19:58:02 : Group: Jej0x |Aspirante|: see
19:58:13 : Group: Jej0x |Aspirante|: dale
19:58:17 : Group: Jej0x |Aspirante|: te desconectas o que?
19:58:21 : Group: Jej0x |Aspirante|: no para
19:58:28 : Group: Jej0x |Aspirante|: yo me tengo que ir 6 minutos
19:58:38 : Group: Jej0x |Aspirante|: avisame cuando volves por ts
19:58:40 : Group: Jej0x |Aspirante|: sisi vuelvo
19:58:44 : Group: Jej0x |Aspirante|: voy y vengo
19:58:45 : Group: Jej0x |Aspirante|: dale
19:58:59 : Group: Jej0x |Aspirante|: ee?
19:59:11 : Group: Jej0x |Aspirante|: avisame cuando volves
19:59:16 : Group: Jej0x |Aspirante|: me quedo en ts
19:59:33 : Group: Jej0x |Aspirante|: estaciona aca
19:59:59 : Group: Jej0x |Aspirante|: dale yo tambien 
