01:30:46 : Side: Mijael: uh, es de noche
02:02:35 : Side: [EC]Davi: tengo miedo
02:02:46 : Side: reconnect: :O
02:05:10 : Vehicle: vodka: apenas te escucho
02:05:15 : Vehicle: Hawk: derecha
02:05:19 : Vehicle: Hawk: q hay dos misioens enfrente
02:05:37 : Vehicle: Hawk: anda hacia marti
02:37:10 : Direct: Hawk: ahi tenes un regalo, la llave esta en el equipo
02:38:42 : Direct: Marti: Yo perdi todos los regalos que me hizo lalo jajajjajajajjaj
02:38:49 : Direct: Hawk: jajaja macanuda
02:38:59 : Direct: Hawk: esa es rosada, la llegas a perder te pego un tiro
02:39:46 : Direct: Marti: pero JAJAJAJAJAJA estas seguro de lo que estas haciendo?
02:39:56 : Direct: Marti: que es tow?
02:40:05 : Direct: Hawk: vale 50k tengo como 20 maletines en la base
02:40:11 : Direct: Hawk: es para llevar otro vehiculo atras
02:40:24 : Direct: Hawk: "sinchando"
02:40:55 : Direct: Marti: aaaaah y que me dijiste de la llave? 
02:41:18 : Direct: Hawk: en el equipo
02:41:24 : Direct: Hawk: acercate desde atras
02:41:31 : Direct: Hawk: y te aparece el equipo de la suv
02:43:00 : Direct: Marti: es probable que me pase algo con la camioneta y me voy a sentir mal, graciaasss igual
02:43:28 : Direct: Hawk: es mejor que la bici al menos! 
02:43:37 : Direct: Hawk: espera que tow la moto
02:43:48 : Direct: Marti: ah obvio 
02:43:55 : Direct: Marti: towneala
02:44:12 : Direct: Hawk: no puedo yo proba vos
02:45:10 : Direct: Hawk: naa no deja
02:45:26 : Direct: Marti: bue, mala onda la moto
02:45:39 : Direct: Marti: che como es la onda con la llave?
02:45:41 : Direct: Hawk: yo tampoco me dejaria sinchar por una SUV ROSADA
02:45:53 : Direct: Hawk: fijate que te dice lock, para bloqeuarla
02:45:53 : Direct: Marti: AJAJAJAJAJAJAJAJA
02:45:59 : Direct: Hawk: y Unlock para desbloquear
02:46:48 : Direct: Marti: aah, ahi esta
02:47:08 : Direct: Marti: sub pink, me causa
03:18:32 : Group: Hawk: es tuyo el vodnik
03:19:00 : Group: Marti: no se ni que es un vodnik, mira lo que te digo
03:19:07 : Group: Hawk: esto que esta aca
03:19:24 : Group: Marti: me imagine, no es mio lamentablemente 
03:31:30 : Group: Marti: viste cuando te pregunte si estabas seguro de lo que hacias?
03:33:55 : Group: Hawk: q hiciste gila
03:34:57 : Group: Marti: te invito a que vengas me peges un tiro y me robes todo -.-
03:35:16 : Group: Hawk: jajajaj ya perdiste la suv?
03:35:21 : Group: Hawk: casi una hora te duro!
03:35:27 : Group: Hawk: mas de lo que espere igual.
03:36:02 : Group: Marti: pase por entre dos misiones, lo importante es que estoy bien JAJAJAJA
03:36:21 : Group: Hawk: revento la suv? sino podes volvera buscarla cuando desaprezcan
03:37:39 : Group: Marti: no revento, pincho 
03:41:26 : Group: Marti: JAJJAJAJAJJAJA
03:41:55 : Group: Hawk: para que penses en lo que hiciste
03:42:00 : Group: Hawk: en penitencia
03:42:15 : Group: Marti: de florero
03:42:29 : Group: Marti: igual preferiria que me mates y robes
03:42:38 : Group: Hawk: naaa
03:43:36 : Group: Marti: vos eras asi de malo cuando empezaste a jugar? jajajaaj
03:43:48 : Group: Hawk: naaa nadie puede ser TAN malo
03:44:26 : Group: Marti: ya lo creo
03:45:14 : Group: Marti: no se van mas las misiones 
03:45:27 : Group: Hawk: ah si pueden estar como 30 minutos
03:46:08 : Group: Marti: puta madre
03:46:41 : Group: Marti: wtf
03:46:41 : Group: Hawk: magia
03:47:16 : Group: Marti: mientras mas magia hagas mas mal me voy a sentir con mis cagadas jajajajaj
03:47:28 : Group: Hawk: naa es solo una SUV
03:47:44 : Group: Hawk: ni que tuvieras un tanke
03:48:15 : Group: Marti: jajajajajajaaj pero igual
04:41:24 : Side: Bigote: che user
04:41:44 : Side: User: que passa
04:41:50 : Side: Bigote: vos sos admin_
04:41:59 : Side: User: nope
04:42:12 : Side: Bigote: vos me mataste recien>
04:42:39 : Side: User: nao me lembro
06:09:26 : Side: alj: user
06:09:44 : Side: User: hello
06:18:09 : Side: SeNNeN: ¿User?
06:18:21 : Side: User: que passa
06:18:32 : Side: SeNNeN: Hola. Somos nuevos. ¿Todo bien?
06:18:43 : Side: User: hola buenas
06:26:00 : Side: SeNNeN: User. ¿Siempre hay poca gente en este server?
07:28:26 : Side: SeNNeN: Esta muy lag el sv que pasa?
07:29:38 : Side: User: o que esta fazendo?
07:30:04 : Side: SeNNeN: User
07:30:06 : Side: SeNNeN: BR?
19:57:36 : Side: Viciopata-.: QUE ONDA?
19:57:44 : Side: patasucia: q onda
19:58:26 : Side: Viciopata-.: Dónde anda ustéd?
19:58:38 : Side: patasucia: en la cruz roja de bere
19:59:03 : Side: Viciopata-.: Y ustéd quiere PVP? 
19:59:41 : Side: patasucia: donde andas
20:00:12 : Side: Viciopata-.: mira el mapa y enterate <3
20:00:54 : Side: Viciopata-.: Che juan
20:01:20 : Side: patasucia: eu
20:01:41 : Side: Viciopata-.: Naciste trolo? o te violaban de chiquito?
20:03:00 : Side: patasucia: las mujeres me violaban de grande
20:03:14 : Side: Viciopata-.: AHHHH y te asquiaste y te hiciste puto? XD
20:03:29 : Side: patasucia: claa
20:03:39 : Side: patasucia: tira bengala asi te veo
20:03:44 : Side: patasucia: :D
20:03:46 : Side: Viciopata-.: no tengo
20:03:55 : Side: Viciopata-.: Che ahora me pasas los precios o como  XD¿
20:04:00 : Side: Viciopata-.: Los sigo esperando
20:04:06 : Side: patasucia: q precios?
20:04:29 : Side: Viciopata-.: del vip
20:04:44 : Side: patasucia: da subi gil
20:04:52 : Side: Viciopata-.: :
20:04:57 : Side: Viciopata-.: sabes que te quiero no?
20:05:00 : Side: Viciopata-.: xD
20:05:22 : Side: Viciopata-.: ese tp pro
20:05:26 : Side: patasucia: donde qeres q te mate?
20:05:42 : Side: Viciopata-.: xD
20:05:47 : Side: Viciopata-.: dame un arma y vamos a donde quieras
20:05:59 : Side: Viciopata-.: queres que te enseñe a manejar?
20:06:46 : Side: Viciopata-.: XD
20:06:58 : Side: patasucia: viste aterrizaje de escuela ese
20:07:07 : Side: patasucia: vamo al chatarrero
20:07:11 : Side: patasucia: a tirarnos
20:07:14 : Side: Viciopata-.: poneme vida pt
20:07:29 : Side: Viciopata-.: y un arma
20:08:24 : Side: patasucia: cuanodo quieras
20:08:31 : Side: Viciopata-.: que te llevaste?
20:08:34 : Side: patasucia: m14
20:08:35 : Side: Viciopata-.: hagamoslo justo
20:08:53 : Side: patasucia: es corto alacanze aca dentro
20:09:27 : Side: patasucia: listo?
20:09:27 : Side: Viciopata-.: sacate el godmode
20:09:31 : Side: patasucia: se ya me sacque
20:10:17 : Side: patasucia: aajaj q gil
20:10:24 : Side: patasucia: voy
20:11:48 : Side: Viciopata-.: me falta mi vip
20:12:03 : Side: Viciopata-.: xD
20:12:10 : Side: Viciopata-.: :3
20:12:34 : Side: Viciopata-.: jajajajajaja
20:12:39 : Side: Viciopata-.: se que me amas
20:13:55 : Side: patasucia: manejate
20:14:05 : Side: patasucia: jajajaaj
20:15:31 : Side: patasucia: tendriamos q ir a la carcel
20:15:35 : Side: Viciopata-.: se
20:15:42 : Side: patasucia: y espawenar todso lo s zombies
20:15:43 : Side: Viciopata-.: pero con mi vip
20:16:17 : Side: Viciopata-.: tengo god mode? xD
20:16:40 : Side: patasucia: np
20:16:40 : Side: Viciopata-.: no ammo :c
20:16:52 : Side: Viciopata-.: Pepero mi vip ? :/
20:19:21 : Side: Viciopata-.: wtf?
20:19:23 : Side: Viciopata-.: y tu godmode?
20:19:24 : Side: Viciopata-.: xD
20:20:31 : Side: Viciopata-.: hdp
20:21:20 : Side: Viciopata-.: no tengo vip
20:22:04 : Side: Viciopata-.: pasate una night
20:22:15 : Side: Viciopata-.: me tengo que ir igual Xd a jugar un poco de unturned
20:23:02 : Side: patasucia: corre loco
20:23:19 : Side: patasucia: dios
20:23:25 : Side: Viciopata-.: mi vip :c
20:26:18 : Side: Viciopata-.: me voy a viciar en unturned
20:26:36 : Side: patasucia: noss vemosss!
