02:01:33 : Group: Jose Luis: nada mal men
02:04:31 : Group: Jose Luis: para la sierra usa el bidon de combustible y el aceite
02:05:48 : Group: Jose Luis: le das click segundario al aceite y dice fill shainsaw
02:06:03 : Group: Sirfes-AR: sisi, ya lo tengo
02:06:18 : Group: Sirfes-AR: ahora que hago?
02:07:00 : Group: Jose Luis: con esa mesa puedes hacer cosas como muros y demas
02:07:11 : Group: Jose Luis: cortas madera la agarras y click segundario para plywood
02:08:06 : Group: Sirfes-AR: como la coloco en el suelo?
02:08:14 : Group: Jose Luis: que cosawwwwwwwwwwwwwwwwwwwwwww
02:09:31 : Group: Jose Luis: tenes chatarra?
02:09:44 : Group: Sirfes-AR: nop
02:10:02 : Group: Jose Luis: y la tienda de camping la traiste?
02:10:17 : Group: Sirfes-AR: no D:
02:10:29 : Group: Jose Luis: jajaja carajo ya vengo ve cortando madera si quieres
02:12:55 : Group: Sirfes-AR: como corto la madera? le doy con la motocierra y nada 
02:13:16 : Group: Jose Luis: TENES EL ACEITE?
02:13:49 : Group: Sirfes-AR: se mezclo con el bidon
02:14:00 : Group: Jose Luis: AHORA DALE AL BIDON CLICK SEGUNDARIOW
02:14:13 : Group: Jose Luis: Y LUEGO RECARGAS
02:14:27 : Group: Sirfes-AR: ya la recargue, pero talo el arbol y no cae nada
02:14:37 : Group: Jose Luis: YA CAYO EL ARBOL?
02:14:43 : Group: Jose Luis: EN EL PISO TIENE QUE ESTAR 
02:14:43 : Group: Sirfes-AR: nono
02:14:57 : Group: Jose Luis: ACERCATE MAS ENTONCES
02:16:59 : Group: Sirfes-AR: me gaste todo el combustible y no cayo nada ._.
02:17:07 : Group: Jose Luis: NO TE CREO
02:17:10 : Group: Jose Luis: JAJJAJA ESPERA
02:17:32 : Group: Sirfes-AR: de verdad, estaba cerca y se escuchaba como talaba, pero no cayo nada
02:20:56 : Group: Sirfes-AR: .______.
02:21:04 : Group: Sirfes-AR: como haces?
02:21:11 : Group: Jose Luis: acercate muy bien xD
02:24:00 : Group: Jose Luis: ey calma xD
02:24:06 : Group: Jose Luis: ya pusiste el plot?
02:24:09 : Group: Sirfes-AR: fue sin querer jajajajaja
02:24:12 : Group: Sirfes-AR: nono
02:24:33 : Group: Sirfes-AR: aca lo voy a poner
02:24:38 : Group: Jose Luis: ponlo
02:25:02 : Group: Sirfes-AR: me falta una pala ._.
02:25:09 : Group: Jose Luis: te regalo la mia
02:25:29 : Group: Jose Luis: ahi te la deje
02:26:05 : Group: Jose Luis: con av pag y repag subes y bajas las construcciones
02:26:22 : Group: Jose Luis: jajaja tampoco lo pongas en el cielo eh
02:27:04 : Group: Jose Luis: ahi ponlo
02:27:23 : Group: Jose Luis: ahora toma este regalo
02:27:44 : Group: Jose Luis: ponla por ahi esa sera tu bodega
02:27:51 : Group: Sirfes-AR: gracias
02:28:13 : Group: Jose Luis: la giras con q y e
02:28:29 : Group: Jose Luis: bueno compa tampoco la pongas ensima del plot
02:28:49 : Group: Sirfes-AR: donde la pongo?
02:29:03 : Group: Jose Luis: donde quieras que no sea ensima del plot
02:29:40 : Group: Jose Luis: tiene que ser dentro de los limites del plot
02:29:48 : Group: Sirfes-AR: jajajajaja okok
02:29:58 : Group: Jose Luis: pero no ensima del letrero xD
02:30:23 : Group: Jose Luis: ahi puede ser
02:30:50 : Group: Jose Luis: ahora tienes una bodega solo dale g y guardas la madera que tales
02:31:23 : Group: Jose Luis: bueno voy a mi base 
02:31:36 : Group: Jose Luis: me escribes por chat normal si tienes alguna duda
11:21:22 : Group: Jose Luis: hableme por aqui
11:21:49 : Group: santiago: me aburriste
11:22:13 : Group: Jose Luis: jajaja veni y mira mas bien la base esta donde esta la tuya y caben hasta 6 helicopteros
11:23:01 : Group: santiago: venga yo no tengo nada a la final
11:23:11 : Group: Jose Luis: nada de que?
11:26:31 : Group: Jose Luis: nada de que?
11:28:08 : Group: Jose Luis: ya llego?
11:32:08 : Group: Jose Luis: donde anda que lo veo volteando
12:15:52 : Group: Jose Luis: hace rato lo estoy invitando a base
12:16:06 : Group: santiago: si yo se pero estoy mercando
12:16:14 : Group: santiago: y estoy muy fumado
12:16:24 : Group: Jose Luis: jajaja mrk
12:17:10 : Group: Jose Luis: esto si es bien gallo
12:17:24 : Group: Jose Luis: ahora vera lo que tengo
12:17:35 : Group: Jose Luis: a quien le dice payaso si estamos los dos nomas jajaja
12:17:43 : Group: santiago: jajajajaj
12:17:59 : Group: Jose Luis: que tengo que hacer para que venga lo jalo de las patas oq
12:18:39 : Group: Jose Luis: 300 tablas para 8 paredes no joda
12:19:00 : Group: santiago: uy quieto
12:19:36 : Group: Jose Luis: camello duro papi
12:23:08 : Group: Jose Luis: veni pues maricon
12:25:11 : Group: santiago: a pero la puso serca de la otra ps
12:25:29 : Group: Jose Luis: esto lo que es es un fuerte
12:29:19 : Group: Jose Luis: le estoy haciendo una puerta para que pase caminando de base a base
12:30:18 : Group: santiago: ok
12:30:25 : Group: santiago: ya casi termino
12:31:08 : Group: santiago: alla me haces la copia de la llave
12:31:23 : Group: Jose Luis: de la llave de q
12:31:44 : Group: santiago: del carro q voy a comprar
12:32:07 : Group: Jose Luis: traiga una tin bar
12:32:20 : Group: santiago: oh
12:32:23 : Group: santiago: ok
12:47:16 : Group: Jose Luis: este mrk si se demora maldita sea una hora aia metido
12:52:47 : Group: santiago: ud me cojio la motosierra de la caseta esa
12:52:51 : Group: santiago: ???
12:52:53 : Group: Jose Luis: no yo tengo la mia
12:53:00 : Group: santiago: ok
12:53:05 : Group: Jose Luis: yo de lo suyo no agarre nada
12:53:08 : Group: Jose Luis: solo mi plot
12:57:10 : Group: Jose Luis: hasta cuando pues viejito primero me voy a que usted llegue
12:57:39 : Group: santiago: pa donde?
12:57:52 : Group: Jose Luis: una videollamada con una hembrita
12:57:59 : Group: santiago: aaaa
12:58:12 : Group: Jose Luis: si no suelta nada vuelvo al juego es de inmediato
12:58:46 : Group: santiago: ok
13:27:45 : Group: Jose Luis: pelaez
13:28:00 : Group: santiago: QUE PASA PANA
13:28:11 : Group: Jose Luis: aun no viene?
13:33:51 : Group: santiago: PARA DONDE VA
13:33:56 : Group: santiago: ???
13:33:59 : Group: Jose Luis: a la tienda por otro plot
13:34:06 : Group: santiago: POR Q
13:34:18 : Group: Jose Luis: mi base es enorme necesito al menos 3 o 4 y solo tengo 2
13:36:06 : Group: santiago: UY OJO QUE ESE ES EL PUEBLO CALIENTE
13:36:19 : Group: Jose Luis: paso en pura
13:38:08 : Group: santiago: YO VOY PA LA BASE
13:38:14 : Group: Jose Luis: espere y vamos juntos
13:38:19 : Group: Jose Luis: vamos a tienda de nuevow
13:38:52 : Group: santiago: OK
13:44:40 : Group: Jose Luis: necesito 2.000 monedas maldita sea
13:51:59 : Group: Jose Luis: vamos a base
13:52:17 : Group: santiago: LO ESTOY ESPERANDO EN LA ESTACION
13:56:12 : Group: Jose Luis: me dirijo a punto
13:56:23 : Group: santiago: r
13:56:28 : Group: santiago: R
13:57:18 : Group: Jose Luis: vamos peluche
13:59:58 : Group: Jose Luis: que tal ps
14:00:19 : Group: santiago: PARESE UNA FINCA AAJAJA
14:00:39 : Group: Jose Luis: ya ve pana le he es camellado durisimo a esto
14:00:53 : Group: santiago: MERO PLAN ENTRE UN BOSQUE BUENA ESA
14:01:37 : Group: santiago: Y MI BASE
14:01:42 : Group: Jose Luis: esta atras 
14:02:50 : Group: santiago: DONDE
14:03:04 : Group: Jose Luis: donde la estabas haciendo vaya derecho y vera
14:03:11 : Group: Jose Luis: compro el tin para hacerle la llave?
14:03:21 : Group: santiago: SI
14:03:29 : Group: santiago: PORFAVOR
14:03:34 : Group: Jose Luis: pase a ver
14:04:14 : Group: Jose Luis: pero dejelas en la caseta para que no se pierda
14:05:32 : Group: santiago: LISTO
14:06:02 : Group: Jose Luis: y la barra de tin?
14:06:59 : Group: Jose Luis: donde dejo la barra
14:07:18 : Group: santiago: Q
14:07:31 : Group: Jose Luis: la barra de tin que le pedi
14:07:33 : Group: Jose Luis: para hacer la llave
14:07:51 : Group: santiago: LA PALANCA ES LA MISMA PARA HACEER LAS TABLAS
14:08:09 : Group: Jose Luis: necesito una tinbar
14:08:28 : Group: Jose Luis: -para sacar el duplicado de la llave
14:08:41 : Group: santiago: A NO ESO NO SE QUE ES NO LO TENGO 
14:08:50 : Group: Jose Luis: pero si te dije que lo compraras xD
14:08:54 : Group: santiago: UD NO LO TENIA PS
14:09:03 : Group: Jose Luis: te dije compra la tin bar
14:09:23 : Group: santiago: A NO UD ES UNA PECUECA 
14:09:34 : Group: Jose Luis: yo tengo la herramienta para hacer las llaves pero cada vez que necesitas una llavetienes que tener con que hacerla
14:09:35 : Group: santiago: EN NINGUNA PARTE VI ESO
14:09:38 : Group: Jose Luis: osea tinbar
14:09:43 : Group: Jose Luis: se lo escribi 2 veces weba 
14:09:49 : Group: Jose Luis: por andar fumado no leyo
14:09:53 : Group: Jose Luis: la vende el que vende el oro
14:10:06 : Group: santiago: AAAA
14:10:21 : Group: santiago: A CON RAZON YO POR ALLA NO PASE
14:10:57 : Group: Jose Luis: anda y en un momentico le tengo la llave
14:11:19 : Group: santiago: ESO Y ME MUESTRA DONDE ESTA MI BASE
14:11:30 : Group: santiago: Q SE ME OLVIDO
14:11:36 : Group: Jose Luis: esta justo atras de esta loco
14:12:25 : Group: Jose Luis: andate por lap ared que falta donde estan los carros derecho y la encontras
14:14:00 : Group: santiago: NADA
14:14:06 : Group: santiago: LLEVAME
14:14:15 : Group: Jose Luis: veni ps
14:14:52 : Group: santiago: R
14:22:23 : Group: Jose Luis: tengo que hacer al menos unos 140 de plywood para tapar esta joda
14:26:36 : Group: Jose Luis: que haces
14:27:11 : Group: santiago: ADELANTAR HASTA QUE LE DE POR IR A LA TIENDA
14:27:25 : Group: Jose Luis: le de a quien
14:27:41 : Group: santiago: A UD POR IR
14:28:02 : Group: Jose Luis: jajajaa no ahora no voy a tienda tengo que dejar encerrado esto antes de irme a voltear con mi novia
14:28:15 : Group: santiago: CUANTO AHI Q PONER APL ELICOPTERO PAL EQUIPO
14:28:42 : Group: Jose Luis: yo ya paso de helicopteros por ahora siempre se dañan chimbamente
14:28:46 : Group: santiago: VOY CONLA MITAD
14:29:10 : Group: santiago: POR Q ES SOLO PARA IR Y VOLVER 
14:29:17 : Group: santiago: UD LO PILOTEA
14:29:36 : Group: Jose Luis: quiza luego 
14:29:48 : Group: Jose Luis: ahora solo piens oen un mini helicoptero
14:30:33 : Group: santiago: CUANTO CUESTA EL BLACK HAHK
14:30:42 : Group: Jose Luis: uy no se creo que 130
14:31:14 : Group: santiago: VOY CON 65.000
14:31:32 : Group: Jose Luis: tenes un millon y vas con 65 no jodas xD
14:31:38 : Group: Jose Luis: yo ahora no compro helicopteros pana 
14:31:39 : Group: Jose Luis: jajaja
14:33:15 : Group: Jose Luis: yo hasta que no termine la casa no le meto a otra cosa ya me gaste 300.000 solo en plots
14:40:50 : Group: Jose Luis: que camello tan hpta
14:43:43 : Group: santiago: ME PODES DAR UNA PUERTA
14:43:53 : Group: santiago: ???
14:43:59 : Group: Jose Luis: ahora te la hago
14:52:26 : Group: Jose Luis: santiago 
14:52:42 : Group: Jose Luis: tenes los materiales para la puerta o que es que necesitas
14:57:11 : Group: santiago: CUANDO PUEDA PUES ANTES DE SE VALLA ME LA GURDA ACA EN MI BODEGA
14:57:22 : Group: Jose Luis: pero tenes materiales o no
15:21:59 : Group: Jose Luis: epa hpta volvi
15:22:57 : Group: Jose Luis: admin
15:25:04 : Group: Jose Luis: ya me sabe a mierda encerrar esta finca
15:44:55 : Group: Jose Luis: santiago malparido hpta
15:49:11 : Group: santiago: QUE FUE LÑO Q PASO
15:49:44 : Group: santiago: DONDE ESTABAS
15:51:16 : Group: santiago: NO NO
15:53:00 : Group: santiago: R
15:53:05 : Group: santiago: DESPASIO
15:53:41 : Group: Jose Luis: quien putas fue ome estoy ofendido fue a cortar el palo y tenga 3 tiros 
15:54:05 : Group: santiago: DE M4
15:54:14 : Group: Jose Luis: ni idea
15:54:34 : Group: Jose Luis: seguro que no fue usted?
15:54:36 : Group: santiago: A NO TENGO DE LA Q G36C
15:54:48 : Group: santiago: NO PANA
15:54:57 : Group: Jose Luis: no necesito balas tranquilo necesito es matar al hp q me mato
15:55:52 : Group: Jose Luis: voy a disparar para llamar la atencion ojo
15:55:58 : Group: santiago: NONO
15:56:07 : Group: Jose Luis: no los veo mrk
15:56:11 : Group: Jose Luis: no entiendo que fue
15:56:41 : Group: santiago: VAMOS RECONOSER EL AREA UNOS 300 MTS A LA REDONDA
15:56:52 : Group: Jose Luis: agachados?
15:57:15 : Group: santiago: NO EN ARBOL EN ARBOL
15:57:30 : Group: santiago: DE DONDE CRE Q VINO
15:57:39 : Group: Jose Luis: cual arbol viejo
15:59:00 : Group: santiago: AHI UNA CASA AL NOR OESTE 
15:59:11 : Group: santiago: A UNOS 300 MTS
15:59:11 : Group: Jose Luis: si la bomba de combustible
15:59:32 : Group: santiago: AFRIMATIVO
16:00:37 : Group: santiago: DE DONDE CREE Q VINO EL DISPARO
16:00:39 : Group: Jose Luis: no entiendo que fue pana
16:00:50 : Group: Jose Luis: ni idea solo escuche el disparo y pal piso
16:01:03 : Group: Jose Luis: por eso dije que fue usted xD
16:01:42 : Group: santiago: UY NO DIGA eso 
16:01:51 : Group: Jose Luis: no pana voy a intentar seguir talando
16:01:58 : Group: Jose Luis: busque escondedero
16:01:59 : Group: santiago: VOY ALMORZAR LO VOY ADEJAR MI PUNTO ALTO
16:22:43 : Group: santiago: VOLVI
16:22:50 : Group: santiago: COMO VA LA VUELTA
16:30:29 : Group: santiago: HELICOPTERO
16:30:33 : Group: santiago: ??????????
16:30:39 : Group: Jose Luis: uy pilas
16:30:49 : Group: Jose Luis: me estaba durmiendo haciendo click
16:37:07 : Group: santiago: HELICOPTERO
16:37:10 : Group: santiago: OJO
16:37:22 : Group: Jose Luis: esos son soldados de ronda yo creo
16:37:41 : Group: santiago: PEOR CON PUNTERIA AUTOMATICA
16:37:54 : Group: Jose Luis: exactos esos hijos de puta no fallan una
16:46:22 : Group: santiago: Q PASA
16:46:25 : Group: santiago: ????
16:46:35 : Group: Jose Luis: de q o q
16:46:48 : Group: santiago: OI DISPAROS
16:46:54 : Group: Jose Luis: uy yo no fui
16:47:31 : Group: santiago: COMO Q NO
16:47:43 : Group: Jose Luis: no escuche nada
16:48:10 : Group: santiago: FUERON VARIOS
16:48:54 : Group: Jose Luis: no nada no se
16:49:33 : Group: santiago: PA MI Q VENINAN DE LA ESTACION
16:49:46 : Group: Jose Luis: espere pongo las paredes y vamos a investigar
16:53:03 : Group: Jose Luis: necesito un candado prestame uno que cuando lleguemos a tienda te lo pago
16:53:40 : Group: santiago: CUANTO
16:53:54 : Group: Jose Luis: no tenes un candado a la mano?
16:55:25 : Group: Jose Luis: veni a mi base corriendo santiago
16:56:39 : Group: Jose Luis: santiago
16:57:32 : Group: Jose Luis: santiago hpta veniii
16:57:44 : Group: santiago: QUE PASO
16:57:52 : Group: santiago: VOY ARMADO??
16:57:56 : Group: Jose Luis: veni vamos a tienda y nos armamos
16:58:01 : Group: Jose Luis: si traiga el rifle
16:58:14 : Group: Jose Luis: venga en el carro que yo le abro la puerta del carage
16:58:16 : Group: Jose Luis: garage
16:58:18 : Group: santiago: SNIPER O FUSIL?
16:58:24 : Group: Jose Luis: fusil
16:58:33 : Group: santiago: R
16:58:41 : Group: santiago: 3 MIN
16:59:57 : Group: santiago: MAS BN VAMOS EN EL SUYO
17:00:05 : Group: santiago: YO DEJO EL MIO ACA 
17:00:10 : Group: Jose Luis: uy hpta no puedo sacar el camion por la puerta
17:00:15 : Group: santiago: CON LA LLAVE EN LA BODEGA
17:00:22 : Group: Jose Luis: venga ps a pie le dejo el garage abierto
17:00:31 : Group: Jose Luis: lo cierra
17:01:23 : Group: santiago: CUANTO LE PRESTO
17:01:26 : Group: santiago: ???
17:01:29 : Group: Jose Luis: no necesito plata
17:01:37 : Group: Jose Luis: vamos compramos un candado y matamos esos hps
17:02:00 : Group: santiago: R
17:02:10 : Group: Jose Luis: cerras el garage
17:03:18 : Group: Jose Luis: el camion no sale jajaja
17:03:27 : Group: Jose Luis: pere voy por la camioneta
17:03:40 : Group: Jose Luis: permiso mrk que lo mato
17:03:53 : Group: santiago: LE TOCO TUMBAR UAN PUETA Y HACERLO MAS GRANDE
17:11:46 : Group: Jose Luis: queres un revolver?
17:19:00 : Group: santiago: DONDE ESTA EL TIMBAR
17:19:12 : Group: Jose Luis: donde el señor que estaba yo ahora comprando
17:20:04 : Group: santiago: NO LO VEO
17:20:10 : Group: Jose Luis: dice tin
17:20:17 : Group: santiago: SI
17:20:25 : Group: Jose Luis: ese es
17:20:30 : Group: santiago: CUANTOS
17:20:36 : Group: Jose Luis: compre 2
17:22:59 : Group: santiago: POZO?
17:23:14 : Group: santiago: COMO Q POZO
17:23:18 : Group: Jose Luis: fuente de agua pa no tener que venir a base por agua
17:23:37 : Group: santiago: NADA COMO SE HACE PS
17:23:44 : Group: Jose Luis: re complicado
17:23:57 : Group: santiago: SE COPRA
17:24:11 : Group: santiago: SE COMPRA?
17:24:17 : Group: Jose Luis: no
17:24:54 : Group: santiago: NOS DISPARARON
17:25:12 : Group: Jose Luis: tas paranoico pana
17:26:28 : Group: Jose Luis: nos jodimos
17:26:49 : Group: santiago: QUE PASO
17:27:11 : Group: Jose Luis: ya
17:27:21 : Group: santiago: UY NE PISOOO
17:27:36 : Group: Jose Luis: tenes bloodpack?
17:27:58 : Group: Jose Luis: te la dejo ahi en el suelo
17:28:14 : Group: Jose Luis: hacete la transfusion
17:30:39 : Group: santiago: LE VOY A TRER LOS MATERIALES Y LA LLAVE O COMO ES PUES
17:30:50 : Group: Jose Luis: traiga la llave y el tin
17:30:58 : Group: Jose Luis: y los pone en la bodega
17:33:24 : Group: Jose Luis: listo anda ponelas en la bodega
17:35:48 : Group: Jose Luis: ya
17:36:56 : Group: Jose Luis: agarre las dos pana xD
17:37:05 : Group: Jose Luis: una en la maleta y la otra en las herramientas
17:37:20 : Group: santiago: R
17:37:24 : Group: santiago: GRACIAS
17:37:30 : Group: Jose Luis: de nada viejo
17:38:01 : Group: santiago: ACUERDESE PS DE LA PUERTICA YO QUIEO HACER UNA CASA EN EL ARBOL COMO LA Q VI EN YOUTUVE
17:38:22 : Group: Jose Luis: puerta de personas o de carros
17:38:36 : Group: santiago: CAUL ES LA CLAVE
17:38:44 : Group: santiago: DOS Y DOS SI PUEDE
17:39:02 : Group: santiago: PANA Y ESTAS PAREDES TAN DRANDES Q
17:39:09 : Group: santiago: YO COMO HAGO ESAS
17:39:15 : Group: Jose Luis: son 3 paredes juntas 
17:39:22 : Group: Jose Luis: cuando las tengas juntas las tres 
17:39:23 : Group: santiago: R
17:39:35 : Group: Jose Luis: pones un ply y tablas y listo queda la largue
17:40:56 : Group: santiago: LA LLAVE LA PUEDO GUASDAR EN EL LOKER
17:41:10 : Group: Jose Luis: si pero ese loker no es seguro para nada para eso son las cajas fuertes y demas
17:41:29 : Group: Jose Luis: si algun sobreviviente encuentra ese casillero de materiales puede robar todo lo que tenga
17:45:07 : Group: Jose Luis: bueno pana lo dejo
