02:12:13 : Group: Leodagos: hola?
02:12:22 : Group: Braian |Aspirante|: hola
02:12:27 : Group: Braian |Aspirante|: no se
02:17:09 : Group: Leodagos: kporali
03:23:44 : Group: Leodagos: camping tent
03:23:47 : Group: Leodagos: son carpas
03:23:49 : Group: Leodagos: verdes
03:23:51 : Group: Leodagos: bastantes
06:35:04 : Group: Leodagos: che si subis traes unas sandbags q me olvide ?
06:35:08 : Group: Leodagos: bolsas d arena
06:35:12 : Group: Leodagos: xfa
06:36:15 : Group: Leodagos: naa tanto no
06:36:18 : Group: Leodagos: necesito 2 noas
06:36:20 : Group: Leodagos: nomas
06:37:12 : Group: Leodagos: q ¿
06:38:07 : Group: Leodagos: me trajiste
06:38:09 : Group: Leodagos: tank trap
06:42:44 : Group: Leodagos: nada
06:43:51 : Group: Leodagos: para hacer eso
06:44:02 : Group: Leodagos: hay q hacer como un cuarto arriba
06:47:57 : Group: Leodagos: que lastima q no se pueden girar las cosas 
06:48:05 : Group: Leodagos: 90º
06:48:41 : Group: Leodagos: xq sino poniamos una puerta con candado en el techo
06:50:57 : Group: Leodagos: ahora voy
06:53:32 : Group: Leodagos: no pongas nada esperame
06:53:41 : Group: Leodagos: voy a hacer la escalera asi vemos donde la ponemos
06:55:09 : Group: Leodagos: q falta ?
06:55:35 : Group: Leodagos: puerta de madera ?
06:56:00 : Group: Leodagos: y q llevo
06:56:15 : Group: Leodagos: q te pide para actualizar la puerta ?
06:56:19 : Group: Leodagos: 3 pole 3 tank ?
06:56:21 : Group: Braian |Aspirante|: una pueta, una escalera y un candado
06:56:58 : Group: Braian |Aspirante|: creo que se
06:58:26 : Group: Leodagos: la hacemos al medio ?
07:01:23 : Group: Leodagos: y dsp ?
07:02:30 : Group: Leodagos: q se abra para afuera o para adentro ?
07:03:28 : Group: Leodagos: che ni ahi tenes para hacer otra no ?
07:03:34 : Group: Leodagos: deja ya fue
07:03:47 : Group: Leodagos: decia poner la escalera aca masomenos
07:03:53 : Group: Leodagos: y hacer este cuadrado
07:04:22 : Group: Leodagos: si pero yo digo correr la escalera aca
07:04:27 : Group: Leodagos: donde estoy parado
07:04:59 : Group: Leodagos: y la pared de costado va a quedar horrible
07:05:11 : Group: Leodagos: no te entiendo
07:05:31 : Group: Leodagos: para no la pongas
07:06:06 : Group: Leodagos: si pero fijate q estamos
07:06:10 : Group: Leodagos: cagando mucho espacio
07:06:17 : Group: Leodagos: si hacemos el cuadrado en este
07:06:26 : Group: Leodagos: no sirve ahi
07:06:32 : Group: Leodagos: aca yo decia
07:06:41 : Group: Leodagos: la escalera entendes ?
07:06:46 : Group: Leodagos: la escalera !!
07:06:48 : Group: Leodagos: no la pared
07:06:53 : Group: Leodagos: pelotudo
07:06:56 : Group: Leodagos: xD
07:07:03 : Group: Leodagos: tenes para hacer otra puerta ?
07:07:14 : Group: Leodagos: si
07:07:16 : Group: Leodagos: tenes ?
07:07:31 : Group: Leodagos: voy a hacer otra escalera
07:07:57 : Group: Leodagos: te explique recien
07:08:01 : Group: Leodagos: pajero
07:08:14 : Group: Leodagos: ahora te voy a mostrar
07:08:17 : Group: Leodagos: voy a hacer otra puerta
07:09:39 : Group: Leodagos: si una puerta igual q la q isiste
07:09:52 : Group: Leodagos: sabes cual te digo ?
07:12:12 : Group: Leodagos: remove la puerta
07:12:15 : Group: Leodagos: x eso te ise hacer otra
07:16:31 : Group: Leodagos: x lo menos asi algo podemos dejar ya
07:16:56 : Group: Leodagos: 118 contraseña
07:19:14 : Group: Leodagos: donde estas
07:19:43 : Group: Leodagos: estoy bajando
07:19:44 : Group: Braian |Aspirante|: toy abajo
07:19:52 : Group: Braian |Aspirante|: dale
07:20:49 : Group: Leodagos: como ?
07:21:00 : Group: Leodagos: dale ahora vamos
07:22:42 : Group: Leodagos: estoy buscando algo boludito
07:25:23 : Group: Leodagos: hay q cerrar
07:25:27 : Group: Leodagos: el cuartito
07:25:43 : Group: Braian |Aspirante|: SI MERO NO TENGO MATERIALES JE
07:25:56 : Group: Leodagos: voy a traerme la suv camo
07:26:37 : Group: Braian |Aspirante|: oka yo voy a comodar algunas cosas de ultima te traes algunas cosas dentro de la suv
07:26:49 : Group: Leodagos: ok
07:33:46 : Group: Leodagos: q ?
07:33:54 : Group: Leodagos: no
07:33:57 : Group: Leodagos: depsues la llevo
07:34:01 : Group: Leodagos: para q
07:34:15 : Group: Leodagos: no te entendi nada lo q decis
07:34:19 : Group: Leodagos: escribime mejor
07:34:34 : Group: Leodagos: hablas muy rapido y no se enteinde nada
07:34:55 : Group: Leodagos: nono 
07:35:00 : Group: Braian |Aspirante|: JAJA
07:35:07 : Group: Leodagos: no me anda bien desde steam
07:35:42 : Group: Braian |Aspirante|: te decia de los otros veiculos, los rompo o guardo las llaves todas en una loker
07:35:58 : Group: Leodagos: yy yo diria q te fijes si los vas a usar o no
07:36:12 : Group: Leodagos: si ves q no los vas a usar vacialos y vendelos o hacelos mierda
07:36:26 : Group: Leodagos: yo con un heli , 2 camiones y una suv estoy bien
07:36:26 : Group: Braian |Aspirante|: mierda xD
07:36:32 : Group: Leodagos: mas los armados q tenemos
07:36:47 : Group: Braian |Aspirante|: si ya es mucho
07:36:53 : Group: Leodagos: los camiones los uso para guardar , la suv para moverme rapido y los heli para comprar y explorar
07:36:56 : Group: Braian |Aspirante|: hasta que seamos mas
07:37:06 : Group: Leodagos: .
07:37:11 : Group: Leodagos: dejalos aca
07:37:17 : Group: Leodagos: total esta base no nos cobran dinero
07:37:23 : Group: Leodagos: vamos a tenerla tambien como deposito
07:37:41 : Group: Braian |Aspirante|: si dejo una suv y un camion
07:37:49 : Group: Leodagos: ok
07:37:54 : Group: Braian |Aspirante|: el resto chau
07:37:54 : Group: Leodagos: llevo algunas cosas para alla
07:38:07 : Group: Leodagos: vos tenes para un rato mas aca en la base ?
07:38:24 : Group: Braian |Aspirante|: si anda llendo 
07:38:39 : Group: Leodagos: tenes para actualizar una ciner ?
07:38:39 : Group: Braian |Aspirante|: yo te acomodo la suv despues papa jaja
07:38:55 : Group: Leodagos: necesito levantar una pared
07:38:56 : Group: Braian |Aspirante|: si creo que ahi aca en la base
07:39:50 : Group: Leodagos: no , no hay bueno no importa
07:40:04 : Group: Braian |Aspirante|: si ves comida llevala
07:40:17 : Group: Leodagos: estoy cargado hasta las pelotas
07:40:32 : Group: Braian |Aspirante|: LA SAFE 2 CUAL ES 
07:42:57 : Group: Braian |Aspirante|: esta suv esta llena de cosas y de playa --
07:45:31 : Group: Braian |Aspirante|: ahi una safe la 2 creo que no me da
07:47:56 : Group: Braian |Aspirante|: la 2 era 47 algo no 
07:56:46 : Group: Leodagos: si tenemos balas de m240 trae 
07:56:54 : Group: Leodagos: asi dejamos aca algunas
07:57:15 : Group: Leodagos: solo me falta actualizar la pared de atras del cuarto y listo
07:57:34 : Group: Braian |Aspirante|: oka igual tengo un camion lleno de armas voy para la trader o me pasas a buscar y vamos pa la trader
07:58:17 : Group: Leodagos: ahora te voy a buscar dame un toqe q estoy acomodando unas cosas
08:01:07 : Group: Leodagos: llendo
08:01:15 : Group: Braian |Aspirante|: ok
08:02:07 : Group: Braian |Aspirante|: ok
08:04:15 : Group: Leodagos: subi
08:04:30 : Group: Braian |Aspirante|: ese
08:06:04 : Group: Braian |Aspirante|: dentro del heli te deje la m249 y el unico carg, pero igual puedo comprar 
08:06:24 : Group: Leodagos: m240 ese es m249 jaja
08:06:42 : Group: Braian |Aspirante|: por eso es la potente que encontre jajaj
08:06:54 : Group: Leodagos: pero nose si dispara con esa
08:07:15 : Group: Braian |Aspirante|: igual, despues ahi que ver jaja
08:08:04 : Group: Leodagos: habria que llevar 
08:08:10 : Group: Leodagos: cinder block
08:08:16 : Group: Leodagos: x cualquier cosa q queramos hacer
08:09:10 : Group: Leodagos: ya vuelvo
08:09:12 : Group: Braian |Aspirante|: ahora yo vengo todo y compro y te llamo
08:09:20 : Group: Leodagos: voy a cargarle nafta
08:09:25 : Group: Leodagos: hay q conseguir una bomba
08:09:28 : Group: Leodagos: de nafta
08:10:05 : Group: Braian |Aspirante|: ok
08:10:17 : Group: Braian |Aspirante|: queres que lo compre y lo llevas ?
08:10:23 : Group: Leodagos: venden ?
08:10:42 : Group: Braian |Aspirante|: un camion de nafta ? se
08:10:49 : Group: Leodagos: no la bomba
08:11:21 : Group: Braian |Aspirante|: mm me mataste 
08:12:41 : Group: Leodagos: podriamos lelvar un camion de nafta y tenerlo afuera para repostar
08:13:06 : Group: Leodagos: voy a comprar uno
08:13:06 : Group: Braian |Aspirante|: calro por eso para los heli
08:13:15 : Group: Braian |Aspirante|: que sea lindo jaja
08:15:19 : Group: Leodagos: el camuflado compre
08:15:42 : Group: Braian |Aspirante|: piola, che mira en el camion aver si queres alguna arma 
08:16:04 : Group: Leodagos: correte
08:16:48 : Group: Leodagos: no
08:18:40 : Group: Braian |Aspirante|: no estava que paso
08:18:50 : Group: Leodagos: no quiero ninguna
08:18:53 : Group: Leodagos: vendelas
08:19:00 : Group: Braian |Aspirante|: ok
08:27:57 : Group: Braian |Aspirante|: che traes el camion de la base o cargo este y despues destruimos ?
08:28:22 : Group: Leodagos: dejalo con la llave adentro x ahi
08:28:32 : Group: Leodagos: par aalguno q lo encuentr
08:29:17 : Group: Braian |Aspirante|: ajja oka pero los materiales que ahi que comprar te traes el camion ?
08:29:43 : Group: Leodagos: usa ese q tenes bola
08:29:47 : Group: Leodagos: antes de irnos lo dejamos x ahi
08:30:00 : Group: Braian |Aspirante|: ahhddd okokok
08:30:13 : Group: Leodagos: cuarto cerrado
08:30:34 : Group: Braian |Aspirante|: ok
08:32:08 : Group: Leodagos: q necesitas q haga
08:32:38 : Group: Braian |Aspirante|: ahi que espandir el techo ?
08:32:46 : Group: Leodagos: x ahora no
08:32:58 : Group: Braian |Aspirante|: oka
08:33:29 : Group: Leodagos: ahora solo habria q juntar comida , cosas medicas , balas q usamos y hacer la parte de plantacion y ya estariamos full 
08:33:37 : Group: Leodagos: en la otra etapa podemos ayudar o matar jugadores
08:34:02 : Group: Braian |Aspirante|: oka
08:38:06 : Group: Braian |Aspirante|: madera, alambre ?
08:38:17 : Group: Leodagos: madera
08:38:31 : Group: Leodagos: y x las dudas traete unos pares de suply crate de scrap metal
08:38:36 : Group: Leodagos: x ahi nos pide 
08:38:44 : Group: Leodagos: cuando hagamos los cultivos
08:38:59 : Group: Braian |Aspirante|: dale
08:40:51 : Group: Leodagos: VENDAS
08:41:13 : Group: Braian |Aspirante|: oka
08:53:42 : Group: Braian |Aspirante|: jaja
08:54:06 : Group: Leodagos: xq no vendiste esas armas ?
08:54:24 : Group: Braian |Aspirante|: no las podia vender lp
08:56:37 : Group: Leodagos: queda poco espacio
08:56:56 : Group: Braian |Aspirante|: abri tu camion
08:58:59 : Group: Leodagos: las armas q estan ahi son todas una garcha
08:59:01 : Group: Leodagos: ni las traigas
09:08:02 : Group: Braian |Aspirante|: como se lansa granada ?
09:08:23 : Group: Leodagos: tenes q tocar la F  hasta q se ponga la granada
09:08:26 : Group: Leodagos: arriba ala derecha
09:08:35 : Group: Leodagos: y despues mantener el click para la distancia y soltar
09:08:57 : Group: Braian |Aspirante|: como pega 
09:09:01 : Group: Braian |Aspirante|: jaja
09:09:05 : Group: Leodagos: jaja
09:09:39 : Group: Braian |Aspirante|: y eso que hago ?
09:09:58 : Group: Braian |Aspirante|: donde lo dejo ?
09:10:07 : Group: Leodagos: dejale la llave adentro
09:10:11 : Group: Leodagos: y prestamelo
09:10:42 : Group: Leodagos: aca ya no entra mas nada
09:10:42 : Group: Braian |Aspirante|: ajja
09:11:14 : Group: Braian |Aspirante|: jajja
09:12:44 : Group: Braian |Aspirante|: eh yo estaba tirando ..
09:14:20 : Group: Braian |Aspirante|: lagero jaja
09:15:32 : Group: Braian |Aspirante|: jaja
09:15:44 : Group: Braian |Aspirante|: tranquilo
09:16:38 : Group: Braian |Aspirante|: que estoy to loco
09:18:37 : Group: Braian |Aspirante|: aguataaaa
09:18:49 : Group: Leodagos: cuidado q tiene poco espacio
09:18:52 : Group: Leodagos: la gunrack
09:19:06 : Group: Leodagos: `la puse para poder sacar armas si hay tiroteo
09:19:11 : Group: Braian |Aspirante|: se
09:20:49 : Group: Leodagos: t digo q tner este heli aca arriba es como tener una ametralladora
09:21:00 : Group: Braian |Aspirante|: jaja se
09:21:44 : Group: Braian |Aspirante|: hace mucho que no manejo un heli y avion je
09:22:49 : Group: Leodagos: quedo piola no ?
09:22:54 : Group: Braian |Aspirante|: se
09:23:41 : Group: Braian |Aspirante|: yo traje alambre que lo deje abajo
09:23:50 : Group: Leodagos: ya recubri todo de alambre
09:23:54 : Group: Braian |Aspirante|: porrrr las dudas
09:24:06 : Group: Leodagos: buenisimo
09:26:07 : Group: Braian |Aspirante|: mepa que me compro un heli para practicar jaja
09:26:19 : Group: Leodagos: jaja
09:29:53 : Group: Leodagos: mepa q me voy a dormir che
09:30:18 : Group: Braian |Aspirante|: oka 
09:30:56 : Group: Leodagos: despues voy a entrar a diseñar 
09:31:01 : Group: Leodagos: lo de la plantacion
09:31:09 : Group: Leodagos: pero sino la plantacion la podemos tner en la otra base
09:31:11 : Group: Leodagos: q se yo
09:31:36 : Group: Leodagos: adentro de esa base llenamos de plantaciones y listo
09:31:39 : Group: Braian |Aspirante|: puede ser. avia que ver
09:31:53 : Group: Leodagos: bueno me voy , mas tarde entro
09:32:12 : Group: Braian |Aspirante|: ok
09:32:41 : Group: Braian |Aspirante|: wtf
09:33:29 : Group: Braian |Aspirante|: lol
09:33:54 : Group: Braian |Aspirante|: tenias racion
09:34:11 : Group: Leodagos: q cosa
09:34:28 : Group: Braian |Aspirante|: jajja que tenias racon jaja
09:34:44 : Group: Braian |Aspirante|: jajaja
09:34:59 : Group: Braian |Aspirante|: no me sale la palabra por que mierda put. juego
09:35:57 : Group: Braian |Aspirante|: vamos a ver como ando con la conducuion de helis jaja
09:36:53 : Group: Braian |Aspirante|: como agarro el cuat con el heli
09:37:21 : Group: Leodagos: tenes q dejarlo abierto el cuatri , te acercas con el heli y aparece lift object
09:37:25 : Group: Leodagos: le das click y lo agarra
09:37:43 : Group: Leodagos: y despues cuando llegas a destino te acercas al piso y pones DROP OBJECT y lo suelta
09:37:59 : Group: Braian |Aspirante|: ah oka
09:39:57 : Group: Leodagos: intentemos cuidar este de 1 millon
09:43:16 : Group: Braian |Aspirante|: aver ajja
09:43:23 : Group: Leodagos: ya vuelvo
09:43:29 : Group: Braian |Aspirante|: ok
09:45:34 : Group: Braian |Aspirante|: laggg de fps
09:46:28 : Group: Braian |Aspirante|: jaja
09:47:29 : Group: Braian |Aspirante|: listo jajaj
09:47:57 : Group: Braian |Aspirante|: uh casi me mato jaja
09:48:03 : Group: Leodagos: jaja
09:48:11 : Group: Braian |Aspirante|: jaja
09:48:37 : Group: Braian |Aspirante|:  ta bueno esta parte 
09:50:47 : Group: Braian |Aspirante|: ahi ta mejor jaja
14:57:14 : Group: Jej0x |Aspirante|: 9578
16:17:07 : Group: [WG] SnakeGeneral: Wood Shack
21:20:51 : Group: Leodagos: escribime mejor
21:21:00 : Group: Jej0x |Aspirante|: dale 
21:21:05 : Group: Jej0x |Aspirante|: podes aterrizar en el techo
21:21:05 : Group: Leodagos: xq no te entiendo una verga
21:21:10 : Group: Leodagos: estoy en bici
21:21:10 : Group: Jej0x |Aspirante|: fijate si te entra el heli
21:21:11 : Group: Leodagos: xD
21:21:15 : Group: Jej0x |Aspirante|: ah ok
21:21:21 : Group: Jej0x |Aspirante|: ahi bajo a abrirte
21:21:31 : Group: Jej0x |Aspirante|: los vehiculos se los lleva a su base nueva pero yo me quedo con todo
21:21:56 : Group: Leodagos: tenes guita ?
21:22:09 : Group: Jej0x |Aspirante|: se que queres?
21:22:20 : Group: Leodagos: sino te ayudaba a hgacer
21:22:36 : Group: Jej0x |Aspirante|: no tenog que hacer nada
21:22:40 : Group: Leodagos: vendemos marihuana o hacemos alguna mision 
21:22:51 : Group: Jej0x |Aspirante|: dalle
21:22:53 : Group: Jej0x |Aspirante|: entra
21:23:03 : Group: Leodagos: jaja
21:23:10 : Group: Leodagos: aa mira q cheta
21:23:23 : Group: Jej0x |Aspirante|: el ultimo piso fue invento mio
21:23:29 : Group: Leodagos: trae el pole y ponelo aca boludo
21:23:39 : Group: Jej0x |Aspirante|: cando escuchas a alguien lo cagas a tiros por las puertas
21:23:45 : Group: Jej0x |Aspirante|: despues al pole le voy  ahacer una casita
21:23:49 : Group: Leodagos: aa ok
21:23:53 : Group: Leodagos: sii hacele algo con candado
21:23:55 : Group: Leodagos: urgente
21:23:57 : Group: Jej0x |Aspirante|: mira esto
21:24:05 : Group: Jej0x |Aspirante|: la casa de las puertas
21:24:05 : Group: Leodagos: re agitador
21:24:18 : Group: Leodagos: te convenia q se habran para afuera
21:24:23 : Group: Jej0x |Aspirante|: es lo mismo
21:24:47 : Group: Leodagos: listo para el combate
21:24:48 : Group: Jej0x |Aspirante|: erra gil
21:24:50 : Group: Leodagos: buenisimo
21:24:51 : Group: Jej0x |Aspirante|: no me las abras
21:25:12 : Group: Jej0x |Aspirante|: le iba a hacer techo
21:25:13 : Group: Leodagos: muy buena 
21:25:17 : Group: Jej0x |Aspirante|: pero estoy casi en el limite de items
21:25:28 : Group: Leodagos: xq ?
21:25:37 : Group: Jej0x |Aspirante|: 100 de items tengo
21:25:39 : Group: Jej0x |Aspirante|: en el pole
21:25:42 : Group: Jej0x |Aspirante|: el limite es 150
21:25:50 : Group: Leodagos: aah uu
21:25:56 : Group: Jej0x |Aspirante|: cuando bad se lleov su camion y el vodnik
21:25:56 : Group: Leodagos: bueno sino lo q flashe
21:26:00 : Group: Jej0x |Aspirante|: le hago la casita al pole
21:26:02 : Group: Leodagos: es esto
21:26:08 : Group: Leodagos: viste q cada pole
21:26:10 : Group: Leodagos: son 30m
21:26:12 : Group: Jej0x |Aspirante|: se
21:26:18 : Group: Jej0x |Aspirante|: 30 para cada lado
21:26:20 : Group: Leodagos: justo donde termina el 30 pones otro
21:26:22 : Group: Leodagos: claro
21:26:26 : Group: Leodagos: entonces haces la base
21:26:31 : Group: Leodagos: teniendo en cuenta eso
21:26:33 : Group: Jej0x |Aspirante|: se pero no se juntan
21:26:34 : Group: Leodagos: y tens mas de 150
21:26:42 : Group: Leodagos: pero si vos haces un puente
21:26:42 : Group: Jej0x |Aspirante|: no se juntan
21:26:53 : Group: Leodagos: tendria q llegar
21:26:53 : Group: Jej0x |Aspirante|: aparte etre cada plot tiene que haber 200 metros
21:27:04 : Group: Leodagos: habia uno q jugaba
21:27:10 : Group: Jej0x |Aspirante|: mira aca esta haciendose su base bad guy
21:27:11 : Group: Leodagos: q eran plots de 100m
21:27:21 : Group: Jej0x |Aspirante|: a mis 12
21:27:28 : Group: Leodagos: empeso ahi
21:27:32 : Group: Jej0x |Aspirante|: ee
21:27:34 : Group: Leodagos: no puso casi nada todavia
21:27:36 : Group: Jej0x |Aspirante|: para estar cerca
21:27:39 : Group: Leodagos: qeres ver como quedo la mia ?
21:27:40 : Group: Jej0x |Aspirante|: apenas empezo
21:27:48 : Group: Jej0x |Aspirante|: ahora vamos
21:27:52 : Group: Leodagos: esta aca nomas
21:27:56 : Group: Jej0x |Aspirante|: tengo que hacer cosas todabiad
21:28:09 : Group: Leodagos: te vengo a busar con el heli
21:28:14 : Group: Leodagos: asi la miras desde el aire
21:28:16 : Group: Jej0x |Aspirante|: como guardar las cosas de comida y medicamentos que tengo aca
21:28:19 : Group: Leodagos: y te traigo
21:28:27 : Group: Jej0x |Aspirante|: dale
21:28:31 : Group: Leodagos: te saco algo para comer y beber
21:28:35 : Group: Jej0x |Aspirante|: ok
21:29:15 : Group: Leodagos: cuchame
21:29:20 : Group: Jej0x |Aspirante|: anda a buscar el heli
21:29:24 : Group: Leodagos: mi idea es jugar con varias personas
21:29:24 : Group: Jej0x |Aspirante|: y aterriza arriba
21:29:28 : Group: Leodagos: yo hago bases con cada uno
21:29:45 : Group: Leodagos: las puertas siempre estan abiertas para vos , el qiere tener sus safe viste
21:29:50 : Group: Jej0x |Aspirante|: se ya se
21:29:53 : Group: Leodagos: asi q mienrtas no toque esas
21:30:00 : Group: Leodagos: si te vienen corriendo o algo
21:30:08 : Group: Jej0x |Aspirante|: se
21:30:11 : Group: Leodagos: depues te paso la contraseña del garage
21:30:15 : Group: Jej0x |Aspirante|: dale
21:30:22 : Group: Jej0x |Aspirante|: la de aca es 704
21:30:24 : Group: Leodagos: baja y abrime forro
21:30:35 : Group: Jej0x |Aspirante|: la otra no me acuerdo la tengo en el bloc
21:30:37 : Group: Leodagos: la del frente mia es 040
21:30:39 : Group: Jej0x |Aspirante|: pero la derecha es 704
21:31:00 : Group: Jej0x |Aspirante|: bloqueala la puerta
21:31:11 : Group: Leodagos: si ya la bloq
21:31:27 : Group: Leodagos: ese es tu heli?
21:31:43 : Group: Jej0x |Aspirante|: nono es de bad
21:31:47 : Group: Jej0x |Aspirante|: pero tengo la llave aca
21:31:53 : Group: Leodagos: aah no deja pense q era tuyo
21:31:56 : Group: Jej0x |Aspirante|: me dijo que lo use
21:32:03 : Group: Leodagos: na peoro
21:32:06 : Group: Leodagos: si se lo rompow
21:32:10 : Group: Jej0x |Aspirante|: jajjaa
21:32:13 : Group: Leodagos: no me quedo
21:32:14 : Group: Leodagos: tranq
21:32:40 : Group: Leodagos: depaso exploro un poco
21:32:43 : Group: Leodagos: ya vuelvo
21:32:57 : Group: Leodagos: che quien es bandit
21:33:00 : Group: Leodagos: averiguaste algo ?
21:33:12 : Group: Leodagos: quienes juegan al pvp aca?
21:33:12 : Group: Jej0x |Aspirante|: yo soy
21:33:18 : Group: Jej0x |Aspirante|: tengo 1315 de humanidad
21:33:25 : Group: Leodagos: pero vos matas gente?
21:33:54 : Group: Jej0x |Aspirante|: mate heroes en una mision
21:34:07 : Group: Leodagos: de jugadores te hablo pelotudo
21:34:10 : Group: Leodagos: jaja
21:34:11 : Group: Jej0x |Aspirante|: estan snakegeneral y el otro brazuca que juegan en grupo con brazucas nada mas
21:34:26 : Group: Jej0x |Aspirante|: y a los otros matan
21:34:32 : Group: Jej0x |Aspirante|: a mi me mataron llendo al mercado
21:34:40 : Group: Leodagos: ok
21:34:47 : Group: Leodagos: como se visten usualmente tenes idea o no te acordas?
21:34:51 : Group: Leodagos: y en q se mueven
21:34:54 : Group: Jej0x |Aspirante|: ropa d ebandidos
21:35:09 : Group: Jej0x |Aspirante|: se mueven en un black hawk siempre cuando los veo es en el mercado
21:35:19 : Group: Leodagos: ahroa q termine la base
21:35:23 : Group: Leodagos: puedo jugar dayz
21:35:27 : Group: Leodagos: asi q 
21:35:29 : Group: Jej0x |Aspirante|: tenemos que empezar a atacar
21:35:34 : Group: Leodagos: decidi esta vez
21:35:40 : Group: Leodagos: jugar a cazar bandidos
21:35:44 : Group: Leodagos: heroe
21:35:44 : Group: Jej0x |Aspirante|: seeee
21:35:51 : Group: Leodagos: nunca hay
21:35:57 : Group: Leodagos: solo hay bandidos
21:35:59 : Group: Jej0x |Aspirante|: es verdad
21:36:05 : Group: Jej0x |Aspirante|: bad guy tambien quiere ser heroe
21:36:10 : Group: Jej0x |Aspirante|: asi que el es compañero
21:36:11 : Group: Leodagos: quiero ayudar alos noobs para q se le llene el server a juan
21:36:34 : Group: Leodagos: piola
21:36:42 : Group: Jej0x |Aspirante|: see estaria
21:36:48 : Group: Jej0x |Aspirante|: juan nos lo agradeceria
21:36:55 : Group: Jej0x |Aspirante|: se porta bien juan con los jugadores
21:36:58 : Group: Jej0x |Aspirante|: pero aveces no te da bola
21:37:09 : Group: Leodagos: si pero igual yo lo enganche 2 veces haciendo abuso de gm
21:37:13 : Group: Leodagos: pero bueno ya esta
21:37:52 : Group: Leodagos: el es bandido
21:37:56 : Group: Leodagos: cuando juega
21:38:00 : Group: Leodagos: y garka
21:38:06 : Group: Jej0x |Aspirante|: se a mi me ayudo contra los heroes
21:38:09 : Group: Leodagos: pero como persona y gm es una masa
21:39:56 : Group: Jej0x |Aspirante|: no existe forma de volcar todo lo de la mochila rapido?
21:40:05 : Group: Leodagos: q yo sepa no
21:40:51 : Group: Jej0x |Aspirante|: avisame si venis en heli asi se que sos vos y no te tiro
21:40:57 : Group: Leodagos: si voy en heli
21:41:06 : Group: Leodagos: pero si vos quyeres ser heroe
21:41:11 : Group: Leodagos: no tenes q hacer eso bobo
21:41:16 : Group: Jej0x |Aspirante|: si ya se
21:41:20 : Group: Jej0x |Aspirante|: pero queria hacer una mision
21:41:24 : Group: Jej0x |Aspirante|: y era la unica que tenia
21:41:29 : Group: Leodagos: noo
21:41:35 : Group: Leodagos: tirarle al primer heli q pasa digo
21:41:55 : Group: Leodagos: hijo de puta xD
21:41:58 : Group: Jej0x |Aspirante|: pero le tiro si veo que tiene armas
21:42:03 : Group: Leodagos: jajaja
21:42:10 : Group: Leodagos: q chorizo q soss
21:42:22 : Group: Jej0x |Aspirante|: igual pregunto por canal global
21:42:30 : Group: Leodagos: jajaja
21:42:37 : Group: Leodagos: despues de tirarle xD
21:42:48 : Group: Leodagos: el q murio era alguien de ustedes ? xD
21:42:56 : Group: Jej0x |Aspirante|: si le tiro para asustar no pasa nada
21:43:07 : Group: Leodagos: pero marcan tu base como hostil
21:43:18 : Group: Jej0x |Aspirante|: que marquen no mas
21:43:27 : Group: Jej0x |Aspirante|: los espero bien armado
21:43:29 : Group: Leodagos: ves q sos un gato
21:43:45 : Group: Jej0x |Aspirante|: jajaja
21:43:53 : Group: Jej0x |Aspirante|: lo soy con los brazucas
21:44:30 : Group: Jej0x |Aspirante|: no te choques
21:44:48 : Group: Jej0x |Aspirante|: estoy acomodadndo la safe
21:44:53 : Group: Leodagos: cuidado cuando subas la escalera q no te revane la cabeza la helice xD
21:45:27 : Group: Jej0x |Aspirante|: e bugeo esto
21:45:30 : Group: Jej0x |Aspirante|: no se que le pinta
21:46:19 : Group: Jej0x |Aspirante|: abrila es 9578
21:46:27 : Group: Jej0x |Aspirante|: me buge y no me sale la opcion
21:46:51 : Group: Leodagos: lito
21:46:52 : Group: Jej0x |Aspirante|: viste la cantidad de zombies que se me juntan afuera?
21:47:00 : Group: Leodagos: sii esta bueno eso
21:47:08 : Group: Leodagos: es mas realista
21:47:20 : Group: Leodagos: y no te aburris tanto cuandoe stas en la base podes tirarle a los zombies
21:47:42 : Group: Jej0x |Aspirante|: en un toque vengo
21:47:44 : Group: Jej0x |Aspirante|: voy a comer
