00:21:35 : Group: Maty: voy
00:26:15 : Group: Sirfes-AR: jajajaj estas hecho un loco
00:26:26 : Group: Maty: sabes hace cuantos años
00:26:27 : Group: Sirfes-AR: me re dieron unos z
00:26:30 : Group: Maty: que no tengo un suv
00:27:20 : Group: Sirfes-AR: me quede sin ammo, ojala podamos lootear algo copado
00:27:41 : Group: Maty: ahroa paramos en algun lado
00:27:44 : Group: Maty: antes de ir al coso
00:28:59 : Group: Sirfes-AR: como hago para que me suba la hp?
00:29:11 : Group: Maty: eh con una bloodbag
00:29:33 : Group: Sirfes-AR: no son faciles de conseguir, no? jaja
00:29:40 : Group: Maty: cuanto hp tenes?
00:29:53 : Group: Sirfes-AR: un tercio de barra
00:29:59 : Group: Maty: opa
00:30:55 : Group: Maty: aguanta adentro
00:32:11 : Group: Sirfes-AR: quedan dos jaja
00:32:16 : Group: Sirfes-AR: son ia?
00:32:58 : Group: Maty: se
00:33:03 : Group: Maty: donde esta el otro?
00:35:01 : Group: Maty: venite
00:35:03 : Group: Maty: agarra un arma
00:35:49 : Group: Maty: para
00:35:50 : Group: Maty: sali
00:36:37 : Group: Sirfes-AR: groso
00:36:53 : Group: Maty: creo que te enfermaste
00:37:10 : Group: Sirfes-AR: sip, mi sangre baja
00:37:19 : Group: Maty: rapido?
00:37:35 : Group: Sirfes-AR: maso
00:38:10 : Group: Sirfes-AR: donde vamos?
00:38:19 : Group: Maty: a comprarte medicina
00:38:22 : Group: Maty: despues al aeropuertow
00:42:59 : Group: Maty: Agarralos y tomalos
00:43:23 : Group: Sirfes-AR: listo
00:46:52 : Group: Sirfes-AR: que pasa?
00:47:05 : Group: Maty: eso
00:48:28 : Group: Maty: listo cayó
00:49:28 : Group: Maty: sacale el arma si qures
00:50:07 : Group: Sirfes-AR: tengo una FAL jaja
00:50:21 : Group: Sirfes-AR: es de argentina, la usaba el ejercito
00:50:27 : Group: Maty: sew
04:25:57 : Group: jecoxs: LEYVACAIEL
04:26:20 : Group: Leyva: andas cerca de gorka?
04:26:32 : Group: jecoxs: si we
04:26:35 : Group: jecoxs: en donde tenemos
04:26:39 : Group: Leyva: no me ocnecta la llamada xd
04:26:39 : Group: jecoxs: el banco
04:26:41 : Group: jecoxs: cofre
04:26:46 : Group: jecoxs: como se llame
04:26:53 : Group: jecoxs: ocupo vendas paro
04:29:22 : Group: jecoxs: fuga
04:29:25 : Group: jecoxs: tienes sangre?
04:29:36 : Group: Leyva: se
04:29:43 : Group: jecoxs: dame una paro
04:29:49 : Group: Leyva: invitenme ala llamda que no peudo unirme D:
10:29:35 : Group: JiNX: queaaaceeeeeeeeee
10:29:37 : Group: erick: prefectura limpia papu
10:29:46 : Group: JiNX: jajaja
10:29:49 : Group: erick: veni a lotear
10:29:53 : Group: erick: te cuido el culo
10:30:29 : Group: JiNX: banca que vacio inventario
10:30:52 : Group: erick: cuando respawnean los negros ia?
10:33:24 : Group: erick: no veo mas ia
10:34:00 : Group: JiNX: uh estoy re lejos xD
10:35:46 : Group: JiNX: hay algo que valga la pena_
10:35:50 : Group: JiNX: ?
10:35:57 : Group: erick: granadas
10:36:04 : Group: erick: llenarnos de granadas
10:36:29 : Group: erick: y creo.. q se puede robar el ayuto
10:39:29 : Group: erick: granadas.. nigthvision
10:39:31 : Group: JiNX: 2km
10:41:19 : Group: JiNX: inc
10:41:26 : Group: erick: cuida andetro de la casa
10:41:29 : Group: erick: aunq no veo nada
10:41:56 : Group: JiNX: con quien te disparas_
10:42:05 : Group: erick: el zombie xd
10:43:05 : Group: JiNX: nada en la casa
10:43:11 : Group: erick: cagada
10:43:16 : Group: erick: loteales las granadas
10:43:26 : Group: erick: para granadear al tucumano
10:43:54 : Group: erick: deberias salir ya
10:44:00 : Group: erick: creo q van a respawnear
10:45:47 : Group: erick: esos ya los revise
10:46:17 : Group: JiNX: 16 granadas
10:46:57 : Group: erick: nos vcemos en?
10:47:08 : Group: JiNX: a donde vas_
10:47:27 : Group: erick: mi heli
10:47:51 : Group: JiNX: ah xD
10:49:05 : Group: JiNX: donde voy?
10:49:10 : Group: erick: central
10:49:14 : Group: JiNX: ok
10:53:59 : Group: JiNX: gracias...
10:54:06 : Group: erick: ?
10:54:07 : Group: JiNX: pete
10:54:13 : Group: JiNX: no puedo lootear
10:54:16 : Group: JiNX: jajajaja
10:54:18 : Group: erick: jajajja
10:54:22 : Group: erick: tenes razon
10:55:01 : Group: JiNX: ahi hay granadas en la camioneta
10:55:07 : Group: erick: se armo de lo lindo el grupo
10:55:11 : Group: erick: dejame meterle mas granadas
10:56:44 : Group: erick: ahi le meti grandas y un arma
10:57:01 : Group: erick: ahora? armamos fuerte? o vamos a ia?
10:57:05 : Group: JiNX: ok
10:57:12 : Group: JiNX: dame un segundo
10:57:18 : Group: JiNX: estoy hablando al laburo xD
10:57:22 : Group: erick: ja
10:57:47 : Group: JiNX: jajajaja
10:57:56 : Group: JiNX: para
10:58:01 : Group: JiNX: no habia espacio
10:58:04 : Group: erick: ¡
10:58:07 : Group: JiNX: esta todo tirado en el piso
10:58:10 : Group: JiNX: jajajaja
10:58:13 : Group: erick: jajaj q negro
10:58:29 : Group: erick: mira este granadero
10:58:44 : Group: erick: voy por mi heli
10:59:34 : Group: erick: lees es?
10:59:39 : Group: erick: como se les roba?
10:59:49 : Group: JiNX: matandolos_
10:59:51 : Group: JiNX: ?
11:03:40 : Group: JiNX: no termino mas de juntar granadas...
11:06:01 : Group: erick: deje madera en el camp
11:06:09 : Group: erick: queres intentar armar algo?
11:06:28 : Group: JiNX: como es el tema
11:06:37 : Group: JiNX: los cagamos a los demas_
11:06:38 : Group: erick: ahi q plantar un plot
11:06:39 : Group: JiNX: ?
11:06:56 : Group: erick: hay espacio arto
11:06:56 : Group: erick: ya lo medi
11:07:26 : Group: erick: tienen el plot ya?
11:07:48 : Group: JiNX: no
11:07:54 : Group: erick: cuesta 100k
11:08:00 : Group: erick: yo coloque uno cerca del camp..
11:08:20 : Group: erick: si quieres construimos para probar ahi
11:08:27 : Group: JiNX: y dale
11:08:36 : Group: JiNX: yo plata tengo en la safe
11:08:43 : Group: JiNX: asi que no puedo comprar nada ahora
11:08:50 : Group: erick: tenes para heli?
11:09:00 : Group: JiNX: tengo 0
11:09:15 : Group: JiNX: tendriamos que comprar uno mas grande se me hace
11:09:23 : Group: erick: se
11:09:38 : Group: JiNX: cuanto esta uno copado?
11:09:44 : Group: erick: ni idea posta
11:09:51 : Group: JiNX: a ver
11:10:27 : Group: erick: 30k el mas barato
11:10:48 : Group: erick: yo tengo dinero en un safe aya
11:10:54 : Group: erick: me esperas?
11:11:00 : Group: JiNX: ok
11:16:16 : Group: erick: ahi tenes
11:16:28 : Group: erick: ni dominos pizza entrega tan rapido
11:16:34 : Group: JiNX: jajaja
11:16:37 : Group: JiNX: che
11:16:42 : Group: erick: ?
11:16:45 : Group: JiNX: viste que encontramos un keymaker?
11:16:51 : Group: erick: se
11:16:54 : Group: erick: lo lei
11:17:01 : Group: JiNX: podemos hacer copia
11:17:02 : Group: erick: nito copia de mi heli xD
11:17:08 : Group: JiNX: lo tengo en mi safe
11:17:12 : Group: erick: igual es una mierda de heli
11:17:19 : Group: erick: compra el heli y vamonos
11:17:25 : Group: erick: lockea el auto
11:18:02 : Group: JiNX: pero para
11:18:13 : Group: JiNX: necesitamos algo para hacer las copias
11:18:17 : Group: erick: q era?
11:18:18 : Group: JiNX: me estoy fijando que es
11:18:22 : Group: JiNX: creo que tin bar
11:18:34 : Group: erick: son creo q 10 latas de soda
11:18:45 : Group: erick: pero ahi q fundirlas
11:18:53 : Group: erick: o directamente comprar la tin
11:19:15 : Group: erick: aca etan
11:19:18 : Group: erick: no valen nada
11:19:19 : Group: erick: 2g
11:19:24 : Group: erick: q no tengo ya jajaja
11:29:55 : Group: JiNX: tus cosas aca
11:37:31 : Group: erick: ahora si
11:38:01 : Group: erick: donde estan mis cosaS?
11:38:18 : Group: JiNX: veni
11:39:02 : Group: JiNX: aca
11:39:08 : Group: JiNX: lavve y el etool
11:39:36 : Group: erick: compra el heli grande y lets go
11:41:45 : Group: erick: tenemos 20m
11:42:11 : Group: JiNX: estoy comprando los tin
11:43:12 : Group: JiNX: ni me acuerdo como se maneja
11:43:25 : Group: erick: queres q lo haga?
11:43:40 : Group: JiNX: pera
11:43:48 : Group: JiNX: tengo gambre
11:44:14 : Group: erick: black hawk down.. i repeat.. el negro halcon down!
11:44:30 : Group: JiNX: llego luis
11:44:36 : Group: erick: vamos
11:44:41 : Group: erick: 15m
11:44:53 : Group: Dallheim: llego luis, llego luis, el negro que sabe jugar basketball
11:44:59 : Group: Dallheim: (?)
11:45:37 : Group: JiNX: go venegro go
11:47:28 : Group: erick: crei q lucho estaba aca
11:47:35 : Group: Dallheim: estoy llegando
11:49:23 : Group: Dallheim: erick me llevas de una volada al central?
11:49:28 : Group: Dallheim: necesito una rueda
11:49:29 : Group: erick: claro
11:49:37 : Group: erick: el negro cerro el heli
11:49:50 : Group: erick: jajaj pidele permiso a papi schneider
11:50:01 : Group: Dallheim: papi papi me dejas?
11:50:04 : Group: erick: go
11:52:01 : Group: Dallheim: gracias comando venegro, te debo una
11:52:02 : Group: erick: tenes 2min
11:52:12 : Group: erick: q reinician esto
11:53:02 : Group: JiNX: tengo para hacer 3 copias ma
11:53:04 : Group: JiNX: s
11:53:32 : Group: Dallheim: jajajajaja me asuste por un momento
11:53:41 : Group: Dallheim: estas seguro que terminaste el curso de vuelo? (?)
11:54:40 : Group: Dallheim: gracias, volvi a nacer.
11:55:04 : Group: erick: tenias q lanzrt tipo a comando
11:55:25 : Group: Dallheim: jajajaja
11:56:03 : Group: erick: che y mi copia?
11:56:08 : Group: erick: o esta relacion temrino?
11:56:11 : Group: JiNX: pera
11:56:16 : Group: erick: me dejas por otro no?
11:56:20 : Group: JiNX: esperemos al restart por las dudas
11:56:23 : Group: erick: mi madre me lo advirtio
11:56:55 : Group: erick: nito un hacha tb
11:56:57 : Group: Dallheim: venegro, conozco a brian hace 12 años... como te quiere a vos, a nadie mas
11:57:05 : Group: Dallheim: deja de llorar que no lo necesitas
11:57:18 : Group: erick: le hago una escenita.. xq no me dio la llave del apto
11:57:33 : Group: erick: jajaj y esa fogata
11:57:56 : Group: JiNX: te espere con la fogata lista
11:58:08 : Group: erick: tengo mi carpa muy lejos
11:58:12 : Group: erick: la movere aca
11:58:25 : Group: erick: en dos min llego
12:06:28 : Group: erick: habria jurado q tenia un arma de repuesto aca
12:06:49 : Group: erick: ahhh la deje en tu camion brian
12:08:11 : Group: JiNX: ahi hago copias
12:08:25 : Group: erick: tengo 3 llaves..
12:08:39 : Group: erick: el heli peq.. el grande.. y no se cual es la otra
12:08:53 : Group: JiNX: tirala
12:08:53 : Group: erick: el blue... es el mionca tuyo?
12:10:19 : Group: erick: uhhhh yo pense q solo mi mama me creia lindo
12:11:39 : Group: erick: horda d zombies camino a ustds
12:11:46 : Group: erick: cuando digo horda.. son 3
12:12:18 : Group: Dallheim: yo te los saco
12:12:30 : Group: erick: van a ustds.. yo los vi de relado
12:12:36 : Group: Dallheim: aaaah a ver
12:12:49 : Group: erick: van a velocidad zombie igual
12:12:58 : Group: erick: estan entrando los arboles
12:13:34 : Group: erick: ya llevo el plot brian
12:15:16 : Group: JiNX: hoy aprendimos que si queres tener 2 copias de la misma llave en el toolbelt una se destruye >3
12:15:51 : Group: erick: voy con el plot
12:16:14 : Group: JiNX: voy a practicar vuelo
12:17:07 : Group: erick: armas el plot vos?
12:19:05 : Group: erick: vos ves esta delimitacion de terreno?
12:19:16 : Group: erick: indica q hasta aca.. esta tierra es mia xd
12:19:21 : Group: JiNX: si
12:19:25 : Group: JiNX: jajajaja
12:19:44 : Group: erick: ahi desarmoi
12:19:47 : Group: erick: toma
12:20:22 : Group: JiNX: como es esto?
12:20:27 : Group: erick: usando la pala
12:20:31 : Group: erick: lo plantas
12:20:39 : Group: JiNX: no tengo pala
12:20:42 : Group: JiNX: jajajaa
12:20:52 : Group: Dallheim: yo compro
12:20:52 : Group: erick: ahi tenes la pala
12:21:12 : Group: erick: lucho.. comprame un arma ya q estas aya xD
12:21:46 : Group: JiNX: la pongo aca decis?
12:21:50 : Group: Dallheim: tengo 40k
12:23:19 : Group: JiNX: ahi ta
12:23:42 : Group: erick: toma
12:23:47 : Group: JiNX: somos vecinitos
12:24:02 : Group: erick: no.. esa era mi parcela
12:24:07 : Group: erick: ahora estoy desauciado
12:24:22 : Group: erick: construi con esto
12:24:28 : Group: JiNX: posta?
12:24:35 : Group: erick: posta
12:24:45 : Group: JiNX: no podes construir?
12:25:03 : Group: erick: podria... pero nos mas mi area
12:25:10 : Group: erick: el plot lo marca como miiiio
12:25:21 : Group: JiNX: claro boludo
12:25:28 : Group: JiNX: aca adentro podes
12:25:35 : Group: erick: pero no puedo mantenerlo
12:25:42 : Group: erick: el cartelito q vos tene ssi
12:26:07 : Group: JiNX: no entendi pero bueno
12:26:11 : Group: JiNX: que hago ahora
12:27:05 : Group: erick: en 30min me cortan la luz xD
12:27:24 : Group: JiNX: que hago con la madera esta?
12:27:27 : Group: erick: llevame a tu mionca q tengo un arma aca
12:27:34 : Group: erick: podes construir.. pero creo q necesitas mas cosas
12:27:40 : Group: erick: eso lo lotie temprano
12:28:28 : Group: erick: q niña.. auto estabilizador
12:28:36 : Group: erick: los mavericks manejamos sin piloto auto
12:28:48 : Group: JiNX: lo pongo para aterrizar nabo
12:28:53 : Group: erick: nos shotearon
12:29:17 : Group: erick: jjaja ya los vi
12:29:24 : Group: erick: es una antiaerea
12:30:52 : Group: erick: donde esta tu camion?
12:30:53 : Group: JiNX: nos dejaron el rotor hecho mierda
12:30:59 : Group: erick: en la maleta deje un rifle
12:31:09 : Group: JiNX: noooooooooooooo!!!
12:31:13 : Group: JiNX: el restart!!
12:31:35 : Group: erick: debe estar cerca
12:33:00 : Group: erick: creo q lo vi
12:33:55 : Group: erick: nop
12:39:04 : Group: JiNX: esta tampoco
12:39:15 : Group: erick: voy desarmando vehiculos
12:39:45 : Group: erick: tengo un motor y un vidrio frontal
12:40:28 : Group: erick: lol
12:40:48 : Group: JiNX: jajajajajajaa
12:40:57 : Group: erick: q paso?
12:41:03 : Group: JiNX: jajajajaja
12:41:09 : Group: JiNX: se me trabo el mouse
12:41:16 : Group: JiNX: y tire una vuelta carnero
12:41:19 : Group: Dallheim: estoy mas preocupado de que se muera de risa q de lo q paso en el juego
12:41:21 : Group: JiNX: no la viste_
12:41:28 : Group: erick: justo veia el telf
12:41:30 : Group: erick: jajaja
12:41:37 : Group: erick: regreso y.. critical damage
12:41:49 : Group: JiNX: tampoco
12:44:01 : Group: JiNX: aca esta
12:44:23 : Group: erick: voy
12:44:51 : Group: JiNX: encima justo lo habia arreglado todo al heli xD
12:45:24 : Group: erick: lets go
12:45:31 : Group: JiNX: a donde?
12:45:45 : Group: JiNX: queres las llaves del heli?
12:45:48 : Group: JiNX: xD
12:45:54 : Group: erick: a donde regalen helis xd
12:46:04 : Group: erick: llevame a central
12:46:09 : Group: erick: a vender cosas de autos robados
12:46:12 : Group: JiNX: no entiendo como no morimos
12:46:25 : Group: erick: bendecidos
12:47:23 : Group: erick: te reparo el vidrio
12:47:29 : Group: JiNX: entre a boxes
12:47:55 : Group: erick: jajaj mira el humo boludo
17:09:30 : Group: JiNX: negroooo
17:09:49 : Group: JiNX: te busco_
17:09:50 : Group: erick: larga la bocha guachgo
17:09:52 : Group: JiNX: ?
17:09:57 : Group: erick: guacho
17:10:12 : Group: erick: de hecho.. debo buscar mi heli
17:10:21 : Group: JiNX: donde esta?
17:10:29 : Group: erick: ni puta idea
17:10:35 : Group: JiNX: jajaja
17:10:38 : Group: erick: estaba en central
17:11:21 : Group: erick: como hago para usar el hacha como arma?
17:11:54 : Group: JiNX: click derecho
17:12:11 : Group: erick: me sale solo soltar
17:12:23 : Group: JiNX: remove from toolbelt
17:12:27 : Group: erick: se
17:12:30 : Group: JiNX: eso es
17:12:44 : Group: JiNX: tenes que sacarte el arma principal
17:13:54 : Group: JiNX: pudiste?
17:14:02 : Group: erick: no
17:14:18 : Group: JiNX: guarda el rifle
17:14:22 : Group: JiNX: y hace eso
17:15:03 : Group: erick: listo
17:15:35 : Group: erick: bueh.. tengo q buscar el heli mio
17:15:40 : Group: erick: es el baraton
17:17:14 : Group: erick: creo q mejor compro otro jaja
17:17:28 : Group: JiNX: dale
17:17:42 : Group: erick: dame 3k
17:17:44 : Group: JiNX: y veni a ver la base 
17:18:13 : Group: JiNX: ya descubri quienes nos disparaban
17:18:20 : Group: erick: la ia
17:18:27 : Group: erick: una antiaerea
17:18:28 : Group: JiNX: cerca de la base esta tango 92
17:18:36 : Group: JiNX: hay que pasar lejos
17:18:38 : Group: erick: claro
17:18:42 : Group: erick: yo hago eso
17:19:01 : Group: erick: carajo
17:19:06 : Group: erick: dame 1k
17:19:12 : Group: erick: tube q comprar agua
17:19:30 : Group: JiNX: ....
17:21:58 : Group: erick: tube q matar a alguien para defender tus llavefs
17:22:30 : Group: JiNX: y mis cosas?
17:22:34 : Group: erick: veni
17:22:52 : Group: erick: tengo tus llaves
17:22:56 : Group: JiNX: no lo puedo lootear
17:23:02 : Group: erick: aca tu cuerpo
17:23:27 : Group: JiNX: a vos te deja?
17:23:35 : Group: erick: a ti?
17:23:37 : Group: erick: tengo tus llaves
17:23:46 : Group: JiNX: quiero mi mochila
17:24:39 : Group: erick: ahi te la deje
17:24:49 : Group: erick: aca
17:24:56 : Group: JiNX: no veo nada yo...
17:25:02 : Group: JiNX: veo fuego por todos lados
17:25:47 : Group: JiNX: no se
17:25:56 : Group: JiNX: relogueo
17:26:11 : Group: erick: perdi la mia ahora
17:27:15 : Group: erick: estan bugueadas
17:27:24 : Group: erick: me saquela mia para lotear la tuya.. y no puedo
17:27:37 : Group: erick: aca
17:28:19 : Group: erick: la perdiste
17:28:34 : Group: erick: vamonos q lo mate para sacar tus llaves
17:28:37 : Group: erick: las tengo
17:29:01 : Group: JiNX: haceme acordar que cuando este en helicoptero no te ayude mas
17:29:09 : Group: erick: jajaja
17:29:15 : Group: erick: toma tus llaves
17:29:18 : Group: JiNX: buscando tu arma exploto
17:29:34 : Group: JiNX: yendo a darte 1k exploto y pierdo otro heli y 300k
17:29:36 : Group: erick: tenes problemas con la bebida.. no bebas y manejes
17:29:47 : Group: erick: que hago con tus llaves?
17:29:49 : Group: JiNX: mochila de 60, el toolbelt completo y una sd
17:30:31 : Group: erick: aca
17:30:58 : Group: JiNX: me tiraste 5 llaves
17:31:04 : Group: erick: todas esas tenias
17:31:11 : Group: erick: no se q clase de llavero armabas
17:31:15 : Group: JiNX: no
17:31:19 : Group: JiNX: tenia 2
17:31:25 : Group: JiNX: azul y roja
17:31:36 : Group: erick: tonces tomalas
17:31:41 : Group: erick: las otras ni idea
17:31:56 : Group: erick: comando ruleta?
17:31:58 : Group: JiNX: vos ves todo prendido fuego?
17:32:04 : Group: erick: so
17:32:07 : Group: erick: si
17:33:05 : Group: erick: vas a maletear?
17:33:39 : Group: JiNX: no se
17:34:27 : Group: JiNX: quedo todo bug
17:34:39 : Group: erick: eso pasa cuando estrellas tu heli xD
17:35:10 : Group: JiNX: me voy a la base
17:35:17 : Group: erick: a pie?
17:35:21 : Group: erick: vamos
17:35:29 : Group: JiNX: no
17:35:33 : Group: JiNX: veni
17:36:23 : Group: erick: mate a ese yotam q estaba loteandote
17:36:37 : Group: erick: curiosamente.. me dio mas humanidad...
17:38:30 : Group: erick: jajajaj
17:38:32 : Group: JiNX: jajajaja
17:38:52 : Group: erick: has estado ocupado eh
17:38:56 : Group: JiNX: y si
17:38:57 : Group: erick: hasta baño
17:39:08 : Group: JiNX: aca bardie
17:39:19 : Group: JiNX: estoy esperando que el restart lo borre xD
17:39:21 : Group: erick: nah.. le crecio un arol luego
17:39:26 : Group: erick: arbol*
17:39:33 : Group: erick: esta torre?
17:39:43 : Group: JiNX: la puse
17:39:47 : Group: JiNX: este coso tambien
17:39:52 : Group: JiNX: el taller
17:39:56 : Group: JiNX: la granja
17:39:58 : Group: erick: meme de obama
17:39:59 : Group: JiNX: las rejas
17:40:03 : Group: JiNX: la cocina
17:40:08 : Group: erick: llevame a donde nos vimos la primera vez.. cerca tengo un plot
17:40:11 : Group: JiNX: y... los criaderos xD
17:40:16 : Group: erick: asi construyo por aca
17:41:26 : Group: JiNX: me tengo que ir un rato
17:41:31 : Group: JiNX: llevate la camioneta
17:41:49 : Group: erick: mnn.. y si me la rompen?
17:41:54 : Group: erick: tranca.. voy a pie
17:42:14 : Group: JiNX: llevala
17:42:19 : Group: erick: justo esta al otro lado de tango 92
17:42:22 : Group: JiNX: te deje la llave adentro
17:42:30 : Group: JiNX: es la azul
17:42:41 : Group: erick: relax.. asi veo si loteo algo enel camino
17:43:04 : Group: erick: plus.. mi cabeza tiene precio por el chavon q mate
17:43:23 : Group: JiNX: bueno vengo en un rato
17:43:27 : Group: erick: sale
19:26:40 : Group: erick: ese heli.. no es mio
19:26:42 : Group: JiNX: que hiciste ahora
19:26:47 : Group: erick: jajajaja
19:26:56 : Group: erick: maniobras evasivas
19:27:07 : Group: erick: prestame tu workbench
19:27:26 : Group: JiNX: sali de ahi
19:27:57 : Group: erick: lo desarme.. sin querer
19:28:24 : Group: erick: sorry...
19:28:25 : Group: JiNX: ....
19:28:34 : Group: [Amish]Churro: jajajaja q crak
19:28:35 : Group: erick: donde puedo armar uno?
19:28:36 : Group: [Amish]Churro: te quiero
19:29:09 : Group: JiNX: si tuviera un cinturon podria
19:29:37 : Group: erick: q necesitas?
19:29:55 : Group: JiNX: che
19:30:03 : Group: JiNX: no es mi crash ese?
19:30:09 : Group: erick: no
19:30:14 : Group: erick: es recien.. mio
19:30:57 : Group: erick: bueh.. necesito ir a armar una trinchera--
19:33:38 : Group: [Amish]Churro: fui yo erik
19:33:43 : Group: [Amish]Churro: me lo pidio
19:34:40 : Group: erick: llevame a comprar mats para armar mi mesa de trabajo churro
20:22:02 : Group: JiNX: guarda erick se me cayo una granada en la base
20:40:30 : Group: erick: q lindo ser constructor
20:41:01 : Group: JiNX: si esta bueno, hasta que te quedas sin workbench
20:41:15 : Group: erick: veni.. te hago uno
20:41:22 : Group: erick: de hecho.. ya lo hice.. te hago otro
20:41:41 : Group: JiNX: estoy yendo a buscar a delein
20:42:04 : Group: erick: boludo.. puedo perder todo el dia en esto.. cortar arbol.. hacer madera.. hacer pila de madera
20:45:25 : Group: erick: uhh ser leñador da hambre
22:42:22 : Group: Dallheim: como hablas por aca?
22:42:30 : Group: Dallheim: te tire party y atendeme el skype!
