00:07:38 : Group: [BrZ]-Rafael: a gente tem que ver qndo for fazer missão 
00:07:54 : Group: [BrZ]-Rafael: tem q esperar um bom tempo pq eles tão indo pra fazer elas 
00:08:12 : Group: [BrZ]-Rafael: sim sim fazer a casa 
00:08:56 : Group: [BrZ]-Rafael: a M4 HOLO vende 
00:09:26 : Group: [BrZ]-Rafael: sim mais a mira dela é mais de longe 
00:09:32 : Group: [BrZ]-Rafael: ai é bom 
00:09:42 : Group: [BrZ]-Rafael: deixa a M8 pq tem granadeira 
01:41:17 : Group: [BrZ]-Rafael: NÃOOOOOOOOOOOOOOOOOOOOO
01:41:32 : Group: [BrZ]-Rafael: COMPRA AS COISAS PRA BASE 
01:42:04 : Group: [BrZ]-Rafael: TA 
01:42:17 : Group: [BrZ]-Rafael: DEIXA EU COMPRAR E TU LEVA O CARRO
01:42:36 : Group: [BrZ]-Rafael: VENDE AS ARMAS 
01:42:50 : Group: [BrZ]-Rafael: E VENDE O CARRO E COMPRA BLINDADO 
01:43:06 : Group: [BrZ]-Rafael: SEM METRALHADORA 
01:43:19 : Group: [BrZ]-Rafael: EU JA VENDI AS ARMAS 
01:43:28 : Group: [BrZ]-Rafael: SIM 
01:44:15 : Group: [BrZ]-Rafael: A AMBULANCE ALI 
01:44:38 : Group: [BrZ]-Rafael: VENDE O CARRO ALI JA 
01:44:48 : Group: [BrZ]-Rafael: AI EU COMPRO O HELI 
01:44:53 : Group: [BrZ]-Rafael: E TU TMB 
01:44:58 : Group: [BrZ]-Rafael: AI SÓ VAMO 
01:45:01 : Group: [BrZ]-Rafael: SIM 
01:45:23 : Group: [BrZ]-Rafael: VAMO COMPRAR UM MELHOR 
01:46:33 : Group: [BrZ]-Rafael: VAMO COMPRAR O MI17
01:46:54 : Group: [BrZ]-Rafael: SIM 
01:46:59 : Group: [BrZ]-Rafael: VAMO 
01:47:03 : Group: [BrZ]-Rafael: VAME SIM 
01:47:15 : Group: [BrZ]-Rafael: VAME SIM ELE AGUENTA METRALHADORA 
01:47:37 : Group: [BrZ]-Rafael: AH6
01:48:10 : Group: [BrZ]-Rafael: SIM 
01:48:22 : Group: [BrZ]-Rafael: O DE 100 MIL TEM METRALHADORA 
01:49:04 : Group: [BrZ]-Rafael: DEIXA EU COMPRAR LOGO 
01:50:02 : Group: [BrZ]-Rafael: COMPRA O OUTRO COM METRALHADORA 
01:50:19 : Group: [BrZ]-Rafael: O OUTRO HELI 
01:50:31 : Group: [BrZ]-Rafael: TEM SIM 
01:50:37 : Group: [BrZ]-Rafael: MAS DEIXA ENTÃO 
01:53:01 : Group: [BrZ]-Rafael: COMPRA LOGO A POHA DO OUTRO 
01:53:05 : Group: [BrZ]-Rafael: CARALHO 
01:56:06 : Group: [BrZ]-Rafael: ONDEEEEE FICA A BASEEEEEEEEE
01:56:40 : Group: [BrZ]-Rafael: SIMMMM
01:57:31 : Group: [BrZ]-Rafael: COMPRA GASOLINA 
01:57:44 : Group: [BrZ]-Rafael: COMPRA GASOLINA 
01:57:51 : Group: [BrZ]-Rafael: COMPRA GASOLINA 
01:58:08 : Group: [BrZ]-Rafael: COMPRA GASOLINAAAA 
01:58:43 : Group: [BrZ]-Rafael: W
02:46:29 : Group: [BrZ]-Rafael: ANDA GUSTAVO 
03:32:18 : Group: Viciuz: ESE VODKAAAAA
03:39:36 : Group: Viciuz: vodka
03:39:38 : Group: Viciuz: revisa el mapa
03:39:41 : Group: Viciuz: esa es una posible base
03:40:00 : Group: Viciuz: hoy compre todo poara una base y me sobre cargue, me desmaye y me comieron, luego llego un tipo y me luteo una safe y el plot y todo :(
03:40:15 : Group: vodka: alla voy
03:41:23 : Group: vodka: por si me cruzo a alguien , estas solo?
03:41:42 : Group: Viciuz: Algo así
03:42:01 : Group: vodka: no es por nada suelo considerar a todos por ostiles 
03:42:08 : Group: Viciuz: nono es que mira
03:42:10 : Group: vodka: va almenos q lo conosca
03:42:10 : Group: Viciuz: lo perdi
03:42:50 : Group: Viciuz: estoy en la safe
03:43:01 : Group: vodka: ok voy pa alla
03:44:31 : Group: Viciuz: El juego me ha hecho super nervioso
03:44:33 : Group: Viciuz: escucho un heli
03:44:59 : Group: vodka: cuando mas gente mas nervioso te pone
03:45:05 : Group: Viciuz: siiii
03:45:08 : Group: Viciuz: no sabes sus intenciones
03:45:35 : Group: vodka: por eso digo q todos son posibles hostiles
03:46:44 : Group: Viciuz: Sacare mis llaves de tu safe, está bien?
03:46:48 : Group: Viciuz: he guardado el plot
03:46:51 : Group: Viciuz: y llaves
03:46:59 : Group: vodka: ok no hay drama 
03:47:11 : Group: Viciuz: Muchas gracias por prestarme tu confianza
03:48:12 : Group: Viciuz: Quisieron robar nuestros vehiculos y no pudieron xD
03:48:17 : Group: Viciuz: es ese Edgar
03:48:48 : Group: Viciuz: me sacaste un super tremendo susto!
03:48:53 : Group: vodka: jaja
03:49:09 : Group: Viciuz: xD
03:49:12 : Group: Viciuz: quien habla?
03:49:22 : Group: vodka: por el chat global
03:49:44 : Group: Viciuz: no recuerdo cual era la llave de la SUV ni del camion
03:50:13 : Group: Viciuz: no me deja bloquear
03:50:28 : Group: Viciuz: ya xD
03:50:47 : Group: Viciuz: tranqui
03:50:53 : Group: vodka: ok
03:53:40 : Group: Viciuz: :l
03:53:53 : Group: Viciuz: compre una hermosa SUV hace poco
03:54:00 : Group: Viciuz: y reventaron nuestras suv en una mision
03:54:32 : Group: Viciuz: también compre otro camiona
03:54:37 : Group: Viciuz: y me robaron la llave xD
03:54:46 : Group: Viciuz: mira, esto te queria enseñar
03:55:08 : Group: Viciuz: ven
03:55:31 : Group: Viciuz: mira
03:55:49 : Group: Viciuz: la intente tumbar a granadasos y nada
03:55:54 : Group: Viciuz: mira ven
03:56:10 : Group: Viciuz: le quite las paredes
03:56:11 : Group: Viciuz: y eso tenia
03:56:20 : Group: Viciuz: es una buena opcion no?
03:56:27 : Group: Viciuz: encontre una buenisima casa de 3 pisos en medio del campo
03:56:45 : Group: vodka: es mejor 
03:56:55 : Group: Viciuz: ahora los llevare a ambos
03:57:04 : Group: Viciuz: primero la camioneta xD
03:57:46 : Group: Viciuz: ...
03:57:48 : Group: Viciuz: cubranme pls
03:58:01 : Group: Viciuz: cubranme 
03:58:03 : Group: Viciuz: vuelvo
04:00:36 : Group: Viciuz: ya
04:00:46 : Group: vodka: recien paso un camion
04:00:53 : Group: Viciuz: enserio????
04:01:07 : Group: vodka: hace menos de un min
04:01:11 : Group: Viciuz: omg
04:01:18 : Group: Viciuz: rodeamos?
04:01:32 : Group: vodka: se pàra berezinow
04:01:52 : Group: Viciuz: y mi amigo?
04:02:01 : Group: vodka: se fue 
04:02:12 : Group: Viciuz: lol
04:02:13 : Group: vodka: mandale grupo q sos lider
04:02:58 : Group: vodka: zombie puto me tiro de la biciw
04:03:01 : Group: Viciuz: mira, este camion era mio
04:03:25 : Group: Viciuz: hoy vi a un perro xD
04:03:55 : Group: vodka: antes si le debas de comer te seguia 
04:04:01 : Group: Viciuz: ya no?
04:04:05 : Group: vodka: no
04:04:09 : Group: Viciuz: :(
04:04:11 : Group: Viciuz: porque?
04:04:34 : Group: Viciuz: OHHH MI DIOS
04:04:37 : Group: Viciuz: NO ME JODAS
04:04:41 : Group: Viciuz: NOMEJODASNOMEJODASNOMEJODASNOMEJODAS
04:04:49 : Group: vodka: sacaron del juego 
04:05:04 : Group: Viciuz: LA SUV NO ESTÁAAAAAAA
04:05:05 : Group: Viciuz: D:
04:05:29 : Group: Viciuz: vuelvo
04:05:36 : Group: vodka: ok
04:12:29 : Group: Viciuz: Sabes que
04:12:43 : Group: vodka: q paso ?
04:13:09 : Group: vodka: jaja venien el avion y cago 
04:13:17 : Group: Viciuz: viste eso?
04:13:22 : Group: Viciuz: me intento griffear
04:13:36 : Group: Viciuz: te dejo las llaves en el camion
04:13:40 : Group: Viciuz: mi hermano está insoportable
04:13:43 : Group: Viciuz: tengo que ayudar a dormoirlo xD
04:13:47 : Group: Viciuz: vuelvo en unas horas
04:13:56 : Group: Viciuz: alejate un poco
04:14:36 : Group: vodka: dejalo para y bloquealo
04:17:55 : Group: Viciuz: mata al tipo que me intentó matar :V xD
04:17:56 : Group: Viciuz: ya vuelvo
16:34:04 : Group: vodka: listo ya pude 
20:08:33 : Group: [K.O] Polaco: gonzalo urrutia
23:27:34 : Group: edgar: boy por ti?
23:28:04 : Group: Alan: que haces aya
23:28:16 : Group: edgar: aca es el trader
23:32:34 : Group: edgar: deje balas
23:41:29 : Group: edgar: ven
23:41:50 : Group: edgar: aca te dare la llabe
23:42:07 : Group: edgar: es la verde
23:42:19 : Group: Alan: a donde lo llevo
23:42:29 : Group: edgar: espera
23:42:39 : Group: Alan: tu carro esta desbloqueado
23:43:03 : Group: Alan: la llave es de la suv?
23:46:23 : Group: edgar: por aya no
