00:08:08 : Direct: Alan: a donde
00:08:12 : Direct: Alan: vendo estas armas
00:08:32 : Direct: juandayz: semejante arma rara, no se venden todas
00:08:50 : Direct: Alan: ah
00:08:53 : Direct: Alan: son buenas entonces jaja
00:08:59 : Direct: juandayz: sip
00:09:06 : Direct: Alan: entonces las llevare
00:09:08 : Direct: Alan: a mi base
00:09:22 : Direct: Alan: esto para qes
00:45:40 : Direct: Alan: donde
00:45:43 : Direct: juandayz: =
00:45:44 : Direct: Alan: vendo el libro
00:45:45 : Direct: juandayz: ?
00:45:48 : Direct: juandayz: q libro
00:45:53 : Direct: Alan: romance novel
00:45:59 : Direct: juandayz: no se vende
00:46:04 : Direct: Alan: y para q es
00:46:07 : Direct: juandayz: es la licencia para comprar bonos
00:46:24 : Direct: Alan: ahh
00:46:37 : Direct: juandayz: si lo tenes en el inventario podes comprar bonos, si no lo tenes no podes
00:47:06 : Direct: juandayz: lol
00:57:46 : Direct: Alan: FALTA 1 ACCION CULIADA
00:57:59 : Direct: Alan: dale loco
00:58:03 : Direct: Alan: no me garques
00:58:13 : Direct: Alan: sale caro el camion ese
00:58:14 : Direct: Alan: jaja
00:58:21 : Direct: Alan: tengo 40k
00:58:29 : Direct: Alan: compro 4 acciones mas
00:58:32 : Direct: Alan: y que se pudra
00:58:34 : Direct: Alan: el carancho
00:58:52 : Direct: Alan: compre 4
00:58:55 : Direct: Alan: jaja
00:59:00 : Direct: Alan: lel
00:59:03 : Direct: Alan: por que no me dijiste antes
00:59:22 : Direct: Alan: fap fap fap
00:59:25 : Direct: Alan: con el maldito peke
00:59:39 : Direct: Alan: no te da ganas de culiar con ese tema
19:48:56 : Direct: Alan: ESTE SERIA
19:49:05 : Direct: Alan: ACA LO HABIA DEJADO
19:49:11 : Direct: juandayz: fijate si es
19:49:17 : Direct: Alan: ya me fije
19:49:19 : Direct: Alan: no es
19:49:40 : Direct: juandayz: no los dejes aca bla 
19:49:54 : Direct: Alan: pero si esta a 200 metros
19:49:57 : Direct: Alan: de la salada
19:50:16 : Direct: Alan: una pinta del padre ignacio tenes
19:50:26 : Direct: Alan: este si es
19:50:34 : Direct: juandayz: llevate ese
19:50:57 : Direct: Alan: tengo mas llaves
19:51:00 : Direct: Alan: que coins
19:51:11 : Direct: Alan: encima nose cual para q auto
19:51:20 : Direct: juandayz: :d voy al kiosco
20:06:57 : Direct: juandayz: te van a bajar la gorra
20:07:05 : Direct: Alan: ayudame jaja
20:08:17 : Direct: juandayz: 2 menos. ahi te ayud :D
20:08:22 : Direct: Alan: son 40
20:08:23 : Direct: Alan: hdp
20:10:45 : Direct: juandayz: estan 
20:10:52 : Direct: juandayz: no veo otros
20:10:57 : Direct: Alan: NONO FALTAN
20:11:02 : Direct: Alan: ESTAN POR LA DERECHA
20:11:10 : Direct: juandayz: aya 
20:11:16 : Direct: juandayz: izq del arbol
20:11:24 : Direct: Alan: hay 300 arboles
20:11:30 : Direct: juandayz: el del centro bola
20:11:48 : Direct: juandayz: bue no tenfo mas amo
20:12:02 : Direct: Alan: noo
20:12:04 : Direct: Alan: cargateee
20:12:12 : Direct: juandayz: tenfo q usar la ak
20:12:19 : Direct: Alan: dispara
20:12:57 : Direct: juandayz: :D
20:13:08 : Direct: juandayz: listo
20:13:15 : Direct: Alan: ESTAS SEGURO VOS ?
20:13:25 : Direct: juandayz: si no viste  q te dio el mensaje
20:13:30 : Direct: juandayz: y se borro la mision
20:13:31 : Direct: Alan: q mensaje ?
20:13:41 : Direct: juandayz: de q completaste la mision
20:13:47 : Direct: Alan: en q momento
20:13:49 : Direct: Alan: no vi eso
20:14:51 : Direct: juandayz: anda buscar las cosas bola
20:14:55 : Direct: Alan: VENI TENGO MIEDO
20:16:53 : Direct: juandayz: como van?
20:22:41 : Direct: juandayz: hello
20:23:23 : Direct: juandayz: ahi tenes un trade nuevo q te da misiones
20:27:59 : Direct: juandayz: te verngo a saludar
20:28:10 : Direct: juandayz: soy el adm
20:38:56 : Direct: juandayz: te voy a prohibir la entrada al mercado central jf
20:56:19 : Direct: Juan (2): can i have the pussy b0ss
22:38:19 : Direct: juandayz: en q andaras vos jf
22:38:40 : Direct: magfag69: jkf was an inside job we
23:00:07 : Direct: juandayz: hola chicos, todo bien? alguna duda?
23:00:22 : Direct: pelado: no entendemos nada... jajaja
23:16:12 : Direct: juandayz: hola upham 
23:17:19 : Direct: juandayz: lol
23:22:03 : Direct: juandayz: van entendiendo algo upham, pelado?¿
23:22:47 : Direct: Upham: la verdad no me cague de risa con el burdel jajaja
23:22:52 : Direct: juandayz: jajajaj
23:23:03 : Direct: juandayz: mira pelado se gano 100 en la ruleta
23:23:10 : Direct: juandayz: se murio por goloso
23:23:25 : Direct: Upham: jajajajaja
23:23:36 : Direct: juandayz: fijate upham
23:23:47 : Direct: juandayz: q tenes juego de apuestas tambien
23:23:57 : Direct: juandayz: bue
23:27:40 : Direct: juandayz: si no tambien podes commprar bonos y acciones
23:27:51 : Direct: juandayz: te van a dar dinero cada x tiempo
23:28:00 : Direct: pelado: la miercole..
23:28:05 : Direct: pelado: todo un negocio.
23:28:16 : Direct: juandayz: tambien tenes un trade q te da misiones ocultas :D
23:28:24 : Direct: juandayz: y una gitana q te lee la suerte
23:28:27 : Direct: pelado: apa donde esta ese.!
23:28:34 : Direct: juandayz: veni
23:28:34 : Direct: pelado: el de las misiones ocultas....?
23:28:53 : Direct: juandayz: te pide un pollo acambio y te da unas coord de una caja con cosas
23:29:06 : Direct: juandayz: pedir info mision
23:29:08 : Direct: pelado: aja!
23:29:11 : Direct: pelado: tamos.
23:29:26 : Direct: pelado: juju
23:29:37 : Direct: juandayz: te pide q le compres un polloo 
23:29:39 : Direct: pelado: el tema bases, hay que construirlas como siempre..?
23:29:43 : Direct: juandayz: si
23:29:51 : Direct: pelado: barbaro.-
23:29:52 : Direct: juandayz: pero hay muchas mas cosas para construir
23:30:05 : Direct: juandayz: pdes criar animales y sembrar tambien
23:30:07 : Direct: pelado: todo eso donde esta juan...?
23:30:22 : Direct: juandayz: fijate q cuando spawneas tenes un libro
23:30:32 : Direct: juandayz: si le haces click derecho tenes toda la info
23:30:38 : Direct: pelado: aja. aca esta.
23:31:24 : Direct: pelado: gracias juan. !
23:32:52 : Direct: ChukyN: yo le doy a la pendeja
23:32:53 : Direct: pelado: juan
23:33:04 : Direct: pelado: donde se cambia el dinero por monedas..?
23:33:11 : Direct: ChukyN: aca
23:33:30 : Direct: pelado: gracias chuk.
