14:41:57 : Direct: Leodagos: hola
14:42:05 : Direct: Leodagos: todo bien viendo para vender
14:42:06 : Direct: Leodagos: esto
14:42:14 : Direct: Leodagos: mision
14:42:21 : Direct: Leodagos: nose
14:42:52 : Direct: Leodagos: mal ahi
14:43:04 : Direct: Leodagos: se lo voy a tirar a los hippie enytonces
14:43:19 : Direct: Leodagos: x el loot nomas
14:43:50 : Direct: Leodagos: toma
14:44:28 : Direct: Leodagos: vas mas camuflado
14:44:40 : Direct: Leodagos: asi no te ven tanto y tampoco te ven la large gunbag
14:45:03 : Direct: Leodagos: pero mejor andar camuflado
14:45:28 : Direct: Leodagos: los bots te ven igual pero 
14:45:32 : Direct: Leodagos: los jugadores
14:45:34 : Direct: Leodagos: son re forros
14:45:55 : Direct: Leodagos: ya reinicia
14:46:00 : Direct: Leodagos: q ?
14:46:10 : Direct: Leodagos: y viste los jugadores
14:46:14 : Direct: Leodagos: bandidos
14:46:21 : Direct: Leodagos: campean misiones
14:46:29 : Direct: Leodagos: hace poco habia mas gente
14:46:40 : Direct: Leodagos: no tengo el microfono ahora x eso no entre
14:46:51 : Direct: Leodagos: uso un celular
14:46:58 : Direct: Leodagos: y yo estoy jugando con rulo
14:46:59 : Direct: Leodagos: y 
14:47:02 : Direct: Leodagos: gallego
14:47:12 : Direct: Leodagos: pero estan estudiando estan entrando poco
14:47:22 : Direct: Leodagos: ando medio a la deriva
14:47:25 : Direct: Leodagos: si qieren me uno
14:47:33 : Direct: Leodagos: jugar solo me aburre
14:47:41 : Direct: Leodagos: como qieran
14:47:57 : Direct: Leodagos: yo no qiero items
14:48:07 : Direct: Leodagos: necesito un lugar
14:48:10 : Direct: Leodagos: para guardar cosas
14:48:11 : Direct: Leodagos: y
14:48:15 : Direct: Leodagos: donde esonderme
14:48:18 : Direct: Leodagos: y acer cosas juntos
14:48:29 : Direct: Leodagos: osea no qiero contraseñas ni nada hasta q confies
14:48:52 : Direct: Leodagos: a ver para q voy a buscar el mic
14:49:23 : Direct: Leodagos: JAJJA
14:54:27 : Direct: juandayz: ese es?
14:54:45 : Direct: juandayz: q facha de sadomasoquista brian
14:56:02 : Direct: juandayz: q haces de zombie?
15:04:54 : Direct: juandayz: veni
15:05:02 : Direct: juandayz: acercate a la oveja
15:05:09 : Direct: sebastian: kajaka
15:05:14 : Direct: juandayz: y fijate si te da la opcion de sexo con oveja
15:05:26 : Direct: sebastian: solo sale ayuda
15:05:38 : Direct: juandayz: ta es con la oveja negra no mas :D
15:05:51 : Direct: sebastian: aver xd
15:05:54 : Direct: juandayz: ahi me fijo tu mochila
15:07:45 : Direct: juandayz: nop me sale vacia tambien en la data base
15:07:48 : Direct: juandayz: que tenias?
15:08:00 : Direct: sebastian: la pura m107
15:09:11 : Direct: juandayz: de donde puta sacaste la m107 :D
15:09:27 : Direct: sebastian: la encontre en airfield
15:09:30 : Direct: sebastian: tube suerte
15:09:36 : Direct: juandayz: algo mas??
15:09:47 : Direct: sebastian: nonon gracias 
15:09:50 : Direct: sebastian: en serio
15:09:53 : Direct: juandayz: okk
16:41:54 : Direct: Leodagos: era una trampa , bajate los pantalones xD
16:41:55 : Direct: juandayz: donde
16:42:00 : Direct: juandayz: esta la safe :D
16:42:16 : Direct: juandayz: tenes algo adentro?
16:42:20 : Direct: Leodagos: nop
16:42:22 : Direct: Leodagos: recien la puso
16:42:32 : Direct: Leodagos: perdona q te rompa las pelotas
16:42:38 : Direct: Leodagos: te mande a facebook tambien re pesado
16:42:40 : Direct: MaxBraian: je
16:42:40 : Direct: juandayz: tan bugeada q ni borrarla me deja jajaja
16:42:47 : Direct: Leodagos: omg
16:42:51 : Direct: MaxBraian: ajjaa
16:42:52 : Direct: Leodagos: anal
16:43:00 : Direct: Leodagos: para
16:43:04 : Direct: Leodagos: agarra una sierra
16:43:07 : Direct: Leodagos: y tira el arbol
16:43:19 : Direct: MaxBraian: gracias
16:45:05 : Direct: MaxBraian: a la mierda
16:45:39 : Direct: juandayz: jaaa
16:45:49 : Direct: juandayz: todo bien casi ni lo veo al face
16:46:03 : Direct: juandayz: agregame al steam si necesitas algo
16:46:06 : Direct: juandayz: juandayz
16:46:11 : Direct: Leodagos: dale ahi te mando
16:46:48 : Direct: juandayz: una de arg
16:47:09 : Direct: MaxBraian: ahi te agrege yo 
17:15:00 : Direct: Leodagos: ts
19:05:01 : Direct: admin#2: galle
19:05:15 : Direct: galle: decime
19:05:38 : Direct: galle: q pasa admin
19:06:23 : Direct: admin#2: perdieron la suv y wl heli?
19:06:51 : Direct: admin#2: hablame en priv. que heli era?
19:08:19 : Direct: admin#2: en el equipo esta la llave
19:09:02 : Direct: admin#2: directo
19:09:11 : Direct: admin#2: canal blanco este
19:09:15 : Direct: galle: cmo en equipo?
19:09:18 : Direct: galle: esta la llave?
19:09:21 : Direct: admin#2: en el equipo de la suv
19:09:27 : Direct: admin#2: esta la llave
19:09:29 : Direct: galle: ah joya, gracias
19:09:36 : Direct: admin#2: ahora te traigo el heli
19:11:11 : Direct: admin#2: ahi en el equipo esta la llllllllllllave del heli
19:11:35 : Direct: galle: listo, gracias
21:34:20 : Direct: admin#2: hola
21:34:29 : Direct: Alan: hola genio
21:35:57 : Direct: admin#2: en la mochila tenes la llave del camion
21:36:06 : Direct: Alan: encima me lo rompio
21:36:10 : Direct: Alan: y tmb tenia un vodnik
21:36:12 : Direct: Alan: nose donde fue a parar
21:37:13 : Direct: admin#2: te lo cagaron afanando al vod
21:37:21 : Direct: admin#2: esta como a 2km de aca
21:37:22 : Direct: Alan: uhh q mierda
21:37:34 : Direct: Alan: esta en su base ?
21:37:40 : Direct: admin#2: no
21:37:45 : Direct: Alan: q mierda
21:37:58 : Direct: admin#2: ahi toto sabe donde esta
21:38:09 : Direct: Alan: on pero
21:38:13 : Direct: Alan: me habla del ural el
21:38:15 : Direct: Alan: no del vodnik
21:38:20 : Direct: admin#2: ah ok
21:38:21 : Direct: Alan: aparte
21:38:27 : Direct: Alan: seguro q me saco las llaves del vodnik
21:38:38 : Direct: admin#2: y lo mas prbable
21:38:48 : Direct: Alan: q mierda
21:38:51 : Direct: Alan: pero me quejo por q
21:38:58 : Direct: Alan: cuando me desconecte no me disparaba nadie ni nada
21:39:05 : Direct: Alan: y cuando entre puse q mierda apareci muerto
21:39:09 : Direct: Alan: y me dice jajaja te mate yo bobo
21:39:21 : Direct: Alan: por eso, sera bug del sv o nose
21:39:43 : Direct: admin#2: con eso sos rambo 4
21:39:52 : Direct: Alan: jaja 
21:40:04 : Direct: Alan:  carajod
21:40:08 : Direct: admin#2: algo mas perdiste?
21:40:09 : Direct: Alan: ta buenisimo esto
21:40:18 : Direct: Alan: sisi todo jaja mi mochila mis armas
21:40:20 : Direct: Alan: mis coins
21:43:56 : Direct: admin#2: compensado?
21:44:02 : Direct: Alan: sisi bastante jaja
21:44:04 : Direct: Alan: aunque
21:44:08 : Direct: Alan: tenia un poco mas, pero a nada
21:44:10 : Direct: Alan: bastante
21:44:16 : Direct: admin#2: q mas
21:44:27 : Direct: Alan: tenia mas coins pero eso no importa
21:44:32 : Direct: Alan: tenia mis armas
21:44:39 : Direct: Alan: valen como 100k
21:44:45 : Direct: Alan: pero no importa
21:44:48 : Direct: Alan: bastante ya
21:44:51 : Direct: Alan: sos juan
21:44:52 : Direct: Alan: verdad ?
21:54:36 : Direct: admin#2: lol
21:54:46 : Direct: Alan: perdi
21:54:48 : Direct: Alan: lo q me diste jaja
21:55:02 : Direct: Alan: las ultimas 3 herramientas 
21:55:02 : Direct: admin#2: q se te fue las armas?
21:55:04 : Direct: Alan: y las armas jaja
21:56:17 : Direct: Alan: LAS LLAVES
21:56:23 : Direct: Alan: de este la tenes ?
21:56:38 : Direct: Alan: esta arma no la venden eh ?
21:56:40 : Direct: Alan: la dmr
21:56:40 : Direct: admin#2: en el equipo
21:57:04 : Direct: admin#2: creo q no, aparece en mision
21:57:25 : Direct: admin#2: pero lo bueno es q usa los mismos cargadores q m14
21:57:35 : Direct: Alan: ah no sabia eso
21:58:00 : Direct: admin#2: si la llevas comoooooo sniper y usas el m14 como arma de corto alcanze, te ahorras de llevar dos clases de cargadores
21:58:20 : Direct: Alan: ahhmira, dsp me voi a comprar
21:58:25 : Direct: admin#2: aparte de q te rompe todo 1 tiro de esa municion
21:58:35 : Direct: Alan: sii es muy buena
21:59:13 : Direct: admin#2: bueno me voy
21:59:24 : Direct: Alan: dale admin
21:59:26 : Direct: Alan: gracias por todoo
21:59:29 : Direct: Alan: un abrazo grandee
21:59:40 : Direct: admin#2: otro :D
22:08:46 : Direct: Alan: estoy
22:08:48 : Direct: Alan: con la musica
22:08:49 : Direct: Alan: alpalo
22:08:53 : Direct: Alan: asi q te escribo
22:09:04 : Direct: Alan: ahhdale, justo te estaba por dar grupo
22:09:05 : Direct: Alan: para ir
22:09:11 : Direct: Totoasd: decia q estoy esperando a unos amigos 
22:09:18 : Direct: Totoasd: para hacer misiones
22:09:27 : Direct: Totoasd: pero ahora en un rato te meto al grupo tranqui
22:11:36 : Direct: Alan: ESTAS A PATA?
22:11:51 : Direct: Totoasd: estoy con amigos
22:18:09 : Direct: Alan: no quiere vneir tu amigo?
22:31:31 : Direct: admin#2: ahi te di los 100
22:31:46 : Direct: Totoasd: gracias
22:31:50 : Direct: admin#2: no de nada :)
22:33:34 : Direct: Juan: vamo vamo los pibes
