05:32:17 : Group: jMM: hola linda JAJA
05:32:34 : Group: Marti: jajaja
05:32:47 : Group: jMM: te paso a buscar
05:32:52 : Group: jMM: esperame ahi
05:32:54 : Group: jMM: o donde moriste ?
05:34:07 : Group: Marti: estoy en antiguo policlinico 
05:35:52 : Group: jMM: donde estas cabezona
05:36:29 : Group: jMM: subiste ?
05:36:33 : Group: Marti: ajam
05:39:13 : Group: jMM: mala idea whatsapp y heliq
05:39:40 : Group: Marti: jajajajaja
05:41:40 : Group: jMM: nos cagan a tiros negra bajate
05:42:35 : Group: jMM: CHE MARTI SOS VAGUITO? 
05:42:53 : Group: Marti: a que te referis?
05:43:02 : Group: jMM: xq no me salis con el cuadrado de grupo
05:43:06 : Group: jMM: para no tirarte
05:43:10 : Group: jMM: tu personaje es hombre ?
05:43:24 : Group: Marti: aaah si soy hombre ahora
05:44:44 : Group: jMM: DESDE ACA SE VE LA MISION MIRA
05:44:56 : Group: jMM: HACIA EL SUROESTE
05:45:45 : Group: Marti: como los cubro?
05:46:19 : Group: vodka: mata a los q se nos acerque
14:11:04 : Group: Dexter: que onda amigo
14:11:36 : Group: Leodagos: asd
14:11:39 : Group: Dexter: esta bien jajaa
16:38:01 : Group: Hawk: dale gil
16:38:05 : Group: Hawk: me estan re tirando
16:38:10 : Group: Black96_ARG: tas muy cerca bldow
16:38:13 : Group: Black96_ARG: te dije q vayas del sur
16:38:22 : Group: Hawk: estoy bien, tengo tipo una montañita delante
16:40:02 : Group: Black96_ARG: cuantos quedan
16:40:14 : Group: Hawk: ni idea, no veo ninguno
16:40:33 : Group: Hawk: cubrime me pongo sangre
16:41:06 : Group: Black96_ARG: ahi baje a una zorra
16:41:19 : Group: Hawk: ok no veo mas, avanzo
16:41:53 : Group: Black96_ARG: dmr jojo
16:42:21 : Group: Hawk: buena
16:42:31 : Group: Hawk: no hay cajas ni nada? wtf
16:42:34 : Group: Black96_ARG: no
16:42:35 : Group: Black96_ARG: ajajaj
16:42:35 : Group: Hawk: q da la mision
16:42:42 : Group: Black96_ARG: por eso dije q no me gustan
16:43:01 : Group: Black96_ARG: la chata la podes vender
16:43:18 : Group: Hawk: see creo que el de stary la compra
16:44:28 : Group: Black96_ARG: hoy encontre un m107 en el trader
16:44:39 : Group: Hawk: anoche estrelle mi little bird :(
16:44:43 : Group: Black96_ARG: jajaja
16:44:44 : Group: Hawk: q trader?
16:44:46 : Group: Black96_ARG: stary
16:44:49 : Group: Black96_ARG: en las carpas
16:44:52 : Group: Hawk: wtf
16:44:56 : Group: Hawk: no sabia que spawneaban
16:45:02 : Group: Black96_ARG: yo tampoco pero ahi estaba
16:45:08 : Group: Black96_ARG: con 1 cargador igual
16:45:33 : Group: Black96_ARG: che alla hay una caja
16:47:14 : Group: Black96_ARG: yo habia jugado en un server q estas cajas se abrian con la palanca
16:47:24 : Group: Black96_ARG: pero aca parece q no
16:47:28 : Group: Hawk: desde aca dond estoy yo te deja agarrar
16:47:38 : Group: Black96_ARG: si pero hay un supply crate nomas
16:47:39 : Group: Hawk: son cosas de construccion
16:48:11 : Group: Black96_ARG: voy a buscar la suv
16:48:15 : Group: Hawk: dale
16:51:19 : Group: Black96_ARG: agarras el hmmvv_
16:52:44 : Group: Hawk: ahi vuelvo
16:52:50 : Group: Black96_ARG: se
16:54:03 : Group: Black96_ARG: vamos aklen q esta mas cerca
16:54:16 : Group: Hawk: se
16:57:58 : Group: Hawk: daaa 20k no mas
16:58:08 : Group: Black96_ARG: jajaj
16:58:10 : Group: Black96_ARG: se
16:58:20 : Group: Black96_ARG: la suv sale 70 y cuando la vendes te da 15 o por ah
16:58:25 : Group: Black96_ARG: cualquiera
16:58:48 : Group: Hawk: naa esta bien, he visto servers donde esta el 50 % y eso si es cualquiera
16:58:59 : Group: Hawk: ahi vuelvo
17:04:49 : Group: Hawk: anda no mas, que estoy ayudando a los admins con un edit.
17:04:59 : Group: Black96_ARG: ok
17:14:23 : Group: Hawk: che encontraste el m107 o los cargadores?
17:14:33 : Group: Black96_ARG: el m107 y un cargador
17:14:42 : Group: Hawk: wtf, no esta en el loot. 
17:14:51 : Group: Black96_ARG: estaba en la carpa grande de la izq
17:14:55 : Group: Hawk: es muy raro
17:15:01 : Group: Black96_ARG: si quieren se los doy
17:17:56 : Group: Hawk: deci que estoy en el trader sino me moria de hambre por gil
17:18:20 : Group: Black96_ARG: hice la del hmmvv
17:20:30 : Group: Black96_ARG: una verga
18:55:40 : Group: Black96_ARG: creo q ya inhabilite el hmmvv
18:56:31 : Group: Hawk: estan las 3 m2 arriba todavia
18:56:39 : Group: Black96_ARG: si a esas no les di
18:56:48 : Group: Black96_ARG: estaba re tranqui pero me vino el hmmvv hdp
18:58:17 : Group: Hawk: ahi cayeron las m2
18:58:26 : Group: Black96_ARG: joya
18:58:31 : Group: Black96_ARG: todavia estoy a 500m -_-
19:11:29 : Group: Black96_ARG: atras de un coso de pasto
19:11:36 : Group: Black96_ARG: se sos vos
19:11:43 : Group: Black96_ARG: creo q no queda ninguno che
19:12:49 : Group: Black96_ARG: ahi lo baje
19:16:22 : Group: Black96_ARG: hay una mina viva adentro wtf
19:16:32 : Group: Hawk: se
19:21:14 : Group: Hawk: esta el chofer en el humvee
19:21:23 : Group: Black96_ARG: ya no
19:21:26 : Group: Black96_ARG: jaja
19:22:32 : Group: Black96_ARG: cuanto necesito para ser bandit?
19:22:41 : Group: Hawk: -5k
19:22:47 : Group: Black96_ARG: da
19:25:25 : Group: Hawk: dalew
19:33:50 : Group: Azrael1x: kecho me llevas a la base?
19:36:31 : Group: Hawk: azra cagon azra cagon
19:36:34 : Group: Hawk: metete ts gil
19:36:59 : Group: Azrael1x: jajaja no se si me quedo mucho,pero quiero creftear un poco hoy
19:37:13 : Group: Azrael1x: y que el trolo de kecho me lleve a la cucha
19:40:50 : Group: Hawk: naa fui yo
19:40:53 : Group: Hawk: desde la consola
19:41:05 : Group: Azrael1x: ahh jaja ya aburre estar aca no?
19:44:32 : Group: Azrael1x: que estas haciendo kecho?
19:51:25 : Group: Azrael1x: holas
20:41:38 : Group: TheWoo: estaba volando
20:49:56 : Group: Hawk: que es ese bunker gil
20:50:04 : Group: jMM: me sobraba arena
20:50:10 : Group: jMM: re cheto esta
20:50:16 : Group: Hawk: naa bola, podria meter el little bird ahi, tranqui
20:50:29 : Group: jMM: sos loco vos
20:50:33 : Group: jMM: desde ahi se tiran tiros
20:50:44 : Group: jMM: si lo pones de costado al hawk entra el little
20:50:46 : Group: jMM: lo pusiste mal
20:50:53 : Group: Hawk: desarmalo gil que hay que poner otro piso ahi
20:51:01 : Group: jMM: ponelo desde aca
20:51:17 : Group: jMM: aparte con lalo dijimos que queda re bien
20:51:19 : Group: jMM: esta copado
20:51:33 : Group: Hawk: pero ponemos otro piso aca y lo moves hacia adelante
20:51:52 : Group: jMM: pero no hay mas pisos
20:51:58 : Group: jMM: gastamos todo con lalo anoche
20:52:08 : Group: Hawk: yo tengo para craftear, tengo metal panels todavia
20:52:14 : Group: jMM: y pone el piso pt
20:52:53 : Group: jMM: sino me voy con azra eh
20:53:05 : Group: Hawk: a ver cuantos  tengo
20:53:19 : Group: jMM: anoche andaba horrible man
20:53:26 : Group: jMM: 10 minutos para poner cada piso
20:53:32 : Group: jMM: y eramos 2 en el server
20:53:53 : Group: Hawk: si no es tema de cantidad de players
20:54:04 : Group: jMM: che devolveme mis municiones loco
20:54:08 : Group: jMM: me sacaste todas mis balas
20:54:30 : Group: Hawk: yo no tengo la pwd de esa gil
20:55:47 : Group: jMM: me voy a la casa de azra
20:56:12 : Group: Hawk: si mejor
20:56:14 : Group: Hawk: jajaja
20:56:59 : Group: jMM: a las 5am se ace de dia
20:57:00 : Group: jMM: hace
21:11:05 : Group: jMM: tenes una rueda azra ?
21:11:32 : Group: Azrael1x: para vos si bebe
21:15:16 : Group: jMM: marcaste
21:15:18 : Group: jMM: gente
21:15:34 : Group: Azrael1x: capaz que sos vos
21:15:41 : Group: jMM: a 50 metros y estoy como a 800
21:16:01 : Group: Azrael1x: wepa ojo 
21:16:24 : Group: Azrael1x: justo estaba mirando tu marcador
21:16:57 : Group: Azrael1x: debe ser user
21:18:40 : Group: jMM: voy a pegar una vuelta
21:19:36 : Group: jMM: ahora a 100 metros
21:19:49 : Group: jMM: marcaste de nuevo
21:19:53 : Group: Azrael1x: miraba de tu lado izquierdo
21:20:12 : Group: Azrael1x: ocea para el lado de rify
21:20:46 : Group: jMM: ahora lo marcas cerca
21:21:14 : Group: Azrael1x: para mi que sos vos jaja
21:21:24 : Group: jMM: no puede ser xq dice desconocido
21:21:26 : Group: jMM: cerca
21:21:33 : Group: jMM: y hoy dijo a 100 metros y estaba a 50 yo
21:23:39 : Group: jMM: creo que vi alguien en el bosque
21:24:00 : Group: Azrael1x: cerca tuyo_
21:24:08 : Group: jMM: a unos 50 metros
21:24:22 : Group: jMM: detras de una loma
21:24:48 : Group: jMM: para aquel lado
21:24:48 : Group: Azrael1x: perdonnnnnn
21:25:12 : Group: jMM: era un conejo
21:25:14 : Group: jMM: jaja
21:25:24 : Group: Azrael1x: tas sangrando
21:25:36 : Group: jMM: si, siempre me pasa
21:26:03 : Group: Azrael1x: boludo no me marco que eras vos
21:26:11 : Group: jMM: jajaja
21:26:31 : Group: jMM: uh te pueden cagar a granadazos 
21:26:45 : Group: Azrael1x: si por eso me puse a craftear
21:26:55 : Group: Azrael1x: pasra hacer techo de madedra al menos
21:26:57 : Group: jMM: esta re lento el craft, no se que debe ser
21:27:10 : Group: Azrael1x: aca esta la rueda
21:27:30 : Group: jMM: ques PSO ?
21:27:45 : Group: Azrael1x: minimizo un toque ahora vengo,estoy consultando la wiky epoch XD
21:27:56 : Group: Azrael1x: PSO_
21:28:03 : Group: jMM: si hay un AK con mira PSO
21:28:20 : Group: Azrael1x: ahhh debe ser telescopica supongo
21:30:03 : Group: Azrael1x: ah quedaste encerrado jaja
21:30:17 : Group: Azrael1x: te paso la clave del garaje asi venis cuando queres
21:30:26 : Group: Azrael1x: 691
21:30:37 : Group: Azrael1x: anotaste_
21:31:10 : Group: Azrael1x: estas_
22:39:22 : Group: kecho: Mierdaaa
22:43:55 : Group: kecho: Como haces para serruchar y jugar?
22:44:06 : Group: Hawk: ???
22:44:22 : Group: kecho: Se escucha como que alguien esta serruchando 
22:44:28 : Group: kecho: En tu casa
22:44:38 : Group: Hawk: jajaja son tambores gil, andan las murgas en la vuelta
22:44:45 : Group: kecho: jajaja
22:44:54 : Group: Hawk: arregla el puto mic boludo
22:44:59 : Group: Hawk: no se que hiicste hoy, pero anduvo
22:47:29 : Group: kecho: que bolo
22:49:49 : Group: kecho: Llegue a los 100 zombies asesinados
22:50:57 : Group: kecho: Si
22:53:40 : Group: Hawk: anda mejor el server o mepa
22:54:02 : Group: kecho: Parace que si
22:54:12 : Group: kecho: Pero no hay nadie conectado
22:54:15 : Group: Hawk: por lo menos construye y bloquea rapido lso vehiculos
22:54:22 : Group: kecho: 5 personas solas
22:54:35 : Group: kecho: Mas o menos
22:54:42 : Group: Hawk: si igual la cantidad de personas te baja los fps cuando mucho, no la velocidad de respuesta del server
22:57:10 : Group: Hawk: y yo sigo crafteando metal panels
22:57:21 : Group: kecho: jejejej
22:58:58 : Group: Hawk: ahi creo que me da con estos metal panel para cerrar el techo, dos lados con metal panel dos con sandbags
23:04:38 : Group: Hawk: estas marcando a alguien kecho
23:04:59 : Group: Hawk: 100 metros hombre pusiste recien
23:05:04 : Group: kecho: Marcando¡?
23:05:14 : Group: Hawk: si el auto spotter
23:07:18 : Group: Hawk: jajaja
23:07:20 : Group: Hawk: q perdiste
23:07:36 : Group: kecho: La Suv con 12 armas
23:07:44 : Group: Hawk: anda? como?
23:07:48 : Group: kecho: a 300 metros del trader
23:07:59 : Group: kecho: Me chocaron de frente
23:08:14 : Group: kecho: Pero mi suv pedorra exploto
23:08:19 : Group: Hawk: lo hubieras recagado a tiros
23:08:37 : Group: kecho: No me dio tiempo
23:08:58 : Group: Hawk: que cagada, bue a pedealear jaja
23:09:48 : Group: kecho: No compro mas Suv
23:10:00 : Group: Hawk: comprate un vodnik o algo mas pesado
23:10:08 : Group: kecho: Para la proxima solo vogni
23:11:18 : Group: [EPP] RaferZero: te paso a buscar en mi coyota
23:11:23 : Group: [EPP]djeyvind: ya ta
23:12:14 : Group: [EPP]djeyvind: ojo mision
23:12:22 : Group: [EPP] RaferZero: se
23:19:45 : Group: [EPP]djeyvind: izi
23:22:21 : Group: [EPP]djeyvind: na gg
23:22:25 : Group: [EPP] RaferZero: entonces para que queres jugar sin armas que tenes que batallar.. las misiones te ponen mas de 20 bots izis 
23:22:41 : Group: [EPP] RaferZero: necesitas rango para hacerlas y no morir al pedo
23:23:06 : Group: [EPP]djeyvind: no espera
23:23:15 : Group: [EPP]djeyvind: esta gente piensa que es cs
23:23:29 : Group: [EPP]djeyvind: rango de 100 metros la batalla
23:23:34 : Group: [EPP]djeyvind: jaja go sobrevivientes
