05:07:38 : Vehicle: JF: cuidado  abajo
16:18:13 : Vehicle: juandayz: jaja 
16:18:23 : Vehicle: juandayz: vamo a sobrevolar a rulo
16:18:31 : Vehicle: Davi: dale dale jajaja
16:19:05 : Vehicle: Davi: anda por aca?a
16:19:11 : Vehicle: juandayz: 3km
16:19:16 : Vehicle: juandayz: no le vas a matar jaaj
16:19:22 : Vehicle: Davi: noo jaja
16:19:33 : Vehicle: Davi: hay que buscar un skin de algo y aparecerles
16:19:50 : Vehicle: juandayz: ahi taba
16:20:11 : Vehicle: Davi: esta solo este?
16:20:14 : Vehicle: juandayz: aca hay otro
16:21:01 : Vehicle: Davi: jajajaj
16:21:17 : Vehicle: juandayz: se acobacharon
16:21:22 : Vehicle: Davi: mira mira jajajaja
16:21:27 : Vehicle: juandayz: el bot es :D
16:22:35 : Vehicle: juandayz: lol
16:22:45 : Vehicle: Davi: se cagaron hasta las patas
16:22:59 : Vehicle: juandayz: el galle ese se re amotino en el bosque
16:24:19 : Vehicle: juandayz: jajaajaja
16:24:31 : Vehicle: Davi: JAJAJAJAJAJ
16:24:59 : Vehicle: juandayz: vo tenes artiillero no?
16:25:08 : Vehicle: Davi: no estoy atras
16:25:14 : Vehicle: Davi: ahi me pase
16:25:31 : Vehicle: juandayz: vamo a matar los bots del puesto
16:25:38 : Vehicle: Davi: dale
16:25:51 : Vehicle: juandayz: 1.5km
16:26:34 : Vehicle: Davi: estan aca abao?
16:26:37 : Vehicle: juandayz: si
16:29:02 : Vehicle: Davi: no quedo nadie no?
16:31:58 : Vehicle: Davi: no tiene municion esta poronga
16:32:05 : Vehicle: Davi: hay que traerloa  juan pedroq ue campee
16:32:34 : Vehicle: juandayz: no tenes ammo?
16:32:39 : Vehicle: Davi: nop
16:32:57 : Vehicle: Davi: tirele esos misiles
16:33:00 : Vehicle: Davi: ajajaja
