15:09:00 : Group: sebastian: ooo gracias
15:09:02 : Group: sebastian: :D
15:21:49 : Group: MaxBraian: inviten a leo
15:24:11 : Group: Leodagos: ustedes estan con un heli ?
15:25:51 : Group: Leodagos: 081 X 075
15:26:06 : Group: Leodagos: AL SUR
15:31:44 : Group: Leodagos: copiloto papa
15:46:53 : Group: Leodagos: VENGAN AL TS
15:47:20 : Group: sebastian: mas rato entro yo
15:47:28 : Group: Leodagos: OK
15:48:08 : Group: Leodagos: SEBA VOS JUGAS CON SRULO?
15:48:22 : Group: Leodagos: UN JUGADOR
16:36:14 : Group: Leodagos: asdasd
17:24:57 : Group: Leodagos: UNIVERSOZ DAYZ
17:25:07 : Group: Leodagos: EN LAS ESTADISTICAS
17:25:11 : Group: Leodagos: ESTA LA DIRECCION DE TS
17:25:16 : Group: Leodagos: Q BOLUDO ME OLVIDE
17:25:16 : Group: Leodagos: JAJA
17:25:42 : Group: Leodagos: http://ts5.freets3.net:10113
17:27:00 : Group: Leodagos: leodagos
17:35:55 : Group: Leodagos: cierro el jeugo y lo abro denuevo
17:35:57 : Group: Leodagos: ya vuelvo
20:12:07 : Group: Leodagos: daa
