20:46:11 : Side: [Sucios]Juandayz: hola gente!
20:46:35 : Side: 1Xeroz1: JAJAJAJA la musica que carjo
20:46:37 : Side: 1Xeroz1: que haces juan
20:46:39 : Side: [Sucios]Juandayz: jajaja :D
20:46:45 : Side: 1Xeroz1: gracias loco por habilitar el server
20:46:59 : Side: [Sucios]Juandayz: ;) a ustedes por meterse
20:47:18 : Side: Ivan: GRACIAS
20:47:24 : Side: Ivan: DIOS NO AGUANTABA MAS :D
20:47:31 : Side: [Sucios]Juandayz: aajajajaj
20:48:09 : Side: [Sucios]Juandayz: en las reglas del server van a encontrar alguna informacion sobre algunos mods
20:48:16 : Side: 1Xeroz1: ahh oka
20:54:29 : Side: Ew: hola :)
21:07:15 : Side: popiso: hola gays
21:07:31 : Side: popiso: we apareci desmayado
21:07:32 : Side: 1Xeroz1: quee onda los adminsss
21:07:33 : Side: popiso: que onda JAJAJA
21:07:35 : Side: 1Xeroz1: jajaja
21:07:38 : Side: [Sucios]Juandayz: llego la reina de la vendimia :D
21:07:47 : Side: Ivan: Wenas !!
21:07:49 : Side: 1Xeroz1: de donde sos juan=
21:07:49 : Side: Nachen: Buenas tardeeees
21:07:56 : Side: [Sucios]Juandayz: esooo nachoo!!!
21:08:01 : Side: [Sucios]Juandayz: hola querido
21:08:05 : Side: [Sucios]Juandayz: bienvenido :P
21:08:10 : Side: Nachen: Gracias!
21:08:15 : Side: Nachen: Alfin pude arreglar la pc jaja
21:08:21 : Side: [Sucios]Juandayz: jaja bien ahi
21:08:29 : Side: [Sucios]Juandayz: te presento a... todos jaja
21:08:38 : Side: [Sucios]Juandayz: deja de joder chuky y juga
21:08:40 : Side: Nachen: ajja un gutso
21:08:46 : Side: Nachen: gusto
21:08:48 : Side: Nachen: ajajaja
21:09:25 : Side: ChukyN: que demas la musica ptm
21:11:02 : Side: Nachen: Alto server che son unos cracks!
21:11:14 : Side: PijaMan: ta re piola
21:12:00 : Side: Nachen: ajajaj
21:12:11 : Side: PijaMan: se puede hacer pvp y matar a todos sin drama?
21:12:17 : Side: [Sucios]Juandayz: see
21:12:21 : Side: popiso: pijazo por todos lados
21:12:28 : Side: [Sucios]Juandayz: lo unico es no joder a nadie en los trades
21:12:32 : Side: PijaMan: acepta
21:12:39 : Side: PijaMan: anga
21:13:25 : Side: Nachen: dice quien mato a quien o es anonimo? :O
21:13:35 : Side: [Sucios]Juandayz: dice aveces
21:13:39 : Side: ChukyN: Juan putin
21:13:55 : Side: Nachen: ah joya
21:18:49 : Side: popiso: cual es mejor la doble caño o la remmington ?
21:18:58 : Side: Viciopata-.: doble caño
21:19:28 : Side: Viciopata-.: Depende a cuanta distancia las uses.. a 5 mts la doble caño.. a 10-15 mts la remmington
21:19:41 : Side: popiso: de uina
21:20:47 : Side: Viciopata-.: muy buena la adicion de contactar al admin.. ahora cagaron todos los pelotudos :D
21:21:07 : Side: PijaMan: no entendi
21:21:37 : Side: Viciopata-.: En Player menu, podes contactar con el admin.. para reportar o lo que sea
21:21:49 : Side: PijaMan: aaaah
21:21:53 : Side: [Sucios]Juandayz: ticket to admin dice el
21:22:08 : Side: Viciopata-.: Aca dice Contact an Admin .-.
21:22:20 : Side: Viciopata-.: Ves? ahi lo toque
21:22:41 : Side: popiso: ah interesante, sale como una cola de tickets
21:22:44 : Side: popiso: ahi me salto el tuyo
21:23:20 : Side: Viciopata-.: wtf? para que mierda son los bolu*** estos? 
21:24:02 : Side: ChukyN: ?
21:24:23 : Side: Viciopata-.: Che no hay nada de lo que teniamos antes no? todo de 0
21:24:31 : Side: ChukyN: yep
21:24:35 : Side: ChukyN: se hizo de 0 el server
21:24:37 : Side: popiso: si
21:24:39 : Side: Viciopata-.: :P
21:24:48 : Side: Viciopata-.: que verga xD 
21:24:50 : Side: popiso: igual tenias tus cosas a 200 metros de stary, ahora no te va a dejar construir
21:24:55 : Side: Viciopata-.: Estaba re fuliado yo
21:25:14 : Side: Viciopata-.: Si ya se donde las tenia.. pero habiamos quedado con juan en algo que nunca se hizo
21:25:42 : Side: Viciopata-.: Con acciones que perjudiquen a los demas a que se refieren?
21:25:49 : Side: Viciopata-.: No puedo romperle toda la base?
21:25:54 : Side: ChukyN: exacto
21:25:56 : Side: ChukyN: si vsa a entrar
21:25:59 : Side: ChukyN: rompe una pared
21:26:01 : Side: ChukyN: no las 4
21:26:32 : Side: Viciopata-.: LOL jajajaj porque? no entiendo la regla.. si quiero romper 4 porque se que en la otra habitacion hay mas loot no puedo? lpm ok
21:26:50 : Side: ChukyN: no gil con las 4 me refiero a las 4 exteriores de afuera
21:26:53 : Side: popiso: una pared por sala
21:27:06 : Side: ChukyN: tenes menos sentido comun que un chimpance de laboratorio
21:27:32 : Side: Viciopata-.: Ahh esas no son paredes capo.. pared es cada una de cinder o madera
21:27:39 : Side: Viciopata-.: si vos no te expresas bien no se quien es peor
21:27:59 : Side: Viciopata-.: Puede ser que el edificio de atras de stary este a 900 mts?
21:28:06 : Side: ChukyN: yo no soy el que no entiende las reglas >p
21:28:07 : Side: PijaMan: saca medida
21:28:13 : Side: popiso: 750
21:28:23 : Side: Viciopata-.: Yo no soy el que las escribe mal <3
21:28:47 : Side: ChukyN: yo tampoco
21:29:08 : Side: PijaMan: ah listo
21:29:35 : Side: Viciopata-.: Me desconencto un toque, dentro de un rato vengo a romper las pelotas un poco :)
21:29:42 : Side: PijaMan: dale dale
21:29:43 : Side: Viciopata-.: Con Azrael supongo
21:29:59 : Side: ChukyN: dale
21:30:23 : Side: Seba: hola
21:30:31 : Side: ChukyN: buenas
21:30:38 : Side: LarzuK: buenas
21:30:44 : Side: LarzuK: hubo wipe en el server ?
21:31:02 : Side: ChukyN: si se hizo todo de 0
21:31:09 : Side: LarzuK: joya
21:31:16 : Side: LarzuK: voy a empezar a invitar gent
21:32:30 : Side: Nachen: heeey
21:32:35 : Side: PijaMan: cagaste
21:32:38 : Side: ChukyN: RAJAAA
21:33:03 : Side: Nachen: pe...pe.. pero yo soy bueno
21:34:50 : Side: Nachen: me duran muy poco los mensajes
21:35:12 : Side: PijaMan: estas a 4mil de mi :3
21:36:59 : Side: ChukyN: RAJA nachen
21:37:17 : Side: Nachen: me siento el chapo
21:37:21 : Side: ChukyN: jajajjaja
21:37:52 : Side: PijaMan: sentite mi cuñado cuando se rajo por que embarazo a mi hermana. WE
21:38:01 : Side: Nachen: ajajajj
21:43:30 : Side: popiso: la musica
21:43:32 : Side: popiso: que plaga JAJAJAJA
21:55:15 : Side: LarzuK: zugar tututututu
21:55:20 : Side: LarzuK: ahre que no era zugar la musica
21:55:43 : Side: popiso: we una mochila no encuentro
21:56:21 : Side: popiso: hasta las benditas le sacaron a la IA del airfield
21:56:41 : Side: LarzuK: esta bien , jajaja
22:04:55 : Side: 1Xeroz1: quien esta en el airfield¿?
22:05:07 : Side: Hawk: buenas gente
22:05:54 : Side: Ivan: ´popiso me mataste vos?
22:06:00 : Side: Ivan: porque te vi y me cagaste a tiros
22:06:04 : Side: popiso: si poes
22:06:18 : Side: popiso: me quedan 2 balas 
22:06:30 : Side: 1Xeroz1: popiso trolo me dejaste en 2 mil de sangre jajaja
22:06:43 : Side: popiso: pense que te amte
22:06:47 : Side: popiso: y cuando fui a lootear
22:06:49 : Side: popiso: te paraste JAJA
22:06:55 : Side: 1Xeroz1: la primera vez si pero la segunda me desmayaste
22:07:49 : Side: 1Xeroz1: yo pense que salia cuando te mataba 
22:07:57 : Side: 1Xeroz1: otro player
22:08:50 : Side: popiso: hay uno escondido en los arboles ojo rodeado de zombies estaba
22:09:24 : Side: popiso: no encuentro una fucking mochila jaja
22:10:18 : Side: popiso: alguien looteo los hospitales del NWAF ?
22:10:26 : Side: 1Xeroz1: no nos dejaste tiempo
22:10:30 : Side: 1Xeroz1: sino te diria que si xD
22:10:51 : Side: popiso: ah andas en patota jaja como no me cagaron a tiros
22:11:10 : Side: 1Xeroz1: porq no somos bandidos somos friendly nosotros
22:11:25 : Side: popiso: yo estoy -2160
22:11:29 : Side: popiso: si me matas te sube, no te baja
22:11:44 : Side: 1Xeroz1: da igual no sabia que la estabas rolleando de bandido de nuevo xD
22:12:02 : Side: popiso: es que disparo antes que me disparen
22:12:10 : Side: 1Xeroz1: xD
22:12:14 : Side: popiso: se me fue eso de preguntar primero, me trajo malas experiencias jaja
22:12:26 : Side: [Sucios]Juandayz: hay fujitivo empeza a correr !! :D
22:12:47 : Side: popiso: igual re croto 
22:12:54 : Side: popiso: te erre como 2 cargadores de DMR en la primera
22:13:38 : Side: 1Xeroz1: si mal pero bueno me asome para ver de donde venian los disparon y me coquiaste mal
22:17:20 : Side: popiso: con una remington me mato
22:17:25 : Side: popiso: con una escopeta locooo
22:17:58 : Side: LarzuK: asi es la vida
22:24:27 : Side: [Sucios]Juandayz: te estan debutando popiso
22:25:18 : Side: [Sucios]Juandayz: hola lalo!!
22:25:45 : Side: vodka: hola juan !! 
22:25:54 : Side: [Sucios]Juandayz: :)
22:26:03 : Side: Ivan: misiones hay para hacer?
22:26:06 : Side: 1Xeroz1: che metan misiones sino popiso nos quiere cazar jaja
22:26:09 : Side: Ivan: o solo esperamos?
22:26:24 : Side: [Sucios]Juandayz: si hay
22:26:34 : Side: [Sucios]Juandayz: al menos en los test habia
22:26:38 : Side: Ivan: pero activas?
22:26:42 : Side: Ivan: yo no veo ninguna :c
22:26:53 : Side: 1Xeroz1: yo tampoco solo veo la del grupo sectario
22:32:04 : Side: [Sucios]Juandayz: bloquealo
22:32:47 : Side: [Sucios]Juandayz: che, aviso.. en los traddes bloqueen los autos por que no hay tu tia si se los afanan :)
22:32:56 : Side: 1Xeroz1: ajajjaaj si mas vale
22:32:58 : Side: 1Xeroz1: eso se sabe
22:34:36 : Side: 1Xeroz1: boeeeeeeeeee quien saco un helicoptero 
22:34:45 : Side: 1Xeroz1: tan rapido jaja
22:34:46 : Side: PijaMan: alado de stary estaba
22:34:58 : Side: 1Xeroz1: jaja que ocote
22:35:08 : Side: PijaMan: si, pero un forro me cago matando antes
22:35:13 : Side: PijaMan: mientras estaba con la mision
22:35:22 : Side: PijaMan: james bond un poroto yo ahi, me gire y me bajaron
22:35:23 : Side: Ivan: yo se jajaja quien fuue a nosotros nos mato xD
22:35:30 : Side: PijaMan: quien era?
22:35:39 : Side: Ivan: Pipo nose que verga xD
22:35:53 : Side: Hawk: no esta mas online el bandido ese
22:35:56 : Side: Ivan: POPISO
22:35:59 : Side: Ivan: ES! EL!
22:37:41 : Side: [Sucios]Juandayz: cuando lo q viene ese david llalo jajaj
22:38:30 : Side: vodka: despues de los examenes q tiene para entrar a poli 
22:38:53 : Side: [Sucios]Juandayz: ahh mira se pasa de fuerza
22:38:56 : Side: [Sucios]Juandayz: no sabia
22:39:28 : Side: vodka: si porque si a tal año no aciende le dan de baja 
22:39:37 : Side: [Sucios]Juandayz: q bajon
22:40:20 : Side: vodka: si por eso lo hace ahora para tener un punto a favor a la hora de entrar 
22:40:55 : Side: [Sucios]Juandayz: y si aparte se respalda el trabajo ya
22:42:30 : Side: [Sucios]Juandayz: esa?
22:51:22 : Side: 1Xeroz1: otro bandido mas
22:51:36 : Side: 1Xeroz1: andaa cagar jaja ahora todos la rollean de bandidos
22:51:48 : Side: PijaMan: vieja disculpa
22:51:53 : Side: PijaMan: yo vi cabeza y tire
22:52:04 : Side: PijaMan: te cuido tus cosas volve rapido
22:52:30 : Side: 1Xeroz1: vieja la costumbre de chupar pijas que tenes jajaja
22:52:49 : Side: PijaMan: ensima de que te digo para cuidar tus cosas -_-
22:53:04 : Side: 1Xeroz1: si es obvio que nos vas a lootear todo 
22:53:10 : Side: 1Xeroz1: pero ta bien ya sabemos quien mas es bandido
22:53:36 : Side: PijaMan: yo te dejo tus cosas ahi, si queres buscar buscalo, y punto
22:53:43 : Side: PijaMan: la cuestion del juego es tratar de sobrevivr
22:53:50 : Side: 1Xeroz1: jajajaja dale si voy a seguir yendo para que me mates xD 
22:54:07 : Side: Ivan: Pijaman una duda hay bandidos por ahi? estas haciendo la mision?
22:54:22 : Side: PijaMan: yo me vine para la mision pero hay un ural aca
22:54:47 : Side: Ivan: estoy llegando ahi si me ves no me mates soy un soldado
22:54:52 : Side: [Sucios]Juandayz: abri
22:55:11 : Side: PijaMan: yo me rajo de aca
22:55:16 : Side: Ivan: che me mataste?
22:55:19 : Side: PijaMan: no
22:55:39 : Side: PijaMan: no fui yo
22:56:11 : Side: 1Xeroz1: jajajaja
23:08:56 : Side: PijaMan: mas tarde me conecto. abrazo
23:09:06 : Side: Hawk: nos vemos
23:09:08 : Side: 1Xeroz1: abrazo con puñalada en la espalda jaja
23:33:00 : Side: Hawk: RAJA JORGE
23:33:12 : Side: popiso: raja vos
23:33:16 : Side: [Sucios]Juandayz: vamos a darle 
23:37:25 : Side: [Sucios]Juandayz: con lo q me gustan las mk48
23:37:49 : Side: [Sucios]Juandayz: hola mades! como andas
23:39:28 : Side: popiso: veni defendeme lalo
23:39:57 : Side: vodka: no te preocupes ahi voy con mi escopeta
23:40:09 : Side: [Sucios]Juandayz: jajaaja dejalo solo lalo
23:40:16 : Side: [Sucios]Juandayz: repartimos el botin
23:47:29 : Side: popiso: lalo veni son 2 ahora
23:47:31 : Side: popiso: lalo ayudame
23:47:34 : Side: popiso: lalo ayudameeee
23:47:45 : Side: [Sucios]Juandayz: jaja cagon
