22:32:17 : Direct: ADMIN: donde te marca el cuerpo
22:33:43 : Direct: Dexter: aca
22:33:47 : Direct: Dexter: 1
22:33:51 : Direct: Dexter: y alla el otro
22:34:56 : Direct: ADMIN: supongo q te lo bugeo la explocion
22:35:02 : Direct: ADMIN: que tenias y te deoy mas o menos
22:35:08 : Direct: ADMIN: aprovecha para mentir
22:35:21 : Direct: Dexter: bueno no importa jaja, m24 3 cargadores
22:35:23 : Direct: Dexter: comida sangre 
22:35:31 : Direct: Dexter: y 60 de oro mas o menos
22:35:43 : Direct: Dexter: 60000
22:35:43 : Direct: Dexter: eso 
22:35:53 : Direct: Dexter: y un antibioticco
22:36:26 : Direct: Dexter: no te miento porq se que tenes la herramienta para saber que tenia xD
22:36:36 : Direct: Dexter: fui admin y lo se xD
22:36:38 : Direct: Dexter: jajajaja
22:39:08 : Direct: ADMIN: servite
22:39:31 : Direct: Dexter: bueno gracias parecido pero algo es algo
22:39:36 : Direct: Dexter: gracias por la nv
22:39:38 : Direct: ADMIN: falta algo?
22:39:41 : Direct: Dexter: voy aver si me mando de una jaja
22:39:41 : Direct: ADMIN: de nada
22:39:49 : Direct: Dexter: el 24 con los 3 cargadores jajaja
22:39:55 : Direct: Dexter: y era money los 60 :C
22:39:58 : Direct: Dexter: pero no importa jaja
22:40:06 : Direct: ADMIN: son 60.000 en oro
22:40:28 : Direct: Dexter: es lo mismo?
22:40:33 : Direct: ADMIN: si
22:40:44 : Direct: ADMIN: vendes en el trade
22:40:52 : Direct: Dexter: okss
22:41:40 : Direct: Dexter: listo muchas grcias admin
22:41:52 : Direct: ADMIN: ahi ta la m24
22:41:57 : Direct: Dexter: gracias
22:42:18 : Direct: Dexter: me voy hacer la mision
22:54:39 : Direct: LarzuK: ajajaja
22:54:48 : Direct: ADMIN: lol
22:55:00 : Direct: LarzuK: jajaj
22:55:05 : Direct: LarzuK: miralo vos , el barco no tiene nada
22:55:22 : Direct: LarzuK: este barquito que tenemos a la izquierda es no ?
22:55:23 : Direct: ADMIN: si ahi saque a la mierda
22:55:31 : Direct: ADMIN: despues voy aborrar todo
22:55:41 : Direct: ADMIN: si no otro quebrado va a serr para quilombo
22:55:50 : Direct: ADMIN: dame eñ conductor q te transporto
22:55:53 : Direct: LarzuK: jaja aunque en el barco grande se puede estar
22:56:25 : Direct: LarzuK: por ahi habria que ponerla en el barco grande
22:56:45 : Direct: ADMIN: si, pasa q tambien te puede quebrar
22:56:49 : Direct: ADMIN: despues lo veo
22:56:56 : Direct: LarzuK: jajao k
22:57:32 : Direct: LarzuK: yo igual vi unos chabones que se hacian bases en el agua
22:57:38 : Direct: LarzuK: en el epoch , y lo mas bienw
23:20:54 : Direct: ADMIN: hola
23:34:09 : Direct: ADMIN: muuu
23:34:21 : Direct: ADMIN: se nota q estoy al pedo no?
23:34:27 : Direct: Marti: jajajajajajajajja
23:34:38 : Direct: ADMIN: :D
23:36:09 : Direct: ADMIN: cerebrooo
23:36:16 : Direct: Fedex: jajaja
23:36:26 : Direct: ADMIN: :D todo bien?
23:36:27 : Direct: Fedex: se cago todo
23:36:27 : Direct: N1c077: me re cage asta las patas 
23:36:30 : Direct: ADMIN: jaaj
23:36:39 : Direct: Fedex: pego un grito de niña
23:36:51 : Direct: ADMIN: ;D jaja chau chicos estoy al pedo no mas
23:36:55 : Direct: Fedex: jajaja
23:36:58 : Direct: Fedex: dale nv
23:37:29 : Direct: ADMIN: cerebroooo
23:37:43 : Direct: ADMIN: ahh seguia jodiendo :P
23:38:25 : Direct: Marti: fuckkk
23:38:36 : Direct: ADMIN: q te paso
23:38:45 : Direct: Marti: no me escuchas hablar?
23:38:53 : Direct: ADMIN: a ver deci algo
23:39:06 : Direct: ADMIN: nop
23:39:24 : Direct: Marti: aparece el coso de comunicacion directa y no se sale
23:39:41 : Direct: ADMIN: se te bloqueo el mays... suele pasar
23:40:34 : Direct: Marti: no me escuchaste ahi?
23:40:38 : Direct: ADMIN: no
23:41:01 : Direct: Marti: bue, no se
23:41:18 : Direct: Marti: me re causo lo de la vaca, no me di cuenta hasta que me seguiste
23:41:46 : Direct: ADMIN: jajaja si te veia con mirada perdida e vaca pero vos ni cargo :D
23:42:21 : Direct: Marti: jajajajjaja
23:43:40 : Direct: ADMIN: ahi se escucho algo
23:44:13 : Direct: ADMIN: seria muy bueno que la vaca se pueda ir en tu bici
23:44:34 : Direct: Marti: no seria muy bueno
23:44:39 : Direct: Marti: para la vaca si
23:51:08 : Direct: ADMIN: muuu
23:51:08 : Direct: Fedex: muu?
23:51:10 : Direct: Fedex: jajaja
23:51:22 : Direct: N1c077: queria la carne 
23:51:29 : Direct: N1c077: jaja
23:51:30 : Direct: ADMIN: lol
23:51:48 : Direct: ADMIN: pisame capaz q te la da
23:52:11 : Direct: N1c077: ta re dura jajja 
23:52:14 : Direct: ADMIN: :D
23:52:35 : Direct: ADMIN: dale q no murio
23:52:39 : Direct: Fedex: jajaja
23:52:59 : Direct: ADMIN: sacrificame
