00:05:41 : Side: CptPrice: Chucky sos un capo, ahora me va 80 , 90 fps
00:05:56 : Side: Alan: q hiciste price
00:06:23 : Side: CptPrice: Me paso una configuracion grafica, y un codigo para ponerlo en steam
00:06:33 : Side: Alan: pasamelo pricee
00:06:41 : Side: Alan: entra ts
00:07:35 : Side: CptPrice: Ando sin micro, que te lo explique Chucky jaj xD
00:07:47 : Side: Alan: chuckyy
00:07:49 : Side: Alan: como subo mis fps
00:07:56 : Side: JF: Admin cuando tengas un momento necesito decirte algo gracias
00:08:22 : Side: Alan: chuky
00:08:32 : Side: Alan: tengo 2gb de ram 1gb de video
00:08:36 : Side: Alan: triple core
00:08:41 : Side: Alan: y me va con 20 a 30 fps
00:08:44 : Side: Alan: puedo subirlo mas ?
00:09:19 : Side: Alan: estoy hay culiao
00:10:27 : Side: CptPrice: Aca son todos friendlys? :v
00:23:13 : Side: CptPrice: a que distancia te ven los bots?
00:33:10 : Side: CptPrice: quien anda en caza? o.O
00:37:01 : Side: JF: HEY ADMIN ESTAS AHI
00:38:42 : Side: JF: A MI NO ME DIJISTE NADA HACE RATO QUE ESTOY SOLICITANDO TURNO PERO PASARON TODOS LOS DEMAS Y NO ME [PRESTASTE ATENCION 
00:39:20 : Side: JF: NO TENGO TS  Y NO SE COMO SE HABRE GRACIAS IGUAL
00:42:27 : Side: JF: SI 
00:43:33 : Side: Ivan: kha
00:44:03 : Side: sRulo: hdp
00:44:04 : Side: sRulo: jajaj
00:48:34 : Side: JF: SI LO MIO ES UN RECLAMO 
00:51:28 : Side: CptPrice: creo que hasta aqui llegue xD
00:51:37 : Side: CptPrice: me estan haciendo bolsa los bots
00:52:04 : Side: [ADMIN] ChukyN: Mision roja ir a hacerla solo? estas loco
00:52:25 : Side: [ADMIN] ChukyN: ni con un as50 de 2000 metros
00:54:41 : Side: CptPrice: caen mas bots -.-
00:56:37 : Side: [ADMIN] ChukyN: REKT
00:58:49 : Side: CptPrice: respawne como zombi -.-
00:59:20 : Side: Alan: como te amo chuky queridoo
00:59:54 : Side: [ADMIN] ChukyN: Anda a cazar giles boludo
01:00:00 : Side: [ADMIN] ChukyN: a mi me encanta flashearlos como zombie
01:00:27 : Side: Alan: jaja
01:00:32 : Side: CptPrice: xD
01:43:01 : Side: THE JUAN: holas
01:43:08 : Side: [ADMIN] ChukyN: buenas
01:43:10 : Side: galle: ni fruta
01:43:12 : Side: galle: ninini
01:44:00 : Side: JF: hola..
01:49:44 : Side: sRulo: galleeeee curse lpm
01:49:47 : Side: sRulo: -.-
01:50:11 : Side: galle: yya va
01:52:07 : Side: sRulo: galle lpm que mierda estas haciendo metete a curse
01:52:37 : Side: Pampita: buenas chicos, entre buggeada adentro de mi suv y mori :(
01:54:28 : Side: galle: ya vooy
01:54:33 : Side: galle: banca q me ponga a salvo
01:57:47 : Side: JF: Hola.. pampita no te salude antes porque estaba muy concentrado
01:57:56 : Side: Pampita: Hola
02:07:14 : Side: Alan: quien nos disparo con tanta agresividad ?
02:07:44 : Side: sRulo: seguro pampita nos re cago a tiros a nosotros jaja
02:07:53 : Side: Alan: los mato ?
02:07:53 : Side: Pampita: :/
02:08:11 : Side: Alan: eras vos pampita ?
02:08:17 : Side: sRulo: si jaja esta re loca pampita
02:08:18 : Side: Pampita: maybe
02:13:42 : Side: Alan: esta mujer es una psicopata
02:14:11 : Side: Pampita: eso es lo que dice mi psiquiatria, ustedes dos se llevarian bien
02:14:27 : Side: Alan: jaja
02:15:55 : Side: JF: como te ha ido alan
02:16:08 : Side: Alan: bienn 
02:16:11 : Side: Alan: y a vos queridoo
02:16:36 : Side: JF: que haces con esa pinta jajaja xD
02:17:01 : Side: Alan: es q cuando sea grande quiero ser como pampit a jaja
02:17:47 : Side: JF: PRESENTAMELA JAJA
02:20:38 : Side: Pampita: hola a los muchachos en la fabrica
02:21:09 : Side: Pampita: a donde van en su camion amegos
02:21:30 : Side: Ivan: un minuto de silencio para rulo (? en el camion (=
02:26:28 : Side: Pampita: gracias por la larga gunbag
02:26:43 : Side: ShosS: buenas
02:26:56 : Side: Alan: holaa
02:27:36 : Side: JF: hola Shoss
02:27:54 : Side: ShosS: buenas buenas
02:28:28 : Side: ShosS: tengan cuidado, que recien empiezo y no tengo nada que perder e.e
02:28:35 : Side: sRulo: pampita me esta violando vieja calmen esa concha
02:28:52 : Side: Pampita: solo negros, con mas de 20 cm
02:28:55 : Side: Alan: jajaja
02:29:10 : Side: Pampita: eras vos el del paracaidas >P
02:29:31 : Side: sRulo: si te amodio ahora 
02:30:01 : Side: Pampita: jajaja escuche los tiros de pistola en la fabrica, te regalaste, despues el camion
02:30:11 : Side: sRulo: fue mi amigo -.-
02:30:20 : Side: sRulo: y lo mate por eso jaja
02:30:26 : Side: sRulo: jjajaj
02:30:29 : Side: Pampita: jajajja
02:30:36 : Side: Alan: mataste a tu propio amigo ?
02:30:54 : Side: sRulo: jaja es q no me faltaba nada para ser bandit
02:30:57 : Side: sRulo: y boe
02:31:02 : Side: sRulo: me regalo la nuca
02:31:18 : Side: Pampita: yo tengo -30000 humanidad >P
02:31:32 : Side: Alan: yo 12
02:31:35 : Side: Alan: -12
02:31:46 : Side: Pampita: soy bandit grado 5 , le disparo a todo lo que haga sombra
02:31:53 : Side: Pampita: simpson reference
02:31:59 : Side: sRulo: +5000000 de violacion 
02:32:16 : Side: sRulo: 2 veces me matas en menos de media hora 
02:32:37 : Side: Pampita: pff, deci que no te fui a buscar al paracaidas
02:32:40 : Side: Pampita: sino serian 3
02:32:41 : Side: sRulo: y no fueron 3 porque no se jaja
02:32:45 : Side: sRulo: calmate
02:32:56 : Side: Pampita: ya me voy a dormir ya
02:33:00 : Side: sRulo: menos mal
02:33:18 : Side: sRulo: soña con uno de 20cm asi venis mas relajada mañana
02:33:19 : Side: Alan: el server era pura amistad
02:33:26 : Side: Alan: hasta que llegaste a cagar la verga pampita
02:33:36 : Side: Pampita: No sos le primero que me lo decis
02:33:44 : Side: Pampita: por eso yo tengo suv personalizada y vos no
02:33:58 : Side: Alan: mañana
02:33:59 : Side: Pampita: me voy a dormir, que mi madre me joda y ma;ana tengo cole
02:34:01 : Side: Alan: te alcanzare
02:34:01 : Side: Pampita: chau
02:34:07 : Side: Alan: y tendre mi foto embola
02:34:09 : Side: Alan: en mi auto
02:34:20 : Side: Alan: en mi suv
02:34:29 : Side: sRulo: siento mi vida un fracaso una colegiala me violo
02:34:35 : Side: Alan: jajajaja
02:34:44 : Side: Pampita: 16 a;os y te violo 3 veces en media hora
02:34:48 : Side: Pampita: yo me dedicaria a las consolas
02:35:04 : Side: Pampita: o juegitos de celular
02:35:06 : Side: sRulo: espera sos santiagueña?
02:35:09 : Side: sRulo: jajajaj
02:35:19 : Side: Pampita: no uruguaya
02:35:31 : Side: Pampita: de ahi la habilidad inata
02:35:51 : Side: Pampita: esa no fui yo!
02:35:53 : Side: sRulo: jajajajajaj
02:35:55 : Side: Pampita: y esa tampoco!
02:36:01 : Side: sRulo: nos cagamos matando entre los 2
02:36:12 : Side: Pampita: jajaj
02:36:25 : Side: Alan: nos vemos gente hasta mañana un abrazo
02:36:47 : Side: sRulo: chao loco
02:36:49 : Side: Pampita: Chau Alan
02:37:04 : Side: sRulo: vos andate a dormir violadora serial
02:37:26 : Side: Pampita: Estoy viendo si me cruzo a alguien mas
02:37:29 : Side: Pampita: Pero nop
02:37:44 : Side: Pampita: todavia gracias a tu amigo tengo mi arma favorita mk48
02:38:28 : Side: Pampita: puta
02:38:32 : Side: sRulo: anda a dormir mierda ando con miedo
02:38:33 : Side: Pampita: la IA me cago a tiros
02:38:40 : Side: Pampita: mi pobre suv
02:40:19 : Side: JF: la idea es los vivos contra los zombis y lograr restablecer un orden porque de lo contrario  pasa eso estar perdiendo tiempo esperando que el server 
02:40:35 : Side: JF: te deje entrar de nuevo 
02:41:10 : Side: Pampita: siempre existen los psicopatas que matan por robar los items, ese es el rol que yo tome en este server
02:41:13 : Side: Pampita: asi que vivan con ello
02:41:18 : Side: Pampita: o mejor dicho mueran con ellos
02:41:20 : Side: Pampita: por mis balas
02:41:26 : Side: ShosS: jaja
02:41:30 : Side: Pampita: igualmente nunca escondo cuerpos
02:41:34 : Side: galle: veni decimelo en la fabrica a eso..
02:41:36 : Side: Pampita: y tomo solo lo que necesito
02:41:37 : Side: sRulo: bue ya se te mojo la concha tranquilizate
02:41:54 : Side: Pampita: galle ya te lo dije en el vodnik
02:41:59 : Side: Pampita: terminaste bastante muerto
02:42:13 : Side: Pampita: y yo con una mk48 nueva
02:42:22 : Side: Pampita: pero gracias por decirme que estan ahi
02:42:23 : Side: Pampita: ahi voy
02:46:37 : Side: galle: 15 min para q pierdas tus cosas..
02:46:46 : Side: Pampita: ya estoy aca
02:46:47 : Side: Pampita: te ve
02:46:48 : Side: Pampita: o
02:49:59 : Side: sRulo: paaaaampita pampita paaampita donde estas??
02:52:46 : Side: sRulo: daa zombies del orto
02:54:32 : Side: sRulo: gg wp
02:54:40 : Side: Pampita: ustedes provocaron esto
02:54:44 : Side: sRulo: andate a dormir lpm jajaj
02:54:45 : Side: Pampita: me conviertieron en un demonio
02:57:19 : Side: Pampita: tomatela
02:57:22 : Side: Pampita: q deje mi suv aca
02:59:24 : Side: Pampita: por giles pierden todo
02:59:40 : Side: sRulo: jajaj naa es un arma y la virgnidad no mas
15:05:16 : Side: Bad Guy: buenas
15:05:25 : Side: adm#2: hola como estas!
15:05:33 : Side: Bad Guy: bien bien aca probando el sv
15:05:42 : Side: adm#2: :)
15:05:58 : Side: adm#2: fijate que tenes un libro en e inventario
15:06:02 : Side: Bad Guy: consulta, hay vehiculos abandonados o hay q comprarlos?
15:06:30 : Side: adm#2: hay que comprarlos, salvo que haya alguno abandonado por un player
15:06:48 : Side: adm#2: todo lo q necesites comprar esta en mercado central
15:06:57 : Side: Bad Guy: haaa oka oka gracias
15:07:30 : Side: Bad Guy: la cosecha de marihuana hay q ir y darle a harvest weed?
15:07:44 : Side: adm#2: si, pero tambien podes sembrarla vos
15:07:54 : Side: Bad Guy: genial
15:08:01 : Side: adm#2: te decia q en tu inventario tenes un libro
15:08:10 : Side: Bad Guy: si
15:08:18 : Side: adm#2: ese libro te enseña agricultura, ganaderia y cocina
15:08:36 : Side: Bad Guy: si lo revise asi nomas
15:16:01 : Side: Hijo De Remil: hola changos
15:16:13 : Side: Leodagos: holañ
15:16:34 : Side: galle: hola hijo de re mil
15:16:50 : Side: Hijo De Remil: que onda el server?
15:16:57 : Side: Leodagos: q onda q
15:16:58 : Side: galle: ta joya
15:17:04 : Side: Hijo De Remil: hace una bocha que no juego a esto...
15:17:29 : Side: galle: sos riojano o santiagueÑo?
15:17:39 : Side: Hijo De Remil: santafecino.. 
15:17:42 : Side: Hijo De Remil: jajaç
15:17:45 : Side: galle: anda a cagar
15:17:47 : Side: Hijo De Remil: de rafaela 
15:17:57 : Side: galle: dicen changos tmb por allá?
15:18:06 : Side: Hijo De Remil: unos pocos
15:18:13 : Side: Bad Guy: solamente elw
15:18:24 : Side: Hijo De Remil: yo hablo como el orto igualmente
15:37:16 : Side: Hijo De Remil: pregunto: me mato un humano o un bot?
15:37:47 : Side: Silvester Stanag: si no te enojas, fui yo creo :D estabas saliendo de la cosecha?
15:37:56 : Side: Hijo De Remil: aja...
15:38:21 : Side: Hijo De Remil: me comi una buena garroteada
15:38:26 : Side: Leodagos: admin
15:38:30 : Side: Silvester Stanag: sory :) al menos te deje el arma
15:38:45 : Side: Bad Guy: igual lo importante ya lo junte
15:38:53 : Side: Silvester Stanag: bien :)
15:38:54 : Side: Hijo De Remil: no problema, empece hace 10 min en el server
15:40:05 : Side: Leodagos: nose si ya lo reportaron pero hay un bug con unos bots
15:40:13 : Side: Leodagos: le podes comprar items estando muertos
15:40:22 : Side: Leodagos: y vender
15:40:42 : Side: Leodagos: y nose si son de los de humanidad
15:41:50 : Side: Leodagos: aah ok
15:42:09 : Side: Leodagos: np
15:45:25 : Side: Leodagos: che alguno con humanidad alta para venderme un heli ?
15:48:45 : Side: Leodagos: q paso ?¿
15:48:54 : Side: sRulo: se cayo momentaneamente jaja
15:50:16 : Side: Leodagos: rulo cunto tenes de humanidad ?
15:50:26 : Side: sRulo: -6k por?
15:50:38 : Side: Leodagos: no me vendes un heli q tengo aca ?
15:50:49 : Side: Leodagos: estoy empezando , pego este heli y no puedo hacerlo $$
15:51:09 : Side: sRulo: mm estoy ocupado si me aguantas un rato joya
15:51:28 : Side: Leodagos: si , la onda es q no se borre
15:51:54 : Side: Leodagos: bueno avisame , estoy en mercado central
16:16:11 : Side: Leodagos: te ayudo ?
16:18:34 : Side: sRulo: loco queres terminar la mision con nosotros?
16:19:17 : Side: sRulo: leo queres terminar la mision con nosotros?
16:19:46 : Side: Leodagos: si dale np
16:19:49 : Side: Leodagos: donde es?
16:19:57 : Side: Leodagos: le pongo nafta a esto y voy
16:20:07 : Side: sRulo: ojo ya no le marca en el mapa
16:20:20 : Side: Leodagos: invitame al grupo
16:20:29 : Side: sRulo: esta al lado de la bandit de ahora que marca novy
16:21:05 : Side: sRulo: son 5400000 bots
16:21:12 : Side: sRulo: ya bajamos una banda pero quedan muchos
16:21:18 : Side: Leodagos: dale tengo banda de balas
16:21:29 : Side: sRulo: las torretas y el humby ya estan 
16:21:41 : Side: Leodagos: ok
16:21:43 : Side: Leodagos: dame 5
16:26:39 : Side: sRulo: legos no te acerques tanto
16:26:43 : Side: sRulo: hay muchos bots jaja
16:29:07 : Side: sRulo: estan muy op
16:29:16 : Side: sRulo:  no se como se metio el otro en bici jajaj
16:29:26 : Side: sRulo: donde esta galle es el quilombo
16:31:59 : Side: sRulo: ves al que me tira?
16:32:06 : Side: sRulo: cada vez que me muevo?
16:46:26 : Side: Alan: buenas
16:46:34 : Side: sRulo: buenas
16:46:36 : Side: sebastian: buenas
17:05:10 : Side: Leodagos: hola juan , donde se vende el black hawk acorazado ?
17:05:23 : Side: Leodagos: estamos aca intentando vender pero no lo toma
17:12:56 : Side: Leodagos: q onda 
17:17:44 : Side: Bad Guy: q onda
17:18:01 : Side: Alan: hola
17:19:47 : Side: Bad Guy: malditos hippis q no me dieron nada x el faso
17:28:29 : Side: Bad Guy: alguien sabe si los autos bloqueados se destruyen?
17:28:38 : Side: Alan: no se destruyen
17:28:41 : Side: juandayz: s
17:28:45 : Side: juandayz: nop
17:28:53 : Side: Bad Guy: piola gracias
17:29:02 : Side: juandayz: de nada :) bienvenido al server
17:29:26 : Side: Alan: pero si te chocas un arbol de frente se te vuelan las ruedas para todos lados jaja
17:29:37 : Side: Bad Guy: ajjaja
17:29:40 : Side: Bad Guy: eso lo sabia
17:29:49 : Side: Alan: yo no y me acaba de pasar
17:29:50 : Side: Alan: jajaja
17:30:27 : Side: Bad Guy: che q es el punto anaranjado adentro del circulo?
17:30:38 : Side: juandayz: es una mision sin bots
17:31:04 : Side: Bad Guy: pero da la casualidad q esta en otra mision AJAJAJ
17:31:21 : Side: juandayz: si, y en el area infectada :D
17:31:49 : Side: Bad Guy: q seria el area infectada?
17:32:14 : Side: juandayz: tene cuidado ahi, tenes almenos 1.5 min para entrar y salir si no moris infectado
17:32:34 : Side: Bad Guy: y q se puede lootear?
17:33:01 : Side: juandayz: es loot militar
17:33:19 : Side: juandayz: pero no mas que lo mismo q podes encoontrar en el airfield
17:34:17 : Side: Bad Guy: 1 solo bot en la patrulla?
17:40:26 : Side: Bad Guy: los puestos de control hay bandidos?
17:46:29 : Side: Bad Guy: es decir q si soy heroe no me van a acribillar a tiros_
17:48:00 : Side: Bad Guy: haa tamo tamo, era para saber si me tenia q defender de los tiros
17:48:48 : Side: Bad Guy: haaa
17:49:05 : Side: Bad Guy: y se pierde o se gana humanidad x darselas_
17:50:13 : Side: sRulo: alan sos vos lpm
17:50:19 : Side: Alan: sos vos rulo _
17:50:26 : Side: Alan: y si te tengo en el grupo culiado
17:50:31 : Side: Alan: como q no me aparece q sos vos _
17:50:32 : Side: sRulo: jajaj mba
17:50:45 : Side: Alan: perdonaa rulo 
17:50:48 : Side: Alan: pero por q no me aparece
17:50:49 : Side: sRulo: todo bien jaja
17:50:50 : Side: Alan: q estas en el grupo _
17:51:08 : Side: Alan: ahh culia
17:51:11 : Side: Alan: me sacaron del grupo
17:51:25 : Side: sRulo: no cada vez q te metes al mercado se sale
17:51:33 : Side: Alan: ahh dame grupo
17:52:09 : Side: sRulo: sisi
17:52:44 : Side: sRulo: para que ellos estan en party y yo no jaja
17:53:00 : Side: Alan: para no equivocarnos
17:53:07 : Side: Alan: ya veo q noson no lo matamos y son otros
17:53:10 : Side: Alan: y nos acribillan
17:53:12 : Side: sRulo: son loedagos y galle yo ya me estoy yendo
17:53:21 : Side: galle: yo tmb
17:53:25 : Side: Bad Guy: che hay un par de traders q no me deja abrirlos
17:53:40 : Side: Alan: bad acercate mas o hace un zoom y saca el zoom
17:53:42 : Side: Alan: ay te dejara
17:54:25 : Side: Bad Guy: ta gracias
17:54:37 : Side: Alan: de nada genio
17:55:14 : Side: Alan: esta lindo para hacer una base aca
18:51:08 : Side: Alan: larzuk
18:51:28 : Side: LarzuK: buenas
18:51:33 : Side: Alan: como va puerido
18:51:38 : Side: Alan: quieres hcer unas misiones _
18:51:43 : Side: Alan: o estas ocupado ?
18:51:52 : Side: LarzuK: che bancame que voy a ver de nuevo la pantalla de carga , ajja
18:51:58 : Side: LarzuK: me la perdi y la cambiaron
18:52:22 : Side: Alan: jajaja
18:52:24 : Side: Alan: ok dale
18:52:32 : Side: Alan: te espero entonces _
18:52:37 : Side: LarzuK: da pero carga a los pedos y es un texto larguisimo , jaja
18:52:51 : Side: Alan: yo alcanzo a leerlo 40 veces
18:53:03 : Side: Alan: entro 2 veces mas y me lo se de memoria ya
18:53:20 : Side: LarzuK: jaja
18:53:29 : Side: Alan: ay te mande grupo
18:53:32 : Side: LarzuK: hola seba
18:53:53 : Side: sebastian: hola
18:56:40 : Side: Alan: larzuk _
19:03:09 : Side: Alan: y larzuk
19:43:56 : Side: Alan: q carajo
19:43:59 : Side: Alan: me desmayo a cada rato
19:44:17 : Side: sebastian: cuanta sangre tienes ?
19:46:26 : Side: sebastian: oye alan nesesitas ayuda ?
19:47:25 : Side: Alan: no puedo sacar mi meter plot
19:47:29 : Side: Alan: seba, como lo saco
19:47:56 : Side: sebastian: jo me pillaste no capto nada en construcciones
19:48:12 : Side: sebastian: pero deberia apareserte una opcion
19:48:39 : Side: Alan: me aparece activar alarma nomas
19:48:50 : Side: Alan: maintain area y maintain area preview
19:49:38 : Side: sebastian: mm no capto bro
19:49:47 : Side: Alan: hay esta jaja
19:49:55 : Side: sebastian: si ? a buena xd
19:50:36 : Side: sebastian: he encontrado varios veiculos y todos bloqueados
19:52:13 : Side: Alan: jaja sii
19:52:18 : Side: Alan: te estas equipando seba ?
19:52:46 : Side: sebastian: tengo varias armas ya una carpita y ando solo xd
19:52:55 : Side: sebastian: y la bici
19:53:06 : Side: Alan: ajja si quieres ahora vamos de mision
19:53:31 : Side: sebastian: bueno
19:53:53 : Side: sebastian: donde nos juntamos ?
19:56:23 : Side: sebastian: voy ala mision
20:03:20 : Side: Alan: admin
20:03:22 : Side: Alan: estas ?
20:06:57 : Side: Alan: adm ?
20:18:59 : Side: Alan: admin estas ?
20:20:19 : Side: JF: HOLA TODOS 
20:20:23 : Side: Alan: hola jf
20:21:29 : Side: JF: Admin que pasa por que me tira la pantalla para comenzar todo de nuevo si yo no he muerto 
20:23:59 : Side: JF: Alan vos tuviste que empezar todo de nuevo tambien o solamente a mi me tira esta opcion 
20:24:09 : Side: Alan: no yo no xd
20:33:45 : Side: Alan: seba
20:33:50 : Side: sebastian: dime
20:33:54 : Side: Alan: ya estoy
20:34:05 : Side: sebastian: donde
20:35:20 : Side: Alan: no quieres ir de misiones ?
20:35:28 : Side: sebastian: si recien mori
20:35:49 : Side: Alan: acepta
20:36:34 : Side: sebastian: quien anda en chopo
20:36:40 : Side: Alan: yo
20:36:48 : Side: sebastian: a buena tengo un veiculo aca
20:37:03 : Side: Alan: ay voy
20:37:31 : Side: sebastian: habia un bot en un auto con artilleria ese me mato xd
20:42:08 : Side: Alan: como me vas a decir q te pase a buscar
20:42:18 : Side: Alan: y estas en medio de la guerra jaja
20:42:23 : Side: sebastian: xd
20:42:37 : Side: Alan: me conecto mas tarde nos vemos
20:42:41 : Side: sebastian: oka
20:45:10 : Side: JF: Admin estas ahi
20:49:12 : Side: JF: hey juan estas ahi
20:52:14 : Side: JF: HEY  ADMINISTRADOR ESTRAS AHI 
20:52:38 : Side: JF: ADMIN 
20:53:01 : Side: JF: ADMIN
20:53:07 : Side: JF: ADMIN
20:53:22 : Side: JF: ADMIN
20:54:55 : Side: JF: PASA QUE ME RECETEARON TENGO QUE COMENZAR TODO DESDE CERO Y NI SIQQUIERA TENGO EL CUERPO EN EL MAPA PARA RESCATAR 
20:55:41 : Side: JF: YO NI SIQUIERA HABIA MUERTO ESTABA BIEN RESGUARDADO
20:56:17 : Side: JF: NO LO SE
20:57:02 : Side: JF: PERO TAL COMO ME ENCUENTRO AHORA PIERDO TODO INJUSTAMENTE Y YA HABIA JUNTADO UN MONTON DE COSAS 
20:58:19 : Side: JF: JAJAJA BUENO PERO NO TE ENOJES 
20:59:29 : Side: JF: NO ME ENOJA , ME ASUSTA JAJA QUE ME DEJE SIN ALTERNATIVAS
21:17:52 : Side: JF: Asmin si este es mi personaje muchas gracias te debo una hermana 
21:18:13 : Side: admin#2: no soy monja :D
21:18:19 : Side: sebastian: admin mi veiculo no esta :c
21:18:55 : Side: admin#2: donde dejaste?
21:19:06 : Side: JF: como monja xD jaja
21:19:43 : Side: sebastian: lo deje al lado de unos arboles y al reiniciarse apareci unos metros atras y vuelvo y ya no esta
21:19:44 : Side: admin#2: tu vehiculo es una SUV?
21:19:56 : Side: sebastian: no tenia 2 artilleria
21:20:11 : Side: sebastian: uno militar creo que lo consegui en unos bandidos
21:20:32 : Side: admin#2: los vehiculos de la mision no se guardan en el restart
21:20:58 : Side: sebastian: ahh oka gracias perdi varias cosas pero no importa tengo lo mas importante xd
21:20:59 : Side: admin#2: tambien se borran si los dejas enganchados
21:21:35 : Side: admin#2: aca hay una suv cerca tuyo. tal vez sea tuya
21:22:34 : Side: sebastian: si lo vi pero esta bloqueada
21:22:39 : Side: admin#2: ok
21:24:37 : Side: JF: seba vos andas por el trade 
21:24:47 : Side: sebastian: nop
21:25:18 : Side: JF: a tengo un camion si lo queres te lo doy
21:25:18 : Side: sebastian: altiro me conecto voy a tomar 11
21:25:38 : Side: sebastian: jaja no gracias hay me arreglo yo
21:25:41 : Side: sebastian: vale
21:26:03 : Side: sebastian: altiro vengo
21:27:14 : Side: LadillaMan: Holandaaa
21:27:23 : Side: admin#2: hola!
21:27:28 : Side: LadillaMan: soy el rompebola del facebook
21:27:37 : Side: LadillaMan: estoy probando lo de lo zombie a ver si me escuchan a 40km
21:27:55 : Side: JF: hola ...
21:28:49 : Side: LadillaMan: todo scabio vacio se encuentra e 
21:28:54 : Side: LadillaMan: manga de chupetes
21:29:05 : Side: LadillaMan: botellas de vodka vacias ajajaj
21:29:47 : Side: JF: ho que bueno seria tener una llena de verdad jaja
21:30:12 : Side: LadillaMan: jajajajaj se 
21:30:14 : Side: LadillaMan: los admines escabian
21:30:57 : Side: JF: kapa xD jaja
21:38:36 : Side: JF: Admin  ahi enfrente en la arboleda tenia un kamvas  y una SUV camo y tampoco estan ahi guardaba lo que me sirve
21:49:51 : Side: sebastian: holaaa
22:07:52 : Side: sebastian: buenas
22:08:11 : Side: JF: Hola Chukin
22:40:07 : Side: gabox: HI EVEYBOY
