02:55:00 : Side: Al3: hola una pregunta, el servidor es pvp o pve?
02:55:10 : Side: Dragons: las dos cosas
02:55:21 : Side: Al3: ok gracias
02:55:25 : Side: Dragons: dnd
02:56:13 : Side: Dragons: en la tarde suele entrar mas gente..  aun lo estan mejorando con algunas falas...pero esta bueno
02:56:22 : Side: Dragons: fallas
02:56:33 : Side: Al3: :D de diez
02:57:46 : Side: Dragons: tiene misiones randon..pero si no te gusta las q hay  vas al mercado y podes pedir misiones....
13:13:18 : Side: JF: Hola Dromsito cocmo estas?..
13:15:58 : Side: JF: Hola Helman ..
13:21:33 : Side: JF: tenes municiones
13:21:59 : Side: santiago: de q
13:22:52 : Side: santiago: si
13:39:39 : Side: JF: Hola helmans eres nuevo 
13:40:58 : Side: JF: HOLA 
13:41:13 : Side: JF: HELMANS ERES NUEVO
13:41:49 : Side: JF: VEN HELMANS
14:59:34 : Side: JF: HEY DROMSITO A VAS TAMBIEN SE TE CORTO?
20:42:16 : Side: [WG] SnakeGeneral: admin on ?
20:42:29 : Side: Leyva: no creo que te paso?
21:48:50 : Side: santiago: hola
22:01:53 : Side: santiago: maldito tte robaste me sniper
22:55:03 : Side: Leyva: ?
22:56:00 : Side: =[666]=Pablo_RC: me hablaste?
22:56:25 : Side: Leyva: no
22:56:31 : Side: =[666]=Pablo_RC: sorry
