02:15:50 : Side: Hawk: precisan ayuda?
02:15:52 : Side: Hawk: estoy cerca
02:17:18 : Side: Hawk: repito, precisan ayuda? 
02:17:32 : Side: James: bienvenida sea
02:17:41 : Side: Hawk: estan en la roja no? escuche los tiros
02:17:46 : Side: James: se
02:17:55 : Side: Hawk: tiene grupo armado? mandame
02:18:22 : Side: James: ahi va
02:18:43 : Side: James: estan para tu oeste
02:18:50 : Side: Hawk: si vi el chopper hace un rato
02:20:24 : Side: James: llego
02:20:33 : Side: Hawk: dale
02:20:45 : Side: Hawk: estoy aguantando que se pongan en cobertura antes de disparar
02:21:40 : Side: James: sacuda nomas
02:23:26 : Side: Matias: ME SALI DE LA PARTI SOY UNA LECHUGA
02:24:05 : Side: James: ok
02:27:34 : Side: Hawk: a tu dercha matias
02:27:37 : Side: Hawk: listo
02:27:38 : Side: Hawk: cayo
02:28:12 : Side: Hawk: esta libre
02:28:50 : Side: Hawk: uhh esta lleno de cosas de construccion, les re sirve si no tiene base todavia
02:29:48 : Side: James: genial
02:29:52 : Side: James: recien tenemos auto nomas
02:30:32 : Side: Hawk: junten todas las armas que pueden el 90 % las compra el trader de stary
03:42:22 : Group: Matias: -
04:10:22 : Group: James: asdasd
19:44:24 : Side: Marce: hola
20:05:13 : Side: Marce: da
20:05:18 : Side: Marce: asd
20:05:41 : Side: Marce: che, hay algun lugar donde haya una guia de como armar un server de dayz?
20:12:11 : Side: Marce: hay delay de 3 o 4 segundos con el menu
20:14:43 : Side: Marce: aa
