05:20:12 : Side: Mijael: Todo bien?
05:20:24 : Side: Leodagos: hola , si todo tranqi
05:20:36 : Side: Mijael: Viciando a las 4 de la mañana eh 
05:20:45 : Side: Leodagos: ma vale ameo
05:20:56 : Side: Mijael: jajaja
05:21:18 : Side: Leodagos: tenes idea si se puede vender el mi 17 armado ?
05:21:31 : Side: Mijael: no teeeengo la menor idea
05:25:56 : Side: Mijael: el grande
05:25:57 : Side: Mijael: si
05:26:16 : Side: Mijael: en grinshino bajate
05:26:27 : Side: Mijael: y anda tirando con el paracaidas hacia el aeropuerto
05:26:41 : Side: Mijael: le erre re feo, era para el chat de steam jajaja
05:27:32 : Side: Mijael: sisi
19:22:50 : Side: juandayz: en el patio te deja
19:24:28 : Side: juandayz: :D
19:25:37 : Side: Ariel: adentro no se puede entonces?
19:25:53 : Side: juandayz: no, pero el plot ahi, tendria q llegar hasta dentro
19:26:07 : Side: Ariel: a ver
19:27:50 : Side: Ariel: ese es tu plot?
21:07:41 : Side: Mijael: seeeeeeeeeeeee
21:07:45 : Side: Mijael: welcome to paradise
21:10:17 : Side: Mijael: Ariel
21:10:48 : Side: Ariel: si decime
21:11:02 : Side: Mijael: Tenes uno de scrap metal para prestarme? jaja
21:11:23 : Side: Ariel: nono, jeje ojala
21:11:46 : Side: Mijael: ooh, y sabes donde se puede conseguir?
21:12:07 : Side: Ariel: trader
21:12:20 : Side: Mijael: jajaja no tengo nada de plata
21:21:36 : Side: Mijael: Che ariel, pinta team?
21:22:01 : Side: Mijael: es un bajon estar solo
