02:52:41 : Direct: Alan: de mi mochila
02:52:50 : Direct: Alan: pero yo no me desangro ni estoy qubrado
02:52:51 : Direct: Alan: ni nada
02:52:58 : Direct: Alan: solamente el reloj de arena y no me deja levantarme
02:53:07 : Direct: Alan: aca
02:53:09 : Direct: Alan: al costadito
02:53:12 : Direct: Alan: casi alado de seba
02:53:19 : Direct: Alan: mira
02:53:20 : Direct: Alan: me levante
02:53:39 : Direct: Alan: no nada pero
02:53:42 : Direct: Alan: veo blanco y negro
02:53:47 : Direct: Alan: y tengo el reloj de arena
02:54:08 : Direct: Alan: jajajajaja
02:54:21 : Direct: Alan: se
02:54:34 : Direct: Alan: no me deja usarla
02:54:51 : Direct: Alan: oma hacelo vos
02:55:13 : Direct: Alan: ajaja
02:55:31 : Direct: Alan: q carajo
02:55:34 : Direct: Alan: ahora yo
02:55:46 : Direct: Alan: ya ya
02:55:48 : Direct: Alan: falsa alarma
02:56:01 : Direct: Alan: jaja con razon
02:56:07 : Direct: Alan: marcelo dice q a cada rato pierde sangre
02:56:11 : Direct: Alan: marcelo traga sable
02:57:03 : Direct: Alan: a mi me queda 1 todavia
