14:29:55 : Side: PadreMavi: larzuk querido como andas?
14:30:19 : Side: PadreMavi: che te hago una pregunta... tenes idea que pasa cuando te matan y quedas atrapado como en wilderness pero con radiación?
14:30:20 : Side: LarzuK: hola che , todo bien , vos ?
14:30:27 : Side: PadreMavi: bien mi hermano, tranquilo
14:30:35 : Side: PadreMavi: volviendo a viejas epocas ja
14:30:50 : Side: LarzuK: jaja uh , ni idea , supongo que sera algun bug del plugin de spawn
14:30:59 : Side: PadreMavi: que pija
14:31:02 : Side: PadreMavi: jaja
14:31:11 : Side: LarzuK: fijate de ultima si podes postear alguna foto y ponerlo en la pagina, asi lo mira algun admin
14:31:21 : Side: LarzuK: pasa muy seguido ?s
14:31:43 : Side: PadreMavi: ni idea, es la primera vez que pasa
14:31:49 : Side: PadreMavi: ahi le saque capturas
14:32:15 : Side: LarzuK: ta , conoces la pagina de facebook del server ?
14:34:57 : Side: PadreMavi: ahi se arregló
14:35:05 : Side: PadreMavi: apareci en el último lugar donde me mataron
14:35:14 : Side: LarzuK: ah, jaja , igual medio bug
14:37:22 : Side: PadreMavi: che larzuk nos emos
14:37:26 : Side: PadreMavi: abrazo mi hermano
14:37:28 : Side: LarzuK: nos vemos che
14:37:30 : Side: LarzuK: suerte
17:44:18 : Side: Azrael1x: holas
