03:05:56 : Side: Alan: estas solo jf
03:06:19 : Side: JF: si recien entro
16:35:18 : Side: keyfa: buenas
16:35:37 : Side: sebastian: buena
16:35:53 : Side: keyfa: que onda el server? piola?
16:35:58 : Side: sebastian: sep
16:36:16 : Side: keyfa: es pvp o pve¿
16:36:28 : Side: sebastian: pvp el server esta la raja eso te digo
16:37:28 : Side: keyfa: me lo recomendo un amigo
16:37:32 : Side: keyfa: hace mucho no jugaba epoch
16:37:52 : Side: sebastian: a bkn 
16:38:21 : Side: keyfa: sabe entrar mas gente?
16:38:26 : Side: sebastian: sip
16:39:24 : Side: sebastian: hay poca por que recien hubo un mantenimiento en el servidor
16:39:30 : Side: sebastian: hace poco
16:49:31 : Side: keyfa: ta todo el mapa cambiado 
16:49:32 : Side: keyfa: O.o
16:49:51 : Side: sebastian: esta editado nomas
17:04:35 : Side: LarzuK: buenas
17:04:40 : Side: LarzuK: que hace jp ?
17:05:10 : Side: juan p: una casita en el bosque 
17:06:03 : Side: LarzuK: a bue
17:06:11 : Side: LarzuK: que boludo , jajja me re buguie
17:06:15 : Side: LarzuK: me tiro al mar
17:06:39 : Side: LarzuK: quise poner una de esas lamparas portatiles , y subirme antes de ponerla , a ver que pasaba
17:06:41 : Side: LarzuK: ajaja
19:10:15 : Side: MaxBraian: hola
19:53:43 : Side: MaxBraian: hola
19:54:07 : Side: ulises: HOLA xd
20:10:51 : Side: sebastian: men wena entra a ts
20:58:45 : Side: JF: Buenas gente como va , que pasó se durmio el cantinero
20:59:04 : Side: ulises: xD
20:59:15 : Side: sebastian: je
