13:55:08 : Direct: adm#2: toma
19:15:18 : Direct: juandayz: hi
19:15:29 : Direct: juandayz: veni afuera q te doy elo heli
19:15:44 : Direct: [WG] SnakeGeneral: eu ja comprei ele
19:16:45 : Direct: juandayz: keys into the heli
19:17:02 : Direct: [WG] SnakeGeneral: thxs
19:18:30 : Direct: juandayz: ojo cuando mates a los bots de la mision, q en elo destacamento hay otros bots
19:19:10 : Direct: Azrael1x: uh me olvide de esa gracias
19:19:18 : Direct: juandayz: ;)
19:19:29 : Direct: juandayz: despues andate a krasnostav q es un bardo
19:19:36 : Direct: juandayz: y hay loot q no apareece
19:19:44 : Direct: Azrael1x: si estoy tentado ahi
19:30:20 : Direct: juandayz: q onda
19:30:27 : Direct: Nikyta: y ahora me dice que no puedo construir por que hay demaciados objetos xd
19:30:40 : Direct: juandayz: y pasa  q colmaste el plot
19:30:47 : Direct: Nikyta: quise borrar algunas cosas pero tampoco me deja
19:30:59 : Direct: juandayz: no, tenes q borrar y borrar hasta q te deje
19:31:00 : Direct: Nikyta: como los pisos de arriba de la escalera
19:31:18 : Direct: juandayz: suele pasar, cuando llegas al limite
19:31:30 : Direct: juandayz: despues es como q se bugea o algo asi
19:31:43 : Direct: juandayz: y empezas a borrar como boba hasta q te deja de nuevo
19:32:00 : Direct: Nikyta: podes borrar los pisos nde la parecia a parecita 
19:32:16 : Direct: Nikyta: pero tampoco me deja borra
19:33:12 : Direct: juandayz: q queres borrar?
19:33:31 : Direct: Nikyta: ahi me paro en las que quiero borrar
19:33:34 : Direct: Nikyta: para
19:33:58 : Direct: Nikyta: estos dos pisos
19:34:54 : Direct: Nikyta: y estas tres xd
19:35:55 : Direct: juandayz: cual mas?
19:36:33 : Direct: juandayz: ?=
19:36:35 : Direct: Nikyta: y la de arriba de la camioneta 
19:36:55 : Direct: Nikyta: ahora si a ver si puedo
19:37:10 : Direct: Nikyta: gracias xd
19:37:59 : Direct: juandayz: te deja?
19:39:29 : Direct: Nikyta: ahora si
19:39:33 : Direct: juandayz: joya
19:39:54 : Direct: juandayz: q es de la vida de rolo?
19:39:58 : Direct: juandayz: vive todabia?
19:40:23 : Direct: Nikyta: jajaja si de joda como siempre jajaj
19:40:36 : Direct: juandayz: decile q se aparezca
19:44:50 : Direct: juandayz: para servir y proteger
19:44:55 : Direct: juandayz: :D
19:45:06 : Direct: Azrael1x: jaja te quise saludar y no me salio XDÇ
19:45:10 : Direct: juandayz: jajaj
19:54:33 : Direct: juandayz: jajaj
19:54:36 : Direct: juandayz: q cagaso
19:54:45 : Direct: juandayz: :D
19:55:05 : Direct: juandayz: ahora te cabe un tiro
20:03:36 : Direct: juandayz: or give me the cords  for the heli
20:04:22 : Direct: [WG] SnakeGeneral: 078 012
20:04:28 : Direct: juandayz: ok
20:07:17 : Direct: juandayz: stopp
20:07:43 : Direct: juandayz: gona put the key into yur backpack
20:07:59 : Direct: juandayz: green key
20:08:03 : Direct: [WG] SnakeGeneral: thxs
20:08:08 : Direct: juandayz: ;)
20:09:45 : Direct: juandayz: si vas a kras
20:09:56 : Direct: juandayz: ojo los antiaereos, si vas en heli
20:10:31 : Direct: Azrael1x: nee jaja en bicla.me quedo pobre comprando armas
20:10:41 : Direct: juandayz: ahi hay una g36 en la carpa
20:11:06 : Direct: Azrael1x: uhh de una 
20:11:28 : Direct: Azrael1x: we ya me habia comprado jaja la vendo
20:11:29 : Direct: FIN4LShare: juan
20:11:39 : Direct: juandayz: fijate tambien en los humvies wreck
20:11:45 : Direct: juandayz: q podes buscar items
20:11:50 : Direct: juandayz: o pedir suministros
20:12:00 : Direct: Azrael1x: que es wrek?
20:12:11 : Direct: juandayz: viste los humvies destruidos
20:12:20 : Direct: juandayz: esos  q apareecen de adorno
20:12:22 : Direct: Azrael1x: sip
20:12:34 : Direct: juandayz: bueno, te paras al lado y pedis suministros
20:12:50 : Direct: Azrael1x: ahhh lo lei a eso pero no entendi
