00:59:55 : Direct: GusTavoR-: tienes skype?
03:59:54 : Direct: Alan: GRACIAS GENIO
03:59:58 : Direct: Alan: quien sos
04:00:06 : Direct: Alan: asi te doi grupo
04:00:12 : Direct: Alan: ell polacooo
04:06:48 : Direct: edgar: bamos ami base?
04:07:34 : Direct: edgar: ala base
20:08:36 : Direct: ChukyN: te deja aca
20:08:38 : Direct: ChukyN: ?
20:13:24 : Direct: ChukyN: dame otro dhskm
20:13:32 : Direct: reconnect: no tengo
20:13:37 : Direct: ChukyN: fuck
20:13:39 : Direct: reconnect: tengo los m134 los puse en el heli
20:14:07 : Direct: ChukyN: naa el problema es el dhskm
20:14:12 : Direct: reconnect: ptm
20:14:12 : Direct: ChukyN: los otros andan bien
20:14:21 : Direct: ChukyN: lo raro que me dejo cargarlo en un vehiculo
20:14:24 : Direct: ChukyN: o sea la ammo anda
20:14:27 : Direct: ChukyN: no lo compra el trader no mas
20:14:35 : Direct: reconnect: y tiene 100 o 50?
20:14:43 : Direct: ChukyN: 50
20:14:48 : Direct: reconnect: weird
20:24:22 : Direct: ADM: no te vayas
20:24:36 : Direct: Alan: si vos decis jaja
20:24:40 : Direct: reconnect: no te veo
20:24:45 : Direct: ADM: ya esta
20:24:50 : Direct: reconnect: dejaste abierto
20:24:52 : Direct: reconnect: alan
20:24:59 : Direct: Alan: me olvido siempre
20:25:05 : Direct: ADM: te meti 300k en el bolsillo
20:25:09 : Direct: ADM: bye
20:25:14 : Direct: reconnect: grax culia
20:25:20 : Direct: Alan: TE AMAMOS
20:25:29 : Direct: ADM: cualquier cosa le preguntan a nah que es un erudito del dayz :D
20:25:33 : Direct: Alan: pero
20:25:35 : Direct: Alan: es un hdp ese
20:25:37 : Direct: Alan: no ayuda
20:25:39 : Direct: reconnect: jajajaja
20:25:41 : Direct: Alan: le pregunte muchas cosas
20:25:48 : Direct: Alan: y se hace el fanfarron el muy cara de japi
20:26:03 : Direct: ADM: na le gusta alardear no mas me parece jajaja bueno suerte chicos
20:26:08 : Direct: Alan: a ver
20:26:12 : Direct: reconnect: gracias man
20:26:12 : Direct: Alan: cuando te vienes
20:26:15 : Direct: Alan: con nosotros
20:26:17 : Direct: Alan: a hacer misiones
20:26:23 : Direct: Alan: nos tienes abandonado zorra
22:05:43 : Direct: sRulo: saluden amargos jaja
22:06:06 : Direct: reconnect: HOLA VIEJA
