01:20:44 : Group: Jose Luis: jajajaja
01:20:45 : Group: Sirfes-AR: que hay amigo? jajajaja
01:21:35 : Group: Jose Luis: mira lo que tengo en la cabaña oco
01:21:37 : Group: Jose Luis: loco
01:22:05 : Group: Sirfes-AR: excelente
01:24:36 : Group: Jose Luis: que hacemos sirfes
01:24:48 : Group: Sirfes-AR: lo que quieras
01:24:58 : Group: Jose Luis: yo estaba esperando una mision de bandidos
01:25:02 : Group: Sirfes-AR: tengo ganas de ir a airport
01:25:13 : Group: Jose Luis: porque me falta solo 500 para vender las m2 y las municiones
01:25:25 : Group: Jose Luis: pues vamos
01:25:34 : Group: Jose Luis: cuando digo 500 hablo de la humanidad
01:25:44 : Group: Sirfes-AR: sisi, entiendo
01:25:45 : Group: Jose Luis: mira mi rifle
01:25:57 : Group: Sirfes-AR: lo vi, esta bueno
01:26:31 : Group: Jose Luis: no pensaba verte por aca
01:26:53 : Group: Sirfes-AR: ando medio enfermo
01:27:09 : Group: Jose Luis: eso me dijiste
01:27:15 : Group: Jose Luis: vamos en tu coche o en el mio?
01:27:24 : Group: Sirfes-AR: vamos en el camion
01:27:29 : Group: Sirfes-AR: asi guardamos mas cosas
01:28:38 : Group: Sirfes-AR: esperame que me reconecto
01:28:44 : Group: Jose Luis: oka
01:29:40 : Group: Sirfes-AR: ya no se pude poner la set view?
01:29:51 : Group: Jose Luis: se puede pero a veces desaparece
01:30:08 : Group: Jose Luis: mas q todo cuando le das en display name yes
01:30:13 : Group: Sirfes-AR: maneja vos amigo
01:30:21 : Group: Jose Luis: dale a donde vamos
01:30:35 : Group: Sirfes-AR: vamos a airport
01:30:54 : Group: Jose Luis: charlie 44?
01:31:12 : Group: Sirfes-AR: a base militar
01:31:23 : Group: Jose Luis: area militar?
01:31:28 : Group: Sirfes-AR: si, queres?
01:31:33 : Group: Sirfes-AR: o es mucho?
01:31:41 : Group: Jose Luis: jajaja pues me falta 500 para ser heroe y vender las cosas 
01:31:52 : Group: Jose Luis: matar soldados baja mucho la humanidad
01:32:05 : Group: Sirfes-AR: ah oka. vamos a donde te de humanidad
01:32:31 : Group: Jose Luis: humanitariow
01:32:52 : Group: Jose Luis: luego loot en stary si quieres
01:33:12 : Group: Sirfes-AR: -dale
01:34:35 : Group: Jose Luis: listo
01:34:39 : Group: Jose Luis: ahi gane 100
01:36:14 : Group: Sirfes-AR: derecha
01:36:51 : Group: Sirfes-AR: derecha
01:38:34 : Group: Sirfes-AR: izquierda
01:40:04 : Group: Sirfes-AR: sigue por este camino
01:40:55 : Group: Sirfes-AR: quieres que dejemos el camion por Novy?
01:41:23 : Group: Jose Luis: yo creo que lo dejamos a tras de stary y disparamos de lejos para limpiar
01:41:43 : Group: Sirfes-AR: cuidado que aparecio mision cerca
01:41:55 : Group: Jose Luis: carajo y de heroes
01:42:38 : Group: Jose Luis: lo dejamos aca?
01:42:46 : Group: Sirfes-AR: sisi
01:42:55 : Group: Jose Luis: llevo sandbags?
01:43:09 : Group: Sirfes-AR: nah, no creo que nos hagan falta
01:43:24 : Group: Jose Luis: que hay aparte de z?
01:43:42 : Group: Sirfes-AR: nada mas que yo sepa
01:44:39 : Group: Jose Luis: no trajiste sd?w
01:44:55 : Group: Sirfes-AR: nah, quiero conseguir mas cargadores jaja
01:45:08 : Group: Jose Luis: yo perdi 7 en el reinicio de mochila
01:45:08 : Group: Sirfes-AR: mira
01:45:20 : Group: Sirfes-AR: vamos?
01:45:26 : Group: Jose Luis: claro vamos!
01:46:25 : Group: Jose Luis: te parece bien la antena en 404
01:46:25 : Group: Sirfes-AR: dejemos el camion por ese camino naranja
01:46:39 : Group: Jose Luis: rogovo?
01:46:54 : Group: Sirfes-AR: antes. en ese playon gris
01:47:04 : Group: Jose Luis: oka
01:47:09 : Group: Jose Luis: de ahi podemos disparar 
01:47:42 : Group: Sirfes-AR: despues podemos volver a este lugar
01:47:54 : Group: Jose Luis: dale
01:48:28 : Group: Sirfes-AR: parece una base militar starys
01:48:51 : Group: Jose Luis: paso por ahi o esquivamos?
01:49:01 : Group: Sirfes-AR: pasa
01:51:28 : Group: Sirfes-AR: busquemos un buen punto de tiro. vos te encargas de batalos con tu sd. yo cuido tu espalda de Z y de los que se acerquen
01:52:26 : Group: Sirfes-AR: dejalo en el arbol de la izq
01:52:44 : Group: Jose Luis: izquierda o derecha
01:52:58 : Group: Sirfes-AR: dejalo por ahi xD
01:53:12 : Group: Jose Luis: tengo los sandbags puestos
01:53:21 : Group: Sirfes-AR: tienes plot?
01:53:24 : Group: Jose Luis: si
01:54:51 : Group: Jose Luis: listo
01:55:31 : Group: Jose Luis: los veo
01:55:38 : Group: Sirfes-AR: creo que lo mejor va a ser ir a esa antena
01:55:45 : Group: Sirfes-AR: es un punto alto
01:55:57 : Group: Jose Luis: o carretera de cosecha de marihuana
01:56:08 : Group: Jose Luis: pero los veo casi a todos
01:56:44 : Group: Jose Luis: 620 metros
01:56:46 : Group: Sirfes-AR: armemos aqui el plot?
01:56:52 : Group: Sirfes-AR: correcto
01:56:59 : Group: Jose Luis: pues si quieres dale
01:57:16 : Group: Sirfes-AR: los arboles tosquean un poco
01:57:22 : Group: Jose Luis: exacto eso me hace dudar
01:57:29 : Group: Jose Luis: vamos entonces a pie a carretera de marihuana
01:57:36 : Group: Sirfes-AR: a muestra derecha parece estar despejado
01:58:20 : Group: Sirfes-AR: nop, es un punto bajo
01:58:45 : Group: Jose Luis: y si atropellas un arbol?
01:58:48 : Group: Jose Luis: te veran?
01:59:18 : Group: Sirfes-AR: yo tengo hacha, podriamos bajarlos
01:59:41 : Group: Jose Luis: lo que vayamos a hacer tenemos que hacerlo rapido
01:59:48 : Group: Jose Luis: disparaste tu?
01:59:55 : Group: Jose Luis: las misiones verdes desaparecen rapido
02:00:08 : Group: Jose Luis: nos disparan?
02:00:10 : Group: Sirfes-AR: hagamoslo aqui, matemos los que podamos, si vienen estan muertos. no tienen donde cubrirse
02:01:05 : Group: Sirfes-AR: cuantos sanbags tienes?
02:01:34 : Group: Jose Luis: 3 aqui uno en el coche
02:02:06 : Group: Sirfes-AR: mas pegado
02:02:20 : Group: Sirfes-AR: para que tengas una buena vista y no te den con facilidad
02:02:34 : Group: Jose Luis: ya 
02:03:32 : Group: Jose Luis: ves las m2?
02:03:54 : Group: Sirfes-AR: no
02:04:06 : Group: Jose Luis: pues que mas da a disparar
02:06:36 : Group: Sirfes-AR: bien
02:06:46 : Group: Sirfes-AR: cuantas bajas confirmadas?
02:06:53 : Group: Jose Luis: 8
02:07:05 : Group: Sirfes-AR: mira las cajas
02:07:14 : Group: Sirfes-AR: a la derecha del camion
02:07:24 : Group: Jose Luis: ya
02:07:25 : Group: Sirfes-AR: excelente
02:07:27 : Group: Jose Luis: 10
02:07:51 : Group: Jose Luis: le dispare a uno y desaparecio
02:07:56 : Group: Jose Luis: mierda!!!1
02:08:03 : Group: Sirfes-AR: WTFFFF?
02:08:18 : Group: Jose Luis: vamos a ver si dejaron cuerpos?
02:08:37 : Group: Sirfes-AR: no veo ninguno
02:08:45 : Group: Jose Luis: no me jodas
02:08:56 : Group: Jose Luis: bueno al menos tengo puntuacion de heroe
02:09:00 : Group: Jose Luis: vamos a vender esas m2
02:09:09 : Group: Jose Luis: y compramos un camion con metralleta si quieres
02:09:34 : Group: Sirfes-AR: que mierda, como nos jodieron
02:09:41 : Group: Jose Luis: asi me paso una vez
02:09:47 : Group: Jose Luis: las misiones en verde desaparecen muy rapido
02:09:50 : Group: Jose Luis: ya faltaba poco
02:10:51 : Group: Jose Luis: conduces?w
02:11:00 : Group: Sirfes-AR: como gustes
02:11:23 : Group: Sirfes-AR: a donde vamos?
02:11:39 : Group: Jose Luis: te parece bien mercado?
02:11:46 : Group: Sirfes-AR: guiame
02:11:53 : Group: Jose Luis: izq
02:12:19 : Group: Sirfes-AR: nos estan jodiendo xD
02:12:25 : Group: Jose Luis: ves la mision?
02:12:28 : Group: Jose Luis: jajaja re lejos pero vamos
02:13:55 : Group: Jose Luis: DEJAMOS COCHE EN 139
02:14:16 : Group: Jose Luis: Y MONTAMOS PLOT POR AHI SI NOS DEJA CLARO ESTA PORQUE HAY CIUDAD CERCA
02:15:27 : Group: Sirfes-AR: oka, guiame hasta ahi
02:15:45 : Group: Jose Luis: PARA UN MOMENTO
02:15:54 : Group: Jose Luis: MIRA EL MAPA
02:16:12 : Group: Jose Luis: DONDE LO VES MEJOR
02:16:29 : Group: Sirfes-AR: en 158
02:16:35 : Group: Jose Luis: DALE
02:16:40 : Group: Jose Luis: OJALA NO HAYA MUCHO ARBOL
02:16:59 : Group: Jose Luis: IZQ
02:17:45 : Group: Jose Luis: IZQ
02:18:52 : Group: Jose Luis: DALE EL MISMO CAMINO
02:19:06 : Group: Jose Luis: IZQ
02:20:55 : Group: Jose Luis: IZQ
02:21:31 : Group: Jose Luis: DER Y PASAMOS POR CHERNO
02:22:07 : Group: Jose Luis: IZQUIERDA Y RECARGAS COMBUSTIBLE
02:23:56 : Group: Jose Luis: AHORA SIGUE EL CAMINO YO TE DIGO CUANDO TE METAS POR CAMPO A LA IZQUIERDA
02:24:16 : Group: Jose Luis: NO CREO QUE TERMINEMOS ANTES DEL RESTAR
02:24:24 : Group: Jose Luis: RESTART
02:25:43 : Group: Jose Luis: ENTRA A CAMPO
02:25:45 : Group: Jose Luis: IZQ
02:25:50 : Group: Jose Luis: MIRA MAPA
02:26:17 : Group: Jose Luis: LA CIMA DE ESA MONTAÑA NOS VA A SERVIR MUCHO
02:28:55 : Group: Jose Luis: ARBOLES MEN
02:29:08 : Group: Sirfes-AR: sigueme
02:29:17 : Group: Jose Luis: OKA
02:30:37 : Group: Jose Luis: ENCONTRE ACA ABAJO
02:32:19 : Group: Sirfes-AR: los veo
02:32:23 : Group: Sirfes-AR: a mis doce
02:32:27 : Group: Jose Luis: INTENTARE PONER PLOT
02:32:50 : Group: Jose Luis: NO SE PUEDE
02:34:08 : Group: Jose Luis: HAGAMONOS
02:34:12 : Group: Jose Luis: DETRAS DE LOS FARDOS DE HENO
02:36:06 : Group: Sirfes-AR: no tengo vision desde aqui
02:36:12 : Group: Jose Luis: ENTONCES VOLVAMOS 
02:36:47 : Group: Jose Luis: O DESDE LA TORRE DE UNA CASA
02:36:55 : Group: Jose Luis: TENEMOS 24 MINUTOS
02:37:05 : Group: Sirfes-AR: tardariamos mucho. es ahora o nunca
02:38:41 : Group: Jose Luis: TOMAMOS EL RIESGO?
02:39:21 : Group: Jose Luis: LE DAMOS?
02:39:32 : Group: Sirfes-AR: vamos
02:39:42 : Group: Jose Luis: LE DOY AL M2 DE LA IZQUIERDA
02:40:54 : Group: Jose Luis: Z ME DESANGRO
02:42:11 : Group: Jose Luis: LOS VES?
02:42:21 : Group: Sirfes-AR: si
02:42:27 : Group: Sirfes-AR: en la calle
02:43:48 : Group: Jose Luis: CUANTOS LLEVAS
02:44:17 : Group: Sirfes-AR: se acercan
02:45:55 : Group: Jose Luis: NO LOS VEO
02:47:54 : Group: Sirfes-AR: cubrime, voy a ver
02:48:02 : Group: Jose Luis: DALE ESPERA ME UBICO
02:49:04 : Group: Jose Luis: YA NO TIENES Z
02:49:54 : Group: Sirfes-AR: trae el camion
02:49:55 : Group: Jose Luis: VOY EL CAMION YA MISMO
02:49:57 : Group: Sirfes-AR: corre!
02:52:06 : Group: Sirfes-AR: que+
02:52:24 : Group: Sirfes-AR: sube
02:52:35 : Group: Sirfes-AR: te marque maso menos donde lo deje
02:55:18 : Group: Sirfes-AR: vamos amigo! jajaja
03:04:02 : Group: Jose Luis: VAMONOS DE VENTA
03:04:36 : Group: Sirfes-AR: dime por donde
03:05:05 : Group: Jose Luis: OK
03:05:10 : Group: Jose Luis: IZQUIERDA OBVIO
03:05:40 : Group: Jose Luis: despues de esta a la izquierda
03:05:55 : Group: Sirfes-AR: mira
03:05:57 : Group: Jose Luis: eso izquierda
03:06:07 : Group: Jose Luis: vamos?
03:06:09 : Group: Jose Luis: dale jajajaa
03:06:09 : Group: Sirfes-AR: vemos si hay algo_
03:07:44 : Group: Sirfes-AR: nada
03:08:33 : Group: Jose Luis: hay otra mision en stary
03:08:42 : Group: Sirfes-AR: vamos_w
03:08:57 : Group: Jose Luis: por detras de estary como estabamos antes
03:09:12 : Group: Sirfes-AR: vamos o vendemos las cosas_
03:09:24 : Group: Jose Luis: porque irnos si podemos vender mas
03:09:25 : Group: Jose Luis: xD
03:09:27 : Group: Jose Luis: vamos
03:10:16 : Group: Jose Luis: vamos hasta cherno y subimos por donde vinimos
03:10:30 : Group: Jose Luis: me parece que es la ruta que tiene mejor carretera
03:12:53 : Group: Jose Luis: segui que desde rogovo podemos hacer mucho daño
03:13:17 : Group: Sirfes-AR: es verdad
03:13:40 : Group: Jose Luis: estamos bien de combustible no creo que tengamos que parar
03:14:07 : Group: Sirfes-AR: vamos bien, pero si tenemos la oportunidad carguemos
03:14:14 : Group: Jose Luis: mas adelante hay
03:14:45 : Group: Jose Luis: despues de esta parada a la derecha
03:14:58 : Group: Jose Luis: y sigues el camino sin parar en ningun lado
03:16:18 : Group: Jose Luis: en ese punto podemos dehjar el coche y ponernos en la zona verde de mas arriba
03:16:44 : Group: Sirfes-AR: listow
03:17:19 : Group: Jose Luis: o si ves que no nos pillan acercamos el coche lo mas que podamos a la zona verde de al lado de 341
03:19:40 : Group: Jose Luis: izq luego der
03:20:45 : Group: Jose Luis: para
03:20:53 : Group: Jose Luis: mapa
03:21:18 : Group: Jose Luis: si ves que nos pillan entonces no y caminamos
03:22:14 : Group: Jose Luis: bonita base
03:22:22 : Group: Jose Luis: en estos arboles pongo plot a ver espera me bajo
03:23:02 : Group: Jose Luis: los veo a todos
03:23:27 : Group: Sirfes-AR: excelente, de aqui tambien tengo buena vision
03:23:38 : Group: Jose Luis: espera pongo un sand
03:23:40 : Group: Jose Luis: te pongo uno?
03:24:15 : Group: Sirfes-AR: justo delante
03:24:34 : Group: Sirfes-AR: gracias, y empecemos nomas
03:24:34 : Group: Jose Luis: te pongo el otro o ahi
03:27:39 : Group: Jose Luis: no me jodas
03:27:39 : Group: Sirfes-AR: JODER
03:27:56 : Group: Jose Luis: maldito robo
03:28:06 : Group: Jose Luis: no se supone que si estan bajo ataque no debe desaparecer
03:28:11 : Group: Sirfes-AR: yo creo que deberiamos estar dentro del circulo, para que no la cancelen
03:28:28 : Group: Jose Luis: pues adios sniper xD
03:29:16 : Group: Sirfes-AR: si queres vos con sniper y yo me acercow
03:29:31 : Group: Jose Luis: dale ahora sigamos en tienda
03:30:21 : Group: Sirfes-AR: el plot_
03:30:28 : Group: Jose Luis: ya esta
03:31:36 : Group: Jose Luis: derecha
03:31:54 : Group: Sirfes-AR: pasamos por starys_
03:31:58 : Group: Sirfes-AR: ?
03:31:59 : Group: Jose Luis: si
03:32:10 : Group: Jose Luis: izquierda
03:32:18 : Group: Jose Luis: perdon derecha
03:32:19 : Group: Jose Luis: xD
03:32:34 : Group: Jose Luis: la que sigue izquierda
03:32:57 : Group: Jose Luis: cuando lleguemos a tienda no saques las armas del coche que se las vendo directamente sin andar moviendolas que las descarguen ellos
03:33:16 : Group: Jose Luis: izq
03:33:40 : Group: Jose Luis: segui este camino hasta casi llegar a gorka
03:34:38 : Group: Jose Luis: oye los heroes pueden ir a centro de cuarentena sin que los ataquen?
03:34:54 : Group: Sirfes-AR: yo he ido siendo normal y no pasa nada
03:35:04 : Group: Jose Luis: oka pero que hay
03:35:05 : Group: Sirfes-AR: no hay soldados
03:35:14 : Group: Sirfes-AR: solo hay un comerciante
03:35:25 : Group: Jose Luis: uno que solo le vende a heroes supongo
03:35:43 : Group: Sirfes-AR: cuanto necesitas para ser heroe_
03:35:46 : Group: Sirfes-AR: ?
03:35:50 : Group: Jose Luis: ya lo soy supongo
03:36:04 : Group: Jose Luis: vamos a tienda y si me deja venderle al heroe voy en el helicoptero por las cosas
03:36:14 : Group: Sirfes-AR: cuanto tienes_
03:36:21 : Group: Jose Luis: 5492
03:36:29 : Group: Jose Luis: me dijeron que tener mas de 5000
03:36:47 : Group: Jose Luis: izq
03:37:37 : Group: Jose Luis: hoy me vi x men esta muy buena
03:37:53 : Group: Jose Luis: y estoy jugando porque iba a salir con mi novia al bar y fui por ella y no se sentia bien ...
03:38:08 : Group: Jose Luis: derecha en esta loco
03:39:49 : Group: Jose Luis: no hagamos caso a esa mision de bandidos queda al lado de aeropuerto jajajaajajaja
03:40:14 : Group: Sirfes-AR: carajo jajajajajaj
03:40:34 : Group: Jose Luis: aparte es roja esas a cada rato llegan refuerzos por aire
03:40:40 : Group: Jose Luis: ni loco me acerco por ahi
03:41:34 : Group: Jose Luis: listo dejalas dentro yo las vendo
03:43:14 : Group: Jose Luis: ese vss que
03:45:20 : Group: Jose Luis: divide 165 825 entre 2
03:46:12 : Group: Sirfes-AR: cuanto_
03:46:15 : Group: Sirfes-AR: ?
03:46:37 : Group: Jose Luis: nos toca de 82700
03:46:58 : Group: Jose Luis: listo
03:48:39 : Group: Jose Luis: epaaa hay una mk17 francotirador sd-
03:48:47 : Group: Jose Luis: queres una?
03:48:55 : Group: Jose Luis: vale 70000
03:48:58 : Group: Sirfes-AR: necesito balas de una magnum
03:49:19 : Group: Jose Luis: yo tengo 20 de esas en casa
03:49:33 : Group: Jose Luis: valen 10.000 cada una 
03:50:16 : Group: Jose Luis: te las compro?
03:50:34 : Group: Sirfes-AR: pasa que no recuerdo el nombre del arma
03:50:48 : Group: Jose Luis: la 115 usa lapua magnum
03:51:05 : Group: Jose Luis: esa es la que venden aqui
03:51:06 : Group: Sirfes-AR: si quieres sacale una foto a las armas que hay ahi y te digo cual es la que yo tengo
03:51:38 : Group: Jose Luis: va
03:52:19 : Group: Jose Luis: men aqui no esta la 115 que usa magnump
03:52:27 : Group: Jose Luis: pero se que esas son als balas tenlo por seguro 
03:52:35 : Group: Jose Luis: yo tengo esa arma me diste tu una
03:52:39 : Group: Jose Luis: y tengo las balas
03:52:49 : Group: Sirfes-AR: no las venden ahi?
03:52:56 : Group: Jose Luis: si las venden
03:53:03 : Group: Jose Luis: valen 10.000 cada cargador de 5
03:53:13 : Group: Sirfes-AR: comprame 8
03:53:32 : Group: Jose Luis: estan en el coche
03:53:39 : Group: Jose Luis: dame los 80 apenas los tengas
03:54:10 : Group: Sirfes-AR: genial, gracias
03:54:11 : Group: Jose Luis: ahora esta el dilema
03:54:16 : Group: Jose Luis: que artillado compramos
03:54:49 : Group: Sirfes-AR: para que cosa?
03:54:58 : Group: Jose Luis: compramos un carro
03:55:01 : Group: Jose Luis: que tenga metralleta
03:55:18 : Group: Sirfes-AR: estaria bueno eso
03:55:32 : Group: Jose Luis: hay un suv que tiene una ametralladora y tiene capacidad para 20 armas y 400 mags
03:55:42 : Group: Sirfes-AR: apa
03:55:54 : Group: Jose Luis: cuesta 300 tengo que ir por el dinero a casa
03:56:39 : Group: Jose Luis: que balas usara esa suv
03:56:44 : Group: Jose Luis: dice AL
03:57:16 : Group: Sirfes-AR: uh, ni idea 
03:57:26 : Group: Sirfes-AR: che, ahora regreso, voy por un trago
03:57:28 : Group: Jose Luis: sera de ametralladora ligera osea una m240?
03:57:50 : Group: Sirfes-AR: puede ser, fijate, no creo que no sea algo que no vendan ahi
03:57:58 : Group: Jose Luis: y es blindada loco
03:58:37 : Group: Jose Luis: vamos a casa 
03:58:45 : Group: Jose Luis: tu lleva el coche
03:58:47 : Group: Jose Luis: yo voy en heli
04:02:59 : Group: Jose Luis: no no trae el ural
04:03:04 : Group: Jose Luis: para yo cargar las metras
04:03:21 : Group: Sirfes-AR: voy
04:04:57 : Group: Jose Luis: estaba re nervioso de que se me fuera la red
04:05:47 : Group: Sirfes-AR: que suerte que ya sos heroe, a mi me faltan 1500 puntos
04:06:03 : Group: Jose Luis: todos los que he tenido que matar men
04:07:39 : Group: Jose Luis: si quieres saca dinero
04:07:43 : Group: Jose Luis: que yo te compro lo que necesites
04:07:47 : Group: Sirfes-AR: me disparan
04:07:49 : Group: Jose Luis: hay camos coches y demas
04:07:51 : Group: Jose Luis: no jodas
04:07:52 : Group: Jose Luis: voy
04:08:08 : Group: Sirfes-AR: estaban en un heli 
04:08:14 : Group: Jose Luis: intenta venir rapido
04:09:32 : Group: Jose Luis: metelo fuerte 
04:09:48 : Group: Jose Luis: sono re gay eso pero dale
04:10:02 : Group: Sirfes-AR: JAJAJA
04:10:25 : Group: Sirfes-AR: deje un block en el camion
04:10:35 : Group: Jose Luis: block de q
04:10:41 : Group: Sirfes-AR: cinderblock
04:11:03 : Group: Jose Luis: ya lo meto a caja
04:11:10 : Group: Jose Luis: oye orilla mas tu camioneta
04:11:21 : Group: Sirfes-AR: dales
04:12:40 : Group: Sirfes-AR: voy a amar este rifle jajaja
04:12:48 : Group: Jose Luis: jajaja dale yo me quedo con el sd
04:12:55 : Group: Jose Luis: tengo cuatro cargadores de esos
04:13:09 : Group: Jose Luis: disparare a ver que tal suena 
04:13:11 : Group: Sirfes-AR: si quieres te los compro
04:13:17 : Group: Jose Luis: jajajaa
04:13:20 : Group: Jose Luis: re buena
04:13:22 : Group: Sirfes-AR: suena genial
04:13:31 : Group: Jose Luis: acompañame a tienda
04:14:28 : Group: Jose Luis: listo bloquea y ya volvemos
04:14:36 : Group: Jose Luis: mira lo que tengo para vender
04:15:10 : Group: Jose Luis: subete men
04:15:32 : Group: Jose Luis: mira lo que tengo para vender
04:15:53 : Group: Sirfes-AR: jojo
04:16:06 : Group: Jose Luis: 50 por cada
04:16:11 : Group: Sirfes-AR: dejaste alguna para montar en base_
04:16:22 : Group: Jose Luis: dejare 4 de aqui
04:16:34 : Group: Jose Luis: que balas usan
04:16:52 : Group: Sirfes-AR: no tengo la menor idea jaja
04:16:59 : Group: Jose Luis: dale click que ahi te dice
04:17:19 : Group: Sirfes-AR: no dice nada
04:17:28 : Group: Jose Luis: creo que usa la dsh
04:17:59 : Group: Sirfes-AR: aca estaban los del heli
04:18:42 : Group: Jose Luis: lo viste?w
04:18:49 : Group: Sirfes-AR: che, que sera el fuerte UM?
04:18:56 : Group: Sirfes-AR: no, que era?
04:19:04 : Group: Jose Luis: pasamos por el lado del soldier
04:19:17 : Group: Sirfes-AR: jajajajajaja
04:19:25 : Group: Sirfes-AR: andan patrullando mucho
04:19:33 : Group: Jose Luis: se me trabjo el coche
04:19:36 : Group: Sirfes-AR: nos quieren dar una paliza? jajaja
04:19:45 : Group: Jose Luis: jaja que se yo
04:19:54 : Group: Jose Luis: tranqui que vas con un heroe
04:20:24 : Group: Sirfes-AR: jajajajajaja, callate que las veces que vamos a hacer misiones el eroe se queda campenado mientras voy a reconocer el campo xD
04:20:38 : Group: Jose Luis: jajajaja
04:20:41 : Group: Sirfes-AR: heroe*
04:21:02 : Group: Jose Luis: mi poder es ver de lejitos
04:21:08 : Group: Jose Luis: soy un superheroe
04:21:10 : Group: Sirfes-AR: estemos atentos por si aparece una mision
04:22:51 : Group: Sirfes-AR: creo que voy a llevar mi heli a base
04:23:02 : Group: Jose Luis: ojo con pifiarla
04:23:25 : Group: Sirfes-AR: si puedes comprame 4 cargadores mas de este rifle. que te los pagow
04:23:31 : Group: Jose Luis: ok
04:23:36 : Group: Jose Luis: pues te vendo los mios
04:23:40 : Group: Jose Luis: cuanto me das
04:23:42 : Group: Sirfes-AR: dale
04:23:48 : Group: Sirfes-AR: cuanto pidas
04:24:04 : Group: Jose Luis: cuestan 10 te lo dejo a ti
04:24:22 : Group: Sirfes-AR: te doy 7 por cada unio
04:24:29 : Group: Jose Luis: ok haz cuentas
04:24:32 : Group: Jose Luis: vas a morir
04:24:33 : Group: Jose Luis: jajaaja
04:24:39 : Group: Sirfes-AR: JAJAJAJA
04:24:42 : Group: Jose Luis: re cagada has hech
04:24:47 : Group: Jose Luis: que hiciste loco
04:24:55 : Group: Sirfes-AR: exploto
04:25:01 : Group: Jose Luis: asi nomas?
04:25:03 : Group: Sirfes-AR: se me cayo el mouse
04:25:15 : Group: Jose Luis: nervios de piloto novato xd
04:25:27 : Group: Sirfes-AR: y el heli dio como media vuelta en el aire xD
04:25:41 : Group: Sirfes-AR: jajajajajajaja
04:25:41 : Group: Jose Luis: jajajajaajajaja
04:25:50 : Group: Jose Luis: bue 80.000 al carajo
04:26:06 : Group: Sirfes-AR: veamos el aldo positivo, ahora no tengo que llevar el heli a ningun lado  XDD
04:26:42 : Group: Jose Luis: m134 que arma es
04:27:17 : Group: Jose Luis: mira el coche
04:27:37 : Group: Sirfes-AR: mirame
04:27:51 : Group: Jose Luis: jajaja re groso
04:27:55 : Group: Jose Luis: somos los mas capos del server
04:28:15 : Group: Sirfes-AR: 2000 rpm son los cargadores
04:28:44 : Group: Jose Luis: ahi llevo las cajas llevo 10
04:29:17 : Group: Sirfes-AR: vamos a base_
04:29:19 : Group: Sirfes-AR: ?
04:29:47 : Group: Jose Luis: como lo hago funcionar
04:30:00 : Group: Sirfes-AR: dice agregar cargadores
04:30:58 : Group: Jose Luis: mierdaaa
04:31:02 : Group: Sirfes-AR: JOJOOO
04:31:10 : Group: Sirfes-AR: puedo disparar ? xD
04:31:18 : Group: Jose Luis: jajaja claro ahora provamos con z
04:32:02 : Group: Jose Luis: listo ya deje las 4 m2 para la base
04:32:18 : Group: Sirfes-AR: llevo el camion, quieres_
04:32:22 : Group: Jose Luis: no me deja vender la otra municion rara
04:32:23 : Group: Sirfes-AR: ?
04:32:28 : Group: Jose Luis: espera veo porque
04:32:51 : Group: Jose Luis: que lastima y vale 50000
04:33:18 : Group: Sirfes-AR: debe ser de los otros
04:33:23 : Group: Sirfes-AR: bandidos
04:33:32 : Group: Jose Luis: pero aparece pa comprarla
04:34:17 : Group: Jose Luis: ey
04:34:24 : Group: Jose Luis: necesitas balas de rifle sd
04:34:27 : Group: Jose Luis: tambien las venden
04:34:37 : Group: Jose Luis: 200 cada una
04:34:49 : Group: Sirfes-AR: comprame 10
04:35:24 : Group: Jose Luis: cuesta 400 perdon
04:35:28 : Group: Jose Luis: serian 4000
04:35:37 : Group: Sirfes-AR: comprame 10 igual
04:36:04 : Group: Sirfes-AR: listo
04:36:15 : Group: Jose Luis: agarra del ural
04:37:03 : Group: Sirfes-AR: compraste 20?
04:37:14 : Group: Jose Luis: 10 pa mi 10 pa ti
04:37:17 : Group: Jose Luis: xD
04:37:46 : Group: Jose Luis: ey dejaste tu arma en el piso
04:46:27 : Group: Sirfes-AR: cuanto cuesta un cammo?
04:46:32 : Group: Jose Luis: 2000
04:46:36 : Group: Sirfes-AR: hay una mision amigo
04:46:41 : Group: Sirfes-AR: comprame uno y vamos
04:46:48 : Group: Jose Luis: cual quieres
04:47:07 : Group: Sirfes-AR: si hay uno como el que tienes de diferente color, compralo
04:47:33 : Group: Jose Luis: desert guille
04:47:38 : Group: Jose Luis: agarralo hay 2 uno es mio
04:47:44 : Group: Jose Luis: esta en el camion
04:48:14 : Group: Sirfes-AR: te pase la plata
04:48:21 : Group: Jose Luis: pero me diste 4000 loco
04:50:13 : Group: Sirfes-AR: vamos a base?
04:50:13 : Group: Jose Luis: e
04:50:15 : Group: Jose Luis: ey
04:50:20 : Group: Jose Luis: mision no?
04:50:33 : Group: Sirfes-AR: si, pero dejaste tu coche sin lock
04:50:44 : Group: Jose Luis: por eso agarrarlo y nos vamos e n e
04:51:36 : Group: Sirfes-AR: dejo sin cargadores SD en este coche
04:52:21 : Group: Jose Luis: dale no problema
04:52:34 : Group: Sirfes-AR: guiame
04:52:50 : Group: Jose Luis: dale para gorka
04:53:21 : Group: Jose Luis: vamonos a tienda y luego a base
04:53:22 : Group: Sirfes-AR: nos demoramos mucho
04:53:30 : Group: Jose Luis: para
04:53:41 : Group: Jose Luis: problemos esto en z
04:54:32 : Group: Sirfes-AR: esta Genial
04:54:50 : Group: Jose Luis: me siento poderoso
04:54:58 : Group: Jose Luis: vamos a base voy por el camion
04:55:23 : Group: Jose Luis: a tienda luego a base
04:58:02 : Group: Sirfes-AR: che, pido suministros?
04:58:10 : Group: Jose Luis: dale si tenes tin dale
04:59:24 : Group: Sirfes-AR: listo
04:59:39 : Group: Sirfes-AR: ahora tenemos que esperar?
04:59:48 : Group: Jose Luis: si a que caigan del cielo
05:01:18 : Group: Jose Luis: vende esa rpk
05:02:14 : Group: Sirfes-AR: vamos?
05:02:20 : Group: Jose Luis: dale 
05:02:48 : Group: Sirfes-AR: ve en tu juguete nuevo xD
05:03:37 : Group: Jose Luis: esta re lejos la mision pero son las que valen el dineral
05:04:04 : Group: Sirfes-AR: vamos a base
05:04:12 : Group: Sirfes-AR: y nos vamos a mision en heli
05:04:18 : Group: Jose Luis: oka
05:04:59 : Group: Jose Luis: lo conduces tu
05:05:10 : Group: Sirfes-AR: JA JA
05:07:44 : Group: Jose Luis: llenalo
05:08:27 : Group: Jose Luis: estoy re mal de fps
05:09:43 : Group: Sirfes-AR: se me habia trabado
05:11:20 : Group: Jose Luis: agarraste tus balas?
05:11:37 : Group: Sirfes-AR: listo
05:12:22 : Group: Sirfes-AR: vamos_
05:12:24 : Group: Sirfes-AR: ?
05:12:30 : Group: Jose Luis: dale
05:13:11 : Group: Jose Luis: espera deposito el dinero
05:13:32 : Group: Jose Luis: listo vamos
05:14:13 : Group: Jose Luis: no saque duplicado del coche
05:14:19 : Group: Jose Luis: me voy a arrepentir
05:16:04 : Group: Sirfes-AR: vamos a hacer lo siguiente, nos bajamos cerca de Pavlovo, tu te quedas disparando de lejos y yo me quedo dentro del circulo de la mision
05:16:13 : Group: Sirfes-AR: asi no nos joden esta vez
05:16:37 : Group: Jose Luis: oka
05:18:58 : Group: Sirfes-AR: antes de que entre al circulo, mata a los m2 que haya y a lo mas que puedas
05:19:17 : Group: Jose Luis: bn
05:19:22 : Group: Sirfes-AR: si llego a entrar cuando hay m2 me hacen pomo jaja
05:20:21 : Group: Sirfes-AR: los veo. mejor sigue
05:20:45 : Group: Jose Luis: aterrizo o no
05:20:51 : Group: Sirfes-AR: sisi, ya esta
05:20:58 : Group: Sirfes-AR: vamos a pie
05:23:04 : Group: Sirfes-AR: tu punto de tiro va a ser ese edificio de pavlovo
05:24:01 : Group: Jose Luis: cual
05:25:24 : Group: Sirfes-AR: veni
05:26:31 : Group: Sirfes-AR: entra por una abertura en la muralla
05:29:32 : Group: Sirfes-AR: hay muchos y estamos cerca
05:29:47 : Group: Jose Luis: tengo sd
05:30:50 : Group: Sirfes-AR: estan a 200 mts
05:31:20 : Group: Jose Luis: 2 menos ojo
05:31:56 : Group: Sirfes-AR: dos menos
05:32:30 : Group: Jose Luis: herido
05:32:33 : Group: Sirfes-AR: puedes poner plot aqui?
05:32:37 : Group: Jose Luis: no 
05:32:41 : Group: Jose Luis: hay muchas cosas 
05:32:50 : Group: Sirfes-AR: cuidado, una m2
05:32:53 : Group: Sirfes-AR: casi me da
05:32:56 : Group: Jose Luis: me dieron 
05:33:08 : Group: Jose Luis: tengo los fps re mal
05:33:30 : Group: Sirfes-AR: carajo
05:33:35 : Group: Jose Luis: mierda
05:37:44 : Group: Jose Luis: fps malos y rodeado
05:38:32 : Group: Jose Luis: me tienen re calibrado
05:39:08 : Group: Jose Luis: espera me desconecto y vuelvo para que me carguen las balas de nuevo
05:39:15 : Group: Jose Luis: no se si sepan subir
05:39:22 : Group: Jose Luis: si saben me jodi
05:40:25 : Group: Jose Luis: justo cuando quiero que desaparezca no lo hace xD
05:41:29 : Group: Jose Luis: no tienen m2 ya
05:49:52 : Group: Jose Luis: intentemos rescatar lo que mas podamos
05:49:57 : Group: Jose Luis: no creo que podamos ir por el heli
05:52:50 : Group: Jose Luis: sera que muero?
05:54:24 : Group: Jose Luis: me cai 
05:54:25 : Group: Jose Luis: sobrevivi
05:54:29 : Group: Jose Luis: y me cai de lo mas alto
05:54:35 : Group: Jose Luis: no de lo inclinado
05:55:29 : Group: Jose Luis: mierda
05:55:37 : Group: Jose Luis: nacio el de la m2
05:55:41 : Group: Jose Luis: el que yo habia matado ya
05:57:02 : Group: Jose Luis: en el restart se pierde
06:03:57 : Group: Jose Luis: vamos los pibeee
06:03:58 : Group: Sirfes-AR: perdi mi rifle
06:04:07 : Group: Jose Luis: cual
06:04:20 : Group: Sirfes-AR: de hecho, perdi toda la mochila
06:04:26 : Group: Sirfes-AR: el l115
06:04:30 : Group: Jose Luis: no me jodas
06:04:36 : Group: Jose Luis: cambiaste la mochila o q
06:04:49 : Group: Sirfes-AR: si, pero antes de que se cierre la volvi a cambiar
06:05:00 : Group: Jose Luis: ahh no eso no alcanza a guardar
06:05:04 : Group: Sirfes-AR: me jodieron
06:05:07 : Group: Jose Luis: yo si te vi cambiar de mochila
06:05:12 : Group: Jose Luis: yo tengo el mio en casa
06:05:16 : Group: Jose Luis: te lo paso si quieres
06:05:27 : Group: Sirfes-AR: dale. te lo compro
06:11:42 : Group: Jose Luis: subite
06:13:03 : Group: Sirfes-AR: solo me falta 1000 de humanidad
06:13:21 : Group: Jose Luis: re bn
06:13:33 : Group: Jose Luis: pone omida en el heli
06:14:00 : Group: Sirfes-AR: no tengo, mi mochila esta vacia 
06:14:27 : Group: Jose Luis: menos mal agarre calabasa
06:19:13 : Group: Jose Luis: le llamaban el heroe piloto del equipo
06:19:44 : Group: Sirfes-AR: jajajaja
06:20:32 : Group: Jose Luis: abrelo
06:21:15 : Group: Sirfes-AR: Genial! gracias amigo
06:21:24 : Group: Jose Luis: de nada
06:21:30 : Group: Jose Luis: hacemos el negocio por la muni?
06:21:39 : Group: Sirfes-AR: sisi
06:21:49 : Group: Jose Luis: ahi serian 4
06:22:14 : Group: Sirfes-AR: te doy 7 por cada una
06:22:18 : Group: Sirfes-AR: queres?
06:22:26 : Group: Jose Luis: dale
06:23:33 : Group: Sirfes-AR: bien, creo que ya me voy a dormir un poco
06:23:37 : Group: Jose Luis: bueno 
06:23:41 : Group: Jose Luis: me retiro yo tambien
06:23:45 : Group: Jose Luis: mañana vendo los rifles esos
06:23:52 : Group: Sirfes-AR: dale
06:23:55 : Group: Sirfes-AR: nos vemos amigo
06:24:07 : Group: Jose Luis: igual
19:49:17 : Group: [T1ER]rabbit: me gusta morir
19:53:57 : Group: [DMN]-Mario: jaja ya no tengo municion 
19:54:39 : Group: [DMN]-Mario: guarda con el puesto que esta aqui abajo ay dos soldados
19:56:46 : Group: [DMN]-Mario: voy a tener que ir a comprar municion
20:11:52 : Group: [DMN]-Mario: guarda dos por la pista
20:12:03 : Group: Azrael1x: ok
20:17:30 : Group: [DMN]-Mario: un camion va para su lado
20:21:01 : Group: [DMN]-Mario: que paso¡?
20:21:01 : Group: Azrael1x: se nos buggearon las mochilas!! lpm
20:22:36 : Group: [DMN]-Mario: llevo el heli
20:22:50 : Group: Azrael1x: no que todavia hay nidos de m2
20:23:07 : Group: Azrael1x: para el lado de regimiento de monta;a
20:25:45 : Group: [DMN]-Mario: veo un anti aereo y soldados por la torre de control
20:27:03 : Group: [DMN]-Mario: anti aereo muerto
20:29:22 : Group: Azrael1x: ves algo mas_
20:30:22 : Group: [DMN]-Mario: aguanta z
20:31:28 : Group: [DMN]-Mario: soldados para el lado de regimiento
20:34:59 : Group: Azrael1x: por la cola del hangar hay varios
20:35:25 : Group: [DMN]-Mario: banca se juntaron muchos z
20:39:01 : Group: [DMN]-Mario: 20minutos
20:40:59 : Group: Azrael1x: aparecieron pero perdi la mochila
20:45:06 : Group: Azrael1x: toma mario
20:45:13 : Group: [DMN]-Mario: 15minutos
20:46:21 : Group: [DMN]-Mario: que hacemos
20:46:50 : Group: [DMN]-Mario: tengo loa mochila cargadisima
20:46:57 : Group: Azrael1x: si vamos ya
20:47:20 : Group: Azrael1x: vamos en el heli al mercado_
20:53:00 : Group: [T1ER]rabbit: GRACIAS A DIOS PENSE QUE ME ABANDONABAN
20:53:18 : Group: Azrael1x: jajaja que se curta el pibe no_
20:53:32 : Group: [DMN]-Mario: jaja
20:53:33 : Group: [T1ER]rabbit: SE TE CALLO EL TS VIEJITA
20:53:44 : Group: Azrael1x: se coneccion del orto que tengo
20:54:59 : Group: Azrael1x: llegaste a bandit rabbit_
20:55:44 : Group: Azrael1x: te ponemos las cargas y cargadores de hks asi las vendes mario
20:55:49 : Group: [T1ER]rabbit: en el heli estan las cargas mario
20:55:55 : Group: [DMN]-Mario: dale
20:57:09 : Group: [DMN]-Mario: nadie me acepta las armas jaja
20:57:22 : Group: Azrael1x: que tr5agiste_
20:58:02 : Group: Azrael1x: las mk y esas se venden aca en el del medio
20:59:10 : Group: [DMN]-Mario: 200mil por la municion de las cajas
20:59:42 : Group: Azrael1x: te agarra en el aire eh jaja
21:09:59 : Group: [DMN]-Mario: donde tiro mi heli
21:10:24 : Group: Azrael1x: para mi lado
21:11:35 : Group: [DMN]-Mario: te di la plata
21:11:40 : Group: Azrael1x: ///////copado
22:17:41 : Group: ChakalMDP: ahi estamos
22:18:03 : Group: [T1ER]rabbit: jopya
22:20:42 : Group: ChakalMDP: Compro unas cargas para el fusil y estoy
22:21:01 : Group: [T1ER]rabbit: aca te cedje un arma con balas
22:21:07 : Group: [T1ER]rabbit: en el heli
22:21:08 : Group: ChakalMDP: Joya
22:21:15 : Group: [T1ER]rabbit: es un sniper de 100 tiros
22:21:30 : Group: [T1ER]rabbit: el mk
22:21:39 : Group: [T1ER]rabbit: no es el mejor eniper pero juega
22:21:45 : Group: ChakalMDP: Estamos como queremos jaja
22:21:55 : Group: ChakalMDP: Tengo un m40a3 igual
22:22:03 : Group: ChakalMDP: Pero no tiene muchas balas que digamos
22:22:03 : Group: [T1ER]rabbit: avisa cuando estes listo
22:22:18 : Group: ChakalMDP: Tamos
22:22:24 : Group: [T1ER]rabbit: agarra una mochila ya que esta
22:22:32 : Group: [T1ER]rabbit: y la pistol silenciada
22:22:50 : Group: ChakalMDP: dale, ahora cuando estemos en el aire hago el cambio
22:22:56 : Group: ChakalMDP: Lindo bicharraco este
22:23:22 : Group: [T1ER]rabbit: lo acabo de ganar en la mission anteriro
22:23:30 : Group: ChakalMDP: Que mochi agarro?
22:23:36 : Group: [T1ER]rabbit: la que quieras
22:24:24 : Group: ChakalMDP: Che, tenes una m4 con sd, te la dejo arriba
22:24:34 : Group: ChakalMDP: En la mochila me refiero
22:24:39 : Group: [T1ER]rabbit: dale 
22:25:07 : Group: ChakalMDP: Wtf?
22:25:10 : Group: [T1ER]rabbit: me reventaron
22:25:19 : Group: ChakalMDP: Como estas de sangre?
22:25:24 : Group: [T1ER]rabbit: agarraste algo por lo menos???
22:25:37 : Group: [T1ER]rabbit: disculpa vuelo interrumpido
22:25:51 : Group: ChakalMDP: Cache una bolsa de sangre y casi agarro un arma 
22:26:04 : Group: ChakalMDP: Justo estaba escrbiendo
22:26:14 : Group: [T1ER]rabbit: si me dieron con el artillado
22:26:19 : Group: ChakalMDP: No pasa nada jaja, ahora les vamos a dar cachengue
22:26:28 : Group: ChakalMDP: Sangre como estas?
22:26:33 : Group: [T1ER]rabbit: bien vos??
22:26:36 : Group: ChakalMDP: Joya
22:27:55 : Group: [T1ER]rabbit: 700 metros
22:28:17 : Group: [T1ER]rabbit: alla esta
22:28:21 : Group: ChakalMDP: Hay que buscar posicion
22:29:44 : Group: [T1ER]rabbit: entre las casas te va??
22:29:53 : Group: ChakalMDP: sale
22:31:02 : Group: [T1ER]rabbit: tenes ts loco??
22:31:07 : Group: ChakalMDP: se
22:31:16 : Group: [T1ER]rabbit: tenes la ip de este??
22:31:18 : Group: ChakalMDP: o skype, lo que quieras
22:31:20 : Group: ChakalMDP: no
22:31:44 : Group: [T1ER]rabbit: ts5.freets3.net:10113
22:31:52 : Group: [T1ER]rabbit: anota
22:31:54 : Group: ChakalMDP: ahi anoto, dame un toque
22:31:58 : Group: [T1ER]rabbit: o saca una foto
22:32:00 : Group: [T1ER]rabbit: ts5.freets3.net:10113
22:32:09 : Group: [T1ER]rabbit: ts5.freets3.net:10113
22:32:48 : Group: ChakalMDP: Ahi agrego el canal
22:32:50 : Group: [T1ER]rabbit: sino agrega y llamada de steam es mas facil
22:33:03 : Group: ChakalMDP: Se, tenes razon
