01:16:13 : Side: Jej0x |Aspirante|: este servidor es argentino?
01:16:25 : Side: Nikyta: si si
01:16:40 : Side: Jej0x |Aspirante|: genial
01:16:43 : Side: Jej0x |Aspirante|: re piola
01:16:51 : Side: Jej0x |Aspirante|: es pvp o pve?
01:17:07 : Side: Nikyta: un poco dew todo xd
01:17:13 : Side: Jej0x |Aspirante|: ah bueno
01:17:27 : Side: Jej0x |Aspirante|: Alguno quiere jugar en equipo? es mas divertido
01:17:59 : Side: Nikyta: ahora estoy haciendo unas cosas 
01:18:08 : Side: Nikyta: termino y si queres hacemos algo
01:18:10 : Side: Jej0x |Aspirante|: bueno dale yo quiero construirme una basi si queres
01:18:25 : Side: Jej0x |Aspirante|: ahora que consegui un buen server olvidate todos los dias aca estoy
01:18:47 : Side: JF: te agradezco por ahora no 
01:26:07 : Side: Jej0x |Aspirante|: a la mierda si que le gustan los zombies en este sv
01:26:12 : Side: Jej0x |Aspirante|: por todos lados re jodidow
01:26:40 : Side: Nikyta: jajaj recien reapareci como zombi xd
01:28:17 : Side: JF: si eso pasa cuando te toca morir seguido 
01:28:25 : Side: Jej0x |Aspirante|: se
01:28:37 : Side: Nikyta: sera xd 
01:28:51 : Side: Nikyta: ustedes me mataron o fue una patrulla ?
01:29:24 : Side: Jej0x |Aspirante|: alguno me hace la 2 para sobrevivir un rato?
01:29:40 : Side: JF: no yo no mato player
01:29:47 : Side: Nikyta: dejame a ver si recupero mis cosas xd
01:29:57 : Side: Jej0x |Aspirante|: me mato y voy con vos estoy en solni
01:30:12 : Side: Nikyta: jajaja el otro dia me disparaste en el bosque xd
01:30:19 : Side: Jej0x |Aspirante|: yo?
01:30:26 : Side: Nikyta: creo que si 
01:30:31 : Side: Jej0x |Aspirante|: es mi primera ve
01:30:41 : Side: Jej0x |Aspirante|: la primera ves que entro a este sv
01:31:01 : Side: Jej0x |Aspirante|: me mate
01:32:22 : Side: Jej0x |Aspirante|: a donde recomiendan ir?
01:32:43 : Side: JF: depende para que
01:32:57 : Side: Jej0x |Aspirante|: quiero conseguir un buen fierro y empezar a construir una base
01:33:04 : Side: Jej0x |Aspirante|: no esta el campo de marihuana aca?
01:33:43 : Side: JF: si esta!!
01:33:47 : Side: Jej0x |Aspirante|: donde?
01:34:01 : Side: Jej0x |Aspirante|: en otro sv con la granja me llene de plata y me hice alta base
01:34:51 : Side: Jej0x |Aspirante|: donde estas=?
01:34:53 : Side: JF: en coordenada 08 03 diice campo de marihuan
01:34:53 : Side: Jej0x |Aspirante|: hacemos team
01:35:51 : Side: Jej0x |Aspirante|: gracias
01:35:58 : Side: Jej0x |Aspirante|: que mercado tengo cerca?
01:36:45 : Side: Jej0x |Aspirante|: estoy como zombie?
01:36:47 : Side: Jej0x |Aspirante|: que?
01:38:28 : Side: Jej0x |Aspirante|: no entiendo esto de ser zombie
01:38:52 : Side: Nikyta: suicidate
01:39:06 : Side: Jej0x |Aspirante|: como?
01:41:12 : Side: Jej0x |Aspirante|: escuche un auto
01:42:29 : Side: Jej0x |Aspirante|: bue me aburrio el sv este medio flashero
01:42:54 : Side: Nikyta: jajaja
01:43:18 : Side: JF: jaja ..
01:47:12 : Side: Nikyta: jkajjajajaja
01:47:23 : Side: [WG] SnakeGeneral: LOL
01:47:49 : Side: Nikyta: llego dios xd jajajaja
01:48:25 : Side: JF: jajaja!!
01:48:52 : Side: Nikyta: y juan que hace que no se conecta ?
01:49:04 : Side: Nikyta: jajajajaja ya lo vi
01:49:13 : Side: Nikyta: es un hdp !!
01:49:29 : Side: Nikyta: jajajaja
01:50:24 : Side: JF: Che es la segunda o tercera vez que se toca ese tema sera verdad?
01:50:30 : Side: Nikyta: con razon puso un burdel en el sv ;)
01:52:34 : Side: Nikyta: el otro dia fui para ver como era jajajaj me sacaron 500 monedas para cantarme mueve la carnasa mamasa ..... WTF!!! jajajajaaj
01:52:52 : Side: JF: eso empezo como una joda y termino como podes ver (lo del burdel)
01:53:09 : Side: JF: jaajaajaa...
01:53:29 : Side: JF: es el precio de la curiosidad
01:53:51 : Side: JF: chau chukin buen descanso
01:53:52 : Side: Nikyta: by
01:55:58 : Side: Nikyta: bueno ahora que ya estoy sana y salva en mi casa quien fue el desgraciado que me mato !!!! :(
01:59:20 : Side: JF: yo estoy construyendo y no me divierte matar a otro jugador podes preguntarle a juan salvo que se arme un tiroteo y me quede acorralado no mato a nadi
02:00:03 : Side: JF: nadie yo entiendo el juego de otra manera y hasta ahora me esta resultando
02:00:08 : Side: Nikyta: jajajaj el desgraciado ya se fue jajaj me vacio dos cargadores jaja
02:00:32 : Side: Nikyta: todo por la marihuana jajaj maldita droga :(
02:01:32 : Side: JF: vos decis que era bueno ya me olvide del nombre el que se aburrio 
02:02:16 : Side: Nikyta: snakegeneral ?
02:02:20 : Side: [WG] SnakeGeneral: ?w
02:02:27 : Side: Nikyta: jaja
02:03:23 : Side: JF: te pregunto porque suele haber bodt  - bandidos que te estan esperando en algun lugar y te matan y vos pensas que es otro jugador  a mi ya me ha pasad
02:04:13 : Side: Nikyta: jajaj naa primero me mataron en la carretera una sub artillada esa si era un bots
02:04:37 : Side: Nikyta: recupere mis cosas y llegando a la plantacion habia un flaquito con un heli
02:04:42 : Side: Nikyta: ese me lincho
02:05:50 : Side: JF: ah entonces si estas segura no digo nada 
02:06:05 : Side: Nikyta: jajaja ya fue jaja
02:06:13 : Side: Nikyta: asi es el juego 
02:06:32 : Side: Nikyta: pero matarme con tanta saña jajajaj
02:06:35 : Side: JF: y si por ahi hay que correr el riesgo 
02:06:42 : Side: Nikyta: estaba enajenado el flaco jajaja
02:08:39 : Side: JF: a mi me paso que iva contra reloj porque reseteaba en un mozzi el helicop de caño y por apurado lo empine demasiado y aterrice con la frente 
02:08:56 : Side: Nikyta: jajjajaj
02:11:00 : Side: [WG] SnakeGeneral: ??
02:13:03 : Side: [WG] SnakeGeneral: adm ?
02:13:08 : Side: Nikyta: bueno me voy
02:13:16 : Side: Nikyta: creo que ya se fue
02:13:45 : Side: Nikyta: nos vamos mañana :)
02:13:52 : Side: JF: te vas bueno buen descanso
02:14:07 : Side: Nikyta: gracias 
02:15:22 : Side: JF: que scede snake
02:15:37 : Side: [WG] SnakeGeneral: bots in stary kill for explode my car
02:16:01 : Side: [WG] SnakeGeneral: bots in suv minigun
02:18:57 : Side: JF: stary is zone infest 2 minuts and dead
02:19:37 : Side: [WG] SnakeGeneral: me pass for car bots kill me
02:22:56 : Side: JF: if you can pass
04:06:45 : Side: JF: necesitas que te ayude en algo 
04:07:29 : Side: [WG] SnakeGeneral: no gracias
04:07:58 : Side: JF: vos andas a pata queres un veiculo?
04:08:25 : Side: [WG] SnakeGeneral: yo fizeste la mission much armas no veiculo
04:09:22 : Side: JF: queres uno yo te ayudo , queres una suv
04:09:47 : Side: [WG] SnakeGeneral: suv no espacios para much armas
04:10:30 : Side: JF: ah, un truck cargo
04:10:49 : Side: [WG] SnakeGeneral: utility tienes cuantos espacios para la armas ?
04:11:13 : Side: JF: como 50 
04:11:32 : Side: JF: creo...
04:11:56 : Side: [WG] SnakeGeneral: vo a comprar uno
13:39:33 : Side: IAAK7: hola
13:39:52 : Side: IAAK7: jf sos argentino
13:40:23 : Side: JF: Hola como estas , si argentino
13:40:45 : Side: IAAK7: que bueno
13:41:19 : Side: IAAK7: juega gente aca
13:41:54 : Side: JF: si , hay tardes y/o noches que se pone bueno
13:42:06 : Side: JF: vos de donde sos?
13:42:29 : Side: IAAK7: uruguay
13:42:54 : Side: IAAK7: estoy por balota
13:43:25 : Side: JF: ah estamos relativamente cerca yo de Entre rios
13:44:01 : Side: IAAK7: yo soy de capital
13:44:54 : Side: JF: capital es montevideo, si?!
13:45:00 : Side: IAAK7: si
13:46:03 : Side: IAAK7: estoy por balota donde estas vos
13:46:38 : Side: JF: no digo lo de relativamente cerca porque algunos son del sur otros del lado de cordoba y mas alla ..
13:47:42 : Side: JF: hace un ratito llegue al trader a compra y vender algunas cosas luego a la base antes que me llegue la hora del laburo je
13:48:27 : Side: IAAK7: a mi tambine me toca trabajar estooy por chernogorsk a aca en el mapa despues no juntamos
13:50:03 : Side: JF: bueno si hay tiempo sino en cualquier momento , aiempre ando por este server
14:13:50 : Side: Nikyta: hola xd 
14:13:53 : Side: Nikyta: buen dia 
14:14:38 : Side: JF: Hola como estas Nikyta ?
14:15:06 : Side: Nikyta: sin ganas de trabajar jajajaja
14:15:40 : Side: JF: JAJA no me digas que vos tqambien tenes que ir a laburar y cortar el dayz
14:16:12 : Side: Nikyta: no algo peor jajaj trabajo en casa xd
14:17:21 : Side: Nikyta: ahi vuelvo xd
14:17:24 : Side: JF: a pero esta bueno , tenes tu propio negocio 
14:18:01 : Side: Nikyta: jajaj soy modista asi que tengo la maquina de coser de un lado y la compu del otro xd
14:18:14 : Side: Nikyta: y adivina que prendi primer ;)
14:18:35 : Side: Nikyta: ya vuelvo
14:19:19 : Side: JF: JAJAJAJA coses con el mouse 
14:20:38 : Side: Nikyta: volvi xd
14:21:28 : Side: JF: y te salen bien las costuras jajaja pregunto?  
14:21:42 : Side: Nikyta: jajaj creo que si jajaja
14:22:15 : Side: Nikyta: que desastre este juego es un vicio
14:23:27 : Side: JF: jaja si esta bueno yo soy medio vicioso de por si y me enganche con este y fue para peor 
14:24:15 : Side: Nikyta: yo hace años que juego dayz y he jugado a otros pero siempre termino en este jaja
14:26:15 : Side: JF: si una ves que le encontras la vuelta entretiene un monton , anoche me quede como hasta las 5 y agi varias noches
14:26:35 : Side: JF: despues zombi de verdad jajaja
14:28:25 : Side: Nikyta: me a pasado de sentarme a jugar y al ratito ver como amanecia jajajajaja
14:29:36 : Side: JF: tal cual , es increible y se pierde la nocion de tiempo 
14:30:45 : Side: Nikyta: jaja da miedo jajaj por poco no les doy de cenar a las chicas y al rato las estas despertandolas para ir al cole jajaja
14:31:14 : Side: JF: jajajajaa
14:31:30 : Side: Nikyta: jajaj la mina re zombi ajajja
14:31:41 : Side: JF: y como es que te enganchaste con este juego 
14:32:33 : Side: Nikyta: cuando recien salio el origins conoci a juan jaja habia abierto un sv y desde ese tiempo me engancho mal 
14:32:51 : Side: Nikyta: el mapa que mas me gusta es taviana
14:34:14 : Side: Nikyta: hace 5 años o mas jaja
14:34:21 : Side: JF: A mira yo soy nuevo en esto pero me defiendo bastante a decir verdad no eh probado los  otros mapas
14:34:30 : Side: Nikyta: yo jugaba wow y cancele la suscripcion por que no jugaba jajaja
14:34:56 : Side: Nikyta: taviana es re lindo el mapa
14:35:19 : Side: Nikyta: islas con puentes jaja esta buena 
14:37:35 : Side: Nikyta: y es enorme para recorrer
14:43:57 : Side: JF: no se que sucedio que ya no me entraba el camion en el porton 
14:58:45 : Side: JF: hasta luefo Nikyta..
14:59:04 : Side: Nikyta: chau chau
16:08:56 : Side: Nikyta: hay vehiculos blindados ?
17:18:12 : Side: Jej0x |Aspirante|: no puedo abrir el menu de exit
17:18:19 : Side: Jej0x |Aspirante|: estoy echo un zombie y quiero matarme
17:18:37 : Side: [WG] SnakeGeneral: kill zombie
17:19:00 : Side: [WG] SnakeGeneral: yo no puedes a dar exit y combat
17:19:16 : Side: Jej0x |Aspirante|: Como pongo el comando ese?
17:19:30 : Side: Jej0x |Aspirante|: /kill zombie 
17:19:47 : Side: [WG] SnakeGeneral: no use armas
17:20:35 : Side: Jej0x |Aspirante|: Como lo pongo el comando?
17:20:53 : Side: Jej0x |Aspirante|: kill zombie
17:21:33 : Side: Jej0x |Aspirante|: ñlisto
17:22:43 : Side: Jej0x |Aspirante|: estan en el ts?
17:26:08 : Side: Jej0x |Aspirante|: anda el ts3?
17:29:12 : Side: [L]eoZ1nn: cuemo seto la distance ?
17:30:58 : Side: [L]eoZ1nn: tem br ai ?
17:31:04 : Side: [WG] SnakeGeneral: naooooooo
17:31:16 : Side: [L]eoZ1nn: como seta distancia ?
17:31:53 : Side: [WG] SnakeGeneral: marca no mapa ?
17:32:01 : Side: [L]eoZ1nn: distancia da visao
17:32:36 : Side: [WG] SnakeGeneral: roda o mouse set view
17:32:44 : Side: [L]eoZ1nn: n tem isso nao
17:33:03 : Side: [WG] SnakeGeneral: te,
17:33:07 : Side: [L]eoZ1nn: tem que ter binoclus ?
17:33:34 : Side: [WG] SnakeGeneral: mano vc q ceta visao do bots pra ver distancia ?
17:33:44 : Side: [L]eoZ1nn: nao man
17:33:53 : Side: [L]eoZ1nn: distancia da minha visao
17:34:14 : Side: [L]eoZ1nn: tipo ela ta em 800 metros, padrao... quero por pra 1500
17:34:20 : Side: [WG] SnakeGeneral: rpdp a bpla do mouse
17:34:44 : Side: [WG] SnakeGeneral: roda a bola do mouse
17:34:50 : Side: [L]eoZ1nn: normalmente nos servidores br se clica com botao direito do mouse no binoclus pra setar
17:35:02 : Side: [WG] SnakeGeneral: roda a bola do mouse
17:35:15 : Side: [WG] SnakeGeneral: vai ta em preto setview
17:35:24 : Side: [L]eoZ1nn: nao tem isso ai aki pra mim
17:35:38 : Side: [L]eoZ1nn: so tem o action menu
17:35:39 : Side: Jej0x |Aspirante|: porque siendo un server argentino tantos brazucas?w
17:35:58 : Side: [L]eoZ1nn: porque tu es boludido ?
17:36:09 : Side: [WG] SnakeGeneral: sai do serve e entra de novo deve ter bugado
17:36:18 : Side: [L]eoZ1nn: a n
17:36:22 : Side: [L]eoZ1nn: to sem arma mesmo
17:36:30 : Side: [L]eoZ1nn: vo tentar arranjar arma
17:51:12 : Side: Jej0x |Aspirante|: anda el ts3?
18:36:32 : Side: Jej0x |Aspirante|: alguien me viene a buscar a berezino?
18:36:42 : Side: Jej0x |Aspirante|: estoy hasta las manos
18:40:52 : Side: Jej0x |Aspirante|: quien me envio solicitud?
18:40:58 : Side: Leodagos: yo
18:41:06 : Side: Jej0x |Aspirante|: ahi te acepto compa
18:41:10 : Side: Leodagos: k
18:44:25 : Side: Jej0x |Aspirante|: cual es el ts3?
18:53:03 : Side: Leodagos: q paso
18:53:29 : Side: Leodagos: voy jejo ?
18:53:48 : Side: Jej0x |Aspirante|: se
18:54:00 : Side: Leodagos: te saliste del party
18:54:08 : Side: Jej0x |Aspirante|: capaz
19:17:27 : Side: Javier-Pc: hola?
19:19:32 : Side: Javier-Pc: español?
19:51:47 : Side: [WG] SnakeGeneral: como q reboca os veiculos ?
23:03:03 : Side: Bad Guy: buenas, algun adm on?
23:28:48 : Side: Bad Guy: so gracioso so
23:29:08 : Side: Nikyta: jaja buenas 
23:30:01 : Side: Bad Guy: JAJAJAJAJAJAAJ
23:30:07 : Side: Nikyta: jajajajaj naaa ni a palos jajajaja
23:30:18 : Side: Nikyta: puaj !!!!
23:30:38 : Side: Bad Guy: emm como te explico
23:30:45 : Side: Nikyta: ya que estas aca me vas a hacer un favor jajaja
23:30:52 : Side: Bad Guy: toqueteando la almadena puse un chiquero en medio de mi base
23:31:04 : Side: Bad Guy: pero BIEN en el medio
23:31:11 : Side: Nikyta: jajajajajaja
23:31:48 : Side: Nikyta: jajajajaja
23:32:03 : Side: Bad Guy: es q no quiero chanchos en la base
23:32:11 : Side: Bad Guy: aparte me tapa las 2 puertas JAJAJAJA
23:32:28 : Side: Bad Guy: no, yo me dedico a las drogas
23:33:00 : Side: Nikyta: jajaj quien no se dedica a las drogas jajaja
23:33:08 : Side: Bad Guy: dale dale no hay problema
23:33:18 : Side: Bad Guy: igual toy probando suerte en la ruleta, xq me quede seco
23:33:25 : Side: Bad Guy: y sin vodnik
23:35:37 : Side: Bad Guy: voy
23:35:59 : Side: Nikyta: yo tambien presiso que saques algo de mi base xd
23:38:42 : Side: Nikyta: si querido xd
23:39:05 : Side: ChukyN: avisame cuando llegues good boy
23:39:17 : Side: Bad Guy: toy casi arriba
23:40:18 : Side: Bad Guy: aterrizaje casi perfecto
23:40:36 : Side: Nikyta: jajajaj
23:41:01 : Side: Bad Guy: toy
23:42:26 : Side: Bad Guy: entra
23:43:01 : Side: ChukyN: te quedo perfecto
23:43:07 : Side: ChukyN: bien de arquitecto argentino
23:43:07 : Side: Bad Guy: perfecto.. si claro
23:43:11 : Side: Bad Guy: jajajaj
23:43:21 : Side: Bad Guy: eso por apretar cosas q no c para q sirven
23:43:44 : Side: Bad Guy: ahora se me rompe denuevo la toolbox...
23:43:48 : Side: Bad Guy: a listo
23:43:53 : Side: Bad Guy: 2 tooblox seguidas
23:44:10 : Side: ChukyN: eso por romperme las bolas con giladas ajajaj
23:44:19 : Side: ChukyN: bad luck + 100
23:44:23 : Side: Bad Guy: sep
23:44:32 : Side: Bad Guy: ir al trader a comprar...
23:47:48 : Side: Nikyta: chuky veni para aca !!! jajaja
23:47:56 : Side: ChukyN: que paso?
23:48:06 : Side: Nikyta: no te hagas !!!
23:48:11 : Side: ChukyN: :D
23:48:30 : Side: Nikyta: tas aburrido ?? jajaj veni !!!
23:48:40 : Side: Bad Guy: bieeen
23:49:37 : Side: Bad Guy: como estrellar un mozzie en 1 simple paso
23:50:23 : Side: Bad Guy: darmelo a mi para q lo pilote
23:51:45 : Side: Bad Guy: so jodido so
23:51:56 : Side: ChukyN: jajaja
23:52:07 : Side: Bad Guy: encima sin balas estoy
23:52:23 : Side: ChukyN: deci que fueron solo 20, a nikyta le spawne 100
23:52:25 : Side: Nikyta: ojala te coman !!!!
23:52:31 : Side: Nikyta: jajajajaj
23:52:58 : Side: Bad Guy: 20 zombies 10 plantas de droga
23:53:00 : Side: Bad Guy: graciela
23:53:20 : Side: Nikyta: sacamelos !!!
23:53:38 : Side: Bad Guy: no puedo sacar ni sangre de la caja fuerte
23:55:26 : Side: Bad Guy: ahora dejame una toolbox de bronca
23:55:49 : Side: Nikyta: mira lo que es esto una masacre jajaj
23:56:08 : Side: Nikyta: me debes una carga de la motosierra jajaja
23:56:24 : Side: ChukyN: Sos la nueva daryl
23:56:27 : Side: ChukyN: verson lesbiana
23:56:28 : Side: Bad Guy: estoy a punto de desmayarme
23:56:46 : Side: Bad Guy: graciela
23:58:01 : Side: Bad Guy: q tal esta quedando el cuadrado chuky?
23:58:16 : Side: ChukyN: como dije arquitecto argentino
23:58:27 : Side: Bad Guy: faltan detalles y material todavia JAJAJA
23:58:53 : Side: Bad Guy: con q me estan tirando?
