19:06:00 : Group: erick: q onda por aca
19:11:31 : Group: [Amish]Churro: como va erik
19:11:44 : Group: erick: voy camino a alpha
19:14:27 : Group: erick: unlocked?
19:16:08 : Group: [Amish]Churro: la lockbox.. sin morir
19:16:16 : Group: [Amish]Churro: se ve q con el reset
19:16:20 : Group: [Amish]Churro: ahora pide clave
19:16:28 : Group: erick: te lo dije
19:17:11 : Group: erick: niño lloron reportandose.. cambio
19:17:33 : Group: erick: eso no lo escribes vos.. cierto
19:17:36 : Group: [Amish]Churro: si ahi llego roger
19:17:54 : Group: [Amish]Churro: es hora de drogarse
19:18:13 : Group: erick: busquemos las armas con silenciador
19:19:56 : Group: erick: no veo rifles con silenciadores
19:20:55 : Group: erick: aca estan
19:21:18 : Group: erick: mira esta mk lanzagranadas con silenciador papa
19:26:18 : Group: [Amish]Churro: tas en skype?
19:26:33 : Group: erick: no
19:30:39 : Group: erick: creo q estas armas estan bugueadas
19:30:46 : Group: erick: no me deja recargar las balas
19:30:58 : Group: [Amish]Churro: las balas son esas?
19:31:15 : Group: erick: listo.. q pete
19:32:14 : Group: erick: bags donde compro?
19:32:31 : Group: [Amish]Churro: bags?
19:32:39 : Group: erick: bolsos
19:32:47 : Group: erick: mira estas armas aca
19:33:01 : Group: erick: alguien las dejo
19:33:49 : Group: [Amish]Churro: jajaja
19:33:58 : Group: erick: epa
19:33:59 : Group: [Amish]Churro: querias agarrar esa arma?
19:34:04 : Group: erick: tomaste la mia
19:34:08 : Group: erick: esta es la q te decia
19:34:11 : Group: erick: la q cargo
19:36:40 : Group: [Amish]Churro: como te loteee
19:40:50 : Group: erick: donde compro bolsos?
19:41:41 : Group: [Amish]Churro: ni idea
19:42:02 : Group: erick: escuchaste los tiros?
19:42:09 : Group: [Amish]Churro: si
19:42:19 : Group: [Amish]Churro: q tenes ganas de hacer
19:42:35 : Group: erick: estoy armandome para ir a construir algo
19:44:45 : Group: erick: aca churro
19:44:47 : Group: erick: veni
19:45:17 : Group: [Amish]Churro: el gunbag trae 60 slots
19:46:23 : Group: erick: igual creo q no se usarlo
19:46:34 : Group: erick: no me amplio nada
19:47:00 : Group: erick: alejate
19:47:06 : Group: [Amish]Churro: erick
19:47:06 : Group: erick: no me deja abrir
19:47:11 : Group: erick: dime
19:47:19 : Group: [Amish]Churro: queres probar de construir?
19:47:30 : Group: [Amish]Churro: o compramos un heli
19:47:32 : Group: erick: si.. dime como guardo cosas con los bolos
19:47:37 : Group: [Amish]Churro: y vemos una ubicacion copada?
19:47:39 : Group: erick: bolsos
19:47:56 : Group: [Amish]Churro: vas al bolso.. clickealo.. pones open bag
19:48:07 : Group: [Amish]Churro: una vez abierto pasas las cosas
19:48:52 : Group: erick: groso
19:49:31 : Group: erick: otra cosa.. skin.. donde cambio?
19:49:51 : Group: [Amish]Churro: eso ni idea
19:50:40 : Group: erick: listo.. llevame a pasear papu
19:53:13 : Group: [Amish]Churro: a donde queres ir?
19:53:20 : Group: erick: llevame a pasear como a tus amigas francesas
19:53:30 : Group: [Amish]Churro: bien ahi
19:53:38 : Group: [Amish]Churro: vamos x las chicas
19:53:42 : Group: erick: veamos donde construiir la base?
19:53:44 : Group: [Amish]Churro: son un poco agresivas
19:53:53 : Group: [Amish]Churro: y si matamos ia?
19:54:00 : Group: erick: y si atropellamos a roger?
19:54:27 : Group: erick: pregunta: se pueden reforzar los vehiculos?
19:54:36 : Group: [Amish]Churro: algunos si
19:55:23 : Group: erick: mira ese heli papu
19:57:08 : Group: [Amish]Churro: estas bien?
19:57:14 : Group: erick: se
19:57:28 : Group: [Amish]Churro: ponete el cintow
19:57:35 : Group: erick: ja
19:57:56 : Group: erick: donde sacaste la licencia?
19:58:14 : Group: Roger: vamos a matar a esos
19:58:19 : Group: Roger: ya
19:58:26 : Group: erick: uhhh desperto el negro
19:58:46 : Group: [Amish]Churro: tmb logeuo dallheim
19:59:34 : Group: [Amish]Churro: luis
19:59:39 : Group: [Amish]Churro: olvidate de la guita
19:59:49 : Group: [Amish]Churro: paso exactamente lo q dijo erickw
20:01:13 : Group: [Amish]Churro: queres dejar guita en el auto?
20:01:28 : Group: erick: la guita es un chiste
20:01:48 : Group: [Amish]Churro: y siw
20:02:27 : Group: Hans: ya baje a las metras de arriba
20:02:50 : Group: Azrael1x: joya estoy como a 2 mil igual yo D
20:03:19 : Group: [Amish]Churro: la casa de adelante con un auto policia
20:03:21 : Group: [Amish]Churro: es ia
20:03:59 : Group: Hans: me cago en los pain killers
20:04:21 : Group: [Amish]Churro: 3 a la derecha
20:04:25 : Group: Azrael1x: si es una cagada no tener
20:04:29 : Group: [Amish]Churro: en total debe haber 8
20:04:39 : Group: erick: ententido
20:04:45 : Group: erick: tiempo de respawn?
20:04:56 : Group: Hans: venis en camionsito?
20:05:02 : Group: [Amish]Churro: 20 min
20:05:04 : Group: Azrael1x: nop en bicla
20:05:05 : Group: [Amish]Churro: calculo
20:05:36 : Group: Hans: alguien mas esta en la mision
20:05:39 : Group: Hans: hay ia muerta
20:05:47 : Group: erick: creo q le di a dos
20:05:57 : Group: erick: tenes visor?
20:06:16 : Group: Hans: dame pain killers xd
20:06:21 : Group: erick: zombie
20:06:38 : Group: Azrael1x: quedate quieto
20:06:38 : Group: Roger: voy en moto
20:06:59 : Group: Hans: me diste_
20:07:04 : Group: Azrael1x: sip
20:07:11 : Group: erick: cambio de posicion
20:08:52 : Group: Hans: abra mas?
20:09:15 : Group: Hans: nop
20:09:35 : Group: Hans: ahi mate otro
20:09:40 : Group: erick: escucho una moto
20:09:46 : Group: erick: q negro
20:09:47 : Group: Dallheim: 1 asdsad
20:09:55 : Group: Hans: en el bosque
20:09:57 : Group: Dallheim: me leen?
20:10:03 : Group: erick: se
20:10:06 : Group: [Amish]Churro: se
20:10:14 : Group: Dallheim: hay skype? necesito asesoria
20:10:20 : Group: Azrael1x: UN HELI
20:10:30 : Group: erick: de nada roger
20:10:30 : Group: Dallheim: estoy temblando en mi camioneta, creo que necesito antibioticos
20:10:35 : Group: Hans: no este chango_?
20:10:37 : Group: erick: tu vida me pertenece ahora
20:11:14 : Group: erick: adelantemos?
20:11:22 : Group: Hans: porque no habla por grupo xD
20:11:33 : Group: Azrael1x: no se si acepto
20:11:42 : Group: Dallheim: skype manga de putosssssssssssssss
20:11:48 : Group: erick: me dieron
20:12:15 : Group: Hans: ves alguno mas?
20:12:22 : Group: Azrael1x: nop
20:12:50 : Group: Hans: cubrime xd
20:13:09 : Group: Azrael1x: dale
20:13:12 : Group: [Amish]Churro: queda 1 solo
20:13:26 : Group: [Amish]Churro: creo q murieron todos
20:13:36 : Group: erick: jajaja mori
20:13:41 : Group: Azrael1x: ojo al frente!!
20:13:48 : Group: [Amish]Churro: te mato la ia?
20:13:50 : Group: erick: agreguen a skype asi sigo instrucciones
20:13:51 : Group: Azrael1x: son dos 
20:14:01 : Group: Hans: no veo
20:14:06 : Group: erick: ni idea... vi a 3 soldados correr por la autopista
20:14:10 : Group: erick: y uno me la dio
20:14:35 : Group: Hans: listo?
20:14:39 : Group: Azrael1x: liisto estaban del lado del bosque cerca de una piedra
20:14:59 : Group: Roger: todos muertos
20:15:48 : Group: Hans: no hay nada
20:16:02 : Group: Azrael1x: porque debe faltar un boot
20:16:30 : Group: Hans: estoy en el techo
20:16:55 : Group: Azrael1x: te tiran a vos_
20:17:00 : Group: Hans: no
20:17:16 : Group: Azrael1x: ahh era el que disparaba
20:17:30 : Group: Azrael1x: jaja oka
20:17:44 : Group: Hans: haber si vienen asi
20:17:50 : Group: Azrael1x: si no sale la mision es porque falta matar a algun boot
20:18:14 : Group: Jej0x |Aspirante|: I DONT KNOWW
20:18:18 : Group: Jej0x |Aspirante|: TODABIA NI LLEGE
20:19:19 : Group: Jej0x |Aspirante|: BAJASTE A LAS METRAS?W
20:19:38 : Group: Hans: sep
20:23:03 : Group: erick: deja de moverme hdp
20:23:22 : Group: Azrael1x: lo voy a buscar
20:23:34 : Group: erick: curame
20:23:38 : Group: erick: me dieron por tu culpa
20:25:23 : Group: erick: roger.. me mataron gracias a ti.. we are even
20:25:36 : Group: Hans: vamos a  la otra mision de heroes?
20:25:46 : Group: Roger: dsps te salve
20:25:53 : Group: Jej0x |Aspirante|: la de herous no
20:25:58 : Group: Jej0x |Aspirante|: solo hago de bandidos
20:26:02 : Group: Jej0x |Aspirante|: vamos a mi heli
20:26:07 : Group: erick: negro ahi gente
20:26:18 : Group: [Amish]Churro: donde'
20:26:23 : Group: Hans: llevanos entonces xd
20:26:30 : Group: erick: uno me mato
20:26:36 : Group: erick: roger me revivio
20:26:37 : Group: [Amish]Churro: la ia te mato
20:26:49 : Group: Jej0x |Aspirante|: seguime
20:26:58 : Group: Niconap: todo fue una confusion(?)
20:27:06 : Group: [Amish]Churro: ni idea recien?
20:27:06 : Group: erick: ja.. entremos tonces
20:27:20 : Group: erick: recein
20:27:20 : Group: Roger: jajajajajajajja
20:27:24 : Group: Roger: no puedo mas
20:27:27 : Group: Roger: jajajajajjaa
20:27:34 : Group: [Amish]Churro: jajaja fue roger
20:27:50 : Group: Jej0x |Aspirante|: quedate quietow
20:28:30 : Group: Hans: donde andas negro?
20:28:40 : Group: Roger: guarda
20:28:43 : Group: erick: listo
20:28:43 : Group: Roger: disparan
20:28:54 : Group: Roger: arranca guacho
20:28:56 : Group: erick: alguien disparo
20:29:01 : Group: erick: no se si roger
20:29:04 : Group: Roger: si. 
20:29:06 : Group: erick: negro villero
20:29:13 : Group: Roger: quien fue?
20:29:22 : Group: Roger: hay gente
20:29:26 : Group: Roger: para mi
20:29:31 : Group: Roger: tengamos cuidado
20:29:47 : Group: Roger: ponele silenciador a ese motor
20:29:58 : Group: Roger: asi todo el mundo sabe dde vamos
20:30:01 : Group: erick: no voy a luchearla
20:30:10 : Group: erick: pero deja de hacer eso cuando vamos modo comando
20:30:20 : Group: Roger: yo? que?
20:30:20 : Group: Hans: no se te entiende un choto
20:30:25 : Group: Roger: te revivi infeliz!!!
20:30:31 : Group: Roger: desagradecido!
20:30:32 : Group: Jej0x |Aspirante|: que encontre cinder blocksw
20:30:38 : Group: erick: pero pense q era ia3
20:30:46 : Group: Roger: te tendria que haber dejado tirado
20:30:51 : Group: erick: no estabamos modo pelotudo
20:30:53 : Group: Roger: lootearte
20:30:56 : Group: Hans: dafuq?
20:31:25 : Group: Roger: erick
20:31:31 : Group: erick: roger
20:31:35 : Group: Roger: necesitas un abogado?
20:31:46 : Group: erick: no sos de fiar
20:32:03 : Group: Roger: soy lo mejor que vas a encontrar en este mundo
20:32:05 : Group: erick: mira esa base
20:32:08 : Group: Roger: :D
20:32:11 : Group: erick: con balcon para heli
20:32:49 : Group: Dallheim: erick cuanto tarda en irse el droguiefecto?
20:32:50 : Group: Jej0x |Aspirante|: venganw
20:32:56 : Group: erick: como 3 min
20:33:02 : Group: Hans: pasanos a buscar por la mision
20:33:03 : Group: Hans: y vamo
20:33:04 : Group: Dallheim: ya se me fue en 1
20:33:06 : Group: erick: pero podes seguir drogandonte
20:33:07 : Group: Jej0x |Aspirante|: okw
20:33:44 : Group: erick: granadeale el ehli
20:33:45 : Group: Jej0x |Aspirante|: confio en que no me toquen los fierrros del heli porque los quiero venderw
20:34:17 : Group: Hans: trae el heli tonce dale
20:34:33 : Group: Jej0x |Aspirante|: ahi voy para que guardo la lockbox
20:34:55 : Group: erick: zombie
20:34:57 : Group: Roger: es inmune
20:34:58 : Group: [Amish]Churro: es durisimo
20:35:02 : Group: erick: churro
20:35:02 : Group: Azrael1x: yo me vuelvo pa la base muchachos
20:35:31 : Group: Jej0x |Aspirante|: bueno yo me voy al mercado entonces
20:35:31 : Group: erick: zombies
20:35:41 : Group: Jej0x |Aspirante|: quieren venir?
20:35:43 : Group: Hans: jejox llevame
20:35:47 : Group: Jej0x |Aspirante|: lee
20:35:51 : Group: Roger: perdi 5 granadas
20:35:52 : Group: Hans: pasame a buscar cristiano
20:35:57 : Group: Roger: 5 momentos de bromas
20:35:58 : Group: Jej0x |Aspirante|: ahi voy messi
20:36:02 : Group: erick: vayamos a recargar municion
20:36:03 : Group: Roger: que mal ...
20:36:14 : Group: erick: y salimos a otra ia
20:36:36 : Group: Roger: rompi mi moto
20:36:52 : Group: Roger: cuando le atropelle la pierna a churro
20:37:23 : Group: Roger: te cuento erick
20:37:35 : Group: Roger: he defendido a 4 survivors ya
20:37:36 : Group: erick: te leo rogi
20:37:42 : Group: Roger: todos quedaron libres
20:37:55 : Group: erick: jjajaja
20:37:57 : Group: Roger: nadie los vio matar a sus amigos
20:38:23 : Group: Roger: miralo a pilotin!
20:38:37 : Group: Hans: vamo
20:38:56 : Group: erick: miren ese evento
20:38:58 : Group: Roger: arranca guacho
20:39:01 : Group: Roger: dale
20:39:08 : Group: Roger: dejalo a pilotin
20:39:42 : Group: Roger: que haces?
20:39:49 : Group: Roger: todo bien?
20:39:57 : Group: [Amish]Churro: veni a kype
20:40:17 : Group: Hans: queda cerca vamos
20:40:21 : Group: Hans: esta a mil metros
20:40:38 : Group: Hans: dale negro dobla
20:40:39 : Group: Jej0x |Aspirante|: por eso no voy
20:40:40 : Group: Hans: rapiido 
20:40:46 : Group: Hans: pero estamos aca no mas
20:40:55 : Group: Jej0x |Aspirante|: pone 30 bots
20:41:01 : Group: Jej0x |Aspirante|: y te cogen
20:41:03 : Group: Jej0x |Aspirante|: ya lo hizo
20:41:13 : Group: Hans: a
20:41:14 : Group: Hans: bueno
20:41:15 : Group: Hans: xD
20:41:37 : Group: Jej0x |Aspirante|: alta base
21:24:39 : Group: Dallheim: incluso estoy seguro de haberlo lockeado
