01:26:02 : Group: Hans: jajaj
02:56:27 : Group: Jose Luis: tu?w
02:56:55 : Group: Jose Luis: yo quiero ser hero
02:58:09 : Group: Jose Luis: tenes comida xD
03:54:37 : Group: Jose Luis: sin llave?
04:04:50 : Group: Jose Luis: quita ps
13:53:22 : Group: JF: que te paso con eso ?
13:53:39 : Group: JF: Hola amigo !! 
13:53:40 : Group: Jose Luis: iba estrenando el helicopetero
13:53:44 : Group: Jose Luis: hola!
13:53:58 : Group: JF: y?
13:54:06 : Group: Jose Luis: iba estrenando el helicoptero y aparecio el mensaje un minuto para cierre
13:54:51 : Group: Jose Luis: porque no tiene combustible ...
13:55:22 : Group: JF: a la pelota con un minuto no te da tiempo a mi me marcó el minuto con arma dejando para agarrar otra y perdi las dos ..
13:55:55 : Group: Jose Luis: ya ves estoy vivo de milagro
13:56:39 : Group: Jose Luis: construimos?
13:57:47 : Group: JF: por donde andas vos ? veni contame un poco que juego hiciste
14:00:03 : Group: Jose Luis: me ayudas a llenar el helicoptero
14:01:15 : Group: JF: pero yo no trigo ningun bidon encima por eso no te puedo cargar
14:01:31 : Group: JF: traigo quise decir
14:01:43 : Group: Jose Luis: ok
14:03:58 : Group: Jose Luis: hacemos una base?
14:04:13 : Group: JF: jojo y ya aprendiste a pilotearlo?
14:04:25 : Group: Jose Luis: ahi maso
14:05:25 : Group: JF: che vos no tenes base todavia, quiero decir todavia no armaste nada en ningun lugar?
14:05:39 : Group: Jose Luis: no nada
14:06:34 : Group: JF: bueno yo te voy a llevar en una zona qoe te puese interesar , santiago era tu amigo verdad?
14:06:46 : Group: Jose Luis: si estoy al telefono con el
14:07:09 : Group: JF: ah se conocen de verdad..
14:07:25 : Group: Jose Luis: somos jugadores de xbox
14:07:38 : Group: Jose Luis: oye no me esta dejando recargar aqui
14:08:21 : Group: Jose Luis: que necesito para recargar los vehiculos en las estaciones de combustible?
14:08:26 : Group: Jose Luis: una planta de energia?
14:08:28 : Group: JF: ya se le debe haber agotado buscate otro veiculo puede ser el de la vendedora de alimento envasado
14:09:42 : Group: Jose Luis: el helicoptero carga mucho
14:09:50 : Group: JF: no , simplemente desendes con cuidado sin aterrizar en el caso del heli y cuando estas como a 2 o 3 metros de altura te aparece la opcion
14:21:46 : Group: Jose Luis: amigo
14:22:58 : Group: JF: Eh no se que carajo le pasa a esto que en lo mejor que estas te  saca del juego..
14:23:08 : Group: JF: si te leo 
14:23:26 : Group: Jose Luis: mira a la zona de recarga de bidon
14:23:53 : Group: JF: a miercole se incendio que paso
14:24:02 : Group: Jose Luis: el helicoptero bugueado
14:24:06 : Group: Jose Luis: lo perdi y se estallo todo
14:24:41 : Group: JF: pero si vos lo tenias aterrizado o levantaste vuelo?
14:24:49 : Group: Jose Luis: aparecio cerca a paredes
14:24:50 : Group: Jose Luis: xD
14:25:01 : Group: Jose Luis: salte al ultimo minuto
14:25:49 : Group: Jose Luis: jf compa ven conmigo
14:25:53 : Group: JF: invoca al "admin" y que te recupere algo x Dios
14:26:02 : Group: Jose Luis: como lo llamo
14:26:34 : Group: JF: Admin  asi como lo escribi
14:27:02 : Group: Jose Luis: me acompañas?
14:27:06 : Group: JF: con letras azules  o blancas..
14:27:13 : Group: JF: donde queres ir
14:27:27 : Group: Jose Luis: ven
14:28:53 : Group: JF: es tuya , jajaja felicidades 
14:28:58 : Group: Jose Luis: jajaja si
14:29:00 : Group: JF: !!!!
14:29:01 : Group: Jose Luis: trabajo duro
14:29:18 : Group: Jose Luis: sube ps men
14:30:02 : Group: JF: asi es xD ..  por eso duele cuando pasas varias horas  armando algo y despues te lo caga el server..
14:30:28 : Group: Jose Luis: asi es
14:30:31 : Group: Jose Luis: entra un momento
14:30:42 : Group: Jose Luis: que te llevo 
14:30:48 : Group: Jose Luis: tranquilo no soy bandido
14:31:19 : Group: JF: che ahora ya queda re poco tiempo para armar algo 
14:31:33 : Group: Jose Luis: no pero es para mostrarte la zona
14:31:44 : Group: Jose Luis: cuantas personas caben en un coche
14:31:57 : Group: JF: encima le desconfio que se vuelva a cortar la transmison de internet 
14:32:14 : Group: Jose Luis: jajajaja solo necesito ir a mi saee
14:32:18 : Group: JF: si vos queres yo te voy a llevar 
14:32:19 : Group: Jose Luis: safe a guardar llaves
14:32:44 : Group: JF: a la zona donde yo tengo la base 
14:32:48 : Group: Jose Luis: ya vengo yo entonces
14:32:50 : Group: Jose Luis: eso llevame
14:32:55 : Group: Jose Luis: podemos hacerla juntos?
14:33:03 : Group: JF: para reforzzar la zona 
14:33:13 : Group: Jose Luis: ok pero entonces tendria que ir por mi safe
14:33:16 : Group: JF: yo ya tengo medio planeado que hacer
14:33:18 : Group: Jose Luis: que la deje tirada
14:33:35 : Group: JF: no importa con lo que hagamos 
14:33:48 : Group: JF: vas a tener para varias zafes
14:33:59 : Group: Jose Luis: ero esa tiene cosas xD
14:34:04 : Group: Jose Luis: jajaja sube en tu coche
14:34:08 : Group: JF: safes
14:34:11 : Group: Jose Luis: ya se cinecta santiago lo recogemos y mostramos
14:34:35 : Group: JF: no importa hay que t3ener cosas en distintos lugares del mapa en lo posible 
14:34:36 : Group: Jose Luis: sube en tu coche y te sigo
14:35:23 : Group: JF: no ahora no sirve , esta noche  tenemos tiempo si te conectas
14:35:32 : Group: Jose Luis: vale
14:36:18 : Group: JF: Jose desde hoy que te queria preguntr de donde eres 
14:36:19 : Group: Jose Luis: vamos por santiago?
14:36:26 : Group: Jose Luis: Colombia
14:36:43 : Group: Jose Luis: listo santiago diganos donde esta
14:36:52 : Group: Jose Luis: vamos en los carros por vos
14:37:15 : Group: JF: Oh amigo barbaro , bueno vamos te sigo
14:37:27 : Group: Jose Luis: no que va eso es con micro
14:37:29 : Group: JF: yo argentino
14:37:39 : Group: Jose Luis: santiago dale cambiar de canal a canal de grupo
14:37:53 : Group: Jose Luis: lo imagine compa jf
14:38:28 : Group: Jose Luis: vamos por santiago jf
14:38:36 : Group: santiago: como activo la radio para abriri comunicacion??
14:42:44 : Group: JF: hola santigo amigo como va ¡
14:43:04 : Group: santiago: hola jf
14:43:22 : Group: santiago: bien bien soy nuevo en el juego
14:43:22 : Group: JF: no te hagas problemas ahora te ayudamos jaja
14:43:33 : Group: santiago: ok
14:43:52 : Group: JF: che santiago como andas del julepe todavia  
14:43:59 : Group: Jose Luis: JAJAJAJ
14:45:32 : Group: JF: juntate eso santiago y lo vendes mas tarde
14:46:23 : Group: JF: vidrios o "glass"
14:46:42 : Group: JF: lo podes vender o reparar un veiculo cuando sea necesario
14:47:12 : Group: JF: marca equipo en el menu del costado
14:47:25 : Group: JF: con la ruedita del mous
14:48:03 : Group: JF: si tu bolsillos superiores derecho en el inventario estan llenos
14:48:28 : Group: JF: .puedes ahabrir el inventario con la letra g
14:49:32 : Group: JF: si te entiendo pero lo que tienes en tu izquierda son todas las cosas a las que le puedes hechar mano
14:49:37 : Group: JF: espera
14:49:52 : Group: JF: teniendo abierto el inventario 
14:50:11 : Group: JF: con el click  izquerdo sobre 
14:51:17 : Group: JF: santiago debes ponerte una venda 
14:51:33 : Group: JF: para parar la sangre
14:52:01 : Group: JF: del inventario todo se selecciona con el click
14:52:31 : Group: JF: tambien si pones sobre la mochila y haces click te aparece
14:52:57 : Group: JF: te aparece lo que tienes dentro de la mochila 
14:53:54 : Group: JF: en este caso porque t3engo la camioneta habierta puedes ver que contiene y si fuera el caso tomar algo o dejar algo 
14:54:12 : Group: JF: arriba del inventario tre aparecen una serie de numeros
14:54:36 : Group: JF: que te indican cuantos objetos de cada categoria te caben
14:55:05 : Group: JF: por ejemplo tu mochila tiene para capacidad de 10
14:55:40 : Group: JF: bueno sube y nos vamos despues seguimos porque ya queda poco tiempo para el reinicio
15:09:42 : Group: JF: sube santiago a la camioneta
15:11:26 : Group: Jose Luis: vale gracias
15:11:35 : Group: Jose Luis: ahora casi muero tambien por la perdida de conexion
15:12:24 : Group: Jose Luis: como estas juan
15:14:00 : Group: Jose Luis: todo bien 
15:14:42 : Group: Jose Luis: jajaja si venimos juntos jugamos en la consola
15:15:00 : Group: santiago: gracias pana
15:16:02 : Group: Jose Luis: djajajaj clarow
15:16:06 : Group: santiago: ajajajaj
15:16:53 : Group: Jose Luis: santiago juega al ruleta rusa aprovechando que tienes poco que perderw
15:20:02 : Group: Jose Luis: estoy aqui
15:20:05 : Group: Jose Luis: en tienda
15:20:18 : Group: Jose Luis: jf jajaaj
15:20:54 : Group: JF: ah menos mal porque me marcaba que estabas sin combustible
15:21:03 : Group: Jose Luis: espera alejate que necesito comer
15:22:23 : Group: JF: che santiago que arma de pistola tenes
15:22:31 : Group: JF: arma chica
15:23:07 : Group: santiago: g17
15:23:14 : Group: santiago: ?
15:23:23 : Group: JF: vendela que te doy una mejor
15:23:26 : Group: Jose Luis: oye juan que llaves son las del helicoptero para tirarlas
15:23:31 : Group: JF: que mochila tenes
15:23:39 : Group: santiago: enseñame como
15:24:41 : Group: JF: aqui te aparece la opcion trader menu
15:24:55 : Group: JF: hace click
15:24:59 : Group: santiago: con su municion 
15:25:07 : Group: santiago: ?
15:25:29 : Group: JF: en categoria tenes pstol
15:25:51 : Group: santiago: listo vendido
15:25:53 : Group: JF: y para vender la municin mas abajo pistlo ammmo
15:26:15 : Group: santiago: ahora q?
15:26:53 : Group: JF: HACE para atras un poco 
15:27:01 : Group: JF: asi tengo lugar
15:27:06 : Group: JF: mas
15:27:16 : Group: JF: mas atras 
15:27:24 : Group: JF: bien
15:27:59 : Group: JF: levanta eso
15:28:18 : Group: santiago: listo gracias
15:28:21 : Group: Jose Luis: ey admin
15:28:40 : Group: JF: veni 
15:28:47 : Group: JF: santiago
15:29:46 : Group: JF: sacate esa M8 si queres
15:30:17 : Group: santiago: como la guardo si quiero tener la que tengo?????
15:30:53 : Group: JF: con el inventario abierto hace click en la mochila
15:31:00 : Group: JF: lue
15:31:47 : Group: JF: no perdon hace soble cilck en la mochila y te aparece un listado  
15:32:07 : Group: santiago: correcto
15:32:24 : Group: Jose Luis: cuales son las llaves del helicoptero para tirarlas
15:32:25 : Group: JF: arriba tenes numeros y el  dibujo del arma 
15:32:36 : Group: santiago: si
15:33:00 : Group: Jose Luis: ok
15:33:19 : Group: JF: tenes que hacer click de nuevo del tu lado izquierdo para que pase 
15:33:41 : Group: santiago: si ya deja pasar entiendo 
15:34:02 : Group: JF: siempre tenes que ir fijandote cuantos espacios bacios te quedad arriba 
15:34:03 : Group: santiago: entonces eso es lo q llevo dentro
15:34:33 : Group: JF: en la mochila tenes lo que te tira del lado izquierdo 
15:34:49 : Group: Jose Luis: listo ya la tire
15:35:05 : Group: JF: pero me parece que ests muy cerca de la camioneta o sea que te va a tomar lo que hay en el veiculo
15:35:12 : Group: Jose Luis: santiago quieres el mini helicoptero
15:35:25 : Group: santiago: si y si
15:35:30 : Group: JF: alejate y chequea de nuevo
15:35:51 : Group: Jose Luis: agarra las llaves estan aqui donde estoy yo
15:36:18 : Group: Jose Luis: agarralas
15:36:57 : Group: Jose Luis: voy a sacarle una llanta la carro blanco este
15:36:59 : Group: Jose Luis: xD
15:37:51 : Group: Jose Luis: no le diga eso a santiago que es terrorista
15:38:15 : Group: santiago: ya mismo ahi que tenerlo
15:39:38 : Group: Jose Luis: jf vamos a tu base?
15:39:56 : Group: santiago: quiero una m4 como la consigo???
15:40:05 : Group: JF: mejor dejá a ver si te pasa lo que te paso con el heli y te explota en la cara jose
15:40:34 : Group: Jose Luis: jajaja no que va ya vamos en coche dime que materiales compro
15:41:30 : Group: Jose Luis: no creo que pasa vamos
15:42:02 : Group: Jose Luis: para usar las estaciones de combustible tengo que tener un generador?
15:42:50 : Group: Jose Luis: jajajajajaajaja
15:42:58 : Group: Jose Luis: que chevere es darle plata a la rubia
15:43:15 : Group: Jose Luis: le estabadando sangre necesitaba
15:44:27 : Group: Jose Luis: epaaa me salio una briefcase en la basura
15:46:10 : Group: Jose Luis: jajaja la ruleta
15:46:42 : Group: JF: Santiago que paso con las tripas de los zombi que te encargue pudiste tomarlas
15:47:44 : Group: Jose Luis: leyva
15:48:28 : Group: Jose Luis: ojo con las llaves de leyva
15:48:33 : Group: Jose Luis: que son del carro de el santiago
15:48:36 : Group: Jose Luis: murio por la ruleta rusa
15:48:50 : Group: Jose Luis: jf cuidas mi cuerpo voy a probar suerte
15:49:43 : Group: Jose Luis: ehhh gane 100.000
15:50:02 : Group: JF: Santiago que paso con las tripas de los zombi que te encargue pudiste tomarlas
15:50:19 : Group: JF: pudiste tomar las bolsitas
15:50:26 : Group: santiago: no se de q me hablas
15:50:35 : Group: Jose Luis: cuanto dinero tenes JF
15:51:16 : Group: JF: en la ruta antes del reseteo de la maquina te pedi que si podias hacerme el favor de juntar las bolsitas zombis part
15:51:29 : Group: JF: o sea sacarle las tripas
15:51:50 : Group: Jose Luis: para que son las tripas
15:52:02 : Group: santiago: no vi cuando me escribiste 
15:52:11 : Group: JF: para cultivo
15:52:25 : Group: santiago: estoy muy fumado en este momento
15:52:28 : Group: Jose Luis: pues vamos matamos zombies y me dices con que le saco las tripas
15:53:18 : Group: JF: bueno cuando puedas santiago si queres hacerme el favor pero sin apuro y no abusar
15:53:35 : Group: Jose Luis: jf con que le saco las tripa a los zombies
15:53:39 : Group: JF:  yo me voy retirando nos vemos luego talves
15:54:11 : Group: Jose Luis: con que se las saco ...
15:54:25 : Group: JF: con la ruedita del mous jaja cereo que tenes que tener cute naik o sea cuchillo
15:54:41 : Group: Jose Luis: cuchillo de caza?
15:56:16 : Group: JF: que santiago este jaja te cargaste todo loco y me estas tirando la municion que me sirve para mis armas
15:56:47 : Group: santiago: estoy muy fumado no se que hice
15:57:53 : Group: JF: unos zombis si otros no
16:02:23 : Group: JF: cuando matan zombis ganan hunmanidad positiva o sea heroe
16:04:25 : Group: JF: bueno pero anda fijandote arriba en el puntaje de humanidad que no se te venga demasiado abajo jose luis
16:05:32 : Group: JF: de a cinco me parece
16:05:51 : Group: Jose Luis: LLEGO UN BANDIDO
16:06:14 : Group: santiago: mi personaje esta tosiendo
16:06:24 : Group: Jose Luis: VENGA RAPIDO YO LE DOY UN ANTIBIOTICO
16:06:33 : Group: Jose Luis: VENGA A TIENDA Q ES ZONA SEGURA
16:08:27 : Group: Jose Luis: AGARRALOS
16:09:35 : Group: Jose Luis: CUANTO DE SANGRE TIENE
16:09:56 : Group: Jose Luis: PANA MONTESE EN EL HELICOPTERO PS
16:09:57 : Group: santiago: toda
16:10:09 : Group: Jose Luis: RUEDA Y LE DA UNLOCK
16:10:16 : Group: Jose Luis: Y AHI SI SE MONTA
16:10:28 : Group: Jose Luis: PONE EL AUTOMATICO
16:10:33 : Group: Jose Luis: Y SUBE CON Q
16:10:42 : Group: Jose Luis: QUITA AUTOMATICO Y LISTO 
16:10:47 : Group: Jose Luis: GIRA CON MOUSE
16:10:53 : Group: Jose Luis: BAJA CON Z
16:11:32 : Group: Jose Luis: JAJAJAJA ESO PRACTIQUE
16:12:05 : Group: Jose Luis: rueda de mouse y desactiva el estabilizador y da w pa ir adelante
16:13:10 : Group: Jose Luis: recuerde fijarse en el combustible ahora le regalo un tanque para que mantenga combustible pero es pequeño muy pequeño para los helicopteros
16:14:14 : Group: Jose Luis: jajaja yo dije se mato
16:16:06 : Group: Jose Luis: ahora bloquealo
16:16:20 : Group: Jose Luis: y cuando te vayas a ir sacalo de aqui porque sino te lo quitan esta area tiene que estar libre
16:17:31 : Group: Jose Luis: anda ponelo afuera donde estan los carros
16:17:34 : Group: Jose Luis: voy a almorzar
18:48:05 : Group: Sonic: vos querias lapua aca tengo una lapua >D
18:48:07 : Group: Azrael1x: jajaja que haces ahi??
18:48:14 : Group: Sonic: looteando a lo pete
18:48:24 : Group: Azrael1x: jajaja asco
18:48:28 : Group: Azrael1x: vamos a ts
18:48:29 : Group: Sonic: e para tengo una lapua
18:48:30 : Group: Sonic: xD
18:48:57 : Group: Azrael1x: sos un groso man 
18:53:02 : Group: Leyva: ea morro
18:58:18 : Group: Fidelo: que pedo leyva
19:04:54 : Group: Fidelo: leyba
19:05:03 : Group: Leyva: ey
19:05:03 : Group: Fidelo: ayuda}
19:05:14 : Group: Leyva: con que?
19:05:20 : Group: Fidelo: me tobo esta madre y estoy desmayado
19:05:57 : Group: Fidelo: hay una madre que te despierta que no?
19:06:18 : Group: Fidelo: ea
19:06:38 : Group: Fidelo: te anmo
19:11:05 : Group: Fidelo: donde esta el bato que vende herramientas?
19:11:15 : Group: Leyva: ok
19:11:37 : Group: Fidelo: ea
19:17:12 : Group: Leyva: no me dejes con los boludos xD
19:17:29 : Group: Fidelo: jahjahjah
19:17:58 : Group: Leyva: apurate a salir de su rango
19:18:06 : Group: Leyva: que ya te andan buscando xD
19:18:18 : Group: Fidelo: lol
19:19:46 : Group: Leyva: para donde agarraste?
19:21:32 : Group: Fidelo: para la madedera
19:23:50 : Group: Fidelo: quiero ver que te dan
19:24:00 : Group: Leyva: donde?
19:24:12 : Group: Fidelo: trabajando
19:24:19 : Group: Leyva: material xD
19:24:34 : Group: Fidelo: woodply
19:25:10 : Group: Fidelo: creo que es mas rapido si cortas madrea tu
19:25:16 : Group: Fidelo: XD
19:25:34 : Group: Leyva: se pro eso vine a cantera mejor
19:39:08 : Group: Fidelo: a donde vas?
19:39:23 : Group: Leyva: vine a la mision
19:39:33 : Group: Fidelo: a la del tanque?
19:39:45 : Group: Leyva: se vine a sacar las ocsas, caile
19:39:49 : Group: Leyva: para que me ayudes
19:42:16 : Group: Leyva: reparas el radio
19:42:23 : Group: Leyva: del jeep
19:42:42 : Group: Leyva: fidel ven para aca xd
19:43:01 : Group: Leyva: ven de este lado del carro
20:23:44 : Group: Sonic: azul74 lockbox
