00:02:11 : Rcon client logging in
﻿00:02:11 : RCon admin #0 (127.0.0.1:56458) logged in
﻿00:08:11 : RCon admin #0: (Global) CRFT Survival Servers
﻿00:08:11 : RCon admin #0: (Global) Epoch Napf Veteran 
﻿01:22:00 : Player #0 Tiadashi (47.142.195.93:2304) connected
﻿01:22:01 : Player #0 Tiadashi - GUID: ba7597fbd587ece9e807face23916950 (unverified)
﻿01:22:01 : Verified GUID (ba7597fbd587ece9e807face23916950) of player #0 Tiadashi
﻿01:22:02 : Player #0 Tiadashi - Legacy GUID: 8b4506e86dff8826a189c6a07436a687
﻿01:25:58 : Player #1 Bolter (24.254.82.124:2304) connected
﻿01:25:59 : Player #1 Bolter - GUID: e8f5735790cf4f62671dfdce3a1e973b (unverified)
﻿01:25:59 : Verified GUID (e8f5735790cf4f62671dfdce3a1e973b) of player #1 Bolter
﻿01:26:00 : Player #1 Bolter - Legacy GUID: 8db1f0e0d6922af8f4e536d5ef737a4d
﻿01:47:48 : Could not connect to BE Master
﻿01:47:48 : Update attempt failed
﻿01:55:59 : Could not connect to BE Master
﻿01:55:59 : Update attempt failed
﻿02:23:33 : Player #0 Tiadashi disconnected
﻿02:24:30 : Player #0 Tiadashi (47.142.195.93:2304) connected
﻿02:24:31 : Player #0 Tiadashi - GUID: ba7597fbd587ece9e807face23916950 (unverified)
﻿02:24:31 : Verified GUID (ba7597fbd587ece9e807face23916950) of player #0 Tiadashi
﻿02:24:32 : Player #0 Tiadashi - Legacy GUID: 8b4506e86dff8826a189c6a07436a687
﻿03:06:10 : Player #0 Tiadashi (ba7597fbd587ece9e807face23916950) has been kicked by BattlEye: Client not responding
﻿03:08:04 : Player #0 Tiadashi (47.142.195.93:2304) connected
﻿03:08:05 : Player #0 Tiadashi - GUID: ba7597fbd587ece9e807face23916950 (unverified)
﻿03:08:06 : Verified GUID (ba7597fbd587ece9e807face23916950) of player #0 Tiadashi
﻿03:08:06 : Player #0 Tiadashi - Legacy GUID: 8b4506e86dff8826a189c6a07436a687
﻿03:10:46 : Could not connect to BE Master
﻿03:10:46 : Update attempt failed
﻿03:13:02 : Could not connect to BE Master
﻿03:13:03 : Update attempt failed
﻿03:21:10 : Could not connect to BE Master
﻿03:21:10 : Update attempt failed
﻿03:39:07 : Player #1 Bolter disconnected
﻿04:24:14 : Could not connect to BE Master
﻿04:24:14 : Update attempt failed
﻿04:26:30 : Could not connect to BE Master
﻿04:26:30 : Update attempt failed
﻿04:32:40 : Could not connect to BE Master
﻿04:32:40 : Update attempt failed
﻿04:34:38 : Failed to receive from BE Master (2)
﻿04:34:38 : Update attempt failed
﻿04:40:48 : Could not connect to BE Master
﻿04:40:48 : Update attempt failed
﻿04:47:07 : Could not connect to BE Master
﻿04:47:07 : Update attempt failed
﻿04:49:18 : Player #0 Tiadashi disconnected
﻿05:30:00 : RCon admin #0: (Global) This server will restart in 30 minutes
﻿05:45:00 : RCon admin #0: (Global) This server will restart in 15 minutes
﻿05:55:00 : RCon admin #0: (Global) This server will restart in 5 minute, log out now to prevent item loss!
﻿05:59:00 : RCon admin #0: (Global) This server will restart in 1 minute, Log out now!
﻿06:02:01 : Rcon client logging in
﻿06:02:01 : RCon admin #0 (127.0.0.1:60044) logged in
﻿06:08:01 : RCon admin #0: (Global) CRFT Survival Servers
﻿06:08:01 : RCon admin #0: (Global) Epoch Napf Veteran 
﻿11:30:00 : RCon admin #0: (Global) This server will restart in 30 minutes
﻿11:45:00 : RCon admin #0: (Global) This server will restart in 15 minutes
﻿11:55:00 : RCon admin #0: (Global) This server will restart in 5 minute, log out now to prevent item loss!
﻿11:59:00 : RCon admin #0: (Global) This server will restart in 1 minute, Log out now!
﻿12:02:11 : Rcon client logging in
﻿12:02:11 : RCon admin #0 (127.0.0.1:52159) logged in
﻿12:08:11 : RCon admin #0: (Global) CRFT Survival Servers
﻿12:08:11 : RCon admin #0: (Global) Epoch Napf Veteran 
﻿16:21:44 : Player #0 Tiadashi (47.142.195.93:2304) connected
﻿16:21:45 : Player #0 Tiadashi - GUID: ba7597fbd587ece9e807face23916950 (unverified)
﻿16:21:46 : Verified GUID (ba7597fbd587ece9e807face23916950) of player #0 Tiadashi
﻿16:21:46 : Player #0 Tiadashi - Legacy GUID: 8b4506e86dff8826a189c6a07436a687
﻿16:41:37 : Could not connect to BE Master
﻿16:41:37 : Update attempt failed
﻿16:43:53 : Could not connect to BE Master
﻿16:43:53 : Update attempt failed
﻿16:55:42 : Player #0 Tiadashi disconnected
﻿16:55:54 : Could not connect to BE Master
﻿16:55:54 : Update attempt failed
﻿17:30:00 : RCon admin #0: (Global) This server will restart in 30 minutes
﻿17:45:00 : RCon admin #0: (Global) This server will restart in 15 minutes
﻿17:55:00 : RCon admin #0: (Global) This server will restart in 5 minute, log out now to prevent item loss!
﻿17:59:00 : RCon admin #0: (Global) This server will restart in 1 minute, Log out now!
﻿18:02:11 : Rcon client logging in
﻿18:02:11 : RCon admin #0 (127.0.0.1:56065) logged in
﻿18:08:11 : RCon admin #0: (Global) CRFT Survival Servers
﻿18:08:11 : RCon admin #0: (Global) Epoch Napf Veteran 
﻿23:30:00 : RCon admin #0: (Global) This server will restart in 30 minutes
﻿23:45:00 : RCon admin #0: (Global) This server will restart in 15 minutes
﻿23:55:00 : RCon admin #0: (Global) This server will restart in 5 minute, log out now to prevent item loss!
﻿23:59:00 : RCon admin #0: (Global) This server will restart in 1 minute, Log out now!
