00:02:11 : Rcon client logging in
﻿00:02:11 : RCon admin #0 (127.0.0.1:61183) logged in
﻿00:08:11 : RCon admin #0: (Global) CRFT Survival Servers
﻿00:08:11 : RCon admin #0: (Global) Epoch Napf Veteran 
﻿02:38:50 : Player #0 Tiadashi (47.142.195.93:2304) connected
﻿02:38:52 : Player #0 Tiadashi - GUID: ba7597fbd587ece9e807face23916950 (unverified)
﻿02:38:52 : Verified GUID (ba7597fbd587ece9e807face23916950) of player #0 Tiadashi
﻿02:38:53 : Player #0 Tiadashi - Legacy GUID: 8b4506e86dff8826a189c6a07436a687
﻿02:46:28 : Player #1 Klin (31.163.249.217:2304) connected
﻿02:46:30 : Player #1 Klin - GUID: 8baf9530e6dc5471590d44df9880d8ce (unverified)
﻿02:46:30 : Verified GUID (8baf9530e6dc5471590d44df9880d8ce) of player #1 Klin
﻿02:46:30 : Player #1 Klin - Legacy GUID: 0ad421a582e5fbb2fc25ad04eadab015
﻿02:50:10 : RCon admin #0: (To Klin) Only use Ascii on chat. Warnings left:2
﻿03:31:54 : Player #1 Klin disconnected
﻿04:22:34 : Player #1 Rad (121.73.37.174:2304) connected
﻿04:22:35 : Player #1 Rad - GUID: 885c579ee12c4ddf77aaac565b2b3290 (unverified)
﻿04:22:36 : Verified GUID (885c579ee12c4ddf77aaac565b2b3290) of player #1 Rad
﻿04:22:36 : Player #1 Rad - Legacy GUID: 03f93f12a57aefa54029cc3dc438d7a9
﻿05:03:31 : Player #0 Tiadashi disconnected
﻿05:05:03 : Player #0 Tiadashi (47.142.195.93:2304) connected
﻿05:05:04 : Player #0 Tiadashi - GUID: ba7597fbd587ece9e807face23916950 (unverified)
﻿05:05:04 : Verified GUID (ba7597fbd587ece9e807face23916950) of player #0 Tiadashi
﻿05:05:05 : Player #0 Tiadashi - Legacy GUID: 8b4506e86dff8826a189c6a07436a687
﻿05:30:00 : RCon admin #0: (Global) This server will restart in 30 minutes
﻿05:43:30 : Player #1 Rad disconnected
﻿05:45:00 : RCon admin #0: (Global) This server will restart in 15 minutes
﻿05:55:00 : RCon admin #0: (Global) This server will restart in 5 minute, log out now to prevent item loss!
﻿05:57:15 : Player #0 Tiadashi disconnected
﻿05:59:00 : RCon admin #0: (Global) This server will restart in 1 minute, Log out now!
﻿06:02:00 : Rcon client logging in
﻿06:02:00 : RCon admin #0 (127.0.0.1:64287) logged in
﻿06:08:01 : RCon admin #0: (Global) CRFT Survival Servers
﻿06:08:01 : RCon admin #0: (Global) Epoch Napf Veteran 
﻿09:58:51 : Player #0 Tomas-pcmac (190.225.204.36:2304) connected
﻿09:58:52 : Player #0 Tomas-pcmac - GUID: 7916cad0373ab4312ba794c9c3947eae (unverified)
﻿09:58:53 : Verified GUID (7916cad0373ab4312ba794c9c3947eae) of player #0 Tomas-pcmac
﻿09:58:55 : Player #0 Tomas-pcmac disconnected
﻿11:30:00 : RCon admin #0: (Global) This server will restart in 30 minutes
﻿11:45:00 : RCon admin #0: (Global) This server will restart in 15 minutes
﻿11:55:00 : RCon admin #0: (Global) This server will restart in 5 minute, log out now to prevent item loss!
﻿11:59:00 : RCon admin #0: (Global) This server will restart in 1 minute, Log out now!
﻿12:02:11 : Rcon client logging in
﻿12:02:11 : RCon admin #0 (127.0.0.1:64383) logged in
﻿12:08:11 : RCon admin #0: (Global) CRFT Survival Servers
﻿12:08:11 : RCon admin #0: (Global) Epoch Napf Veteran 
﻿17:13:47 : Player #0 Tiadashi (47.142.195.93:2304) connected
﻿17:13:49 : Player #0 Tiadashi - GUID: ba7597fbd587ece9e807face23916950 (unverified)
﻿17:13:49 : Verified GUID (ba7597fbd587ece9e807face23916950) of player #0 Tiadashi
﻿17:13:50 : Player #0 Tiadashi - Legacy GUID: 8b4506e86dff8826a189c6a07436a687
﻿17:30:00 : RCon admin #0: (Global) This server will restart in 30 minutes
﻿17:45:00 : RCon admin #0: (Global) This server will restart in 15 minutes
﻿17:52:33 : Player #0 Tiadashi disconnected
﻿17:55:00 : RCon admin #0: (Global) This server will restart in 5 minute, log out now to prevent item loss!
﻿17:59:00 : RCon admin #0: (Global) This server will restart in 1 minute, Log out now!
﻿18:02:11 : Rcon client logging in
﻿18:02:11 : RCon admin #0 (127.0.0.1:52620) logged in
﻿18:08:11 : RCon admin #0: (Global) CRFT Survival Servers
﻿18:08:11 : RCon admin #0: (Global) Epoch Napf Veteran 
﻿19:05:03 : Player #0 Tiadashi (47.142.195.93:2304) connected
﻿19:05:04 : Player #0 Tiadashi - GUID: ba7597fbd587ece9e807face23916950 (unverified)
﻿19:05:04 : Verified GUID (ba7597fbd587ece9e807face23916950) of player #0 Tiadashi
﻿19:05:05 : Player #0 Tiadashi - Legacy GUID: 8b4506e86dff8826a189c6a07436a687
﻿19:57:40 : Player #0 Tiadashi disconnected
﻿23:30:00 : RCon admin #0: (Global) This server will restart in 30 minutes
﻿23:45:00 : RCon admin #0: (Global) This server will restart in 15 minutes
﻿23:55:00 : RCon admin #0: (Global) This server will restart in 5 minute, log out now to prevent item loss!
﻿23:59:00 : RCon admin #0: (Global) This server will restart in 1 minute, Log out now!
