00:02:12 : Rcon client logging in
﻿00:02:12 : RCon admin #0 (127.0.0.1:51410) logged in
﻿00:08:12 : RCon admin #0: (Global) CRFT Survival Servers
﻿00:08:12 : RCon admin #0: (Global) Epoch Napf Veteran 
﻿00:40:37 : Player #0 Bolter (24.254.82.124:2304) connected
﻿00:40:37 : Failed to receive from BE Master (2)
﻿00:40:37 : Update attempt failed
﻿00:40:39 : Player #0 Bolter - Legacy GUID: 8db1f0e0d6922af8f4e536d5ef737a4d
﻿00:40:39 : Player #0 Bolter - GUID: e8f5735790cf4f62671dfdce3a1e973b (unverified)
﻿00:40:39 : Verified GUID (e8f5735790cf4f62671dfdce3a1e973b) of player #0 Bolter
﻿00:42:32 : Failed to receive from BE Master (2)
﻿00:42:32 : Update attempt failed
﻿00:44:27 : Failed to receive from BE Master (2)
﻿00:44:28 : Update attempt failed
﻿00:46:23 : Failed to receive from BE Master (2)
﻿00:46:23 : Update attempt failed
﻿00:48:18 : Failed to receive from BE Master (2)
﻿00:48:18 : Update attempt failed
﻿00:50:13 : Failed to receive from BE Master (2)
﻿00:50:13 : Update attempt failed
﻿00:52:08 : Failed to receive from BE Master (2)
﻿00:52:08 : Update attempt failed
﻿00:54:03 : Failed to receive from BE Master (2)
﻿00:54:03 : Update attempt failed
﻿00:55:58 : Failed to receive from BE Master (2)
﻿00:55:58 : Update attempt failed
﻿00:57:53 : Failed to receive from BE Master (2)
﻿00:57:53 : Update attempt failed
﻿00:59:49 : Failed to receive from BE Master (2)
﻿00:59:49 : Update attempt failed
﻿01:01:44 : Failed to receive from BE Master (2)
﻿01:01:44 : Update attempt failed
﻿01:03:39 : Failed to receive from BE Master (2)
﻿01:03:39 : Update attempt failed
﻿01:05:34 : Failed to receive from BE Master (2)
﻿01:05:34 : Update attempt failed
﻿01:06:51 : Player #1 Tiadashi (47.142.195.93:2304) connected
﻿01:06:52 : Player #1 Tiadashi - GUID: ba7597fbd587ece9e807face23916950 (unverified)
﻿01:06:53 : Verified GUID (ba7597fbd587ece9e807face23916950) of player #1 Tiadashi
﻿01:06:53 : Player #1 Tiadashi - Legacy GUID: 8b4506e86dff8826a189c6a07436a687
﻿01:07:29 : Failed to receive from BE Master (2)
﻿01:07:29 : Update attempt failed
﻿01:09:24 : Failed to receive from BE Master (2)
﻿01:09:24 : Update attempt failed
﻿01:11:19 : Failed to receive from BE Master (2)
﻿01:11:19 : Update attempt failed
﻿01:13:15 : Failed to receive from BE Master (2)
﻿01:13:15 : Update attempt failed
﻿01:15:10 : Failed to receive from BE Master (2)
﻿01:15:10 : Update attempt failed
﻿01:17:05 : Failed to receive from BE Master (2)
﻿01:17:05 : Update attempt failed
﻿01:19:00 : Failed to receive from BE Master (2)
﻿01:19:00 : Update attempt failed
﻿01:20:55 : Failed to receive from BE Master (2)
﻿01:20:55 : Update attempt failed
﻿01:22:50 : Failed to receive from BE Master (2)
﻿01:22:50 : Update attempt failed
﻿01:24:45 : Failed to receive from BE Master (2)
﻿01:24:45 : Update attempt failed
﻿01:26:40 : Failed to receive from BE Master (2)
﻿01:26:41 : Update attempt failed
﻿01:28:36 : Failed to receive from BE Master (2)
﻿01:28:36 : Update attempt failed
﻿01:30:31 : Failed to receive from BE Master (2)
﻿01:30:31 : Update attempt failed
﻿01:32:26 : Failed to receive from BE Master (2)
﻿01:32:26 : Update attempt failed
﻿01:34:21 : Failed to receive from BE Master (2)
﻿01:34:21 : Update attempt failed
﻿01:36:16 : Failed to receive from BE Master (2)
﻿01:36:16 : Update attempt failed
﻿01:38:11 : Failed to receive from BE Master (2)
﻿01:38:11 : Update attempt failed
﻿01:40:06 : Failed to receive from BE Master (2)
﻿01:40:06 : Update attempt failed
﻿01:42:02 : Failed to receive from BE Master (2)
﻿01:42:02 : Update attempt failed
﻿01:43:57 : Failed to receive from BE Master (2)
﻿01:43:57 : Update attempt failed
﻿01:45:52 : Failed to receive from BE Master (2)
﻿01:45:52 : Update attempt failed
﻿01:47:47 : Failed to receive from BE Master (2)
﻿01:47:47 : Update attempt failed
﻿01:49:42 : Failed to receive from BE Master (2)
﻿01:49:42 : Update attempt failed
﻿01:51:37 : Failed to receive from BE Master (2)
﻿01:51:37 : Update attempt failed
﻿01:53:32 : Failed to receive from BE Master (2)
﻿01:53:32 : Update attempt failed
﻿01:55:28 : Failed to receive from BE Master (2)
﻿01:55:28 : Update attempt failed
﻿01:57:23 : Failed to receive from BE Master (2)
﻿01:57:23 : Update attempt failed
﻿01:59:18 : Failed to receive from BE Master (2)
﻿01:59:18 : Update attempt failed
﻿02:01:13 : Failed to receive from BE Master (2)
﻿02:01:13 : Update attempt failed
﻿02:03:08 : Failed to receive from BE Master (2)
﻿02:03:08 : Update attempt failed
﻿02:05:03 : Failed to receive from BE Master (2)
﻿02:05:03 : Update attempt failed
﻿02:06:58 : Failed to receive from BE Master (2)
﻿02:06:58 : Update attempt failed
﻿02:08:53 : Failed to receive from BE Master (2)
﻿02:08:53 : Update attempt failed
﻿02:10:49 : Failed to receive from BE Master (2)
﻿02:10:49 : Update attempt failed
﻿02:12:44 : Failed to receive from BE Master (2)
﻿02:12:44 : Update attempt failed
﻿02:14:39 : Failed to receive from BE Master (2)
﻿02:14:39 : Update attempt failed
﻿02:16:34 : Failed to receive from BE Master (2)
﻿02:16:34 : Update attempt failed
﻿02:18:29 : Failed to receive from BE Master (2)
﻿02:18:29 : Update attempt failed
﻿02:20:24 : Failed to receive from BE Master (2)
﻿02:20:24 : Update attempt failed
﻿02:22:19 : Failed to receive from BE Master (2)
﻿02:22:19 : Update attempt failed
﻿02:24:15 : Failed to receive from BE Master (2)
﻿02:24:15 : Update attempt failed
﻿02:26:10 : Failed to receive from BE Master (2)
﻿02:26:10 : Update attempt failed
﻿02:28:05 : Failed to receive from BE Master (2)
﻿02:28:05 : Update attempt failed
﻿02:30:00 : Failed to receive from BE Master (2)
﻿02:30:00 : Update attempt failed
﻿02:31:55 : Failed to receive from BE Master (2)
﻿02:31:55 : Update attempt failed
﻿02:33:50 : Failed to receive from BE Master (2)
﻿02:33:50 : Update attempt failed
﻿02:35:45 : Failed to receive from BE Master (2)
﻿02:35:45 : Update attempt failed
﻿02:37:40 : Failed to receive from BE Master (2)
﻿02:37:40 : Update attempt failed
﻿02:39:36 : Failed to receive from BE Master (2)
﻿02:39:36 : Update attempt failed
﻿02:41:31 : Failed to receive from BE Master (2)
﻿02:41:31 : Update attempt failed
﻿02:43:26 : Failed to receive from BE Master (2)
﻿02:43:26 : Update attempt failed
﻿02:45:21 : Failed to receive from BE Master (2)
﻿02:45:21 : Update attempt failed
﻿02:47:16 : Failed to receive from BE Master (2)
﻿02:47:16 : Update attempt failed
﻿02:49:11 : Failed to receive from BE Master (2)
﻿02:49:11 : Update attempt failed
﻿02:51:06 : Failed to receive from BE Master (2)
﻿02:51:06 : Update attempt failed
﻿02:53:02 : Failed to receive from BE Master (2)
﻿02:53:02 : Update attempt failed
﻿02:54:57 : Failed to receive from BE Master (2)
﻿02:54:57 : Update attempt failed
﻿02:56:52 : Failed to receive from BE Master (2)
﻿02:56:52 : Update attempt failed
﻿02:58:47 : Failed to receive from BE Master (2)
﻿02:58:47 : Update attempt failed
﻿03:00:42 : Failed to receive from BE Master (2)
﻿03:00:42 : Update attempt failed
﻿03:02:37 : Failed to receive from BE Master (2)
﻿03:02:37 : Update attempt failed
﻿03:04:32 : Failed to receive from BE Master (2)
﻿03:04:32 : Update attempt failed
﻿03:06:28 : Failed to receive from BE Master (2)
﻿03:06:28 : Update attempt failed
﻿03:07:36 : Player #1 Tiadashi disconnected
﻿03:08:23 : Failed to receive from BE Master (2)
﻿03:08:23 : Update attempt failed
﻿03:09:55 : Player #1 Tiadashi (47.142.195.93:2304) connected
﻿03:09:57 : Player #1 Tiadashi - GUID: ba7597fbd587ece9e807face23916950 (unverified)
﻿03:09:57 : Verified GUID (ba7597fbd587ece9e807face23916950) of player #1 Tiadashi
﻿03:09:57 : Player #1 Tiadashi - Legacy GUID: 8b4506e86dff8826a189c6a07436a687
﻿03:10:18 : Failed to receive from BE Master (2)
﻿03:10:18 : Update attempt failed
﻿03:12:13 : Failed to receive from BE Master (2)
﻿03:12:13 : Update attempt failed
﻿03:14:08 : Failed to receive from BE Master (2)
﻿03:14:08 : Update attempt failed
﻿03:16:03 : Failed to receive from BE Master (2)
﻿03:16:03 : Update attempt failed
﻿03:17:58 : Failed to receive from BE Master (2)
﻿03:17:58 : Update attempt failed
﻿03:19:53 : Failed to receive from BE Master (2)
﻿03:19:54 : Update attempt failed
﻿03:21:49 : Failed to receive from BE Master (2)
﻿03:21:49 : Update attempt failed
﻿03:23:44 : Failed to receive from BE Master (2)
﻿03:23:44 : Update attempt failed
﻿03:25:39 : Failed to receive from BE Master (2)
﻿03:25:39 : Update attempt failed
﻿03:27:34 : Failed to receive from BE Master (2)
﻿03:27:34 : Update attempt failed
﻿03:29:29 : Failed to receive from BE Master (2)
﻿03:29:29 : Update attempt failed
﻿03:31:24 : Failed to receive from BE Master (2)
﻿03:31:24 : Update attempt failed
﻿03:33:19 : Failed to receive from BE Master (2)
﻿03:33:19 : Update attempt failed
﻿03:35:15 : Failed to receive from BE Master (2)
﻿03:35:15 : Update attempt failed
﻿03:35:19 : Player #1 Tiadashi disconnected
﻿03:37:10 : Failed to receive from BE Master (2)
﻿03:37:10 : Update attempt failed
﻿03:39:05 : Failed to receive from BE Master (2)
﻿03:39:05 : Update attempt failed
﻿03:39:48 : Player #1 Tiadashi (47.142.195.93:2304) connected
﻿03:39:50 : Player #1 Tiadashi - GUID: ba7597fbd587ece9e807face23916950 (unverified)
﻿03:39:50 : Verified GUID (ba7597fbd587ece9e807face23916950) of player #1 Tiadashi
﻿03:39:51 : Player #1 Tiadashi - Legacy GUID: 8b4506e86dff8826a189c6a07436a687
﻿03:41:00 : Failed to receive from BE Master (2)
﻿03:41:00 : Update attempt failed
﻿03:42:55 : Failed to receive from BE Master (2)
﻿03:42:55 : Update attempt failed
﻿03:44:50 : Failed to receive from BE Master (2)
﻿03:44:50 : Update attempt failed
﻿03:46:45 : Failed to receive from BE Master (2)
﻿03:46:45 : Update attempt failed
﻿03:48:40 : Failed to receive from BE Master (2)
﻿03:48:41 : Update attempt failed
﻿03:50:36 : Failed to receive from BE Master (2)
﻿03:50:36 : Update attempt failed
﻿03:52:31 : Failed to receive from BE Master (2)
﻿03:52:31 : Update attempt failed
﻿03:54:26 : Failed to receive from BE Master (2)
﻿03:54:26 : Update attempt failed
﻿03:56:21 : Failed to receive from BE Master (2)
﻿03:56:21 : Update attempt failed
﻿03:58:16 : Failed to receive from BE Master (2)
﻿03:58:16 : Update attempt failed
﻿04:00:11 : Failed to receive from BE Master (2)
﻿04:00:11 : Update attempt failed
﻿04:02:06 : Failed to receive from BE Master (2)
﻿04:02:06 : Update attempt failed
﻿04:04:01 : Failed to receive from BE Master (2)
﻿04:04:02 : Update attempt failed
﻿04:05:57 : Failed to receive from BE Master (2)
﻿04:05:57 : Update attempt failed
﻿04:07:52 : Failed to receive from BE Master (2)
﻿04:07:52 : Update attempt failed
﻿04:09:47 : Failed to receive from BE Master (2)
﻿04:09:47 : Update attempt failed
﻿04:11:42 : Failed to receive from BE Master (2)
﻿04:11:42 : Update attempt failed
﻿04:13:37 : Failed to receive from BE Master (2)
﻿04:13:37 : Update attempt failed
﻿04:15:32 : Failed to receive from BE Master (2)
﻿04:15:32 : Update attempt failed
﻿04:17:27 : Failed to receive from BE Master (2)
﻿04:17:27 : Update attempt failed
﻿04:19:23 : Failed to receive from BE Master (2)
﻿04:19:23 : Update attempt failed
﻿04:21:18 : Failed to receive from BE Master (2)
﻿04:21:18 : Update attempt failed
﻿04:23:13 : Failed to receive from BE Master (2)
﻿04:23:13 : Update attempt failed
﻿04:25:08 : Failed to receive from BE Master (2)
﻿04:25:08 : Update attempt failed
﻿04:27:03 : Failed to receive from BE Master (2)
﻿04:27:03 : Update attempt failed
﻿04:28:58 : Failed to receive from BE Master (2)
﻿04:28:58 : Update attempt failed
﻿04:30:53 : Failed to receive from BE Master (2)
﻿04:30:53 : Update attempt failed
﻿04:32:48 : Failed to receive from BE Master (2)
﻿04:32:48 : Update attempt failed
﻿04:34:44 : Failed to receive from BE Master (2)
﻿04:34:44 : Update attempt failed
﻿04:36:37 : Player #0 Bolter disconnected
﻿04:36:39 : Failed to receive from BE Master (2)
﻿04:36:39 : Update attempt failed
﻿04:38:34 : Failed to receive from BE Master (2)
﻿04:38:34 : Update attempt failed
﻿04:40:29 : Failed to receive from BE Master (2)
﻿04:40:29 : Update attempt failed
﻿04:42:24 : Failed to receive from BE Master (2)
﻿04:42:24 : Update attempt failed
﻿04:44:19 : Failed to receive from BE Master (2)
﻿04:44:19 : Update attempt failed
﻿04:46:15 : Failed to receive from BE Master (2)
﻿04:46:15 : Update attempt failed
﻿04:48:10 : Failed to receive from BE Master (2)
﻿04:48:10 : Update attempt failed
﻿04:50:05 : Failed to receive from BE Master (2)
﻿04:50:05 : Update attempt failed
﻿04:52:00 : Failed to receive from BE Master (2)
﻿04:52:00 : Update attempt failed
﻿04:53:55 : Failed to receive from BE Master (2)
﻿04:53:55 : Update attempt failed
﻿04:55:50 : Failed to receive from BE Master (2)
﻿04:55:50 : Update attempt failed
﻿04:57:45 : Failed to receive from BE Master (2)
﻿04:57:45 : Update attempt failed
﻿04:59:40 : Failed to receive from BE Master (2)
﻿04:59:40 : Update attempt failed
﻿05:01:36 : Failed to receive from BE Master (2)
﻿05:01:36 : Update attempt failed
﻿05:03:31 : Failed to receive from BE Master (2)
﻿05:03:31 : Update attempt failed
﻿05:05:26 : Failed to receive from BE Master (2)
﻿05:05:26 : Update attempt failed
﻿05:07:21 : Failed to receive from BE Master (2)
﻿05:07:21 : Update attempt failed
﻿05:09:16 : Failed to receive from BE Master (2)
﻿05:09:16 : Update attempt failed
﻿05:11:11 : Failed to receive from BE Master (2)
﻿05:11:11 : Update attempt failed
﻿05:13:06 : Failed to receive from BE Master (2)
﻿05:13:06 : Update attempt failed
﻿05:15:02 : Failed to receive from BE Master (2)
﻿05:15:02 : Update attempt failed
﻿05:16:57 : Failed to receive from BE Master (2)
﻿05:16:57 : Update attempt failed
﻿05:18:52 : Failed to receive from BE Master (2)
﻿05:18:52 : Update attempt failed
﻿05:20:47 : Failed to receive from BE Master (2)
﻿05:20:47 : Update attempt failed
﻿05:22:42 : Failed to receive from BE Master (2)
﻿05:22:42 : Update attempt failed
﻿05:24:37 : Failed to receive from BE Master (2)
﻿05:24:37 : Update attempt failed
﻿05:25:56 : Player #1 Tiadashi disconnected
﻿05:30:00 : RCon admin #0: (Global) This server will restart in 30 minutes
﻿05:45:00 : RCon admin #0: (Global) This server will restart in 15 minutes
﻿05:55:00 : RCon admin #0: (Global) This server will restart in 5 minute, log out now to prevent item loss!
﻿05:59:00 : RCon admin #0: (Global) This server will restart in 1 minute, Log out now!
﻿06:02:02 : Rcon client logging in
﻿06:02:02 : RCon admin #0 (127.0.0.1:60263) logged in
﻿06:08:02 : RCon admin #0: (Global) CRFT Survival Servers
﻿06:08:02 : RCon admin #0: (Global) Epoch Napf Veteran 
﻿11:30:00 : RCon admin #0: (Global) This server will restart in 30 minutes
﻿11:45:00 : RCon admin #0: (Global) This server will restart in 15 minutes
﻿11:55:00 : RCon admin #0: (Global) This server will restart in 5 minute, log out now to prevent item loss!
﻿11:59:00 : RCon admin #0: (Global) This server will restart in 1 minute, Log out now!
﻿12:02:12 : Rcon client logging in
﻿12:02:12 : RCon admin #0 (127.0.0.1:62620) logged in
﻿12:08:12 : RCon admin #0: (Global) CRFT Survival Servers
﻿12:08:12 : RCon admin #0: (Global) Epoch Napf Veteran 
﻿17:30:00 : RCon admin #0: (Global) This server will restart in 30 minutes
﻿17:45:00 : RCon admin #0: (Global) This server will restart in 15 minutes
﻿17:55:00 : RCon admin #0: (Global) This server will restart in 5 minute, log out now to prevent item loss!
﻿17:59:00 : RCon admin #0: (Global) This server will restart in 1 minute, Log out now!
﻿18:02:11 : Rcon client logging in
﻿18:02:11 : RCon admin #0 (127.0.0.1:62334) logged in
﻿18:08:12 : RCon admin #0: (Global) CRFT Survival Servers
﻿18:08:12 : RCon admin #0: (Global) Epoch Napf Veteran 
﻿18:41:50 : Player #0 Bolter (24.254.82.124:2304) connected
﻿18:41:50 : Failed to receive from BE Master (2)
﻿18:41:50 : Update attempt failed
﻿18:41:51 : Player #0 Bolter - GUID: e8f5735790cf4f62671dfdce3a1e973b (unverified)
﻿18:41:52 : Player #0 Bolter - Legacy GUID: 8db1f0e0d6922af8f4e536d5ef737a4d
﻿18:41:52 : Verified GUID (e8f5735790cf4f62671dfdce3a1e973b) of player #0 Bolter
﻿18:43:55 : Failed to send to BE Master (1)
﻿18:43:55 : Update attempt failed
﻿18:45:51 : Failed to receive from BE Master (2)
﻿18:45:51 : Update attempt failed
﻿18:47:46 : Failed to receive from BE Master (2)
﻿18:47:46 : Update attempt failed
﻿18:49:41 : Failed to receive from BE Master (2)
﻿18:49:41 : Update attempt failed
﻿18:50:05 : Player #1 Tiadashi (47.142.195.93:2304) connected
﻿18:50:07 : Player #1 Tiadashi - GUID: ba7597fbd587ece9e807face23916950 (unverified)
﻿18:50:07 : Verified GUID (ba7597fbd587ece9e807face23916950) of player #1 Tiadashi
﻿18:50:08 : Player #1 Tiadashi - Legacy GUID: 8b4506e86dff8826a189c6a07436a687
﻿18:51:36 : Failed to receive from BE Master (2)
﻿18:51:36 : Update attempt failed
﻿18:53:31 : Failed to receive from BE Master (2)
﻿18:53:31 : Update attempt failed
﻿18:55:26 : Failed to receive from BE Master (2)
﻿18:55:26 : Update attempt failed
﻿18:57:21 : Failed to receive from BE Master (2)
﻿18:57:21 : Update attempt failed
﻿18:59:16 : Failed to receive from BE Master (2)
﻿18:59:16 : Update attempt failed
﻿19:01:12 : Failed to receive from BE Master (2)
﻿19:01:12 : Update attempt failed
﻿19:03:07 : Failed to receive from BE Master (2)
﻿19:03:07 : Update attempt failed
﻿19:05:02 : Failed to receive from BE Master (2)
﻿19:05:02 : Update attempt failed
﻿19:06:57 : Failed to receive from BE Master (2)
﻿19:06:57 : Update attempt failed
﻿19:08:52 : Failed to receive from BE Master (2)
﻿19:08:52 : Update attempt failed
﻿19:10:47 : Failed to receive from BE Master (2)
﻿19:10:47 : Update attempt failed
﻿19:12:42 : Failed to receive from BE Master (2)
﻿19:12:42 : Update attempt failed
﻿19:14:37 : Failed to receive from BE Master (2)
﻿19:14:38 : Update attempt failed
﻿19:16:33 : Failed to receive from BE Master (2)
﻿19:16:33 : Update attempt failed
﻿19:18:28 : Failed to receive from BE Master (2)
﻿19:18:28 : Update attempt failed
﻿19:20:23 : Failed to receive from BE Master (2)
﻿19:20:23 : Update attempt failed
﻿19:22:18 : Failed to receive from BE Master (2)
﻿19:22:18 : Update attempt failed
﻿19:24:13 : Failed to receive from BE Master (2)
﻿19:24:13 : Update attempt failed
﻿19:26:08 : Failed to receive from BE Master (2)
﻿19:26:08 : Update attempt failed
﻿19:28:03 : Failed to receive from BE Master (2)
﻿19:28:03 : Update attempt failed
﻿19:29:59 : Failed to receive from BE Master (2)
﻿19:29:59 : Update attempt failed
﻿19:31:54 : Failed to receive from BE Master (2)
﻿19:31:54 : Update attempt failed
﻿19:33:49 : Failed to receive from BE Master (2)
﻿19:33:49 : Update attempt failed
﻿19:35:44 : Failed to receive from BE Master (2)
﻿19:35:44 : Update attempt failed
﻿19:37:39 : Failed to receive from BE Master (2)
﻿19:37:39 : Update attempt failed
﻿19:39:34 : Failed to receive from BE Master (2)
﻿19:39:34 : Update attempt failed
﻿19:41:29 : Failed to receive from BE Master (2)
﻿19:41:29 : Update attempt failed
﻿19:43:25 : Failed to receive from BE Master (2)
﻿19:43:25 : Update attempt failed
﻿19:45:20 : Failed to receive from BE Master (2)
﻿19:45:20 : Update attempt failed
﻿19:47:15 : Failed to receive from BE Master (2)
﻿19:47:15 : Update attempt failed
﻿19:49:10 : Failed to receive from BE Master (2)
﻿19:49:10 : Update attempt failed
﻿19:51:05 : Failed to receive from BE Master (2)
﻿19:51:05 : Update attempt failed
﻿19:53:00 : Failed to receive from BE Master (2)
﻿19:53:00 : Update attempt failed
﻿19:54:55 : Failed to receive from BE Master (2)
﻿19:54:55 : Update attempt failed
﻿19:56:51 : Failed to receive from BE Master (2)
﻿19:56:51 : Update attempt failed
﻿19:58:46 : Failed to receive from BE Master (2)
﻿19:58:46 : Update attempt failed
﻿20:00:41 : Failed to receive from BE Master (2)
﻿20:00:41 : Update attempt failed
﻿20:02:36 : Failed to receive from BE Master (2)
﻿20:02:36 : Update attempt failed
﻿20:04:31 : Failed to receive from BE Master (2)
﻿20:04:31 : Update attempt failed
﻿20:06:10 : Player #1 Tiadashi disconnected
﻿20:06:26 : Failed to receive from BE Master (2)
﻿20:06:26 : Update attempt failed
﻿20:08:21 : Failed to receive from BE Master (2)
﻿20:08:21 : Update attempt failed
﻿20:09:39 : Player #1 Tiadashi (47.142.195.93:2304) connected
﻿20:09:40 : Player #1 Tiadashi - GUID: ba7597fbd587ece9e807face23916950 (unverified)
﻿20:09:41 : Verified GUID (ba7597fbd587ece9e807face23916950) of player #1 Tiadashi
﻿20:09:41 : Player #1 Tiadashi - Legacy GUID: 8b4506e86dff8826a189c6a07436a687
﻿20:10:16 : Failed to receive from BE Master (2)
﻿20:10:16 : Update attempt failed
﻿20:12:12 : Failed to receive from BE Master (2)
﻿20:12:12 : Update attempt failed
﻿20:14:07 : Failed to receive from BE Master (2)
﻿20:14:07 : Update attempt failed
﻿20:16:02 : Failed to receive from BE Master (2)
﻿20:16:02 : Update attempt failed
﻿20:17:57 : Failed to receive from BE Master (2)
﻿20:17:57 : Update attempt failed
﻿20:19:52 : Failed to receive from BE Master (2)
﻿20:19:52 : Update attempt failed
﻿20:21:47 : Failed to receive from BE Master (2)
﻿20:21:47 : Update attempt failed
﻿20:23:42 : Failed to receive from BE Master (2)
﻿20:23:43 : Update attempt failed
﻿20:25:38 : Failed to receive from BE Master (2)
﻿20:25:38 : Update attempt failed
﻿20:27:33 : Failed to receive from BE Master (2)
﻿20:27:33 : Update attempt failed
﻿20:29:28 : Failed to receive from BE Master (2)
﻿20:29:28 : Update attempt failed
﻿20:31:23 : Failed to receive from BE Master (2)
﻿20:31:23 : Update attempt failed
﻿20:33:18 : Failed to receive from BE Master (2)
﻿20:33:18 : Update attempt failed
﻿20:35:13 : Failed to receive from BE Master (2)
﻿20:35:13 : Update attempt failed
﻿20:37:08 : Failed to receive from BE Master (2)
﻿20:37:08 : Update attempt failed
﻿20:39:04 : Failed to receive from BE Master (2)
﻿20:39:04 : Update attempt failed
﻿20:40:59 : Failed to receive from BE Master (2)
﻿20:40:59 : Update attempt failed
﻿20:42:54 : Failed to receive from BE Master (2)
﻿20:42:54 : Update attempt failed
﻿20:44:49 : Failed to receive from BE Master (2)
﻿20:44:49 : Update attempt failed
﻿20:46:44 : Failed to receive from BE Master (2)
﻿20:46:44 : Update attempt failed
﻿20:47:19 : Player #0 Bolter disconnected
﻿20:48:39 : Failed to receive from BE Master (2)
﻿20:48:39 : Update attempt failed
﻿20:50:34 : Failed to receive from BE Master (2)
﻿20:50:34 : Update attempt failed
﻿20:51:42 : Player #1 Tiadashi disconnected
﻿23:27:59 : Player #0 Casey (71.68.184.114:2304) connected
﻿23:27:59 : Failed to receive from BE Master (2)
﻿23:27:59 : Update attempt failed
﻿23:28:00 : Player #0 Casey - GUID: af56b9358cc720f5766fdfbd454aae76 (unverified)
﻿23:28:00 : Verified GUID (af56b9358cc720f5766fdfbd454aae76) of player #0 Casey
﻿23:28:01 : Player #0 Casey - Legacy GUID: 72aa2c0a684dcc09239c9c93272391c8
﻿23:29:54 : Failed to receive from BE Master (2)
﻿23:29:54 : Update attempt failed
﻿23:30:00 : RCon admin #0: (Global) This server will restart in 30 minutes
﻿23:31:49 : Failed to receive from BE Master (2)
﻿23:31:49 : Update attempt failed
﻿23:33:44 : Failed to receive from BE Master (2)
﻿23:33:44 : Update attempt failed
﻿23:35:39 : Failed to receive from BE Master (2)
﻿23:35:40 : Update attempt failed
﻿23:37:35 : Failed to receive from BE Master (2)
﻿23:37:35 : Update attempt failed
﻿23:39:30 : Failed to receive from BE Master (2)
﻿23:39:30 : Update attempt failed
﻿23:41:25 : Failed to receive from BE Master (2)
﻿23:41:25 : Update attempt failed
﻿23:43:20 : Failed to receive from BE Master (2)
﻿23:43:20 : Update attempt failed
﻿23:45:00 : RCon admin #0: (Global) This server will restart in 15 minutes
﻿23:45:15 : Failed to receive from BE Master (2)
﻿23:45:15 : Update attempt failed
﻿23:47:10 : Failed to receive from BE Master (2)
﻿23:47:10 : Update attempt failed
﻿23:49:05 : Failed to receive from BE Master (2)
﻿23:49:05 : Update attempt failed
﻿23:51:01 : Failed to receive from BE Master (2)
﻿23:51:01 : Update attempt failed
﻿23:52:56 : Failed to receive from BE Master (2)
﻿23:52:56 : Update attempt failed
﻿23:54:51 : Failed to receive from BE Master (2)
﻿23:54:51 : Update attempt failed
﻿23:55:00 : RCon admin #0: (Global) This server will restart in 5 minute, log out now to prevent item loss!
﻿23:56:46 : Failed to receive from BE Master (2)
﻿23:56:46 : Update attempt failed
﻿23:58:41 : Failed to receive from BE Master (2)
﻿23:58:41 : Update attempt failed
﻿23:58:44 : Player #0 Casey disconnected
﻿23:59:00 : RCon admin #0: (Global) This server will restart in 1 minute, Log out now!
