00:02:12 : Rcon client logging in
﻿00:02:12 : RCon admin #0 (127.0.0.1:63499) logged in
﻿00:08:12 : RCon admin #0: (Global) CRFT Survival Servers
﻿00:08:12 : RCon admin #0: (Global) Epoch Napf Veteran 
﻿00:13:12 : Player #0 Tiadashi (47.142.195.93:2304) connected
﻿00:13:13 : Player #0 Tiadashi - GUID: ba7597fbd587ece9e807face23916950 (unverified)
﻿00:13:14 : Verified GUID (ba7597fbd587ece9e807face23916950) of player #0 Tiadashi
﻿00:13:14 : Player #0 Tiadashi - Legacy GUID: 8b4506e86dff8826a189c6a07436a687
﻿00:49:34 : Player #0 Tiadashi disconnected
﻿03:25:41 : Player #0 Tiadashi (47.142.195.93:2304) connected
﻿03:25:42 : Player #0 Tiadashi - GUID: ba7597fbd587ece9e807face23916950 (unverified)
﻿03:25:43 : Verified GUID (ba7597fbd587ece9e807face23916950) of player #0 Tiadashi
﻿03:25:43 : Player #0 Tiadashi - Legacy GUID: 8b4506e86dff8826a189c6a07436a687
﻿04:49:37 : Failed to receive from BE Master (2)
﻿04:49:37 : Update attempt failed
﻿04:51:32 : Failed to receive from BE Master (2)
﻿04:51:32 : Update attempt failed
﻿04:53:27 : Failed to receive from BE Master (2)
﻿04:53:27 : Update attempt failed
﻿04:54:02 : Player #0 Tiadashi disconnected
﻿05:30:00 : RCon admin #0: (Global) This server will restart in 30 minutes
﻿05:45:00 : RCon admin #0: (Global) This server will restart in 15 minutes
﻿05:55:00 : RCon admin #0: (Global) This server will restart in 5 minute, log out now to prevent item loss!
﻿05:59:00 : RCon admin #0: (Global) This server will restart in 1 minute, Log out now!
﻿06:02:01 : Rcon client logging in
﻿06:02:01 : RCon admin #0 (127.0.0.1:60655) logged in
﻿06:08:01 : RCon admin #0: (Global) CRFT Survival Servers
﻿06:08:01 : RCon admin #0: (Global) Epoch Napf Veteran 
