00:02:11 : Rcon client logging in
﻿00:02:11 : RCon admin #0 (127.0.0.1:61241) logged in
﻿00:08:12 : RCon admin #0: (Global) CRFT Survival Servers
﻿00:08:12 : RCon admin #0: (Global) Epoch Napf Veteran 
﻿01:05:08 : Player #0 Bolter (24.254.82.124:2304) connected
﻿01:05:10 : Player #0 Bolter - Legacy GUID: 8db1f0e0d6922af8f4e536d5ef737a4d
﻿01:05:10 : Player #0 Bolter - GUID: e8f5735790cf4f62671dfdce3a1e973b (unverified)
﻿01:05:10 : Verified GUID (e8f5735790cf4f62671dfdce3a1e973b) of player #0 Bolter
﻿01:05:39 : Player #1 Tiadashi (47.142.195.93:2304) connected
﻿01:05:40 : Player #1 Tiadashi - GUID: ba7597fbd587ece9e807face23916950 (unverified)
﻿01:05:40 : Verified GUID (ba7597fbd587ece9e807face23916950) of player #1 Tiadashi
﻿01:05:41 : Player #1 Tiadashi - Legacy GUID: 8b4506e86dff8826a189c6a07436a687
﻿01:57:48 : Failed to receive from BE Master (2)
﻿01:57:48 : Update attempt failed
﻿02:17:18 : Failed to receive from BE Master (2)
﻿02:17:18 : Update attempt failed
﻿02:25:04 : Failed to receive from BE Master (2)
﻿02:25:04 : Update attempt failed
﻿02:34:48 : Failed to receive from BE Master (2)
﻿02:34:48 : Update attempt failed
﻿02:42:35 : Failed to receive from BE Master (2)
﻿02:42:35 : Update attempt failed
﻿02:44:30 : Failed to receive from BE Master (2)
﻿02:44:30 : Update attempt failed
﻿02:52:17 : Failed to receive from BE Master (2)
﻿02:52:17 : Update attempt failed
﻿02:54:12 : Failed to receive from BE Master (2)
﻿02:54:12 : Update attempt failed
﻿02:58:33 : Player #0 Bolter disconnected
﻿03:08:09 : Player #1 Tiadashi disconnected
﻿05:30:00 : RCon admin #0: (Global) This server will restart in 30 minutes
﻿05:45:00 : RCon admin #0: (Global) This server will restart in 15 minutes
﻿05:55:00 : RCon admin #0: (Global) This server will restart in 5 minute, log out now to prevent item loss!
﻿05:59:00 : RCon admin #0: (Global) This server will restart in 1 minute, Log out now!
﻿06:02:03 : Rcon client logging in
﻿06:02:03 : RCon admin #0 (127.0.0.1:59078) logged in
﻿06:08:03 : RCon admin #0: (Global) CRFT Survival Servers
﻿06:08:03 : RCon admin #0: (Global) Epoch Napf Veteran 
﻿11:30:00 : RCon admin #0: (Global) This server will restart in 30 minutes
﻿11:45:00 : RCon admin #0: (Global) This server will restart in 15 minutes
﻿11:55:00 : RCon admin #0: (Global) This server will restart in 5 minute, log out now to prevent item loss!
﻿11:59:00 : RCon admin #0: (Global) This server will restart in 1 minute, Log out now!
﻿12:02:12 : Rcon client logging in
﻿12:02:12 : RCon admin #0 (127.0.0.1:50991) logged in
﻿12:08:12 : RCon admin #0: (Global) CRFT Survival Servers
﻿12:08:12 : RCon admin #0: (Global) Epoch Napf Veteran 
﻿17:30:00 : RCon admin #0: (Global) This server will restart in 30 minutes
﻿17:45:00 : RCon admin #0: (Global) This server will restart in 15 minutes
﻿17:55:00 : RCon admin #0: (Global) This server will restart in 5 minute, log out now to prevent item loss!
﻿17:59:00 : RCon admin #0: (Global) This server will restart in 1 minute, Log out now!
﻿18:02:12 : Rcon client logging in
﻿18:02:12 : RCon admin #0 (127.0.0.1:55844) logged in
﻿18:08:12 : RCon admin #0: (Global) CRFT Survival Servers
﻿18:08:12 : RCon admin #0: (Global) Epoch Napf Veteran 
﻿18:41:56 : Player #0 Bolter (24.254.82.124:2304) connected
﻿18:41:58 : Player #0 Bolter - GUID: e8f5735790cf4f62671dfdce3a1e973b (unverified)
﻿18:41:58 : Player #0 Bolter - Legacy GUID: 8db1f0e0d6922af8f4e536d5ef737a4d
﻿18:41:58 : Verified GUID (e8f5735790cf4f62671dfdce3a1e973b) of player #0 Bolter
﻿19:20:58 : Failed to receive from BE Master (2)
﻿19:20:58 : Update attempt failed
﻿19:22:53 : Failed to receive from BE Master (2)
﻿19:22:53 : Update attempt failed
﻿19:24:48 : Failed to receive from BE Master (2)
﻿19:24:48 : Update attempt failed
﻿19:26:43 : Failed to receive from BE Master (2)
﻿19:26:43 : Update attempt failed
﻿23:23:35 : Player #0 Bolter disconnected
﻿23:30:00 : RCon admin #0: (Global) This server will restart in 30 minutes
﻿23:45:00 : RCon admin #0: (Global) This server will restart in 15 minutes
﻿23:55:00 : RCon admin #0: (Global) This server will restart in 5 minute, log out now to prevent item loss!
﻿23:59:00 : RCon admin #0: (Global) This server will restart in 1 minute, Log out now!
