00:02:12 : Rcon client logging in
﻿00:02:12 : RCon admin #0 (127.0.0.1:64819) logged in
﻿00:08:12 : RCon admin #0: (Global) CRFT Survival Servers
﻿00:08:12 : RCon admin #0: (Global) Epoch Napf Veteran 
﻿01:26:03 : Player #0 Bolter (24.254.82.124:2304) connected
﻿01:26:04 : Player #0 Bolter - GUID: e8f5735790cf4f62671dfdce3a1e973b (unverified)
﻿01:26:05 : Player #0 Bolter - Legacy GUID: 8db1f0e0d6922af8f4e536d5ef737a4d
﻿01:26:05 : Verified GUID (e8f5735790cf4f62671dfdce3a1e973b) of player #0 Bolter
﻿01:29:23 : Player #1 Tiadashi (47.142.195.93:2304) connected
﻿01:29:24 : Player #1 Tiadashi - GUID: ba7597fbd587ece9e807face23916950 (unverified)
﻿01:29:24 : Verified GUID (ba7597fbd587ece9e807face23916950) of player #1 Tiadashi
﻿01:29:25 : Player #1 Tiadashi - Legacy GUID: 8b4506e86dff8826a189c6a07436a687
﻿02:33:14 : Player #1 Tiadashi disconnected
﻿02:34:57 : Player #1 Tiadashi (47.142.195.93:2304) connected
﻿02:34:59 : Player #1 Tiadashi - GUID: ba7597fbd587ece9e807face23916950 (unverified)
﻿02:34:59 : Player #1 Tiadashi - Legacy GUID: 8b4506e86dff8826a189c6a07436a687
﻿02:34:59 : Verified GUID (ba7597fbd587ece9e807face23916950) of player #1 Tiadashi
﻿02:50:34 : Player #0 Bolter disconnected
﻿03:37:13 : Player #1 Tiadashi disconnected
﻿05:30:00 : RCon admin #0: (Global) This server will restart in 30 minutes
﻿05:45:00 : RCon admin #0: (Global) This server will restart in 15 minutes
﻿05:55:00 : RCon admin #0: (Global) This server will restart in 5 minute, log out now to prevent item loss!
﻿05:59:00 : RCon admin #0: (Global) This server will restart in 1 minute, Log out now!
﻿06:02:02 : Rcon client logging in
﻿06:02:02 : RCon admin #0 (127.0.0.1:54717) logged in
﻿06:08:02 : RCon admin #0: (Global) CRFT Survival Servers
﻿06:08:03 : RCon admin #0: (Global) Epoch Napf Veteran 
﻿11:30:00 : RCon admin #0: (Global) This server will restart in 30 minutes
﻿11:45:00 : RCon admin #0: (Global) This server will restart in 15 minutes
﻿11:55:00 : RCon admin #0: (Global) This server will restart in 5 minute, log out now to prevent item loss!
﻿11:59:00 : RCon admin #0: (Global) This server will restart in 1 minute, Log out now!
﻿12:02:12 : Rcon client logging in
﻿12:02:12 : RCon admin #0 (127.0.0.1:58184) logged in
﻿12:08:12 : RCon admin #0: (Global) CRFT Survival Servers
﻿12:08:12 : RCon admin #0: (Global) Epoch Napf Veteran 
﻿14:53:40 : Player #0 Bolter (24.254.82.124:2304) connected
﻿14:53:42 : Player #0 Bolter - GUID: e8f5735790cf4f62671dfdce3a1e973b (unverified)
﻿14:53:42 : Player #0 Bolter - Legacy GUID: 8db1f0e0d6922af8f4e536d5ef737a4d
﻿14:53:42 : Verified GUID (e8f5735790cf4f62671dfdce3a1e973b) of player #0 Bolter
﻿15:25:41 : Could not connect to BE Master
﻿15:25:41 : Update attempt failed
﻿15:55:16 : Could not connect to BE Master
﻿15:55:16 : Update attempt failed
﻿16:01:26 : Could not connect to BE Master
﻿16:01:26 : Update attempt failed
﻿16:19:27 : Could not connect to BE Master
﻿16:19:27 : Update attempt failed
﻿16:24:53 : Player #0 Bolter disconnected
﻿17:30:00 : RCon admin #0: (Global) This server will restart in 30 minutes
﻿17:45:00 : RCon admin #0: (Global) This server will restart in 15 minutes
﻿17:55:00 : RCon admin #0: (Global) This server will restart in 5 minute, log out now to prevent item loss!
﻿17:59:00 : RCon admin #0: (Global) This server will restart in 1 minute, Log out now!
﻿18:02:12 : Rcon client logging in
﻿18:02:12 : RCon admin #0 (127.0.0.1:51203) logged in
﻿18:08:12 : RCon admin #0: (Global) CRFT Survival Servers
﻿18:08:12 : RCon admin #0: (Global) Epoch Napf Veteran 
﻿23:30:00 : RCon admin #0: (Global) This server will restart in 30 minutes
﻿23:45:00 : RCon admin #0: (Global) This server will restart in 15 minutes
﻿23:48:15 : Player #0 Bolter (24.254.82.124:2304) connected
﻿23:48:17 : Player #0 Bolter - GUID: e8f5735790cf4f62671dfdce3a1e973b (unverified)
﻿23:48:17 : Verified GUID (e8f5735790cf4f62671dfdce3a1e973b) of player #0 Bolter
﻿23:48:17 : Player #0 Bolter - Legacy GUID: 8db1f0e0d6922af8f4e536d5ef737a4d
﻿23:55:00 : RCon admin #0: (Global) This server will restart in 5 minute, log out now to prevent item loss!
﻿23:57:27 : Player #0 Bolter disconnected
﻿23:59:00 : RCon admin #0: (Global) This server will restart in 1 minute, Log out now!
