00:02:11 : Rcon client logging in
﻿00:02:11 : RCon admin #0 (127.0.0.1:60603) logged in
﻿00:08:11 : RCon admin #0: (Global) CRFT Survival Servers
﻿00:08:11 : RCon admin #0: (Global) Epoch Napf Veteran 
﻿01:10:29 : Player #0 Tiadashi (47.142.195.93:2304) connected
﻿01:10:30 : Player #0 Tiadashi - GUID: ba7597fbd587ece9e807face23916950 (unverified)
﻿01:10:30 : Verified GUID (ba7597fbd587ece9e807face23916950) of player #0 Tiadashi
﻿01:10:31 : Player #0 Tiadashi - Legacy GUID: 8b4506e86dff8826a189c6a07436a687
﻿01:27:58 : Player #1 Bolter (24.254.82.124:2304) connected
﻿01:28:00 : Player #1 Bolter - GUID: e8f5735790cf4f62671dfdce3a1e973b (unverified)
﻿01:28:00 : Verified GUID (e8f5735790cf4f62671dfdce3a1e973b) of player #1 Bolter
﻿01:28:00 : Player #1 Bolter - Legacy GUID: 8db1f0e0d6922af8f4e536d5ef737a4d
﻿02:11:05 : Player #0 Tiadashi disconnected
﻿02:12:43 : Player #0 Tiadashi (47.142.195.93:2304) connected
﻿02:12:44 : Player #0 Tiadashi - GUID: ba7597fbd587ece9e807face23916950 (unverified)
﻿02:12:44 : Verified GUID (ba7597fbd587ece9e807face23916950) of player #0 Tiadashi
﻿02:12:45 : Player #0 Tiadashi - Legacy GUID: 8b4506e86dff8826a189c6a07436a687
﻿03:00:25 : Player #1 Bolter disconnected
﻿03:45:57 : Player #0 Tiadashi disconnected
﻿04:57:18 : Player #0 Xx19TIGER91xX (213.176.230.1:26868) connected
﻿04:57:20 : Player #0 Xx19TIGER91xX - GUID: 9deb4e230e1f94f86a65ed9e925d2de1 (unverified)
﻿04:57:20 : Verified GUID (9deb4e230e1f94f86a65ed9e925d2de1) of player #0 Xx19TIGER91xX
﻿04:57:21 : Player #0 Xx19TIGER91xX - Legacy GUID: cf16422b068586d0b1576a15e3281516
﻿05:30:00 : RCon admin #0: (Global) This server will restart in 30 minutes
﻿05:30:58 : Player #0 Xx19TIGER91xX disconnected
﻿05:45:00 : RCon admin #0: (Global) This server will restart in 15 minutes
﻿05:55:00 : RCon admin #0: (Global) This server will restart in 5 minute, log out now to prevent item loss!
﻿05:59:00 : RCon admin #0: (Global) This server will restart in 1 minute, Log out now!
﻿06:02:01 : Rcon client logging in
﻿06:02:01 : RCon admin #0 (127.0.0.1:51155) logged in
﻿06:08:01 : RCon admin #0: (Global) CRFT Survival Servers
﻿06:08:01 : RCon admin #0: (Global) Epoch Napf Veteran 
﻿11:30:00 : RCon admin #0: (Global) This server will restart in 30 minutes
﻿11:45:00 : RCon admin #0: (Global) This server will restart in 15 minutes
﻿11:55:00 : RCon admin #0: (Global) This server will restart in 5 minute, log out now to prevent item loss!
﻿11:59:00 : RCon admin #0: (Global) This server will restart in 1 minute, Log out now!
﻿12:02:10 : Rcon client logging in
﻿12:02:11 : RCon admin #0 (127.0.0.1:63341) logged in
﻿12:08:11 : RCon admin #0: (Global) CRFT Survival Servers
﻿12:08:11 : RCon admin #0: (Global) Epoch Napf Veteran 
﻿17:30:00 : RCon admin #0: (Global) This server will restart in 30 minutes
﻿17:34:13 : Player #0 Tiadashi (47.142.195.93:2304) connected
﻿17:34:15 : Player #0 Tiadashi - GUID: ba7597fbd587ece9e807face23916950 (unverified)
﻿17:34:15 : Verified GUID (ba7597fbd587ece9e807face23916950) of player #0 Tiadashi
﻿17:34:16 : Player #0 Tiadashi - Legacy GUID: 8b4506e86dff8826a189c6a07436a687
﻿17:40:19 : Player #0 Tiadashi disconnected
﻿17:45:00 : RCon admin #0: (Global) This server will restart in 15 minutes
﻿17:55:00 : RCon admin #0: (Global) This server will restart in 5 minute, log out now to prevent item loss!
﻿17:59:00 : RCon admin #0: (Global) This server will restart in 1 minute, Log out now!
﻿18:02:11 : Rcon client logging in
﻿18:02:11 : RCon admin #0 (127.0.0.1:58248) logged in
﻿18:08:11 : RCon admin #0: (Global) CRFT Survival Servers
﻿18:08:11 : RCon admin #0: (Global) Epoch Napf Veteran 
﻿18:13:04 : Player #0 Tiadashi (47.142.195.93:2304) connected
﻿18:13:05 : Player #0 Tiadashi - GUID: ba7597fbd587ece9e807face23916950 (unverified)
﻿18:13:06 : Verified GUID (ba7597fbd587ece9e807face23916950) of player #0 Tiadashi
﻿18:13:06 : Player #0 Tiadashi - Legacy GUID: 8b4506e86dff8826a189c6a07436a687
﻿18:20:28 : Player #0 Tiadashi disconnected
﻿18:21:11 : Player #0 Tiadashi (47.142.195.93:2304) connected
﻿18:21:12 : Player #0 Tiadashi - GUID: ba7597fbd587ece9e807face23916950 (unverified)
﻿18:21:12 : Verified GUID (ba7597fbd587ece9e807face23916950) of player #0 Tiadashi
﻿18:21:13 : Player #0 Tiadashi - Legacy GUID: 8b4506e86dff8826a189c6a07436a687
﻿18:28:32 : Player #0 Tiadashi disconnected
﻿18:33:53 : Player #0 Tiadashi (47.142.195.93:2304) connected
﻿18:33:55 : Player #0 Tiadashi - GUID: ba7597fbd587ece9e807face23916950 (unverified)
﻿18:33:55 : Verified GUID (ba7597fbd587ece9e807face23916950) of player #0 Tiadashi
﻿18:33:56 : Player #0 Tiadashi - Legacy GUID: 8b4506e86dff8826a189c6a07436a687
﻿18:36:59 : Player #0 Tiadashi disconnected
﻿18:53:15 : Player #0 Tiadashi (47.142.195.93:2304) connected
﻿18:53:17 : Player #0 Tiadashi - GUID: ba7597fbd587ece9e807face23916950 (unverified)
﻿18:53:17 : Verified GUID (ba7597fbd587ece9e807face23916950) of player #0 Tiadashi
﻿18:53:17 : Player #0 Tiadashi - Legacy GUID: 8b4506e86dff8826a189c6a07436a687
﻿19:25:04 : Player #1 Bolter (24.254.82.124:2304) connected
﻿19:25:06 : Player #1 Bolter - GUID: e8f5735790cf4f62671dfdce3a1e973b (unverified)
﻿19:25:06 : Verified GUID (e8f5735790cf4f62671dfdce3a1e973b) of player #1 Bolter
﻿19:25:07 : Player #1 Bolter - Legacy GUID: 8db1f0e0d6922af8f4e536d5ef737a4d
﻿21:04:05 : Player #1 Bolter disconnected
﻿22:01:57 : Player #1 HP (100.36.74.176:2304) connected
﻿22:01:58 : Player #1 HP - GUID: b7fac89e3f1010d7cc778fd304d0837f (unverified)
﻿22:01:58 : Verified GUID (b7fac89e3f1010d7cc778fd304d0837f) of player #1 HP
﻿22:01:59 : Player #1 HP disconnected
﻿22:02:03 : Player #1 HP (100.36.74.176:2304) connected
﻿22:02:04 : Player #1 HP - GUID: b7fac89e3f1010d7cc778fd304d0837f (unverified)
﻿22:02:04 : Verified GUID (b7fac89e3f1010d7cc778fd304d0837f) of player #1 HP
﻿22:02:05 : Player #1 HP disconnected
﻿22:14:42 : Player #1 Oteb.C.R.1 (191.205.126.55:2304) connected
﻿22:14:43 : Player #1 Oteb.C.R.1 - GUID: 76e7d95d08a3c98a0d393c8fbfb74236 (unverified)
﻿22:14:44 : Player #1 Oteb.C.R.1 - Legacy GUID: 2b4d754a9c1bbfda9b660377e6c9e031
﻿22:14:45 : Verified GUID (76e7d95d08a3c98a0d393c8fbfb74236) of player #1 Oteb.C.R.1
﻿22:32:41 : Player #1 Oteb.C.R.1 disconnected
﻿23:16:38 : Player #0 Tiadashi disconnected
﻿23:30:00 : RCon admin #0: (Global) This server will restart in 30 minutes
﻿23:45:00 : RCon admin #0: (Global) This server will restart in 15 minutes
﻿23:55:00 : RCon admin #0: (Global) This server will restart in 5 minute, log out now to prevent item loss!
﻿23:59:00 : RCon admin #0: (Global) This server will restart in 1 minute, Log out now!
