00:16:19 : Rcon client logging in
﻿00:16:20 : RCon admin #0 (127.0.0.1:56305) logged in
﻿00:17:03 : Player #0 Casey (71.68.184.114:2304) connected
﻿00:17:03 : Failed to receive from BE Master (2)
﻿00:17:03 : Update attempt failed
﻿00:17:04 : Player #0 Casey - GUID: af56b9358cc720f5766fdfbd454aae76 (unverified)
﻿00:17:04 : Verified GUID (af56b9358cc720f5766fdfbd454aae76) of player #0 Casey
﻿00:17:04 : Player #0 Casey - Legacy GUID: 72aa2c0a684dcc09239c9c93272391c8
﻿00:18:58 : Failed to receive from BE Master (2)
﻿00:18:58 : Update attempt failed
﻿00:20:53 : Failed to receive from BE Master (2)
﻿00:20:53 : Update attempt failed
﻿00:22:20 : RCon admin #0: (Global) CRFT Survival Servers
﻿00:22:20 : RCon admin #0: (Global) Epoch Napf Veteran 
﻿00:22:48 : Failed to receive from BE Master (2)
﻿00:22:48 : Update attempt failed
﻿00:24:43 : Failed to receive from BE Master (2)
﻿00:24:43 : Update attempt failed
﻿00:26:38 : Failed to receive from BE Master (2)
﻿00:26:38 : Update attempt failed
﻿00:28:33 : Failed to receive from BE Master (2)
﻿00:28:33 : Update attempt failed
﻿00:30:29 : Failed to receive from BE Master (2)
﻿00:30:29 : Update attempt failed
﻿00:32:24 : Failed to receive from BE Master (2)
﻿00:32:24 : Update attempt failed
﻿00:34:19 : Failed to receive from BE Master (2)
﻿00:34:19 : Update attempt failed
﻿00:36:14 : Failed to receive from BE Master (2)
﻿00:36:14 : Update attempt failed
﻿00:38:09 : Failed to receive from BE Master (2)
﻿00:38:09 : Update attempt failed
﻿00:40:04 : Failed to receive from BE Master (2)
﻿00:40:04 : Update attempt failed
﻿00:41:59 : Player #1 ghost863 (65.33.233.246:2304) connected
﻿00:41:59 : Failed to receive from BE Master (2)
﻿00:41:59 : Update attempt failed
﻿00:42:00 : Player #1 ghost863 - GUID: 2348db32b37a6e7bc51491796c4355c2 (unverified)
﻿00:42:00 : Verified GUID (2348db32b37a6e7bc51491796c4355c2) of player #1 ghost863
﻿00:42:01 : Player #1 ghost863 disconnected
﻿00:43:55 : Failed to receive from BE Master (2)
﻿00:43:55 : Update attempt failed
﻿00:45:50 : Failed to receive from BE Master (2)
﻿00:45:50 : Update attempt failed
﻿00:47:45 : Failed to receive from BE Master (2)
﻿00:47:45 : Update attempt failed
﻿00:49:40 : Failed to receive from BE Master (2)
﻿00:49:40 : Update attempt failed
﻿00:51:35 : Failed to receive from BE Master (2)
﻿00:51:35 : Update attempt failed
﻿00:53:30 : Failed to receive from BE Master (2)
﻿00:53:30 : Update attempt failed
﻿00:54:05 : Player #1 Allen (70.51.223.119:2304) connected
﻿00:54:06 : Player #1 Allen - GUID: af20a01a57be3782709b15dfb368309d (unverified)
﻿00:54:06 : Verified GUID (af20a01a57be3782709b15dfb368309d) of player #1 Allen
﻿00:54:06 : Player #1 Allen disconnected
﻿00:55:25 : Failed to receive from BE Master (2)
﻿00:55:25 : Update attempt failed
﻿00:56:28 : Player #1 ApacheActual11B (69.180.102.85:2304) connected
﻿00:56:29 : Player #1 ApacheActual11B - GUID: 85439bd951e8ee9691991849e7e50d8b (unverified)
﻿00:56:29 : Verified GUID (85439bd951e8ee9691991849e7e50d8b) of player #1 ApacheActual11B
﻿00:56:30 : Player #1 ApacheActual11B disconnected
﻿00:57:20 : Failed to receive from BE Master (2)
﻿00:57:20 : Update attempt failed
﻿00:59:16 : Failed to receive from BE Master (2)
﻿00:59:16 : Update attempt failed
﻿01:01:11 : Failed to receive from BE Master (2)
﻿01:01:11 : Update attempt failed
﻿01:03:06 : Failed to receive from BE Master (2)
﻿01:03:06 : Update attempt failed
﻿01:05:01 : Failed to receive from BE Master (2)
﻿01:05:01 : Update attempt failed
﻿01:06:56 : Failed to receive from BE Master (2)
﻿01:06:56 : Update attempt failed
﻿01:07:45 : Player #0 Casey disconnected
﻿02:07:46 : Player #0 Tiadashi (47.142.195.93:2304) connected
﻿02:07:47 : Failed to receive from BE Master (2)
﻿02:07:47 : Update attempt failed
﻿02:07:48 : Player #0 Tiadashi - GUID: ba7597fbd587ece9e807face23916950 (unverified)
﻿02:07:48 : Verified GUID (ba7597fbd587ece9e807face23916950) of player #0 Tiadashi
﻿02:07:48 : Player #0 Tiadashi - Legacy GUID: 8b4506e86dff8826a189c6a07436a687
﻿02:09:42 : Failed to receive from BE Master (2)
﻿02:09:42 : Update attempt failed
﻿02:11:37 : Failed to receive from BE Master (2)
﻿02:11:37 : Update attempt failed
﻿02:13:32 : Failed to receive from BE Master (2)
﻿02:13:32 : Update attempt failed
﻿02:15:27 : Failed to receive from BE Master (2)
﻿02:15:27 : Update attempt failed
﻿02:17:22 : Failed to receive from BE Master (2)
﻿02:17:22 : Update attempt failed
﻿02:19:17 : Failed to receive from BE Master (2)
﻿02:19:17 : Update attempt failed
﻿02:21:12 : Failed to receive from BE Master (2)
﻿02:21:12 : Update attempt failed
﻿02:23:08 : Failed to receive from BE Master (2)
﻿02:23:08 : Update attempt failed
﻿02:25:03 : Failed to receive from BE Master (2)
﻿02:25:03 : Update attempt failed
﻿02:26:58 : Failed to receive from BE Master (2)
﻿02:26:58 : Update attempt failed
﻿02:28:53 : Failed to receive from BE Master (2)
﻿02:28:53 : Update attempt failed
﻿02:30:48 : Failed to receive from BE Master (2)
﻿02:30:48 : Update attempt failed
﻿02:32:43 : Failed to receive from BE Master (2)
﻿02:32:43 : Update attempt failed
﻿02:34:38 : Failed to receive from BE Master (2)
﻿02:34:38 : Update attempt failed
﻿02:36:33 : Failed to receive from BE Master (2)
﻿02:36:34 : Update attempt failed
﻿02:38:29 : Failed to receive from BE Master (2)
﻿02:38:29 : Update attempt failed
﻿02:40:24 : Failed to receive from BE Master (2)
﻿02:40:24 : Update attempt failed
﻿02:42:19 : Failed to receive from BE Master (2)
﻿02:42:19 : Update attempt failed
﻿02:44:14 : Failed to receive from BE Master (2)
﻿02:44:14 : Update attempt failed
﻿02:46:09 : Failed to receive from BE Master (2)
﻿02:46:09 : Update attempt failed
﻿02:48:04 : Failed to receive from BE Master (2)
﻿02:48:04 : Update attempt failed
﻿02:49:59 : Failed to receive from BE Master (2)
﻿02:49:59 : Update attempt failed
﻿02:51:54 : Failed to receive from BE Master (2)
﻿02:51:55 : Update attempt failed
﻿02:53:50 : Failed to receive from BE Master (2)
﻿02:53:50 : Update attempt failed
﻿02:55:45 : Failed to receive from BE Master (2)
﻿02:55:45 : Update attempt failed
﻿02:57:40 : Failed to receive from BE Master (2)
﻿02:57:40 : Update attempt failed
﻿02:59:35 : Failed to receive from BE Master (2)
﻿02:59:35 : Update attempt failed
﻿03:01:30 : Failed to receive from BE Master (2)
﻿03:01:30 : Update attempt failed
﻿03:01:54 : Player #0 Tiadashi disconnected
﻿03:21:04 : Player #0 Tiadashi (47.142.195.93:2304) connected
﻿03:21:04 : Failed to receive from BE Master (2)
﻿03:21:04 : Update attempt failed
﻿03:21:05 : Player #0 Tiadashi - GUID: ba7597fbd587ece9e807face23916950 (unverified)
﻿03:21:06 : Verified GUID (ba7597fbd587ece9e807face23916950) of player #0 Tiadashi
﻿03:21:06 : Player #0 Tiadashi - Legacy GUID: 8b4506e86dff8826a189c6a07436a687
﻿03:23:00 : Failed to receive from BE Master (2)
﻿03:23:00 : Update attempt failed
﻿03:24:55 : Failed to receive from BE Master (2)
﻿03:24:55 : Update attempt failed
﻿03:26:50 : Failed to receive from BE Master (2)
﻿03:26:50 : Update attempt failed
﻿03:28:45 : Failed to receive from BE Master (2)
﻿03:28:45 : Update attempt failed
﻿03:30:40 : Failed to receive from BE Master (2)
﻿03:30:40 : Update attempt failed
﻿03:32:35 : Failed to receive from BE Master (2)
﻿03:32:35 : Update attempt failed
﻿03:34:30 : Failed to receive from BE Master (2)
﻿03:34:30 : Update attempt failed
﻿03:36:25 : Failed to receive from BE Master (2)
﻿03:36:25 : Update attempt failed
﻿03:38:21 : Failed to receive from BE Master (2)
﻿03:38:21 : Update attempt failed
﻿03:40:16 : Failed to receive from BE Master (2)
﻿03:40:16 : Update attempt failed
﻿03:42:11 : Failed to receive from BE Master (2)
﻿03:42:11 : Update attempt failed
﻿03:44:06 : Failed to receive from BE Master (2)
﻿03:44:06 : Update attempt failed
﻿03:46:01 : Failed to receive from BE Master (2)
﻿03:46:01 : Update attempt failed
﻿03:47:56 : Failed to receive from BE Master (2)
﻿03:47:56 : Update attempt failed
﻿03:49:51 : Failed to receive from BE Master (2)
﻿03:49:51 : Update attempt failed
﻿03:51:46 : Failed to receive from BE Master (2)
﻿03:51:46 : Update attempt failed
﻿03:53:42 : Failed to receive from BE Master (2)
﻿03:53:42 : Update attempt failed
﻿03:55:37 : Failed to receive from BE Master (2)
﻿03:55:37 : Update attempt failed
﻿03:57:32 : Failed to receive from BE Master (2)
﻿03:57:32 : Update attempt failed
﻿03:59:27 : Failed to receive from BE Master (2)
﻿03:59:27 : Update attempt failed
﻿04:01:22 : Failed to receive from BE Master (2)
﻿04:01:22 : Update attempt failed
﻿04:03:17 : Failed to receive from BE Master (2)
﻿04:03:17 : Update attempt failed
﻿04:05:12 : Failed to receive from BE Master (2)
﻿04:05:12 : Update attempt failed
﻿04:07:07 : Failed to receive from BE Master (2)
﻿04:07:07 : Update attempt failed
﻿04:09:03 : Failed to receive from BE Master (2)
﻿04:09:03 : Update attempt failed
﻿04:10:58 : Failed to receive from BE Master (2)
﻿04:10:58 : Update attempt failed
﻿04:12:53 : Failed to receive from BE Master (2)
﻿04:12:53 : Update attempt failed
﻿04:14:48 : Failed to receive from BE Master (2)
﻿04:14:48 : Update attempt failed
﻿04:16:43 : Failed to receive from BE Master (2)
﻿04:16:43 : Update attempt failed
﻿04:18:38 : Failed to receive from BE Master (2)
﻿04:18:38 : Update attempt failed
﻿04:20:33 : Failed to receive from BE Master (2)
﻿04:20:33 : Update attempt failed
﻿04:22:29 : Failed to receive from BE Master (2)
﻿04:22:29 : Update attempt failed
﻿04:24:24 : Failed to receive from BE Master (2)
﻿04:24:24 : Update attempt failed
﻿04:26:19 : Failed to receive from BE Master (2)
﻿04:26:19 : Update attempt failed
﻿04:28:14 : Failed to receive from BE Master (2)
﻿04:28:14 : Update attempt failed
﻿04:30:09 : Failed to receive from BE Master (2)
﻿04:30:09 : Update attempt failed
﻿04:32:04 : Failed to receive from BE Master (2)
﻿04:32:04 : Update attempt failed
﻿04:33:59 : Failed to receive from BE Master (2)
﻿04:33:59 : Update attempt failed
﻿04:35:54 : Failed to receive from BE Master (2)
﻿04:35:55 : Update attempt failed
﻿04:37:50 : Failed to receive from BE Master (2)
﻿04:37:50 : Update attempt failed
﻿04:39:45 : Failed to receive from BE Master (2)
﻿04:39:45 : Update attempt failed
﻿04:41:40 : Failed to receive from BE Master (2)
﻿04:41:40 : Update attempt failed
﻿04:43:35 : Failed to receive from BE Master (2)
﻿04:43:35 : Update attempt failed
﻿04:45:30 : Failed to receive from BE Master (2)
﻿04:45:30 : Update attempt failed
﻿04:47:25 : Failed to receive from BE Master (2)
﻿04:47:25 : Update attempt failed
﻿04:49:20 : Failed to receive from BE Master (2)
﻿04:49:20 : Update attempt failed
﻿04:51:16 : Failed to receive from BE Master (2)
﻿04:51:16 : Update attempt failed
﻿04:53:11 : Failed to receive from BE Master (2)
﻿04:53:11 : Update attempt failed
﻿04:55:06 : Failed to receive from BE Master (2)
﻿04:55:06 : Update attempt failed
﻿04:57:01 : Failed to receive from BE Master (2)
﻿04:57:01 : Update attempt failed
﻿04:58:56 : Failed to receive from BE Master (2)
﻿04:58:56 : Update attempt failed
﻿05:00:51 : Failed to receive from BE Master (2)
﻿05:00:51 : Update attempt failed
﻿05:02:46 : Failed to receive from BE Master (2)
﻿05:02:46 : Update attempt failed
﻿05:04:41 : Failed to receive from BE Master (2)
﻿05:04:42 : Update attempt failed
﻿05:06:37 : Failed to receive from BE Master (2)
﻿05:06:37 : Update attempt failed
﻿05:08:32 : Failed to receive from BE Master (2)
﻿05:08:32 : Update attempt failed
﻿05:10:27 : Failed to receive from BE Master (2)
﻿05:10:27 : Update attempt failed
﻿05:12:22 : Failed to receive from BE Master (2)
﻿05:12:22 : Update attempt failed
﻿05:14:17 : Failed to receive from BE Master (2)
﻿05:14:17 : Update attempt failed
﻿05:16:12 : Failed to receive from BE Master (2)
﻿05:16:12 : Update attempt failed
﻿05:18:07 : Failed to receive from BE Master (2)
﻿05:18:07 : Update attempt failed
﻿05:20:03 : Failed to receive from BE Master (2)
﻿05:20:03 : Update attempt failed
﻿05:21:58 : Failed to receive from BE Master (2)
﻿05:21:58 : Update attempt failed
﻿05:23:53 : Failed to receive from BE Master (2)
﻿05:23:53 : Update attempt failed
﻿05:25:48 : Failed to receive from BE Master (2)
﻿05:25:48 : Update attempt failed
﻿05:27:43 : Failed to receive from BE Master (2)
﻿05:27:43 : Update attempt failed
﻿05:29:38 : Failed to receive from BE Master (2)
﻿05:29:38 : Update attempt failed
﻿05:30:00 : RCon admin #0: (Global) This server will restart in 30 minutes
﻿05:31:33 : Failed to receive from BE Master (2)
﻿05:31:33 : Update attempt failed
﻿05:33:29 : Failed to receive from BE Master (2)
﻿05:33:29 : Update attempt failed
﻿05:35:24 : Failed to receive from BE Master (2)
﻿05:35:24 : Update attempt failed
﻿05:37:19 : Failed to receive from BE Master (2)
﻿05:37:19 : Update attempt failed
﻿05:39:14 : Failed to receive from BE Master (2)
﻿05:39:14 : Update attempt failed
﻿05:41:09 : Failed to receive from BE Master (2)
﻿05:41:09 : Update attempt failed
﻿05:43:04 : Failed to receive from BE Master (2)
﻿05:43:04 : Update attempt failed
﻿05:44:59 : Failed to receive from BE Master (2)
﻿05:44:59 : Update attempt failed
﻿05:45:00 : RCon admin #0: (Global) This server will restart in 15 minutes
﻿05:46:54 : Failed to receive from BE Master (2)
﻿05:46:55 : Update attempt failed
﻿05:48:50 : Failed to receive from BE Master (2)
﻿05:48:50 : Update attempt failed
﻿05:50:45 : Failed to receive from BE Master (2)
﻿05:50:45 : Update attempt failed
﻿05:52:40 : Failed to receive from BE Master (2)
﻿05:52:40 : Update attempt failed
﻿05:53:37 : Player #0 Tiadashi disconnected
﻿05:55:00 : RCon admin #0: (Global) This server will restart in 5 minute, log out now to prevent item loss!
﻿05:59:00 : RCon admin #0: (Global) This server will restart in 1 minute, Log out now!
﻿06:02:01 : Rcon client logging in
﻿06:02:01 : RCon admin #0 (127.0.0.1:55511) logged in
﻿06:08:01 : RCon admin #0: (Global) CRFT Survival Servers
﻿06:08:01 : RCon admin #0: (Global) Epoch Napf Veteran 
﻿11:30:00 : RCon admin #0: (Global) This server will restart in 30 minutes
﻿11:45:00 : RCon admin #0: (Global) This server will restart in 15 minutes
﻿11:55:00 : RCon admin #0: (Global) This server will restart in 5 minute, log out now to prevent item loss!
﻿11:59:00 : RCon admin #0: (Global) This server will restart in 1 minute, Log out now!
﻿12:02:11 : Rcon client logging in
﻿12:02:11 : RCon admin #0 (127.0.0.1:49631) logged in
﻿12:08:11 : RCon admin #0: (Global) CRFT Survival Servers
﻿12:08:11 : RCon admin #0: (Global) Epoch Napf Veteran 
﻿16:53:54 : Player #0 Tiadashi (47.142.195.93:2304) connected
﻿16:53:55 : Player #0 Tiadashi - GUID: ba7597fbd587ece9e807face23916950 (unverified)
﻿16:53:56 : Verified GUID (ba7597fbd587ece9e807face23916950) of player #0 Tiadashi
﻿16:53:56 : Player #0 Tiadashi - Legacy GUID: 8b4506e86dff8826a189c6a07436a687
﻿17:30:00 : RCon admin #0: (Global) This server will restart in 30 minutes
﻿17:45:00 : RCon admin #0: (Global) This server will restart in 15 minutes
﻿17:47:55 : Player #0 Tiadashi disconnected
﻿17:55:00 : RCon admin #0: (Global) This server will restart in 5 minute, log out now to prevent item loss!
﻿17:59:00 : RCon admin #0: (Global) This server will restart in 1 minute, Log out now!
﻿18:02:11 : Rcon client logging in
﻿18:02:11 : RCon admin #0 (127.0.0.1:62287) logged in
﻿18:08:11 : RCon admin #0: (Global) CRFT Survival Servers
﻿18:08:11 : RCon admin #0: (Global) Epoch Napf Veteran 
﻿18:35:14 : Player #0 Tiadashi (47.142.195.93:2304) connected
﻿18:35:15 : Player #0 Tiadashi - GUID: ba7597fbd587ece9e807face23916950 (unverified)
﻿18:35:15 : Verified GUID (ba7597fbd587ece9e807face23916950) of player #0 Tiadashi
﻿18:35:15 : Player #0 Tiadashi - Legacy GUID: 8b4506e86dff8826a189c6a07436a687
﻿18:38:33 : Player #1 A Dickhead (73.28.178.199:2304) connected
﻿18:38:33 : Player #1 A Dickhead - GUID: 173b871e5342d204ea77a96466c19159 (unverified)
﻿18:38:34 : Verified GUID (173b871e5342d204ea77a96466c19159) of player #1 A Dickhead
﻿18:38:34 : Player #1 A Dickhead disconnected
﻿19:05:43 : Player #1 Trey (173.18.249.222:2304) connected
﻿19:05:44 : Player #1 Trey - GUID: 5355600d89b440382aba177a809a4602 (unverified)
﻿19:05:44 : Verified GUID (5355600d89b440382aba177a809a4602) of player #1 Trey
﻿19:05:45 : Player #1 Trey disconnected
﻿19:26:09 : Player #1 Bolter (24.254.82.124:2304) connected
﻿19:26:11 : Player #1 Bolter - GUID: e8f5735790cf4f62671dfdce3a1e973b (unverified)
﻿19:26:11 : Verified GUID (e8f5735790cf4f62671dfdce3a1e973b) of player #1 Bolter
﻿19:26:12 : Player #1 Bolter - Legacy GUID: 8db1f0e0d6922af8f4e536d5ef737a4d
﻿20:50:01 : Player #1 Bolter disconnected
﻿21:07:07 : Player #1 Jak (70.160.186.12:2304) connected
﻿21:07:08 : Player #1 Jak - GUID: 9b4956931d70364499980ee2e760e35f (unverified)
﻿21:07:08 : Verified GUID (9b4956931d70364499980ee2e760e35f) of player #1 Jak
﻿21:07:09 : Player #1 Jak disconnected
﻿23:14:05 : Player #0 Tiadashi disconnected
﻿23:30:00 : RCon admin #0: (Global) This server will restart in 30 minutes
﻿23:45:00 : RCon admin #0: (Global) This server will restart in 15 minutes
﻿23:55:00 : RCon admin #0: (Global) This server will restart in 5 minute, log out now to prevent item loss!
﻿23:59:00 : RCon admin #0: (Global) This server will restart in 1 minute, Log out now!
