00:02:11 : Rcon client logging in
﻿00:02:11 : RCon admin #0 (127.0.0.1:61482) logged in
﻿00:08:11 : RCon admin #0: (Global) CRFT Survival Servers
﻿00:08:11 : RCon admin #0: (Global) Epoch Napf Veteran 
﻿01:17:45 : Player #0 Bolter (24.254.82.124:2304) connected
﻿01:17:47 : Player #0 Bolter - GUID: e8f5735790cf4f62671dfdce3a1e973b (unverified)
﻿01:17:47 : Verified GUID (e8f5735790cf4f62671dfdce3a1e973b) of player #0 Bolter
﻿01:17:49 : Player #0 Bolter - Legacy GUID: 8db1f0e0d6922af8f4e536d5ef737a4d
﻿01:18:17 : Player #1 Tiadashi (47.142.195.93:2304) connected
﻿01:18:19 : Player #1 Tiadashi - GUID: ba7597fbd587ece9e807face23916950 (unverified)
﻿01:18:19 : Verified GUID (ba7597fbd587ece9e807face23916950) of player #1 Tiadashi
﻿01:18:19 : Player #1 Tiadashi - Legacy GUID: 8b4506e86dff8826a189c6a07436a687
﻿01:31:06 : Player #2 Trobzing (173.171.226.36:2304) connected
﻿01:31:07 : Player #2 Trobzing - GUID: 7791e161480f0bde9cabb33aed24e126 (unverified)
﻿01:31:07 : Verified GUID (7791e161480f0bde9cabb33aed24e126) of player #2 Trobzing
﻿01:31:08 : Player #2 Trobzing - Legacy GUID: 4507466d880ef217a736a1ebe86bfee5
﻿01:32:15 : Player #3 MLG (73.118.155.193:2334) connected
﻿01:32:16 : Player #3 MLG - GUID: 2e53a9bb0651b8636079164db393f332 (unverified)
﻿01:32:16 : Verified GUID (2e53a9bb0651b8636079164db393f332) of player #3 MLG
﻿01:32:17 : Player #3 MLG disconnected
﻿01:48:47 : Player #3 Aaron (75.120.108.106:2304) connected
﻿01:48:48 : Player #3 Aaron - GUID: a59ed302c91f251a3e6c63bce0f164a8 (unverified)
﻿01:48:48 : Verified GUID (a59ed302c91f251a3e6c63bce0f164a8) of player #3 Aaron
﻿01:48:49 : Player #3 Aaron - Legacy GUID: 1c0a55f4063a0043d6b90b7f18e585ff
﻿02:03:06 : Player #3 Aaron disconnected
﻿02:13:35 : Player #3 Rad (121.73.37.174:2304) connected
﻿02:13:36 : Player #3 Rad - GUID: 885c579ee12c4ddf77aaac565b2b3290 (unverified)
﻿02:13:37 : Verified GUID (885c579ee12c4ddf77aaac565b2b3290) of player #3 Rad
﻿02:13:37 : Player #3 Rad - Legacy GUID: 03f93f12a57aefa54029cc3dc438d7a9
﻿02:16:33 : Player #3 Rad disconnected
﻿02:17:18 : Player #3 Rad (121.73.37.174:2304) connected
﻿02:17:19 : Player #3 Rad - GUID: 885c579ee12c4ddf77aaac565b2b3290 (unverified)
﻿02:17:20 : Verified GUID (885c579ee12c4ddf77aaac565b2b3290) of player #3 Rad
﻿02:17:20 : Player #3 Rad - Legacy GUID: 03f93f12a57aefa54029cc3dc438d7a9
﻿02:48:51 : Player #2 Trobzing disconnected
﻿02:51:51 : Player #0 Bolter disconnected
﻿02:52:12 : Player #3 Rad disconnected
﻿02:53:10 : Player #1 Tiadashi disconnected
﻿03:22:36 : Player #0 Rad (121.73.37.174:2304) connected
﻿03:22:37 : Player #0 Rad - GUID: 885c579ee12c4ddf77aaac565b2b3290 (unverified)
﻿03:22:38 : Verified GUID (885c579ee12c4ddf77aaac565b2b3290) of player #0 Rad
﻿03:22:38 : Player #0 Rad - Legacy GUID: 03f93f12a57aefa54029cc3dc438d7a9
﻿03:33:25 : Player #0 Rad disconnected
﻿05:30:00 : RCon admin #0: (Global) This server will restart in 30 minutes
﻿05:45:00 : RCon admin #0: (Global) This server will restart in 15 minutes
﻿05:55:00 : RCon admin #0: (Global) This server will restart in 5 minute, log out now to prevent item loss!
﻿05:59:00 : RCon admin #0: (Global) This server will restart in 1 minute, Log out now!
﻿06:02:01 : Rcon client logging in
﻿06:02:01 : RCon admin #0 (127.0.0.1:62980) logged in
﻿06:08:01 : RCon admin #0: (Global) CRFT Survival Servers
﻿06:08:02 : RCon admin #0: (Global) Epoch Napf Veteran 
﻿11:30:00 : RCon admin #0: (Global) This server will restart in 30 minutes
﻿11:45:00 : RCon admin #0: (Global) This server will restart in 15 minutes
﻿11:55:00 : RCon admin #0: (Global) This server will restart in 5 minute, log out now to prevent item loss!
﻿11:59:00 : RCon admin #0: (Global) This server will restart in 1 minute, Log out now!
﻿12:02:11 : Rcon client logging in
﻿12:02:11 : RCon admin #0 (127.0.0.1:63507) logged in
﻿12:08:11 : RCon admin #0: (Global) CRFT Survival Servers
﻿12:08:11 : RCon admin #0: (Global) Epoch Napf Veteran 
﻿17:30:00 : RCon admin #0: (Global) This server will restart in 30 minutes
﻿17:45:00 : RCon admin #0: (Global) This server will restart in 15 minutes
﻿17:55:00 : RCon admin #0: (Global) This server will restart in 5 minute, log out now to prevent item loss!
﻿17:59:00 : RCon admin #0: (Global) This server will restart in 1 minute, Log out now!
﻿18:02:12 : Rcon client logging in
﻿18:02:12 : RCon admin #0 (127.0.0.1:60235) logged in
﻿18:08:12 : RCon admin #0: (Global) CRFT Survival Servers
﻿18:08:12 : RCon admin #0: (Global) Epoch Napf Veteran 
﻿22:14:12 : Player #0 Tiadashi (47.142.195.93:2304) connected
﻿22:14:14 : Player #0 Tiadashi - GUID: ba7597fbd587ece9e807face23916950 (unverified)
﻿22:14:14 : Verified GUID (ba7597fbd587ece9e807face23916950) of player #0 Tiadashi
﻿22:14:15 : Player #0 Tiadashi - Legacy GUID: 8b4506e86dff8826a189c6a07436a687
﻿23:30:00 : RCon admin #0: (Global) This server will restart in 30 minutes
﻿23:42:27 : Player #1 colby (98.188.116.22:42998) connected
﻿23:42:28 : Player #1 colby - GUID: 920b48c75b8b4a3961fa2c8143e1213c (unverified)
﻿23:42:28 : Verified GUID (920b48c75b8b4a3961fa2c8143e1213c) of player #1 colby
﻿23:42:29 : Player #1 colby disconnected
﻿23:42:33 : Player #1 colby (98.188.116.22:42998) connected
﻿23:42:34 : Player #1 colby - GUID: 920b48c75b8b4a3961fa2c8143e1213c (unverified)
﻿23:42:34 : Verified GUID (920b48c75b8b4a3961fa2c8143e1213c) of player #1 colby
﻿23:42:35 : Player #1 colby disconnected
﻿23:44:20 : Player #0 Tiadashi disconnected
﻿23:45:00 : RCon admin #0: (Global) This server will restart in 15 minutes
﻿23:55:00 : RCon admin #0: (Global) This server will restart in 5 minute, log out now to prevent item loss!
﻿23:59:00 : RCon admin #0: (Global) This server will restart in 1 minute, Log out now!
