00:02:10 : Rcon client logging in
﻿00:02:10 : RCon admin #0 (127.0.0.1:65009) logged in
﻿00:08:10 : RCon admin #0: (Global) CRFT Survival Servers
﻿00:08:11 : RCon admin #0: (Global) Epoch Napf Veteran 
﻿05:30:00 : RCon admin #0: (Global) This server will restart in 30 minutes
﻿05:45:00 : RCon admin #0: (Global) This server will restart in 15 minutes
﻿05:55:00 : RCon admin #0: (Global) This server will restart in 5 minute, log out now to prevent item loss!
﻿05:59:00 : RCon admin #0: (Global) This server will restart in 1 minute, Log out now!
﻿06:02:01 : Rcon client logging in
﻿06:02:01 : RCon admin #0 (127.0.0.1:50685) logged in
﻿06:08:01 : RCon admin #0: (Global) CRFT Survival Servers
﻿06:08:01 : RCon admin #0: (Global) Epoch Napf Veteran 
﻿11:30:00 : RCon admin #0: (Global) This server will restart in 30 minutes
﻿11:40:26 : Player #0 Casey (71.68.184.114:2304) connected
﻿11:40:27 : Player #0 Casey - GUID: af56b9358cc720f5766fdfbd454aae76 (unverified)
﻿11:40:28 : Verified GUID (af56b9358cc720f5766fdfbd454aae76) of player #0 Casey
﻿11:40:28 : Player #0 Casey - Legacy GUID: 72aa2c0a684dcc09239c9c93272391c8
﻿11:45:00 : RCon admin #0: (Global) This server will restart in 15 minutes
﻿11:55:00 : RCon admin #0: (Global) This server will restart in 5 minute, log out now to prevent item loss!
﻿11:59:00 : RCon admin #0: (Global) This server will restart in 1 minute, Log out now!
﻿11:59:31 : Player #0 Casey disconnected
﻿12:02:11 : Rcon client logging in
﻿12:02:11 : RCon admin #0 (127.0.0.1:59761) logged in
﻿12:04:12 : Player #0 Casey (71.68.184.114:2304) connected
﻿12:04:13 : Player #0 Casey - GUID: af56b9358cc720f5766fdfbd454aae76 (unverified)
﻿12:04:14 : Verified GUID (af56b9358cc720f5766fdfbd454aae76) of player #0 Casey
﻿12:04:14 : Player #0 Casey - Legacy GUID: 72aa2c0a684dcc09239c9c93272391c8
﻿12:08:11 : RCon admin #0: (Global) CRFT Survival Servers
﻿12:08:11 : RCon admin #0: (Global) Epoch Napf Veteran 
﻿12:47:39 : Could not connect to BE Master
﻿12:47:39 : Update attempt failed
﻿12:55:46 : Could not connect to BE Master
﻿12:55:46 : Update attempt failed
﻿13:29:57 : Player #0 Casey disconnected
﻿17:30:00 : RCon admin #0: (Global) This server will restart in 30 minutes
﻿17:31:34 : Player #0 Tiadashi (47.142.195.93:2304) connected
﻿17:31:36 : Player #0 Tiadashi - GUID: ba7597fbd587ece9e807face23916950 (unverified)
﻿17:31:36 : Verified GUID (ba7597fbd587ece9e807face23916950) of player #0 Tiadashi
﻿17:31:36 : Player #0 Tiadashi - Legacy GUID: 8b4506e86dff8826a189c6a07436a687
﻿17:45:00 : RCon admin #0: (Global) This server will restart in 15 minutes
﻿17:55:00 : RCon admin #0: (Global) This server will restart in 5 minute, log out now to prevent item loss!
﻿17:55:37 : Player #0 Tiadashi disconnected
﻿17:59:00 : RCon admin #0: (Global) This server will restart in 1 minute, Log out now!
﻿18:02:11 : Rcon client logging in
﻿18:02:11 : RCon admin #0 (127.0.0.1:51937) logged in
﻿18:08:11 : RCon admin #0: (Global) CRFT Survival Servers
﻿18:08:11 : RCon admin #0: (Global) Epoch Napf Veteran 
﻿18:57:13 : Player #0 Tiadashi (47.142.195.93:2304) connected
﻿18:57:14 : Player #0 Tiadashi - GUID: ba7597fbd587ece9e807face23916950 (unverified)
﻿18:57:14 : Verified GUID (ba7597fbd587ece9e807face23916950) of player #0 Tiadashi
﻿18:57:14 : Player #0 Tiadashi - Legacy GUID: 8b4506e86dff8826a189c6a07436a687
﻿19:15:29 : Player #0 Tiadashi disconnected
﻿23:30:00 : RCon admin #0: (Global) This server will restart in 30 minutes
﻿23:45:00 : RCon admin #0: (Global) This server will restart in 15 minutes
﻿23:55:00 : RCon admin #0: (Global) This server will restart in 5 minute, log out now to prevent item loss!
﻿23:59:00 : RCon admin #0: (Global) This server will restart in 1 minute, Log out now!
