00:02:11 : Rcon client logging in
﻿00:02:11 : RCon admin #0 (127.0.0.1:59843) logged in
﻿00:08:11 : RCon admin #0: (Global) CRFT Survival Servers
﻿00:08:11 : RCon admin #0: (Global) Epoch Napf Veteran 
﻿00:31:04 : Player #0 ABJr (179.159.220.19:2304) connected
﻿00:31:06 : Player #0 ABJr - GUID: e9ff5802211557bba9be4d8b03cead1b (unverified)
﻿00:31:06 : Verified GUID (e9ff5802211557bba9be4d8b03cead1b) of player #0 ABJr
﻿00:31:06 : Player #0 ABJr - Legacy GUID: d6a63e834a525e55fff33e0fcb65954c
﻿02:02:27 : Player #1 Sir dick (50.89.217.129:2304) connected
﻿02:02:28 : Player #1 Sir dick - GUID: b66a2d7fab596a1ee9aae4b9c6e1065b (unverified)
﻿02:02:28 : Verified GUID (b66a2d7fab596a1ee9aae4b9c6e1065b) of player #1 Sir dick
﻿02:02:29 : Player #1 Sir dick - Legacy GUID: d81cdddbf0912b50b0baa1b1af0ab924
﻿02:02:31 : Player #1 Sir dick disconnected
﻿02:08:20 : Player #0 ABJr disconnected
﻿05:30:00 : RCon admin #0: (Global) This server will restart in 30 minutes
﻿05:45:00 : RCon admin #0: (Global) This server will restart in 15 minutes
﻿05:55:00 : RCon admin #0: (Global) This server will restart in 5 minute, log out now to prevent item loss!
﻿05:59:00 : RCon admin #0: (Global) This server will restart in 1 minute, Log out now!
﻿06:02:00 : Rcon client logging in
﻿06:02:00 : RCon admin #0 (127.0.0.1:64992) logged in
﻿06:08:01 : RCon admin #0: (Global) CRFT Survival Servers
﻿06:08:01 : RCon admin #0: (Global) Epoch Napf Veteran 
﻿11:30:00 : RCon admin #0: (Global) This server will restart in 30 minutes
﻿11:45:00 : RCon admin #0: (Global) This server will restart in 15 minutes
﻿11:55:00 : RCon admin #0: (Global) This server will restart in 5 minute, log out now to prevent item loss!
﻿11:59:00 : RCon admin #0: (Global) This server will restart in 1 minute, Log out now!
﻿12:02:11 : Rcon client logging in
﻿12:02:11 : RCon admin #0 (127.0.0.1:56076) logged in
﻿12:08:11 : RCon admin #0: (Global) CRFT Survival Servers
﻿12:08:11 : RCon admin #0: (Global) Epoch Napf Veteran 
﻿13:27:39 : Player #0 ABJr (179.159.220.19:2304) connected
﻿13:27:40 : Player #0 ABJr - GUID: e9ff5802211557bba9be4d8b03cead1b (unverified)
﻿13:27:40 : Verified GUID (e9ff5802211557bba9be4d8b03cead1b) of player #0 ABJr
﻿13:27:41 : Player #0 ABJr - Legacy GUID: d6a63e834a525e55fff33e0fcb65954c
﻿17:30:00 : RCon admin #0: (Global) This server will restart in 30 minutes
﻿17:45:00 : RCon admin #0: (Global) This server will restart in 15 minutes
﻿17:55:00 : RCon admin #0: (Global) This server will restart in 5 minute, log out now to prevent item loss!
﻿17:59:00 : RCon admin #0: (Global) This server will restart in 1 minute, Log out now!
﻿18:02:11 : Rcon client logging in
﻿18:02:11 : RCon admin #0 (127.0.0.1:58796) logged in
﻿18:08:11 : RCon admin #0: (Global) CRFT Survival Servers
﻿18:08:11 : RCon admin #0: (Global) Epoch Napf Veteran 
﻿19:51:47 : Player #0 ABJr (179.159.220.19:2304) connected
﻿19:51:48 : Player #0 ABJr - GUID: e9ff5802211557bba9be4d8b03cead1b (unverified)
﻿19:51:48 : Verified GUID (e9ff5802211557bba9be4d8b03cead1b) of player #0 ABJr
﻿19:51:49 : Player #0 ABJr - Legacy GUID: d6a63e834a525e55fff33e0fcb65954c
﻿20:22:30 : Player #1 Tiadashi (47.142.195.93:2304) connected
﻿20:22:32 : Player #1 Tiadashi - GUID: ba7597fbd587ece9e807face23916950 (unverified)
﻿20:22:32 : Verified GUID (ba7597fbd587ece9e807face23916950) of player #1 Tiadashi
﻿20:22:32 : Player #1 Tiadashi - Legacy GUID: 8b4506e86dff8826a189c6a07436a687
﻿20:46:44 : Player #2 WhoShotya24 (68.70.1.138:2304) connected
﻿20:46:46 : Player #2 WhoShotya24 - GUID: 37ca87a560b53b1af7e47455daaa8807 (unverified)
﻿20:46:46 : Player #2 WhoShotya24 - Legacy GUID: ec2410764b68cb68101f64b4a8fe4220
﻿20:46:47 : Verified GUID (37ca87a560b53b1af7e47455daaa8807) of player #2 WhoShotya24
﻿20:46:47 : Player #2 WhoShotya24 disconnected
﻿22:48:49 : Player #2 Owner (207.118.71.68:2304) connected
﻿22:48:50 : Player #2 Owner - GUID: ce17c576342e82a589e771d879b906a7 (unverified)
﻿22:48:51 : Verified GUID (ce17c576342e82a589e771d879b906a7) of player #2 Owner
﻿22:48:51 : Player #2 Owner - Legacy GUID: 71685802b7e17ae8b90852a20fc09497
﻿23:02:24 : Player #3 Slamhog (68.70.1.138:2304) connected
﻿23:02:25 : Player #3 Slamhog - GUID: 37ca87a560b53b1af7e47455daaa8807 (unverified)
﻿23:02:26 : Player #3 Slamhog - Legacy GUID: ec2410764b68cb68101f64b4a8fe4220
﻿23:02:32 : Verified GUID (37ca87a560b53b1af7e47455daaa8807) of player #3 Slamhog
﻿23:02:32 : Player #3 Slamhog disconnected
﻿23:11:14 : Player #3 super (99.95.53.106:2304) connected
﻿23:11:15 : Player #3 super - GUID: 4a4266b416db99640773065bc184fe36 (unverified)
﻿23:11:16 : Verified GUID (4a4266b416db99640773065bc184fe36) of player #3 super
﻿23:11:16 : Player #3 super - Legacy GUID: 90fbd3f5adf559020950801323c9d4d6
﻿23:11:17 : Player #3 super disconnected
﻿23:22:13 : Player #1 Tiadashi disconnected
﻿23:30:00 : RCon admin #0: (Global) This server will restart in 30 minutes
﻿23:45:00 : RCon admin #0: (Global) This server will restart in 15 minutes
﻿23:45:54 : Player #2 Owner disconnected
﻿23:55:00 : RCon admin #0: (Global) This server will restart in 5 minute, log out now to prevent item loss!
﻿23:59:00 : RCon admin #0: (Global) This server will restart in 1 minute, Log out now!
