00:02:11 : Rcon client logging in
﻿00:02:11 : RCon admin #0 (127.0.0.1:58104) logged in
﻿00:08:11 : RCon admin #0: (Global) CRFT Survival Servers
﻿00:08:12 : RCon admin #0: (Global) Epoch Napf Veteran 
﻿01:09:50 : Player #0 Bolter (24.254.82.124:2304) connected
﻿01:09:52 : Player #0 Bolter - GUID: e8f5735790cf4f62671dfdce3a1e973b (unverified)
﻿01:09:52 : Verified GUID (e8f5735790cf4f62671dfdce3a1e973b) of player #0 Bolter
﻿01:09:54 : Player #0 Bolter - Legacy GUID: 8db1f0e0d6922af8f4e536d5ef737a4d
﻿01:10:29 : Player #1 Tiadashi (47.142.195.93:2304) connected
﻿01:10:30 : Player #1 Tiadashi - GUID: ba7597fbd587ece9e807face23916950 (unverified)
﻿01:10:31 : Verified GUID (ba7597fbd587ece9e807face23916950) of player #1 Tiadashi
﻿01:10:31 : Player #1 Tiadashi - Legacy GUID: 8b4506e86dff8826a189c6a07436a687
﻿02:28:29 : Player #1 Tiadashi (ba7597fbd587ece9e807face23916950) has been kicked by BattlEye: Client not responding
﻿02:29:35 : Player #1 Tiadashi (47.142.195.93:2304) connected
﻿02:29:36 : Player #1 Tiadashi - GUID: ba7597fbd587ece9e807face23916950 (unverified)
﻿02:29:37 : Verified GUID (ba7597fbd587ece9e807face23916950) of player #1 Tiadashi
﻿02:29:37 : Player #1 Tiadashi - Legacy GUID: 8b4506e86dff8826a189c6a07436a687
﻿03:10:31 : Player #0 Bolter disconnected
﻿03:10:53 : Player #1 Tiadashi disconnected
﻿05:30:00 : RCon admin #0: (Global) This server will restart in 30 minutes
﻿05:45:00 : RCon admin #0: (Global) This server will restart in 15 minutes
﻿05:55:00 : RCon admin #0: (Global) This server will restart in 5 minute, log out now to prevent item loss!
﻿05:59:00 : RCon admin #0: (Global) This server will restart in 1 minute, Log out now!
﻿06:02:02 : Rcon client logging in
﻿06:02:02 : RCon admin #0 (127.0.0.1:63144) logged in
﻿06:08:02 : RCon admin #0: (Global) CRFT Survival Servers
﻿06:08:02 : RCon admin #0: (Global) Epoch Napf Veteran 
﻿11:30:00 : RCon admin #0: (Global) This server will restart in 30 minutes
﻿11:45:00 : RCon admin #0: (Global) This server will restart in 15 minutes
﻿11:55:00 : RCon admin #0: (Global) This server will restart in 5 minute, log out now to prevent item loss!
﻿11:59:00 : RCon admin #0: (Global) This server will restart in 1 minute, Log out now!
﻿12:02:12 : Rcon client logging in
﻿12:02:12 : RCon admin #0 (127.0.0.1:64055) logged in
﻿12:08:12 : RCon admin #0: (Global) CRFT Survival Servers
﻿12:08:12 : RCon admin #0: (Global) Epoch Napf Veteran 
﻿14:38:48 : Player #0 Bolter (24.254.82.124:2304) connected
﻿14:38:50 : Player #0 Bolter - Legacy GUID: 8db1f0e0d6922af8f4e536d5ef737a4d
﻿14:38:50 : Player #0 Bolter - GUID: e8f5735790cf4f62671dfdce3a1e973b (unverified)
﻿14:38:50 : Verified GUID (e8f5735790cf4f62671dfdce3a1e973b) of player #0 Bolter
﻿17:30:00 : RCon admin #0: (Global) This server will restart in 30 minutes
﻿17:45:00 : RCon admin #0: (Global) This server will restart in 15 minutes
﻿17:54:00 : Player #0 Bolter disconnected
﻿17:55:00 : RCon admin #0: (Global) This server will restart in 5 minute, log out now to prevent item loss!
﻿17:59:00 : RCon admin #0: (Global) This server will restart in 1 minute, Log out now!
﻿18:02:12 : Rcon client logging in
﻿18:02:12 : RCon admin #0 (127.0.0.1:52409) logged in
﻿18:02:48 : Player #0 Bolter (24.254.82.124:2304) connected
﻿18:02:50 : Player #0 Bolter - GUID: e8f5735790cf4f62671dfdce3a1e973b (unverified)
﻿18:02:50 : Verified GUID (e8f5735790cf4f62671dfdce3a1e973b) of player #0 Bolter
﻿18:02:50 : Player #0 Bolter - Legacy GUID: 8db1f0e0d6922af8f4e536d5ef737a4d
﻿18:08:12 : RCon admin #0: (Global) CRFT Survival Servers
﻿18:08:12 : RCon admin #0: (Global) Epoch Napf Veteran 
﻿21:15:16 : Player #0 Bolter disconnected
﻿23:30:00 : RCon admin #0: (Global) This server will restart in 30 minutes
﻿23:45:00 : RCon admin #0: (Global) This server will restart in 15 minutes
﻿23:55:00 : RCon admin #0: (Global) This server will restart in 5 minute, log out now to prevent item loss!
﻿23:59:00 : RCon admin #0: (Global) This server will restart in 1 minute, Log out now!
