00:02:12 : Rcon client logging in
﻿00:02:12 : RCon admin #0 (127.0.0.1:60119) logged in
﻿00:03:56 : Player #0 ABJr (179.159.220.19:2304) connected
﻿00:03:57 : Player #0 ABJr - GUID: e9ff5802211557bba9be4d8b03cead1b (unverified)
﻿00:03:58 : Verified GUID (e9ff5802211557bba9be4d8b03cead1b) of player #0 ABJr
﻿00:03:58 : Player #0 ABJr - Legacy GUID: d6a63e834a525e55fff33e0fcb65954c
﻿00:08:12 : RCon admin #0: (Global) CRFT Survival Servers
﻿00:08:12 : RCon admin #0: (Global) Epoch Napf Veteran 
﻿00:12:34 : Player #1 Kirad (179.159.220.19:61958) connected
﻿00:12:36 : Player #1 Kirad - GUID: 9e1b3e962e1dd7cda5055a72b97ff879 (unverified)
﻿00:12:36 : Verified GUID (9e1b3e962e1dd7cda5055a72b97ff879) of player #1 Kirad
﻿00:12:37 : Player #1 Kirad - Legacy GUID: 33f1ee3798fa38fc8df433435788a69e
﻿00:18:33 : Player #0 ABJr disconnected
﻿00:20:08 : Player #0 ABJr (179.159.220.19:2304) connected
﻿00:20:10 : Player #0 ABJr - GUID: e9ff5802211557bba9be4d8b03cead1b (unverified)
﻿00:20:10 : Verified GUID (e9ff5802211557bba9be4d8b03cead1b) of player #0 ABJr
﻿00:20:11 : Player #0 ABJr - Legacy GUID: d6a63e834a525e55fff33e0fcb65954c
﻿00:28:53 : Player #1 Kirad (9e1b3e962e1dd7cda5055a72b97ff879) has been kicked by BattlEye: Script Restriction #7
﻿00:30:26 : Player #1 Kirad (179.159.220.19:61958) connected
﻿00:30:27 : Player #1 Kirad - GUID: 9e1b3e962e1dd7cda5055a72b97ff879 (unverified)
﻿00:30:27 : Verified GUID (9e1b3e962e1dd7cda5055a72b97ff879) of player #1 Kirad
﻿00:30:28 : Player #1 Kirad - Legacy GUID: 33f1ee3798fa38fc8df433435788a69e
﻿01:04:43 : Player #1 Kirad disconnected
﻿01:28:35 : Player #1 Owner (207.118.71.68:2304) connected
﻿01:28:37 : Player #1 Owner - GUID: ce17c576342e82a589e771d879b906a7 (unverified)
﻿01:28:37 : Verified GUID (ce17c576342e82a589e771d879b906a7) of player #1 Owner
﻿01:28:38 : Player #1 Owner - Legacy GUID: 71685802b7e17ae8b90852a20fc09497
﻿01:52:31 : Player #0 ABJr disconnected
﻿02:42:56 : Player #1 Owner disconnected
﻿05:30:00 : RCon admin #0: (Global) This server will restart in 30 minutes
﻿05:45:00 : RCon admin #0: (Global) This server will restart in 15 minutes
﻿05:55:00 : RCon admin #0: (Global) This server will restart in 5 minute, log out now to prevent item loss!
﻿05:59:00 : RCon admin #0: (Global) This server will restart in 1 minute, Log out now!
﻿06:02:01 : Rcon client logging in
﻿06:02:01 : RCon admin #0 (127.0.0.1:60228) logged in
﻿06:08:01 : RCon admin #0: (Global) CRFT Survival Servers
﻿06:08:01 : RCon admin #0: (Global) Epoch Napf Veteran 
﻿08:02:47 : Player #0 ABJr (179.159.217.206:2304) connected
﻿08:02:48 : Player #0 ABJr - GUID: e9ff5802211557bba9be4d8b03cead1b (unverified)
﻿08:02:49 : Verified GUID (e9ff5802211557bba9be4d8b03cead1b) of player #0 ABJr
﻿08:02:49 : Player #0 ABJr - Legacy GUID: d6a63e834a525e55fff33e0fcb65954c
﻿11:03:26 : Player #0 ABJr disconnected
﻿11:30:00 : RCon admin #0: (Global) This server will restart in 30 minutes
﻿11:45:00 : RCon admin #0: (Global) This server will restart in 15 minutes
﻿11:55:00 : RCon admin #0: (Global) This server will restart in 5 minute, log out now to prevent item loss!
﻿11:59:00 : RCon admin #0: (Global) This server will restart in 1 minute, Log out now!
﻿12:02:11 : Rcon client logging in
﻿12:02:11 : RCon admin #0 (127.0.0.1:49697) logged in
﻿12:08:11 : RCon admin #0: (Global) CRFT Survival Servers
﻿12:08:11 : RCon admin #0: (Global) Epoch Napf Veteran 
﻿13:02:19 : Player #0 ABJr (179.159.217.206:2304) connected
﻿13:02:20 : Player #0 ABJr - GUID: e9ff5802211557bba9be4d8b03cead1b (unverified)
﻿13:02:20 : Verified GUID (e9ff5802211557bba9be4d8b03cead1b) of player #0 ABJr
﻿13:02:21 : Player #0 ABJr - Legacy GUID: d6a63e834a525e55fff33e0fcb65954c
﻿14:14:16 : Player #1 Owner (207.118.71.68:2304) connected
﻿14:14:17 : Player #1 Owner - GUID: ce17c576342e82a589e771d879b906a7 (unverified)
﻿14:14:18 : Verified GUID (ce17c576342e82a589e771d879b906a7) of player #1 Owner
﻿14:14:19 : Player #1 Owner - Legacy GUID: 71685802b7e17ae8b90852a20fc09497
﻿14:35:46 : Player #0 ABJr disconnected
﻿15:35:45 : Player #0 [APEX]Rogue  (24.143.34.217:2304) connected
﻿15:35:46 : Player #0 [APEX]Rogue  - GUID: cfda525cb2ec08f790ae878b2a1e7617 (unverified)
﻿15:35:46 : Verified GUID (cfda525cb2ec08f790ae878b2a1e7617) of player #0 [APEX]Rogue 
﻿15:35:47 : Player #0 [APEX]Rogue  disconnected
﻿16:00:23 : Player #1 Owner disconnected
﻿16:37:46 : Player #0 Tiadashi (47.142.195.93:2304) connected
﻿16:37:47 : Player #0 Tiadashi - GUID: ba7597fbd587ece9e807face23916950 (unverified)
﻿16:37:47 : Verified GUID (ba7597fbd587ece9e807face23916950) of player #0 Tiadashi
﻿16:37:48 : Player #0 Tiadashi - Legacy GUID: 8b4506e86dff8826a189c6a07436a687
﻿17:30:00 : RCon admin #0: (Global) This server will restart in 30 minutes
﻿17:31:12 : Player #0 Tiadashi disconnected
﻿17:45:00 : RCon admin #0: (Global) This server will restart in 15 minutes
﻿17:55:00 : RCon admin #0: (Global) This server will restart in 5 minute, log out now to prevent item loss!
﻿17:59:00 : RCon admin #0: (Global) This server will restart in 1 minute, Log out now!
﻿18:02:11 : Rcon client logging in
﻿18:02:11 : RCon admin #0 (127.0.0.1:50300) logged in
﻿18:08:11 : RCon admin #0: (Global) CRFT Survival Servers
﻿18:08:11 : RCon admin #0: (Global) Epoch Napf Veteran 
﻿18:49:35 : Player #0 Tiadashi (47.142.195.93:2304) connected
﻿18:49:36 : Player #0 Tiadashi - GUID: ba7597fbd587ece9e807face23916950 (unverified)
﻿18:49:37 : Verified GUID (ba7597fbd587ece9e807face23916950) of player #0 Tiadashi
﻿18:49:37 : Player #0 Tiadashi - Legacy GUID: 8b4506e86dff8826a189c6a07436a687
﻿20:13:56 : Player #0 Tiadashi disconnected
﻿23:30:00 : RCon admin #0: (Global) This server will restart in 30 minutes
﻿23:45:00 : RCon admin #0: (Global) This server will restart in 15 minutes
﻿23:55:00 : RCon admin #0: (Global) This server will restart in 5 minute, log out now to prevent item loss!
﻿23:59:00 : RCon admin #0: (Global) This server will restart in 1 minute, Log out now!
