00:02:10 : Rcon client logging in
﻿00:02:10 : RCon admin #0 (127.0.0.1:53060) logged in
﻿00:08:10 : RCon admin #0: (Global) CRFT Survival Servers
﻿00:08:11 : RCon admin #0: (Global) Epoch Napf Veteran 
﻿00:55:42 : Player #0 Tiadashi (47.142.195.93:2304) connected
﻿00:55:44 : Player #0 Tiadashi - GUID: ba7597fbd587ece9e807face23916950 (unverified)
﻿00:55:44 : Verified GUID (ba7597fbd587ece9e807face23916950) of player #0 Tiadashi
﻿00:55:44 : Player #0 Tiadashi - Legacy GUID: 8b4506e86dff8826a189c6a07436a687
﻿00:59:27 : Player #1 Bolter (24.254.82.124:2304) connected
﻿00:59:29 : Player #1 Bolter - GUID: e8f5735790cf4f62671dfdce3a1e973b (unverified)
﻿00:59:29 : Verified GUID (e8f5735790cf4f62671dfdce3a1e973b) of player #1 Bolter
﻿00:59:29 : Player #1 Bolter - Legacy GUID: 8db1f0e0d6922af8f4e536d5ef737a4d
﻿02:52:40 : Player #1 Bolter disconnected
﻿03:01:04 : Could not connect to BE Master
﻿03:01:04 : Update attempt failed
﻿03:17:46 : Player #0 Tiadashi disconnected
﻿04:02:12 : Player #0 Damian (73.251.23.240:2304) connected
﻿04:02:13 : Player #0 Damian - GUID: a02257c3329a22da0e29709ed01284cd (unverified)
﻿04:02:13 : Verified GUID (a02257c3329a22da0e29709ed01284cd) of player #0 Damian
﻿04:02:13 : Player #0 Damian disconnected
﻿05:30:00 : RCon admin #0: (Global) This server will restart in 30 minutes
﻿05:45:00 : RCon admin #0: (Global) This server will restart in 15 minutes
﻿05:55:00 : RCon admin #0: (Global) This server will restart in 5 minute, log out now to prevent item loss!
﻿05:59:00 : RCon admin #0: (Global) This server will restart in 1 minute, Log out now!
﻿06:02:01 : Rcon client logging in
﻿06:02:01 : RCon admin #0 (127.0.0.1:55354) logged in
﻿06:08:01 : RCon admin #0: (Global) CRFT Survival Servers
﻿06:08:01 : RCon admin #0: (Global) Epoch Napf Veteran 
﻿11:30:00 : RCon admin #0: (Global) This server will restart in 30 minutes
﻿11:45:00 : RCon admin #0: (Global) This server will restart in 15 minutes
﻿11:55:00 : RCon admin #0: (Global) This server will restart in 5 minute, log out now to prevent item loss!
﻿11:59:00 : RCon admin #0: (Global) This server will restart in 1 minute, Log out now!
﻿12:02:11 : Rcon client logging in
﻿12:02:11 : RCon admin #0 (127.0.0.1:61659) logged in
﻿12:08:11 : RCon admin #0: (Global) CRFT Survival Servers
﻿12:08:11 : RCon admin #0: (Global) Epoch Napf Veteran 
﻿17:30:00 : RCon admin #0: (Global) This server will restart in 30 minutes
﻿17:45:00 : RCon admin #0: (Global) This server will restart in 15 minutes
﻿17:55:00 : RCon admin #0: (Global) This server will restart in 5 minute, log out now to prevent item loss!
﻿17:59:00 : RCon admin #0: (Global) This server will restart in 1 minute, Log out now!
﻿18:02:11 : Rcon client logging in
﻿18:02:11 : RCon admin #0 (127.0.0.1:62410) logged in
﻿18:08:11 : RCon admin #0: (Global) CRFT Survival Servers
﻿18:08:11 : RCon admin #0: (Global) Epoch Napf Veteran 
﻿21:51:50 : Player #0 Tiadashi (47.142.195.93:2304) connected
﻿21:51:52 : Player #0 Tiadashi - GUID: ba7597fbd587ece9e807face23916950 (unverified)
﻿21:51:52 : Verified GUID (ba7597fbd587ece9e807face23916950) of player #0 Tiadashi
﻿21:51:52 : Player #0 Tiadashi - Legacy GUID: 8b4506e86dff8826a189c6a07436a687
﻿21:54:24 : Player #1 Tyrone (71.77.241.51:2304) connected
﻿21:54:25 : Player #1 Tyrone - GUID: c12a0f72dfae4d6b8c5471e47feabae1 (unverified)
﻿21:54:25 : Verified GUID (c12a0f72dfae4d6b8c5471e47feabae1) of player #1 Tyrone
﻿21:54:26 : Player #1 Tyrone disconnected
﻿22:56:34 : Could not connect to BE Master
﻿22:56:34 : Update attempt failed
﻿23:11:32 : Player #1 bcloaded (68.235.239.152:2334) connected
﻿23:11:33 : Player #1 bcloaded - GUID: 90fd27e208c6e5f0c8499fb1c9422587 (unverified)
﻿23:11:33 : Verified GUID (90fd27e208c6e5f0c8499fb1c9422587) of player #1 bcloaded
﻿23:11:34 : Player #1 bcloaded disconnected
﻿23:25:49 : Player #0 Tiadashi disconnected
﻿23:27:45 : Player #0 DAYZ (173.173.233.113:2304) connected
﻿23:27:46 : Player #0 DAYZ - GUID: 79275e6181c4d8324c75f60ee54ca2ec (unverified)
﻿23:27:47 : Verified GUID (79275e6181c4d8324c75f60ee54ca2ec) of player #0 DAYZ
﻿23:27:47 : Player #0 DAYZ disconnected
﻿23:30:00 : RCon admin #0: (Global) This server will restart in 30 minutes
﻿23:45:00 : RCon admin #0: (Global) This server will restart in 15 minutes
﻿23:55:00 : RCon admin #0: (Global) This server will restart in 5 minute, log out now to prevent item loss!
﻿23:59:00 : RCon admin #0: (Global) This server will restart in 1 minute, Log out now!
