00:02:11 : Rcon client logging in
﻿00:02:11 : RCon admin #0 (127.0.0.1:57344) logged in
﻿00:08:11 : RCon admin #0: (Global) CRFT Survival Servers
﻿00:08:11 : RCon admin #0: (Global) Epoch Napf Veteran 
﻿01:17:40 : Player #0 Tiadashi (47.142.195.93:2304) connected
﻿01:17:41 : Player #0 Tiadashi - GUID: ba7597fbd587ece9e807face23916950 (unverified)
﻿01:17:42 : Verified GUID (ba7597fbd587ece9e807face23916950) of player #0 Tiadashi
﻿01:17:42 : Player #0 Tiadashi - Legacy GUID: 8b4506e86dff8826a189c6a07436a687
﻿01:18:25 : Player #1 Bolter (24.254.82.124:2304) connected
﻿01:18:27 : Player #1 Bolter - GUID: e8f5735790cf4f62671dfdce3a1e973b (unverified)
﻿01:18:27 : Verified GUID (e8f5735790cf4f62671dfdce3a1e973b) of player #1 Bolter
﻿01:18:27 : Player #1 Bolter - Legacy GUID: 8db1f0e0d6922af8f4e536d5ef737a4d
﻿02:42:36 : Player #1 Bolter disconnected
﻿03:00:32 : Player #0 Tiadashi disconnected
﻿05:30:00 : RCon admin #0: (Global) This server will restart in 30 minutes
﻿05:45:00 : RCon admin #0: (Global) This server will restart in 15 minutes
﻿05:55:00 : RCon admin #0: (Global) This server will restart in 5 minute, log out now to prevent item loss!
﻿05:59:00 : RCon admin #0: (Global) This server will restart in 1 minute, Log out now!
﻿06:02:00 : Rcon client logging in
﻿06:02:00 : RCon admin #0 (127.0.0.1:59969) logged in
﻿06:08:01 : RCon admin #0: (Global) CRFT Survival Servers
﻿06:08:01 : RCon admin #0: (Global) Epoch Napf Veteran 
﻿11:30:00 : RCon admin #0: (Global) This server will restart in 30 minutes
﻿11:45:00 : RCon admin #0: (Global) This server will restart in 15 minutes
﻿11:55:00 : RCon admin #0: (Global) This server will restart in 5 minute, log out now to prevent item loss!
﻿11:59:00 : RCon admin #0: (Global) This server will restart in 1 minute, Log out now!
﻿12:02:11 : Rcon client logging in
﻿12:02:11 : RCon admin #0 (127.0.0.1:55099) logged in
﻿12:08:11 : RCon admin #0: (Global) CRFT Survival Servers
﻿12:08:11 : RCon admin #0: (Global) Epoch Napf Veteran 
﻿17:30:00 : RCon admin #0: (Global) This server will restart in 30 minutes
﻿17:45:00 : RCon admin #0: (Global) This server will restart in 15 minutes
﻿17:55:00 : RCon admin #0: (Global) This server will restart in 5 minute, log out now to prevent item loss!
﻿17:59:00 : RCon admin #0: (Global) This server will restart in 1 minute, Log out now!
﻿18:02:11 : Rcon client logging in
﻿18:02:11 : RCon admin #0 (127.0.0.1:54090) logged in
﻿18:08:11 : RCon admin #0: (Global) CRFT Survival Servers
﻿18:08:11 : RCon admin #0: (Global) Epoch Napf Veteran 
﻿23:30:00 : RCon admin #0: (Global) This server will restart in 30 minutes
﻿23:45:00 : RCon admin #0: (Global) This server will restart in 15 minutes
﻿23:55:00 : RCon admin #0: (Global) This server will restart in 5 minute, log out now to prevent item loss!
﻿23:59:00 : RCon admin #0: (Global) This server will restart in 1 minute, Log out now!
