00:02:11 : Rcon client logging in
﻿00:02:11 : RCon admin #0 (127.0.0.1:49724) logged in
﻿00:08:11 : RCon admin #0: (Global) CRFT Survival Servers
﻿00:08:11 : RCon admin #0: (Global) Epoch Napf Veteran 
﻿05:30:00 : RCon admin #0: (Global) This server will restart in 30 minutes
﻿05:45:00 : RCon admin #0: (Global) This server will restart in 15 minutes
﻿05:55:00 : RCon admin #0: (Global) This server will restart in 5 minute, log out now to prevent item loss!
﻿05:59:00 : RCon admin #0: (Global) This server will restart in 1 minute, Log out now!
﻿06:02:01 : Rcon client logging in
﻿06:02:01 : RCon admin #0 (127.0.0.1:57998) logged in
﻿06:08:01 : RCon admin #0: (Global) CRFT Survival Servers
﻿06:08:02 : RCon admin #0: (Global) Epoch Napf Veteran 
﻿11:30:00 : RCon admin #0: (Global) This server will restart in 30 minutes
﻿11:45:00 : RCon admin #0: (Global) This server will restart in 15 minutes
﻿11:55:00 : RCon admin #0: (Global) This server will restart in 5 minute, log out now to prevent item loss!
﻿11:59:00 : RCon admin #0: (Global) This server will restart in 1 minute, Log out now!
﻿12:02:11 : Rcon client logging in
﻿12:02:11 : RCon admin #0 (127.0.0.1:51448) logged in
﻿12:08:11 : RCon admin #0: (Global) CRFT Survival Servers
﻿12:08:11 : RCon admin #0: (Global) Epoch Napf Veteran 
﻿17:30:00 : RCon admin #0: (Global) This server will restart in 30 minutes
﻿17:45:00 : RCon admin #0: (Global) This server will restart in 15 minutes
﻿17:55:00 : RCon admin #0: (Global) This server will restart in 5 minute, log out now to prevent item loss!
﻿17:59:00 : RCon admin #0: (Global) This server will restart in 1 minute, Log out now!
﻿18:02:11 : Rcon client logging in
﻿18:02:11 : RCon admin #0 (127.0.0.1:63942) logged in
﻿18:08:11 : RCon admin #0: (Global) CRFT Survival Servers
﻿18:08:12 : RCon admin #0: (Global) Epoch Napf Veteran 
﻿20:31:33 : Player #0 Tiadashi (47.142.195.93:2304) connected
﻿20:31:34 : Player #0 Tiadashi - GUID: ba7597fbd587ece9e807face23916950 (unverified)
﻿20:31:35 : Verified GUID (ba7597fbd587ece9e807face23916950) of player #0 Tiadashi
﻿20:31:35 : Player #0 Tiadashi - Legacy GUID: 8b4506e86dff8826a189c6a07436a687
﻿21:01:49 : Player #0 Tiadashi (ba7597fbd587ece9e807face23916950) has been kicked by BattlEye: Ping too high (2234)
﻿21:05:18 : Player #0 Tiadashi (47.142.195.93:2304) connected
﻿21:05:19 : Player #0 Tiadashi - GUID: ba7597fbd587ece9e807face23916950 (unverified)
﻿21:05:19 : Verified GUID (ba7597fbd587ece9e807face23916950) of player #0 Tiadashi
﻿21:05:20 : Player #0 Tiadashi - Legacy GUID: 8b4506e86dff8826a189c6a07436a687
﻿21:53:00 : Player #0 Tiadashi disconnected
﻿22:04:13 : Player #0 ABJr (179.159.220.19:2304) connected
﻿22:04:14 : Player #0 ABJr - GUID: e9ff5802211557bba9be4d8b03cead1b (unverified)
﻿22:04:14 : Verified GUID (e9ff5802211557bba9be4d8b03cead1b) of player #0 ABJr
﻿22:04:15 : Player #0 ABJr - Legacy GUID: d6a63e834a525e55fff33e0fcb65954c
﻿22:10:52 : Player #1 Uncle Vladddy (104.230.193.121:2304) connected
﻿22:10:54 : Player #1 Uncle Vladddy - GUID: 872a3354d4445ae9ec2343d835729d84 (unverified)
﻿22:10:54 : Verified GUID (872a3354d4445ae9ec2343d835729d84) of player #1 Uncle Vladddy
﻿22:10:55 : Player #1 Uncle Vladddy - Legacy GUID: c437ce285c27f98a7a70d2bb7903e6fc
﻿22:10:55 : Player #1 Uncle Vladddy disconnected
﻿23:30:00 : RCon admin #0: (Global) This server will restart in 30 minutes
﻿23:45:00 : RCon admin #0: (Global) This server will restart in 15 minutes
﻿23:49:03 : Player #0 ABJr disconnected
﻿23:50:55 : Player #0 ABJr (179.159.220.19:2304) connected
﻿23:50:56 : Player #0 ABJr - GUID: e9ff5802211557bba9be4d8b03cead1b (unverified)
﻿23:50:56 : Verified GUID (e9ff5802211557bba9be4d8b03cead1b) of player #0 ABJr
﻿23:50:57 : Player #0 ABJr - Legacy GUID: d6a63e834a525e55fff33e0fcb65954c
﻿23:55:00 : RCon admin #0: (Global) This server will restart in 5 minute, log out now to prevent item loss!
﻿23:57:41 : Player #0 ABJr disconnected
﻿23:59:00 : RCon admin #0: (Global) This server will restart in 1 minute, Log out now!
