00:02:11 : Rcon client logging in
﻿00:02:11 : RCon admin #0 (127.0.0.1:53386) logged in
﻿00:08:11 : RCon admin #0: (Global) CRFT Survival Servers
﻿00:08:11 : RCon admin #0: (Global) Epoch Napf Veteran 
﻿01:15:50 : Player #0 Tiadashi (47.142.195.93:2304) connected
﻿01:15:51 : Player #0 Tiadashi - GUID: ba7597fbd587ece9e807face23916950 (unverified)
﻿01:15:51 : Verified GUID (ba7597fbd587ece9e807face23916950) of player #0 Tiadashi
﻿01:15:52 : Player #0 Tiadashi - Legacy GUID: 8b4506e86dff8826a189c6a07436a687
﻿01:22:39 : Player #1 Bolter (24.254.82.124:2304) connected
﻿01:22:41 : Player #1 Bolter - GUID: e8f5735790cf4f62671dfdce3a1e973b (unverified)
﻿01:22:41 : Verified GUID (e8f5735790cf4f62671dfdce3a1e973b) of player #1 Bolter
﻿01:22:42 : Player #1 Bolter - Legacy GUID: 8db1f0e0d6922af8f4e536d5ef737a4d
﻿03:05:41 : Player #2 Shay (216.218.66.132:49072) connected
﻿03:05:42 : Player #2 Shay - GUID: 5722316e6e6420feb13904d387de0887 (unverified)
﻿03:05:43 : Verified GUID (5722316e6e6420feb13904d387de0887) of player #2 Shay
﻿03:05:43 : Player #2 Shay - Legacy GUID: a64fa2fc1789a8a63eedf52bac6e815b
﻿03:05:51 : Player #2 Shay disconnected
﻿03:21:58 : Player #1 Bolter disconnected
﻿03:47:39 : Player #0 Tiadashi disconnected
﻿05:30:00 : RCon admin #0: (Global) This server will restart in 30 minutes
﻿05:45:00 : RCon admin #0: (Global) This server will restart in 15 minutes
﻿05:55:00 : RCon admin #0: (Global) This server will restart in 5 minute, log out now to prevent item loss!
﻿05:59:00 : RCon admin #0: (Global) This server will restart in 1 minute, Log out now!
﻿06:02:01 : Rcon client logging in
﻿06:02:01 : RCon admin #0 (127.0.0.1:63644) logged in
﻿06:08:02 : RCon admin #0: (Global) CRFT Survival Servers
﻿06:08:02 : RCon admin #0: (Global) Epoch Napf Veteran 
﻿11:30:00 : RCon admin #0: (Global) This server will restart in 30 minutes
﻿11:45:00 : RCon admin #0: (Global) This server will restart in 15 minutes
﻿11:55:00 : RCon admin #0: (Global) This server will restart in 5 minute, log out now to prevent item loss!
﻿11:59:00 : RCon admin #0: (Global) This server will restart in 1 minute, Log out now!
﻿12:02:11 : Rcon client logging in
﻿12:02:11 : RCon admin #0 (127.0.0.1:55793) logged in
﻿12:08:11 : RCon admin #0: (Global) CRFT Survival Servers
﻿12:08:11 : RCon admin #0: (Global) Epoch Napf Veteran 
﻿17:29:45 : Player #0 Tiadashi (47.142.195.93:2304) connected
﻿17:29:47 : Player #0 Tiadashi - GUID: ba7597fbd587ece9e807face23916950 (unverified)
﻿17:29:47 : Verified GUID (ba7597fbd587ece9e807face23916950) of player #0 Tiadashi
﻿17:29:48 : Player #0 Tiadashi - Legacy GUID: 8b4506e86dff8826a189c6a07436a687
﻿17:30:00 : RCon admin #0: (Global) This server will restart in 30 minutes
﻿17:34:01 : Could not connect to BE Master
﻿17:34:01 : Update attempt failed
﻿17:45:00 : RCon admin #0: (Global) This server will restart in 15 minutes
﻿17:55:00 : RCon admin #0: (Global) This server will restart in 5 minute, log out now to prevent item loss!
﻿17:59:00 : RCon admin #0: (Global) This server will restart in 1 minute, Log out now!
﻿18:02:11 : Rcon client logging in
﻿18:02:11 : RCon admin #0 (127.0.0.1:58480) logged in
﻿18:03:49 : Player #0 Tiadashi (47.142.195.93:2304) connected
﻿18:03:50 : Player #0 Tiadashi - GUID: ba7597fbd587ece9e807face23916950 (unverified)
﻿18:03:51 : Verified GUID (ba7597fbd587ece9e807face23916950) of player #0 Tiadashi
﻿18:03:51 : Player #0 Tiadashi - Legacy GUID: 8b4506e86dff8826a189c6a07436a687
﻿18:08:11 : RCon admin #0: (Global) CRFT Survival Servers
﻿18:08:11 : RCon admin #0: (Global) Epoch Napf Veteran 
﻿18:49:14 : Player #1 Shocker329 (208.189.119.246:2304) connected
﻿18:49:15 : Player #1 Shocker329 - GUID: c4f7d3eb1aa860b4968570bc70090c5e (unverified)
﻿18:49:15 : Verified GUID (c4f7d3eb1aa860b4968570bc70090c5e) of player #1 Shocker329
﻿18:49:16 : Player #1 Shocker329 - Legacy GUID: 27e5cb8a91b61513c871e7d5244e7abe
﻿20:30:25 : Player #2 drlnm (68.204.251.195:2304) connected
﻿20:30:26 : Player #2 drlnm - GUID: d536e66a712db7161bc20fb9e7ed16e2 (unverified)
﻿20:30:26 : Verified GUID (d536e66a712db7161bc20fb9e7ed16e2) of player #2 drlnm
﻿20:30:27 : Player #2 drlnm disconnected
﻿20:47:57 : Player #1 Shocker329 disconnected
﻿21:35:48 : Player #0 Tiadashi disconnected
﻿23:01:12 : Player #0 Tiadashi (47.142.195.93:2304) connected
﻿23:01:13 : Player #0 Tiadashi - GUID: ba7597fbd587ece9e807face23916950 (unverified)
﻿23:01:13 : Verified GUID (ba7597fbd587ece9e807face23916950) of player #0 Tiadashi
﻿23:01:14 : Player #0 Tiadashi - Legacy GUID: 8b4506e86dff8826a189c6a07436a687
﻿23:27:41 : Player #0 Tiadashi disconnected
﻿23:30:00 : RCon admin #0: (Global) This server will restart in 30 minutes
﻿23:45:00 : RCon admin #0: (Global) This server will restart in 15 minutes
﻿23:55:00 : RCon admin #0: (Global) This server will restart in 5 minute, log out now to prevent item loss!
﻿23:59:00 : RCon admin #0: (Global) This server will restart in 1 minute, Log out now!
