00:02:12 : Rcon client logging in
﻿00:02:12 : RCon admin #0 (127.0.0.1:63146) logged in
﻿00:08:12 : RCon admin #0: (Global) CRFT Survival Servers
﻿00:08:12 : RCon admin #0: (Global) Epoch Napf Veteran 
﻿00:36:39 : Player #0 Bolter (24.254.82.124:2304) connected
﻿00:36:40 : Player #0 Bolter - GUID: e8f5735790cf4f62671dfdce3a1e973b (unverified)
﻿00:36:41 : Verified GUID (e8f5735790cf4f62671dfdce3a1e973b) of player #0 Bolter
﻿00:36:41 : Player #0 Bolter - Legacy GUID: 8db1f0e0d6922af8f4e536d5ef737a4d
﻿00:48:29 : Player #1 Tiadashi (47.142.195.93:2304) connected
﻿00:48:30 : Player #1 Tiadashi - GUID: ba7597fbd587ece9e807face23916950 (unverified)
﻿00:48:31 : Verified GUID (ba7597fbd587ece9e807face23916950) of player #1 Tiadashi
﻿00:48:31 : Player #1 Tiadashi - Legacy GUID: 8b4506e86dff8826a189c6a07436a687
﻿02:53:28 : Failed to receive from BE Master (2)
﻿02:53:28 : Update attempt failed
﻿02:55:23 : Failed to receive from BE Master (2)
﻿02:55:23 : Update attempt failed
﻿02:57:19 : Failed to receive from BE Master (2)
﻿02:57:19 : Update attempt failed
﻿02:59:14 : Failed to receive from BE Master (2)
﻿02:59:14 : Update attempt failed
﻿03:01:09 : Failed to receive from BE Master (2)
﻿03:01:09 : Update attempt failed
﻿03:03:04 : Failed to receive from BE Master (2)
﻿03:03:04 : Update attempt failed
﻿03:04:59 : Failed to receive from BE Master (2)
﻿03:04:59 : Update attempt failed
﻿03:06:54 : Failed to receive from BE Master (2)
﻿03:06:54 : Update attempt failed
﻿03:08:49 : Failed to receive from BE Master (2)
﻿03:08:49 : Update attempt failed
﻿03:10:44 : Failed to receive from BE Master (2)
﻿03:10:45 : Update attempt failed
﻿03:12:40 : Failed to receive from BE Master (2)
﻿03:12:40 : Update attempt failed
﻿03:14:35 : Failed to receive from BE Master (2)
﻿03:14:35 : Update attempt failed
﻿03:16:30 : Failed to receive from BE Master (2)
﻿03:16:30 : Update attempt failed
﻿03:18:25 : Failed to receive from BE Master (2)
﻿03:18:25 : Update attempt failed
﻿03:20:20 : Failed to receive from BE Master (2)
﻿03:20:20 : Update attempt failed
﻿03:22:15 : Failed to receive from BE Master (2)
﻿03:22:15 : Update attempt failed
﻿03:24:10 : Failed to receive from BE Master (2)
﻿03:24:10 : Update attempt failed
﻿03:26:06 : Failed to receive from BE Master (2)
﻿03:26:06 : Update attempt failed
﻿03:28:01 : Failed to receive from BE Master (2)
﻿03:28:01 : Update attempt failed
﻿03:29:56 : Failed to receive from BE Master (2)
﻿03:29:56 : Update attempt failed
﻿03:31:51 : Failed to receive from BE Master (2)
﻿03:31:51 : Update attempt failed
﻿03:33:46 : Failed to receive from BE Master (2)
﻿03:33:46 : Update attempt failed
﻿03:35:41 : Failed to receive from BE Master (2)
﻿03:35:41 : Update attempt failed
﻿03:37:36 : Failed to receive from BE Master (2)
﻿03:37:36 : Update attempt failed
﻿03:39:32 : Failed to receive from BE Master (2)
﻿03:39:32 : Update attempt failed
﻿03:41:27 : Failed to receive from BE Master (2)
﻿03:41:27 : Update attempt failed
﻿03:43:22 : Failed to receive from BE Master (2)
﻿03:43:22 : Update attempt failed
﻿03:45:17 : Failed to receive from BE Master (2)
﻿03:45:17 : Update attempt failed
﻿03:46:04 : Player #0 Bolter disconnected
﻿03:47:12 : Failed to receive from BE Master (2)
﻿03:47:12 : Update attempt failed
﻿03:48:43 : Player #1 Tiadashi disconnected
﻿05:30:00 : RCon admin #0: (Global) This server will restart in 30 minutes
﻿05:45:00 : RCon admin #0: (Global) This server will restart in 15 minutes
﻿05:55:00 : RCon admin #0: (Global) This server will restart in 5 minute, log out now to prevent item loss!
﻿05:59:00 : RCon admin #0: (Global) This server will restart in 1 minute, Log out now!
﻿06:02:02 : Rcon client logging in
﻿06:02:02 : RCon admin #0 (127.0.0.1:53632) logged in
﻿06:08:02 : RCon admin #0: (Global) CRFT Survival Servers
﻿06:08:02 : RCon admin #0: (Global) Epoch Napf Veteran 
﻿11:30:00 : RCon admin #0: (Global) This server will restart in 30 minutes
﻿11:45:00 : RCon admin #0: (Global) This server will restart in 15 minutes
﻿11:55:00 : RCon admin #0: (Global) This server will restart in 5 minute, log out now to prevent item loss!
﻿11:59:00 : RCon admin #0: (Global) This server will restart in 1 minute, Log out now!
﻿12:02:11 : Rcon client logging in
﻿12:02:11 : RCon admin #0 (127.0.0.1:61480) logged in
﻿12:08:11 : RCon admin #0: (Global) CRFT Survival Servers
﻿12:08:11 : RCon admin #0: (Global) Epoch Napf Veteran 
﻿13:00:41 : Player #0 Bolter (24.254.82.124:2304) connected
﻿13:00:41 : Failed to receive from BE Master (2)
﻿13:00:41 : Update attempt failed
﻿13:00:43 : Player #0 Bolter - GUID: e8f5735790cf4f62671dfdce3a1e973b (unverified)
﻿13:00:43 : Verified GUID (e8f5735790cf4f62671dfdce3a1e973b) of player #0 Bolter
﻿13:00:44 : Player #0 Bolter - Legacy GUID: 8db1f0e0d6922af8f4e536d5ef737a4d
﻿13:02:36 : Failed to receive from BE Master (2)
﻿13:02:36 : Update attempt failed
﻿13:04:31 : Failed to receive from BE Master (2)
﻿13:04:31 : Update attempt failed
﻿13:06:26 : Failed to receive from BE Master (2)
﻿13:06:26 : Update attempt failed
﻿13:08:21 : Failed to receive from BE Master (2)
﻿13:08:21 : Update attempt failed
﻿13:10:16 : Failed to receive from BE Master (2)
﻿13:10:16 : Update attempt failed
﻿13:12:12 : Failed to receive from BE Master (2)
﻿13:12:12 : Update attempt failed
﻿13:14:07 : Failed to receive from BE Master (2)
﻿13:14:07 : Update attempt failed
﻿13:16:02 : Failed to receive from BE Master (2)
﻿13:16:02 : Update attempt failed
﻿13:17:57 : Failed to receive from BE Master (2)
﻿13:17:57 : Update attempt failed
﻿13:19:52 : Failed to receive from BE Master (2)
﻿13:19:52 : Update attempt failed
﻿13:21:47 : Failed to receive from BE Master (2)
﻿13:21:47 : Update attempt failed
﻿13:23:42 : Failed to receive from BE Master (2)
﻿13:23:42 : Update attempt failed
﻿13:25:38 : Failed to receive from BE Master (2)
﻿13:25:38 : Update attempt failed
﻿13:27:33 : Failed to receive from BE Master (2)
﻿13:27:33 : Update attempt failed
﻿13:29:28 : Failed to receive from BE Master (2)
﻿13:29:28 : Update attempt failed
﻿13:31:23 : Failed to receive from BE Master (2)
﻿13:31:23 : Update attempt failed
﻿13:33:18 : Failed to receive from BE Master (2)
﻿13:33:18 : Update attempt failed
﻿13:35:13 : Failed to receive from BE Master (2)
﻿13:35:13 : Update attempt failed
﻿13:37:08 : Failed to receive from BE Master (2)
﻿13:37:08 : Update attempt failed
﻿13:39:03 : Failed to receive from BE Master (2)
﻿13:39:03 : Update attempt failed
﻿13:40:59 : Failed to receive from BE Master (2)
﻿13:40:59 : Update attempt failed
﻿13:42:54 : Failed to receive from BE Master (2)
﻿13:42:54 : Update attempt failed
﻿13:44:49 : Failed to receive from BE Master (2)
﻿13:44:49 : Update attempt failed
﻿13:46:44 : Failed to receive from BE Master (2)
﻿13:46:44 : Update attempt failed
﻿13:48:39 : Failed to receive from BE Master (2)
﻿13:48:39 : Update attempt failed
﻿13:50:34 : Failed to receive from BE Master (2)
﻿13:50:34 : Update attempt failed
﻿13:52:29 : Failed to receive from BE Master (2)
﻿13:52:29 : Update attempt failed
﻿13:54:24 : Failed to receive from BE Master (2)
﻿13:54:24 : Update attempt failed
﻿13:56:20 : Failed to receive from BE Master (2)
﻿13:56:20 : Update attempt failed
﻿13:58:15 : Failed to receive from BE Master (2)
﻿13:58:15 : Update attempt failed
﻿14:00:10 : Failed to receive from BE Master (2)
﻿14:00:10 : Update attempt failed
﻿14:02:05 : Failed to receive from BE Master (2)
﻿14:02:05 : Update attempt failed
﻿14:04:00 : Failed to receive from BE Master (2)
﻿14:04:00 : Update attempt failed
﻿14:05:55 : Failed to receive from BE Master (2)
﻿14:05:55 : Update attempt failed
﻿14:07:50 : Failed to receive from BE Master (2)
﻿14:07:50 : Update attempt failed
﻿14:09:45 : Failed to receive from BE Master (2)
﻿14:09:45 : Update attempt failed
﻿14:11:41 : Failed to receive from BE Master (2)
﻿14:11:41 : Update attempt failed
﻿14:13:36 : Failed to receive from BE Master (2)
﻿14:13:36 : Update attempt failed
﻿14:15:31 : Failed to receive from BE Master (2)
﻿14:15:31 : Update attempt failed
﻿14:17:26 : Failed to receive from BE Master (2)
﻿14:17:26 : Update attempt failed
﻿14:19:21 : Failed to receive from BE Master (2)
﻿14:19:21 : Update attempt failed
﻿14:21:16 : Failed to receive from BE Master (2)
﻿14:21:16 : Update attempt failed
﻿14:23:11 : Failed to receive from BE Master (2)
﻿14:23:11 : Update attempt failed
﻿14:25:06 : Failed to receive from BE Master (2)
﻿14:25:07 : Update attempt failed
﻿14:27:02 : Failed to receive from BE Master (2)
﻿14:27:02 : Update attempt failed
﻿14:28:57 : Failed to receive from BE Master (2)
﻿14:28:57 : Update attempt failed
﻿14:30:52 : Failed to receive from BE Master (2)
﻿14:30:52 : Update attempt failed
﻿14:32:47 : Failed to receive from BE Master (2)
﻿14:32:47 : Update attempt failed
﻿14:34:42 : Failed to receive from BE Master (2)
﻿14:34:42 : Update attempt failed
﻿14:36:37 : Failed to receive from BE Master (2)
﻿14:36:37 : Update attempt failed
﻿14:38:32 : Failed to receive from BE Master (2)
﻿14:38:32 : Update attempt failed
﻿14:40:28 : Failed to receive from BE Master (2)
﻿14:40:28 : Update attempt failed
﻿14:42:23 : Failed to receive from BE Master (2)
﻿14:42:23 : Update attempt failed
﻿14:44:18 : Failed to receive from BE Master (2)
﻿14:44:18 : Update attempt failed
﻿14:46:13 : Failed to receive from BE Master (2)
﻿14:46:13 : Update attempt failed
﻿14:48:08 : Failed to receive from BE Master (2)
﻿14:48:08 : Update attempt failed
﻿14:50:03 : Failed to receive from BE Master (2)
﻿14:50:03 : Update attempt failed
﻿14:51:58 : Failed to receive from BE Master (2)
﻿14:51:58 : Update attempt failed
﻿14:53:53 : Failed to receive from BE Master (2)
﻿14:53:53 : Update attempt failed
﻿14:55:49 : Failed to receive from BE Master (2)
﻿14:55:49 : Update attempt failed
﻿14:57:44 : Failed to receive from BE Master (2)
﻿14:57:44 : Update attempt failed
﻿14:59:39 : Failed to receive from BE Master (2)
﻿14:59:39 : Update attempt failed
﻿15:01:34 : Failed to receive from BE Master (2)
﻿15:01:34 : Update attempt failed
﻿15:03:29 : Failed to receive from BE Master (2)
﻿15:03:29 : Update attempt failed
﻿15:05:24 : Failed to receive from BE Master (2)
﻿15:05:24 : Update attempt failed
﻿15:07:19 : Failed to receive from BE Master (2)
﻿15:07:19 : Update attempt failed
﻿15:09:14 : Failed to receive from BE Master (2)
﻿15:09:14 : Update attempt failed
﻿15:11:09 : Failed to receive from BE Master (2)
﻿15:11:10 : Update attempt failed
﻿15:13:05 : Failed to receive from BE Master (2)
﻿15:13:05 : Update attempt failed
﻿15:15:00 : Failed to receive from BE Master (2)
﻿15:15:00 : Update attempt failed
﻿15:16:55 : Failed to receive from BE Master (2)
﻿15:16:55 : Update attempt failed
﻿15:18:50 : Failed to receive from BE Master (2)
﻿15:18:50 : Update attempt failed
﻿15:20:45 : Failed to receive from BE Master (2)
﻿15:20:45 : Update attempt failed
﻿15:22:40 : Failed to receive from BE Master (2)
﻿15:22:40 : Update attempt failed
﻿15:24:35 : Failed to receive from BE Master (2)
﻿15:24:35 : Update attempt failed
﻿15:26:31 : Failed to receive from BE Master (2)
﻿15:26:31 : Update attempt failed
﻿15:28:26 : Failed to receive from BE Master (2)
﻿15:28:26 : Update attempt failed
﻿15:30:21 : Failed to receive from BE Master (2)
﻿15:30:21 : Update attempt failed
﻿15:32:16 : Failed to receive from BE Master (2)
﻿15:32:16 : Update attempt failed
﻿15:34:11 : Failed to receive from BE Master (2)
﻿15:34:11 : Update attempt failed
﻿15:36:06 : Failed to receive from BE Master (2)
﻿15:36:06 : Update attempt failed
﻿15:38:01 : Failed to receive from BE Master (2)
﻿15:38:01 : Update attempt failed
﻿15:39:56 : Failed to receive from BE Master (2)
﻿15:39:56 : Update attempt failed
﻿15:41:52 : Failed to receive from BE Master (2)
﻿15:41:52 : Update attempt failed
﻿15:43:47 : Failed to receive from BE Master (2)
﻿15:43:47 : Update attempt failed
﻿15:45:42 : Failed to receive from BE Master (2)
﻿15:45:42 : Update attempt failed
﻿15:47:37 : Failed to receive from BE Master (2)
﻿15:47:37 : Update attempt failed
﻿15:49:32 : Failed to receive from BE Master (2)
﻿15:49:32 : Update attempt failed
﻿15:51:27 : Failed to receive from BE Master (2)
﻿15:51:27 : Update attempt failed
﻿15:53:22 : Failed to receive from BE Master (2)
﻿15:53:22 : Update attempt failed
﻿15:55:17 : Failed to receive from BE Master (2)
﻿15:55:17 : Update attempt failed
﻿15:57:13 : Failed to receive from BE Master (2)
﻿15:57:13 : Update attempt failed
﻿15:59:08 : Failed to receive from BE Master (2)
﻿15:59:08 : Update attempt failed
﻿16:01:03 : Failed to receive from BE Master (2)
﻿16:01:03 : Update attempt failed
﻿16:02:58 : Failed to receive from BE Master (2)
﻿16:02:58 : Update attempt failed
﻿16:04:53 : Failed to receive from BE Master (2)
﻿16:04:53 : Update attempt failed
﻿16:06:48 : Failed to receive from BE Master (2)
﻿16:06:48 : Update attempt failed
﻿16:08:43 : Failed to receive from BE Master (2)
﻿16:08:43 : Update attempt failed
﻿16:10:38 : Failed to receive from BE Master (2)
﻿16:10:38 : Update attempt failed
﻿16:12:34 : Failed to receive from BE Master (2)
﻿16:12:34 : Update attempt failed
﻿16:14:29 : Failed to receive from BE Master (2)
﻿16:14:29 : Update attempt failed
﻿16:16:24 : Failed to receive from BE Master (2)
﻿16:16:24 : Update attempt failed
﻿16:18:19 : Failed to receive from BE Master (2)
﻿16:18:19 : Update attempt failed
﻿16:20:14 : Failed to receive from BE Master (2)
﻿16:20:14 : Update attempt failed
﻿16:22:09 : Failed to receive from BE Master (2)
﻿16:22:09 : Update attempt failed
﻿16:24:04 : Failed to receive from BE Master (2)
﻿16:24:04 : Update attempt failed
﻿16:25:59 : Failed to receive from BE Master (2)
﻿16:25:59 : Update attempt failed
﻿16:27:55 : Failed to receive from BE Master (2)
﻿16:27:55 : Update attempt failed
﻿16:29:50 : Failed to receive from BE Master (2)
﻿16:29:50 : Update attempt failed
﻿16:31:45 : Failed to receive from BE Master (2)
﻿16:31:45 : Update attempt failed
﻿16:33:40 : Failed to receive from BE Master (2)
﻿16:33:40 : Update attempt failed
﻿16:35:35 : Failed to receive from BE Master (2)
﻿16:35:35 : Update attempt failed
﻿16:37:30 : Failed to receive from BE Master (2)
﻿16:37:30 : Update attempt failed
﻿16:39:25 : Failed to receive from BE Master (2)
﻿16:39:25 : Update attempt failed
﻿16:41:20 : Failed to receive from BE Master (2)
﻿16:41:21 : Update attempt failed
﻿16:43:16 : Failed to receive from BE Master (2)
﻿16:43:16 : Update attempt failed
﻿16:45:11 : Failed to receive from BE Master (2)
﻿16:45:11 : Update attempt failed
﻿16:47:06 : Failed to receive from BE Master (2)
﻿16:47:06 : Update attempt failed
﻿16:49:01 : Failed to receive from BE Master (2)
﻿16:49:01 : Update attempt failed
﻿16:50:56 : Failed to receive from BE Master (2)
﻿16:50:56 : Update attempt failed
﻿16:52:51 : Failed to receive from BE Master (2)
﻿16:52:51 : Update attempt failed
﻿16:54:46 : Failed to receive from BE Master (2)
﻿16:54:46 : Update attempt failed
﻿16:56:41 : Failed to receive from BE Master (2)
﻿16:56:41 : Update attempt failed
﻿16:58:37 : Failed to receive from BE Master (2)
﻿16:58:37 : Update attempt failed
﻿17:00:32 : Failed to receive from BE Master (2)
﻿17:00:32 : Update attempt failed
﻿17:02:27 : Failed to receive from BE Master (2)
﻿17:02:27 : Update attempt failed
﻿17:04:22 : Failed to receive from BE Master (2)
﻿17:04:22 : Update attempt failed
﻿17:06:17 : Failed to receive from BE Master (2)
﻿17:06:17 : Update attempt failed
﻿17:08:12 : Failed to receive from BE Master (2)
﻿17:08:12 : Update attempt failed
﻿17:10:07 : Failed to receive from BE Master (2)
﻿17:10:07 : Update attempt failed
﻿17:12:02 : Failed to receive from BE Master (2)
﻿17:12:02 : Update attempt failed
﻿17:13:58 : Failed to receive from BE Master (2)
﻿17:13:58 : Update attempt failed
﻿17:15:53 : Failed to receive from BE Master (2)
﻿17:15:53 : Update attempt failed
﻿17:17:48 : Failed to receive from BE Master (2)
﻿17:17:48 : Update attempt failed
﻿17:19:43 : Failed to receive from BE Master (2)
﻿17:19:43 : Update attempt failed
﻿17:21:38 : Failed to receive from BE Master (2)
﻿17:21:38 : Update attempt failed
﻿17:23:33 : Failed to receive from BE Master (2)
﻿17:23:33 : Update attempt failed
﻿17:25:28 : Failed to receive from BE Master (2)
﻿17:25:28 : Update attempt failed
﻿17:27:24 : Failed to receive from BE Master (2)
﻿17:27:24 : Update attempt failed
﻿17:29:19 : Failed to receive from BE Master (2)
﻿17:29:19 : Update attempt failed
﻿17:30:00 : RCon admin #0: (Global) This server will restart in 30 minutes
﻿17:31:14 : Failed to receive from BE Master (2)
﻿17:31:14 : Update attempt failed
﻿17:33:09 : Failed to receive from BE Master (2)
﻿17:33:09 : Update attempt failed
﻿17:35:04 : Failed to receive from BE Master (2)
﻿17:35:04 : Update attempt failed
﻿17:36:59 : Failed to receive from BE Master (2)
﻿17:36:59 : Update attempt failed
﻿17:38:54 : Failed to receive from BE Master (2)
﻿17:38:54 : Update attempt failed
﻿17:40:49 : Failed to receive from BE Master (2)
﻿17:40:49 : Update attempt failed
﻿17:42:45 : Failed to receive from BE Master (2)
﻿17:42:45 : Update attempt failed
﻿17:44:40 : Failed to receive from BE Master (2)
﻿17:44:40 : Update attempt failed
﻿17:45:00 : RCon admin #0: (Global) This server will restart in 15 minutes
﻿17:46:35 : Failed to receive from BE Master (2)
﻿17:46:35 : Update attempt failed
﻿17:48:30 : Failed to receive from BE Master (2)
﻿17:48:30 : Update attempt failed
﻿17:50:25 : Failed to receive from BE Master (2)
﻿17:50:25 : Update attempt failed
﻿17:52:20 : Failed to receive from BE Master (2)
﻿17:52:20 : Update attempt failed
﻿17:54:15 : Failed to receive from BE Master (2)
﻿17:54:15 : Update attempt failed
﻿17:55:00 : RCon admin #0: (Global) This server will restart in 5 minute, log out now to prevent item loss!
﻿17:56:10 : Failed to receive from BE Master (2)
﻿17:56:10 : Update attempt failed
﻿17:57:29 : Player #0 Bolter disconnected
﻿17:59:00 : RCon admin #0: (Global) This server will restart in 1 minute, Log out now!
﻿18:02:12 : Rcon client logging in
﻿18:02:12 : RCon admin #0 (127.0.0.1:52557) logged in
﻿18:08:12 : RCon admin #0: (Global) CRFT Survival Servers
﻿18:08:12 : RCon admin #0: (Global) Epoch Napf Veteran 
﻿23:30:00 : RCon admin #0: (Global) This server will restart in 30 minutes
﻿23:45:00 : RCon admin #0: (Global) This server will restart in 15 minutes
﻿23:55:00 : RCon admin #0: (Global) This server will restart in 5 minute, log out now to prevent item loss!
﻿23:59:00 : RCon admin #0: (Global) This server will restart in 1 minute, Log out now!
