00:02:10 : Rcon client logging in
﻿00:02:11 : RCon admin #0 (127.0.0.1:58525) logged in
﻿00:08:11 : RCon admin #0: (Global) CRFT Survival Servers
﻿00:08:11 : RCon admin #0: (Global) Epoch Napf Veteran 
﻿03:18:21 : Player #0 Tiadashi (47.142.195.93:2304) connected
﻿03:18:23 : Player #0 Tiadashi - GUID: ba7597fbd587ece9e807face23916950 (unverified)
﻿03:18:23 : Verified GUID (ba7597fbd587ece9e807face23916950) of player #0 Tiadashi
﻿03:18:24 : Player #0 Tiadashi - Legacy GUID: 8b4506e86dff8826a189c6a07436a687
﻿03:20:11 : Player #1 Klin (5.141.192.73:3666) connected
﻿03:20:13 : Player #1 Klin - GUID: 8baf9530e6dc5471590d44df9880d8ce (unverified)
﻿03:20:13 : Verified GUID (8baf9530e6dc5471590d44df9880d8ce) of player #1 Klin
﻿03:20:15 : Player #1 Klin - Legacy GUID: 0ad421a582e5fbb2fc25ad04eadab015
﻿03:26:39 : RCon admin #0: (To Klin) Only use Ascii on chat. Warnings left:2
﻿03:27:44 : RCon admin #0: (To Klin) Only use Ascii on chat. Warnings left:1
﻿03:30:11 : Player #1 Klin disconnected
﻿04:57:55 : Player #0 Tiadashi disconnected
﻿05:30:00 : RCon admin #0: (Global) This server will restart in 30 minutes
﻿05:45:00 : RCon admin #0: (Global) This server will restart in 15 minutes
﻿05:55:00 : RCon admin #0: (Global) This server will restart in 5 minute, log out now to prevent item loss!
﻿05:59:00 : RCon admin #0: (Global) This server will restart in 1 minute, Log out now!
﻿06:02:00 : Rcon client logging in
﻿06:02:00 : RCon admin #0 (127.0.0.1:57853) logged in
﻿06:08:01 : RCon admin #0: (Global) CRFT Survival Servers
﻿06:08:01 : RCon admin #0: (Global) Epoch Napf Veteran 
﻿11:30:00 : RCon admin #0: (Global) This server will restart in 30 minutes
﻿11:45:00 : RCon admin #0: (Global) This server will restart in 15 minutes
﻿11:55:00 : RCon admin #0: (Global) This server will restart in 5 minute, log out now to prevent item loss!
﻿11:59:00 : RCon admin #0: (Global) This server will restart in 1 minute, Log out now!
﻿12:02:11 : Rcon client logging in
﻿12:02:11 : RCon admin #0 (127.0.0.1:57768) logged in
﻿12:08:11 : RCon admin #0: (Global) CRFT Survival Servers
﻿12:08:11 : RCon admin #0: (Global) Epoch Napf Veteran 
﻿16:41:07 : Player #0 ajsua (108.197.244.172:2304) connected
﻿16:41:13 : Player #0 ajsua disconnected
﻿17:30:00 : RCon admin #0: (Global) This server will restart in 30 minutes
﻿17:45:00 : RCon admin #0: (Global) This server will restart in 15 minutes
﻿17:55:00 : RCon admin #0: (Global) This server will restart in 5 minute, log out now to prevent item loss!
﻿17:59:00 : RCon admin #0: (Global) This server will restart in 1 minute, Log out now!
﻿18:02:11 : Rcon client logging in
﻿18:02:11 : RCon admin #0 (127.0.0.1:57342) logged in
﻿18:08:11 : RCon admin #0: (Global) CRFT Survival Servers
﻿18:08:11 : RCon admin #0: (Global) Epoch Napf Veteran 
﻿21:49:49 : Player #0 Nixon (76.122.96.254:2304) connected
﻿21:49:50 : Player #0 Nixon - GUID: b59fd491b229becaae709672ca76e3b3 (unverified)
﻿21:49:51 : Verified GUID (b59fd491b229becaae709672ca76e3b3) of player #0 Nixon
﻿21:49:54 : Player #0 Nixon disconnected
﻿23:30:00 : RCon admin #0: (Global) This server will restart in 30 minutes
﻿23:45:00 : RCon admin #0: (Global) This server will restart in 15 minutes
﻿23:55:00 : RCon admin #0: (Global) This server will restart in 5 minute, log out now to prevent item loss!
﻿23:59:00 : RCon admin #0: (Global) This server will restart in 1 minute, Log out now!
