00:02:11 : Rcon client logging in
﻿00:02:12 : RCon admin #0 (127.0.0.1:61775) logged in
﻿00:08:12 : RCon admin #0: (Global) CRFT Survival Servers
﻿00:08:12 : RCon admin #0: (Global) Epoch Napf Veteran 
﻿00:34:26 : Rcon client logging in
﻿00:34:26 : RCon admin #0 (127.0.0.1:56972) logged in
﻿00:40:26 : RCon admin #0: (Global) CRFT Survival Servers
﻿00:40:26 : RCon admin #0: (Global) Epoch Napf Veteran 
﻿05:30:00 : RCon admin #0: (Global) This server will restart in 30 minutes
﻿05:45:00 : RCon admin #0: (Global) This server will restart in 15 minutes
﻿05:55:00 : RCon admin #0: (Global) This server will restart in 5 minute, log out now to prevent item loss!
﻿05:59:00 : RCon admin #0: (Global) This server will restart in 1 minute, Log out now!
﻿06:02:00 : Rcon client logging in
﻿06:02:00 : RCon admin #0 (127.0.0.1:52858) logged in
﻿06:08:01 : RCon admin #0: (Global) CRFT Survival Servers
﻿06:08:01 : RCon admin #0: (Global) Epoch Napf Veteran 
﻿11:30:00 : RCon admin #0: (Global) This server will restart in 30 minutes
﻿11:45:00 : RCon admin #0: (Global) This server will restart in 15 minutes
﻿11:55:00 : RCon admin #0: (Global) This server will restart in 5 minute, log out now to prevent item loss!
﻿11:59:00 : RCon admin #0: (Global) This server will restart in 1 minute, Log out now!
﻿12:02:11 : Rcon client logging in
﻿12:02:11 : RCon admin #0 (127.0.0.1:61185) logged in
﻿12:08:11 : RCon admin #0: (Global) CRFT Survival Servers
﻿12:08:11 : RCon admin #0: (Global) Epoch Napf Veteran 
﻿17:30:00 : RCon admin #0: (Global) This server will restart in 30 minutes
﻿17:45:00 : RCon admin #0: (Global) This server will restart in 15 minutes
﻿17:55:00 : RCon admin #0: (Global) This server will restart in 5 minute, log out now to prevent item loss!
﻿17:59:00 : RCon admin #0: (Global) This server will restart in 1 minute, Log out now!
﻿18:02:11 : Rcon client logging in
﻿18:02:11 : RCon admin #0 (127.0.0.1:49182) logged in
﻿18:08:11 : RCon admin #0: (Global) CRFT Survival Servers
﻿18:08:11 : RCon admin #0: (Global) Epoch Napf Veteran 
﻿21:09:02 : Player #0 Bolter (24.254.82.124:2304) connected
﻿21:09:04 : Player #0 Bolter - GUID: e8f5735790cf4f62671dfdce3a1e973b (unverified)
﻿21:09:04 : Verified GUID (e8f5735790cf4f62671dfdce3a1e973b) of player #0 Bolter
﻿21:09:04 : Player #0 Bolter - Legacy GUID: 8db1f0e0d6922af8f4e536d5ef737a4d
﻿21:35:52 : Player #0 Bolter disconnected
﻿23:30:00 : RCon admin #0: (Global) This server will restart in 30 minutes
﻿23:45:00 : RCon admin #0: (Global) This server will restart in 15 minutes
﻿23:55:00 : RCon admin #0: (Global) This server will restart in 5 minute, log out now to prevent item loss!
﻿23:59:00 : RCon admin #0: (Global) This server will restart in 1 minute, Log out now!
