00:02:11 : Rcon client logging in
﻿00:02:11 : RCon admin #0 (127.0.0.1:49501) logged in
﻿00:08:11 : RCon admin #0: (Global) CRFT Survival Servers
﻿00:08:11 : RCon admin #0: (Global) Epoch Napf Veteran 
﻿00:36:29 : Player #0 Bolter (24.254.82.124:2304) connected
﻿00:36:31 : Player #0 Bolter - GUID: e8f5735790cf4f62671dfdce3a1e973b (unverified)
﻿00:36:31 : Verified GUID (e8f5735790cf4f62671dfdce3a1e973b) of player #0 Bolter
﻿00:36:33 : Player #0 Bolter - Legacy GUID: 8db1f0e0d6922af8f4e536d5ef737a4d
﻿00:53:50 : Player #1 Tiadashi (47.142.195.93:2304) connected
﻿00:53:52 : Player #1 Tiadashi - GUID: ba7597fbd587ece9e807face23916950 (unverified)
﻿00:53:52 : Verified GUID (ba7597fbd587ece9e807face23916950) of player #1 Tiadashi
﻿00:53:53 : Player #1 Tiadashi - Legacy GUID: 8b4506e86dff8826a189c6a07436a687
﻿02:38:14 : Player #0 Bolter disconnected
﻿03:27:04 : Could not connect to BE Master
﻿03:27:04 : Update attempt failed
﻿04:05:52 : Player #0 Nikolai (178.184.0.242:2304) connected
﻿04:05:53 : Player #0 Nikolai - GUID: 2e1568c8476f5433395ef4c2adff3a83 (unverified)
﻿04:05:53 : Verified GUID (2e1568c8476f5433395ef4c2adff3a83) of player #0 Nikolai
﻿04:05:54 : Player #0 Nikolai - Legacy GUID: 6fe1303e33d7ba3116a45456f24f3a4a
﻿04:06:34 : Player #1 Tiadashi disconnected
﻿04:07:30 : Player #0 Nikolai disconnected
﻿05:30:00 : RCon admin #0: (Global) This server will restart in 30 minutes
﻿05:45:00 : RCon admin #0: (Global) This server will restart in 15 minutes
﻿05:55:00 : RCon admin #0: (Global) This server will restart in 5 minute, log out now to prevent item loss!
﻿05:59:00 : RCon admin #0: (Global) This server will restart in 1 minute, Log out now!
﻿06:02:01 : Rcon client logging in
﻿06:02:01 : RCon admin #0 (127.0.0.1:62768) logged in
﻿06:08:01 : RCon admin #0: (Global) CRFT Survival Servers
﻿06:08:01 : RCon admin #0: (Global) Epoch Napf Veteran 
﻿09:56:54 : Rcon client logging in
﻿09:56:54 : RCon admin #0 (127.0.0.1:56941) logged in
﻿10:02:54 : RCon admin #0: (Global) CRFT Survival Servers
﻿10:02:54 : RCon admin #0: (Global) Epoch Napf Veteran 
﻿11:30:00 : RCon admin #0: (Global) This server will restart in 30 minutes
﻿11:45:00 : RCon admin #0: (Global) This server will restart in 15 minutes
﻿11:55:00 : RCon admin #0: (Global) This server will restart in 5 minute, log out now to prevent item loss!
﻿11:59:00 : RCon admin #0: (Global) This server will restart in 1 minute, Log out now!
﻿12:02:11 : Rcon client logging in
﻿12:02:11 : RCon admin #0 (127.0.0.1:64615) logged in
﻿12:08:11 : RCon admin #0: (Global) CRFT Survival Servers
﻿12:08:11 : RCon admin #0: (Global) Epoch Napf Veteran 
﻿17:09:19 : Player #0 Tiadashi (47.142.195.93:2304) connected
﻿17:09:21 : Player #0 Tiadashi - GUID: ba7597fbd587ece9e807face23916950 (unverified)
﻿17:09:21 : Verified GUID (ba7597fbd587ece9e807face23916950) of player #0 Tiadashi
﻿17:09:22 : Player #0 Tiadashi - Legacy GUID: 8b4506e86dff8826a189c6a07436a687
﻿17:30:00 : RCon admin #0: (Global) This server will restart in 30 minutes
﻿17:41:50 : Player #0 Tiadashi disconnected
﻿17:45:00 : RCon admin #0: (Global) This server will restart in 15 minutes
﻿17:55:00 : RCon admin #0: (Global) This server will restart in 5 minute, log out now to prevent item loss!
﻿17:59:00 : RCon admin #0: (Global) This server will restart in 1 minute, Log out now!
﻿18:02:11 : Rcon client logging in
﻿18:02:11 : RCon admin #0 (127.0.0.1:57707) logged in
﻿18:08:12 : RCon admin #0: (Global) CRFT Survival Servers
﻿18:08:12 : RCon admin #0: (Global) Epoch Napf Veteran 
﻿23:30:00 : RCon admin #0: (Global) This server will restart in 30 minutes
﻿23:45:00 : RCon admin #0: (Global) This server will restart in 15 minutes
﻿23:55:00 : RCon admin #0: (Global) This server will restart in 5 minute, log out now to prevent item loss!
﻿23:59:00 : RCon admin #0: (Global) This server will restart in 1 minute, Log out now!
