00:02:10 : Rcon client logging in
﻿00:02:10 : RCon admin #0 (127.0.0.1:64060) logged in
﻿00:08:10 : RCon admin #0: (Global) CRFT Survival Servers
﻿00:08:11 : RCon admin #0: (Global) Epoch Napf Veteran 
﻿01:22:46 : Player #0 Bolter (24.254.82.124:2304) connected
﻿01:22:48 : Player #0 Bolter - GUID: e8f5735790cf4f62671dfdce3a1e973b (unverified)
﻿01:22:48 : Verified GUID (e8f5735790cf4f62671dfdce3a1e973b) of player #0 Bolter
﻿01:22:50 : Player #0 Bolter - Legacy GUID: 8db1f0e0d6922af8f4e536d5ef737a4d
﻿01:29:55 : Player #1 Tiadashi (47.142.195.93:2304) connected
﻿01:29:57 : Player #1 Tiadashi - GUID: ba7597fbd587ece9e807face23916950 (unverified)
﻿01:29:57 : Verified GUID (ba7597fbd587ece9e807face23916950) of player #1 Tiadashi
﻿01:29:57 : Player #1 Tiadashi - Legacy GUID: 8b4506e86dff8826a189c6a07436a687
﻿01:37:01 : Could not connect to BE Master
﻿01:37:01 : Update attempt failed
﻿01:41:59 : Player #1 Tiadashi (ba7597fbd587ece9e807face23916950) has been kicked by BattlEye: Ping too high (1045)
﻿01:46:23 : Player #1 Tiadashi (68.6.88.166:2304) connected
﻿01:46:25 : Player #1 Tiadashi - GUID: ba7597fbd587ece9e807face23916950 (unverified)
﻿01:46:25 : Player #1 Tiadashi - Legacy GUID: 8b4506e86dff8826a189c6a07436a687
﻿01:46:26 : Verified GUID (ba7597fbd587ece9e807face23916950) of player #1 Tiadashi
﻿01:51:17 : Could not connect to BE Master
﻿01:51:17 : Update attempt failed
﻿02:05:36 : Could not connect to BE Master
﻿02:05:36 : Update attempt failed
﻿02:09:49 : Could not connect to BE Master
﻿02:09:49 : Update attempt failed
﻿02:27:58 : Player #1 Tiadashi disconnected
﻿02:28:21 : Player #2 Tiadashi (68.6.88.166:2304) connected
﻿02:28:22 : Player #2 Tiadashi - GUID: ba7597fbd587ece9e807face23916950 (unverified)
﻿02:28:23 : Verified GUID (ba7597fbd587ece9e807face23916950) of player #2 Tiadashi
﻿02:28:23 : Player #2 Tiadashi - Legacy GUID: 8b4506e86dff8826a189c6a07436a687
﻿02:33:33 : Could not connect to BE Master
﻿02:33:33 : Update attempt failed
﻿02:47:32 : Could not connect to BE Master
﻿02:47:32 : Update attempt failed
﻿02:55:39 : Could not connect to BE Master
﻿02:55:39 : Update attempt failed
﻿02:57:55 : Could not connect to BE Master
﻿02:57:55 : Update attempt failed
﻿03:14:03 : Could not connect to BE Master
﻿03:14:03 : Update attempt failed
﻿03:16:00 : Failed to receive from BE Master (2)
﻿03:16:00 : Update attempt failed
﻿03:20:08 : Failed to receive from BE Master (2)
﻿03:20:08 : Update attempt failed
﻿03:22:24 : Could not connect to BE Master
﻿03:22:24 : Update attempt failed
﻿03:24:40 : Could not connect to BE Master
﻿03:24:40 : Update attempt failed
﻿03:50:57 : Could not connect to BE Master
﻿03:50:57 : Update attempt failed
﻿03:53:13 : Could not connect to BE Master
﻿03:53:13 : Update attempt failed
﻿04:03:18 : Failed to receive from BE Master (2)
﻿04:03:18 : Update attempt failed
﻿04:17:40 : Could not connect to BE Master
﻿04:17:40 : Update attempt failed
﻿04:22:35 : Player #0 Bolter disconnected
﻿04:31:45 : Could not connect to BE Master
﻿04:31:45 : Update attempt failed
﻿04:40:51 : Player #2 Tiadashi disconnected
﻿05:30:00 : RCon admin #0: (Global) This server will restart in 30 minutes
﻿05:45:00 : RCon admin #0: (Global) This server will restart in 15 minutes
﻿05:55:00 : RCon admin #0: (Global) This server will restart in 5 minute, log out now to prevent item loss!
﻿05:59:00 : RCon admin #0: (Global) This server will restart in 1 minute, Log out now!
﻿06:02:01 : Rcon client logging in
﻿06:02:01 : RCon admin #0 (127.0.0.1:57934) logged in
﻿06:08:01 : RCon admin #0: (Global) CRFT Survival Servers
﻿06:08:01 : RCon admin #0: (Global) Epoch Napf Veteran 
﻿08:06:11 : Player #0 Vitor (177.148.255.233:2304) connected
﻿08:06:13 : Player #0 Vitor - GUID: 2611212f7525895e2f4acf6020296280 (unverified)
﻿08:06:13 : Verified GUID (2611212f7525895e2f4acf6020296280) of player #0 Vitor
﻿08:06:14 : Player #0 Vitor - Legacy GUID: 636d2fae30ab943f27d8974796f0618f
﻿08:14:48 : Player #0 Vitor (2611212f7525895e2f4acf6020296280) has been kicked by BattlEye: Ping too high (1638)
﻿11:30:00 : RCon admin #0: (Global) This server will restart in 30 minutes
﻿11:36:46 : Player #0 Ares (68.50.122.87:2304) connected
﻿11:36:46 : Failed to receive from BE Master (2)
﻿11:36:46 : Update attempt failed
﻿11:36:47 : Player #0 Ares - GUID: c5ac1d636470fbc614c2f75800b43218 (unverified)
﻿11:36:47 : Verified GUID (c5ac1d636470fbc614c2f75800b43218) of player #0 Ares
﻿11:36:47 : Player #0 Ares disconnected
﻿11:45:00 : RCon admin #0: (Global) This server will restart in 15 minutes
﻿11:55:00 : RCon admin #0: (Global) This server will restart in 5 minute, log out now to prevent item loss!
﻿11:59:00 : RCon admin #0: (Global) This server will restart in 1 minute, Log out now!
﻿12:02:11 : Rcon client logging in
﻿12:02:11 : RCon admin #0 (127.0.0.1:55574) logged in
﻿12:08:11 : RCon admin #0: (Global) CRFT Survival Servers
﻿12:08:11 : RCon admin #0: (Global) Epoch Napf Veteran 
﻿16:10:35 : Player #0 H0RN3T (177.139.35.27:2304) connected
﻿16:10:35 : Failed to receive from BE Master (2)
﻿16:10:35 : Update attempt failed
﻿16:10:36 : Player #0 H0RN3T - GUID: 6d3103e6b4b5ba36709616a17d5779ec (unverified)
﻿16:10:36 : Verified GUID (6d3103e6b4b5ba36709616a17d5779ec) of player #0 H0RN3T
﻿16:10:37 : Player #0 H0RN3T - Legacy GUID: 02a576ce4bca851f104ef6ba5c188187
﻿16:10:40 : Player #0 H0RN3T disconnected
﻿17:30:00 : RCon admin #0: (Global) This server will restart in 30 minutes
﻿17:45:00 : RCon admin #0: (Global) This server will restart in 15 minutes
﻿17:55:00 : RCon admin #0: (Global) This server will restart in 5 minute, log out now to prevent item loss!
﻿17:59:00 : RCon admin #0: (Global) This server will restart in 1 minute, Log out now!
﻿18:02:11 : Rcon client logging in
﻿18:02:11 : RCon admin #0 (127.0.0.1:49726) logged in
﻿18:08:11 : RCon admin #0: (Global) CRFT Survival Servers
﻿18:08:11 : RCon admin #0: (Global) Epoch Napf Veteran 
﻿18:25:22 : Player #0 Bolter (24.254.82.124:2304) connected
﻿18:25:24 : Player #0 Bolter - GUID: e8f5735790cf4f62671dfdce3a1e973b (unverified)
﻿18:25:24 : Verified GUID (e8f5735790cf4f62671dfdce3a1e973b) of player #0 Bolter
﻿18:25:26 : Player #0 Bolter - Legacy GUID: 8db1f0e0d6922af8f4e536d5ef737a4d
﻿18:28:01 : Player #1 Tiadashi (68.6.88.166:2304) connected
﻿18:28:03 : Player #1 Tiadashi - GUID: ba7597fbd587ece9e807face23916950 (unverified)
﻿18:28:03 : Verified GUID (ba7597fbd587ece9e807face23916950) of player #1 Tiadashi
﻿18:28:03 : Player #1 Tiadashi - Legacy GUID: 8b4506e86dff8826a189c6a07436a687
﻿19:16:05 : Player #1 Tiadashi disconnected
﻿19:18:46 : Player #1 Tiadashi (47.142.195.93:2304) connected
﻿19:18:48 : Player #1 Tiadashi - GUID: ba7597fbd587ece9e807face23916950 (unverified)
﻿19:18:48 : Verified GUID (ba7597fbd587ece9e807face23916950) of player #1 Tiadashi
﻿19:18:48 : Player #1 Tiadashi - Legacy GUID: 8b4506e86dff8826a189c6a07436a687
﻿19:56:27 : Player #0 Bolter disconnected
﻿21:21:44 : Player #1 Tiadashi disconnected
﻿23:30:00 : RCon admin #0: (Global) This server will restart in 30 minutes
﻿23:45:00 : RCon admin #0: (Global) This server will restart in 15 minutes
﻿23:55:21 : RCon admin #0: (Global) This server will restart in 5 minute, log out now to prevent item loss!
﻿23:59:00 : RCon admin #0: (Global) This server will restart in 1 minute, Log out now!
