00:02:10 : Rcon client logging in
﻿00:02:10 : RCon admin #0 (127.0.0.1:56653) logged in
﻿00:08:10 : RCon admin #0: (Global) CRFT Survival Servers
﻿00:08:10 : RCon admin #0: (Global) Epoch Napf Veteran 
﻿00:28:16 : Player #0 Bolter (24.254.82.124:2304) connected
﻿00:28:17 : Player #0 Bolter - GUID: e8f5735790cf4f62671dfdce3a1e973b (unverified)
﻿00:28:18 : Verified GUID (e8f5735790cf4f62671dfdce3a1e973b) of player #0 Bolter
﻿00:28:18 : Player #0 Bolter - Legacy GUID: 8db1f0e0d6922af8f4e536d5ef737a4d
﻿00:55:02 : Player #0 Bolter disconnected
﻿05:30:00 : RCon admin #0: (Global) This server will restart in 30 minutes
﻿05:45:00 : RCon admin #0: (Global) This server will restart in 15 minutes
﻿05:55:00 : RCon admin #0: (Global) This server will restart in 5 minute, log out now to prevent item loss!
﻿05:59:00 : RCon admin #0: (Global) This server will restart in 1 minute, Log out now!
﻿06:02:01 : Rcon client logging in
﻿06:02:01 : RCon admin #0 (127.0.0.1:59037) logged in
﻿06:08:01 : RCon admin #0: (Global) CRFT Survival Servers
﻿06:08:01 : RCon admin #0: (Global) Epoch Napf Veteran 
﻿11:30:00 : RCon admin #0: (Global) This server will restart in 30 minutes
﻿11:45:00 : RCon admin #0: (Global) This server will restart in 15 minutes
﻿11:55:00 : RCon admin #0: (Global) This server will restart in 5 minute, log out now to prevent item loss!
﻿11:59:00 : RCon admin #0: (Global) This server will restart in 1 minute, Log out now!
﻿12:02:10 : Rcon client logging in
﻿12:02:10 : RCon admin #0 (127.0.0.1:56768) logged in
﻿12:08:10 : RCon admin #0: (Global) CRFT Survival Servers
﻿12:08:10 : RCon admin #0: (Global) Epoch Napf Veteran 
﻿16:17:53 : Player #0 Bolter (24.254.82.124:2304) connected
﻿16:17:55 : Player #0 Bolter - GUID: e8f5735790cf4f62671dfdce3a1e973b (unverified)
﻿16:17:56 : Verified GUID (e8f5735790cf4f62671dfdce3a1e973b) of player #0 Bolter
﻿16:17:57 : Player #0 Bolter - Legacy GUID: 8db1f0e0d6922af8f4e536d5ef737a4d
﻿16:41:03 : Player #1 Tiadashi (47.142.195.93:2304) connected
﻿16:41:05 : Player #1 Tiadashi - GUID: ba7597fbd587ece9e807face23916950 (unverified)
﻿16:41:05 : Player #1 Tiadashi - Legacy GUID: 8b4506e86dff8826a189c6a07436a687
﻿16:41:05 : Verified GUID (ba7597fbd587ece9e807face23916950) of player #1 Tiadashi
﻿17:16:02 : Player #1 Tiadashi disconnected
﻿17:17:01 : Player #1 Tiadashi (47.142.195.93:2304) connected
﻿17:17:03 : Player #1 Tiadashi - GUID: ba7597fbd587ece9e807face23916950 (unverified)
﻿17:17:03 : Verified GUID (ba7597fbd587ece9e807face23916950) of player #1 Tiadashi
﻿17:17:03 : Player #1 Tiadashi - Legacy GUID: 8b4506e86dff8826a189c6a07436a687
﻿17:28:51 : Could not connect to BE Master
﻿17:28:51 : Update attempt failed
﻿17:30:00 : RCon admin #0: (Global) This server will restart in 30 minutes
﻿17:35:01 : Could not connect to BE Master
﻿17:35:01 : Update attempt failed
﻿17:45:00 : RCon admin #0: (Global) This server will restart in 15 minutes
﻿17:54:34 : Player #0 Bolter disconnected
﻿17:54:41 : Player #1 Tiadashi disconnected
﻿17:55:00 : RCon admin #0: (Global) This server will restart in 5 minute, log out now to prevent item loss!
﻿17:59:00 : RCon admin #0: (Global) This server will restart in 1 minute, Log out now!
﻿18:02:11 : Rcon client logging in
﻿18:02:11 : RCon admin #0 (127.0.0.1:60820) logged in
﻿18:08:11 : RCon admin #0: (Global) CRFT Survival Servers
﻿18:08:11 : RCon admin #0: (Global) Epoch Napf Veteran 
﻿18:23:08 : Player #0 Tiadashi disconnected
﻿22:24:51 : Rcon client logging in
﻿22:24:51 : RCon admin #0 (127.0.0.1:49474) logged in
﻿22:27:36 : Player #0 Casey (71.68.184.114:2304) connected
﻿22:27:38 : Player #0 Casey - GUID: af56b9358cc720f5766fdfbd454aae76 (unverified)
﻿22:27:38 : Verified GUID (af56b9358cc720f5766fdfbd454aae76) of player #0 Casey
﻿22:27:38 : Player #0 Casey - Legacy GUID: 72aa2c0a684dcc09239c9c93272391c8
﻿22:30:51 : RCon admin #0: (Global) CRFT Survival Servers
﻿22:30:51 : RCon admin #0: (Global) Epoch Napf Veteran 
﻿22:32:05 : Player #1 Tiadashi (47.142.195.93:2304) connected
﻿22:32:07 : Player #1 Tiadashi - GUID: ba7597fbd587ece9e807face23916950 (unverified)
﻿22:32:07 : Verified GUID (ba7597fbd587ece9e807face23916950) of player #1 Tiadashi
﻿22:32:08 : Player #1 Tiadashi - Legacy GUID: 8b4506e86dff8826a189c6a07436a687
﻿22:44:05 : Player #0 Casey disconnected
﻿23:04:16 : Player #1 Tiadashi disconnected
﻿23:30:00 : RCon admin #0: (Global) This server will restart in 30 minutes
﻿23:45:00 : RCon admin #0: (Global) This server will restart in 15 minutes
﻿23:55:00 : RCon admin #0: (Global) This server will restart in 5 minute, log out now to prevent item loss!
﻿23:59:00 : RCon admin #0: (Global) This server will restart in 1 minute, Log out now!
