00:02:06 : Rcon client logging in
﻿00:02:06 : RCon admin #0 (127.0.0.1:51608) logged in
﻿00:08:06 : RCon admin #0: (Global) CRFT Survival Servers
﻿00:08:06 : RCon admin #0: (Global) Epoch Napf Veteran 
﻿00:55:25 : Player #0 Casey (71.68.184.114:2304) connected
﻿00:55:27 : Player #0 Casey - GUID: af56b9358cc720f5766fdfbd454aae76 (unverified)
﻿00:55:27 : Verified GUID (af56b9358cc720f5766fdfbd454aae76) of player #0 Casey
﻿00:55:27 : Player #0 Casey - Legacy GUID: 72aa2c0a684dcc09239c9c93272391c8
﻿00:59:25 : Lost Connection!
﻿00:59:25 : Closing socket & exiting!
﻿01:15:58 : Rcon client logging in
﻿01:15:58 : RCon admin #0 (127.0.0.1:53641) logged in
﻿01:20:17 : Player #0 Bolter (24.254.82.124:2304) connected
﻿01:20:19 : Player #0 Bolter - GUID: e8f5735790cf4f62671dfdce3a1e973b (unverified)
﻿01:20:19 : Verified GUID (e8f5735790cf4f62671dfdce3a1e973b) of player #0 Bolter
﻿01:20:21 : Player #0 Bolter - Legacy GUID: 8db1f0e0d6922af8f4e536d5ef737a4d
﻿01:21:58 : RCon admin #0: (Global) CRFT Survival Servers
﻿01:21:58 : RCon admin #0: (Global) Epoch Napf Veteran 
﻿01:27:17 : Player #1 Tiadashi (47.142.195.93:2304) connected
﻿01:27:19 : Player #1 Tiadashi - GUID: ba7597fbd587ece9e807face23916950 (unverified)
﻿01:27:19 : Verified GUID (ba7597fbd587ece9e807face23916950) of player #1 Tiadashi
﻿01:27:20 : Player #1 Tiadashi - Legacy GUID: 8b4506e86dff8826a189c6a07436a687
﻿03:18:52 : Player #0 Bolter disconnected
﻿04:10:46 : Player #1 Tiadashi disconnected
﻿05:30:00 : RCon admin #0: (Global) This server will restart in 30 minutes
﻿05:45:00 : RCon admin #0: (Global) This server will restart in 15 minutes
﻿05:55:00 : RCon admin #0: (Global) This server will restart in 5 minute, log out now to prevent item loss!
﻿05:59:00 : RCon admin #0: (Global) This server will restart in 1 minute, Log out now!
﻿06:02:01 : Rcon client logging in
﻿06:02:01 : RCon admin #0 (127.0.0.1:60652) logged in
﻿06:08:02 : RCon admin #0: (Global) CRFT Survival Servers
﻿06:08:02 : RCon admin #0: (Global) Epoch Napf Veteran 
﻿11:30:00 : RCon admin #0: (Global) This server will restart in 30 minutes
﻿11:45:00 : RCon admin #0: (Global) This server will restart in 15 minutes
﻿11:55:00 : RCon admin #0: (Global) This server will restart in 5 minute, log out now to prevent item loss!
﻿11:59:00 : RCon admin #0: (Global) This server will restart in 1 minute, Log out now!
﻿12:02:11 : Rcon client logging in
﻿12:02:11 : RCon admin #0 (127.0.0.1:60326) logged in
﻿12:08:12 : RCon admin #0: (Global) CRFT Survival Servers
﻿12:08:12 : RCon admin #0: (Global) Epoch Napf Veteran 
﻿14:16:05 : Player #0 Bolter (24.254.82.124:2304) connected
﻿14:16:07 : Player #0 Bolter - GUID: e8f5735790cf4f62671dfdce3a1e973b (unverified)
﻿14:16:07 : Player #0 Bolter - Legacy GUID: 8db1f0e0d6922af8f4e536d5ef737a4d
﻿14:16:07 : Verified GUID (e8f5735790cf4f62671dfdce3a1e973b) of player #0 Bolter
﻿14:22:17 : Could not connect to BE Master
﻿14:22:17 : Update attempt failed
﻿14:30:24 : Could not connect to BE Master
﻿14:30:24 : Update attempt failed
﻿14:48:17 : Could not connect to BE Master
﻿14:48:17 : Update attempt failed
﻿16:09:59 : Player #0 Bolter disconnected
﻿17:30:00 : RCon admin #0: (Global) This server will restart in 30 minutes
﻿17:45:00 : RCon admin #0: (Global) This server will restart in 15 minutes
﻿17:55:00 : RCon admin #0: (Global) This server will restart in 5 minute, log out now to prevent item loss!
﻿17:59:00 : RCon admin #0: (Global) This server will restart in 1 minute, Log out now!
﻿18:02:11 : Rcon client logging in
﻿18:02:11 : RCon admin #0 (127.0.0.1:64517) logged in
﻿18:08:11 : RCon admin #0: (Global) CRFT Survival Servers
﻿18:08:11 : RCon admin #0: (Global) Epoch Napf Veteran 
﻿18:32:09 : Player #0 Bolter (24.254.82.124:2304) connected
﻿18:32:10 : Player #0 Bolter - GUID: e8f5735790cf4f62671dfdce3a1e973b (unverified)
﻿18:32:11 : Verified GUID (e8f5735790cf4f62671dfdce3a1e973b) of player #0 Bolter
﻿18:32:11 : Player #0 Bolter - Legacy GUID: 8db1f0e0d6922af8f4e536d5ef737a4d
﻿18:41:58 : Player #1 Tiadashi (47.142.195.93:2304) connected
﻿18:41:59 : Player #1 Tiadashi - GUID: ba7597fbd587ece9e807face23916950 (unverified)
﻿18:41:59 : Verified GUID (ba7597fbd587ece9e807face23916950) of player #1 Tiadashi
﻿18:42:00 : Player #1 Tiadashi - Legacy GUID: 8b4506e86dff8826a189c6a07436a687
﻿19:51:08 : Player #1 Tiadashi disconnected
﻿19:52:39 : Player #1 Tiadashi (47.142.195.93:2304) connected
﻿19:52:40 : Player #1 Tiadashi - GUID: ba7597fbd587ece9e807face23916950 (unverified)
﻿19:52:41 : Verified GUID (ba7597fbd587ece9e807face23916950) of player #1 Tiadashi
﻿19:52:41 : Player #1 Tiadashi - Legacy GUID: 8b4506e86dff8826a189c6a07436a687
﻿20:47:07 : Player #0 Bolter disconnected
﻿20:47:34 : Player #1 Tiadashi disconnected
﻿23:30:00 : RCon admin #0: (Global) This server will restart in 30 minutes
﻿23:45:00 : RCon admin #0: (Global) This server will restart in 15 minutes
﻿23:55:00 : RCon admin #0: (Global) This server will restart in 5 minute, log out now to prevent item loss!
﻿23:59:00 : RCon admin #0: (Global) This server will restart in 1 minute, Log out now!
