00:02:12 : Rcon client logging in
﻿00:02:12 : RCon admin #0 (127.0.0.1:63352) logged in
﻿00:06:20 : Player #0 Bolter (24.254.82.124:2304) connected
﻿00:06:21 : Player #0 Bolter - GUID: e8f5735790cf4f62671dfdce3a1e973b (unverified)
﻿00:06:21 : Verified GUID (e8f5735790cf4f62671dfdce3a1e973b) of player #0 Bolter
﻿00:06:22 : Player #0 Bolter - Legacy GUID: 8db1f0e0d6922af8f4e536d5ef737a4d
﻿00:08:20 : RCon admin #0: (Global) CRFT Survival Servers
﻿00:08:20 : RCon admin #0: (Global) Epoch Napf Veteran 
﻿00:16:55 : Player #1 Tiadashi (47.142.195.93:2304) connected
﻿00:16:56 : Player #1 Tiadashi - GUID: ba7597fbd587ece9e807face23916950 (unverified)
﻿00:16:57 : Verified GUID (ba7597fbd587ece9e807face23916950) of player #1 Tiadashi
﻿00:16:57 : Player #1 Tiadashi - Legacy GUID: 8b4506e86dff8826a189c6a07436a687
﻿00:54:38 : Player #0 Bolter disconnected
﻿01:26:48 : Player #0 Bolter (24.254.82.124:2304) connected
﻿01:26:49 : Player #0 Bolter - GUID: e8f5735790cf4f62671dfdce3a1e973b (unverified)
﻿01:26:50 : Verified GUID (e8f5735790cf4f62671dfdce3a1e973b) of player #0 Bolter
﻿01:26:50 : Player #0 Bolter - Legacy GUID: 8db1f0e0d6922af8f4e536d5ef737a4d
﻿02:07:48 : Player #1 Tiadashi disconnected
﻿02:09:25 : Player #1 Tiadashi (47.142.195.93:2304) connected
﻿02:09:26 : Player #1 Tiadashi - GUID: ba7597fbd587ece9e807face23916950 (unverified)
﻿02:09:26 : Verified GUID (ba7597fbd587ece9e807face23916950) of player #1 Tiadashi
﻿02:09:27 : Player #1 Tiadashi - Legacy GUID: 8b4506e86dff8826a189c6a07436a687
﻿03:09:58 : Player #0 Bolter disconnected
﻿03:10:30 : Player #1 Tiadashi disconnected
﻿05:30:00 : RCon admin #0: (Global) This server will restart in 30 minutes
﻿05:45:00 : RCon admin #0: (Global) This server will restart in 15 minutes
﻿05:55:00 : RCon admin #0: (Global) This server will restart in 5 minute, log out now to prevent item loss!
﻿05:59:00 : RCon admin #0: (Global) This server will restart in 1 minute, Log out now!
﻿06:02:01 : Rcon client logging in
﻿06:02:01 : RCon admin #0 (127.0.0.1:62204) logged in
﻿06:08:02 : RCon admin #0: (Global) CRFT Survival Servers
﻿06:08:02 : RCon admin #0: (Global) Epoch Napf Veteran 
﻿11:30:00 : RCon admin #0: (Global) This server will restart in 30 minutes
﻿11:45:00 : RCon admin #0: (Global) This server will restart in 15 minutes
﻿11:55:00 : RCon admin #0: (Global) This server will restart in 5 minute, log out now to prevent item loss!
﻿11:59:00 : RCon admin #0: (Global) This server will restart in 1 minute, Log out now!
﻿12:02:12 : Rcon client logging in
﻿12:02:12 : RCon admin #0 (127.0.0.1:55636) logged in
﻿12:08:12 : RCon admin #0: (Global) CRFT Survival Servers
﻿12:08:12 : RCon admin #0: (Global) Epoch Napf Veteran 
﻿17:30:00 : RCon admin #0: (Global) This server will restart in 30 minutes
﻿17:45:00 : RCon admin #0: (Global) This server will restart in 15 minutes
﻿17:55:00 : RCon admin #0: (Global) This server will restart in 5 minute, log out now to prevent item loss!
﻿17:59:00 : RCon admin #0: (Global) This server will restart in 1 minute, Log out now!
﻿18:02:12 : Rcon client logging in
﻿18:02:12 : RCon admin #0 (127.0.0.1:60953) logged in
﻿18:08:12 : RCon admin #0: (Global) CRFT Survival Servers
﻿18:08:12 : RCon admin #0: (Global) Epoch Napf Veteran 
﻿19:37:30 : Player #0 Bolter (24.254.82.124:2304) connected
﻿19:37:32 : Player #0 Bolter - Legacy GUID: 8db1f0e0d6922af8f4e536d5ef737a4d
﻿19:37:32 : Player #0 Bolter - GUID: e8f5735790cf4f62671dfdce3a1e973b (unverified)
﻿19:37:32 : Verified GUID (e8f5735790cf4f62671dfdce3a1e973b) of player #0 Bolter
﻿20:39:07 : Player #0 Bolter disconnected
﻿23:04:54 : Player #0 Bolter (24.254.82.124:2304) connected
﻿23:04:56 : Player #0 Bolter - GUID: e8f5735790cf4f62671dfdce3a1e973b (unverified)
﻿23:04:56 : Verified GUID (e8f5735790cf4f62671dfdce3a1e973b) of player #0 Bolter
﻿23:04:56 : Player #0 Bolter - Legacy GUID: 8db1f0e0d6922af8f4e536d5ef737a4d
﻿23:30:00 : RCon admin #0: (Global) This server will restart in 30 minutes
﻿23:45:00 : RCon admin #0: (Global) This server will restart in 15 minutes
﻿23:55:00 : RCon admin #0: (Global) This server will restart in 5 minute, log out now to prevent item loss!
﻿23:59:00 : RCon admin #0: (Global) This server will restart in 1 minute, Log out now!
