BattlEye for A2
D:C:\Program Files (x86)
D:C:\Program Files (x86)\Steam
D:C:\Program Files (x86)\Steam\steamapps
D:C:\Program Files (x86)\Steam\steamapps\common
D:C:\Program Files (x86)\Steam\steamapps\common\Arma 2
D:C:\Program Files (x86)\Steam\steamapps\common\Arma 2\BattlEye
F:C:\Program Files (x86)\Steam\steamapps\common\Arma 2\BattlEye\BEClient.dll
F:C:\Program Files (x86)\Steam\steamapps\common\Arma 2\BattlEye\BEServer.dll
F:C:\Program Files (x86)\Steam\steamapps\common\Arma 2\BattlEye\UninstallBE.csv
F:C:\Program Files (x86)\Steam\steamapps\common\Arma 2\BattlEye\UnInstallBE.exe
D:C:\Users
D:C:\Users\Administrator
D:C:\Users\Administrator\AppData
D:C:\Users\Administrator\AppData\Roaming
D:C:\Users\Administrator\AppData\Roaming\Microsoft
D:C:\Users\Administrator\AppData\Roaming\Microsoft\Windows
D:C:\Users\Administrator\AppData\Roaming\Microsoft\Windows\Start Menu
D:C:\Users\Administrator\AppData\Roaming\Microsoft\Windows\Start Menu\Programs
D:C:\Users\Administrator\AppData\Roaming\Microsoft\Windows\Start Menu\Programs\Bohemia Interactive
D:C:\Users\Administrator\AppData\Roaming\Microsoft\Windows\Start Menu\Programs\Bohemia Interactive\ArmA 2
D:C:\Users\Administrator\AppData\Roaming\Microsoft\Windows\Start Menu\Programs\Bohemia Interactive\ArmA 2\BattlEye
F:C:\Users\Administrator\AppData\Roaming\Microsoft\Windows\Start Menu\Programs\Bohemia Interactive\ArmA 2\BattlEye\Uninstall BattlEye.lnk
K:Software\Microsoft\Windows\CurrentVersion\Uninstall\BattlEye for A2
K:Software\Bohemia Interactive\ArmA 2\BattlEye
F:C:\Program Files (x86)\Steam\steamapps\common\Arma 2\BattlEye\UnInstallBE.log
